84 -> 84
144 -> 144
66 -> 66
80 -> 80
81 -> 81
25 -> 25
60 -> 60
22 -> 22
240 -> 240
194 -> 194
127 -> 127
129 -> 129
26 -> 26
162 -> 162
239 -> 239
208 -> 208
68 -> 68
178 -> 178
13 -> 13
146 -> 146
70 -> 70
32 -> 32
143 -> 143
163 -> 163
203 -> 203
135 -> 135
91 -> 91
190 -> 190
48 -> 48
211 -> 211
89 -> 89
107 -> 107
79 -> 79
83 -> 83
106 -> 106
186 -> 186
191 -> 191
205 -> 205
35 -> 35
62 -> 62
177 -> 177
57 -> 57
59 -> 59
61 -> 61
69 -> 69
241 -> 241
38 -> 38
207 -> 207
133 -> 133
76 -> 76
202 -> 202
237 -> 237
166 -> 166
179 -> 179
116 -> 116
174 -> 174
82 -> 82
214 -> 214
126 -> 126
63 -> 63
56 -> 56
47 -> 47
115 -> 115
201 -> 201
29 -> 29
164 -> 164
90 -> 90
188 -> 188
77 -> 77
114 -> 114
215 -> 215
206 -> 206
103 -> 103
95 -> 95
123 -> 123
145 -> 145
210 -> 210
93 -> 93
37 -> 37
167 -> 167
14 -> 14
242 -> 242
74 -> 74
23 -> 23
153 -> 153
105 -> 105
193 -> 193
134 -> 134
72 -> 72
234 -> 234
78 -> 78
87 -> 87
130 -> 130
124 -> 124
176 -> 176
15 -> 15
28 -> 28
218 -> 218
187 -> 187
175 -> 175
31 -> 31
34 -> 34
88 -> 88
71 -> 71
64 -> 64
165 -> 165
233 -> 233
104 -> 104
154 -> 154
