13 -> 13
14 -> 14
15 -> 15
22 -> 22
23 -> 23
25 -> 25
26 -> 26
28 -> 28
29 -> 29
31 -> 31
32 -> 32
34 -> 34
35 -> 35
37 -> 37
38 -> 38
47 -> 47
48 -> 48
56 -> 56
57 -> 57
59 -> 59
60 -> 60
61 -> 61
62 -> 62
63 -> 63
64 -> 64
66 -> 66
68 -> 68
69 -> 69
70 -> 70
71 -> 71
72 -> 72
74 -> 74
76 -> 76
77 -> 77
78 -> 78
79 -> 79
80 -> 80
81 -> 81
82 -> 82
83 -> 83
84 -> 84
87 -> 87
88 -> 88
89 -> 89
90 -> 90
91 -> 91
93 -> 93
95 -> 95
103 -> 103
104 -> 104
105 -> 105
106 -> 106
107 -> 107
114 -> 114
115 -> 115
116 -> 116
123 -> 123
124 -> 124
126 -> 126
127 -> 127
129 -> 129
130 -> 130
133 -> 133
134 -> 134
135 -> 135
143 -> 143
144 -> 144
145 -> 145
146 -> 146
153 -> 153
154 -> 154
162 -> 162
163 -> 163
164 -> 164
165 -> 165
166 -> 166
167 -> 167
174 -> 174
175 -> 175
176 -> 176
177 -> 177
178 -> 178
179 -> 179
186 -> 186
187 -> 187
188 -> 188
190 -> 190
191 -> 191
193 -> 193
194 -> 194
201 -> 201
202 -> 202
203 -> 203
205 -> 205
206 -> 206
207 -> 207
208 -> 208
210 -> 210
211 -> 211
214 -> 214
215 -> 215
218 -> 218
233 -> 233
234 -> 234
237 -> 237
239 -> 239
240 -> 240
241 -> 241
242 -> 242
