Breakpoint Set at 4:1
Breakpoint Set at 9:1
Breakpoint Set at 52:1
Breakpoint Set at 47:1
Breakpoint Set at 80:9
Breakpoint Set at 25:1
Breakpoint Set at 60:1
Breakpoint Set at 58:1
Paused at 4:1
	Hit Breakpoint(s) 
	Call Stack:  
	Bindings: 
Paused at 9:1
	Hit Breakpoint(s) 
	Call Stack:  
	Bindings: 
Paused at 25:1
	Hit Breakpoint(s) 
	Call Stack:  
	Bindings: 
Paused at 26:1
	Call Stack:  
	Bindings: 
Paused at 27:1
	Call Stack:  
	Bindings: 
Paused at 47:1
	Hit Breakpoint(s) 
	Call Stack:  
	Bindings: 
Paused at 52:1
	Hit Breakpoint(s) 
	Call Stack:  
	Bindings: 
Paused at 53:1
	Call Stack:  
	Bindings: 
Paused at 54:1
	Call Stack:  
	Bindings: 
