request breakpoint   0 at line  28
                   set at line  28
request breakpoint   1 at line  34
                   set at line  35
request breakpoint   2 at line  48
                   set at line  48
request breakpoint   3 at line  50
                   set at line  50
request breakpoint   4 at line  67
                   set at line  68
request breakpoint   5 at line  71
                   set at line  72
request breakpoint   6 at line  77
                   set at line  77
request breakpoint   7 at line  87
                   set at line  88
request breakpoint   8 at line 101
                   set at line 101
request breakpoint   9 at line 103
                   set at line 103
request breakpoint  10 at line 109
                   set at line 109
request breakpoint  11 at line 111
                   set at line 111
request breakpoint  12 at line 112
                   set at line 112
request breakpoint  13 at line 117
                   set at line 117
request breakpoint  14 at line 129
                   set at line 129
request breakpoint  15 at line 140
                   set at line 140
request breakpoint  16 at line 145
                   set at line 145
request breakpoint  17 at line 146
                   set at line 147
request breakpoint  18 at line 154
                   set at line 154
request breakpoint  19 at line 159
                   set at line 159
request breakpoint  20 at line 187
                   set at line 187
request breakpoint  21 at line 194
                   set at line 194
request breakpoint  22 at line 202
                   set at line 202
request breakpoint  23 at line 208
                   set at line 208
request breakpoint  24 at line 209
                   set at line 209
request breakpoint  25 at line 217
                   set at line 217
request breakpoint  26 at line 223
                   set at line 224
request breakpoint  27 at line 231
                   set at line 231
request breakpoint  28 at line 237
                   set at line 237
request breakpoint  29 at line 246
                   set at line 246
request breakpoint  30 at line 262
                   set at line 262
request breakpoint  31 at line 264
                   set at line 264
request breakpoint  32 at line 270
                   set at line 270
request breakpoint  33 at line 279
                   set at line 280
request breakpoint  34 at line 281
                   set at line 281
request breakpoint  35 at line 304
                   set at line 304
request breakpoint  36 at line 313
                   set at line 313
request breakpoint  37 at line 317
                   set at line 317
request breakpoint  38 at line 318
                   set at line 318
request breakpoint  39 at line 325
                   set at line 327
request breakpoint  40 at line 333
                   set at line 333
request breakpoint  41 at line 340
                   set at line 340
request breakpoint  42 at line 342
                   set at line 342
request breakpoint  43 at line 343
                   set at line 343
request breakpoint  44 at line 346
                   set at line 346
request breakpoint  45 at line 348
                   set at line 348
request breakpoint  46 at line 356
                   set at line 356
request breakpoint  47 at line 366
                   set at line 368
request breakpoint  48 at line 370
                   set at line 371
request breakpoint  49 at line 372
                   set at line 372
request breakpoint  50 at line 384
                   set at line 384
request breakpoint  51 at line 390
                   set at line 391
request breakpoint  52 at line 398
                   set at line 398
request breakpoint  53 at line 399
                   set at line 399
request breakpoint  54 at line 415
                   set at line 415
request breakpoint  55 at line 417
                   set at line 417
request breakpoint  56 at line 427
                   set at line 429
request breakpoint  57 at line 435
                   set at line 437
request breakpoint  58 at line 438
                   set at line 438
request breakpoint  59 at line 447
                   set at line 448
request breakpoint  60 at line 467
                   set at line 476
paused at line 340
	because of breakpoints [41]
action: stepIn
paused at line 341
action: stepIn
paused at line 342
action: stepOver
paused at line  28
action: stepOver
paused at line 343
action: resume
paused at line  28
	because of breakpoints [0]
action: stepIn
paused at line 344
action: resume
paused at line  28
	because of breakpoints [0]
action: stepOver
paused at line 345
action: resume
paused at line  28
	because of breakpoints [0]
action: stepIn
paused at line 346
action: resume
paused at line  28
	because of breakpoints [0]
action: stepIn
paused at line 347
action: stepOver
paused at line  28
action: resume
paused at line 348
	because of breakpoints [45]
action: resume
paused at line  28
	because of breakpoints [0]
action: resume
paused at line  28
	because of breakpoints [0]
action: resume
paused at line  72
	because of breakpoints [5]
action: resume
paused at line  72
	because of breakpoints [5]
action: stepIn
paused at line  73
action: stepIn
paused at line 137
action: stepOver
paused at line  88
action: stepIn
paused at line  92
action: resume
paused at line 147
	because of breakpoints [17]
action: stepOver
paused at line 148
action: stepIn
paused at line 149
action: stepOver
paused at line 150
action: stepOver
paused at line 151
action: stepIn
paused at line 153
action: resume
paused at line 154
	because of breakpoints [18]
action: resume
paused at line  35
	because of breakpoints [1]
action: stepIn
paused at line  36
action: resume
paused at line 159
	because of breakpoints [19]
action: stepOver
paused at line 160
action: resume
paused at line 356
	because of breakpoints [46]
action: stepOver
paused at line  72
action: stepOver
paused at line  73
action: resume
paused at line  72
	because of breakpoints [5]
action: resume
paused at line  88
	because of breakpoints [7]
action: stepIn
paused at line  92
action: resume
paused at line 147
	because of breakpoints [17]
action: resume
paused at line 154
	because of breakpoints [18]
action: resume
paused at line  35
	because of breakpoints [1]
action: stepIn
paused at line  36
action: stepIn
paused at line  96
action: stepOver
paused at line  97
action: resume
paused at line 159
	because of breakpoints [19]
action: stepIn
paused at line 160
action: stepOver
paused at line 161
action: stepOver
paused at line 162
action: resume
paused at line  72
	because of breakpoints [5]
action: stepOver
paused at line  73
action: stepIn
paused at line 136
action: stepOver
paused at line  72
action: stepIn
paused at line  73
action: resume
paused at line  88
	because of breakpoints [7]
action: stepIn
paused at line  92
action: stepOver
paused at line 138
action: stepOver
paused at line 144
action: resume
paused at line 147
	because of breakpoints [17]
action: stepOver
paused at line 148
action: stepOver
paused at line 149
action: resume
paused at line 154
	because of breakpoints [18]
action: stepOver
paused at line 155
action: resume
paused at line  35
	because of breakpoints [1]
action: stepOver
paused at line  36
action: stepIn
paused at line  96
action: resume
paused at line 159
	because of breakpoints [19]
action: stepOver
paused at line 160
action: stepIn
paused at line 161
action: resume
paused at line  72
	because of breakpoints [5]
action: stepIn
paused at line  73
action: resume
paused at line  72
	because of breakpoints [5]
action: stepIn
paused at line  73
action: stepIn
paused at line 137
action: resume
paused at line  88
	because of breakpoints [7]
action: stepIn
paused at line  92
action: resume
paused at line 147
	because of breakpoints [17]
action: resume
paused at line 154
	because of breakpoints [18]
action: stepOver
paused at line 155
action: stepOver
paused at line  35
action: stepOver
paused at line  36
action: stepOver
paused at line  96
action: stepIn
paused at line  97
action: resume
paused at line 159
	because of breakpoints [19]
action: resume
paused at line  72
	because of breakpoints [5]
action: resume
paused at line  72
	because of breakpoints [5]
action: stepIn
paused at line  73
action: resume
paused at line  88
	because of breakpoints [7]
action: resume
paused at line 140
	because of breakpoints [15]
action: stepIn
paused at line 148
action: stepOver
paused at line 149
action: stepOver
paused at line 150
action: stepOver
paused at line 151
action: stepIn
paused at line 153
action: stepOver
paused at line 154
action: stepIn
paused at line 155
action: stepOver
paused at line  35
action: resume
paused at line 159
	because of breakpoints [19]
action: stepOver
paused at line 160
action: resume
paused at line  72
	because of breakpoints [5]
action: stepIn
paused at line  73
action: stepOver
paused at line 136
action: resume
paused at line  72
	because of breakpoints [5]
action: resume
paused at line  88
	because of breakpoints [7]
action: stepOver
paused at line  92
action: resume
paused at line 140
	because of breakpoints [15]
action: stepOver
paused at line 148
action: stepOver
paused at line 149
action: stepIn
paused at line 150
action: resume
paused at line 154
	because of breakpoints [18]
action: resume
paused at line  35
	because of breakpoints [1]
action: stepIn
paused at line  36
action: stepOver
paused at line  96
action: stepIn
paused at line  97
action: resume
paused at line 159
	because of breakpoints [19]
action: stepOver
paused at line 160
action: stepIn
paused at line 161
action: stepOver
paused at line 162
action: resume
paused at line 368
	because of breakpoints [47]
action: stepIn
paused at line 135
action: stepIn
paused at line  72
action: stepOver
paused at line  73
action: resume
paused at line  72
	because of breakpoints [5]
action: stepOver
paused at line  73
action: stepOver
paused at line 137
action: stepIn
paused at line  88
action: stepOver
paused at line  92
action: stepOver
paused at line 138
action: resume
paused at line 140
	because of breakpoints [15]
action: stepOver
paused at line 148
action: stepOver
paused at line 149
action: stepOver
paused at line 150
action: stepIn
paused at line 151
action: stepOver
paused at line 153
action: stepOver
paused at line 154
action: stepIn
paused at line 155
action: stepOver
paused at line  35
action: resume
paused at line 159
	because of breakpoints [19]
action: stepIn
paused at line 160
action: stepOver
paused at line 161
action: resume
paused at line  72
	because of breakpoints [5]
action: resume
paused at line  72
	because of breakpoints [5]
action: stepOver
paused at line  73
action: stepOver
paused at line 137
action: resume
paused at line  88
	because of breakpoints [7]
action: stepOver
paused at line  92
action: stepOver
paused at line 138
action: stepIn
paused at line 139
action: resume
paused at line 140
	because of breakpoints [15]
action: stepOver
paused at line 148
action: resume
paused at line 154
	because of breakpoints [18]
action: resume
paused at line  35
	because of breakpoints [1]
action: resume
paused at line 159
	because of breakpoints [19]
action: resume
paused at line 371
	because of breakpoints [48]
action: stepIn
paused at line 135
action: stepIn
paused at line  72
action: stepOver
paused at line  73
action: stepOver
paused at line 136
action: stepOver
paused at line  72
action: resume
paused at line  88
	because of breakpoints [7]
action: stepIn
paused at line  92
action: stepOver
paused at line 138
action: resume
paused at line 145
	because of breakpoints [16]
action: resume
paused at line 154
	because of breakpoints [18]
action: resume
paused at line  35
	because of breakpoints [1]
action: stepOver
paused at line  36
action: resume
paused at line 159
	because of breakpoints [19]
action: stepIn
paused at line 160
action: resume
paused at line 372
	because of breakpoints [49]
action: stepOver
paused at line  72
action: stepIn
paused at line  73
action: stepOver
paused at line 136
action: stepOver
paused at line  72
action: resume
paused at line  88
	because of breakpoints [7]
action: stepOver
paused at line  92
action: stepOver
paused at line 138
action: stepOver
paused at line 144
action: resume
paused at line 145
	because of breakpoints [16]
action: resume
paused at line 154
	because of breakpoints [18]
action: stepOver
paused at line 155
action: resume
paused at line  35
	because of breakpoints [1]
action: stepOver
paused at line  36
action: resume
paused at line 159
	because of breakpoints [19]
action: resume
paused at line  72
	because of breakpoints [5]
action: stepOver
paused at line  73
action: resume
paused at line  72
	because of breakpoints [5]
action: stepIn
paused at line  73
action: stepOver
paused at line 137
action: resume
paused at line  88
	because of breakpoints [7]
action: stepIn
paused at line  92
action: stepIn
paused at line 138
action: resume
paused at line 145
	because of breakpoints [16]
action: resume
paused at line 154
	because of breakpoints [18]
action: stepOver
paused at line 155
action: stepIn
paused at line  95
action: stepOver
paused at line  35
action: stepIn
paused at line  36
action: stepIn
paused at line  96
action: resume
paused at line 159
	because of breakpoints [19]
action: stepOver
paused at line 160
action: stepOver
paused at line 161
action: resume
paused at line  72
	because of breakpoints [5]
action: stepOver
paused at line  73
action: stepIn
paused at line 136
action: stepOver
paused at line  72
action: stepOver
paused at line  73
action: stepOver
paused at line 137
action: stepOver
paused at line  88
action: resume
paused at line 145
	because of breakpoints [16]
action: stepOver
paused at line 148
action: resume
paused at line 154
	because of breakpoints [18]
action: stepOver
paused at line 155
action: resume
paused at line  35
	because of breakpoints [1]
action: resume
paused at line 159
	because of breakpoints [19]
action: stepOver
paused at line 160
action: stepIn
paused at line 161
action: stepIn
paused at line 162
action: resume
paused at line  28
	because of breakpoints [0]
action: stepIn
paused at line 379
action: stepIn
paused at line  27
action: stepOver
paused at line  28
action: stepOver
paused at line 380
action: stepIn
paused at line 381
action: stepIn
paused at line 395
action: stepIn
paused at line  27
action: stepIn
paused at line  28
action: stepIn
paused at line 396
action: resume
paused at line  28
	because of breakpoints [0]
action: stepIn
paused at line 397
action: resume
paused at line  28
	because of breakpoints [0]
action: stepIn
paused at line 398
action: resume
paused at line  28
	because of breakpoints [0]
action: stepOver
paused at line 399
action: stepIn
paused at line 135
action: stepIn
paused at line  72
action: stepOver
paused at line  73
action: stepOver
paused at line 136
action: stepOver
paused at line  72
action: resume
paused at line  88
	because of breakpoints [7]
action: stepIn
paused at line  92
action: resume
paused at line 145
	because of breakpoints [16]
action: resume
paused at line 154
	because of breakpoints [18]
action: stepIn
done with actions
