0 -> 4
1 -> 4
2 -> 4
3 -> 4
4 -> 4
5 -> 5
6 -> 6
7 -> 18
8 -> 9
9 -> 9
10 -> 10
11 -> 11
12 -> 12
13 -> 13
14 -> 14
15 -> 15
16 -> 16
17 -> 18
18 -> 18
19 -> 19
20 -> 20
21 -> 21
22 -> 22
23 -> 23
24 -> 94
25 -> 26
26 -> 26
27 -> 35
28 -> 35
29 -> 35
30 -> 35
31 -> 35
32 -> 35
33 -> 35
34 -> 35
35 -> 35
36 -> 94
37 -> 38
38 -> 38
39 -> 47
40 -> 47
41 -> 47
42 -> 47
43 -> 47
44 -> 47
45 -> 47
46 -> 47
47 -> 47
48 -> 94
49 -> 50
50 -> 50
51 -> 59
52 -> 59
53 -> 59
54 -> 59
55 -> 59
56 -> 59
57 -> 59
58 -> 59
59 -> 59
60 -> 94
61 -> 62
62 -> 62
63 -> 71
64 -> 71
65 -> 71
66 -> 71
67 -> 71
68 -> 71
69 -> 71
70 -> 71
71 -> 71
72 -> 94
73 -> 74
74 -> 74
75 -> 75
76 -> 94
77 -> 94
78 -> 79
79 -> 79
80 -> 80
81 -> 81
82 -> 82
83 -> 83
84 -> 84
85 -> 85
86 -> 86
87 -> 87
88 -> 88
89 -> 89
90 -> 91
91 -> 91
92 -> 92
93 -> 94
94 -> 94
95 -> 96
96 -> 96
97 -> 98
98 -> 98
99 -> 99
100 -> 100
101 -> 101
102 -> 102
103 -> 103
104 -> 104
105 -> 106
106 -> 106
107 -> 107
108 -> 109
109 -> 109
110 -> 110
111 -> 111
112 -> 113
113 -> 113
114 -> 114
115 -> 115
116 -> 119
117 -> 119
118 -> 119
119 -> 119
120 -> 120
121 -> 121
122 -> 122
123 -> 123
124 -> 125
125 -> 125
126 -> 127
127 -> 127
128 -> 129
129 -> 129
130 -> 130
131 -> 132
132 -> 132
133 -> 133
134 -> 135
135 -> 135
136 -> 140
137 -> 140
138 -> 140
139 -> 140
140 -> 140
141 -> 141
142 -> 142
143 -> 143
144 -> 144
145 -> 146
146 -> 146
147 -> 147
148 -> 150
149 -> 150
150 -> 150
151 -> 151
152 -> 153
153 -> 153
154 -> 155
155 -> 155
156 -> 156
157 -> 157
158 -> 160
159 -> 160
160 -> 160
161 -> 162
162 -> 162
163 -> 163
164 -> 164
165 -> 166
166 -> 166
167 -> 167
168 -> 170
169 -> 170
170 -> 170
171 -> 171
172 -> 172
173 -> 173
174 -> 4
