119 -> 119
153 -> 153
58 -> 59
30 -> 35
70 -> 71
19 -> 19
131 -> 132
14 -> 14
144 -> 144
129 -> 129
25 -> 26
82 -> 82
99 -> 99
95 -> 96
173 -> 173
51 -> 59
44 -> 47
102 -> 102
7 -> 18
64 -> 71
114 -> 114
48 -> 94
81 -> 81
41 -> 47
24 -> 94
149 -> 150
55 -> 59
141 -> 141
88 -> 88
152 -> 153
52 -> 59
67 -> 71
128 -> 129
154 -> 155
151 -> 151
23 -> 23
117 -> 119
42 -> 47
121 -> 121
1 -> 4
134 -> 135
65 -> 71
135 -> 135
127 -> 127
116 -> 119
90 -> 91
38 -> 38
126 -> 127
112 -> 113
165 -> 166
61 -> 62
130 -> 130
174 -> 4
3 -> 4
94 -> 94
72 -> 94
28 -> 35
146 -> 146
118 -> 119
5 -> 5
4 -> 4
172 -> 172
109 -> 109
18 -> 18
87 -> 87
21 -> 21
157 -> 157
69 -> 71
74 -> 74
45 -> 47
104 -> 104
86 -> 86
93 -> 94
160 -> 160
164 -> 164
76 -> 94
63 -> 71
22 -> 22
155 -> 155
43 -> 47
6 -> 6
138 -> 140
53 -> 59
124 -> 125
156 -> 156
84 -> 84
92 -> 92
150 -> 150
168 -> 170
133 -> 133
15 -> 15
10 -> 10
47 -> 47
62 -> 62
125 -> 125
73 -> 74
137 -> 140
8 -> 9
143 -> 143
75 -> 75
100 -> 100
33 -> 35
40 -> 47
162 -> 162
142 -> 142
71 -> 71
97 -> 98
106 -> 106
108 -> 109
57 -> 59
161 -> 162
107 -> 107
59 -> 59
91 -> 91
163 -> 163
145 -> 146
89 -> 89
96 -> 96
159 -> 160
35 -> 35
46 -> 47
54 -> 59
171 -> 171
105 -> 106
49 -> 50
17 -> 18
83 -> 83
147 -> 147
167 -> 167
80 -> 80
77 -> 94
85 -> 85
101 -> 101
29 -> 35
9 -> 9
140 -> 140
12 -> 12
13 -> 13
56 -> 59
110 -> 110
36 -> 94
123 -> 123
39 -> 47
103 -> 103
98 -> 98
60 -> 94
139 -> 140
120 -> 120
122 -> 122
27 -> 35
32 -> 35
170 -> 170
169 -> 170
111 -> 111
0 -> 4
66 -> 71
79 -> 79
37 -> 38
132 -> 132
16 -> 16
68 -> 71
2 -> 4
148 -> 150
166 -> 166
20 -> 20
34 -> 35
26 -> 26
158 -> 160
50 -> 50
31 -> 35
113 -> 113
78 -> 79
136 -> 140
11 -> 11
115 -> 115
