79 -> 79
72 -> 94
23 -> 23
99 -> 99
19 -> 19
78 -> 79
115 -> 115
126 -> 127
68 -> 71
20 -> 20
37 -> 38
2 -> 4
49 -> 50
24 -> 94
56 -> 59
66 -> 71
62 -> 62
135 -> 135
148 -> 150
125 -> 125
149 -> 150
141 -> 141
82 -> 82
140 -> 140
142 -> 142
170 -> 170
110 -> 110
74 -> 74
129 -> 129
84 -> 84
138 -> 140
46 -> 47
43 -> 47
85 -> 85
163 -> 163
8 -> 9
21 -> 21
114 -> 114
161 -> 162
48 -> 94
167 -> 167
3 -> 4
120 -> 120
6 -> 6
130 -> 130
150 -> 150
137 -> 140
121 -> 121
55 -> 59
83 -> 83
153 -> 153
26 -> 26
105 -> 106
16 -> 16
63 -> 71
53 -> 59
96 -> 96
168 -> 170
52 -> 59
156 -> 156
159 -> 160
157 -> 157
10 -> 10
33 -> 35
73 -> 74
136 -> 140
0 -> 4
152 -> 153
22 -> 22
119 -> 119
7 -> 18
127 -> 127
132 -> 132
41 -> 47
164 -> 164
143 -> 143
104 -> 104
109 -> 109
64 -> 71
113 -> 113
93 -> 94
111 -> 111
103 -> 103
171 -> 171
162 -> 162
38 -> 38
76 -> 94
