134 -> 135
89 -> 89
51 -> 59
59 -> 59
47 -> 47
9 -> 9
92 -> 92
163 -> 163
71 -> 71
8 -> 9
45 -> 47
60 -> 94
148 -> 150
138 -> 140
66 -> 71
80 -> 80
10 -> 10
133 -> 133
0 -> 4
96 -> 96
11 -> 11
54 -> 59
129 -> 129
168 -> 170
167 -> 167
42 -> 47
4 -> 4
94 -> 94
56 -> 59
159 -> 160
127 -> 127
149 -> 150
114 -> 114
33 -> 35
135 -> 135
136 -> 140
77 -> 94
1 -> 4
52 -> 59
38 -> 38
43 -> 47
35 -> 35
12 -> 12
82 -> 82
93 -> 94
68 -> 71
140 -> 140
46 -> 47
75 -> 75
27 -> 35
81 -> 81
39 -> 47
21 -> 21
53 -> 59
154 -> 155
142 -> 142
144 -> 144
145 -> 146
74 -> 74
14 -> 14
143 -> 143
37 -> 38
3 -> 4
107 -> 107
128 -> 129
15 -> 15
26 -> 26
120 -> 120
83 -> 83
156 -> 156
171 -> 171
90 -> 91
88 -> 88
62 -> 62
137 -> 140
115 -> 115
99 -> 99
5 -> 5
157 -> 157
98 -> 98
118 -> 119
170 -> 170
116 -> 119
169 -> 170
73 -> 74
50 -> 50
112 -> 113
153 -> 153
84 -> 84
28 -> 35
124 -> 125
18 -> 18
13 -> 13
63 -> 71
121 -> 121
106 -> 106
119 -> 119
7 -> 18
155 -> 155
111 -> 111
132 -> 132
122 -> 122
152 -> 153
57 -> 59
2 -> 4
164 -> 164
44 -> 47
108 -> 109
78 -> 79
41 -> 47
67 -> 71
158 -> 160
151 -> 151
97 -> 98
55 -> 59
105 -> 106
30 -> 35
32 -> 35
150 -> 150
102 -> 102
72 -> 94
101 -> 101
31 -> 35
69 -> 71
6 -> 6
87 -> 87
22 -> 22
139 -> 140
70 -> 71
100 -> 100
109 -> 109
162 -> 162
16 -> 16
113 -> 113
141 -> 141
110 -> 110
64 -> 71
130 -> 130
126 -> 127
160 -> 160
36 -> 94
91 -> 91
17 -> 18
76 -> 94
20 -> 20
25 -> 26
125 -> 125
65 -> 71
103 -> 103
104 -> 104
23 -> 23
86 -> 86
58 -> 59
174 -> 4
146 -> 146
147 -> 147
165 -> 166
61 -> 62
123 -> 123
95 -> 96
172 -> 172
34 -> 35
79 -> 79
29 -> 35
49 -> 50
161 -> 162
40 -> 47
166 -> 166
19 -> 19
131 -> 132
173 -> 173
24 -> 94
117 -> 119
48 -> 94
85 -> 85
