171 -> 171
38 -> 38
19 -> 19
150 -> 150
20 -> 20
141 -> 141
142 -> 142
135 -> 135
52 -> 59
143 -> 143
48 -> 94
137 -> 140
33 -> 35
41 -> 47
129 -> 129
24 -> 94
82 -> 82
3 -> 4
113 -> 113
66 -> 71
49 -> 50
68 -> 71
8 -> 9
103 -> 103
78 -> 79
140 -> 140
104 -> 104
6 -> 6
119 -> 119
53 -> 59
96 -> 96
111 -> 111
21 -> 21
46 -> 47
152 -> 153
114 -> 114
138 -> 140
62 -> 62
56 -> 59
23 -> 23
109 -> 109
37 -> 38
148 -> 150
2 -> 4
162 -> 162
0 -> 4
73 -> 74
84 -> 84
170 -> 170
159 -> 160
120 -> 120
164 -> 164
110 -> 110
156 -> 156
85 -> 85
132 -> 132
43 -> 47
126 -> 127
22 -> 22
161 -> 162
127 -> 127
99 -> 99
83 -> 83
105 -> 106
163 -> 163
55 -> 59
130 -> 130
168 -> 170
149 -> 150
167 -> 167
136 -> 140
79 -> 79
153 -> 153
16 -> 16
76 -> 94
63 -> 71
7 -> 18
74 -> 74
10 -> 10
64 -> 71
72 -> 94
125 -> 125
121 -> 121
26 -> 26
115 -> 115
157 -> 157
93 -> 94
