93 -> 94
152 -> 153
109 -> 109
10 -> 10
0 -> 4
24 -> 94
110 -> 110
142 -> 142
74 -> 74
7 -> 18
121 -> 121
20 -> 20
132 -> 132
162 -> 162
37 -> 38
23 -> 23
66 -> 71
149 -> 150
26 -> 26
49 -> 50
137 -> 140
62 -> 62
21 -> 21
141 -> 141
46 -> 47
84 -> 84
83 -> 83
168 -> 170
99 -> 99
153 -> 153
56 -> 59
63 -> 71
76 -> 94
136 -> 140
119 -> 119
72 -> 94
41 -> 47
140 -> 140
6 -> 6
163 -> 163
3 -> 4
161 -> 162
19 -> 19
111 -> 111
22 -> 22
130 -> 130
78 -> 79
170 -> 170
73 -> 74
16 -> 16
164 -> 164
120 -> 120
125 -> 125
114 -> 114
156 -> 156
43 -> 47
82 -> 82
64 -> 71
157 -> 157
138 -> 140
115 -> 115
148 -> 150
127 -> 127
38 -> 38
68 -> 71
103 -> 103
167 -> 167
53 -> 59
129 -> 129
96 -> 96
126 -> 127
113 -> 113
2 -> 4
135 -> 135
171 -> 171
52 -> 59
143 -> 143
79 -> 79
55 -> 59
48 -> 94
33 -> 35
104 -> 104
150 -> 150
8 -> 9
105 -> 106
159 -> 160
85 -> 85
