Breakpoint Set at 1
Breakpoint Set at 2
Breakpoint Set at 5
Breakpoint Set at 3
Breakpoint Set at 6
Breakpoint Set at 4
Paused at 1
	Hit Breakpoint(s) 
	Call Stack:  
	Bindings: 
Paused at 2
	Hit Breakpoint(s) 
	Call Stack:  
	Bindings: 
Paused at 3
	Hit Breakpoint(s) 
	Call Stack: f 
	Bindings: f: null
		x: undefined
Paused at 4
	Call Stack: f 
	Bindings: f: null
		x: number = 5
Paused at 5
	Call Stack: f 
	Bindings: f: null
		x: number = 5
Paused at 5
	Hit Breakpoint(s) 
	Call Stack: f 
	Bindings: f: null
		x: number = 5
Paused at 6
	Hit Breakpoint(s) 
	Call Stack: f 
	Bindings: f: null
		x: number = 5
Paused at 6
	Call Stack: f 
	Bindings: f: null
		x: number = 5
Paused at 2
	Call Stack:  
	Bindings: 
Paused at 6
	Hit Breakpoint(s) 
	Call Stack:  
	Bindings: 
