Breakpoint Set at 3
Breakpoint Set at 3
Breakpoint Set at 6
Breakpoint Set at 8
Breakpoint Set at 4
Breakpoint Set at 6
Breakpoint Set at 7
Paused at 8
	Hit Breakpoint(s) 
	Call Stack:  
	Bindings: 
Paused at 3
	Hit Breakpoint(s) 
	Call Stack: f 
	Bindings: a: number = 1
		b: number = 2
		i: undefined
		x: undefined
Paused at 4
	Hit Breakpoint(s) 
	Call Stack: f 
	Bindings: a: number = 1
		b: number = 2
		i: number = 0
		x: undefined
Paused at 3
	Call Stack: f 
	Bindings: a: number = 1
		b: number = 2
		i: number = 0
		x: number = 
Paused at 3
	Call Stack: f 
	Bindings: a: number = 1
		b: number = 2
		i: number = 1
		x: number = 
Paused at 4
	Hit Breakpoint(s) 
	Call Stack: f 
	Bindings: a: number = 1
		b: number = 2
		i: number = 1
		x: number = 
Paused at 4
	Hit Breakpoint(s) 
	Call Stack: f 
	Bindings: a: number = 1
		b: number = 2
		i: number = 2
		x: number = 
Paused at 3
	Call Stack: f 
	Bindings: a: number = 1
		b: number = 2
		i: number = 2
		x: number = 
Paused at 3
	Call Stack: f 
	Bindings: a: number = 1
		b: number = 2
		i: number = 3
		x: number = 
Paused at 6
	Hit Breakpoint(s) 
	Call Stack: f 
	Bindings: a: number = 1
		b: number = 2
		i: number = 3
		x: number = 
Paused at 7
	Hit Breakpoint(s) 
	Call Stack: f 
	Bindings: a: number = 1
		b: number = 2
		i: number = 3
		x: number = 
Paused at 8
	Call Stack:  
	Bindings: 
