request breakpoint   0 at line   2
                   set at line   3
request breakpoint   1 at line   4
                   set at line   5
request breakpoint   2 at line  21
                   set at line  22
request breakpoint   3 at line  20
                   set at line  20
request breakpoint   4 at line  32
                   set at line  32
request breakpoint   5 at line  13
                   set at line  13
paused at line   3
	because of breakpoints [0]
action: stepIn
paused at line   5
	because of breakpoints [1]
action: stepIn
paused at line  18
action: stepOver
paused at line  20
	because of breakpoints [3]
action: stepOver
paused at line  20
action: resume
paused at line  22
	because of breakpoints [2]
action: stepIn
paused at line  22
action: stepOver
paused at line  23
action: stepOver
paused at line  13
	because of breakpoints [5]
action: resume
paused at line  13
	because of breakpoints [5]
action: stepIn
paused at line  12
action: stepOver
paused at line  12
action: stepIn
paused at line  13
	because of breakpoints [5]
action: stepOut
paused at line  13
	because of breakpoints [5]
action: resume
paused at line  13
	because of breakpoints [5]
action: resume
paused at line  13
	because of breakpoints [5]
action: resume
paused at line  13
	because of breakpoints [5]
action: resume
