request breakpoint   0 at line  13
                   set at line  14
request breakpoint   1 at line  30
                   set at line  30
request breakpoint   2 at line 201
                   set at line 201
request breakpoint   3 at line 180
                   set at line 180
request breakpoint   4 at line 311
                   set at line 311
request breakpoint   5 at line  86
                   set at line  86
request breakpoint   6 at line 229
                   set at line 229
request breakpoint   7 at line 219
                   set at line 219
request breakpoint   8 at line 292
                   set at line 292
request breakpoint   9 at line  58
                   set at line  59
request breakpoint  10 at line 240
                   set at line 240
request breakpoint  11 at line  42
                   set at line  43
request breakpoint  12 at line 135
                   set at line 135
request breakpoint  13 at line 260
                   set at line 260
request breakpoint  14 at line 314
                   set at line 314
request breakpoint  15 at line 331
                   set at line 331
request breakpoint  16 at line 294
                   set at line 294
request breakpoint  17 at line 322
                   set at line 322
request breakpoint  18 at line  23
                   set at line  23
request breakpoint  19 at line  59
                   set at line  59
request breakpoint  20 at line 215
                   set at line 215
request breakpoint  21 at line  69
                   set at line  69
request breakpoint  22 at line 301
                   set at line 301
request breakpoint  23 at line 151
                   set at line 151
request breakpoint  24 at line  25
                   set at line  25
request breakpoint  25 at line 148
                   set at line 148
request breakpoint  26 at line 144
                   set at line 144
request breakpoint  27 at line  74
                   set at line  74
request breakpoint  28 at line 266
                   set at line 266
request breakpoint  29 at line 289
                   set at line 289
request breakpoint  30 at line  99
                   set at line  99
request breakpoint  31 at line 270
                   set at line 270
request breakpoint  32 at line 233
                   set at line 233
request breakpoint  33 at line  11
                   set at line  11
request breakpoint  34 at line 187
                   set at line 187
request breakpoint  35 at line  27
                   set at line  28
request breakpoint  36 at line 324
                   set at line 324
request breakpoint  37 at line 259
                   set at line 259
request breakpoint  38 at line  95
                   set at line  95
request breakpoint  39 at line 303
                   set at line 303
request breakpoint  40 at line 245
                   set at line 247
request breakpoint  41 at line 298
                   set at line 298
request breakpoint  42 at line  28
                   set at line  28
request breakpoint  43 at line  57
                   set at line 117
request breakpoint  44 at line 196
                   set at line 227
request breakpoint  45 at line 279
                   set at line 279
request breakpoint  46 at line  88
                   set at line  88
request breakpoint  47 at line 228
                   set at line 228
request breakpoint  48 at line   7
                   set at line   7
request breakpoint  49 at line 261
                   set at line 261
request breakpoint  50 at line 157
                   set at line 157
request breakpoint  51 at line 115
                   set at line 115
request breakpoint  52 at line 185
                   set at line 185
request breakpoint  53 at line 100
                   set at line 100
request breakpoint  54 at line  46
                   set at line  47
request breakpoint  55 at line  96
                   set at line  96
request breakpoint  56 at line 243
                   set at line 243
request breakpoint  57 at line 197
                   set at line 198
request breakpoint  58 at line  50
                   set at line  51
request breakpoint  59 at line 207
                   set at line 207
request breakpoint  60 at line 182
                   set at line 182
request breakpoint  61 at line 247
                   set at line 247
request breakpoint  62 at line 179
                   set at line 179
request breakpoint  63 at line 312
                   set at line 314
request breakpoint  64 at line 206
                   set at line 206
request breakpoint  65 at line 101
                   set at line 101
request breakpoint  66 at line 293
                   set at line 293
paused at line 117
	because of breakpoints [43]
action: stepIn
paused at line 140
action: stepIn
paused at line 142
action: stepOver
paused at line 185
	because of breakpoints [52]
action: stepOver
paused at line 227
	because of breakpoints [44]
action: resume
paused at line 259
	because of breakpoints [37]
action: stepIn
paused at line   2
action: stepOver
paused at line   3
action: stepOver
paused at line 260
	because of breakpoints [13]
action: resume
paused at line 261
	because of breakpoints [49]
action: stepIn
paused at line   2
action: stepOver
paused at line   3
action: stepIn
paused at line 262
action: stepOut
paused at line 266
	because of breakpoints [28]
action: resume
paused at line  47
	because of breakpoints [54]
action: resume
paused at line  47
	because of breakpoints [54]
action: resume
paused at line  95
	because of breakpoints [38]
action: resume
paused at line  96
	because of breakpoints [55]
action: resume
paused at line  99
	because of breakpoints [30]
action: stepIn
paused at line 100
	because of breakpoints [53]
action: stepIn
paused at line 101
	because of breakpoints [65]
action: stepOver
paused at line 102
action: stepIn
paused at line 103
action: resume
paused at line  11
	because of breakpoints [33]
action: stepOut
paused at line  68
action: stepIn
paused at line  69
	because of breakpoints [21]
action: stepOut
paused at line 104
action: stepOut
paused at line 115
	because of breakpoints [51]
action: stepIn
paused at line 269
action: resume
paused at line  47
	because of breakpoints [54]
action: resume
paused at line  47
	because of breakpoints [54]
action: stepIn
paused at line  48
action: resume
paused at line  95
	because of breakpoints [38]
action: stepOver
paused at line  96
	because of breakpoints [55]
action: stepOver
paused at line  96
action: stepOver
paused at line  96
action: stepOut
paused at line  99
	because of breakpoints [30]
action: resume
paused at line 100
	because of breakpoints [53]
action: stepOver
paused at line 101
	because of breakpoints [65]
action: stepIn
paused at line 102
action: resume
paused at line  11
	because of breakpoints [33]
action: stepOver
paused at line  68
action: resume
paused at line  69
	because of breakpoints [21]
action: stepIn
paused at line 104
action: stepIn
paused at line 105
action: stepOver
paused at line 106
action: resume
paused at line 115
	because of breakpoints [51]
action: stepIn
paused at line 270
	because of breakpoints [31]
action: stepOver
paused at line  47
	because of breakpoints [54]
action: stepOver
paused at line  48
action: stepOver
paused at line  94
action: stepOut
paused at line  47
	because of breakpoints [54]
action: stepIn
paused at line  48
action: stepOut
paused at line  95
	because of breakpoints [38]
action: stepIn
paused at line  63
action: resume
paused at line  96
	because of breakpoints [55]
action: stepIn
paused at line  96
action: stepOver
paused at line  96
action: stepOut
paused at line  99
	because of breakpoints [30]
action: stepOver
paused at line 100
	because of breakpoints [53]
action: stepOver
paused at line 101
	because of breakpoints [65]
action: stepOut
paused at line  11
	because of breakpoints [33]
action: stepOver
paused at line  68
action: stepOut
paused at line  69
	because of breakpoints [21]
action: resume
paused at line 115
	because of breakpoints [51]
action: stepOver
paused at line 271
action: stepIn
paused at line  93
action: resume
paused at line  47
	because of breakpoints [54]
action: stepOut
paused at line  94
action: stepIn
paused at line  47
	because of breakpoints [54]
action: resume
paused at line  95
	because of breakpoints [38]
action: stepOut
paused at line  96
	because of breakpoints [55]
action: resume
paused at line  99
	because of breakpoints [30]
action: stepIn
paused at line 100
	because of breakpoints [53]
action: stepOut
paused at line 101
	because of breakpoints [65]
action: resume
paused at line  11
	because of breakpoints [33]
action: stepIn
paused at line  68
action: resume
paused at line  69
	because of breakpoints [21]
action: resume
paused at line 115
	because of breakpoints [51]
action: stepOver
paused at line 272
action: stepOver
paused at line  47
	because of breakpoints [54]
action: stepOut
paused at line  94
action: stepOver
paused at line  47
	because of breakpoints [54]
action: stepIn
paused at line  48
action: stepOver
paused at line  95
	because of breakpoints [38]
action: resume
paused at line  96
	because of breakpoints [55]
action: resume
paused at line  99
	because of breakpoints [30]
action: stepOut
paused at line 100
	because of breakpoints [53]
action: stepOver
paused at line 101
	because of breakpoints [65]
action: resume
paused at line  11
	because of breakpoints [33]
action: stepIn
paused at line  68
action: stepOut
paused at line  69
	because of breakpoints [21]
action: stepOut
paused at line 104
action: stepOut
paused at line 115
	because of breakpoints [51]
action: stepIn
paused at line 273
action: stepOut
paused at line  47
	because of breakpoints [54]
action: stepIn
paused at line  48
action: stepOver
paused at line  94
action: stepOver
paused at line  47
	because of breakpoints [54]
action: stepOver
paused at line  48
action: resume
paused at line  95
	because of breakpoints [38]
action: stepIn
paused at line  63
action: stepOut
paused at line  96
	because of breakpoints [55]
action: resume
paused at line  99
	because of breakpoints [30]
action: resume
paused at line 100
	because of breakpoints [53]
action: stepOver
paused at line 101
	because of breakpoints [65]
action: stepOver
paused at line 102
action: stepOut
paused at line  11
	because of breakpoints [33]
action: stepOut
paused at line  68
action: stepIn
paused at line  69
	because of breakpoints [21]
action: resume
paused at line 115
	because of breakpoints [51]
action: resume
paused at line  47
	because of breakpoints [54]
action: stepIn
paused at line  48
action: stepOver
paused at line  94
action: stepIn
paused at line  47
	because of breakpoints [54]
action: resume
paused at line  95
	because of breakpoints [38]
action: stepOver
paused at line  96
	because of breakpoints [55]
action: stepOut
paused at line  99
	because of breakpoints [30]
action: stepOut
paused at line 100
	because of breakpoints [53]
action: stepOver
paused at line 101
	because of breakpoints [65]
action: stepIn
paused at line 102
action: stepIn
paused at line 103
action: stepOver
paused at line  11
	because of breakpoints [33]
action: resume
paused at line  69
	because of breakpoints [21]
action: stepOver
paused at line 104
action: stepOut
paused at line 115
	because of breakpoints [51]
action: stepIn
paused at line 275
action: stepOut
paused at line  47
	because of breakpoints [54]
action: stepOut
paused at line  94
action: resume
paused at line  47
	because of breakpoints [54]
action: stepOver
paused at line  48
action: stepOver
paused at line  95
	because of breakpoints [38]
action: stepOver
paused at line  96
	because of breakpoints [55]
action: stepIn
paused at line  96
action: stepOut
paused at line  99
	because of breakpoints [30]
action: stepOver
paused at line 100
	because of breakpoints [53]
action: stepIn
paused at line 101
	because of breakpoints [65]
action: stepOver
paused at line 102
action: resume
paused at line  11
	because of breakpoints [33]
action: stepIn
paused at line  68
action: stepOver
paused at line  69
	because of breakpoints [21]
action: resume
paused at line 115
	because of breakpoints [51]
action: stepOver
paused at line 276
action: stepOver
paused at line  47
	because of breakpoints [54]
action: stepOver
paused at line  48
action: resume
paused at line  47
	because of breakpoints [54]
action: stepOver
paused at line  48
action: stepOver
paused at line  95
	because of breakpoints [38]
action: stepIn
paused at line  63
action: resume
paused at line  96
	because of breakpoints [55]
action: stepOver
paused at line  96
action: stepOver
paused at line  96
action: resume
paused at line  99
	because of breakpoints [30]
action: resume
paused at line 100
	because of breakpoints [53]
action: stepOver
paused at line 101
	because of breakpoints [65]
action: stepIn
paused at line 102
action: stepIn
paused at line 103
action: stepOver
paused at line  11
	because of breakpoints [33]
action: stepOver
paused at line  68
action: stepOver
paused at line  69
	because of breakpoints [21]
action: stepOver
paused at line 104
action: stepOut
paused at line 115
	because of breakpoints [51]
action: stepOver
paused at line 277
action: stepOver
paused at line  47
	because of breakpoints [54]
action: resume
paused at line  47
	because of breakpoints [54]
action: resume
paused at line  95
	because of breakpoints [38]
action: stepOver
paused at line  96
	because of breakpoints [55]
action: resume
paused at line  99
	because of breakpoints [30]
action: stepIn
