request breakpoint   0 at line   2
                   set at line   2
request breakpoint   1 at line   4
                   set at line   5
request breakpoint   2 at line  21
                   set at line  21
request breakpoint   3 at line  19
                   set at line  19
request breakpoint   4 at line  31
                   set at line  31
request breakpoint   5 at line  12
                   set at line  12
paused at line   2
	because of breakpoints [0]
action: stepIn
paused at line   5
	because of breakpoints [1]
action: stepIn
paused at line   8
action: stepOver
paused at line   2
	because of breakpoints [0]
action: stepOver
paused at line   5
	because of breakpoints [1]
action: resume
paused at line   2
	because of breakpoints [0]
action: stepIn
paused at line   5
	because of breakpoints [1]
action: stepOver
paused at line   8
action: stepOver
paused at line   2
	because of breakpoints [0]
action: resume
paused at line   5
	because of breakpoints [1]
action: stepIn
paused at line   6
action: stepOver
paused at line   2
	because of breakpoints [0]
action: stepIn
paused at line   5
	because of breakpoints [1]
action: stepOut
paused at line   2
	because of breakpoints [0]
action: resume
paused at line   5
	because of breakpoints [1]
action: resume
paused at line   2
	because of breakpoints [0]
action: resume
paused at line   5
	because of breakpoints [1]
action: resume
paused at line   2
	because of breakpoints [0]
action: resume
paused at line   5
	because of breakpoints [1]
action: stepIn
paused at line   6
action: stepIn
paused at line   2
	because of breakpoints [0]
action: stepOver
paused at line   3
action: stepIn
paused at line   9
action: resume
paused at line   2
	because of breakpoints [0]
action: stepOut
paused at line   9
action: stepIn
paused at line   9
action: stepOut
paused at line   8
action: stepOut
paused at line   2
	because of breakpoints [0]
action: stepIn
paused at line   5
	because of breakpoints [1]
action: resume
paused at line   2
	because of breakpoints [0]
action: resume
paused at line   5
	because of breakpoints [1]
action: stepIn
paused at line   8
action: resume
paused at line   2
	because of breakpoints [0]
action: stepOver
paused at line   5
	because of breakpoints [1]
action: stepOver
paused at line   8
action: stepOver
paused at line   2
	because of breakpoints [0]
action: stepOut
paused at line   5
	because of breakpoints [1]
action: resume
paused at line   2
	because of breakpoints [0]
action: stepOver
paused at line   3
action: stepIn
paused at line   9
action: resume
paused at line   2
	because of breakpoints [0]
action: stepOver
paused at line   3
action: resume
paused at line   2
	because of breakpoints [0]
action: stepIn
paused at line   3
action: stepIn
paused at line   9
action: stepOver
paused at line   9
action: resume
paused at line   2
	because of breakpoints [0]
action: stepIn
paused at line   3
action: stepOver
paused at line   9
action: stepOver
paused at line   9
action: stepOver
paused at line   9
action: stepOut
paused at line   9
action: stepIn
paused at line   8
action: stepOut
paused at line   2
	because of breakpoints [0]
action: stepIn
paused at line   5
	because of breakpoints [1]
action: resume
paused at line   2
	because of breakpoints [0]
action: stepIn
paused at line   5
	because of breakpoints [1]
action: stepOver
paused at line   8
action: stepOut
paused at line   2
	because of breakpoints [0]
action: stepOver
paused at line   5
	because of breakpoints [1]
action: stepOver
paused at line   8
action: stepOut
paused at line   2
	because of breakpoints [0]
action: stepOver
paused at line   5
	because of breakpoints [1]
action: stepOut
paused at line   2
	because of breakpoints [0]
action: resume
paused at line   5
	because of breakpoints [1]
action: stepOver
paused at line   8
action: stepIn
