request breakpoint   0 at line   6
                   set at line 136
request breakpoint   1 at line  14
                   set at line 136
request breakpoint   2 at line  88
                   set at line  88
request breakpoint   3 at line  79
                   set at line  80
request breakpoint   4 at line 135
                   set at line 136
request breakpoint   5 at line  40
                   set at line  40
request breakpoint   6 at line 101
                   set at line 102
request breakpoint   7 at line  97
                   set at line  98
request breakpoint   8 at line 128
                   set at line 128
request breakpoint   9 at line  30
                   set at line 136
request breakpoint  10 at line 106
                   set at line 106
request breakpoint  11 at line  24
                   set at line  24
request breakpoint  12 at line  63
                   set at line  63
request breakpoint  13 at line 115
                   set at line 116
request breakpoint  14 at line 137
                   set at line 138
request breakpoint  15 at line 144
                   set at line 144
request breakpoint  16 at line 129
                   set at line 129
request breakpoint  17 at line 140
                   set at line 142
request breakpoint  18 at line  20
                   set at line  20
request breakpoint  19 at line  35
                   set at line  36
request breakpoint  20 at line  98
                   set at line  98
request breakpoint  21 at line   1
                   set at line   1
request breakpoint  22 at line 132
                   set at line 133
request breakpoint  23 at line  74
                   set at line 136
request breakpoint  24 at line  25
                   set at line  25
request breakpoint  25 at line  73
                   set at line  73
request breakpoint  26 at line  72
                   set at line  72
request breakpoint  27 at line  45
                   set at line  45
request breakpoint  28 at line 119
                   set at line 119
paused at line   1
	because of breakpoints [21]
action: stepIn
paused at line   3
action: stepIn
paused at line   5
action: stepOver
paused at line 136
	because of breakpoints [0,1,4,9,23]
action: stepOver
paused at line 138
	because of breakpoints [14]
action: resume
paused at line 142
	because of breakpoints [17]
action: stepIn
paused at line   8
action: stepOver
paused at line 102
	because of breakpoints [6]
action: stepOver
paused at line 103
action: resume
paused at line 106
	because of breakpoints [10]
action: stepIn
paused at line   8
action: stepOver
paused at line  36
	because of breakpoints [19]
action: stepIn
paused at line  37
action: stepOut
paused at line  40
	because of breakpoints [5]
action: resume
paused at line  45
	because of breakpoints [27]
action: resume
paused at line  98
	because of breakpoints [7,20]
action: resume
paused at line  73
	because of breakpoints [25]
action: resume
paused at line  98
	because of breakpoints [7,20]
action: resume
paused at line  98
	because of breakpoints [7,20]
action: stepIn
paused at line  99
action: stepIn
paused at line  52
action: stepOver
paused at line  73
	because of breakpoints [25]
action: stepIn
paused at line  52
action: resume
paused at line  98
	because of breakpoints [7,20]
action: stepOut
paused at line  56
action: stepIn
paused at line  57
action: stepOut
paused at line  98
	because of breakpoints [7,20]
action: stepOut
paused at line  52
action: stepIn
paused at line  69
action: resume
paused at line  73
	because of breakpoints [25]
action: resume
paused at line  98
	because of breakpoints [7,20]
action: stepIn
paused at line  99
action: resume
paused at line  98
	because of breakpoints [7,20]
action: stepOver
paused at line  99
action: stepOver
paused at line  52
action: stepOver
paused at line  73
	because of breakpoints [25]
action: stepOut
paused at line  52
action: resume
paused at line  98
	because of breakpoints [7,20]
action: stepOver
paused at line  99
action: stepIn
paused at line  56
action: resume
paused at line  98
	because of breakpoints [7,20]
action: stepOver
paused at line  99
action: resume
paused at line  73
	because of breakpoints [25]
action: stepIn
paused at line  52
action: stepIn
paused at line  92
action: stepOver
paused at line  93
action: resume
paused at line  98
	because of breakpoints [7,20]
action: stepIn
paused at line  99
action: stepOver
paused at line  56
action: stepOver
paused at line  57
action: stepOver
paused at line  50
action: stepOut
paused at line  98
	because of breakpoints [7,20]
action: stepIn
paused at line  99
action: stepOut
paused at line  52
action: stepIn
paused at line  69
action: resume
paused at line  73
	because of breakpoints [25]
action: stepIn
paused at line  52
action: stepOver
paused at line  53
action: stepOut
paused at line  98
	because of breakpoints [7,20]
action: stepOver
paused at line  99
action: stepOver
paused at line  56
action: stepOut
paused at line  98
	because of breakpoints [7,20]
action: stepOver
paused at line  99
action: stepOut
paused at line  52
action: resume
paused at line  73
	because of breakpoints [25]
action: stepOver
paused at line  52
action: stepIn
paused at line  92
action: resume
paused at line  98
	because of breakpoints [7,20]
action: stepOut
paused at line  56
action: stepIn
paused at line  57
action: resume
paused at line  98
	because of breakpoints [7,20]
action: stepOut
paused at line  52
action: resume
paused at line  73
	because of breakpoints [25]
action: stepIn
