request breakpoint   0 at line  18
                   set at line  19
request breakpoint   1 at line  41
                   set at line  42
request breakpoint   2 at line 272
                   set at line 275
request breakpoint   3 at line 244
                   set at line 247
request breakpoint   4 at line 422
                   set at line 423
request breakpoint   5 at line 115
                   set at line 117
request breakpoint   6 at line 310
                   set at line 313
request breakpoint   7 at line 297
                   set at line 299
request breakpoint   8 at line 397
                   set at line 398
request breakpoint   9 at line  76
                   set at line  78
request breakpoint  10 at line 326
                   set at line 327
request breakpoint  11 at line  53
                   set at line  54
request breakpoint  12 at line 180
                   set at line 183
request breakpoint  13 at line 352
                   set at line 352
request breakpoint  14 at line 427
                   set at line 438
request breakpoint  15 at line 450
                   set at line 452
request breakpoint  16 at line 399
                   set at line 400
request breakpoint  17 at line 437
                   set at line 438
request breakpoint  18 at line  24
                   set at line  24
request breakpoint  19 at line  74
                   set at line  75
request breakpoint  20 at line 289
                   set at line 292
request breakpoint  21 at line  87
                   set at line  87
request breakpoint  22 at line 408
                   set at line 409
request breakpoint  23 at line 200
                   set at line 204
request breakpoint  24 at line  26
                   set at line  26
request breakpoint  25 at line 196
                   set at line 197
request breakpoint  26 at line 190
                   set at line 190
request breakpoint  27 at line  92
                   set at line  93
request breakpoint  28 at line 358
                   set at line 358
request breakpoint  29 at line 392
                   set at line 393
request breakpoint  30 at line 125
                   set at line 125
request breakpoint  31 at line 365
                   set at line 365
request breakpoint  32 at line 312
                   set at line 313
request breakpoint  33 at line 323
                   set at line 327
request breakpoint  34 at line 248
                   set at line 254
request breakpoint  35 at line 188
                   set at line 190
request breakpoint  36 at line 439
                   set at line 452
request breakpoint  37 at line 348
                   set at line 349
request breakpoint  38 at line 118
                   set at line 120
request breakpoint  39 at line 410
                   set at line 410
request breakpoint  40 at line 328
                   set at line 333
request breakpoint  41 at line 402
                   set at line 402
request breakpoint  42 at line  22
                   set at line  22
request breakpoint  43 at line  62
                   set at line  63
request breakpoint  44 at line 259
                   set at line 261
request breakpoint  45 at line 375
                   set at line 375
request breakpoint  46 at line 105
                   set at line 105
request breakpoint  47 at line 303
                   set at line 306
request breakpoint  48 at line 305
                   set at line 306
request breakpoint  49 at line 350
                   set at line 350
request breakpoint  50 at line 202
                   set at line 204
request breakpoint  51 at line 142
                   set at line 142
request breakpoint  52 at line 241
                   set at line 247
request breakpoint  53 at line 119
                   set at line 120
request breakpoint  54 at line 376
                   set at line 376
request breakpoint  55 at line 114
                   set at line 114
request breakpoint  56 at line  34
                   set at line  36
request breakpoint  57 at line 257
                   set at line 261
request breakpoint  58 at line 349
                   set at line 349
request breakpoint  59 at line   3
                   set at line   5
request breakpoint  60 at line 236
                   set at line 240
request breakpoint  61 at line   2
                   set at line   5
request breakpoint  62 at line 230
                   set at line 233
request breakpoint  63 at line   5
                   set at line   5
request breakpoint  64 at line 268
                   set at line 268
request breakpoint  65 at line 117
                   set at line 117
request breakpoint  66 at line 395
                   set at line 396
request breakpoint  67 at line 201
                   set at line 204
request breakpoint  68 at line 100
                   set at line 102
request breakpoint  69 at line 412
                   set at line 412
request breakpoint  70 at line 198
                   set at line 204
request breakpoint  71 at line 443
                   set at line 452
request breakpoint  72 at line 154
                   set at line 154
request breakpoint  73 at line 172
                   set at line 176
request breakpoint  74 at line 417
                   set at line 417
request breakpoint  75 at line  80
                   set at line  81
request breakpoint  76 at line 418
                   set at line 419
request breakpoint  77 at line 391
                   set at line 393
request breakpoint  78 at line 286
                   set at line 292
request breakpoint  79 at line 271
                   set at line 275
request breakpoint  80 at line 237
                   set at line 240
request breakpoint  81 at line 311
                   set at line 313
request breakpoint  82 at line 128
                   set at line 128
request breakpoint  83 at line 353
                   set at line 353
request breakpoint  84 at line 381
                   set at line 381
request breakpoint  85 at line 382
                   set at line 385
request breakpoint  86 at line  51
                   set at line  51
request breakpoint  87 at line 356
                   set at line 356
request breakpoint  88 at line 429
                   set at line 438
request breakpoint  89 at line 163
                   set at line 163
request breakpoint  90 at line 231
                   set at line 233
paused at line   5
	because of breakpoints [59,61,63]
action: stepIn
paused at line   7
action: stepIn
paused at line  11
action: stepOver
paused at line  19
	because of breakpoints [0]
action: stepOver
paused at line  39
action: resume
paused at line 352
	because of breakpoints [13]
action: stepIn
paused at line 360
action: stepOver
paused at line 365
	because of breakpoints [31]
action: stepOver
paused at line 370
action: resume
paused at line 375
	because of breakpoints [45]
action: stepIn
paused at line 380
action: stepOver
paused at line 400
	because of breakpoints [16]
action: stepIn
paused at line 404
action: stepOut
paused at line 417
	because of breakpoints [74]
action: resume
paused at line 419
	because of breakpoints [76]
action: resume
paused at line 423
	because of breakpoints [4]
action: resume
paused at line 438
	because of breakpoints [14,17,88]
action: resume
paused at line 452
	because of breakpoints [15,36,71]
action: resume
paused at line  22
	because of breakpoints [42]
action: stepIn
paused at line  23
action: stepIn
paused at line  24
	because of breakpoints [18]
action: stepOver
paused at line  25
action: stepIn
paused at line  25
action: resume
paused at line  26
	because of breakpoints [24]
action: stepOut
paused at line 125
	because of breakpoints [30]
action: stepIn
paused at line  25
action: stepOut
paused at line  26
	because of breakpoints [24]
action: stepOut
paused at line 402
	because of breakpoints [41]
action: stepIn
paused at line 125
	because of breakpoints [30]
action: resume
paused at line  26
	because of breakpoints [24]
action: resume
paused at line 125
	because of breakpoints [30]
action: stepIn
paused at line  25
action: resume
paused at line  26
	because of breakpoints [24]
action: stepOver
paused at line  27
action: stepOver
paused at line  29
action: stepOver
paused at line  33
action: stepOut
paused at line 402
	because of breakpoints [41]
action: resume
paused at line 125
	because of breakpoints [30]
action: stepOver
paused at line  25
action: stepIn
paused at line  25
action: resume
paused at line  26
	because of breakpoints [24]
action: stepOver
paused at line  27
action: resume
paused at line  42
	because of breakpoints [1]
action: stepIn
paused at line 125
	because of breakpoints [30]
action: stepIn
paused at line  25
action: stepOver
paused at line  25
action: resume
paused at line  36
	because of breakpoints [56]
action: stepIn
paused at line   1
action: stepOver
paused at line   1
action: stepOver
paused at line  37
action: stepOver
paused at line  15
action: stepOut
paused at line 409
	because of breakpoints [22]
action: stepIn
paused at line 410
	because of breakpoints [39]
action: stepOut
paused at line 409
	because of breakpoints [22]
action: stepIn
paused at line 412
	because of breakpoints [69]
action: resume
paused at line 409
	because of breakpoints [22]
action: stepIn
paused at line 410
	because of breakpoints [39]
action: stepOver
paused at line 409
	because of breakpoints [22]
action: stepOut
paused at line 412
	because of breakpoints [69]
action: stepOver
paused at line 413
action: stepOver
paused at line   1
action: stepOut
paused at line  17
action: stepOver
paused at line 456
action: stepOut
paused at line  22
	because of breakpoints [42]
action: resume
paused at line  24
	because of breakpoints [18]
action: stepOver
paused at line  25
action: stepIn
paused at line  25
action: resume
paused at line  26
	because of breakpoints [24]
action: stepOut
paused at line  51
	because of breakpoints [86]
action: stepIn
paused at line 125
	because of breakpoints [30]
action: resume
paused at line  26
	because of breakpoints [24]
action: stepOut
paused at line 402
	because of breakpoints [41]
action: resume
paused at line 125
	because of breakpoints [30]
action: stepIn
paused at line  25
action: stepOut
paused at line  26
	because of breakpoints [24]
action: resume
paused at line 402
	because of breakpoints [41]
action: stepIn
paused at line 125
	because of breakpoints [30]
action: resume
paused at line  26
	because of breakpoints [24]
action: resume
paused at line 125
	because of breakpoints [30]
action: stepOver
paused at line  25
action: stepOver
paused at line  25
action: stepOut
paused at line  26
	because of breakpoints [24]
action: stepOver
paused at line  27
action: stepIn
paused at line  29
action: stepOver
paused at line  33
action: resume
paused at line 402
	because of breakpoints [41]
action: resume
paused at line 125
	because of breakpoints [30]
action: stepOut
paused at line  25
action: stepOver
paused at line  25
action: resume
paused at line  26
	because of breakpoints [24]
action: stepIn
paused at line  27
action: stepOut
paused at line  42
	because of breakpoints [1]
action: stepOut
paused at line 125
	because of breakpoints [30]
action: stepOut
paused at line  25
action: stepIn
paused at line  25
action: stepOut
paused at line  26
	because of breakpoints [24]
action: stepIn
paused at line  27
action: stepOver
paused at line  29
action: stepOver
paused at line  33
action: stepOver
paused at line 402
	because of breakpoints [41]
action: resume
paused at line 125
	because of breakpoints [30]
action: stepIn
paused at line  25
action: stepOut
paused at line  26
	because of breakpoints [24]
action: resume
paused at line 402
	because of breakpoints [41]
action: resume
paused at line 125
	because of breakpoints [30]
action: stepOver
paused at line  25
action: stepOver
paused at line  25
action: stepOut
paused at line  26
	because of breakpoints [24]
action: stepOut
paused at line 125
	because of breakpoints [30]
action: stepIn
paused at line  25
action: resume
paused at line  26
	because of breakpoints [24]
action: resume
paused at line 402
	because of breakpoints [41]
action: stepIn
paused at line 125
	because of breakpoints [30]
action: stepOver
paused at line  25
action: stepIn
paused at line  25
action: resume
paused at line  26
	because of breakpoints [24]
action: stepOver
paused at line  27
action: stepOut
paused at line 125
	because of breakpoints [30]
action: stepOut
paused at line  25
action: stepOver
paused at line  25
action: stepIn
paused at line  26
	because of breakpoints [24]
action: stepIn
paused at line  27
action: stepOver
paused at line  29
action: resume
paused at line 402
	because of breakpoints [41]
action: stepOver
paused at line 125
	because of breakpoints [30]
action: stepOut
paused at line  25
action: stepIn
paused at line  25
action: stepOut
paused at line  26
	because of breakpoints [24]
action: stepOut
paused at line 125
	because of breakpoints [30]
action: resume
paused at line  26
	because of breakpoints [24]
action: stepOver
paused at line  27
action: stepOver
paused at line  29
action: stepOver
paused at line  33
action: stepIn
paused at line  40
action: stepOut
paused at line 402
	because of breakpoints [41]
action: stepOver
paused at line 125
	because of breakpoints [30]
action: stepIn
paused at line  25
action: stepOver
paused at line  25
action: resume
paused at line  26
	because of breakpoints [24]
action: stepIn
paused at line  27
action: stepOver
paused at line  29
action: resume
paused at line 125
	because of breakpoints [30]
action: stepOver
paused at line  25
action: stepOver
paused at line  25
action: stepOver
paused at line  26
	because of breakpoints [24]
action: resume
paused at line 402
	because of breakpoints [41]
action: stepOver
paused at line 125
	because of breakpoints [30]
action: stepOver
paused at line  25
action: stepIn
paused at line  25
action: resume
paused at line  26
	because of breakpoints [24]
action: stepOver
paused at line  27
action: stepOver
paused at line  29
action: resume
paused at line  93
	because of breakpoints [27]
action: resume
paused at line 125
	because of breakpoints [30]
action: stepOver
paused at line  25
action: stepIn
paused at line  25
action: stepIn
paused at line  36
	because of breakpoints [56]
action: stepOver
paused at line  37
action: stepOver
paused at line  15
action: stepOver
paused at line  16
action: stepOver
paused at line 409
	because of breakpoints [22]
action: stepOut
paused at line 410
	because of breakpoints [39]
action: stepOver
paused at line 409
	because of breakpoints [22]
action: stepOver
paused at line 412
	because of breakpoints [69]
action: resume
paused at line 409
	because of breakpoints [22]
action: resume
paused at line 412
	because of breakpoints [69]
action: stepOver
paused at line 413
action: resume
paused at line 409
	because of breakpoints [22]
action: stepIn
paused at line 412
	because of breakpoints [69]
action: stepOver
paused at line 413
action: stepOut
paused at line   1
action: stepIn
paused at line   1
action: stepOut
paused at line  17
action: stepOver
paused at line 457
action: stepOver
paused at line 454
action: stepOver
paused at line 454
action: stepOut
paused at line 409
	because of breakpoints [22]
action: stepOut
paused at line 410
	because of breakpoints [39]
action: stepOver
paused at line 409
	because of breakpoints [22]
action: stepOver
paused at line 412
	because of breakpoints [69]
action: stepOut
paused at line   1
action: resume
paused at line 409
	because of breakpoints [22]
action: stepOver
paused at line 410
	because of breakpoints [39]
action: resume
paused at line 409
	because of breakpoints [22]
action: resume
paused at line 412
	because of breakpoints [69]
action: stepOver
paused at line 413
action: resume
paused at line 409
	because of breakpoints [22]
action: stepOut
paused at line 410
	because of breakpoints [39]
action: stepOver
paused at line 409
	because of breakpoints [22]
action: resume
paused at line 412
	because of breakpoints [69]
action: stepIn
paused at line 413
action: stepIn
paused at line   1
action: stepOver
paused at line 409
	because of breakpoints [22]
action: stepOver
paused at line 412
	because of breakpoints [69]
action: stepOut
paused at line   1
action: stepIn
paused at line 405
action: stepOut
paused at line 409
	because of breakpoints [22]
action: stepIn
paused at line 412
	because of breakpoints [69]
action: stepIn
paused at line 413
action: resume
paused at line 409
	because of breakpoints [22]
action: stepOver
paused at line 410
	because of breakpoints [39]
action: stepOut
paused at line 409
	because of breakpoints [22]
action: resume
paused at line 412
	because of breakpoints [69]
action: stepOut
paused at line   1
action: stepIn
paused at line 405
action: stepOut
paused at line 409
	because of breakpoints [22]
action: stepOver
paused at line 410
	because of breakpoints [39]
action: stepOver
paused at line 409
	because of breakpoints [22]
action: stepOver
paused at line 412
	because of breakpoints [69]
action: resume
paused at line 409
	because of breakpoints [22]
action: stepOut
paused at line 410
	because of breakpoints [39]
action: resume
paused at line 409
	because of breakpoints [22]
action: stepOver
paused at line 412
	because of breakpoints [69]
action: stepOver
paused at line 413
action: resume
paused at line 409
	because of breakpoints [22]
action: stepOut
paused at line 410
	because of breakpoints [39]
action: stepIn
paused at line 409
	because of breakpoints [22]
action: stepIn
paused at line 412
	because of breakpoints [69]
action: stepOver
paused at line 413
action: stepOut
paused at line   1
action: stepIn
paused at line 405
action: stepOver
paused at line 406
action: stepOut
paused at line 409
	because of breakpoints [22]
action: stepIn
paused at line 410
	because of breakpoints [39]
action: stepIn
paused at line 409
	because of breakpoints [22]
action: stepIn
paused at line 412
	because of breakpoints [69]
action: stepIn
paused at line 413
action: stepIn
paused at line   1
action: resume
paused at line 409
	because of breakpoints [22]
action: stepOut
