request breakpoint   0 at line   3
                   set at line   4
request breakpoint   1 at line   7
                   set at line   8
request breakpoint   2 at line  37
                   set at line  37
request breakpoint   3 at line  34
                   set at line  34
request breakpoint   4 at line  57
                   set at line  57
request breakpoint   5 at line  19
                   set at line  25
request breakpoint   6 at line  43
                   set at line  43
request breakpoint   7 at line  42
                   set at line  43
request breakpoint   8 at line  54
                   set at line  54
request breakpoint   9 at line  17
                   set at line  17
request breakpoint  10 at line  46
                   set at line  46
request breakpoint  11 at line  16
                   set at line  17
paused at line   4
	because of breakpoints [0]
action: stepIn
paused at line   5
action: stepIn
paused at line  15
action: stepOver
paused at line   4
	because of breakpoints [0]
action: stepOver
paused at line   5
action: resume
paused at line   4
	because of breakpoints [0]
action: stepIn
paused at line   5
action: stepOver
paused at line  15
action: stepOver
paused at line   4
	because of breakpoints [0]
action: resume
paused at line   4
	because of breakpoints [0]
action: stepIn
paused at line   5
action: stepOver
paused at line  15
action: stepIn
paused at line   4
	because of breakpoints [0]
action: stepOut
paused at line  15
action: resume
paused at line   4
	because of breakpoints [0]
action: resume
paused at line   4
	because of breakpoints [0]
action: resume
paused at line   4
	because of breakpoints [0]
action: resume
paused at line   4
	because of breakpoints [0]
action: resume
paused at line   4
	because of breakpoints [0]
action: stepIn
paused at line   5
action: stepIn
paused at line  15
action: stepOver
paused at line   4
	because of breakpoints [0]
action: stepIn
paused at line   5
action: resume
paused at line  17
	because of breakpoints [9,11]
action: stepOut
paused at line  46
	because of breakpoints [10]
action: stepIn
paused at line  57
	because of breakpoints [4]
action: stepOut
paused at line  25
	because of breakpoints [5]
action: stepOut
paused at line   4
	because of breakpoints [0]
action: stepIn
paused at line   5
action: resume
paused at line   4
	because of breakpoints [0]
action: resume
paused at line  34
	because of breakpoints [3]
action: stepIn
paused at line  35
action: resume
paused at line  37
	because of breakpoints [2]
action: stepOver
paused at line  38
action: stepOver
paused at line  39
action: stepOver
paused at line  40
action: stepOut
paused at line  34
	because of breakpoints [3]
action: resume
paused at line  37
	because of breakpoints [2]
action: stepOver
paused at line  38
action: stepIn
paused at line  39
action: resume
paused at line  34
	because of breakpoints [3]
action: stepOver
paused at line  35
action: resume
paused at line  37
	because of breakpoints [2]
action: stepIn
paused at line  38
action: stepIn
paused at line  39
action: stepOver
paused at line  40
action: resume
paused at line  34
	because of breakpoints [3]
action: stepIn
paused at line  35
action: stepOver
paused at line  29
action: stepOver
paused at line  29
action: stepOver
paused at line  31
action: stepOut
paused at line  37
	because of breakpoints [2]
action: stepIn
paused at line  38
action: stepOut
paused at line  34
	because of breakpoints [3]
action: stepIn
paused at line  35
action: resume
paused at line  34
	because of breakpoints [3]
action: stepIn
paused at line  35
action: stepOver
paused at line  29
action: stepOut
paused at line  34
	because of breakpoints [3]
action: stepOver
paused at line  35
action: stepOver
paused at line  29
action: stepOut
paused at line  34
	because of breakpoints [3]
action: stepOver
paused at line  35
action: stepOut
paused at line  43
	because of breakpoints [6,7]
action: resume
paused at line   8
	because of breakpoints [1]
action: stepOver
paused at line   9
action: stepIn
paused at line  43
action: resume
paused at line   8
	because of breakpoints [1]
action: stepOut
paused at line  44
action: stepIn
paused at line  50
action: resume
paused at line  25
	because of breakpoints [5]
action: stepOut
paused at line   4
	because of breakpoints [0]
action: resume
paused at line   4
	because of breakpoints [0]
action: stepIn
paused at line   5
action: stepOut
paused at line  28
action: resume
paused at line  34
	because of breakpoints [3]
action: stepIn
paused at line  35
action: resume
paused at line  37
	because of breakpoints [2]
action: resume
paused at line  34
	because of breakpoints [3]
action: stepOver
paused at line  35
action: stepOver
paused at line  29
action: stepOut
paused at line  37
	because of breakpoints [2]
action: stepOver
paused at line  38
action: stepIn
paused at line  39
action: stepOver
paused at line  40
action: resume
paused at line  34
	because of breakpoints [3]
action: resume
paused at line  37
	because of breakpoints [2]
action: stepOut
paused at line  34
	because of breakpoints [3]
action: stepOver
paused at line  35
action: resume
paused at line  37
	because of breakpoints [2]
action: stepIn
paused at line  38
action: stepOut
paused at line  34
	because of breakpoints [3]
action: stepOut
paused at line  34
	because of breakpoints [3]
action: stepOut
paused at line  34
	because of breakpoints [3]
action: stepIn
paused at line  35
action: stepOut
paused at line  34
	because of breakpoints [3]
action: stepIn
paused at line  35
action: stepOver
paused at line  29
action: stepOver
paused at line  29
action: stepOver
paused at line  43
	because of breakpoints [6,7]
action: resume
paused at line   8
	because of breakpoints [1]
action: stepIn
paused at line   9
action: stepOut
paused at line  43
action: resume
paused at line   8
	because of breakpoints [1]
action: resume
paused at line  25
	because of breakpoints [5]
action: stepOver
paused at line   4
	because of breakpoints [0]
action: stepOver
paused at line   5
action: stepOut
paused at line  26
action: stepOut
paused at line   4
	because of breakpoints [0]
action: stepIn
paused at line   5
action: resume
paused at line  34
	because of breakpoints [3]
action: resume
paused at line  37
	because of breakpoints [2]
action: stepIn
paused at line  38
action: stepOver
paused at line  39
action: stepIn
paused at line  40
action: resume
paused at line  34
	because of breakpoints [3]
action: stepOver
paused at line  35
action: stepOut
paused at line  37
	because of breakpoints [2]
action: stepOut
paused at line  34
	because of breakpoints [3]
action: stepOver
paused at line  35
action: stepIn
paused at line  29
action: stepIn
paused at line  29
action: stepOver
