request breakpoint   0 at line   4
                   set at line  20
request breakpoint   1 at line   9
                   set at line   9
request breakpoint   2 at line  52
                   set at line  52
request breakpoint   3 at line  47
                   set at line  47
request breakpoint   4 at line  80
                   set at line  80
request breakpoint   5 at line  25
                   set at line  25
request breakpoint   6 at line  60
                   set at line  60
request breakpoint   7 at line  58
                   set at line  80
request breakpoint   8 at line  76
                   set at line  76
request breakpoint   9 at line  21
                   set at line  21
request breakpoint  10 at line  64
                   set at line  64
request breakpoint  11 at line  18
                   set at line  18
request breakpoint  12 at line  40
                   set at line  56
request breakpoint  13 at line  69
                   set at line  69
request breakpoint  14 at line  81
                   set at line  81
request breakpoint  15 at line  85
                   set at line  86
request breakpoint  16 at line  77
                   set at line  79
paused at line  20
	because of breakpoints [0]
action: stepIn
paused at line   5
action: stepIn
paused at line   8
action: stepOver
paused at line   9
	because of breakpoints [1]
action: stepOver
paused at line   9
action: resume
paused at line   9
	because of breakpoints [1]
action: stepIn
paused at line   9
action: stepOver
paused at line   9
	because of breakpoints [1]
action: stepOver
paused at line   9
action: resume
paused at line   9
	because of breakpoints [1]
action: stepIn
paused at line   9
action: stepOver
paused at line   9
	because of breakpoints [1]
action: stepIn
paused at line   9
action: stepOut
paused at line   9
	because of breakpoints [1]
action: resume
paused at line   9
	because of breakpoints [1]
action: resume
paused at line   9
	because of breakpoints [1]
action: resume
paused at line   9
	because of breakpoints [1]
action: resume
paused at line   9
	because of breakpoints [1]
action: resume
paused at line   9
	because of breakpoints [1]
action: stepIn
paused at line   9
action: stepIn
paused at line   6
action: stepOver
paused at line   7
action: stepIn
paused at line   9
	because of breakpoints [1]
action: resume
paused at line   9
	because of breakpoints [1]
action: stepOut
paused at line   9
	because of breakpoints [1]
action: stepIn
paused at line   9
action: stepOut
paused at line   9
	because of breakpoints [1]
action: stepOut
paused at line   9
	because of breakpoints [1]
action: stepIn
paused at line   9
action: resume
paused at line   9
	because of breakpoints [1]
action: resume
paused at line   9
	because of breakpoints [1]
action: stepIn
paused at line   9
action: resume
paused at line   9
	because of breakpoints [1]
action: stepOver
paused at line   9
action: stepOver
paused at line   9
	because of breakpoints [1]
action: stepOver
paused at line   9
action: stepOut
paused at line   9
	because of breakpoints [1]
action: resume
paused at line   9
	because of breakpoints [1]
action: stepOver
paused at line   9
action: stepIn
paused at line   6
action: resume
paused at line   9
	because of breakpoints [1]
action: stepOver
paused at line   9
action: resume
paused at line   9
	because of breakpoints [1]
action: stepIn
