2 -> 159
4 -> 159
17 -> 159
23 -> 159
25 -> 26
37 -> 38
39 -> 39
40 -> 40
50 -> 159
51 -> 52
61 -> 61
72 -> 72
74 -> 75
79 -> 79
84 -> 84
85 -> 159
90 -> 91
98 -> 99
102 -> 102
111 -> 111
112 -> 112
114 -> 114
115 -> 115
117 -> 117
122 -> 159
126 -> 126
139 -> 139
151 -> 151
168 -> 168
176 -> 176
183 -> 183
185 -> 185
191 -> 191
194 -> 194
195 -> 195
196 -> 196
198 -> 199
225 -> 225
230 -> 230
232 -> 232
235 -> 236
238 -> 238
242 -> 243
251 -> 251
253 -> 254
262 -> 262
264 -> 264
266 -> 266
279 -> 279
282 -> 282
289 -> 289
296 -> 296
297 -> 297
302 -> 302
304 -> 304
305 -> 305
315 -> 315
316 -> 316
318 -> 318
320 -> 320
340 -> 340
342 -> 343
344 -> 344
345 -> 346
348 -> 349
350 -> 350
356 -> 356
366 -> 366
367 -> 368
372 -> 372
373 -> 373
381 -> 381
382 -> 382
385 -> 385
387 -> 389
389 -> 389
393 -> 393
398 -> 398
401 -> 401
403 -> 440
407 -> 407
408 -> 408
412 -> 413
417 -> 437
419 -> 437
427 -> 437
428 -> 437
432 -> 437
439 -> 440
