264 -> 264
83 -> 83
10 -> 159
269 -> 269
304 -> 304
280 -> 280
41 -> 41
56 -> 56
438 -> 438
291 -> 292
120 -> 120
59 -> 59
298 -> 298
125 -> 125
265 -> 265
79 -> 79
408 -> 408
24 -> 159
426 -> 437
127 -> 127
114 -> 114
308 -> 308
168 -> 168
339 -> 340
87 -> 87
139 -> 139
404 -> 406
318 -> 318
392 -> 392
192 -> 192
377 -> 377
314 -> 314
442 -> 442
28 -> 159
213 -> 215
359 -> 359
342 -> 343
186 -> 186
389 -> 389
136 -> 137
340 -> 340
255 -> 255
151 -> 151
62 -> 62
121 -> 159
421 -> 437
352 -> 353
119 -> 119
220 -> 220
416 -> 437
411 -> 411
169 -> 169
371 -> 371
175 -> 175
412 -> 413
176 -> 176
58 -> 59
104 -> 104
292 -> 292
71 -> 71
64 -> 64
106 -> 107
237 -> 237
29 -> 30
157 -> 157
19 -> 159
422 -> 437
376 -> 376
130 -> 130
329 -> 330
117 -> 117
30 -> 30
381 -> 381
22 -> 159
427 -> 437
432 -> 437
37 -> 38
365 -> 366
262 -> 262
96 -> 96
378 -> 379
4 -> 159
402 -> 402
45 -> 45
110 -> 110
225 -> 225
363 -> 366
295 -> 295
50 -> 159
236 -> 236
76 -> 76
335 -> 338
3 -> 159
180 -> 181
355 -> 355
307 -> 307
143 -> 143
374 -> 374
243 -> 243
231 -> 231
162 -> 162
399 -> 399
341 -> 343
261 -> 261
289 -> 289
7 -> 159
146 -> 146
310 -> 440
188 -> 188
67 -> 67
195 -> 195
275 -> 275
107 -> 107
84 -> 84
20 -> 159
211 -> 211
316 -> 316
251 -> 251
398 -> 398
35 -> 35
241 -> 241
216 -> 216
244 -> 244
132 -> 132
48 -> 48
312 -> 314
6 -> 159
209 -> 209
155 -> 155
425 -> 437
61 -> 61
250 -> 250
15 -> 159
387 -> 389
364 -> 366
386 -> 386
185 -> 185
294 -> 294
131 -> 132
171 -> 171
179 -> 186
297 -> 297
325 -> 328
434 -> 437
446 -> 446
217 -> 217
413 -> 413
266 -> 266
91 -> 91
445 -> 445
317 -> 317
400 -> 401
391 -> 391
353 -> 353
401 -> 401
384 -> 384
437 -> 437
338 -> 338
222 -> 223
60 -> 60
80 -> 80
351 -> 353
156 -> 156
281 -> 282
92 -> 159
18 -> 159
53 -> 53
122 -> 159
198 -> 199
444 -> 444
147 -> 147
228 -> 228
248 -> 248
362 -> 366
347 -> 347
288 -> 288
14 -> 159
369 -> 369
279 -> 279
73 -> 159
344 -> 344
23 -> 159
194 -> 194
39 -> 39
17 -> 159
380 -> 380
196 -> 196
97 -> 159
150 -> 150
443 -> 444
133 -> 134
129 -> 129
34 -> 34
36 -> 159
165 -> 165
224 -> 224
239 -> 240
383 -> 383
370 -> 370
282 -> 282
223 -> 223
258 -> 282
324 -> 324
72 -> 72
414 -> 415
69 -> 159
227 -> 227
32 -> 159
345 -> 346
410 -> 410
140 -> 140
274 -> 274
55 -> 55
418 -> 437
27 -> 27
419 -> 437
407 -> 407
172 -> 172
435 -> 437
254 -> 254
1 -> 159
12 -> 159
219 -> 219
372 -> 372
74 -> 75
75 -> 75
95 -> 95
232 -> 232
396 -> 398
337 -> 338
431 -> 437
203 -> 203
144 -> 144
63 -> 63
447 -> 159
111 -> 111
124 -> 125
112 -> 112
382 -> 382
70 -> 71
230 -> 230
178 -> 178
311 -> 440
141 -> 141
360 -> 366
167 -> 167
271 -> 271
202 -> 202
154 -> 154
31 -> 31
303 -> 304
160 -> 160
47 -> 47
388 -> 389
159 -> 159
285 -> 285
204 -> 204
229 -> 229
286 -> 286
134 -> 134
245 -> 245
313 -> 314
16 -> 159
436 -> 437
330 -> 330
212 -> 215
240 -> 240
86 -> 87
253 -> 254
103 -> 103
309 -> 440
187 -> 188
343 -> 343
183 -> 183
149 -> 149
320 -> 320
26 -> 26
206 -> 207
89 -> 91
315 -> 315
105 -> 159
358 -> 358
423 -> 437
336 -> 338
208 -> 208
218 -> 218
145 -> 145
430 -> 437
349 -> 349
163 -> 163
327 -> 328
94 -> 94
153 -> 153
99 -> 99
197 -> 199
126 -> 126
252 -> 254
44 -> 45
428 -> 437
88 -> 91
283 -> 283
440 -> 440
429 -> 437
49 -> 49
189 -> 189
85 -> 159
290 -> 304
191 -> 191
52 -> 52
439 -> 440
25 -> 26
441 -> 442
334 -> 334
77 -> 159
118 -> 118
164 -> 164
40 -> 40
46 -> 46
246 -> 246
82 -> 83
417 -> 437
38 -> 38
221 -> 223
161 -> 161
366 -> 366
113 -> 113
100 -> 100
394 -> 394
273 -> 273
403 -> 440
354 -> 354
238 -> 238
152 -> 152
200 -> 200
205 -> 205
299 -> 299
270 -> 270
215 -> 215
406 -> 406
201 -> 202
357 -> 357
108 -> 108
2 -> 159
326 -> 328
259 -> 282
433 -> 437
301 -> 302
319 -> 319
182 -> 182
101 -> 101
21 -> 159
242 -> 243
395 -> 398
98 -> 99
51 -> 52
249 -> 249
256 -> 282
409 -> 409
373 -> 373
184 -> 184
348 -> 349
128 -> 128
331 -> 331
321 -> 321
287 -> 287
268 -> 268
166 -> 166
397 -> 398
322 -> 322
170 -> 170
367 -> 368
356 -> 356
33 -> 34
278 -> 278
8 -> 159
385 -> 385
284 -> 284
300 -> 302
115 -> 115
332 -> 333
9 -> 159
296 -> 296
123 -> 159
68 -> 68
135 -> 135
174 -> 175
234 -> 234
158 -> 159
328 -> 328
277 -> 277
260 -> 261
302 -> 302
42 -> 42
267 -> 267
214 -> 215
109 -> 109
226 -> 226
257 -> 282
78 -> 79
361 -> 366
420 -> 437
199 -> 199
424 -> 437
390 -> 390
293 -> 293
276 -> 276
193 -> 193
306 -> 306
11 -> 159
207 -> 207
379 -> 379
57 -> 159
375 -> 375
210 -> 211
137 -> 137
142 -> 143
272 -> 272
350 -> 350
81 -> 159
13 -> 159
0 -> 159
190 -> 190
233 -> 233
54 -> 54
93 -> 94
138 -> 138
181 -> 181
323 -> 323
405 -> 406
333 -> 333
346 -> 346
65 -> 159
393 -> 393
5 -> 159
102 -> 102
368 -> 368
415 -> 415
305 -> 305
263 -> 263
247 -> 247
90 -> 91
116 -> 116
173 -> 173
177 -> 177
235 -> 236
43 -> 159
148 -> 148
66 -> 67
