284 -> 284
431 -> 437
254 -> 254
107 -> 107
216 -> 216
307 -> 307
140 -> 140
389 -> 389
169 -> 169
183 -> 183
347 -> 347
377 -> 377
111 -> 111
253 -> 254
83 -> 83
249 -> 249
251 -> 251
291 -> 292
383 -> 383
230 -> 230
388 -> 389
5 -> 159
340 -> 340
320 -> 320
96 -> 96
171 -> 171
162 -> 162
222 -> 223
296 -> 296
85 -> 159
367 -> 368
141 -> 141
164 -> 164
393 -> 393
262 -> 262
398 -> 398
218 -> 218
258 -> 282
194 -> 194
122 -> 159
290 -> 304
404 -> 406
29 -> 30
333 -> 333
267 -> 267
348 -> 349
382 -> 382
36 -> 159
200 -> 200
371 -> 371
13 -> 159
312 -> 314
226 -> 226
316 -> 316
44 -> 45
2 -> 159
110 -> 110
390 -> 390
372 -> 372
185 -> 185
305 -> 305
235 -> 236
381 -> 381
394 -> 394
342 -> 343
411 -> 411
31 -> 31
180 -> 181
12 -> 159
357 -> 357
227 -> 227
328 -> 328
317 -> 317
299 -> 299
37 -> 38
353 -> 353
168 -> 168
32 -> 159
428 -> 437
116 -> 116
343 -> 343
289 -> 289
265 -> 265
51 -> 52
270 -> 270
427 -> 437
361 -> 366
445 -> 445
115 -> 115
362 -> 366
304 -> 304
318 -> 318
266 -> 266
413 -> 413
302 -> 302
11 -> 159
237 -> 237
148 -> 148
50 -> 159
407 -> 407
234 -> 234
72 -> 72
432 -> 437
64 -> 64
238 -> 238
281 -> 282
184 -> 184
23 -> 159
278 -> 278
385 -> 385
55 -> 55
79 -> 79
131 -> 132
81 -> 159
100 -> 100
356 -> 356
191 -> 191
314 -> 314
329 -> 330
417 -> 437
439 -> 440
139 -> 139
360 -> 366
16 -> 159
365 -> 366
233 -> 233
242 -> 243
406 -> 406
145 -> 145
112 -> 112
282 -> 282
52 -> 52
17 -> 159
403 -> 440
380 -> 380
154 -> 154
47 -> 47
370 -> 370
300 -> 302
25 -> 26
345 -> 346
283 -> 283
77 -> 159
117 -> 117
195 -> 195
8 -> 159
443 -> 444
232 -> 232
28 -> 159
397 -> 398
322 -> 322
70 -> 71
401 -> 401
123 -> 159
196 -> 196
34 -> 34
264 -> 264
327 -> 328
244 -> 244
359 -> 359
26 -> 26
324 -> 324
198 -> 199
132 -> 132
350 -> 350
408 -> 408
74 -> 75
378 -> 379
298 -> 298
6 -> 159
39 -> 39
344 -> 344
150 -> 150
144 -> 144
84 -> 84
412 -> 413
434 -> 437
176 -> 176
279 -> 279
225 -> 225
419 -> 437
143 -> 143
186 -> 186
330 -> 330
433 -> 437
368 -> 368
160 -> 160
98 -> 99
288 -> 288
40 -> 40
310 -> 440
239 -> 240
366 -> 366
338 -> 338
146 -> 146
292 -> 292
396 -> 398
326 -> 328
120 -> 120
22 -> 159
126 -> 126
114 -> 114
273 -> 273
247 -> 247
151 -> 151
87 -> 87
192 -> 192
341 -> 343
315 -> 315
65 -> 159
373 -> 373
4 -> 159
93 -> 94
90 -> 91
387 -> 389
188 -> 188
334 -> 334
102 -> 102
61 -> 61
68 -> 68
147 -> 147
3 -> 159
35 -> 35
297 -> 297
