387 -> 389
282 -> 282
96 -> 96
70 -> 71
359 -> 359
251 -> 251
378 -> 379
68 -> 68
227 -> 227
320 -> 320
44 -> 45
122 -> 159
34 -> 34
31 -> 31
6 -> 159
254 -> 254
249 -> 249
322 -> 322
39 -> 39
253 -> 254
312 -> 314
139 -> 139
120 -> 120
290 -> 304
25 -> 26
16 -> 159
141 -> 141
316 -> 316
132 -> 132
169 -> 169
151 -> 151
353 -> 353
143 -> 143
362 -> 366
307 -> 307
370 -> 370
116 -> 116
343 -> 343
168 -> 168
299 -> 299
433 -> 437
13 -> 159
40 -> 40
84 -> 84
431 -> 437
184 -> 184
432 -> 437
327 -> 328
28 -> 159
377 -> 377
29 -> 30
160 -> 160
314 -> 314
232 -> 232
107 -> 107
264 -> 264
147 -> 147
394 -> 394
350 -> 350
289 -> 289
150 -> 150
12 -> 159
310 -> 440
417 -> 437
2 -> 159
373 -> 373
35 -> 35
131 -> 132
117 -> 117
341 -> 343
196 -> 196
192 -> 192
195 -> 195
100 -> 100
347 -> 347
408 -> 408
434 -> 437
218 -> 218
297 -> 297
302 -> 302
329 -> 330
55 -> 55
383 -> 383
328 -> 328
17 -> 159
145 -> 145
396 -> 398
267 -> 267
397 -> 398
288 -> 288
365 -> 366
186 -> 186
262 -> 262
238 -> 238
23 -> 159
183 -> 183
406 -> 406
366 -> 366
317 -> 317
398 -> 398
198 -> 199
411 -> 411
389 -> 389
258 -> 282
284 -> 284
345 -> 346
371 -> 371
111 -> 111
445 -> 445
64 -> 64
93 -> 94
47 -> 47
340 -> 340
333 -> 333
401 -> 401
292 -> 292
234 -> 234
154 -> 154
114 -> 114
32 -> 159
298 -> 298
123 -> 159
102 -> 102
342 -> 343
357 -> 357
235 -> 236
81 -> 159
304 -> 304
79 -> 79
413 -> 413
390 -> 390
334 -> 334
72 -> 72
115 -> 115
270 -> 270
176 -> 176
77 -> 159
439 -> 440
140 -> 140
26 -> 26
4 -> 159
380 -> 380
443 -> 444
98 -> 99
112 -> 112
144 -> 144
348 -> 349
279 -> 279
427 -> 437
65 -> 159
185 -> 185
162 -> 162
407 -> 407
403 -> 440
315 -> 315
188 -> 188
360 -> 366
226 -> 226
338 -> 338
191 -> 191
22 -> 159
385 -> 385
244 -> 244
428 -> 437
216 -> 216
393 -> 393
368 -> 368
85 -> 159
239 -> 240
326 -> 328
61 -> 61
372 -> 372
330 -> 330
265 -> 265
200 -> 200
305 -> 305
381 -> 381
87 -> 87
8 -> 159
90 -> 91
281 -> 282
50 -> 159
283 -> 283
318 -> 318
52 -> 52
273 -> 273
266 -> 266
344 -> 344
247 -> 247
296 -> 296
291 -> 292
225 -> 225
51 -> 52
300 -> 302
3 -> 159
356 -> 356
180 -> 181
278 -> 278
242 -> 243
419 -> 437
194 -> 194
230 -> 230
148 -> 148
83 -> 83
222 -> 223
110 -> 110
36 -> 159
233 -> 233
164 -> 164
404 -> 406
324 -> 324
11 -> 159
74 -> 75
361 -> 366
126 -> 126
146 -> 146
412 -> 413
382 -> 382
171 -> 171
37 -> 38
5 -> 159
388 -> 389
237 -> 237
367 -> 368
