Set Breakpoint at 14
Set Breakpoint at 32
Set Breakpoint at 212
Set Breakpoint at 190
Set Breakpoint at 328
Set Breakpoint at 90
Set Breakpoint at 242
Set Breakpoint at 231
Set Breakpoint at 309
Set Breakpoint at 61
Set Breakpoint at 254
Set Breakpoint at 43
Set Breakpoint at 142
Set Breakpoint at 275
Set Breakpoint at 332
Set Breakpoint at 350
Set Breakpoint at 340
Set Breakpoint at 23
Set Breakpoint at 62
Set Breakpoint at 226
Set Breakpoint at 71
Set Breakpoint at 318
Set Breakpoint at 159
Set Breakpoint at 26
Set Breakpoint at 155
Set Breakpoint at 151
Set Breakpoint at 77
Set Breakpoint at 280
Set Breakpoint at 305
Set Breakpoint at 103
Set Breakpoint at 285
Set Breakpoint at 245
Set Breakpoint at 253
Set Breakpoint at 197
Set Breakpoint at 27
resume
resume
stepOver
stepOver
stepOut
resume
stepOver
stepOver
stepOut
resume
stepOver
resume
stepIn
stepOut
stepOut
stepOut
stepOut
stepOut
resume
resume
stepOver
resume
stepOut
stepIn
resume
stepIn
stepIn
resume
stepOut
stepOut
resume
stepOut
stepOver
stepOver
stepOver
stepIn
stepOut
stepOver
resume
stepOut
stepOver
stepOut
resume
resume
stepOver
stepOut
resume
stepOver
stepOver
stepOver
stepIn
resume
stepIn
resume
stepOut
resume
stepOver
stepIn
stepOver
stepOver
stepIn
stepOver
stepIn
stepOut
stepOver
resume
stepOut
stepIn
resume
stepOut
stepIn
stepOut
resume
stepIn
stepOut
resume
stepOut
stepOut
stepOver
stepOver
stepIn
stepOver
resume
stepOver
stepOut
stepOut
stepIn
stepOver
stepOut
resume
stepIn
stepIn
stepIn
resume
stepIn
resume
stepOver
stepOver
stepOver
stepOut
