request breakpoint   0 at line  21
                   set at line  21
request breakpoint   1 at line  43
                   set at line  43
request breakpoint   2 at line 214
                   set at line 214
request breakpoint   3 at line 197
                   set at line 197
request breakpoint   4 at line 329
                   set at line 329
request breakpoint   5 at line 104
                   set at line 104
request breakpoint   6 at line 241
                   set at line 241
request breakpoint   7 at line 231
                   set at line 231
request breakpoint   8 at line 302
                   set at line 302
request breakpoint   9 at line  71
                   set at line  71
request breakpoint  10 at line 250
                   set at line 250
request breakpoint  11 at line  56
                   set at line  56
request breakpoint  12 at line 154
                   set at line 154
request breakpoint  13 at line 271
                   set at line 271
request breakpoint  14 at line 334
                   set at line 334
request breakpoint  15 at line 351
                   set at line 351
request breakpoint  16 at line 308
                   set at line 308
request breakpoint  17 at line 340
                   set at line 340
request breakpoint  18 at line  42
                   set at line  42
request breakpoint  19 at line  75
                   set at line  75
request breakpoint  20 at line 229
                   set at line 229
request breakpoint  21 at line  87
                   set at line  87
request breakpoint  22 at line 319
                   set at line 319
request breakpoint  23 at line 171
                   set at line 171
request breakpoint  24 at line  45
                   set at line  45
request breakpoint  25 at line 169
                   set at line 169
request breakpoint  26 at line 180
                   set at line 180
request breakpoint  27 at line  93
                   set at line  93
request breakpoint  28 at line 275
                   set at line 275
request breakpoint  29 at line 301
                   set at line 301
request breakpoint  30 at line 120
                   set at line 120
request breakpoint  31 at line 281
                   set at line 281
request breakpoint  32 at line 246
                   set at line 246
request breakpoint  33 at line 253
                   set at line 253
request breakpoint  34 at line 207
                   set at line 207
request breakpoint  35 at line 168
                   set at line 168
request breakpoint  36 at line 344
                   set at line 344
request breakpoint  37 at line  27
                   set at line  27
request breakpoint  38 at line  53
                   set at line  53
request breakpoint  39 at line 322
                   set at line 322
request breakpoint  40 at line 355
                   set at line 355
request breakpoint  41 at line 315
                   set at line 315
request breakpoint  42 at line   9
                   set at line   9
request breakpoint  43 at line  82
                   set at line  82
request breakpoint  44 at line 217
                   set at line 217
request breakpoint  45 at line 291
                   set at line 291
request breakpoint  46 at line 123
                   set at line 123
request breakpoint  47 at line 244
                   set at line 244
request breakpoint  48 at line 245
                   set at line 245
request breakpoint  49 at line 273
                   set at line 273
paused at line   9
	because of breakpoints [42]
action: stepIn
paused at line  10
action: stepIn
paused at line  13
action: stepOver
paused at line  20
action: stepOver
paused at line  21
action: resume
paused at line  21
	because of breakpoints [0]
action: stepIn
paused at line  22
action: stepOver
paused at line 343
action: stepOver
paused at line 344
action: resume
paused at line 344
	because of breakpoints [36]
action: stepIn
paused at line 260
action: stepOver
paused at line 261
action: stepIn
paused at line 262
action: stepOut
paused at line 271
	because of breakpoints [13]
action: resume
paused at line 273
	because of breakpoints [49]
action: resume
paused at line 275
	because of breakpoints [28]
action: resume
paused at line 281
	because of breakpoints [31]
action: resume
paused at line 291
	because of breakpoints [45]
action: resume
paused at line 301
	because of breakpoints [29]
action: stepIn
paused at line  99
action: stepIn
paused at line 100
action: stepOver
paused at line 100
action: stepIn
paused at line 301
action: resume
paused at line 302
	because of breakpoints [8]
action: stepOut
paused at line 308
	because of breakpoints [16]
action: stepIn
paused at line 311
action: stepOut
paused at line  87
	because of breakpoints [21]
action: stepOut
paused at line  87
	because of breakpoints [21]
action: stepIn
paused at line  88
action: resume
paused at line  87
	because of breakpoints [21]
action: resume
paused at line  87
	because of breakpoints [21]
action: stepIn
paused at line  91
action: resume
paused at line  82
	because of breakpoints [43]
action: stepOver
paused at line  83
action: stepOver
paused at line  83
action: stepOver
paused at line  91
action: stepOut
paused at line  93
	because of breakpoints [27]
action: resume
paused at line  87
	because of breakpoints [21]
action: stepOver
paused at line  88
action: stepIn
paused at line  89
action: resume
paused at line  87
	because of breakpoints [21]
action: stepOver
paused at line  88
action: resume
paused at line  87
	because of breakpoints [21]
action: stepIn
paused at line  88
action: stepIn
paused at line  89
action: stepOver
paused at line  87
action: resume
paused at line  87
	because of breakpoints [21]
action: stepIn
paused at line  91
action: stepOver
paused at line  82
	because of breakpoints [43]
action: stepOver
paused at line  83
action: stepOver
paused at line  83
action: stepOut
paused at line  92
action: stepIn
paused at line  93
action: stepOut
paused at line  93
	because of breakpoints [27]
action: stepIn
paused at line  94
action: resume
paused at line  87
	because of breakpoints [21]
action: stepIn
paused at line  88
action: stepOver
paused at line  89
action: stepOut
paused at line  87
	because of breakpoints [21]
action: stepOver
paused at line  88
action: stepOver
paused at line  89
action: stepOut
paused at line  87
	because of breakpoints [21]
action: stepOver
paused at line  88
action: stepOut
paused at line  87
	because of breakpoints [21]
action: resume
paused at line  82
	because of breakpoints [43]
action: stepOver
paused at line  83
action: stepIn
paused at line  83
action: resume
paused at line  93
	because of breakpoints [27]
action: stepOut
paused at line  96
action: stepIn
paused at line 312
action: resume
paused at line  87
	because of breakpoints [21]
action: stepOut
paused at line  87
	because of breakpoints [21]
action: resume
paused at line  87
	because of breakpoints [21]
action: stepIn
paused at line  88
action: stepOut
paused at line  87
	because of breakpoints [21]
action: resume
paused at line  82
	because of breakpoints [43]
action: stepIn
paused at line  83
action: resume
paused at line  93
	because of breakpoints [27]
action: resume
paused at line  87
	because of breakpoints [21]
action: stepOver
paused at line  88
action: stepOver
paused at line  89
action: stepOut
paused at line  87
	because of breakpoints [21]
action: stepOver
paused at line  88
action: stepIn
paused at line  89
action: stepOver
paused at line  87
action: resume
paused at line  87
	because of breakpoints [21]
action: resume
paused at line  87
	because of breakpoints [21]
action: stepOut
paused at line  82
	because of breakpoints [43]
action: stepOver
paused at line  83
action: resume
paused at line  93
	because of breakpoints [27]
action: stepIn
paused at line  94
action: stepOut
paused at line  96
action: stepOut
paused at line  87
	because of breakpoints [21]
action: stepOut
paused at line  87
	because of breakpoints [21]
action: stepIn
paused at line  88
action: stepOut
paused at line  87
	because of breakpoints [21]
action: stepIn
paused at line  88
action: stepOver
paused at line  89
action: stepOver
paused at line  87
action: stepOver
paused at line  91
action: resume
paused at line  82
	because of breakpoints [43]
action: stepIn
paused at line  83
action: stepOut
paused at line  83
action: resume
paused at line  93
	because of breakpoints [27]
action: resume
paused at line 315
	because of breakpoints [41]
action: stepOver
paused at line 318
action: stepOver
paused at line 319
action: stepOut
paused at line 319
	because of breakpoints [22]
action: stepOut
paused at line 104
	because of breakpoints [5]
action: stepIn
paused at line 105
action: resume
paused at line 322
	because of breakpoints [39]
action: resume
paused at line 104
	because of breakpoints [5]
action: stepIn
paused at line 105
action: stepOver
paused at line 106
action: stepIn
paused at line 107
action: resume
paused at line 120
	because of breakpoints [30]
action: stepOver
paused at line 120
action: stepOut
paused at line 120
	because of breakpoints [30]
action: stepOut
paused at line 120
action: stepOver
paused at line 325
action: stepIn
paused at line 326
action: stepIn
paused at line 116
action: stepOver
paused at line 117
action: resume
paused at line 120
	because of breakpoints [30]
action: stepOver
paused at line 120
action: stepOut
paused at line 120
	because of breakpoints [30]
action: stepIn
paused at line 120
action: stepOut
paused at line 120
	because of breakpoints [30]
action: stepOut
paused at line 120
action: resume
paused at line 120
	because of breakpoints [30]
action: stepOver
paused at line 120
action: stepOver
paused at line 325
action: stepOver
paused at line 326
action: stepIn
paused at line 116
action: stepOut
paused at line 120
	because of breakpoints [30]
action: stepOver
paused at line 120
action: stepIn
paused at line 325
action: stepOver
paused at line 326
action: resume
paused at line 120
	because of breakpoints [30]
action: stepIn
paused at line 120
action: stepOver
paused at line 325
action: resume
paused at line 120
	because of breakpoints [30]
action: stepOver
paused at line 120
action: stepOver
paused at line 325
action: stepOver
paused at line 328
action: resume
paused at line 197
	because of breakpoints [3]
action: stepOver
paused at line 198
action: stepOver
paused at line 123
	because of breakpoints [46]
action: stepIn
paused at line 124
action: resume
paused at line 123
	because of breakpoints [46]
action: stepOver
paused at line 124
action: stepOver
paused at line 125
action: resume
paused at line 123
	because of breakpoints [46]
action: resume
paused at line 123
	because of breakpoints [46]
action: stepOver
paused at line 124
action: stepIn
paused at line 125
action: stepIn
paused at line 126
action: stepOver
paused at line 127
action: stepOver
paused at line 127
action: stepOver
paused at line 198
action: stepOver
paused at line 123
	because of breakpoints [46]
action: stepOut
paused at line 127
action: stepOver
paused at line 198
action: stepOver
paused at line 123
	because of breakpoints [46]
action: resume
paused at line  27
	because of breakpoints [37]
action: resume
paused at line  42
	because of breakpoints [18]
action: stepOver
paused at line  44
action: resume
paused at line  53
	because of breakpoints [38]
action: stepIn
paused at line  54
action: stepOver
paused at line  55
action: stepOut
paused at line  56
	because of breakpoints [11]
action: stepIn
paused at line  57
action: stepOut
paused at line  71
	because of breakpoints [9]
action: stepOver
paused at line  72
action: stepOver
paused at line  64
action: stepOver
paused at line  65
action: stepOut
paused at line  71
	because of breakpoints [9]
action: stepOut
paused at line  71
	because of breakpoints [9]
action: stepOver
