request breakpoint   0 at line  43
                   set at line  43
request breakpoint   1 at line  63
                   set at line  63
request breakpoint   2 at line 256
                   set at line 256
request breakpoint   3 at line 233
                   set at line 233
request breakpoint   4 at line 392
                   set at line 392
request breakpoint   5 at line 136
                   set at line 136
request breakpoint   6 at line 287
                   set at line 287
request breakpoint   7 at line 277
                   set at line 277
request breakpoint   8 at line 373
                   set at line 373
request breakpoint   9 at line 105
                   set at line 105
request breakpoint  10 at line 299
                   set at line 299
request breakpoint  11 at line  88
                   set at line  88
request breakpoint  12 at line 185
                   set at line 185
request breakpoint  13 at line 324
                   set at line 324
request breakpoint  14 at line 395
                   set at line 395
request breakpoint  15 at line 440
                   set at line 440
request breakpoint  16 at line 375
                   set at line 375
request breakpoint  17 at line 409
                   set at line 409
request breakpoint  18 at line  57
                   set at line  57
request breakpoint  19 at line 109
                   set at line 109
request breakpoint  20 at line 274
                   set at line 274
request breakpoint  21 at line 117
                   set at line 117
request breakpoint  22 at line 382
                   set at line 382
request breakpoint  23 at line 203
                   set at line 203
request breakpoint  24 at line  62
                   set at line  62
request breakpoint  25 at line 200
                   set at line 200
request breakpoint  26 at line 195
                   set at line 195
request breakpoint  27 at line 127
                   set at line 127
request breakpoint  28 at line 334
                   set at line 334
request breakpoint  29 at line 370
                   set at line 370
request breakpoint  30 at line 152
                   set at line 152
request breakpoint  31 at line 344
                   set at line 344
request breakpoint  32 at line 306
                   set at line 306
request breakpoint  33 at line 300
                   set at line 300
request breakpoint  34 at line 262
                   set at line 262
request breakpoint  35 at line 196
                   set at line 196
request breakpoint  36 at line 410
                   set at line 410
request breakpoint  37 at line 323
                   set at line 323
request breakpoint  38 at line 150
                   set at line 150
request breakpoint  39 at line 384
                   set at line 384
request breakpoint  40 at line 307
                   set at line 307
request breakpoint  41 at line 378
                   set at line 378
request breakpoint  42 at line 129
                   set at line 129
request breakpoint  43 at line 111
                   set at line 111
request breakpoint  44 at line  28
                   set at line  28
request breakpoint  45 at line 355
                   set at line 355
request breakpoint  46 at line 145
                   set at line 145
request breakpoint  47 at line 288
                   set at line 288
request breakpoint  48 at line 289
                   set at line 289
request breakpoint  49 at line 329
                   set at line 329
request breakpoint  50 at line 216
                   set at line 216
request breakpoint  51 at line 169
                   set at line 169
request breakpoint  52 at line 242
                   set at line 242
request breakpoint  53 at line 156
                   set at line 156
request breakpoint  54 at line 356
                   set at line 356
request breakpoint  55 at line 153
                   set at line 153
request breakpoint  56 at line 315
                   set at line 315
paused at line 315
	because of breakpoints [56]
action: stepIn
paused at line 316
action: stepIn
paused at line 317
action: stepOver
paused at line 318
action: stepOver
paused at line  28
	because of breakpoints [44]
action: resume
paused at line  28
	because of breakpoints [44]
action: stepIn
paused at line  28
action: stepOver
paused at line 319
action: stepOver
paused at line 320
action: resume
paused at line  28
	because of breakpoints [44]
action: stepIn
paused at line  28
action: stepOver
paused at line 320
action: stepIn
paused at line 321
action: stepOut
paused at line  28
	because of breakpoints [44]
action: resume
paused at line  28
	because of breakpoints [44]
action: resume
paused at line 323
	because of breakpoints [37]
action: resume
paused at line  28
	because of breakpoints [44]
action: resume
paused at line 324
	because of breakpoints [13]
action: resume
paused at line  28
	because of breakpoints [44]
action: stepIn
paused at line  28
action: stepIn
paused at line 324
action: stepOver
paused at line 325
action: stepIn
paused at line  27
action: resume
paused at line  28
	because of breakpoints [44]
action: stepOut
paused at line  28
action: stepIn
paused at line 325
action: stepOut
paused at line 329
	because of breakpoints [49]
action: stepOut
paused at line 127
	because of breakpoints [27]
action: stepIn
paused at line  72
action: resume
paused at line  88
	because of breakpoints [11]
action: resume
paused at line 129
	because of breakpoints [42]
action: stepIn
paused at line 135
action: resume
paused at line 145
	because of breakpoints [46]
action: stepOver
paused at line 146
action: stepOver
paused at line 147
action: stepOver
paused at line 148
action: stepOut
paused at line 150
	because of breakpoints [38]
action: resume
paused at line 152
	because of breakpoints [30]
action: stepOver
paused at line 153
action: stepIn
paused at line 154
action: resume
paused at line 156
	because of breakpoints [53]
action: stepOver
paused at line 157
action: resume
paused at line 127
	because of breakpoints [27]
action: stepIn
paused at line  72
action: stepIn
paused at line  73
action: stepOver
paused at line  73
action: resume
paused at line  88
	because of breakpoints [11]
action: stepIn
paused at line  89
action: stepOver
paused at line  90
action: stepOver
paused at line  92
action: stepOver
paused at line  92
action: stepOut
paused at line 129
	because of breakpoints [42]
action: stepIn
paused at line 135
action: stepOut
paused at line 145
	because of breakpoints [46]
action: stepIn
paused at line 146
action: resume
paused at line 150
	because of breakpoints [38]
action: stepIn
paused at line 151
action: stepOver
paused at line 152
action: stepOut
paused at line 152
	because of breakpoints [30]
action: stepOver
paused at line 153
action: stepOver
paused at line 154
action: stepOut
paused at line 156
	because of breakpoints [53]
action: stepOver
paused at line 157
action: stepOut
paused at line 158
action: resume
paused at line 334
	because of breakpoints [28]
action: stepOver
paused at line 127
	because of breakpoints [27]
action: stepIn
paused at line  72
action: resume
paused at line  88
	because of breakpoints [11]
action: stepOut
paused at line  92
action: stepIn
paused at line 128
action: resume
paused at line 129
	because of breakpoints [42]
action: stepOut
paused at line 145
	because of breakpoints [46]
action: resume
paused at line 150
	because of breakpoints [38]
action: stepIn
paused at line 151
action: stepOut
paused at line 152
	because of breakpoints [30]
action: resume
paused at line 153
	because of breakpoints [55]
action: stepIn
paused at line 154
action: resume
paused at line 156
	because of breakpoints [53]
action: resume
paused at line 127
	because of breakpoints [27]
action: stepOver
paused at line 128
action: stepOver
paused at line  88
	because of breakpoints [11]
action: stepOut
paused at line  92
action: stepOver
paused at line 128
action: stepIn
paused at line 129
action: stepOver
paused at line 135
action: resume
paused at line 145
	because of breakpoints [46]
action: resume
paused at line 150
	because of breakpoints [38]
action: stepOut
paused at line 152
	because of breakpoints [30]
action: stepOver
paused at line 153
action: resume
paused at line 153
	because of breakpoints [55]
action: stepIn
paused at line 154
action: stepOut
paused at line 156
	because of breakpoints [53]
action: stepOut
paused at line 158
action: stepOut
paused at line 127
	because of breakpoints [27]
action: stepIn
paused at line  72
action: stepOut
paused at line  73
action: stepIn
paused at line 127
action: stepOver
paused at line 128
action: stepOver
paused at line  88
	because of breakpoints [11]
action: stepOver
paused at line  89
action: resume
paused at line 129
	because of breakpoints [42]
action: stepIn
paused at line 130
action: stepOut
paused at line 145
	because of breakpoints [46]
action: resume
paused at line 150
	because of breakpoints [38]
action: resume
paused at line 152
	because of breakpoints [30]
action: stepOver
paused at line 153
action: stepOver
paused at line 154
action: stepOut
paused at line 156
	because of breakpoints [53]
action: stepOut
paused at line 158
action: stepIn
paused at line 339
action: resume
paused at line 127
	because of breakpoints [27]
action: resume
paused at line  88
	because of breakpoints [11]
action: stepIn
paused at line  89
action: stepOver
paused at line  90
action: stepIn
paused at line  92
action: resume
paused at line 129
	because of breakpoints [42]
action: stepOver
paused at line 130
action: stepOut
paused at line 145
	because of breakpoints [46]
action: stepOut
paused at line 150
	because of breakpoints [38]
action: stepOver
paused at line 151
action: stepIn
paused at line 152
action: stepIn
paused at line 153
action: stepOver
paused at line 154
action: resume
paused at line 156
	because of breakpoints [53]
action: stepOver
paused at line 157
action: stepOut
paused at line 158
action: stepIn
paused at line 341
action: stepOut
paused at line 344
	because of breakpoints [31]
action: stepOut
paused at line 127
	because of breakpoints [27]
action: resume
paused at line  88
	because of breakpoints [11]
action: stepOver
paused at line  89
action: stepOver
paused at line  90
action: stepOver
paused at line  92
action: stepIn
paused at line  92
action: stepOut
paused at line 129
	because of breakpoints [42]
action: stepOver
paused at line 130
action: stepIn
paused at line 131
action: stepOver
paused at line 139
action: resume
paused at line 145
	because of breakpoints [46]
action: stepIn
paused at line 146
action: stepOver
paused at line 147
action: resume
paused at line 150
	because of breakpoints [38]
action: stepOver
paused at line 151
action: stepOver
paused at line 152
action: stepOver
paused at line 153
action: resume
paused at line 153
	because of breakpoints [55]
action: stepOver
paused at line 154
action: stepOver
paused at line 155
action: stepIn
paused at line 156
action: resume
paused at line 156
	because of breakpoints [53]
action: stepOver
paused at line 157
action: stepOver
paused at line 158
action: resume
paused at line 127
	because of breakpoints [27]
action: resume
paused at line  88
	because of breakpoints [11]
action: stepOver
paused at line  89
action: stepIn
paused at line  90
action: stepIn
paused at line  92
action: stepOver
paused at line  92
action: stepOver
paused at line 128
action: stepOver
paused at line 129
action: stepOver
paused at line 130
action: stepOut
paused at line 145
	because of breakpoints [46]
action: stepOver
paused at line 146
action: stepOver
paused at line 147
action: resume
paused at line 150
	because of breakpoints [38]
action: resume
paused at line 152
	because of breakpoints [30]
action: stepOver
paused at line 153
action: resume
paused at line 153
	because of breakpoints [55]
action: stepIn
paused at line 154
action: stepOver
paused at line 155
action: stepOut
paused at line 156
	because of breakpoints [53]
action: stepIn
paused at line 157
action: stepOut
paused at line 158
action: stepOver
paused at line 345
action: stepOver
paused at line 347
action: stepOver
paused at line 127
	because of breakpoints [27]
action: stepOut
paused at line  88
	because of breakpoints [11]
action: stepOut
paused at line  92
action: stepOver
paused at line 128
action: stepOver
paused at line 129
action: stepOut
paused at line 129
	because of breakpoints [42]
action: resume
paused at line 136
	because of breakpoints [5]
action: stepOver
paused at line 139
action: resume
paused at line 145
	because of breakpoints [46]
action: resume
paused at line 150
	because of breakpoints [38]
action: stepOver
paused at line 151
action: resume
paused at line 152
	because of breakpoints [30]
action: stepOut
paused at line 153
	because of breakpoints [55]
action: stepOver
paused at line 154
action: resume
paused at line 156
	because of breakpoints [53]
action: stepIn
paused at line 157
action: stepIn
paused at line 158
action: stepOver
paused at line 158
action: stepOver
paused at line 347
action: stepOut
paused at line 127
	because of breakpoints [27]
action: stepIn
paused at line  72
action: stepOut
paused at line  73
action: stepIn
paused at line 127
action: stepIn
paused at line 128
action: resume
paused at line  88
	because of breakpoints [11]
action: stepOver
paused at line  89
action: stepOut
paused at line  92
action: resume
paused at line 129
	because of breakpoints [42]
action: stepOut
paused at line 136
	because of breakpoints [5]
action: stepIn
paused at line 139
action: stepOut
paused at line 145
	because of breakpoints [46]
action: stepOver
paused at line 146
action: stepOver
paused at line 147
action: stepOver
paused at line 148
action: resume
paused at line 150
	because of breakpoints [38]
action: stepOut
paused at line 152
	because of breakpoints [30]
action: resume
paused at line 153
	because of breakpoints [55]
action: stepOver
paused at line 154
action: stepOver
paused at line 155
action: resume
paused at line 156
	because of breakpoints [53]
action: stepOut
paused at line 158
action: stepIn
paused at line 348
action: stepIn
paused at line 350
action: stepOver
paused at line 127
	because of breakpoints [27]
action: stepOut
paused at line  88
	because of breakpoints [11]
action: stepIn
paused at line  89
action: stepOver
paused at line  90
action: stepOut
paused at line  92
action: stepIn
paused at line 128
action: stepIn
paused at line 129
action: stepIn
