request breakpoint   0 at line  11
                   set at line  11
request breakpoint   1 at line   8
                   set at line   8
request breakpoint   2 at line  34
                   set at line  34
request breakpoint   3 at line  32
                   set at line  32
request breakpoint   4 at line  52
                   set at line  52
request breakpoint   5 at line  19
                   set at line  19
paused at line  11
	because of breakpoints [0]
action: stepIn
paused at line  29
action: stepIn
paused at line  31
action: stepOver
paused at line  32
action: stepOver
paused at line  33
action: resume
paused at line  34
	because of breakpoints [2]
action: stepIn
paused at line  36
action: stepOver
paused at line  19
	because of breakpoints [5]
action: stepOver
paused at line  19
	because of breakpoints [5]
action: resume
paused at line  19
	because of breakpoints [5]
action: stepIn
paused at line  17
action: stepOver
paused at line  18
action: stepIn
paused at line  19
action: stepOut
paused at line  19
	because of breakpoints [5]
action: resume
paused at line  19
	because of breakpoints [5]
action: resume
paused at line  19
	because of breakpoints [5]
action: resume
paused at line  19
	because of breakpoints [5]
action: resume
paused at line   8
	because of breakpoints [1]
action: resume
paused at line   8
	because of breakpoints [1]
action: stepIn
paused at line   9
action: stepIn
paused at line   9
action: stepOver
paused at line  27
action: stepIn
paused at line  27
action: resume
paused at line   8
	because of breakpoints [1]
action: stepOut
paused at line   9
action: stepIn
paused at line  27
action: stepOut
paused at line  27
action: stepOut
