request breakpoint   0 at line  20
                   set at line  20
request breakpoint   1 at line  17
                   set at line  17
request breakpoint   2 at line 101
                   set at line 101
request breakpoint   3 at line  92
                   set at line  92
request breakpoint   4 at line 161
                   set at line 161
request breakpoint   5 at line  46
                   set at line  46
request breakpoint   6 at line 115
                   set at line 115
request breakpoint   7 at line 111
                   set at line 111
request breakpoint   8 at line 148
                   set at line 148
request breakpoint   9 at line  36
                   set at line  36
request breakpoint  10 at line 123
                   set at line 123
request breakpoint  11 at line  30
                   set at line  30
request breakpoint  12 at line  80
                   set at line  80
request breakpoint  13 at line 136
                   set at line 136
request breakpoint  14 at line 163
                   set at line 163
request breakpoint  15 at line 172
                   set at line 172
request breakpoint  16 at line 152
                   set at line 152
request breakpoint  17 at line 165
                   set at line 165
request breakpoint  18 at line  28
                   set at line  28
request breakpoint  19 at line  44
                   set at line  44
request breakpoint  20 at line 114
                   set at line 114
request breakpoint  21 at line  63
                   set at line  63
request breakpoint  22 at line 174
                   set at line 174
request breakpoint  23 at line  88
                   set at line  88
request breakpoint  24 at line  33
                   set at line  33
paused at line  17
	because of breakpoints [1]
action: stepIn
paused at line  17
action: stepIn
paused at line  76
action: stepOver
paused at line  76
action: stepOver
paused at line 159
action: resume
paused at line  28
	because of breakpoints [18]
action: stepIn
paused at line  29
action: stepOver
paused at line  30
action: stepOver
paused at line  31
action: resume
paused at line  33
	because of breakpoints [24]
action: stepIn
paused at line  34
action: stepOver
paused at line  27
action: stepIn
paused at line  10
action: stepOut
paused at line  17
	because of breakpoints [1]
action: resume
paused at line  36
	because of breakpoints [9]
action: resume
paused at line  44
	because of breakpoints [19]
action: resume
paused at line  46
	because of breakpoints [5]
action: resume
paused at line  17
	because of breakpoints [1]
action: resume
paused at line  17
	because of breakpoints [1]
action: stepIn
paused at line  17
action: stepIn
paused at line  60
action: stepOver
paused at line  60
action: stepIn
paused at line 159
action: resume
paused at line  63
	because of breakpoints [21]
action: stepOut
paused at line  63
	because of breakpoints [21]
action: stepIn
paused at line  10
action: stepOut
paused at line  17
	because of breakpoints [1]
action: stepOut
paused at line  17
action: stepIn
paused at line  72
action: resume
paused at line  80
	because of breakpoints [12]
action: resume
paused at line  88
	because of breakpoints [23]
action: stepIn
paused at line  89
action: resume
paused at line  88
	because of breakpoints [23]
action: stepOver
paused at line  89
action: stepOver
paused at line  90
action: stepOver
paused at line  85
action: stepOut
paused at line  88
	because of breakpoints [23]
action: resume
paused at line  88
	because of breakpoints [23]
action: stepOver
paused at line  89
action: stepIn
paused at line  90
action: resume
paused at line  88
	because of breakpoints [23]
action: stepOver
paused at line  89
action: resume
paused at line  92
	because of breakpoints [3]
action: stepIn
paused at line  20
action: stepIn
paused at line  21
action: stepOver
paused at line  22
action: resume
paused at line 161
	because of breakpoints [4]
action: stepIn
paused at line 163
action: stepOver
paused at line 136
	because of breakpoints [13]
action: stepOver
paused at line 137
action: stepOver
paused at line 138
action: stepOut
paused at line 148
	because of breakpoints [8]
action: stepIn
paused at line 141
action: stepOut
paused at line 148
	because of breakpoints [8]
action: stepIn
paused at line 141
action: resume
paused at line 148
	because of breakpoints [8]
action: stepIn
paused at line 141
action: stepOver
paused at line 142
action: stepOut
paused at line 148
	because of breakpoints [8]
action: stepOver
paused at line 141
action: stepOver
paused at line 133
action: stepOut
paused at line 136
	because of breakpoints [13]
action: stepOver
paused at line 137
action: stepOut
paused at line 148
	because of breakpoints [8]
action: resume
paused at line 148
	because of breakpoints [8]
action: stepOver
paused at line 141
action: stepIn
paused at line 142
action: resume
paused at line 148
	because of breakpoints [8]
action: stepOut
paused at line 136
	because of breakpoints [13]
action: stepIn
paused at line 137
action: resume
paused at line 148
	because of breakpoints [8]
action: stepOut
paused at line 148
	because of breakpoints [8]
action: resume
paused at line 136
	because of breakpoints [13]
action: stepIn
paused at line 137
action: stepOut
paused at line 148
	because of breakpoints [8]
action: resume
paused at line 136
	because of breakpoints [13]
action: stepIn
paused at line 137
action: resume
paused at line 152
	because of breakpoints [16]
action: resume
paused at line 165
	because of breakpoints [17]
action: stepOver
paused at line 101
	because of breakpoints [2]
action: stepOver
paused at line 102
action: stepOut
paused at line 111
	because of breakpoints [7]
action: stepOver
paused at line 112
action: stepIn
paused at line 114
action: stepOver
paused at line 115
action: resume
paused at line 115
	because of breakpoints [6]
action: resume
paused at line 101
	because of breakpoints [2]
action: stepOut
