request breakpoint   0 at line  64
                   set at line  64
request breakpoint   1 at line   9
                   set at line   9
request breakpoint   2 at line  46
                   set at line  46
request breakpoint   3 at line  41
                   set at line  41
request breakpoint   4 at line  67
                   set at line  67
request breakpoint   5 at line  25
                   set at line  25
request breakpoint   6 at line  51
                   set at line  51
request breakpoint   7 at line  50
                   set at line  50
request breakpoint   8 at line  70
                   set at line  70
paused at line  64
	because of breakpoints [0]
action: stepIn
paused at line  65
action: stepIn
paused at line   6
action: stepOver
paused at line   7
action: stepOver
paused at line   8
action: resume
paused at line   9
	because of breakpoints [1]
action: stepIn
paused at line  10
action: stepOver
paused at line  11
action: stepOver
paused at line  12
action: resume
paused at line  25
	because of breakpoints [5]
action: stepIn
paused at line  26
action: stepOver
paused at line  46
action: stepIn
paused at line  47
action: stepOut
paused at line  50
	because of breakpoints [7]
action: resume
paused at line  51
	because of breakpoints [6]
action: resume
paused at line  50
	because of breakpoints [7]
action: resume
paused at line  25
	because of breakpoints [5]
action: resume
paused at line  46
	because of breakpoints [2]
action: resume
paused at line  50
	because of breakpoints [7]
action: stepIn
paused at line  51
action: stepIn
paused at line  52
action: stepOver
paused at line  53
action: stepIn
paused at line  50
action: resume
paused at line  50
	because of breakpoints [7]
action: stepOut
paused at line  46
	because of breakpoints [2]
action: stepIn
paused at line  47
action: stepOut
paused at line  50
	because of breakpoints [7]
action: stepOut
paused at line  51
	because of breakpoints [6]
action: stepIn
paused at line  52
action: resume
paused at line  50
	because of breakpoints [7]
action: resume
paused at line  51
	because of breakpoints [6]
action: stepIn
paused at line  52
action: resume
paused at line  50
	because of breakpoints [7]
action: stepOver
paused at line  55
action: stepOver
paused at line  57
action: stepOver
