request breakpoint   0 at line  23
                   set at line  23
request breakpoint   1 at line  48
                   set at line  48
request breakpoint   2 at line 259
                   set at line 259
request breakpoint   3 at line 238
                   set at line 238
request breakpoint   4 at line 368
                   set at line 368
request breakpoint   5 at line  96
                   set at line  96
request breakpoint   6 at line 298
                   set at line 298
request breakpoint   7 at line 284
                   set at line 284
request breakpoint   8 at line 360
                   set at line 360
request breakpoint   9 at line  69
                   set at line  69
request breakpoint  10 at line 310
                   set at line 310
request breakpoint  11 at line  76
                   set at line  76
request breakpoint  12 at line 186
                   set at line 186
request breakpoint  13 at line 327
                   set at line 327
request breakpoint  14 at line 370
                   set at line 370
request breakpoint  15 at line 422
                   set at line 422
request breakpoint  16 at line 356
                   set at line 356
request breakpoint  17 at line 379
                   set at line 379
request breakpoint  18 at line  43
                   set at line  43
request breakpoint  19 at line  77
                   set at line  77
request breakpoint  20 at line 293
                   set at line 293
request breakpoint  21 at line  88
                   set at line  88
request breakpoint  22 at line 362
                   set at line 362
request breakpoint  23 at line 206
                   set at line 206
request breakpoint  24 at line  50
                   set at line  50
request breakpoint  25 at line 205
                   set at line 205
request breakpoint  26 at line 203
                   set at line 203
request breakpoint  27 at line  97
                   set at line  97
request breakpoint  28 at line 335
                   set at line 335
request breakpoint  29 at line  24
                   set at line  24
request breakpoint  30 at line 119
                   set at line 119
request breakpoint  31 at line 338
                   set at line 338
request breakpoint  32 at line 306
                   set at line 306
request breakpoint  33 at line 315
                   set at line 315
request breakpoint  34 at line 255
                   set at line 255
request breakpoint  35 at line  49
                   set at line  49
request breakpoint  36 at line 380
                   set at line 380
request breakpoint  37 at line 331
                   set at line 331
request breakpoint  38 at line 120
                   set at line 120
request breakpoint  39 at line 364
                   set at line 364
paused at line  88
	because of breakpoints [21]
action: stepIn
paused at line  89
action: stepIn
paused at line  91
action: stepOver
paused at line  92
action: stepOver
paused at line  93
action: resume
paused at line  96
	because of breakpoints [5]
action: stepIn
paused at line  97
action: stepOver
paused at line  98
action: stepOver
paused at line  99
action: resume
paused at line 119
	because of breakpoints [30]
action: stepIn
paused at line 120
action: stepOver
paused at line 120
action: stepIn
paused at line 112
action: stepOut
paused at line 114
action: resume
paused at line  96
	because of breakpoints [5]
action: resume
paused at line  97
	because of breakpoints [27]
action: resume
paused at line  96
	because of breakpoints [5]
action: resume
paused at line  97
	because of breakpoints [27]
action: resume
paused at line  96
	because of breakpoints [5]
action: stepIn
paused at line  97
action: stepIn
paused at line  98
action: stepOver
paused at line  99
action: stepIn
paused at line 102
action: resume
paused at line  96
	because of breakpoints [5]
action: stepOut
paused at line  97
	because of breakpoints [27]
action: stepIn
paused at line  98
action: stepOut
paused at line  96
	because of breakpoints [5]
action: stepOut
paused at line  97
	because of breakpoints [27]
action: stepIn
paused at line  98
action: resume
paused at line  96
	because of breakpoints [5]
action: resume
paused at line  97
	because of breakpoints [27]
action: stepIn
paused at line  98
action: resume
paused at line  96
	because of breakpoints [5]
action: stepOver
paused at line  97
action: stepOver
paused at line  98
action: stepOver
paused at line  99
action: stepOut
paused at line  96
	because of breakpoints [5]
action: resume
paused at line  97
	because of breakpoints [27]
action: stepOver
paused at line  98
action: stepIn
paused at line  99
action: resume
paused at line 119
	because of breakpoints [30]
action: stepOver
paused at line 120
action: resume
paused at line 120
	because of breakpoints [38]
action: stepIn
paused at line 120
action: stepIn
paused at line 112
action: stepOver
paused at line 113
action: resume
paused at line  96
	because of breakpoints [5]
action: stepIn
paused at line  97
action: stepOver
paused at line  98
action: stepOver
paused at line  99
action: stepOver
paused at line 102
action: stepOut
paused at line  96
	because of breakpoints [5]
action: stepIn
paused at line  97
action: stepOut
paused at line  97
	because of breakpoints [27]
action: stepIn
paused at line  98
action: resume
paused at line  96
	because of breakpoints [5]
action: stepIn
paused at line  97
action: stepOver
paused at line  98
action: stepOut
paused at line  96
	because of breakpoints [5]
action: stepOver
paused at line  97
action: stepOver
paused at line  98
action: stepOut
paused at line  96
	because of breakpoints [5]
action: stepOver
paused at line  97
action: stepOut
paused at line  97
	because of breakpoints [27]
action: resume
paused at line  96
	because of breakpoints [5]
action: stepOver
paused at line  97
action: stepIn
paused at line  98
action: resume
paused at line  96
	because of breakpoints [5]
action: stepOut
paused at line  97
	because of breakpoints [27]
action: stepIn
paused at line  98
action: resume
paused at line  96
	because of breakpoints [5]
action: stepOut
paused at line  97
	because of breakpoints [27]
action: resume
paused at line 119
	because of breakpoints [30]
action: stepIn
paused at line 120
action: stepOut
paused at line 120
	because of breakpoints [38]
action: resume
paused at line  96
	because of breakpoints [5]
action: stepIn
paused at line  97
action: resume
paused at line  97
	because of breakpoints [27]
action: resume
paused at line  96
	because of breakpoints [5]
action: stepOver
paused at line  97
action: stepOver
paused at line  98
action: stepOut
paused at line  96
	because of breakpoints [5]
action: stepOver
paused at line  97
action: stepIn
paused at line  98
action: stepOver
paused at line  99
action: resume
paused at line  96
	because of breakpoints [5]
action: resume
paused at line  97
	because of breakpoints [27]
action: stepOut
paused at line  96
	because of breakpoints [5]
action: stepOver
paused at line  97
action: resume
paused at line  97
	because of breakpoints [27]
action: stepIn
paused at line  98
action: stepOut
paused at line  96
	because of breakpoints [5]
action: stepOut
paused at line  97
	because of breakpoints [27]
action: stepOut
paused at line  96
	because of breakpoints [5]
action: stepIn
paused at line  97
action: stepOut
paused at line  97
	because of breakpoints [27]
action: stepIn
paused at line  98
action: stepOver
paused at line  99
action: stepOver
paused at line 102
action: stepOver
paused at line 105
action: resume
paused at line  96
	because of breakpoints [5]
action: stepIn
paused at line  97
action: stepOut
paused at line  97
	because of breakpoints [27]
action: resume
paused at line 119
	because of breakpoints [30]
action: resume
paused at line 120
	because of breakpoints [38]
action: stepOver
paused at line 120
action: stepOver
paused at line 101
action: stepOut
paused at line  96
	because of breakpoints [5]
action: stepOut
paused at line  97
	because of breakpoints [27]
action: stepIn
paused at line  98
action: resume
paused at line  96
	because of breakpoints [5]
action: resume
paused at line  97
	because of breakpoints [27]
action: stepIn
paused at line  98
action: stepOver
paused at line  99
action: stepIn
paused at line 102
action: resume
paused at line  96
	because of breakpoints [5]
action: stepOver
paused at line  97
action: stepOut
paused at line  97
	because of breakpoints [27]
action: stepOut
paused at line  96
	because of breakpoints [5]
action: stepOver
paused at line  97
action: stepIn
paused at line  98
action: stepIn
paused at line  99
action: stepOver
paused at line 102
action: resume
paused at line  96
	because of breakpoints [5]
action: stepOver
paused at line  97
action: stepOut
paused at line  97
	because of breakpoints [27]
action: stepIn
paused at line  98
action: stepOut
paused at line  96
	because of breakpoints [5]
action: stepOut
paused at line  97
	because of breakpoints [27]
action: resume
paused at line  96
	because of breakpoints [5]
action: stepOver
paused at line  97
action: stepOver
paused at line  98
action: stepOver
paused at line  99
action: stepIn
paused at line 102
action: stepOut
paused at line  96
	because of breakpoints [5]
action: stepOver
paused at line  97
action: stepIn
paused at line  98
action: stepOver
paused at line  99
action: resume
paused at line 119
	because of breakpoints [30]
action: stepIn
paused at line 120
action: stepOver
paused at line 120
action: resume
paused at line  96
	because of breakpoints [5]
action: stepOver
paused at line  97
action: stepOver
paused at line  98
action: stepOver
paused at line  99
action: resume
paused at line  96
	because of breakpoints [5]
action: stepOver
paused at line  97
action: stepOver
paused at line  98
action: stepIn
paused at line  99
action: resume
paused at line  96
	because of breakpoints [5]
action: stepOver
paused at line  97
action: stepOver
paused at line  98
action: resume
paused at line  96
	because of breakpoints [5]
action: resume
paused at line  97
	because of breakpoints [27]
action: stepOver
paused at line  98
action: stepIn
paused at line  99
action: stepIn
paused at line 102
action: stepOver
paused at line 103
action: stepOver
paused at line 105
action: stepOver
paused at line  96
action: stepOver
paused at line  97
action: stepOut
paused at line  97
	because of breakpoints [27]
action: stepOver
paused at line  98
action: stepOver
paused at line  99
action: resume
paused at line  96
	because of breakpoints [5]
action: resume
paused at line  97
	because of breakpoints [27]
action: stepOver
paused at line  98
action: resume
paused at line  96
	because of breakpoints [5]
action: stepIn
paused at line  97
action: stepOver
paused at line  98
action: stepOut
paused at line  96
	because of breakpoints [5]
action: stepIn
paused at line  97
action: stepOut
paused at line  97
	because of breakpoints [27]
action: stepOver
paused at line  98
action: stepOver
paused at line  99
action: stepOver
paused at line 100
action: stepOut
paused at line 119
	because of breakpoints [30]
action: stepOut
paused at line 120
	because of breakpoints [38]
action: stepOver
paused at line 120
action: stepOver
paused at line 101
action: stepOut
paused at line  96
	because of breakpoints [5]
action: resume
paused at line  97
	because of breakpoints [27]
action: stepOver
paused at line  98
action: resume
paused at line  96
	because of breakpoints [5]
action: resume
paused at line  97
	because of breakpoints [27]
action: stepOver
paused at line  98
action: resume
paused at line  96
	because of breakpoints [5]
action: stepOut
paused at line  97
	because of breakpoints [27]
action: stepOver
paused at line  98
action: resume
paused at line  96
	because of breakpoints [5]
action: stepIn
paused at line  97
action: stepIn
paused at line  98
action: stepOver
paused at line  99
action: stepOver
paused at line 102
action: stepOut
paused at line  96
	because of breakpoints [5]
action: stepIn
paused at line  97
action: stepOut
paused at line  97
	because of breakpoints [27]
action: stepIn
paused at line  98
action: stepIn
paused at line  99
action: resume
paused at line  96
	because of breakpoints [5]
action: stepOver
paused at line  97
action: stepOut
paused at line  97
	because of breakpoints [27]
action: resume
paused at line  96
	because of breakpoints [5]
action: stepOut
paused at line  97
	because of breakpoints [27]
action: stepIn
paused at line  98
action: stepOut
paused at line  96
	because of breakpoints [5]
action: stepOver
paused at line  97
action: stepOver
paused at line  98
action: stepOver
paused at line  99
action: resume
paused at line 119
	because of breakpoints [30]
action: stepOut
paused at line 120
	because of breakpoints [38]
action: resume
paused at line  96
	because of breakpoints [5]
action: stepOver
paused at line  97
action: stepOver
