request breakpoint   0 at line  11
                   set at line  11
request breakpoint   1 at line  12
                   set at line  12
request breakpoint   2 at line  39
                   set at line  39
request breakpoint   3 at line  36
                   set at line  36
request breakpoint   4 at line  57
                   set at line  57
request breakpoint   5 at line  23
                   set at line  23
request breakpoint   6 at line  44
                   set at line  44
paused at line  36
	because of breakpoints [3]
action: stepIn
paused at line  35
action: stepIn
paused at line  36
action: stepOver
paused at line  35
action: stepOver
paused at line  36
action: resume
paused at line  36
	because of breakpoints [3]
action: stepIn
paused at line  35
action: stepOver
paused at line  36
action: stepOver
paused at line  35
action: resume
paused at line  36
	because of breakpoints [3]
action: stepIn
paused at line  35
action: stepOver
paused at line  36
action: stepIn
paused at line  35
action: stepOut
paused at line  39
	because of breakpoints [2]
action: resume
paused at line  11
	because of breakpoints [0]
action: resume
paused at line  12
	because of breakpoints [1]
action: resume
paused at line  11
	because of breakpoints [0]
action: resume
paused at line  12
	because of breakpoints [1]
action: resume
paused at line  11
	because of breakpoints [0]
action: stepIn
paused at line  12
action: stepIn
paused at line  13
action: stepOver
paused at line  14
action: stepIn
paused at line   7
action: resume
paused at line  11
	because of breakpoints [0]
action: stepOut
paused at line  12
	because of breakpoints [1]
action: stepIn
paused at line  13
action: stepOut
paused at line  11
	because of breakpoints [0]
action: stepOut
paused at line  12
	because of breakpoints [1]
action: stepIn
paused at line  13
action: resume
paused at line  11
	because of breakpoints [0]
action: resume
