request breakpoint   0 at line  43
                   set at line  43
request breakpoint   1 at line  54
                   set at line  54
request breakpoint   2 at line 195
                   set at line 195
request breakpoint   3 at line 172
                   set at line 172
request breakpoint   4 at line 254
                   set at line 254
request breakpoint   5 at line  99
                   set at line  99
request breakpoint   6 at line 205
                   set at line 205
request breakpoint   7 at line 199
                   set at line 199
request breakpoint   8 at line 243
                   set at line 243
request breakpoint   9 at line  85
                   set at line  85
request breakpoint  10 at line 214
                   set at line 214
request breakpoint  11 at line  81
                   set at line  81
request breakpoint  12 at line 141
                   set at line 141
request breakpoint  13 at line 226
                   set at line 226
request breakpoint  14 at line 255
                   set at line 255
request breakpoint  15 at line 268
                   set at line 268
request breakpoint  16 at line 244
                   set at line 244
request breakpoint  17 at line 261
                   set at line 261
request breakpoint  18 at line  74
                   set at line  74
request breakpoint  19 at line 100
                   set at line 100
request breakpoint  20 at line 204
                   set at line 204
request breakpoint  21 at line 105
                   set at line 105
request breakpoint  22 at line 250
                   set at line 250
request breakpoint  23 at line 168
                   set at line 168
request breakpoint  24 at line  84
                   set at line  84
paused at line  99
	because of breakpoints [5]
action: stepIn
paused at line 164
action: stepIn
paused at line 223
action: stepOver
paused at line 164
action: stepOver
paused at line 168
	because of breakpoints [23]
action: resume
paused at line 172
	because of breakpoints [3]
action: stepIn
paused at line 173
action: stepOver
paused at line 177
action: stepOver
paused at line 208
action: resume
paused at line 226
	because of breakpoints [13]
action: stepIn
paused at line 228
action: stepOver
paused at line 229
action: stepIn
paused at line 180
action: stepOut
paused at line 195
	because of breakpoints [2]
action: resume
paused at line 195
	because of breakpoints [2]
action: resume
paused at line 195
	because of breakpoints [2]
action: resume
paused at line 199
	because of breakpoints [7]
action: resume
paused at line 205
	because of breakpoints [6]
action: resume
paused at line 243
	because of breakpoints [8]
action: stepIn
paused at line 241
action: stepIn
paused at line 242
action: stepOver
paused at line 243
action: stepIn
paused at line 241
action: resume
paused at line 243
	because of breakpoints [8]
action: stepOut
paused at line 243
	because of breakpoints [8]
action: stepIn
paused at line 241
action: stepOut
paused at line 243
	because of breakpoints [8]
action: stepOut
paused at line 254
	because of breakpoints [4]
action: stepIn
paused at line 255
action: resume
paused at line 255
	because of breakpoints [14]
action: resume
paused at line 243
	because of breakpoints [8]
action: stepIn
paused at line 241
action: resume
paused at line 243
	because of breakpoints [8]
action: stepOver
paused at line 241
action: stepOver
paused at line 242
action: stepOver
paused at line 243
action: stepOut
paused at line 243
	because of breakpoints [8]
action: resume
paused at line 243
	because of breakpoints [8]
action: stepOver
paused at line 241
action: stepIn
paused at line 242
action: resume
paused at line 243
	because of breakpoints [8]
action: stepOver
paused at line 241
action: resume
paused at line 243
	because of breakpoints [8]
action: stepIn
paused at line 241
action: stepIn
paused at line 242
action: stepOver
paused at line 243
action: resume
paused at line 243
	because of breakpoints [8]
action: stepIn
paused at line 241
action: stepOver
paused at line 242
action: stepOver
paused at line 243
action: stepOver
paused at line 241
action: stepOut
paused at line 243
	because of breakpoints [8]
action: stepIn
paused at line 241
action: stepOut
paused at line 243
	because of breakpoints [8]
action: stepIn
paused at line 241
action: resume
paused at line 243
	because of breakpoints [8]
action: stepIn
paused at line 241
action: stepOver
paused at line 242
action: stepOut
paused at line 243
	because of breakpoints [8]
action: stepOver
paused at line 241
action: stepOver
paused at line 242
action: stepOut
paused at line 243
	because of breakpoints [8]
action: stepOver
paused at line 241
action: stepOut
paused at line 254
	because of breakpoints [4]
action: resume
paused at line 255
	because of breakpoints [14]
action: stepOver
paused at line 237
action: stepIn
paused at line 238
action: resume
paused at line 243
	because of breakpoints [8]
action: stepOut
paused at line 243
	because of breakpoints [8]
action: stepIn
paused at line 241
action: resume
paused at line 243
	because of breakpoints [8]
action: stepOut
paused at line 243
	because of breakpoints [8]
action: resume
paused at line 243
	because of breakpoints [8]
action: stepIn
paused at line 241
action: stepOut
paused at line 243
	because of breakpoints [8]
action: resume
paused at line 254
	because of breakpoints [4]
action: stepIn
paused at line 255
action: resume
paused at line 255
	because of breakpoints [14]
action: resume
paused at line 243
	because of breakpoints [8]
action: stepOver
paused at line 241
action: stepOver
paused at line 242
action: stepOut
paused at line 243
	because of breakpoints [8]
action: stepOver
paused at line 241
action: stepIn
paused at line 242
action: stepOver
paused at line 243
action: resume
paused at line 243
	because of breakpoints [8]
action: resume
paused at line 243
	because of breakpoints [8]
action: stepOut
paused at line 243
	because of breakpoints [8]
action: stepOver
paused at line 241
action: resume
paused at line 243
	because of breakpoints [8]
action: stepIn
paused at line 241
action: stepOut
paused at line 243
	because of breakpoints [8]
action: stepOut
paused at line 243
	because of breakpoints [8]
action: stepOut
paused at line 243
	because of breakpoints [8]
action: stepIn
paused at line 241
action: stepOut
paused at line 243
	because of breakpoints [8]
action: stepIn
paused at line 241
action: stepOver
paused at line 242
action: stepOver
paused at line 243
action: stepOver
paused at line 241
action: resume
paused at line 243
	because of breakpoints [8]
action: stepIn
paused at line 241
action: stepOut
paused at line 243
	because of breakpoints [8]
action: resume
paused at line 243
	because of breakpoints [8]
action: resume
paused at line 254
	because of breakpoints [4]
action: stepOver
paused at line 255
action: stepOver
paused at line 237
action: stepOut
paused at line 243
	because of breakpoints [8]
action: stepOut
paused at line 243
	because of breakpoints [8]
action: stepIn
paused at line 241
action: resume
paused at line 243
	because of breakpoints [8]
action: resume
paused at line 243
	because of breakpoints [8]
action: stepIn
paused at line 241
action: stepOver
paused at line 242
action: stepIn
paused at line 243
action: resume
paused at line 243
	because of breakpoints [8]
action: stepOver
paused at line 241
action: stepOut
paused at line 243
	because of breakpoints [8]
action: stepOut
paused at line 243
	because of breakpoints [8]
action: stepOver
paused at line 241
action: stepIn
paused at line 242
action: stepIn
paused at line 243
action: stepOver
paused at line 241
action: resume
paused at line 243
	because of breakpoints [8]
action: stepOver
paused at line 241
action: stepOut
paused at line 254
	because of breakpoints [4]
action: stepIn
paused at line 255
action: stepOut
paused at line 255
	because of breakpoints [14]
action: stepOut
paused at line 243
	because of breakpoints [8]
action: resume
paused at line 243
	because of breakpoints [8]
action: stepOver
paused at line 241
action: stepOver
paused at line 242
action: stepOver
paused at line 243
action: stepIn
paused at line 241
action: stepOut
paused at line 243
	because of breakpoints [8]
action: stepOver
paused at line 241
action: stepIn
