63 -> 63
70 -> 70
121 -> 121
148 -> 148
66 -> 66
126 -> 126
165 -> 165
153 -> 153
176 -> 176
88 -> 88
112 -> 112
174 -> 174
85 -> 85
286 -> 286
34 -> 34
15 -> 15
71 -> 71
219 -> 219
293 -> 293
242 -> 242
48 -> 48
231 -> 231
75 -> 75
187 -> 187
16 -> 16
69 -> 69
106 -> 106
119 -> 119
144 -> 144
24 -> 24
113 -> 113
99 -> 99
246 -> 246
107 -> 107
26 -> 26
124 -> 124
76 -> 76
61 -> 61
86 -> 86
288 -> 288
109 -> 109
251 -> 251
87 -> 87
59 -> 59
27 -> 27
244 -> 244
43 -> 43
25 -> 25
186 -> 186
46 -> 46
115 -> 115
128 -> 128
117 -> 117
247 -> 247
67 -> 67
111 -> 111
205 -> 205
157 -> 157
65 -> 65
292 -> 292
156 -> 156
83 -> 83
116 -> 116
114 -> 114
282 -> 282
243 -> 243
204 -> 204
290 -> 290
68 -> 68
49 -> 49
248 -> 248
56 -> 56
35 -> 35
22 -> 22
54 -> 54
232 -> 232
93 -> 93
131 -> 131
283 -> 283
100 -> 100
145 -> 145
127 -> 127
82 -> 82
291 -> 291
168 -> 168
140 -> 140
255 -> 255
96 -> 96
120 -> 120
218 -> 218
60 -> 60
103 -> 103
73 -> 73
98 -> 98
216 -> 216
141 -> 141
170 -> 170
122 -> 122
235 -> 235
78 -> 78
79 -> 79
53 -> 53
104 -> 104
89 -> 89
228 -> 228
77 -> 77
92 -> 92
81 -> 81
80 -> 80
229 -> 229
133 -> 133
105 -> 105
208 -> 208
256 -> 256
249 -> 249
252 -> 252
118 -> 118
167 -> 167
217 -> 217
51 -> 51
152 -> 152
90 -> 90
185 -> 185
220 -> 220
23 -> 23
129 -> 129
101 -> 101
97 -> 97
62 -> 62
171 -> 171
55 -> 55
72 -> 72
95 -> 95
44 -> 44
258 -> 258
58 -> 58
227 -> 227
234 -> 234
47 -> 47
123 -> 123
206 -> 206
102 -> 102
207 -> 207
195 -> 195
14 -> 14
175 -> 175
64 -> 64
84 -> 84
184 -> 184
203 -> 203
194 -> 194
110 -> 110
94 -> 94
149 -> 149
164 -> 164
215 -> 215
