217 -> 217
184 -> 184
291 -> 291
235 -> 235
148 -> 148
22 -> 22
207 -> 207
56 -> 56
242 -> 242
71 -> 71
258 -> 258
232 -> 232
113 -> 113
111 -> 111
34 -> 34
248 -> 248
119 -> 119
208 -> 208
156 -> 156
121 -> 121
282 -> 282
194 -> 194
100 -> 100
66 -> 66
216 -> 216
27 -> 27
227 -> 227
97 -> 97
46 -> 46
126 -> 126
110 -> 110
106 -> 106
129 -> 129
164 -> 164
195 -> 195
43 -> 43
59 -> 59
112 -> 112
215 -> 215
152 -> 152
229 -> 229
122 -> 122
234 -> 234
48 -> 48
140 -> 140
114 -> 114
14 -> 14
244 -> 244
25 -> 25
65 -> 65
228 -> 228
120 -> 120
255 -> 255
203 -> 203
44 -> 44
116 -> 116
292 -> 292
63 -> 63
