59 -> 59
66 -> 66
148 -> 148
194 -> 194
22 -> 22
156 -> 156
207 -> 207
203 -> 203
216 -> 216
116 -> 116
140 -> 140
48 -> 48
56 -> 56
291 -> 291
120 -> 120
112 -> 112
113 -> 113
235 -> 235
292 -> 292
248 -> 248
119 -> 119
244 -> 244
121 -> 121
232 -> 232
44 -> 44
122 -> 122
27 -> 27
97 -> 97
217 -> 217
63 -> 63
71 -> 71
195 -> 195
258 -> 258
208 -> 208
229 -> 229
227 -> 227
114 -> 114
129 -> 129
14 -> 14
110 -> 110
184 -> 184
34 -> 34
126 -> 126
111 -> 111
25 -> 25
282 -> 282
43 -> 43
164 -> 164
152 -> 152
46 -> 46
100 -> 100
255 -> 255
242 -> 242
106 -> 106
234 -> 234
228 -> 228
65 -> 65
215 -> 215
