14 -> 14
27 -> 27
184 -> 184
156 -> 156
282 -> 282
71 -> 71
203 -> 203
194 -> 194
255 -> 255
44 -> 44
207 -> 207
34 -> 34
111 -> 111
227 -> 227
292 -> 292
43 -> 43
120 -> 120
116 -> 116
46 -> 46
248 -> 248
65 -> 65
229 -> 229
152 -> 152
106 -> 106
217 -> 217
56 -> 56
22 -> 22
242 -> 242
216 -> 216
110 -> 110
66 -> 66
140 -> 140
48 -> 48
234 -> 234
195 -> 195
148 -> 148
215 -> 215
164 -> 164
129 -> 129
126 -> 126
258 -> 258
100 -> 100
25 -> 25
97 -> 97
63 -> 63
122 -> 122
232 -> 232
59 -> 59
112 -> 112
121 -> 121
208 -> 208
113 -> 113
228 -> 228
244 -> 244
119 -> 119
114 -> 114
291 -> 291
235 -> 235
165 -> 165
64 -> 64
153 -> 153
89 -> 89
105 -> 105
67 -> 67
103 -> 103
127 -> 127
247 -> 247
186 -> 186
24 -> 24
157 -> 157
35 -> 35
174 -> 174
171 -> 171
95 -> 95
206 -> 206
231 -> 231
290 -> 290
92 -> 92
58 -> 58
218 -> 218
117 -> 117
187 -> 187
115 -> 115
249 -> 249
220 -> 220
84 -> 84
88 -> 88
79 -> 79
141 -> 141
86 -> 86
51 -> 51
80 -> 80
53 -> 53
61 -> 61
283 -> 283
109 -> 109
69 -> 69
256 -> 256
77 -> 77
102 -> 102
243 -> 243
144 -> 144
55 -> 55
73 -> 73
60 -> 60
82 -> 82
98 -> 98
15 -> 15
72 -> 72
54 -> 54
93 -> 93
145 -> 145
107 -> 107
70 -> 70
85 -> 85
251 -> 251
87 -> 87
68 -> 68
81 -> 81
246 -> 246
176 -> 176
16 -> 16
168 -> 168
288 -> 288
118 -> 118
205 -> 205
76 -> 76
104 -> 104
133 -> 133
204 -> 204
101 -> 101
293 -> 293
26 -> 26
94 -> 94
128 -> 128
167 -> 167
149 -> 149
75 -> 75
286 -> 286
185 -> 185
131 -> 131
219 -> 219
47 -> 47
23 -> 23
96 -> 96
49 -> 49
