95 -> 95
144 -> 144
72 -> 72
88 -> 88
22 -> 22
25 -> 25
63 -> 63
86 -> 86
288 -> 288
219 -> 219
122 -> 122
35 -> 35
60 -> 60
156 -> 156
27 -> 27
242 -> 242
68 -> 68
187 -> 187
89 -> 89
141 -> 141
49 -> 49
118 -> 118
129 -> 129
152 -> 152
228 -> 228
126 -> 126
93 -> 93
206 -> 206
62 -> 62
246 -> 246
23 -> 23
103 -> 103
73 -> 73
81 -> 81
100 -> 100
51 -> 51
24 -> 24
229 -> 229
87 -> 87
121 -> 121
171 -> 171
174 -> 174
127 -> 127
109 -> 109
203 -> 203
291 -> 291
283 -> 283
232 -> 232
112 -> 112
175 -> 175
216 -> 216
258 -> 258
15 -> 15
77 -> 77
94 -> 94
148 -> 148
82 -> 82
243 -> 243
97 -> 97
124 -> 124
164 -> 164
55 -> 55
140 -> 140
69 -> 69
286 -> 286
43 -> 43
78 -> 78
168 -> 168
56 -> 56
59 -> 59
14 -> 14
215 -> 215
123 -> 123
217 -> 217
92 -> 92
107 -> 107
220 -> 220
282 -> 282
16 -> 16
34 -> 34
145 -> 145
292 -> 292
133 -> 133
184 -> 184
79 -> 79
105 -> 105
53 -> 53
64 -> 64
256 -> 256
65 -> 65
248 -> 248
131 -> 131
26 -> 26
205 -> 205
104 -> 104
128 -> 128
84 -> 84
204 -> 204
48 -> 48
186 -> 186
207 -> 207
120 -> 120
114 -> 114
75 -> 75
185 -> 185
80 -> 80
61 -> 61
119 -> 119
54 -> 54
99 -> 99
106 -> 106
157 -> 157
44 -> 44
247 -> 247
67 -> 67
290 -> 290
85 -> 85
66 -> 66
218 -> 218
83 -> 83
149 -> 149
70 -> 70
110 -> 110
90 -> 90
208 -> 208
195 -> 195
71 -> 71
231 -> 231
76 -> 76
111 -> 111
167 -> 167
116 -> 116
46 -> 46
153 -> 153
234 -> 234
235 -> 235
227 -> 227
47 -> 47
101 -> 101
249 -> 249
115 -> 115
252 -> 252
102 -> 102
255 -> 255
165 -> 165
58 -> 58
176 -> 176
170 -> 170
244 -> 244
98 -> 98
293 -> 293
96 -> 96
194 -> 194
117 -> 117
251 -> 251
113 -> 113
