113 -> 113
184 -> 184
71 -> 71
112 -> 112
14 -> 14
43 -> 43
66 -> 66
34 -> 34
291 -> 291
234 -> 234
164 -> 164
59 -> 59
97 -> 97
208 -> 208
48 -> 48
248 -> 248
27 -> 27
228 -> 228
126 -> 126
44 -> 44
116 -> 116
195 -> 195
111 -> 111
216 -> 216
244 -> 244
114 -> 114
156 -> 156
235 -> 235
63 -> 63
258 -> 258
110 -> 110
203 -> 203
121 -> 121
22 -> 22
207 -> 207
242 -> 242
119 -> 119
255 -> 255
120 -> 120
229 -> 229
152 -> 152
148 -> 148
56 -> 56
140 -> 140
46 -> 46
292 -> 292
106 -> 106
282 -> 282
215 -> 215
129 -> 129
232 -> 232
217 -> 217
122 -> 122
100 -> 100
65 -> 65
25 -> 25
194 -> 194
227 -> 227
