61 -> 61
69 -> 69
121 -> 121
149 -> 149
65 -> 65
128 -> 128
167 -> 167
153 -> 153
185 -> 185
88 -> 88
113 -> 113
176 -> 176
86 -> 86
288 -> 288
34 -> 34
70 -> 70
71 -> 71
220 -> 220
293 -> 293
243 -> 243
48 -> 48
232 -> 232
73 -> 73
195 -> 195
122 -> 122
15 -> 15
109 -> 109
120 -> 120
148 -> 148
24 -> 24
114 -> 114
101 -> 101
246 -> 246
110 -> 110
156 -> 156
66 -> 66
77 -> 77
55 -> 55
47 -> 47
46 -> 46
111 -> 111
251 -> 251
89 -> 89
59 -> 59
186 -> 186
14 -> 14
184 -> 184
25 -> 25
82 -> 82
58 -> 58
117 -> 117
140 -> 140
64 -> 64
247 -> 247
103 -> 103
67 -> 67
208 -> 208
87 -> 87
131 -> 131
292 -> 292
164 -> 164
27 -> 27
119 -> 119
118 -> 118
283 -> 283
244 -> 244
207 -> 207
291 -> 291
95 -> 95
68 -> 68
249 -> 249
234 -> 234
92 -> 92
49 -> 49
54 -> 54
235 -> 235
157 -> 157
23 -> 23
286 -> 286
145 -> 145
116 -> 116
141 -> 141
112 -> 112
102 -> 102
44 -> 44
152 -> 152
256 -> 256
72 -> 72
258 -> 258
228 -> 228
129 -> 129
85 -> 85
26 -> 26
171 -> 171
51 -> 51
174 -> 174
84 -> 84
79 -> 79
63 -> 63
255 -> 255
187 -> 187
53 -> 53
216 -> 216
60 -> 60
115 -> 115
80 -> 80
203 -> 203
204 -> 204
98 -> 98
105 -> 105
22 -> 22
100 -> 100
94 -> 94
282 -> 282
127 -> 127
126 -> 126
97 -> 97
242 -> 242
231 -> 231
165 -> 165
205 -> 205
215 -> 215
229 -> 229
76 -> 76
248 -> 248
219 -> 219
227 -> 227
43 -> 43
16 -> 16
96 -> 96
194 -> 194
206 -> 206
218 -> 218
104 -> 104
81 -> 81
290 -> 290
144 -> 144
106 -> 106
168 -> 168
107 -> 107
35 -> 35
75 -> 75
217 -> 217
93 -> 93
56 -> 56
133 -> 133
