14 -> 14
27 -> 27
184 -> 184
156 -> 156
282 -> 282
71 -> 71
203 -> 203
194 -> 194
255 -> 255
44 -> 44
207 -> 207
34 -> 34
111 -> 111
227 -> 227
292 -> 292
43 -> 43
120 -> 120
116 -> 116
46 -> 46
248 -> 248
65 -> 65
229 -> 229
152 -> 152
106 -> 106
217 -> 217
56 -> 56
22 -> 22
242 -> 242
216 -> 216
110 -> 110
66 -> 66
140 -> 140
48 -> 48
234 -> 234
195 -> 195
148 -> 148
215 -> 215
164 -> 164
129 -> 129
126 -> 126
258 -> 258
100 -> 100
25 -> 25
97 -> 97
63 -> 63
122 -> 122
232 -> 232
59 -> 59
112 -> 112
121 -> 121
208 -> 208
113 -> 113
228 -> 228
244 -> 244
119 -> 119
114 -> 114
291 -> 291
235 -> 235
