14 -> 14
15 -> 15
16 -> 16
22 -> 22
23 -> 23
24 -> 24
25 -> 25
26 -> 26
27 -> 27
34 -> 34
35 -> 35
43 -> 43
44 -> 44
46 -> 46
47 -> 47
48 -> 48
49 -> 49
51 -> 51
53 -> 53
54 -> 54
55 -> 55
56 -> 56
58 -> 58
59 -> 59
60 -> 60
61 -> 61
62 -> 62
63 -> 63
64 -> 64
65 -> 65
66 -> 66
67 -> 67
68 -> 68
69 -> 69
70 -> 70
71 -> 71
72 -> 72
73 -> 73
75 -> 75
76 -> 76
77 -> 77
78 -> 78
79 -> 79
80 -> 80
81 -> 81
82 -> 82
83 -> 83
84 -> 84
85 -> 85
86 -> 86
87 -> 87
88 -> 88
89 -> 89
90 -> 90
92 -> 92
93 -> 93
94 -> 94
95 -> 95
96 -> 96
97 -> 97
98 -> 98
99 -> 99
100 -> 100
101 -> 101
102 -> 102
103 -> 103
104 -> 104
105 -> 105
106 -> 106
107 -> 107
109 -> 109
110 -> 110
111 -> 111
112 -> 112
113 -> 113
114 -> 114
115 -> 115
116 -> 116
117 -> 117
118 -> 118
119 -> 119
120 -> 120
121 -> 121
122 -> 122
123 -> 123
124 -> 124
126 -> 126
127 -> 127
128 -> 128
129 -> 129
131 -> 131
133 -> 133
140 -> 140
141 -> 141
144 -> 144
145 -> 145
148 -> 148
149 -> 149
152 -> 152
153 -> 153
156 -> 156
157 -> 157
164 -> 164
165 -> 165
167 -> 167
168 -> 168
170 -> 170
171 -> 171
174 -> 174
175 -> 175
176 -> 176
184 -> 184
185 -> 185
186 -> 186
187 -> 187
194 -> 194
195 -> 195
203 -> 203
204 -> 204
205 -> 205
206 -> 206
207 -> 207
208 -> 208
215 -> 215
216 -> 216
217 -> 217
218 -> 218
219 -> 219
220 -> 220
227 -> 227
228 -> 228
229 -> 229
231 -> 231
232 -> 232
234 -> 234
235 -> 235
242 -> 242
243 -> 243
244 -> 244
246 -> 246
247 -> 247
248 -> 248
249 -> 249
251 -> 251
252 -> 252
255 -> 255
256 -> 256
258 -> 258
282 -> 282
283 -> 283
286 -> 286
288 -> 288
290 -> 290
291 -> 291
292 -> 292
293 -> 293
