171 -> 171
264 -> 264
88 -> 88
117 -> 117
118 -> 118
23 -> 23
66 -> 66
113 -> 113
421 -> 421
341 -> 341
237 -> 237
29 -> 29
59 -> 59
279 -> 279
419 -> 419
356 -> 356
71 -> 71
315 -> 315
114 -> 114
259 -> 259
36 -> 36
219 -> 219
247 -> 247
270 -> 270
345 -> 345
240 -> 240
20 -> 20
326 -> 326
18 -> 18
361 -> 361
108 -> 108
178 -> 178
76 -> 76
91 -> 91
170 -> 170
310 -> 310
325 -> 325
51 -> 51
100 -> 100
48 -> 48
295 -> 295
297 -> 297
30 -> 30
186 -> 186
317 -> 317
424 -> 424
380 -> 380
347 -> 347
189 -> 189
79 -> 79
329 -> 329
377 -> 377
49 -> 49
284 -> 284
102 -> 102
252 -> 252
86 -> 86
353 -> 353
61 -> 61
216 -> 216
265 -> 265
26 -> 26
80 -> 80
68 -> 68
17 -> 17
204 -> 204
280 -> 280
50 -> 50
191 -> 191
248 -> 248
99 -> 99
323 -> 323
203 -> 203
58 -> 58
422 -> 422
97 -> 97
333 -> 333
96 -> 96
24 -> 24
93 -> 93
236 -> 236
426 -> 426
214 -> 214
54 -> 54
200 -> 200
255 -> 255
220 -> 220
234 -> 234
368 -> 368
352 -> 352
35 -> 35
357 -> 357
262 -> 262
302 -> 302
257 -> 257
197 -> 197
336 -> 336
77 -> 77
44 -> 44
266 -> 266
300 -> 300
101 -> 101
344 -> 344
306 -> 306
261 -> 261
233 -> 233
246 -> 246
366 -> 366
283 -> 283
69 -> 69
311 -> 311
231 -> 231
318 -> 318
348 -> 348
112 -> 112
41 -> 41
299 -> 299
238 -> 238
254 -> 254
370 -> 370
92 -> 92
62 -> 62
119 -> 119
362 -> 362
60 -> 60
15 -> 15
425 -> 425
195 -> 195
338 -> 338
304 -> 304
98 -> 98
103 -> 103
63 -> 63
327 -> 327
298 -> 298
206 -> 206
165 -> 165
43 -> 43
22 -> 22
215 -> 215
245 -> 245
67 -> 67
169 -> 169
324 -> 324
305 -> 305
142 -> 142
332 -> 332
84 -> 84
293 -> 293
31 -> 31
427 -> 427
179 -> 179
307 -> 307
53 -> 53
364 -> 364
205 -> 205
369 -> 369
273 -> 273
340 -> 340
350 -> 350
34 -> 34
363 -> 363
360 -> 360
314 -> 314
109 -> 109
274 -> 274
385 -> 385
372 -> 372
337 -> 337
235 -> 235
85 -> 85
173 -> 173
188 -> 188
250 -> 250
72 -> 72
33 -> 33
124 -> 124
335 -> 335
120 -> 120
210 -> 210
25 -> 25
373 -> 373
105 -> 105
331 -> 331
378 -> 378
346 -> 346
321 -> 321
177 -> 177
290 -> 290
14 -> 14
202 -> 202
89 -> 89
379 -> 379
367 -> 367
182 -> 182
354 -> 354
242 -> 242
351 -> 351
183 -> 183
194 -> 194
40 -> 40
172 -> 172
