40 -> 40
254 -> 254
231 -> 231
419 -> 419
105 -> 105
290 -> 290
274 -> 274
377 -> 377
66 -> 66
302 -> 302
48 -> 48
165 -> 165
326 -> 326
426 -> 426
370 -> 370
14 -> 14
54 -> 54
262 -> 262
378 -> 378
177 -> 177
169 -> 169
329 -> 329
361 -> 361
96 -> 96
335 -> 335
283 -> 283
293 -> 293
216 -> 216
315 -> 315
84 -> 84
295 -> 295
341 -> 341
61 -> 61
266 -> 266
270 -> 270
321 -> 321
112 -> 112
200 -> 200
71 -> 71
344 -> 344
62 -> 62
284 -> 284
214 -> 214
58 -> 58
360 -> 360
35 -> 35
142 -> 142
109 -> 109
385 -> 385
351 -> 351
279 -> 279
261 -> 261
307 -> 307
340 -> 340
85 -> 85
86 -> 86
24 -> 24
304 -> 304
348 -> 348
53 -> 53
332 -> 332
356 -> 356
233 -> 233
92 -> 92
347 -> 347
98 -> 98
17 -> 17
186 -> 186
245 -> 245
248 -> 248
26 -> 26
215 -> 215
63 -> 63
273 -> 273
34 -> 34
314 -> 314
259 -> 259
236 -> 236
317 -> 317
51 -> 51
49 -> 49
252 -> 252
250 -> 250
300 -> 300
369 -> 369
362 -> 362
30 -> 30
188 -> 188
265 -> 265
194 -> 194
350 -> 350
234 -> 234
421 -> 421
318 -> 318
352 -> 352
170 -> 170
242 -> 242
59 -> 59
124 -> 124
76 -> 76
195 -> 195
79 -> 79
69 -> 69
117 -> 117
206 -> 206
89 -> 89
101 -> 101
373 -> 373
113 -> 113
425 -> 425
237 -> 237
323 -> 323
173 -> 173
103 -> 103
108 -> 108
338 -> 338
327 -> 327
119 -> 119
310 -> 310
424 -> 424
22 -> 22
203 -> 203
20 -> 20
345 -> 345
102 -> 102
210 -> 210
44 -> 44
324 -> 324
43 -> 43
364 -> 364
325 -> 325
118 -> 118
380 -> 380
357 -> 357
25 -> 25
306 -> 306
331 -> 331
23 -> 23
172 -> 172
372 -> 372
298 -> 298
41 -> 41
247 -> 247
60 -> 60
18 -> 18
379 -> 379
238 -> 238
427 -> 427
36 -> 36
235 -> 235
182 -> 182
240 -> 240
280 -> 280
183 -> 183
257 -> 257
219 -> 219
353 -> 353
363 -> 363
368 -> 368
50 -> 50
100 -> 100
191 -> 191
422 -> 422
333 -> 333
68 -> 68
31 -> 31
88 -> 88
299 -> 299
72 -> 72
33 -> 33
197 -> 197
29 -> 29
264 -> 264
171 -> 171
67 -> 67
255 -> 255
97 -> 97
246 -> 246
179 -> 179
202 -> 202
99 -> 99
205 -> 205
337 -> 337
311 -> 311
80 -> 80
189 -> 189
15 -> 15
354 -> 354
91 -> 91
305 -> 305
346 -> 346
204 -> 204
77 -> 77
367 -> 367
120 -> 120
114 -> 114
297 -> 297
220 -> 220
336 -> 336
366 -> 366
178 -> 178
93 -> 93
