14 -> 14
15 -> 15
17 -> 17
18 -> 18
20 -> 20
22 -> 22
23 -> 23
24 -> 24
25 -> 25
26 -> 26
29 -> 29
30 -> 30
31 -> 31
33 -> 33
34 -> 34
35 -> 35
36 -> 36
40 -> 40
41 -> 41
43 -> 43
44 -> 44
48 -> 48
49 -> 49
50 -> 50
51 -> 51
53 -> 53
54 -> 54
58 -> 58
59 -> 59
60 -> 60
61 -> 61
62 -> 62
63 -> 63
66 -> 66
67 -> 67
68 -> 68
69 -> 69
71 -> 71
72 -> 72
76 -> 76
77 -> 77
79 -> 79
80 -> 80
84 -> 84
85 -> 85
86 -> 86
88 -> 88
89 -> 89
91 -> 91
92 -> 92
93 -> 93
96 -> 96
97 -> 97
98 -> 98
99 -> 99
100 -> 100
101 -> 101
102 -> 102
103 -> 103
105 -> 105
108 -> 108
109 -> 109
112 -> 112
113 -> 113
114 -> 114
117 -> 117
118 -> 118
119 -> 119
120 -> 120
124 -> 124
142 -> 142
165 -> 165
169 -> 169
170 -> 170
171 -> 171
172 -> 172
173 -> 173
177 -> 177
178 -> 178
179 -> 179
182 -> 182
183 -> 183
186 -> 186
188 -> 188
189 -> 189
191 -> 191
194 -> 194
195 -> 195
197 -> 197
200 -> 200
202 -> 202
203 -> 203
204 -> 204
205 -> 205
206 -> 206
210 -> 210
214 -> 214
215 -> 215
216 -> 216
219 -> 219
220 -> 220
231 -> 231
233 -> 233
234 -> 234
235 -> 235
236 -> 236
237 -> 237
238 -> 238
240 -> 240
242 -> 242
245 -> 245
246 -> 246
247 -> 247
248 -> 248
250 -> 250
252 -> 252
254 -> 254
255 -> 255
257 -> 257
259 -> 259
261 -> 261
262 -> 262
264 -> 264
265 -> 265
266 -> 266
270 -> 270
273 -> 273
274 -> 274
279 -> 279
280 -> 280
283 -> 283
284 -> 284
290 -> 290
293 -> 293
295 -> 295
297 -> 297
298 -> 298
299 -> 299
300 -> 300
302 -> 302
304 -> 304
305 -> 305
306 -> 306
307 -> 307
310 -> 310
311 -> 311
314 -> 314
315 -> 315
317 -> 317
318 -> 318
321 -> 321
323 -> 323
324 -> 324
325 -> 325
326 -> 326
327 -> 327
329 -> 329
331 -> 331
332 -> 332
333 -> 333
335 -> 335
336 -> 336
337 -> 337
338 -> 338
340 -> 340
341 -> 341
344 -> 344
345 -> 345
346 -> 346
347 -> 347
348 -> 348
350 -> 350
351 -> 351
352 -> 352
353 -> 353
354 -> 354
356 -> 356
357 -> 357
360 -> 360
361 -> 361
362 -> 362
363 -> 363
364 -> 364
366 -> 366
367 -> 367
368 -> 368
369 -> 369
370 -> 370
372 -> 372
373 -> 373
377 -> 377
378 -> 378
379 -> 379
380 -> 380
385 -> 385
419 -> 419
421 -> 421
422 -> 422
424 -> 424
425 -> 425
426 -> 426
427 -> 427
