68 -> 68
85 -> 85
238 -> 238
266 -> 266
72 -> 72
246 -> 246
293 -> 293
274 -> 274
306 -> 306
114 -> 114
205 -> 205
300 -> 300
108 -> 108
385 -> 385
112 -> 112
77 -> 77
80 -> 80
340 -> 340
427 -> 427
356 -> 356
76 -> 76
348 -> 348
84 -> 84
314 -> 314
233 -> 233
69 -> 69
188 -> 188
219 -> 219
257 -> 257
237 -> 237
202 -> 202
169 -> 169
361 -> 361
54 -> 54
265 -> 265
235 -> 235
79 -> 79
183 -> 183
98 -> 98
419 -> 419
186 -> 186
366 -> 366
99 -> 99
307 -> 307
299 -> 299
357 -> 357
295 -> 295
273 -> 273
304 -> 304
33 -> 33
195 -> 195
236 -> 236
61 -> 61
360 -> 360
26 -> 26
182 -> 182
317 -> 317
264 -> 264
58 -> 58
425 -> 425
259 -> 259
283 -> 283
189 -> 189
71 -> 71
377 -> 377
353 -> 353
310 -> 310
422 -> 422
43 -> 43
29 -> 29
362 -> 362
344 -> 344
170 -> 170
242 -> 242
350 -> 350
165 -> 165
240 -> 240
216 -> 216
378 -> 378
215 -> 215
14 -> 14
203 -> 203
117 -> 117
424 -> 424
31 -> 31
179 -> 179
367 -> 367
194 -> 194
93 -> 93
324 -> 324
351 -> 351
48 -> 48
204 -> 204
60 -> 60
315 -> 315
96 -> 96
250 -> 250
119 -> 119
341 -> 341
63 -> 63
22 -> 22
426 -> 426
284 -> 284
373 -> 373
326 -> 326
35 -> 35
220 -> 220
248 -> 248
261 -> 261
200 -> 200
177 -> 177
44 -> 44
290 -> 290
364 -> 364
352 -> 352
86 -> 86
245 -> 245
50 -> 50
23 -> 23
302 -> 302
100 -> 100
172 -> 172
102 -> 102
298 -> 298
173 -> 173
280 -> 280
311 -> 311
105 -> 105
333 -> 333
323 -> 323
346 -> 346
372 -> 372
231 -> 231
97 -> 97
354 -> 354
53 -> 53
305 -> 305
214 -> 214
337 -> 337
255 -> 255
17 -> 17
113 -> 113
20 -> 20
327 -> 327
15 -> 15
142 -> 142
62 -> 62
338 -> 338
252 -> 252
67 -> 67
325 -> 325
380 -> 380
51 -> 51
331 -> 331
24 -> 24
124 -> 124
101 -> 101
210 -> 210
30 -> 30
368 -> 368
321 -> 321
421 -> 421
103 -> 103
262 -> 262
59 -> 59
279 -> 279
270 -> 270
109 -> 109
254 -> 254
234 -> 234
318 -> 318
247 -> 247
329 -> 329
197 -> 197
40 -> 40
379 -> 379
91 -> 91
120 -> 120
18 -> 18
206 -> 206
171 -> 171
41 -> 41
191 -> 191
89 -> 89
88 -> 88
332 -> 332
363 -> 363
25 -> 25
369 -> 369
49 -> 49
297 -> 297
118 -> 118
66 -> 66
178 -> 178
34 -> 34
92 -> 92
345 -> 345
36 -> 36
336 -> 336
347 -> 347
335 -> 335
370 -> 370
