14 -> 14
17 -> 17
24 -> 24
26 -> 26
34 -> 34
35 -> 35
40 -> 40
48 -> 48
49 -> 49
51 -> 51
53 -> 53
54 -> 54
58 -> 58
61 -> 61
62 -> 62
63 -> 63
66 -> 66
71 -> 71
84 -> 84
85 -> 85
86 -> 86
92 -> 92
96 -> 96
98 -> 98
105 -> 105
109 -> 109
112 -> 112
142 -> 142
165 -> 165
169 -> 169
177 -> 177
186 -> 186
200 -> 200
214 -> 214
215 -> 215
216 -> 216
231 -> 231
233 -> 233
236 -> 236
245 -> 245
248 -> 248
250 -> 250
252 -> 252
254 -> 254
259 -> 259
261 -> 261
262 -> 262
266 -> 266
270 -> 270
273 -> 273
274 -> 274
279 -> 279
283 -> 283
284 -> 284
290 -> 290
293 -> 293
295 -> 295
300 -> 300
302 -> 302
304 -> 304
307 -> 307
314 -> 314
315 -> 315
317 -> 317
321 -> 321
326 -> 326
329 -> 329
332 -> 332
335 -> 335
340 -> 340
341 -> 341
344 -> 344
347 -> 347
348 -> 348
351 -> 351
356 -> 356
360 -> 360
361 -> 361
369 -> 369
370 -> 370
377 -> 377
378 -> 378
385 -> 385
419 -> 419
426 -> 426
