324 -> 324
266 -> 266
424 -> 424
348 -> 348
236 -> 236
255 -> 255
283 -> 283
35 -> 35
353 -> 353
63 -> 63
370 -> 370
335 -> 335
93 -> 93
79 -> 79
197 -> 197
357 -> 357
97 -> 97
264 -> 264
202 -> 202
101 -> 101
378 -> 378
219 -> 219
68 -> 68
72 -> 72
262 -> 262
332 -> 332
273 -> 273
351 -> 351
86 -> 86
33 -> 33
36 -> 36
204 -> 204
194 -> 194
77 -> 77
109 -> 109
71 -> 71
360 -> 360
366 -> 366
118 -> 118
61 -> 61
214 -> 214
318 -> 318
20 -> 20
15 -> 15
347 -> 347
186 -> 186
237 -> 237
248 -> 248
367 -> 367
304 -> 304
362 -> 362
293 -> 293
191 -> 191
100 -> 100
314 -> 314
103 -> 103
25 -> 25
344 -> 344
183 -> 183
274 -> 274
200 -> 200
26 -> 26
172 -> 172
280 -> 280
92 -> 92
298 -> 298
53 -> 53
270 -> 270
327 -> 327
99 -> 99
356 -> 356
346 -> 346
50 -> 50
49 -> 49
188 -> 188
341 -> 341
170 -> 170
290 -> 290
361 -> 361
419 -> 419
30 -> 30
345 -> 345
261 -> 261
337 -> 337
340 -> 340
54 -> 54
114 -> 114
88 -> 88
24 -> 24
321 -> 321
165 -> 165
372 -> 372
17 -> 17
98 -> 98
117 -> 117
60 -> 60
259 -> 259
377 -> 377
305 -> 305
112 -> 112
231 -> 231
205 -> 205
85 -> 85
426 -> 426
352 -> 352
51 -> 51
58 -> 58
48 -> 48
265 -> 265
336 -> 336
331 -> 331
220 -> 220
257 -> 257
306 -> 306
246 -> 246
41 -> 41
338 -> 338
279 -> 279
297 -> 297
44 -> 44
31 -> 31
67 -> 67
247 -> 247
427 -> 427
299 -> 299
80 -> 80
315 -> 315
120 -> 120
59 -> 59
113 -> 113
380 -> 380
284 -> 284
182 -> 182
14 -> 14
177 -> 177
108 -> 108
307 -> 307
195 -> 195
363 -> 363
326 -> 326
250 -> 250
422 -> 422
34 -> 34
69 -> 69
142 -> 142
210 -> 210
43 -> 43
102 -> 102
302 -> 302
385 -> 385
311 -> 311
379 -> 379
169 -> 169
233 -> 233
105 -> 105
215 -> 215
421 -> 421
329 -> 329
89 -> 89
317 -> 317
179 -> 179
234 -> 234
369 -> 369
84 -> 84
66 -> 66
203 -> 203
373 -> 373
245 -> 245
240 -> 240
23 -> 23
206 -> 206
22 -> 22
325 -> 325
300 -> 300
354 -> 354
124 -> 124
254 -> 254
29 -> 29
238 -> 238
368 -> 368
96 -> 96
91 -> 91
40 -> 40
189 -> 189
323 -> 323
242 -> 242
173 -> 173
310 -> 310
295 -> 295
364 -> 364
216 -> 216
171 -> 171
333 -> 333
62 -> 62
119 -> 119
76 -> 76
18 -> 18
425 -> 425
350 -> 350
235 -> 235
178 -> 178
252 -> 252
