321 -> 321
283 -> 283
419 -> 419
347 -> 347
261 -> 261
274 -> 274
295 -> 295
53 -> 53
351 -> 351
84 -> 84
370 -> 370
335 -> 335
112 -> 112
98 -> 98
252 -> 252
356 -> 356
169 -> 169
293 -> 293
259 -> 259
200 -> 200
378 -> 378
270 -> 270
58 -> 58
165 -> 165
300 -> 300
341 -> 341
304 -> 304
63 -> 63
214 -> 214
85 -> 85
233 -> 233
35 -> 35
92 -> 92
216 -> 216
62 -> 62
61 -> 61
369 -> 369
48 -> 48
262 -> 262
215 -> 215
71 -> 71
109 -> 109
96 -> 96
14 -> 14
360 -> 360
290 -> 290
314 -> 314
317 -> 317
377 -> 377
250 -> 250
66 -> 66
340 -> 340
245 -> 245
284 -> 284
348 -> 348
248 -> 248
177 -> 177
231 -> 231
315 -> 315
344 -> 344
326 -> 326
307 -> 307
254 -> 254
34 -> 34
142 -> 142
302 -> 302
105 -> 105
49 -> 49
40 -> 40
329 -> 329
385 -> 385
86 -> 86
186 -> 186
24 -> 24
332 -> 332
273 -> 273
266 -> 266
26 -> 26
51 -> 51
426 -> 426
279 -> 279
361 -> 361
236 -> 236
54 -> 54
17 -> 17
