request breakpoint   0 at line  12
                   set at line  14
request breakpoint   1 at line  28
                   set at line  28
request breakpoint   2 at line  29
                   set at line  29
request breakpoint   3 at line  33
                   set at line  33
request breakpoint   4 at line  38
                   set at line  38
request breakpoint   5 at line  46
                   set at line  48
request breakpoint   6 at line  65
                   set at line  66
request breakpoint   7 at line  81
                   set at line  82
request breakpoint   8 at line  91
                   set at line  92
request breakpoint   9 at line 148
                   set at line 148
request breakpoint  10 at line 153
                   set at line 153
request breakpoint  11 at line 157
                   set at line 160
request breakpoint  12 at line 161
                   set at line 174
request breakpoint  13 at line 209
                   set at line 210
request breakpoint  14 at line 222
                   set at line 223
request breakpoint  15 at line 230
                   set at line 231
request breakpoint  16 at line 289
                   set at line 289
request breakpoint  17 at line 300
                   set at line 300
request breakpoint  18 at line 310
                   set at line 311
request breakpoint  19 at line 315
                   set at line 315
request breakpoint  20 at line 321
                   set at line 321
request breakpoint  21 at line 323
                   set at line 324
request breakpoint  22 at line 327
                   set at line 327
request breakpoint  23 at line 333
                   set at line 334
request breakpoint  24 at line 346
                   set at line 347
request breakpoint  25 at line 358
                   set at line 358
request breakpoint  26 at line 362
                   set at line 362
request breakpoint  27 at line 366
                   set at line 366
request breakpoint  28 at line 372
                   set at line 372
request breakpoint  29 at line 384
                   set at line 385
request breakpoint  30 at line 392
                   set at line 393
request breakpoint  31 at line 397
                   set at line 407
request breakpoint  32 at line 415
                   set at line 420
request breakpoint  33 at line 424
                   set at line 424
paused at line  14
	because of breakpoints [0]
action: stepIn
paused at line  15
action: stepIn
paused at line  16
action: stepOut
paused at line 324
action: stepOut
paused at line 334
action: resume
paused at line 372
	because of breakpoints [28]
action: stepIn
paused at line 373
action: resume
paused at line 385
	because of breakpoints [29]
action: stepOut
paused at line 393
action: resume
paused at line 407
	because of breakpoints [31]
action: stepIn
paused at line 420
action: resume
paused at line 420
	because of breakpoints [32]
action: stepIn
paused at line 422
action: stepOut
paused at line  28
action: resume
paused at line  29
	because of breakpoints [2]
action: resume
paused at line  33
	because of breakpoints [3]
action: resume
paused at line  82
	because of breakpoints [7]
action: resume
paused at line  33
	because of breakpoints [3]
action: resume
paused at line 358
	because of breakpoints [25]
action: stepIn
paused at line 358
action: stepIn
paused at line 108
action: stepOut
paused at line 110
action: stepIn
paused at line  45
action: resume
paused at line  33
	because of breakpoints [3]
action: stepOut
paused at line  33
action: stepIn
paused at line  36
action: stepOut
paused at line 358
action: stepOut
paused at line 358
action: stepIn
paused at line 108
action: resume
paused at line  33
	because of breakpoints [3]
action: resume
paused at line  33
	because of breakpoints [3]
action: stepIn
paused at line  48
action: resume
paused at line  48
	because of breakpoints [5]
action: stepOut
paused at line  49
action: resume
paused at line 362
	because of breakpoints [26]
action: stepOut
paused at line 366
action: stepOut
paused at line 369
action: resume
paused at line 362
	because of breakpoints [26]
action: resume
paused at line 366
	because of breakpoints [27]
action: stepIn
paused at line 365
action: resume
paused at line  28
	because of breakpoints [1]
action: resume
paused at line  29
	because of breakpoints [2]
action: resume
paused at line  33
	because of breakpoints [3]
action: stepIn
paused at line  36
action: stepIn
paused at line  37
action: stepOut
paused at line  33
action: resume
paused at line 358
	because of breakpoints [25]
action: stepIn
paused at line 358
action: stepOut
paused at line 110
action: stepOut
paused at line  33
action: resume
paused at line 358
	because of breakpoints [25]
action: stepOut
paused at line 358
action: stepIn
paused at line 108
action: stepOut
paused at line 110
action: stepIn
paused at line  34
action: resume
paused at line  33
	because of breakpoints [3]
action: stepIn
paused at line  36
action: stepOut
paused at line  33
action: stepOut
paused at line 358
action: resume
paused at line  33
	because of breakpoints [3]
action: stepOut
paused at line  33
action: stepOut
paused at line 358
action: resume
paused at line  33
	because of breakpoints [3]
action: stepOut
paused at line 358
action: resume
paused at line  33
	because of breakpoints [3]
action: stepOut
paused at line  82
action: stepIn
paused at line 110
action: resume
paused at line  33
	because of breakpoints [3]
action: stepOut
paused at line 358
action: stepIn
paused at line 358
action: resume
paused at line  33
	because of breakpoints [3]
action: stepIn
paused at line  36
action: resume
paused at line  33
	because of breakpoints [3]
action: stepIn
paused at line  36
action: stepIn
paused at line  37
action: resume
paused at line 358
	because of breakpoints [25]
action: stepIn
paused at line 358
action: resume
paused at line  33
	because of breakpoints [3]
action: resume
paused at line  33
	because of breakpoints [3]
action: stepOut
paused at line 358
action: stepOut
paused at line 358
action: stepOut
paused at line 110
action: stepOut
paused at line  33
action: stepIn
paused at line  36
action: resume
paused at line  33
	because of breakpoints [3]
action: resume
paused at line 358
	because of breakpoints [25]
action: resume
paused at line  33
	because of breakpoints [3]
action: stepIn
paused at line  36
action: resume
paused at line  33
	because of breakpoints [3]
action: resume
paused at line  48
	because of breakpoints [5]
action: stepIn
paused at line   1
action: stepOut
paused at line   1
action: stepOut
paused at line  49
action: stepOut
paused at line  49
action: stepIn
paused at line  20
action: stepOut
paused at line 362
action: stepIn
paused at line 365
action: stepOut
paused at line 366
action: resume
paused at line 362
	because of breakpoints [26]
action: stepOut
paused at line 369
action: resume
paused at line 362
	because of breakpoints [26]
action: stepIn
paused at line 365
action: stepOut
paused at line 369
action: resume
paused at line 424
	because of breakpoints [33]
action: resume
paused at line 362
	because of breakpoints [26]
action: stepOut
paused at line 366
action: resume
paused at line 362
	because of breakpoints [26]
action: stepOut
paused at line 366
action: stepOut
paused at line 369
action: stepIn
paused at line   1
action: resume
paused at line 362
	because of breakpoints [26]
action: resume
paused at line 366
	because of breakpoints [27]
action: stepIn
paused at line 365
action: stepOut
paused at line 369
action: stepIn
paused at line   1
action: resume
paused at line 362
	because of breakpoints [26]
action: stepOut
paused at line 369
action: stepIn
paused at line   1
action: stepOut
paused at line 362
action: resume
paused at line 424
	because of breakpoints [33]
action: stepIn
paused at line 423
action: stepIn
paused at line 426
action: stepOut
paused at line 362
action: resume
paused at line 366
	because of breakpoints [27]
action: stepOut
paused at line 369
action: stepOut
paused at line 362
action: stepIn
paused at line 365
action: stepOut
paused at line 366
action: stepOut
paused at line 369
action: resume
paused at line 362
	because of breakpoints [26]
action: stepOut
paused at line 366
action: stepOut
paused at line 369
action: stepOut
paused at line 362
action: stepIn
paused at line 365
action: stepOut
paused at line 366
action: stepOut
paused at line 369
action: stepIn
paused at line   1
action: stepOut
paused at line 362
action: resume
paused at line 366
	because of breakpoints [27]
action: stepIn
paused at line 365
action: stepOut
paused at line 369
action: resume
paused at line 424
	because of breakpoints [33]
action: resume
paused at line 362
	because of breakpoints [26]
action: stepOut
paused at line 366
action: stepOut
paused at line 369
action: resume
paused at line 362
	because of breakpoints [26]
action: stepOut
paused at line 366
action: stepOut
paused at line 369
action: stepIn
paused at line   1
action: resume
paused at line 362
	because of breakpoints [26]
action: stepOut
paused at line 366
action: resume
paused at line 362
	because of breakpoints [26]
action: resume
paused at line 362
	because of breakpoints [26]
action: resume
paused at line 424
	because of breakpoints [33]
action: resume
paused at line 362
	because of breakpoints [26]
action: stepIn
paused at line 365
action: stepIn
paused at line 366
action: stepOut
paused at line 366
action: stepOut
paused at line 369
action: stepOut
paused at line 362
action: resume
paused at line 366
	because of breakpoints [27]
action: stepIn
paused at line 365
action: stepOut
paused at line 369
action: resume
paused at line 362
	because of breakpoints [26]
action: resume
paused at line 366
	because of breakpoints [27]
action: resume
paused at line 362
	because of breakpoints [26]
action: stepOut
paused at line 369
action: resume
paused at line 362
	because of breakpoints [26]
action: stepIn
paused at line 365
action: resume
paused at line 424
	because of breakpoints [33]
action: stepOut
paused at line 362
action: stepIn
paused at line 365
action: stepOut
paused at line 366
action: stepOut
paused at line 369
action: resume
paused at line 362
	because of breakpoints [26]
action: stepOut
paused at line 366
action: stepOut
paused at line 369
action: stepOut
paused at line   1
action: resume
paused at line 362
	because of breakpoints [26]
action: resume
paused at line 366
	because of breakpoints [27]
action: stepOut
paused at line 369
action: resume
paused at line 362
	because of breakpoints [26]
action: stepOut
paused at line 369
action: resume
paused at line 362
	because of breakpoints [26]
action: resume
paused at line 424
	because of breakpoints [33]
action: stepOut
paused at line 362
action: resume
paused at line 366
	because of breakpoints [27]
action: stepIn
paused at line 365
action: stepOut
paused at line 369
action: resume
paused at line 362
	because of breakpoints [26]
action: stepIn
paused at line 365
action: stepIn
paused at line 366
action: resume
paused at line 366
	because of breakpoints [27]
action: resume
paused at line 362
	because of breakpoints [26]
action: stepOut
paused at line 366
action: stepIn
paused at line 365
action: stepOut
paused at line 369
action: stepIn
paused at line   1
action: stepIn
paused at line 361
action: resume
paused at line 362
	because of breakpoints [26]
action: stepOut
paused at line 369
action: stepOut
paused at line 362
action: resume
paused at line 424
	because of breakpoints [33]
action: stepOut
paused at line 362
action: stepIn
paused at line 365
action: stepOut
paused at line 366
action: stepOut
paused at line 369
action: stepOut
paused at line 362
action: stepOut
paused at line 366
action: resume
paused at line 362
	because of breakpoints [26]
action: stepOut
paused at line 366
action: resume
paused at line 362
	because of breakpoints [26]
action: stepOut
paused at line 366
action: resume
paused at line 362
	because of breakpoints [26]
action: resume
paused at line 424
	because of breakpoints [33]
action: stepOut
paused at line 362
action: stepIn
paused at line 365
action: stepIn
done with actions
