141 -> 141
120 -> 120
172 -> 172
153 -> 153
107 -> 107
114 -> 114
125 -> 125
18 -> 18
156 -> 156
38 -> 38
166 -> 166
147 -> 147
80 -> 80
74 -> 74
102 -> 102
160 -> 160
84 -> 84
123 -> 123
106 -> 106
86 -> 86
170 -> 170
111 -> 111
79 -> 79
81 -> 81
127 -> 127
150 -> 150
130 -> 130
157 -> 157
87 -> 87
71 -> 71
94 -> 94
12 -> 12
59 -> 59
91 -> 91
22 -> 22
82 -> 82
163 -> 163
14 -> 14
11 -> 11
103 -> 103
35 -> 35
151 -> 151
129 -> 129
4 -> 4
162 -> 162
121 -> 121
132 -> 132
140 -> 140
167 -> 167
75 -> 75
26 -> 26
19 -> 19
88 -> 88
6 -> 6
155 -> 155
122 -> 122
113 -> 113
92 -> 92
133 -> 133
101 -> 101
98 -> 98
62 -> 62
109 -> 109
16 -> 16
20 -> 20
21 -> 21
164 -> 164
15 -> 15
142 -> 142
13 -> 13
50 -> 50
110 -> 110
99 -> 99
171 -> 171
135 -> 135
85 -> 85
9 -> 9
119 -> 119
96 -> 96
173 -> 173
10 -> 10
104 -> 104
143 -> 143
23 -> 23
146 -> 146
47 -> 47
144 -> 144
