86 -> 86
114 -> 114
59 -> 59
82 -> 82
83 -> 83
11 -> 11
35 -> 35
10 -> 10
171 -> 171
150 -> 150
109 -> 109
16 -> 16
12 -> 12
123 -> 123
14 -> 14
157 -> 157
71 -> 71
140 -> 140
88 -> 88
120 -> 120
75 -> 75
18 -> 18
119 -> 119
125 -> 125
153 -> 153
115 -> 115
96 -> 96
146 -> 146
47 -> 47
162 -> 162
94 -> 94
103 -> 103
4 -> 4
91 -> 91
13 -> 13
143 -> 143
147 -> 147
156 -> 156
99 -> 99
38 -> 38
141 -> 141
9 -> 9
62 -> 62
5 -> 5
19 -> 19
172 -> 172
21 -> 21
160 -> 160
92 -> 92
144 -> 144
155 -> 155
170 -> 170
135 -> 135
106 -> 106
113 -> 113
80 -> 80
173 -> 173
164 -> 164
104 -> 104
110 -> 110
79 -> 79
81 -> 81
142 -> 142
89 -> 89
101 -> 101
85 -> 85
23 -> 23
151 -> 151
98 -> 98
15 -> 15
167 -> 167
20 -> 20
122 -> 122
163 -> 163
74 -> 74
127 -> 127
166 -> 166
129 -> 129
6 -> 6
130 -> 130
84 -> 84
87 -> 87
121 -> 121
26 -> 26
111 -> 111
100 -> 100
132 -> 132
107 -> 107
22 -> 22
50 -> 50
102 -> 102
133 -> 133
