140 -> 140
115 -> 115
172 -> 172
153 -> 153
104 -> 104
113 -> 113
122 -> 122
16 -> 16
156 -> 156
38 -> 38
164 -> 164
146 -> 146
80 -> 80
71 -> 71
100 -> 100
157 -> 157
82 -> 82
121 -> 121
103 -> 103
85 -> 85
170 -> 170
109 -> 109
79 -> 79
81 -> 81
123 -> 123
147 -> 147
127 -> 127
22 -> 22
86 -> 86
15 -> 15
89 -> 89
111 -> 111
50 -> 50
87 -> 87
99 -> 99
62 -> 62
163 -> 163
13 -> 13
35 -> 35
19 -> 19
120 -> 120
74 -> 74
20 -> 20
135 -> 135
160 -> 160
5 -> 5
75 -> 75
132 -> 132
167 -> 167
18 -> 18
166 -> 166
144 -> 144
98 -> 98
83 -> 83
151 -> 151
114 -> 114
23 -> 23
162 -> 162
102 -> 102
106 -> 106
91 -> 91
12 -> 12
129 -> 129
150 -> 150
155 -> 155
125 -> 125
119 -> 119
11 -> 11
110 -> 110
21 -> 21
10 -> 10
107 -> 107
101 -> 101
171 -> 171
96 -> 96
141 -> 141
84 -> 84
92 -> 92
94 -> 94
173 -> 173
26 -> 26
47 -> 47
143 -> 143
9 -> 9
133 -> 133
14 -> 14
59 -> 59
4 -> 4
130 -> 130
6 -> 6
142 -> 142
88 -> 88
