23 -> 23
47 -> 47
106 -> 106
119 -> 119
38 -> 38
110 -> 110
123 -> 123
121 -> 121
132 -> 132
84 -> 84
101 -> 101
130 -> 130
15 -> 15
171 -> 171
86 -> 86
74 -> 74
75 -> 75
150 -> 150
173 -> 173
157 -> 157
79 -> 79
155 -> 155
82 -> 82
141 -> 141
113 -> 113
81 -> 81
103 -> 103
111 -> 111
12 -> 12
9 -> 9
109 -> 109
16 -> 16
163 -> 163
107 -> 107
18 -> 18
120 -> 120
89 -> 89
59 -> 59
99 -> 99
20 -> 20
5 -> 5
166 -> 166
83 -> 83
144 -> 144
143 -> 143
19 -> 19
142 -> 142
62 -> 62
146 -> 146
92 -> 92
122 -> 122
21 -> 21
125 -> 125
164 -> 164
115 -> 115
80 -> 80
153 -> 153
100 -> 100
133 -> 133
35 -> 35
91 -> 91
26 -> 26
14 -> 14
11 -> 11
6 -> 6
96 -> 96
10 -> 10
13 -> 13
167 -> 167
85 -> 85
170 -> 170
88 -> 88
22 -> 22
71 -> 71
135 -> 135
104 -> 104
156 -> 156
50 -> 50
172 -> 172
114 -> 114
160 -> 160
127 -> 127
129 -> 129
87 -> 87
102 -> 102
94 -> 94
162 -> 162
98 -> 98
147 -> 147
140 -> 140
4 -> 4
151 -> 151
