4 -> 4
6 -> 6
9 -> 9
10 -> 10
11 -> 11
12 -> 12
13 -> 13
14 -> 14
15 -> 15
16 -> 16
18 -> 18
19 -> 19
20 -> 20
21 -> 21
22 -> 22
23 -> 23
26 -> 26
35 -> 35
38 -> 38
47 -> 47
50 -> 50
59 -> 59
62 -> 62
71 -> 71
74 -> 74
75 -> 75
79 -> 79
80 -> 80
81 -> 81
82 -> 82
84 -> 84
85 -> 85
86 -> 86
87 -> 87
88 -> 88
91 -> 91
92 -> 92
94 -> 94
96 -> 96
98 -> 98
99 -> 99
101 -> 101
102 -> 102
103 -> 103
104 -> 104
106 -> 106
107 -> 107
109 -> 109
110 -> 110
111 -> 111
113 -> 113
114 -> 114
119 -> 119
120 -> 120
121 -> 121
122 -> 122
123 -> 123
125 -> 125
127 -> 127
129 -> 129
130 -> 130
132 -> 132
133 -> 133
135 -> 135
140 -> 140
141 -> 141
142 -> 142
143 -> 143
144 -> 144
146 -> 146
147 -> 147
150 -> 150
151 -> 151
153 -> 153
155 -> 155
156 -> 156
157 -> 157
160 -> 160
162 -> 162
163 -> 163
164 -> 164
166 -> 166
167 -> 167
170 -> 170
171 -> 171
172 -> 172
173 -> 173
