38 -> 39
44 -> 44
42 -> 42
45 -> 46
50 -> 50
24 -> 25
33 -> 34
7 -> 25
13 -> 25
61 -> 61
16 -> 25
63 -> 25
8 -> 25
21 -> 25
22 -> 25
52 -> 52
34 -> 34
11 -> 25
18 -> 25
5 -> 25
48 -> 50
32 -> 32
59 -> 60
9 -> 25
19 -> 25
30 -> 30
40 -> 42
53 -> 53
26 -> 26
36 -> 36
12 -> 25
56 -> 60
0 -> 25
23 -> 25
3 -> 25
41 -> 42
29 -> 30
31 -> 31
1 -> 25
17 -> 25
37 -> 39
60 -> 60
6 -> 25
43 -> 43
54 -> 60
14 -> 25
10 -> 25
57 -> 60
47 -> 47
35 -> 35
55 -> 60
27 -> 27
46 -> 46
2 -> 25
39 -> 39
25 -> 25
51 -> 51
49 -> 50
62 -> 62
28 -> 42
4 -> 25
15 -> 25
58 -> 60
20 -> 25
