request breakpoint   0 at line  15
                   set at line  20
request breakpoint   1 at line  33
                   set at line  40
request breakpoint   2 at line 209
                   set at line 209
request breakpoint   3 at line 188
                   set at line 190
request breakpoint   4 at line 326
                   set at line 326
request breakpoint   5 at line  90
                   set at line  91
request breakpoint   6 at line 236
                   set at line 236
request breakpoint   7 at line 227
                   set at line 227
request breakpoint   8 at line 302
                   set at line 302
request breakpoint   9 at line  61
                   set at line  61
request breakpoint  10 at line 248
                   set at line 248
request breakpoint  11 at line  45
                   set at line  45
request breakpoint  12 at line 143
                   set at line 148
request breakpoint  13 at line 267
                   set at line 267
request breakpoint  14 at line 330
                   set at line 330
request breakpoint  15 at line 348
                   set at line 348
request breakpoint  16 at line 305
                   set at line 305
request breakpoint  17 at line 338
                   set at line 339
request breakpoint  18 at line  27
                   set at line  27
request breakpoint  19 at line  64
                   set at line  64
request breakpoint  20 at line 223
                   set at line 223
request breakpoint  21 at line  73
                   set at line  74
request breakpoint  22 at line 314
                   set at line 315
request breakpoint  23 at line 160
                   set at line 162
request breakpoint  24 at line  29
                   set at line  29
request breakpoint  25 at line 157
                   set at line 162
request breakpoint  26 at line 153
                   set at line 153
request breakpoint  27 at line  80
                   set at line  80
request breakpoint  28 at line 274
                   set at line 279
request breakpoint  29 at line 299
                   set at line 299
request breakpoint  30 at line 106
                   set at line 106
request breakpoint  31 at line 279
                   set at line 279
request breakpoint  32 at line 241
                   set at line 241
request breakpoint  33 at line  13
                   set at line  13
request breakpoint  34 at line 197
                   set at line 197
request breakpoint  35 at line 154
                   set at line 154
request breakpoint  36 at line 339
                   set at line 339
request breakpoint  37 at line 266
                   set at line 266
request breakpoint  38 at line 103
                   set at line 104
request breakpoint  39 at line 317
                   set at line 318
request breakpoint  40 at line 253
                   set at line 253
request breakpoint  41 at line 310
                   set at line 311
request breakpoint  42 at line  32
                   set at line  32
request breakpoint  43 at line  63
                   set at line  63
request breakpoint  44 at line 206
                   set at line 206
request breakpoint  45 at line 288
                   set at line 295
request breakpoint  46 at line  94
                   set at line  94
request breakpoint  47 at line 235
                   set at line 235
request breakpoint  48 at line 237
                   set at line 237
request breakpoint  49 at line 270
                   set at line 271
request breakpoint  50 at line 168
                   set at line 168
request breakpoint  51 at line 124
                   set at line 124
request breakpoint  52 at line 195
                   set at line 195
request breakpoint  53 at line 108
                   set at line 108
request breakpoint  54 at line 289
                   set at line 295
request breakpoint  55 at line 105
                   set at line 105
request breakpoint  56 at line 251
                   set at line 251
request breakpoint  57 at line 207
                   set at line 207
request breakpoint  58 at line  55
                   set at line  55
request breakpoint  59 at line 217
                   set at line 217
request breakpoint  60 at line 193
                   set at line 195
request breakpoint  61 at line 255
                   set at line 255
request breakpoint  62 at line 190
                   set at line 190
paused at line  13
	because of breakpoints [33]
action: stepIn
paused at line  20
	because of breakpoints [0]
action: stepIn
paused at line  21
action: stepOver
paused at line  22
action: stepOver
paused at line 343
action: resume
paused at line 266
	because of breakpoints [37]
action: stepIn
paused at line 267
	because of breakpoints [13]
action: stepOver
paused at line 268
action: stepOver
paused at line 271
	because of breakpoints [49]
action: resume
paused at line 279
	because of breakpoints [28,31]
action: stepIn
paused at line 287
action: stepOver
paused at line 295
	because of breakpoints [45,54]
action: stepIn
paused at line  99
action: stepOut
paused at line 296
action: resume
paused at line 299
	because of breakpoints [29]
action: resume
paused at line 302
	because of breakpoints [8]
action: resume
paused at line 305
	because of breakpoints [16]
action: resume
paused at line 311
	because of breakpoints [41]
action: resume
paused at line  91
	because of breakpoints [5]
action: stepIn
paused at line  78
action: stepIn
paused at line  79
action: stepOver
paused at line  80
	because of breakpoints [27]
action: stepIn
paused at line  81
action: resume
paused at line  94
	because of breakpoints [46]
action: stepOut
paused at line 312
action: stepIn
paused at line 312
action: stepOut
paused at line  91
	because of breakpoints [5]
action: stepOut
paused at line  80
	because of breakpoints [27]
action: stepIn
paused at line  81
action: resume
paused at line  94
	because of breakpoints [46]
action: resume
paused at line  91
	because of breakpoints [5]
action: stepIn
paused at line  78
action: resume
paused at line  80
	because of breakpoints [27]
action: stepOver
paused at line  81
action: stepOver
paused at line  82
action: stepOver
paused at line  83
action: stepOut
paused at line  92
action: resume
paused at line  94
	because of breakpoints [46]
action: stepOver
paused at line  95
action: stepIn
paused at line  96
action: resume
paused at line  91
	because of breakpoints [5]
action: stepOver
paused at line  80
	because of breakpoints [27]
action: resume
paused at line  94
	because of breakpoints [46]
action: stepIn
paused at line  95
action: stepIn
paused at line  96
action: stepOver
paused at line 312
action: resume
paused at line  91
	because of breakpoints [5]
action: stepIn
paused at line  78
action: stepOver
paused at line  79
action: stepOver
paused at line  80
	because of breakpoints [27]
action: stepOver
paused at line  81
action: stepOut
paused at line  92
action: stepIn
paused at line  93
action: stepOut
paused at line  94
	because of breakpoints [46]
action: stepIn
paused at line  95
action: resume
paused at line  91
	because of breakpoints [5]
action: stepIn
paused at line  78
action: stepOver
paused at line  79
action: stepOut
paused at line  80
	because of breakpoints [27]
action: stepOver
paused at line  81
action: stepOver
paused at line  82
action: stepOut
paused at line  92
action: stepOver
paused at line  93
action: stepOut
paused at line  94
	because of breakpoints [46]
action: resume
paused at line 315
	because of breakpoints [22]
action: stepOver
paused at line 318
	because of breakpoints [39]
action: stepIn
paused at line 319
action: resume
paused at line 148
	because of breakpoints [12]
action: stepOut
paused at line 104
	because of breakpoints [38]
action: stepIn
paused at line 105
	because of breakpoints [55]
action: resume
paused at line 106
	because of breakpoints [30]
action: stepOut
paused at line 108
	because of breakpoints [53]
action: resume
paused at line 108
	because of breakpoints [53]
action: stepIn
paused at line 109
action: stepOut
paused at line 108
	because of breakpoints [53]
action: resume
paused at line 108
	because of breakpoints [53]
action: stepIn
paused at line 109
action: resume
paused at line 104
	because of breakpoints [38]
action: resume
paused at line 105
	because of breakpoints [55]
action: stepOver
paused at line 106
	because of breakpoints [30]
action: stepOver
paused at line 107
action: stepOut
paused at line 108
	because of breakpoints [53]
action: stepOver
paused at line 109
action: stepIn
paused at line 109
action: stepOver
paused at line 109
action: resume
paused at line 108
	because of breakpoints [53]
action: resume
paused at line 108
	because of breakpoints [53]
action: stepOut
paused at line 108
	because of breakpoints [53]
action: stepOver
paused at line 109
action: resume
paused at line 326
	because of breakpoints [4]
action: stepIn
paused at line 116
action: stepOut
paused at line 325
action: stepOut
paused at line 326
	because of breakpoints [4]
action: stepOut
paused at line 326
	because of breakpoints [4]
action: stepIn
paused at line 116
action: stepOut
paused at line 325
action: stepIn
paused at line 325
action: stepOver
paused at line 326
	because of breakpoints [4]
action: stepOver
paused at line 325
action: stepOver
paused at line 325
action: resume
paused at line 326
	because of breakpoints [4]
action: stepIn
paused at line 116
action: stepOut
paused at line 325
action: resume
paused at line 326
	because of breakpoints [4]
action: resume
paused at line 326
	because of breakpoints [4]
action: stepOver
paused at line 325
action: stepOver
paused at line 325
action: stepOut
paused at line 326
	because of breakpoints [4]
action: stepOut
paused at line 326
	because of breakpoints [4]
action: stepIn
paused at line 116
action: resume
paused at line 195
	because of breakpoints [52,60]
action: resume
paused at line 197
	because of breakpoints [34]
action: stepIn
paused at line 198
action: stepOver
paused at line 198
action: stepIn
paused at line 123
action: resume
paused at line 124
	because of breakpoints [51]
action: stepOver
paused at line 125
action: stepOut
paused at line 198
action: stepOut
paused at line 124
	because of breakpoints [51]
action: stepOver
paused at line 125
action: stepIn
paused at line 125
action: stepIn
paused at line 125
action: stepOver
paused at line 125
action: resume
paused at line 124
	because of breakpoints [51]
action: stepOver
paused at line 125
action: stepOut
paused at line 198
action: stepIn
paused at line 198
action: stepOut
paused at line 124
	because of breakpoints [51]
action: stepOut
paused at line 198
action: resume
paused at line 124
	because of breakpoints [51]
action: stepOver
paused at line 125
action: stepOver
paused at line 125
action: stepOver
paused at line 125
action: stepIn
paused at line 125
action: stepOut
paused at line 198
action: stepOver
paused at line 198
action: stepIn
paused at line 198
action: stepOver
paused at line 124
	because of breakpoints [51]
action: resume
paused at line  27
	because of breakpoints [18]
action: stepIn
paused at line  28
action: stepOver
paused at line  29
	because of breakpoints [24]
action: resume
paused at line  32
	because of breakpoints [42]
action: stepOver
paused at line  40
	because of breakpoints [1]
action: stepOver
paused at line  40
action: stepOver
paused at line  40
action: resume
paused at line  55
	because of breakpoints [58]
action: stepOver
paused at line  56
action: stepOver
paused at line  57
action: stepIn
paused at line  58
action: resume
paused at line  61
	because of breakpoints [9]
action: stepOver
paused at line  63
	because of breakpoints [43]
action: stepOver
paused at line  64
	because of breakpoints [19]
action: resume
paused at line  64
	because of breakpoints [19]
action: resume
paused at line  64
	because of breakpoints [19]
action: stepOver
paused at line  65
action: stepIn
paused at line  66
action: stepIn
paused at line  71
action: stepOver
paused at line  72
action: stepOver
paused at line  64
action: stepOver
paused at line  64
	because of breakpoints [19]
action: stepOver
paused at line  65
action: stepOut
paused at line  64
	because of breakpoints [19]
action: stepOver
paused at line  65
action: stepOver
paused at line  66
action: resume
paused at line  64
	because of breakpoints [19]
action: resume
paused at line  64
	because of breakpoints [19]
action: stepOver
paused at line  65
action: resume
paused at line  64
	because of breakpoints [19]
action: stepIn
paused at line  65
action: stepOver
paused at line  66
action: stepOut
paused at line  64
	because of breakpoints [19]
action: stepIn
paused at line  65
action: stepOut
paused at line  64
	because of breakpoints [19]
action: stepOver
paused at line  65
action: stepOver
paused at line  66
action: stepOver
paused at line  71
action: stepOut
paused at line  64
	because of breakpoints [19]
action: stepOut
