request breakpoint   0 at line  15
                   set at line  20
request breakpoint   1 at line 236
                   set at line 243
request breakpoint   2 at line 296
                   set at line 296
request breakpoint   3 at line  95
                   set at line  97
request breakpoint   4 at line 168
                   set at line 168
request breakpoint   5 at line 335
                   set at line 336
request breakpoint   6 at line 323
                   set at line 323
request breakpoint   7 at line 314
                   set at line 314
request breakpoint   8 at line 144
                   set at line 144
request breakpoint   9 at line 264
                   set at line 264
request breakpoint  10 at line  62
                   set at line  62
request breakpoint  11 at line 248
                   set at line 248
request breakpoint  12 at line  45
                   set at line  50
request breakpoint  13 at line 109
                   set at line 109
request breakpoint  14 at line 172
                   set at line 172
request breakpoint  15 at line 348
                   set at line 348
request breakpoint  16 at line 147
                   set at line 147
request breakpoint  17 at line 180
                   set at line 181
request breakpoint  18 at line 230
                   set at line 230
request breakpoint  19 at line 267
                   set at line 267
request breakpoint  20 at line 310
                   set at line 310
request breakpoint  21 at line 276
                   set at line 277
request breakpoint  22 at line 156
                   set at line 157
request breakpoint  23 at line  81
                   set at line  83
request breakpoint  24 at line 232
                   set at line 232
request breakpoint  25 at line  78
                   set at line  83
request breakpoint  26 at line  74
                   set at line  74
request breakpoint  27 at line 214
                   set at line 214
request breakpoint  28 at line 116
                   set at line 121
request breakpoint  29 at line 141
                   set at line 141
request breakpoint  30 at line  35
                   set at line  35
request breakpoint  31 at line 121
                   set at line 121
request breakpoint  32 at line  55
                   set at line  55
request breakpoint  33 at line  13
                   set at line  13
request breakpoint  34 at line 284
                   set at line 284
request breakpoint  35 at line  75
                   set at line  75
request breakpoint  36 at line 181
                   set at line 181
request breakpoint  37 at line 108
                   set at line 108
request breakpoint  38 at line  32
                   set at line  33
request breakpoint  39 at line 159
                   set at line 160
request breakpoint  40 at line  67
                   set at line  67
request breakpoint  41 at line 152
                   set at line 153
request breakpoint  42 at line 235
                   set at line 235
request breakpoint  43 at line 266
                   set at line 266
request breakpoint  44 at line 293
                   set at line 293
request breakpoint  45 at line 130
                   set at line 137
request breakpoint  46 at line 339
                   set at line 339
request breakpoint  47 at line 322
                   set at line 322
request breakpoint  48 at line 324
                   set at line 324
request breakpoint  49 at line 112
                   set at line 113
request breakpoint  50 at line 200
                   set at line 200
request breakpoint  51 at line  26
                   set at line  26
request breakpoint  52 at line 282
                   set at line 282
request breakpoint  53 at line  37
                   set at line  37
request breakpoint  54 at line 131
                   set at line 137
request breakpoint  55 at line  34
                   set at line  34
request breakpoint  56 at line  65
                   set at line  65
request breakpoint  57 at line 294
                   set at line 294
request breakpoint  58 at line 258
                   set at line 258
request breakpoint  59 at line 304
                   set at line 304
request breakpoint  60 at line 280
                   set at line 282
request breakpoint  61 at line  69
                   set at line  69
request breakpoint  62 at line  97
                   set at line  97
paused at line  13
	because of breakpoints [33]
action: stepIn
paused at line  20
	because of breakpoints [0]
action: stepIn
paused at line  21
action: stepOver
paused at line  22
action: stepOver
paused at line 343
action: resume
paused at line 108
	because of breakpoints [37]
action: stepIn
paused at line 109
	because of breakpoints [13]
action: stepOver
paused at line 110
action: stepOver
paused at line 113
	because of breakpoints [49]
action: resume
paused at line 121
	because of breakpoints [28,31]
action: stepIn
paused at line 129
action: stepOver
paused at line 137
	because of breakpoints [45,54]
action: stepIn
paused at line 327
action: stepOut
paused at line 138
action: resume
paused at line 141
	because of breakpoints [29]
action: resume
paused at line 144
	because of breakpoints [8]
action: resume
paused at line 147
	because of breakpoints [16]
action: resume
paused at line 153
	because of breakpoints [41]
action: resume
paused at line 336
	because of breakpoints [5]
action: stepIn
paused at line 212
action: stepIn
paused at line 213
action: stepOver
paused at line 214
	because of breakpoints [27]
action: stepIn
paused at line 215
action: resume
paused at line 339
	because of breakpoints [46]
action: stepOut
paused at line 154
action: stepIn
paused at line 154
action: stepOut
paused at line 336
	because of breakpoints [5]
action: stepOut
paused at line 214
	because of breakpoints [27]
action: stepIn
paused at line 215
action: resume
paused at line 339
	because of breakpoints [46]
action: resume
paused at line 336
	because of breakpoints [5]
action: stepIn
paused at line 212
action: resume
paused at line 214
	because of breakpoints [27]
action: stepOver
paused at line 215
action: stepOver
paused at line 216
action: stepOver
paused at line 217
action: stepOut
paused at line 337
action: resume
paused at line 339
	because of breakpoints [46]
action: stepOver
paused at line 340
action: stepIn
paused at line 341
action: resume
paused at line 336
	because of breakpoints [5]
action: stepOver
paused at line 214
	because of breakpoints [27]
action: resume
paused at line 339
	because of breakpoints [46]
action: stepIn
paused at line 340
action: stepIn
paused at line 341
action: stepOver
paused at line 154
action: resume
paused at line 336
	because of breakpoints [5]
action: stepIn
paused at line 212
action: stepOver
paused at line 213
action: stepOver
paused at line 214
	because of breakpoints [27]
action: stepOver
paused at line 215
action: stepOut
paused at line 337
action: stepIn
paused at line 338
action: stepOut
paused at line 339
	because of breakpoints [46]
action: stepIn
paused at line 340
action: resume
paused at line 336
	because of breakpoints [5]
action: stepIn
paused at line 212
action: stepOver
paused at line 213
action: stepOut
paused at line 214
	because of breakpoints [27]
action: stepOver
paused at line 215
action: stepOver
paused at line 216
action: stepOut
paused at line 337
action: stepOver
paused at line 338
action: stepOut
paused at line 339
	because of breakpoints [46]
action: resume
paused at line 157
	because of breakpoints [22]
action: stepOver
paused at line 160
	because of breakpoints [39]
action: stepIn
paused at line 161
action: resume
paused at line  50
	because of breakpoints [12]
action: stepOut
paused at line  33
	because of breakpoints [38]
action: stepIn
paused at line  34
	because of breakpoints [55]
action: resume
paused at line  35
	because of breakpoints [30]
action: stepOut
paused at line  37
	because of breakpoints [53]
action: resume
paused at line  37
	because of breakpoints [53]
action: stepIn
paused at line  38
action: stepOut
paused at line  37
	because of breakpoints [53]
action: resume
paused at line  37
	because of breakpoints [53]
action: stepIn
paused at line  38
action: resume
paused at line  33
	because of breakpoints [38]
action: resume
paused at line  34
	because of breakpoints [55]
action: stepOver
paused at line  35
	because of breakpoints [30]
action: stepOver
paused at line  36
action: stepOut
paused at line  37
	because of breakpoints [53]
action: stepOver
paused at line  38
action: stepIn
paused at line  38
action: stepOver
paused at line  38
action: resume
paused at line  37
	because of breakpoints [53]
action: resume
paused at line  37
	because of breakpoints [53]
action: stepOut
paused at line  37
	because of breakpoints [53]
action: stepOver
paused at line  38
action: resume
paused at line 168
	because of breakpoints [4]
action: stepIn
paused at line 221
action: stepOut
paused at line 167
action: stepOut
paused at line 168
	because of breakpoints [4]
action: stepOut
paused at line 168
	because of breakpoints [4]
action: stepIn
paused at line 221
action: stepOut
paused at line 167
action: stepIn
paused at line 167
action: stepOver
paused at line 168
	because of breakpoints [4]
action: stepOver
paused at line 167
action: stepOver
paused at line 167
action: resume
paused at line 168
	because of breakpoints [4]
action: stepIn
paused at line 221
action: stepOut
paused at line 167
action: resume
paused at line 168
	because of breakpoints [4]
action: resume
paused at line 168
	because of breakpoints [4]
action: stepOver
paused at line 167
action: stepOver
paused at line 167
action: stepOut
paused at line 168
	because of breakpoints [4]
action: stepOut
paused at line 168
	because of breakpoints [4]
action: stepIn
paused at line 221
action: resume
paused at line 282
	because of breakpoints [52,60]
action: resume
paused at line 284
	because of breakpoints [34]
action: stepIn
paused at line 285
action: stepOver
paused at line 285
action: stepIn
paused at line  25
action: resume
paused at line  26
	because of breakpoints [51]
action: stepOver
paused at line  27
action: stepOut
paused at line 285
action: stepOut
paused at line  26
	because of breakpoints [51]
action: stepOver
paused at line  27
action: stepIn
paused at line  27
action: stepIn
paused at line  27
action: stepOver
paused at line  27
action: resume
paused at line  26
	because of breakpoints [51]
action: stepOver
paused at line  27
action: stepOut
paused at line 285
action: stepIn
paused at line 285
action: stepOut
paused at line  26
	because of breakpoints [51]
action: stepOut
paused at line 285
action: resume
paused at line  26
	because of breakpoints [51]
action: stepOver
paused at line  27
action: stepOver
paused at line  27
action: stepOver
paused at line  27
action: stepIn
paused at line  27
action: stepOut
paused at line 285
action: stepOver
paused at line 285
action: stepIn
paused at line 285
action: stepOver
paused at line  26
	because of breakpoints [51]
action: resume
paused at line 230
	because of breakpoints [18]
action: stepIn
paused at line 231
action: stepOver
paused at line 232
	because of breakpoints [24]
action: resume
paused at line 235
	because of breakpoints [42]
action: stepOver
paused at line 243
	because of breakpoints [1]
action: stepOver
paused at line 243
action: stepOver
paused at line 243
action: resume
paused at line 258
	because of breakpoints [58]
action: stepOver
paused at line 259
action: stepOver
paused at line 260
action: stepIn
paused at line 261
action: resume
paused at line 264
	because of breakpoints [9]
action: stepOver
paused at line 266
	because of breakpoints [43]
action: stepOver
paused at line 267
	because of breakpoints [19]
action: resume
paused at line 267
	because of breakpoints [19]
action: resume
paused at line 267
	because of breakpoints [19]
action: stepOver
paused at line 268
action: stepIn
paused at line 269
action: stepIn
paused at line 274
action: stepOver
paused at line 275
action: stepOver
paused at line 267
action: stepOver
paused at line 267
	because of breakpoints [19]
action: stepOver
paused at line 268
action: stepOut
paused at line 267
	because of breakpoints [19]
action: stepOver
paused at line 268
action: stepOver
paused at line 269
action: resume
paused at line 267
	because of breakpoints [19]
action: resume
paused at line 267
	because of breakpoints [19]
action: stepOver
paused at line 268
action: resume
paused at line 267
	because of breakpoints [19]
action: stepIn
paused at line 268
action: stepOver
paused at line 269
action: stepOut
paused at line 267
	because of breakpoints [19]
action: stepIn
paused at line 268
action: stepOut
paused at line 267
	because of breakpoints [19]
action: stepOver
paused at line 268
action: stepOver
paused at line 269
action: stepOver
paused at line 274
action: stepOut
paused at line 267
	because of breakpoints [19]
action: stepOut
