request breakpoint   0 at line 284
                   set at line 298
request breakpoint   1 at line 422
                   set at line 422
request breakpoint   2 at line  78
                   set at line  78
request breakpoint   3 at line 380
                   set at line 380
request breakpoint   4 at line 103
                   set at line 104
request breakpoint   5 at line 144
                   set at line 144
request breakpoint   6 at line 427
                   set at line 427
request breakpoint   7 at line 399
                   set at line 399
request breakpoint   8 at line 250
                   set at line 250
request breakpoint   9 at line  16
                   set at line  17
request breakpoint  10 at line 185
                   set at line 185
request breakpoint  11 at line 170
                   set at line 170
request breakpoint  12 at line 153
                   set at line 154
request breakpoint  13 at line 210
                   set at line 210
request breakpoint  14 at line 107
                   set at line 130
request breakpoint  15 at line 127
                   set at line 130
request breakpoint  16 at line 253
                   set at line 253
request breakpoint  17 at line 116
                   set at line 130
request breakpoint  18 at line 292
                   set at line 298
request breakpoint  19 at line 278
                   set at line 298
request breakpoint  20 at line 414
                   set at line 414
request breakpoint  21 at line  65
                   set at line  65
request breakpoint  22 at line 262
                   set at line 262
request breakpoint  23 at line 340
                   set at line 340
request breakpoint  24 at line 295
                   set at line 295
request breakpoint  25 at line 335
                   set at line 335
request breakpoint  26 at line 330
                   set at line 330
request breakpoint  27 at line 320
                   set at line 320
request breakpoint  28 at line 217
                   set at line 217
request breakpoint  29 at line 246
                   set at line 246
request breakpoint  30 at line  32
                   set at line  33
request breakpoint  31 at line 222
                   set at line 222
request breakpoint  32 at line 430
                   set at line 430
request breakpoint  33 at line 184
                   set at line 184
request breakpoint  34 at line 387
                   set at line 387
request breakpoint  35 at line 329
                   set at line 329
request breakpoint  36 at line 118
                   set at line 130
request breakpoint  37 at line 207
                   set at line 207
request breakpoint  38 at line  27
                   set at line  27
request breakpoint  39 at line 266
                   set at line 266
request breakpoint  40 at line 190
                   set at line 192
request breakpoint  41 at line 257
                   set at line 257
request breakpoint  42 at line 163
                   set at line 163
request breakpoint  43 at line  91
                   set at line  92
request breakpoint  44 at line  69
                   set at line  70
request breakpoint  45 at line 232
                   set at line 232
request breakpoint  46 at line 140
                   set at line 140
request breakpoint  47 at line 406
                   set at line 406
request breakpoint  48 at line 408
                   set at line 409
request breakpoint  49 at line 209
                   set at line 210
request breakpoint  50 at line 345
                   set at line 345
request breakpoint  51 at line  49
                   set at line  49
request breakpoint  52 at line 381
                   set at line 381
request breakpoint  53 at line  29
                   set at line  29
request breakpoint  54 at line 169
                   set at line 170
request breakpoint  55 at line  25
                   set at line  26
request breakpoint  56 at line 279
                   set at line 298
request breakpoint  57 at line  68
                   set at line 298
request breakpoint  58 at line 173
                   set at line 173
request breakpoint  59 at line  81
                   set at line  81
request breakpoint  60 at line 377
                   set at line 377
request breakpoint  61 at line  10
                   set at line  10
request breakpoint  62 at line 373
                   set at line 373
request breakpoint  63 at line 104
                   set at line 104
request breakpoint  64 at line 271
                   set at line 298
request breakpoint  65 at line   3
                   set at line   3
request breakpoint  66 at line 277
                   set at line 298
request breakpoint  67 at line 347
                   set at line 347
request breakpoint  68 at line 139
                   set at line 139
request breakpoint  69 at line  96
                   set at line  97
request breakpoint  70 at line 344
                   set at line 344
request breakpoint  71 at line 121
                   set at line 130
request breakpoint  72 at line 301
                   set at line 301
request breakpoint  73 at line 317
                   set at line 317
request breakpoint  74 at line 100
                   set at line 100
request breakpoint  75 at line 162
                   set at line 162
request breakpoint  76 at line  62
                   set at line  65
request breakpoint  77 at line 247
                   set at line 247
request breakpoint  78 at line 415
                   set at line 415
paused at line 298
	because of breakpoints [0,18,19,56,57,64,66]
action: stepIn
paused at line 326
action: stepIn
paused at line 328
action: stepOver
paused at line 383
action: stepOver
paused at line 411
action: resume
paused at line 427
	because of breakpoints [6]
action: stepIn
paused at line 444
action: stepOver
paused at line 295
	because of breakpoints [24]
action: stepOver
paused at line 296
action: resume
paused at line 295
	because of breakpoints [24]
action: stepIn
paused at line 296
action: stepOver
paused at line 183
action: stepIn
paused at line 295
	because of breakpoints [24]
action: stepOut
paused at line 184
	because of breakpoints [33]
action: resume
paused at line 295
	because of breakpoints [24]
action: resume
paused at line 185
	because of breakpoints [10]
action: resume
paused at line 295
	because of breakpoints [24]
action: resume
paused at line 295
	because of breakpoints [24]
action: resume
paused at line 295
	because of breakpoints [24]
action: stepIn
paused at line 296
action: stepIn
paused at line 188
action: stepOver
paused at line 295
	because of breakpoints [24]
action: stepIn
paused at line 296
action: resume
paused at line 192
	because of breakpoints [40]
action: stepOut
paused at line  26
	because of breakpoints [55]
action: stepIn
paused at line 436
action: stepOut
paused at line  27
	because of breakpoints [38]
action: stepOut
paused at line  65
	because of breakpoints [21,76]
action: stepIn
paused at line  29
	because of breakpoints [53]
action: resume
paused at line 162
	because of breakpoints [75]
action: resume
paused at line 163
	because of breakpoints [42]
action: stepIn
paused at line  47
action: resume
paused at line  49
	because of breakpoints [51]
action: stepOver
paused at line  17
	because of breakpoints [9]
action: stepOver
paused at line  18
action: stepOver
paused at line  50
action: stepOut
paused at line 195
action: resume
paused at line  26
	because of breakpoints [55]
action: stepOver
paused at line  27
	because of breakpoints [38]
action: stepIn
paused at line 436
action: resume
paused at line  65
	because of breakpoints [21,76]
action: stepOver
paused at line  29
	because of breakpoints [53]
action: resume
paused at line 162
	because of breakpoints [75]
action: stepIn
paused at line 163
	because of breakpoints [42]
action: stepIn
paused at line  47
action: stepOver
paused at line  48
action: resume
paused at line  49
	because of breakpoints [51]
action: stepIn
paused at line  17
	because of breakpoints [9]
action: stepOver
paused at line  18
action: stepOver
paused at line  50
action: stepOver
paused at line  51
action: stepOut
paused at line 197
action: stepIn
paused at line  26
	because of breakpoints [55]
action: stepOut
paused at line  27
	because of breakpoints [38]
action: stepIn
paused at line 436
action: resume
paused at line  65
	because of breakpoints [21,76]
action: stepIn
paused at line  29
	because of breakpoints [53]
action: stepOver
paused at line  35
action: stepOut
paused at line 162
	because of breakpoints [75]
action: stepOver
paused at line 163
	because of breakpoints [42]
action: stepOver
paused at line  47
action: stepOut
paused at line  49
	because of breakpoints [51]
action: stepOver
paused at line  17
	because of breakpoints [9]
action: stepOut
paused at line  50
action: resume
paused at line  26
	because of breakpoints [55]
action: stepOver
paused at line  27
	because of breakpoints [38]
action: stepIn
paused at line 436
action: resume
paused at line  65
	because of breakpoints [21,76]
action: stepOut
paused at line  29
	because of breakpoints [53]
action: stepIn
paused at line  35
action: resume
paused at line 162
	because of breakpoints [75]
action: stepOut
paused at line 163
	because of breakpoints [42]
action: resume
paused at line  49
	because of breakpoints [51]
action: stepIn
paused at line  17
	because of breakpoints [9]
action: stepOut
paused at line  50
action: resume
paused at line  26
	because of breakpoints [55]
action: stepIn
paused at line 436
action: resume
paused at line  27
	because of breakpoints [38]
action: resume
paused at line  65
	because of breakpoints [21,76]
action: stepOver
paused at line  29
	because of breakpoints [53]
action: stepOver
paused at line  30
action: stepOut
paused at line 162
	because of breakpoints [75]
action: stepOver
paused at line 163
	because of breakpoints [42]
action: stepIn
paused at line  47
action: stepOver
paused at line  48
action: resume
paused at line  49
	because of breakpoints [51]
action: resume
paused at line  17
	because of breakpoints [9]
action: stepOut
paused at line  50
action: stepOver
paused at line  51
action: resume
paused at line  26
	because of breakpoints [55]
action: stepIn
paused at line 436
action: stepOut
paused at line  27
	because of breakpoints [38]
action: stepOut
paused at line  65
	because of breakpoints [21,76]
action: stepOut
paused at line  29
	because of breakpoints [53]
action: stepIn
paused at line  30
action: stepOut
paused at line 162
	because of breakpoints [75]
action: stepIn
paused at line 163
	because of breakpoints [42]
action: stepOver
paused at line  47
action: stepOver
paused at line  48
action: stepOver
paused at line  49
	because of breakpoints [51]
action: resume
paused at line  17
	because of breakpoints [9]
action: stepIn
paused at line  18
action: stepOut
paused at line  50
action: resume
paused at line 207
	because of breakpoints [37]
action: resume
paused at line  26
	because of breakpoints [55]
action: stepOver
paused at line  27
	because of breakpoints [38]
action: stepOver
paused at line  28
action: stepOut
paused at line  65
	because of breakpoints [21,76]
action: stepOut
paused at line  29
	because of breakpoints [53]
action: stepIn
paused at line  30
action: resume
paused at line 162
	because of breakpoints [75]
action: resume
paused at line 163
	because of breakpoints [42]
action: stepIn
paused at line  47
action: stepOver
paused at line  48
action: stepIn
paused at line  49
	because of breakpoints [51]
action: resume
paused at line  17
	because of breakpoints [9]
action: stepOver
paused at line  18
action: stepOut
paused at line  50
action: stepOut
paused at line 208
action: stepOver
paused at line  26
	because of breakpoints [55]
action: stepIn
paused at line 436
action: stepIn
paused at line 437
action: stepOver
paused at line  27
	because of breakpoints [38]
action: resume
paused at line  65
	because of breakpoints [21,76]
action: stepOver
paused at line  29
	because of breakpoints [53]
action: stepOut
paused at line 162
	because of breakpoints [75]
action: stepIn
paused at line 163
	because of breakpoints [42]
action: stepOut
paused at line  47
action: stepOut
paused at line  49
	because of breakpoints [51]
action: resume
paused at line  17
	because of breakpoints [9]
action: stepOver
paused at line  18
action: stepOver
paused at line  50
action: stepOver
paused at line  51
action: stepIn
paused at line  52
action: stepOut
paused at line 210
	because of breakpoints [13,49]
action: stepOver
paused at line  26
	because of breakpoints [55]
action: stepIn
paused at line 436
action: stepOver
paused at line 437
action: resume
paused at line  27
	because of breakpoints [38]
action: stepIn
paused at line 436
action: stepOver
paused at line 437
action: resume
paused at line  65
	because of breakpoints [21,76]
action: stepOver
paused at line  29
	because of breakpoints [53]
action: stepOver
paused at line  35
action: stepOver
paused at line  36
action: resume
paused at line 162
	because of breakpoints [75]
action: stepOver
paused at line 163
	because of breakpoints [42]
action: stepOver
paused at line  47
action: stepIn
paused at line  48
action: resume
paused at line  49
	because of breakpoints [51]
action: stepOver
paused at line  17
	because of breakpoints [9]
action: stepOver
paused at line  18
action: resume
paused at line  26
	because of breakpoints [55]
action: resume
paused at line  27
	because of breakpoints [38]
action: stepOver
paused at line  28
action: stepIn
paused at line  61
action: stepIn
paused at line  65
	because of breakpoints [21,76]
action: stepOver
paused at line  29
	because of breakpoints [53]
action: stepOver
paused at line  35
action: stepOver
paused at line  36
action: stepOver
paused at line  39
action: stepOut
paused at line 162
	because of breakpoints [75]
action: stepOver
paused at line 163
	because of breakpoints [42]
action: stepOver
paused at line  47
action: resume
paused at line  49
	because of breakpoints [51]
action: resume
paused at line  17
	because of breakpoints [9]
action: stepOver
paused at line  18
action: resume
paused at line  26
	because of breakpoints [55]
action: stepIn
paused at line 436
action: stepOver
paused at line 437
action: stepOut
paused at line  27
	because of breakpoints [38]
action: stepIn
paused at line 436
action: stepOut
paused at line  28
action: stepOver
paused at line  65
	because of breakpoints [21,76]
action: stepOver
paused at line  29
	because of breakpoints [53]
action: stepOver
paused at line  35
action: stepOut
paused at line 162
	because of breakpoints [75]
action: stepOut
paused at line 163
	because of breakpoints [42]
action: stepOver
paused at line  47
action: stepOver
paused at line  48
action: stepOut
paused at line  49
	because of breakpoints [51]
action: resume
paused at line  17
	because of breakpoints [9]
action: stepOver
paused at line  18
action: resume
paused at line  26
	because of breakpoints [55]
action: resume
paused at line  27
	because of breakpoints [38]
action: stepOver
paused at line  28
action: resume
paused at line  65
	because of breakpoints [21,76]
action: stepOut
paused at line  29
	because of breakpoints [53]
action: stepOver
paused at line  35
action: resume
paused at line 162
	because of breakpoints [75]
action: stepIn
paused at line 163
	because of breakpoints [42]
action: stepIn
paused at line  47
action: stepOver
paused at line  48
action: stepOver
paused at line  49
	because of breakpoints [51]
action: stepOut
paused at line  17
	because of breakpoints [9]
action: stepIn
paused at line  18
action: stepOut
paused at line  50
action: stepIn
paused at line  51
action: stepIn
paused at line  52
action: resume
paused at line 217
	because of breakpoints [28]
action: stepOver
paused at line 295
	because of breakpoints [24]
action: stepOut
paused at line 218
action: resume
paused at line 295
	because of breakpoints [24]
action: stepOut
paused at line 219
action: stepIn
paused at line 220
action: stepOut
paused at line 295
	because of breakpoints [24]
action: stepOver
paused at line 296
action: stepOver
paused at line 235
action: stepOver
paused at line 295
	because of breakpoints [24]
action: resume
paused at line 295
	because of breakpoints [24]
action: stepOut
paused at line 237
action: resume
paused at line 295
	because of breakpoints [24]
action: stepOver
paused at line 296
action: stepOver
paused at line 238
action: resume
paused at line  26
	because of breakpoints [55]
action: stepOut
paused at line  27
	because of breakpoints [38]
action: stepIn
paused at line 436
action: stepIn
paused at line 437
action: stepOver
paused at line  28
action: stepOut
paused at line  65
	because of breakpoints [21,76]
action: stepIn
paused at line  29
	because of breakpoints [53]
action: stepOver
paused at line  35
action: stepOut
paused at line 162
	because of breakpoints [75]
action: stepIn
paused at line 163
	because of breakpoints [42]
action: stepIn
