request breakpoint   0 at line   7
                   set at line   7
request breakpoint   1 at line  16
                   set at line  16
request breakpoint   2 at line 102
                   set at line 102
request breakpoint   3 at line  91
                   set at line  92
request breakpoint   4 at line 160
                   set at line 161
request breakpoint   5 at line  46
                   set at line  48
request breakpoint   6 at line 118
                   set at line 120
request breakpoint   7 at line 114
                   set at line 114
request breakpoint   8 at line 151
                   set at line 151
request breakpoint   9 at line  34
                   set at line  72
request breakpoint  10 at line 124
                   set at line 124
request breakpoint  11 at line  28
                   set at line  72
request breakpoint  12 at line  71
                   set at line  72
request breakpoint  13 at line 136
                   set at line 136
request breakpoint  14 at line 163
                   set at line 163
request breakpoint  15 at line 171
                   set at line 171
request breakpoint  16 at line 152
                   set at line 152
request breakpoint  17 at line 166
                   set at line 167
request breakpoint  18 at line  23
                   set at line  23
request breakpoint  19 at line  41
                   set at line  48
request breakpoint  20 at line 115
                   set at line 115
request breakpoint  21 at line   1
                   set at line   5
request breakpoint  22 at line 157
                   set at line 157
request breakpoint  23 at line  86
                   set at line  86
request breakpoint  24 at line  29
                   set at line  72
request breakpoint  25 at line  85
                   set at line  85
request breakpoint  26 at line  84
                   set at line  84
request breakpoint  27 at line  52
                   set at line  48
request breakpoint  28 at line 141
                   set at line 141
paused at line   5
	because of breakpoints [21]
action: stepIn
paused at line   6
action: stepIn
paused at line   7
	because of breakpoints [0]
action: stepOver
paused at line  19
action: stepOver
paused at line  95
action: resume
paused at line 157
	because of breakpoints [22]
action: stepIn
paused at line 158
action: stepOver
paused at line  16
	because of breakpoints [1]
action: stepOver
paused at line  17
action: resume
paused at line  16
	because of breakpoints [1]
action: stepIn
paused at line  17
action: stepOver
paused at line  72
	because of breakpoints [9,11,24]
action: stepIn
paused at line 159
action: stepOut
paused at line  16
	because of breakpoints [1]
action: resume
paused at line  48
	because of breakpoints [5,19]
action: resume
paused at line  16
	because of breakpoints [1]
action: resume
paused at line  48
	because of breakpoints [27]
action: resume
paused at line  16
	because of breakpoints [1]
action: resume
paused at line  72
	because of breakpoints [12]
action: stepIn
paused at line 158
action: stepIn
paused at line  80
action: stepOver
paused at line  81
action: stepIn
paused at line  82
action: resume
paused at line  84
	because of breakpoints [26]
action: stepOut
paused at line  85
	because of breakpoints [25]
action: stepIn
paused at line  85
action: stepOut
paused at line  86
	because of breakpoints [23]
action: stepOut
paused at line  86
	because of breakpoints [23]
action: stepIn
paused at line  87
action: resume
paused at line  86
	because of breakpoints [23]
action: resume
paused at line  86
	because of breakpoints [23]
action: stepIn
paused at line  87
action: resume
paused at line  86
	because of breakpoints [23]
action: stepOver
paused at line  87
action: stepOver
paused at line  88
action: stepOver
paused at line  89
action: stepOut
paused at line  92
	because of breakpoints [3]
action: resume
paused at line  23
	because of breakpoints [18]
action: stepOver
paused at line  24
action: stepIn
paused at line  93
action: resume
paused at line 161
	because of breakpoints [4]
action: stepOver
paused at line 163
	because of breakpoints [14]
action: resume
paused at line 136
	because of breakpoints [13]
action: stepIn
paused at line 141
	because of breakpoints [28]
action: stepIn
paused at line 141
action: stepOver
paused at line 142
action: resume
paused at line 136
	because of breakpoints [13]
action: stepIn
paused at line 141
	because of breakpoints [28]
action: stepOver
paused at line 141
action: stepOver
paused at line 142
action: stepOver
paused at line 143
action: stepOut
paused at line 136
	because of breakpoints [13]
action: stepIn
paused at line 141
	because of breakpoints [28]
action: stepOut
paused at line 136
	because of breakpoints [13]
action: stepIn
paused at line 141
	because of breakpoints [28]
action: resume
paused at line 136
	because of breakpoints [13]
action: stepIn
paused at line 141
	because of breakpoints [28]
action: stepOver
paused at line 141
action: stepOut
paused at line 151
	because of breakpoints [8]
action: stepOver
paused at line 152
	because of breakpoints [16]
action: stepOver
paused at line 164
action: stepOut
paused at line 102
	because of breakpoints [2]
action: stepOver
paused at line 103
action: stepOut
paused at line 114
	because of breakpoints [7]
action: resume
paused at line 115
	because of breakpoints [20]
action: stepOver
paused at line 116
action: stepIn
paused at line 101
action: resume
paused at line 102
	because of breakpoints [2]
action: stepOut
paused at line 114
	because of breakpoints [7]
action: stepIn
paused at line 115
	because of breakpoints [20]
action: resume
paused at line 102
	because of breakpoints [2]
action: stepOut
paused at line 114
	because of breakpoints [7]
action: resume
paused at line 115
	because of breakpoints [20]
action: stepIn
paused at line 116
action: stepOut
paused at line 102
	because of breakpoints [2]
action: resume
paused at line 114
	because of breakpoints [7]
action: stepIn
paused at line 115
	because of breakpoints [20]
action: resume
paused at line 102
	because of breakpoints [2]
action: resume
paused at line 114
	because of breakpoints [7]
action: stepOver
paused at line 115
	because of breakpoints [20]
action: stepOver
paused at line 116
action: stepOut
paused at line 102
	because of breakpoints [2]
action: stepOver
paused at line 103
action: stepIn
paused at line 104
action: stepOver
paused at line 105
action: resume
paused at line 114
	because of breakpoints [7]
action: resume
