request breakpoint   0 at line   2
                   set at line  26
request breakpoint   1 at line   4
                   set at line  26
request breakpoint   2 at line  20
                   set at line  26
request breakpoint   3 at line  18
                   set at line  26
request breakpoint   4 at line  32
                   set at line  32
request breakpoint   5 at line  12
                   set at line  26
paused at line  26
	because of breakpoints [0,1,2,3,5]
action: stepIn
paused at line  27
action: stepIn
paused at line  27
action: stepOver
paused at line  28
action: stepOver
paused at line  27
action: resume
paused at line  32
	because of breakpoints [4]
action: stepIn
paused at line  33
action: stepOver
paused at line  34
action: stepOver
