request breakpoint   0 at line  11
                   set at line  14
request breakpoint   1 at line  26
                   set at line  26
request breakpoint   2 at line 174
                   set at line 174
request breakpoint   3 at line 155
                   set at line 156
request breakpoint   4 at line 267
                   set at line 282
request breakpoint   5 at line  76
                   set at line  76
request breakpoint   6 at line 199
                   set at line 258
request breakpoint   7 at line 191
                   set at line 258
request breakpoint   8 at line 252
                   set at line 252
request breakpoint   9 at line  53
                   set at line  53
request breakpoint  10 at line 210
                   set at line 258
request breakpoint  11 at line  39
                   set at line 258
request breakpoint  12 at line 117
                   set at line 117
request breakpoint  13 at line 226
                   set at line 227
request breakpoint  14 at line 270
                   set at line 282
request breakpoint  15 at line 284
                   set at line 286
request breakpoint  16 at line 253
                   set at line 255
request breakpoint  17 at line 276
                   set at line 282
request breakpoint  18 at line  24
                   set at line  24
request breakpoint  19 at line  56
                   set at line  56
request breakpoint  20 at line 189
                   set at line 258
request breakpoint  21 at line  64
                   set at line  64
request breakpoint  22 at line 260
                   set at line 282
request breakpoint  23 at line 133
                   set at line 133
request breakpoint  24 at line  27
                   set at line  27
request breakpoint  25 at line 130
                   set at line 131
request breakpoint  26 at line 127
                   set at line 127
request breakpoint  27 at line  70
                   set at line  70
request breakpoint  28 at line 231
                   set at line 231
request breakpoint  29 at line 250
                   set at line 251
request breakpoint  30 at line  90
                   set at line  90
request breakpoint  31 at line 235
                   set at line 235
request breakpoint  32 at line 204
                   set at line 204
request breakpoint  33 at line 211
                   set at line 258
request breakpoint  34 at line 165
                   set at line 165
request breakpoint  35 at line 128
                   set at line 128
request breakpoint  36 at line 277
                   set at line 282
request breakpoint  37 at line  15
                   set at line  15
request breakpoint  38 at line  89
                   set at line  89
request breakpoint  39 at line 262
                   set at line 282
request breakpoint  40 at line 215
                   set at line 215
request breakpoint  41 at line 258
                   set at line 258
request breakpoint  42 at line  73
                   set at line  73
request breakpoint  43 at line  60
                   set at line  60
request breakpoint  44 at line 176
                   set at line 176
request breakpoint  45 at line 243
                   set at line 243
request breakpoint  46 at line  85
                   set at line  85
request breakpoint  47 at line 202
                   set at line 203
request breakpoint  48 at line 203
                   set at line 203
request breakpoint  49 at line 229
                   set at line 229
request breakpoint  50 at line 142
                   set at line 144
request breakpoint  51 at line 107
                   set at line 107
paused at line  14
	because of breakpoints [0]
action: stepIn
paused at line  15
	because of breakpoints [37]
action: stepIn
paused at line  16
action: stepOver
paused at line 258
	because of breakpoints [6,7,10,11,20,33,41]
action: stepOver
paused at line 282
	because of breakpoints [4,14,17,22,36,39]
action: resume
paused at line 286
	because of breakpoints [15]
action: stepIn
paused at line  22
action: stepOver
paused at line 203
	because of breakpoints [47,48]
action: stepOver
paused at line 204
	because of breakpoints [32]
action: resume
paused at line  53
	because of breakpoints [9]
action: stepIn
paused at line  54
action: stepOver
paused at line  55
action: stepIn
paused at line  56
	because of breakpoints [19]
action: stepOut
paused at line 144
	because of breakpoints [50]
action: resume
paused at line 144
	because of breakpoints [50]
action: resume
paused at line  60
	because of breakpoints [43]
action: resume
paused at line 144
	because of breakpoints [50]
action: resume
paused at line 144
	because of breakpoints [50]
action: resume
paused at line 144
	because of breakpoints [50]
action: stepIn
paused at line 140
action: stepIn
paused at line 184
action: stepOver
paused at line 185
action: stepIn
paused at line 186
action: resume
paused at line 144
	because of breakpoints [50]
action: stepOut
paused at line  64
	because of breakpoints [21]
action: stepIn
paused at line 144
	because of breakpoints [50]
action: stepOut
paused at line  65
action: stepOut
paused at line 144
	because of breakpoints [50]
action: stepIn
paused at line 140
action: resume
paused at line 144
	because of breakpoints [50]
action: resume
paused at line 144
	because of breakpoints [50]
action: stepIn
paused at line 140
action: resume
paused at line 144
	because of breakpoints [50]
action: stepOver
paused at line 145
action: stepOver
paused at line  69
action: stepOver
paused at line 144
	because of breakpoints [50]
action: stepOut
paused at line  70
	because of breakpoints [27]
action: resume
paused at line 144
	because of breakpoints [50]
action: stepOver
paused at line 145
action: stepIn
paused at line  71
action: resume
paused at line 144
	because of breakpoints [50]
action: stepOver
paused at line 145
action: resume
paused at line 144
	because of breakpoints [50]
action: stepIn
paused at line 140
action: stepIn
paused at line 184
action: stepOver
paused at line 185
action: resume
paused at line  73
	because of breakpoints [42]
action: stepIn
paused at line 144
	because of breakpoints [50]
action: stepOver
paused at line 145
action: stepOver
paused at line  75
action: stepOver
paused at line  76
	because of breakpoints [5]
action: stepOut
paused at line  85
	because of breakpoints [46]
action: stepIn
paused at line 148
action: stepOut
paused at line  86
action: stepIn
paused at line 148
action: resume
paused at line  89
	because of breakpoints [38]
action: stepIn
paused at line 148
action: stepOver
paused at line 149
action: stepOut
paused at line  90
	because of breakpoints [30]
action: stepOver
paused at line  92
action: stepOver
paused at line  93
action: stepOut
paused at line 107
	because of breakpoints [51]
action: stepOver
paused at line 109
action: stepOut
paused at line 156
	because of breakpoints [3]
action: resume
paused at line 156
	because of breakpoints [3]
action: stepOver
paused at line 157
action: stepIn
paused at line 111
action: resume
paused at line 156
	because of breakpoints [3]
action: stepOut
paused at line 112
action: stepIn
paused at line 156
	because of breakpoints [3]
action: resume
paused at line 156
	because of breakpoints [3]
action: stepOut
paused at line 114
action: resume
paused at line 156
	because of breakpoints [3]
action: stepIn
paused at line 140
action: stepOut
paused at line 157
action: resume
paused at line 156
	because of breakpoints [3]
action: stepIn
paused at line 140
action: resume
paused at line 156
	because of breakpoints [3]
action: resume
paused at line 117
	because of breakpoints [12]
action: stepOver
paused at line 156
	because of breakpoints [3]
action: stepOver
paused at line 157
action: stepOut
paused at line 118
action: stepOver
paused at line 156
	because of breakpoints [3]
action: stepIn
paused at line 140
action: stepOver
paused at line 141
action: resume
paused at line 156
	because of breakpoints [3]
action: resume
paused at line 156
	because of breakpoints [3]
action: stepOut
paused at line 121
action: stepOver
paused at line 156
	because of breakpoints [3]
action: resume
paused at line 156
	because of breakpoints [3]
action: stepIn
paused at line 140
action: stepOut
paused at line 157
action: stepOut
paused at line 123
action: stepOut
paused at line 156
	because of breakpoints [3]
action: stepIn
paused at line 140
action: stepOut
paused at line 157
action: stepIn
paused at line 124
action: stepOver
paused at line 156
	because of breakpoints [3]
action: stepOver
paused at line 157
action: stepOver
paused at line 126
action: resume
paused at line 127
	because of breakpoints [26]
action: stepIn
paused at line 184
action: stepOut
paused at line 128
	because of breakpoints [35]
action: resume
paused at line  53
	because of breakpoints [9]
action: resume
paused at line  56
	because of breakpoints [19]
action: stepOver
paused at line  58
action: stepOver
paused at line 144
	because of breakpoints [50]
action: stepOut
paused at line  59
action: stepOut
paused at line 144
	because of breakpoints [50]
action: stepIn
paused at line 140
action: resume
paused at line  60
	because of breakpoints [43]
action: resume
paused at line 144
	because of breakpoints [50]
action: stepIn
paused at line 140
action: stepOver
paused at line 141
action: stepIn
paused at line 145
action: resume
paused at line 144
	because of breakpoints [50]
action: stepOver
paused at line 145
action: stepOut
paused at line  62
action: stepOut
paused at line 144
	because of breakpoints [50]
action: stepOver
paused at line 145
action: stepIn
paused at line  63
action: stepIn
paused at line 144
	because of breakpoints [50]
action: stepOver
paused at line 145
action: resume
paused at line  64
	because of breakpoints [21]
action: stepOver
paused at line 144
	because of breakpoints [50]
action: stepOut
paused at line  65
action: stepIn
paused at line 144
	because of breakpoints [50]
action: stepOut
paused at line  66
action: stepOut
paused at line 144
	because of breakpoints [50]
action: resume
paused at line 144
	because of breakpoints [50]
action: stepOver
paused at line 145
action: stepOver
paused at line  68
action: stepOver
paused at line 144
	because of breakpoints [50]
action: stepIn
paused at line 140
action: stepOut
paused at line 145
action: stepOver
paused at line  69
action: stepIn
paused at line 144
	because of breakpoints [50]
action: stepOver
paused at line 145
action: resume
paused at line  70
	because of breakpoints [27]
action: stepIn
paused at line 144
	because of breakpoints [50]
action: stepOver
paused at line 145
action: resume
paused at line 144
	because of breakpoints [50]
action: stepOver
paused at line 145
action: stepOver
paused at line  72
action: stepOver
paused at line 144
	because of breakpoints [50]
action: resume
