request breakpoint   0 at line  11
                   set at line  14
request breakpoint   1 at line  36
                   set at line  36
request breakpoint   2 at line  87
                   set at line  87
request breakpoint   3 at line  68
                   set at line  69
request breakpoint   4 at line 267
                   set at line 282
request breakpoint   5 at line 130
                   set at line 130
request breakpoint   6 at line  57
                   set at line 258
request breakpoint   7 at line 195
                   set at line 258
request breakpoint   8 at line  31
                   set at line  31
request breakpoint   9 at line 107
                   set at line 107
request breakpoint  10 at line 204
                   set at line 258
request breakpoint  11 at line  93
                   set at line 258
request breakpoint  12 at line 171
                   set at line 171
request breakpoint  13 at line  45
                   set at line  46
request breakpoint  14 at line 270
                   set at line 282
request breakpoint  15 at line 284
                   set at line 286
request breakpoint  16 at line  32
                   set at line  34
request breakpoint  17 at line 276
                   set at line 282
request breakpoint  18 at line 256
                   set at line 256
request breakpoint  19 at line 110
                   set at line 110
request breakpoint  20 at line 193
                   set at line 258
request breakpoint  21 at line 118
                   set at line 118
request breakpoint  22 at line 260
                   set at line 282
request breakpoint  23 at line 187
                   set at line 187
request breakpoint  24 at line 217
                   set at line 217
request breakpoint  25 at line 184
                   set at line 185
request breakpoint  26 at line 181
                   set at line 181
request breakpoint  27 at line 124
                   set at line 124
request breakpoint  28 at line  50
                   set at line  50
request breakpoint  29 at line  29
                   set at line  30
request breakpoint  30 at line 144
                   set at line 144
request breakpoint  31 at line  54
                   set at line  54
request breakpoint  32 at line  62
                   set at line  62
request breakpoint  33 at line 205
                   set at line 258
request breakpoint  34 at line  78
                   set at line  78
request breakpoint  35 at line 182
                   set at line 182
request breakpoint  36 at line 277
                   set at line 282
request breakpoint  37 at line  15
                   set at line  15
request breakpoint  38 at line 143
                   set at line 143
request breakpoint  39 at line 262
                   set at line 282
request breakpoint  40 at line 209
                   set at line 209
request breakpoint  41 at line 258
                   set at line 258
request breakpoint  42 at line 127
                   set at line 127
request breakpoint  43 at line 114
                   set at line 114
request breakpoint  44 at line  89
                   set at line  89
request breakpoint  45 at line  22
                   set at line  22
request breakpoint  46 at line 139
                   set at line 139
request breakpoint  47 at line  60
                   set at line  61
request breakpoint  48 at line  61
                   set at line  61
request breakpoint  49 at line  48
                   set at line  48
request breakpoint  50 at line 200
                   set at line 202
request breakpoint  51 at line 161
                   set at line 161
paused at line  14
	because of breakpoints [0]
action: stepIn
paused at line  15
	because of breakpoints [37]
action: stepIn
paused at line  16
action: stepOver
paused at line 258
	because of breakpoints [6,7,10,11,20,33,41]
action: stepOver
paused at line 282
	because of breakpoints [4,14,17,22,36,39]
action: resume
paused at line 286
	because of breakpoints [15]
action: stepIn
paused at line 233
action: stepOver
paused at line  61
	because of breakpoints [47,48]
action: stepOver
paused at line  62
	because of breakpoints [32]
action: resume
paused at line 107
	because of breakpoints [9]
action: stepIn
paused at line 108
action: stepOver
paused at line 109
action: stepIn
paused at line 110
	because of breakpoints [19]
action: stepOut
paused at line 202
	because of breakpoints [50]
action: resume
paused at line 202
	because of breakpoints [50]
action: resume
paused at line 114
	because of breakpoints [43]
action: resume
paused at line 202
	because of breakpoints [50]
action: resume
paused at line 202
	because of breakpoints [50]
action: resume
paused at line 202
	because of breakpoints [50]
action: stepIn
paused at line 253
action: stepIn
paused at line 241
action: stepOver
paused at line 242
action: stepIn
paused at line 243
action: resume
paused at line 202
	because of breakpoints [50]
action: stepOut
paused at line 118
	because of breakpoints [21]
action: stepIn
paused at line 202
	because of breakpoints [50]
action: stepOut
paused at line 119
action: stepOut
paused at line 202
	because of breakpoints [50]
action: stepIn
paused at line 253
action: resume
paused at line 202
	because of breakpoints [50]
action: resume
paused at line 202
	because of breakpoints [50]
action: stepIn
paused at line 253
action: resume
paused at line 202
	because of breakpoints [50]
action: stepOver
paused at line 203
action: stepOver
paused at line 123
action: stepOver
paused at line 202
	because of breakpoints [50]
action: stepOut
paused at line 124
	because of breakpoints [27]
action: resume
paused at line 202
	because of breakpoints [50]
action: stepOver
paused at line 203
action: stepIn
paused at line 125
action: resume
paused at line 202
	because of breakpoints [50]
action: stepOver
paused at line 203
action: resume
paused at line 202
	because of breakpoints [50]
action: stepIn
paused at line 253
action: stepIn
paused at line 241
action: stepOver
paused at line 242
action: resume
paused at line 127
	because of breakpoints [42]
action: stepIn
paused at line 202
	because of breakpoints [50]
action: stepOver
paused at line 203
action: stepOver
paused at line 129
action: stepOver
paused at line 130
	because of breakpoints [5]
action: stepOut
paused at line 139
	because of breakpoints [46]
action: stepIn
paused at line  39
action: stepOut
paused at line 140
action: stepIn
paused at line  39
action: resume
paused at line 143
	because of breakpoints [38]
action: stepIn
paused at line  39
action: stepOver
paused at line  40
action: stepOut
paused at line 144
	because of breakpoints [30]
action: stepOver
paused at line 146
action: stepOver
paused at line 147
action: stepOut
paused at line 161
	because of breakpoints [51]
action: stepOver
paused at line 163
action: stepOut
paused at line  69
	because of breakpoints [3]
action: resume
paused at line  69
	because of breakpoints [3]
action: stepOver
paused at line  70
action: stepIn
paused at line 165
action: resume
paused at line  69
	because of breakpoints [3]
action: stepOut
paused at line 166
action: stepIn
paused at line  69
	because of breakpoints [3]
action: resume
paused at line  69
	because of breakpoints [3]
action: stepOut
paused at line 168
action: resume
paused at line  69
	because of breakpoints [3]
action: stepIn
paused at line 253
action: stepOut
paused at line  70
action: resume
paused at line  69
	because of breakpoints [3]
action: stepIn
paused at line 253
action: resume
paused at line  69
	because of breakpoints [3]
action: resume
paused at line 171
	because of breakpoints [12]
action: stepOver
paused at line  69
	because of breakpoints [3]
action: stepOver
paused at line  70
action: stepOut
paused at line 172
action: stepOver
paused at line  69
	because of breakpoints [3]
action: stepIn
paused at line 253
action: stepOver
paused at line 254
action: resume
paused at line  69
	because of breakpoints [3]
action: resume
paused at line  69
	because of breakpoints [3]
action: stepOut
paused at line 175
action: stepOver
paused at line  69
	because of breakpoints [3]
action: resume
paused at line  69
	because of breakpoints [3]
action: stepIn
paused at line 253
action: stepOut
paused at line  70
action: stepOut
paused at line 177
action: stepOut
paused at line  69
	because of breakpoints [3]
action: stepIn
paused at line 253
action: stepOut
paused at line  70
action: stepIn
paused at line 178
action: stepOver
paused at line  69
	because of breakpoints [3]
action: stepOver
paused at line  70
action: stepOver
paused at line 180
action: resume
paused at line 181
	because of breakpoints [26]
action: stepIn
paused at line 241
action: stepOut
paused at line 182
	because of breakpoints [35]
action: resume
paused at line 107
	because of breakpoints [9]
action: resume
paused at line 110
	because of breakpoints [19]
action: stepOver
paused at line 112
action: stepOver
paused at line 202
	because of breakpoints [50]
action: stepOut
paused at line 113
action: stepOut
paused at line 202
	because of breakpoints [50]
action: stepIn
paused at line 253
action: resume
paused at line 114
	because of breakpoints [43]
action: resume
paused at line 202
	because of breakpoints [50]
action: stepIn
paused at line 253
action: stepOver
paused at line 254
action: stepIn
paused at line 203
action: resume
paused at line 202
	because of breakpoints [50]
action: stepOver
paused at line 203
action: stepOut
paused at line 116
action: stepOut
paused at line 202
	because of breakpoints [50]
action: stepOver
paused at line 203
action: stepIn
paused at line 117
action: stepIn
paused at line 202
	because of breakpoints [50]
action: stepOver
paused at line 203
action: resume
paused at line 118
	because of breakpoints [21]
action: stepOver
paused at line 202
	because of breakpoints [50]
action: stepOut
paused at line 119
action: stepIn
paused at line 202
	because of breakpoints [50]
action: stepOut
paused at line 120
action: stepOut
paused at line 202
	because of breakpoints [50]
action: resume
paused at line 202
	because of breakpoints [50]
action: stepOver
paused at line 203
action: stepOver
paused at line 122
action: stepOver
paused at line 202
	because of breakpoints [50]
action: stepIn
paused at line 253
action: stepOut
paused at line 203
action: stepOver
paused at line 123
action: stepIn
paused at line 202
	because of breakpoints [50]
action: stepOver
paused at line 203
action: resume
paused at line 124
	because of breakpoints [27]
action: stepIn
paused at line 202
	because of breakpoints [50]
action: stepOver
paused at line 203
action: resume
paused at line 202
	because of breakpoints [50]
action: stepOver
paused at line 203
action: stepOver
paused at line 126
action: stepOver
paused at line 202
	because of breakpoints [50]
action: resume
