200 -> 200
180 -> 181
259 -> 260
217 -> 218
168 -> 176
178 -> 194
187 -> 191
39 -> 39
234 -> 234
65 -> 67
250 -> 251
216 -> 216
119 -> 120
110 -> 112
23 -> 37
235 -> 236
137 -> 139
197 -> 198
25 -> 37
144 -> 145
10 -> 37
185 -> 185
141 -> 141
143 -> 145
0 -> 37
229 -> 263
207 -> 207
240 -> 240
169 -> 176
166 -> 176
3 -> 37
199 -> 200
174 -> 176
33 -> 37
191 -> 191
126 -> 132
252 -> 252
51 -> 51
135 -> 135
102 -> 104
44 -> 45
161 -> 163
101 -> 104
97 -> 98
29 -> 37
38 -> 39
60 -> 60
208 -> 209
266 -> 267
106 -> 106
212 -> 212
182 -> 182
12 -> 37
40 -> 40
