106 -> 106
169 -> 176
60 -> 60
102 -> 104
103 -> 104
14 -> 37
51 -> 51
10 -> 37
260 -> 260
221 -> 221
154 -> 159
157 -> 159
16 -> 37
181 -> 181
259 -> 260
235 -> 236
62 -> 63
207 -> 207
0 -> 37
174 -> 176
69 -> 71
24 -> 37
168 -> 176
182 -> 182
227 -> 227
166 -> 176
119 -> 120
216 -> 216
38 -> 39
240 -> 240
115 -> 118
141 -> 141
101 -> 104
105 -> 105
140 -> 140
211 -> 211
217 -> 218
228 -> 228
29 -> 37
54 -> 55
200 -> 200
40 -> 40
44 -> 45
53 -> 53
65 -> 67
266 -> 267
33 -> 37
234 -> 234
161 -> 163
92 -> 92
225 -> 225
255 -> 257
191 -> 191
208 -> 209
146 -> 147
195 -> 198
104 -> 104
242 -> 242
152 -> 152
57 -> 60
39 -> 39
35 -> 37
144 -> 145
223 -> 225
21 -> 37
185 -> 185
117 -> 118
215 -> 215
95 -> 95
143 -> 145
243 -> 243
229 -> 263
135 -> 135
128 -> 132
147 -> 147
172 -> 176
239 -> 239
126 -> 132
32 -> 37
192 -> 192
3 -> 37
269 -> 270
89 -> 89
12 -> 37
178 -> 194
137 -> 139
218 -> 218
165 -> 165
84 -> 89
252 -> 252
97 -> 98
110 -> 112
160 -> 160
148 -> 152
199 -> 200
9 -> 37
18 -> 37
246 -> 248
212 -> 212
197 -> 198
23 -> 37
25 -> 37
112 -> 112
82 -> 83
58 -> 60
187 -> 191
250 -> 251
136 -> 136
180 -> 181
