208 -> 209
172 -> 176
260 -> 260
227 -> 227
148 -> 152
166 -> 176
181 -> 181
25 -> 37
229 -> 263
53 -> 53
246 -> 248
217 -> 218
89 -> 89
65 -> 67
140 -> 140
235 -> 236
97 -> 98
178 -> 194
143 -> 145
103 -> 104
255 -> 257
152 -> 152
69 -> 71
84 -> 89
180 -> 181
218 -> 218
185 -> 185
234 -> 234
102 -> 104
38 -> 39
106 -> 106
154 -> 159
147 -> 147
54 -> 55
126 -> 132
95 -> 95
240 -> 240
24 -> 37
137 -> 139
117 -> 118
14 -> 37
18 -> 37
174 -> 176
192 -> 192
32 -> 37
157 -> 159
58 -> 60
62 -> 63
250 -> 251
212 -> 212
243 -> 243
0 -> 37
57 -> 60
144 -> 145
60 -> 60
92 -> 92
242 -> 242
35 -> 37
169 -> 176
211 -> 211
82 -> 83
39 -> 39
23 -> 37
215 -> 215
221 -> 221
110 -> 112
105 -> 105
165 -> 165
21 -> 37
10 -> 37
44 -> 45
146 -> 147
12 -> 37
252 -> 252
115 -> 118
16 -> 37
51 -> 51
225 -> 225
128 -> 132
266 -> 267
191 -> 191
119 -> 120
223 -> 225
104 -> 104
207 -> 207
228 -> 228
182 -> 182
33 -> 37
187 -> 191
200 -> 200
197 -> 198
9 -> 37
269 -> 270
168 -> 176
141 -> 141
135 -> 135
101 -> 104
199 -> 200
161 -> 163
259 -> 260
29 -> 37
195 -> 198
136 -> 136
160 -> 160
239 -> 239
112 -> 112
3 -> 37
216 -> 216
40 -> 40
