request breakpoint   0 at line   3
                   set at line   6
request breakpoint   1 at line   6
                   set at line  11
request breakpoint   1 at line  33
                   set at line  33
request breakpoint   2 at line  30
                   set at line  31
request breakpoint   3 at line  51
                   set at line  52
request breakpoint   4 at line  17
                   set at line  17
request breakpoint   5 at line  39
                   set at line  39
request breakpoint   6 at line  38
                   set at line  38
request breakpoint   7 at line  48
                   set at line  49
request breakpoint   8 at line  16
                   set at line  17
paused at line  11
	because of breakpoints [1]
action: stepIn
paused at line  29
action: stepIn
paused at line  31
action: stepOver
paused at line  32
action: stepOver
paused at line  33
action: resume
paused at line  33
	because of breakpoints [1]
action: stepIn
paused at line  34
action: stepOver
paused at line  36
action: stepOver
paused at line  17
	because of breakpoints [8]
action: resume
paused at line  17
	because of breakpoints [8]
action: stepIn
paused at line  18
action: stepOver
paused at line  19
action: stepIn
paused at line  17
action: stepOut
paused at line  17
	because of breakpoints [8]
action: resume
paused at line  17
	because of breakpoints [8]
action: resume
paused at line  17
	because of breakpoints [8]
action: resume
paused at line  17
	because of breakpoints [8]
action: resume
paused at line  17
	because of breakpoints [8]
action: resume
paused at line  17
	because of breakpoints [8]
action: stepIn
paused at line  25
action: stepIn
paused at line   6
action: stepOver
paused at line   7
action: stepIn
paused at line   8
action: resume
paused at line  17
	because of breakpoints [8]
action: stepOut
paused at line  27
action: stepIn
paused at line  21
action: stepOut
paused at line  27
action: stepOut
