request breakpoint   0 at line   7
                   set at line   7
request breakpoint   1 at line  17
                   set at line  17
request breakpoint   2 at line 105
                   set at line 105
request breakpoint   3 at line  94
                   set at line  95
request breakpoint   4 at line 162
                   set at line 163
request breakpoint   5 at line  47
                   set at line  48
request breakpoint   6 at line 120
                   set at line 120
request breakpoint   7 at line 115
                   set at line 115
request breakpoint   8 at line 153
                   set at line 154
request breakpoint   9 at line  34
                   set at line  34
request breakpoint  10 at line 127
                   set at line 128
request breakpoint  11 at line  27
                   set at line  27
request breakpoint  12 at line  74
                   set at line  75
request breakpoint  13 at line 137
                   set at line 137
request breakpoint  14 at line 164
                   set at line 164
request breakpoint  15 at line 172
                   set at line 172
request breakpoint  16 at line 154
                   set at line 158
request breakpoint  16 at line 168
                   set at line 168
request breakpoint  17 at line  21
                   set at line  21
request breakpoint  18 at line  39
                   set at line  39
request breakpoint  19 at line   8
                   set at line  10
request breakpoint  20 at line  44
                   set at line  44
request breakpoint  21 at line 158
                   set at line 174
request breakpoint  21 at line  85
                   set at line  85
request breakpoint  22 at line  25
                   set at line  27
request breakpoint  22 at line  84
                   set at line  84
request breakpoint  23 at line  83
                   set at line  83
request breakpoint  24 at line  50
                   set at line  51
request breakpoint  25 at line 141
                   set at line 141
request breakpoint  26 at line   9
                   set at line  10
request breakpoint  26 at line  63
                   set at line  63
request breakpoint  27 at line 144
                   set at line 144
request breakpoint  28 at line 126
                   set at line 126
request breakpoint  29 at line 130
                   set at line 130
request breakpoint  30 at line 106
                   set at line 107
paused at line   7
	because of breakpoints [0]
action: stepIn
paused at line  19
action: stepIn
paused at line  95
action: stepOver
paused at line 128
action: stepOver
paused at line 154
action: resume
paused at line  75
	because of breakpoints [12]
action: stepIn
paused at line  10
action: stepOver
paused at line  11
action: stepOver
paused at line  12
action: resume
paused at line  17
	because of breakpoints [1]
action: stepIn
paused at line  17
action: stepOver
paused at line  76
action: stepIn
paused at line  76
action: stepOut
paused at line  27
	because of breakpoints [22]
action: resume
paused at line  34
	because of breakpoints [9]
action: resume
paused at line  27
	because of breakpoints [22]
action: resume
paused at line  10
	because of breakpoints [26]
action: resume
paused at line  17
	because of breakpoints [1]
action: resume
paused at line  39
	because of breakpoints [18]
action: stepIn
paused at line  40
action: stepIn
paused at line  41
action: stepOver
paused at line  42
action: stepIn
paused at line  43
action: resume
paused at line  44
	because of breakpoints [20]
action: stepOut
paused at line  39
	because of breakpoints [18]
action: stepIn
paused at line  10
action: stepOut
paused at line  10
	because of breakpoints [26]
action: stepOut
paused at line  17
	because of breakpoints [1]
action: stepIn
paused at line  17
action: resume
paused at line  48
	because of breakpoints [5]
action: resume
paused at line  51
	because of breakpoints [24]
action: stepIn
paused at line  52
action: resume
paused at line  51
	because of breakpoints [24]
action: stepOver
paused at line  10
	because of breakpoints [26]
action: stepOver
paused at line  11
action: stepOver
paused at line  12
action: stepOut
paused at line  17
	because of breakpoints [1]
action: resume
paused at line  63
	because of breakpoints [26]
action: stepOver
paused at line  64
action: stepIn
paused at line  65
action: resume
paused at line  63
	because of breakpoints [26]
action: stepOver
paused at line  10
	because of breakpoints [26]
action: resume
paused at line  17
	because of breakpoints [1]
action: stepIn
paused at line  17
action: stepIn
paused at line  72
action: stepOver
paused at line  72
action: resume
paused at line  83
	because of breakpoints [23]
action: stepIn
paused at line  84
action: stepOver
paused at line  85
action: stepOver
paused at line  86
action: stepOver
paused at line  87
action: stepOut
paused at line  85
	because of breakpoints [21]
action: stepIn
paused at line  86
action: stepOut
paused at line  85
	because of breakpoints [21]
action: stepIn
paused at line  86
action: resume
paused at line  85
	because of breakpoints [21]
action: stepIn
paused at line  86
action: stepOver
paused at line  87
action: stepOut
paused at line  85
	because of breakpoints [21]
action: stepOver
paused at line  86
action: stepOver
paused at line  87
action: stepOut
paused at line  85
	because of breakpoints [21]
action: stepOver
paused at line  92
action: stepOut
paused at line  21
	because of breakpoints [17]
action: resume
paused at line 163
	because of breakpoints [4]
action: stepOver
paused at line 130
	because of breakpoints [29]
action: stepIn
paused at line 131
action: resume
paused at line 137
	because of breakpoints [13]
action: stepOut
paused at line 141
	because of breakpoints [25]
action: stepIn
paused at line 142
action: resume
paused at line 144
	because of breakpoints [27]
action: stepOut
paused at line 141
	because of breakpoints [25]
action: resume
paused at line 144
	because of breakpoints [27]
action: stepIn
paused at line 145
action: stepOut
paused at line 141
	because of breakpoints [25]
action: resume
paused at line 144
	because of breakpoints [27]
action: stepIn
paused at line 145
action: resume
paused at line 141
	because of breakpoints [25]
action: resume
paused at line 144
	because of breakpoints [27]
action: stepOver
paused at line 145
action: stepOver
paused at line 147
action: stepOut
paused at line 141
	because of breakpoints [25]
action: stepOver
paused at line 133
action: stepIn
paused at line 134
action: stepOver
paused at line 136
action: resume
paused at line 137
	because of breakpoints [13]
action: resume
paused at line 141
	because of breakpoints [25]
action: stepOut
