request breakpoint   0 at line   3
                   set at line   6
request breakpoint   1 at line   8
                   set at line   8
request breakpoint   2 at line  43
                   set at line  46
request breakpoint   3 at line  39
                   set at line  40
request breakpoint   4 at line  66
                   set at line  67
request breakpoint   5 at line  21
                   set at line  21
request breakpoint   6 at line  50
                   set at line  50
request breakpoint   7 at line  49
                   set at line  49
request breakpoint   8 at line  63
                   set at line  64
request breakpoint   9 at line  19
                   set at line  19
request breakpoint  10 at line  53
                   set at line  53
request breakpoint  11 at line  17
                   set at line  17
request breakpoint  12 at line  35
                   set at line  35
request breakpoint  13 at line  58
                   set at line  58
paused at line  64
	because of breakpoints [8]
action: stepIn
paused at line  65
action: stepIn
paused at line   6
action: stepOver
paused at line   7
action: stepOver
paused at line   8
action: resume
paused at line   8
	because of breakpoints [1]
action: stepIn
paused at line   9
action: stepOver
paused at line  10
action: stepOver
paused at line  11
action: resume
paused at line  17
	because of breakpoints [11]
action: stepIn
paused at line  19
action: stepOver
paused at line  20
action: stepIn
paused at line  21
action: stepOut
paused at line  21
	because of breakpoints [5]
action: resume
paused at line  46
	because of breakpoints [2]
action: resume
paused at line  49
	because of breakpoints [7]
action: resume
paused at line  50
	because of breakpoints [6]
action: resume
paused at line  53
	because of breakpoints [10]
action: resume
paused at line  50
	because of breakpoints [6]
action: stepIn
paused at line  55
action: stepIn
paused at line  57
action: stepOver
paused at line  58
action: stepIn
paused at line  17
action: resume
paused at line  17
	because of breakpoints [11]
action: stepOut
paused at line  19
	because of breakpoints [9]
action: stepIn
paused at line  20
action: stepOut
paused at line  21
	because of breakpoints [5]
action: stepOut
paused at line  46
	because of breakpoints [2]
action: stepIn
paused at line  47
action: resume
paused at line  49
	because of breakpoints [7]
action: resume
paused at line  50
	because of breakpoints [6]
action: stepIn
paused at line  51
action: resume
paused at line  53
	because of breakpoints [10]
action: stepOver
paused at line  50
action: stepOver
paused at line  55
action: stepOver
