request breakpoint   0 at line   2
                   set at line   4
request breakpoint   1 at line   4
                   set at line   9
request breakpoint   1 at line  20
                   set at line  20
request breakpoint   2 at line  18
                   set at line  19
request breakpoint   3 at line  29
                   set at line  29
request breakpoint   4 at line  12
                   set at line  12
paused at line  19
	because of breakpoints [2]
action: stepIn
paused at line  20
action: stepIn
paused at line  21
action: stepOver
paused at line   9
	because of breakpoints [1]
action: stepOver
paused at line  10
action: resume
paused at line  12
	because of breakpoints [4]
action: stepIn
paused at line  10
action: stepOver
paused at line  11
action: stepOver
paused at line  12
action: resume
paused at line  12
	because of breakpoints [4]
action: stepIn
paused at line  10
action: stepOver
paused at line  11
action: stepIn
paused at line  12
action: stepOut
paused at line  12
	because of breakpoints [4]
action: resume
paused at line  12
	because of breakpoints [4]
action: resume
