request breakpoint   0 at line   2
                   set at line   7
request breakpoint   1 at line   5
                   set at line   7
request breakpoint   1 at line  27
                   set at line  27
request breakpoint   2 at line  25
                   set at line  26
request breakpoint   3 at line  40
                   set at line  40
request breakpoint   4 at line  15
                   set at line  15
request breakpoint   5 at line  31
                   set at line  31
request breakpoint   6 at line   7
                   set at line  13
paused at line  26
	because of breakpoints [2]
action: stepIn
paused at line  27
action: stepIn
paused at line  28
action: stepOver
paused at line  13
	because of breakpoints [6]
action: stepOver
paused at line  15
action: resume
paused at line  15
	because of breakpoints [4]
action: stepIn
paused at line  17
action: stepOver
paused at line  18
action: stepOver
paused at line  19
action: resume
paused at line  26
	because of breakpoints [2]
action: stepIn
paused at line  30
action: stepOver
paused at line  31
action: stepIn
paused at line  31
action: stepOut
paused at line  40
	because of breakpoints [3]
action: resume
