request breakpoint   0 at line   2
                   set at line   6
request breakpoint   1 at line   4
                   set at line   6
request breakpoint   1 at line  21
                   set at line  21
request breakpoint   2 at line  19
                   set at line  19
request breakpoint   3 at line  31
                   set at line  31
request breakpoint   4 at line  12
                   set at line  12
paused at line  21
	because of breakpoints [1]
action: stepIn
paused at line  23
action: stepIn
paused at line  24
action: stepOver
paused at line   6
	because of breakpoints [1]
action: stepOver
paused at line   7
action: resume
paused at line   6
	because of breakpoints [1]
action: stepIn
paused at line   7
action: stepOver
paused at line   8
action: stepOver
paused at line   6
	because of breakpoints [1]
action: resume
paused at line   6
	because of breakpoints [1]
action: stepIn
paused at line   7
action: stepOver
paused at line   6
	because of breakpoints [1]
action: stepIn
paused at line   7
action: stepOut
paused at line   6
	because of breakpoints [1]
action: resume
paused at line   6
	because of breakpoints [1]
action: resume
paused at line   6
	because of breakpoints [1]
action: resume
