request breakpoint   0 at line  10
                   set at line  14
request breakpoint   1 at line  22
                   set at line  23
request breakpoint   2 at line 145
                   set at line 145
request breakpoint   3 at line 130
                   set at line 130
request breakpoint   4 at line 224
                   set at line 234
request breakpoint   5 at line  63
                   set at line  63
request breakpoint   6 at line 166
                   set at line 166
request breakpoint   7 at line 159
                   set at line 163
request breakpoint   8 at line 211
                   set at line 211
request breakpoint   9 at line  44
                   set at line  48
request breakpoint  10 at line 174
                   set at line 175
request breakpoint  11 at line  33
                   set at line  33
request breakpoint  12 at line  99
                   set at line 104
request breakpoint  13 at line 189
                   set at line 189
request breakpoint  14 at line 227
                   set at line 234
request breakpoint  14 at line 239
                   set at line 240
request breakpoint  15 at line 213
                   set at line 215
request breakpoint  16 at line 233
                   set at line 234
request breakpoint  16 at line   2
                   set at line  14
request breakpoint  16 at line  47
                   set at line  48
request breakpoint  16 at line 157
                   set at line 163
request breakpoint  16 at line  55
                   set at line  57
request breakpoint  17 at line 218
                   set at line 219
request breakpoint  18 at line 113
                   set at line 115
request breakpoint  19 at line  25
                   set at line  26
request breakpoint  20 at line 111
                   set at line 115
request breakpoint  20 at line 108
                   set at line 108
request breakpoint  21 at line  60
                   set at line  60
request breakpoint  22 at line 193
                   set at line 194
request breakpoint  23 at line 210
                   set at line 211
request breakpoint  23 at line  78
                   set at line  78
request breakpoint  24 at line 197
                   set at line 202
request breakpoint  25 at line 171
                   set at line 175
request breakpoint  25 at line 176
                   set at line 176
request breakpoint  26 at line 140
                   set at line 144
request breakpoint  27 at line 110
                   set at line 115
request breakpoint  27 at line 234
                   set at line 243
request breakpoint  27 at line  14
                   set at line  23
request breakpoint  27 at line  77
                   set at line  77
request breakpoint  28 at line 220
                   set at line 234
request breakpoint  29 at line 180
                   set at line 180
request breakpoint  30 at line 216
                   set at line 216
request breakpoint  31 at line  64
                   set at line  64
request breakpoint  32 at line  53
                   set at line  57
request breakpoint  32 at line 148
                   set at line 154
request breakpoint  33 at line 204
                   set at line 204
request breakpoint  34 at line  74
                   set at line  75
request breakpoint  35 at line 169
                   set at line 175
paused at line 219
	because of breakpoints [17]
action: stepIn
paused at line 234
action: stepIn
paused at line 235
action: stepOver
paused at line 234
action: stepOver
paused at line 235
action: resume
paused at line 234
	because of breakpoints [28]
action: stepIn
paused at line 235
action: stepOver
paused at line 234
action: stepOver
paused at line 235
action: resume
paused at line 234
	because of breakpoints [28]
action: stepIn
paused at line 238
action: stepOver
paused at line  23
	because of breakpoints [27]
action: stepIn
paused at line 163
action: stepOut
paused at line 163
	because of breakpoints [16]
action: resume
paused at line 166
	because of breakpoints [6]
action: resume
paused at line 166
	because of breakpoints [6]
action: resume
paused at line 166
	because of breakpoints [6]
action: resume
paused at line 166
	because of breakpoints [6]
action: resume
paused at line 166
	because of breakpoints [6]
action: stepIn
paused at line 165
action: stepIn
paused at line 166
action: stepOver
paused at line 165
action: stepIn
paused at line 166
action: resume
paused at line 166
	because of breakpoints [6]
action: stepOut
paused at line 166
	because of breakpoints [6]
action: stepIn
paused at line 165
action: stepOut
paused at line 166
	because of breakpoints [6]
action: stepOut
paused at line 166
	because of breakpoints [6]
action: stepIn
paused at line 165
action: resume
paused at line 166
	because of breakpoints [6]
action: resume
paused at line 166
	because of breakpoints [6]
action: stepIn
paused at line 165
action: resume
paused at line 166
	because of breakpoints [6]
action: stepOver
paused at line 165
action: stepOver
paused at line 166
action: stepOver
paused at line 165
action: stepOut
paused at line 166
	because of breakpoints [6]
action: resume
paused at line 166
	because of breakpoints [6]
action: stepOver
paused at line 165
action: stepIn
paused at line 166
action: resume
paused at line 166
	because of breakpoints [6]
action: stepOver
paused at line 165
action: resume
paused at line 166
	because of breakpoints [6]
action: stepIn
paused at line 165
action: stepIn
paused at line 166
action: stepOver
paused at line 165
action: resume
paused at line 166
	because of breakpoints [6]
action: stepIn
paused at line 165
action: stepOver
paused at line 166
action: stepOver
paused at line 165
action: stepOver
paused at line 166
action: stepOut
paused at line 166
	because of breakpoints [6]
action: stepIn
paused at line 165
action: stepOut
paused at line 166
	because of breakpoints [6]
action: stepIn
paused at line 165
action: resume
paused at line 166
	because of breakpoints [6]
action: stepIn
paused at line 165
action: stepOver
paused at line 166
action: stepOut
paused at line 166
	because of breakpoints [6]
action: stepOver
paused at line 165
action: stepOver
paused at line 166
action: stepOut
paused at line 166
	because of breakpoints [6]
action: stepOver
paused at line 165
action: stepOut
paused at line 166
	because of breakpoints [6]
action: resume
paused at line 166
	because of breakpoints [6]
action: stepOver
paused at line 165
action: stepIn
paused at line 166
action: resume
paused at line 166
	because of breakpoints [6]
action: stepOut
paused at line 166
	because of breakpoints [6]
action: stepIn
paused at line 165
action: resume
paused at line 166
	because of breakpoints [6]
action: stepOut
paused at line 166
	because of breakpoints [6]
action: resume
paused at line 166
	because of breakpoints [6]
action: stepIn
paused at line 165
action: stepOut
paused at line 166
	because of breakpoints [6]
action: resume
paused at line 166
	because of breakpoints [6]
action: stepIn
paused at line 165
action: resume
paused at line 166
	because of breakpoints [6]
action: resume
paused at line 166
	because of breakpoints [6]
action: stepOver
paused at line 165
action: stepOver
paused at line 166
action: stepOut
paused at line 166
	because of breakpoints [6]
action: stepOver
paused at line 165
action: stepIn
paused at line 166
action: stepOver
paused at line 165
action: resume
paused at line 166
	because of breakpoints [6]
action: resume
paused at line 166
	because of breakpoints [6]
action: stepOut
paused at line 166
	because of breakpoints [6]
action: stepOver
paused at line 165
action: resume
paused at line 166
	because of breakpoints [6]
action: stepIn
paused at line 165
action: stepOut
paused at line 166
	because of breakpoints [6]
action: stepOut
paused at line 166
	because of breakpoints [6]
action: stepOut
paused at line 166
	because of breakpoints [6]
action: stepIn
paused at line 165
action: stepOut
paused at line 166
	because of breakpoints [6]
action: stepIn
paused at line 165
action: stepOver
paused at line 166
action: stepOver
paused at line 165
action: stepOver
paused at line 166
action: resume
paused at line 166
	because of breakpoints [6]
action: stepIn
paused at line 165
action: stepOut
paused at line 166
	because of breakpoints [6]
action: resume
paused at line 166
	because of breakpoints [6]
action: resume
paused at line 166
	because of breakpoints [6]
action: stepOver
paused at line 165
action: stepOver
paused at line 166
action: stepOut
paused at line 166
	because of breakpoints [6]
action: stepOut
paused at line 166
	because of breakpoints [6]
action: stepIn
paused at line 165
action: resume
paused at line 166
	because of breakpoints [6]
action: resume
paused at line 166
	because of breakpoints [6]
action: stepIn
paused at line 165
action: stepOver
paused at line 166
action: stepIn
paused at line 165
action: resume
paused at line 166
	because of breakpoints [6]
action: stepOver
paused at line 165
action: stepOut
paused at line 166
	because of breakpoints [6]
action: stepOut
paused at line 166
	because of breakpoints [6]
action: stepOver
paused at line 165
action: stepIn
paused at line 166
action: stepIn
