request breakpoint   0 at line  17
                   set at line  17
request breakpoint   1 at line  38
                   set at line  40
request breakpoint   2 at line 254
                   set at line 254
request breakpoint   3 at line 228
                   set at line 231
request breakpoint   4 at line 394
                   set at line 419
request breakpoint   5 at line 108
                   set at line 108
request breakpoint   6 at line 289
                   set at line 290
request breakpoint   7 at line 277
                   set at line 279
request breakpoint   8 at line 370
                   set at line 370
request breakpoint   9 at line  71
                   set at line  71
request breakpoint  10 at line 304
                   set at line 304
request breakpoint  11 at line  50
                   set at line  50
request breakpoint  12 at line 169
                   set at line 169
request breakpoint  13 at line 329
                   set at line 329
request breakpoint  14 at line 398
                   set at line 419
request breakpoint  14 at line 419
                   set at line 426
request breakpoint  14 at line 372
                   set at line 372
request breakpoint  15 at line 408
                   set at line 419
request breakpoint  16 at line  24
                   set at line  24
request breakpoint  17 at line  70
                   set at line  71
request breakpoint  17 at line 270
                   set at line 270
request breakpoint  18 at line  82
                   set at line  84
request breakpoint  19 at line 381
                   set at line 385
request breakpoint  20 at line 188
                   set at line 188
request breakpoint  21 at line  26
                   set at line  26
request breakpoint  22 at line 183
                   set at line 183
request breakpoint  23 at line 178
                   set at line 178
request breakpoint  24 at line  88
                   set at line  88
request breakpoint  25 at line 335
                   set at line 335
request breakpoint  26 at line 365
                   set at line 366
request breakpoint  27 at line 118
                   set at line 118
request breakpoint  28 at line 340
                   set at line 340
request breakpoint  29 at line 292
                   set at line 293
request breakpoint  30 at line 302
                   set at line 302
request breakpoint  31 at line 233
                   set at line 233
request breakpoint  32 at line 177
                   set at line 177
request breakpoint  33 at line 409
                   set at line 419
request breakpoint  33 at line 325
                   set at line 325
request breakpoint  34 at line 112
                   set at line 112
request breakpoint  35 at line 383
                   set at line 385
request breakpoint  35 at line 307
                   set at line 307
request breakpoint  36 at line 376
                   set at line 377
request breakpoint  37 at line  84
                   set at line 112
request breakpoint  37 at line  61
                   set at line  61
request breakpoint  38 at line 243
                   set at line 245
request breakpoint  39 at line 350
                   set at line 350
request breakpoint  40 at line 100
                   set at line 100
request breakpoint  41 at line 284
                   set at line 284
request breakpoint  42 at line 285
                   set at line 290
request breakpoint  42 at line 327
                   set at line 327
request breakpoint  43 at line 191
                   set at line 191
request breakpoint  44 at line 135
                   set at line 142
request breakpoint  45 at line 226
                   set at line 231
request breakpoint  45 at line 114
                   set at line 114
request breakpoint  46 at line 351
                   set at line 351
request breakpoint  47 at line 109
                   set at line 109
request breakpoint  48 at line 303
                   set at line 304
request breakpoint  48 at line 242
                   set at line 242
request breakpoint  49 at line 326
                   set at line 326
request breakpoint  50 at line 255
                   set at line 255
request breakpoint  51 at line 222
                   set at line 231
request breakpoint  51 at line  41
                   set at line  41
request breakpoint  52 at line 217
                   set at line 219
request breakpoint  53 at line   5
                   set at line  14
request breakpoint  54 at line 252
                   set at line 252
request breakpoint  55 at line 113
                   set at line 113
request breakpoint  56 at line 369
                   set at line 369
request breakpoint  57 at line 190
                   set at line 191
request breakpoint  57 at line  97
                   set at line  97
request breakpoint  58 at line 385
                   set at line 426
request breakpoint  58 at line  19
                   set at line  20
request breakpoint  59 at line 413
                   set at line 419
request breakpoint  59 at line 148
                   set at line 165
request breakpoint  60 at line 164
                   set at line 165
request breakpoint  60 at line 389
                   set at line 419
request breakpoint  60 at line  80
                   set at line  80
request breakpoint  61 at line 390
                   set at line 419
request breakpoint  61 at line  30
                   set at line  30
request breakpoint  62 at line 269
                   set at line 270
request breakpoint  62 at line  60
                   set at line  60
request breakpoint  63 at line 224
                   set at line 231
request breakpoint  63 at line  33
                   set at line  33
request breakpoint  64 at line 125
                   set at line 142
request breakpoint  64 at line 330
                   set at line 331
request breakpoint  65 at line 356
                   set at line 356
paused at line 142
	because of breakpoints [64]
action: stepIn
paused at line 290
action: stepIn
paused at line 385
action: stepOver
paused at line 419
action: stepOver
paused at line 421
action: resume
paused at line 165
	because of breakpoints [60]
action: stepIn
paused at line 169
action: stepOver
paused at line 170
action: stepOver
paused at line 171
action: resume
paused at line  88
	because of breakpoints [24]
action: stepIn
paused at line  89
action: stepOver
paused at line  91
action: stepIn
paused at line  92
action: stepOut
paused at line  97
	because of breakpoints [57]
action: resume
paused at line 100
	because of breakpoints [40]
action: resume
paused at line 118
	because of breakpoints [27]
action: resume
paused at line 112
	because of breakpoints [37]
action: resume
paused at line 113
	because of breakpoints [55]
action: resume
paused at line 114
	because of breakpoints [45]
action: stepIn
paused at line 114
action: stepIn
paused at line 101
action: stepOver
paused at line 105
action: stepIn
paused at line  96
action: resume
paused at line  97
	because of breakpoints [57]
action: stepOut
paused at line  97
	because of breakpoints [57]
action: stepIn
paused at line  98
action: stepOut
paused at line  97
	because of breakpoints [57]
action: stepOut
paused at line  97
	because of breakpoints [57]
action: stepIn
paused at line  98
action: resume
paused at line 112
	because of breakpoints [37]
action: resume
paused at line 113
	because of breakpoints [55]
action: stepIn
paused at line 114
action: resume
paused at line 114
	because of breakpoints [45]
action: stepOver
paused at line 114
action: stepOver
paused at line 105
action: stepOver
paused at line  96
action: stepOut
paused at line  97
	because of breakpoints [57]
action: resume
paused at line  97
	because of breakpoints [57]
action: stepOver
paused at line  98
action: stepIn
paused at line  99
action: resume
paused at line  97
	because of breakpoints [57]
action: stepOver
paused at line  98
action: resume
paused at line  97
	because of breakpoints [57]
action: stepIn
paused at line  98
action: stepIn
paused at line  99
action: stepOver
paused at line 100
action: resume
paused at line 100
	because of breakpoints [40]
action: stepIn
paused at line 117
action: stepOver
paused at line 118
action: stepOver
paused at line 119
action: stepOver
paused at line 120
action: stepOut
paused at line 120
action: stepIn
paused at line 112
action: stepOut
paused at line 112
	because of breakpoints [37]
action: stepIn
paused at line 113
action: resume
paused at line 113
	because of breakpoints [55]
action: stepIn
paused at line 114
action: stepOver
paused at line 114
action: stepOut
paused at line  97
	because of breakpoints [57]
action: stepOver
paused at line  98
action: stepOver
paused at line  99
action: stepOut
paused at line  97
	because of breakpoints [57]
action: stepOver
paused at line  98
action: stepOut
paused at line  97
	because of breakpoints [57]
action: resume
paused at line  97
	because of breakpoints [57]
action: stepOver
paused at line  98
action: stepIn
paused at line  99
action: resume
paused at line 112
	because of breakpoints [37]
action: stepOut
paused at line 113
	because of breakpoints [55]
action: stepIn
paused at line 114
action: resume
paused at line 114
	because of breakpoints [45]
action: stepOut
paused at line 114
action: resume
paused at line  97
	because of breakpoints [57]
action: stepIn
paused at line  98
action: stepOut
paused at line  97
	because of breakpoints [57]
action: resume
paused at line  97
	because of breakpoints [57]
action: stepIn
paused at line  98
action: resume
paused at line  97
	because of breakpoints [57]
action: resume
paused at line 100
	because of breakpoints [40]
action: stepOver
paused at line 118
	because of breakpoints [27]
action: stepOver
paused at line 119
action: stepOut
paused at line 120
action: stepOver
paused at line 112
	because of breakpoints [37]
action: stepIn
paused at line 113
action: stepOver
paused at line 114
action: resume
paused at line 114
	because of breakpoints [45]
action: resume
paused at line  97
	because of breakpoints [57]
action: stepOut
paused at line  97
	because of breakpoints [57]
action: stepOver
paused at line  98
action: resume
paused at line  97
	because of breakpoints [57]
action: stepIn
paused at line  98
action: stepOut
paused at line  97
	because of breakpoints [57]
action: stepOut
paused at line 112
	because of breakpoints [37]
action: stepOut
paused at line 113
	because of breakpoints [55]
action: stepIn
paused at line 114
action: stepOut
paused at line 114
	because of breakpoints [45]
action: stepIn
paused at line 114
action: stepOver
paused at line 105
action: stepOver
paused at line  96
action: stepOver
paused at line  97
action: resume
paused at line  97
	because of breakpoints [57]
action: stepIn
paused at line  98
action: stepOut
paused at line  97
	because of breakpoints [57]
action: resume
paused at line  97
	because of breakpoints [57]
action: resume
paused at line  97
	because of breakpoints [57]
action: stepOver
paused at line  98
action: stepOver
paused at line  99
action: stepOut
paused at line 100
	because of breakpoints [40]
action: stepOut
paused at line 118
	because of breakpoints [27]
action: stepIn
paused at line 119
action: resume
paused at line 112
	because of breakpoints [37]
action: resume
paused at line 113
	because of breakpoints [55]
action: stepIn
paused at line 114
action: stepOver
paused at line 114
action: stepIn
paused at line 101
action: resume
paused at line  97
	because of breakpoints [57]
action: stepOver
paused at line  98
action: stepOut
paused at line  97
	because of breakpoints [57]
action: stepOut
paused at line  97
	because of breakpoints [57]
action: stepOver
paused at line  98
action: stepIn
paused at line  99
action: stepIn
paused at line 102
action: stepOver
paused at line 105
action: resume
paused at line  97
	because of breakpoints [57]
action: stepOver
paused at line  98
action: stepOut
paused at line 112
	because of breakpoints [37]
action: stepIn
paused at line 113
action: stepOut
paused at line 113
	because of breakpoints [55]
action: stepOut
paused at line 114
	because of breakpoints [45]
action: resume
paused at line  97
	because of breakpoints [57]
action: stepOver
paused at line  98
action: stepOver
paused at line  99
action: stepOver
paused at line 102
action: stepIn
paused at line 105
action: stepOut
paused at line  97
	because of breakpoints [57]
action: stepOver
paused at line  98
action: stepIn
paused at line  99
action: stepOver
paused at line 102
action: resume
paused at line  97
	because of breakpoints [57]
action: stepIn
paused at line  98
action: stepOver
paused at line  99
action: resume
paused at line  97
	because of breakpoints [57]
action: stepOver
paused at line  98
action: stepOver
paused at line  99
action: stepOver
paused at line 100
action: resume
paused at line 100
	because of breakpoints [40]
action: stepOver
paused at line 118
	because of breakpoints [27]
action: stepOver
paused at line 119
action: stepIn
paused at line 120
action: resume
paused at line 112
	because of breakpoints [37]
action: stepOver
paused at line 113
action: stepOver
paused at line 114
action: resume
paused at line 114
	because of breakpoints [45]
action: resume
paused at line  97
	because of breakpoints [57]
action: stepOver
paused at line  98
action: stepIn
paused at line  99
action: stepIn
paused at line 102
action: stepOver
paused at line 105
action: stepOver
paused at line  96
action: stepOver
paused at line  97
action: stepOver
paused at line  98
action: stepOut
paused at line  97
	because of breakpoints [57]
action: stepOver
paused at line  98
action: stepOver
paused at line  99
action: resume
paused at line  97
	because of breakpoints [57]
action: resume
paused at line 112
	because of breakpoints [37]
action: stepOver
paused at line 113
action: resume
paused at line 113
	because of breakpoints [55]
action: stepIn
paused at line 114
action: stepOver
paused at line 114
action: stepOut
paused at line  97
	because of breakpoints [57]
action: stepIn
paused at line  98
action: stepOut
paused at line  97
	because of breakpoints [57]
action: stepOver
paused at line  98
action: stepOver
paused at line  99
action: stepOver
paused at line 102
action: stepOut
paused at line  97
	because of breakpoints [57]
action: stepOut
paused at line  97
	because of breakpoints [57]
action: stepOver
paused at line  98
action: stepOver
paused at line  99
action: stepOut
paused at line 100
	because of breakpoints [40]
action: resume
paused at line 118
	because of breakpoints [27]
action: stepOver
paused at line 119
action: resume
paused at line 112
	because of breakpoints [37]
action: resume
paused at line 113
	because of breakpoints [55]
action: stepOver
paused at line 114
action: resume
paused at line 114
	because of breakpoints [45]
action: stepOut
paused at line 114
action: stepOver
paused at line 101
action: resume
paused at line  97
	because of breakpoints [57]
action: stepIn
paused at line  98
action: stepIn
paused at line  99
action: stepOver
paused at line 102
action: stepOver
paused at line 105
action: stepOut
paused at line  97
	because of breakpoints [57]
action: stepIn
paused at line  98
action: stepOut
paused at line  97
	because of breakpoints [57]
action: stepIn
paused at line  98
action: stepIn
paused at line  99
action: resume
paused at line  97
	because of breakpoints [57]
action: stepOver
paused at line  98
action: stepOut
paused at line 112
	because of breakpoints [37]
action: resume
paused at line 113
	because of breakpoints [55]
action: stepOut
paused at line 114
	because of breakpoints [45]
action: stepIn
paused at line 114
action: stepOut
paused at line  97
	because of breakpoints [57]
action: stepOver
paused at line  98
action: stepOver
paused at line  99
action: stepOver
paused at line 102
action: resume
paused at line  97
	because of breakpoints [57]
action: stepOut
paused at line  97
	because of breakpoints [57]
action: resume
paused at line  97
	because of breakpoints [57]
action: stepOver
paused at line  98
action: stepOver
