request breakpoint   0 at line   5
                   set at line  28
request breakpoint   1 at line  11
                   set at line  28
request breakpoint   1 at line  65
                   set at line  65
request breakpoint   2 at line  58
                   set at line  61
request breakpoint   3 at line  99
                   set at line 100
request breakpoint   4 at line  30
                   set at line  32
request breakpoint   5 at line  74
                   set at line  74
request breakpoint   6 at line  72
                   set at line  72
request breakpoint   7 at line  94
                   set at line  95
request breakpoint   8 at line  24
                   set at line  28
request breakpoint   8 at line  79
                   set at line  81
request breakpoint   9 at line  20
                   set at line  28
request breakpoint   9 at line  48
                   set at line  48
request breakpoint  10 at line  85
                   set at line  86
request breakpoint  11 at line 101
                   set at line 102
request breakpoint  12 at line 106
                   set at line 106
request breakpoint  13 at line  95
                   set at line 100
request breakpoint  13 at line 103
                   set at line 104
request breakpoint  14 at line  12
                   set at line  28
request breakpoint  14 at line   6
                   set at line  28
request breakpoint  14 at line   7
                   set at line  28
paused at line  28
	because of breakpoints [14]
action: stepIn
paused at line  45
action: stepIn
paused at line  46
action: stepOver
paused at line  32
	because of breakpoints [4]
action: stepOver
paused at line  33
action: resume
paused at line  32
	because of breakpoints [4]
action: stepIn
paused at line  33
action: stepOver
paused at line  33
action: stepOver
paused at line  46
action: resume
paused at line  32
	because of breakpoints [4]
action: stepIn
paused at line  33
action: stepOver
paused at line  33
action: stepIn
paused at line  46
action: stepOut
paused at line  32
	because of breakpoints [4]
action: resume
paused at line  32
	because of breakpoints [4]
action: resume
paused at line  32
	because of breakpoints [4]
action: resume
paused at line  32
	because of breakpoints [4]
action: resume
paused at line  32
	because of breakpoints [4]
action: resume
paused at line  48
	because of breakpoints [9]
action: stepIn
paused at line  32
action: stepIn
paused at line  33
action: stepOver
paused at line  33
action: stepIn
paused at line  48
action: resume
paused at line  32
	because of breakpoints [4]
action: stepOut
paused at line  33
action: stepIn
paused at line  48
action: stepOut
paused at line  32
	because of breakpoints [4]
action: stepOut
paused at line  33
action: stepIn
paused at line  48
action: resume
paused at line  32
	because of breakpoints [4]
action: resume
paused at line  86
	because of breakpoints [10]
action: stepIn
paused at line 100
action: resume
paused at line 100
	because of breakpoints [13]
action: stepOver
paused at line  61
	because of breakpoints [2]
action: stepOver
paused at line  32
	because of breakpoints [4]
action: stepOver
paused at line  33
action: stepOut
paused at line  33
action: resume
paused at line  32
	because of breakpoints [4]
action: stepOver
paused at line  33
action: stepIn
paused at line  33
action: resume
paused at line  65
	because of breakpoints [1]
action: stepOver
paused at line  66
action: resume
paused at line  72
	because of breakpoints [6]
action: stepIn
paused at line  66
action: stepIn
paused at line  67
action: stepOver
paused at line  68
action: resume
paused at line  74
	because of breakpoints [5]
action: stepIn
paused at line  75
action: stepOver
paused at line  76
action: stepOver
paused at line  77
action: stepOver
paused at line  66
action: stepOut
paused at line  72
	because of breakpoints [6]
action: stepIn
paused at line  66
action: stepOut
