request breakpoint   0 at line   3
                   set at line   7
request breakpoint   1 at line   7
                   set at line  11
request breakpoint   1 at line  37
                   set at line  38
request breakpoint   2 at line  34
                   set at line  34
request breakpoint   3 at line  56
                   set at line  57
request breakpoint   4 at line  19
                   set at line  20
request breakpoint   5 at line  43
                   set at line  43
request breakpoint   6 at line  41
                   set at line  42
request breakpoint   7 at line  53
                   set at line  55
request breakpoint   8 at line  17
                   set at line  17
request breakpoint   9 at line  46
                   set at line  46
request breakpoint  10 at line  16
                   set at line  17
paused at line  34
	because of breakpoints [2]
action: stepIn
paused at line  35
action: stepIn
paused at line  36
action: stepOver
paused at line  35
action: stepOver
paused at line  36
action: resume
paused at line  38
	because of breakpoints [1]
action: stepIn
paused at line  39
action: stepOver
paused at line  11
	because of breakpoints [1]
action: stepOver
paused at line  12
action: resume
paused at line  11
	because of breakpoints [1]
action: stepIn
paused at line  12
action: stepOver
paused at line  13
action: stepIn
paused at line  14
action: stepOut
paused at line  11
	because of breakpoints [1]
action: resume
paused at line  11
	because of breakpoints [1]
action: resume
paused at line  11
	because of breakpoints [1]
action: resume
paused at line  11
	because of breakpoints [1]
action: resume
paused at line  11
	because of breakpoints [1]
action: resume
paused at line  17
	because of breakpoints [10]
action: stepIn
paused at line  17
action: stepIn
paused at line  29
action: stepOver
paused at line  30
action: stepIn
paused at line  20
action: resume
paused at line  20
	because of breakpoints [4]
action: stepOut
paused at line  20
	because of breakpoints [4]
action: stepIn
paused at line  21
action: stepOut
paused at line  20
	because of breakpoints [4]
action: stepOut
paused at line  20
	because of breakpoints [4]
action: stepIn
paused at line  21
action: resume
paused at line  20
	because of breakpoints [4]
action: resume
