request breakpoint   0 at line   2
                   set at line   6
request breakpoint   1 at line   5
                   set at line   6
request breakpoint   1 at line  29
                   set at line  31
request breakpoint   2 at line  26
                   set at line  26
request breakpoint   3 at line  43
                   set at line  43
request breakpoint   4 at line  15
                   set at line  15
request breakpoint   5 at line  33
                   set at line  34
request breakpoint   6 at line   7
                   set at line   7
request breakpoint   7 at line  41
                   set at line  42
paused at line  34
	because of breakpoints [5]
action: stepIn
paused at line  36
action: stepIn
paused at line  37
action: stepOver
paused at line   6
	because of breakpoints [1]
action: stepOver
paused at line   7
action: resume
paused at line   7
	because of breakpoints [6]
action: stepIn
paused at line   8
action: stepOver
paused at line   9
action: stepOver
paused at line  11
action: resume
paused at line  15
	because of breakpoints [4]
action: stepIn
paused at line  16
action: stepOver
paused at line  18
action: stepIn
paused at line  19
action: stepOut
paused at line  26
	because of breakpoints [2]
action: resume
paused at line  15
	because of breakpoints [4]
action: resume
paused at line  26
	because of breakpoints [2]
action: resume
paused at line  15
	because of breakpoints [4]
action: resume
paused at line  26
	because of breakpoints [2]
action: resume
paused at line  15
	because of breakpoints [4]
action: stepIn
paused at line  16
action: stepIn
paused at line  18
action: stepOver
paused at line  19
action: stepIn
paused at line  20
action: resume
