request breakpoint   0 at line   6
                   set at line  42
request breakpoint   1 at line  13
                   set at line  42
request breakpoint   1 at line  83
                   set at line  87
request breakpoint   2 at line  75
                   set at line  75
request breakpoint   3 at line 128
                   set at line 128
request breakpoint   4 at line  38
                   set at line  42
request breakpoint   4 at line  95
                   set at line  96
request breakpoint   5 at line  91
                   set at line  92
request breakpoint   6 at line 121
                   set at line 121
request breakpoint   7 at line  29
                   set at line  42
request breakpoint   7 at line 101
                   set at line 103
request breakpoint   8 at line  23
                   set at line  42
request breakpoint   8 at line  60
                   set at line  60
request breakpoint   9 at line 109
                   set at line 113
request breakpoint  10 at line 130
                   set at line 130
request breakpoint  11 at line 136
                   set at line 137
request breakpoint  12 at line 122
                   set at line 122
request breakpoint  13 at line 133
                   set at line 134
request breakpoint  14 at line  20
                   set at line  42
request breakpoint  14 at line  34
                   set at line  42
request breakpoint  14 at line  93
                   set at line  93
request breakpoint  15 at line  39
                   set at line  42
request breakpoint  15 at line 125
                   set at line 126
request breakpoint  16 at line  70
                   set at line  71
request breakpoint  17 at line  25
                   set at line  42
request breakpoint  17 at line  24
                   set at line  42
request breakpoint  17 at line  69
                   set at line  71
paused at line  42
	because of breakpoints [17]
action: stepIn
paused at line  43
action: stepIn
paused at line  75
action: stepOver
paused at line 119
action: stepOver
paused at line 121
action: resume
paused at line 121
	because of breakpoints [6]
action: stepIn
paused at line 122
action: stepOver
paused at line 121
action: stepOver
paused at line 122
action: resume
paused at line 122
	because of breakpoints [12]
action: stepIn
paused at line 121
action: stepOver
paused at line 122
action: stepIn
paused at line 121
action: stepOut
paused at line 121
	because of breakpoints [6]
action: resume
paused at line 122
	because of breakpoints [12]
action: resume
paused at line 121
	because of breakpoints [6]
action: resume
paused at line 122
	because of breakpoints [12]
action: resume
paused at line 121
	because of breakpoints [6]
action: resume
paused at line 122
	because of breakpoints [12]
action: stepIn
paused at line 121
action: stepIn
paused at line 122
action: stepOver
paused at line 121
action: stepIn
paused at line 122
action: resume
paused at line 122
	because of breakpoints [12]
action: stepOut
paused at line 121
	because of breakpoints [6]
action: stepIn
paused at line 122
action: stepOut
paused at line 122
	because of breakpoints [12]
action: stepOut
paused at line 121
	because of breakpoints [6]
action: stepIn
paused at line 122
action: resume
paused at line 122
	because of breakpoints [12]
action: resume
paused at line 121
	because of breakpoints [6]
action: stepIn
paused at line 122
action: resume
paused at line 122
	because of breakpoints [12]
action: stepOver
paused at line 121
action: stepOver
paused at line 122
action: stepOver
paused at line 121
action: stepOut
paused at line 121
	because of breakpoints [6]
action: resume
paused at line 122
	because of breakpoints [12]
action: stepOver
paused at line 121
action: stepIn
paused at line 122
action: resume
paused at line 122
	because of breakpoints [12]
action: stepOver
paused at line 121
action: resume
paused at line 121
	because of breakpoints [6]
action: stepIn
paused at line 122
action: stepIn
paused at line 121
action: stepOver
paused at line 122
action: resume
paused at line 122
	because of breakpoints [12]
action: stepIn
paused at line 121
action: stepOver
paused at line 122
action: stepOver
paused at line 121
action: stepOver
paused at line 122
action: stepOut
paused at line 122
	because of breakpoints [12]
action: stepIn
paused at line 121
action: stepOut
paused at line 121
	because of breakpoints [6]
action: stepIn
paused at line 122
action: resume
paused at line 122
	because of breakpoints [12]
action: stepIn
paused at line 121
action: stepOver
paused at line 122
action: stepOut
paused at line 122
	because of breakpoints [12]
action: stepOver
paused at line 121
action: stepOver
paused at line 122
action: stepOut
paused at line 122
	because of breakpoints [12]
action: stepOver
paused at line 121
action: stepOut
paused at line 121
	because of breakpoints [6]
action: resume
paused at line 122
	because of breakpoints [12]
action: stepOver
paused at line 121
action: stepIn
paused at line 122
action: resume
paused at line 122
	because of breakpoints [12]
action: stepOut
paused at line 121
	because of breakpoints [6]
action: stepIn
