Breakpoint Set at 1
Breakpoint Set at 3
Breakpoint Set at 12
Breakpoint Set at 11
Breakpoint Set at 18
Breakpoint Set at 9
Breakpoint Set at 15
Breakpoint Set at 7
Breakpoint Set at 5
Breakpoint Set at 4
Breakpoint Set at 16
Breakpoint Set at 3
Breakpoint Set at 8
Breakpoint Set at 6
Breakpoint Set at 15
Breakpoint Set at 10
Breakpoint Set at 15
Paused at 1
	Hit Breakpoint(s) 
	Call Stack:  
	Bindings: 
Paused at 3
	Hit Breakpoint(s) 
	Call Stack:  
	Bindings: 
Paused at 4
	Hit Breakpoint(s) 
	Call Stack:  
	Bindings: 
Paused at 5
	Call Stack:  
	Bindings: 
Paused at 6
	Call Stack:  
	Bindings: 
Paused at 6
	Hit Breakpoint(s) 
	Call Stack:  
	Bindings: 
Paused at 7
	Hit Breakpoint(s) 
	Call Stack:  
	Bindings: 
Paused at 8
	Call Stack:  
	Bindings: 
Paused at 9
	Call Stack:  
	Bindings: 
Paused at 9
	Hit Breakpoint(s) 
	Call Stack:  
	Bindings: 
Paused at 10
	Hit Breakpoint(s) 
	Call Stack:  
	Bindings: 
Paused at 11
	Call Stack:  
	Bindings: 
Paused at 11
	Hit Breakpoint(s) 
	Call Stack:  
	Bindings: 
Paused at 12
	Call Stack:  
	Bindings: 
Paused at 12
	Hit Breakpoint(s) 
	Call Stack:  
	Bindings: 
Paused at 15
	Hit Breakpoint(s) 
	Call Stack:  
	Bindings: 
Paused at 16
	Hit Breakpoint(s) 
	Call Stack:  
	Bindings: 
Paused at 18
	Hit Breakpoint(s) 
	Call Stack:  
	Bindings: 
Paused at 18
	Call Stack:  
	Bindings: 
