Breakpoint Set at 5
Breakpoint Set at 9
Breakpoint Set at 52
Breakpoint Set at 47
Breakpoint Set at 80
Breakpoint Set at 25
Breakpoint Set at 60
Breakpoint Set at 58
Breakpoint Set at 77
Breakpoint Set at 21
Breakpoint Set at 64
Breakpoint Set at 18
Breakpoint Set at 40
Breakpoint Set at 69
Breakpoint Set at 81
Breakpoint Set at 85
Breakpoint Set at 83
Breakpoint Set at 19
Breakpoint Set at 30
Breakpoint Set at 61
Breakpoint Set at 31
Breakpoint Set at 79
Breakpoint Set at 49
Breakpoint Set at 6
Breakpoint Set at 24
Breakpoint Set at 26
Breakpoint Set at 37
Breakpoint Set at 73
Breakpoint Set at 78
Breakpoint Set at 43
Breakpoint Set at 74
Breakpoint Set at 68
Breakpoint Set at 70
Breakpoint Set at 10
Breakpoint Set at 54
Breakpoint Set at 84
Breakpoint Set at 32
Breakpoint Set at 48
Breakpoint Set at 15
Breakpoint Set at 72
Breakpoint Set at 5
Breakpoint Set at 45
Breakpoint Set at 66
Breakpoint Set at 5
Breakpoint Set at 41
Breakpoint Set at 39
Breakpoint Set at 17
Breakpoint Set at 13
Breakpoint Set at 59
Breakpoint Set at 33
Breakpoint Set at 22
Breakpoint Set at 42
Breakpoint Set at 7
Breakpoint Set at 5
Breakpoint Set at 30
Breakpoint Set at 23
Breakpoint Set at 39
Breakpoint Set at 9
Breakpoint Set at 46
Breakpoint Set at 30
Breakpoint Set at 57
Breakpoint Set at 53
Breakpoint Set at 13
Breakpoint Set at 56
Breakpoint Set at 34
Breakpoint Set at 52
Breakpoint Set at 65
Breakpoint Set at 86
Breakpoint Set at 75
Breakpoint Set at 52
Breakpoint Set at 16
Breakpoint Set at 71
Breakpoint Set at 63
Breakpoint Set at 44
Breakpoint Set at 67
Breakpoint Set at 20
Breakpoint Set at 55
Breakpoint Set at 62
Breakpoint Set at 37
Breakpoint Set at 14
Breakpoint Set at 82
Paused at 5
	Hit Breakpoint(s) 
	Call Stack:  
	Bindings: 
Paused at 6
	Hit Breakpoint(s) 
	Call Stack:  
	Bindings: 
Paused at 7
	Hit Breakpoint(s) 
	Call Stack:  
	Bindings: 
Paused at 9
	Call Stack:  
	Bindings: 
Paused at 10
	Call Stack:  
	Bindings: 
Paused at 10
	Hit Breakpoint(s) 
	Call Stack:  
	Bindings: 
Paused at 13
	Hit Breakpoint(s) 
	Call Stack:  
	Bindings: 
Paused at 14
	Call Stack:  
	Bindings: 
Paused at 15
	Call Stack:  
	Bindings: 
Paused at 15
	Hit Breakpoint(s) 
	Call Stack:  
	Bindings: 
Paused at 16
	Hit Breakpoint(s) 
	Call Stack:  
	Bindings: 
Paused at 17
	Call Stack:  
	Bindings: 
Paused at 17
	Hit Breakpoint(s) 
	Call Stack:  
	Bindings: 
Paused at 18
	Call Stack:  
	Bindings: 
Paused at 18
	Hit Breakpoint(s) 
	Call Stack:  
	Bindings: 
Paused at 19
	Hit Breakpoint(s) 
	Call Stack:  
	Bindings: 
Paused at 20
	Hit Breakpoint(s) 
	Call Stack:  
	Bindings: 
Paused at 21
	Hit Breakpoint(s) 
	Call Stack:  
	Bindings: 
Paused at 22
	Hit Breakpoint(s) 
	Call Stack:  
	Bindings: 
Paused at 23
	Hit Breakpoint(s) 
	Call Stack:  
	Bindings: 
Paused at 24
	Hit Breakpoint(s) 
	Call Stack:  
	Bindings: 
Paused at 25
	Call Stack:  
	Bindings: 
Paused at 25
	Hit Breakpoint(s) 
	Call Stack:  
	Bindings: 
Paused at 26
	Hit Breakpoint(s) 
	Call Stack:  
	Bindings: 
Paused at 30
	Call Stack:  
	Bindings: 
Paused at 30
	Hit Breakpoint(s) 
	Call Stack:  
	Bindings: 
Paused at 31
	Call Stack:  
	Bindings: 
Paused at 32
	Call Stack:  
	Bindings: 
Paused at 32
	Hit Breakpoint(s) 
	Call Stack:  
	Bindings: 
Paused at 33
	Hit Breakpoint(s) 
	Call Stack:  
	Bindings: 
Paused at 34
	Hit Breakpoint(s) 
	Call Stack:  
	Bindings: 
Paused at 37
	Hit Breakpoint(s) 
	Call Stack:  
	Bindings: 
Paused at 39
	Hit Breakpoint(s) 
	Call Stack:  
	Bindings: 
Paused at 40
	Call Stack:  
	Bindings: 
Paused at 41
	Call Stack:  
	Bindings: 
Paused at 42
	Call Stack:  
	Bindings: 
Paused at 43
	Call Stack:  
	Bindings: 
Paused at 43
	Hit Breakpoint(s) 
	Call Stack:  
	Bindings: 
Paused at 44
	Call Stack:  
	Bindings: 
Paused at 44
	Hit Breakpoint(s) 
	Call Stack:  
	Bindings: 
Paused at 45
	Hit Breakpoint(s) 
	Call Stack:  
	Bindings: 
Paused at 46
	Call Stack:  
	Bindings: 
Paused at 46
	Hit Breakpoint(s) 
	Call Stack:  
	Bindings: 
Paused at 47
	Hit Breakpoint(s) 
	Call Stack:  
	Bindings: 
Paused at 48
	Hit Breakpoint(s) 
	Call Stack:  
	Bindings: 
Paused at 49
	Call Stack:  
	Bindings: 
Paused at 49
	Hit Breakpoint(s) 
	Call Stack:  
	Bindings: 
Paused at 52
	Hit Breakpoint(s) 
	Call Stack:  
	Bindings: 
Paused at 53
	Call Stack:  
	Bindings: 
Paused at 54
	Call Stack:  
	Bindings: 
Paused at 55
	Call Stack:  
	Bindings: 
Paused at 56
	Call Stack:  
	Bindings: 
Paused at 56
	Hit Breakpoint(s) 
	Call Stack:  
	Bindings: 
Paused at 57
	Call Stack:  
	Bindings: 
Paused at 57
	Hit Breakpoint(s) 
	Call Stack:  
	Bindings: 
Paused at 57
	Call Stack:  
	Bindings: 
