94 -> 95
153 -> 153
54 -> 56
90 -> 90
91 -> 91
13 -> 13
46 -> 47
9 -> 13
233 -> 233
199 -> 201
138 -> 143
140 -> 143
14 -> 14
163 -> 163
231 -> 233
214 -> 214
55 -> 56
186 -> 186
0 -> 13
159 -> 162
61 -> 61
20 -> 22
151 -> 153
165 -> 165
204 -> 205
150 -> 153
105 -> 105
194 -> 194
34 -> 34
216 -> 218
100 -> 103
126 -> 126
87 -> 87
93 -> 93
125 -> 126
189 -> 190
195 -> 201
205 -> 218
26 -> 26
51 -> 56
184 -> 186
36 -> 37
39 -> 47
48 -> 48
58 -> 59
238 -> 239
30 -> 31
210 -> 210
147 -> 153
82 -> 82
203 -> 203
230 -> 233
172 -> 174
188 -> 188
130 -> 130
176 -> 176
92 -> 93
217 -> 218
136 -> 143
52 -> 56
35 -> 35
31 -> 34
129 -> 129
201 -> 218
18 -> 22
167 -> 167
103 -> 114
193 -> 193
85 -> 87
128 -> 129
220 -> 233
209 -> 210
114 -> 123
112 -> 114
131 -> 133
155 -> 162
215 -> 215
106 -> 106
29 -> 29
174 -> 186
3 -> 13
240 -> 240
79 -> 79
11 -> 13
161 -> 162
122 -> 123
197 -> 201
148 -> 153
75 -> 76
228 -> 233
86 -> 87
95 -> 103
143 -> 153
132 -> 133
179 -> 179
8 -> 13
16 -> 22
223 -> 233
192 -> 193
178 -> 178
19 -> 22
22 -> 25
98 -> 103
73 -> 74
53 -> 56
170 -> 174
225 -> 233
121 -> 123
162 -> 174
