0 -> 13
3 -> 13
8 -> 13
9 -> 13
11 -> 13
13 -> 13
14 -> 14
16 -> 22
18 -> 22
19 -> 22
20 -> 22
22 -> 25
26 -> 26
29 -> 29
30 -> 31
31 -> 34
34 -> 34
35 -> 35
36 -> 37
39 -> 47
46 -> 47
48 -> 48
51 -> 56
52 -> 56
53 -> 56
54 -> 56
55 -> 56
58 -> 59
61 -> 61
73 -> 74
75 -> 76
79 -> 79
82 -> 82
85 -> 87
86 -> 87
87 -> 87
90 -> 90
91 -> 91
92 -> 93
93 -> 93
94 -> 95
95 -> 103
98 -> 103
100 -> 103
103 -> 114
105 -> 105
106 -> 106
112 -> 114
114 -> 123
121 -> 123
122 -> 123
125 -> 126
126 -> 126
128 -> 129
129 -> 129
130 -> 130
131 -> 133
132 -> 133
136 -> 143
138 -> 143
140 -> 143
143 -> 153
147 -> 153
148 -> 153
150 -> 153
151 -> 153
153 -> 153
155 -> 162
159 -> 162
161 -> 162
162 -> 174
163 -> 163
165 -> 165
167 -> 167
170 -> 174
172 -> 174
174 -> 186
176 -> 176
178 -> 178
179 -> 179
184 -> 186
186 -> 186
188 -> 188
189 -> 190
192 -> 193
193 -> 193
194 -> 194
195 -> 201
197 -> 201
199 -> 201
201 -> 218
203 -> 203
204 -> 205
205 -> 218
209 -> 210
210 -> 210
214 -> 214
215 -> 215
216 -> 218
217 -> 218
220 -> 233
223 -> 233
225 -> 233
228 -> 233
230 -> 233
231 -> 233
233 -> 233
238 -> 239
240 -> 240
