Breakpoint Set at 6
Breakpoint Set at 33
Breakpoint Set at 31
Breakpoint Set at 52
Breakpoint Set at 17
Breakpoint Set at 39
Breakpoint Set at 38
Breakpoint Set at 49
Breakpoint Set at 17
Breakpoint Set at 42
Breakpoint Set at 17
Breakpoint Set at 29
Breakpoint Set at 45
Breakpoint Set at 54
Breakpoint Set at 53
Breakpoint Set at 19
Breakpoint Set at 25
Breakpoint Set at 11
Breakpoint Set at 27
Breakpoint Set at 6
Breakpoint Set at 36
Breakpoint Set at 38
Breakpoint Set at 25
Breakpoint Set at 32
Breakpoint Set at 9
Breakpoint Set at 25
Breakpoint Set at 20
Breakpoint Set at 6
Breakpoint Set at 49
Breakpoint Set at 14
Breakpoint Set at 11
Breakpoint Set at 52
Breakpoint Set at 18
Breakpoint Set at 8
Breakpoint Set at 40
Breakpoint Set at 44
Breakpoint Set at 43
Breakpoint Set at 21
Breakpoint Set at 7
Breakpoint Set at 34
Breakpoint Set at 12
Breakpoint Set at 6
Breakpoint Set at 49
Breakpoint Set at 13
Breakpoint Set at 6
Breakpoint Set at 36
Paused at 11
	Hit Breakpoint(s) 
	Call Stack:  
	Bindings: 
Paused at 29
	Hit Breakpoint(s) 
	Call Stack:  
	Bindings: 
Paused at 31
	Hit Breakpoint(s) 
	Call Stack:  
	Bindings: 
Paused at 32
	Call Stack:  
	Bindings: 
Paused at 33
	Call Stack:  
	Bindings: 
Paused at 33
	Hit Breakpoint(s) 
	Call Stack:  
	Bindings: 
Paused at 34
	Hit Breakpoint(s) 
	Call Stack:  
	Bindings: 
Paused at 36
	Call Stack:  
	Bindings: 
Paused at 17
	Hit Breakpoint(s) 
	Call Stack: bottomUpTree 
	Bindings: depth: number = 7
		item: number = 0
Paused at 18
	Hit Breakpoint(s) 
	Call Stack: bottomUpTree 
	Bindings: depth: number = 7
		item: number = 0
Paused at 19
	Hit Breakpoint(s) 
	Call Stack: bottomUpTree 
	Bindings: depth: number = 7
		item: number = 0
Paused at 17
	Hit Breakpoint(s) 
	Call Stack: bottomUpTree, bottomUpTree 
	Bindings: depth: number = 6
		item: number = -1
Paused at 18
	Hit Breakpoint(s) 
	Call Stack: bottomUpTree, bottomUpTree 
	Bindings: depth: number = 6
		item: number = -1
Paused at 19
	Call Stack: bottomUpTree, bottomUpTree 
	Bindings: depth: number = 6
		item: number = -1
Paused at 19
	Hit Breakpoint(s) 
	Call Stack: bottomUpTree, bottomUpTree 
	Bindings: depth: number = 6
		item: number = -1
Paused at 17
	Hit Breakpoint(s) 
	Call Stack: bottomUpTree, bottomUpTree, bottomUpTree 
	Bindings: depth: number = 5
		item: number = -3
Paused at 18
	Hit Breakpoint(s) 
	Call Stack: bottomUpTree, bottomUpTree, bottomUpTree 
	Bindings: depth: number = 5
		item: number = -3
Paused at 19
	Hit Breakpoint(s) 
	Call Stack: bottomUpTree, bottomUpTree, bottomUpTree 
	Bindings: depth: number = 5
		item: number = -3
Paused at 17
	Hit Breakpoint(s) 
	Call Stack: bottomUpTree, bottomUpTree, bottomUpTree, bottomUpTree 
	Bindings: depth: number = 4
		item: number = -7
Paused at 18
	Hit Breakpoint(s) 
	Call Stack: bottomUpTree, bottomUpTree, bottomUpTree, bottomUpTree 
	Bindings: depth: number = 4
		item: number = -7
Paused at 19
	Hit Breakpoint(s) 
	Call Stack: bottomUpTree, bottomUpTree, bottomUpTree, bottomUpTree 
	Bindings: depth: number = 4
		item: number = -7
Paused at 17
	Hit Breakpoint(s) 
	Call Stack: bottomUpTree, bottomUpTree, bottomUpTree, bottomUpTree, bottomUpTree 
	Bindings: depth: number = 3
		item: number = -15
Paused at 18
	Hit Breakpoint(s) 
	Call Stack: bottomUpTree, bottomUpTree, bottomUpTree, bottomUpTree, bottomUpTree 
	Bindings: depth: number = 3
		item: number = -15
Paused at 19
	Hit Breakpoint(s) 
	Call Stack: bottomUpTree, bottomUpTree, bottomUpTree, bottomUpTree, bottomUpTree 
	Bindings: depth: number = 3
		item: number = -15
Paused at 17
	Call Stack: bottomUpTree, bottomUpTree, bottomUpTree, bottomUpTree, bottomUpTree, bottomUpTree 
	Bindings: depth: number = 2
		item: number = -31
Paused at 17
	Hit Breakpoint(s) 
	Call Stack: bottomUpTree, bottomUpTree, bottomUpTree, bottomUpTree, bottomUpTree, bottomUpTree 
	Bindings: depth: number = 2
		item: number = -31
Paused at 18
	Call Stack: bottomUpTree, bottomUpTree, bottomUpTree, bottomUpTree, bottomUpTree, bottomUpTree 
	Bindings: depth: number = 2
		item: number = -31
Paused at 19
	Call Stack: bottomUpTree, bottomUpTree, bottomUpTree, bottomUpTree, bottomUpTree, bottomUpTree 
	Bindings: depth: number = 2
		item: number = -31
Paused at 19
	Hit Breakpoint(s) 
	Call Stack: bottomUpTree, bottomUpTree, bottomUpTree, bottomUpTree, bottomUpTree, bottomUpTree 
	Bindings: depth: number = 2
		item: number = -31
Paused at 17
	Hit Breakpoint(s) 
	Call Stack: bottomUpTree, bottomUpTree, bottomUpTree, bottomUpTree, bottomUpTree, bottomUpTree, bottomUpTree 
	Bindings: depth: number = 1
		item: number = -63
Paused at 18
	Hit Breakpoint(s) 
	Call Stack: bottomUpTree, bottomUpTree, bottomUpTree, bottomUpTree, bottomUpTree, bottomUpTree, bottomUpTree 
	Bindings: depth: number = 1
		item: number = -63
Paused at 19
	Hit Breakpoint(s) 
	Call Stack: bottomUpTree, bottomUpTree, bottomUpTree, bottomUpTree, bottomUpTree, bottomUpTree, bottomUpTree 
	Bindings: depth: number = 1
		item: number = -63
Paused at 17
	Hit Breakpoint(s) 
	Call Stack: bottomUpTree, bottomUpTree, bottomUpTree, bottomUpTree, bottomUpTree, bottomUpTree, bottomUpTree, bottomUpTree 
	Bindings: depth: number = 0
		item: number = -127
Paused at 25
	Call Stack: bottomUpTree, bottomUpTree, bottomUpTree, bottomUpTree, bottomUpTree, bottomUpTree, bottomUpTree, bottomUpTree 
	Bindings: depth: number = 0
		item: number = -127
Paused at 6
	Hit Breakpoint(s) 
	Call Stack: TreeNode, bottomUpTree, bottomUpTree, bottomUpTree, bottomUpTree, bottomUpTree, bottomUpTree, bottomUpTree, bottomUpTree 
	Bindings: item: number = -127
		left: null
		right: null
Paused at 7
	Call Stack: TreeNode, bottomUpTree, bottomUpTree, bottomUpTree, bottomUpTree, bottomUpTree, bottomUpTree, bottomUpTree, bottomUpTree 
	Bindings: item: number = -127
		left: null
		right: null
Paused at 8
	Call Stack: TreeNode, bottomUpTree, bottomUpTree, bottomUpTree, bottomUpTree, bottomUpTree, bottomUpTree, bottomUpTree, bottomUpTree 
	Bindings: item: number = -127
		left: null
		right: null
Paused at 8
	Hit Breakpoint(s) 
	Call Stack: TreeNode, bottomUpTree, bottomUpTree, bottomUpTree, bottomUpTree, bottomUpTree, bottomUpTree, bottomUpTree, bottomUpTree 
	Bindings: item: number = -127
		left: null
		right: null
Paused at 9
	Call Stack: TreeNode, bottomUpTree, bottomUpTree, bottomUpTree, bottomUpTree, bottomUpTree, bottomUpTree, bottomUpTree, bottomUpTree 
	Bindings: item: number = -127
		left: null
		right: null
Paused at 9
	Hit Breakpoint(s) 
	Call Stack: TreeNode, bottomUpTree, bottomUpTree, bottomUpTree, bottomUpTree, bottomUpTree, bottomUpTree, bottomUpTree, bottomUpTree 
	Bindings: item: number = -127
		left: null
		right: null
Paused at 9
	Call Stack: TreeNode, bottomUpTree, bottomUpTree, bottomUpTree, bottomUpTree, bottomUpTree, bottomUpTree, bottomUpTree, bottomUpTree 
	Bindings: item: number = -127
		left: null
		right: null
Paused at 27
	Call Stack: bottomUpTree, bottomUpTree, bottomUpTree, bottomUpTree, bottomUpTree, bottomUpTree, bottomUpTree, bottomUpTree 
	Bindings: depth: number = 0
		item: number = -127
Paused at 27
	Hit Breakpoint(s) 
	Call Stack: bottomUpTree, bottomUpTree, bottomUpTree, bottomUpTree, bottomUpTree, bottomUpTree, bottomUpTree, bottomUpTree 
	Bindings: depth: number = 0
		item: number = -127
Paused at 20
	Hit Breakpoint(s) 
	Call Stack: bottomUpTree, bottomUpTree, bottomUpTree, bottomUpTree, bottomUpTree, bottomUpTree, bottomUpTree 
	Bindings: depth: number = 1
		item: number = -63
Paused at 17
	Hit Breakpoint(s) 
	Call Stack: bottomUpTree, bottomUpTree, bottomUpTree, bottomUpTree, bottomUpTree, bottomUpTree, bottomUpTree, bottomUpTree 
	Bindings: depth: number = 0
		item: number = -126
Paused at 25
	Call Stack: bottomUpTree, bottomUpTree, bottomUpTree, bottomUpTree, bottomUpTree, bottomUpTree, bottomUpTree, bottomUpTree 
	Bindings: depth: number = 0
		item: number = -126
Paused at 25
	Hit Breakpoint(s) 
	Call Stack: bottomUpTree, bottomUpTree, bottomUpTree, bottomUpTree, bottomUpTree, bottomUpTree, bottomUpTree, bottomUpTree 
	Bindings: depth: number = 0
		item: number = -126
Paused at 6
	Hit Breakpoint(s) 
	Call Stack: TreeNode, bottomUpTree, bottomUpTree, bottomUpTree, bottomUpTree, bottomUpTree, bottomUpTree, bottomUpTree, bottomUpTree 
	Bindings: item: number = -126
		left: null
		right: null
Paused at 7
	Call Stack: TreeNode, bottomUpTree, bottomUpTree, bottomUpTree, bottomUpTree, bottomUpTree, bottomUpTree, bottomUpTree, bottomUpTree 
	Bindings: item: number = -126
		left: null
		right: null
Paused at 8
	Call Stack: TreeNode, bottomUpTree, bottomUpTree, bottomUpTree, bottomUpTree, bottomUpTree, bottomUpTree, bottomUpTree, bottomUpTree 
	Bindings: item: number = -126
		left: null
		right: null
Paused at 9
	Call Stack: TreeNode, bottomUpTree, bottomUpTree, bottomUpTree, bottomUpTree, bottomUpTree, bottomUpTree, bottomUpTree, bottomUpTree 
	Bindings: item: number = -126
		left: null
		right: null
Paused at 9
	Call Stack: TreeNode, bottomUpTree, bottomUpTree, bottomUpTree, bottomUpTree, bottomUpTree, bottomUpTree, bottomUpTree, bottomUpTree 
	Bindings: item: number = -126
		left: null
		right: null
Paused at 27
	Hit Breakpoint(s) 
	Call Stack: bottomUpTree, bottomUpTree, bottomUpTree, bottomUpTree, bottomUpTree, bottomUpTree, bottomUpTree, bottomUpTree 
	Bindings: depth: number = 0
		item: number = -126
Paused at 27
	Call Stack: bottomUpTree, bottomUpTree, bottomUpTree, bottomUpTree, bottomUpTree, bottomUpTree, bottomUpTree, bottomUpTree 
	Bindings: depth: number = 0
		item: number = -126
Paused at 21
	Hit Breakpoint(s) 
	Call Stack: bottomUpTree, bottomUpTree, bottomUpTree, bottomUpTree, bottomUpTree, bottomUpTree, bottomUpTree 
	Bindings: depth: number = 1
		item: number = -63
Paused at 18
	Hit Breakpoint(s) 
	Call Stack: bottomUpTree, bottomUpTree, bottomUpTree, bottomUpTree, bottomUpTree, bottomUpTree, bottomUpTree 
	Bindings: depth: number = 1
		item: number = -63
Paused at 6
	Hit Breakpoint(s) 
	Call Stack: TreeNode, bottomUpTree, bottomUpTree, bottomUpTree, bottomUpTree, bottomUpTree, bottomUpTree, bottomUpTree 
	Bindings: item: number = -63
		left: object
		right: object
Paused at 7
	Call Stack: TreeNode, bottomUpTree, bottomUpTree, bottomUpTree, bottomUpTree, bottomUpTree, bottomUpTree, bottomUpTree 
	Bindings: item: number = -63
		left: object
		right: object
Paused at 8
	Call Stack: TreeNode, bottomUpTree, bottomUpTree, bottomUpTree, bottomUpTree, bottomUpTree, bottomUpTree, bottomUpTree 
	Bindings: item: number = -63
		left: object
		right: object
Paused at 9
	Call Stack: TreeNode, bottomUpTree, bottomUpTree, bottomUpTree, bottomUpTree, bottomUpTree, bottomUpTree, bottomUpTree 
	Bindings: item: number = -63
		left: object
		right: object
Paused at 9
	Call Stack: TreeNode, bottomUpTree, bottomUpTree, bottomUpTree, bottomUpTree, bottomUpTree, bottomUpTree, bottomUpTree 
	Bindings: item: number = -63
		left: object
		right: object
Paused at 27
	Call Stack: bottomUpTree, bottomUpTree, bottomUpTree, bottomUpTree, bottomUpTree, bottomUpTree, bottomUpTree 
	Bindings: depth: number = 1
		item: number = -63
Paused at 27
	Call Stack: bottomUpTree, bottomUpTree, bottomUpTree, bottomUpTree, bottomUpTree, bottomUpTree, bottomUpTree 
	Bindings: depth: number = 1
		item: number = -63
Paused at 20
	Call Stack: bottomUpTree, bottomUpTree, bottomUpTree, bottomUpTree, bottomUpTree, bottomUpTree 
	Bindings: depth: number = 2
		item: number = -31
Paused at 20
	Hit Breakpoint(s) 
	Call Stack: bottomUpTree, bottomUpTree, bottomUpTree, bottomUpTree, bottomUpTree, bottomUpTree 
	Bindings: depth: number = 2
		item: number = -31
Paused at 17
	Hit Breakpoint(s) 
	Call Stack: bottomUpTree, bottomUpTree, bottomUpTree, bottomUpTree, bottomUpTree, bottomUpTree, bottomUpTree 
	Bindings: depth: number = 1
		item: number = -62
Paused at 18
	Hit Breakpoint(s) 
	Call Stack: bottomUpTree, bottomUpTree, bottomUpTree, bottomUpTree, bottomUpTree, bottomUpTree, bottomUpTree 
	Bindings: depth: number = 1
		item: number = -62
Paused at 19
	Hit Breakpoint(s) 
	Call Stack: bottomUpTree, bottomUpTree, bottomUpTree, bottomUpTree, bottomUpTree, bottomUpTree, bottomUpTree 
	Bindings: depth: number = 1
		item: number = -62
Paused at 17
	Call Stack: bottomUpTree, bottomUpTree, bottomUpTree, bottomUpTree, bottomUpTree, bottomUpTree, bottomUpTree, bottomUpTree 
	Bindings: depth: number = 0
		item: number = -125
Paused at 17
	Hit Breakpoint(s) 
	Call Stack: bottomUpTree, bottomUpTree, bottomUpTree, bottomUpTree, bottomUpTree, bottomUpTree, bottomUpTree, bottomUpTree 
	Bindings: depth: number = 0
		item: number = -125
Paused at 25
	Hit Breakpoint(s) 
	Call Stack: bottomUpTree, bottomUpTree, bottomUpTree, bottomUpTree, bottomUpTree, bottomUpTree, bottomUpTree, bottomUpTree 
	Bindings: depth: number = 0
		item: number = -125
Paused at 6
	Call Stack: TreeNode, bottomUpTree, bottomUpTree, bottomUpTree, bottomUpTree, bottomUpTree, bottomUpTree, bottomUpTree, bottomUpTree 
	Bindings: item: number = -125
		left: null
		right: null
Paused at 6
	Hit Breakpoint(s) 
	Call Stack: TreeNode, bottomUpTree, bottomUpTree, bottomUpTree, bottomUpTree, bottomUpTree, bottomUpTree, bottomUpTree, bottomUpTree 
	Bindings: item: number = -125
		left: null
		right: null
Paused at 7
	Hit Breakpoint(s) 
	Call Stack: TreeNode, bottomUpTree, bottomUpTree, bottomUpTree, bottomUpTree, bottomUpTree, bottomUpTree, bottomUpTree, bottomUpTree 
	Bindings: item: number = -125
		left: null
		right: null
Paused at 8
	Call Stack: TreeNode, bottomUpTree, bottomUpTree, bottomUpTree, bottomUpTree, bottomUpTree, bottomUpTree, bottomUpTree, bottomUpTree 
	Bindings: item: number = -125
		left: null
		right: null
Paused at 8
	Hit Breakpoint(s) 
	Call Stack: TreeNode, bottomUpTree, bottomUpTree, bottomUpTree, bottomUpTree, bottomUpTree, bottomUpTree, bottomUpTree, bottomUpTree 
	Bindings: item: number = -125
		left: null
		right: null
Paused at 9
	Hit Breakpoint(s) 
	Call Stack: TreeNode, bottomUpTree, bottomUpTree, bottomUpTree, bottomUpTree, bottomUpTree, bottomUpTree, bottomUpTree, bottomUpTree 
	Bindings: item: number = -125
		left: null
		right: null
Paused at 9
	Call Stack: TreeNode, bottomUpTree, bottomUpTree, bottomUpTree, bottomUpTree, bottomUpTree, bottomUpTree, bottomUpTree, bottomUpTree 
	Bindings: item: number = -125
		left: null
		right: null
Paused at 27
	Hit Breakpoint(s) 
	Call Stack: bottomUpTree, bottomUpTree, bottomUpTree, bottomUpTree, bottomUpTree, bottomUpTree, bottomUpTree, bottomUpTree 
	Bindings: depth: number = 0
		item: number = -125
Paused at 27
	Call Stack: bottomUpTree, bottomUpTree, bottomUpTree, bottomUpTree, bottomUpTree, bottomUpTree, bottomUpTree, bottomUpTree 
	Bindings: depth: number = 0
		item: number = -125
Paused at 20
	Call Stack: bottomUpTree, bottomUpTree, bottomUpTree, bottomUpTree, bottomUpTree, bottomUpTree, bottomUpTree 
	Bindings: depth: number = 1
		item: number = -62
Paused at 17
	Call Stack: bottomUpTree, bottomUpTree, bottomUpTree, bottomUpTree, bottomUpTree, bottomUpTree, bottomUpTree, bottomUpTree 
	Bindings: depth: number = 0
		item: number = -124
Paused at 25
	Call Stack: bottomUpTree, bottomUpTree, bottomUpTree, bottomUpTree, bottomUpTree, bottomUpTree, bottomUpTree, bottomUpTree 
	Bindings: depth: number = 0
		item: number = -124
Paused at 25
	Hit Breakpoint(s) 
	Call Stack: bottomUpTree, bottomUpTree, bottomUpTree, bottomUpTree, bottomUpTree, bottomUpTree, bottomUpTree, bottomUpTree 
	Bindings: depth: number = 0
		item: number = -124
Paused at 6
	Hit Breakpoint(s) 
	Call Stack: TreeNode, bottomUpTree, bottomUpTree, bottomUpTree, bottomUpTree, bottomUpTree, bottomUpTree, bottomUpTree, bottomUpTree 
	Bindings: item: number = -124
		left: null
		right: null
Paused at 7
	Hit Breakpoint(s) 
	Call Stack: TreeNode, bottomUpTree, bottomUpTree, bottomUpTree, bottomUpTree, bottomUpTree, bottomUpTree, bottomUpTree, bottomUpTree 
	Bindings: item: number = -124
		left: null
		right: null
Paused at 8
	Hit Breakpoint(s) 
	Call Stack: TreeNode, bottomUpTree, bottomUpTree, bottomUpTree, bottomUpTree, bottomUpTree, bottomUpTree, bottomUpTree, bottomUpTree 
	Bindings: item: number = -124
		left: null
		right: null
Paused at 9
	Call Stack: TreeNode, bottomUpTree, bottomUpTree, bottomUpTree, bottomUpTree, bottomUpTree, bottomUpTree, bottomUpTree, bottomUpTree 
	Bindings: item: number = -124
		left: null
		right: null
Paused at 9
	Call Stack: TreeNode, bottomUpTree, bottomUpTree, bottomUpTree, bottomUpTree, bottomUpTree, bottomUpTree, bottomUpTree, bottomUpTree 
	Bindings: item: number = -124
		left: null
		right: null
Paused at 27
	Call Stack: bottomUpTree, bottomUpTree, bottomUpTree, bottomUpTree, bottomUpTree, bottomUpTree, bottomUpTree, bottomUpTree 
	Bindings: depth: number = 0
		item: number = -124
Paused at 27
	Hit Breakpoint(s) 
	Call Stack: bottomUpTree, bottomUpTree, bottomUpTree, bottomUpTree, bottomUpTree, bottomUpTree, bottomUpTree, bottomUpTree 
	Bindings: depth: number = 0
		item: number = -124
Paused at 27
	Call Stack: bottomUpTree, bottomUpTree, bottomUpTree, bottomUpTree, bottomUpTree, bottomUpTree, bottomUpTree, bottomUpTree 
	Bindings: depth: number = 0
		item: number = -124
Paused at 21
	Call Stack: bottomUpTree, bottomUpTree, bottomUpTree, bottomUpTree, bottomUpTree, bottomUpTree, bottomUpTree 
	Bindings: depth: number = 1
		item: number = -62
Paused at 18
	Call Stack: bottomUpTree, bottomUpTree, bottomUpTree, bottomUpTree, bottomUpTree, bottomUpTree, bottomUpTree 
	Bindings: depth: number = 1
		item: number = -62
Paused at 18
	Hit Breakpoint(s) 
	Call Stack: bottomUpTree, bottomUpTree, bottomUpTree, bottomUpTree, bottomUpTree, bottomUpTree, bottomUpTree 
	Bindings: depth: number = 1
		item: number = -62
Paused at 6
	Call Stack: TreeNode, bottomUpTree, bottomUpTree, bottomUpTree, bottomUpTree, bottomUpTree, bottomUpTree, bottomUpTree 
	Bindings: item: number = -62
		left: object
		right: object
Paused at 6
	Hit Breakpoint(s) 
	Call Stack: TreeNode, bottomUpTree, bottomUpTree, bottomUpTree, bottomUpTree, bottomUpTree, bottomUpTree, bottomUpTree 
	Bindings: item: number = -62
		left: object
		right: object
Paused at 7
	Call Stack: TreeNode, bottomUpTree, bottomUpTree, bottomUpTree, bottomUpTree, bottomUpTree, bottomUpTree, bottomUpTree 
	Bindings: item: number = -62
		left: object
		right: object
Paused at 8
	Call Stack: TreeNode, bottomUpTree, bottomUpTree, bottomUpTree, bottomUpTree, bottomUpTree, bottomUpTree, bottomUpTree 
	Bindings: item: number = -62
		left: object
		right: object
Paused at 9
	Call Stack: TreeNode, bottomUpTree, bottomUpTree, bottomUpTree, bottomUpTree, bottomUpTree, bottomUpTree, bottomUpTree 
	Bindings: item: number = -62
		left: object
		right: object
Paused at 9
	Hit Breakpoint(s) 
	Call Stack: TreeNode, bottomUpTree, bottomUpTree, bottomUpTree, bottomUpTree, bottomUpTree, bottomUpTree, bottomUpTree 
	Bindings: item: number = -62
		left: object
		right: object
