Breakpoint Set at 28
Breakpoint Set at 28
Breakpoint Set at 65
Breakpoint Set at 61
Breakpoint Set at 100
Breakpoint Set at 32
Breakpoint Set at 74
Breakpoint Set at 72
Breakpoint Set at 95
Breakpoint Set at 28
Breakpoint Set at 81
Breakpoint Set at 28
Breakpoint Set at 48
Breakpoint Set at 86
Breakpoint Set at 102
Breakpoint Set at 106
Breakpoint Set at 104
Breakpoint Set at 28
Breakpoint Set at 28
Breakpoint Set at 28
Breakpoint Set at 37
Breakpoint Set at 98
Breakpoint Set at 28
Breakpoint Set at 28
Breakpoint Set at 28
Breakpoint Set at 61
Breakpoint Set at 42
Breakpoint Set at 89
Breakpoint Set at 28
Breakpoint Set at 28
Breakpoint Set at 91
Breakpoint Set at 82
Breakpoint Set at 86
Breakpoint Set at 71
Breakpoint Set at 32
Breakpoint Set at 52
Breakpoint Set at 89
Breakpoint Set at 28
Breakpoint Set at 52
Breakpoint Set at 46
Breakpoint Set at 77
Breakpoint Set at 28
Breakpoint Set at 61
Breakpoint Set at 28
Breakpoint Set at 32
Breakpoint Set at 92
Breakpoint Set at 28
Breakpoint Set at 64
Breakpoint Set at 81
Breakpoint Set at 62
Breakpoint Set at 97
Breakpoint Set at 64
Breakpoint Set at 91
Breakpoint Set at 33
Breakpoint Set at 28
Breakpoint Set at 49
Breakpoint Set at 43
Breakpoint Set at 28
Breakpoint Set at 28
Breakpoint Set at 42
Breakpoint Set at 37
Breakpoint Set at 28
Breakpoint Set at 37
Breakpoint Set at 52
Breakpoint Set at 42
Breakpoint Set at 86
Breakpoint Set at 28
Breakpoint Set at 81
Breakpoint Set at 61
Breakpoint Set at 76
Breakpoint Set at 75
Breakpoint Set at 61
Breakpoint Set at 28
Breakpoint Set at 61
Breakpoint Set at 47
Breakpoint Set at 67
Breakpoint Set at 70
Breakpoint Set at 61
Breakpoint Set at 95
Breakpoint Set at 61
Breakpoint Set at 69
Breakpoint Set at 28
Breakpoint Set at 28
Breakpoint Set at 28
Breakpoint Set at 97
Breakpoint Set at 74
Breakpoint Set at 89
Breakpoint Set at 105
Breakpoint Set at 45
Breakpoint Set at 38
Breakpoint Set at 28
Breakpoint Set at 28
Breakpoint Set at 45
Breakpoint Set at 107
Breakpoint Set at 66
Breakpoint Set at 68
Paused at 28
	Hit Breakpoint(s) 
	Call Stack:  
	Bindings: 
Paused at 45
	Hit Breakpoint(s) 
	Call Stack:  
	Bindings: 
Paused at 46
	Hit Breakpoint(s) 
	Call Stack:  
	Bindings: 
Paused at 32
	Hit Breakpoint(s) 
	Call Stack: FIXED 
	Bindings: X: number = 45
Paused at 33
	Call Stack: FIXED 
	Bindings: X: number = 45
Paused at 33
	Hit Breakpoint(s) 
	Call Stack: FIXED 
	Bindings: X: number = 45
Paused at 32
	Hit Breakpoint(s) 
	Call Stack: FIXED 
	Bindings: X: number = 26.565
Paused at 33
	Call Stack: FIXED 
	Bindings: X: number = 26.565
Paused at 33
	Call Stack: FIXED 
	Bindings: X: number = 26.565
Paused at 32
	Hit Breakpoint(s) 
	Call Stack: FIXED 
	Bindings: X: number = 14.0362
Paused at 33
	Hit Breakpoint(s) 
	Call Stack: FIXED 
	Bindings: X: number = 14.0362
Paused at 33
	Call Stack: FIXED 
	Bindings: X: number = 14.0362
Paused at 32
	Hit Breakpoint(s) 
	Call Stack: FIXED 
	Bindings: X: number = 7.12502
Paused at 33
	Call Stack: FIXED 
	Bindings: X: number = 7.12502
Paused at 33
	Hit Breakpoint(s) 
	Call Stack: FIXED 
	Bindings: X: number = 7.12502
Paused at 33
	Call Stack: FIXED 
	Bindings: X: number = 7.12502
Paused at 47
	Hit Breakpoint(s) 
	Call Stack:  
	Bindings: 
Paused at 32
	Hit Breakpoint(s) 
	Call Stack: FIXED 
	Bindings: X: number = 3.57633
Paused at 33
	Hit Breakpoint(s) 
	Call Stack: FIXED 
	Bindings: X: number = 3.57633
Paused at 32
	Hit Breakpoint(s) 
	Call Stack: FIXED 
	Bindings: X: number = 1.78991
Paused at 33
	Hit Breakpoint(s) 
	Call Stack: FIXED 
	Bindings: X: number = 1.78991
Paused at 33
	Call Stack: FIXED 
	Bindings: X: number = 1.78991
Paused at 32
	Hit Breakpoint(s) 
	Call Stack: FIXED 
	Bindings: X: number = 0.895174
Paused at 33
	Hit Breakpoint(s) 
	Call Stack: FIXED 
	Bindings: X: number = 0.895174
Paused at 33
	Call Stack: FIXED 
	Bindings: X: number = 0.895174
Paused at 32
	Hit Breakpoint(s) 
	Call Stack: FIXED 
	Bindings: X: number = 0.447614
Paused at 33
	Call Stack: FIXED 
	Bindings: X: number = 0.447614
Paused at 33
	Call Stack: FIXED 
	Bindings: X: number = 0.447614
Paused at 48
	Hit Breakpoint(s) 
	Call Stack:  
	Bindings: 
Paused at 32
	Hit Breakpoint(s) 
	Call Stack: FIXED 
	Bindings: X: number = 0.223811
Paused at 33
	Hit Breakpoint(s) 
	Call Stack: FIXED 
	Bindings: X: number = 0.223811
Paused at 32
	Hit Breakpoint(s) 
	Call Stack: FIXED 
	Bindings: X: number = 0.111906
Paused at 33
	Hit Breakpoint(s) 
	Call Stack: FIXED 
	Bindings: X: number = 0.111906
Paused at 33
	Call Stack: FIXED 
	Bindings: X: number = 0.111906
Paused at 48
	Call Stack:  
	Bindings: 
Paused at 32
	Hit Breakpoint(s) 
	Call Stack: FIXED 
	Bindings: X: number = 0.055953
Paused at 33
	Call Stack: FIXED 
	Bindings: X: number = 0.055953
Paused at 33
	Hit Breakpoint(s) 
	Call Stack: FIXED 
	Bindings: X: number = 0.055953
Paused at 33
	Call Stack: FIXED 
	Bindings: X: number = 0.055953
Paused at 49
	Hit Breakpoint(s) 
	Call Stack:  
	Bindings: 
Paused at 32
	Hit Breakpoint(s) 
	Call Stack: FIXED 
	Bindings: X: number = 0.027977
Paused at 33
	Call Stack: FIXED 
	Bindings: X: number = 0.027977
Paused at 33
	Hit Breakpoint(s) 
	Call Stack: FIXED 
	Bindings: X: number = 0.027977
Paused at 52
	Hit Breakpoint(s) 
	Call Stack:  
	Bindings: 
Paused at 86
	Hit Breakpoint(s) 
	Call Stack:  
	Bindings: 
Paused at 100
	Call Stack:  
	Bindings: 
Paused at 100
	Hit Breakpoint(s) 
	Call Stack:  
	Bindings: 
Paused at 89
	Hit Breakpoint(s) 
	Call Stack: cordic 
	Bindings: end: undefined
		i: undefined
		runs: number = 25000
		start: undefined
Paused at 91
	Call Stack: cordic 
	Bindings: end: undefined
		i: undefined
		runs: number = 25000
		start: object
Paused at 92
	Call Stack: cordic 
	Bindings: end: undefined
		i: number = 0
		runs: number = 25000
		start: object
Paused at 61
	Hit Breakpoint(s) 
	Call Stack: cordicsincos, cordic 
	Bindings: CurrAngle: undefined
		NewX: undefined
		Step: undefined
		Target: number = 28.027
		TargetAngle: undefined
		X: undefined
		Y: undefined
Paused at 32
	Call Stack: FIXED, cordicsincos, cordic 
	Bindings: X: number = 0.607252935
Paused at 32
	Hit Breakpoint(s) 
	Call Stack: FIXED, cordicsincos, cordic 
	Bindings: X: number = 0.607252935
Paused at 33
	Call Stack: FIXED, cordicsincos, cordic 
	Bindings: X: number = 0.607252935
Paused at 33
	Hit Breakpoint(s) 
	Call Stack: FIXED, cordicsincos, cordic 
	Bindings: X: number = 0.607252935
Paused at 33
	Call Stack: FIXED, cordicsincos, cordic 
	Bindings: X: number = 0.607252935
Paused at 62
	Hit Breakpoint(s) 
	Call Stack: cordicsincos, cordic 
	Bindings: CurrAngle: undefined
		NewX: undefined
		Step: undefined
		Target: number = 28.027
		TargetAngle: undefined
		X: number = 39796.92834816
		Y: undefined
Paused at 64
	Call Stack: cordicsincos, cordic 
	Bindings: CurrAngle: undefined
		NewX: undefined
		Step: undefined
		Target: number = 28.027
		TargetAngle: undefined
		X: number = 39796.92834816
		Y: number = 0
Paused at 32
	Call Stack: FIXED, cordicsincos, cordic 
	Bindings: X: number = 28.027
Paused at 33
	Call Stack: FIXED, cordicsincos, cordic 
	Bindings: X: number = 28.027
Paused at 33
	Call Stack: FIXED, cordicsincos, cordic 
	Bindings: X: number = 28.027
Paused at 64
	Call Stack: cordicsincos, cordic 
	Bindings: CurrAngle: undefined
		NewX: undefined
		Step: undefined
		Target: number = 28.027
		TargetAngle: undefined
		X: number = 39796.92834816
		Y: number = 0
Paused at 65
	Call Stack: cordicsincos, cordic 
	Bindings: CurrAngle: undefined
		NewX: undefined
		Step: undefined
		Target: number = 28.027
		TargetAngle: number = 1836777.472
		X: number = 39796.92834816
		Y: number = 0
Paused at 66
	Call Stack: cordicsincos, cordic 
	Bindings: CurrAngle: number = 0
		NewX: undefined
		Step: undefined
		Target: number = 28.027
		TargetAngle: number = 1836777.472
		X: number = 39796.92834816
		Y: number = 0
Paused at 66
	Hit Breakpoint(s) 
	Call Stack: cordicsincos, cordic 
	Bindings: CurrAngle: number = 0
		NewX: undefined
		Step: undefined
		Target: number = 28.027
		TargetAngle: number = 1836777.472
		X: number = 39796.92834816
		Y: number = 0
Paused at 67
	Call Stack: cordicsincos, cordic 
	Bindings: CurrAngle: number = 0
		NewX: undefined
		Step: number = 0
		Target: number = 28.027
		TargetAngle: number = 1836777.472
		X: number = 39796.92834816
		Y: number = 0
Paused at 67
	Hit Breakpoint(s) 
	Call Stack: cordicsincos, cordic 
	Bindings: CurrAngle: number = 0
		NewX: undefined
		Step: number = 0
		Target: number = 28.027
		TargetAngle: number = 1836777.472
		X: number = 39796.92834816
		Y: number = 0
Paused at 68
	Hit Breakpoint(s) 
	Call Stack: cordicsincos, cordic 
	Bindings: CurrAngle: number = 0
		NewX: undefined
		Step: number = 0
		Target: number = 28.027
		TargetAngle: number = 1836777.472
		X: number = 39796.92834816
		Y: number = 0
Paused at 69
	Call Stack: cordicsincos, cordic 
	Bindings: CurrAngle: number = 0
		NewX: undefined
		Step: number = 0
		Target: number = 28.027
		TargetAngle: number = 1836777.472
		X: number = 39796.92834816
		Y: number = 0
Paused at 69
	Hit Breakpoint(s) 
	Call Stack: cordicsincos, cordic 
	Bindings: CurrAngle: number = 0
		NewX: undefined
		Step: number = 0
		Target: number = 28.027
		TargetAngle: number = 1836777.472
		X: number = 39796.92834816
		Y: number = 0
Paused at 70
	Hit Breakpoint(s) 
	Call Stack: cordicsincos, cordic 
	Bindings: CurrAngle: number = 0
		NewX: number = 39796.92834816
		Step: number = 0
		Target: number = 28.027
		TargetAngle: number = 1836777.472
		X: number = 39796.92834816
		Y: number = 0
Paused at 71
	Call Stack: cordicsincos, cordic 
	Bindings: CurrAngle: number = 0
		NewX: number = 39796.92834816
		Step: number = 0
		Target: number = 28.027
		TargetAngle: number = 1836777.472
		X: number = 39796.92834816
		Y: number = 39796
Paused at 71
	Hit Breakpoint(s) 
	Call Stack: cordicsincos, cordic 
	Bindings: CurrAngle: number = 0
		NewX: number = 39796.92834816
		Step: number = 0
		Target: number = 28.027
		TargetAngle: number = 1836777.472
		X: number = 39796.92834816
		Y: number = 39796
Paused at 72
	Hit Breakpoint(s) 
	Call Stack: cordicsincos, cordic 
	Bindings: CurrAngle: number = 0
		NewX: number = 39796.92834816
		Step: number = 0
		Target: number = 28.027
		TargetAngle: number = 1836777.472
		X: number = 39796.92834816
		Y: number = 39796
Paused at 66
	Call Stack: cordicsincos, cordic 
	Bindings: CurrAngle: number = 2949120
		NewX: number = 39796.92834816
		Step: number = 0
		Target: number = 28.027
		TargetAngle: number = 1836777.472
		X: number = 39796.92834816
		Y: number = 39796
Paused at 66
	Hit Breakpoint(s) 
	Call Stack: cordicsincos, cordic 
	Bindings: CurrAngle: number = 2949120
		NewX: number = 39796.92834816
		Step: number = 0
		Target: number = 28.027
		TargetAngle: number = 1836777.472
		X: number = 39796.92834816
		Y: number = 39796
Paused at 67
	Hit Breakpoint(s) 
	Call Stack: cordicsincos, cordic 
	Bindings: CurrAngle: number = 2949120
		NewX: number = 39796.92834816
		Step: number = 1
		Target: number = 28.027
		TargetAngle: number = 1836777.472
		X: number = 39796.92834816
		Y: number = 39796
Paused at 68
	Hit Breakpoint(s) 
	Call Stack: cordicsincos, cordic 
	Bindings: CurrAngle: number = 2949120
		NewX: number = 39796.92834816
		Step: number = 1
		Target: number = 28.027
		TargetAngle: number = 1836777.472
		X: number = 39796.92834816
		Y: number = 39796
Paused at 74
	Hit Breakpoint(s) 
	Call Stack: cordicsincos, cordic 
	Bindings: CurrAngle: number = 2949120
		NewX: number = 39796.92834816
		Step: number = 1
		Target: number = 28.027
		TargetAngle: number = 1836777.472
		X: number = 39796.92834816
		Y: number = 39796
Paused at 75
	Call Stack: cordicsincos, cordic 
	Bindings: CurrAngle: number = 2949120
		NewX: number = 59694.92834816
		Step: number = 1
		Target: number = 28.027
		TargetAngle: number = 1836777.472
		X: number = 39796.92834816
		Y: number = 39796
Paused at 76
	Call Stack: cordicsincos, cordic 
	Bindings: CurrAngle: number = 2949120
		NewX: number = 59694.92834816
		Step: number = 1
		Target: number = 28.027
		TargetAngle: number = 1836777.472
		X: number = 39796.92834816
		Y: number = 19898
Paused at 77
	Call Stack: cordicsincos, cordic 
	Bindings: CurrAngle: number = 2949120
		NewX: number = 59694.92834816
		Step: number = 1
		Target: number = 28.027
		TargetAngle: number = 1836777.472
		X: number = 59694.92834816
		Y: number = 19898
Paused at 66
	Call Stack: cordicsincos, cordic 
	Bindings: CurrAngle: number = 1208156.16
		NewX: number = 59694.92834816
		Step: number = 1
		Target: number = 28.027
		TargetAngle: number = 1836777.472
		X: number = 59694.92834816
		Y: number = 19898
Paused at 66
	Hit Breakpoint(s) 
	Call Stack: cordicsincos, cordic 
	Bindings: CurrAngle: number = 1208156.16
		NewX: number = 59694.92834816
		Step: number = 1
		Target: number = 28.027
		TargetAngle: number = 1836777.472
		X: number = 59694.92834816
		Y: number = 19898
Paused at 67
	Call Stack: cordicsincos, cordic 
	Bindings: CurrAngle: number = 1208156.16
		NewX: number = 59694.92834816
		Step: number = 2
		Target: number = 28.027
		TargetAngle: number = 1836777.472
		X: number = 59694.92834816
		Y: number = 19898
Paused at 67
	Hit Breakpoint(s) 
	Call Stack: cordicsincos, cordic 
	Bindings: CurrAngle: number = 1208156.16
		NewX: number = 59694.92834816
		Step: number = 2
		Target: number = 28.027
		TargetAngle: number = 1836777.472
		X: number = 59694.92834816
		Y: number = 19898
Paused at 68
	Hit Breakpoint(s) 
	Call Stack: cordicsincos, cordic 
	Bindings: CurrAngle: number = 1208156.16
		NewX: number = 59694.92834816
		Step: number = 2
		Target: number = 28.027
		TargetAngle: number = 1836777.472
		X: number = 59694.92834816
		Y: number = 19898
Paused at 69
	Call Stack: cordicsincos, cordic 
	Bindings: CurrAngle: number = 1208156.16
		NewX: number = 59694.92834816
		Step: number = 2
		Target: number = 28.027
		TargetAngle: number = 1836777.472
		X: number = 59694.92834816
		Y: number = 19898
Paused at 70
	Call Stack: cordicsincos, cordic 
	Bindings: CurrAngle: number = 1208156.16
		NewX: number = 54720.92834816
		Step: number = 2
		Target: number = 28.027
		TargetAngle: number = 1836777.472
		X: number = 59694.92834816
		Y: number = 19898
Paused at 70
	Hit Breakpoint(s) 
	Call Stack: cordicsincos, cordic 
	Bindings: CurrAngle: number = 1208156.16
		NewX: number = 54720.92834816
		Step: number = 2
		Target: number = 28.027
		TargetAngle: number = 1836777.472
		X: number = 59694.92834816
		Y: number = 19898
Paused at 71
	Hit Breakpoint(s) 
	Call Stack: cordicsincos, cordic 
	Bindings: CurrAngle: number = 1208156.16
		NewX: number = 54720.92834816
		Step: number = 2
		Target: number = 28.027
		TargetAngle: number = 1836777.472
		X: number = 59694.92834816
		Y: number = 34821
Paused at 72
	Call Stack: cordicsincos, cordic 
	Bindings: CurrAngle: number = 1208156.16
		NewX: number = 54720.92834816
		Step: number = 2
		Target: number = 28.027
		TargetAngle: number = 1836777.472
		X: number = 54720.92834816
		Y: number = 34821
Paused at 66
	Call Stack: cordicsincos, cordic 
	Bindings: CurrAngle: number = 2128032.5631999997
		NewX: number = 54720.92834816
		Step: number = 2
		Target: number = 28.027
		TargetAngle: number = 1836777.472
		X: number = 54720.92834816
		Y: number = 34821
Paused at 67
	Call Stack: cordicsincos, cordic 
	Bindings: CurrAngle: number = 2128032.5631999997
		NewX: number = 54720.92834816
		Step: number = 3
		Target: number = 28.027
		TargetAngle: number = 1836777.472
		X: number = 54720.92834816
		Y: number = 34821
Paused at 67
	Hit Breakpoint(s) 
	Call Stack: cordicsincos, cordic 
	Bindings: CurrAngle: number = 2128032.5631999997
		NewX: number = 54720.92834816
		Step: number = 3
		Target: number = 28.027
		TargetAngle: number = 1836777.472
		X: number = 54720.92834816
		Y: number = 34821
Paused at 68
	Call Stack: cordicsincos, cordic 
	Bindings: CurrAngle: number = 2128032.5631999997
		NewX: number = 54720.92834816
		Step: number = 3
		Target: number = 28.027
		TargetAngle: number = 1836777.472
		X: number = 54720.92834816
		Y: number = 34821
Paused at 68
	Hit Breakpoint(s) 
	Call Stack: cordicsincos, cordic 
	Bindings: CurrAngle: number = 2128032.5631999997
		NewX: number = 54720.92834816
		Step: number = 3
		Target: number = 28.027
		TargetAngle: number = 1836777.472
		X: number = 54720.92834816
		Y: number = 34821
Paused at 74
	Call Stack: cordicsincos, cordic 
	Bindings: CurrAngle: number = 2128032.5631999997
		NewX: number = 54720.92834816
		Step: number = 3
		Target: number = 28.027
		TargetAngle: number = 1836777.472
		X: number = 54720.92834816
		Y: number = 34821
Paused at 75
	Call Stack: cordicsincos, cordic 
	Bindings: CurrAngle: number = 2128032.5631999997
		NewX: number = 59072.92834816
		Step: number = 3
		Target: number = 28.027
		TargetAngle: number = 1836777.472
		X: number = 54720.92834816
		Y: number = 34821
Paused at 76
	Call Stack: cordicsincos, cordic 
	Bindings: CurrAngle: number = 2128032.5631999997
		NewX: number = 59072.92834816
		Step: number = 3
		Target: number = 28.027
		TargetAngle: number = 1836777.472
		X: number = 54720.92834816
		Y: number = 27981
Paused at 76
	Hit Breakpoint(s) 
	Call Stack: cordicsincos, cordic 
	Bindings: CurrAngle: number = 2128032.5631999997
		NewX: number = 59072.92834816
		Step: number = 3
		Target: number = 28.027
		TargetAngle: number = 1836777.472
		X: number = 54720.92834816
		Y: number = 27981
