Breakpoint Set at 7
Breakpoint Set at 38
Breakpoint Set at 34
Breakpoint Set at 57
Breakpoint Set at 20
Breakpoint Set at 43
Breakpoint Set at 42
Breakpoint Set at 55
Breakpoint Set at 17
Breakpoint Set at 46
Breakpoint Set at 17
Breakpoint Set at 31
Breakpoint Set at 49
Breakpoint Set at 60
Breakpoint Set at 58
Breakpoint Set at 7
Breakpoint Set at 26
Breakpoint Set at 46
Breakpoint Set at 29
Breakpoint Set at 7
Breakpoint Set at 39
Breakpoint Set at 24
Breakpoint Set at 34
Breakpoint Set at 11
Breakpoint Set at 23
Breakpoint Set at 7
Breakpoint Set at 55
Breakpoint Set at 51
Breakpoint Set at 52
Breakpoint Set at 49
Breakpoint Set at 44
Breakpoint Set at 59
Breakpoint Set at 29
Breakpoint Set at 7
Breakpoint Set at 20
Breakpoint Set at 40
Breakpoint Set at 36
Breakpoint Set at 22
Breakpoint Set at 15
Breakpoint Set at 35
Breakpoint Set at 30
Breakpoint Set at 47
Breakpoint Set at 8
Breakpoint Set at 34
Breakpoint Set at 14
Breakpoint Set at 11
Breakpoint Set at 13
Breakpoint Set at 21
Breakpoint Set at 7
Breakpoint Set at 12
Breakpoint Set at 51
Paused at 49
	Hit Breakpoint(s) 
	Call Stack:  
	Bindings: 
Paused at 51
	Hit Breakpoint(s) 
	Call Stack:  
	Bindings: 
Paused at 52
	Hit Breakpoint(s) 
	Call Stack:  
	Bindings: 
Paused at 34
	Hit Breakpoint(s) 
	Call Stack: spectralnorm 
	Bindings: i: undefined
		n: number = 6
		u: undefined
		v: undefined
		vBv: undefined
		vv: undefined
		w: undefined
Paused at 35
	Call Stack: spectralnorm 
	Bindings: i: undefined
		n: number = 6
		u: array
		v: array
		vBv: number = 0
		vv: number = 0
		w: array
Paused at 35
	Hit Breakpoint(s) 
	Call Stack: spectralnorm 
	Bindings: i: undefined
		n: number = 6
		u: array
		v: array
		vBv: number = 0
		vv: number = 0
		w: array
Paused at 36
	Hit Breakpoint(s) 
	Call Stack: spectralnorm 
	Bindings: i: number = 0
		n: number = 6
		u: array
		v: array
		vBv: number = 0
		vv: number = 0
		w: array
Paused at 35
	Call Stack: spectralnorm 
	Bindings: i: number = 0
		n: number = 6
		u: array
		v: array
		vBv: number = 0
		vv: number = 0
		w: array
Paused at 36
	Call Stack: spectralnorm 
	Bindings: i: number = 1
		n: number = 6
		u: array
		v: array
		vBv: number = 0
		vv: number = 0
		w: array
Paused at 36
	Hit Breakpoint(s) 
	Call Stack: spectralnorm 
	Bindings: i: number = 1
		n: number = 6
		u: array
		v: array
		vBv: number = 0
		vv: number = 0
		w: array
Paused at 35
	Hit Breakpoint(s) 
	Call Stack: spectralnorm 
	Bindings: i: number = 1
		n: number = 6
		u: array
		v: array
		vBv: number = 0
		vv: number = 0
		w: array
Paused at 36
	Call Stack: spectralnorm 
	Bindings: i: number = 2
		n: number = 6
		u: array
		v: array
		vBv: number = 0
		vv: number = 0
		w: array
Paused at 36
	Hit Breakpoint(s) 
	Call Stack: spectralnorm 
	Bindings: i: number = 2
		n: number = 6
		u: array
		v: array
		vBv: number = 0
		vv: number = 0
		w: array
Paused at 35
	Call Stack: spectralnorm 
	Bindings: i: number = 2
		n: number = 6
		u: array
		v: array
		vBv: number = 0
		vv: number = 0
		w: array
Paused at 35
	Hit Breakpoint(s) 
	Call Stack: spectralnorm 
	Bindings: i: number = 2
		n: number = 6
		u: array
		v: array
		vBv: number = 0
		vv: number = 0
		w: array
Paused at 36
	Hit Breakpoint(s) 
	Call Stack: spectralnorm 
	Bindings: i: number = 3
		n: number = 6
		u: array
		v: array
		vBv: number = 0
		vv: number = 0
		w: array
Paused at 35
	Hit Breakpoint(s) 
	Call Stack: spectralnorm 
	Bindings: i: number = 3
		n: number = 6
		u: array
		v: array
		vBv: number = 0
		vv: number = 0
		w: array
Paused at 36
	Hit Breakpoint(s) 
	Call Stack: spectralnorm 
	Bindings: i: number = 4
		n: number = 6
		u: array
		v: array
		vBv: number = 0
		vv: number = 0
		w: array
Paused at 35
	Hit Breakpoint(s) 
	Call Stack: spectralnorm 
	Bindings: i: number = 4
		n: number = 6
		u: array
		v: array
		vBv: number = 0
		vv: number = 0
		w: array
Paused at 36
	Hit Breakpoint(s) 
	Call Stack: spectralnorm 
	Bindings: i: number = 5
		n: number = 6
		u: array
		v: array
		vBv: number = 0
		vv: number = 0
		w: array
Paused at 35
	Hit Breakpoint(s) 
	Call Stack: spectralnorm 
	Bindings: i: number = 5
		n: number = 6
		u: array
		v: array
		vBv: number = 0
		vv: number = 0
		w: array
Paused at 38
	Call Stack: spectralnorm 
	Bindings: i: number = 6
		n: number = 6
		u: array
		v: array
		vBv: number = 0
		vv: number = 0
		w: array
Paused at 38
	Hit Breakpoint(s) 
	Call Stack: spectralnorm 
	Bindings: i: number = 6
		n: number = 6
		u: array
		v: array
		vBv: number = 0
		vv: number = 0
		w: array
Paused at 39
	Hit Breakpoint(s) 
	Call Stack: spectralnorm 
	Bindings: i: number = 0
		n: number = 6
		u: array
		v: array
		vBv: number = 0
		vv: number = 0
		w: array
Paused at 29
	Call Stack: AtAu, spectralnorm 
	Bindings: u: array
		v: array
		w: array
Paused at 29
	Hit Breakpoint(s) 
	Call Stack: AtAu, spectralnorm 
	Bindings: u: array
		v: array
		w: array
Paused at 11
	Call Stack: Au, AtAu, spectralnorm 
	Bindings: i: undefined
		j: undefined
		t: undefined
		u: array
		v: array
Paused at 12
	Call Stack: Au, AtAu, spectralnorm 
	Bindings: i: number = 0
		j: undefined
		t: undefined
		u: array
		v: array
Paused at 12
	Hit Breakpoint(s) 
	Call Stack: Au, AtAu, spectralnorm 
	Bindings: i: number = 0
		j: undefined
		t: undefined
		u: array
		v: array
Paused at 13
	Hit Breakpoint(s) 
	Call Stack: Au, AtAu, spectralnorm 
	Bindings: i: number = 0
		j: undefined
		t: number = 0
		u: array
		v: array
Paused at 14
	Hit Breakpoint(s) 
	Call Stack: Au, AtAu, spectralnorm 
	Bindings: i: number = 0
		j: number = 0
		t: number = 0
		u: array
		v: array
Paused at 7
	Hit Breakpoint(s) 
	Call Stack: A, Au, AtAu, spectralnorm 
	Bindings: i: number = 0
		j: number = 0
Paused at 8
	Hit Breakpoint(s) 
	Call Stack: A, Au, AtAu, spectralnorm 
	Bindings: i: number = 0
		j: number = 0
Paused at 8
	Call Stack: A, Au, AtAu, spectralnorm 
	Bindings: i: number = 0
		j: number = 0
Paused at 14
	Call Stack: Au, AtAu, spectralnorm 
	Bindings: i: number = 0
		j: number = 0
		t: number = 0
		u: array
		v: array
Paused at 13
	Call Stack: Au, AtAu, spectralnorm 
	Bindings: i: number = 0
		j: number = 0
		t: number = 1
		u: array
		v: array
Paused at 14
	Call Stack: Au, AtAu, spectralnorm 
	Bindings: i: number = 0
		j: number = 1
		t: number = 1
		u: array
		v: array
Paused at 14
	Hit Breakpoint(s) 
	Call Stack: Au, AtAu, spectralnorm 
	Bindings: i: number = 0
		j: number = 1
		t: number = 1
		u: array
		v: array
Paused at 7
	Hit Breakpoint(s) 
	Call Stack: A, Au, AtAu, spectralnorm 
	Bindings: i: number = 0
		j: number = 1
Paused at 8
	Hit Breakpoint(s) 
	Call Stack: A, Au, AtAu, spectralnorm 
	Bindings: i: number = 0
		j: number = 1
Paused at 8
	Call Stack: A, Au, AtAu, spectralnorm 
	Bindings: i: number = 0
		j: number = 1
Paused at 14
	Call Stack: Au, AtAu, spectralnorm 
	Bindings: i: number = 0
		j: number = 1
		t: number = 1
		u: array
		v: array
Paused at 13
	Hit Breakpoint(s) 
	Call Stack: Au, AtAu, spectralnorm 
	Bindings: i: number = 0
		j: number = 1
		t: number = 1.5
		u: array
		v: array
Paused at 14
	Hit Breakpoint(s) 
	Call Stack: Au, AtAu, spectralnorm 
	Bindings: i: number = 0
		j: number = 2
		t: number = 1.5
		u: array
		v: array
Paused at 7
	Hit Breakpoint(s) 
	Call Stack: A, Au, AtAu, spectralnorm 
	Bindings: i: number = 0
		j: number = 2
Paused at 8
	Call Stack: A, Au, AtAu, spectralnorm 
	Bindings: i: number = 0
		j: number = 2
Paused at 8
	Hit Breakpoint(s) 
	Call Stack: A, Au, AtAu, spectralnorm 
	Bindings: i: number = 0
		j: number = 2
Paused at 13
	Hit Breakpoint(s) 
	Call Stack: Au, AtAu, spectralnorm 
	Bindings: i: number = 0
		j: number = 2
		t: number = 1.75
		u: array
		v: array
Paused at 14
	Call Stack: Au, AtAu, spectralnorm 
	Bindings: i: number = 0
		j: number = 3
		t: number = 1.75
		u: array
		v: array
Paused at 7
	Hit Breakpoint(s) 
	Call Stack: A, Au, AtAu, spectralnorm 
	Bindings: i: number = 0
		j: number = 3
Paused at 8
	Call Stack: A, Au, AtAu, spectralnorm 
	Bindings: i: number = 0
		j: number = 3
Paused at 8
	Call Stack: A, Au, AtAu, spectralnorm 
	Bindings: i: number = 0
		j: number = 3
Paused at 13
	Hit Breakpoint(s) 
	Call Stack: Au, AtAu, spectralnorm 
	Bindings: i: number = 0
		j: number = 3
		t: number = 1.8928571428571428
		u: array
		v: array
Paused at 14
	Call Stack: Au, AtAu, spectralnorm 
	Bindings: i: number = 0
		j: number = 4
		t: number = 1.8928571428571428
		u: array
		v: array
Paused at 14
	Hit Breakpoint(s) 
	Call Stack: Au, AtAu, spectralnorm 
	Bindings: i: number = 0
		j: number = 4
		t: number = 1.8928571428571428
		u: array
		v: array
Paused at 7
	Hit Breakpoint(s) 
	Call Stack: A, Au, AtAu, spectralnorm 
	Bindings: i: number = 0
		j: number = 4
Paused at 8
	Hit Breakpoint(s) 
	Call Stack: A, Au, AtAu, spectralnorm 
	Bindings: i: number = 0
		j: number = 4
Paused at 8
	Call Stack: A, Au, AtAu, spectralnorm 
	Bindings: i: number = 0
		j: number = 4
Paused at 14
	Call Stack: Au, AtAu, spectralnorm 
	Bindings: i: number = 0
		j: number = 4
		t: number = 1.8928571428571428
		u: array
		v: array
Paused at 13
	Call Stack: Au, AtAu, spectralnorm 
	Bindings: i: number = 0
		j: number = 4
		t: number = 1.9837662337662336
		u: array
		v: array
Paused at 14
	Call Stack: Au, AtAu, spectralnorm 
	Bindings: i: number = 0
		j: number = 5
		t: number = 1.9837662337662336
		u: array
		v: array
Paused at 7
	Call Stack: A, Au, AtAu, spectralnorm 
	Bindings: i: number = 0
		j: number = 5
Paused at 8
	Call Stack: A, Au, AtAu, spectralnorm 
	Bindings: i: number = 0
		j: number = 5
Paused at 8
	Call Stack: A, Au, AtAu, spectralnorm 
	Bindings: i: number = 0
		j: number = 5
Paused at 13
	Call Stack: Au, AtAu, spectralnorm 
	Bindings: i: number = 0
		j: number = 5
		t: number = 2.0462662337662336
		u: array
		v: array
Paused at 15
	Call Stack: Au, AtAu, spectralnorm 
	Bindings: i: number = 0
		j: number = 6
		t: number = 2.0462662337662336
		u: array
		v: array
Paused at 15
	Hit Breakpoint(s) 
	Call Stack: Au, AtAu, spectralnorm 
	Bindings: i: number = 0
		j: number = 6
		t: number = 2.0462662337662336
		u: array
		v: array
Paused at 11
	Hit Breakpoint(s) 
	Call Stack: Au, AtAu, spectralnorm 
	Bindings: i: number = 0
		j: number = 6
		t: number = 2.0462662337662336
		u: array
		v: array
Paused at 12
	Call Stack: Au, AtAu, spectralnorm 
	Bindings: i: number = 1
		j: number = 6
		t: number = 2.0462662337662336
		u: array
		v: array
Paused at 12
	Hit Breakpoint(s) 
	Call Stack: Au, AtAu, spectralnorm 
	Bindings: i: number = 1
		j: number = 6
		t: number = 2.0462662337662336
		u: array
		v: array
Paused at 13
	Hit Breakpoint(s) 
	Call Stack: Au, AtAu, spectralnorm 
	Bindings: i: number = 1
		j: number = 6
		t: number = 0
		u: array
		v: array
Paused at 14
	Call Stack: Au, AtAu, spectralnorm 
	Bindings: i: number = 1
		j: number = 0
		t: number = 0
		u: array
		v: array
Paused at 14
	Hit Breakpoint(s) 
	Call Stack: Au, AtAu, spectralnorm 
	Bindings: i: number = 1
		j: number = 0
		t: number = 0
		u: array
		v: array
Paused at 7
	Hit Breakpoint(s) 
	Call Stack: A, Au, AtAu, spectralnorm 
	Bindings: i: number = 1
		j: number = 0
Paused at 8
	Call Stack: A, Au, AtAu, spectralnorm 
	Bindings: i: number = 1
		j: number = 0
Paused at 8
	Hit Breakpoint(s) 
	Call Stack: A, Au, AtAu, spectralnorm 
	Bindings: i: number = 1
		j: number = 0
Paused at 13
	Hit Breakpoint(s) 
	Call Stack: Au, AtAu, spectralnorm 
	Bindings: i: number = 1
		j: number = 0
		t: number = 0.3333333333333333
		u: array
		v: array
Paused at 14
	Hit Breakpoint(s) 
	Call Stack: Au, AtAu, spectralnorm 
	Bindings: i: number = 1
		j: number = 1
		t: number = 0.3333333333333333
		u: array
		v: array
Paused at 7
	Hit Breakpoint(s) 
	Call Stack: A, Au, AtAu, spectralnorm 
	Bindings: i: number = 1
		j: number = 1
Paused at 8
	Call Stack: A, Au, AtAu, spectralnorm 
	Bindings: i: number = 1
		j: number = 1
Paused at 8
	Call Stack: A, Au, AtAu, spectralnorm 
	Bindings: i: number = 1
		j: number = 1
Paused at 13
	Call Stack: Au, AtAu, spectralnorm 
	Bindings: i: number = 1
		j: number = 1
		t: number = 0.5333333333333333
		u: array
		v: array
Paused at 14
	Call Stack: Au, AtAu, spectralnorm 
	Bindings: i: number = 1
		j: number = 2
		t: number = 0.5333333333333333
		u: array
		v: array
Paused at 14
	Hit Breakpoint(s) 
	Call Stack: Au, AtAu, spectralnorm 
	Bindings: i: number = 1
		j: number = 2
		t: number = 0.5333333333333333
		u: array
		v: array
Paused at 7
	Hit Breakpoint(s) 
	Call Stack: A, Au, AtAu, spectralnorm 
	Bindings: i: number = 1
		j: number = 2
Paused at 8
	Hit Breakpoint(s) 
	Call Stack: A, Au, AtAu, spectralnorm 
	Bindings: i: number = 1
		j: number = 2
Paused at 8
	Call Stack: A, Au, AtAu, spectralnorm 
	Bindings: i: number = 1
		j: number = 2
Paused at 13
	Call Stack: Au, AtAu, spectralnorm 
	Bindings: i: number = 1
		j: number = 2
		t: number = 0.6583333333333333
		u: array
		v: array
Paused at 14
	Call Stack: Au, AtAu, spectralnorm 
	Bindings: i: number = 1
		j: number = 3
		t: number = 0.6583333333333333
		u: array
		v: array
Paused at 14
	Hit Breakpoint(s) 
	Call Stack: Au, AtAu, spectralnorm 
	Bindings: i: number = 1
		j: number = 3
		t: number = 0.6583333333333333
		u: array
		v: array
Paused at 7
	Hit Breakpoint(s) 
	Call Stack: A, Au, AtAu, spectralnorm 
	Bindings: i: number = 1
		j: number = 3
Paused at 8
	Call Stack: A, Au, AtAu, spectralnorm 
	Bindings: i: number = 1
		j: number = 3
Paused at 8
	Call Stack: A, Au, AtAu, spectralnorm 
	Bindings: i: number = 1
		j: number = 3
Paused at 13
	Call Stack: Au, AtAu, spectralnorm 
	Bindings: i: number = 1
		j: number = 3
		t: number = 0.7416666666666667
		u: array
		v: array
Paused at 13
	Hit Breakpoint(s) 
	Call Stack: Au, AtAu, spectralnorm 
	Bindings: i: number = 1
		j: number = 3
		t: number = 0.7416666666666667
		u: array
		v: array
Paused at 14
	Call Stack: Au, AtAu, spectralnorm 
	Bindings: i: number = 1
		j: number = 4
		t: number = 0.7416666666666667
		u: array
		v: array
Paused at 14
	Hit Breakpoint(s) 
	Call Stack: Au, AtAu, spectralnorm 
	Bindings: i: number = 1
		j: number = 4
		t: number = 0.7416666666666667
		u: array
		v: array
Paused at 7
	Hit Breakpoint(s) 
	Call Stack: A, Au, AtAu, spectralnorm 
	Bindings: i: number = 1
		j: number = 4
Paused at 8
	Call Stack: A, Au, AtAu, spectralnorm 
	Bindings: i: number = 1
		j: number = 4
Paused at 8
	Call Stack: A, Au, AtAu, spectralnorm 
	Bindings: i: number = 1
		j: number = 4
Paused at 13
	Call Stack: Au, AtAu, spectralnorm 
	Bindings: i: number = 1
		j: number = 4
		t: number = 0.8004901960784314
		u: array
		v: array
