73 -> 73
269 -> 269
293 -> 293
307 -> 307
352 -> 352
39 -> 39
35 -> 35
315 -> 315
398 -> 398
196 -> 196
414 -> 414
214 -> 214
111 -> 111
347 -> 347
257 -> 257
85 -> 85
42 -> 42
323 -> 323
134 -> 134
37 -> 37
235 -> 235
345 -> 345
330 -> 330
240 -> 240
321 -> 321
302 -> 302
261 -> 261
281 -> 281
46 -> 46
210 -> 210
148 -> 148
289 -> 289
182 -> 182
38 -> 38
328 -> 328
282 -> 282
271 -> 271
200 -> 200
27 -> 27
89 -> 89
360 -> 360
413 -> 413
420 -> 420
117 -> 117
300 -> 300
219 -> 219
101 -> 101
417 -> 417
188 -> 188
16 -> 16
274 -> 274
33 -> 33
53 -> 53
189 -> 189
362 -> 362
63 -> 63
411 -> 411
184 -> 184
110 -> 110
222 -> 222
30 -> 30
141 -> 141
416 -> 416
133 -> 133
357 -> 357
173 -> 173
308 -> 308
209 -> 209
170 -> 170
61 -> 61
168 -> 168
415 -> 415
180 -> 180
67 -> 67
359 -> 359
142 -> 142
181 -> 181
197 -> 197
28 -> 28
118 -> 118
385 -> 385
105 -> 105
198 -> 198
384 -> 384
123 -> 123
113 -> 113
418 -> 418
169 -> 169
69 -> 69
287 -> 287
147 -> 147
335 -> 335
279 -> 279
331 -> 331
306 -> 306
310 -> 310
377 -> 377
298 -> 298
205 -> 205
192 -> 192
31 -> 31
57 -> 57
326 -> 326
325 -> 325
317 -> 317
215 -> 215
83 -> 83
51 -> 51
97 -> 97
114 -> 114
206 -> 206
99 -> 99
81 -> 81
149 -> 149
71 -> 71
32 -> 32
283 -> 283
356 -> 356
138 -> 138
234 -> 234
204 -> 204
363 -> 363
217 -> 217
223 -> 223
241 -> 241
75 -> 75
120 -> 120
221 -> 221
18 -> 18
312 -> 312
225 -> 225
294 -> 294
131 -> 131
193 -> 193
250 -> 250
79 -> 79
172 -> 172
95 -> 95
208 -> 208
304 -> 304
320 -> 320
213 -> 213
135 -> 135
121 -> 121
265 -> 265
262 -> 262
201 -> 201
267 -> 267
145 -> 145
421 -> 421
351 -> 351
140 -> 140
322 -> 322
20 -> 20
232 -> 232
280 -> 280
175 -> 175
176 -> 176
244 -> 244
316 -> 316
292 -> 292
23 -> 23
348 -> 348
364 -> 364
273 -> 273
19 -> 19
318 -> 318
103 -> 103
146 -> 146
419 -> 419
226 -> 226
311 -> 311
26 -> 26
186 -> 186
49 -> 49
253 -> 253
285 -> 285
45 -> 45
14 -> 14
275 -> 275
136 -> 136
338 -> 338
194 -> 194
277 -> 277
291 -> 291
22 -> 22
48 -> 48
229 -> 229
254 -> 254
258 -> 258
87 -> 87
93 -> 93
305 -> 305
65 -> 65
91 -> 91
109 -> 109
29 -> 29
297 -> 297
263 -> 263
327 -> 327
343 -> 343
154 -> 154
55 -> 55
286 -> 286
107 -> 107
295 -> 295
251 -> 251
177 -> 177
190 -> 190
238 -> 238
230 -> 230
376 -> 376
227 -> 227
59 -> 59
266 -> 266
249 -> 249
34 -> 34
341 -> 341
202 -> 202
129 -> 129
270 -> 270
259 -> 259
115 -> 115
77 -> 77
313 -> 313
15 -> 15
288 -> 288
218 -> 218
185 -> 185
354 -> 354
137 -> 137
24 -> 24
353 -> 353
255 -> 255
349 -> 349
119 -> 119
