63 -> 63
95 -> 95
250 -> 250
279 -> 279
91 -> 91
261 -> 261
287 -> 287
283 -> 283
306 -> 306
180 -> 180
229 -> 229
304 -> 304
39 -> 39
411 -> 411
186 -> 186
148 -> 148
154 -> 154
347 -> 347
418 -> 418
354 -> 354
168 -> 168
353 -> 353
175 -> 175
326 -> 326
267 -> 267
173 -> 173
18 -> 18
65 -> 65
291 -> 291
282 -> 282
265 -> 265
230 -> 230
376 -> 376
262 -> 262
34 -> 34
286 -> 286
219 -> 219
53 -> 53
46 -> 46
417 -> 417
270 -> 270
384 -> 384
109 -> 109
338 -> 338
335 -> 335
14 -> 14
238 -> 238
330 -> 330
341 -> 341
222 -> 222
300 -> 300
316 -> 316
210 -> 210
227 -> 227
29 -> 29
20 -> 20
129 -> 129
200 -> 200
327 -> 327
16 -> 16
24 -> 24
352 -> 352
172 -> 172
223 -> 223
218 -> 218
398 -> 398
364 -> 364
48 -> 48
325 -> 325
351 -> 351
61 -> 61
184 -> 184
311 -> 311
26 -> 26
213 -> 213
103 -> 103
377 -> 377
33 -> 33
258 -> 258
140 -> 140
85 -> 85
362 -> 362
221 -> 221
145 -> 145
