18 -> 18
37 -> 37
250 -> 250
223 -> 223
398 -> 398
103 -> 103
283 -> 283
270 -> 270
364 -> 364
63 -> 63
297 -> 297
39 -> 39
168 -> 168
321 -> 321
413 -> 413
376 -> 376
411 -> 411
14 -> 14
53 -> 53
258 -> 258
172 -> 172
65 -> 65
325 -> 325
356 -> 356
95 -> 95
330 -> 330
277 -> 277
287 -> 287
213 -> 213
154 -> 154
311 -> 311
81 -> 81
291 -> 291
46 -> 46
20 -> 20
219 -> 219
338 -> 338
61 -> 61
262 -> 262
265 -> 265
310 -> 310
196 -> 196
69 -> 69
335 -> 335
280 -> 280
210 -> 210
306 -> 306
225 -> 225
186 -> 186
180 -> 180
384 -> 384
218 -> 218
55 -> 55
353 -> 353
145 -> 145
34 -> 34
140 -> 140
91 -> 91
109 -> 109
377 -> 377
347 -> 347
230 -> 230
175 -> 175
257 -> 257
304 -> 304
131 -> 131
85 -> 85
24 -> 24
222 -> 222
300 -> 300
249 -> 249
343 -> 343
51 -> 51
327 -> 327
351 -> 351
229 -> 229
282 -> 282
418 -> 418
238 -> 238
341 -> 341
221 -> 221
129 -> 129
97 -> 97
16 -> 16
227 -> 227
148 -> 148
29 -> 29
200 -> 200
184 -> 184
354 -> 354
240 -> 240
244 -> 244
26 -> 26
267 -> 267
33 -> 33
261 -> 261
348 -> 348
308 -> 308
254 -> 254
234 -> 234
57 -> 57
323 -> 323
312 -> 312
49 -> 49
289 -> 289
137 -> 137
295 -> 295
360 -> 360
30 -> 30
185 -> 185
182 -> 182
190 -> 190
345 -> 345
273 -> 273
331 -> 331
414 -> 414
83 -> 83
313 -> 313
192 -> 192
269 -> 269
359 -> 359
315 -> 315
59 -> 59
120 -> 120
275 -> 275
77 -> 77
45 -> 45
385 -> 385
147 -> 147
114 -> 114
136 -> 136
204 -> 204
420 -> 420
73 -> 73
263 -> 263
75 -> 75
89 -> 89
357 -> 357
99 -> 99
111 -> 111
146 -> 146
419 -> 419
209 -> 209
298 -> 298
79 -> 79
317 -> 317
193 -> 193
105 -> 105
93 -> 93
226 -> 226
38 -> 38
110 -> 110
87 -> 87
322 -> 322
274 -> 274
118 -> 118
417 -> 417
141 -> 141
22 -> 22
133 -> 133
19 -> 19
208 -> 208
101 -> 101
123 -> 123
415 -> 415
206 -> 206
285 -> 285
205 -> 205
320 -> 320
286 -> 286
42 -> 42
198 -> 198
117 -> 117
352 -> 352
302 -> 302
48 -> 48
253 -> 253
23 -> 23
241 -> 241
170 -> 170
294 -> 294
288 -> 288
189 -> 189
293 -> 293
235 -> 235
421 -> 421
121 -> 121
232 -> 232
135 -> 135
181 -> 181
35 -> 35
214 -> 214
188 -> 188
107 -> 107
326 -> 326
281 -> 281
363 -> 363
328 -> 328
318 -> 318
416 -> 416
67 -> 67
31 -> 31
32 -> 32
138 -> 138
71 -> 71
251 -> 251
15 -> 15
201 -> 201
27 -> 27
259 -> 259
271 -> 271
177 -> 177
362 -> 362
197 -> 197
279 -> 279
307 -> 307
305 -> 305
215 -> 215
316 -> 316
173 -> 173
149 -> 149
217 -> 217
349 -> 349
266 -> 266
134 -> 134
142 -> 142
119 -> 119
115 -> 115
202 -> 202
113 -> 113
28 -> 28
194 -> 194
169 -> 169
292 -> 292
255 -> 255
176 -> 176
