38 -> 38
320 -> 320
39 -> 39
287 -> 287
27 -> 27
398 -> 398
71 -> 71
149 -> 149
277 -> 277
204 -> 204
308 -> 308
293 -> 293
59 -> 59
234 -> 234
185 -> 185
61 -> 61
145 -> 145
173 -> 173
87 -> 87
250 -> 250
411 -> 411
416 -> 416
321 -> 321
69 -> 69
335 -> 335
67 -> 67
292 -> 292
14 -> 14
280 -> 280
20 -> 20
198 -> 198
190 -> 190
176 -> 176
121 -> 121
188 -> 188
146 -> 146
42 -> 42
200 -> 200
230 -> 230
241 -> 241
226 -> 226
313 -> 313
385 -> 385
99 -> 99
117 -> 117
417 -> 417
133 -> 133
291 -> 291
359 -> 359
35 -> 35
55 -> 55
267 -> 267
229 -> 229
193 -> 193
105 -> 105
275 -> 275
111 -> 111
222 -> 222
214 -> 214
249 -> 249
331 -> 331
97 -> 97
288 -> 288
317 -> 317
175 -> 175
107 -> 107
326 -> 326
140 -> 140
271 -> 271
148 -> 148
286 -> 286
251 -> 251
131 -> 131
75 -> 75
270 -> 270
283 -> 283
364 -> 364
201 -> 201
328 -> 328
343 -> 343
213 -> 213
45 -> 45
119 -> 119
302 -> 302
418 -> 418
258 -> 258
89 -> 89
202 -> 202
147 -> 147
316 -> 316
51 -> 51
376 -> 376
384 -> 384
170 -> 170
79 -> 79
48 -> 48
295 -> 295
419 -> 419
134 -> 134
16 -> 16
297 -> 297
225 -> 225
32 -> 32
206 -> 206
57 -> 57
18 -> 18
33 -> 33
34 -> 34
289 -> 289
29 -> 29
31 -> 31
73 -> 73
351 -> 351
353 -> 353
120 -> 120
196 -> 196
323 -> 323
129 -> 129
307 -> 307
197 -> 197
37 -> 37
244 -> 244
205 -> 205
141 -> 141
215 -> 215
95 -> 95
354 -> 354
377 -> 377
235 -> 235
46 -> 46
103 -> 103
305 -> 305
300 -> 300
186 -> 186
227 -> 227
357 -> 357
182 -> 182
232 -> 232
154 -> 154
53 -> 53
266 -> 266
83 -> 83
347 -> 347
115 -> 115
219 -> 219
218 -> 218
77 -> 77
345 -> 345
360 -> 360
349 -> 349
114 -> 114
306 -> 306
363 -> 363
420 -> 420
26 -> 26
310 -> 310
285 -> 285
63 -> 63
19 -> 19
259 -> 259
85 -> 85
110 -> 110
15 -> 15
413 -> 413
210 -> 210
180 -> 180
221 -> 221
238 -> 238
341 -> 341
352 -> 352
315 -> 315
279 -> 279
263 -> 263
184 -> 184
311 -> 311
169 -> 169
93 -> 93
209 -> 209
109 -> 109
172 -> 172
304 -> 304
49 -> 49
414 -> 414
123 -> 123
22 -> 22
330 -> 330
24 -> 24
30 -> 30
23 -> 23
135 -> 135
101 -> 101
298 -> 298
223 -> 223
282 -> 282
322 -> 322
208 -> 208
138 -> 138
338 -> 338
65 -> 65
168 -> 168
28 -> 28
262 -> 262
421 -> 421
240 -> 240
362 -> 362
415 -> 415
281 -> 281
356 -> 356
254 -> 254
189 -> 189
181 -> 181
91 -> 91
142 -> 142
136 -> 136
118 -> 118
257 -> 257
253 -> 253
177 -> 177
318 -> 318
255 -> 255
265 -> 265
348 -> 348
192 -> 192
312 -> 312
194 -> 194
217 -> 217
261 -> 261
81 -> 81
113 -> 113
137 -> 137
274 -> 274
325 -> 325
269 -> 269
273 -> 273
294 -> 294
327 -> 327
