75 -> 75
97 -> 97
229 -> 229
263 -> 263
79 -> 79
238 -> 238
277 -> 277
269 -> 269
291 -> 291
140 -> 140
205 -> 205
286 -> 286
135 -> 135
414 -> 414
138 -> 138
87 -> 87
89 -> 89
323 -> 323
421 -> 421
348 -> 348
83 -> 83
335 -> 335
91 -> 91
294 -> 294
222 -> 222
73 -> 73
189 -> 189
214 -> 214
253 -> 253
227 -> 227
200 -> 200
170 -> 170
353 -> 353
51 -> 51
262 -> 262
223 -> 223
85 -> 85
185 -> 185
111 -> 111
415 -> 415
186 -> 186
360 -> 360
77 -> 77
24 -> 24
283 -> 283
351 -> 351
22 -> 22
265 -> 265
287 -> 287
413 -> 413
193 -> 193
225 -> 225
198 -> 198
352 -> 352
137 -> 137
184 -> 184
298 -> 298
258 -> 258
53 -> 53
419 -> 419
57 -> 57
271 -> 271
188 -> 188
114 -> 114
384 -> 384
343 -> 343
292 -> 292
417 -> 417
347 -> 347
204 -> 204
354 -> 354
326 -> 326
63 -> 63
230 -> 230
42 -> 42
148 -> 148
59 -> 59
210 -> 210
385 -> 385
208 -> 208
221 -> 221
109 -> 109
32 -> 32
418 -> 418
251 -> 251
180 -> 180
49 -> 49
359 -> 359
67 -> 67
306 -> 306
338 -> 338
331 -> 331
182 -> 182
71 -> 71
46 -> 46
48 -> 48
20 -> 20
141 -> 141
35 -> 35
110 -> 110
168 -> 168
420 -> 420
133 -> 133
377 -> 377
308 -> 308
136 -> 136
175 -> 175
234 -> 234
39 -> 39
304 -> 304
30 -> 30
19 -> 19
121 -> 121
356 -> 356
196 -> 196
38 -> 38
322 -> 322
26 -> 26
273 -> 273
282 -> 282
219 -> 219
325 -> 325
129 -> 129
275 -> 275
105 -> 105
99 -> 99
289 -> 289
14 -> 14
315 -> 315
118 -> 118
172 -> 172
376 -> 376
213 -> 213
154 -> 154
181 -> 181
357 -> 357
45 -> 45
61 -> 61
318 -> 318
259 -> 259
147 -> 147
328 -> 328
235 -> 235
257 -> 257
270 -> 270
209 -> 209
18 -> 18
317 -> 317
345 -> 345
327 -> 327
300 -> 300
398 -> 398
364 -> 364
250 -> 250
123 -> 123
31 -> 31
34 -> 34
29 -> 29
69 -> 69
190 -> 190
285 -> 285
16 -> 16
145 -> 145
320 -> 320
249 -> 249
244 -> 244
201 -> 201
321 -> 321
279 -> 279
295 -> 295
107 -> 107
23 -> 23
341 -> 341
232 -> 232
254 -> 254
177 -> 177
101 -> 101
95 -> 95
261 -> 261
330 -> 330
173 -> 173
37 -> 37
312 -> 312
146 -> 146
218 -> 218
33 -> 33
274 -> 274
206 -> 206
226 -> 226
15 -> 15
65 -> 65
27 -> 27
302 -> 302
362 -> 362
310 -> 310
192 -> 192
103 -> 103
316 -> 316
120 -> 120
197 -> 197
416 -> 416
311 -> 311
363 -> 363
267 -> 267
241 -> 241
411 -> 411
281 -> 281
313 -> 313
288 -> 288
293 -> 293
