352 -> 352
37 -> 37
398 -> 398
266 -> 266
317 -> 317
218 -> 218
249 -> 249
287 -> 287
354 -> 354
117 -> 117
302 -> 302
173 -> 173
81 -> 81
320 -> 320
356 -> 356
298 -> 298
138 -> 138
192 -> 192
238 -> 238
312 -> 312
113 -> 113
190 -> 190
347 -> 347
254 -> 254
133 -> 133
359 -> 359
376 -> 376
26 -> 26
293 -> 293
75 -> 75
294 -> 294
114 -> 114
420 -> 420
274 -> 274
292 -> 292
172 -> 172
42 -> 42
73 -> 73
214 -> 214
280 -> 280
129 -> 129
79 -> 79
230 -> 230
223 -> 223
48 -> 48
67 -> 67
69 -> 69
213 -> 213
136 -> 136
65 -> 65
291 -> 291
141 -> 141
91 -> 91
194 -> 194
297 -> 297
270 -> 270
283 -> 283
119 -> 119
326 -> 326
419 -> 419
285 -> 285
71 -> 71
416 -> 416
63 -> 63
275 -> 275
38 -> 38
188 -> 188
335 -> 335
22 -> 22
289 -> 289
257 -> 257
121 -> 121
32 -> 32
240 -> 240
123 -> 123
23 -> 23
14 -> 14
197 -> 197
16 -> 16
331 -> 331
145 -> 145
101 -> 101
103 -> 103
226 -> 226
15 -> 15
181 -> 181
99 -> 99
131 -> 131
313 -> 313
83 -> 83
111 -> 111
201 -> 201
232 -> 232
357 -> 357
189 -> 189
110 -> 110
261 -> 261
288 -> 288
222 -> 222
51 -> 51
182 -> 182
311 -> 311
219 -> 219
221 -> 221
27 -> 27
95 -> 95
59 -> 59
18 -> 18
204 -> 204
89 -> 89
39 -> 39
308 -> 308
118 -> 118
202 -> 202
271 -> 271
120 -> 120
305 -> 305
364 -> 364
146 -> 146
105 -> 105
295 -> 295
415 -> 415
281 -> 281
413 -> 413
328 -> 328
251 -> 251
304 -> 304
362 -> 362
307 -> 307
269 -> 269
360 -> 360
385 -> 385
175 -> 175
241 -> 241
262 -> 262
345 -> 345
322 -> 322
198 -> 198
137 -> 137
229 -> 229
134 -> 134
321 -> 321
263 -> 263
259 -> 259
170 -> 170
185 -> 185
180 -> 180
273 -> 273
20 -> 20
267 -> 267
87 -> 87
147 -> 147
186 -> 186
206 -> 206
253 -> 253
45 -> 45
109 -> 109
205 -> 205
77 -> 77
411 -> 411
286 -> 286
148 -> 148
338 -> 338
140 -> 140
135 -> 135
29 -> 29
24 -> 24
107 -> 107
93 -> 93
349 -> 349
46 -> 46
53 -> 53
142 -> 142
210 -> 210
330 -> 330
217 -> 217
384 -> 384
19 -> 19
414 -> 414
115 -> 115
282 -> 282
318 -> 318
149 -> 149
363 -> 363
315 -> 315
168 -> 168
35 -> 35
277 -> 277
55 -> 55
258 -> 258
417 -> 417
323 -> 323
310 -> 310
351 -> 351
196 -> 196
341 -> 341
316 -> 316
215 -> 215
227 -> 227
250 -> 250
255 -> 255
61 -> 61
31 -> 31
177 -> 177
28 -> 28
30 -> 30
343 -> 343
184 -> 184
57 -> 57
265 -> 265
193 -> 193
34 -> 34
306 -> 306
200 -> 200
209 -> 209
234 -> 234
154 -> 154
348 -> 348
377 -> 377
169 -> 169
208 -> 208
418 -> 418
353 -> 353
49 -> 49
421 -> 421
225 -> 225
325 -> 325
244 -> 244
279 -> 279
33 -> 33
97 -> 97
327 -> 327
235 -> 235
85 -> 85
176 -> 176
300 -> 300
