14 -> 14
16 -> 16
18 -> 18
20 -> 20
24 -> 24
26 -> 26
29 -> 29
33 -> 33
34 -> 34
39 -> 39
46 -> 46
48 -> 48
53 -> 53
61 -> 61
63 -> 63
65 -> 65
85 -> 85
91 -> 91
95 -> 95
103 -> 103
109 -> 109
129 -> 129
140 -> 140
145 -> 145
148 -> 148
154 -> 154
168 -> 168
172 -> 172
173 -> 173
175 -> 175
180 -> 180
184 -> 184
186 -> 186
200 -> 200
210 -> 210
213 -> 213
218 -> 218
219 -> 219
221 -> 221
222 -> 222
223 -> 223
227 -> 227
229 -> 229
230 -> 230
238 -> 238
250 -> 250
258 -> 258
261 -> 261
262 -> 262
265 -> 265
267 -> 267
270 -> 270
279 -> 279
282 -> 282
283 -> 283
286 -> 286
287 -> 287
291 -> 291
300 -> 300
304 -> 304
306 -> 306
311 -> 311
316 -> 316
325 -> 325
326 -> 326
327 -> 327
330 -> 330
335 -> 335
338 -> 338
341 -> 341
347 -> 347
351 -> 351
352 -> 352
353 -> 353
354 -> 354
362 -> 362
364 -> 364
376 -> 376
377 -> 377
384 -> 384
398 -> 398
411 -> 411
417 -> 417
418 -> 418
