14 -> 14
15 -> 15
16 -> 16
18 -> 18
19 -> 19
20 -> 20
22 -> 22
23 -> 23
24 -> 24
26 -> 26
27 -> 27
29 -> 29
30 -> 30
31 -> 31
32 -> 32
33 -> 33
34 -> 34
35 -> 35
37 -> 37
38 -> 38
39 -> 39
42 -> 42
45 -> 45
46 -> 46
48 -> 48
49 -> 49
51 -> 51
53 -> 53
57 -> 57
59 -> 59
61 -> 61
63 -> 63
65 -> 65
67 -> 67
69 -> 69
71 -> 71
73 -> 73
75 -> 75
77 -> 77
79 -> 79
83 -> 83
85 -> 85
87 -> 87
89 -> 89
91 -> 91
95 -> 95
97 -> 97
99 -> 99
101 -> 101
103 -> 103
105 -> 105
107 -> 107
109 -> 109
110 -> 110
111 -> 111
114 -> 114
118 -> 118
120 -> 120
121 -> 121
123 -> 123
129 -> 129
133 -> 133
135 -> 135
136 -> 136
137 -> 137
138 -> 138
140 -> 140
141 -> 141
145 -> 145
146 -> 146
147 -> 147
148 -> 148
154 -> 154
168 -> 168
170 -> 170
172 -> 172
173 -> 173
175 -> 175
177 -> 177
180 -> 180
181 -> 181
182 -> 182
184 -> 184
185 -> 185
186 -> 186
188 -> 188
189 -> 189
190 -> 190
192 -> 192
193 -> 193
196 -> 196
197 -> 197
198 -> 198
200 -> 200
201 -> 201
204 -> 204
205 -> 205
206 -> 206
208 -> 208
209 -> 209
210 -> 210
213 -> 213
214 -> 214
218 -> 218
219 -> 219
221 -> 221
222 -> 222
223 -> 223
225 -> 225
226 -> 226
227 -> 227
229 -> 229
230 -> 230
232 -> 232
234 -> 234
235 -> 235
238 -> 238
241 -> 241
244 -> 244
249 -> 249
250 -> 250
251 -> 251
253 -> 253
254 -> 254
257 -> 257
258 -> 258
259 -> 259
261 -> 261
262 -> 262
263 -> 263
265 -> 265
267 -> 267
269 -> 269
270 -> 270
271 -> 271
273 -> 273
274 -> 274
275 -> 275
277 -> 277
279 -> 279
281 -> 281
282 -> 282
283 -> 283
285 -> 285
286 -> 286
287 -> 287
288 -> 288
289 -> 289
291 -> 291
292 -> 292
293 -> 293
294 -> 294
295 -> 295
298 -> 298
300 -> 300
302 -> 302
304 -> 304
306 -> 306
308 -> 308
310 -> 310
311 -> 311
312 -> 312
313 -> 313
315 -> 315
316 -> 316
317 -> 317
318 -> 318
320 -> 320
321 -> 321
322 -> 322
323 -> 323
325 -> 325
326 -> 326
327 -> 327
328 -> 328
330 -> 330
331 -> 331
335 -> 335
338 -> 338
341 -> 341
343 -> 343
345 -> 345
347 -> 347
348 -> 348
351 -> 351
352 -> 352
353 -> 353
354 -> 354
356 -> 356
357 -> 357
359 -> 359
360 -> 360
362 -> 362
363 -> 363
364 -> 364
376 -> 376
377 -> 377
384 -> 384
385 -> 385
398 -> 398
411 -> 411
413 -> 413
414 -> 414
415 -> 415
416 -> 416
417 -> 417
418 -> 418
419 -> 419
420 -> 420
421 -> 421
