172 -> 172
411 -> 411
327 -> 327
377 -> 377
120 -> 120
208 -> 208
241 -> 241
110 -> 110
48 -> 48
298 -> 298
186 -> 186
295 -> 295
311 -> 311
362 -> 362
121 -> 121
343 -> 343
69 -> 69
302 -> 302
34 -> 34
232 -> 232
259 -> 259
297 -> 297
145 -> 145
262 -> 262
229 -> 229
190 -> 190
275 -> 275
140 -> 140
328 -> 328
352 -> 352
15 -> 15
325 -> 325
267 -> 267
414 -> 414
418 -> 418
176 -> 176
330 -> 330
135 -> 135
210 -> 210
29 -> 29
293 -> 293
214 -> 214
225 -> 225
421 -> 421
141 -> 141
14 -> 14
173 -> 173
77 -> 77
134 -> 134
282 -> 282
353 -> 353
99 -> 99
19 -> 19
89 -> 89
192 -> 192
46 -> 46
269 -> 269
270 -> 270
107 -> 107
251 -> 251
154 -> 154
280 -> 280
326 -> 326
53 -> 53
244 -> 244
279 -> 279
323 -> 323
215 -> 215
148 -> 148
168 -> 168
274 -> 274
364 -> 364
257 -> 257
320 -> 320
307 -> 307
238 -> 238
351 -> 351
181 -> 181
317 -> 317
49 -> 49
331 -> 331
308 -> 308
117 -> 117
385 -> 385
281 -> 281
356 -> 356
95 -> 95
271 -> 271
118 -> 118
288 -> 288
348 -> 348
310 -> 310
349 -> 349
230 -> 230
115 -> 115
131 -> 131
97 -> 97
73 -> 73
415 -> 415
37 -> 37
59 -> 59
263 -> 263
61 -> 61
413 -> 413
26 -> 26
35 -> 35
285 -> 285
201 -> 201
81 -> 81
105 -> 105
193 -> 193
22 -> 22
289 -> 289
32 -> 32
222 -> 222
226 -> 226
273 -> 273
146 -> 146
182 -> 182
71 -> 71
217 -> 217
113 -> 113
101 -> 101
398 -> 398
85 -> 85
38 -> 38
149 -> 149
250 -> 250
347 -> 347
194 -> 194
384 -> 384
175 -> 175
359 -> 359
30 -> 30
170 -> 170
318 -> 318
209 -> 209
219 -> 219
420 -> 420
18 -> 18
39 -> 39
202 -> 202
357 -> 357
28 -> 28
67 -> 67
20 -> 20
200 -> 200
304 -> 304
180 -> 180
75 -> 75
185 -> 185
266 -> 266
103 -> 103
129 -> 129
27 -> 27
137 -> 137
291 -> 291
286 -> 286
16 -> 16
63 -> 63
258 -> 258
287 -> 287
109 -> 109
177 -> 177
42 -> 42
338 -> 338
93 -> 93
249 -> 249
189 -> 189
335 -> 335
133 -> 133
79 -> 79
360 -> 360
87 -> 87
235 -> 235
227 -> 227
57 -> 57
292 -> 292
306 -> 306
294 -> 294
255 -> 255
283 -> 283
198 -> 198
213 -> 213
341 -> 341
33 -> 33
123 -> 123
313 -> 313
206 -> 206
169 -> 169
300 -> 300
419 -> 419
83 -> 83
24 -> 24
316 -> 316
223 -> 223
261 -> 261
196 -> 196
119 -> 119
111 -> 111
114 -> 114
23 -> 23
354 -> 354
136 -> 136
45 -> 45
221 -> 221
253 -> 253
315 -> 315
138 -> 138
204 -> 204
205 -> 205
184 -> 184
142 -> 142
218 -> 218
417 -> 417
321 -> 321
312 -> 312
322 -> 322
234 -> 234
363 -> 363
345 -> 345
197 -> 197
188 -> 188
376 -> 376
254 -> 254
55 -> 55
51 -> 51
147 -> 147
265 -> 265
31 -> 31
416 -> 416
277 -> 277
91 -> 91
305 -> 305
240 -> 240
65 -> 65
