308 -> 308
263 -> 263
417 -> 417
335 -> 335
226 -> 226
251 -> 251
273 -> 273
33 -> 33
345 -> 345
67 -> 67
364 -> 364
318 -> 318
109 -> 109
87 -> 87
197 -> 197
351 -> 351
111 -> 111
259 -> 259
200 -> 200
120 -> 120
398 -> 398
214 -> 214
73 -> 73
79 -> 79
35 -> 35
316 -> 316
265 -> 265
341 -> 341
97 -> 97
85 -> 85
110 -> 110
204 -> 204
192 -> 192
83 -> 83
135 -> 135
75 -> 75
352 -> 352
359 -> 359
145 -> 145
61 -> 61
209 -> 209
302 -> 302
225 -> 225
262 -> 262
330 -> 330
186 -> 186
19 -> 19
238 -> 238
360 -> 360
287 -> 287
354 -> 354
275 -> 275
190 -> 190
114 -> 114
294 -> 294
121 -> 121
24 -> 24
326 -> 326
184 -> 184
267 -> 267
32 -> 32
65 -> 65
173 -> 173
270 -> 270
103 -> 103
281 -> 281
315 -> 315
15 -> 15
312 -> 312
34 -> 34
348 -> 348
327 -> 327
140 -> 140
71 -> 71
185 -> 185
325 -> 325
168 -> 168
22 -> 22
353 -> 353
414 -> 414
317 -> 317
148 -> 148
253 -> 253
320 -> 320
323 -> 323
141 -> 141
285 -> 285
223 -> 223
147 -> 147
300 -> 300
182 -> 182
376 -> 376
418 -> 418
38 -> 38
279 -> 279
298 -> 298
20 -> 20
384 -> 384
286 -> 286
95 -> 95
213 -> 213
37 -> 37
328 -> 328
420 -> 420
53 -> 53
46 -> 46
18 -> 18
26 -> 26
257 -> 257
181 -> 181
77 -> 77
210 -> 210
249 -> 249
137 -> 137
229 -> 229
196 -> 196
170 -> 170
188 -> 188
274 -> 274
385 -> 385
177 -> 177
283 -> 283
244 -> 244
421 -> 421
277 -> 277
282 -> 282
292 -> 292
14 -> 14
45 -> 45
241 -> 241
411 -> 411
123 -> 123
154 -> 154
59 -> 59
269 -> 269
295 -> 295
208 -> 208
331 -> 331
250 -> 250
304 -> 304
30 -> 30
16 -> 16
347 -> 347
133 -> 133
118 -> 118
293 -> 293
338 -> 338
322 -> 322
136 -> 136
413 -> 413
48 -> 48
39 -> 39
310 -> 310
172 -> 172
291 -> 291
377 -> 377
415 -> 415
201 -> 201
221 -> 221
193 -> 193
180 -> 180
419 -> 419
69 -> 69
42 -> 42
175 -> 175
363 -> 363
27 -> 27
311 -> 311
254 -> 254
230 -> 230
343 -> 343
205 -> 205
146 -> 146
189 -> 189
91 -> 91
271 -> 271
234 -> 234
313 -> 313
101 -> 101
105 -> 105
357 -> 357
89 -> 89
107 -> 107
129 -> 129
49 -> 49
227 -> 227
29 -> 29
23 -> 23
51 -> 51
206 -> 206
306 -> 306
288 -> 288
232 -> 232
416 -> 416
289 -> 289
138 -> 138
235 -> 235
99 -> 99
63 -> 63
356 -> 356
222 -> 222
198 -> 198
321 -> 321
261 -> 261
258 -> 258
362 -> 362
218 -> 218
31 -> 31
219 -> 219
57 -> 57
