325 -> 325
270 -> 270
417 -> 417
351 -> 351
238 -> 238
267 -> 267
286 -> 286
46 -> 46
353 -> 353
95 -> 95
377 -> 377
338 -> 338
168 -> 168
145 -> 145
227 -> 227
354 -> 354
175 -> 175
29 -> 29
24 -> 24
186 -> 186
398 -> 398
262 -> 262
53 -> 53
173 -> 173
287 -> 287
341 -> 341
304 -> 304
65 -> 65
200 -> 200
103 -> 103
218 -> 218
26 -> 26
129 -> 129
213 -> 213
229 -> 229
61 -> 61
376 -> 376
33 -> 33
258 -> 258
210 -> 210
91 -> 91
347 -> 347
300 -> 300
326 -> 326
362 -> 362
283 -> 283
306 -> 306
316 -> 316
384 -> 384
154 -> 154
85 -> 85
265 -> 265
140 -> 140
282 -> 282
352 -> 352
223 -> 223
219 -> 219
180 -> 180
261 -> 261
20 -> 20
230 -> 230
327 -> 327
221 -> 221
34 -> 34
39 -> 39
172 -> 172
148 -> 148
311 -> 311
330 -> 330
291 -> 291
411 -> 411
109 -> 109
184 -> 184
18 -> 18
335 -> 335
63 -> 63
14 -> 14
279 -> 279
364 -> 364
418 -> 418
48 -> 48
250 -> 250
16 -> 16
222 -> 222
