18 -> 18
48 -> 48
250 -> 250
223 -> 223
398 -> 398
103 -> 103
283 -> 283
270 -> 270
364 -> 364
109 -> 109
300 -> 300
39 -> 39
168 -> 168
326 -> 326
417 -> 417
376 -> 376
411 -> 411
14 -> 14
258 -> 258
173 -> 173
65 -> 65
325 -> 325
362 -> 362
95 -> 95
330 -> 330
279 -> 279
287 -> 287
154 -> 154
316 -> 316
291 -> 291
46 -> 46
20 -> 20
219 -> 219
338 -> 338
61 -> 61
262 -> 262
265 -> 265
311 -> 311
347 -> 347
286 -> 286
210 -> 210
306 -> 306
186 -> 186
180 -> 180
384 -> 384
218 -> 218
353 -> 353
145 -> 145
34 -> 34
140 -> 140
91 -> 91
377 -> 377
230 -> 230
53 -> 53
304 -> 304
335 -> 335
172 -> 172
85 -> 85
175 -> 175
24 -> 24
222 -> 222
327 -> 327
351 -> 351
282 -> 282
418 -> 418
238 -> 238
341 -> 341
221 -> 221
129 -> 129
16 -> 16
227 -> 227
229 -> 229
148 -> 148
29 -> 29
200 -> 200
184 -> 184
354 -> 354
26 -> 26
213 -> 213
63 -> 63
267 -> 267
33 -> 33
261 -> 261
352 -> 352
308 -> 308
254 -> 254
234 -> 234
57 -> 57
323 -> 323
312 -> 312
51 -> 51
110 -> 110
249 -> 249
289 -> 289
137 -> 137
295 -> 295
360 -> 360
30 -> 30
185 -> 185
182 -> 182
190 -> 190
345 -> 345
348 -> 348
414 -> 414
83 -> 83
313 -> 313
196 -> 196
97 -> 97
192 -> 192
269 -> 269
359 -> 359
331 -> 331
59 -> 59
120 -> 120
275 -> 275
77 -> 77
69 -> 69
45 -> 45
385 -> 385
147 -> 147
114 -> 114
136 -> 136
204 -> 204
420 -> 420
73 -> 73
263 -> 263
89 -> 89
357 -> 357
111 -> 111
146 -> 146
419 -> 419
209 -> 209
298 -> 298
79 -> 79
317 -> 317
193 -> 193
226 -> 226
38 -> 38
75 -> 75
118 -> 118
87 -> 87
105 -> 105
322 -> 322
274 -> 274
310 -> 310
141 -> 141
22 -> 22
27 -> 27
133 -> 133
101 -> 101
123 -> 123
415 -> 415
206 -> 206
292 -> 292
205 -> 205
302 -> 302
320 -> 320
198 -> 198
321 -> 321
23 -> 23
241 -> 241
273 -> 273
170 -> 170
294 -> 294
288 -> 288
42 -> 42
189 -> 189
293 -> 293
19 -> 19
235 -> 235
421 -> 421
121 -> 121
208 -> 208
37 -> 37
232 -> 232
285 -> 285
257 -> 257
135 -> 135
277 -> 277
181 -> 181
35 -> 35
214 -> 214
343 -> 343
356 -> 356
107 -> 107
281 -> 281
363 -> 363
328 -> 328
318 -> 318
99 -> 99
188 -> 188
416 -> 416
31 -> 31
413 -> 413
32 -> 32
138 -> 138
251 -> 251
315 -> 315
15 -> 15
201 -> 201
49 -> 49
259 -> 259
225 -> 225
67 -> 67
253 -> 253
271 -> 271
244 -> 244
177 -> 177
71 -> 71
197 -> 197
