114 -> 114
121 -> 121
316 -> 316
317 -> 317
343 -> 343
97 -> 97
214 -> 214
65 -> 65
345 -> 345
421 -> 421
201 -> 201
286 -> 286
210 -> 210
357 -> 357
46 -> 46
31 -> 31
280 -> 280
281 -> 281
176 -> 176
145 -> 145
93 -> 93
55 -> 55
292 -> 292
73 -> 73
418 -> 418
377 -> 377
283 -> 283
18 -> 18
204 -> 204
295 -> 295
244 -> 244
81 -> 81
250 -> 250
117 -> 117
253 -> 253
289 -> 289
326 -> 326
20 -> 20
291 -> 291
271 -> 271
105 -> 105
24 -> 24
202 -> 202
328 -> 328
30 -> 30
322 -> 322
227 -> 227
415 -> 415
186 -> 186
226 -> 226
279 -> 279
141 -> 141
180 -> 180
45 -> 45
261 -> 261
168 -> 168
325 -> 325
338 -> 338
15 -> 15
190 -> 190
363 -> 363
417 -> 417
384 -> 384
275 -> 275
197 -> 197
294 -> 294
356 -> 356
225 -> 225
26 -> 26
414 -> 414
192 -> 192
111 -> 111
19 -> 19
57 -> 57
419 -> 419
115 -> 115
254 -> 254
282 -> 282
146 -> 146
327 -> 327
416 -> 416
257 -> 257
213 -> 213
154 -> 154
49 -> 49
297 -> 297
83 -> 83
352 -> 352
310 -> 310
238 -> 238
318 -> 318
263 -> 263
89 -> 89
148 -> 148
269 -> 269
209 -> 209
251 -> 251
53 -> 53
266 -> 266
300 -> 300
240 -> 240
305 -> 305
298 -> 298
304 -> 304
69 -> 69
364 -> 364
184 -> 184
312 -> 312
169 -> 169
241 -> 241
71 -> 71
341 -> 341
413 -> 413
217 -> 217
249 -> 249
293 -> 293
323 -> 323
67 -> 67
221 -> 221
313 -> 313
23 -> 23
232 -> 232
255 -> 255
205 -> 205
118 -> 118
142 -> 142
385 -> 385
75 -> 75
87 -> 87
61 -> 61
32 -> 32
277 -> 277
63 -> 63
259 -> 259
27 -> 27
35 -> 35
321 -> 321
347 -> 347
215 -> 215
123 -> 123
137 -> 137
230 -> 230
359 -> 359
22 -> 22
198 -> 198
311 -> 311
39 -> 39
28 -> 28
420 -> 420
302 -> 302
315 -> 315
235 -> 235
351 -> 351
285 -> 285
48 -> 48
330 -> 330
175 -> 175
353 -> 353
34 -> 34
267 -> 267
306 -> 306
335 -> 335
101 -> 101
14 -> 14
307 -> 307
206 -> 206
133 -> 133
95 -> 95
208 -> 208
262 -> 262
182 -> 182
138 -> 138
149 -> 149
229 -> 229
308 -> 308
38 -> 38
103 -> 103
136 -> 136
140 -> 140
181 -> 181
99 -> 99
135 -> 135
109 -> 109
411 -> 411
173 -> 173
177 -> 177
29 -> 29
273 -> 273
79 -> 79
193 -> 193
362 -> 362
219 -> 219
200 -> 200
37 -> 37
265 -> 265
59 -> 59
33 -> 33
349 -> 349
234 -> 234
274 -> 274
258 -> 258
196 -> 196
376 -> 376
398 -> 398
131 -> 131
189 -> 189
354 -> 354
172 -> 172
188 -> 188
288 -> 288
185 -> 185
42 -> 42
348 -> 348
129 -> 129
170 -> 170
91 -> 91
120 -> 120
107 -> 107
287 -> 287
218 -> 218
85 -> 85
223 -> 223
119 -> 119
147 -> 147
110 -> 110
222 -> 222
77 -> 77
134 -> 134
360 -> 360
331 -> 331
320 -> 320
51 -> 51
194 -> 194
113 -> 113
16 -> 16
270 -> 270
