170 -> 170
254 -> 254
105 -> 105
140 -> 140
141 -> 141
23 -> 23
73 -> 73
135 -> 135
415 -> 415
320 -> 320
221 -> 221
27 -> 27
59 -> 59
262 -> 262
414 -> 414
343 -> 343
79 -> 79
292 -> 292
20 -> 20
244 -> 244
77 -> 77
208 -> 208
229 -> 229
257 -> 257
323 -> 323
222 -> 222
137 -> 137
304 -> 304
136 -> 136
349 -> 349
120 -> 120
14 -> 14
38 -> 38
99 -> 99
147 -> 147
286 -> 286
300 -> 300
322 -> 322
111 -> 111
205 -> 205
270 -> 270
271 -> 271
215 -> 215
175 -> 175
291 -> 291
417 -> 417
398 -> 398
325 -> 325
177 -> 177
33 -> 33
51 -> 51
376 -> 376
225 -> 225
263 -> 263
110 -> 110
42 -> 42
87 -> 87
335 -> 335
114 -> 114
200 -> 200
249 -> 249
317 -> 317
213 -> 213
283 -> 283
89 -> 89
188 -> 188
258 -> 258
251 -> 251
173 -> 173
48 -> 48
331 -> 331
293 -> 293
184 -> 184
297 -> 297
416 -> 416
219 -> 219
306 -> 306
364 -> 364
282 -> 282
302 -> 302
75 -> 75
419 -> 419
190 -> 190
15 -> 15
83 -> 83
226 -> 226
196 -> 196
113 -> 113
356 -> 356
328 -> 328
338 -> 338
154 -> 154
232 -> 232
269 -> 269
101 -> 101
354 -> 354
307 -> 307
261 -> 261
316 -> 316
234 -> 234
266 -> 266
109 -> 109
313 -> 313
273 -> 273
181 -> 181
192 -> 192
206 -> 206
351 -> 351
22 -> 22
289 -> 289
275 -> 275
49 -> 49
118 -> 118
318 -> 318
148 -> 148
385 -> 385
121 -> 121
198 -> 198
45 -> 45
359 -> 359
253 -> 253
61 -> 61
194 -> 194
341 -> 341
176 -> 176
138 -> 138
418 -> 418
103 -> 103
305 -> 305
210 -> 210
57 -> 57
28 -> 28
16 -> 16
287 -> 287
29 -> 29
238 -> 238
279 -> 279
172 -> 172
197 -> 197
202 -> 202
30 -> 30
280 -> 280
326 -> 326
274 -> 274
241 -> 241
26 -> 26
67 -> 67
85 -> 85
214 -> 214
250 -> 250
421 -> 421
123 -> 123
267 -> 267
129 -> 129
230 -> 230
168 -> 168
55 -> 55
204 -> 204
201 -> 201
227 -> 227
209 -> 209
327 -> 327
321 -> 321
285 -> 285
235 -> 235
186 -> 186
63 -> 63
348 -> 348
142 -> 142
347 -> 347
93 -> 93
134 -> 134
298 -> 298
413 -> 413
81 -> 81
97 -> 97
180 -> 180
19 -> 19
115 -> 115
46 -> 46
259 -> 259
185 -> 185
34 -> 34
31 -> 31
32 -> 32
308 -> 308
265 -> 265
217 -> 217
294 -> 294
363 -> 363
65 -> 65
145 -> 145
71 -> 71
420 -> 420
91 -> 91
149 -> 149
107 -> 107
311 -> 311
189 -> 189
182 -> 182
277 -> 277
240 -> 240
312 -> 312
146 -> 146
95 -> 95
117 -> 117
119 -> 119
18 -> 18
352 -> 352
353 -> 353
315 -> 315
223 -> 223
295 -> 295
53 -> 53
39 -> 39
24 -> 24
131 -> 131
360 -> 360
255 -> 255
218 -> 218
384 -> 384
377 -> 377
281 -> 281
35 -> 35
288 -> 288
310 -> 310
411 -> 411
357 -> 357
345 -> 345
37 -> 37
330 -> 330
362 -> 362
169 -> 169
133 -> 133
193 -> 193
69 -> 69
