Breakpoint 0 Set at 6:1
Breakpoint 1 Set at 33:1
Breakpoint 2 Set at 31:1
Breakpoint 3 Set at 52:1
Breakpoint 4 Set at 17:1
Paused at 31:10
	Hit Breakpoint(s) 2
	Call Stack:  
	Bindings: 
Paused at 33:8
	Hit Breakpoint(s) 1
	Call Stack:  
	Bindings: 
Paused at 17:0
	Hit Breakpoint(s) 4
	Call Stack: bottomUpTree 
	Bindings: depth: number = 7
		item: number = 0
Paused at 18:6
	Call Stack: bottomUpTree 
	Bindings: depth: number = 7
		item: number = 0
Paused at 19:0
	Call Stack: bottomUpTree 
	Bindings: depth: number = 7
		item: number = 0
Paused at 17:0
	Hit Breakpoint(s) 4
	Call Stack: bottomUpTree, bottomUpTree 
	Bindings: depth: number = 6
		item: number = -1
Paused at 17:0
	Hit Breakpoint(s) 4
	Call Stack: bottomUpTree, bottomUpTree, bottomUpTree 
	Bindings: depth: number = 5
		item: number = -3
Paused at 18:6
	Call Stack: bottomUpTree, bottomUpTree, bottomUpTree 
	Bindings: depth: number = 5
		item: number = -3
Paused at 19:0
	Call Stack: bottomUpTree, bottomUpTree, bottomUpTree 
	Bindings: depth: number = 5
		item: number = -3
Paused at 17:0
	Hit Breakpoint(s) 4
	Call Stack: bottomUpTree, bottomUpTree, bottomUpTree, bottomUpTree 
	Bindings: depth: number = 4
		item: number = -7
Paused at 17:0
	Hit Breakpoint(s) 4
	Call Stack: bottomUpTree, bottomUpTree, bottomUpTree, bottomUpTree, bottomUpTree 
	Bindings: depth: number = 3
		item: number = -15
Paused at 18:6
	Call Stack: bottomUpTree, bottomUpTree, bottomUpTree, bottomUpTree, bottomUpTree 
	Bindings: depth: number = 3
		item: number = -15
Paused at 17:0
	Hit Breakpoint(s) 4
	Call Stack: bottomUpTree, bottomUpTree, bottomUpTree, bottomUpTree, bottomUpTree, bottomUpTree 
	Bindings: depth: number = 2
		item: number = -31
Paused at 18:6
	Call Stack: bottomUpTree, bottomUpTree, bottomUpTree, bottomUpTree, bottomUpTree, bottomUpTree 
	Bindings: depth: number = 2
		item: number = -31
Paused at 17:0
	Hit Breakpoint(s) 4
	Call Stack: bottomUpTree, bottomUpTree, bottomUpTree, bottomUpTree, bottomUpTree, bottomUpTree, bottomUpTree 
	Bindings: depth: number = 1
		item: number = -63
Paused at 17:0
	Hit Breakpoint(s) 4
	Call Stack: bottomUpTree, bottomUpTree, bottomUpTree, bottomUpTree, bottomUpTree, bottomUpTree, bottomUpTree, bottomUpTree 
	Bindings: depth: number = 0
		item: number = -127
Paused at 6:3
	Hit Breakpoint(s) 0
	Call Stack: TreeNode, bottomUpTree, bottomUpTree, bottomUpTree, bottomUpTree, bottomUpTree, bottomUpTree, bottomUpTree, bottomUpTree 
	Bindings: item: number = -127
		left: null
		right: null
Paused at 9:0
	Call Stack: TreeNode, bottomUpTree, bottomUpTree, bottomUpTree, bottomUpTree, bottomUpTree, bottomUpTree, bottomUpTree, bottomUpTree 
	Bindings: item: number = -127
		left: null
		right: null
Paused at 27:0
	Call Stack: bottomUpTree, bottomUpTree, bottomUpTree, bottomUpTree, bottomUpTree, bottomUpTree, bottomUpTree, bottomUpTree 
	Bindings: depth: number = 0
		item: number = -127
Paused at 17:0
	Hit Breakpoint(s) 4
	Call Stack: bottomUpTree, bottomUpTree, bottomUpTree, bottomUpTree, bottomUpTree, bottomUpTree, bottomUpTree, bottomUpTree 
	Bindings: depth: number = 0
		item: number = -126
Paused at 6:3
	Hit Breakpoint(s) 0
	Call Stack: TreeNode, bottomUpTree, bottomUpTree, bottomUpTree, bottomUpTree, bottomUpTree, bottomUpTree, bottomUpTree, bottomUpTree 
	Bindings: item: number = -126
		left: null
		right: null
Paused at 7:3
	Call Stack: TreeNode, bottomUpTree, bottomUpTree, bottomUpTree, bottomUpTree, bottomUpTree, bottomUpTree, bottomUpTree, bottomUpTree 
	Bindings: item: number = -126
		left: null
		right: null
Paused at 6:3
	Hit Breakpoint(s) 0
	Call Stack: TreeNode, bottomUpTree, bottomUpTree, bottomUpTree, bottomUpTree, bottomUpTree, bottomUpTree, bottomUpTree 
	Bindings: item: number = -63
		left: object
		right: object
Paused at 9:0
	Call Stack: TreeNode, bottomUpTree, bottomUpTree, bottomUpTree, bottomUpTree, bottomUpTree, bottomUpTree, bottomUpTree 
	Bindings: item: number = -63
		left: object
		right: object
Paused at 27:0
	Call Stack: bottomUpTree, bottomUpTree, bottomUpTree, bottomUpTree, bottomUpTree, bottomUpTree, bottomUpTree 
	Bindings: depth: number = 1
		item: number = -63
Paused at 17:0
	Hit Breakpoint(s) 4
	Call Stack: bottomUpTree, bottomUpTree, bottomUpTree, bottomUpTree, bottomUpTree, bottomUpTree, bottomUpTree 
	Bindings: depth: number = 1
		item: number = -62
Paused at 18:6
	Call Stack: bottomUpTree, bottomUpTree, bottomUpTree, bottomUpTree, bottomUpTree, bottomUpTree, bottomUpTree 
	Bindings: depth: number = 1
		item: number = -62
Paused at 19:0
	Call Stack: bottomUpTree, bottomUpTree, bottomUpTree, bottomUpTree, bottomUpTree, bottomUpTree, bottomUpTree 
	Bindings: depth: number = 1
		item: number = -62
Paused at 17:0
	Hit Breakpoint(s) 4
	Call Stack: bottomUpTree, bottomUpTree, bottomUpTree, bottomUpTree, bottomUpTree, bottomUpTree, bottomUpTree, bottomUpTree 
	Bindings: depth: number = 0
		item: number = -125
Paused at 6:3
	Hit Breakpoint(s) 0
	Call Stack: TreeNode, bottomUpTree, bottomUpTree, bottomUpTree, bottomUpTree, bottomUpTree, bottomUpTree, bottomUpTree, bottomUpTree 
	Bindings: item: number = -125
		left: null
		right: null
Paused at 9:0
	Call Stack: TreeNode, bottomUpTree, bottomUpTree, bottomUpTree, bottomUpTree, bottomUpTree, bottomUpTree, bottomUpTree, bottomUpTree 
	Bindings: item: number = -125
		left: null
		right: null
Paused at 17:0
	Hit Breakpoint(s) 4
	Call Stack: bottomUpTree, bottomUpTree, bottomUpTree, bottomUpTree, bottomUpTree, bottomUpTree, bottomUpTree, bottomUpTree 
	Bindings: depth: number = 0
		item: number = -124
Paused at 6:3
	Hit Breakpoint(s) 0
	Call Stack: TreeNode, bottomUpTree, bottomUpTree, bottomUpTree, bottomUpTree, bottomUpTree, bottomUpTree, bottomUpTree, bottomUpTree 
	Bindings: item: number = -124
		left: null
		right: null
Paused at 7:3
	Call Stack: TreeNode, bottomUpTree, bottomUpTree, bottomUpTree, bottomUpTree, bottomUpTree, bottomUpTree, bottomUpTree, bottomUpTree 
	Bindings: item: number = -124
		left: null
		right: null
Paused at 8:3
	Call Stack: TreeNode, bottomUpTree, bottomUpTree, bottomUpTree, bottomUpTree, bottomUpTree, bottomUpTree, bottomUpTree, bottomUpTree 
	Bindings: item: number = -124
		left: null
		right: null
Paused at 9:0
	Call Stack: TreeNode, bottomUpTree, bottomUpTree, bottomUpTree, bottomUpTree, bottomUpTree, bottomUpTree, bottomUpTree, bottomUpTree 
	Bindings: item: number = -124
		left: null
		right: null
Paused at 9:0
	Call Stack: TreeNode, bottomUpTree, bottomUpTree, bottomUpTree, bottomUpTree, bottomUpTree, bottomUpTree, bottomUpTree, bottomUpTree 
	Bindings: item: number = -124
		left: null
		right: null
Paused at 27:0
	Call Stack: bottomUpTree, bottomUpTree, bottomUpTree, bottomUpTree, bottomUpTree, bottomUpTree, bottomUpTree, bottomUpTree 
	Bindings: depth: number = 0
		item: number = -124
Paused at 21:0
	Call Stack: bottomUpTree, bottomUpTree, bottomUpTree, bottomUpTree, bottomUpTree, bottomUpTree, bottomUpTree 
	Bindings: depth: number = 1
		item: number = -62
Paused at 6:3
	Hit Breakpoint(s) 0
	Call Stack: TreeNode, bottomUpTree, bottomUpTree, bottomUpTree, bottomUpTree, bottomUpTree, bottomUpTree, bottomUpTree 
	Bindings: item: number = -62
		left: object
		right: object
Paused at 9:0
	Call Stack: TreeNode, bottomUpTree, bottomUpTree, bottomUpTree, bottomUpTree, bottomUpTree, bottomUpTree, bottomUpTree 
	Bindings: item: number = -62
		left: object
		right: object
Paused at 27:0
	Call Stack: bottomUpTree, bottomUpTree, bottomUpTree, bottomUpTree, bottomUpTree, bottomUpTree, bottomUpTree 
	Bindings: depth: number = 1
		item: number = -62
Paused at 27:0
	Call Stack: bottomUpTree, bottomUpTree, bottomUpTree, bottomUpTree, bottomUpTree, bottomUpTree, bottomUpTree 
	Bindings: depth: number = 1
		item: number = -62
Paused at 6:3
	Hit Breakpoint(s) 0
	Call Stack: TreeNode, bottomUpTree, bottomUpTree, bottomUpTree, bottomUpTree, bottomUpTree, bottomUpTree 
	Bindings: item: number = -31
		left: object
		right: object
Paused at 17:0
	Hit Breakpoint(s) 4
	Call Stack: bottomUpTree, bottomUpTree, bottomUpTree, bottomUpTree, bottomUpTree, bottomUpTree 
	Bindings: depth: number = 2
		item: number = -30
Paused at 18:6
	Call Stack: bottomUpTree, bottomUpTree, bottomUpTree, bottomUpTree, bottomUpTree, bottomUpTree 
	Bindings: depth: number = 2
		item: number = -30
Paused at 17:0
	Hit Breakpoint(s) 4
	Call Stack: bottomUpTree, bottomUpTree, bottomUpTree, bottomUpTree, bottomUpTree, bottomUpTree, bottomUpTree 
	Bindings: depth: number = 1
		item: number = -61
Paused at 17:0
	Hit Breakpoint(s) 4
	Call Stack: bottomUpTree, bottomUpTree, bottomUpTree, bottomUpTree, bottomUpTree, bottomUpTree, bottomUpTree, bottomUpTree 
	Bindings: depth: number = 0
		item: number = -123
Paused at 25:6
	Call Stack: bottomUpTree, bottomUpTree, bottomUpTree, bottomUpTree, bottomUpTree, bottomUpTree, bottomUpTree, bottomUpTree 
	Bindings: depth: number = 0
		item: number = -123
Paused at 6:3
	Hit Breakpoint(s) 0
	Call Stack: TreeNode, bottomUpTree, bottomUpTree, bottomUpTree, bottomUpTree, bottomUpTree, bottomUpTree, bottomUpTree, bottomUpTree 
	Bindings: item: number = -123
		left: null
		right: null
Paused at 7:3
	Call Stack: TreeNode, bottomUpTree, bottomUpTree, bottomUpTree, bottomUpTree, bottomUpTree, bottomUpTree, bottomUpTree, bottomUpTree 
	Bindings: item: number = -123
		left: null
		right: null
Paused at 8:3
	Call Stack: TreeNode, bottomUpTree, bottomUpTree, bottomUpTree, bottomUpTree, bottomUpTree, bottomUpTree, bottomUpTree, bottomUpTree 
	Bindings: item: number = -123
		left: null
		right: null
Paused at 17:0
	Hit Breakpoint(s) 4
	Call Stack: bottomUpTree, bottomUpTree, bottomUpTree, bottomUpTree, bottomUpTree, bottomUpTree, bottomUpTree, bottomUpTree 
	Bindings: depth: number = 0
		item: number = -122
Paused at 25:6
	Call Stack: bottomUpTree, bottomUpTree, bottomUpTree, bottomUpTree, bottomUpTree, bottomUpTree, bottomUpTree, bottomUpTree 
	Bindings: depth: number = 0
		item: number = -122
Paused at 6:3
	Hit Breakpoint(s) 0
	Call Stack: TreeNode, bottomUpTree, bottomUpTree, bottomUpTree, bottomUpTree, bottomUpTree, bottomUpTree, bottomUpTree, bottomUpTree 
	Bindings: item: number = -122
		left: null
		right: null
Paused at 9:0
	Call Stack: TreeNode, bottomUpTree, bottomUpTree, bottomUpTree, bottomUpTree, bottomUpTree, bottomUpTree, bottomUpTree, bottomUpTree 
	Bindings: item: number = -122
		left: null
		right: null
Paused at 6:3
	Hit Breakpoint(s) 0
	Call Stack: TreeNode, bottomUpTree, bottomUpTree, bottomUpTree, bottomUpTree, bottomUpTree, bottomUpTree, bottomUpTree 
	Bindings: item: number = -61
		left: object
		right: object
Paused at 7:3
	Call Stack: TreeNode, bottomUpTree, bottomUpTree, bottomUpTree, bottomUpTree, bottomUpTree, bottomUpTree, bottomUpTree 
	Bindings: item: number = -61
		left: object
		right: object
Paused at 8:3
	Call Stack: TreeNode, bottomUpTree, bottomUpTree, bottomUpTree, bottomUpTree, bottomUpTree, bottomUpTree, bottomUpTree 
	Bindings: item: number = -61
		left: object
		right: object
Paused at 9:0
	Call Stack: TreeNode, bottomUpTree, bottomUpTree, bottomUpTree, bottomUpTree, bottomUpTree, bottomUpTree, bottomUpTree 
	Bindings: item: number = -61
		left: object
		right: object
Paused at 9:0
	Call Stack: TreeNode, bottomUpTree, bottomUpTree, bottomUpTree, bottomUpTree, bottomUpTree, bottomUpTree, bottomUpTree 
	Bindings: item: number = -61
		left: object
		right: object
Paused at 27:0
	Call Stack: bottomUpTree, bottomUpTree, bottomUpTree, bottomUpTree, bottomUpTree, bottomUpTree, bottomUpTree 
	Bindings: depth: number = 1
		item: number = -61
Paused at 27:0
	Call Stack: bottomUpTree, bottomUpTree, bottomUpTree, bottomUpTree, bottomUpTree, bottomUpTree, bottomUpTree 
	Bindings: depth: number = 1
		item: number = -61
Paused at 20:0
	Call Stack: bottomUpTree, bottomUpTree, bottomUpTree, bottomUpTree, bottomUpTree, bottomUpTree 
	Bindings: depth: number = 2
		item: number = -30
Paused at 17:0
	Hit Breakpoint(s) 4
	Call Stack: bottomUpTree, bottomUpTree, bottomUpTree, bottomUpTree, bottomUpTree, bottomUpTree, bottomUpTree 
	Bindings: depth: number = 1
		item: number = -60
Paused at 18:6
	Call Stack: bottomUpTree, bottomUpTree, bottomUpTree, bottomUpTree, bottomUpTree, bottomUpTree, bottomUpTree 
	Bindings: depth: number = 1
		item: number = -60
Paused at 17:0
	Hit Breakpoint(s) 4
	Call Stack: bottomUpTree, bottomUpTree, bottomUpTree, bottomUpTree, bottomUpTree, bottomUpTree, bottomUpTree, bottomUpTree 
	Bindings: depth: number = 0
		item: number = -121
Paused at 6:3
	Hit Breakpoint(s) 0
	Call Stack: TreeNode, bottomUpTree, bottomUpTree, bottomUpTree, bottomUpTree, bottomUpTree, bottomUpTree, bottomUpTree, bottomUpTree 
	Bindings: item: number = -121
		left: null
		right: null
Paused at 7:3
	Call Stack: TreeNode, bottomUpTree, bottomUpTree, bottomUpTree, bottomUpTree, bottomUpTree, bottomUpTree, bottomUpTree, bottomUpTree 
	Bindings: item: number = -121
		left: null
		right: null
Paused at 17:0
	Hit Breakpoint(s) 4
	Call Stack: bottomUpTree, bottomUpTree, bottomUpTree, bottomUpTree, bottomUpTree, bottomUpTree, bottomUpTree, bottomUpTree 
	Bindings: depth: number = 0
		item: number = -120
Paused at 6:3
	Hit Breakpoint(s) 0
	Call Stack: TreeNode, bottomUpTree, bottomUpTree, bottomUpTree, bottomUpTree, bottomUpTree, bottomUpTree, bottomUpTree, bottomUpTree 
	Bindings: item: number = -120
		left: null
		right: null
Paused at 7:3
	Call Stack: TreeNode, bottomUpTree, bottomUpTree, bottomUpTree, bottomUpTree, bottomUpTree, bottomUpTree, bottomUpTree, bottomUpTree 
	Bindings: item: number = -120
		left: null
		right: null
Paused at 9:0
	Call Stack: TreeNode, bottomUpTree, bottomUpTree, bottomUpTree, bottomUpTree, bottomUpTree, bottomUpTree, bottomUpTree, bottomUpTree 
	Bindings: item: number = -120
		left: null
		right: null
Paused at 6:3
	Hit Breakpoint(s) 0
	Call Stack: TreeNode, bottomUpTree, bottomUpTree, bottomUpTree, bottomUpTree, bottomUpTree, bottomUpTree, bottomUpTree 
	Bindings: item: number = -60
		left: object
		right: object
Paused at 7:3
	Call Stack: TreeNode, bottomUpTree, bottomUpTree, bottomUpTree, bottomUpTree, bottomUpTree, bottomUpTree, bottomUpTree 
	Bindings: item: number = -60
		left: object
		right: object
Paused at 9:0
	Call Stack: TreeNode, bottomUpTree, bottomUpTree, bottomUpTree, bottomUpTree, bottomUpTree, bottomUpTree, bottomUpTree 
	Bindings: item: number = -60
		left: object
		right: object
Paused at 6:3
	Hit Breakpoint(s) 0
	Call Stack: TreeNode, bottomUpTree, bottomUpTree, bottomUpTree, bottomUpTree, bottomUpTree, bottomUpTree 
	Bindings: item: number = -30
		left: object
		right: object
Paused at 9:0
	Call Stack: TreeNode, bottomUpTree, bottomUpTree, bottomUpTree, bottomUpTree, bottomUpTree, bottomUpTree 
	Bindings: item: number = -30
		left: object
		right: object
Paused at 27:0
	Call Stack: bottomUpTree, bottomUpTree, bottomUpTree, bottomUpTree, bottomUpTree, bottomUpTree 
	Bindings: depth: number = 2
		item: number = -30
Paused at 21:0
	Call Stack: bottomUpTree, bottomUpTree, bottomUpTree, bottomUpTree, bottomUpTree 
	Bindings: depth: number = 3
		item: number = -15
Paused at 18:13
	Call Stack: bottomUpTree, bottomUpTree, bottomUpTree, bottomUpTree, bottomUpTree 
	Bindings: depth: number = 3
		item: number = -15
Paused at 6:3
	Call Stack: TreeNode, bottomUpTree, bottomUpTree, bottomUpTree, bottomUpTree, bottomUpTree 
	Bindings: item: number = -15
		left: object
		right: object
Paused at 7:3
	Call Stack: TreeNode, bottomUpTree, bottomUpTree, bottomUpTree, bottomUpTree, bottomUpTree 
	Bindings: item: number = -15
		left: object
		right: object
Paused at 17:0
	Hit Breakpoint(s) 4
	Call Stack: bottomUpTree, bottomUpTree, bottomUpTree, bottomUpTree, bottomUpTree 
	Bindings: depth: number = 3
		item: number = -14
Paused at 18:6
	Call Stack: bottomUpTree, bottomUpTree, bottomUpTree, bottomUpTree, bottomUpTree 
	Bindings: depth: number = 3
		item: number = -14
Paused at 17:0
	Hit Breakpoint(s) 4
	Call Stack: bottomUpTree, bottomUpTree, bottomUpTree, bottomUpTree, bottomUpTree, bottomUpTree 
	Bindings: depth: number = 2
		item: number = -29
Paused at 17:0
	Hit Breakpoint(s) 4
	Call Stack: bottomUpTree, bottomUpTree, bottomUpTree, bottomUpTree, bottomUpTree, bottomUpTree, bottomUpTree 
	Bindings: depth: number = 1
		item: number = -59
Paused at 18:6
	Call Stack: bottomUpTree, bottomUpTree, bottomUpTree, bottomUpTree, bottomUpTree, bottomUpTree, bottomUpTree 
	Bindings: depth: number = 1
		item: number = -59
Paused at 19:0
	Call Stack: bottomUpTree, bottomUpTree, bottomUpTree, bottomUpTree, bottomUpTree, bottomUpTree, bottomUpTree 
	Bindings: depth: number = 1
		item: number = -59
Paused at 17:0
	Hit Breakpoint(s) 4
	Call Stack: bottomUpTree, bottomUpTree, bottomUpTree, bottomUpTree, bottomUpTree, bottomUpTree, bottomUpTree, bottomUpTree 
	Bindings: depth: number = 0
		item: number = -119
Paused at 6:3
	Hit Breakpoint(s) 0
	Call Stack: TreeNode, bottomUpTree, bottomUpTree, bottomUpTree, bottomUpTree, bottomUpTree, bottomUpTree, bottomUpTree, bottomUpTree 
	Bindings: item: number = -119
		left: null
		right: null
Paused at 7:3
	Call Stack: TreeNode, bottomUpTree, bottomUpTree, bottomUpTree, bottomUpTree, bottomUpTree, bottomUpTree, bottomUpTree, bottomUpTree 
	Bindings: item: number = -119
		left: null
		right: null
Paused at 8:3
	Call Stack: TreeNode, bottomUpTree, bottomUpTree, bottomUpTree, bottomUpTree, bottomUpTree, bottomUpTree, bottomUpTree, bottomUpTree 
	Bindings: item: number = -119
		left: null
		right: null
Paused at 9:0
	Call Stack: TreeNode, bottomUpTree, bottomUpTree, bottomUpTree, bottomUpTree, bottomUpTree, bottomUpTree, bottomUpTree, bottomUpTree 
	Bindings: item: number = -119
		left: null
		right: null
Paused at 17:0
	Hit Breakpoint(s) 4
	Call Stack: bottomUpTree, bottomUpTree, bottomUpTree, bottomUpTree, bottomUpTree, bottomUpTree, bottomUpTree, bottomUpTree 
	Bindings: depth: number = 0
		item: number = -118
Paused at 25:6
	Call Stack: bottomUpTree, bottomUpTree, bottomUpTree, bottomUpTree, bottomUpTree, bottomUpTree, bottomUpTree, bottomUpTree 
	Bindings: depth: number = 0
		item: number = -118
Paused at 6:3
	Hit Breakpoint(s) 0
	Call Stack: TreeNode, bottomUpTree, bottomUpTree, bottomUpTree, bottomUpTree, bottomUpTree, bottomUpTree, bottomUpTree, bottomUpTree 
	Bindings: item: number = -118
		left: null
		right: null
Paused at 7:3
	Call Stack: TreeNode, bottomUpTree, bottomUpTree, bottomUpTree, bottomUpTree, bottomUpTree, bottomUpTree, bottomUpTree, bottomUpTree 
	Bindings: item: number = -118
		left: null
		right: null
Paused at 8:3
	Call Stack: TreeNode, bottomUpTree, bottomUpTree, bottomUpTree, bottomUpTree, bottomUpTree, bottomUpTree, bottomUpTree, bottomUpTree 
	Bindings: item: number = -118
		left: null
		right: null
Paused at 9:0
	Call Stack: TreeNode, bottomUpTree, bottomUpTree, bottomUpTree, bottomUpTree, bottomUpTree, bottomUpTree, bottomUpTree, bottomUpTree 
	Bindings: item: number = -118
		left: null
		right: null
Paused at 9:0
	Call Stack: TreeNode, bottomUpTree, bottomUpTree, bottomUpTree, bottomUpTree, bottomUpTree, bottomUpTree, bottomUpTree, bottomUpTree 
	Bindings: item: number = -118
		left: null
		right: null
