Breakpoint 0 Set at 6:1
Breakpoint 1 Set at 8:1
Breakpoint 2 Set at 46:1
Breakpoint 3 Set at 40:1
Breakpoint 4 Set at 67:1
Breakpoint 5 Set at 21:1
Breakpoint 6 Set at 50:1
Paused at 6:7
	Hit Breakpoint(s) 0
	Call Stack: fannkuch 
	Bindings: check: undefined
		count: undefined
		flipsCount: undefined
		i: undefined
		j: undefined
		k: undefined
		k2: undefined
		m: undefined
		maxFlipsCount: undefined
		maxPerm: undefined
		n: number = 8
		perm: undefined
		perm0: undefined
		perm1: undefined
		r: undefined
		s: undefined
		temp: undefined
Paused at 8:7
	Hit Breakpoint(s) 1
	Call Stack: fannkuch 
	Bindings: check: number = 0
		count: undefined
		flipsCount: undefined
		i: undefined
		j: undefined
		k: undefined
		k2: undefined
		m: undefined
		maxFlipsCount: undefined
		maxPerm: undefined
		n: number = 8
		perm: array
		perm0: undefined
		perm1: undefined
		r: undefined
		s: undefined
		temp: undefined
Paused at 21:17
	Hit Breakpoint(s) 5
	Call Stack: fannkuch 
	Bindings: check: number = 0
		count: array
		flipsCount: undefined
		i: number = 8
		j: undefined
		k: undefined
		k2: undefined
		m: number = 7
		maxFlipsCount: number = 0
		maxPerm: array
		n: number = 8
		perm: array
		perm0: undefined
		perm1: array
		r: number = 8
		s: string = 
		temp: undefined
Paused at 22:9
	Call Stack: fannkuch 
	Bindings: check: number = 0
		count: array
		flipsCount: undefined
		i: number = 8
		j: undefined
		k: undefined
		k2: undefined
		m: number = 7
		maxFlipsCount: number = 0
		maxPerm: array
		n: number = 8
		perm: array
		perm0: undefined
		perm1: array
		r: number = 8
		s: string = 12345678
		temp: undefined
Paused at 25:6
	Call Stack: fannkuch 
	Bindings: check: number = 1
		count: array
		flipsCount: undefined
		i: number = 8
		j: undefined
		k: undefined
		k2: undefined
		m: number = 7
		maxFlipsCount: number = 0
		maxPerm: array
		n: number = 8
		perm: array
		perm0: undefined
		perm1: array
		r: number = 8
		s: string = 12345678
		temp: undefined
Paused at 46:13
	Hit Breakpoint(s) 2
	Call Stack: fannkuch 
	Bindings: check: number = 1
		count: array
		flipsCount: undefined
		i: number = 8
		j: undefined
		k: undefined
		k2: undefined
		m: number = 7
		maxFlipsCount: number = 0
		maxPerm: array
		n: number = 8
		perm: array
		perm0: undefined
		perm1: array
		r: number = 1
		s: string = 12345678
		temp: undefined
Paused at 50:16
	Hit Breakpoint(s) 6
	Call Stack: fannkuch 
	Bindings: check: number = 1
		count: array
		flipsCount: undefined
		i: number = 0
		j: undefined
		k: undefined
		k2: undefined
		m: number = 7
		maxFlipsCount: number = 0
		maxPerm: array
		n: number = 8
		perm: array
		perm0: number = 0
		perm1: array
		r: number = 1
		s: string = 12345678
		temp: undefined
Paused at 51:12
	Call Stack: fannkuch 
	Bindings: check: number = 1
		count: array
		flipsCount: undefined
		i: number = 0
		j: undefined
		k: undefined
		k2: undefined
		m: number = 7
		maxFlipsCount: number = 0
		maxPerm: array
		n: number = 8
		perm: array
		perm0: number = 0
		perm1: array
		r: number = 1
		s: string = 12345678
		temp: undefined
Paused at 52:12
	Call Stack: fannkuch 
	Bindings: check: number = 1
		count: array
		flipsCount: undefined
		i: number = 0
		j: number = 1
		k: undefined
		k2: undefined
		m: number = 7
		maxFlipsCount: number = 0
		maxPerm: array
		n: number = 8
		perm: array
		perm0: number = 0
		perm1: array
		r: number = 1
		s: string = 12345678
		temp: undefined
Paused at 50:16
	Hit Breakpoint(s) 6
	Call Stack: fannkuch 
	Bindings: check: number = 1
		count: array
		flipsCount: undefined
		i: number = 1
		j: number = 1
		k: undefined
		k2: undefined
		m: number = 7
		maxFlipsCount: number = 0
		maxPerm: array
		n: number = 8
		perm: array
		perm0: number = 0
		perm1: array
		r: number = 1
		s: string = 12345678
		temp: undefined
Paused at 21:17
	Hit Breakpoint(s) 5
	Call Stack: fannkuch 
	Bindings: check: number = 1
		count: array
		flipsCount: undefined
		i: number = 1
		j: number = 1
		k: undefined
		k2: undefined
		m: number = 7
		maxFlipsCount: number = 0
		maxPerm: array
		n: number = 8
		perm: array
		perm0: number = 0
		perm1: array
		r: number = 1
		s: string = 
		temp: undefined
Paused at 22:9
	Call Stack: fannkuch 
	Bindings: check: number = 1
		count: array
		flipsCount: undefined
		i: number = 8
		j: number = 1
		k: undefined
		k2: undefined
		m: number = 7
		maxFlipsCount: number = 0
		maxPerm: array
		n: number = 8
		perm: array
		perm0: number = 0
		perm1: array
		r: number = 1
		s: string = 21345678
		temp: undefined
Paused at 46:13
	Hit Breakpoint(s) 2
	Call Stack: fannkuch 
	Bindings: check: number = 2
		count: array
		flipsCount: undefined
		i: number = 8
		j: number = 1
		k: undefined
		k2: undefined
		m: number = 7
		maxFlipsCount: number = 0
		maxPerm: array
		n: number = 8
		perm: array
		perm0: number = 0
		perm1: array
		r: number = 1
		s: string = 21345678
		temp: undefined
Paused at 47:9
	Call Stack: fannkuch 
	Bindings: check: number = 2
		count: array
		flipsCount: undefined
		i: number = 8
		j: number = 1
		k: undefined
		k2: undefined
		m: number = 7
		maxFlipsCount: number = 0
		maxPerm: array
		n: number = 8
		perm: array
		perm0: number = 0
		perm1: array
		r: number = 1
		s: string = 21345678
		temp: undefined
Paused at 50:16
	Hit Breakpoint(s) 6
	Call Stack: fannkuch 
	Bindings: check: number = 2
		count: array
		flipsCount: undefined
		i: number = 0
		j: number = 1
		k: undefined
		k2: undefined
		m: number = 7
		maxFlipsCount: number = 0
		maxPerm: array
		n: number = 8
		perm: array
		perm0: number = 1
		perm1: array
		r: number = 1
		s: string = 21345678
		temp: undefined
Paused at 50:16
	Hit Breakpoint(s) 6
	Call Stack: fannkuch 
	Bindings: check: number = 2
		count: array
		flipsCount: undefined
		i: number = 1
		j: number = 1
		k: undefined
		k2: undefined
		m: number = 7
		maxFlipsCount: number = 0
		maxPerm: array
		n: number = 8
		perm: array
		perm0: number = 1
		perm1: array
		r: number = 1
		s: string = 21345678
		temp: undefined
Paused at 46:13
	Hit Breakpoint(s) 2
	Call Stack: fannkuch 
	Bindings: check: number = 2
		count: array
		flipsCount: undefined
		i: number = 1
		j: number = 1
		k: undefined
		k2: undefined
		m: number = 7
		maxFlipsCount: number = 0
		maxPerm: array
		n: number = 8
		perm: array
		perm0: number = 1
		perm1: array
		r: number = 2
		s: string = 21345678
		temp: undefined
Paused at 50:16
	Hit Breakpoint(s) 6
	Call Stack: fannkuch 
	Bindings: check: number = 2
		count: array
		flipsCount: undefined
		i: number = 0
		j: number = 1
		k: undefined
		k2: undefined
		m: number = 7
		maxFlipsCount: number = 0
		maxPerm: array
		n: number = 8
		perm: array
		perm0: number = 0
		perm1: array
		r: number = 2
		s: string = 21345678
		temp: undefined
Paused at 50:16
	Hit Breakpoint(s) 6
	Call Stack: fannkuch 
	Bindings: check: number = 2
		count: array
		flipsCount: undefined
		i: number = 1
		j: number = 1
		k: undefined
		k2: undefined
		m: number = 7
		maxFlipsCount: number = 0
		maxPerm: array
		n: number = 8
		perm: array
		perm0: number = 0
		perm1: array
		r: number = 2
		s: string = 21345678
		temp: undefined
Paused at 50:16
	Hit Breakpoint(s) 6
	Call Stack: fannkuch 
	Bindings: check: number = 2
		count: array
		flipsCount: undefined
		i: number = 2
		j: number = 2
		k: undefined
		k2: undefined
		m: number = 7
		maxFlipsCount: number = 0
		maxPerm: array
		n: number = 8
		perm: array
		perm0: number = 0
		perm1: array
		r: number = 2
		s: string = 21345678
		temp: undefined
Paused at 21:17
	Hit Breakpoint(s) 5
	Call Stack: fannkuch 
	Bindings: check: number = 2
		count: array
		flipsCount: undefined
		i: number = 2
		j: number = 2
		k: undefined
		k2: undefined
		m: number = 7
		maxFlipsCount: number = 0
		maxPerm: array
		n: number = 8
		perm: array
		perm0: number = 0
		perm1: array
		r: number = 2
		s: string = 
		temp: undefined
Paused at 22:9
	Call Stack: fannkuch 
	Bindings: check: number = 2
		count: array
		flipsCount: undefined
		i: number = 8
		j: number = 2
		k: undefined
		k2: undefined
		m: number = 7
		maxFlipsCount: number = 0
		maxPerm: array
		n: number = 8
		perm: array
		perm0: number = 0
		perm1: array
		r: number = 2
		s: string = 23145678
		temp: undefined
Paused at 46:13
	Hit Breakpoint(s) 2
	Call Stack: fannkuch 
	Bindings: check: number = 3
		count: array
		flipsCount: undefined
		i: number = 8
		j: number = 2
		k: undefined
		k2: undefined
		m: number = 7
		maxFlipsCount: number = 0
		maxPerm: array
		n: number = 8
		perm: array
		perm0: number = 0
		perm1: array
		r: number = 1
		s: string = 23145678
		temp: undefined
Paused at 50:16
	Hit Breakpoint(s) 6
	Call Stack: fannkuch 
	Bindings: check: number = 3
		count: array
		flipsCount: undefined
		i: number = 0
		j: number = 2
		k: undefined
		k2: undefined
		m: number = 7
		maxFlipsCount: number = 0
		maxPerm: array
		n: number = 8
		perm: array
		perm0: number = 1
		perm1: array
		r: number = 1
		s: string = 23145678
		temp: undefined
Paused at 51:12
	Call Stack: fannkuch 
	Bindings: check: number = 3
		count: array
		flipsCount: undefined
		i: number = 0
		j: number = 2
		k: undefined
		k2: undefined
		m: number = 7
		maxFlipsCount: number = 0
		maxPerm: array
		n: number = 8
		perm: array
		perm0: number = 1
		perm1: array
		r: number = 1
		s: string = 23145678
		temp: undefined
Paused at 50:16
	Hit Breakpoint(s) 6
	Call Stack: fannkuch 
	Bindings: check: number = 3
		count: array
		flipsCount: undefined
		i: number = 1
		j: number = 1
		k: undefined
		k2: undefined
		m: number = 7
		maxFlipsCount: number = 0
		maxPerm: array
		n: number = 8
		perm: array
		perm0: number = 1
		perm1: array
		r: number = 1
		s: string = 23145678
		temp: undefined
Paused at 55:9
	Call Stack: fannkuch 
	Bindings: check: number = 3
		count: array
		flipsCount: undefined
		i: number = 1
		j: number = 1
		k: undefined
		k2: undefined
		m: number = 7
		maxFlipsCount: number = 0
		maxPerm: array
		n: number = 8
		perm: array
		perm0: number = 1
		perm1: array
		r: number = 1
		s: string = 23145678
		temp: undefined
Paused at 57:9
	Call Stack: fannkuch 
	Bindings: check: number = 3
		count: array
		flipsCount: undefined
		i: number = 1
		j: number = 1
		k: undefined
		k2: undefined
		m: number = 7
		maxFlipsCount: number = 0
		maxPerm: array
		n: number = 8
		perm: array
		perm0: number = 1
		perm1: array
		r: number = 1
		s: string = 23145678
		temp: undefined
Paused at 21:17
	Hit Breakpoint(s) 5
	Call Stack: fannkuch 
	Bindings: check: number = 3
		count: array
		flipsCount: undefined
		i: number = 1
		j: number = 1
		k: undefined
		k2: undefined
		m: number = 7
		maxFlipsCount: number = 0
		maxPerm: array
		n: number = 8
		perm: array
		perm0: number = 1
		perm1: array
		r: number = 1
		s: string = 
		temp: undefined
Paused at 46:13
	Hit Breakpoint(s) 2
	Call Stack: fannkuch 
	Bindings: check: number = 4
		count: array
		flipsCount: undefined
		i: number = 8
		j: number = 1
		k: undefined
		k2: undefined
		m: number = 7
		maxFlipsCount: number = 0
		maxPerm: array
		n: number = 8
		perm: array
		perm0: number = 1
		perm1: array
		r: number = 1
		s: string = 32145678
		temp: undefined
Paused at 50:16
	Hit Breakpoint(s) 6
	Call Stack: fannkuch 
	Bindings: check: number = 4
		count: array
		flipsCount: undefined
		i: number = 0
		j: number = 1
		k: undefined
		k2: undefined
		m: number = 7
		maxFlipsCount: number = 0
		maxPerm: array
		n: number = 8
		perm: array
		perm0: number = 2
		perm1: array
		r: number = 1
		s: string = 32145678
		temp: undefined
Paused at 50:16
	Hit Breakpoint(s) 6
	Call Stack: fannkuch 
	Bindings: check: number = 4
		count: array
		flipsCount: undefined
		i: number = 1
		j: number = 1
		k: undefined
		k2: undefined
		m: number = 7
		maxFlipsCount: number = 0
		maxPerm: array
		n: number = 8
		perm: array
		perm0: number = 2
		perm1: array
		r: number = 1
		s: string = 32145678
		temp: undefined
Paused at 46:13
	Hit Breakpoint(s) 2
	Call Stack: fannkuch 
	Bindings: check: number = 4
		count: array
		flipsCount: undefined
		i: number = 1
		j: number = 1
		k: undefined
		k2: undefined
		m: number = 7
		maxFlipsCount: number = 0
		maxPerm: array
		n: number = 8
		perm: array
		perm0: number = 2
		perm1: array
		r: number = 2
		s: string = 32145678
		temp: undefined
Paused at 47:9
	Call Stack: fannkuch 
	Bindings: check: number = 4
		count: array
		flipsCount: undefined
		i: number = 1
		j: number = 1
		k: undefined
		k2: undefined
		m: number = 7
		maxFlipsCount: number = 0
		maxPerm: array
		n: number = 8
		perm: array
		perm0: number = 2
		perm1: array
		r: number = 2
		s: string = 32145678
		temp: undefined
Paused at 48:13
	Call Stack: fannkuch 
	Bindings: check: number = 4
		count: array
		flipsCount: undefined
		i: number = 1
		j: number = 1
		k: undefined
		k2: undefined
		m: number = 7
		maxFlipsCount: number = 0
		maxPerm: array
		n: number = 8
		perm: array
		perm0: number = 2
		perm1: array
		r: number = 2
		s: string = 32145678
		temp: undefined
Paused at 49:13
	Call Stack: fannkuch 
	Bindings: check: number = 4
		count: array
		flipsCount: undefined
		i: number = 1
		j: number = 1
		k: undefined
		k2: undefined
		m: number = 7
		maxFlipsCount: number = 0
		maxPerm: array
		n: number = 8
		perm: array
		perm0: number = 1
		perm1: array
		r: number = 2
		s: string = 32145678
		temp: undefined
Paused at 50:16
	Call Stack: fannkuch 
	Bindings: check: number = 4
		count: array
		flipsCount: undefined
		i: number = 0
		j: number = 1
		k: undefined
		k2: undefined
		m: number = 7
		maxFlipsCount: number = 0
		maxPerm: array
		n: number = 8
		perm: array
		perm0: number = 1
		perm1: array
		r: number = 2
		s: string = 32145678
		temp: undefined
Paused at 50:16
	Hit Breakpoint(s) 6
	Call Stack: fannkuch 
	Bindings: check: number = 4
		count: array
		flipsCount: undefined
		i: number = 0
		j: number = 1
		k: undefined
		k2: undefined
		m: number = 7
		maxFlipsCount: number = 0
		maxPerm: array
		n: number = 8
		perm: array
		perm0: number = 1
		perm1: array
		r: number = 2
		s: string = 32145678
		temp: undefined
Paused at 51:12
	Call Stack: fannkuch 
	Bindings: check: number = 4
		count: array
		flipsCount: undefined
		i: number = 0
		j: number = 1
		k: undefined
		k2: undefined
		m: number = 7
		maxFlipsCount: number = 0
		maxPerm: array
		n: number = 8
		perm: array
		perm0: number = 1
		perm1: array
		r: number = 2
		s: string = 32145678
		temp: undefined
Paused at 50:16
	Hit Breakpoint(s) 6
	Call Stack: fannkuch 
	Bindings: check: number = 4
		count: array
		flipsCount: undefined
		i: number = 1
		j: number = 1
		k: undefined
		k2: undefined
		m: number = 7
		maxFlipsCount: number = 0
		maxPerm: array
		n: number = 8
		perm: array
		perm0: number = 1
		perm1: array
		r: number = 2
		s: string = 32145678
		temp: undefined
Paused at 50:16
	Hit Breakpoint(s) 6
	Call Stack: fannkuch 
	Bindings: check: number = 4
		count: array
		flipsCount: undefined
		i: number = 2
		j: number = 2
		k: undefined
		k2: undefined
		m: number = 7
		maxFlipsCount: number = 0
		maxPerm: array
		n: number = 8
		perm: array
		perm0: number = 1
		perm1: array
		r: number = 2
		s: string = 32145678
		temp: undefined
Paused at 55:9
	Call Stack: fannkuch 
	Bindings: check: number = 4
		count: array
		flipsCount: undefined
		i: number = 2
		j: number = 2
		k: undefined
		k2: undefined
		m: number = 7
		maxFlipsCount: number = 0
		maxPerm: array
		n: number = 8
		perm: array
		perm0: number = 1
		perm1: array
		r: number = 2
		s: string = 32145678
		temp: undefined
Paused at 21:17
	Hit Breakpoint(s) 5
	Call Stack: fannkuch 
	Bindings: check: number = 4
		count: array
		flipsCount: undefined
		i: number = 2
		j: number = 2
		k: undefined
		k2: undefined
		m: number = 7
		maxFlipsCount: number = 0
		maxPerm: array
		n: number = 8
		perm: array
		perm0: number = 1
		perm1: array
		r: number = 2
		s: string = 
		temp: undefined
Paused at 46:13
	Hit Breakpoint(s) 2
	Call Stack: fannkuch 
	Bindings: check: number = 5
		count: array
		flipsCount: undefined
		i: number = 8
		j: number = 2
		k: undefined
		k2: undefined
		m: number = 7
		maxFlipsCount: number = 0
		maxPerm: array
		n: number = 8
		perm: array
		perm0: number = 1
		perm1: array
		r: number = 1
		s: string = 31245678
		temp: undefined
Paused at 50:16
	Hit Breakpoint(s) 6
	Call Stack: fannkuch 
	Bindings: check: number = 5
		count: array
		flipsCount: undefined
		i: number = 0
		j: number = 2
		k: undefined
		k2: undefined
		m: number = 7
		maxFlipsCount: number = 0
		maxPerm: array
		n: number = 8
		perm: array
		perm0: number = 2
		perm1: array
		r: number = 1
		s: string = 31245678
		temp: undefined
Paused at 51:12
	Call Stack: fannkuch 
	Bindings: check: number = 5
		count: array
		flipsCount: undefined
		i: number = 0
		j: number = 2
		k: undefined
		k2: undefined
		m: number = 7
		maxFlipsCount: number = 0
		maxPerm: array
		n: number = 8
		perm: array
		perm0: number = 2
		perm1: array
		r: number = 1
		s: string = 31245678
		temp: undefined
Paused at 50:16
	Hit Breakpoint(s) 6
	Call Stack: fannkuch 
	Bindings: check: number = 5
		count: array
		flipsCount: undefined
		i: number = 1
		j: number = 1
		k: undefined
		k2: undefined
		m: number = 7
		maxFlipsCount: number = 0
		maxPerm: array
		n: number = 8
		perm: array
		perm0: number = 2
		perm1: array
		r: number = 1
		s: string = 31245678
		temp: undefined
Paused at 21:17
	Hit Breakpoint(s) 5
	Call Stack: fannkuch 
	Bindings: check: number = 5
		count: array
		flipsCount: undefined
		i: number = 1
		j: number = 1
		k: undefined
		k2: undefined
		m: number = 7
		maxFlipsCount: number = 0
		maxPerm: array
		n: number = 8
		perm: array
		perm0: number = 2
		perm1: array
		r: number = 1
		s: string = 
		temp: undefined
Paused at 22:9
	Call Stack: fannkuch 
	Bindings: check: number = 5
		count: array
		flipsCount: undefined
		i: number = 8
		j: number = 1
		k: undefined
		k2: undefined
		m: number = 7
		maxFlipsCount: number = 0
		maxPerm: array
		n: number = 8
		perm: array
		perm0: number = 2
		perm1: array
		r: number = 1
		s: string = 13245678
		temp: undefined
Paused at 25:6
	Call Stack: fannkuch 
	Bindings: check: number = 6
		count: array
		flipsCount: undefined
		i: number = 8
		j: number = 1
		k: undefined
		k2: undefined
		m: number = 7
		maxFlipsCount: number = 0
		maxPerm: array
		n: number = 8
		perm: array
		perm0: number = 2
		perm1: array
		r: number = 1
		s: string = 13245678
		temp: undefined
Paused at 26:10
	Call Stack: fannkuch 
	Bindings: check: number = 6
		count: array
		flipsCount: undefined
		i: number = 8
		j: number = 1
		k: undefined
		k2: undefined
		m: number = 7
		maxFlipsCount: number = 0
		maxPerm: array
		n: number = 8
		perm: array
		perm0: number = 2
		perm1: array
		r: number = 1
		s: string = 13245678
		temp: undefined
Paused at 46:13
	Call Stack: fannkuch 
	Bindings: check: number = 6
		count: array
		flipsCount: undefined
		i: number = 8
		j: number = 1
		k: undefined
		k2: undefined
		m: number = 7
		maxFlipsCount: number = 0
		maxPerm: array
		n: number = 8
		perm: array
		perm0: number = 2
		perm1: array
		r: number = 1
		s: string = 13245678
		temp: undefined
Paused at 46:13
	Hit Breakpoint(s) 2
	Call Stack: fannkuch 
	Bindings: check: number = 6
		count: array
		flipsCount: undefined
		i: number = 8
		j: number = 1
		k: undefined
		k2: undefined
		m: number = 7
		maxFlipsCount: number = 0
		maxPerm: array
		n: number = 8
		perm: array
		perm0: number = 2
		perm1: array
		r: number = 1
		s: string = 13245678
		temp: undefined
Paused at 47:9
	Call Stack: fannkuch 
	Bindings: check: number = 6
		count: array
		flipsCount: undefined
		i: number = 8
		j: number = 1
		k: undefined
		k2: undefined
		m: number = 7
		maxFlipsCount: number = 0
		maxPerm: array
		n: number = 8
		perm: array
		perm0: number = 2
		perm1: array
		r: number = 1
		s: string = 13245678
		temp: undefined
Paused at 50:16
	Hit Breakpoint(s) 6
	Call Stack: fannkuch 
	Bindings: check: number = 6
		count: array
		flipsCount: undefined
		i: number = 0
		j: number = 1
		k: undefined
		k2: undefined
		m: number = 7
		maxFlipsCount: number = 0
		maxPerm: array
		n: number = 8
		perm: array
		perm0: number = 0
		perm1: array
		r: number = 1
		s: string = 13245678
		temp: undefined
Paused at 50:16
	Hit Breakpoint(s) 6
	Call Stack: fannkuch 
	Bindings: check: number = 6
		count: array
		flipsCount: undefined
		i: number = 1
		j: number = 1
		k: undefined
		k2: undefined
		m: number = 7
		maxFlipsCount: number = 0
		maxPerm: array
		n: number = 8
		perm: array
		perm0: number = 0
		perm1: array
		r: number = 1
		s: string = 13245678
		temp: undefined
Paused at 46:13
	Hit Breakpoint(s) 2
	Call Stack: fannkuch 
	Bindings: check: number = 6
		count: array
		flipsCount: undefined
		i: number = 1
		j: number = 1
		k: undefined
		k2: undefined
		m: number = 7
		maxFlipsCount: number = 0
		maxPerm: array
		n: number = 8
		perm: array
		perm0: number = 0
		perm1: array
		r: number = 2
		s: string = 13245678
		temp: undefined
Paused at 47:9
	Call Stack: fannkuch 
	Bindings: check: number = 6
		count: array
		flipsCount: undefined
		i: number = 1
		j: number = 1
		k: undefined
		k2: undefined
		m: number = 7
		maxFlipsCount: number = 0
		maxPerm: array
		n: number = 8
		perm: array
		perm0: number = 0
		perm1: array
		r: number = 2
		s: string = 13245678
		temp: undefined
Paused at 48:13
	Call Stack: fannkuch 
	Bindings: check: number = 6
		count: array
		flipsCount: undefined
		i: number = 1
		j: number = 1
		k: undefined
		k2: undefined
		m: number = 7
		maxFlipsCount: number = 0
		maxPerm: array
		n: number = 8
		perm: array
		perm0: number = 0
		perm1: array
		r: number = 2
		s: string = 13245678
		temp: undefined
Paused at 49:13
	Call Stack: fannkuch 
	Bindings: check: number = 6
		count: array
		flipsCount: undefined
		i: number = 1
		j: number = 1
		k: undefined
		k2: undefined
		m: number = 7
		maxFlipsCount: number = 0
		maxPerm: array
		n: number = 8
		perm: array
		perm0: number = 2
		perm1: array
		r: number = 2
		s: string = 13245678
		temp: undefined
Paused at 50:16
	Call Stack: fannkuch 
	Bindings: check: number = 6
		count: array
		flipsCount: undefined
		i: number = 0
		j: number = 1
		k: undefined
		k2: undefined
		m: number = 7
		maxFlipsCount: number = 0
		maxPerm: array
		n: number = 8
		perm: array
		perm0: number = 2
		perm1: array
		r: number = 2
		s: string = 13245678
		temp: undefined
Paused at 51:12
	Call Stack: fannkuch 
	Bindings: check: number = 6
		count: array
		flipsCount: undefined
		i: number = 0
		j: number = 1
		k: undefined
		k2: undefined
		m: number = 7
		maxFlipsCount: number = 0
		maxPerm: array
		n: number = 8
		perm: array
		perm0: number = 2
		perm1: array
		r: number = 2
		s: string = 13245678
		temp: undefined
Paused at 52:12
	Call Stack: fannkuch 
	Bindings: check: number = 6
		count: array
		flipsCount: undefined
		i: number = 0
		j: number = 1
		k: undefined
		k2: undefined
		m: number = 7
		maxFlipsCount: number = 0
		maxPerm: array
		n: number = 8
		perm: array
		perm0: number = 2
		perm1: array
		r: number = 2
		s: string = 13245678
		temp: undefined
Paused at 53:12
	Call Stack: fannkuch 
	Bindings: check: number = 6
		count: array
		flipsCount: undefined
		i: number = 0
		j: number = 1
		k: undefined
		k2: undefined
		m: number = 7
		maxFlipsCount: number = 0
		maxPerm: array
		n: number = 8
		perm: array
		perm0: number = 2
		perm1: array
		r: number = 2
		s: string = 13245678
		temp: undefined
Paused at 50:16
	Hit Breakpoint(s) 6
	Call Stack: fannkuch 
	Bindings: check: number = 6
		count: array
		flipsCount: undefined
		i: number = 1
		j: number = 1
		k: undefined
		k2: undefined
		m: number = 7
		maxFlipsCount: number = 0
		maxPerm: array
		n: number = 8
		perm: array
		perm0: number = 2
		perm1: array
		r: number = 2
		s: string = 13245678
		temp: undefined
Paused at 51:12
	Call Stack: fannkuch 
	Bindings: check: number = 6
		count: array
		flipsCount: undefined
		i: number = 1
		j: number = 1
		k: undefined
		k2: undefined
		m: number = 7
		maxFlipsCount: number = 0
		maxPerm: array
		n: number = 8
		perm: array
		perm0: number = 2
		perm1: array
		r: number = 2
		s: string = 13245678
		temp: undefined
Paused at 50:16
	Hit Breakpoint(s) 6
	Call Stack: fannkuch 
	Bindings: check: number = 6
		count: array
		flipsCount: undefined
		i: number = 2
		j: number = 2
		k: undefined
		k2: undefined
		m: number = 7
		maxFlipsCount: number = 0
		maxPerm: array
		n: number = 8
		perm: array
		perm0: number = 2
		perm1: array
		r: number = 2
		s: string = 13245678
		temp: undefined
Paused at 46:13
	Hit Breakpoint(s) 2
	Call Stack: fannkuch 
	Bindings: check: number = 6
		count: array
		flipsCount: undefined
		i: number = 2
		j: number = 2
		k: undefined
		k2: undefined
		m: number = 7
		maxFlipsCount: number = 0
		maxPerm: array
		n: number = 8
		perm: array
		perm0: number = 2
		perm1: array
		r: number = 3
		s: string = 13245678
		temp: undefined
Paused at 47:9
	Call Stack: fannkuch 
	Bindings: check: number = 6
		count: array
		flipsCount: undefined
		i: number = 2
		j: number = 2
		k: undefined
		k2: undefined
		m: number = 7
		maxFlipsCount: number = 0
		maxPerm: array
		n: number = 8
		perm: array
		perm0: number = 2
		perm1: array
		r: number = 3
		s: string = 13245678
		temp: undefined
Paused at 50:16
	Hit Breakpoint(s) 6
	Call Stack: fannkuch 
	Bindings: check: number = 6
		count: array
		flipsCount: undefined
		i: number = 0
		j: number = 2
		k: undefined
		k2: undefined
		m: number = 7
		maxFlipsCount: number = 0
		maxPerm: array
		n: number = 8
		perm: array
		perm0: number = 0
		perm1: array
		r: number = 3
		s: string = 13245678
		temp: undefined
Paused at 50:16
	Hit Breakpoint(s) 6
	Call Stack: fannkuch 
	Bindings: check: number = 6
		count: array
		flipsCount: undefined
		i: number = 1
		j: number = 1
		k: undefined
		k2: undefined
		m: number = 7
		maxFlipsCount: number = 0
		maxPerm: array
		n: number = 8
		perm: array
		perm0: number = 0
		perm1: array
		r: number = 3
		s: string = 13245678
		temp: undefined
Paused at 51:12
	Call Stack: fannkuch 
	Bindings: check: number = 6
		count: array
		flipsCount: undefined
		i: number = 1
		j: number = 1
		k: undefined
		k2: undefined
		m: number = 7
		maxFlipsCount: number = 0
		maxPerm: array
		n: number = 8
		perm: array
		perm0: number = 0
		perm1: array
		r: number = 3
		s: string = 13245678
		temp: undefined
Paused at 50:16
	Hit Breakpoint(s) 6
	Call Stack: fannkuch 
	Bindings: check: number = 6
		count: array
		flipsCount: undefined
		i: number = 2
		j: number = 2
		k: undefined
		k2: undefined
		m: number = 7
		maxFlipsCount: number = 0
		maxPerm: array
		n: number = 8
		perm: array
		perm0: number = 0
		perm1: array
		r: number = 3
		s: string = 13245678
		temp: undefined
Paused at 50:16
	Hit Breakpoint(s) 6
	Call Stack: fannkuch 
	Bindings: check: number = 6
		count: array
		flipsCount: undefined
		i: number = 3
		j: number = 3
		k: undefined
		k2: undefined
		m: number = 7
		maxFlipsCount: number = 0
		maxPerm: array
		n: number = 8
		perm: array
		perm0: number = 0
		perm1: array
		r: number = 3
		s: string = 13245678
		temp: undefined
Paused at 55:9
	Call Stack: fannkuch 
	Bindings: check: number = 6
		count: array
		flipsCount: undefined
		i: number = 3
		j: number = 3
		k: undefined
		k2: undefined
		m: number = 7
		maxFlipsCount: number = 0
		maxPerm: array
		n: number = 8
		perm: array
		perm0: number = 0
		perm1: array
		r: number = 3
		s: string = 13245678
		temp: undefined
Paused at 21:17
	Hit Breakpoint(s) 5
	Call Stack: fannkuch 
	Bindings: check: number = 6
		count: array
		flipsCount: undefined
		i: number = 3
		j: number = 3
		k: undefined
		k2: undefined
		m: number = 7
		maxFlipsCount: number = 0
		maxPerm: array
		n: number = 8
		perm: array
		perm0: number = 0
		perm1: array
		r: number = 3
		s: string = 
		temp: undefined
Paused at 46:13
	Hit Breakpoint(s) 2
	Call Stack: fannkuch 
	Bindings: check: number = 7
		count: array
		flipsCount: undefined
		i: number = 8
		j: number = 3
		k: undefined
		k2: undefined
		m: number = 7
		maxFlipsCount: number = 0
		maxPerm: array
		n: number = 8
		perm: array
		perm0: number = 0
		perm1: array
		r: number = 1
		s: string = 23415678
		temp: undefined
Paused at 50:16
	Hit Breakpoint(s) 6
	Call Stack: fannkuch 
	Bindings: check: number = 7
		count: array
		flipsCount: undefined
		i: number = 0
		j: number = 3
		k: undefined
		k2: undefined
		m: number = 7
		maxFlipsCount: number = 0
		maxPerm: array
		n: number = 8
		perm: array
		perm0: number = 1
		perm1: array
		r: number = 1
		s: string = 23415678
		temp: undefined
Paused at 50:16
	Hit Breakpoint(s) 6
	Call Stack: fannkuch 
	Bindings: check: number = 7
		count: array
		flipsCount: undefined
		i: number = 1
		j: number = 1
		k: undefined
		k2: undefined
		m: number = 7
		maxFlipsCount: number = 0
		maxPerm: array
		n: number = 8
		perm: array
		perm0: number = 1
		perm1: array
		r: number = 1
		s: string = 23415678
		temp: undefined
Paused at 55:9
	Call Stack: fannkuch 
	Bindings: check: number = 7
		count: array
		flipsCount: undefined
		i: number = 1
		j: number = 1
		k: undefined
		k2: undefined
		m: number = 7
		maxFlipsCount: number = 0
		maxPerm: array
		n: number = 8
		perm: array
		perm0: number = 1
		perm1: array
		r: number = 1
		s: string = 23415678
		temp: undefined
Paused at 57:9
	Call Stack: fannkuch 
	Bindings: check: number = 7
		count: array
		flipsCount: undefined
		i: number = 1
		j: number = 1
		k: undefined
		k2: undefined
		m: number = 7
		maxFlipsCount: number = 0
		maxPerm: array
		n: number = 8
		perm: array
		perm0: number = 1
		perm1: array
		r: number = 1
		s: string = 23415678
		temp: undefined
Paused at 58:0
	Call Stack: fannkuch 
	Bindings: check: number = 7
		count: array
		flipsCount: undefined
		i: number = 1
		j: number = 1
		k: undefined
		k2: undefined
		m: number = 7
		maxFlipsCount: number = 0
		maxPerm: array
		n: number = 8
		perm: array
		perm0: number = 1
		perm1: array
		r: number = 1
		s: string = 23415678
		temp: undefined
Paused at 17:10
	Call Stack: fannkuch 
	Bindings: check: number = 7
		count: array
		flipsCount: undefined
		i: number = 1
		j: number = 1
		k: undefined
		k2: undefined
		m: number = 7
		maxFlipsCount: number = 0
		maxPerm: array
		n: number = 8
		perm: array
		perm0: number = 1
		perm1: array
		r: number = 1
		s: string = 23415678
		temp: undefined
Paused at 21:17
	Hit Breakpoint(s) 5
	Call Stack: fannkuch 
	Bindings: check: number = 7
		count: array
		flipsCount: undefined
		i: number = 1
		j: number = 1
		k: undefined
		k2: undefined
		m: number = 7
		maxFlipsCount: number = 0
		maxPerm: array
		n: number = 8
		perm: array
		perm0: number = 1
		perm1: array
		r: number = 1
		s: string = 
		temp: undefined
Paused at 22:9
	Call Stack: fannkuch 
	Bindings: check: number = 7
		count: array
		flipsCount: undefined
		i: number = 8
		j: number = 1
		k: undefined
		k2: undefined
		m: number = 7
		maxFlipsCount: number = 0
		maxPerm: array
		n: number = 8
		perm: array
		perm0: number = 1
		perm1: array
		r: number = 1
		s: string = 32415678
		temp: undefined
Paused at 46:13
	Hit Breakpoint(s) 2
	Call Stack: fannkuch 
	Bindings: check: number = 8
		count: array
		flipsCount: undefined
		i: number = 8
		j: number = 1
		k: undefined
		k2: undefined
		m: number = 7
		maxFlipsCount: number = 0
		maxPerm: array
		n: number = 8
		perm: array
		perm0: number = 1
		perm1: array
		r: number = 1
		s: string = 32415678
		temp: undefined
Paused at 50:16
	Hit Breakpoint(s) 6
	Call Stack: fannkuch 
	Bindings: check: number = 8
		count: array
		flipsCount: undefined
		i: number = 0
		j: number = 1
		k: undefined
		k2: undefined
		m: number = 7
		maxFlipsCount: number = 0
		maxPerm: array
		n: number = 8
		perm: array
		perm0: number = 2
		perm1: array
		r: number = 1
		s: string = 32415678
		temp: undefined
Paused at 51:12
	Call Stack: fannkuch 
	Bindings: check: number = 8
		count: array
		flipsCount: undefined
		i: number = 0
		j: number = 1
		k: undefined
		k2: undefined
		m: number = 7
		maxFlipsCount: number = 0
		maxPerm: array
		n: number = 8
		perm: array
		perm0: number = 2
		perm1: array
		r: number = 1
		s: string = 32415678
		temp: undefined
Paused at 52:12
	Call Stack: fannkuch 
	Bindings: check: number = 8
		count: array
		flipsCount: undefined
		i: number = 0
		j: number = 1
		k: undefined
		k2: undefined
		m: number = 7
		maxFlipsCount: number = 0
		maxPerm: array
		n: number = 8
		perm: array
		perm0: number = 2
		perm1: array
		r: number = 1
		s: string = 32415678
		temp: undefined
Paused at 50:16
	Hit Breakpoint(s) 6
	Call Stack: fannkuch 
	Bindings: check: number = 8
		count: array
		flipsCount: undefined
		i: number = 1
		j: number = 1
		k: undefined
		k2: undefined
		m: number = 7
		maxFlipsCount: number = 0
		maxPerm: array
		n: number = 8
		perm: array
		perm0: number = 2
		perm1: array
		r: number = 1
		s: string = 32415678
		temp: undefined
Paused at 46:13
	Hit Breakpoint(s) 2
	Call Stack: fannkuch 
	Bindings: check: number = 8
		count: array
		flipsCount: undefined
		i: number = 1
		j: number = 1
		k: undefined
		k2: undefined
		m: number = 7
		maxFlipsCount: number = 0
		maxPerm: array
		n: number = 8
		perm: array
		perm0: number = 2
		perm1: array
		r: number = 2
		s: string = 32415678
		temp: undefined
Paused at 47:9
	Call Stack: fannkuch 
	Bindings: check: number = 8
		count: array
		flipsCount: undefined
		i: number = 1
		j: number = 1
		k: undefined
		k2: undefined
		m: number = 7
		maxFlipsCount: number = 0
		maxPerm: array
		n: number = 8
		perm: array
		perm0: number = 2
		perm1: array
		r: number = 2
		s: string = 32415678
		temp: undefined
Paused at 48:13
	Call Stack: fannkuch 
	Bindings: check: number = 8
		count: array
		flipsCount: undefined
		i: number = 1
		j: number = 1
		k: undefined
		k2: undefined
		m: number = 7
		maxFlipsCount: number = 0
		maxPerm: array
		n: number = 8
		perm: array
		perm0: number = 2
		perm1: array
		r: number = 2
		s: string = 32415678
		temp: undefined
Paused at 49:13
	Call Stack: fannkuch 
	Bindings: check: number = 8
		count: array
		flipsCount: undefined
		i: number = 1
		j: number = 1
		k: undefined
		k2: undefined
		m: number = 7
		maxFlipsCount: number = 0
		maxPerm: array
		n: number = 8
		perm: array
		perm0: number = 1
		perm1: array
		r: number = 2
		s: string = 32415678
		temp: undefined
Paused at 50:16
	Hit Breakpoint(s) 6
	Call Stack: fannkuch 
	Bindings: check: number = 8
		count: array
		flipsCount: undefined
		i: number = 0
		j: number = 1
		k: undefined
		k2: undefined
		m: number = 7
		maxFlipsCount: number = 0
		maxPerm: array
		n: number = 8
		perm: array
		perm0: number = 1
		perm1: array
		r: number = 2
		s: string = 32415678
		temp: undefined
Paused at 51:12
	Call Stack: fannkuch 
	Bindings: check: number = 8
		count: array
		flipsCount: undefined
		i: number = 0
		j: number = 1
		k: undefined
		k2: undefined
		m: number = 7
		maxFlipsCount: number = 0
		maxPerm: array
		n: number = 8
		perm: array
		perm0: number = 1
		perm1: array
		r: number = 2
		s: string = 32415678
		temp: undefined
Paused at 50:16
	Hit Breakpoint(s) 6
	Call Stack: fannkuch 
	Bindings: check: number = 8
		count: array
		flipsCount: undefined
		i: number = 1
		j: number = 1
		k: undefined
		k2: undefined
		m: number = 7
		maxFlipsCount: number = 0
		maxPerm: array
		n: number = 8
		perm: array
		perm0: number = 1
		perm1: array
		r: number = 2
		s: string = 32415678
		temp: undefined
Paused at 51:12
	Call Stack: fannkuch 
	Bindings: check: number = 8
		count: array
		flipsCount: undefined
		i: number = 1
		j: number = 1
		k: undefined
		k2: undefined
		m: number = 7
		maxFlipsCount: number = 0
		maxPerm: array
		n: number = 8
		perm: array
		perm0: number = 1
		perm1: array
		r: number = 2
		s: string = 32415678
		temp: undefined
Paused at 52:12
	Call Stack: fannkuch 
	Bindings: check: number = 8
		count: array
		flipsCount: undefined
		i: number = 1
		j: number = 2
		k: undefined
		k2: undefined
		m: number = 7
		maxFlipsCount: number = 0
		maxPerm: array
		n: number = 8
		perm: array
		perm0: number = 1
		perm1: array
		r: number = 2
		s: string = 32415678
		temp: undefined
Paused at 53:12
	Call Stack: fannkuch 
	Bindings: check: number = 8
		count: array
		flipsCount: undefined
		i: number = 1
		j: number = 2
		k: undefined
		k2: undefined
		m: number = 7
		maxFlipsCount: number = 0
		maxPerm: array
		n: number = 8
		perm: array
		perm0: number = 1
		perm1: array
		r: number = 2
		s: string = 32415678
		temp: undefined
Paused at 50:16
	Hit Breakpoint(s) 6
	Call Stack: fannkuch 
	Bindings: check: number = 8
		count: array
		flipsCount: undefined
		i: number = 2
		j: number = 2
		k: undefined
		k2: undefined
		m: number = 7
		maxFlipsCount: number = 0
		maxPerm: array
		n: number = 8
		perm: array
		perm0: number = 1
		perm1: array
		r: number = 2
		s: string = 32415678
		temp: undefined
