request breakpoint   0 at line  16
                   set at line  39
request breakpoint   1 at line  19
                   set at line  39
request breakpoint   1 at line   8
                   set at line   8
request breakpoint   2 at line   4
                   set at line   4
request breakpoint   3 at line  60
                   set at line  62
request breakpoint   4 at line  31
                   set at line  39
request breakpoint   4 at line  45
                   set at line  45
request breakpoint   5 at line  44
                   set at line  44
request breakpoint   6 at line  58
                   set at line  62
request breakpoint   6 at line  29
                   set at line  39
request breakpoint   6 at line  49
                   set at line  49
paused at line  39
	because of breakpoints [6]
action: stepIn
paused at line  40
action: stepIn
paused at line  41
action: stepOver
paused at line  44
action: stepOver
paused at line  45
action: resume
paused at line  45
	because of breakpoints [4]
action: stepIn
paused at line  46
action: stepOver
paused at line  45
action: stepOver
paused at line  46
action: resume
paused at line  45
	because of breakpoints [4]
action: stepIn
paused at line  46
action: stepOver
paused at line  45
action: stepIn
paused at line  46
action: stepOut
paused at line  45
	because of breakpoints [4]
action: resume
paused at line  45
	because of breakpoints [4]
action: resume
paused at line  45
	because of breakpoints [4]
action: resume
paused at line  45
	because of breakpoints [4]
action: resume
paused at line  45
	because of breakpoints [4]
action: resume
paused at line  45
	because of breakpoints [4]
action: stepIn
paused at line  46
action: stepIn
paused at line  45
action: stepOver
paused at line  46
action: stepIn
paused at line  45
action: resume
paused at line  45
	because of breakpoints [4]
action: stepOut
paused at line  45
	because of breakpoints [4]
action: stepIn
paused at line  46
action: stepOut
paused at line  45
	because of breakpoints [4]
action: stepOut
paused at line  45
	because of breakpoints [4]
action: stepIn
paused at line  46
action: resume
paused at line  45
	because of breakpoints [4]
action: resume
paused at line  45
	because of breakpoints [4]
action: stepIn
