request breakpoint   0 at line 120
                   set at line 120
request breakpoint   1 at line 242
                   set at line 242
request breakpoint   2 at line 302
                   set at line 302
request breakpoint   3 at line 412
                   set at line 412
request breakpoint   4 at line  50
                   set at line  51
request breakpoint   5 at line 326
                   set at line 326
request breakpoint   6 at line 439
                   set at line 440
request breakpoint   7 at line  81
                   set at line  81
request breakpoint   8 at line 214
                   set at line 214
request breakpoint   9 at line 270
                   set at line 270
request breakpoint  10 at line 149
                   set at line 149
request breakpoint  11 at line 248
                   set at line 248
request breakpoint  12 at line 356
                   set at line 356
request breakpoint  13 at line 174
                   set at line 174
request breakpoint  14 at line  54
                   set at line  77
request breakpoint  15 at line  74
                   set at line  77
request breakpoint  15 at line 217
                   set at line 217
request breakpoint  16 at line  63
                   set at line  77
request breakpoint  16 at line 128
                   set at line 128
request breakpoint  17 at line 114
                   set at line 114
request breakpoint  18 at line 433
                   set at line 433
request breakpoint  19 at line 257
                   set at line 257
request breakpoint  20 at line 226
                   set at line 226
request breakpoint  21 at line 372
                   set at line 372
request breakpoint  22 at line 131
                   set at line 131
request breakpoint  23 at line 367
                   set at line 367
request breakpoint  24 at line 362
                   set at line 362
request breakpoint  25 at line  97
                   set at line  98
request breakpoint  26 at line 181
                   set at line 181
request breakpoint  27 at line 210
                   set at line 210
request breakpoint  28 at line   8
                   set at line   8
request breakpoint  29 at line 186
                   set at line 186
request breakpoint  30 at line 442
                   set at line 442
request breakpoint  31 at line 147
                   set at line 147
request breakpoint  32 at line 419
                   set at line 419
request breakpoint  33 at line 361
                   set at line 361
request breakpoint  34 at line  65
                   set at line  77
request breakpoint  34 at line 171
                   set at line 171
request breakpoint  35 at line   3
                   set at line   3
request breakpoint  36 at line 229
                   set at line 229
request breakpoint  37 at line 152
                   set at line 152
request breakpoint  38 at line 221
                   set at line 221
request breakpoint  39 at line  39
                   set at line  39
request breakpoint  40 at line 135
                   set at line 135
request breakpoint  41 at line 294
                   set at line 295
request breakpoint  42 at line 195
                   set at line 196
request breakpoint  43 at line 322
                   set at line 322
request breakpoint  44 at line  88
                   set at line  88
request breakpoint  45 at line  90
                   set at line  91
request breakpoint  46 at line 173
                   set at line 174
request breakpoint  46 at line 377
                   set at line 377
request breakpoint  47 at line  26
                   set at line  26
request breakpoint  48 at line 108
                   set at line 108
request breakpoint  49 at line   5
                   set at line   5
request breakpoint  50 at line 196
                   set at line 198
request breakpoint  50 at line   1
                   set at line   1
request breakpoint  51 at line 115
                   set at line 115
request breakpoint  52 at line 293
                   set at line 293
request breakpoint  53 at line 172
                   set at line 172
request breakpoint  54 at line 305
                   set at line 305
request breakpoint  55 at line 409
                   set at line 409
request breakpoint  56 at line 154
                   set at line 156
request breakpoint  57 at line 405
                   set at line 405
request breakpoint  58 at line  51
                   set at line  79
