request breakpoint   0 at line  15
                   set at line  19
request breakpoint   1 at line  19
                   set at line  24
request breakpoint   1 at line  32
                   set at line  32
request breakpoint   2 at line  29
                   set at line  29
request breakpoint   3 at line  50
                   set at line  52
request breakpoint   4 at line   3
                   set at line   3
request breakpoint   5 at line  39
                   set at line  39
request breakpoint   6 at line  38
                   set at line  38
paused at line  24
	because of breakpoints [1]
action: stepIn
paused at line  29
action: stepIn
paused at line  31
action: stepOver
paused at line  32
action: stepOver
paused at line  33
action: resume
paused at line   3
	because of breakpoints [4]
action: stepIn
paused at line   4
action: stepOver
paused at line   3
	because of breakpoints [4]
action: stepOver
paused at line   4
action: resume
paused at line   3
	because of breakpoints [4]
action: stepIn
paused at line   4
action: stepOver
paused at line   3
	because of breakpoints [4]
action: stepIn
paused at line   4
action: stepOut
paused at line   3
	because of breakpoints [4]
action: resume
paused at line   3
	because of breakpoints [4]
action: resume
paused at line   3
	because of breakpoints [4]
action: resume
paused at line   3
	because of breakpoints [4]
action: resume
paused at line   3
	because of breakpoints [4]
action: resume
paused at line   3
	because of breakpoints [4]
action: stepIn
paused at line  19
action: stepIn
paused at line  20
action: stepOver
paused at line  21
action: stepIn
paused at line  22
action: resume
paused at line   3
	because of breakpoints [4]
action: stepOut
paused at line  12
action: stepIn
paused at line   5
action: stepOut
paused at line   3
	because of breakpoints [4]
action: stepOut
