request breakpoint   0 at line   3
                   set at line   6
request breakpoint   1 at line   7
                   set at line   7
request breakpoint   2 at line  43
                   set at line  46
request breakpoint   3 at line  40
                   set at line  40
request breakpoint   4 at line  64
                   set at line  64
request breakpoint   5 at line  21
                   set at line  21
request breakpoint   6 at line  49
                   set at line  49
request breakpoint   7 at line  48
                   set at line  48
request breakpoint   8 at line  61
                   set at line  62
request breakpoint   9 at line  20
                   set at line  20
request breakpoint  10 at line  52
                   set at line  52
paused at line  64
	because of breakpoints [4]
action: stepIn
paused at line  65
action: stepIn
paused at line   6
action: stepOver
paused at line   7
action: stepOver
paused at line   8
action: resume
paused at line  20
	because of breakpoints [9]
action: stepIn
paused at line  21
action: stepOver
paused at line  22
action: stepOver
paused at line  25
action: resume
paused at line  46
	because of breakpoints [2]
action: stepIn
paused at line  47
action: stepOver
paused at line  48
action: stepIn
paused at line  49
action: stepOut
paused at line  49
	because of breakpoints [6]
action: resume
paused at line  52
	because of breakpoints [10]
action: resume
paused at line  20
	because of breakpoints [9]
action: resume
paused at line  21
	because of breakpoints [5]
action: resume
paused at line  46
	because of breakpoints [2]
action: resume
paused at line  48
	because of breakpoints [7]
action: stepIn
paused at line  49
action: stepIn
paused at line  50
action: stepOver
paused at line  51
action: stepIn
paused at line  52
action: resume
paused at line  52
	because of breakpoints [10]
action: stepOut
paused at line  46
	because of breakpoints [2]
action: stepIn
paused at line  47
action: stepOut
paused at line  48
	because of breakpoints [7]
action: stepOut
paused at line  49
	because of breakpoints [6]
action: stepIn
paused at line  50
action: resume
paused at line  52
	because of breakpoints [10]
action: resume
paused at line  52
	because of breakpoints [10]
action: stepIn
paused at line  53
action: resume
paused at line  20
	because of breakpoints [9]
action: stepOver
paused at line  21
action: stepOver
