request breakpoint   0 at line  34
                   set at line  34
request breakpoint   1 at line  10
                   set at line  12
request breakpoint   2 at line  28
                   set at line  29
request breakpoint   3 at line  26
                   set at line  29
request breakpoint   3 at line  38
                   set at line  38
request breakpoint   4 at line  19
                   set at line  29
paused at line  34
	because of breakpoints [0]
action: stepIn
paused at line  36
action: stepIn
paused at line   3
action: stepOver
paused at line   4
action: stepOver
paused at line   5
action: resume
paused at line  12
	because of breakpoints [1]
action: stepIn
paused at line  13
action: stepOver
paused at line  14
action: stepOver
paused at line  15
action: resume
paused at line  29
	because of breakpoints [4]
action: stepIn
paused at line  29
action: stepOver
paused at line   5
action: stepIn
paused at line  12
action: stepOut
paused at line  12
	because of breakpoints [1]
action: resume
paused at line  29
	because of breakpoints [4]
action: resume
paused at line  12
	because of breakpoints [1]
action: resume
paused at line  29
	because of breakpoints [4]
action: resume
paused at line  12
	because of breakpoints [1]
action: resume
paused at line  29
	because of breakpoints [4]
action: stepIn
paused at line  29
action: stepIn
