request breakpoint   0 at line  20
                   set at line  23
request breakpoint   1 at line   9
                   set at line  12
request breakpoint   2 at line   3
                   set at line   3
request breakpoint   3 at line   2
                   set at line   3
paused at line  23
	because of breakpoints [0]
action: stepIn
paused at line  25
action: stepIn
paused at line   3
action: stepOver
paused at line   4
action: stepOver
paused at line   5
action: resume
paused at line  12
	because of breakpoints [1]
action: stepIn
paused at line  13
action: stepOver
paused at line  14
action: stepOver
paused at line  15
action: resume
paused at line  12
	because of breakpoints [1]
action: stepIn
paused at line  13
action: stepOver
paused at line  14
action: stepIn
paused at line  15
action: stepOut
paused at line  18
action: resume
