request breakpoint   0 at line 256
                   set at line 258
request breakpoint   1 at line 232
                   set at line 232
request breakpoint   2 at line  64
                   set at line  64
request breakpoint   3 at line   9
                   set at line  11
request breakpoint   4 at line 271
                   set at line 286
request breakpoint   5 at line 118
                   set at line 118
request breakpoint   6 at line 217
                   set at line 221
request breakpoint   7 at line   2
                   set at line   6
request breakpoint   8 at line  28
                   set at line  28
request breakpoint   9 at line  95
                   set at line  95
request breakpoint  10 at line 226
                   set at line 226
request breakpoint  11 at line  81
                   set at line  85
request breakpoint  12 at line 159
                   set at line 159
request breakpoint  13 at line 181
                   set at line 182
request breakpoint  14 at line 274
                   set at line 286
request breakpoint  14 at line 288
                   set at line 290
request breakpoint  15 at line  30
                   set at line  32
request breakpoint  16 at line 280
                   set at line 286
request breakpoint  16 at line 196
                   set at line 196
request breakpoint  17 at line  98
                   set at line  98
request breakpoint  18 at line  77
                   set at line  77
request breakpoint  19 at line 107
                   set at line 107
request breakpoint  20 at line 264
                   set at line 286
request breakpoint  20 at line 198
                   set at line 203
request breakpoint  21 at line 205
                   set at line 205
request breakpoint  22 at line 172
                   set at line 173
request breakpoint  23 at line 169
                   set at line 169
request breakpoint  24 at line 112
                   set at line 112
request breakpoint  25 at line 186
                   set at line 186
request breakpoint  26 at line  27
                   set at line  28
request breakpoint  26 at line 132
                   set at line 132
request breakpoint  27 at line 189
                   set at line 189
request breakpoint  28 at line 222
                   set at line 222
request breakpoint  29 at line  36
                   set at line  40
request breakpoint  30 at line  54
                   set at line  54
request breakpoint  31 at line 171
                   set at line 171
request breakpoint  32 at line 281
                   set at line 286
request breakpoint  32 at line 259
                   set at line 259
request breakpoint  33 at line 131
                   set at line 131
request breakpoint  34 at line 266
                   set at line 286
request breakpoint  34 at line  40
                   set at line  47
request breakpoint  34 at line 262
                   set at line 262
request breakpoint  35 at line 115
                   set at line 115
request breakpoint  36 at line 103
                   set at line 103
request breakpoint  37 at line  65
                   set at line  65
request breakpoint  38 at line  19
                   set at line  19
request breakpoint  39 at line 127
                   set at line 127
request breakpoint  40 at line 219
                   set at line 221
request breakpoint  40 at line 220
                   set at line 221
request breakpoint  40 at line 183
                   set at line 183
request breakpoint  41 at line 229
                   set at line 230
request breakpoint  42 at line 151
                   set at line 151
paused at line 258
	because of breakpoints [0]
action: stepIn
paused at line 259
action: stepIn
paused at line 260
action: stepOver
paused at line 262
action: stepOver
paused at line 286
action: resume
paused at line 286
	because of breakpoints [34]
action: stepIn
paused at line 287
action: stepOver
paused at line 286
action: stepOver
paused at line 287
action: resume
paused at line 286
	because of breakpoints [34]
action: stepIn
paused at line 287
action: stepOver
paused at line 286
action: stepIn
paused at line 287
action: stepOut
paused at line 286
	because of breakpoints [34]
action: resume
paused at line 290
	because of breakpoints [14]
action: resume
paused at line 221
	because of breakpoints [40]
action: resume
paused at line 222
	because of breakpoints [28]
action: resume
paused at line 226
	because of breakpoints [10]
action: resume
paused at line  85
	because of breakpoints [11]
action: stepIn
paused at line  86
action: stepIn
paused at line  88
action: stepOver
paused at line  89
action: stepIn
paused at line  90
action: resume
paused at line  95
	because of breakpoints [9]
action: stepOut
paused at line  98
	because of breakpoints [17]
action: stepIn
paused at line 100
action: stepOut
paused at line 230
	because of breakpoints [41]
action: stepOut
paused at line 203
	because of breakpoints [20]
action: stepIn
paused at line  74
action: resume
paused at line  77
	because of breakpoints [18]
action: resume
paused at line  77
	because of breakpoints [18]
action: stepIn
paused at line  77
action: resume
paused at line  77
	because of breakpoints [18]
action: stepOver
paused at line  77
action: stepOver
paused at line 203
action: stepOver
paused at line   6
	because of breakpoints [7]
action: stepOut
paused at line   7
action: resume
paused at line  77
	because of breakpoints [18]
action: stepOver
paused at line  77
action: stepIn
paused at line 204
action: resume
paused at line 230
	because of breakpoints [41]
action: stepOver
paused at line 203
	because of breakpoints [20]
action: resume
paused at line  77
	because of breakpoints [18]
action: stepIn
paused at line  77
action: stepIn
paused at line 203
action: stepOver
paused at line  77
	because of breakpoints [18]
action: resume
paused at line  77
	because of breakpoints [18]
action: stepIn
paused at line  77
action: stepOver
paused at line 203
action: stepOver
paused at line   6
	because of breakpoints [7]
action: stepOver
paused at line   7
action: stepOut
paused at line   7
action: stepIn
paused at line 203
action: stepOut
paused at line  77
	because of breakpoints [18]
action: stepIn
paused at line  77
action: resume
paused at line 230
	because of breakpoints [41]
action: stepIn
paused at line 203
action: stepOver
paused at line  77
	because of breakpoints [18]
action: stepOut
paused at line  77
action: stepOver
paused at line 203
action: stepOver
paused at line  77
	because of breakpoints [18]
action: stepOut
paused at line  77
action: stepOver
paused at line 203
action: stepOut
paused at line  77
	because of breakpoints [18]
action: resume
paused at line   6
	because of breakpoints [7]
action: stepOver
paused at line   7
action: stepIn
paused at line   7
action: resume
paused at line  77
	because of breakpoints [18]
action: stepOut
paused at line  77
action: stepIn
paused at line 204
action: resume
paused at line 103
	because of breakpoints [36]
action: stepOut
paused at line 230
	because of breakpoints [41]
action: resume
paused at line 203
	because of breakpoints [20]
action: stepIn
paused at line  74
action: stepOut
paused at line  77
	because of breakpoints [18]
action: resume
paused at line  77
	because of breakpoints [18]
action: stepIn
paused at line  77
action: resume
paused at line  77
	because of breakpoints [18]
action: resume
paused at line   6
	because of breakpoints [7]
action: stepOver
paused at line   7
action: stepOver
paused at line   7
action: stepOut
paused at line  77
	because of breakpoints [18]
action: stepOver
paused at line  77
action: stepIn
paused at line 204
action: stepOver
paused at line 204
action: resume
paused at line 230
	because of breakpoints [41]
action: resume
paused at line 203
	because of breakpoints [20]
action: stepOut
paused at line  77
	because of breakpoints [18]
action: stepOver
paused at line  77
action: resume
paused at line  77
	because of breakpoints [18]
action: stepIn
paused at line  77
action: stepOut
paused at line  77
	because of breakpoints [18]
action: stepOut
paused at line  77
action: stepOut
paused at line   6
	because of breakpoints [7]
action: stepIn
paused at line   7
action: stepOut
paused at line   7
action: stepIn
paused at line 203
action: stepOver
paused at line  77
	because of breakpoints [18]
action: stepOver
paused at line  77
action: stepOver
paused at line 204
action: resume
paused at line 230
	because of breakpoints [41]
action: stepIn
paused at line 203
action: stepOut
paused at line 203
	because of breakpoints [20]
action: resume
paused at line  77
	because of breakpoints [18]
action: resume
paused at line  77
	because of breakpoints [18]
action: stepOver
paused at line  77
action: stepOver
paused at line 203
action: stepOut
paused at line  77
	because of breakpoints [18]
action: stepOut
paused at line  77
action: stepIn
paused at line 203
action: resume
paused at line   6
	because of breakpoints [7]
action: resume
paused at line  77
	because of breakpoints [18]
action: stepIn
paused at line  77
action: stepOver
paused at line 204
action: stepIn
paused at line 204
action: resume
paused at line 230
	because of breakpoints [41]
action: stepOver
paused at line 203
	because of breakpoints [20]
action: stepOut
paused at line  77
	because of breakpoints [18]
action: stepOut
paused at line  77
action: stepOver
paused at line 203
action: stepIn
paused at line  74
action: stepIn
paused at line  75
action: stepOver
paused at line  76
action: resume
paused at line  77
	because of breakpoints [18]
action: stepOver
paused at line  77
action: stepOut
paused at line  77
	because of breakpoints [18]
action: stepIn
paused at line  77
action: stepOut
paused at line   6
	because of breakpoints [7]
action: stepOut
paused at line   7
action: resume
paused at line  77
	because of breakpoints [18]
action: stepOver
paused at line  77
action: stepOver
paused at line 204
action: stepOver
paused at line 204
action: stepIn
paused at line 231
action: stepOut
paused at line 231
action: stepOver
paused at line 106
action: stepIn
paused at line 107
action: stepOver
paused at line 230
	because of breakpoints [41]
action: resume
paused at line 203
	because of breakpoints [20]
action: stepIn
paused at line  74
action: stepOver
paused at line  75
action: resume
paused at line  77
	because of breakpoints [18]
action: stepOver
paused at line  77
action: stepOver
paused at line 203
action: stepOver
paused at line  77
	because of breakpoints [18]
action: resume
