request breakpoint   0 at line  67
                   set at line 104
request breakpoint   1 at line  74
                   set at line 104
request breakpoint   1 at line 110
                   set at line 119
request breakpoint   2 at line  57
                   set at line  60
request breakpoint   3 at line 124
                   set at line 124
request breakpoint   4 at line  95
                   set at line 104
request breakpoint   4 at line   4
                   set at line   4
request breakpoint   5 at line   1
                   set at line   2
request breakpoint   6 at line  29
                   set at line  29
request breakpoint   7 at line  88
                   set at line 104
request breakpoint   7 at line   9
                   set at line   9
request breakpoint   8 at line  83
                   set at line 104
request breakpoint   8 at line  44
                   set at line  47
request breakpoint   9 at line  18
                   set at line  18
request breakpoint  10 at line 128
                   set at line 128
request breakpoint  11 at line 134
                   set at line 134
request breakpoint  12 at line  32
                   set at line  32
request breakpoint  13 at line 131
                   set at line 131
request breakpoint  14 at line  82
                   set at line 104
request breakpoint  14 at line  94
                   set at line 104
request breakpoint  14 at line   3
                   set at line   3
request breakpoint  15 at line  98
                   set at line 104
request breakpoint  15 at line 121
                   set at line 121
paused at line 104
	because of breakpoints [15]
action: stepIn
paused at line 105
action: stepIn
paused at line 108
action: stepOver
paused at line 119
action: stepOver
paused at line 121
action: resume
paused at line 121
	because of breakpoints [15]
action: stepIn
paused at line 122
action: stepOver
paused at line 121
action: stepOver
paused at line 122
action: resume
paused at line 121
	because of breakpoints [15]
action: stepIn
paused at line 122
action: stepOver
paused at line 121
action: stepIn
paused at line 122
action: stepOut
paused at line 121
	because of breakpoints [15]
action: resume
paused at line 121
	because of breakpoints [15]
action: resume
paused at line 121
	because of breakpoints [15]
action: resume
paused at line 121
	because of breakpoints [15]
action: resume
paused at line 121
	because of breakpoints [15]
action: resume
paused at line 121
	because of breakpoints [15]
action: stepIn
paused at line 122
action: stepIn
paused at line 121
action: stepOver
paused at line 122
action: stepIn
paused at line 121
action: resume
paused at line 121
	because of breakpoints [15]
action: stepOut
paused at line 121
	because of breakpoints [15]
action: stepIn
paused at line 122
action: stepOut
paused at line 121
	because of breakpoints [15]
action: stepOut
paused at line 121
	because of breakpoints [15]
action: stepIn
paused at line 122
action: resume
paused at line 121
	because of breakpoints [15]
action: resume
paused at line 121
	because of breakpoints [15]
action: stepIn
paused at line 122
action: resume
paused at line 121
	because of breakpoints [15]
action: stepOver
paused at line 122
action: stepOver
paused at line 121
action: stepOver
paused at line 122
action: stepOut
paused at line 121
	because of breakpoints [15]
action: resume
paused at line 121
	because of breakpoints [15]
action: stepOver
paused at line 122
action: stepIn
paused at line 121
action: resume
paused at line 121
	because of breakpoints [15]
action: stepOver
paused at line 122
action: resume
paused at line 121
	because of breakpoints [15]
action: stepIn
paused at line 122
action: stepIn
paused at line 121
action: stepOver
paused at line 122
action: resume
paused at line 121
	because of breakpoints [15]
action: stepIn
paused at line 122
action: stepOver
paused at line 121
action: stepOver
paused at line 122
action: stepOver
paused at line 121
action: stepOut
paused at line 121
	because of breakpoints [15]
action: stepIn
paused at line 122
action: stepOut
paused at line 121
	because of breakpoints [15]
action: stepIn
paused at line 122
action: resume
paused at line 121
	because of breakpoints [15]
action: stepIn
paused at line 122
action: stepOver
paused at line 121
action: stepOut
paused at line 121
	because of breakpoints [15]
action: stepOver
paused at line 122
action: stepOver
paused at line 121
action: stepOut
paused at line 121
	because of breakpoints [15]
action: stepOver
paused at line 122
action: stepOut
paused at line 121
	because of breakpoints [15]
action: resume
paused at line 121
	because of breakpoints [15]
action: stepOver
paused at line 122
action: stepIn
paused at line 121
action: resume
paused at line 121
	because of breakpoints [15]
action: stepOut
