115 -> 115
169 -> 169
65 -> 67
104 -> 104
105 -> 105
14 -> 14
51 -> 51
103 -> 104
259 -> 260
223 -> 223
159 -> 159
21 -> 21
40 -> 40
182 -> 182
18 -> 18
234 -> 234
62 -> 63
201 -> 203
110 -> 112
172 -> 172
6 -> 6
157 -> 159
167 -> 167
181 -> 181
225 -> 225
165 -> 165
119 -> 120
215 -> 215
57 -> 60
239 -> 239
0 -> 0
142 -> 142
92 -> 94
16 -> 16
141 -> 141
33 -> 33
58 -> 60
227 -> 227
39 -> 40
163 -> 165
197 -> 198
198 -> 207
168 -> 168
148 -> 152
212 -> 212
266 -> 266
257 -> 257
232 -> 232
24 -> 24
199 -> 200
221 -> 221
255 -> 257
12 -> 12
84 -> 84
140 -> 140
186 -> 186
35 -> 35
238 -> 239
144 -> 145
38 -> 38
195 -> 195
229 -> 229
25 -> 25
216 -> 216
29 -> 29
3 -> 3
200 -> 207
60 -> 69
44 -> 45
191 -> 191
32 -> 32
19 -> 19
178 -> 179
53 -> 53
88 -> 88
145 -> 161
146 -> 147
112 -> 161
126 -> 132
9 -> 9
158 -> 159
269 -> 269
190 -> 191
82 -> 83
137 -> 139
208 -> 209
102 -> 104
136 -> 136
128 -> 132
243 -> 243
246 -> 248
101 -> 104
10 -> 10
54 -> 55
135 -> 135
23 -> 23
160 -> 160
95 -> 95
242 -> 242
224 -> 224
174 -> 176
180 -> 181
192 -> 192
235 -> 236
185 -> 185
187 -> 191
117 -> 118
152 -> 161
31 -> 31
217 -> 217
240 -> 240
154 -> 159
228 -> 228
89 -> 89
97 -> 97
166 -> 166
143 -> 145
260 -> 262
250 -> 251
207 -> 209
252 -> 252
106 -> 106
218 -> 218
161 -> 161
147 -> 161
211 -> 211
69 -> 69
150 -> 152
