0 -> 37
3 -> 37
6 -> 37
9 -> 37
10 -> 37
12 -> 37
14 -> 37
16 -> 37
18 -> 37
19 -> 37
21 -> 37
23 -> 37
24 -> 37
25 -> 37
29 -> 37
31 -> 37
32 -> 37
33 -> 37
35 -> 37
38 -> 39
39 -> 40
40 -> 40
44 -> 45
51 -> 51
53 -> 53
54 -> 55
57 -> 60
58 -> 60
60 -> 71
62 -> 63
65 -> 67
69 -> 71
82 -> 83
84 -> 84
88 -> 88
89 -> 89
92 -> 92
95 -> 95
97 -> 98
101 -> 104
102 -> 104
103 -> 104
104 -> 163
105 -> 105
106 -> 106
110 -> 112
112 -> 112
115 -> 115
117 -> 118
119 -> 120
126 -> 132
128 -> 132
135 -> 135
136 -> 136
137 -> 139
140 -> 140
141 -> 141
142 -> 142
143 -> 145
144 -> 145
145 -> 163
146 -> 147
147 -> 163
148 -> 152
150 -> 152
152 -> 163
154 -> 159
157 -> 159
158 -> 159
159 -> 163
160 -> 160
161 -> 163
163 -> 165
165 -> 165
166 -> 166
167 -> 167
168 -> 168
169 -> 169
172 -> 172
174 -> 176
178 -> 179
180 -> 181
181 -> 194
182 -> 182
185 -> 185
186 -> 186
187 -> 191
190 -> 191
191 -> 194
192 -> 192
195 -> 195
197 -> 198
198 -> 198
199 -> 200
200 -> 207
201 -> 203
207 -> 207
208 -> 209
211 -> 211
212 -> 212
215 -> 215
216 -> 216
217 -> 217
218 -> 218
221 -> 221
223 -> 225
224 -> 225
225 -> 225
227 -> 227
228 -> 228
229 -> 232
232 -> 234
234 -> 263
235 -> 236
238 -> 239
239 -> 263
240 -> 240
242 -> 242
243 -> 243
246 -> 248
250 -> 251
252 -> 252
255 -> 257
257 -> 263
259 -> 260
260 -> 260
266 -> 267
269 -> 270
