119 -> 120
178 -> 179
60 -> 60
110 -> 112
12 -> 37
25 -> 37
51 -> 51
0 -> 37
259 -> 260
217 -> 217
3 -> 37
40 -> 40
97 -> 98
191 -> 191
38 -> 39
235 -> 236
33 -> 37
212 -> 212
161 -> 163
197 -> 198
137 -> 139
185 -> 185
23 -> 37
200 -> 200
29 -> 37
135 -> 135
44 -> 45
229 -> 232
180 -> 181
250 -> 251
182 -> 182
10 -> 37
144 -> 145
169 -> 169
143 -> 145
234 -> 234
141 -> 141
168 -> 168
199 -> 200
216 -> 216
187 -> 191
101 -> 104
106 -> 106
39 -> 40
174 -> 176
266 -> 267
102 -> 104
65 -> 67
240 -> 240
252 -> 252
126 -> 132
208 -> 209
166 -> 166
207 -> 207
