249 -> 252
387 -> 397
282 -> 282
158 -> 167
390 -> 397
364 -> 375
372 -> 375
1 -> 13
63 -> 64
355 -> 355
328 -> 329
286 -> 288
151 -> 153
289 -> 290
218 -> 220
59 -> 60
263 -> 264
156 -> 167
279 -> 279
305 -> 305
185 -> 187
178 -> 179
352 -> 352
33 -> 33
138 -> 139
89 -> 90
376 -> 383
229 -> 233
174 -> 174
51 -> 52
333 -> 334
130 -> 130
83 -> 84
173 -> 174
221 -> 224
248 -> 248
50 -> 50
326 -> 326
228 -> 228
170 -> 171
5 -> 13
235 -> 239
338 -> 340
126 -> 129
309 -> 309
15 -> 15
395 -> 397
198 -> 199
353 -> 353
239 -> 239
24 -> 25
266 -> 268
32 -> 32
347 -> 347
224 -> 224
232 -> 233
55 -> 56
298 -> 299
322 -> 322
246 -> 248
244 -> 248
136 -> 136
294 -> 294
245 -> 248
29 -> 29
9 -> 13
281 -> 282
181 -> 183
paused at 13
paused at 15
paused at 25
paused at 171
paused at 290
paused at 299
paused at 309
paused at 329
paused at 375
paused at 383
paused at 397
paused at 29
paused at 32
paused at 33
paused at 32
paused at 33
paused at 347
paused at 32
paused at 33
paused at 32
paused at 33
paused at 347
paused at 32
paused at 33
paused at 50
paused at 352
paused at 355
paused at 355
paused at 352
paused at 355
paused at 355
paused at 29
paused at 32
paused at 33
paused at 56
paused at 32
paused at 33
paused at 347
paused at 32
paused at 33
paused at 347
paused at 32
