0 -> 13
3 -> 13
11 -> 13
13 -> 13
25 -> 25
27 -> 257
31 -> 33
36 -> 257
41 -> 42
42 -> 42
43 -> 43
44 -> 45
47 -> 47
55 -> 55
64 -> 64
65 -> 65
70 -> 70
105 -> 105
109 -> 109
110 -> 110
115 -> 115
119 -> 119
124 -> 125
128 -> 128
135 -> 257
145 -> 147
147 -> 147
151 -> 151
154 -> 155
155 -> 155
173 -> 173
179 -> 257
182 -> 183
183 -> 183
187 -> 257
192 -> 193
194 -> 194
196 -> 257
199 -> 257
201 -> 202
206 -> 206
212 -> 214
215 -> 215
216 -> 216
223 -> 257
224 -> 226
228 -> 228
232 -> 233
233 -> 233
247 -> 247
252 -> 254
253 -> 254
259 -> 281
266 -> 281
269 -> 281
272 -> 281
279 -> 281
287 -> 287
