47 -> 47
65 -> 65
170 -> 170
187 -> 257
58 -> 58
176 -> 257
200 -> 202
192 -> 193
212 -> 214
112 -> 112
156 -> 156
207 -> 207
110 -> 110
279 -> 281
20 -> 257
66 -> 66
70 -> 70
238 -> 257
290 -> 290
252 -> 254
31 -> 33
245 -> 247
88 -> 88
217 -> 217
171 -> 173
3 -> 13
152 -> 152
169 -> 169
186 -> 186
13 -> 13
157 -> 257
128 -> 128
254 -> 254
153 -> 155
194 -> 194
62 -> 62
94 -> 94
38 -> 257
27 -> 257
26 -> 26
154 -> 155
261 -> 281
113 -> 113
43 -> 43
213 -> 214
0 -> 13
210 -> 257
16 -> 257
104 -> 104
42 -> 42
161 -> 163
181 -> 183
56 -> 57
257 -> 257
135 -> 257
63 -> 63
229 -> 230
111 -> 111
179 -> 257
288 -> 289
196 -> 257
19 -> 257
166 -> 166
164 -> 164
276 -> 281
253 -> 254
228 -> 228
287 -> 287
119 -> 119
64 -> 64
259 -> 281
246 -> 247
115 -> 115
33 -> 33
36 -> 257
247 -> 247
195 -> 257
11 -> 13
277 -> 281
185 -> 185
159 -> 257
182 -> 183
155 -> 155
132 -> 132
25 -> 25
189 -> 257
269 -> 281
74 -> 74
272 -> 281
240 -> 241
178 -> 257
109 -> 109
17 -> 257
205 -> 205
34 -> 34
206 -> 206
105 -> 105
96 -> 96
55 -> 55
266 -> 281
215 -> 215
35 -> 257
232 -> 233
44 -> 45
158 -> 257
99 -> 99
223 -> 257
224 -> 226
124 -> 125
145 -> 147
10 -> 13
126 -> 126
118 -> 118
275 -> 281
173 -> 173
172 -> 173
121 -> 121
250 -> 250
243 -> 243
199 -> 257
225 -> 226
231 -> 233
241 -> 241
91 -> 91
258 -> 281
235 -> 257
239 -> 241
23 -> 23
6 -> 13
120 -> 120
216 -> 216
227 -> 227
234 -> 234
138 -> 139
102 -> 102
281 -> 281
183 -> 183
147 -> 147
201 -> 202
151 -> 151
22 -> 22
90 -> 91
233 -> 233
116 -> 116
41 -> 42
180 -> 257
