225 -> 226
187 -> 257
287 -> 287
243 -> 243
169 -> 169
181 -> 183
195 -> 257
26 -> 26
247 -> 247
47 -> 47
266 -> 281
233 -> 233
94 -> 94
65 -> 65
153 -> 155
252 -> 254
99 -> 99
3 -> 13
155 -> 155
105 -> 105
276 -> 281
164 -> 164
64 -> 64
66 -> 66
189 -> 257
23 -> 23
16 -> 257
246 -> 247
25 -> 25
90 -> 91
36 -> 257
159 -> 257
35 -> 257
62 -> 62
118 -> 118
88 -> 88
254 -> 254
259 -> 281
126 -> 126
112 -> 112
11 -> 13
228 -> 228
179 -> 257
199 -> 257
245 -> 247
17 -> 257
180 -> 257
186 -> 186
261 -> 281
216 -> 216
258 -> 281
210 -> 257
161 -> 163
120 -> 120
227 -> 227
91 -> 91
253 -> 254
63 -> 63
42 -> 42
206 -> 206
170 -> 170
96 -> 96
156 -> 156
116 -> 116
224 -> 226
217 -> 217
239 -> 241
207 -> 207
238 -> 257
231 -> 233
257 -> 257
19 -> 257
240 -> 241
22 -> 22
172 -> 173
56 -> 57
70 -> 70
152 -> 152
43 -> 43
281 -> 281
10 -> 13
250 -> 250
147 -> 147
166 -> 166
158 -> 257
113 -> 113
229 -> 230
104 -> 104
171 -> 173
109 -> 109
124 -> 125
38 -> 257
288 -> 289
34 -> 34
145 -> 147
128 -> 128
135 -> 257
277 -> 281
235 -> 257
194 -> 194
132 -> 132
74 -> 74
157 -> 257
290 -> 290
185 -> 185
119 -> 119
213 -> 214
178 -> 257
55 -> 55
205 -> 205
31 -> 33
115 -> 115
223 -> 257
121 -> 121
13 -> 13
58 -> 58
215 -> 215
196 -> 257
173 -> 173
41 -> 42
44 -> 45
176 -> 257
110 -> 110
212 -> 214
234 -> 234
151 -> 151
183 -> 183
232 -> 233
200 -> 202
102 -> 102
192 -> 193
241 -> 241
272 -> 281
269 -> 281
275 -> 281
20 -> 257
138 -> 139
279 -> 281
6 -> 13
0 -> 13
111 -> 111
201 -> 202
154 -> 155
27 -> 257
33 -> 33
182 -> 183
