47 -> 47
64 -> 64
169 -> 169
187 -> 257
56 -> 57
173 -> 173
199 -> 257
192 -> 193
213 -> 214
111 -> 111
154 -> 155
207 -> 207
105 -> 105
277 -> 281
110 -> 110
2 -> 13
66 -> 66
238 -> 257
290 -> 290
250 -> 250
65 -> 65
245 -> 247
74 -> 74
217 -> 217
3 -> 13
63 -> 63
147 -> 147
164 -> 164
185 -> 185
11 -> 13
155 -> 155
124 -> 125
254 -> 254
151 -> 151
194 -> 194
172 -> 173
88 -> 88
44 -> 45
109 -> 109
279 -> 281
152 -> 152
259 -> 281
19 -> 257
41 -> 42
212 -> 214
253 -> 254
22 -> 22
200 -> 202
216 -> 216
25 -> 25
158 -> 257
179 -> 257
161 -> 163
43 -> 43
62 -> 62
20 -> 257
228 -> 228
196 -> 257
176 -> 257
288 -> 289
195 -> 257
210 -> 257
159 -> 257
94 -> 94
275 -> 281
252 -> 254
225 -> 226
287 -> 287
102 -> 102
10 -> 13
258 -> 281
38 -> 257
156 -> 156
189 -> 257
35 -> 257
246 -> 247
58 -> 58
182 -> 183
276 -> 281
181 -> 183
6 -> 13
112 -> 112
27 -> 257
121 -> 121
206 -> 206
55 -> 55
269 -> 281
266 -> 281
178 -> 257
33 -> 33
171 -> 173
138 -> 139
120 -> 120
13 -> 13
234 -> 234
186 -> 186
104 -> 104
39 -> 42
157 -> 257
261 -> 281
16 -> 257
34 -> 34
227 -> 227
0 -> 13
243 -> 243
153 -> 155
17 -> 257
83 -> 83
224 -> 226
116 -> 116
113 -> 113
36 -> 257
233 -> 233
272 -> 281
91 -> 91
170 -> 170
114 -> 114
215 -> 215
166 -> 166
241 -> 241
115 -> 115
128 -> 128
42 -> 42
231 -> 233
183 -> 183
240 -> 241
248 -> 248
23 -> 23
219 -> 219
201 -> 202
145 -> 147
281 -> 281
235 -> 257
223 -> 257
205 -> 205
70 -> 70
257 -> 257
229 -> 230
232 -> 233
119 -> 119
247 -> 247
26 -> 26
126 -> 126
135 -> 257
180 -> 257
96 -> 96
132 -> 132
90 -> 91
31 -> 33
99 -> 99
118 -> 118
239 -> 241
