43 -> 43
55 -> 55
179 -> 257
194 -> 194
3 -> 13
183 -> 183
201 -> 202
199 -> 257
215 -> 215
128 -> 128
173 -> 173
41 -> 42
42 -> 42
279 -> 281
145 -> 147
115 -> 115
119 -> 119
247 -> 247
287 -> 287
259 -> 281
135 -> 257
253 -> 254
147 -> 147
232 -> 233
31 -> 33
151 -> 151
13 -> 13
65 -> 65
216 -> 216
44 -> 45
64 -> 64
196 -> 257
269 -> 281
206 -> 206
228 -> 228
223 -> 257
124 -> 125
155 -> 155
0 -> 13
109 -> 109
192 -> 193
25 -> 25
154 -> 155
110 -> 110
11 -> 13
272 -> 281
27 -> 257
187 -> 257
182 -> 183
36 -> 257
70 -> 70
266 -> 281
252 -> 254
105 -> 105
233 -> 233
224 -> 226
47 -> 47
212 -> 214
