28 -> 28
39 -> 39
102 -> 102
119 -> 119
38 -> 38
107 -> 107
125 -> 125
122 -> 122
135 -> 135
68 -> 68
96 -> 96
133 -> 133
16 -> 16
171 -> 171
74 -> 74
54 -> 54
57 -> 57
150 -> 150
173 -> 173
157 -> 157
62 -> 62
155 -> 155
66 -> 66
142 -> 142
110 -> 110
65 -> 65
9 -> 9
4 -> 4
13 -> 13
120 -> 120
109 -> 109
99 -> 99
162 -> 162
12 -> 12
15 -> 15
14 -> 14
82 -> 82
67 -> 67
94 -> 94
172 -> 172
113 -> 113
166 -> 166
101 -> 101
146 -> 146
144 -> 144
164 -> 164
21 -> 21
52 -> 52
147 -> 147
88 -> 88
127 -> 127
136 -> 136
129 -> 129
92 -> 92
79 -> 79
91 -> 91
44 -> 44
19 -> 19
140 -> 140
11 -> 11
106 -> 106
151 -> 151
56 -> 56
75 -> 75
26 -> 26
167 -> 167
158 -> 158
81 -> 81
170 -> 170
35 -> 35
22 -> 22
138 -> 138
33 -> 33
6 -> 6
143 -> 143
153 -> 153
42 -> 42
156 -> 156
103 -> 103
87 -> 87
114 -> 114
71 -> 71
137 -> 137
20 -> 20
123 -> 123
50 -> 50
10 -> 10
