138 -> 138
114 -> 114
172 -> 172
151 -> 151
102 -> 102
110 -> 110
123 -> 123
19 -> 19
155 -> 155
38 -> 38
166 -> 166
146 -> 146
62 -> 62
54 -> 54
94 -> 94
157 -> 157
67 -> 67
122 -> 122
101 -> 101
71 -> 71
170 -> 170
107 -> 107
57 -> 57
65 -> 65
125 -> 125
147 -> 147
129 -> 129
156 -> 156
74 -> 74
52 -> 52
82 -> 82
12 -> 12
44 -> 44
79 -> 79
26 -> 26
66 -> 66
162 -> 162
14 -> 14
11 -> 11
96 -> 96
35 -> 35
150 -> 150
127 -> 127
4 -> 4
158 -> 158
119 -> 119
133 -> 133
137 -> 137
167 -> 167
56 -> 56
33 -> 33
20 -> 20
75 -> 75
6 -> 6
153 -> 153
120 -> 120
109 -> 109
81 -> 81
135 -> 135
92 -> 92
88 -> 88
50 -> 50
103 -> 103
16 -> 16
21 -> 21
22 -> 22
164 -> 164
15 -> 15
140 -> 140
13 -> 13
42 -> 42
106 -> 106
91 -> 91
171 -> 171
136 -> 136
68 -> 68
9 -> 9
113 -> 113
87 -> 87
173 -> 173
10 -> 10
99 -> 99
142 -> 142
28 -> 28
144 -> 144
39 -> 39
143 -> 143
