71 -> 71
113 -> 113
42 -> 42
66 -> 66
67 -> 67
12 -> 12
35 -> 35
11 -> 11
171 -> 171
150 -> 150
106 -> 106
107 -> 107
38 -> 38
125 -> 125
15 -> 15
157 -> 157
54 -> 54
140 -> 140
79 -> 79
122 -> 122
57 -> 57
20 -> 20
119 -> 119
127 -> 127
153 -> 153
50 -> 50
91 -> 91
146 -> 146
9 -> 9
162 -> 162
88 -> 88
102 -> 102
75 -> 75
82 -> 82
68 -> 68
144 -> 144
147 -> 147
156 -> 156
96 -> 96
39 -> 39
142 -> 142
143 -> 143
129 -> 129
114 -> 114
16 -> 16
173 -> 173
26 -> 26
158 -> 158
123 -> 123
62 -> 62
155 -> 155
4 -> 4
13 -> 13
44 -> 44
56 -> 56
92 -> 92
101 -> 101
166 -> 166
22 -> 22
6 -> 6
99 -> 99
164 -> 164
21 -> 21
28 -> 28
172 -> 172
135 -> 135
109 -> 109
52 -> 52
87 -> 87
65 -> 65
170 -> 170
133 -> 133
33 -> 33
19 -> 19
14 -> 14
103 -> 103
120 -> 120
94 -> 94
167 -> 167
110 -> 110
151 -> 151
136 -> 136
138 -> 138
10 -> 10
74 -> 74
137 -> 137
81 -> 81
