31 -> 31
39 -> 39
91 -> 91
106 -> 106
35 -> 35
98 -> 98
114 -> 114
109 -> 109
123 -> 123
57 -> 57
83 -> 83
121 -> 121
55 -> 55
170 -> 170
15 -> 15
42 -> 42
43 -> 43
142 -> 142
174 -> 174
155 -> 155
23 -> 23
147 -> 147
47 -> 47
130 -> 130
94 -> 94
29 -> 29
82 -> 82
92 -> 92
107 -> 107
100 -> 100
87 -> 87
74 -> 74
157 -> 157
84 -> 84
113 -> 113
41 -> 41
53 -> 53
45 -> 45
64 -> 64
171 -> 171
86 -> 86
162 -> 162
66 -> 66
132 -> 132
127 -> 127
44 -> 44
125 -> 125
18 -> 18
59 -> 59
54 -> 54
33 -> 33
9 -> 9
11 -> 11
158 -> 158
38 -> 38
5 -> 5
138 -> 138
65 -> 65
69 -> 69
173 -> 173
81 -> 81
129 -> 129
50 -> 50
99 -> 99
167 -> 167
63 -> 63
140 -> 140
172 -> 172
160 -> 160
13 -> 13
163 -> 163
28 -> 28
19 -> 19
52 -> 52
89 -> 89
156 -> 156
122 -> 122
119 -> 119
20 -> 20
75 -> 75
104 -> 104
115 -> 115
56 -> 56
16 -> 16
135 -> 135
14 -> 14
88 -> 88
120 -> 120
101 -> 101
153 -> 153
4 -> 4
51 -> 51
85 -> 85
111 -> 111
96 -> 96
136 -> 136
141 -> 141
12 -> 12
62 -> 62
110 -> 110
26 -> 26
27 -> 27
151 -> 151
79 -> 79
68 -> 68
80 -> 80
150 -> 150
6 -> 6
22 -> 22
71 -> 71
146 -> 146
32 -> 32
137 -> 137
143 -> 143
67 -> 67
10 -> 10
144 -> 144
30 -> 30
164 -> 164
40 -> 40
102 -> 102
133 -> 133
166 -> 166
21 -> 21
103 -> 103
