Breakpoint Set at 20:17
Breakpoint Set at 32:11
Breakpoint Set at 212:5
Breakpoint Set at 190:3
Breakpoint Set at 328:3
Breakpoint Set at 91:3
Breakpoint Set at 242:28
Breakpoint Set at 231:5
Breakpoint Set at 311:3
Breakpoint Set at 61:3
Breakpoint Set at 254:3
Breakpoint Set at 43:10
Breakpoint Set at 142:11
Breakpoint Set at 279:3
Breakpoint Set at 333:13
Breakpoint Set at 350:1
Breakpoint Set at 340:5
Breakpoint Set at 343:15
Breakpoint Set at 63:12
Breakpoint Set at 226:5
Breakpoint Set at 71:5
Breakpoint Set at 318:3
Breakpoint Set at 162:3
Breakpoint Set at 26:16
Breakpoint Set at 155:18
Breakpoint Set at 152:11
Breakpoint Set at 78:15
Breakpoint Set at 287:3
Breakpoint Set at 305:3
Breakpoint Set at 104:11
Breakpoint Set at 287:3
Breakpoint Set at 245:3
Breakpoint Set at 253:3
Breakpoint Set at 197:3
Breakpoint Set at 27:18
Paused at 20:17
	Hit Breakpoint(s) 
	Call Stack:  
	Bindings: 
Paused at 343:15
	Hit Breakpoint(s) 
	Call Stack:  
	Bindings: 
Paused at 279:3
	Hit Breakpoint(s) 
	Call Stack: Init 
	Bindings: CubeSize: number = 20
		i: undefined
		j: undefined
		sum: undefined
		vector: undefined
Paused at 287:3
	Hit Breakpoint(s) 
	Call Stack: Init 
	Bindings: CubeSize: number = 20
		i: undefined
		j: undefined
		sum: undefined
		vector: undefined
Paused at 295:3
	Call Stack: Init 
	Bindings: CubeSize: number = 20
		i: undefined
		j: undefined
		sum: undefined
		vector: undefined
Paused at 305:3
	Hit Breakpoint(s) 
	Call Stack: Init 
	Bindings: CubeSize: number = 20
		i: undefined
		j: undefined
		sum: undefined
		vector: undefined
Paused at 311:3
	Hit Breakpoint(s) 
	Call Stack: Init 
	Bindings: CubeSize: number = 20
		i: undefined
		j: undefined
		sum: undefined
		vector: undefined
Paused at 312:16
	Call Stack: Init 
	Bindings: CubeSize: number = 20
		i: undefined
		j: undefined
		sum: undefined
		vector: undefined
Paused at 312:21
	Call Stack: Init 
	Bindings: CubeSize: number = 20
		i: number = 0
		j: undefined
		sum: undefined
		vector: undefined
Paused at 91:3
	Hit Breakpoint(s) 
	Call Stack: CalcNormal, Init 
	Bindings: A: array
		B: array
		i: number = 3
		Length: undefined
		V0: array
		V1: array
		V2: array
Paused at 78:15
	Hit Breakpoint(s) 
	Call Stack: CalcCross, CalcNormal, Init 
	Bindings: Cross: undefined
		V0: array
		V1: array
Paused at 79:3
	Call Stack: CalcCross, CalcNormal, Init 
	Bindings: Cross: array
		V0: array
		V1: array
Paused at 91:3
	Hit Breakpoint(s) 
	Call Stack: CalcNormal, Init 
	Bindings: A: array
		B: array
		i: number = 3
		Length: undefined
		V0: array
		V1: array
		V2: array
Paused at 78:15
	Hit Breakpoint(s) 
	Call Stack: CalcCross, CalcNormal, Init 
	Bindings: Cross: undefined
		V0: array
		V1: array
Paused at 92:21
	Call Stack: CalcNormal, Init 
	Bindings: A: array
		B: array
		i: number = 3
		Length: undefined
		V0: array
		V1: array
		V2: array
Paused at 312:39
	Call Stack: Init 
	Bindings: CubeSize: number = 20
		i: number = 1
		j: undefined
		sum: undefined
		vector: undefined
Paused at 91:3
	Hit Breakpoint(s) 
	Call Stack: CalcNormal, Init 
	Bindings: A: array
		B: array
		i: number = 3
		Length: undefined
		V0: array
		V1: array
		V2: array
Paused at 78:15
	Hit Breakpoint(s) 
	Call Stack: CalcCross, CalcNormal, Init 
	Bindings: Cross: undefined
		V0: array
		V1: array
Paused at 92:21
	Call Stack: CalcNormal, Init 
	Bindings: A: array
		B: array
		i: number = 3
		Length: undefined
		V0: array
		V1: array
		V2: array
Paused at 91:3
	Hit Breakpoint(s) 
	Call Stack: CalcNormal, Init 
	Bindings: A: array
		B: array
		i: number = 3
		Length: undefined
		V0: array
		V1: array
		V2: array
Paused at 78:15
	Hit Breakpoint(s) 
	Call Stack: CalcCross, CalcNormal, Init 
	Bindings: Cross: undefined
		V0: array
		V1: array
Paused at 79:3
	Call Stack: CalcCross, CalcNormal, Init 
	Bindings: Cross: array
		V0: array
		V1: array
Paused at 91:3
	Hit Breakpoint(s) 
	Call Stack: CalcNormal, Init 
	Bindings: A: array
		B: array
		i: number = 3
		Length: undefined
		V0: array
		V1: array
		V2: array
Paused at 78:15
	Hit Breakpoint(s) 
	Call Stack: CalcCross, CalcNormal, Init 
	Bindings: Cross: undefined
		V0: array
		V1: array
Paused at 79:3
	Call Stack: CalcCross, CalcNormal, Init 
	Bindings: Cross: array
		V0: array
		V1: array
Paused at 91:3
	Hit Breakpoint(s) 
	Call Stack: CalcNormal, Init 
	Bindings: A: array
		B: array
		i: number = 3
		Length: undefined
		V0: array
		V1: array
		V2: array
Paused at 78:15
	Hit Breakpoint(s) 
	Call Stack: CalcCross, CalcNormal, Init 
	Bindings: Cross: undefined
		V0: array
		V1: array
Paused at 79:3
	Call Stack: CalcCross, CalcNormal, Init 
	Bindings: Cross: array
		V0: array
		V1: array
Paused at 318:3
	Hit Breakpoint(s) 
	Call Stack: Init 
	Bindings: CubeSize: number = 20
		i: number = 6
		j: undefined
		sum: undefined
		vector: undefined
Paused at 142:11
	Hit Breakpoint(s) 
	Call Stack: Translate, Init 
	Bindings: Dx: number = 150
		Dy: number = 150
		Dz: number = 20
		M: array
		T: undefined
Paused at 104:11
	Hit Breakpoint(s) 
	Call Stack: MMulti, Translate, Init 
	Bindings: i: undefined
		j: undefined
		M: undefined
		M1: array
		M2: array
Paused at 104:11
	Hit Breakpoint(s) 
	Call Stack: MMulti, Init 
	Bindings: i: undefined
		j: undefined
		M: undefined
		M1: array
		M2: array
Paused at 324:11
	Call Stack: Init 
	Bindings: CubeSize: number = 20
		i: number = 360
		j: undefined
		sum: undefined
		vector: undefined
Paused at 325:12
	Call Stack: Init 
	Bindings: CubeSize: number = 20
		i: number = 0
		j: undefined
		sum: undefined
		vector: undefined
Paused at 326:5
	Call Stack: Init 
	Bindings: CubeSize: number = 20
		i: number = 0
		j: undefined
		sum: undefined
		vector: undefined
Paused at 325:18
	Call Stack: Init 
	Bindings: CubeSize: number = 20
		i: number = 0
		j: undefined
		sum: undefined
		vector: undefined
Paused at 325:12
	Call Stack: Init 
	Bindings: CubeSize: number = 20
		i: number = 1
		j: undefined
		sum: undefined
		vector: undefined
Paused at 328:3
	Hit Breakpoint(s) 
	Call Stack: Init 
	Bindings: CubeSize: number = 20
		i: number = 9
		j: undefined
		sum: undefined
		vector: undefined
Paused at 197:3
	Hit Breakpoint(s) 
	Call Stack: DrawQube, Init 
	Bindings: CurN: array
		i: number = 5
Paused at 212:5
	Hit Breakpoint(s) 
	Call Stack: DrawQube, Init 
	Bindings: CurN: array
		i: number = -1
Paused at 26:16
	Hit Breakpoint(s) 
	Call Stack: DrawLine, DrawQube, Init 
	Bindings: Den: undefined
		dx: undefined
		dy: undefined
		From: object
		i: undefined
		IncX1: undefined
		IncX2: undefined
		IncY1: undefined
		IncY2: undefined
		Num: undefined
		NumAdd: undefined
		NumPix: undefined
		To: object
		x: undefined
		x1: number = 130
		x2: undefined
		y: undefined
		y1: undefined
		y2: undefined
Paused at 27:18
	Hit Breakpoint(s) 
	Call Stack: DrawLine, DrawQube, Init 
	Bindings: Den: undefined
		dx: undefined
		dy: undefined
		From: object
		i: undefined
		IncX1: undefined
		IncX2: undefined
		IncY1: undefined
		IncY2: undefined
		Num: undefined
		NumAdd: undefined
		NumPix: undefined
		To: object
		x: undefined
		x1: number = 130
		x2: number = 130
		y: undefined
		y1: undefined
		y2: undefined
Paused at 32:11
	Hit Breakpoint(s) 
	Call Stack: DrawLine, DrawQube, Init 
	Bindings: Den: undefined
		dx: number = 0
		dy: number = 40
		From: object
		i: undefined
		IncX1: undefined
		IncX2: undefined
		IncY1: undefined
		IncY2: undefined
		Num: undefined
		NumAdd: undefined
		NumPix: undefined
		To: object
		x: number = 130
		x1: number = 130
		x2: number = 130
		y: undefined
		y1: number = 130
		y2: number = 170
Paused at 61:3
	Hit Breakpoint(s) 
	Call Stack: DrawLine, DrawQube, Init 
	Bindings: Den: number = 40
		dx: number = 0
		dy: number = 40
		From: object
		i: undefined
		IncX1: number = 1
		IncX2: number = 0
		IncY1: number = 0
		IncY2: number = 1
		Num: number = 20
		NumAdd: number = 0
		NumPix: number = 40
		To: object
		x: number = 130
		x1: number = 130
		x2: number = 130
		y: number = 130
		y1: number = 130
		y2: number = 170
Paused at 63:12
	Hit Breakpoint(s) 
	Call Stack: DrawLine, DrawQube, Init 
	Bindings: Den: number = 40
		dx: number = 0
		dy: number = 40
		From: object
		i: undefined
		IncX1: number = 1
		IncX2: number = 0
		IncY1: number = 0
		IncY2: number = 1
		Num: number = 20
		NumAdd: number = 0
		NumPix: number = 40
		To: object
		x: number = 130
		x1: number = 130
		x2: number = 130
		y: number = 130
		y1: number = 130
		y2: number = 170
Paused at 64:12
	Call Stack: DrawLine, DrawQube, Init 
	Bindings: Den: number = 40
		dx: number = 0
		dy: number = 40
		From: object
		i: number = 0
		IncX1: number = 1
		IncX2: number = 0
		IncY1: number = 0
		IncY2: number = 1
		Num: number = 20
		NumAdd: number = 0
		NumPix: number = 40
		To: object
		x: number = 130
		x1: number = 130
		x2: number = 130
		y: number = 130
		y1: number = 130
		y2: number = 170
Paused at 71:5
	Hit Breakpoint(s) 
	Call Stack: DrawLine, DrawQube, Init 
	Bindings: Den: number = 40
		dx: number = 0
		dy: number = 40
		From: object
		i: number = 0
		IncX1: number = 1
		IncX2: number = 0
		IncY1: number = 0
		IncY2: number = 1
		Num: number = 20
		NumAdd: number = 0
		NumPix: number = 40
		To: object
		x: number = 130
		x1: number = 130
		x2: number = 130
		y: number = 130
		y1: number = 130
		y2: number = 170
Paused at 71:5
	Hit Breakpoint(s) 
	Call Stack: DrawLine, DrawQube, Init 
	Bindings: Den: number = 40
		dx: number = 0
		dy: number = 40
		From: object
		i: number = 1
		IncX1: number = 1
		IncX2: number = 0
		IncY1: number = 0
		IncY2: number = 1
		Num: number = 20
		NumAdd: number = 0
		NumPix: number = 40
		To: object
		x: number = 130
		x1: number = 130
		x2: number = 130
		y: number = 131
		y1: number = 130
		y2: number = 170
Paused at 72:5
	Call Stack: DrawLine, DrawQube, Init 
	Bindings: Den: number = 40
		dx: number = 0
		dy: number = 40
		From: object
		i: number = 1
		IncX1: number = 1
		IncX2: number = 0
		IncY1: number = 0
		IncY2: number = 1
		Num: number = 20
		NumAdd: number = 0
		NumPix: number = 40
		To: object
		x: number = 130
		x1: number = 130
		x2: number = 130
		y: number = 131
		y1: number = 130
		y2: number = 170
Paused at 64:23
	Call Stack: DrawLine, DrawQube, Init 
	Bindings: Den: number = 40
		dx: number = 0
		dy: number = 40
		From: object
		i: number = 1
		IncX1: number = 1
		IncX2: number = 0
		IncY1: number = 0
		IncY2: number = 1
		Num: number = 20
		NumAdd: number = 0
		NumPix: number = 40
		To: object
		x: number = 130
		x1: number = 130
		x2: number = 130
		y: number = 132
		y1: number = 130
		y2: number = 170
Paused at 64:12
	Call Stack: DrawLine, DrawQube, Init 
	Bindings: Den: number = 40
		dx: number = 0
		dy: number = 40
		From: object
		i: number = 2
		IncX1: number = 1
		IncX2: number = 0
		IncY1: number = 0
		IncY2: number = 1
		Num: number = 20
		NumAdd: number = 0
		NumPix: number = 40
		To: object
		x: number = 130
		x1: number = 130
		x2: number = 130
		y: number = 132
		y1: number = 130
		y2: number = 170
Paused at 65:5
	Call Stack: DrawLine, DrawQube, Init 
	Bindings: Den: number = 40
		dx: number = 0
		dy: number = 40
		From: object
		i: number = 2
		IncX1: number = 1
		IncX2: number = 0
		IncY1: number = 0
		IncY2: number = 1
		Num: number = 20
		NumAdd: number = 0
		NumPix: number = 40
		To: object
		x: number = 130
		x1: number = 130
		x2: number = 130
		y: number = 132
		y1: number = 130
		y2: number = 170
Paused at 71:5
	Hit Breakpoint(s) 
	Call Stack: DrawLine, DrawQube, Init 
	Bindings: Den: number = 40
		dx: number = 0
		dy: number = 40
		From: object
		i: number = 2
		IncX1: number = 1
		IncX2: number = 0
		IncY1: number = 0
		IncY2: number = 1
		Num: number = 20
		NumAdd: number = 0
		NumPix: number = 40
		To: object
		x: number = 130
		x1: number = 130
		x2: number = 130
		y: number = 132
		y1: number = 130
		y2: number = 170
Paused at 72:5
	Call Stack: DrawLine, DrawQube, Init 
	Bindings: Den: number = 40
		dx: number = 0
		dy: number = 40
		From: object
		i: number = 2
		IncX1: number = 1
		IncX2: number = 0
		IncY1: number = 0
		IncY2: number = 1
		Num: number = 20
		NumAdd: number = 0
		NumPix: number = 40
		To: object
		x: number = 130
		x1: number = 130
		x2: number = 130
		y: number = 132
		y1: number = 130
		y2: number = 170
Paused at 71:5
	Hit Breakpoint(s) 
	Call Stack: DrawLine, DrawQube, Init 
	Bindings: Den: number = 40
		dx: number = 0
		dy: number = 40
		From: object
		i: number = 3
		IncX1: number = 1
		IncX2: number = 0
		IncY1: number = 0
		IncY2: number = 1
		Num: number = 20
		NumAdd: number = 0
		NumPix: number = 40
		To: object
		x: number = 130
		x1: number = 130
		x2: number = 130
		y: number = 133
		y1: number = 130
		y2: number = 170
Paused at 71:5
	Hit Breakpoint(s) 
	Call Stack: DrawLine, DrawQube, Init 
	Bindings: Den: number = 40
		dx: number = 0
		dy: number = 40
		From: object
		i: number = 4
		IncX1: number = 1
		IncX2: number = 0
		IncY1: number = 0
		IncY2: number = 1
		Num: number = 20
		NumAdd: number = 0
		NumPix: number = 40
		To: object
		x: number = 130
		x1: number = 130
		x2: number = 130
		y: number = 134
		y1: number = 130
		y2: number = 170
Paused at 71:5
	Hit Breakpoint(s) 
	Call Stack: DrawLine, DrawQube, Init 
	Bindings: Den: number = 40
		dx: number = 0
		dy: number = 40
		From: object
		i: number = 5
		IncX1: number = 1
		IncX2: number = 0
		IncY1: number = 0
		IncY2: number = 1
		Num: number = 20
		NumAdd: number = 0
		NumPix: number = 40
		To: object
		x: number = 130
		x1: number = 130
		x2: number = 130
		y: number = 135
		y1: number = 130
		y2: number = 170
Paused at 72:5
	Call Stack: DrawLine, DrawQube, Init 
	Bindings: Den: number = 40
		dx: number = 0
		dy: number = 40
		From: object
		i: number = 5
		IncX1: number = 1
		IncX2: number = 0
		IncY1: number = 0
		IncY2: number = 1
		Num: number = 20
		NumAdd: number = 0
		NumPix: number = 40
		To: object
		x: number = 130
		x1: number = 130
		x2: number = 130
		y: number = 135
		y1: number = 130
		y2: number = 170
Paused at 64:23
	Call Stack: DrawLine, DrawQube, Init 
	Bindings: Den: number = 40
		dx: number = 0
		dy: number = 40
		From: object
		i: number = 5
		IncX1: number = 1
		IncX2: number = 0
		IncY1: number = 0
		IncY2: number = 1
		Num: number = 20
		NumAdd: number = 0
		NumPix: number = 40
		To: object
		x: number = 130
		x1: number = 130
		x2: number = 130
		y: number = 136
		y1: number = 130
		y2: number = 170
Paused at 64:12
	Call Stack: DrawLine, DrawQube, Init 
	Bindings: Den: number = 40
		dx: number = 0
		dy: number = 40
		From: object
		i: number = 6
		IncX1: number = 1
		IncX2: number = 0
		IncY1: number = 0
		IncY2: number = 1
		Num: number = 20
		NumAdd: number = 0
		NumPix: number = 40
		To: object
		x: number = 130
		x1: number = 130
		x2: number = 130
		y: number = 136
		y1: number = 130
		y2: number = 170
Paused at 65:5
	Call Stack: DrawLine, DrawQube, Init 
	Bindings: Den: number = 40
		dx: number = 0
		dy: number = 40
		From: object
		i: number = 6
		IncX1: number = 1
		IncX2: number = 0
		IncY1: number = 0
		IncY2: number = 1
		Num: number = 20
		NumAdd: number = 0
		NumPix: number = 40
		To: object
		x: number = 130
		x1: number = 130
		x2: number = 130
		y: number = 136
		y1: number = 130
		y2: number = 170
Paused at 66:5
	Call Stack: DrawLine, DrawQube, Init 
	Bindings: Den: number = 40
		dx: number = 0
		dy: number = 40
		From: object
		i: number = 6
		IncX1: number = 1
		IncX2: number = 0
		IncY1: number = 0
		IncY2: number = 1
		Num: number = 20
		NumAdd: number = 0
		NumPix: number = 40
		To: object
		x: number = 130
		x1: number = 130
		x2: number = 130
		y: number = 136
		y1: number = 130
		y2: number = 170
Paused at 71:5
	Hit Breakpoint(s) 
	Call Stack: DrawLine, DrawQube, Init 
	Bindings: Den: number = 40
		dx: number = 0
		dy: number = 40
		From: object
		i: number = 6
		IncX1: number = 1
		IncX2: number = 0
		IncY1: number = 0
		IncY2: number = 1
		Num: number = 20
		NumAdd: number = 0
		NumPix: number = 40
		To: object
		x: number = 130
		x1: number = 130
		x2: number = 130
		y: number = 136
		y1: number = 130
		y2: number = 170
Paused at 72:5
	Call Stack: DrawLine, DrawQube, Init 
	Bindings: Den: number = 40
		dx: number = 0
		dy: number = 40
		From: object
		i: number = 6
		IncX1: number = 1
		IncX2: number = 0
		IncY1: number = 0
		IncY2: number = 1
		Num: number = 20
		NumAdd: number = 0
		NumPix: number = 40
		To: object
		x: number = 130
		x1: number = 130
		x2: number = 130
		y: number = 136
		y1: number = 130
		y2: number = 170
Paused at 71:5
	Hit Breakpoint(s) 
	Call Stack: DrawLine, DrawQube, Init 
	Bindings: Den: number = 40
		dx: number = 0
		dy: number = 40
		From: object
		i: number = 7
		IncX1: number = 1
		IncX2: number = 0
		IncY1: number = 0
		IncY2: number = 1
		Num: number = 20
		NumAdd: number = 0
		NumPix: number = 40
		To: object
		x: number = 130
		x1: number = 130
		x2: number = 130
		y: number = 137
		y1: number = 130
		y2: number = 170
Paused at 72:5
	Call Stack: DrawLine, DrawQube, Init 
	Bindings: Den: number = 40
		dx: number = 0
		dy: number = 40
		From: object
		i: number = 7
		IncX1: number = 1
		IncX2: number = 0
		IncY1: number = 0
		IncY2: number = 1
		Num: number = 20
		NumAdd: number = 0
		NumPix: number = 40
		To: object
		x: number = 130
		x1: number = 130
		x2: number = 130
		y: number = 137
		y1: number = 130
		y2: number = 170
Paused at 71:5
	Hit Breakpoint(s) 
	Call Stack: DrawLine, DrawQube, Init 
	Bindings: Den: number = 40
		dx: number = 0
		dy: number = 40
		From: object
		i: number = 8
		IncX1: number = 1
		IncX2: number = 0
		IncY1: number = 0
		IncY2: number = 1
		Num: number = 20
		NumAdd: number = 0
		NumPix: number = 40
		To: object
		x: number = 130
		x1: number = 130
		x2: number = 130
		y: number = 138
		y1: number = 130
		y2: number = 170
Paused at 71:5
	Hit Breakpoint(s) 
	Call Stack: DrawLine, DrawQube, Init 
	Bindings: Den: number = 40
		dx: number = 0
		dy: number = 40
		From: object
		i: number = 9
		IncX1: number = 1
		IncX2: number = 0
		IncY1: number = 0
		IncY2: number = 1
		Num: number = 20
		NumAdd: number = 0
		NumPix: number = 40
		To: object
		x: number = 130
		x1: number = 130
		x2: number = 130
		y: number = 139
		y1: number = 130
		y2: number = 170
Paused at 72:5
	Call Stack: DrawLine, DrawQube, Init 
	Bindings: Den: number = 40
		dx: number = 0
		dy: number = 40
		From: object
		i: number = 9
		IncX1: number = 1
		IncX2: number = 0
		IncY1: number = 0
		IncY2: number = 1
		Num: number = 20
		NumAdd: number = 0
		NumPix: number = 40
		To: object
		x: number = 130
		x1: number = 130
		x2: number = 130
		y: number = 139
		y1: number = 130
		y2: number = 170
Paused at 71:5
	Hit Breakpoint(s) 
	Call Stack: DrawLine, DrawQube, Init 
	Bindings: Den: number = 40
		dx: number = 0
		dy: number = 40
		From: object
		i: number = 10
		IncX1: number = 1
		IncX2: number = 0
		IncY1: number = 0
		IncY2: number = 1
		Num: number = 20
		NumAdd: number = 0
		NumPix: number = 40
		To: object
		x: number = 130
		x1: number = 130
		x2: number = 130
		y: number = 140
		y1: number = 130
		y2: number = 170
Paused at 71:5
	Hit Breakpoint(s) 
	Call Stack: DrawLine, DrawQube, Init 
	Bindings: Den: number = 40
		dx: number = 0
		dy: number = 40
		From: object
		i: number = 11
		IncX1: number = 1
		IncX2: number = 0
		IncY1: number = 0
		IncY2: number = 1
		Num: number = 20
		NumAdd: number = 0
		NumPix: number = 40
		To: object
		x: number = 130
		x1: number = 130
		x2: number = 130
		y: number = 141
		y1: number = 130
		y2: number = 170
Paused at 72:5
	Call Stack: DrawLine, DrawQube, Init 
	Bindings: Den: number = 40
		dx: number = 0
		dy: number = 40
		From: object
		i: number = 11
		IncX1: number = 1
		IncX2: number = 0
		IncY1: number = 0
		IncY2: number = 1
		Num: number = 20
		NumAdd: number = 0
		NumPix: number = 40
		To: object
		x: number = 130
		x1: number = 130
		x2: number = 130
		y: number = 141
		y1: number = 130
		y2: number = 170
Paused at 71:5
	Hit Breakpoint(s) 
	Call Stack: DrawLine, DrawQube, Init 
	Bindings: Den: number = 40
		dx: number = 0
		dy: number = 40
		From: object
		i: number = 12
		IncX1: number = 1
		IncX2: number = 0
		IncY1: number = 0
		IncY2: number = 1
		Num: number = 20
		NumAdd: number = 0
		NumPix: number = 40
		To: object
		x: number = 130
		x1: number = 130
		x2: number = 130
		y: number = 142
		y1: number = 130
		y2: number = 170
Paused at 71:5
	Hit Breakpoint(s) 
	Call Stack: DrawLine, DrawQube, Init 
	Bindings: Den: number = 40
		dx: number = 0
		dy: number = 40
		From: object
		i: number = 13
		IncX1: number = 1
		IncX2: number = 0
		IncY1: number = 0
		IncY2: number = 1
		Num: number = 20
		NumAdd: number = 0
		NumPix: number = 40
		To: object
		x: number = 130
		x1: number = 130
		x2: number = 130
		y: number = 143
		y1: number = 130
		y2: number = 170
Paused at 72:5
	Call Stack: DrawLine, DrawQube, Init 
	Bindings: Den: number = 40
		dx: number = 0
		dy: number = 40
		From: object
		i: number = 13
		IncX1: number = 1
		IncX2: number = 0
		IncY1: number = 0
		IncY2: number = 1
		Num: number = 20
		NumAdd: number = 0
		NumPix: number = 40
		To: object
		x: number = 130
		x1: number = 130
		x2: number = 130
		y: number = 143
		y1: number = 130
		y2: number = 170
Paused at 71:5
	Hit Breakpoint(s) 
	Call Stack: DrawLine, DrawQube, Init 
	Bindings: Den: number = 40
		dx: number = 0
		dy: number = 40
		From: object
		i: number = 14
		IncX1: number = 1
		IncX2: number = 0
		IncY1: number = 0
		IncY2: number = 1
		Num: number = 20
		NumAdd: number = 0
		NumPix: number = 40
		To: object
		x: number = 130
		x1: number = 130
		x2: number = 130
		y: number = 144
		y1: number = 130
		y2: number = 170
Paused at 71:5
	Hit Breakpoint(s) 
	Call Stack: DrawLine, DrawQube, Init 
	Bindings: Den: number = 40
		dx: number = 0
		dy: number = 40
		From: object
		i: number = 15
		IncX1: number = 1
		IncX2: number = 0
		IncY1: number = 0
		IncY2: number = 1
		Num: number = 20
		NumAdd: number = 0
		NumPix: number = 40
		To: object
		x: number = 130
		x1: number = 130
		x2: number = 130
		y: number = 145
		y1: number = 130
		y2: number = 170
Paused at 71:5
	Hit Breakpoint(s) 
	Call Stack: DrawLine, DrawQube, Init 
	Bindings: Den: number = 40
		dx: number = 0
		dy: number = 40
		From: object
		i: number = 16
		IncX1: number = 1
		IncX2: number = 0
		IncY1: number = 0
		IncY2: number = 1
		Num: number = 20
		NumAdd: number = 0
		NumPix: number = 40
		To: object
		x: number = 130
		x1: number = 130
		x2: number = 130
		y: number = 146
		y1: number = 130
		y2: number = 170
Paused at 71:5
	Hit Breakpoint(s) 
	Call Stack: DrawLine, DrawQube, Init 
	Bindings: Den: number = 40
		dx: number = 0
		dy: number = 40
		From: object
		i: number = 17
		IncX1: number = 1
		IncX2: number = 0
		IncY1: number = 0
		IncY2: number = 1
		Num: number = 20
		NumAdd: number = 0
		NumPix: number = 40
		To: object
		x: number = 130
		x1: number = 130
		x2: number = 130
		y: number = 147
		y1: number = 130
		y2: number = 170
Paused at 72:5
	Call Stack: DrawLine, DrawQube, Init 
	Bindings: Den: number = 40
		dx: number = 0
		dy: number = 40
		From: object
		i: number = 17
		IncX1: number = 1
		IncX2: number = 0
		IncY1: number = 0
		IncY2: number = 1
		Num: number = 20
		NumAdd: number = 0
		NumPix: number = 40
		To: object
		x: number = 130
		x1: number = 130
		x2: number = 130
		y: number = 147
		y1: number = 130
		y2: number = 170
Paused at 64:23
	Call Stack: DrawLine, DrawQube, Init 
	Bindings: Den: number = 40
		dx: number = 0
		dy: number = 40
		From: object
		i: number = 17
		IncX1: number = 1
		IncX2: number = 0
		IncY1: number = 0
		IncY2: number = 1
		Num: number = 20
		NumAdd: number = 0
		NumPix: number = 40
		To: object
		x: number = 130
		x1: number = 130
		x2: number = 130
		y: number = 148
		y1: number = 130
		y2: number = 170
Paused at 64:12
	Call Stack: DrawLine, DrawQube, Init 
	Bindings: Den: number = 40
		dx: number = 0
		dy: number = 40
		From: object
		i: number = 18
		IncX1: number = 1
		IncX2: number = 0
		IncY1: number = 0
		IncY2: number = 1
		Num: number = 20
		NumAdd: number = 0
		NumPix: number = 40
		To: object
		x: number = 130
		x1: number = 130
		x2: number = 130
		y: number = 148
		y1: number = 130
		y2: number = 170
Paused at 65:5
	Call Stack: DrawLine, DrawQube, Init 
	Bindings: Den: number = 40
		dx: number = 0
		dy: number = 40
		From: object
		i: number = 18
		IncX1: number = 1
		IncX2: number = 0
		IncY1: number = 0
		IncY2: number = 1
		Num: number = 20
		NumAdd: number = 0
		NumPix: number = 40
		To: object
		x: number = 130
		x1: number = 130
		x2: number = 130
		y: number = 148
		y1: number = 130
		y2: number = 170
Paused at 71:5
	Hit Breakpoint(s) 
	Call Stack: DrawLine, DrawQube, Init 
	Bindings: Den: number = 40
		dx: number = 0
		dy: number = 40
		From: object
		i: number = 18
		IncX1: number = 1
		IncX2: number = 0
		IncY1: number = 0
		IncY2: number = 1
		Num: number = 20
		NumAdd: number = 0
		NumPix: number = 40
		To: object
		x: number = 130
		x1: number = 130
		x2: number = 130
		y: number = 148
		y1: number = 130
		y2: number = 170
Paused at 72:5
	Call Stack: DrawLine, DrawQube, Init 
	Bindings: Den: number = 40
		dx: number = 0
		dy: number = 40
		From: object
		i: number = 18
		IncX1: number = 1
		IncX2: number = 0
		IncY1: number = 0
		IncY2: number = 1
		Num: number = 20
		NumAdd: number = 0
		NumPix: number = 40
		To: object
		x: number = 130
		x1: number = 130
		x2: number = 130
		y: number = 148
		y1: number = 130
		y2: number = 170
Paused at 71:5
	Hit Breakpoint(s) 
	Call Stack: DrawLine, DrawQube, Init 
	Bindings: Den: number = 40
		dx: number = 0
		dy: number = 40
		From: object
		i: number = 19
		IncX1: number = 1
		IncX2: number = 0
		IncY1: number = 0
		IncY2: number = 1
		Num: number = 20
		NumAdd: number = 0
		NumPix: number = 40
		To: object
		x: number = 130
		x1: number = 130
		x2: number = 130
		y: number = 149
		y1: number = 130
		y2: number = 170
Paused at 71:5
	Hit Breakpoint(s) 
	Call Stack: DrawLine, DrawQube, Init 
	Bindings: Den: number = 40
		dx: number = 0
		dy: number = 40
		From: object
		i: number = 20
		IncX1: number = 1
		IncX2: number = 0
		IncY1: number = 0
		IncY2: number = 1
		Num: number = 20
		NumAdd: number = 0
		NumPix: number = 40
		To: object
		x: number = 130
		x1: number = 130
		x2: number = 130
		y: number = 150
		y1: number = 130
		y2: number = 170
Paused at 72:5
	Call Stack: DrawLine, DrawQube, Init 
	Bindings: Den: number = 40
		dx: number = 0
		dy: number = 40
		From: object
		i: number = 20
		IncX1: number = 1
		IncX2: number = 0
		IncY1: number = 0
		IncY2: number = 1
		Num: number = 20
		NumAdd: number = 0
		NumPix: number = 40
		To: object
		x: number = 130
		x1: number = 130
		x2: number = 130
		y: number = 150
		y1: number = 130
		y2: number = 170
Paused at 64:23
	Call Stack: DrawLine, DrawQube, Init 
	Bindings: Den: number = 40
		dx: number = 0
		dy: number = 40
		From: object
		i: number = 20
		IncX1: number = 1
		IncX2: number = 0
		IncY1: number = 0
		IncY2: number = 1
		Num: number = 20
		NumAdd: number = 0
		NumPix: number = 40
		To: object
		x: number = 130
		x1: number = 130
		x2: number = 130
		y: number = 151
		y1: number = 130
		y2: number = 170
Paused at 71:5
	Hit Breakpoint(s) 
	Call Stack: DrawLine, DrawQube, Init 
	Bindings: Den: number = 40
		dx: number = 0
		dy: number = 40
		From: object
		i: number = 21
		IncX1: number = 1
		IncX2: number = 0
		IncY1: number = 0
		IncY2: number = 1
		Num: number = 20
		NumAdd: number = 0
		NumPix: number = 40
		To: object
		x: number = 130
		x1: number = 130
		x2: number = 130
		y: number = 151
		y1: number = 130
		y2: number = 170
Paused at 71:5
	Hit Breakpoint(s) 
	Call Stack: DrawLine, DrawQube, Init 
	Bindings: Den: number = 40
		dx: number = 0
		dy: number = 40
		From: object
		i: number = 22
		IncX1: number = 1
		IncX2: number = 0
		IncY1: number = 0
		IncY2: number = 1
		Num: number = 20
		NumAdd: number = 0
		NumPix: number = 40
		To: object
		x: number = 130
		x1: number = 130
		x2: number = 130
		y: number = 152
		y1: number = 130
		y2: number = 170
Paused at 72:5
	Call Stack: DrawLine, DrawQube, Init 
	Bindings: Den: number = 40
		dx: number = 0
		dy: number = 40
		From: object
		i: number = 22
		IncX1: number = 1
		IncX2: number = 0
		IncY1: number = 0
		IncY2: number = 1
		Num: number = 20
		NumAdd: number = 0
		NumPix: number = 40
		To: object
		x: number = 130
		x1: number = 130
		x2: number = 130
		y: number = 152
		y1: number = 130
		y2: number = 170
Paused at 64:23
	Call Stack: DrawLine, DrawQube, Init 
	Bindings: Den: number = 40
		dx: number = 0
		dy: number = 40
		From: object
		i: number = 22
		IncX1: number = 1
		IncX2: number = 0
		IncY1: number = 0
		IncY2: number = 1
		Num: number = 20
		NumAdd: number = 0
		NumPix: number = 40
		To: object
		x: number = 130
		x1: number = 130
		x2: number = 130
		y: number = 153
		y1: number = 130
		y2: number = 170
Paused at 64:12
	Call Stack: DrawLine, DrawQube, Init 
	Bindings: Den: number = 40
		dx: number = 0
		dy: number = 40
		From: object
		i: number = 23
		IncX1: number = 1
		IncX2: number = 0
		IncY1: number = 0
		IncY2: number = 1
		Num: number = 20
		NumAdd: number = 0
		NumPix: number = 40
		To: object
		x: number = 130
		x1: number = 130
		x2: number = 130
		y: number = 153
		y1: number = 130
		y2: number = 170
Paused at 71:5
	Hit Breakpoint(s) 
	Call Stack: DrawLine, DrawQube, Init 
	Bindings: Den: number = 40
		dx: number = 0
		dy: number = 40
		From: object
		i: number = 23
		IncX1: number = 1
		IncX2: number = 0
		IncY1: number = 0
		IncY2: number = 1
		Num: number = 20
		NumAdd: number = 0
		NumPix: number = 40
		To: object
		x: number = 130
		x1: number = 130
		x2: number = 130
		y: number = 153
		y1: number = 130
		y2: number = 170
Paused at 72:5
	Call Stack: DrawLine, DrawQube, Init 
	Bindings: Den: number = 40
		dx: number = 0
		dy: number = 40
		From: object
		i: number = 23
		IncX1: number = 1
		IncX2: number = 0
		IncY1: number = 0
		IncY2: number = 1
		Num: number = 20
		NumAdd: number = 0
		NumPix: number = 40
		To: object
		x: number = 130
		x1: number = 130
		x2: number = 130
		y: number = 153
		y1: number = 130
		y2: number = 170
Paused at 71:5
	Hit Breakpoint(s) 
	Call Stack: DrawLine, DrawQube, Init 
	Bindings: Den: number = 40
		dx: number = 0
		dy: number = 40
		From: object
		i: number = 24
		IncX1: number = 1
		IncX2: number = 0
		IncY1: number = 0
		IncY2: number = 1
		Num: number = 20
		NumAdd: number = 0
		NumPix: number = 40
		To: object
		x: number = 130
		x1: number = 130
		x2: number = 130
		y: number = 154
		y1: number = 130
		y2: number = 170
Paused at 72:5
	Call Stack: DrawLine, DrawQube, Init 
	Bindings: Den: number = 40
		dx: number = 0
		dy: number = 40
		From: object
		i: number = 24
		IncX1: number = 1
		IncX2: number = 0
		IncY1: number = 0
		IncY2: number = 1
		Num: number = 20
		NumAdd: number = 0
		NumPix: number = 40
		To: object
		x: number = 130
		x1: number = 130
		x2: number = 130
		y: number = 154
		y1: number = 130
		y2: number = 170
Paused at 64:23
	Call Stack: DrawLine, DrawQube, Init 
	Bindings: Den: number = 40
		dx: number = 0
		dy: number = 40
		From: object
		i: number = 24
		IncX1: number = 1
		IncX2: number = 0
		IncY1: number = 0
		IncY2: number = 1
		Num: number = 20
		NumAdd: number = 0
		NumPix: number = 40
		To: object
		x: number = 130
		x1: number = 130
		x2: number = 130
		y: number = 155
		y1: number = 130
		y2: number = 170
Paused at 64:12
	Call Stack: DrawLine, DrawQube, Init 
	Bindings: Den: number = 40
		dx: number = 0
		dy: number = 40
		From: object
		i: number = 25
		IncX1: number = 1
		IncX2: number = 0
		IncY1: number = 0
		IncY2: number = 1
		Num: number = 20
		NumAdd: number = 0
		NumPix: number = 40
		To: object
		x: number = 130
		x1: number = 130
		x2: number = 130
		y: number = 155
		y1: number = 130
		y2: number = 170
Paused at 71:5
	Hit Breakpoint(s) 
	Call Stack: DrawLine, DrawQube, Init 
	Bindings: Den: number = 40
		dx: number = 0
		dy: number = 40
		From: object
		i: number = 25
		IncX1: number = 1
		IncX2: number = 0
		IncY1: number = 0
		IncY2: number = 1
		Num: number = 20
		NumAdd: number = 0
		NumPix: number = 40
		To: object
		x: number = 130
		x1: number = 130
		x2: number = 130
		y: number = 155
		y1: number = 130
		y2: number = 170
