Breakpoint Set at 17:15
Breakpoint Set at 124:13
Breakpoint Set at 254:16
Breakpoint Set at 290:11
Breakpoint Set at 419:16
Breakpoint Set at 108:3
Breakpoint Set at 290:11
Breakpoint Set at 290:11
Breakpoint Set at 370:9
Breakpoint Set at 71:3
Breakpoint Set at 304:7
Breakpoint Set at 50:16
Breakpoint Set at 169:21
Breakpoint Set at 329:7
Breakpoint Set at 419:16
Breakpoint Set at 372:3
Breakpoint Set at 419:16
Breakpoint Set at 24:5
Breakpoint Set at 71:3
Breakpoint Set at 270:5
Breakpoint Set at 124:13
Breakpoint Set at 385:17
Breakpoint Set at 188:25
Breakpoint Set at 26:5
Breakpoint Set at 183:14
Breakpoint Set at 178:22
Breakpoint Set at 88:11
Breakpoint Set at 335:7
Breakpoint Set at 366:3
Breakpoint Set at 118:14
Breakpoint Set at 340:4
Breakpoint Set at 293:44
Breakpoint Set at 302:7
Breakpoint Set at 233:21
Breakpoint Set at 177:19
Breakpoint Set at 419:16
Breakpoint Set at 325:7
Breakpoint Set at 112:14
Breakpoint Set at 385:17
Breakpoint Set at 307:7
Breakpoint Set at 377:11
Breakpoint Set at 84:12
Paused at 124:13
	Hit Breakpoint(s) 
	Call Stack:  
	Bindings: 
Paused at 290:11
	Hit Breakpoint(s) 
	Call Stack:  
	Bindings: 
Paused at 385:17
	Hit Breakpoint(s) 
	Call Stack:  
	Bindings: 
Paused at 419:16
	Hit Breakpoint(s) 
	Call Stack:  
	Bindings: 
Paused at 421:18
	Call Stack:  
	Bindings: 
Paused at 169:21
	Hit Breakpoint(s) 
	Call Stack: AESEncryptCtr 
	Bindings: b: undefined
		blockCount: undefined
		blockLength: undefined
		blockSize: undefined
		c: undefined
		cipherByte: undefined
		cipherCntr: undefined
		ciphertext: undefined
		counterBlock: undefined
		ct: undefined
		ctrTxt: undefined
		i: undefined
		key: undefined
		keySchedule: undefined
		nBits: number = 256
		nBytes: undefined
		nonce: undefined
		password: string = thou Romeo?
		plaintext: string = hrough yonder window breaks?
It is the east, and Juliet is the sun.
Arise, fair sun, and kill the envious moon,
Who is already sick and pale with grief,
That thou her maid art far more fair than she:
Be not her maid, since she is envious;
Her vestal livery is but sick and green
And none but fools do wear it; cast it off.
It is my lady, O, it is my love!
O, that she knew she were!
She speaks yet she says nothing: what of that?
Her eye discourses; I will answer it.
I am too bold, 'tis not to me she speaks:
Two of the fairest stars in all the heaven,
Having some business, do entreat her eyes
To twinkle in their spheres till they return.
What if her eyes were there, they in her head?
The brightness of her cheek would shame those stars,
As daylight doth a lamp; her eyes in heaven
Would through the airy region stream so bright
That birds would sing and think it were not night.
See, how she leans her cheek upon her hand!
O, that I were a glove upon that hand,
That I might touch that cheek!
JULIET: Ay me!
ROMEO: She speaks:
O, speak again, bright angel! for thou art
As glorious to this night, being o'er my head
As is a winged messenger of heaven
Unto the white-upturned wondering eyes
Of mortals that fall back to gaze on him
When he bestrides the lazy-pacing clouds
And sails upon the bosom of the air.
		plaintextByte: undefined
		pwBytes: undefined
Paused at 84:12
	Hit Breakpoint(s) 
	Call Stack: KeyExpansion, AESEncryptCtr 
	Bindings: i: undefined
		key: array
		Nb: undefined
		Nk: undefined
		Nr: undefined
		r: undefined
		t: undefined
		temp: undefined
		w: undefined
Paused at 85:22
	Call Stack: KeyExpansion, AESEncryptCtr 
	Bindings: i: undefined
		key: array
		Nb: number = 4
		Nk: undefined
		Nr: undefined
		r: undefined
		t: undefined
		temp: undefined
		w: undefined
Paused at 86:15
	Call Stack: KeyExpansion, AESEncryptCtr 
	Bindings: i: undefined
		key: array
		Nb: number = 4
		Nk: number = 8
		Nr: undefined
		r: undefined
		t: undefined
		temp: undefined
		w: undefined
Paused at 88:11
	Hit Breakpoint(s) 
	Call Stack: KeyExpansion, AESEncryptCtr 
	Bindings: i: undefined
		key: array
		Nb: number = 4
		Nk: number = 8
		Nr: number = 14
		r: undefined
		t: undefined
		temp: undefined
		w: undefined
Paused at 118:14
	Hit Breakpoint(s) 
	Call Stack: RotWord, KeyExpansion, AESEncryptCtr 
	Bindings: i: undefined
		w: array
Paused at 118:18
	Call Stack: RotWord, KeyExpansion, AESEncryptCtr 
	Bindings: i: number = 0
		w: array
Paused at 112:14
	Hit Breakpoint(s) 
	Call Stack: SubWord, KeyExpansion, AESEncryptCtr 
	Bindings: i: undefined
		w: array
Paused at 112:18
	Call Stack: SubWord, KeyExpansion, AESEncryptCtr 
	Bindings: i: number = 0
		w: array
Paused at 101:18
	Call Stack: KeyExpansion, AESEncryptCtr 
	Bindings: i: number = 8
		key: array
		Nb: number = 4
		Nk: number = 8
		Nr: number = 14
		r: array
		t: number = 4
		temp: array
		w: array
Paused at 112:14
	Hit Breakpoint(s) 
	Call Stack: SubWord, KeyExpansion, AESEncryptCtr 
	Bindings: i: undefined
		w: array
Paused at 105:16
	Call Stack: KeyExpansion, AESEncryptCtr 
	Bindings: i: number = 12
		key: array
		Nb: number = 4
		Nk: number = 8
		Nr: number = 14
		r: array
		t: number = 4
		temp: array
		w: array
Paused at 118:14
	Hit Breakpoint(s) 
	Call Stack: RotWord, KeyExpansion, AESEncryptCtr 
	Bindings: i: undefined
		w: array
Paused at 100:14
	Call Stack: KeyExpansion, AESEncryptCtr 
	Bindings: i: number = 16
		key: array
		Nb: number = 4
		Nk: number = 8
		Nr: number = 14
		r: array
		t: number = 4
		temp: array
		w: array
Paused at 112:14
	Hit Breakpoint(s) 
	Call Stack: SubWord, KeyExpansion, AESEncryptCtr 
	Bindings: i: undefined
		w: array
Paused at 112:14
	Hit Breakpoint(s) 
	Call Stack: SubWord, KeyExpansion, AESEncryptCtr 
	Bindings: i: undefined
		w: array
Paused at 112:18
	Call Stack: SubWord, KeyExpansion, AESEncryptCtr 
	Bindings: i: number = 0
		w: array
Paused at 118:14
	Hit Breakpoint(s) 
	Call Stack: RotWord, KeyExpansion, AESEncryptCtr 
	Bindings: i: undefined
		w: array
Paused at 100:14
	Call Stack: KeyExpansion, AESEncryptCtr 
	Bindings: i: number = 24
		key: array
		Nb: number = 4
		Nk: number = 8
		Nr: number = 14
		r: array
		t: number = 4
		temp: array
		w: array
Paused at 112:14
	Hit Breakpoint(s) 
	Call Stack: SubWord, KeyExpansion, AESEncryptCtr 
	Bindings: i: undefined
		w: array
Paused at 112:14
	Hit Breakpoint(s) 
	Call Stack: SubWord, KeyExpansion, AESEncryptCtr 
	Bindings: i: undefined
		w: array
Paused at 112:18
	Call Stack: SubWord, KeyExpansion, AESEncryptCtr 
	Bindings: i: number = 0
		w: array
Paused at 112:27
	Call Stack: SubWord, KeyExpansion, AESEncryptCtr 
	Bindings: i: number = 0
		w: array
Paused at 118:14
	Hit Breakpoint(s) 
	Call Stack: RotWord, KeyExpansion, AESEncryptCtr 
	Bindings: i: undefined
		w: array
Paused at 100:14
	Call Stack: KeyExpansion, AESEncryptCtr 
	Bindings: i: number = 32
		key: array
		Nb: number = 4
		Nk: number = 8
		Nr: number = 14
		r: array
		t: number = 4
		temp: array
		w: array
Paused at 112:14
	Hit Breakpoint(s) 
	Call Stack: SubWord, KeyExpansion, AESEncryptCtr 
	Bindings: i: undefined
		w: array
Paused at 112:14
	Hit Breakpoint(s) 
	Call Stack: SubWord, KeyExpansion, AESEncryptCtr 
	Bindings: i: undefined
		w: array
Paused at 105:16
	Call Stack: KeyExpansion, AESEncryptCtr 
	Bindings: i: number = 36
		key: array
		Nb: number = 4
		Nk: number = 8
		Nr: number = 14
		r: array
		t: number = 4
		temp: array
		w: array
Paused at 105:20
	Call Stack: KeyExpansion, AESEncryptCtr 
	Bindings: i: number = 36
		key: array
		Nb: number = 4
		Nk: number = 8
		Nr: number = 14
		r: array
		t: number = 0
		temp: array
		w: array
Paused at 105:29
	Call Stack: KeyExpansion, AESEncryptCtr 
	Bindings: i: number = 36
		key: array
		Nb: number = 4
		Nk: number = 8
		Nr: number = 14
		r: array
		t: number = 0
		temp: array
		w: array
Paused at 105:25
	Call Stack: KeyExpansion, AESEncryptCtr 
	Bindings: i: number = 36
		key: array
		Nb: number = 4
		Nk: number = 8
		Nr: number = 14
		r: array
		t: number = 0
		temp: array
		w: array
Paused at 105:20
	Call Stack: KeyExpansion, AESEncryptCtr 
	Bindings: i: number = 36
		key: array
		Nb: number = 4
		Nk: number = 8
		Nr: number = 14
		r: array
		t: number = 1
		temp: array
		w: array
Paused at 118:14
	Hit Breakpoint(s) 
	Call Stack: RotWord, KeyExpansion, AESEncryptCtr 
	Bindings: i: undefined
		w: array
Paused at 118:18
	Call Stack: RotWord, KeyExpansion, AESEncryptCtr 
	Bindings: i: number = 0
		w: array
Paused at 112:14
	Hit Breakpoint(s) 
	Call Stack: SubWord, KeyExpansion, AESEncryptCtr 
	Bindings: i: undefined
		w: array
Paused at 101:18
	Call Stack: KeyExpansion, AESEncryptCtr 
	Bindings: i: number = 40
		key: array
		Nb: number = 4
		Nk: number = 8
		Nr: number = 14
		r: array
		t: number = 4
		temp: array
		w: array
Paused at 101:22
	Call Stack: KeyExpansion, AESEncryptCtr 
	Bindings: i: number = 40
		key: array
		Nb: number = 4
		Nk: number = 8
		Nr: number = 14
		r: array
		t: number = 0
		temp: array
		w: array
Paused at 112:14
	Hit Breakpoint(s) 
	Call Stack: SubWord, KeyExpansion, AESEncryptCtr 
	Bindings: i: undefined
		w: array
Paused at 118:14
	Hit Breakpoint(s) 
	Call Stack: RotWord, KeyExpansion, AESEncryptCtr 
	Bindings: i: undefined
		w: array
Paused at 112:14
	Hit Breakpoint(s) 
	Call Stack: SubWord, KeyExpansion, AESEncryptCtr 
	Bindings: i: undefined
		w: array
Paused at 112:18
	Call Stack: SubWord, KeyExpansion, AESEncryptCtr 
	Bindings: i: number = 0
		w: array
Paused at 101:18
	Call Stack: KeyExpansion, AESEncryptCtr 
	Bindings: i: number = 48
		key: array
		Nb: number = 4
		Nk: number = 8
		Nr: number = 14
		r: array
		t: number = 4
		temp: array
		w: array
Paused at 112:14
	Hit Breakpoint(s) 
	Call Stack: SubWord, KeyExpansion, AESEncryptCtr 
	Bindings: i: undefined
		w: array
Paused at 112:18
	Call Stack: SubWord, KeyExpansion, AESEncryptCtr 
	Bindings: i: number = 0
		w: array
Paused at 112:27
	Call Stack: SubWord, KeyExpansion, AESEncryptCtr 
	Bindings: i: number = 0
		w: array
Paused at 112:23
	Call Stack: SubWord, KeyExpansion, AESEncryptCtr 
	Bindings: i: number = 0
		w: array
Paused at 112:18
	Call Stack: SubWord, KeyExpansion, AESEncryptCtr 
	Bindings: i: number = 1
		w: array
Paused at 118:14
	Hit Breakpoint(s) 
	Call Stack: RotWord, KeyExpansion, AESEncryptCtr 
	Bindings: i: undefined
		w: array
Paused at 118:18
	Call Stack: RotWord, KeyExpansion, AESEncryptCtr 
	Bindings: i: number = 0
		w: array
Paused at 112:14
	Hit Breakpoint(s) 
	Call Stack: SubWord, KeyExpansion, AESEncryptCtr 
	Bindings: i: undefined
		w: array
Paused at 101:18
	Call Stack: KeyExpansion, AESEncryptCtr 
	Bindings: i: number = 56
		key: array
		Nb: number = 4
		Nk: number = 8
		Nr: number = 14
		r: array
		t: number = 4
		temp: array
		w: array
Paused at 108:3
	Hit Breakpoint(s) 
	Call Stack: KeyExpansion, AESEncryptCtr 
	Bindings: i: number = 60
		key: array
		Nb: number = 4
		Nk: number = 8
		Nr: number = 14
		r: array
		t: number = 4
		temp: array
		w: array
Paused at 109:1
	Call Stack: KeyExpansion, AESEncryptCtr 
	Bindings: i: number = 60
		key: array
		Nb: number = 4
		Nk: number = 8
		Nr: number = 14
		r: array
		t: number = 4
		temp: array
		w: array
Paused at 172:13
	Call Stack: AESEncryptCtr 
	Bindings: b: undefined
		blockCount: undefined
		blockLength: undefined
		blockSize: undefined
		c: undefined
		cipherByte: undefined
		cipherCntr: undefined
		ciphertext: undefined
		counterBlock: undefined
		ct: undefined
		ctrTxt: undefined
		i: number = 32
		key: undefined
		keySchedule: undefined
		nBits: number = 256
		nBytes: number = 32
		nonce: undefined
		password: string = thou Romeo?
		plaintext: string = hrough yonder window breaks?
It is the east, and Juliet is the sun.
Arise, fair sun, and kill the envious moon,
Who is already sick and pale with grief,
That thou her maid art far more fair than she:
Be not her maid, since she is envious;
Her vestal livery is but sick and green
And none but fools do wear it; cast it off.
It is my lady, O, it is my love!
O, that she knew she were!
She speaks yet she says nothing: what of that?
Her eye discourses; I will answer it.
I am too bold, 'tis not to me she speaks:
Two of the fairest stars in all the heaven,
Having some business, do entreat her eyes
To twinkle in their spheres till they return.
What if her eyes were there, they in her head?
The brightness of her cheek would shame those stars,
As daylight doth a lamp; her eyes in heaven
Would through the airy region stream so bright
That birds would sing and think it were not night.
See, how she leans her cheek upon her hand!
O, that I were a glove upon that hand,
That I might touch that cheek!
JULIET: Ay me!
ROMEO: She speaks:
O, speak again, bright angel! for thou art
As glorious to this night, being o'er my head
As is a winged messenger of heaven
Unto the white-upturned wondering eyes
Of mortals that fall back to gaze on him
When he bestrides the lazy-pacing clouds
And sails upon the bosom of the air.
		plaintextByte: undefined
		pwBytes: array
Paused at 17:15
	Hit Breakpoint(s) 
	Call Stack: Cipher, AESEncryptCtr 
	Bindings: i: undefined
		input: array
		Nb: number = 4
		Nr: number = 14
		output: undefined
		round: undefined
		state: undefined
		w: array
Paused at 18:14
	Call Stack: Cipher, AESEncryptCtr 
	Bindings: i: undefined
		input: array
		Nb: number = 4
		Nr: number = 14
		output: undefined
		round: undefined
		state: array
		w: array
Paused at 18:18
	Call Stack: Cipher, AESEncryptCtr 
	Bindings: i: number = 0
		input: array
		Nb: number = 4
		Nr: number = 14
		output: undefined
		round: undefined
		state: array
		w: array
Paused at 18:30
	Call Stack: Cipher, AESEncryptCtr 
	Bindings: i: number = 0
		input: array
		Nb: number = 4
		Nr: number = 14
		output: undefined
		round: undefined
		state: array
		w: array
Paused at 18:26
	Call Stack: Cipher, AESEncryptCtr 
	Bindings: i: number = 0
		input: array
		Nb: number = 4
		Nr: number = 14
		output: undefined
		round: undefined
		state: array
		w: array
Paused at 24:5
	Hit Breakpoint(s) 
	Call Stack: Cipher, AESEncryptCtr 
	Bindings: i: number = 16
		input: array
		Nb: number = 4
		Nr: number = 14
		output: undefined
		round: number = 1
		state: array
		w: array
Paused at 50:16
	Hit Breakpoint(s) 
	Call Stack: ShiftRows, Cipher, AESEncryptCtr 
	Bindings: c: undefined
		Nb: number = 4
		r: number = 1
		s: array
		t: array
Paused at 50:16
	Hit Breakpoint(s) 
	Call Stack: ShiftRows, Cipher, AESEncryptCtr 
	Bindings: c: number = 4
		Nb: number = 4
		r: number = 2
		s: array
		t: array
Paused at 50:16
	Hit Breakpoint(s) 
	Call Stack: ShiftRows, Cipher, AESEncryptCtr 
	Bindings: c: number = 4
		Nb: number = 4
		r: number = 3
		s: array
		t: array
Paused at 50:20
	Call Stack: ShiftRows, Cipher, AESEncryptCtr 
	Bindings: c: number = 0
		Nb: number = 4
		r: number = 3
		s: array
		t: array
Paused at 71:3
	Hit Breakpoint(s) 
	Call Stack: MixColumns, Cipher, AESEncryptCtr 
	Bindings: a: array
		b: array
		c: number = 4
		i: number = 4
		Nb: number = 4
		s: array
Paused at 26:5
	Hit Breakpoint(s) 
	Call Stack: Cipher, AESEncryptCtr 
	Bindings: i: number = 16
		input: array
		Nb: number = 4
		Nr: number = 14
		output: undefined
		round: number = 1
		state: array
		w: array
Paused at 76:14
	Call Stack: AddRoundKey, Cipher, AESEncryptCtr 
	Bindings: c: undefined
		Nb: number = 4
		r: undefined
		rnd: number = 1
		state: array
		w: array
Paused at 22:36
	Call Stack: Cipher, AESEncryptCtr 
	Bindings: i: number = 16
		input: array
		Nb: number = 4
		Nr: number = 14
		output: undefined
		round: number = 1
		state: array
		w: array
Paused at 24:5
	Hit Breakpoint(s) 
	Call Stack: Cipher, AESEncryptCtr 
	Bindings: i: number = 16
		input: array
		Nb: number = 4
		Nr: number = 14
		output: undefined
		round: number = 2
		state: array
		w: array
Paused at 48:11
	Call Stack: ShiftRows, Cipher, AESEncryptCtr 
	Bindings: c: undefined
		Nb: number = 4
		r: undefined
		s: array
		t: undefined
Paused at 50:16
	Hit Breakpoint(s) 
	Call Stack: ShiftRows, Cipher, AESEncryptCtr 
	Bindings: c: undefined
		Nb: number = 4
		r: number = 1
		s: array
		t: array
Paused at 50:16
	Hit Breakpoint(s) 
	Call Stack: ShiftRows, Cipher, AESEncryptCtr 
	Bindings: c: number = 4
		Nb: number = 4
		r: number = 2
		s: array
		t: array
Paused at 50:16
	Hit Breakpoint(s) 
	Call Stack: ShiftRows, Cipher, AESEncryptCtr 
	Bindings: c: number = 4
		Nb: number = 4
		r: number = 3
		s: array
		t: array
Paused at 25:5
	Call Stack: Cipher, AESEncryptCtr 
	Bindings: i: number = 16
		input: array
		Nb: number = 4
		Nr: number = 14
		output: undefined
		round: number = 2
		state: array
		w: array
Paused at 71:3
	Hit Breakpoint(s) 
	Call Stack: MixColumns, Cipher, AESEncryptCtr 
	Bindings: a: array
		b: array
		c: number = 4
		i: number = 4
		Nb: number = 4
		s: array
Paused at 72:1
	Call Stack: MixColumns, Cipher, AESEncryptCtr 
	Bindings: a: array
		b: array
		c: number = 4
		i: number = 4
		Nb: number = 4
		s: array
Paused at 26:5
	Hit Breakpoint(s) 
	Call Stack: Cipher, AESEncryptCtr 
	Bindings: i: number = 16
		input: array
		Nb: number = 4
		Nr: number = 14
		output: undefined
		round: number = 2
		state: array
		w: array
Paused at 22:36
	Call Stack: Cipher, AESEncryptCtr 
	Bindings: i: number = 16
		input: array
		Nb: number = 4
		Nr: number = 14
		output: undefined
		round: number = 2
		state: array
		w: array
Paused at 24:5
	Hit Breakpoint(s) 
	Call Stack: Cipher, AESEncryptCtr 
	Bindings: i: number = 16
		input: array
		Nb: number = 4
		Nr: number = 14
		output: undefined
		round: number = 3
		state: array
		w: array
Paused at 50:16
	Hit Breakpoint(s) 
	Call Stack: ShiftRows, Cipher, AESEncryptCtr 
	Bindings: c: undefined
		Nb: number = 4
		r: number = 1
		s: array
		t: array
Paused at 50:16
	Hit Breakpoint(s) 
	Call Stack: ShiftRows, Cipher, AESEncryptCtr 
	Bindings: c: number = 4
		Nb: number = 4
		r: number = 2
		s: array
		t: array
Paused at 50:16
	Hit Breakpoint(s) 
	Call Stack: ShiftRows, Cipher, AESEncryptCtr 
	Bindings: c: number = 4
		Nb: number = 4
		r: number = 3
		s: array
		t: array
Paused at 50:20
	Call Stack: ShiftRows, Cipher, AESEncryptCtr 
	Bindings: c: number = 0
		Nb: number = 4
		r: number = 3
		s: array
		t: array
Paused at 50:29
	Call Stack: ShiftRows, Cipher, AESEncryptCtr 
	Bindings: c: number = 0
		Nb: number = 4
		r: number = 3
		s: array
		t: array
Paused at 25:5
	Call Stack: Cipher, AESEncryptCtr 
	Bindings: i: number = 16
		input: array
		Nb: number = 4
		Nr: number = 14
		output: undefined
		round: number = 3
		state: array
		w: array
Paused at 71:3
	Hit Breakpoint(s) 
	Call Stack: MixColumns, Cipher, AESEncryptCtr 
	Bindings: a: array
		b: array
		c: number = 4
		i: number = 4
		Nb: number = 4
		s: array
Paused at 72:1
	Call Stack: MixColumns, Cipher, AESEncryptCtr 
	Bindings: a: array
		b: array
		c: number = 4
		i: number = 4
		Nb: number = 4
		s: array
Paused at 26:5
	Hit Breakpoint(s) 
	Call Stack: Cipher, AESEncryptCtr 
	Bindings: i: number = 16
		input: array
		Nb: number = 4
		Nr: number = 14
		output: undefined
		round: number = 3
		state: array
		w: array
Paused at 76:14
	Call Stack: AddRoundKey, Cipher, AESEncryptCtr 
	Bindings: c: undefined
		Nb: number = 4
		r: undefined
		rnd: number = 3
		state: array
		w: array
Paused at 24:5
	Hit Breakpoint(s) 
	Call Stack: Cipher, AESEncryptCtr 
	Bindings: i: number = 16
		input: array
		Nb: number = 4
		Nr: number = 14
		output: undefined
		round: number = 4
		state: array
		w: array
Paused at 48:11
	Call Stack: ShiftRows, Cipher, AESEncryptCtr 
	Bindings: c: undefined
		Nb: number = 4
		r: undefined
		s: array
		t: undefined
Paused at 50:16
	Hit Breakpoint(s) 
	Call Stack: ShiftRows, Cipher, AESEncryptCtr 
	Bindings: c: undefined
		Nb: number = 4
		r: number = 1
		s: array
		t: array
Paused at 50:20
	Call Stack: ShiftRows, Cipher, AESEncryptCtr 
	Bindings: c: number = 0
		Nb: number = 4
		r: number = 1
		s: array
		t: array
Paused at 50:29
	Call Stack: ShiftRows, Cipher, AESEncryptCtr 
	Bindings: c: number = 0
		Nb: number = 4
		r: number = 1
		s: array
		t: array
Paused at 50:25
	Call Stack: ShiftRows, Cipher, AESEncryptCtr 
	Bindings: c: number = 0
		Nb: number = 4
		r: number = 1
		s: array
		t: array
Paused at 50:16
	Hit Breakpoint(s) 
	Call Stack: ShiftRows, Cipher, AESEncryptCtr 
	Bindings: c: number = 4
		Nb: number = 4
		r: number = 2
		s: array
		t: array
