Breakpoint Set at 26:23
Breakpoint Set at 29:23
Breakpoint Set at 180:9
Breakpoint Set at 161:9
Breakpoint Set at 279:13
Breakpoint Set at 77:9
Breakpoint Set at 212:26
Breakpoint Set at 197:13
Breakpoint Set at 262:9
Breakpoint Set at 265:16
Breakpoint Set at 218:9
Breakpoint Set at 39:22
Breakpoint Set at 124:18
Breakpoint Set at 237:9
Breakpoint Set at 283:9
Breakpoint Set at 297:5
Breakpoint Set at 265:16
Breakpoint Set at 289:5
Breakpoint Set at 26:23
Breakpoint Set at 58:25
Breakpoint Set at 193:28
Breakpoint Set at 63:9
Breakpoint Set at 272:20
Breakpoint Set at 137:19
Breakpoint Set at 26:23
Breakpoint Set at 265:16
Breakpoint Set at 131:13
Breakpoint Set at 265:16
Breakpoint Set at 239:30
Breakpoint Set at 260:17
Paused at 26:23
	Hit Breakpoint(s) 
	Call Stack: Date.formatDate 
	Bindings: a: function
		A: function
		B: function
		d: function
		D: function
		daysLong: undefined
		daysShort: undefined
		daysSuffix: undefined
		F: function
		g: function
		G: function
		h: function
		H: function
		i: function
		ia: undefined
		ij: undefined
		input: string = 
		j: function
		l: function
		L: function
		m: function
		M: function
		monthsLong: undefined
		monthsShort: undefined
		n: function
		O: function
		prevTime: undefined
		r: function
		s: function
		S: function
		self: undefined
		switches: undefined
		t: function
		time: undefined
		U: function
		w: function
		W: function
		y: function
		Y: function
		z: function
Paused at 29:23
	Hit Breakpoint(s) 
	Call Stack: Date.formatDate 
	Bindings: a: function
		A: function
		B: function
		d: function
		D: function
		daysLong: undefined
		daysShort: undefined
		daysSuffix: undefined
		F: function
		g: function
		G: function
		h: function
		H: function
		i: function
		ia: undefined
		ij: undefined
		input: string = 
		j: function
		l: function
		L: function
		m: function
		M: function
		monthsLong: undefined
		monthsShort: undefined
		n: function
		O: function
		prevTime: undefined
		r: function
		s: function
		S: function
		self: undefined
		switches: array
		t: function
		time: undefined
		U: function
		w: function
		W: function
		y: function
		Y: function
		z: function
Paused at 39:22
	Hit Breakpoint(s) 
	Call Stack: Date.formatDate 
	Bindings: a: function
		A: function
		B: function
		d: function
		D: function
		daysLong: array
		daysShort: array
		daysSuffix: undefined
		F: function
		g: function
		G: function
		h: function
		H: function
		i: function
		ia: undefined
		ij: undefined
		input: string = 
		j: function
		l: function
		L: function
		m: function
		M: function
		monthsLong: array
		monthsShort: array
		n: function
		O: function
		prevTime: undefined
		r: function
		s: function
		S: function
		self: undefined
		switches: array
		t: function
		time: undefined
		U: function
		w: function
		W: function
		y: function
		Y: function
		z: function
Paused at 265:16
	Hit Breakpoint(s) 
	Call Stack: Date.formatDate 
	Bindings: a: function
		A: function
		B: function
		d: function
		D: function
		daysLong: array
		daysShort: array
		daysSuffix: array
		F: function
		g: function
		G: function
		h: function
		H: function
		i: function
		ia: undefined
		ij: undefined
		input: string = 
		j: function
		l: function
		L: function
		m: function
		M: function
		monthsLong: array
		monthsShort: array
		n: function
		O: function
		prevTime: undefined
		r: function
		s: function
		S: function
		self: undefined
		switches: array
		t: function
		time: undefined
		U: function
		w: function
		W: function
		y: function
		Y: function
		z: function
Paused at 266:5
	Call Stack: Date.formatDate 
	Bindings: a: function
		A: function
		B: function
		d: function
		D: function
		daysLong: array
		daysShort: array
		daysSuffix: array
		F: function
		g: function
		G: function
		h: function
		H: function
		i: function
		ia: undefined
		ij: undefined
		input: string = 
		j: function
		l: function
		L: function
		m: function
		M: function
		monthsLong: array
		monthsShort: array
		n: function
		O: function
		prevTime: undefined
		r: function
		s: function
		S: function
		self: object
		switches: array
		t: function
		time: undefined
		U: function
		w: function
		W: function
		y: function
		Y: function
		z: function
Paused at 272:20
	Hit Breakpoint(s) 
	Call Stack: Date.formatDate 
	Bindings: a: function
		A: function
		B: function
		d: function
		D: function
		daysLong: array
		daysShort: array
		daysSuffix: array
		F: function
		g: function
		G: function
		h: function
		H: function
		i: function
		ia: undefined
		ij: undefined
		input: string = 
		j: function
		l: function
		L: function
		m: function
		M: function
		monthsLong: array
		monthsShort: array
		n: function
		O: function
		prevTime: undefined
		r: function
		s: function
		S: function
		self: object
		switches: array
		t: function
		time: undefined
		U: function
		w: function
		W: function
		y: function
		Y: function
		z: function
Paused at 279:13
	Hit Breakpoint(s) 
	Call Stack: Date.formatDate 
	Bindings: a: function
		A: function
		B: function
		d: function
		D: function
		daysLong: array
		daysShort: array
		daysSuffix: array
		F: function
		g: function
		G: function
		h: function
		H: function
		i: function
		ia: array
		ij: number = 0
		input: string = 
		j: function
		l: function
		L: function
		m: function
		M: function
		monthsLong: array
		monthsShort: array
		n: function
		O: function
		prevTime: undefined
		r: function
		s: function
		S: function
		self: object
		switches: array
		t: function
		time: undefined
		U: function
		w: function
		W: function
		y: function
		Y: function
		z: function
Paused at 280:17
	Call Stack: Date.formatDate 
	Bindings: a: function
		A: function
		B: function
		d: function
		D: function
		daysLong: array
		daysShort: array
		daysSuffix: array
		F: function
		g: function
		G: function
		h: function
		H: function
		i: function
		ia: array
		ij: number = 0
		input: string = 
		j: function
		l: function
		L: function
		m: function
		M: function
		monthsLong: array
		monthsShort: array
		n: function
		O: function
		prevTime: undefined
		r: function
		s: function
		S: function
		self: object
		switches: array
		t: function
		time: undefined
		U: function
		w: function
		W: function
		y: function
		Y: function
		z: function
Paused at 237:9
	Hit Breakpoint(s) 
	Call Stack: Y, Date.formatDate 
	Bindings: a: function
		A: function
		B: function
		d: function
		D: function
		daysLong: array
		daysShort: array
		daysSuffix: array
		F: function
		g: function
		G: function
		h: function
		H: function
		i: function
		ia: array
		ij: number = 0
		input: string = 
		j: function
		l: function
		L: function
		m: function
		M: function
		monthsLong: array
		monthsShort: array
		n: function
		newDate: undefined
		O: function
		prevTime: undefined
		r: function
		s: function
		S: function
		self: object
		switches: array
		t: function
		time: undefined
		U: function
		w: function
		W: function
		x: undefined
		y: undefined
		Y: function
		z: function
Paused at 239:30
	Hit Breakpoint(s) 
	Call Stack: Y, Date.formatDate 
	Bindings: a: function
		A: function
		B: function
		d: function
		D: function
		daysLong: array
		daysShort: array
		daysSuffix: array
		F: function
		g: function
		G: function
		h: function
		H: function
		i: function
		ia: array
		ij: number = 0
		input: string = 
		j: function
		l: function
		L: function
		m: function
		M: function
		monthsLong: array
		monthsShort: array
		n: function
		newDate: object
		O: function
		prevTime: undefined
		r: function
		s: function
		S: function
		self: object
		switches: array
		t: function
		time: undefined
		U: function
		w: function
		W: function
		x: undefined
		y: undefined
		Y: function
		z: function
Paused at 283:9
	Hit Breakpoint(s) 
	Call Stack: Date.formatDate 
	Bindings: a: function
		A: function
		B: function
		d: function
		D: function
		daysLong: array
		daysShort: array
		daysSuffix: array
		F: function
		g: function
		G: function
		h: function
		H: function
		i: function
		ia: array
		ij: number = 0
		input: string = 
		j: function
		l: function
		L: function
		m: function
		M: function
		monthsLong: array
		monthsShort: array
		n: function
		O: function
		prevTime: undefined
		r: function
		s: function
		S: function
		self: object
		switches: array
		t: function
		time: undefined
		U: function
		w: function
		W: function
		y: function
		Y: function
		z: function
Paused at 274:14
	Call Stack: Date.formatDate 
	Bindings: a: function
		A: function
		B: function
		d: function
		D: function
		daysLong: array
		daysShort: array
		daysSuffix: array
		F: function
		g: function
		G: function
		h: function
		H: function
		i: function
		ia: array
		ij: number = 1
		input: string = 
		j: function
		l: function
		L: function
		m: function
		M: function
		monthsLong: array
		monthsShort: array
		n: function
		O: function
		prevTime: undefined
		r: function
		s: function
		S: function
		self: object
		switches: array
		t: function
		time: undefined
		U: function
		w: function
		W: function
		y: function
		Y: function
		z: function
Paused at 279:13
	Hit Breakpoint(s) 
	Call Stack: Date.formatDate 
	Bindings: a: function
		A: function
		B: function
		d: function
		D: function
		daysLong: array
		daysShort: array
		daysSuffix: array
		F: function
		g: function
		G: function
		h: function
		H: function
		i: function
		ia: array
		ij: number = 1
		input: string = 
		j: function
		l: function
		L: function
		m: function
		M: function
		monthsLong: array
		monthsShort: array
		n: function
		O: function
		prevTime: undefined
		r: function
		s: function
		S: function
		self: object
		switches: array
		t: function
		time: undefined
		U: function
		w: function
		W: function
		y: function
		Y: function
		z: function
Paused at 2:18
	Call Stack: arrayExists, Date.formatDate 
	Bindings: array: array
		i: undefined
		x: string = 
Paused at 283:9
	Hit Breakpoint(s) 
	Call Stack: Date.formatDate 
	Bindings: a: function
		A: function
		B: function
		d: function
		D: function
		daysLong: array
		daysShort: array
		daysSuffix: array
		F: function
		g: function
		G: function
		h: function
		H: function
		i: function
		ia: array
		ij: number = 1
		input: string = 
		j: function
		l: function
		L: function
		m: function
		M: function
		monthsLong: array
		monthsShort: array
		n: function
		O: function
		prevTime: undefined
		r: function
		s: function
		S: function
		self: object
		switches: array
		t: function
		time: undefined
		U: function
		w: function
		W: function
		y: function
		Y: function
		z: function
Paused at 279:13
	Hit Breakpoint(s) 
	Call Stack: Date.formatDate 
	Bindings: a: function
		A: function
		B: function
		d: function
		D: function
		daysLong: array
		daysShort: array
		daysSuffix: array
		F: function
		g: function
		G: function
		h: function
		H: function
		i: function
		ia: array
		ij: number = 2
		input: string = 
		j: function
		l: function
		L: function
		m: function
		M: function
		monthsLong: array
		monthsShort: array
		n: function
		O: function
		prevTime: undefined
		r: function
		s: function
		S: function
		self: object
		switches: array
		t: function
		time: undefined
		U: function
		w: function
		W: function
		y: function
		Y: function
		z: function
Paused at 137:19
	Hit Breakpoint(s) 
	Call Stack: m, Date.formatDate 
	Bindings: a: function
		A: function
		B: function
		d: function
		D: function
		daysLong: array
		daysShort: array
		daysSuffix: array
		F: function
		g: function
		G: function
		h: function
		H: function
		i: function
		ia: array
		ij: number = 2
		input: string = 
		j: function
		l: function
		L: function
		m: function
		M: function
		monthsLong: array
		monthsShort: array
		n: function
		O: function
		prevTime: undefined
		r: function
		s: function
		S: function
		self: object
		switches: array
		t: function
		time: undefined
		U: function
		w: function
		W: function
		y: function
		Y: function
		z: function
Paused at 1:3
	Call Stack: Date.formatDate 
	Bindings: a: function
		A: function
		B: function
		d: function
		D: function
		daysLong: array
		daysShort: array
		daysSuffix: array
		F: function
		g: function
		G: function
		h: function
		H: function
		i: function
		ia: array
		ij: number = 2
		input: string = 
		j: function
		l: function
		L: function
		m: function
		M: function
		monthsLong: array
		monthsShort: array
		n: function
		O: function
		prevTime: undefined
		r: function
		s: function
		S: function
		self: object
		switches: array
		t: function
		time: undefined
		U: function
		w: function
		W: function
		y: function
		Y: function
		z: function
Paused at 283:9
	Hit Breakpoint(s) 
	Call Stack: Date.formatDate 
	Bindings: a: function
		A: function
		B: function
		d: function
		D: function
		daysLong: array
		daysShort: array
		daysSuffix: array
		F: function
		g: function
		G: function
		h: function
		H: function
		i: function
		ia: array
		ij: number = 2
		input: string = 
		j: function
		l: function
		L: function
		m: function
		M: function
		monthsLong: array
		monthsShort: array
		n: function
		O: function
		prevTime: undefined
		r: function
		s: function
		S: function
		self: object
		switches: array
		t: function
		time: undefined
		U: function
		w: function
		W: function
		y: function
		Y: function
		z: function
Paused at 279:13
	Hit Breakpoint(s) 
	Call Stack: Date.formatDate 
	Bindings: a: function
		A: function
		B: function
		d: function
		D: function
		daysLong: array
		daysShort: array
		daysSuffix: array
		F: function
		g: function
		G: function
		h: function
		H: function
		i: function
		ia: array
		ij: number = 3
		input: string = 
		j: function
		l: function
		L: function
		m: function
		M: function
		monthsLong: array
		monthsShort: array
		n: function
		O: function
		prevTime: undefined
		r: function
		s: function
		S: function
		self: object
		switches: array
		t: function
		time: undefined
		U: function
		w: function
		W: function
		y: function
		Y: function
		z: function
Paused at 283:9
	Hit Breakpoint(s) 
	Call Stack: Date.formatDate 
	Bindings: a: function
		A: function
		B: function
		d: function
		D: function
		daysLong: array
		daysShort: array
		daysSuffix: array
		F: function
		g: function
		G: function
		h: function
		H: function
		i: function
		ia: array
		ij: number = 3
		input: string = 
		j: function
		l: function
		L: function
		m: function
		M: function
		monthsLong: array
		monthsShort: array
		n: function
		O: function
		prevTime: undefined
		r: function
		s: function
		S: function
		self: object
		switches: array
		t: function
		time: undefined
		U: function
		w: function
		W: function
		y: function
		Y: function
		z: function
Paused at 274:14
	Call Stack: Date.formatDate 
	Bindings: a: function
		A: function
		B: function
		d: function
		D: function
		daysLong: array
		daysShort: array
		daysSuffix: array
		F: function
		g: function
		G: function
		h: function
		H: function
		i: function
		ia: array
		ij: number = 4
		input: string = 
		j: function
		l: function
		L: function
		m: function
		M: function
		monthsLong: array
		monthsShort: array
		n: function
		O: function
		prevTime: undefined
		r: function
		s: function
		S: function
		self: object
		switches: array
		t: function
		time: undefined
		U: function
		w: function
		W: function
		y: function
		Y: function
		z: function
Paused at 279:13
	Hit Breakpoint(s) 
	Call Stack: Date.formatDate 
	Bindings: a: function
		A: function
		B: function
		d: function
		D: function
		daysLong: array
		daysShort: array
		daysSuffix: array
		F: function
		g: function
		G: function
		h: function
		H: function
		i: function
		ia: array
		ij: number = 4
		input: string = 
		j: function
		l: function
		L: function
		m: function
		M: function
		monthsLong: array
		monthsShort: array
		n: function
		O: function
		prevTime: undefined
		r: function
		s: function
		S: function
		self: object
		switches: array
		t: function
		time: undefined
		U: function
		w: function
		W: function
		y: function
		Y: function
		z: function
Paused at 283:9
	Hit Breakpoint(s) 
	Call Stack: Date.formatDate 
	Bindings: a: function
		A: function
		B: function
		d: function
		D: function
		daysLong: array
		daysShort: array
		daysSuffix: array
		F: function
		g: function
		G: function
		h: function
		H: function
		i: function
		ia: array
		ij: number = 4
		input: string = 
		j: function
		l: function
		L: function
		m: function
		M: function
		monthsLong: array
		monthsShort: array
		n: function
		O: function
		prevTime: undefined
		r: function
		s: function
		S: function
		self: object
		switches: array
		t: function
		time: undefined
		U: function
		w: function
		W: function
		y: function
		Y: function
		z: function
Paused at 274:14
	Call Stack: Date.formatDate 
	Bindings: a: function
		A: function
		B: function
		d: function
		D: function
		daysLong: array
		daysShort: array
		daysSuffix: array
		F: function
		g: function
		G: function
		h: function
		H: function
		i: function
		ia: array
		ij: number = 5
		input: string = 
		j: function
		l: function
		L: function
		m: function
		M: function
		monthsLong: array
		monthsShort: array
		n: function
		O: function
		prevTime: undefined
		r: function
		s: function
		S: function
		self: object
		switches: array
		t: function
		time: undefined
		U: function
		w: function
		W: function
		y: function
		Y: function
		z: function
Paused at 289:5
	Hit Breakpoint(s) 
	Call Stack: Date.formatDate 
	Bindings: a: function
		A: function
		B: function
		d: function
		D: function
		daysLong: array
		daysShort: array
		daysSuffix: array
		F: function
		g: function
		G: function
		h: function
		H: function
		i: function
		ia: array
		ij: number = 5
		input: string = 
		j: function
		l: function
		L: function
		m: function
		M: function
		monthsLong: array
		monthsShort: array
		n: function
		O: function
		prevTime: undefined
		r: function
		s: function
		S: function
		self: object
		switches: array
		t: function
		time: undefined
		U: function
		w: function
		W: function
		y: function
		Y: function
		z: function
Paused at 290:1
	Call Stack: Date.formatDate 
	Bindings: a: function
		A: function
		B: function
		d: function
		D: function
		daysLong: array
		daysShort: array
		daysSuffix: array
		F: function
		g: function
		G: function
		h: function
		H: function
		i: function
		ia: array
		ij: number = 5
		input: string = 
		j: function
		l: function
		L: function
		m: function
		M: function
		monthsLong: array
		monthsShort: array
		n: function
		O: function
		prevTime: undefined
		r: function
		s: function
		S: function
		self: object
		switches: array
		t: function
		time: undefined
		U: function
		w: function
		W: function
		y: function
		Y: function
		z: function
Paused at 296:27
	Call Stack:  
	Bindings: 
Paused at 26:23
	Hit Breakpoint(s) 
	Call Stack: Date.formatDate 
	Bindings: a: function
		A: function
		B: function
		d: function
		D: function
		daysLong: undefined
		daysShort: undefined
		daysSuffix: undefined
		F: function
		g: function
		G: function
		h: function
		H: function
		i: function
		ia: undefined
		ij: undefined
		input: string = 
		j: function
		l: function
		L: function
		m: function
		M: function
		monthsLong: undefined
		monthsShort: undefined
		n: function
		O: function
		prevTime: undefined
		r: function
		s: function
		S: function
		self: undefined
		switches: undefined
		t: function
		time: undefined
		U: function
		w: function
		W: function
		y: function
		Y: function
		z: function
Paused at 29:23
	Hit Breakpoint(s) 
	Call Stack: Date.formatDate 
	Bindings: a: function
		A: function
		B: function
		d: function
		D: function
		daysLong: undefined
		daysShort: undefined
		daysSuffix: undefined
		F: function
		g: function
		G: function
		h: function
		H: function
		i: function
		ia: undefined
		ij: undefined
		input: string = 
		j: function
		l: function
		L: function
		m: function
		M: function
		monthsLong: undefined
		monthsShort: undefined
		n: function
		O: function
		prevTime: undefined
		r: function
		s: function
		S: function
		self: undefined
		switches: array
		t: function
		time: undefined
		U: function
		w: function
		W: function
		y: function
		Y: function
		z: function
Paused at 39:22
	Hit Breakpoint(s) 
	Call Stack: Date.formatDate 
	Bindings: a: function
		A: function
		B: function
		d: function
		D: function
		daysLong: array
		daysShort: array
		daysSuffix: undefined
		F: function
		g: function
		G: function
		h: function
		H: function
		i: function
		ia: undefined
		ij: undefined
		input: string = 
		j: function
		l: function
		L: function
		m: function
		M: function
		monthsLong: array
		monthsShort: array
		n: function
		O: function
		prevTime: undefined
		r: function
		s: function
		S: function
		self: undefined
		switches: array
		t: function
		time: undefined
		U: function
		w: function
		W: function
		y: function
		Y: function
		z: function
Paused at 265:16
	Hit Breakpoint(s) 
	Call Stack: Date.formatDate 
	Bindings: a: function
		A: function
		B: function
		d: function
		D: function
		daysLong: array
		daysShort: array
		daysSuffix: array
		F: function
		g: function
		G: function
		h: function
		H: function
		i: function
		ia: undefined
		ij: undefined
		input: string = 
		j: function
		l: function
		L: function
		m: function
		M: function
		monthsLong: array
		monthsShort: array
		n: function
		O: function
		prevTime: undefined
		r: function
		s: function
		S: function
		self: undefined
		switches: array
		t: function
		time: undefined
		U: function
		w: function
		W: function
		y: function
		Y: function
		z: function
Paused at 272:20
	Hit Breakpoint(s) 
	Call Stack: Date.formatDate 
	Bindings: a: function
		A: function
		B: function
		d: function
		D: function
		daysLong: array
		daysShort: array
		daysSuffix: array
		F: function
		g: function
		G: function
		h: function
		H: function
		i: function
		ia: undefined
		ij: undefined
		input: string = 
		j: function
		l: function
		L: function
		m: function
		M: function
		monthsLong: array
		monthsShort: array
		n: function
		O: function
		prevTime: undefined
		r: function
		s: function
		S: function
		self: object
		switches: array
		t: function
		time: undefined
		U: function
		w: function
		W: function
		y: function
		Y: function
		z: function
Paused at 273:14
	Call Stack: Date.formatDate 
	Bindings: a: function
		A: function
		B: function
		d: function
		D: function
		daysLong: array
		daysShort: array
		daysSuffix: array
		F: function
		g: function
		G: function
		h: function
		H: function
		i: function
		ia: array
		ij: undefined
		input: string = 
		j: function
		l: function
		L: function
		m: function
		M: function
		monthsLong: array
		monthsShort: array
		n: function
		O: function
		prevTime: undefined
		r: function
		s: function
		S: function
		self: object
		switches: array
		t: function
		time: undefined
		U: function
		w: function
		W: function
		y: function
		Y: function
		z: function
Paused at 274:14
	Call Stack: Date.formatDate 
	Bindings: a: function
		A: function
		B: function
		d: function
		D: function
		daysLong: array
		daysShort: array
		daysSuffix: array
		F: function
		g: function
		G: function
		h: function
		H: function
		i: function
		ia: array
		ij: number = 0
		input: string = 
		j: function
		l: function
		L: function
		m: function
		M: function
		monthsLong: array
		monthsShort: array
		n: function
		O: function
		prevTime: undefined
		r: function
		s: function
		S: function
		self: object
		switches: array
		t: function
		time: undefined
		U: function
		w: function
		W: function
		y: function
		Y: function
		z: function
Paused at 275:9
	Call Stack: Date.formatDate 
	Bindings: a: function
		A: function
		B: function
		d: function
		D: function
		daysLong: array
		daysShort: array
		daysSuffix: array
		F: function
		g: function
		G: function
		h: function
		H: function
		i: function
		ia: array
		ij: number = 0
		input: string = 
		j: function
		l: function
		L: function
		m: function
		M: function
		monthsLong: array
		monthsShort: array
		n: function
		O: function
		prevTime: undefined
		r: function
		s: function
		S: function
		self: object
		switches: array
		t: function
		time: undefined
		U: function
		w: function
		W: function
		y: function
		Y: function
		z: function
Paused at 279:13
	Hit Breakpoint(s) 
	Call Stack: Date.formatDate 
	Bindings: a: function
		A: function
		B: function
		d: function
		D: function
		daysLong: array
		daysShort: array
		daysSuffix: array
		F: function
		g: function
		G: function
		h: function
		H: function
		i: function
		ia: array
		ij: number = 0
		input: string = 
		j: function
		l: function
		L: function
		m: function
		M: function
		monthsLong: array
		monthsShort: array
		n: function
		O: function
		prevTime: undefined
		r: function
		s: function
		S: function
		self: object
		switches: array
		t: function
		time: undefined
		U: function
		w: function
		W: function
		y: function
		Y: function
		z: function
Paused at 283:9
	Hit Breakpoint(s) 
	Call Stack: Date.formatDate 
	Bindings: a: function
		A: function
		B: function
		d: function
		D: function
		daysLong: array
		daysShort: array
		daysSuffix: array
		F: function
		g: function
		G: function
		h: function
		H: function
		i: function
		ia: array
		ij: number = 0
		input: string = 
		j: function
		l: function
		L: function
		m: function
		M: function
		monthsLong: array
		monthsShort: array
		n: function
		O: function
		prevTime: undefined
		r: function
		s: function
		S: function
		self: object
		switches: array
		t: function
		time: undefined
		U: function
		w: function
		W: function
		y: function
		Y: function
		z: function
Paused at 274:14
	Call Stack: Date.formatDate 
	Bindings: a: function
		A: function
		B: function
		d: function
		D: function
		daysLong: array
		daysShort: array
		daysSuffix: array
		F: function
		g: function
		G: function
		h: function
		H: function
		i: function
		ia: array
		ij: number = 1
		input: string = 
		j: function
		l: function
		L: function
		m: function
		M: function
		monthsLong: array
		monthsShort: array
		n: function
		O: function
		prevTime: undefined
		r: function
		s: function
		S: function
		self: object
		switches: array
		t: function
		time: undefined
		U: function
		w: function
		W: function
		y: function
		Y: function
		z: function
Paused at 279:13
	Hit Breakpoint(s) 
	Call Stack: Date.formatDate 
	Bindings: a: function
		A: function
		B: function
		d: function
		D: function
		daysLong: array
		daysShort: array
		daysSuffix: array
		F: function
		g: function
		G: function
		h: function
		H: function
		i: function
		ia: array
		ij: number = 1
		input: string = 
		j: function
		l: function
		L: function
		m: function
		M: function
		monthsLong: array
		monthsShort: array
		n: function
		O: function
		prevTime: undefined
		r: function
		s: function
		S: function
		self: object
		switches: array
		t: function
		time: undefined
		U: function
		w: function
		W: function
		y: function
		Y: function
		z: function
Paused at 283:9
	Hit Breakpoint(s) 
	Call Stack: Date.formatDate 
	Bindings: a: function
		A: function
		B: function
		d: function
		D: function
		daysLong: array
		daysShort: array
		daysSuffix: array
		F: function
		g: function
		G: function
		h: function
		H: function
		i: function
		ia: array
		ij: number = 1
		input: string = 
		j: function
		l: function
		L: function
		m: function
		M: function
		monthsLong: array
		monthsShort: array
		n: function
		O: function
		prevTime: undefined
		r: function
		s: function
		S: function
		self: object
		switches: array
		t: function
		time: undefined
		U: function
		w: function
		W: function
		y: function
		Y: function
		z: function
Paused at 274:14
	Call Stack: Date.formatDate 
	Bindings: a: function
		A: function
		B: function
		d: function
		D: function
		daysLong: array
		daysShort: array
		daysSuffix: array
		F: function
		g: function
		G: function
		h: function
		H: function
		i: function
		ia: array
		ij: number = 2
		input: string = 
		j: function
		l: function
		L: function
		m: function
		M: function
		monthsLong: array
		monthsShort: array
		n: function
		O: function
		prevTime: undefined
		r: function
		s: function
		S: function
		self: object
		switches: array
		t: function
		time: undefined
		U: function
		w: function
		W: function
		y: function
		Y: function
		z: function
Paused at 279:13
	Hit Breakpoint(s) 
	Call Stack: Date.formatDate 
	Bindings: a: function
		A: function
		B: function
		d: function
		D: function
		daysLong: array
		daysShort: array
		daysSuffix: array
		F: function
		g: function
		G: function
		h: function
		H: function
		i: function
		ia: array
		ij: number = 2
		input: string = 
		j: function
		l: function
		L: function
		m: function
		M: function
		monthsLong: array
		monthsShort: array
		n: function
		O: function
		prevTime: undefined
		r: function
		s: function
		S: function
		self: object
		switches: array
		t: function
		time: undefined
		U: function
		w: function
		W: function
		y: function
		Y: function
		z: function
Paused at 283:9
	Hit Breakpoint(s) 
	Call Stack: Date.formatDate 
	Bindings: a: function
		A: function
		B: function
		d: function
		D: function
		daysLong: array
		daysShort: array
		daysSuffix: array
		F: function
		g: function
		G: function
		h: function
		H: function
		i: function
		ia: array
		ij: number = 2
		input: string = 
		j: function
		l: function
		L: function
		m: function
		M: function
		monthsLong: array
		monthsShort: array
		n: function
		O: function
		prevTime: undefined
		r: function
		s: function
		S: function
		self: object
		switches: array
		t: function
		time: undefined
		U: function
		w: function
		W: function
		y: function
		Y: function
		z: function
Paused at 279:13
	Hit Breakpoint(s) 
	Call Stack: Date.formatDate 
	Bindings: a: function
		A: function
		B: function
		d: function
		D: function
		daysLong: array
		daysShort: array
		daysSuffix: array
		F: function
		g: function
		G: function
		h: function
		H: function
		i: function
		ia: array
		ij: number = 3
		input: string = 
		j: function
		l: function
		L: function
		m: function
		M: function
		monthsLong: array
		monthsShort: array
		n: function
		O: function
		prevTime: undefined
		r: function
		s: function
		S: function
		self: object
		switches: array
		t: function
		time: undefined
		U: function
		w: function
		W: function
		y: function
		Y: function
		z: function
Paused at 280:17
	Call Stack: Date.formatDate 
	Bindings: a: function
		A: function
		B: function
		d: function
		D: function
		daysLong: array
		daysShort: array
		daysSuffix: array
		F: function
		g: function
		G: function
		h: function
		H: function
		i: function
		ia: array
		ij: number = 3
		input: string = 
		j: function
		l: function
		L: function
		m: function
		M: function
		monthsLong: array
		monthsShort: array
		n: function
		O: function
		prevTime: undefined
		r: function
		s: function
		S: function
		self: object
		switches: array
		t: function
		time: undefined
		U: function
		w: function
		W: function
		y: function
		Y: function
		z: function
Paused at 283:9
	Hit Breakpoint(s) 
	Call Stack: Date.formatDate 
	Bindings: a: function
		A: function
		B: function
		d: function
		D: function
		daysLong: array
		daysShort: array
		daysSuffix: array
		F: function
		g: function
		G: function
		h: function
		H: function
		i: function
		ia: array
		ij: number = 3
		input: string = 
		j: function
		l: function
		L: function
		m: function
		M: function
		monthsLong: array
		monthsShort: array
		n: function
		O: function
		prevTime: undefined
		r: function
		s: function
		S: function
		self: object
		switches: array
		t: function
		time: undefined
		U: function
		w: function
		W: function
		y: function
		Y: function
		z: function
Paused at 279:13
	Hit Breakpoint(s) 
	Call Stack: Date.formatDate 
	Bindings: a: function
		A: function
		B: function
		d: function
		D: function
		daysLong: array
		daysShort: array
		daysSuffix: array
		F: function
		g: function
		G: function
		h: function
		H: function
		i: function
		ia: array
		ij: number = 4
		input: string = 
		j: function
		l: function
		L: function
		m: function
		M: function
		monthsLong: array
		monthsShort: array
		n: function
		O: function
		prevTime: undefined
		r: function
		s: function
		S: function
		self: object
		switches: array
		t: function
		time: undefined
		U: function
		w: function
		W: function
		y: function
		Y: function
		z: function
Paused at 283:9
	Hit Breakpoint(s) 
	Call Stack: Date.formatDate 
	Bindings: a: function
		A: function
		B: function
		d: function
		D: function
		daysLong: array
		daysShort: array
		daysSuffix: array
		F: function
		g: function
		G: function
		h: function
		H: function
		i: function
		ia: array
		ij: number = 4
		input: string = 
		j: function
		l: function
		L: function
		m: function
		M: function
		monthsLong: array
		monthsShort: array
		n: function
		O: function
		prevTime: undefined
		r: function
		s: function
		S: function
		self: object
		switches: array
		t: function
		time: undefined
		U: function
		w: function
		W: function
		y: function
		Y: function
		z: function
Paused at 274:14
	Call Stack: Date.formatDate 
	Bindings: a: function
		A: function
		B: function
		d: function
		D: function
		daysLong: array
		daysShort: array
		daysSuffix: array
		F: function
		g: function
		G: function
		h: function
		H: function
		i: function
		ia: array
		ij: number = 5
		input: string = 
		j: function
		l: function
		L: function
		m: function
		M: function
		monthsLong: array
		monthsShort: array
		n: function
		O: function
		prevTime: undefined
		r: function
		s: function
		S: function
		self: object
		switches: array
		t: function
		time: undefined
		U: function
		w: function
		W: function
		y: function
		Y: function
		z: function
Paused at 275:9
	Call Stack: Date.formatDate 
	Bindings: a: function
		A: function
		B: function
		d: function
		D: function
		daysLong: array
		daysShort: array
		daysSuffix: array
		F: function
		g: function
		G: function
		h: function
		H: function
		i: function
		ia: array
		ij: number = 5
		input: string = 
		j: function
		l: function
		L: function
		m: function
		M: function
		monthsLong: array
		monthsShort: array
		n: function
		O: function
		prevTime: undefined
		r: function
		s: function
		S: function
		self: object
		switches: array
		t: function
		time: undefined
		U: function
		w: function
		W: function
		y: function
		Y: function
		z: function
Paused at 279:13
	Hit Breakpoint(s) 
	Call Stack: Date.formatDate 
	Bindings: a: function
		A: function
		B: function
		d: function
		D: function
		daysLong: array
		daysShort: array
		daysSuffix: array
		F: function
		g: function
		G: function
		h: function
		H: function
		i: function
		ia: array
		ij: number = 5
		input: string = 
		j: function
		l: function
		L: function
		m: function
		M: function
		monthsLong: array
		monthsShort: array
		n: function
		O: function
		prevTime: undefined
		r: function
		s: function
		S: function
		self: object
		switches: array
		t: function
		time: undefined
		U: function
		w: function
		W: function
		y: function
		Y: function
		z: function
Paused at 283:9
	Hit Breakpoint(s) 
	Call Stack: Date.formatDate 
	Bindings: a: function
		A: function
		B: function
		d: function
		D: function
		daysLong: array
		daysShort: array
		daysSuffix: array
		F: function
		g: function
		G: function
		h: function
		H: function
		i: function
		ia: array
		ij: number = 5
		input: string = 
		j: function
		l: function
		L: function
		m: function
		M: function
		monthsLong: array
		monthsShort: array
		n: function
		O: function
		prevTime: undefined
		r: function
		s: function
		S: function
		self: object
		switches: array
		t: function
		time: undefined
		U: function
		w: function
		W: function
		y: function
		Y: function
		z: function
Paused at 274:14
	Call Stack: Date.formatDate 
	Bindings: a: function
		A: function
		B: function
		d: function
		D: function
		daysLong: array
		daysShort: array
		daysSuffix: array
		F: function
		g: function
		G: function
		h: function
		H: function
		i: function
		ia: array
		ij: number = 6
		input: string = 
		j: function
		l: function
		L: function
		m: function
		M: function
		monthsLong: array
		monthsShort: array
		n: function
		O: function
		prevTime: undefined
		r: function
		s: function
		S: function
		self: object
		switches: array
		t: function
		time: undefined
		U: function
		w: function
		W: function
		y: function
		Y: function
		z: function
Paused at 279:13
	Hit Breakpoint(s) 
	Call Stack: Date.formatDate 
	Bindings: a: function
		A: function
		B: function
		d: function
		D: function
		daysLong: array
		daysShort: array
		daysSuffix: array
		F: function
		g: function
		G: function
		h: function
		H: function
		i: function
		ia: array
		ij: number = 6
		input: string = 
		j: function
		l: function
		L: function
		m: function
		M: function
		monthsLong: array
		monthsShort: array
		n: function
		O: function
		prevTime: undefined
		r: function
		s: function
		S: function
		self: object
		switches: array
		t: function
		time: undefined
		U: function
		w: function
		W: function
		y: function
		Y: function
		z: function
Paused at 283:9
	Hit Breakpoint(s) 
	Call Stack: Date.formatDate 
	Bindings: a: function
		A: function
		B: function
		d: function
		D: function
		daysLong: array
		daysShort: array
		daysSuffix: array
		F: function
		g: function
		G: function
		h: function
		H: function
		i: function
		ia: array
		ij: number = 6
		input: string = 
		j: function
		l: function
		L: function
		m: function
		M: function
		monthsLong: array
		monthsShort: array
		n: function
		O: function
		prevTime: undefined
		r: function
		s: function
		S: function
		self: object
		switches: array
		t: function
		time: undefined
		U: function
		w: function
		W: function
		y: function
		Y: function
		z: function
Paused at 279:13
	Hit Breakpoint(s) 
	Call Stack: Date.formatDate 
	Bindings: a: function
		A: function
		B: function
		d: function
		D: function
		daysLong: array
		daysShort: array
		daysSuffix: array
		F: function
		g: function
		G: function
		h: function
		H: function
		i: function
		ia: array
		ij: number = 7
		input: string = 
		j: function
		l: function
		L: function
		m: function
		M: function
		monthsLong: array
		monthsShort: array
		n: function
		O: function
		prevTime: undefined
		r: function
		s: function
		S: function
		self: object
		switches: array
		t: function
		time: undefined
		U: function
		w: function
		W: function
		y: function
		Y: function
		z: function
Paused at 283:9
	Hit Breakpoint(s) 
	Call Stack: Date.formatDate 
	Bindings: a: function
		A: function
		B: function
		d: function
		D: function
		daysLong: array
		daysShort: array
		daysSuffix: array
		F: function
		g: function
		G: function
		h: function
		H: function
		i: function
		ia: array
		ij: number = 7
		input: string = 
		j: function
		l: function
		L: function
		m: function
		M: function
		monthsLong: array
		monthsShort: array
		n: function
		O: function
		prevTime: undefined
		r: function
		s: function
		S: function
		self: object
		switches: array
		t: function
		time: undefined
		U: function
		w: function
		W: function
		y: function
		Y: function
		z: function
Paused at 274:14
	Call Stack: Date.formatDate 
	Bindings: a: function
		A: function
		B: function
		d: function
		D: function
		daysLong: array
		daysShort: array
		daysSuffix: array
		F: function
		g: function
		G: function
		h: function
		H: function
		i: function
		ia: array
		ij: number = 8
		input: string = 
		j: function
		l: function
		L: function
		m: function
		M: function
		monthsLong: array
		monthsShort: array
		n: function
		O: function
		prevTime: undefined
		r: function
		s: function
		S: function
		self: object
		switches: array
		t: function
		time: undefined
		U: function
		w: function
		W: function
		y: function
		Y: function
		z: function
Paused at 275:9
	Call Stack: Date.formatDate 
	Bindings: a: function
		A: function
		B: function
		d: function
		D: function
		daysLong: array
		daysShort: array
		daysSuffix: array
		F: function
		g: function
		G: function
		h: function
		H: function
		i: function
		ia: array
		ij: number = 8
		input: string = 
		j: function
		l: function
		L: function
		m: function
		M: function
		monthsLong: array
		monthsShort: array
		n: function
		O: function
		prevTime: undefined
		r: function
		s: function
		S: function
		self: object
		switches: array
		t: function
		time: undefined
		U: function
		w: function
		W: function
		y: function
		Y: function
		z: function
Paused at 279:13
	Hit Breakpoint(s) 
	Call Stack: Date.formatDate 
	Bindings: a: function
		A: function
		B: function
		d: function
		D: function
		daysLong: array
		daysShort: array
		daysSuffix: array
		F: function
		g: function
		G: function
		h: function
		H: function
		i: function
		ia: array
		ij: number = 8
		input: string = 
		j: function
		l: function
		L: function
		m: function
		M: function
		monthsLong: array
		monthsShort: array
		n: function
		O: function
		prevTime: undefined
		r: function
		s: function
		S: function
		self: object
		switches: array
		t: function
		time: undefined
		U: function
		w: function
		W: function
		y: function
		Y: function
		z: function
Paused at 2:18
	Call Stack: arrayExists, Date.formatDate 
	Bindings: array: array
		i: undefined
		x: string = 
Paused at 2:23
	Call Stack: arrayExists, Date.formatDate 
	Bindings: array: array
		i: number = 0
		x: string = 
Paused at 3:9
	Call Stack: arrayExists, Date.formatDate 
	Bindings: array: array
		i: number = 0
		x: string = 
Paused at 280:17
	Call Stack: Date.formatDate 
	Bindings: a: function
		A: function
		B: function
		d: function
		D: function
		daysLong: array
		daysShort: array
		daysSuffix: array
		F: function
		g: function
		G: function
		h: function
		H: function
		i: function
		ia: array
		ij: number = 8
		input: string = 
		j: function
		l: function
		L: function
		m: function
		M: function
		monthsLong: array
		monthsShort: array
		n: function
		O: function
		prevTime: undefined
		r: function
		s: function
		S: function
		self: object
		switches: array
		t: function
		time: undefined
		U: function
		w: function
		W: function
		y: function
		Y: function
		z: function
Paused at 237:9
	Hit Breakpoint(s) 
	Call Stack: Y, Date.formatDate 
	Bindings: a: function
		A: function
		B: function
		d: function
		D: function
		daysLong: array
		daysShort: array
		daysSuffix: array
		F: function
		g: function
		G: function
		h: function
		H: function
		i: function
		ia: array
		ij: number = 8
		input: string = 
		j: function
		l: function
		L: function
		m: function
		M: function
		monthsLong: array
		monthsShort: array
		n: function
		newDate: undefined
		O: function
		prevTime: undefined
		r: function
		s: function
		S: function
		self: object
		switches: array
		t: function
		time: undefined
		U: function
		w: function
		W: function
		x: undefined
		y: undefined
		Y: function
		z: function
Paused at 239:30
	Hit Breakpoint(s) 
	Call Stack: Y, Date.formatDate 
	Bindings: a: function
		A: function
		B: function
		d: function
		D: function
		daysLong: array
		daysShort: array
		daysSuffix: array
		F: function
		g: function
		G: function
		h: function
		H: function
		i: function
		ia: array
		ij: number = 8
		input: string = 
		j: function
		l: function
		L: function
		m: function
		M: function
		monthsLong: array
		monthsShort: array
		n: function
		newDate: object
		O: function
		prevTime: undefined
		r: function
		s: function
		S: function
		self: object
		switches: array
		t: function
		time: undefined
		U: function
		w: function
		W: function
		x: undefined
		y: undefined
		Y: function
		z: function
Paused at 1:3
	Call Stack: Date.formatDate 
	Bindings: a: function
		A: function
		B: function
		d: function
		D: function
		daysLong: array
		daysShort: array
		daysSuffix: array
		F: function
		g: function
		G: function
		h: function
		H: function
		i: function
		ia: array
		ij: number = 8
		input: string = 
		j: function
		l: function
		L: function
		m: function
		M: function
		monthsLong: array
		monthsShort: array
		n: function
		O: function
		prevTime: undefined
		r: function
		s: function
		S: function
		self: object
		switches: array
		t: function
		time: undefined
		U: function
		w: function
		W: function
		y: function
		Y: function
		z: function
Paused at 283:9
	Hit Breakpoint(s) 
	Call Stack: Date.formatDate 
	Bindings: a: function
		A: function
		B: function
		d: function
		D: function
		daysLong: array
		daysShort: array
		daysSuffix: array
		F: function
		g: function
		G: function
		h: function
		H: function
		i: function
		ia: array
		ij: number = 8
		input: string = 
		j: function
		l: function
		L: function
		m: function
		M: function
		monthsLong: array
		monthsShort: array
		n: function
		O: function
		prevTime: undefined
		r: function
		s: function
		S: function
		self: object
		switches: array
		t: function
		time: undefined
		U: function
		w: function
		W: function
		y: function
		Y: function
		z: function
Paused at 279:13
	Hit Breakpoint(s) 
	Call Stack: Date.formatDate 
	Bindings: a: function
		A: function
		B: function
		d: function
		D: function
		daysLong: array
		daysShort: array
		daysSuffix: array
		F: function
		g: function
		G: function
		h: function
		H: function
		i: function
		ia: array
		ij: number = 9
		input: string = 
		j: function
		l: function
		L: function
		m: function
		M: function
		monthsLong: array
		monthsShort: array
		n: function
		O: function
		prevTime: undefined
		r: function
		s: function
		S: function
		self: object
		switches: array
		t: function
		time: undefined
		U: function
		w: function
		W: function
		y: function
		Y: function
		z: function
Paused at 283:9
	Hit Breakpoint(s) 
	Call Stack: Date.formatDate 
	Bindings: a: function
		A: function
		B: function
		d: function
		D: function
		daysLong: array
		daysShort: array
		daysSuffix: array
		F: function
		g: function
		G: function
		h: function
		H: function
		i: function
		ia: array
		ij: number = 9
		input: string = 
		j: function
		l: function
		L: function
		m: function
		M: function
		monthsLong: array
		monthsShort: array
		n: function
		O: function
		prevTime: undefined
		r: function
		s: function
		S: function
		self: object
		switches: array
		t: function
		time: undefined
		U: function
		w: function
		W: function
		y: function
		Y: function
		z: function
Paused at 274:14
	Call Stack: Date.formatDate 
	Bindings: a: function
		A: function
		B: function
		d: function
		D: function
		daysLong: array
		daysShort: array
		daysSuffix: array
		F: function
		g: function
		G: function
		h: function
		H: function
		i: function
		ia: array
		ij: number = 10
		input: string = 
		j: function
		l: function
		L: function
		m: function
		M: function
		monthsLong: array
		monthsShort: array
		n: function
		O: function
		prevTime: undefined
		r: function
		s: function
		S: function
		self: object
		switches: array
		t: function
		time: undefined
		U: function
		w: function
		W: function
		y: function
		Y: function
		z: function
Paused at 279:13
	Hit Breakpoint(s) 
	Call Stack: Date.formatDate 
	Bindings: a: function
		A: function
		B: function
		d: function
		D: function
		daysLong: array
		daysShort: array
		daysSuffix: array
		F: function
		g: function
		G: function
		h: function
		H: function
		i: function
		ia: array
		ij: number = 10
		input: string = 
		j: function
		l: function
		L: function
		m: function
		M: function
		monthsLong: array
		monthsShort: array
		n: function
		O: function
		prevTime: undefined
		r: function
		s: function
		S: function
		self: object
		switches: array
		t: function
		time: undefined
		U: function
		w: function
		W: function
		y: function
		Y: function
		z: function
Paused at 283:9
	Hit Breakpoint(s) 
	Call Stack: Date.formatDate 
	Bindings: a: function
		A: function
		B: function
		d: function
		D: function
		daysLong: array
		daysShort: array
		daysSuffix: array
		F: function
		g: function
		G: function
		h: function
		H: function
		i: function
		ia: array
		ij: number = 10
		input: string = 
		j: function
		l: function
		L: function
		m: function
		M: function
		monthsLong: array
		monthsShort: array
		n: function
		O: function
		prevTime: undefined
		r: function
		s: function
		S: function
		self: object
		switches: array
		t: function
		time: undefined
		U: function
		w: function
		W: function
		y: function
		Y: function
		z: function
Paused at 274:14
	Call Stack: Date.formatDate 
	Bindings: a: function
		A: function
		B: function
		d: function
		D: function
		daysLong: array
		daysShort: array
		daysSuffix: array
		F: function
		g: function
		G: function
		h: function
		H: function
		i: function
		ia: array
		ij: number = 11
		input: string = 
		j: function
		l: function
		L: function
		m: function
		M: function
		monthsLong: array
		monthsShort: array
		n: function
		O: function
		prevTime: undefined
		r: function
		s: function
		S: function
		self: object
		switches: array
		t: function
		time: undefined
		U: function
		w: function
		W: function
		y: function
		Y: function
		z: function
Paused at 279:13
	Hit Breakpoint(s) 
	Call Stack: Date.formatDate 
	Bindings: a: function
		A: function
		B: function
		d: function
		D: function
		daysLong: array
		daysShort: array
		daysSuffix: array
		F: function
		g: function
		G: function
		h: function
		H: function
		i: function
		ia: array
		ij: number = 11
		input: string = 
		j: function
		l: function
		L: function
		m: function
		M: function
		monthsLong: array
		monthsShort: array
		n: function
		O: function
		prevTime: undefined
		r: function
		s: function
		S: function
		self: object
		switches: array
		t: function
		time: undefined
		U: function
		w: function
		W: function
		y: function
		Y: function
		z: function
Paused at 283:9
	Hit Breakpoint(s) 
	Call Stack: Date.formatDate 
	Bindings: a: function
		A: function
		B: function
		d: function
		D: function
		daysLong: array
		daysShort: array
		daysSuffix: array
		F: function
		g: function
		G: function
		h: function
		H: function
		i: function
		ia: array
		ij: number = 11
		input: string = 
		j: function
		l: function
		L: function
		m: function
		M: function
		monthsLong: array
		monthsShort: array
		n: function
		O: function
		prevTime: undefined
		r: function
		s: function
		S: function
		self: object
		switches: array
		t: function
		time: undefined
		U: function
		w: function
		W: function
		y: function
		Y: function
		z: function
Paused at 279:13
	Hit Breakpoint(s) 
	Call Stack: Date.formatDate 
	Bindings: a: function
		A: function
		B: function
		d: function
		D: function
		daysLong: array
		daysShort: array
		daysSuffix: array
		F: function
		g: function
		G: function
		h: function
		H: function
		i: function
		ia: array
		ij: number = 12
		input: string = 
		j: function
		l: function
		L: function
		m: function
		M: function
		monthsLong: array
		monthsShort: array
		n: function
		O: function
		prevTime: undefined
		r: function
		s: function
		S: function
		self: object
		switches: array
		t: function
		time: undefined
		U: function
		w: function
		W: function
		y: function
		Y: function
		z: function
Paused at 283:9
	Hit Breakpoint(s) 
	Call Stack: Date.formatDate 
	Bindings: a: function
		A: function
		B: function
		d: function
		D: function
		daysLong: array
		daysShort: array
		daysSuffix: array
		F: function
		g: function
		G: function
		h: function
		H: function
		i: function
		ia: array
		ij: number = 12
		input: string = 
		j: function
		l: function
		L: function
		m: function
		M: function
		monthsLong: array
		monthsShort: array
		n: function
		O: function
		prevTime: undefined
		r: function
		s: function
		S: function
		self: object
		switches: array
		t: function
		time: undefined
		U: function
		w: function
		W: function
		y: function
		Y: function
		z: function
Paused at 274:14
	Call Stack: Date.formatDate 
	Bindings: a: function
		A: function
		B: function
		d: function
		D: function
		daysLong: array
		daysShort: array
		daysSuffix: array
		F: function
		g: function
		G: function
		h: function
		H: function
		i: function
		ia: array
		ij: number = 13
		input: string = 
		j: function
		l: function
		L: function
		m: function
		M: function
		monthsLong: array
		monthsShort: array
		n: function
		O: function
		prevTime: undefined
		r: function
		s: function
		S: function
		self: object
		switches: array
		t: function
		time: undefined
		U: function
		w: function
		W: function
		y: function
		Y: function
		z: function
Paused at 275:9
	Call Stack: Date.formatDate 
	Bindings: a: function
		A: function
		B: function
		d: function
		D: function
		daysLong: array
		daysShort: array
		daysSuffix: array
		F: function
		g: function
		G: function
		h: function
		H: function
		i: function
		ia: array
		ij: number = 13
		input: string = 
		j: function
		l: function
		L: function
		m: function
		M: function
		monthsLong: array
		monthsShort: array
		n: function
		O: function
		prevTime: undefined
		r: function
		s: function
		S: function
		self: object
		switches: array
		t: function
		time: undefined
		U: function
		w: function
		W: function
		y: function
		Y: function
		z: function
Paused at 279:13
	Hit Breakpoint(s) 
	Call Stack: Date.formatDate 
	Bindings: a: function
		A: function
		B: function
		d: function
		D: function
		daysLong: array
		daysShort: array
		daysSuffix: array
		F: function
		g: function
		G: function
		h: function
		H: function
		i: function
		ia: array
		ij: number = 13
		input: string = 
		j: function
		l: function
		L: function
		m: function
		M: function
		monthsLong: array
		monthsShort: array
		n: function
		O: function
		prevTime: undefined
		r: function
		s: function
		S: function
		self: object
		switches: array
		t: function
		time: undefined
		U: function
		w: function
		W: function
		y: function
		Y: function
		z: function
Paused at 283:9
	Hit Breakpoint(s) 
	Call Stack: Date.formatDate 
	Bindings: a: function
		A: function
		B: function
		d: function
		D: function
		daysLong: array
		daysShort: array
		daysSuffix: array
		F: function
		g: function
		G: function
		h: function
		H: function
		i: function
		ia: array
		ij: number = 13
		input: string = 
		j: function
		l: function
		L: function
		m: function
		M: function
		monthsLong: array
		monthsShort: array
		n: function
		O: function
		prevTime: undefined
		r: function
		s: function
		S: function
		self: object
		switches: array
		t: function
		time: undefined
		U: function
		w: function
		W: function
		y: function
		Y: function
		z: function
Paused at 279:13
	Hit Breakpoint(s) 
	Call Stack: Date.formatDate 
	Bindings: a: function
		A: function
		B: function
		d: function
		D: function
		daysLong: array
		daysShort: array
		daysSuffix: array
		F: function
		g: function
		G: function
		h: function
		H: function
		i: function
		ia: array
		ij: number = 14
		input: string = 
		j: function
		l: function
		L: function
		m: function
		M: function
		monthsLong: array
		monthsShort: array
		n: function
		O: function
		prevTime: undefined
		r: function
		s: function
		S: function
		self: object
		switches: array
		t: function
		time: undefined
		U: function
		w: function
		W: function
		y: function
		Y: function
		z: function
Paused at 280:17
	Call Stack: Date.formatDate 
	Bindings: a: function
		A: function
		B: function
		d: function
		D: function
		daysLong: array
		daysShort: array
		daysSuffix: array
		F: function
		g: function
		G: function
		h: function
		H: function
		i: function
		ia: array
		ij: number = 14
		input: string = 
		j: function
		l: function
		L: function
		m: function
		M: function
		monthsLong: array
		monthsShort: array
		n: function
		O: function
		prevTime: undefined
		r: function
		s: function
		S: function
		self: object
		switches: array
		t: function
		time: undefined
		U: function
		w: function
		W: function
		y: function
		Y: function
		z: function
Paused at 283:9
	Hit Breakpoint(s) 
	Call Stack: Date.formatDate 
	Bindings: a: function
		A: function
		B: function
		d: function
		D: function
		daysLong: array
		daysShort: array
		daysSuffix: array
		F: function
		g: function
		G: function
		h: function
		H: function
		i: function
		ia: array
		ij: number = 14
		input: string = 
		j: function
		l: function
		L: function
		m: function
		M: function
		monthsLong: array
		monthsShort: array
		n: function
		O: function
		prevTime: undefined
		r: function
		s: function
		S: function
		self: object
		switches: array
		t: function
		time: undefined
		U: function
		w: function
		W: function
		y: function
		Y: function
		z: function
Paused at 279:13
	Hit Breakpoint(s) 
	Call Stack: Date.formatDate 
	Bindings: a: function
		A: function
		B: function
		d: function
		D: function
		daysLong: array
		daysShort: array
		daysSuffix: array
		F: function
		g: function
		G: function
		h: function
		H: function
		i: function
		ia: array
		ij: number = 15
		input: string = 
		j: function
		l: function
		L: function
		m: function
		M: function
		monthsLong: array
		monthsShort: array
		n: function
		O: function
		prevTime: undefined
		r: function
		s: function
		S: function
		self: object
		switches: array
		t: function
		time: undefined
		U: function
		w: function
		W: function
		y: function
		Y: function
		z: function
Paused at 2:18
	Call Stack: arrayExists, Date.formatDate 
	Bindings: array: array
		i: undefined
		x: string = 
Paused at 2:23
	Call Stack: arrayExists, Date.formatDate 
	Bindings: array: array
		i: number = 0
		x: string = 
Paused at 283:9
	Hit Breakpoint(s) 
	Call Stack: Date.formatDate 
	Bindings: a: function
		A: function
		B: function
		d: function
		D: function
		daysLong: array
		daysShort: array
		daysSuffix: array
		F: function
		g: function
		G: function
		h: function
		H: function
		i: function
		ia: array
		ij: number = 15
		input: string = 
		j: function
		l: function
		L: function
		m: function
		M: function
		monthsLong: array
		monthsShort: array
		n: function
		O: function
		prevTime: undefined
		r: function
		s: function
		S: function
		self: object
		switches: array
		t: function
		time: undefined
		U: function
		w: function
		W: function
		y: function
		Y: function
		z: function
Paused at 279:13
	Hit Breakpoint(s) 
	Call Stack: Date.formatDate 
	Bindings: a: function
		A: function
		B: function
		d: function
		D: function
		daysLong: array
		daysShort: array
		daysSuffix: array
		F: function
		g: function
		G: function
		h: function
		H: function
		i: function
		ia: array
		ij: number = 16
		input: string = 
		j: function
		l: function
		L: function
		m: function
		M: function
		monthsLong: array
		monthsShort: array
		n: function
		O: function
		prevTime: undefined
		r: function
		s: function
		S: function
		self: object
		switches: array
		t: function
		time: undefined
		U: function
		w: function
		W: function
		y: function
		Y: function
		z: function
Paused at 2:18
	Call Stack: arrayExists, Date.formatDate 
	Bindings: array: array
		i: undefined
		x: string = 
Paused at 2:23
	Call Stack: arrayExists, Date.formatDate 
	Bindings: array: array
		i: number = 0
		x: string = 
Paused at 3:9
	Call Stack: arrayExists, Date.formatDate 
	Bindings: array: array
		i: number = 0
		x: string = 
Paused at 283:9
	Hit Breakpoint(s) 
	Call Stack: Date.formatDate 
	Bindings: a: function
		A: function
		B: function
		d: function
		D: function
		daysLong: array
		daysShort: array
		daysSuffix: array
		F: function
		g: function
		G: function
		h: function
		H: function
		i: function
		ia: array
		ij: number = 16
		input: string = 
		j: function
		l: function
		L: function
		m: function
		M: function
		monthsLong: array
		monthsShort: array
		n: function
		O: function
		prevTime: undefined
		r: function
		s: function
		S: function
		self: object
		switches: array
		t: function
		time: undefined
		U: function
		w: function
		W: function
		y: function
		Y: function
		z: function
Paused at 274:14
	Call Stack: Date.formatDate 
	Bindings: a: function
		A: function
		B: function
		d: function
		D: function
		daysLong: array
		daysShort: array
		daysSuffix: array
		F: function
		g: function
		G: function
		h: function
		H: function
		i: function
		ia: array
		ij: number = 17
		input: string = 
		j: function
		l: function
		L: function
		m: function
		M: function
		monthsLong: array
		monthsShort: array
		n: function
		O: function
		prevTime: undefined
		r: function
		s: function
		S: function
		self: object
		switches: array
		t: function
		time: undefined
		U: function
		w: function
		W: function
		y: function
		Y: function
		z: function
Paused at 289:5
	Hit Breakpoint(s) 
	Call Stack: Date.formatDate 
	Bindings: a: function
		A: function
		B: function
		d: function
		D: function
		daysLong: array
		daysShort: array
		daysSuffix: array
		F: function
		g: function
		G: function
		h: function
		H: function
		i: function
		ia: array
		ij: number = 17
		input: string = 
		j: function
		l: function
		L: function
		m: function
		M: function
		monthsLong: array
		monthsShort: array
		n: function
		O: function
		prevTime: undefined
		r: function
		s: function
		S: function
		self: object
		switches: array
		t: function
		time: undefined
		U: function
		w: function
		W: function
		y: function
		Y: function
		z: function
Paused at 290:1
	Call Stack: Date.formatDate 
	Bindings: a: function
		A: function
		B: function
		d: function
		D: function
		daysLong: array
		daysShort: array
		daysSuffix: array
		F: function
		g: function
		G: function
		h: function
		H: function
		i: function
		ia: array
		ij: number = 17
		input: string = 
		j: function
		l: function
		L: function
		m: function
		M: function
		monthsLong: array
		monthsShort: array
		n: function
		O: function
		prevTime: undefined
		r: function
		s: function
		S: function
		self: object
		switches: array
		t: function
		time: undefined
		U: function
		w: function
		W: function
		y: function
		Y: function
		z: function
Paused at 297:5
	Hit Breakpoint(s) 
	Call Stack:  
	Bindings: 
Paused at 294:24
	Call Stack:  
	Bindings: 
Paused at 26:23
	Hit Breakpoint(s) 
	Call Stack: Date.formatDate 
	Bindings: a: function
		A: function
		B: function
		d: function
		D: function
		daysLong: undefined
		daysShort: undefined
		daysSuffix: undefined
		F: function
		g: function
		G: function
		h: function
		H: function
		i: function
		ia: undefined
		ij: undefined
		input: string = 
		j: function
		l: function
		L: function
		m: function
		M: function
		monthsLong: undefined
		monthsShort: undefined
		n: function
		O: function
		prevTime: undefined
		r: function
		s: function
		S: function
		self: undefined
		switches: undefined
		t: function
		time: undefined
		U: function
		w: function
		W: function
		y: function
		Y: function
		z: function
