225 -> 226
187 -> 193
287 -> 287
243 -> 243
169 -> 169
181 -> 183
195 -> 202
26 -> 26
247 -> 247
47 -> 47
266 -> 281
233 -> 233
94 -> 94
65 -> 65
153 -> 155
252 -> 254
99 -> 99
3 -> 13
155 -> 163
105 -> 105
276 -> 281
164 -> 164
64 -> 64
66 -> 66
189 -> 193
23 -> 23
16 -> 21
246 -> 246
25 -> 25
90 -> 91
36 -> 42
159 -> 163
35 -> 42
62 -> 62
118 -> 118
88 -> 88
254 -> 257
259 -> 281
126 -> 126
112 -> 112
11 -> 13
228 -> 228
179 -> 183
199 -> 202
245 -> 245
17 -> 21
180 -> 183
186 -> 186
261 -> 281
216 -> 216
258 -> 281
210 -> 214
161 -> 163
120 -> 120
227 -> 227
91 -> 139
253 -> 254
63 -> 63
42 -> 139
206 -> 206
170 -> 170
96 -> 96
156 -> 156
116 -> 116
224 -> 226
217 -> 217
239 -> 241
207 -> 207
238 -> 241
231 -> 231
257 -> 291
19 -> 21
240 -> 241
22 -> 22
172 -> 173
56 -> 57
70 -> 70
152 -> 152
43 -> 43
281 -> 291
10 -> 13
250 -> 250
147 -> 147
166 -> 166
158 -> 163
113 -> 113
229 -> 230
104 -> 104
171 -> 173
109 -> 109
124 -> 125
38 -> 42
288 -> 289
34 -> 34
145 -> 147
128 -> 128
135 -> 139
277 -> 281
235 -> 241
194 -> 194
132 -> 132
74 -> 74
157 -> 163
290 -> 290
185 -> 185
119 -> 119
213 -> 214
178 -> 183
55 -> 55
205 -> 205
31 -> 33
115 -> 115
223 -> 226
121 -> 121
13 -> 21
58 -> 58
215 -> 215
196 -> 202
173 -> 183
41 -> 42
44 -> 45
176 -> 183
110 -> 110
212 -> 214
234 -> 234
151 -> 151
183 -> 193
232 -> 233
200 -> 202
102 -> 102
192 -> 193
241 -> 257
272 -> 281
269 -> 281
275 -> 281
20 -> 21
138 -> 139
279 -> 281
6 -> 13
0 -> 13
111 -> 111
201 -> 202
154 -> 155
27 -> 33
33 -> 42
182 -> 183
