120 -> 120
185 -> 185
70 -> 70
111 -> 111
112 -> 112
16 -> 21
47 -> 47
10 -> 13
281 -> 281
238 -> 241
171 -> 173
22 -> 22
43 -> 43
195 -> 202
279 -> 281
250 -> 250
64 -> 64
217 -> 217
115 -> 115
3 -> 13
33 -> 33
166 -> 166
180 -> 183
194 -> 194
241 -> 257
178 -> 183
119 -> 119
229 -> 230
55 -> 55
257 -> 291
35 -> 42
145 -> 147
88 -> 88
104 -> 104
135 -> 139
34 -> 34
56 -> 57
243 -> 243
113 -> 113
23 -> 23
207 -> 207
210 -> 214
179 -> 183
155 -> 155
227 -> 227
287 -> 287
277 -> 281
246 -> 246
158 -> 163
213 -> 214
234 -> 234
275 -> 281
187 -> 193
99 -> 99
121 -> 121
192 -> 193
109 -> 109
253 -> 254
132 -> 132
102 -> 102
201 -> 202
90 -> 91
36 -> 42
105 -> 105
110 -> 110
176 -> 183
212 -> 214
96 -> 96
94 -> 94
26 -> 26
254 -> 257
233 -> 233
128 -> 128
235 -> 241
124 -> 125
196 -> 202
44 -> 45
276 -> 281
231 -> 231
240 -> 241
25 -> 25
290 -> 290
186 -> 186
74 -> 74
182 -> 183
58 -> 58
173 -> 183
41 -> 42
272 -> 281
62 -> 62
259 -> 281
118 -> 118
216 -> 216
232 -> 233
215 -> 215
116 -> 116
247 -> 247
66 -> 66
126 -> 126
225 -> 226
63 -> 63
288 -> 289
157 -> 163
239 -> 241
147 -> 151
181 -> 183
223 -> 226
183 -> 193
11 -> 13
199 -> 202
138 -> 139
154 -> 155
224 -> 226
261 -> 281
91 -> 139
164 -> 164
205 -> 205
170 -> 170
245 -> 245
27 -> 33
161 -> 163
252 -> 254
0 -> 13
206 -> 206
169 -> 169
17 -> 21
152 -> 152
156 -> 156
269 -> 281
13 -> 21
31 -> 33
20 -> 21
6 -> 13
38 -> 42
65 -> 65
266 -> 281
159 -> 163
200 -> 202
19 -> 21
151 -> 155
153 -> 155
172 -> 173
189 -> 193
42 -> 139
258 -> 281
228 -> 228
