224 -> 226
186 -> 186
281 -> 281
241 -> 241
164 -> 164
180 -> 183
194 -> 194
25 -> 25
246 -> 246
43 -> 43
261 -> 281
232 -> 233
88 -> 88
63 -> 63
147 -> 147
250 -> 250
91 -> 91
2 -> 13
152 -> 152
99 -> 99
275 -> 281
159 -> 163
58 -> 58
16 -> 21
31 -> 33
231 -> 231
190 -> 193
17 -> 21
83 -> 83
66 -> 66
34 -> 34
156 -> 156
151 -> 151
70 -> 70
112 -> 112
65 -> 65
253 -> 254
258 -> 281
118 -> 118
104 -> 104
161 -> 163
0 -> 13
173 -> 173
13 -> 21
243 -> 243
38 -> 42
176 -> 183
182 -> 183
259 -> 281
213 -> 214
257 -> 257
206 -> 206
155 -> 155
113 -> 113
223 -> 226
116 -> 116
27 -> 33
6 -> 13
153 -> 155
200 -> 202
36 -> 42
158 -> 163
26 -> 26
205 -> 205
217 -> 217
105 -> 105
235 -> 241
119 -> 119
233 -> 241
225 -> 226
64 -> 64
245 -> 245
133 -> 139
20 -> 21
120 -> 120
94 -> 94
62 -> 62
132 -> 132
109 -> 109
279 -> 281
239 -> 241
44 -> 45
135 -> 139
114 -> 114
96 -> 96
210 -> 214
23 -> 23
189 -> 193
121 -> 121
138 -> 139
248 -> 248
35 -> 42
287 -> 287
247 -> 247
172 -> 173
234 -> 234
207 -> 207
276 -> 281
229 -> 230
102 -> 102
192 -> 193
115 -> 115
252 -> 254
290 -> 290
55 -> 55
215 -> 215
254 -> 257
30 -> 33
128 -> 128
19 -> 21
170 -> 170
124 -> 125
110 -> 110
33 -> 42
212 -> 214
201 -> 202
126 -> 126
90 -> 91
178 -> 183
154 -> 155
269 -> 281
47 -> 47
166 -> 166
196 -> 202
228 -> 228
169 -> 169
10 -> 13
219 -> 219
272 -> 281
22 -> 22
3 -> 13
183 -> 193
199 -> 202
216 -> 216
52 -> 52
171 -> 173
195 -> 202
238 -> 241
277 -> 281
74 -> 74
39 -> 42
42 -> 139
179 -> 183
185 -> 185
41 -> 42
266 -> 281
145 -> 147
56 -> 57
11 -> 13
111 -> 111
187 -> 193
157 -> 163
240 -> 241
181 -> 183
288 -> 289
227 -> 227
