119 -> 119
192 -> 193
64 -> 64
115 -> 115
0 -> 13
27 -> 33
55 -> 55
25 -> 25
279 -> 281
233 -> 233
187 -> 193
43 -> 43
65 -> 65
206 -> 206
41 -> 42
259 -> 281
13 -> 21
224 -> 226
154 -> 155
31 -> 33
128 -> 128
196 -> 202
110 -> 110
215 -> 215
253 -> 254
124 -> 125
183 -> 183
247 -> 247
44 -> 45
269 -> 281
109 -> 109
199 -> 202
147 -> 147
3 -> 13
201 -> 202
252 -> 254
135 -> 139
266 -> 281
145 -> 147
228 -> 228
182 -> 183
179 -> 183
42 -> 139
173 -> 173
36 -> 42
287 -> 287
105 -> 105
272 -> 281
212 -> 214
155 -> 163
232 -> 233
216 -> 216
151 -> 151
70 -> 70
47 -> 47
11 -> 13
194 -> 194
223 -> 226
