0 -> 13
3 -> 13
6 -> 13
10 -> 13
11 -> 13
13 -> 21
16 -> 21
17 -> 21
19 -> 21
20 -> 21
22 -> 22
23 -> 23
25 -> 25
26 -> 26
27 -> 33
31 -> 33
33 -> 33
34 -> 34
35 -> 42
36 -> 42
38 -> 42
41 -> 42
42 -> 139
43 -> 43
44 -> 45
47 -> 47
55 -> 55
56 -> 57
58 -> 58
62 -> 62
63 -> 63
64 -> 64
65 -> 65
66 -> 66
70 -> 70
74 -> 74
88 -> 88
90 -> 91
91 -> 139
94 -> 94
96 -> 96
99 -> 99
102 -> 102
104 -> 104
105 -> 105
109 -> 109
110 -> 110
111 -> 111
112 -> 112
113 -> 113
115 -> 115
116 -> 116
118 -> 118
119 -> 119
120 -> 120
121 -> 121
124 -> 125
126 -> 126
128 -> 128
132 -> 132
135 -> 139
138 -> 139
145 -> 147
147 -> 151
151 -> 155
152 -> 152
153 -> 155
154 -> 155
155 -> 155
156 -> 156
157 -> 163
158 -> 163
159 -> 163
161 -> 163
164 -> 164
166 -> 166
169 -> 169
170 -> 170
171 -> 173
172 -> 173
173 -> 183
176 -> 183
178 -> 183
179 -> 183
180 -> 183
181 -> 183
182 -> 183
183 -> 193
185 -> 185
186 -> 186
187 -> 193
189 -> 193
192 -> 193
194 -> 194
195 -> 202
196 -> 202
199 -> 202
200 -> 202
201 -> 202
205 -> 205
206 -> 206
207 -> 207
210 -> 214
212 -> 214
213 -> 214
215 -> 215
216 -> 216
217 -> 217
223 -> 226
224 -> 226
225 -> 226
227 -> 227
228 -> 228
229 -> 230
231 -> 231
232 -> 233
233 -> 233
234 -> 234
235 -> 241
238 -> 241
239 -> 241
240 -> 241
241 -> 257
243 -> 243
245 -> 245
246 -> 246
247 -> 247
250 -> 250
252 -> 254
253 -> 254
254 -> 257
257 -> 291
258 -> 281
259 -> 281
261 -> 281
266 -> 281
269 -> 281
272 -> 281
275 -> 281
276 -> 281
277 -> 281
279 -> 281
281 -> 281
287 -> 287
288 -> 289
290 -> 290
