0 -> 0
2 -> 2
3 -> 3
6 -> 6
10 -> 10
11 -> 11
13 -> 13
16 -> 16
17 -> 17
19 -> 19
20 -> 20
22 -> 22
23 -> 23
25 -> 25
26 -> 26
27 -> 27
30 -> 30
31 -> 33
33 -> 35
34 -> 34
35 -> 35
36 -> 36
38 -> 38
39 -> 42
41 -> 42
42 -> 133
43 -> 43
44 -> 45
47 -> 47
52 -> 52
55 -> 55
56 -> 57
58 -> 58
62 -> 62
63 -> 63
64 -> 64
65 -> 65
66 -> 66
70 -> 70
74 -> 74
83 -> 83
88 -> 88
90 -> 91
91 -> 133
94 -> 94
96 -> 96
99 -> 99
102 -> 102
104 -> 104
105 -> 105
109 -> 109
110 -> 110
111 -> 111
112 -> 112
113 -> 113
114 -> 114
115 -> 115
116 -> 116
118 -> 118
119 -> 119
120 -> 120
121 -> 121
124 -> 125
126 -> 126
128 -> 128
132 -> 132
133 -> 133
135 -> 135
138 -> 139
145 -> 145
147 -> 147
151 -> 151
152 -> 152
153 -> 153
154 -> 155
155 -> 155
156 -> 156
157 -> 157
158 -> 158
159 -> 159
161 -> 163
164 -> 164
166 -> 166
169 -> 169
170 -> 170
171 -> 173
172 -> 173
173 -> 176
176 -> 176
178 -> 178
179 -> 179
180 -> 180
181 -> 183
182 -> 183
183 -> 183
185 -> 185
186 -> 186
187 -> 187
189 -> 189
190 -> 190
192 -> 193
194 -> 194
195 -> 195
196 -> 196
199 -> 199
200 -> 202
201 -> 202
205 -> 205
206 -> 206
207 -> 207
210 -> 210
212 -> 214
213 -> 214
215 -> 215
216 -> 216
217 -> 217
219 -> 219
223 -> 223
224 -> 226
225 -> 226
227 -> 227
228 -> 228
229 -> 230
231 -> 231
232 -> 233
233 -> 235
234 -> 234
235 -> 235
238 -> 238
239 -> 241
240 -> 241
241 -> 256
243 -> 243
245 -> 245
246 -> 246
247 -> 247
248 -> 248
250 -> 250
252 -> 254
253 -> 254
254 -> 256
257 -> 257
258 -> 258
259 -> 259
261 -> 261
266 -> 266
269 -> 269
272 -> 272
275 -> 275
276 -> 276
277 -> 277
279 -> 279
281 -> 281
287 -> 287
288 -> 288
290 -> 290
