0 -> 13
3 -> 13
11 -> 13
13 -> 21
25 -> 25
27 -> 33
31 -> 33
36 -> 42
41 -> 42
42 -> 139
43 -> 43
44 -> 45
47 -> 47
55 -> 55
64 -> 64
65 -> 65
70 -> 70
105 -> 105
109 -> 109
110 -> 110
115 -> 115
119 -> 119
124 -> 125
128 -> 128
135 -> 139
145 -> 147
147 -> 151
151 -> 155
154 -> 155
155 -> 163
173 -> 173
179 -> 183
182 -> 183
183 -> 193
187 -> 193
192 -> 193
194 -> 194
196 -> 202
199 -> 202
201 -> 202
206 -> 206
212 -> 214
215 -> 215
216 -> 216
223 -> 226
224 -> 226
228 -> 228
232 -> 233
233 -> 241
247 -> 247
252 -> 254
253 -> 254
259 -> 281
266 -> 281
269 -> 281
272 -> 281
279 -> 281
287 -> 287
