43 -> 43
55 -> 55
179 -> 183
194 -> 194
3 -> 13
183 -> 193
201 -> 202
199 -> 202
215 -> 215
128 -> 128
173 -> 173
41 -> 42
42 -> 139
279 -> 281
145 -> 147
115 -> 115
119 -> 119
247 -> 247
287 -> 287
259 -> 281
135 -> 139
253 -> 254
147 -> 151
232 -> 233
31 -> 33
151 -> 155
13 -> 21
65 -> 65
216 -> 216
44 -> 45
64 -> 64
196 -> 202
269 -> 281
206 -> 206
228 -> 228
223 -> 226
124 -> 125
155 -> 163
0 -> 13
109 -> 109
192 -> 193
25 -> 25
154 -> 155
110 -> 110
11 -> 13
272 -> 281
27 -> 33
187 -> 193
182 -> 183
36 -> 42
70 -> 70
266 -> 281
252 -> 254
105 -> 105
233 -> 241
224 -> 226
47 -> 47
212 -> 214
