216 -> 216
192 -> 193
279 -> 281
247 -> 247
179 -> 183
3 -> 13
201 -> 202
42 -> 42
252 -> 254
64 -> 64
269 -> 281
232 -> 233
119 -> 119
110 -> 110
25 -> 25
259 -> 281
135 -> 139
206 -> 206
183 -> 193
147 -> 147
272 -> 281
194 -> 194
70 -> 70
55 -> 55
215 -> 215
13 -> 21
223 -> 226
65 -> 65
36 -> 42
154 -> 155
109 -> 109
105 -> 105
155 -> 163
187 -> 193
196 -> 202
27 -> 33
43 -> 43
115 -> 115
212 -> 214
182 -> 183
228 -> 228
151 -> 151
233 -> 241
41 -> 42
173 -> 173
124 -> 125
0 -> 13
253 -> 254
11 -> 13
47 -> 47
224 -> 226
145 -> 147
266 -> 281
199 -> 202
31 -> 33
128 -> 128
287 -> 287
44 -> 45
