72 -> 72
81 -> 81
165 -> 165
186 -> 186
75 -> 75
170 -> 170
202 -> 202
195 -> 195
220 -> 220
106 -> 106
148 -> 148
212 -> 212
103 -> 103
296 -> 296
39 -> 39
3 -> 3
85 -> 85
255 -> 255
302 -> 302
268 -> 268
54 -> 54
262 -> 262
89 -> 89
228 -> 228
5 -> 5
79 -> 79
142 -> 142
163 -> 163
185 -> 185
169 -> 169
150 -> 150
121 -> 121
273 -> 273
143 -> 143
33 -> 33
26 -> 26
91 -> 91
2 -> 2
105 -> 105
297 -> 297
146 -> 146
279 -> 279
107 -> 107
67 -> 67
36 -> 36
272 -> 272
213 -> 213
31 -> 31
226 -> 226
51 -> 51
153 -> 153
173 -> 173
161 -> 161
70 -> 70
78 -> 78
45 -> 45
240 -> 240
201 -> 201
29 -> 29
301 -> 301
197 -> 197
102 -> 102
157 -> 157
152 -> 152
290 -> 290
269 -> 269
239 -> 239
300 -> 300
112 -> 112
119 -> 119
277 -> 277
263 -> 263
151 -> 151
194 -> 194
61 -> 61
265 -> 265
77 -> 77
179 -> 179
292 -> 292
110 -> 110
193 -> 193
175 -> 175
62 -> 62
120 -> 120
47 -> 47
74 -> 74
287 -> 287
108 -> 108
166 -> 166
59 -> 59
100 -> 100
182 -> 182
172 -> 172
117 -> 117
253 -> 253
49 -> 49
124 -> 124
65 -> 65
134 -> 134
283 -> 283
82 -> 82
60 -> 60
116 -> 116
52 -> 52
63 -> 63
94 -> 94
223 -> 223
90 -> 90
231 -> 231
93 -> 93
184 -> 184
196 -> 196
251 -> 251
289 -> 289
126 -> 126
286 -> 286
275 -> 275
225 -> 225
256 -> 256
260 -> 260
138 -> 138
147 -> 147
68 -> 68
261 -> 261
99 -> 99
249 -> 249
113 -> 113
204 -> 204
229 -> 229
168 -> 168
178 -> 178
298 -> 298
164 -> 164
137 -> 137
73 -> 73
86 -> 86
242 -> 242
248 -> 248
250 -> 250
140 -> 140
266 -> 266
206 -> 206
8 -> 8
205 -> 205
218 -> 218
96 -> 96
115 -> 115
95 -> 95
58 -> 58
237 -> 237
257 -> 257
