26 -> 26
29 -> 29
179 -> 179
161 -> 161
279 -> 279
74 -> 74
204 -> 204
194 -> 194
261 -> 261
47 -> 47
213 -> 213
115 -> 115
231 -> 231
283 -> 283
297 -> 297
262 -> 262
289 -> 289
8 -> 8
39 -> 39
186 -> 186
292 -> 292
124 -> 124
2 -> 2
237 -> 237
260 -> 260
67 -> 67
201 -> 201
206 -> 206
153 -> 153
110 -> 110
226 -> 226
72 -> 72
212 -> 212
157 -> 157
253 -> 253
45 -> 45
193 -> 193
223 -> 223
113 -> 113
68 -> 68
140 -> 140
51 -> 51
242 -> 242
151 -> 151
168 -> 168
134 -> 134
275 -> 275
255 -> 255
105 -> 105
268 -> 268
100 -> 100
290 -> 290
65 -> 65
81 -> 81
272 -> 272
5 -> 5
249 -> 249
165 -> 165
126 -> 126
218 -> 218
