2 -> 2
5 -> 5
8 -> 8
26 -> 26
29 -> 29
39 -> 39
45 -> 45
47 -> 47
51 -> 51
65 -> 65
67 -> 67
68 -> 68
72 -> 72
74 -> 74
81 -> 81
100 -> 100
105 -> 105
110 -> 110
113 -> 113
115 -> 115
124 -> 124
126 -> 126
134 -> 134
140 -> 140
151 -> 151
153 -> 153
157 -> 157
161 -> 161
165 -> 165
168 -> 168
179 -> 179
186 -> 186
193 -> 193
194 -> 194
201 -> 201
204 -> 204
206 -> 206
212 -> 212
213 -> 213
218 -> 218
223 -> 223
226 -> 226
231 -> 231
237 -> 237
242 -> 242
249 -> 249
253 -> 253
255 -> 255
260 -> 260
261 -> 261
262 -> 262
268 -> 268
272 -> 272
275 -> 275
279 -> 279
283 -> 283
289 -> 289
290 -> 290
292 -> 292
297 -> 297
