26 -> 26
29 -> 29
179 -> 179
161 -> 161
279 -> 279
74 -> 74
204 -> 204
194 -> 194
261 -> 261
47 -> 47
213 -> 213
115 -> 115
231 -> 231
283 -> 283
297 -> 297
262 -> 262
289 -> 289
8 -> 8
39 -> 39
186 -> 186
292 -> 292
124 -> 124
2 -> 2
237 -> 237
260 -> 260
67 -> 67
201 -> 201
206 -> 206
153 -> 153
110 -> 110
226 -> 226
72 -> 72
212 -> 212
157 -> 157
253 -> 253
45 -> 45
193 -> 193
223 -> 223
113 -> 113
68 -> 68
140 -> 140
51 -> 51
242 -> 242
151 -> 151
168 -> 168
134 -> 134
275 -> 275
255 -> 255
105 -> 105
268 -> 268
100 -> 100
290 -> 290
65 -> 65
81 -> 81
272 -> 272
5 -> 5
249 -> 249
165 -> 165
126 -> 126
218 -> 218
240 -> 240
94 -> 94
220 -> 220
60 -> 60
119 -> 119
61 -> 61
248 -> 248
117 -> 117
251 -> 251
202 -> 202
300 -> 300
170 -> 170
93 -> 93
108 -> 108
70 -> 70
166 -> 166
286 -> 286
164 -> 164
106 -> 106
143 -> 143
178 -> 178
175 -> 175
152 -> 152
250 -> 250
163 -> 163
182 -> 182
266 -> 266
225 -> 225
36 -> 36
103 -> 103
184 -> 184
256 -> 256
287 -> 287
137 -> 137
196 -> 196
263 -> 263
59 -> 59
142 -> 142
121 -> 121
172 -> 172
257 -> 257
228 -> 228
3 -> 3
86 -> 86
197 -> 197
138 -> 138
58 -> 58
49 -> 49
33 -> 33
90 -> 90
277 -> 277
82 -> 82
150 -> 150
301 -> 301
52 -> 52
63 -> 63
298 -> 298
112 -> 112
265 -> 265
73 -> 73
75 -> 75
239 -> 239
54 -> 54
79 -> 79
62 -> 62
185 -> 185
89 -> 89
102 -> 102
95 -> 95
96 -> 96
77 -> 77
148 -> 148
205 -> 205
120 -> 120
147 -> 147
229 -> 229
91 -> 91
31 -> 31
273 -> 273
146 -> 146
85 -> 85
269 -> 269
173 -> 173
296 -> 296
195 -> 195
78 -> 78
116 -> 116
107 -> 107
99 -> 99
169 -> 169
302 -> 302
87 -> 87
299 -> 299
129 -> 129
98 -> 98
131 -> 131
181 -> 181
133 -> 133
136 -> 136
6 -> 6
156 -> 156
48 -> 48
180 -> 180
274 -> 274
139 -> 139
144 -> 144
64 -> 64
174 -> 174
127 -> 127
295 -> 295
238 -> 238
154 -> 154
83 -> 83
155 -> 155
280 -> 280
258 -> 258
294 -> 294
111 -> 111
66 -> 66
252 -> 252
