301 -> 301
257 -> 257
416 -> 416
327 -> 327
218 -> 218
240 -> 240
266 -> 266
33 -> 33
337 -> 337
68 -> 68
361 -> 361
311 -> 311
109 -> 109
88 -> 88
189 -> 189
346 -> 346
112 -> 112
252 -> 252
193 -> 193
116 -> 116
384 -> 384
205 -> 205
72 -> 72
78 -> 78
250 -> 250
309 -> 309
14 -> 14
329 -> 329
94 -> 94
82 -> 82
108 -> 108
195 -> 195
184 -> 184
44 -> 44
120 -> 120
41 -> 41
31 -> 31
353 -> 353
134 -> 134
106 -> 106
199 -> 199
292 -> 292
214 -> 214
253 -> 253
324 -> 324
174 -> 174
80 -> 80
225 -> 225
355 -> 355
278 -> 278
350 -> 350
21 -> 21
179 -> 179
56 -> 56
286 -> 286
32 -> 32
334 -> 334
319 -> 319
168 -> 168
256 -> 256
183 -> 183
100 -> 100
141 -> 141
258 -> 258
276 -> 276
269 -> 269
305 -> 305
45 -> 45
13 -> 13
285 -> 285
340 -> 340
320 -> 320
304 -> 304
352 -> 352
167 -> 167
316 -> 316
135 -> 135
260 -> 260
25 -> 25
412 -> 412
306 -> 306
28 -> 28
231 -> 231
310 -> 310
314 -> 314
249 -> 249
270 -> 270
203 -> 203
23 -> 23
287 -> 287
146 -> 146
26 -> 26
15 -> 15
137 -> 137
262 -> 262
104 -> 104
90 -> 90
363 -> 363
110 -> 110
312 -> 312
30 -> 30
315 -> 315
86 -> 86
419 -> 419
326 -> 326
224 -> 224
322 -> 322
27 -> 27
226 -> 226
66 -> 66
294 -> 294
188 -> 188
217 -> 217
119 -> 119
153 -> 153
114 -> 114
64 -> 64
234 -> 234
54 -> 54
60 -> 60
342 -> 342
261 -> 261
22 -> 22
192 -> 192
254 -> 254
117 -> 117
272 -> 272
172 -> 172
171 -> 171
228 -> 228
383 -> 383
147 -> 147
201 -> 201
280 -> 280
293 -> 293
273 -> 273
140 -> 140
208 -> 208
132 -> 132
212 -> 212
145 -> 145
414 -> 414
34 -> 34
17 -> 17
84 -> 84
98 -> 98
317 -> 317
128 -> 128
274 -> 274
229 -> 229
37 -> 37
29 -> 29
136 -> 136
200 -> 200
185 -> 185
358 -> 358
397 -> 397
58 -> 58
133 -> 133
356 -> 356
264 -> 264
417 -> 417
344 -> 344
209 -> 209
118 -> 118
96 -> 96
351 -> 351
52 -> 52
220 -> 220
359 -> 359
207 -> 207
169 -> 169
175 -> 175
222 -> 222
299 -> 299
296 -> 296
288 -> 288
330 -> 330
102 -> 102
321 -> 321
325 -> 325
291 -> 291
282 -> 282
347 -> 347
348 -> 348
176 -> 176
76 -> 76
307 -> 307
122 -> 122
36 -> 36
265 -> 265
237 -> 237
92 -> 92
375 -> 375
216 -> 216
50 -> 50
196 -> 196
70 -> 70
233 -> 233
197 -> 197
268 -> 268
180 -> 180
113 -> 113
181 -> 181
74 -> 74
38 -> 38
221 -> 221
248 -> 248
239 -> 239
415 -> 415
279 -> 279
19 -> 19
62 -> 62
362 -> 362
139 -> 139
420 -> 420
376 -> 376
243 -> 243
47 -> 47
187 -> 187
418 -> 418
284 -> 284
213 -> 213
148 -> 148
410 -> 410
290 -> 290
130 -> 130
297 -> 297
281 -> 281
48 -> 48
204 -> 204
144 -> 144
413 -> 413
191 -> 191
18 -> 18
303 -> 303
