174 -> 174
260 -> 260
100 -> 100
144 -> 144
17 -> 17
21 -> 21
68 -> 68
137 -> 137
415 -> 415
324 -> 324
226 -> 226
26 -> 26
56 -> 56
269 -> 269
414 -> 414
347 -> 347
76 -> 76
297 -> 297
139 -> 139
253 -> 253
33 -> 33
217 -> 217
237 -> 237
262 -> 262
327 -> 327
229 -> 229
18 -> 18
310 -> 310
140 -> 140
352 -> 352
132 -> 132
180 -> 180
78 -> 78
102 -> 102
171 -> 171
291 -> 291
307 -> 307
326 -> 326
113 -> 113
213 -> 213
276 -> 276
280 -> 280
225 -> 225
184 -> 184
34 -> 34
417 -> 417
410 -> 410
329 -> 329
188 -> 188
84 -> 84
311 -> 311
383 -> 383
44 -> 44
272 -> 272
119 -> 119
243 -> 243
416 -> 416
344 -> 344
128 -> 128
209 -> 209
258 -> 258
25 -> 25
86 -> 86
70 -> 70
96 -> 96
199 -> 199
30 -> 30
45 -> 45
15 -> 15
108 -> 108
342 -> 342
303 -> 303
197 -> 197
309 -> 309
117 -> 117
233 -> 233
315 -> 315
106 -> 106
135 -> 135
104 -> 104
222 -> 222
419 -> 419
205 -> 205
268 -> 268
192 -> 192
249 -> 249
212 -> 212
218 -> 218
361 -> 361
340 -> 340
32 -> 32
195 -> 195
256 -> 256
282 -> 282
187 -> 187
359 -> 359
317 -> 317
274 -> 274
325 -> 325
120 -> 120
281 -> 281
94 -> 94
60 -> 60
286 -> 286
250 -> 250
64 -> 64
228 -> 228
356 -> 356
88 -> 88
147 -> 147
290 -> 290
169 -> 169
90 -> 90
98 -> 98
50 -> 50
412 -> 412
278 -> 278
358 -> 358
82 -> 82
363 -> 363
273 -> 273
287 -> 287
257 -> 257
351 -> 351
350 -> 350
252 -> 252
418 -> 418
285 -> 285
319 -> 319
122 -> 122
224 -> 224
58 -> 58
37 -> 37
72 -> 72
183 -> 183
270 -> 270
48 -> 48
248 -> 248
334 -> 334
294 -> 294
189 -> 189
134 -> 134
346 -> 346
200 -> 200
301 -> 301
337 -> 337
52 -> 52
314 -> 314
29 -> 29
14 -> 14
420 -> 420
305 -> 305
145 -> 145
153 -> 153
353 -> 353
293 -> 293
203 -> 203
19 -> 19
316 -> 316
74 -> 74
413 -> 413
264 -> 264
22 -> 22
172 -> 172
204 -> 204
146 -> 146
136 -> 136
191 -> 191
110 -> 110
261 -> 261
240 -> 240
220 -> 220
47 -> 47
23 -> 23
384 -> 384
38 -> 38
62 -> 62
234 -> 234
179 -> 179
355 -> 355
231 -> 231
362 -> 362
322 -> 322
176 -> 176
109 -> 109
196 -> 196
292 -> 292
321 -> 321
41 -> 41
66 -> 66
181 -> 181
312 -> 312
299 -> 299
266 -> 266
375 -> 375
284 -> 284
376 -> 376
208 -> 208
185 -> 185
31 -> 31
221 -> 221
320 -> 320
36 -> 36
167 -> 167
397 -> 397
288 -> 288
28 -> 28
13 -> 13
207 -> 207
330 -> 330
