183 -> 183
269 -> 269
108 -> 108
172 -> 172
174 -> 174
25 -> 25
90 -> 90
23 -> 23
410 -> 410
340 -> 340
260 -> 260
45 -> 45
94 -> 94
286 -> 286
33 -> 33
353 -> 353
147 -> 147
325 -> 325
209 -> 209
282 -> 282
167 -> 167
261 -> 261
281 -> 281
290 -> 290
351 -> 351
278 -> 278
221 -> 221
337 -> 337
222 -> 222
363 -> 363
17 -> 17
249 -> 249
52 -> 52
218 -> 218
13 -> 13
334 -> 334
38 -> 38
64 -> 64
228 -> 228
285 -> 285
326 -> 326
329 -> 329
299 -> 299
139 -> 139
346 -> 346
417 -> 417
62 -> 62
32 -> 32
60 -> 60
171 -> 171
352 -> 352
257 -> 257
28 -> 28
217 -> 217
102 -> 102
226 -> 226
185 -> 185
376 -> 376
220 -> 220
19 -> 19
237 -> 237
375 -> 375
229 -> 229
361 -> 361
416 -> 416
264 -> 264
199 -> 199
179 -> 179
305 -> 305
212 -> 212
15 -> 15
144 -> 144
266 -> 266
383 -> 383
128 -> 128
310 -> 310
303 -> 303
315 -> 315
47 -> 47
153 -> 153
397 -> 397
324 -> 324
84 -> 84
350 -> 350
