74 -> 74
96 -> 96
228 -> 228
262 -> 262
78 -> 78
237 -> 237
276 -> 276
268 -> 268
290 -> 290
139 -> 139
204 -> 204
285 -> 285
134 -> 134
413 -> 413
137 -> 137
86 -> 86
88 -> 88
322 -> 322
420 -> 420
347 -> 347
82 -> 82
334 -> 334
90 -> 90
293 -> 293
221 -> 221
72 -> 72
188 -> 188
213 -> 213
252 -> 252
226 -> 226
199 -> 199
169 -> 169
352 -> 352
50 -> 50
261 -> 261
222 -> 222
84 -> 84
184 -> 184
110 -> 110
414 -> 414
185 -> 185
359 -> 359
76 -> 76
23 -> 23
282 -> 282
350 -> 350
21 -> 21
264 -> 264
286 -> 286
412 -> 412
192 -> 192
224 -> 224
197 -> 197
351 -> 351
136 -> 136
183 -> 183
297 -> 297
257 -> 257
52 -> 52
418 -> 418
56 -> 56
270 -> 270
187 -> 187
113 -> 113
383 -> 383
342 -> 342
291 -> 291
416 -> 416
346 -> 346
203 -> 203
353 -> 353
325 -> 325
62 -> 62
229 -> 229
41 -> 41
147 -> 147
58 -> 58
209 -> 209
384 -> 384
207 -> 207
220 -> 220
108 -> 108
31 -> 31
417 -> 417
250 -> 250
179 -> 179
48 -> 48
358 -> 358
66 -> 66
305 -> 305
337 -> 337
330 -> 330
181 -> 181
70 -> 70
45 -> 45
47 -> 47
19 -> 19
140 -> 140
34 -> 34
109 -> 109
167 -> 167
419 -> 419
132 -> 132
376 -> 376
307 -> 307
135 -> 135
174 -> 174
233 -> 233
38 -> 38
303 -> 303
29 -> 29
18 -> 18
120 -> 120
355 -> 355
195 -> 195
37 -> 37
321 -> 321
25 -> 25
272 -> 272
281 -> 281
218 -> 218
324 -> 324
128 -> 128
274 -> 274
104 -> 104
98 -> 98
288 -> 288
13 -> 13
314 -> 314
117 -> 117
171 -> 171
375 -> 375
212 -> 212
153 -> 153
180 -> 180
356 -> 356
44 -> 44
60 -> 60
317 -> 317
258 -> 258
146 -> 146
327 -> 327
234 -> 234
256 -> 256
269 -> 269
208 -> 208
17 -> 17
316 -> 316
344 -> 344
326 -> 326
299 -> 299
397 -> 397
363 -> 363
249 -> 249
122 -> 122
30 -> 30
33 -> 33
28 -> 28
68 -> 68
189 -> 189
284 -> 284
15 -> 15
144 -> 144
319 -> 319
248 -> 248
243 -> 243
200 -> 200
320 -> 320
278 -> 278
294 -> 294
106 -> 106
22 -> 22
340 -> 340
231 -> 231
253 -> 253
176 -> 176
100 -> 100
94 -> 94
260 -> 260
329 -> 329
172 -> 172
36 -> 36
311 -> 311
145 -> 145
217 -> 217
32 -> 32
273 -> 273
205 -> 205
225 -> 225
14 -> 14
64 -> 64
26 -> 26
301 -> 301
361 -> 361
309 -> 309
191 -> 191
102 -> 102
315 -> 315
119 -> 119
196 -> 196
415 -> 415
310 -> 310
362 -> 362
266 -> 266
240 -> 240
410 -> 410
280 -> 280
312 -> 312
287 -> 287
292 -> 292
