324 -> 324
269 -> 269
416 -> 416
350 -> 350
237 -> 237
266 -> 266
285 -> 285
45 -> 45
352 -> 352
94 -> 94
376 -> 376
337 -> 337
167 -> 167
144 -> 144
226 -> 226
353 -> 353
174 -> 174
28 -> 28
23 -> 23
185 -> 185
397 -> 397
261 -> 261
52 -> 52
172 -> 172
286 -> 286
340 -> 340
303 -> 303
64 -> 64
199 -> 199
102 -> 102
217 -> 217
25 -> 25
128 -> 128
212 -> 212
228 -> 228
60 -> 60
375 -> 375
32 -> 32
257 -> 257
209 -> 209
90 -> 90
346 -> 346
299 -> 299
325 -> 325
361 -> 361
282 -> 282
305 -> 305
315 -> 315
383 -> 383
153 -> 153
84 -> 84
264 -> 264
139 -> 139
281 -> 281
351 -> 351
222 -> 222
218 -> 218
179 -> 179
260 -> 260
19 -> 19
229 -> 229
326 -> 326
220 -> 220
33 -> 33
38 -> 38
171 -> 171
147 -> 147
310 -> 310
329 -> 329
290 -> 290
410 -> 410
108 -> 108
183 -> 183
17 -> 17
334 -> 334
62 -> 62
13 -> 13
278 -> 278
363 -> 363
417 -> 417
47 -> 47
249 -> 249
15 -> 15
221 -> 221
