13 -> 13
14 -> 14
15 -> 15
17 -> 17
18 -> 18
19 -> 19
21 -> 21
22 -> 22
23 -> 23
25 -> 25
26 -> 26
27 -> 27
28 -> 28
29 -> 29
30 -> 30
31 -> 31
32 -> 32
33 -> 33
34 -> 34
36 -> 36
37 -> 37
38 -> 38
41 -> 41
44 -> 44
45 -> 45
47 -> 47
48 -> 48
50 -> 50
52 -> 52
54 -> 54
56 -> 56
58 -> 58
60 -> 60
62 -> 62
64 -> 64
66 -> 66
68 -> 68
70 -> 70
72 -> 72
74 -> 74
76 -> 76
78 -> 78
80 -> 80
82 -> 82
84 -> 84
86 -> 86
88 -> 88
90 -> 90
92 -> 92
94 -> 94
96 -> 96
98 -> 98
100 -> 100
102 -> 102
104 -> 104
106 -> 106
108 -> 108
109 -> 109
110 -> 110
112 -> 112
113 -> 113
114 -> 114
116 -> 116
117 -> 117
118 -> 118
119 -> 119
120 -> 120
122 -> 122
128 -> 128
130 -> 130
132 -> 132
133 -> 133
134 -> 134
135 -> 135
136 -> 136
137 -> 137
139 -> 139
140 -> 140
141 -> 141
144 -> 144
145 -> 145
146 -> 146
147 -> 147
148 -> 148
153 -> 153
167 -> 167
168 -> 168
169 -> 169
171 -> 171
172 -> 172
174 -> 174
175 -> 175
176 -> 176
179 -> 179
180 -> 180
181 -> 181
183 -> 183
184 -> 184
185 -> 185
187 -> 187
188 -> 188
189 -> 189
191 -> 191
192 -> 192
193 -> 193
195 -> 195
196 -> 196
197 -> 197
199 -> 199
200 -> 200
201 -> 201
203 -> 203
204 -> 204
205 -> 205
207 -> 207
208 -> 208
209 -> 209
212 -> 212
213 -> 213
214 -> 214
216 -> 216
217 -> 217
218 -> 218
220 -> 220
221 -> 221
222 -> 222
224 -> 224
225 -> 225
226 -> 226
228 -> 228
229 -> 229
231 -> 231
233 -> 233
234 -> 234
237 -> 237
239 -> 239
240 -> 240
243 -> 243
248 -> 248
249 -> 249
250 -> 250
252 -> 252
253 -> 253
254 -> 254
256 -> 256
257 -> 257
258 -> 258
260 -> 260
261 -> 261
262 -> 262
264 -> 264
265 -> 265
266 -> 266
268 -> 268
269 -> 269
270 -> 270
272 -> 272
273 -> 273
274 -> 274
276 -> 276
278 -> 278
279 -> 279
280 -> 280
281 -> 281
282 -> 282
284 -> 284
285 -> 285
286 -> 286
287 -> 287
288 -> 288
290 -> 290
291 -> 291
292 -> 292
293 -> 293
294 -> 294
296 -> 296
297 -> 297
299 -> 299
301 -> 301
303 -> 303
304 -> 304
305 -> 305
306 -> 306
307 -> 307
309 -> 309
310 -> 310
311 -> 311
312 -> 312
314 -> 314
315 -> 315
316 -> 316
317 -> 317
319 -> 319
320 -> 320
321 -> 321
322 -> 322
324 -> 324
325 -> 325
326 -> 326
327 -> 327
329 -> 329
330 -> 330
334 -> 334
337 -> 337
340 -> 340
342 -> 342
344 -> 344
346 -> 346
347 -> 347
348 -> 348
350 -> 350
351 -> 351
352 -> 352
353 -> 353
355 -> 355
356 -> 356
358 -> 358
359 -> 359
361 -> 361
362 -> 362
363 -> 363
375 -> 375
376 -> 376
383 -> 383
384 -> 384
397 -> 397
410 -> 410
412 -> 412
413 -> 413
414 -> 414
415 -> 415
416 -> 416
417 -> 417
418 -> 418
419 -> 419
420 -> 420
