13 -> 13
15 -> 15
17 -> 17
19 -> 19
23 -> 23
25 -> 25
28 -> 28
32 -> 32
33 -> 33
38 -> 38
45 -> 45
47 -> 47
52 -> 52
60 -> 60
62 -> 62
64 -> 64
84 -> 84
90 -> 90
94 -> 94
102 -> 102
108 -> 108
128 -> 128
139 -> 139
144 -> 144
147 -> 147
153 -> 153
167 -> 167
171 -> 171
172 -> 172
174 -> 174
179 -> 179
183 -> 183
185 -> 185
199 -> 199
209 -> 209
212 -> 212
217 -> 217
218 -> 218
220 -> 220
221 -> 221
222 -> 222
226 -> 226
228 -> 228
229 -> 229
237 -> 237
249 -> 249
257 -> 257
260 -> 260
261 -> 261
264 -> 264
266 -> 266
269 -> 269
278 -> 278
281 -> 281
282 -> 282
285 -> 285
286 -> 286
290 -> 290
299 -> 299
303 -> 303
305 -> 305
310 -> 310
315 -> 315
324 -> 324
325 -> 325
326 -> 326
329 -> 329
334 -> 334
337 -> 337
340 -> 340
346 -> 346
350 -> 350
351 -> 351
352 -> 352
353 -> 353
361 -> 361
363 -> 363
375 -> 375
376 -> 376
383 -> 383
397 -> 397
410 -> 410
416 -> 416
417 -> 417
