307 -> 307
262 -> 262
416 -> 416
334 -> 334
225 -> 225
250 -> 250
272 -> 272
32 -> 32
344 -> 344
66 -> 66
363 -> 363
317 -> 317
108 -> 108
86 -> 86
196 -> 196
350 -> 350
110 -> 110
258 -> 258
199 -> 199
119 -> 119
397 -> 397
213 -> 213
72 -> 72
78 -> 78
34 -> 34
315 -> 315
264 -> 264
340 -> 340
96 -> 96
84 -> 84
109 -> 109
203 -> 203
191 -> 191
82 -> 82
134 -> 134
74 -> 74
351 -> 351
358 -> 358
144 -> 144
60 -> 60
208 -> 208
301 -> 301
224 -> 224
261 -> 261
329 -> 329
185 -> 185
18 -> 18
237 -> 237
359 -> 359
286 -> 286
353 -> 353
274 -> 274
189 -> 189
113 -> 113
293 -> 293
120 -> 120
23 -> 23
325 -> 325
183 -> 183
266 -> 266
31 -> 31
64 -> 64
172 -> 172
269 -> 269
102 -> 102
280 -> 280
314 -> 314
14 -> 14
311 -> 311
33 -> 33
347 -> 347
326 -> 326
139 -> 139
70 -> 70
184 -> 184
324 -> 324
167 -> 167
21 -> 21
352 -> 352
413 -> 413
316 -> 316
147 -> 147
252 -> 252
319 -> 319
322 -> 322
140 -> 140
284 -> 284
222 -> 222
146 -> 146
299 -> 299
181 -> 181
375 -> 375
417 -> 417
37 -> 37
278 -> 278
297 -> 297
19 -> 19
383 -> 383
285 -> 285
94 -> 94
212 -> 212
36 -> 36
327 -> 327
419 -> 419
52 -> 52
45 -> 45
17 -> 17
25 -> 25
256 -> 256
180 -> 180
76 -> 76
209 -> 209
248 -> 248
136 -> 136
228 -> 228
195 -> 195
169 -> 169
187 -> 187
273 -> 273
384 -> 384
176 -> 176
282 -> 282
243 -> 243
420 -> 420
276 -> 276
281 -> 281
291 -> 291
13 -> 13
44 -> 44
240 -> 240
410 -> 410
122 -> 122
153 -> 153
58 -> 58
268 -> 268
294 -> 294
207 -> 207
330 -> 330
249 -> 249
303 -> 303
29 -> 29
15 -> 15
346 -> 346
132 -> 132
117 -> 117
292 -> 292
337 -> 337
321 -> 321
135 -> 135
412 -> 412
47 -> 47
38 -> 38
309 -> 309
171 -> 171
290 -> 290
376 -> 376
414 -> 414
200 -> 200
220 -> 220
192 -> 192
179 -> 179
418 -> 418
68 -> 68
41 -> 41
174 -> 174
362 -> 362
26 -> 26
310 -> 310
253 -> 253
229 -> 229
342 -> 342
204 -> 204
145 -> 145
188 -> 188
90 -> 90
270 -> 270
233 -> 233
312 -> 312
100 -> 100
104 -> 104
356 -> 356
88 -> 88
106 -> 106
128 -> 128
48 -> 48
226 -> 226
28 -> 28
22 -> 22
50 -> 50
205 -> 205
305 -> 305
287 -> 287
231 -> 231
415 -> 415
288 -> 288
137 -> 137
234 -> 234
98 -> 98
62 -> 62
355 -> 355
221 -> 221
197 -> 197
320 -> 320
260 -> 260
257 -> 257
361 -> 361
217 -> 217
30 -> 30
218 -> 218
56 -> 56
