request breakpoint   0 at line   2
                   set at line   2
request breakpoint   1 at line   5
                   set at line   5
request breakpoint   2 at line  24
                   set at line  24
request breakpoint   3 at line  22
                   set at line  22
request breakpoint   4 at line  36
                   set at line  36
request breakpoint   5 at line  13
                   set at line  13
request breakpoint   6 at line  28
                   set at line  28
paused at line  22
	because of breakpoints [3]
action: stepIn
paused at line  23
action: stepIn
paused at line  24
	because of breakpoints [2]
action: stepOver
paused at line  24
action: stepOver
paused at line  13
	because of breakpoints [5]
action: resume
paused at line  13
	because of breakpoints [5]
action: stepIn
paused at line  14
action: stepOver
paused at line  13
	because of breakpoints [5]
action: stepOver
paused at line  14
action: resume
paused at line  13
	because of breakpoints [5]
action: stepIn
paused at line  14
action: stepOver
paused at line  13
	because of breakpoints [5]
action: stepIn
paused at line  14
action: stepOut
paused at line  13
	because of breakpoints [5]
action: resume
paused at line  13
	because of breakpoints [5]
action: resume
paused at line  13
	because of breakpoints [5]
action: resume
paused at line   2
	because of breakpoints [0]
action: resume
paused at line   5
	because of breakpoints [1]
action: resume
paused at line  13
	because of breakpoints [5]
action: stepIn
paused at line  16
action: stepIn
paused at line   2
	because of breakpoints [0]
action: stepOver
paused at line   3
action: stepIn
paused at line   4
action: resume
paused at line   5
	because of breakpoints [1]
action: stepOut
paused at line  18
action: stepIn
paused at line  14
action: stepOut
paused at line   2
	because of breakpoints [0]
action: stepOut
paused at line   5
	because of breakpoints [1]
action: stepIn
paused at line  18
action: resume
paused at line  13
	because of breakpoints [5]
action: resume
paused at line  13
	because of breakpoints [5]
action: stepIn
paused at line  16
action: resume
paused at line   2
	because of breakpoints [0]
action: stepOver
paused at line   3
action: stepOver
paused at line   4
action: stepOver
paused at line   5
	because of breakpoints [1]
action: stepOut
paused at line  18
action: resume
paused at line  13
	because of breakpoints [5]
action: stepOver
paused at line  16
action: stepIn
paused at line   2
	because of breakpoints [0]
action: resume
paused at line   5
	because of breakpoints [1]
action: stepOver
paused at line  18
action: resume
paused at line   2
	because of breakpoints [0]
action: stepIn
paused at line   3
action: stepIn
paused at line   4
action: stepOver
paused at line   5
	because of breakpoints [1]
action: resume
paused at line   2
	because of breakpoints [0]
action: stepIn
paused at line   3
action: stepOver
paused at line   4
action: stepOver
paused at line   5
	because of breakpoints [1]
action: stepOver
paused at line  18
action: stepOut
paused at line  14
action: stepIn
paused at line  13
	because of breakpoints [5]
action: stepOut
paused at line  13
	because of breakpoints [5]
action: stepIn
paused at line  14
action: resume
paused at line  13
	because of breakpoints [5]
action: stepIn
paused at line  16
action: stepOver
paused at line   2
	because of breakpoints [0]
action: stepOut
paused at line   5
	because of breakpoints [1]
action: stepOver
paused at line  18
action: stepOver
paused at line  14
action: stepOut
paused at line  13
	because of breakpoints [5]
action: stepOver
paused at line  16
action: stepOut
paused at line   2
	because of breakpoints [0]
action: resume
paused at line   5
	because of breakpoints [1]
action: stepOver
paused at line  18
action: stepIn
paused at line  14
action: resume
paused at line   2
	because of breakpoints [0]
action: stepOut
paused at line   5
	because of breakpoints [1]
action: stepIn
paused at line  18
action: resume
paused at line  13
	because of breakpoints [5]
action: stepOut
paused at line  13
	because of breakpoints [5]
action: resume
paused at line   2
	because of breakpoints [0]
action: stepIn
paused at line   3
action: stepOut
paused at line   5
	because of breakpoints [1]
action: resume
paused at line  13
	because of breakpoints [5]
action: stepIn
