request breakpoint   0 at line   2
                   set at line   2
request breakpoint   1 at line   5
                   set at line   5
request breakpoint   2 at line  23
                   set at line  23
request breakpoint   3 at line  21
                   set at line  23
request breakpoint   4 at line  35
                   set at line  35
request breakpoint   5 at line  13
                   set at line  13
request breakpoint   6 at line  27
                   set at line  27
paused at line  27
	because of breakpoints [6]
action: stepIn
paused at line  27
action: stepIn
paused at line  28
action: stepOver
paused at line  29
action: stepOver
paused at line  30
action: resume
paused at line  13
	because of breakpoints [5]
action: stepIn
paused at line  12
action: stepOver
paused at line  12
action: stepOver
paused at line  13
	because of breakpoints [5]
action: resume
paused at line  13
	because of breakpoints [5]
action: stepIn
paused at line  12
action: stepOver
paused at line  12
action: stepIn
paused at line  13
	because of breakpoints [5]
action: stepOut
paused at line  13
	because of breakpoints [5]
action: resume
paused at line  13
	because of breakpoints [5]
action: resume
paused at line  13
	because of breakpoints [5]
action: resume
paused at line  13
	because of breakpoints [5]
action: resume
paused at line  13
	because of breakpoints [5]
action: resume
