request breakpoint   0 at line  12
                   set at line  39
request breakpoint   1 at line  28
                   set at line  39
request breakpoint   2 at line 181
                   set at line 181
request breakpoint   3 at line 163
                   set at line 163
request breakpoint   4 at line 281
                   set at line 282
request breakpoint   5 at line  78
                   set at line  85
request breakpoint   6 at line 207
                   set at line 277
request breakpoint   7 at line 198
                   set at line 198
request breakpoint   8 at line 264
                   set at line 264
request breakpoint   9 at line  53
                   set at line  57
request breakpoint  10 at line 217
                   set at line 226
request breakpoint  11 at line  39
                   set at line  39
request breakpoint  12 at line 122
                   set at line 122
request breakpoint  13 at line 235
                   set at line 235
request breakpoint  14 at line 284
                   set at line 284
request breakpoint  15 at line 299
                   set at line 299
request breakpoint  16 at line 266
                   set at line 266
request breakpoint  17 at line 291
                   set at line 292
request breakpoint  18 at line  22
                   set at line  39
request breakpoint  19 at line  55
                   set at line  57
request breakpoint  20 at line 195
                   set at line 195
request breakpoint  21 at line  64
                   set at line  71
request breakpoint  22 at line 272
                   set at line 277
request breakpoint  23 at line 138
                   set at line 277
request breakpoint  24 at line  25
                   set at line  39
request breakpoint  25 at line 135
                   set at line 135
request breakpoint  26 at line 131
                   set at line 131
request breakpoint  27 at line  69
                   set at line  71
request breakpoint  28 at line 240
                   set at line 240
request breakpoint  29 at line 262
                   set at line 263
request breakpoint  30 at line  91
                   set at line 277
request breakpoint  31 at line 244
                   set at line 244
request breakpoint  32 at line 211
                   set at line 211
request breakpoint  33 at line 218
                   set at line 226
request breakpoint  34 at line 171
                   set at line 277
request breakpoint  35 at line 132
                   set at line 132
request breakpoint  36 at line 292
                   set at line 292
request breakpoint  37 at line 234
                   set at line 234
request breakpoint  38 at line  89
                   set at line 277
request breakpoint  39 at line 274
                   set at line 274
request breakpoint  40 at line 222
                   set at line 226
request breakpoint  41 at line 269
                   set at line 269
request breakpoint  42 at line  71
                   set at line  71
request breakpoint  43 at line  20
                   set at line  39
request breakpoint  44 at line 179
                   set at line 179
request breakpoint  45 at line 252
                   set at line 277
request breakpoint  46 at line  83
                   set at line  85
request breakpoint  47 at line   7
                   set at line   7
request breakpoint  48 at line 208
                   set at line 208
request breakpoint  49 at line 237
                   set at line 237
request breakpoint  50 at line 145
                   set at line 145
request breakpoint  51 at line 108
                   set at line 277
request breakpoint  52 at line 169
                   set at line 169
request breakpoint  53 at line  94
                   set at line 277
request breakpoint  54 at line 253
                   set at line 253
request breakpoint  55 at line  31
                   set at line  39
request breakpoint  56 at line 221
                   set at line 226
request breakpoint  57 at line 180
                   set at line 181
request breakpoint  58 at line  50
                   set at line  57
request breakpoint  59 at line 190
                   set at line 190
paused at line 299
	because of breakpoints [15]
action: stepIn
paused at line 300
action: stepIn
paused at line 300
action: stepOver
paused at line 301
action: stepOver
paused at line  39
	because of breakpoints [0,1,11,18,24,43,55]
action: resume
paused at line  57
	because of breakpoints [9,19,58]
action: stepIn
paused at line  71
	because of breakpoints [21,27,42]
action: stepOver
paused at line  85
	because of breakpoints [5,46]
action: stepOver
paused at line 277
	because of breakpoints [6,22,23,30,34,38,45,51,53]
action: resume
paused at line 282
	because of breakpoints [4]
action: stepIn
paused at line 283
action: stepOver
paused at line 284
	because of breakpoints [14]
action: stepIn
paused at line 285
action: stepOut
paused at line   7
	because of breakpoints [47]
action: resume
paused at line 292
	because of breakpoints [17,36]
action: resume
paused at line 284
	because of breakpoints [14]
action: resume
paused at line   7
	because of breakpoints [47]
action: resume
paused at line 292
	because of breakpoints [17,36]
action: resume
paused at line 284
	because of breakpoints [14]
action: stepIn
paused at line 285
action: stepIn
paused at line 288
action: stepOver
paused at line   7
	because of breakpoints [47]
action: stepIn
paused at line 289
action: resume
paused at line 292
	because of breakpoints [17,36]
action: stepOut
paused at line 284
	because of breakpoints [14]
action: stepIn
paused at line 285
action: stepOut
paused at line   7
	because of breakpoints [47]
action: stepOut
paused at line 292
	because of breakpoints [17,36]
action: stepIn
paused at line 284
	because of breakpoints [14]
action: resume
paused at line   7
	because of breakpoints [47]
action: resume
paused at line 292
	because of breakpoints [17,36]
action: stepIn
paused at line 284
	because of breakpoints [14]
action: resume
paused at line  39
	because of breakpoints [0,1,11,18,24,43,55]
action: stepOver
paused at line  48
action: stepOver
paused at line  57
	because of breakpoints [9,19,58]
action: stepOver
paused at line  71
	because of breakpoints [21,27,42]
action: stepOut
paused at line  85
	because of breakpoints [5,46]
action: resume
paused at line 277
	because of breakpoints [6,22,23,30,34,38,45,51,53]
action: stepOver
paused at line 278
action: stepIn
paused at line 282
	because of breakpoints [4]
action: resume
paused at line 284
	because of breakpoints [14]
action: stepOver
paused at line 285
action: resume
paused at line   7
	because of breakpoints [47]
action: stepIn
paused at line 289
action: stepIn
paused at line   1
action: stepOver
paused at line   1
action: resume
paused at line 292
	because of breakpoints [17,36]
action: stepIn
paused at line 284
	because of breakpoints [14]
action: stepOver
paused at line 285
action: stepOver
paused at line 288
action: stepOver
paused at line   7
	because of breakpoints [47]
action: stepOut
paused at line 292
	because of breakpoints [17,36]
action: stepIn
paused at line 284
	because of breakpoints [14]
action: stepOut
paused at line   7
	because of breakpoints [47]
action: stepIn
paused at line 292
	because of breakpoints [17,36]
action: resume
paused at line 284
	because of breakpoints [14]
action: stepIn
paused at line 285
action: stepOver
paused at line 288
action: stepOut
paused at line   7
	because of breakpoints [47]
action: stepOver
paused at line 289
action: stepOver
paused at line 145
	because of breakpoints [50]
action: stepOut
paused at line   1
action: stepOver
paused at line 292
	because of breakpoints [17,36]
action: stepOut
paused at line 284
	because of breakpoints [14]
action: resume
paused at line   7
	because of breakpoints [47]
action: stepOver
paused at line 292
	because of breakpoints [17,36]
action: stepIn
paused at line 284
	because of breakpoints [14]
action: resume
paused at line   7
	because of breakpoints [47]
action: stepOut
paused at line 289
action: stepIn
paused at line   1
action: resume
paused at line 292
	because of breakpoints [17,36]
action: stepOut
paused at line 284
	because of breakpoints [14]
action: resume
paused at line   7
	because of breakpoints [47]
action: stepIn
paused at line 292
	because of breakpoints [17,36]
action: stepOut
paused at line 284
	because of breakpoints [14]
action: resume
paused at line   7
	because of breakpoints [47]
action: stepIn
paused at line 292
	because of breakpoints [17,36]
action: resume
paused at line 284
	because of breakpoints [14]
action: resume
paused at line   7
	because of breakpoints [47]
action: stepOver
paused at line 289
action: stepOver
paused at line 292
	because of breakpoints [17,36]
action: stepOut
paused at line 284
	because of breakpoints [14]
action: stepOver
paused at line 285
action: stepIn
paused at line 288
action: stepOver
paused at line   7
	because of breakpoints [47]
action: resume
paused at line 292
	because of breakpoints [17,36]
action: resume
paused at line 284
	because of breakpoints [14]
action: stepOut
paused at line   7
	because of breakpoints [47]
action: stepOver
paused at line 289
action: resume
paused at line 292
	because of breakpoints [17,36]
action: stepIn
paused at line 284
	because of breakpoints [14]
action: stepOut
paused at line   7
	because of breakpoints [47]
action: stepOut
paused at line 292
	because of breakpoints [17,36]
action: stepOut
paused at line 284
	because of breakpoints [14]
action: stepIn
paused at line 285
action: stepOut
paused at line   7
	because of breakpoints [47]
action: stepIn
paused at line 289
action: stepOver
paused at line 292
	because of breakpoints [17,36]
action: stepOver
paused at line 284
	because of breakpoints [14]
action: stepOver
paused at line 285
action: resume
paused at line   7
	because of breakpoints [47]
action: stepIn
paused at line 292
	because of breakpoints [17,36]
action: stepOut
paused at line 284
	because of breakpoints [14]
action: resume
paused at line   7
	because of breakpoints [47]
action: resume
paused at line 208
	because of breakpoints [48]
action: stepOver
paused at line 209
action: stepOver
paused at line   1
action: stepOut
paused at line 292
	because of breakpoints [17,36]
action: stepOut
paused at line 284
	because of breakpoints [14]
action: stepIn
paused at line 285
action: resume
paused at line   7
	because of breakpoints [47]
action: resume
paused at line 292
	because of breakpoints [17,36]
action: stepIn
paused at line 284
	because of breakpoints [14]
action: stepOver
paused at line 285
action: stepIn
paused at line 288
action: resume
paused at line   7
	because of breakpoints [47]
action: stepOver
paused at line 289
action: stepOut
paused at line 122
	because of breakpoints [12]
action: stepOut
paused at line   1
action: stepOver
paused at line 292
	because of breakpoints [17,36]
action: stepIn
paused at line 284
	because of breakpoints [14]
action: stepIn
paused at line 294
action: stepOver
paused at line 297
action: resume
paused at line  39
	because of breakpoints [0,1,11,18,24,43,55]
action: stepOver
paused at line  48
action: stepOut
paused at line  57
	because of breakpoints [9,19,58]
action: stepIn
paused at line  71
	because of breakpoints [21,27,42]
action: stepOut
paused at line  85
	because of breakpoints [5,46]
action: stepOut
paused at line 277
	because of breakpoints [6,22,23,30,34,38,45,51,53]
action: resume
paused at line 282
	because of breakpoints [4]
action: stepOver
paused at line 283
action: stepOver
paused at line 284
	because of breakpoints [14]
action: stepOver
paused at line 285
action: stepIn
paused at line 288
action: stepOut
paused at line   7
	because of breakpoints [47]
action: stepOver
paused at line 289
action: stepIn
paused at line   1
action: stepOver
paused at line   1
action: resume
paused at line 292
	because of breakpoints [17,36]
action: stepIn
paused at line 284
	because of breakpoints [14]
action: stepOver
paused at line 285
action: resume
paused at line   7
	because of breakpoints [47]
action: stepOver
paused at line 292
	because of breakpoints [17,36]
action: stepOver
paused at line 284
	because of breakpoints [14]
action: stepOver
paused at line 285
action: resume
paused at line   7
	because of breakpoints [47]
action: stepOver
paused at line 289
action: stepOver
paused at line 292
	because of breakpoints [17,36]
action: stepIn
paused at line 284
	because of breakpoints [14]
action: resume
paused at line   7
	because of breakpoints [47]
action: stepOver
paused at line 292
	because of breakpoints [17,36]
action: stepOver
paused at line 284
	because of breakpoints [14]
action: resume
paused at line   7
	because of breakpoints [47]
action: resume
paused at line 292
	because of breakpoints [17,36]
action: stepOver
paused at line 284
	because of breakpoints [14]
action: stepIn
paused at line 294
action: stepIn
paused at line 297
action: stepOver
paused at line 298
action: stepOver
paused at line 302
action: stepOver
paused at line  39
	because of breakpoints [0,1,11,18,24,43,55]
action: stepOver
paused at line  48
action: stepOut
paused at line  57
	because of breakpoints [9,19,58]
action: stepOver
paused at line  71
	because of breakpoints [21,27,42]
action: stepOver
paused at line  85
	because of breakpoints [5,46]
action: resume
paused at line 277
	because of breakpoints [6,22,23,30,34,38,45,51,53]
action: resume
paused at line 282
	because of breakpoints [4]
action: stepOver
paused at line 283
action: resume
paused at line 284
	because of breakpoints [14]
action: stepIn
paused at line 285
action: stepOver
paused at line 288
action: stepOut
paused at line   7
	because of breakpoints [47]
action: stepIn
paused at line 289
action: stepOut
paused at line 292
	because of breakpoints [17,36]
action: stepOver
paused at line 284
	because of breakpoints [14]
action: stepOver
paused at line 285
action: stepOver
paused at line 288
action: stepOut
paused at line   7
	because of breakpoints [47]
action: stepOut
paused at line 292
	because of breakpoints [17,36]
action: stepOver
paused at line 284
	because of breakpoints [14]
action: stepOver
paused at line 285
action: stepOut
paused at line   7
	because of breakpoints [47]
action: resume
paused at line 292
	because of breakpoints [17,36]
action: stepOver
paused at line 284
	because of breakpoints [14]
action: resume
paused at line   7
	because of breakpoints [47]
action: resume
paused at line 145
	because of breakpoints [50]
action: stepOver
paused at line 146
action: resume
paused at line 292
	because of breakpoints [17,36]
action: stepOut
paused at line 284
	because of breakpoints [14]
action: stepOver
paused at line 285
action: resume
paused at line   7
	because of breakpoints [47]
action: stepIn
paused at line 292
	because of breakpoints [17,36]
action: stepIn
paused at line 284
	because of breakpoints [14]
action: stepOver
paused at line 285
action: stepOver
paused at line 288
action: stepOut
paused at line   7
	because of breakpoints [47]
action: stepIn
paused at line 289
action: stepOut
paused at line 292
	because of breakpoints [17,36]
action: stepIn
paused at line 284
	because of breakpoints [14]
action: stepIn
paused at line 285
action: resume
paused at line   7
	because of breakpoints [47]
action: stepOver
paused at line 292
	because of breakpoints [17,36]
action: stepOut
paused at line 284
	because of breakpoints [14]
action: resume
paused at line   7
	because of breakpoints [47]
action: stepOut
paused at line 292
	because of breakpoints [17,36]
action: stepIn
paused at line 284
	because of breakpoints [14]
action: stepOut
paused at line   7
	because of breakpoints [47]
action: stepOver
paused at line 289
action: stepOver
paused at line 292
	because of breakpoints [17,36]
action: stepOver
paused at line 284
	because of breakpoints [14]
action: resume
paused at line   7
	because of breakpoints [47]
action: stepOut
paused at line 292
	because of breakpoints [17,36]
action: resume
paused at line 284
	because of breakpoints [14]
action: stepOver
paused at line 285
action: stepOver
paused at line 288
action: resume
paused at line   7
	because of breakpoints [47]
action: stepOut
paused at line 289
action: stepIn
paused at line   1
action: stepIn
paused at line 148
action: stepOver
paused at line 149
action: stepOut
paused at line   1
action: stepIn
paused at line 292
	because of breakpoints [17,36]
action: stepOver
paused at line 284
	because of breakpoints [14]
action: stepOut
paused at line   7
	because of breakpoints [47]
action: stepIn
paused at line 292
	because of breakpoints [17,36]
action: stepIn
paused at line 284
	because of breakpoints [14]
action: stepIn
paused at line 285
action: stepIn
paused at line 288
action: stepIn
paused at line   2
action: resume
paused at line   7
	because of breakpoints [47]
action: stepOut
paused at line 289
action: resume
paused at line 292
	because of breakpoints [17,36]
action: stepIn
paused at line 284
	because of breakpoints [14]
action: resume
paused at line   7
	because of breakpoints [47]
action: stepOut
paused at line 292
	because of breakpoints [17,36]
action: stepOut
paused at line 284
	because of breakpoints [14]
action: stepOut
paused at line   7
	because of breakpoints [47]
action: stepOut
paused at line 289
action: stepOut
paused at line 208
	because of breakpoints [48]
action: stepOver
paused at line 209
action: resume
paused at line 292
	because of breakpoints [17,36]
action: stepOut
paused at line 284
	because of breakpoints [14]
action: resume
paused at line   7
	because of breakpoints [47]
action: resume
paused at line 292
	because of breakpoints [17,36]
action: stepIn
paused at line 284
	because of breakpoints [14]
action: stepOver
paused at line 285
action: stepOut
paused at line   7
	because of breakpoints [47]
action: stepIn
paused at line 289
action: stepOver
paused at line 122
	because of breakpoints [12]
action: stepIn
paused at line 123
action: resume
paused at line 292
	because of breakpoints [17,36]
action: resume
paused at line 284
	because of breakpoints [14]
action: stepOut
paused at line 303
action: stepIn
paused at line 300
action: stepIn
paused at line 300
action: resume
paused at line  39
	because of breakpoints [0,1,11,18,24,43,55]
action: resume
paused at line  57
	because of breakpoints [9,19,58]
action: stepOver
paused at line  71
	because of breakpoints [21,27,42]
action: stepIn
paused at line  85
	because of breakpoints [5,46]
action: stepOut
paused at line 277
	because of breakpoints [6,22,23,30,34,38,45,51,53]
action: stepOut
paused at line 282
	because of breakpoints [4]
action: resume
paused at line 284
	because of breakpoints [14]
action: resume
paused at line   7
	because of breakpoints [47]
action: stepOver
paused at line 289
action: stepIn
paused at line   1
action: stepOut
paused at line 292
	because of breakpoints [17,36]
action: stepOver
paused at line 284
	because of breakpoints [14]
action: stepOver
paused at line 285
action: resume
paused at line   7
	because of breakpoints [47]
action: resume
paused at line 292
	because of breakpoints [17,36]
action: stepOver
paused at line 284
	because of breakpoints [14]
action: stepIn
paused at line 285
action: stepOut
paused at line   7
	because of breakpoints [47]
action: stepIn
paused at line 289
action: resume
paused at line 292
	because of breakpoints [17,36]
action: stepOut
paused at line 284
	because of breakpoints [14]
action: stepIn
paused at line 285
action: stepOut
paused at line   7
	because of breakpoints [47]
action: stepIn
paused at line 292
	because of breakpoints [17,36]
action: stepIn
paused at line 284
	because of breakpoints [14]
action: stepIn
paused at line 285
action: stepIn
paused at line 288
action: stepOver
paused at line   7
	because of breakpoints [47]
action: resume
paused at line 292
	because of breakpoints [17,36]
action: stepIn
paused at line 284
	because of breakpoints [14]
action: stepIn
paused at line 294
action: stepIn
paused at line 297
action: stepOut
paused at line 302
action: stepIn
paused at line   9
action: resume
paused at line  39
	because of breakpoints [0,1,11,18,24,43,55]
action: stepIn
paused at line  48
action: stepOut
paused at line  57
	because of breakpoints [9,19,58]
action: resume
paused at line  71
	because of breakpoints [21,27,42]
action: stepIn
paused at line  85
	because of breakpoints [5,46]
action: resume
paused at line 277
	because of breakpoints [6,22,23,30,34,38,45,51,53]
action: stepOver
paused at line 278
action: stepOver
paused at line 282
	because of breakpoints [4]
action: stepOver
paused at line 283
action: stepOut
paused at line 284
	because of breakpoints [14]
action: stepOver
paused at line 285
action: resume
paused at line   7
	because of breakpoints [47]
action: resume
paused at line 292
	because of breakpoints [17,36]
action: stepIn
paused at line 284
	because of breakpoints [14]
action: stepOut
paused at line   7
	because of breakpoints [47]
action: stepIn
paused at line 292
	because of breakpoints [17,36]
action: resume
paused at line 284
	because of breakpoints [14]
action: stepIn
paused at line 285
action: stepIn
paused at line 288
action: stepOver
paused at line   7
	because of breakpoints [47]
action: stepIn
paused at line 292
	because of breakpoints [17,36]
action: resume
paused at line 284
	because of breakpoints [14]
action: stepOut
paused at line   7
	because of breakpoints [47]
action: stepOut
paused at line 289
action: stepIn
paused at line   1
action: stepOver
paused at line 145
	because of breakpoints [50]
action: resume
paused at line 292
	because of breakpoints [17,36]
action: stepOut
paused at line 284
	because of breakpoints [14]
action: stepIn
paused at line 285
action: stepOver
paused at line 288
action: resume
paused at line   7
	because of breakpoints [47]
action: stepIn
paused at line 292
	because of breakpoints [17,36]
action: resume
paused at line 284
	because of breakpoints [14]
action: stepOut
paused at line   7
	because of breakpoints [47]
action: resume
paused at line 292
	because of breakpoints [17,36]
action: resume
paused at line 284
	because of breakpoints [14]
action: resume
paused at line   7
	because of breakpoints [47]
action: stepIn
paused at line 292
	because of breakpoints [17,36]
action: stepOut
paused at line 284
	because of breakpoints [14]
action: stepOut
paused at line   7
	because of breakpoints [47]
action: stepOut
paused at line 292
	because of breakpoints [17,36]
action: resume
paused at line 284
	because of breakpoints [14]
action: stepIn
paused at line 285
action: stepOut
paused at line   7
	because of breakpoints [47]
action: resume
paused at line 292
	because of breakpoints [17,36]
action: resume
paused at line 284
	because of breakpoints [14]
action: stepOut
paused at line   7
	because of breakpoints [47]
action: stepOver
paused at line 292
	because of breakpoints [17,36]
action: stepOver
paused at line 284
	because of breakpoints [14]
action: stepOut
paused at line   7
	because of breakpoints [47]
action: resume
paused at line 292
	because of breakpoints [17,36]
action: stepOut
paused at line 284
	because of breakpoints [14]
action: stepOut
paused at line   7
	because of breakpoints [47]
action: resume
paused at line 292
	because of breakpoints [17,36]
action: stepOver
paused at line 284
	because of breakpoints [14]
action: stepIn
paused at line 285
action: stepOver
paused at line 288
action: resume
paused at line   7
	because of breakpoints [47]
action: resume
paused at line 292
	because of breakpoints [17,36]
action: stepOver
paused at line 284
	because of breakpoints [14]
action: stepOver
paused at line 285
action: stepIn
paused at line 288
action: stepIn
paused at line   2
action: stepIn
paused at line   2
action: stepIn
paused at line   3
action: stepOut
paused at line   7
	because of breakpoints [47]
action: stepOver
paused at line 292
	because of breakpoints [17,36]
action: stepIn
paused at line 284
	because of breakpoints [14]
action: resume
paused at line   7
	because of breakpoints [47]
action: stepOut
paused at line 289
action: resume
paused at line 208
	because of breakpoints [48]
action: resume
paused at line 292
	because of breakpoints [17,36]
action: stepIn
paused at line 284
	because of breakpoints [14]
action: stepOut
paused at line   7
	because of breakpoints [47]
action: stepIn
paused at line 292
	because of breakpoints [17,36]
action: stepOver
paused at line 284
	because of breakpoints [14]
action: stepOut
paused at line   7
	because of breakpoints [47]
action: stepIn
paused at line 289
action: stepIn
paused at line   1
action: resume
paused at line 122
	because of breakpoints [12]
action: resume
paused at line 292
	because of breakpoints [17,36]
action: stepOut
paused at line 284
	because of breakpoints [14]
action: stepOver
paused at line 294
action: stepIn
paused at line 297
action: stepOut
paused at line 303
action: resume
paused at line  39
	because of breakpoints [0,1,11,18,24,43,55]
action: resume
paused at line  57
	because of breakpoints [9,19,58]
action: stepOut
paused at line  71
	because of breakpoints [21,27,42]
action: stepIn
paused at line  85
	because of breakpoints [5,46]
action: stepIn
paused at line 277
	because of breakpoints [6,22,23,30,34,38,45,51,53]
action: stepOut
paused at line 282
	because of breakpoints [4]
action: stepOut
paused at line 284
	because of breakpoints [14]
action: stepIn
paused at line 285
action: resume
paused at line   7
	because of breakpoints [47]
action: resume
paused at line 292
	because of breakpoints [17,36]
action: stepOver
paused at line 284
	because of breakpoints [14]
action: stepOut
paused at line   7
	because of breakpoints [47]
action: stepOver
paused at line 292
	because of breakpoints [17,36]
action: resume
paused at line 284
	because of breakpoints [14]
action: resume
paused at line   7
	because of breakpoints [47]
action: stepIn
paused at line 289
action: resume
paused at line 292
	because of breakpoints [17,36]
action: stepIn
paused at line 284
	because of breakpoints [14]
action: stepOver
paused at line 285
action: resume
paused at line   7
	because of breakpoints [47]
action: resume
paused at line 292
	because of breakpoints [17,36]
action: stepIn
paused at line 284
	because of breakpoints [14]
action: stepOut
paused at line   7
	because of breakpoints [47]
action: stepIn
paused at line 289
action: stepIn
paused at line   1
action: stepIn
paused at line 139
action: stepOver
paused at line 140
action: stepOver
paused at line   1
action: stepOut
paused at line 292
	because of breakpoints [17,36]
action: stepOut
paused at line 284
	because of breakpoints [14]
action: stepOut
paused at line 302
action: stepOut
paused at line  39
	because of breakpoints [0,1,11,18,24,43,55]
action: stepIn
paused at line  48
action: stepOver
paused at line  57
	because of breakpoints [9,19,58]
action: stepOut
paused at line  71
	because of breakpoints [21,27,42]
action: stepIn
paused at line  85
	because of breakpoints [5,46]
action: resume
paused at line 277
	because of breakpoints [6,22,23,30,34,38,45,51,53]
action: stepOver
paused at line 278
action: stepOut
paused at line 282
	because of breakpoints [4]
action: stepIn
paused at line 283
action: stepOver
paused at line 284
	because of breakpoints [14]
action: stepIn
paused at line 285
action: stepOut
paused at line   7
	because of breakpoints [47]
action: stepOver
paused at line 289
action: resume
paused at line 292
	because of breakpoints [17,36]
action: resume
paused at line 284
	because of breakpoints [14]
action: stepOver
paused at line 285
action: stepIn
paused at line 288
action: stepIn
paused at line   2
action: stepOut
paused at line   7
	because of breakpoints [47]
action: stepIn
paused at line 292
	because of breakpoints [17,36]
action: stepOut
paused at line 284
	because of breakpoints [14]
action: stepOut
paused at line   7
	because of breakpoints [47]
action: resume
paused at line 292
	because of breakpoints [17,36]
action: stepOver
paused at line 284
	because of breakpoints [14]
action: stepOut
paused at line   7
	because of breakpoints [47]
action: stepOver
paused at line 289
action: stepIn
paused at line   1
action: resume
paused at line 145
	because of breakpoints [50]
action: stepOver
paused at line 146
action: stepOver
paused at line   1
action: resume
paused at line 292
	because of breakpoints [17,36]
action: stepOver
paused at line 284
	because of breakpoints [14]
action: resume
paused at line   7
	because of breakpoints [47]
action: stepOver
paused at line 292
	because of breakpoints [17,36]
action: resume
paused at line 284
	because of breakpoints [14]
action: stepOver
paused at line 285
action: stepOver
paused at line 288
action: stepOut
paused at line   7
	because of breakpoints [47]
action: stepOver
paused at line 289
action: stepIn
paused at line   1
action: resume
paused at line 292
	because of breakpoints [17,36]
action: stepOut
paused at line 284
	because of breakpoints [14]
action: resume
paused at line   7
	because of breakpoints [47]
action: stepIn
paused at line 292
	because of breakpoints [17,36]
action: stepOver
paused at line 284
	because of breakpoints [14]
action: stepOut
paused at line   7
	because of breakpoints [47]
action: stepOver
paused at line 292
	because of breakpoints [17,36]
action: stepOut
paused at line 284
	because of breakpoints [14]
action: stepOver
paused at line 285
action: stepOut
paused at line   7
	because of breakpoints [47]
action: stepIn
paused at line 289
action: resume
paused at line 292
	because of breakpoints [17,36]
action: stepOut
paused at line 284
	because of breakpoints [14]
action: stepOut
paused at line   7
	because of breakpoints [47]
action: resume
paused at line 292
	because of breakpoints [17,36]
action: stepIn
paused at line 284
	because of breakpoints [14]
action: resume
paused at line   7
	because of breakpoints [47]
action: stepIn
paused at line 289
action: stepIn
paused at line   1
action: stepOut
paused at line 292
	because of breakpoints [17,36]
action: stepIn
paused at line 284
	because of breakpoints [14]
action: stepIn
paused at line 285
action: stepOut
paused at line   7
	because of breakpoints [47]
action: resume
paused at line 292
	because of breakpoints [17,36]
action: resume
paused at line 284
	because of breakpoints [14]
action: stepOver
paused at line 285
action: resume
paused at line   7
	because of breakpoints [47]
action: resume
paused at line 292
	because of breakpoints [17,36]
action: stepOver
paused at line 284
	because of breakpoints [14]
action: stepIn
paused at line 285
action: stepOver
paused at line 288
action: stepOver
paused at line   7
	because of breakpoints [47]
action: stepOut
paused at line 292
	because of breakpoints [17,36]
action: stepOut
paused at line 284
	because of breakpoints [14]
action: stepOut
paused at line   7
	because of breakpoints [47]
action: resume
paused at line 208
	because of breakpoints [48]
action: stepIn
paused at line 209
action: resume
paused at line 292
	because of breakpoints [17,36]
action: resume
paused at line 284
	because of breakpoints [14]
action: resume
paused at line   7
	because of breakpoints [47]
action: stepOut
paused at line 292
	because of breakpoints [17,36]
action: stepIn
paused at line 284
	because of breakpoints [14]
action: stepIn
paused at line 285
action: stepIn
paused at line 288
action: stepIn
paused at line   2
action: stepOver
paused at line   2
action: stepOver
paused at line   3
action: resume
paused at line   7
	because of breakpoints [47]
action: stepOver
paused at line 289
action: resume
paused at line 122
	because of breakpoints [12]
action: resume
paused at line 292
	because of breakpoints [17,36]
action: resume
paused at line 284
	because of breakpoints [14]
action: stepIn
paused at line 294
action: stepOver
paused at line 297
action: stepOver
paused at line 298
action: stepOut
paused at line 303
action: resume
paused at line  39
	because of breakpoints [0,1,11,18,24,43,55]
action: stepIn
paused at line  48
action: stepOver
paused at line  57
	because of breakpoints [9,19,58]
action: stepOut
paused at line  71
	because of breakpoints [21,27,42]
action: stepOver
paused at line  85
	because of breakpoints [5,46]
action: stepIn
paused at line 277
	because of breakpoints [6,22,23,30,34,38,45,51,53]
action: resume
paused at line 282
	because of breakpoints [4]
action: stepIn
paused at line 283
action: stepOut
paused at line 284
	because of breakpoints [14]
action: stepOut
paused at line   7
	because of breakpoints [47]
action: stepOver
paused at line 289
action: stepOver
paused at line 292
	because of breakpoints [17,36]
action: stepOut
paused at line 284
	because of breakpoints [14]
action: stepOver
paused at line 285
action: stepOver
paused at line 288
action: resume
paused at line   7
	because of breakpoints [47]
action: stepOver
paused at line 292
	because of breakpoints [17,36]
action: resume
paused at line 284
	because of breakpoints [14]
action: stepOut
paused at line   7
	because of breakpoints [47]
action: stepIn
paused at line 289
action: stepOut
paused at line 292
	because of breakpoints [17,36]
action: stepOver
paused at line 284
	because of breakpoints [14]
action: stepOut
paused at line   7
	because of breakpoints [47]
action: stepOver
paused at line 292
	because of breakpoints [17,36]
action: stepOut
paused at line 284
	because of breakpoints [14]
action: resume
paused at line   7
	because of breakpoints [47]
action: stepIn
paused at line 289
action: resume
paused at line 292
	because of breakpoints [17,36]
action: stepIn
paused at line 284
	because of breakpoints [14]
action: stepIn
paused at line 294
action: resume
paused at line  39
	because of breakpoints [0,1,11,18,24,43,55]
action: resume
paused at line  57
	because of breakpoints [9,19,58]
action: stepOver
paused at line  71
	because of breakpoints [21,27,42]
action: resume
paused at line  85
	because of breakpoints [5,46]
action: stepOut
paused at line 277
	because of breakpoints [6,22,23,30,34,38,45,51,53]
action: resume
paused at line 282
	because of breakpoints [4]
action: stepOver
paused at line 283
action: stepIn
paused at line 284
	because of breakpoints [14]
action: stepOut
paused at line   7
	because of breakpoints [47]
action: stepIn
paused at line 289
action: stepOver
paused at line 292
	because of breakpoints [17,36]
action: stepOut
paused at line 284
	because of breakpoints [14]
action: stepOver
paused at line 285
action: stepOver
paused at line 288
action: stepIn
paused at line   2
action: stepOut
paused at line   7
	because of breakpoints [47]
action: stepOut
paused at line 292
	because of breakpoints [17,36]
action: stepOver
paused at line 284
	because of breakpoints [14]
action: stepOver
paused at line 285
action: stepOver
paused at line 288
action: stepOut
paused at line   7
	because of breakpoints [47]
action: stepOver
paused at line 292
	because of breakpoints [17,36]
action: resume
paused at line 284
	because of breakpoints [14]
action: stepIn
paused at line 285
action: stepOut
paused at line   7
	because of breakpoints [47]
action: stepOut
paused at line 289
action: resume
paused at line 145
	because of breakpoints [50]
action: resume
paused at line 292
	because of breakpoints [17,36]
action: stepIn
paused at line 284
	because of breakpoints [14]
action: resume
paused at line   7
	because of breakpoints [47]
action: stepOut
paused at line 292
	because of breakpoints [17,36]
action: stepOut
paused at line 284
	because of breakpoints [14]
action: resume
paused at line   7
	because of breakpoints [47]
action: resume
paused at line 292
	because of breakpoints [17,36]
action: resume
paused at line 284
	because of breakpoints [14]
action: stepIn
paused at line 285
action: stepOut
paused at line   7
	because of breakpoints [47]
action: stepIn
paused at line 292
	because of breakpoints [17,36]
action: stepOut
paused at line 284
	because of breakpoints [14]
action: stepIn
paused at line 285
action: stepIn
paused at line 288
action: stepIn
paused at line   2
action: stepIn
paused at line   2
action: stepOver
paused at line   3
action: stepOver
paused at line   2
action: resume
paused at line   7
	because of breakpoints [47]
action: stepOver
paused at line 292
	because of breakpoints [17,36]
action: resume
paused at line 284
	because of breakpoints [14]
action: resume
paused at line   7
	because of breakpoints [47]
action: stepIn
paused at line 289
action: stepIn
paused at line   1
action: resume
paused at line 292
	because of breakpoints [17,36]
action: resume
paused at line 284
	because of breakpoints [14]
action: stepOut
paused at line   7
	because of breakpoints [47]
action: resume
paused at line 292
	because of breakpoints [17,36]
action: resume
paused at line 284
	because of breakpoints [14]
action: stepIn
paused at line 285
action: stepIn
paused at line 288
action: stepOut
paused at line   7
	because of breakpoints [47]
action: stepIn
paused at line 289
action: resume
paused at line 292
	because of breakpoints [17,36]
action: stepOut
paused at line 284
	because of breakpoints [14]
action: stepIn
paused at line 285
action: stepIn
paused at line 288
action: stepOut
paused at line   7
	because of breakpoints [47]
action: resume
paused at line 292
	because of breakpoints [17,36]
action: resume
paused at line 284
	because of breakpoints [14]
action: stepOver
paused at line 285
action: stepOver
paused at line 288
action: stepOver
paused at line   7
	because of breakpoints [47]
action: stepOver
paused at line 289
action: stepIn
paused at line   1
action: resume
paused at line 292
	because of breakpoints [17,36]
action: stepIn
paused at line 284
	because of breakpoints [14]
action: stepIn
paused at line 285
action: resume
paused at line   7
	because of breakpoints [47]
action: resume
paused at line 292
	because of breakpoints [17,36]
action: stepIn
paused at line 284
	because of breakpoints [14]
action: stepOut
