request breakpoint   0 at line   3
                   set at line   3
request breakpoint   1 at line   7
                   set at line   7
request breakpoint   2 at line  39
                   set at line  39
request breakpoint   3 at line  36
                   set at line  36
request breakpoint   4 at line  60
                   set at line  60
request breakpoint   5 at line  20
                   set at line  25
request breakpoint   6 at line  45
                   set at line  45
request breakpoint   7 at line  44
                   set at line  44
request breakpoint   8 at line  57
                   set at line  58
request breakpoint   9 at line  18
                   set at line  25
request breakpoint  10 at line  48
                   set at line  50
request breakpoint  11 at line  16
                   set at line  25
paused at line   3
	because of breakpoints [0]
action: stepIn
paused at line   4
action: stepIn
paused at line  13
action: stepOver
paused at line   3
	because of breakpoints [0]
action: stepOver
paused at line   4
action: resume
paused at line   3
	because of breakpoints [0]
action: stepIn
paused at line   4
action: stepOver
paused at line  15
action: stepOver
paused at line   3
	because of breakpoints [0]
action: resume
paused at line   3
	because of breakpoints [0]
action: stepIn
paused at line   4
action: stepOver
paused at line  17
action: stepIn
paused at line   3
	because of breakpoints [0]
action: stepOut
paused at line  18
action: resume
paused at line   3
	because of breakpoints [0]
action: resume
paused at line   3
	because of breakpoints [0]
action: resume
paused at line   3
	because of breakpoints [0]
action: resume
paused at line   3
	because of breakpoints [0]
action: resume
paused at line   3
	because of breakpoints [0]
action: stepIn
paused at line   4
action: stepIn
paused at line  23
action: stepOver
paused at line   3
	because of breakpoints [0]
action: stepIn
paused at line   4
action: resume
paused at line  25
	because of breakpoints [5,9,11]
action: stepOut
paused at line   3
	because of breakpoints [0]
action: stepIn
paused at line   4
action: stepOut
paused at line  33
action: stepOut
paused at line   3
	because of breakpoints [0]
action: stepIn
paused at line   4
action: resume
paused at line  36
	because of breakpoints [3]
action: resume
paused at line  39
	because of breakpoints [2]
action: stepIn
paused at line  40
action: resume
paused at line  44
	because of breakpoints [7]
action: stepOver
paused at line  45
	because of breakpoints [6]
action: stepOver
paused at line  46
action: stepOver
paused at line  47
action: stepOut
paused at line  39
	because of breakpoints [2]
action: resume
paused at line  44
	because of breakpoints [7]
action: stepOver
paused at line  45
	because of breakpoints [6]
action: stepIn
paused at line  46
action: resume
paused at line  39
	because of breakpoints [2]
action: stepOver
paused at line  40
action: resume
paused at line  44
	because of breakpoints [7]
action: stepIn
paused at line  45
	because of breakpoints [6]
action: stepIn
paused at line  46
action: stepOver
paused at line  47
action: resume
paused at line  39
	because of breakpoints [2]
action: stepIn
paused at line  40
action: stepOver
paused at line  41
action: stepOver
paused at line  42
action: stepOver
paused at line  36
action: stepOut
paused at line  44
	because of breakpoints [7]
action: stepIn
paused at line  45
	because of breakpoints [6]
action: stepOut
paused at line  39
	because of breakpoints [2]
action: stepIn
paused at line  40
action: resume
paused at line  39
	because of breakpoints [2]
action: stepIn
paused at line  40
action: stepOver
paused at line  41
action: stepOut
paused at line  39
	because of breakpoints [2]
action: stepOver
paused at line  40
action: stepOver
paused at line  41
action: stepOut
paused at line  39
	because of breakpoints [2]
action: stepOver
paused at line  40
action: stepOut
paused at line  50
	because of breakpoints [10]
action: resume
paused at line   7
	because of breakpoints [1]
action: stepOver
paused at line  50
action: stepIn
paused at line   6
action: resume
paused at line   7
	because of breakpoints [1]
action: stepOut
paused at line  51
action: stepIn
paused at line  55
action: resume
paused at line   3
	because of breakpoints [0]
action: stepOut
paused at line  33
action: resume
paused at line   3
	because of breakpoints [0]
action: stepIn
paused at line   4
action: stepOut
paused at line  35
action: resume
paused at line  36
	because of breakpoints [3]
action: stepIn
paused at line  36
action: resume
paused at line  39
	because of breakpoints [2]
action: resume
paused at line  44
	because of breakpoints [7]
action: stepOver
paused at line  45
	because of breakpoints [6]
action: stepOver
paused at line  46
action: stepOut
paused at line  39
	because of breakpoints [2]
action: stepOver
paused at line  40
action: stepIn
paused at line  41
action: stepOver
paused at line  42
action: resume
paused at line  44
	because of breakpoints [7]
action: resume
paused at line  45
	because of breakpoints [6]
action: stepOut
paused at line  39
	because of breakpoints [2]
action: stepOver
paused at line  40
action: resume
paused at line  44
	because of breakpoints [7]
action: stepIn
paused at line  45
	because of breakpoints [6]
action: stepOut
paused at line  39
	because of breakpoints [2]
action: stepOut
paused at line  44
	because of breakpoints [7]
action: stepOut
paused at line  45
	because of breakpoints [6]
action: stepIn
paused at line  46
action: stepOut
paused at line  39
	because of breakpoints [2]
action: stepIn
paused at line  40
action: stepOver
paused at line  41
action: stepOver
paused at line  42
action: stepOver
paused at line  36
action: resume
paused at line  39
	because of breakpoints [2]
action: stepIn
paused at line  40
action: stepOut
paused at line  39
	because of breakpoints [2]
action: resume
paused at line  39
	because of breakpoints [2]
action: resume
paused at line  50
	because of breakpoints [10]
action: stepOver
paused at line   7
	because of breakpoints [1]
action: stepOver
paused at line  50
action: stepOut
paused at line   7
	because of breakpoints [1]
action: stepOut
paused at line  51
action: stepIn
paused at line  55
action: resume
paused at line   3
	because of breakpoints [0]
action: resume
paused at line   3
	because of breakpoints [0]
action: stepIn
paused at line   4
action: stepOver
paused at line  35
action: stepIn
paused at line  36
	because of breakpoints [3]
action: resume
paused at line  39
	because of breakpoints [2]
action: stepOver
paused at line  40
action: stepOut
paused at line  44
	because of breakpoints [7]
action: stepOut
paused at line  45
	because of breakpoints [6]
action: stepOver
paused at line  46
action: stepIn
paused at line  47
action: stepIn
paused at line  36
action: stepOver
paused at line  36
action: resume
paused at line  39
	because of breakpoints [2]
action: stepOver
paused at line  40
action: stepOut
paused at line  44
	because of breakpoints [7]
action: stepIn
paused at line  45
	because of breakpoints [6]
action: stepOut
paused at line  39
	because of breakpoints [2]
action: stepOut
