request breakpoint   0 at line   7
                   set at line   8
request breakpoint   1 at line  17
                   set at line  17
request breakpoint   2 at line 106
                   set at line 109
request breakpoint   3 at line  95
                   set at line  95
request breakpoint   4 at line 163
                   set at line 163
request breakpoint   5 at line  47
                   set at line  47
request breakpoint   6 at line 121
                   set at line 121
request breakpoint   7 at line 116
                   set at line 116
request breakpoint   8 at line 153
                   set at line 153
request breakpoint   9 at line  34
                   set at line  34
request breakpoint  10 at line 127
                   set at line 128
request breakpoint  11 at line  27
                   set at line  27
request breakpoint  12 at line  74
                   set at line  74
request breakpoint  13 at line 138
                   set at line 138
request breakpoint  14 at line 165
                   set at line 165
request breakpoint  15 at line 173
                   set at line 173
request breakpoint  16 at line 155
                   set at line 155
request breakpoint  17 at line 169
                   set at line 169
request breakpoint  18 at line  21
                   set at line  23
request breakpoint  19 at line  39
                   set at line  39
request breakpoint  20 at line   8
                   set at line   8
request breakpoint  21 at line  45
                   set at line  46
request breakpoint  22 at line 159
                   set at line 161
request breakpoint  23 at line  86
                   set at line  86
request breakpoint  24 at line  25
                   set at line  25
request breakpoint  25 at line  85
                   set at line  85
request breakpoint  26 at line  83
                   set at line  83
request breakpoint  27 at line  50
                   set at line  51
request breakpoint  28 at line 142
                   set at line 142
request breakpoint  29 at line 154
                   set at line 154
request breakpoint  30 at line  63
                   set at line  63
request breakpoint  31 at line 145
                   set at line 145
request breakpoint  32 at line  11
                   set at line  11
request breakpoint  33 at line 131
                   set at line 132
request breakpoint  34 at line   3
                   set at line   3
paused at line  25
	because of breakpoints [24]
action: stepIn
paused at line  28
action: stepIn
paused at line  34
	because of breakpoints [9]
action: stepOver
paused at line  37
action: stepOver
paused at line  85
	because of breakpoints [25]
action: resume
paused at line  86
	because of breakpoints [23]
action: stepIn
paused at line  95
	because of breakpoints [3]
action: stepOver
paused at line 117
action: stepOver
paused at line 130
action: resume
paused at line 132
	because of breakpoints [33]
action: stepIn
paused at line 133
action: stepOver
paused at line 134
action: stepIn
paused at line 111
action: stepOut
paused at line 109
	because of breakpoints [2]
action: resume
paused at line 138
	because of breakpoints [13]
action: resume
paused at line 109
	because of breakpoints [2]
action: resume
paused at line 109
	because of breakpoints [2]
action: resume
paused at line 138
	because of breakpoints [13]
action: resume
paused at line 109
	because of breakpoints [2]
action: stepIn
paused at line 135
action: stepIn
paused at line 138
	because of breakpoints [13]
action: stepOver
paused at line 140
action: stepIn
paused at line 110
action: resume
paused at line 109
	because of breakpoints [2]
action: stepOut
paused at line 103
action: stepIn
paused at line 104
action: stepOut
paused at line 109
	because of breakpoints [2]
action: stepOut
paused at line 138
	because of breakpoints [13]
action: stepIn
paused at line 140
action: resume
paused at line 109
	because of breakpoints [2]
action: resume
paused at line 138
	because of breakpoints [13]
action: stepIn
paused at line 140
action: resume
paused at line 109
	because of breakpoints [2]
action: stepOver
paused at line 110
action: stepOver
paused at line 103
action: stepOver
paused at line 104
action: stepOut
paused at line 109
	because of breakpoints [2]
action: resume
paused at line 138
	because of breakpoints [13]
action: stepOver
paused at line 140
action: stepIn
paused at line 110
action: resume
paused at line 109
	because of breakpoints [2]
action: stepOver
paused at line 138
	because of breakpoints [13]
action: resume
paused at line 109
	because of breakpoints [2]
action: stepIn
paused at line 135
action: stepIn
paused at line 136
action: stepOver
paused at line 140
action: resume
paused at line 109
	because of breakpoints [2]
action: stepIn
paused at line 135
action: stepOver
paused at line 138
	because of breakpoints [13]
action: stepOver
paused at line 140
action: stepOver
paused at line 110
action: stepOut
paused at line 103
action: stepIn
paused at line 104
action: stepOut
paused at line 109
	because of breakpoints [2]
action: stepIn
paused at line 135
action: resume
paused at line 138
	because of breakpoints [13]
action: stepIn
paused at line 140
action: stepOver
paused at line 110
action: stepOut
paused at line 103
action: stepOver
paused at line 104
action: stepOver
paused at line 100
action: stepOut
paused at line 109
	because of breakpoints [2]
action: stepOver
paused at line 110
action: stepOut
paused at line 103
action: resume
paused at line 109
	because of breakpoints [2]
action: stepOver
paused at line 138
	because of breakpoints [13]
action: stepIn
paused at line 140
action: resume
paused at line 109
	because of breakpoints [2]
action: stepOut
paused at line 138
	because of breakpoints [13]
action: stepIn
paused at line 140
action: resume
paused at line 109
	because of breakpoints [2]
action: stepOut
paused at line 103
action: resume
paused at line 109
	because of breakpoints [2]
action: stepIn
paused at line 135
action: stepOut
paused at line 138
	because of breakpoints [13]
action: resume
paused at line 109
	because of breakpoints [2]
action: stepIn
paused at line 135
action: resume
paused at line 138
	because of breakpoints [13]
action: resume
paused at line 109
	because of breakpoints [2]
action: stepOver
paused at line 110
action: stepOver
paused at line 103
action: stepOut
paused at line 109
	because of breakpoints [2]
action: stepOver
paused at line 138
	because of breakpoints [13]
action: stepIn
paused at line 140
action: stepOver
paused at line 110
action: resume
paused at line 109
	because of breakpoints [2]
action: resume
paused at line 138
	because of breakpoints [13]
action: stepOut
paused at line 110
action: stepOver
