Breakpoint Set at 4
Breakpoint Set at 20
Breakpoint Set at 19
Paused at 4
	Hit Breakpoint(s) 
	Call Stack:  
	Bindings: 
Paused at 19
	Hit Breakpoint(s) 
	Call Stack: TimeFunc 
	Bindings: func: function
		sum: undefined
		t: undefined
		x: undefined
		y: undefined
Paused at 20
	Hit Breakpoint(s) 
	Call Stack: TimeFunc 
	Bindings: func: function
		sum: number = 0
		t: undefined
		x: undefined
		y: undefined
Paused at 21
	Call Stack: TimeFunc 
	Bindings: func: function
		sum: number = 0
		t: undefined
		x: number = 0
		y: undefined
Paused at 20
	Call Stack: TimeFunc 
	Bindings: func: function
		sum: number = 1024
		t: undefined
		x: number = 0
		y: number = 256
Paused at 20
	Hit Breakpoint(s) 
	Call Stack: TimeFunc 
	Bindings: func: function
		sum: number = 1024
		t: undefined
		x: number = 0
		y: number = 256
Paused at 20
	Hit Breakpoint(s) 
	Call Stack: TimeFunc 
	Bindings: func: function
		sum: number = 2048
		t: undefined
		x: number = 1
		y: number = 256
Paused at 21
	Call Stack: TimeFunc 
	Bindings: func: function
		sum: number = 2048
		t: undefined
		x: number = 2
		y: number = 256
Paused at 20
	Call Stack: TimeFunc 
	Bindings: func: function
		sum: number = 3072
		t: undefined
		x: number = 2
		y: number = 256
Paused at 20
	Hit Breakpoint(s) 
	Call Stack: TimeFunc 
	Bindings: func: function
		sum: number = 3072
		t: undefined
		x: number = 2
		y: number = 256
Paused at 20
	Hit Breakpoint(s) 
	Call Stack: TimeFunc 
	Bindings: func: function
		sum: number = 4096
		t: undefined
		x: number = 3
		y: number = 256
Paused at 21
	Call Stack: TimeFunc 
	Bindings: func: function
		sum: number = 4096
		t: undefined
		x: number = 4
		y: number = 256
Paused at 20
	Hit Breakpoint(s) 
	Call Stack: TimeFunc 
	Bindings: func: function
		sum: number = 5120
		t: undefined
		x: number = 4
		y: number = 256
Paused at 21
	Call Stack: TimeFunc 
	Bindings: func: function
		sum: number = 5120
		t: undefined
		x: number = 5
		y: number = 256
Paused at 20
	Hit Breakpoint(s) 
	Call Stack: TimeFunc 
	Bindings: func: function
		sum: number = 6144
		t: undefined
		x: number = 5
		y: number = 256
Paused at 20
	Hit Breakpoint(s) 
	Call Stack: TimeFunc 
	Bindings: func: function
		sum: number = 7168
		t: undefined
		x: number = 6
		y: number = 256
Paused at 20
	Hit Breakpoint(s) 
	Call Stack: TimeFunc 
	Bindings: func: function
		sum: number = 8192
		t: undefined
		x: number = 7
		y: number = 256
Paused at 20
	Hit Breakpoint(s) 
	Call Stack: TimeFunc 
	Bindings: func: function
		sum: number = 9216
		t: undefined
		x: number = 8
		y: number = 256
Paused at 20
	Hit Breakpoint(s) 
	Call Stack: TimeFunc 
	Bindings: func: function
		sum: number = 10240
		t: undefined
		x: number = 9
		y: number = 256
Paused at 20
	Hit Breakpoint(s) 
	Call Stack: TimeFunc 
	Bindings: func: function
		sum: number = 11264
		t: undefined
		x: number = 10
		y: number = 256
Paused at 20
	Hit Breakpoint(s) 
	Call Stack: TimeFunc 
	Bindings: func: function
		sum: number = 12288
		t: undefined
		x: number = 11
		y: number = 256
Paused at 21
	Call Stack: TimeFunc 
	Bindings: func: function
		sum: number = 12288
		t: undefined
		x: number = 12
		y: number = 256
Paused at 20
	Hit Breakpoint(s) 
	Call Stack: TimeFunc 
	Bindings: func: function
		sum: number = 13312
		t: undefined
		x: number = 12
		y: number = 256
Paused at 20
	Hit Breakpoint(s) 
	Call Stack: TimeFunc 
	Bindings: func: function
		sum: number = 14336
		t: undefined
		x: number = 13
		y: number = 256
Paused at 21
	Call Stack: TimeFunc 
	Bindings: func: function
		sum: number = 14336
		t: undefined
		x: number = 14
		y: number = 256
Paused at 20
	Hit Breakpoint(s) 
	Call Stack: TimeFunc 
	Bindings: func: function
		sum: number = 15360
		t: undefined
		x: number = 14
		y: number = 256
Paused at 21
	Call Stack: TimeFunc 
	Bindings: func: function
		sum: number = 15360
		t: undefined
		x: number = 15
		y: number = 256
Paused at 9
	Call Stack: bitsinbyte, TimeFunc 
	Bindings: b: number = 0
		c: undefined
		m: undefined
Paused at 20
	Hit Breakpoint(s) 
	Call Stack: TimeFunc 
	Bindings: func: function
		sum: number = 16384
		t: undefined
		x: number = 15
		y: number = 256
Paused at 20
	Hit Breakpoint(s) 
	Call Stack: TimeFunc 
	Bindings: func: function
		sum: number = 17408
		t: undefined
		x: number = 16
		y: number = 256
Paused at 20
	Hit Breakpoint(s) 
	Call Stack: TimeFunc 
	Bindings: func: function
		sum: number = 18432
		t: undefined
		x: number = 17
		y: number = 256
Paused at 20
	Hit Breakpoint(s) 
	Call Stack: TimeFunc 
	Bindings: func: function
		sum: number = 19456
		t: undefined
		x: number = 18
		y: number = 256
Paused at 20
	Hit Breakpoint(s) 
	Call Stack: TimeFunc 
	Bindings: func: function
		sum: number = 20480
		t: undefined
		x: number = 19
		y: number = 256
Paused at 21
	Call Stack: TimeFunc 
	Bindings: func: function
		sum: number = 20480
		t: undefined
		x: number = 20
		y: number = 256
Paused at 20
	Call Stack: TimeFunc 
	Bindings: func: function
		sum: number = 21504
		t: undefined
		x: number = 20
		y: number = 256
Paused at 21
	Call Stack: TimeFunc 
	Bindings: func: function
		sum: number = 21504
		t: undefined
		x: number = 21
		y: number = 256
Paused at 9
	Call Stack: bitsinbyte, TimeFunc 
	Bindings: b: number = 0
		c: undefined
		m: undefined
Paused at 15
	Call Stack: bitsinbyte, TimeFunc 
	Bindings: b: number = 0
		c: number = 0
		m: number = 256
Paused at 20
	Call Stack: TimeFunc 
	Bindings: func: function
		sum: number = 22528
		t: undefined
		x: number = 21
		y: number = 256
Paused at 20
	Hit Breakpoint(s) 
	Call Stack: TimeFunc 
	Bindings: func: function
		sum: number = 22528
		t: undefined
		x: number = 21
		y: number = 256
Paused at 20
	Hit Breakpoint(s) 
	Call Stack: TimeFunc 
	Bindings: func: function
		sum: number = 23552
		t: undefined
		x: number = 22
		y: number = 256
Paused at 21
	Call Stack: TimeFunc 
	Bindings: func: function
		sum: number = 23552
		t: undefined
		x: number = 23
		y: number = 256
Paused at 20
	Hit Breakpoint(s) 
	Call Stack: TimeFunc 
	Bindings: func: function
		sum: number = 24576
		t: undefined
		x: number = 23
		y: number = 256
Paused at 20
	Hit Breakpoint(s) 
	Call Stack: TimeFunc 
	Bindings: func: function
		sum: number = 25600
		t: undefined
		x: number = 24
		y: number = 256
Paused at 20
	Hit Breakpoint(s) 
	Call Stack: TimeFunc 
	Bindings: func: function
		sum: number = 26624
		t: undefined
		x: number = 25
		y: number = 256
Paused at 21
	Call Stack: TimeFunc 
	Bindings: func: function
		sum: number = 26624
		t: undefined
		x: number = 26
		y: number = 256
Paused at 20
	Hit Breakpoint(s) 
	Call Stack: TimeFunc 
	Bindings: func: function
		sum: number = 27648
		t: undefined
		x: number = 26
		y: number = 256
Paused at 20
	Hit Breakpoint(s) 
	Call Stack: TimeFunc 
	Bindings: func: function
		sum: number = 28672
		t: undefined
		x: number = 27
		y: number = 256
Paused at 21
	Call Stack: TimeFunc 
	Bindings: func: function
		sum: number = 28672
		t: undefined
		x: number = 28
		y: number = 256
Paused at 20
	Call Stack: TimeFunc 
	Bindings: func: function
		sum: number = 29696
		t: undefined
		x: number = 28
		y: number = 256
Paused at 21
	Call Stack: TimeFunc 
	Bindings: func: function
		sum: number = 29696
		t: undefined
		x: number = 29
		y: number = 256
