Set Breakpoint at 12
Set Breakpoint at 27
Set Breakpoint at 180
Set Breakpoint at 161
Set Breakpoint at 279
Set Breakpoint at 77
Set Breakpoint at 205
Set Breakpoint at 197
Set Breakpoint at 262
Set Breakpoint at 53
Set Breakpoint at 216
Set Breakpoint at 38
Set Breakpoint at 122
Set Breakpoint at 233
Set Breakpoint at 282
Set Breakpoint at 297
Set Breakpoint at 264
Set Breakpoint at 289
Set Breakpoint at 22
Set Breakpoint at 55
Set Breakpoint at 193
Set Breakpoint at 63
Set Breakpoint at 270
Set Breakpoint at 137
Set Breakpoint at 25
Set Breakpoint at 134
Set Breakpoint at 131
Set Breakpoint at 69
Set Breakpoint at 239
Set Breakpoint at 260
resume
resume
stepOver
stepOver
stepOut
resume
stepOver
stepOver
stepOut
resume
stepOver
resume
stepIn
stepOut
stepOut
stepOut
stepOut
stepOut
resume
resume
stepOver
resume
stepOut
stepIn
resume
stepIn
stepIn
resume
stepOut
stepOut
resume
stepOut
stepOver
stepOver
stepOver
stepIn
stepOut
stepOver
resume
stepOut
stepOver
stepOut
resume
resume
stepOver
stepOut
resume
stepOver
stepOver
stepOver
