Set Breakpoint at 4
Set Breakpoint at 8
Set Breakpoint at 50
Set Breakpoint at 45
Set Breakpoint at 76
Set Breakpoint at 24
Set Breakpoint at 58
Set Breakpoint at 72
resume
resume
stepOver
stepOver
stepOut
resume
stepOver
stepOver
stepOut
resume
stepOver
resume
stepIn
stepOut
stepOut
stepOut
stepOut
stepOut
resume
resume
stepOver
resume
stepOut
stepIn
resume
stepIn
stepIn
resume
stepOut
stepOut
resume
stepOut
stepOver
stepOver
stepOver
stepIn
stepOut
stepOver
resume
stepOut
stepOver
stepOut
resume
resume
stepOver
stepOut
resume
stepOver
stepOver
stepOver
