Breakpoint Set at 6
Breakpoint Set at 33
Breakpoint Set at 31
Breakpoint Set at 52
Breakpoint Set at 17
Breakpoint Set at 39
Breakpoint Set at 38
Breakpoint Set at 49
Breakpoint Set at 17
Breakpoint Set at 42
Breakpoint Set at 17
Breakpoint Set at 29
Breakpoint Set at 45
Breakpoint Set at 54
Breakpoint Set at 53
Breakpoint Set at 19
Breakpoint Set at 25
Breakpoint Set at 11
Breakpoint Set at 27
Breakpoint Set at 6
Breakpoint Set at 36
Breakpoint Set at 38
Breakpoint Set at 25
Breakpoint Set at 32
Breakpoint Set at 9
Breakpoint Set at 25
Breakpoint Set at 20
Breakpoint Set at 6
Breakpoint Set at 49
Breakpoint Set at 14
Breakpoint Set at 11
Breakpoint Set at 52
Breakpoint Set at 18
Breakpoint Set at 8
Breakpoint Set at 40
Breakpoint Set at 44
Breakpoint Set at 43
Breakpoint Set at 21
Breakpoint Set at 7
Breakpoint Set at 34
Breakpoint Set at 12
Breakpoint Set at 6
Breakpoint Set at 49
Breakpoint Set at 13
Breakpoint Set at 6
Breakpoint Set at 36
Paused at 11
	Hit Breakpoint(s) 
	Call Stack:  
	Bindings: 
Paused at 29
	Hit Breakpoint(s) 
	Call Stack:  
	Bindings: 
Paused at 31
	Hit Breakpoint(s) 
	Call Stack:  
	Bindings: 
Paused at 32
	Call Stack:  
	Bindings: 
Paused at 33
	Call Stack:  
	Bindings: 
Paused at 33
	Hit Breakpoint(s) 
	Call Stack:  
	Bindings: 
Paused at 34
	Hit Breakpoint(s) 
	Call Stack:  
	Bindings: 
Paused at 36
	Call Stack:  
	Bindings: 
Paused at 17
	Hit Breakpoint(s) 
	Call Stack: bottomUpTree 
	Bindings: depth: number = 7
		item: number = 0
Paused at 18
	Hit Breakpoint(s) 
	Call Stack: bottomUpTree 
	Bindings: depth: number = 7
		item: number = 0
Paused at 19
	Hit Breakpoint(s) 
	Call Stack: bottomUpTree 
	Bindings: depth: number = 7
		item: number = 0
