Breakpoint Set at 3
Breakpoint Set at 36
Breakpoint Set at 36
Breakpoint Set at 25
Breakpoint Set at 39
Breakpoint Set at 25
Breakpoint Set at 30
Breakpoint Set at 30
Breakpoint Set at 38
Breakpoint Set at 36
Breakpoint Set at 32
Breakpoint Set at 10
Breakpoint Set at 25
Breakpoint Set at 36
Breakpoint Set at 40
Breakpoint Set at 3
Breakpoint Set at 25
Breakpoint Set at 25
Breakpoint Set at 25
Breakpoint Set at 33
Breakpoint Set at 36
Breakpoint Set at 3
Breakpoint Set at 31
Breakpoint Set at 11
Breakpoint Set at 8
Breakpoint Set at 25
Breakpoint Set at 25
Breakpoint Set at 25
Breakpoint Set at 25
Breakpoint Set at 36
Breakpoint Set at 25
Breakpoint Set at 12
Breakpoint Set at 25
Breakpoint Set at 30
Breakpoint Set at 34
Breakpoint Set at 9
Paused at 3
	Hit Breakpoint(s) 
	Call Stack:  
	Bindings: 
Paused at 36
	Hit Breakpoint(s) 
	Call Stack:  
	Bindings: 
Paused at 30
	Hit Breakpoint(s) 
	Call Stack: TimeFunc 
	Bindings: func: function
		sum: undefined
		t: undefined
		x: undefined
		y: undefined
Paused at 31
	Hit Breakpoint(s) 
	Call Stack: TimeFunc 
	Bindings: func: function
		sum: number = 0
		t: undefined
		x: undefined
		y: undefined
Paused at 31
	Call Stack: TimeFunc 
	Bindings: func: function
		sum: number = 0
		t: undefined
		x: number = 0
		y: undefined
Paused at 32
	Hit Breakpoint(s) 
	Call Stack: TimeFunc 
	Bindings: func: function
		sum: number = 0
		t: undefined
		x: number = 0
		y: undefined
Paused at 8
	Hit Breakpoint(s) 
	Call Stack: fast3bitlookup, TimeFunc 
	Bindings: b: number = 0
		bi3b: undefined
		c: undefined
		func: function
		sum: number = 0
		t: undefined
		x: number = 0
		y: number = 0
Paused at 9
	Hit Breakpoint(s) 
	Call Stack: fast3bitlookup, TimeFunc 
	Bindings: b: number = 0
		bi3b: number = 59796
		c: undefined
		func: function
		sum: number = 0
		t: undefined
		x: number = 0
		y: number = 0
Paused at 10
	Hit Breakpoint(s) 
	Call Stack: fast3bitlookup, TimeFunc 
	Bindings: b: number = 0
		bi3b: number = 59796
		c: number = 0
		func: function
		sum: number = 0
		t: undefined
		x: number = 0
		y: number = 0
Paused at 11
	Hit Breakpoint(s) 
	Call Stack: fast3bitlookup, TimeFunc 
	Bindings: b: number = 0
		bi3b: number = 59796
		c: number = 0
		func: function
		sum: number = 0
		t: undefined
		x: number = 0
		y: number = 0
Paused at 12
	Hit Breakpoint(s) 
	Call Stack: fast3bitlookup, TimeFunc 
	Bindings: b: number = 0
		bi3b: number = 59796
		c: number = 0
		func: function
		sum: number = 0
		t: undefined
		x: number = 0
		y: number = 0
