Breakpoint Set at 28
Breakpoint Set at 28
Breakpoint Set at 65
Breakpoint Set at 61
Breakpoint Set at 100
Breakpoint Set at 32
Breakpoint Set at 74
Breakpoint Set at 72
Breakpoint Set at 95
Breakpoint Set at 28
Breakpoint Set at 81
Breakpoint Set at 28
Breakpoint Set at 48
Breakpoint Set at 86
Breakpoint Set at 102
Breakpoint Set at 106
Breakpoint Set at 104
Breakpoint Set at 28
Breakpoint Set at 28
Breakpoint Set at 28
Breakpoint Set at 37
Breakpoint Set at 98
Breakpoint Set at 28
Breakpoint Set at 28
Breakpoint Set at 28
Breakpoint Set at 61
Breakpoint Set at 42
Breakpoint Set at 89
Breakpoint Set at 28
Breakpoint Set at 28
Breakpoint Set at 91
Breakpoint Set at 82
Breakpoint Set at 86
Breakpoint Set at 71
Breakpoint Set at 32
Breakpoint Set at 52
Breakpoint Set at 89
Breakpoint Set at 28
Breakpoint Set at 52
Breakpoint Set at 46
Breakpoint Set at 77
Breakpoint Set at 28
Breakpoint Set at 61
Breakpoint Set at 28
Breakpoint Set at 32
Breakpoint Set at 92
Breakpoint Set at 28
Breakpoint Set at 64
Breakpoint Set at 81
Breakpoint Set at 62
Breakpoint Set at 97
Breakpoint Set at 64
Breakpoint Set at 91
Breakpoint Set at 33
Breakpoint Set at 28
Breakpoint Set at 49
Breakpoint Set at 43
Breakpoint Set at 28
Breakpoint Set at 28
Breakpoint Set at 42
Breakpoint Set at 37
Breakpoint Set at 28
Breakpoint Set at 37
Breakpoint Set at 52
Breakpoint Set at 42
Breakpoint Set at 86
Breakpoint Set at 28
Breakpoint Set at 81
Breakpoint Set at 61
Breakpoint Set at 76
Breakpoint Set at 75
Breakpoint Set at 61
Breakpoint Set at 28
Breakpoint Set at 61
Breakpoint Set at 47
Breakpoint Set at 67
Breakpoint Set at 70
Breakpoint Set at 61
Breakpoint Set at 95
Breakpoint Set at 61
Breakpoint Set at 69
Breakpoint Set at 28
Breakpoint Set at 28
Breakpoint Set at 28
Breakpoint Set at 97
Breakpoint Set at 74
Breakpoint Set at 89
Breakpoint Set at 105
Breakpoint Set at 45
Breakpoint Set at 38
Breakpoint Set at 28
Breakpoint Set at 28
Breakpoint Set at 45
Breakpoint Set at 107
Breakpoint Set at 66
Breakpoint Set at 68
Paused at 28
	Hit Breakpoint(s) 
	Call Stack:  
	Bindings: 
Paused at 45
	Hit Breakpoint(s) 
	Call Stack:  
	Bindings: 
Paused at 46
	Hit Breakpoint(s) 
	Call Stack:  
	Bindings: 
Paused at 32
	Hit Breakpoint(s) 
	Call Stack: FIXED 
	Bindings: X: number = 45
Paused at 33
	Call Stack: FIXED 
	Bindings: X: number = 45
Paused at 33
	Hit Breakpoint(s) 
	Call Stack: FIXED 
	Bindings: X: number = 45
Paused at 32
	Hit Breakpoint(s) 
	Call Stack: FIXED 
	Bindings: X: number = 26.565
Paused at 33
	Call Stack: FIXED 
	Bindings: X: number = 26.565
Paused at 33
	Call Stack: FIXED 
	Bindings: X: number = 26.565
Paused at 32
	Hit Breakpoint(s) 
	Call Stack: FIXED 
	Bindings: X: number = 14.0362
Paused at 33
	Hit Breakpoint(s) 
	Call Stack: FIXED 
	Bindings: X: number = 14.0362
