Breakpoint Set at 38
Breakpoint Set at 38
Breakpoint Set at 164
Breakpoint Set at 146
Breakpoint Set at 252
Breakpoint Set at 72
Breakpoint Set at 185
Breakpoint Set at 177
Breakpoint Set at 237
Breakpoint Set at 51
Breakpoint Set at 195
Breakpoint Set at 38
Breakpoint Set at 110
Breakpoint Set at 211
Breakpoint Set at 254
Breakpoint Set at 268
Breakpoint Set at 238
Breakpoint Set at 261
Breakpoint Set at 38
Breakpoint Set at 177
Breakpoint Set at 61
Breakpoint Set at 244
Breakpoint Set at 126
Breakpoint Set at 38
Breakpoint Set at 126
Breakpoint Set at 119
Breakpoint Set at 64
Breakpoint Set at 216
Breakpoint Set at 235
Breakpoint Set at 84
Breakpoint Set at 221
Breakpoint Set at 192
Breakpoint Set at 196
Breakpoint Set at 160
Breakpoint Set at 121
Breakpoint Set at 262
Breakpoint Set at 38
Breakpoint Set at 84
Breakpoint Set at 249
Breakpoint Set at 201
Breakpoint Set at 241
Breakpoint Set at 68
Breakpoint Set at 54
Breakpoint Set at 164
Breakpoint Set at 228
Breakpoint Set at 84
Breakpoint Set at 187
Breakpoint Set at 192
Breakpoint Set at 213
Breakpoint Set at 133
Breakpoint Set at 105
Breakpoint Set at 38
Breakpoint Set at 89
Breakpoint Set at 87
Breakpoint Set at 41
Breakpoint Set at 166
Breakpoint Set at 214
Breakpoint Set at 177
Breakpoint Set at 54
Breakpoint Set at 204
Breakpoint Set at 153
Breakpoint Set at 253
Breakpoint Set at 177
Breakpoint Set at 93
Breakpoint Set at 240
Breakpoint Set at 137
Breakpoint Set at 85
Breakpoint Set at 249
Breakpoint Set at 264
Breakpoint Set at 115
Breakpoint Set at 126
Breakpoint Set at 38
Breakpoint Set at 47
Breakpoint Set at 38
Breakpoint Set at 184
Breakpoint Set at 38
Breakpoint Set at 199
Breakpoint Set at 106
Breakpoint Set at 219
Breakpoint Set at 233
Breakpoint Set at 235
Breakpoint Set at 146
Breakpoint Set at 222
Breakpoint Set at 258
Breakpoint Set at 81
Breakpoint Set at 177
Breakpoint Set at 177
Breakpoint Set at 133
Breakpoint Set at 192
Breakpoint Set at 88
Breakpoint Set at 38
Breakpoint Set at 38
Breakpoint Set at 38
Breakpoint Set at 38
Breakpoint Set at 217
Breakpoint Set at 177
Breakpoint Set at 177
Breakpoint Set at 113
Breakpoint Set at 271
Breakpoint Set at 100
Breakpoint Set at 90
Breakpoint Set at 204
Breakpoint Set at 148
Breakpoint Set at 43
Breakpoint Set at 197
Breakpoint Set at 95
Breakpoint Set at 61
Breakpoint Set at 233
Breakpoint Set at 113
Breakpoint Set at 62
Breakpoint Set at 264
Breakpoint Set at 177
Breakpoint Set at 135
Breakpoint Set at 38
Breakpoint Set at 38
Breakpoint Set at 210
Breakpoint Set at 51
Breakpoint Set at 141
Breakpoint Set at 74
Breakpoint Set at 160
Breakpoint Set at 223
Breakpoint Set at 266
Breakpoint Set at 153
Breakpoint Set at 99
Breakpoint Set at 95
Breakpoint Set at 212
Breakpoint Set at 250
Breakpoint Set at 38
Breakpoint Set at 133
Breakpoint Set at 119
Breakpoint Set at 258
Breakpoint Set at 46
Breakpoint Set at 142
Breakpoint Set at 38
Breakpoint Set at 105
Breakpoint Set at 73
Breakpoint Set at 68
Breakpoint Set at 177
Breakpoint Set at 226
Breakpoint Set at 86
Breakpoint Set at 226
Breakpoint Set at 153
Breakpoint Set at 116
Breakpoint Set at 153
Breakpoint Set at 109
Breakpoint Set at 140
Breakpoint Set at 258
Breakpoint Set at 56
Breakpoint Set at 38
Breakpoint Set at 38
Breakpoint Set at 242
Breakpoint Set at 143
Breakpoint Set at 119
Breakpoint Set at 38
Breakpoint Set at 160
Breakpoint Set at 46
Breakpoint Set at 105
Breakpoint Set at 40
Breakpoint Set at 38
Breakpoint Set at 64
Breakpoint Set at 160
Breakpoint Set at 133
Breakpoint Set at 61
Breakpoint Set at 107
Breakpoint Set at 38
Breakpoint Set at 69
Breakpoint Set at 38
Breakpoint Set at 148
Breakpoint Set at 160
Breakpoint Set at 255
Breakpoint Set at 208
Breakpoint Set at 77
Breakpoint Set at 205
Breakpoint Set at 233
Breakpoint Set at 48
Breakpoint Set at 52
Breakpoint Set at 99
Breakpoint Set at 195
Breakpoint Set at 38
Breakpoint Set at 38
Breakpoint Set at 264
Breakpoint Set at 38
Breakpoint Set at 136
Breakpoint Set at 243
Breakpoint Set at 195
Breakpoint Set at 245
Breakpoint Set at 269
Breakpoint Set at 192
Breakpoint Set at 126
Breakpoint Set at 249
Breakpoint Set at 114
Breakpoint Set at 121
Breakpoint Set at 68
Breakpoint Set at 160
Breakpoint Set at 161
Breakpoint Set at 133
Breakpoint Set at 38
Breakpoint Set at 38
Breakpoint Set at 82
Breakpoint Set at 72
Breakpoint Set at 38
Breakpoint Set at 108
Breakpoint Set at 61
Breakpoint Set at 210
Breakpoint Set at 38
Breakpoint Set at 140
Breakpoint Set at 177
Breakpoint Set at 84
Breakpoint Set at 77
Breakpoint Set at 259
Breakpoint Set at 105
Breakpoint Set at 38
Breakpoint Set at 271
Breakpoint Set at 38
Breakpoint Set at 208
Breakpoint Set at 38
Breakpoint Set at 193
Breakpoint Set at 146
Breakpoint Set at 96
Breakpoint Set at 38
Breakpoint Set at 229
Breakpoint Set at 77
Breakpoint Set at 182
Breakpoint Set at 218
Breakpoint Set at 216
Breakpoint Set at 81
Breakpoint Set at 133
Breakpoint Set at 183
Breakpoint Set at 195
Breakpoint Set at 38
Breakpoint Set at 134
Breakpoint Set at 195
Breakpoint Set at 93
Breakpoint Set at 38
Breakpoint Set at 46
Breakpoint Set at 133
Breakpoint Set at 38
Breakpoint Set at 186
Paused at 38
	Hit Breakpoint(s) 
	Call Stack:  
	Bindings: 
Paused at 40
	Hit Breakpoint(s) 
	Call Stack:  
	Bindings: 
Paused at 72
	Hit Breakpoint(s) 
	Call Stack:  
	Bindings: 
Paused at 77
	Hit Breakpoint(s) 
	Call Stack:  
	Bindings: 
Paused at 93
	Hit Breakpoint(s) 
	Call Stack:  
	Bindings: 
Paused at 99
	Hit Breakpoint(s) 
	Call Stack:  
	Bindings: 
Paused at 164
	Hit Breakpoint(s) 
	Call Stack:  
	Bindings: 
Paused at 166
	Hit Breakpoint(s) 
	Call Stack:  
	Bindings: arguments: array
		m: undefined
		s: object
Paused at 177
	Hit Breakpoint(s) 
	Call Stack:  
	Bindings: arguments: array
		m: object
		s: object
Paused at 208
	Hit Breakpoint(s) 
	Call Stack:  
	Bindings: arguments: array
		m: object
		s: object
Paused at 223
	Hit Breakpoint(s) 
	Call Stack:  
	Bindings: arguments: array
		m: object
		s: object
