323 -> 324
269 -> 269
403 -> 410
363 -> 363
224 -> 224
263 -> 264
286 -> 286
52 -> 52
371 -> 375
83 -> 84
387 -> 397
345 -> 346
143 -> 144
107 -> 108
218 -> 218
372 -> 375
158 -> 167
36 -> 36
23 -> 23
171 -> 171
400 -> 410
257 -> 257
59 -> 60
156 -> 167
289 -> 290
352 -> 352
305 -> 305
63 -> 64
173 -> 174
84 -> 108
185 -> 185
33 -> 33
93 -> 94
178 -> 179
221 -> 221
60 -> 108
382 -> 383
38 -> 38
249 -> 249
174 -> 278
80 -> 80
355 -> 355
302 -> 303
328 -> 329
375 -> 416
282 -> 282
309 -> 309
320 -> 320
390 -> 397
138 -> 139
68 -> 68
261 -> 261
101 -> 102
279 -> 279
364 -> 375
217 -> 217
195 -> 195
160 -> 167
256 -> 256
19 -> 19
222 -> 222
333 -> 334
209 -> 209
45 -> 45
51 -> 52
151 -> 153
130 -> 130
310 -> 310
334 -> 346
296 -> 296
401 -> 410
89 -> 90
165 -> 167
16 -> 17
336 -> 337
62 -> 62
1 -> 13
276 -> 276
376 -> 376
412 -> 412
54 -> 54
229 -> 229
5 -> 13
212 -> 212
