163 -> 167
256 -> 256
94 -> 94
146 -> 146
3 -> 13
15 -> 15
68 -> 68
142 -> 144
405 -> 410
338 -> 340
226 -> 226
24 -> 25
60 -> 60
263 -> 264
403 -> 410
359 -> 359
77 -> 78
307 -> 307
143 -> 144
247 -> 248
38 -> 38
217 -> 217
235 -> 237
259 -> 260
345 -> 346
228 -> 228
5 -> 13
320 -> 320
145 -> 145
365 -> 375
130 -> 130
167 -> 171
80 -> 80
95 -> 96
160 -> 167
297 -> 297
314 -> 314
343 -> 344
110 -> 110
212 -> 212
272 -> 272
276 -> 276
224 -> 224
173 -> 174
43 -> 44
413 -> 413
398 -> 410
346 -> 347
181 -> 181
83 -> 84
322 -> 322
390 -> 397
51 -> 52
266 -> 266
119 -> 119
239 -> 239
412 -> 412
356 -> 356
126 -> 128
209 -> 209
253 -> 253
23 -> 23
84 -> 108
71 -> 72
92 -> 92
192 -> 192
32 -> 32
52 -> 108
2 -> 13
101 -> 102
355 -> 355
311 -> 311
191 -> 191
316 -> 316
113 -> 113
232 -> 233
326 -> 326
98 -> 98
136 -> 136
96 -> 108
221 -> 221
418 -> 418
199 -> 199
262 -> 262
185 -> 185
244 -> 248
211 -> 212
218 -> 218
376 -> 376
353 -> 353
36 -> 36
189 -> 189
248 -> 278
281 -> 281
178 -> 179
375 -> 416
329 -> 329
269 -> 269
342 -> 342
123 -> 128
279 -> 279
90 -> 90
62 -> 62
288 -> 288
245 -> 248
64 -> 64
227 -> 228
371 -> 375
87 -> 88
151 -> 153
296 -> 296
158 -> 167
89 -> 90
93 -> 94
57 -> 58
400 -> 410
274 -> 274
372 -> 375
81 -> 82
382 -> 383
267 -> 268
289 -> 290
249 -> 249
364 -> 375
363 -> 363
246 -> 248
417 -> 417
286 -> 286
330 -> 330
125 -> 128
222 -> 222
61 -> 62
48 -> 48
74 -> 74
171 -> 172
264 -> 278
55 -> 56
243 -> 243
349 -> 350
305 -> 305
182 -> 183
135 -> 135
357 -> 358
194 -> 195
310 -> 310
352 -> 352
59 -> 60
324 -> 324
29 -> 29
1 -> 13
419 -> 419
312 -> 312
147 -> 147
154 -> 167
367 -> 375
302 -> 303
195 -> 278
9 -> 13
328 -> 329
75 -> 76
401 -> 410
260 -> 278
16 -> 17
161 -> 167
198 -> 199
150 -> 153
138 -> 139
184 -> 184
107 -> 108
257 -> 257
237 -> 278
219 -> 220
54 -> 54
19 -> 19
395 -> 397
49 -> 50
63 -> 64
233 -> 278
165 -> 167
369 -> 375
229 -> 229
378 -> 383
336 -> 337
164 -> 167
104 -> 104
190 -> 191
298 -> 299
334 -> 334
50 -> 108
67 -> 68
170 -> 171
323 -> 324
309 -> 309
261 -> 261
384 -> 384
282 -> 282
387 -> 397
208 -> 208
174 -> 278
33 -> 33
220 -> 278
333 -> 334
45 -> 45
156 -> 167
397 -> 416
294 -> 294
28 -> 28
0 -> 13
202 -> 203
347 -> 351
