75 -> 76
92 -> 92
224 -> 224
259 -> 260
81 -> 82
232 -> 233
273 -> 273
262 -> 262
297 -> 297
135 -> 135
194 -> 195
286 -> 286
125 -> 128
405 -> 410
130 -> 130
83 -> 84
85 -> 86
338 -> 340
419 -> 419
363 -> 363
80 -> 80
349 -> 350
33 -> 33
303 -> 303
212 -> 212
71 -> 72
170 -> 171
207 -> 207
244 -> 248
221 -> 221
184 -> 184
145 -> 145
367 -> 375
167 -> 167
253 -> 253
217 -> 217
77 -> 78
161 -> 167
98 -> 98
406 -> 410
163 -> 167
378 -> 383
51 -> 52
294 -> 294
276 -> 276
364 -> 375
269 -> 269
257 -> 257
23 -> 23
403 -> 410
171 -> 172
50 -> 50
178 -> 179
365 -> 375
119 -> 119
154 -> 167
305 -> 305
245 -> 248
195 -> 278
417 -> 417
237 -> 237
261 -> 261
68 -> 68
96 -> 96
395 -> 397
355 -> 355
43 -> 44
413 -> 413
357 -> 358
93 -> 94
61 -> 62
36 -> 36
19 -> 19
218 -> 218
347 -> 347
29 -> 29
1 -> 13
189 -> 189
397 -> 416
59 -> 60
198 -> 199
62 -> 108
353 -> 353
414 -> 414
229 -> 229
182 -> 183
376 -> 376
375 -> 416
110 -> 110
307 -> 307
131 -> 132
343 -> 344
164 -> 167
60 -> 108
95 -> 96
20 -> 21
219 -> 220
121 -> 122
333 -> 334
38 -> 38
208 -> 208
418 -> 418
249 -> 249
390 -> 397
160 -> 167
352 -> 352
54 -> 54
211 -> 212
225 -> 225
302 -> 303
330 -> 330
28 -> 28
248 -> 278
126 -> 128
346 -> 346
117 -> 117
328 -> 329
279 -> 279
202 -> 203
107 -> 108
49 -> 50
329 -> 330
222 -> 222
63 -> 64
298 -> 299
235 -> 237
272 -> 272
150 -> 153
311 -> 311
87 -> 88
165 -> 167
384 -> 384
103 -> 104
339 -> 340
181 -> 181
94 -> 108
3 -> 13
104 -> 108
314 -> 314
264 -> 264
24 -> 25
9 -> 13
45 -> 45
289 -> 290
136 -> 136
356 -> 356
274 -> 274
310 -> 310
345 -> 346
326 -> 326
260 -> 278
113 -> 113
158 -> 167
282 -> 282
227 -> 228
400 -> 410
342 -> 342
143 -> 144
18 -> 18
32 -> 32
220 -> 278
401 -> 410
247 -> 248
67 -> 68
322 -> 322
123 -> 128
185 -> 185
90 -> 90
55 -> 56
372 -> 375
140 -> 140
52 -> 108
192 -> 192
57 -> 58
323 -> 324
382 -> 383
48 -> 48
336 -> 337
412 -> 412
0 -> 13
416 -> 416
37 -> 37
398 -> 410
256 -> 256
369 -> 375
371 -> 375
263 -> 264
89 -> 90
152 -> 153
2 -> 13
146 -> 146
132 -> 171
387 -> 397
385 -> 397
226 -> 226
316 -> 316
156 -> 167
15 -> 15
190 -> 191
109 -> 109
312 -> 312
209 -> 209
359 -> 359
199 -> 278
5 -> 13
334 -> 346
16 -> 17
266 -> 266
64 -> 108
99 -> 100
138 -> 139
324 -> 325
142 -> 144
309 -> 309
84 -> 108
74 -> 74
73 -> 74
243 -> 243
233 -> 278
321 -> 321
174 -> 174
239 -> 239
267 -> 268
173 -> 174
320 -> 320
101 -> 102
191 -> 278
281 -> 281
246 -> 248
288 -> 288
296 -> 296
392 -> 397
228 -> 278
151 -> 153
147 -> 147
335 -> 337
