320 -> 320
259 -> 260
414 -> 414
352 -> 352
221 -> 221
244 -> 248
267 -> 268
36 -> 36
357 -> 358
67 -> 68
387 -> 397
330 -> 330
99 -> 100
84 -> 84
182 -> 183
365 -> 375
103 -> 104
249 -> 249
189 -> 189
109 -> 109
400 -> 410
207 -> 207
71 -> 72
75 -> 76
248 -> 278
328 -> 329
1 -> 13
353 -> 353
89 -> 90
80 -> 80
98 -> 98
190 -> 191
173 -> 174
49 -> 50
119 -> 119
48 -> 48
32 -> 32
376 -> 376
131 -> 132
96 -> 96
194 -> 195
309 -> 309
218 -> 218
253 -> 253
346 -> 346
161 -> 167
77 -> 78
227 -> 228
378 -> 383
282 -> 282
371 -> 375
15 -> 15
165 -> 167
59 -> 60
298 -> 299
33 -> 33
356 -> 356
339 -> 340
154 -> 167
257 -> 257
171 -> 171
93 -> 94
142 -> 144
260 -> 278
281 -> 281
272 -> 272
323 -> 324
50 -> 108
0 -> 13
297 -> 297
359 -> 359
342 -> 342
322 -> 322
375 -> 416
152 -> 153
336 -> 337
132 -> 171
261 -> 261
19 -> 19
405 -> 410
324 -> 325
24 -> 25
233 -> 233
329 -> 330
334 -> 334
247 -> 248
273 -> 273
199 -> 199
18 -> 18
302 -> 303
146 -> 146
20 -> 21
2 -> 13
136 -> 136
263 -> 264
95 -> 96
85 -> 86
392 -> 397
101 -> 102
333 -> 334
29 -> 29
335 -> 337
83 -> 84
418 -> 418
349 -> 350
226 -> 226
345 -> 346
23 -> 23
228 -> 278
64 -> 64
311 -> 311
181 -> 181
220 -> 220
117 -> 117
151 -> 153
107 -> 108
63 -> 64
237 -> 237
57 -> 58
61 -> 62
363 -> 363
262 -> 262
16 -> 17
185 -> 185
256 -> 256
110 -> 110
274 -> 274
160 -> 167
158 -> 167
229 -> 229
398 -> 410
147 -> 147
198 -> 199
288 -> 288
310 -> 310
276 -> 276
140 -> 140
209 -> 209
126 -> 128
212 -> 212
145 -> 145
412 -> 412
37 -> 37
3 -> 13
81 -> 82
92 -> 92
338 -> 340
123 -> 128
279 -> 279
232 -> 233
43 -> 44
28 -> 28
135 -> 135
195 -> 278
174 -> 278
384 -> 384
401 -> 410
60 -> 108
130 -> 130
382 -> 383
264 -> 278
416 -> 416
364 -> 375
211 -> 212
113 -> 113
90 -> 108
372 -> 375
55 -> 56
222 -> 222
385 -> 397
208 -> 208
156 -> 167
163 -> 167
225 -> 225
316 -> 316
312 -> 312
303 -> 309
355 -> 355
94 -> 108
343 -> 344
347 -> 347
307 -> 307
294 -> 294
367 -> 375
369 -> 375
164 -> 167
74 -> 74
326 -> 326
121 -> 122
38 -> 38
266 -> 266
239 -> 239
87 -> 88
395 -> 397
219 -> 220
54 -> 54
191 -> 278
68 -> 108
235 -> 237
192 -> 192
269 -> 269
167 -> 171
104 -> 108
170 -> 171
73 -> 74
45 -> 45
224 -> 224
246 -> 248
243 -> 243
413 -> 413
286 -> 286
9 -> 13
62 -> 108
390 -> 397
138 -> 139
419 -> 419
397 -> 416
245 -> 248
51 -> 52
178 -> 179
417 -> 417
296 -> 296
217 -> 217
150 -> 153
403 -> 410
305 -> 305
125 -> 128
314 -> 314
289 -> 290
52 -> 108
202 -> 203
143 -> 144
406 -> 410
184 -> 184
5 -> 13
321 -> 321
