165 -> 167
269 -> 269
89 -> 90
156 -> 167
158 -> 167
33 -> 33
80 -> 80
23 -> 23
401 -> 410
352 -> 352
256 -> 256
52 -> 52
83 -> 84
289 -> 290
45 -> 45
372 -> 375
130 -> 130
328 -> 329
174 -> 174
282 -> 282
143 -> 144
257 -> 257
279 -> 279
296 -> 296
364 -> 375
276 -> 276
212 -> 212
345 -> 346
217 -> 217
376 -> 376
16 -> 17
229 -> 229
59 -> 60
195 -> 195
1 -> 13
336 -> 337
51 -> 52
63 -> 64
221 -> 221
286 -> 286
333 -> 334
334 -> 346
302 -> 303
101 -> 102
355 -> 355
412 -> 412
62 -> 62
38 -> 38
60 -> 108
151 -> 153
371 -> 375
249 -> 249
36 -> 36
185 -> 185
84 -> 108
218 -> 218
171 -> 171
387 -> 397
209 -> 209
19 -> 19
224 -> 224
382 -> 383
222 -> 222
375 -> 416
403 -> 410
261 -> 261
173 -> 174
160 -> 167
309 -> 309
178 -> 179
5 -> 13
107 -> 108
263 -> 264
390 -> 397
93 -> 94
310 -> 310
305 -> 305
320 -> 320
54 -> 54
138 -> 139
400 -> 410
323 -> 324
68 -> 68
363 -> 363
