75 -> 76
92 -> 92
227 -> 228
259 -> 260
80 -> 80
235 -> 237
272 -> 272
262 -> 262
296 -> 296
143 -> 144
198 -> 199
286 -> 286
135 -> 135
401 -> 410
142 -> 144
84 -> 84
87 -> 88
336 -> 337
419 -> 419
359 -> 359
81 -> 82
349 -> 350
89 -> 90
302 -> 303
220 -> 220
74 -> 74
181 -> 181
212 -> 212
246 -> 248
226 -> 226
192 -> 192
158 -> 167
365 -> 375
57 -> 58
257 -> 257
221 -> 221
83 -> 84
173 -> 174
107 -> 108
403 -> 410
174 -> 278
375 -> 416
77 -> 78
19 -> 19
281 -> 281
363 -> 363
15 -> 15
260 -> 278
288 -> 288
400 -> 410
185 -> 185
222 -> 222
191 -> 191
364 -> 375
138 -> 139
171 -> 171
307 -> 307
249 -> 249
59 -> 60
417 -> 417
60 -> 108
264 -> 264
178 -> 179
110 -> 110
390 -> 397
355 -> 355
297 -> 297
412 -> 412
357 -> 358
195 -> 195
367 -> 375
342 -> 342
63 -> 64
228 -> 278
50 -> 50
151 -> 153
61 -> 62
209 -> 209
395 -> 397
202 -> 203
219 -> 220
101 -> 102
33 -> 33
413 -> 413
245 -> 248
165 -> 167
55 -> 56
372 -> 375
67 -> 68
312 -> 312
352 -> 352
347 -> 347
170 -> 171
71 -> 72
52 -> 52
54 -> 54
9 -> 13
145 -> 145
43 -> 44
104 -> 104
156 -> 167
418 -> 418
130 -> 130
387 -> 397
314 -> 314
136 -> 136
163 -> 167
232 -> 233
49 -> 50
311 -> 311
29 -> 29
5 -> 13
123 -> 128
369 -> 375
189 -> 189
48 -> 48
334 -> 334
23 -> 23
266 -> 266
279 -> 279
218 -> 218
338 -> 340
126 -> 128
269 -> 269
96 -> 96
93 -> 94
294 -> 294
0 -> 13
324 -> 324
113 -> 113
160 -> 167
384 -> 384
211 -> 212
154 -> 167
167 -> 171
371 -> 375
51 -> 52
62 -> 108
329 -> 329
253 -> 253
150 -> 153
345 -> 346
233 -> 278
248 -> 278
263 -> 264
208 -> 208
3 -> 13
328 -> 329
356 -> 356
343 -> 344
309 -> 309
397 -> 416
382 -> 383
244 -> 248
125 -> 128
32 -> 32
38 -> 38
28 -> 28
68 -> 108
182 -> 183
282 -> 282
2 -> 13
146 -> 146
330 -> 330
243 -> 243
239 -> 239
194 -> 195
333 -> 334
274 -> 274
305 -> 305
98 -> 98
16 -> 17
353 -> 353
229 -> 229
247 -> 248
164 -> 167
94 -> 108
90 -> 108
256 -> 256
346 -> 347
161 -> 167
45 -> 45
322 -> 322
147 -> 147
217 -> 217
36 -> 36
267 -> 268
199 -> 278
224 -> 224
1 -> 13
64 -> 108
24 -> 25
310 -> 310
376 -> 376
316 -> 316
184 -> 184
95 -> 96
326 -> 326
119 -> 119
190 -> 191
405 -> 410
320 -> 320
378 -> 383
261 -> 261
237 -> 278
398 -> 410
276 -> 276
323 -> 324
289 -> 290
298 -> 299
