156 -> 167
253 -> 253
95 -> 96
138 -> 139
140 -> 140
16 -> 17
71 -> 72
131 -> 132
412 -> 412
339 -> 340
222 -> 222
20 -> 21
60 -> 60
262 -> 262
406 -> 410
363 -> 363
75 -> 76
307 -> 307
9 -> 13
245 -> 248
74 -> 74
208 -> 208
229 -> 229
257 -> 257
345 -> 346
224 -> 224
135 -> 135
321 -> 321
132 -> 171
369 -> 375
117 -> 117
0 -> 13
43 -> 44
92 -> 92
146 -> 146
297 -> 297
316 -> 316
343 -> 344
101 -> 102
202 -> 203
272 -> 272
273 -> 273
218 -> 218
161 -> 167
305 -> 305
414 -> 414
401 -> 410
346 -> 347
164 -> 167
33 -> 33
54 -> 54
395 -> 397
226 -> 226
263 -> 264
99 -> 100
48 -> 48
83 -> 84
356 -> 356
104 -> 104
194 -> 195
246 -> 248
336 -> 337
212 -> 212
294 -> 294
84 -> 108
178 -> 179
259 -> 260
248 -> 278
160 -> 167
51 -> 52
355 -> 355
309 -> 309
171 -> 172
312 -> 312
413 -> 413
221 -> 221
323 -> 324
392 -> 397
289 -> 290
320 -> 320
73 -> 74
417 -> 417
182 -> 183
1 -> 13
80 -> 80
227 -> 228
190 -> 191
103 -> 104
378 -> 383
352 -> 352
357 -> 358
151 -> 153
233 -> 233
269 -> 269
93 -> 94
376 -> 376
324 -> 325
261 -> 261
335 -> 337
235 -> 237
266 -> 266
98 -> 98
333 -> 334
274 -> 274
167 -> 171
184 -> 184
207 -> 207
371 -> 375
15 -> 15
303 -> 303
279 -> 279
52 -> 108
110 -> 110
338 -> 340
147 -> 147
400 -> 410
119 -> 119
192 -> 192
49 -> 50
384 -> 384
249 -> 249
61 -> 62
189 -> 189
359 -> 359
163 -> 167
136 -> 136
416 -> 416
94 -> 108
322 -> 322
211 -> 212
59 -> 60
23 -> 23
2 -> 13
298 -> 299
24 -> 25
239 -> 239
282 -> 282
158 -> 167
191 -> 278
198 -> 199
28 -> 28
286 -> 286
347 -> 351
276 -> 276
244 -> 248
19 -> 19
64 -> 64
81 -> 82
217 -> 217
247 -> 248
419 -> 419
121 -> 122
267 -> 268
123 -> 128
232 -> 233
152 -> 153
57 -> 58
199 -> 278
195 -> 278
228 -> 278
209 -> 209
349 -> 350
342 -> 342
296 -> 296
237 -> 278
174 -> 174
62 -> 108
367 -> 375
142 -> 144
365 -> 375
87 -> 88
130 -> 130
314 -> 314
405 -> 410
77 -> 78
90 -> 90
165 -> 167
5 -> 13
107 -> 108
50 -> 108
260 -> 278
173 -> 174
36 -> 36
29 -> 29
32 -> 32
326 -> 326
264 -> 278
219 -> 220
310 -> 310
390 -> 397
63 -> 64
143 -> 144
68 -> 68
418 -> 418
85 -> 86
150 -> 153
96 -> 108
329 -> 329
181 -> 181
170 -> 171
281 -> 281
243 -> 243
330 -> 330
145 -> 145
89 -> 90
109 -> 109
113 -> 113
3 -> 13
372 -> 375
375 -> 416
334 -> 346
225 -> 225
311 -> 311
55 -> 56
45 -> 45
18 -> 18
125 -> 128
385 -> 397
256 -> 256
220 -> 278
398 -> 410
397 -> 416
288 -> 288
37 -> 37
302 -> 303
328 -> 329
403 -> 410
382 -> 383
364 -> 375
38 -> 38
353 -> 353
387 -> 397
154 -> 167
126 -> 128
185 -> 185
67 -> 68
