Breakpoint Set at 4
Breakpoint Set at 9
Breakpoint Set at 52
Breakpoint Set at 47
Breakpoint Set at 80
Breakpoint Set at 25
Breakpoint Set at 60
Breakpoint Set at 58
Breakpoint Set at 76
Breakpoint Set at 21
Breakpoint Set at 64
Breakpoint Set at 18
Breakpoint Set at 40
Breakpoint Set at 69
Breakpoint Set at 81
Breakpoint Set at 85
Breakpoint Set at 77
Breakpoint Set at 83
Breakpoint Set at 19
Breakpoint Set at 28
Breakpoint Set at 61
Breakpoint Set at 31
Breakpoint Set at 79
Breakpoint Set at 49
Breakpoint Set at 6
Breakpoint Set at 24
Breakpoint Set at 26
Breakpoint Set at 36
Breakpoint Set at 73
Breakpoint Set at 78
Breakpoint Set at 43
Breakpoint Set at 74
Breakpoint Set at 68
Breakpoint Set at 70
Breakpoint Set at 10
Breakpoint Set at 54
Breakpoint Set at 84
Breakpoint Set at 32
Breakpoint Set at 48
Breakpoint Set at 15
Breakpoint Set at 72
Breakpoint Set at 5
Breakpoint Set at 1
Breakpoint Set at 45
Breakpoint Set at 66
Breakpoint Set at 30
Breakpoint Set at 3
Breakpoint Set at 41
Breakpoint Set at 39
Breakpoint Set at 17
Breakpoint Set at 11
Breakpoint Set at 59
Breakpoint Set at 33
Breakpoint Set at 22
Breakpoint Set at 42
Breakpoint Set at 7
Breakpoint Set at 2
Breakpoint Set at 27
Breakpoint Set at 23
Breakpoint Set at 38
Breakpoint Set at 8
Breakpoint Set at 46
Breakpoint Set at 29
Breakpoint Set at 37
Breakpoint Set at 57
Breakpoint Set at 53
Breakpoint Set at 12
Breakpoint Set at 56
Breakpoint Set at 34
Breakpoint Set at 51
Breakpoint Set at 65
Breakpoint Set at 86
Breakpoint Set at 75
Breakpoint Set at 50
Breakpoint Set at 16
Breakpoint Set at 71
Breakpoint Set at 63
Breakpoint Set at 44
Breakpoint Set at 67
Breakpoint Set at 20
Breakpoint Set at 55
Breakpoint Set at 62
Breakpoint Set at 13
Breakpoint Set at 35
Breakpoint Set at 14
Breakpoint Set at 82
Paused at 1
	Hit Breakpoint(s) 
	Call Stack:  
	Bindings: 
Paused at 2
	Hit Breakpoint(s) 
	Call Stack:  
	Bindings: 
Paused at 3
	Hit Breakpoint(s) 
	Call Stack:  
	Bindings: 
Paused at 4
	Hit Breakpoint(s) 
	Call Stack:  
	Bindings: 
Paused at 5
	Hit Breakpoint(s) 
	Call Stack:  
	Bindings: 
Paused at 6
	Hit Breakpoint(s) 
	Call Stack:  
	Bindings: 
Paused at 7
	Hit Breakpoint(s) 
	Call Stack:  
	Bindings: 
Paused at 8
	Hit Breakpoint(s) 
	Call Stack:  
	Bindings: 
Paused at 9
	Hit Breakpoint(s) 
	Call Stack:  
	Bindings: 
Paused at 10
	Hit Breakpoint(s) 
	Call Stack:  
	Bindings: 
Paused at 11
	Hit Breakpoint(s) 
	Call Stack:  
	Bindings: 
