Breakpoint Set at 20
Breakpoint Set at 32
Breakpoint Set at 212
Breakpoint Set at 190
Breakpoint Set at 328
Breakpoint Set at 91
Breakpoint Set at 242
Breakpoint Set at 231
Breakpoint Set at 311
Breakpoint Set at 61
Breakpoint Set at 254
Breakpoint Set at 43
Breakpoint Set at 142
Breakpoint Set at 275
Breakpoint Set at 333
Breakpoint Set at 350
Breakpoint Set at 340
Breakpoint Set at 25
Breakpoint Set at 63
Breakpoint Set at 226
Breakpoint Set at 71
Breakpoint Set at 318
Breakpoint Set at 159
Breakpoint Set at 26
Breakpoint Set at 155
Breakpoint Set at 152
Breakpoint Set at 78
Breakpoint Set at 280
Breakpoint Set at 305
Breakpoint Set at 104
Breakpoint Set at 287
Breakpoint Set at 245
Breakpoint Set at 253
Breakpoint Set at 197
Breakpoint Set at 27
Paused at 20
	Hit Breakpoint(s) 
	Call Stack:  
	Bindings: 
Paused at 275
	Hit Breakpoint(s) 
	Call Stack: Init 
	Bindings: CubeSize: number = 20
		i: undefined
		j: undefined
		sum: undefined
		vector: undefined
Paused at 280
	Hit Breakpoint(s) 
	Call Stack: Init 
	Bindings: CubeSize: number = 20
		i: undefined
		j: undefined
		sum: undefined
		vector: undefined
Paused at 281
	Call Stack: Init 
	Bindings: CubeSize: number = 20
		i: undefined
		j: undefined
		sum: undefined
		vector: undefined
Paused at 282
	Call Stack: Init 
	Bindings: CubeSize: number = 20
		i: undefined
		j: undefined
		sum: undefined
		vector: undefined
Paused at 287
	Hit Breakpoint(s) 
	Call Stack: Init 
	Bindings: CubeSize: number = 20
		i: undefined
		j: undefined
		sum: undefined
		vector: undefined
Paused at 305
	Hit Breakpoint(s) 
	Call Stack: Init 
	Bindings: CubeSize: number = 20
		i: undefined
		j: undefined
		sum: undefined
		vector: undefined
Paused at 308
	Call Stack: Init 
	Bindings: CubeSize: number = 20
		i: undefined
		j: undefined
		sum: undefined
		vector: undefined
Paused at 311
	Call Stack: Init 
	Bindings: CubeSize: number = 20
		i: undefined
		j: undefined
		sum: undefined
		vector: undefined
Paused at 311
	Hit Breakpoint(s) 
	Call Stack: Init 
	Bindings: CubeSize: number = 20
		i: undefined
		j: undefined
		sum: undefined
		vector: undefined
Paused at 91
	Hit Breakpoint(s) 
	Call Stack: CalcNormal, Init 
	Bindings: A: array
		B: array
		i: number = 3
		Length: undefined
		V0: array
		V1: array
		V2: array
Paused at 78
	Hit Breakpoint(s) 
	Call Stack: CalcCross, CalcNormal, Init 
	Bindings: Cross: undefined
		V0: array
		V1: array
Paused at 91
	Hit Breakpoint(s) 
	Call Stack: CalcNormal, Init 
	Bindings: A: array
		B: array
		i: number = 3
		Length: undefined
		V0: array
		V1: array
		V2: array
Paused at 78
	Call Stack: CalcCross, CalcNormal, Init 
	Bindings: Cross: undefined
		V0: array
		V1: array
Paused at 78
	Hit Breakpoint(s) 
	Call Stack: CalcCross, CalcNormal, Init 
	Bindings: Cross: undefined
		V0: array
		V1: array
Paused at 83
	Call Stack: CalcCross, CalcNormal, Init 
	Bindings: Cross: array
		V0: array
		V1: array
Paused at 92
	Call Stack: CalcNormal, Init 
	Bindings: A: array
		B: array
		i: number = 3
		Length: undefined
		V0: array
		V1: array
		V2: array
Paused at 96
	Call Stack: CalcNormal, Init 
	Bindings: A: array
		B: array
		i: number = 3
		Length: number = 1600
		V0: array
		V1: array
		V2: array
Paused at 91
	Hit Breakpoint(s) 
	Call Stack: CalcNormal, Init 
	Bindings: A: array
		B: array
		i: number = 3
		Length: undefined
		V0: array
		V1: array
		V2: array
Paused at 78
	Hit Breakpoint(s) 
	Call Stack: CalcCross, CalcNormal, Init 
	Bindings: Cross: undefined
		V0: array
		V1: array
Paused at 91
	Hit Breakpoint(s) 
	Call Stack: CalcNormal, Init 
	Bindings: A: array
		B: array
		i: number = 3
		Length: undefined
		V0: array
		V1: array
		V2: array
