Breakpoint Set at 7
Breakpoint Set at 17
Breakpoint Set at 105
Breakpoint Set at 95
Breakpoint Set at 163
Breakpoint Set at 48
Breakpoint Set at 120
Breakpoint Set at 115
Breakpoint Set at 154
Breakpoint Set at 36
Breakpoint Set at 128
Breakpoint Set at 27
Breakpoint Set at 75
Breakpoint Set at 141
Breakpoint Set at 164
Breakpoint Set at 172
Breakpoint Set at 168
Paused at 7
	Hit Breakpoint(s) 
	Call Stack:  
	Bindings: 
Paused at 95
	Hit Breakpoint(s) 
	Call Stack:  
	Bindings: 
Paused at 128
	Hit Breakpoint(s) 
	Call Stack:  
	Bindings: 
Paused at 154
	Hit Breakpoint(s) 
	Call Stack:  
	Bindings: 
Paused at 156
	Call Stack:  
	Bindings: 
Paused at 75
	Hit Breakpoint(s) 
	Call Stack: Sun 
	Bindings: 
Paused at 17
	Hit Breakpoint(s) 
	Call Stack: Body, Sun 
	Bindings: mass: number = 39.47841760435743
		vx: number = 0
		vy: number = 0
		vz: number = 0
		x: number = 0
		y: number = 0
		z: number = 0
Paused at 76
	Call Stack: Sun 
	Bindings: 
Paused at 159
	Call Stack:  
	Bindings: bodies: undefined
		i: undefined
		max: undefined
Paused at 27
	Hit Breakpoint(s) 
	Call Stack: Jupiter 
	Bindings: 
Paused at 17
	Hit Breakpoint(s) 
	Call Stack: Body, Jupiter 
	Bindings: mass: number = 0.03769367487038949
		vx: number = 0.606326392995832
		vy: number = 2.81198684491626
		vz: number = -0.02521836165988763
		x: number = 4.841431442464721
		y: number = -1.1603200440274284
		z: number = -0.10362204447112311
Paused at 36
	Hit Breakpoint(s) 
	Call Stack: Jupiter 
	Bindings: 
Paused at 17
	Hit Breakpoint(s) 
	Call Stack: Body, Saturn 
	Bindings: mass: number = 0.011286326131968767
		vx: number = -1.0107743461787924
		vy: number = 1.8256623712304119
		vz: number = 0.008415761376584154
		x: number = 8.34336671824458
		y: number = 4.124798564124305
		z: number = -0.4035234171143214
Paused at 48
	Hit Breakpoint(s) 
	Call Stack: Saturn 
	Bindings: 
Paused at 159
	Call Stack:  
	Bindings: bodies: undefined
		i: undefined
		max: undefined
Paused at 17
	Hit Breakpoint(s) 
	Call Stack: Body, Uranus 
	Bindings: mass: number = 0.0017237240570597112
		vx: number = 1.0827910064415354
		vy: number = 0.8687130181696082
		vz: number = -0.010832637401363636
		x: number = 12.894369562139131
		y: number = -15.111151401698631
		z: number = -0.22330757889265573
Paused at 60
	Call Stack: Uranus 
	Bindings: 
Paused at 159
	Call Stack:  
	Bindings: bodies: undefined
		i: undefined
		max: undefined
Paused at 17
	Hit Breakpoint(s) 
	Call Stack: Body, Neptune 
	Bindings: mass: number = 0.0020336868699246304
		vx: number = 0.979090732243898
		vy: number = 0.5946989986476762
		vz: number = -0.034755955504078104
		x: number = 15.379697114850917
		y: number = -25.919314609987964
		z: number = 0.17925877295037118
Paused at 163
	Hit Breakpoint(s) 
	Call Stack:  
	Bindings: bodies: object
		i: undefined
		max: number = 300
Paused at 141
	Hit Breakpoint(s) 
	Call Stack: NBodySystem.energy 
	Bindings: bodyi: object
		bodyj: undefined
		distance: undefined
		dx: undefined
		dy: undefined
		dz: undefined
		e: number = 0.00021473954938116852
		i: number = 0
		j: undefined
		size: number = 5
