Breakpoint Set at 7
Breakpoint Set at 17
Breakpoint Set at 105
Breakpoint Set at 95
Breakpoint Set at 163
Breakpoint Set at 48
Breakpoint Set at 120
Breakpoint Set at 115
Breakpoint Set at 154
Breakpoint Set at 34
Breakpoint Set at 128
Breakpoint Set at 27
Breakpoint Set at 75
Breakpoint Set at 137
Breakpoint Set at 164
Breakpoint Set at 172
Breakpoint Set at 168
Paused at 7
	Hit Breakpoint(s) 
	Call Stack:  
	Bindings: 
Paused at 95
	Hit Breakpoint(s) 
	Call Stack:  
	Bindings: 
Paused at 128
	Hit Breakpoint(s) 
	Call Stack:  
	Bindings: 
Paused at 154
	Call Stack:  
	Bindings: 
Paused at 156
	Call Stack:  
	Bindings: 
Paused at 75
	Hit Breakpoint(s) 
	Call Stack: Sun 
	Bindings: 
Paused at 17
	Hit Breakpoint(s) 
	Call Stack: Body, Sun 
	Bindings: mass: number = 39.47841760435743
		vx: number = 0
		vy: number = 0
		vz: number = 0
		x: number = 0
		y: number = 0
		z: number = 0
Paused at 17
	Call Stack: Body, Sun 
	Bindings: mass: number = 39.47841760435743
		vx: number = 0
		vy: number = 0
		vz: number = 0
		x: number = 0
		y: number = 0
		z: number = 0
Paused at 76
	Call Stack: Sun 
	Bindings: 
Paused at 76
	Call Stack: Sun 
	Bindings: 
Paused at 27
	Hit Breakpoint(s) 
	Call Stack: Jupiter 
	Bindings: 
Paused at 28
	Call Stack: Jupiter 
	Bindings: 
Paused at 34
	Hit Breakpoint(s) 
	Call Stack: Jupiter 
	Bindings: 
Paused at 27
	Call Stack: Jupiter 
	Bindings: 
Paused at 27
	Hit Breakpoint(s) 
	Call Stack: Jupiter 
	Bindings: 
Paused at 17
	Hit Breakpoint(s) 
	Call Stack: Body, Jupiter 
	Bindings: mass: number = 0.03769367487038949
		vx: number = 0.606326392995832
		vy: number = 2.81198684491626
		vz: number = -0.02521836165988763
		x: number = 4.841431442464721
		y: number = -1.1603200440274284
		z: number = -0.10362204447112311
Paused at 17
	Call Stack: Body, Jupiter 
	Bindings: mass: number = 0.03769367487038949
		vx: number = 0.606326392995832
		vy: number = 2.81198684491626
		vz: number = -0.02521836165988763
		x: number = 4.841431442464721
		y: number = -1.1603200440274284
		z: number = -0.10362204447112311
Paused at 36
	Call Stack: Jupiter 
	Bindings: 
Paused at 17
	Hit Breakpoint(s) 
	Call Stack: Body, Saturn 
	Bindings: mass: number = 0.011286326131968767
		vx: number = -1.0107743461787924
		vy: number = 1.8256623712304119
		vz: number = 0.008415761376584154
		x: number = 8.34336671824458
		y: number = 4.124798564124305
		z: number = -0.4035234171143214
Paused at 48
	Hit Breakpoint(s) 
	Call Stack: Saturn 
	Bindings: 
Paused at 17
	Hit Breakpoint(s) 
	Call Stack: Body, Uranus 
	Bindings: mass: number = 0.0017237240570597112
		vx: number = 1.0827910064415354
		vy: number = 0.8687130181696082
		vz: number = -0.010832637401363636
		x: number = 12.894369562139131
		y: number = -15.111151401698631
		z: number = -0.22330757889265573
