Breakpoint Set at 4
Breakpoint Set at 20
Breakpoint Set at 19
Paused at 4
	Hit Breakpoint(s) 
	Call Stack:  
	Bindings: 
Paused at 19
	Hit Breakpoint(s) 
	Call Stack: TimeFunc 
	Bindings: func: function
		sum: undefined
		t: undefined
		x: undefined
		y: undefined
Paused at 20
	Hit Breakpoint(s) 
	Call Stack: TimeFunc 
	Bindings: func: function
		sum: number = 0
		t: undefined
		x: undefined
		y: undefined
Paused at 21
	Call Stack: TimeFunc 
	Bindings: func: function
		sum: number = 0
		t: undefined
		x: number = 0
		y: undefined
Paused at 20
	Call Stack: TimeFunc 
	Bindings: func: function
		sum: number = 1024
		t: undefined
		x: number = 0
		y: number = 256
Paused at 20
	Hit Breakpoint(s) 
	Call Stack: TimeFunc 
	Bindings: func: function
		sum: number = 1024
		t: undefined
		x: number = 0
		y: number = 256
Paused at 20
	Hit Breakpoint(s) 
	Call Stack: TimeFunc 
	Bindings: func: function
		sum: number = 2048
		t: undefined
		x: number = 1
		y: number = 256
Paused at 21
	Call Stack: TimeFunc 
	Bindings: func: function
		sum: number = 2048
		t: undefined
		x: number = 2
		y: number = 256
Paused at 20
	Call Stack: TimeFunc 
	Bindings: func: function
		sum: number = 3072
		t: undefined
		x: number = 2
		y: number = 256
Paused at 20
	Hit Breakpoint(s) 
	Call Stack: TimeFunc 
	Bindings: func: function
		sum: number = 3072
		t: undefined
		x: number = 2
		y: number = 256
Paused at 20
	Hit Breakpoint(s) 
	Call Stack: TimeFunc 
	Bindings: func: function
		sum: number = 4096
		t: undefined
		x: number = 3
		y: number = 256
Paused at 21
	Call Stack: TimeFunc 
	Bindings: func: function
		sum: number = 4096
		t: undefined
		x: number = 4
		y: number = 256
Paused at 20
	Hit Breakpoint(s) 
	Call Stack: TimeFunc 
	Bindings: func: function
		sum: number = 5120
		t: undefined
		x: number = 4
		y: number = 256
Paused at 21
	Call Stack: TimeFunc 
	Bindings: func: function
		sum: number = 5120
		t: undefined
		x: number = 5
		y: number = 256
Paused at 20
	Hit Breakpoint(s) 
	Call Stack: TimeFunc 
	Bindings: func: function
		sum: number = 6144
		t: undefined
		x: number = 5
		y: number = 256
Paused at 20
	Hit Breakpoint(s) 
	Call Stack: TimeFunc 
	Bindings: func: function
		sum: number = 7168
		t: undefined
		x: number = 6
		y: number = 256
Paused at 20
	Hit Breakpoint(s) 
	Call Stack: TimeFunc 
	Bindings: func: function
		sum: number = 8192
		t: undefined
		x: number = 7
		y: number = 256
Paused at 20
	Hit Breakpoint(s) 
	Call Stack: TimeFunc 
	Bindings: func: function
		sum: number = 9216
		t: undefined
		x: number = 8
		y: number = 256
Paused at 20
	Hit Breakpoint(s) 
	Call Stack: TimeFunc 
	Bindings: func: function
		sum: number = 10240
		t: undefined
		x: number = 9
		y: number = 256
Paused at 20
	Hit Breakpoint(s) 
	Call Stack: TimeFunc 
	Bindings: func: function
		sum: number = 11264
		t: undefined
		x: number = 10
		y: number = 256
Paused at 20
	Hit Breakpoint(s) 
	Call Stack: TimeFunc 
	Bindings: func: function
		sum: number = 12288
		t: undefined
		x: number = 11
		y: number = 256
