Breakpoint Set at 28
Breakpoint Set at 28
Breakpoint Set at 65
Breakpoint Set at 61
Breakpoint Set at 100
Breakpoint Set at 32
Breakpoint Set at 74
Breakpoint Set at 72
Breakpoint Set at 95
Breakpoint Set at 28
Paused at 28
	Hit Breakpoint(s) 
	Call Stack:  
	Bindings: 
Paused at 32
	Hit Breakpoint(s) 
	Call Stack: FIXED 
	Bindings: X: number = 45
Paused at 32
	Hit Breakpoint(s) 
	Call Stack: FIXED 
	Bindings: X: number = 26.565
Paused at 33
	Call Stack: FIXED 
	Bindings: X: number = 26.565
Paused at 46
	Call Stack:  
	Bindings: 
Paused at 32
	Hit Breakpoint(s) 
	Call Stack: FIXED 
	Bindings: X: number = 14.0362
Paused at 32
	Hit Breakpoint(s) 
	Call Stack: FIXED 
	Bindings: X: number = 7.12502
Paused at 33
	Call Stack: FIXED 
	Bindings: X: number = 7.12502
Paused at 47
	Call Stack:  
	Bindings: 
Paused at 32
	Hit Breakpoint(s) 
	Call Stack: FIXED 
	Bindings: X: number = 3.57633
Paused at 32
	Hit Breakpoint(s) 
	Call Stack: FIXED 
	Bindings: X: number = 1.78991
Paused at 33
	Call Stack: FIXED 
	Bindings: X: number = 1.78991
Paused at 32
	Hit Breakpoint(s) 
	Call Stack: FIXED 
	Bindings: X: number = 0.895174
Paused at 33
	Call Stack: FIXED 
	Bindings: X: number = 0.895174
Paused at 47
	Call Stack:  
	Bindings: 
Paused at 32
	Hit Breakpoint(s) 
	Call Stack: FIXED 
	Bindings: X: number = 0.447614
Paused at 48
	Call Stack:  
	Bindings: 
Paused at 32
	Hit Breakpoint(s) 
	Call Stack: FIXED 
	Bindings: X: number = 0.223811
Paused at 48
	Call Stack:  
	Bindings: 
Paused at 32
	Hit Breakpoint(s) 
	Call Stack: FIXED 
	Bindings: X: number = 0.111906
Paused at 32
	Hit Breakpoint(s) 
	Call Stack: FIXED 
	Bindings: X: number = 0.055953
