Breakpoint Set at 34
Breakpoint Set at 6
Breakpoint Set at 31
Breakpoint Set at 26
Paused at 34
	Hit Breakpoint(s) 
	Call Stack:  
	Bindings: 
Paused at 6
	Hit Breakpoint(s) 
	Call Stack: partial 
	Bindings: a1: undefined
		alt: undefined
		k: undefined
		k2: undefined
		n: number = 1024
		twothirds: undefined
Paused at 26
	Hit Breakpoint(s) 
	Call Stack: partial 
	Bindings: a1: number = 1
		alt: number = 1
		k: number = 1
		k2: number = 1
		n: number = 1024
		twothirds: number = 0.6666666666666666
Paused at 11
	Call Stack: partial 
	Bindings: a1: number = 1
		alt: number = 1
		k: number = 1
		k2: number = 1
		n: number = 1024
		twothirds: number = 0.6666666666666666
Paused at 11
	Call Stack: partial 
	Bindings: a1: number = 1
		alt: number = 1
		k: number = 2
		k2: number = 1
		n: number = 1024
		twothirds: number = 0.6666666666666666
Paused at 26
	Hit Breakpoint(s) 
	Call Stack: partial 
	Bindings: a1: number = 1.6666666666666665
		alt: number = -1
		k: number = 2
		k2: number = 4
		n: number = 1024
		twothirds: number = 0.6666666666666666
Paused at 26
	Hit Breakpoint(s) 
	Call Stack: partial 
	Bindings: a1: number = 2.1111111111111107
		alt: number = 1
		k: number = 3
		k2: number = 9
		n: number = 1024
		twothirds: number = 0.6666666666666666
Paused at 11
	Call Stack: partial 
	Bindings: a1: number = 2.1111111111111107
		alt: number = 1
		k: number = 3
		k2: number = 9
		n: number = 1024
		twothirds: number = 0.6666666666666666
Paused at 11
	Call Stack: partial 
	Bindings: a1: number = 2.1111111111111107
		alt: number = 1
		k: number = 4
		k2: number = 9
		n: number = 1024
		twothirds: number = 0.6666666666666666
Paused at 26
	Hit Breakpoint(s) 
	Call Stack: partial 
	Bindings: a1: number = 2.407407407407407
		alt: number = -1
		k: number = 4
		k2: number = 16
		n: number = 1024
		twothirds: number = 0.6666666666666666
Paused at 26
	Hit Breakpoint(s) 
	Call Stack: partial 
	Bindings: a1: number = 2.604938271604938
		alt: number = 1
		k: number = 5
		k2: number = 25
		n: number = 1024
		twothirds: number = 0.6666666666666666
Paused at 11
	Call Stack: partial 
	Bindings: a1: number = 2.604938271604938
		alt: number = 1
		k: number = 5
		k2: number = 25
		n: number = 1024
		twothirds: number = 0.6666666666666666
Paused at 26
	Hit Breakpoint(s) 
	Call Stack: partial 
	Bindings: a1: number = 2.7366255144032916
		alt: number = -1
		k: number = 6
		k2: number = 36
		n: number = 1024
		twothirds: number = 0.6666666666666666
Paused at 11
	Call Stack: partial 
	Bindings: a1: number = 2.7366255144032916
		alt: number = -1
		k: number = 6
		k2: number = 36
		n: number = 1024
		twothirds: number = 0.6666666666666666
Paused at 26
	Hit Breakpoint(s) 
	Call Stack: partial 
	Bindings: a1: number = 2.824417009602194
		alt: number = 1
		k: number = 7
		k2: number = 49
		n: number = 1024
		twothirds: number = 0.6666666666666666
Paused at 26
	Hit Breakpoint(s) 
	Call Stack: partial 
	Bindings: a1: number = 2.882944673068129
		alt: number = -1
		k: number = 8
		k2: number = 64
		n: number = 1024
		twothirds: number = 0.6666666666666666
Paused at 26
	Hit Breakpoint(s) 
	Call Stack: partial 
	Bindings: a1: number = 2.921963115378752
		alt: number = 1
		k: number = 9
		k2: number = 81
		n: number = 1024
		twothirds: number = 0.6666666666666666
Paused at 26
	Hit Breakpoint(s) 
	Call Stack: partial 
	Bindings: a1: number = 2.9479754102525013
		alt: number = -1
		k: number = 10
		k2: number = 100
		n: number = 1024
		twothirds: number = 0.6666666666666666
Paused at 26
	Hit Breakpoint(s) 
	Call Stack: partial 
	Bindings: a1: number = 2.965316940168334
		alt: number = 1
		k: number = 11
		k2: number = 121
		n: number = 1024
		twothirds: number = 0.6666666666666666
Paused at 26
	Hit Breakpoint(s) 
	Call Stack: partial 
	Bindings: a1: number = 2.976877960112222
		alt: number = -1
		k: number = 12
		k2: number = 144
		n: number = 1024
		twothirds: number = 0.6666666666666666
Paused at 26
	Hit Breakpoint(s) 
	Call Stack: partial 
	Bindings: a1: number = 2.984585306741481
		alt: number = 1
		k: number = 13
		k2: number = 169
		n: number = 1024
		twothirds: number = 0.6666666666666666
