Breakpoint Set at 38
Breakpoint Set at 38
Breakpoint Set at 164
Breakpoint Set at 146
Breakpoint Set at 252
Breakpoint Set at 72
Breakpoint Set at 185
Breakpoint Set at 177
Breakpoint Set at 237
Breakpoint Set at 51
Breakpoint Set at 195
Breakpoint Set at 38
Breakpoint Set at 110
Breakpoint Set at 211
Breakpoint Set at 254
Breakpoint Set at 268
Breakpoint Set at 238
Breakpoint Set at 261
Breakpoint Set at 38
Breakpoint Set at 177
Breakpoint Set at 61
Breakpoint Set at 244
Breakpoint Set at 126
Breakpoint Set at 38
Breakpoint Set at 126
Breakpoint Set at 119
Breakpoint Set at 64
Paused at 38
	Hit Breakpoint(s) 
	Call Stack:  
	Bindings: 
Paused at 72
	Hit Breakpoint(s) 
	Call Stack:  
	Bindings: 
Paused at 164
	Hit Breakpoint(s) 
	Call Stack:  
	Bindings: 
Paused at 177
	Hit Breakpoint(s) 
	Call Stack:  
	Bindings: m: object
		s: object
Paused at 208
	Call Stack:  
	Bindings: m: object
		s: object
Paused at 226
	Call Stack:  
	Bindings: 
Paused at 195
	Hit Breakpoint(s) 
	Call Stack: s.parseJSON 
	Bindings: filter: function
		j: undefined
		m: object
		s: object
		walk: function
Paused at 199
	Call Stack: s.parseJSON 
	Bindings: filter: function
		j: undefined
		m: object
		s: object
		walk: function
Paused at 201
	Call Stack: s.parseJSON 
	Bindings: filter: function
		j: array
		m: object
		s: object
		walk: function
Paused at 185
	Hit Breakpoint(s) 
	Call Stack: walk, s.parseJSON 
	Bindings: filter: function
		i: string = 
		j: array
		k: string = 
		m: object
		n: undefined
		s: object
		v: array
		walk: function
Paused at 185
	Hit Breakpoint(s) 
	Call Stack: walk, walk, s.parseJSON 
	Bindings: filter: function
		i: string = 
		j: array
		k: string = 
		m: object
		n: undefined
		s: object
		v: object
		walk: function
Paused at 186
	Call Stack: walk, walk, s.parseJSON 
	Bindings: filter: function
		i: string = 
		j: array
		k: string = 
		m: object
		n: string = 
		s: object
		v: object
		walk: function
Paused at 185
	Hit Breakpoint(s) 
	Call Stack: walk, walk, s.parseJSON 
	Bindings: filter: function
		i: string = 
		j: array
		k: string = 
		m: object
		n: string = 
		s: object
		v: object
		walk: function
Paused at 182
	Call Stack: walk, walk, walk, s.parseJSON 
	Bindings: filter: function
		i: undefined
		j: array
		k: string = 
		m: object
		n: undefined
		s: object
		v: number = 4294967296
		walk: function
Paused at 186
	Call Stack: walk, walk, s.parseJSON 
	Bindings: filter: function
		i: string = 
		j: array
		k: string = 
		m: object
		n: number = 32
		s: object
		v: object
		walk: function
Paused at 186
	Call Stack: walk, s.parseJSON 
	Bindings: filter: function
		i: string = 
		j: array
		k: string = 
		m: object
		n: object
		s: object
		v: array
		walk: function
Paused at 185
	Hit Breakpoint(s) 
	Call Stack: walk, s.parseJSON 
	Bindings: filter: function
		i: string = 
		j: array
		k: string = 
		m: object
		n: object
		s: object
		v: array
		walk: function
Paused at 185
	Hit Breakpoint(s) 
	Call Stack: walk, walk, s.parseJSON 
	Bindings: filter: function
		i: string = 
		j: array
		k: string = 
		m: object
		n: undefined
		s: object
		v: object
		walk: function
Paused at 185
	Hit Breakpoint(s) 
	Call Stack: walk, walk, s.parseJSON 
	Bindings: filter: function
		i: string = 
		j: array
		k: string = 
		m: object
		n: string = 
		s: object
		v: object
		walk: function
Paused at 185
	Hit Breakpoint(s) 
	Call Stack: walk, s.parseJSON 
	Bindings: filter: function
		i: string = 
		j: array
		k: string = 
		m: object
		n: object
		s: object
		v: array
		walk: function
Paused at 185
	Hit Breakpoint(s) 
	Call Stack: walk, walk, s.parseJSON 
	Bindings: filter: function
		i: string = 
		j: array
		k: string = 
		m: object
		n: undefined
		s: object
		v: object
		walk: function
