Set Breakpoint at 11
Set Breakpoint at 25
Set Breakpoint at 162
Set Breakpoint at 146
Set Breakpoint at 251
Set Breakpoint at 70
Set Breakpoint at 185
Set Breakpoint at 177
Set Breakpoint at 236
Set Breakpoint at 49
Set Breakpoint at 195
Set Breakpoint at 36
Set Breakpoint at 110
Set Breakpoint at 211
Set Breakpoint at 254
Set Breakpoint at 267
Set Breakpoint at 238
Set Breakpoint at 260
Set Breakpoint at 22
Set Breakpoint at 175
Set Breakpoint at 59
Set Breakpoint at 244
Set Breakpoint at 125
Set Breakpoint at 2
Set Breakpoint at 122
Set Breakpoint at 119
Set Breakpoint at 64
resume
resume
stepOver
stepOver
stepOut
resume
stepOver
stepOver
stepOut
resume
stepOver
resume
stepIn
stepOut
stepOut
stepOut
stepOut
stepOut
resume
resume
