request breakpoint   0 at line   2
                   set at line   2
request breakpoint   1 at line   5
                   set at line   5
request breakpoint   2 at line  24
                   set at line  26
request breakpoint   3 at line  23
                   set at line  23
request breakpoint   4 at line  37
                   set at line  37
request breakpoint   5 at line  14
                   set at line  15
request breakpoint   6 at line  29
                   set at line  29
paused at line  26
	because of breakpoints [2]
action: stepIn
paused at line  27
action: stepIn
paused at line  28
action: stepOver
paused at line  29
action: stepOver
paused at line  30
action: resume
paused at line  15
	because of breakpoints [5]
action: stepIn
paused at line  16
action: stepOver
paused at line  17
action: stepOver
paused at line  18
action: resume
paused at line  23
	because of breakpoints [3]
action: stepIn
paused at line  23
action: stepOver
paused at line  30
action: stepIn
paused at line  27
action: stepOut
paused at line  29
	because of breakpoints [6]
action: resume
paused at line  15
	because of breakpoints [5]
action: resume
paused at line  23
	because of breakpoints [3]
action: resume
paused at line  29
	because of breakpoints [6]
action: resume
paused at line  15
	because of breakpoints [5]
action: resume
paused at line  23
	because of breakpoints [3]
action: stepIn
