request breakpoint   0 at line   5
                   set at line   5
request breakpoint   1 at line  12
                   set at line  12
request breakpoint   2 at line  74
                   set at line  74
request breakpoint   3 at line  67
                   set at line  67
request breakpoint   4 at line 114
                   set at line 114
request breakpoint   5 at line  34
                   set at line  34
request breakpoint   6 at line  85
                   set at line  86
request breakpoint   7 at line  82
                   set at line  82
request breakpoint   8 at line 108
                   set at line 109
request breakpoint   9 at line  26
                   set at line  26
request breakpoint  10 at line  90
                   set at line  90
request breakpoint  11 at line  22
                   set at line  22
request breakpoint  12 at line  54
                   set at line  54
request breakpoint  13 at line  97
                   set at line  97
request breakpoint  14 at line 116
                   set at line 117
request breakpoint  15 at line 121
                   set at line 121
request breakpoint  16 at line 109
                   set at line 111
request breakpoint  16 at line 118
                   set at line 118
request breakpoint  17 at line  20
                   set at line  20
request breakpoint  18 at line  32
                   set at line  33
request breakpoint  19 at line  84
                   set at line  84
request breakpoint  20 at line  37
                   set at line  37
request breakpoint  21 at line 112
                   set at line 112
request breakpoint  22 at line  64
                   set at line  64
paused at line   5
	because of breakpoints [0]
action: stepIn
paused at line  17
action: stepIn
paused at line  60
action: stepOver
paused at line  88
action: stepOver
paused at line 107
action: resume
paused at line 111
	because of breakpoints [16]
action: stepIn
paused at line  41
action: stepOver
paused at line  12
	because of breakpoints [1]
action: stepOver
paused at line  13
action: resume
paused at line  12
	because of breakpoints [1]
action: stepIn
paused at line  13
action: stepOver
paused at line  14
action: stepIn
paused at line  15
action: stepOut
paused at line  15
action: resume
paused at line  26
	because of breakpoints [9]
action: resume
paused at line  12
	because of breakpoints [1]
action: resume
paused at line  33
	because of breakpoints [18]
action: resume
paused at line  12
	because of breakpoints [1]
action: resume
paused at line  34
	because of breakpoints [5]
action: stepIn
paused at line  34
action: stepIn
paused at line 111
action: stepOver
paused at line  37
	because of breakpoints [20]
action: stepIn
paused at line   8
action: resume
paused at line  12
	because of breakpoints [1]
action: stepOut
paused at line  15
action: stepIn
paused at line  38
action: stepOut
paused at line  38
action: stepOut
paused at line  54
	because of breakpoints [12]
action: stepIn
paused at line  55
action: resume
paused at line  54
	because of breakpoints [12]
action: resume
paused at line  54
	because of breakpoints [12]
action: stepIn
paused at line  55
action: resume
paused at line  54
	because of breakpoints [12]
action: stepOver
paused at line  55
action: stepOver
paused at line  50
action: stepOver
paused at line  51
action: stepOut
paused at line  54
	because of breakpoints [12]
action: resume
paused at line  20
	because of breakpoints [17]
action: stepOver
paused at line  21
action: stepIn
paused at line  22
action: resume
paused at line  22
	because of breakpoints [11]
action: stepOver
paused at line  22
action: resume
paused at line 112
	because of breakpoints [21]
action: stepIn
paused at line 113
action: stepIn
paused at line  90
action: stepOver
paused at line  91
action: resume
paused at line  97
	because of breakpoints [13]
action: stepIn
paused at line  98
action: stepOver
paused at line  99
action: stepOver
paused at line 100
action: stepOver
paused at line 101
action: stepOut
paused at line  97
	because of breakpoints [13]
action: stepIn
paused at line  98
action: stepOut
paused at line  97
	because of breakpoints [13]
action: stepIn
paused at line  98
action: resume
paused at line  97
	because of breakpoints [13]
action: stepIn
paused at line  98
action: stepOver
paused at line  99
action: stepOut
paused at line  97
	because of breakpoints [13]
action: stepOver
paused at line  98
action: stepOver
paused at line  99
action: stepOut
