request breakpoint   0 at line   1
                   set at line   1
request breakpoint   1 at line   3
                   set at line   4
request breakpoint   2 at line  14
                   set at line  14
request breakpoint   3 at line   2
                   set at line   4
paused at line   1
	because of breakpoints [0]
action: stepIn
paused at line  18
action: stepIn
paused at line  13
action: stepOver
paused at line  14
action: stepOver
paused at line   4
	because of breakpoints [3]
action: resume
paused at line   4
	because of breakpoints [3]
action: stepIn
paused at line   5
action: stepOver
paused at line   6
action: stepOver
paused at line   7
action: resume
paused at line   4
	because of breakpoints [3]
action: stepIn
paused at line   5
action: stepOver
