request breakpoint   0 at line   2
                   set at line   2
request breakpoint   1 at line   4
                   set at line   4
request breakpoint   2 at line  20
                   set at line  21
request breakpoint   3 at line  19
                   set at line  19
request breakpoint   4 at line  30
                   set at line  30
request breakpoint   5 at line  12
                   set at line  12
paused at line  19
	because of breakpoints [3]
action: stepIn
paused at line   8
action: stepIn
paused at line   9
action: stepOver
paused at line  10
action: stepOver
paused at line  11
action: resume
paused at line  12
	because of breakpoints [5]
action: stepIn
paused at line  10
action: stepOver
paused at line  11
action: stepOver
paused at line  12
action: resume
paused at line  12
	because of breakpoints [5]
action: stepIn
paused at line  10
action: stepOver
paused at line  11
action: stepIn
paused at line  12
action: stepOut
paused at line  12
	because of breakpoints [5]
action: resume
paused at line  12
	because of breakpoints [5]
action: resume
paused at line  12
	because of breakpoints [5]
action: resume
