request breakpoint   0 at line   8
                   set at line   8
request breakpoint   1 at line  19
                   set at line  20
request breakpoint   2 at line 123
                   set at line 124
request breakpoint   3 at line 111
                   set at line 111
request breakpoint   4 at line 190
                   set at line 190
request breakpoint   5 at line  54
                   set at line  54
request breakpoint   6 at line 141
                   set at line 141
request breakpoint   7 at line 135
                   set at line 136
request breakpoint   8 at line 179
                   set at line 179
request breakpoint   9 at line  39
                   set at line  39
request breakpoint  10 at line 148
                   set at line 148
request breakpoint  11 at line  29
                   set at line  29
request breakpoint  12 at line  86
                   set at line  86
request breakpoint  13 at line 160
                   set at line 162
request breakpoint  14 at line 193
                   set at line 193
request breakpoint  15 at line 203
                   set at line 204
request breakpoint  16 at line 181
                   set at line 181
request breakpoint  17 at line 197
                   set at line 198
request breakpoint  18 at line  21
                   set at line  21
request breakpoint  19 at line  43
                   set at line  43
request breakpoint  20 at line 134
                   set at line 136
request breakpoint  20 at line  49
                   set at line  49
request breakpoint  21 at line 185
                   set at line 185
request breakpoint  22 at line  98
                   set at line  98
request breakpoint  23 at line  25
                   set at line  25
request breakpoint  24 at line  97
                   set at line  97
request breakpoint  25 at line  94
                   set at line  94
request breakpoint  26 at line   6
                   set at line   8
request breakpoint  26 at line 165
                   set at line 165
request breakpoint  27 at line   9
                   set at line   9
request breakpoint  28 at line  69
                   set at line  69
request breakpoint  29 at line 168
                   set at line 169
request breakpoint  30 at line 147
                   set at line 147
request breakpoint  31 at line 151
                   set at line 152
request breakpoint  32 at line 121
                   set at line 121
request breakpoint  33 at line  26
                   set at line  28
request breakpoint  34 at line 199
                   set at line 199
request breakpoint  35 at line 162
                   set at line 169
request breakpoint  35 at line  70
                   set at line  70
request breakpoint  36 at line 187
                   set at line 187
request breakpoint  37 at line 155
                   set at line 155
paused at line 198
	because of breakpoints [17]
action: stepIn
paused at line 199
action: stepIn
paused at line 198
action: stepOver
paused at line 199
action: stepOver
paused at line 198
action: resume
paused at line 198
	because of breakpoints [17]
action: stepIn
paused at line 199
action: stepOver
paused at line 198
action: stepOver
paused at line 199
action: resume
paused at line 199
	because of breakpoints [34]
action: stepIn
paused at line 198
action: stepOver
paused at line 202
action: stepIn
paused at line   8
action: stepOut
paused at line   8
	because of breakpoints [26]
action: resume
paused at line 165
	because of breakpoints [26]
action: resume
paused at line  39
	because of breakpoints [9]
action: resume
paused at line  43
	because of breakpoints [19]
action: resume
paused at line 124
	because of breakpoints [2]
action: resume
paused at line 152
	because of breakpoints [31]
action: stepIn
paused at line 153
action: stepIn
paused at line 154
action: stepOver
paused at line 155
action: stepIn
paused at line 155
action: resume
paused at line 152
	because of breakpoints [31]
action: stepOut
paused at line 155
	because of breakpoints [37]
action: stepIn
paused at line 155
action: stepOut
paused at line 152
	because of breakpoints [31]
action: stepOut
paused at line 155
	because of breakpoints [37]
action: stepIn
paused at line 155
action: resume
paused at line 152
	because of breakpoints [31]
action: resume
paused at line 155
	because of breakpoints [37]
action: stepIn
paused at line 155
action: resume
paused at line 121
	because of breakpoints [32]
action: stepOver
paused at line 121
action: stepOver
paused at line 125
action: stepOver
paused at line 125
action: stepOut
paused at line 124
	because of breakpoints [2]
action: resume
paused at line 152
	because of breakpoints [31]
action: stepOver
paused at line 153
action: stepIn
paused at line 154
action: resume
paused at line 155
	because of breakpoints [37]
action: stepOver
paused at line 155
action: resume
paused at line 152
	because of breakpoints [31]
action: stepIn
paused at line 153
action: stepIn
paused at line 154
action: stepOver
paused at line 155
action: resume
paused at line 155
	because of breakpoints [37]
action: stepIn
paused at line 155
action: stepOver
paused at line 120
action: stepOver
paused at line 152
	because of breakpoints [31]
action: stepOver
paused at line 153
action: stepOut
paused at line 155
	because of breakpoints [37]
action: stepIn
paused at line 155
action: stepOut
paused at line 152
	because of breakpoints [31]
action: stepIn
paused at line 153
action: resume
paused at line 155
	because of breakpoints [37]
action: stepIn
paused at line 155
action: stepOver
paused at line 121
action: stepOut
paused at line 121
	because of breakpoints [32]
action: stepOver
paused at line 121
action: stepOver
paused at line 125
action: stepOut
paused at line 125
action: stepOver
paused at line  48
action: stepOut
paused at line  49
	because of breakpoints [20]
action: resume
paused at line 124
	because of breakpoints [2]
action: stepOver
paused at line 152
	because of breakpoints [31]
action: stepIn
paused at line 153
action: resume
paused at line 155
	because of breakpoints [37]
action: stepOut
paused at line 155
action: stepIn
paused at line 120
action: resume
paused at line 152
	because of breakpoints [31]
action: stepOut
paused at line 155
	because of breakpoints [37]
action: resume
paused at line 152
	because of breakpoints [31]
action: stepIn
paused at line 153
action: stepOut
paused at line 155
	because of breakpoints [37]
action: resume
paused at line 152
	because of breakpoints [31]
action: stepIn
paused at line 153
action: resume
paused at line 155
	because of breakpoints [37]
action: resume
paused at line 121
	because of breakpoints [32]
action: stepOver
paused at line 121
action: stepOver
paused at line 125
action: stepOut
paused at line 125
action: stepOver
paused at line  49
action: stepIn
paused at line  50
action: stepOver
paused at line 124
	because of breakpoints [2]
action: resume
paused at line 152
	because of breakpoints [31]
action: resume
paused at line 155
	because of breakpoints [37]
action: stepOut
paused at line 155
action: stepOver
paused at line 120
action: resume
paused at line 152
	because of breakpoints [31]
action: stepIn
paused at line 153
action: stepOut
paused at line 155
	because of breakpoints [37]
action: stepOut
paused at line 155
action: stepOut
paused at line 152
	because of breakpoints [31]
action: stepIn
paused at line 153
action: stepOut
paused at line 155
	because of breakpoints [37]
action: stepIn
paused at line 155
action: stepOver
paused at line 120
action: stepOver
paused at line 152
	because of breakpoints [31]
action: stepOver
paused at line 153
action: resume
paused at line 155
	because of breakpoints [37]
action: stepIn
paused at line 155
action: stepOut
paused at line 121
	because of breakpoints [32]
action: resume
