request breakpoint   0 at line   8
                   set at line   8
request breakpoint   1 at line  17
                   set at line  17
request breakpoint   2 at line 110
                   set at line 110
request breakpoint   3 at line  99
                   set at line  99
request breakpoint   4 at line 170
                   set at line 170
request breakpoint   5 at line  49
                   set at line  49
request breakpoint   6 at line 126
                   set at line 127
request breakpoint   7 at line 121
                   set at line 121
request breakpoint   8 at line 160
                   set at line 160
request breakpoint   9 at line  35
                   set at line  35
request breakpoint  10 at line 133
                   set at line 133
request breakpoint  11 at line  27
                   set at line  27
request breakpoint  12 at line  77
                   set at line  77
request breakpoint  13 at line 144
                   set at line 144
request breakpoint  14 at line 172
                   set at line 172
request breakpoint  15 at line 181
                   set at line 181
request breakpoint  16 at line 162
                   set at line 162
request breakpoint  17 at line 177
                   set at line 178
request breakpoint  18 at line  21
                   set at line  21
request breakpoint  19 at line  40
                   set at line  40
request breakpoint  20 at line   1
                   set at line   2
request breakpoint  21 at line  46
                   set at line  46
request breakpoint  22 at line 166
                   set at line 166
request breakpoint  23 at line  89
                   set at line  89
request breakpoint  24 at line  25
                   set at line  25
request breakpoint  25 at line  88
                   set at line  88
request breakpoint  26 at line  86
                   set at line  86
request breakpoint  27 at line  51
                   set at line  51
request breakpoint  28 at line 148
                   set at line 148
request breakpoint  29 at line   9
                   set at line   9
request breakpoint  30 at line  65
                   set at line  65
request breakpoint  31 at line 151
                   set at line 151
request breakpoint  32 at line 132
                   set at line 132
request breakpoint  33 at line 136
                   set at line 136
request breakpoint  34 at line   3
                   set at line   3
request breakpoint  35 at line  24
                   set at line  24
paused at line   8
	because of breakpoints [0]
action: stepIn
paused at line 178
action: stepIn
paused at line 180
action: stepOver
paused at line 181
action: stepOver
paused at line  21
	because of breakpoints [18]
action: resume
paused at line  40
	because of breakpoints [19]
action: stepIn
paused at line  43
action: stepOver
paused at line  46
action: stepOver
paused at line  55
action: resume
paused at line 133
	because of breakpoints [10]
action: stepIn
paused at line 146
action: stepOver
paused at line 150
action: stepIn
paused at line   9
action: stepOut
paused at line   9
	because of breakpoints [29]
action: resume
paused at line 160
	because of breakpoints [8]
action: resume
paused at line 162
	because of breakpoints [16]
action: resume
paused at line 166
	because of breakpoints [22]
action: resume
paused at line   2
	because of breakpoints [20]
action: resume
paused at line   3
	because of breakpoints [34]
action: stepIn
paused at line   2
action: stepIn
paused at line   3
action: stepOver
paused at line   2
action: stepIn
paused at line   3
action: resume
paused at line   3
	because of breakpoints [34]
action: stepOut
paused at line   2
	because of breakpoints [20]
action: stepIn
paused at line   3
action: stepOut
paused at line   3
	because of breakpoints [34]
action: stepOut
paused at line   2
	because of breakpoints [20]
action: stepIn
paused at line   3
action: resume
paused at line   3
	because of breakpoints [34]
action: resume
paused at line   2
	because of breakpoints [20]
action: stepIn
paused at line   3
action: resume
paused at line   3
	because of breakpoints [34]
action: stepOver
paused at line   2
action: stepOver
paused at line   3
action: stepOver
paused at line   2
action: stepOut
paused at line   2
	because of breakpoints [20]
action: resume
paused at line   3
	because of breakpoints [34]
action: stepOver
paused at line   2
action: stepIn
paused at line   3
action: resume
paused at line   3
	because of breakpoints [34]
action: stepOver
paused at line   2
action: resume
paused at line   2
	because of breakpoints [20]
action: stepIn
paused at line   3
action: stepIn
paused at line   2
action: stepOver
paused at line   3
action: resume
paused at line   3
	because of breakpoints [34]
action: stepIn
paused at line   2
action: stepOver
paused at line   3
action: stepOver
paused at line   2
action: stepOver
paused at line   3
action: stepOut
paused at line   3
	because of breakpoints [34]
action: stepIn
paused at line   2
action: stepOut
paused at line   2
	because of breakpoints [20]
action: stepIn
paused at line   3
action: resume
paused at line   3
	because of breakpoints [34]
action: stepIn
paused at line   2
action: stepOver
paused at line   3
action: stepOut
paused at line   3
	because of breakpoints [34]
action: stepOver
paused at line   2
action: stepOver
paused at line   3
action: stepOut
paused at line   3
	because of breakpoints [34]
action: stepOver
paused at line   2
action: stepOut
paused at line   2
	because of breakpoints [20]
action: resume
paused at line   3
	because of breakpoints [34]
action: stepOver
paused at line   2
action: stepIn
paused at line   3
action: resume
paused at line   3
	because of breakpoints [34]
action: stepOut
paused at line   2
	because of breakpoints [20]
action: stepIn
paused at line   3
action: resume
paused at line   3
	because of breakpoints [34]
action: stepOut
paused at line   2
	because of breakpoints [20]
action: resume
paused at line   3
	because of breakpoints [34]
action: stepIn
paused at line   2
action: stepOut
paused at line   2
	because of breakpoints [20]
action: resume
paused at line   3
	because of breakpoints [34]
action: stepIn
paused at line   2
action: resume
paused at line   2
	because of breakpoints [20]
action: resume
paused at line   3
	because of breakpoints [34]
action: stepOver
paused at line   2
action: stepOver
paused at line   3
action: stepOut
paused at line   3
	because of breakpoints [34]
action: stepOver
paused at line   2
action: stepIn
paused at line   3
action: stepOver
paused at line   2
action: resume
paused at line   2
	because of breakpoints [20]
action: resume
paused at line   3
	because of breakpoints [34]
action: stepOut
paused at line   2
	because of breakpoints [20]
action: stepOver
paused at line   3
action: resume
paused at line   3
	because of breakpoints [34]
action: stepIn
paused at line   2
action: stepOut
paused at line   2
	because of breakpoints [20]
action: stepOut
