71 -> 71
110 -> 110
39 -> 39
66 -> 66
67 -> 67
9 -> 9
28 -> 28
65 -> 65
167 -> 167
142 -> 142
101 -> 101
102 -> 102
26 -> 26
117 -> 119
11 -> 11
149 -> 150
38 -> 38
130 -> 130
69 -> 69
111 -> 111
2 -> 2
99 -> 99
108 -> 109
16 -> 16
145 -> 146
107 -> 107
74 -> 74
137 -> 137
35 -> 35
153 -> 153
0 -> 0
87 -> 87
57 -> 57
3 -> 3
82 -> 82
22 -> 22
37 -> 38
146 -> 152
72 -> 72
106 -> 106
126 -> 126
127 -> 129
1 -> 1
95 -> 96
136 -> 136
172 -> 172
166 -> 166
148 -> 150
15 -> 15
129 -> 152
12 -> 12
165 -> 165
31 -> 31
128 -> 129
54 -> 54
119 -> 126
70 -> 71
25 -> 26
91 -> 91
112 -> 113
125 -> 125
61 -> 62
118 -> 119
138 -> 138
18 -> 19
24 -> 24
56 -> 56
75 -> 75
6 -> 6
124 -> 125
154 -> 154
144 -> 144
114 -> 114
33 -> 33
44 -> 44
10 -> 10
93 -> 93
42 -> 42
143 -> 143
98 -> 98
14 -> 14
173 -> 173
103 -> 103
68 -> 68
122 -> 122
135 -> 135
52 -> 52
13 -> 13
78 -> 79
158 -> 158
162 -> 162
123 -> 123
139 -> 140
59 -> 59
140 -> 152
90 -> 91
105 -> 106
147 -> 147
116 -> 119
7 -> 7
20 -> 20
79 -> 93
161 -> 161
152 -> 152
23 -> 23
80 -> 80
62 -> 72
96 -> 126
88 -> 88
76 -> 76
49 -> 50
133 -> 133
81 -> 81
134 -> 135
113 -> 126
156 -> 156
164 -> 164
109 -> 126
92 -> 92
34 -> 35
120 -> 120
171 -> 171
21 -> 21
151 -> 151
94 -> 96
