0 -> 4
1 -> 4
2 -> 4
3 -> 4
6 -> 6
7 -> 9
9 -> 18
10 -> 10
11 -> 11
12 -> 12
13 -> 13
14 -> 14
15 -> 15
16 -> 16
18 -> 18
20 -> 20
21 -> 21
22 -> 22
23 -> 23
24 -> 26
25 -> 26
26 -> 38
28 -> 28
31 -> 31
33 -> 33
34 -> 35
35 -> 38
37 -> 38
38 -> 50
39 -> 39
42 -> 42
44 -> 44
49 -> 50
52 -> 52
54 -> 54
56 -> 56
57 -> 57
59 -> 59
61 -> 62
62 -> 62
65 -> 65
66 -> 66
67 -> 67
68 -> 68
69 -> 69
70 -> 71
71 -> 71
72 -> 74
74 -> 74
75 -> 75
76 -> 79
78 -> 79
79 -> 94
80 -> 80
81 -> 81
82 -> 82
87 -> 87
88 -> 88
90 -> 91
91 -> 94
92 -> 92
93 -> 94
94 -> 96
95 -> 96
96 -> 127
98 -> 98
99 -> 99
101 -> 101
102 -> 102
103 -> 103
105 -> 106
106 -> 106
107 -> 107
108 -> 109
109 -> 127
110 -> 110
111 -> 111
112 -> 113
113 -> 127
114 -> 114
116 -> 119
117 -> 119
118 -> 119
119 -> 127
120 -> 120
122 -> 122
123 -> 123
124 -> 125
125 -> 125
126 -> 127
127 -> 129
128 -> 129
129 -> 129
130 -> 130
133 -> 133
134 -> 135
135 -> 153
136 -> 136
137 -> 137
138 -> 138
139 -> 140
140 -> 153
142 -> 142
143 -> 143
144 -> 144
145 -> 146
146 -> 146
147 -> 147
148 -> 150
149 -> 150
151 -> 151
152 -> 153
153 -> 157
154 -> 155
156 -> 156
158 -> 158
161 -> 162
162 -> 170
164 -> 164
165 -> 166
166 -> 166
167 -> 167
171 -> 171
172 -> 172
173 -> 173
