28 -> 28
37 -> 38
95 -> 96
114 -> 114
35 -> 35
106 -> 106
120 -> 120
117 -> 119
126 -> 127
67 -> 67
92 -> 92
125 -> 125
20 -> 20
167 -> 167
70 -> 71
52 -> 52
57 -> 57
142 -> 142
173 -> 173
151 -> 151
59 -> 59
146 -> 146
65 -> 65
135 -> 135
108 -> 109
62 -> 62
6 -> 6
0 -> 4
15 -> 15
116 -> 119
107 -> 107
93 -> 94
156 -> 156
14 -> 14
18 -> 18
16 -> 16
76 -> 79
66 -> 66
91 -> 91
171 -> 171
109 -> 127
161 -> 162
94 -> 96
139 -> 140
138 -> 138
158 -> 158
24 -> 26
44 -> 44
140 -> 153
87 -> 87
123 -> 123
128 -> 129
124 -> 125
90 -> 91
72 -> 74
88 -> 88
39 -> 39
21 -> 21
134 -> 135
9 -> 9
103 -> 103
143 -> 143
54 -> 54
71 -> 74
26 -> 38
162 -> 170
154 -> 155
74 -> 79
166 -> 166
34 -> 35
25 -> 26
133 -> 133
33 -> 33
2 -> 4
136 -> 136
145 -> 146
38 -> 50
147 -> 147
98 -> 98
81 -> 81
112 -> 113
68 -> 68
129 -> 153
22 -> 22
119 -> 127
42 -> 42
7 -> 9
