133 -> 133
112 -> 113
171 -> 171
145 -> 146
98 -> 98
108 -> 109
117 -> 119
15 -> 15
148 -> 150
31 -> 31
161 -> 162
139 -> 140
56 -> 56
39 -> 39
88 -> 88
151 -> 151
59 -> 59
113 -> 127
92 -> 92
65 -> 65
165 -> 166
6 -> 6
16 -> 16
44 -> 44
114 -> 114
14 -> 14
118 -> 119
11 -> 11
21 -> 21
10 -> 10
67 -> 67
26 -> 26
93 -> 94
57 -> 57
74 -> 74
52 -> 52
153 -> 153
158 -> 158
80 -> 80
71 -> 71
103 -> 103
136 -> 136
110 -> 110
122 -> 122
37 -> 38
95 -> 96
111 -> 111
116 -> 119
13 -> 13
0 -> 4
156 -> 156
128 -> 129
102 -> 102
81 -> 81
137 -> 137
87 -> 87
28 -> 28
69 -> 69
79 -> 79
127 -> 129
7 -> 9
107 -> 107
101 -> 101
129 -> 153
66 -> 66
135 -> 135
146 -> 153
70 -> 71
3 -> 4
140 -> 153
76 -> 79
20 -> 20
147 -> 147
162 -> 170
1 -> 4
106 -> 106
23 -> 23
61 -> 62
54 -> 54
2 -> 4
149 -> 150
82 -> 82
134 -> 135
152 -> 153
9 -> 18
138 -> 138
144 -> 144
130 -> 130
22 -> 22
18 -> 19
105 -> 106
166 -> 170
172 -> 172
91 -> 91
99 -> 99
42 -> 42
142 -> 142
167 -> 167
72 -> 74
38 -> 50
34 -> 35
125 -> 125
62 -> 74
173 -> 173
164 -> 164
126 -> 127
25 -> 26
123 -> 123
35 -> 38
49 -> 50
12 -> 12
75 -> 75
120 -> 120
90 -> 91
78 -> 79
96 -> 127
124 -> 125
109 -> 127
119 -> 127
143 -> 143
94 -> 96
68 -> 68
33 -> 33
154 -> 155
24 -> 26
