request breakpoint   0 at line 334
                   set at line 339
request breakpoint   1 at line  10
                   set at line  17
request breakpoint   2 at line 186
                   set at line 186
request breakpoint   3 at line 165
                   set at line 165
request breakpoint   4 at line 303
                   set at line 303
request breakpoint   5 at line  67
                   set at line  68
request breakpoint   6 at line 213
                   set at line 213
request breakpoint   7 at line 204
                   set at line 204
request breakpoint   8 at line 279
                   set at line 279
request breakpoint   9 at line  38
                   set at line  38
request breakpoint  10 at line 225
                   set at line 225
request breakpoint  11 at line  22
                   set at line  22
request breakpoint  12 at line 120
                   set at line 120
request breakpoint  13 at line 244
                   set at line 244
request breakpoint  14 at line 307
                   set at line 307
request breakpoint  15 at line 348
                   set at line 348
request breakpoint  16 at line 282
                   set at line 282
request breakpoint  17 at line 315
                   set at line 316
request breakpoint  18 at line   4
                   set at line   4
request breakpoint  19 at line  41
                   set at line  41
request breakpoint  20 at line 200
                   set at line 200
request breakpoint  21 at line  50
                   set at line  51
request breakpoint  22 at line 291
                   set at line 292
request breakpoint  23 at line 137
                   set at line 137
request breakpoint  24 at line   6
                   set at line   6
request breakpoint  25 at line 134
                   set at line 134
request breakpoint  26 at line 130
                   set at line 130
request breakpoint  27 at line  57
                   set at line  57
request breakpoint  28 at line 251
                   set at line 251
request breakpoint  29 at line 276
                   set at line 276
request breakpoint  30 at line  83
                   set at line  83
request breakpoint  31 at line 256
                   set at line 256
request breakpoint  32 at line 218
                   set at line 218
request breakpoint  33 at line 332
                   set at line 332
request breakpoint  34 at line 174
                   set at line 174
request breakpoint  35 at line 131
                   set at line 131
request breakpoint  36 at line 316
                   set at line 324
request breakpoint  36 at line 243
                   set at line 243
request breakpoint  37 at line  80
                   set at line  81
request breakpoint  38 at line 294
                   set at line 295
request breakpoint  39 at line 230
                   set at line 230
request breakpoint  40 at line 287
                   set at line 288
request breakpoint  41 at line   9
                   set at line   9
request breakpoint  42 at line  40
                   set at line  40
request breakpoint  43 at line 183
                   set at line 183
request breakpoint  44 at line 265
                   set at line 265
request breakpoint  45 at line  71
                   set at line  71
request breakpoint  46 at line 212
                   set at line 212
request breakpoint  47 at line 214
                   set at line 214
request breakpoint  48 at line 247
                   set at line 248
request breakpoint  49 at line 145
                   set at line 145
request breakpoint  50 at line 101
                   set at line 101
request breakpoint  51 at line 172
                   set at line 172
request breakpoint  52 at line  85
                   set at line  85
request breakpoint  53 at line 266
                   set at line 266
request breakpoint  54 at line  82
                   set at line  82
request breakpoint  55 at line 228
                   set at line 228
request breakpoint  56 at line 184
                   set at line 184
request breakpoint  57 at line  32
                   set at line  32
request breakpoint  58 at line 194
                   set at line 194
request breakpoint  59 at line 170
                   set at line 172
request breakpoint  59 at line 232
                   set at line 232
request breakpoint  60 at line 167
                   set at line 167
paused at line 324
	because of breakpoints [36]
action: stepIn
paused at line 325
action: stepIn
paused at line 326
action: stepOver
paused at line 327
action: stepOver
paused at line 328
action: resume
paused at line 332
	because of breakpoints [33]
action: stepIn
paused at line 339
action: stepOver
paused at line 340
action: stepOver
paused at line 341
action: resume
paused at line 243
	because of breakpoints [36]
action: stepIn
paused at line 244
action: stepOver
paused at line 245
action: stepIn
paused at line 248
action: stepOut
paused at line 248
	because of breakpoints [48]
action: resume
paused at line 251
	because of breakpoints [28]
action: resume
paused at line 256
	because of breakpoints [31]
action: resume
paused at line 265
	because of breakpoints [44]
action: resume
paused at line 266
	because of breakpoints [53]
action: resume
paused at line 276
	because of breakpoints [29]
action: stepIn
paused at line  76
action: stepIn
paused at line  77
action: stepOver
paused at line  77
action: stepIn
paused at line 276
action: resume
paused at line 279
	because of breakpoints [8]
action: stepOut
paused at line 282
	because of breakpoints [16]
action: stepIn
paused at line  76
action: stepOut
paused at line  77
action: stepOut
paused at line 285
action: stepIn
paused at line 288
action: resume
paused at line 288
	because of breakpoints [40]
action: resume
paused at line  68
	because of breakpoints [5]
action: stepIn
paused at line  55
action: resume
paused at line  57
	because of breakpoints [27]
action: stepOver
paused at line  58
action: stepOver
paused at line  59
action: stepOver
paused at line  60
action: stepOut
paused at line  60
action: resume
paused at line  71
	because of breakpoints [45]
action: stepOver
paused at line  72
action: stepIn
paused at line  73
action: resume
paused at line  68
	because of breakpoints [5]
action: stepOver
paused at line  57
	because of breakpoints [27]
action: resume
paused at line  71
	because of breakpoints [45]
action: stepIn
paused at line  72
action: stepIn
paused at line  73
action: stepOver
paused at line  73
action: resume
paused at line  68
	because of breakpoints [5]
action: stepIn
paused at line  55
action: stepOver
paused at line  56
action: stepOver
paused at line  57
action: stepOver
paused at line  58
action: stepOut
paused at line  60
action: stepIn
paused at line  69
action: stepOut
paused at line  71
	because of breakpoints [45]
action: stepIn
paused at line  72
action: resume
paused at line  68
	because of breakpoints [5]
action: stepIn
paused at line  55
action: stepOver
paused at line  56
action: stepOut
paused at line  57
	because of breakpoints [27]
action: stepOver
paused at line  58
action: stepOver
paused at line  59
action: stepOut
paused at line  60
action: stepOver
paused at line  69
action: stepOut
paused at line  71
	because of breakpoints [45]
action: resume
paused at line  68
	because of breakpoints [5]
action: stepOver
paused at line  57
	because of breakpoints [27]
action: stepIn
paused at line  58
action: resume
paused at line  71
	because of breakpoints [45]
action: stepOut
paused at line  73
action: stepIn
paused at line 289
action: resume
paused at line  68
	because of breakpoints [5]
action: stepOut
paused at line  57
	because of breakpoints [27]
action: resume
paused at line  71
	because of breakpoints [45]
action: stepIn
paused at line  72
action: stepOut
paused at line  73
action: resume
paused at line 292
	because of breakpoints [22]
action: stepIn
paused at line 295
action: resume
paused at line 295
	because of breakpoints [38]
action: resume
paused at line 120
	because of breakpoints [12]
action: stepOver
paused at line 121
action: stepOver
paused at line 122
action: stepOut
paused at line  81
	because of breakpoints [37]
action: stepOver
paused at line  82
action: stepIn
paused at line  83
action: stepOver
paused at line  84
action: resume
paused at line  85
	because of breakpoints [52]
action: resume
paused at line  85
	because of breakpoints [52]
action: stepOut
paused at line  85
	because of breakpoints [52]
action: stepOver
paused at line  86
action: resume
paused at line  85
	because of breakpoints [52]
action: stepIn
paused at line  86
action: stepOut
paused at line  89
action: stepOut
paused at line 126
action: stepOut
paused at line  81
	because of breakpoints [37]
action: stepIn
paused at line  82
action: stepOut
paused at line  82
	because of breakpoints [54]
action: stepIn
paused at line  83
action: stepOver
paused at line  84
action: stepOver
paused at line  85
action: stepOver
paused at line  86
action: resume
paused at line  85
	because of breakpoints [52]
action: stepIn
paused at line  86
action: stepOut
paused at line  85
	because of breakpoints [52]
action: resume
paused at line  85
	because of breakpoints [52]
action: resume
paused at line 303
	because of breakpoints [4]
action: stepOver
paused at line 302
action: stepOver
paused at line 303
action: stepOut
paused at line 303
	because of breakpoints [4]
action: stepOut
paused at line 303
	because of breakpoints [4]
action: stepIn
paused at line  93
action: resume
paused at line 303
	because of breakpoints [4]
action: resume
paused at line 303
	because of breakpoints [4]
action: stepIn
paused at line  93
action: stepOver
paused at line  94
action: stepIn
paused at line  95
action: resume
paused at line 303
	because of breakpoints [4]
action: stepOver
paused at line 302
action: stepOut
paused at line 303
	because of breakpoints [4]
action: stepOut
paused at line 303
	because of breakpoints [4]
action: stepOver
paused at line 302
action: stepIn
paused at line 303
action: stepIn
paused at line  93
action: stepOver
paused at line  94
action: resume
paused at line 172
	because of breakpoints [59]
action: stepOver
paused at line 173
action: stepOut
paused at line 174
	because of breakpoints [34]
action: stepIn
paused at line 175
action: stepOut
paused at line 101
	because of breakpoints [50]
action: stepOut
paused at line 104
action: resume
paused at line 101
	because of breakpoints [50]
action: stepOver
paused at line 102
action: stepOver
paused at line 103
action: stepOver
paused at line 104
action: stepIn
paused at line 104
action: stepOut
paused at line 101
	because of breakpoints [50]
action: stepOver
paused at line 102
action: stepIn
paused at line 103
action: stepOver
paused at line 104
action: resume
paused at line 101
	because of breakpoints [50]
action: stepIn
paused at line 102
action: stepOver
paused at line 103
action: resume
paused at line 101
	because of breakpoints [50]
action: stepOver
paused at line 102
action: stepOver
paused at line 103
action: stepOver
paused at line 104
action: resume
paused at line 101
	because of breakpoints [50]
action: stepOver
paused at line 102
action: stepOver
paused at line 103
action: stepIn
paused at line 104
action: resume
paused at line   4
	because of breakpoints [18]
action: stepOver
paused at line   5
action: stepOver
paused at line   6
action: resume
paused at line   6
	because of breakpoints [24]
action: resume
paused at line   9
	because of breakpoints [41]
action: stepOver
paused at line  17
action: stepIn
paused at line  19
action: stepIn
paused at line  21
action: stepOver
paused at line  30
action: stepOver
paused at line  31
action: stepOver
paused at line  32
action: stepOver
paused at line  33
action: stepOut
paused at line  38
	because of breakpoints [9]
action: stepOver
paused at line  40
action: stepOver
paused at line  41
action: resume
paused at line  41
	because of breakpoints [19]
action: resume
paused at line  41
	because of breakpoints [19]
action: stepOver
paused at line  42
action: resume
paused at line  41
	because of breakpoints [19]
action: stepIn
paused at line  42
action: stepOver
paused at line  43
action: stepOut
paused at line  41
	because of breakpoints [19]
action: stepIn
paused at line  42
action: stepOut
paused at line  41
	because of breakpoints [19]
action: stepOver
paused at line  42
action: stepOver
paused at line  43
action: stepOver
paused at line  48
action: stepOut
paused at line  41
	because of breakpoints [19]
action: stepOut
