request breakpoint   0 at line  86
                   set at line  86
request breakpoint   1 at line   8
                   set at line   8
request breakpoint   2 at line 101
                   set at line 101
request breakpoint   3 at line  75
                   set at line  75
request breakpoint   4 at line 160
                   set at line 161
request breakpoint   5 at line  30
                   set at line  30
request breakpoint   6 at line 117
                   set at line 120
request breakpoint   7 at line 112
                   set at line 112
request breakpoint   8 at line 150
                   set at line 151
request breakpoint   9 at line  19
                   set at line  19
request breakpoint  10 at line 124
                   set at line 124
request breakpoint  11 at line  13
                   set at line  13
request breakpoint  12 at line  56
                   set at line  57
request breakpoint  13 at line 134
                   set at line 134
request breakpoint  14 at line 163
                   set at line 163
request breakpoint  15 at line 171
                   set at line 171
request breakpoint  16 at line 152
                   set at line 152
request breakpoint  17 at line 166
                   set at line 167
request breakpoint  18 at line  92
                   set at line  92
request breakpoint  19 at line  26
                   set at line  26
request breakpoint  20 at line 114
                   set at line 114
request breakpoint  21 at line  80
                   set at line  84
request breakpoint  22 at line 157
                   set at line 157
request breakpoint  23 at line  69
                   set at line  69
request breakpoint  24 at line  14
                   set at line  14
request breakpoint  25 at line   6
                   set at line   6
request breakpoint  26 at line  68
                   set at line  68
request breakpoint  27 at line  37
                   set at line  37
request breakpoint  28 at line 141
                   set at line 141
paused at line  84
	because of breakpoints [21]
action: stepIn
paused at line  85
action: stepIn
paused at line  86
action: stepOver
paused at line  88
action: stepOver
paused at line  95
action: resume
paused at line 157
	because of breakpoints [22]
action: stepIn
paused at line 158
action: stepOver
paused at line 159
action: stepOver
paused at line   6
	because of breakpoints [25]
action: resume
paused at line   8
	because of breakpoints [1]
action: stepIn
paused at line   9
action: stepOver
paused at line   9
action: stepIn
paused at line  61
action: stepOut
paused at line  61
action: resume
paused at line  13
	because of breakpoints [11]
action: resume
paused at line  14
	because of breakpoints [24]
action: resume
paused at line  19
	because of breakpoints [9]
action: resume
paused at line   6
	because of breakpoints [25]
action: resume
paused at line   8
	because of breakpoints [1]
action: stepIn
paused at line   9
action: stepIn
paused at line   9
action: stepOver
paused at line  21
action: stepIn
paused at line  21
action: resume
paused at line  26
	because of breakpoints [19]
action: stepOut
paused at line  30
	because of breakpoints [5]
action: stepIn
paused at line  31
action: stepOut
paused at line   6
	because of breakpoints [25]
action: stepOut
paused at line   8
	because of breakpoints [1]
action: stepIn
paused at line   9
action: resume
paused at line  37
	because of breakpoints [27]
action: resume
paused at line   6
	because of breakpoints [25]
action: stepIn
paused at line   7
action: resume
paused at line   8
	because of breakpoints [1]
action: stepOver
paused at line   9
action: stepOver
paused at line   9
action: stepOver
paused at line  45
action: stepOut
paused at line  45
action: resume
paused at line   6
	because of breakpoints [25]
action: stepOver
paused at line   7
action: stepIn
paused at line   8
action: resume
paused at line   8
	because of breakpoints [1]
action: stepOver
paused at line   9
action: resume
paused at line  57
	because of breakpoints [12]
action: stepIn
paused at line  57
action: stepIn
paused at line 158
action: stepOver
paused at line  68
	because of breakpoints [26]
action: resume
paused at line  69
	because of breakpoints [23]
action: stepIn
paused at line  70
action: stepOver
paused at line  71
action: stepOver
paused at line  72
action: stepOver
paused at line  73
action: stepOut
paused at line  75
	because of breakpoints [3]
action: stepIn
paused at line  70
action: stepOut
paused at line  75
	because of breakpoints [3]
action: stepIn
paused at line  70
action: resume
paused at line  75
	because of breakpoints [3]
action: stepIn
paused at line  70
action: stepOver
paused at line  71
action: stepOut
paused at line  75
	because of breakpoints [3]
action: stepOver
paused at line  70
action: stepOver
paused at line  71
action: stepOut
paused at line  75
	because of breakpoints [3]
action: stepOver
paused at line  70
action: stepOut
paused at line  92
	because of breakpoints [18]
action: resume
paused at line 161
	because of breakpoints [4]
action: stepOver
paused at line 163
action: stepIn
paused at line 130
action: resume
paused at line 134
	because of breakpoints [13]
action: stepOut
paused at line 141
	because of breakpoints [28]
action: stepIn
paused at line 142
action: resume
paused at line 141
	because of breakpoints [28]
action: stepOut
paused at line 141
	because of breakpoints [28]
action: resume
paused at line 141
	because of breakpoints [28]
action: stepIn
paused at line 142
action: stepOut
paused at line 141
	because of breakpoints [28]
action: resume
paused at line 134
	because of breakpoints [13]
action: stepIn
paused at line 136
action: resume
paused at line 141
	because of breakpoints [28]
action: resume
paused at line 141
	because of breakpoints [28]
action: stepOver
paused at line 142
action: stepOver
paused at line 143
action: stepOut
paused at line 141
	because of breakpoints [28]
action: stepOver
paused at line 142
action: stepIn
paused at line 143
action: stepOver
paused at line 144
action: resume
paused at line 141
	because of breakpoints [28]
action: resume
