request breakpoint   0 at line   1
                   set at line   4
request breakpoint   1 at line   6
                   set at line   9
request breakpoint   2 at line  19
                   set at line  19
request breakpoint   3 at line  18
                   set at line  19
paused at line   4
	because of breakpoints [0]
action: stepIn
paused at line  25
action: stepIn
paused at line  19
action: stepOver
paused at line  20
action: stepOver
paused at line  21
action: resume
paused at line   9
	because of breakpoints [1]
action: stepIn
paused at line  10
action: stepOver
paused at line  11
action: stepOver
paused at line  12
action: resume
paused at line   9
	because of breakpoints [1]
action: stepIn
paused at line  10
action: stepOver
paused at line  11
action: stepIn
paused at line  12
action: stepOut
paused at line  15
action: resume
