218 -> 218
195 -> 195
268 -> 268
243 -> 243
182 -> 182
192 -> 192
208 -> 208
90 -> 90
249 -> 249
113 -> 113
261 -> 261
241 -> 241
141 -> 141
140 -> 140
52 -> 52
252 -> 252
164 -> 164
213 -> 213
61 -> 61
170 -> 170
41 -> 41
201 -> 201
167 -> 167
169 -> 169
38 -> 38
244 -> 244
229 -> 229
253 -> 253
183 -> 183
180 -> 180
40 -> 40
217 -> 217
186 -> 186
72 -> 72
210 -> 210
142 -> 142
264 -> 264
105 -> 105
146 -> 146
133 -> 133
99 -> 99
177 -> 177
121 -> 121
116 -> 116
68 -> 68
73 -> 73
107 -> 107
233 -> 233
272 -> 272
136 -> 136
237 -> 237
199 -> 199
46 -> 46
95 -> 95
