82 -> 82
89 -> 89
172 -> 172
195 -> 195
86 -> 86
180 -> 180
205 -> 205
197 -> 197
214 -> 214
115 -> 115
164 -> 164
212 -> 212
113 -> 113
266 -> 266
54 -> 54
93 -> 93
95 -> 95
238 -> 238
272 -> 272
249 -> 249
72 -> 72
243 -> 243
100 -> 100
219 -> 219
177 -> 177
79 -> 79
160 -> 160
41 -> 41
196 -> 196
183 -> 183
168 -> 168
142 -> 142
253 -> 253
56 -> 56
204 -> 204
90 -> 90
108 -> 108
99 -> 99
121 -> 121
268 -> 268
167 -> 167
258 -> 258
133 -> 133
221 -> 221
217 -> 217
96 -> 96
216 -> 216
211 -> 211
68 -> 68
109 -> 109
173 -> 173
193 -> 193
47 -> 47
254 -> 254
87 -> 87
171 -> 171
229 -> 229
126 -> 126
137 -> 137
271 -> 271
148 -> 148
218 -> 218
182 -> 182
140 -> 140
264 -> 264
119 -> 119
146 -> 146
269 -> 269
141 -> 141
43 -> 43
62 -> 62
77 -> 77
166 -> 166
161 -> 161
169 -> 169
250 -> 250
61 -> 61
48 -> 48
64 -> 64
208 -> 208
187 -> 187
192 -> 192
255 -> 255
46 -> 46
222 -> 222
40 -> 40
262 -> 262
136 -> 136
210 -> 210
244 -> 244
199 -> 199
213 -> 213
106 -> 106
38 -> 38
51 -> 51
223 -> 223
170 -> 170
201 -> 201
52 -> 52
105 -> 105
235 -> 235
74 -> 74
81 -> 81
135 -> 135
88 -> 88
226 -> 226
241 -> 241
242 -> 242
107 -> 107
84 -> 84
261 -> 261
116 -> 116
185 -> 185
228 -> 228
153 -> 153
186 -> 186
69 -> 69
240 -> 240
259 -> 259
73 -> 73
252 -> 252
110 -> 110
237 -> 237
233 -> 233
143 -> 143
85 -> 85
245 -> 245
114 -> 114
