38 -> 38
164 -> 164
146 -> 146
252 -> 252
68 -> 68
183 -> 183
177 -> 177
272 -> 272
73 -> 73
195 -> 195
105 -> 105
210 -> 210
253 -> 253
268 -> 268
237 -> 237
261 -> 261
167 -> 167
241 -> 241
113 -> 113
107 -> 107
233 -> 233
72 -> 72
213 -> 213
180 -> 180
186 -> 186
140 -> 140
99 -> 99
208 -> 208
52 -> 52
192 -> 192
142 -> 142
218 -> 218
40 -> 40
169 -> 169
170 -> 170
201 -> 201
133 -> 133
46 -> 46
217 -> 217
41 -> 41
182 -> 182
136 -> 136
199 -> 199
121 -> 121
116 -> 116
249 -> 249
141 -> 141
229 -> 229
95 -> 95
264 -> 264
90 -> 90
61 -> 61
243 -> 243
244 -> 244
