38 -> 38
164 -> 164
146 -> 146
252 -> 252
68 -> 68
183 -> 183
177 -> 177
272 -> 272
73 -> 73
195 -> 195
105 -> 105
210 -> 210
253 -> 253
268 -> 268
237 -> 237
261 -> 261
167 -> 167
241 -> 241
113 -> 113
107 -> 107
233 -> 233
72 -> 72
213 -> 213
180 -> 180
186 -> 186
140 -> 140
99 -> 99
208 -> 208
52 -> 52
192 -> 192
142 -> 142
218 -> 218
40 -> 40
169 -> 169
170 -> 170
201 -> 201
133 -> 133
46 -> 46
217 -> 217
41 -> 41
182 -> 182
136 -> 136
199 -> 199
121 -> 121
116 -> 116
249 -> 249
141 -> 141
229 -> 229
95 -> 95
264 -> 264
90 -> 90
61 -> 61
243 -> 243
244 -> 244
226 -> 226
153 -> 153
196 -> 196
219 -> 219
85 -> 85
56 -> 56
193 -> 193
161 -> 161
222 -> 222
106 -> 106
271 -> 271
223 -> 223
84 -> 84
64 -> 64
148 -> 148
258 -> 258
96 -> 96
119 -> 119
160 -> 160
137 -> 137
173 -> 173
168 -> 168
166 -> 166
143 -> 143
240 -> 240
204 -> 204
187 -> 187
89 -> 89
235 -> 235
126 -> 126
214 -> 214
54 -> 54
212 -> 212
109 -> 109
62 -> 62
79 -> 79
43 -> 43
51 -> 51
245 -> 245
100 -> 100
74 -> 74
88 -> 88
171 -> 171
81 -> 81
48 -> 48
238 -> 238
205 -> 205
110 -> 110
254 -> 254
77 -> 77
93 -> 93
86 -> 86
250 -> 250
221 -> 221
108 -> 108
82 -> 82
242 -> 242
211 -> 211
47 -> 47
135 -> 135
262 -> 262
255 -> 255
269 -> 269
69 -> 69
266 -> 266
115 -> 115
259 -> 259
114 -> 114
185 -> 185
216 -> 216
197 -> 197
87 -> 87
172 -> 172
228 -> 228
