221 -> 221
193 -> 193
269 -> 269
242 -> 242
171 -> 171
186 -> 186
201 -> 201
62 -> 62
244 -> 244
84 -> 84
258 -> 258
233 -> 233
105 -> 105
93 -> 93
160 -> 160
250 -> 250
108 -> 108
196 -> 196
164 -> 164
113 -> 113
264 -> 264
46 -> 46
64 -> 64
96 -> 96
197 -> 197
61 -> 61
204 -> 204
245 -> 245
72 -> 72
51 -> 51
114 -> 114
170 -> 170
166 -> 166
107 -> 107
135 -> 135
106 -> 106
252 -> 252
255 -> 255
141 -> 141
121 -> 121
177 -> 177
226 -> 226
187 -> 187
208 -> 208
52 -> 52
168 -> 168
192 -> 192
85 -> 85
56 -> 56
38 -> 38
99 -> 99
217 -> 217
173 -> 173
142 -> 142
228 -> 228
146 -> 146
90 -> 90
116 -> 116
140 -> 140
216 -> 216
185 -> 185
183 -> 183
172 -> 172
218 -> 218
77 -> 77
222 -> 222
43 -> 43
137 -> 137
241 -> 241
235 -> 235
254 -> 254
69 -> 69
243 -> 243
261 -> 261
109 -> 109
249 -> 249
74 -> 74
119 -> 119
259 -> 259
41 -> 41
88 -> 88
143 -> 143
100 -> 100
180 -> 180
126 -> 126
89 -> 89
238 -> 238
81 -> 81
40 -> 40
148 -> 148
110 -> 110
266 -> 266
271 -> 271
213 -> 213
54 -> 54
73 -> 73
153 -> 153
268 -> 268
212 -> 212
136 -> 136
205 -> 205
133 -> 133
211 -> 211
272 -> 272
262 -> 262
95 -> 95
237 -> 237
82 -> 82
219 -> 219
86 -> 86
182 -> 182
240 -> 240
48 -> 48
229 -> 229
79 -> 79
214 -> 214
87 -> 87
47 -> 47
167 -> 167
68 -> 68
195 -> 195
210 -> 210
253 -> 253
199 -> 199
169 -> 169
161 -> 161
223 -> 223
115 -> 115
