126 -> 126
192 -> 192
93 -> 93
114 -> 114
115 -> 115
48 -> 48
84 -> 84
113 -> 113
268 -> 268
238 -> 238
173 -> 173
56 -> 56
81 -> 81
201 -> 201
52 -> 52
249 -> 249
90 -> 90
219 -> 219
119 -> 119
193 -> 193
41 -> 41
171 -> 171
186 -> 186
199 -> 199
241 -> 241
183 -> 183
135 -> 135
228 -> 228
87 -> 87
253 -> 253
38 -> 38
148 -> 148
106 -> 106
51 -> 51
146 -> 146
73 -> 73
88 -> 88
242 -> 242
79 -> 79
182 -> 182
214 -> 214
216 -> 216
187 -> 187
167 -> 167
226 -> 226
271 -> 271
266 -> 266
245 -> 245
62 -> 62
217 -> 217
237 -> 237
264 -> 264
47 -> 47
99 -> 99
143 -> 143
205 -> 205
74 -> 74
252 -> 252
160 -> 160
77 -> 77
213 -> 213
244 -> 244
64 -> 64
229 -> 229
68 -> 68
40 -> 40
218 -> 218
89 -> 89
82 -> 82
211 -> 211
72 -> 72
54 -> 54
196 -> 196
85 -> 85
100 -> 100
161 -> 161
164 -> 164
121 -> 121
136 -> 136
43 -> 43
172 -> 172
272 -> 272
210 -> 210
96 -> 96
142 -> 142
222 -> 222
110 -> 110
141 -> 141
137 -> 137
258 -> 258
259 -> 259
109 -> 109
46 -> 46
86 -> 86
140 -> 140
61 -> 61
177 -> 177
107 -> 107
255 -> 255
240 -> 240
195 -> 195
197 -> 197
212 -> 212
250 -> 250
204 -> 204
208 -> 208
133 -> 133
169 -> 169
69 -> 69
233 -> 233
254 -> 254
170 -> 170
243 -> 243
105 -> 105
108 -> 108
185 -> 185
153 -> 153
269 -> 269
261 -> 261
221 -> 221
262 -> 262
116 -> 116
235 -> 235
180 -> 180
166 -> 166
223 -> 223
95 -> 95
168 -> 168
