38 -> 38
40 -> 40
41 -> 41
46 -> 46
52 -> 52
61 -> 61
68 -> 68
72 -> 72
73 -> 73
90 -> 90
95 -> 95
99 -> 99
105 -> 105
107 -> 107
113 -> 113
116 -> 116
121 -> 121
133 -> 133
136 -> 136
140 -> 140
141 -> 141
142 -> 142
146 -> 146
164 -> 164
167 -> 167
169 -> 169
170 -> 170
177 -> 177
180 -> 180
182 -> 182
183 -> 183
186 -> 186
192 -> 192
195 -> 195
199 -> 199
201 -> 201
208 -> 208
210 -> 210
213 -> 213
217 -> 217
218 -> 218
229 -> 229
233 -> 233
237 -> 237
241 -> 241
243 -> 243
244 -> 244
249 -> 249
252 -> 252
253 -> 253
261 -> 261
264 -> 264
268 -> 268
272 -> 272
