Breakpoint 0 Set at 160:1
Breakpoint 1 Set at 40:5
Breakpoint 2 Set at 267:5
Breakpoint 3 Set at 239:9
Breakpoint 4 Set at 414:9
Breakpoint 5 Set at 113:14
Breakpoint 6 Set at 303:1
Breakpoint 7 Set at 290:1
Breakpoint 8 Set at 390:16
Breakpoint 9 Set at 76:5
Breakpoint 10 Set at 319:15
Breakpoint 11 Set at 53:5
Breakpoint 12 Set at 177:9
Breakpoint 13 Set at 345:5
Breakpoint 14 Set at 438:5
Breakpoint 15 Set at 441:1
Breakpoint 16 Set at 438:5
Breakpoint 17 Set at 160:1
Breakpoint 18 Set at 73:1
Breakpoint 19 Set at 283:1
Breakpoint 20 Set at 85:1
Breakpoint 21 Set at 399:19
Breakpoint 22 Set at 196:9
Breakpoint 23 Set at 27:5
Breakpoint 24 Set at 192:38
Breakpoint 25 Set at 186:1
Breakpoint 26 Set at 92:1
Breakpoint 27 Set at 351:5
Breakpoint 28 Set at 383:5
Breakpoint 29 Set at 160:1
Breakpoint 30 Set at 357:23
Breakpoint 31 Set at 306:15
Breakpoint 32 Set at 316:26
Breakpoint 33 Set at 244:1
Breakpoint 34 Set at 184:5
Breakpoint 35 Set at 438:5
Breakpoint 36 Set at 341:5
Breakpoint 37 Set at 116:9
Breakpoint 38 Set at 402:5
Breakpoint 39 Set at 321:15
Breakpoint 40 Set at 394:22
Breakpoint 41 Set at 160:1
Breakpoint 42 Set at 62:5
Breakpoint 43 Set at 255:5
Paused at 160:1
	Hit Breakpoint(s) 0, 17, 29, 41
	Call Stack:  
	Bindings: 
Paused at 244:1
	Hit Breakpoint(s) 33
	Call Stack:  
	Bindings: 
Paused at 283:1
	Hit Breakpoint(s) 19
	Call Stack:  
	Bindings: 
Paused at 305:1
	Call Stack:  
	Bindings: 
Paused at 441:1
	Hit Breakpoint(s) 15
	Call Stack:  
	Bindings: 
Paused at 316:26
	Hit Breakpoint(s) 32
	Call Stack: raytraceScene 
	Bindings: _camera: undefined
		_scene: undefined
		bbl: undefined
		bbr: undefined
		bfl: undefined
		bfr: undefined
		fbl: undefined
		fbr: undefined
		ffl: undefined
		ffr: undefined
		floorShader: undefined
		green: undefined
		grey: undefined
		i: undefined
		numTriangles: undefined
		pixels: undefined
		size: undefined
		startDate: number = 1496934024388
		tbl: undefined
		tbr: undefined
		tfl: undefined
		tfr: undefined
		triangles: undefined
		x: undefined
		y: undefined
Paused at 27:5
	Hit Breakpoint(s) 23
	Call Stack: createVector, raytraceScene 
	Bindings: x: number = -10
		y: number = 10
		z: number = -10
Paused at 28:1
	Call Stack: createVector, raytraceScene 
	Bindings: x: number = -10
		y: number = 10
		z: number = -10
Paused at 319:15
	Hit Breakpoint(s) 10
	Call Stack: raytraceScene 
	Bindings: _camera: undefined
		_scene: undefined
		bbl: undefined
		bbr: undefined
		bfl: undefined
		bfr: undefined
		fbl: undefined
		fbr: undefined
		ffl: undefined
		ffr: undefined
		floorShader: undefined
		green: undefined
		grey: undefined
		i: undefined
		numTriangles: number = 12
		pixels: undefined
		size: undefined
		startDate: number = 1496934024388
		tbl: undefined
		tbr: undefined
		tfl: array
		tfr: undefined
		triangles: array
		x: undefined
		y: undefined
Paused at 27:5
	Hit Breakpoint(s) 23
	Call Stack: createVector, raytraceScene 
	Bindings: x: number = 10
		y: number = 10
		z: number = -10
Paused at 27:5
	Hit Breakpoint(s) 23
	Call Stack: createVector, raytraceScene 
	Bindings: x: number = -10
		y: number = 10
		z: number = 10
Paused at 28:1
	Call Stack: createVector, raytraceScene 
	Bindings: x: number = -10
		y: number = 10
		z: number = 10
Paused at 321:15
	Hit Breakpoint(s) 39
	Call Stack: raytraceScene 
	Bindings: _camera: undefined
		_scene: undefined
		bbl: undefined
		bbr: undefined
		bfl: undefined
		bfr: undefined
		fbl: undefined
		fbr: undefined
		ffl: undefined
		ffr: undefined
		floorShader: undefined
		green: undefined
		grey: undefined
		i: undefined
		numTriangles: number = 12
		pixels: undefined
		size: undefined
		startDate: number = 1496934024388
		tbl: array
		tbr: undefined
		tfl: array
		tfr: array
		triangles: array
		x: undefined
		y: undefined
Paused at 27:5
	Hit Breakpoint(s) 23
	Call Stack: createVector, raytraceScene 
	Bindings: x: number = 10
		y: number = 10
		z: number = 10
Paused at 322:15
	Call Stack: raytraceScene 
	Bindings: _camera: undefined
		_scene: undefined
		bbl: undefined
		bbr: undefined
		bfl: undefined
		bfr: undefined
		fbl: undefined
		fbr: undefined
		ffl: undefined
		ffr: undefined
		floorShader: undefined
		green: undefined
		grey: undefined
		i: undefined
		numTriangles: number = 12
		pixels: undefined
		size: undefined
		startDate: number = 1496934024388
		tbl: array
		tbr: array
		tfl: array
		tfr: array
		triangles: array
		x: undefined
		y: undefined
Paused at 27:5
	Hit Breakpoint(s) 23
	Call Stack: createVector, raytraceScene 
	Bindings: x: number = -10
		y: number = -10
		z: number = -10
Paused at 323:15
	Call Stack: raytraceScene 
	Bindings: _camera: undefined
		_scene: undefined
		bbl: undefined
		bbr: undefined
		bfl: array
		bfr: undefined
		fbl: undefined
		fbr: undefined
		ffl: undefined
		ffr: undefined
		floorShader: undefined
		green: undefined
		grey: undefined
		i: undefined
		numTriangles: number = 12
		pixels: undefined
		size: undefined
		startDate: number = 1496934024388
		tbl: array
		tbr: array
		tfl: array
		tfr: array
		triangles: array
		x: undefined
		y: undefined
Paused at 27:5
	Hit Breakpoint(s) 23
	Call Stack: createVector, raytraceScene 
	Bindings: x: number = 10
		y: number = -10
		z: number = -10
Paused at 324:15
	Call Stack: raytraceScene 
	Bindings: _camera: undefined
		_scene: undefined
		bbl: undefined
		bbr: undefined
		bfl: array
		bfr: array
		fbl: undefined
		fbr: undefined
		ffl: undefined
		ffr: undefined
		floorShader: undefined
		green: undefined
		grey: undefined
		i: undefined
		numTriangles: number = 12
		pixels: undefined
		size: undefined
		startDate: number = 1496934024388
		tbl: array
		tbr: array
		tfl: array
		tfr: array
		triangles: array
		x: undefined
		y: undefined
Paused at 27:5
	Hit Breakpoint(s) 23
	Call Stack: createVector, raytraceScene 
	Bindings: x: number = -10
		y: number = -10
		z: number = 10
Paused at 27:5
	Hit Breakpoint(s) 23
	Call Stack: createVector, raytraceScene 
	Bindings: x: number = 10
		y: number = -10
		z: number = 10
Paused at 28:1
	Call Stack: createVector, raytraceScene 
	Bindings: x: number = 10
		y: number = -10
		z: number = 10
Paused at 73:1
	Hit Breakpoint(s) 18
	Call Stack: sub, Triangle, raytraceScene 
	Bindings: v1: array
		v2: array
Paused at 127:17
	Call Stack: Triangle, raytraceScene 
	Bindings: det: undefined
		edge1: array
		edge2: undefined
		normal: undefined
		p1: array
		p2: array
		p3: array
		u: undefined
		u1: undefined
		u2: undefined
		v: undefined
		v1: undefined
		v2: undefined
Paused at 72:5
	Call Stack: sub, Triangle, raytraceScene 
	Bindings: v1: array
		v2: array
Paused at 73:1
	Hit Breakpoint(s) 18
	Call Stack: sub, Triangle, raytraceScene 
	Bindings: v1: array
		v2: array
Paused at 128:18
	Call Stack: Triangle, raytraceScene 
	Bindings: det: undefined
		edge1: array
		edge2: array
		normal: undefined
		p1: array
		p2: array
		p3: array
		u: undefined
		u1: undefined
		u2: undefined
		v: undefined
		v1: undefined
		v2: undefined
Paused at 88:5
	Call Stack: cross, Triangle, raytraceScene 
	Bindings: v1: array
		v2: array
Paused at 92:1
	Hit Breakpoint(s) 26
	Call Stack: cross, Triangle, raytraceScene 
	Bindings: v1: array
		v2: array
Paused at 129:5
	Call Stack: Triangle, raytraceScene 
	Bindings: det: undefined
		edge1: array
		edge2: array
		normal: array
		p1: array
		p2: array
		p3: array
		u: undefined
		u1: undefined
		u2: undefined
		v: undefined
		v1: undefined
		v2: undefined
Paused at 332:5
	Call Stack: raytraceScene 
	Bindings: _camera: undefined
		_scene: undefined
		bbl: array
		bbr: array
		bfl: array
		bfr: array
		fbl: undefined
		fbr: undefined
		ffl: undefined
		ffr: undefined
		floorShader: undefined
		green: undefined
		grey: undefined
		i: number = 1
		numTriangles: number = 12
		pixels: undefined
		size: undefined
		startDate: number = 1496934024388
		tbl: array
		tbr: array
		tfl: array
		tfr: array
		triangles: array
		x: undefined
		y: undefined
Paused at 73:1
	Hit Breakpoint(s) 18
	Call Stack: sub, Triangle, raytraceScene 
	Bindings: v1: array
		v2: array
Paused at 127:17
	Call Stack: Triangle, raytraceScene 
	Bindings: det: undefined
		edge1: array
		edge2: undefined
		normal: undefined
		p1: array
		p2: array
		p3: array
		u: undefined
		u1: undefined
		u2: undefined
		v: undefined
		v1: undefined
		v2: undefined
Paused at 73:1
	Hit Breakpoint(s) 18
	Call Stack: sub, Triangle, raytraceScene 
	Bindings: v1: array
		v2: array
Paused at 128:18
	Call Stack: Triangle, raytraceScene 
	Bindings: det: undefined
		edge1: array
		edge2: array
		normal: undefined
		p1: array
		p2: array
		p3: array
		u: undefined
		u1: undefined
		u2: undefined
		v: undefined
		v1: undefined
		v2: undefined
Paused at 92:1
	Hit Breakpoint(s) 26
	Call Stack: cross, Triangle, raytraceScene 
	Bindings: v1: array
		v2: array
Paused at 129:5
	Call Stack: Triangle, raytraceScene 
	Bindings: det: undefined
		edge1: array
		edge2: array
		normal: array
		p1: array
		p2: array
		p3: array
		u: undefined
		u1: undefined
		u2: undefined
		v: undefined
		v1: undefined
		v2: undefined
Paused at 334:5
	Call Stack: raytraceScene 
	Bindings: _camera: undefined
		_scene: undefined
		bbl: array
		bbr: array
		bfl: array
		bfr: array
		fbl: undefined
		fbr: undefined
		ffl: undefined
		ffr: undefined
		floorShader: undefined
		green: undefined
		grey: undefined
		i: number = 2
		numTriangles: number = 12
		pixels: undefined
		size: undefined
		startDate: number = 1496934024388
		tbl: array
		tbr: array
		tfl: array
		tfr: array
		triangles: array
		x: undefined
		y: undefined
Paused at 73:1
	Hit Breakpoint(s) 18
	Call Stack: sub, Triangle, raytraceScene 
	Bindings: v1: array
		v2: array
Paused at 73:1
	Hit Breakpoint(s) 18
	Call Stack: sub, Triangle, raytraceScene 
	Bindings: v1: array
		v2: array
Paused at 128:18
	Call Stack: Triangle, raytraceScene 
	Bindings: det: undefined
		edge1: array
		edge2: array
		normal: undefined
		p1: array
		p2: array
		p3: array
		u: undefined
		u1: undefined
		u2: undefined
		v: undefined
		v1: undefined
		v2: undefined
Paused at 92:1
	Hit Breakpoint(s) 26
	Call Stack: cross, Triangle, raytraceScene 
	Bindings: v1: array
		v2: array
Paused at 129:5
	Call Stack: Triangle, raytraceScene 
	Bindings: det: undefined
		edge1: array
		edge2: array
		normal: array
		p1: array
		p2: array
		p3: array
		u: undefined
		u1: undefined
		u2: undefined
		v: undefined
		v1: undefined
		v2: undefined
Paused at 73:1
	Hit Breakpoint(s) 18
	Call Stack: sub, Triangle, raytraceScene 
	Bindings: v1: array
		v2: array
Paused at 73:1
	Hit Breakpoint(s) 18
	Call Stack: sub, Triangle, raytraceScene 
	Bindings: v1: array
		v2: array
Paused at 128:18
	Call Stack: Triangle, raytraceScene 
	Bindings: det: undefined
		edge1: array
		edge2: array
		normal: undefined
		p1: array
		p2: array
		p3: array
		u: undefined
		u1: undefined
		u2: undefined
		v: undefined
		v1: undefined
		v2: undefined
Paused at 92:1
	Hit Breakpoint(s) 26
	Call Stack: cross, Triangle, raytraceScene 
	Bindings: v1: array
		v2: array
Paused at 73:1
	Hit Breakpoint(s) 18
	Call Stack: sub, Triangle, raytraceScene 
	Bindings: v1: array
		v2: array
Paused at 127:17
	Call Stack: Triangle, raytraceScene 
	Bindings: det: undefined
		edge1: array
		edge2: undefined
		normal: undefined
		p1: array
		p2: array
		p3: array
		u: undefined
		u1: undefined
		u2: undefined
		v: undefined
		v1: undefined
		v2: undefined
Paused at 73:1
	Hit Breakpoint(s) 18
	Call Stack: sub, Triangle, raytraceScene 
	Bindings: v1: array
		v2: array
Paused at 128:18
	Call Stack: Triangle, raytraceScene 
	Bindings: det: undefined
		edge1: array
		edge2: array
		normal: undefined
		p1: array
		p2: array
		p3: array
		u: undefined
		u1: undefined
		u2: undefined
		v: undefined
		v1: undefined
		v2: undefined
Paused at 88:5
	Call Stack: cross, Triangle, raytraceScene 
	Bindings: v1: array
		v2: array
Paused at 92:1
	Hit Breakpoint(s) 26
	Call Stack: cross, Triangle, raytraceScene 
	Bindings: v1: array
		v2: array
Paused at 129:5
	Call Stack: Triangle, raytraceScene 
	Bindings: det: undefined
		edge1: array
		edge2: array
		normal: array
		p1: array
		p2: array
		p3: array
		u: undefined
		u1: undefined
		u2: undefined
		v: undefined
		v1: undefined
		v2: undefined
Paused at 341:5
	Hit Breakpoint(s) 36
	Call Stack: raytraceScene 
	Bindings: _camera: undefined
		_scene: undefined
		bbl: array
		bbr: array
		bfl: array
		bfr: array
		fbl: undefined
		fbr: undefined
		ffl: undefined
		ffr: undefined
		floorShader: undefined
		green: undefined
		grey: undefined
		i: number = 5
		numTriangles: number = 12
		pixels: undefined
		size: undefined
		startDate: number = 1496934024388
		tbl: array
		tbr: array
		tfl: array
		tfr: array
		triangles: array
		x: undefined
		y: undefined
Paused at 73:1
	Hit Breakpoint(s) 18
	Call Stack: sub, Triangle, raytraceScene 
	Bindings: v1: array
		v2: array
Paused at 73:1
	Hit Breakpoint(s) 18
	Call Stack: sub, Triangle, raytraceScene 
	Bindings: v1: array
		v2: array
Paused at 128:18
	Call Stack: Triangle, raytraceScene 
	Bindings: det: undefined
		edge1: array
		edge2: array
		normal: undefined
		p1: array
		p2: array
		p3: array
		u: undefined
		u1: undefined
		u2: undefined
		v: undefined
		v1: undefined
		v2: undefined
Paused at 88:5
	Call Stack: cross, Triangle, raytraceScene 
	Bindings: v1: array
		v2: array
Paused at 92:1
	Hit Breakpoint(s) 26
	Call Stack: cross, Triangle, raytraceScene 
	Bindings: v1: array
		v2: array
Paused at 129:5
	Call Stack: Triangle, raytraceScene 
	Bindings: det: undefined
		edge1: array
		edge2: array
		normal: array
		p1: array
		p2: array
		p3: array
		u: undefined
		u1: undefined
		u2: undefined
		v: undefined
		v1: undefined
		v2: undefined
Paused at 130:9
	Call Stack: Triangle, raytraceScene 
	Bindings: det: undefined
		edge1: array
		edge2: array
		normal: array
		p1: array
		p2: array
		p3: array
		u: undefined
		u1: undefined
		u2: undefined
		v: undefined
		v1: undefined
		v2: undefined
Paused at 131:13
	Call Stack: Triangle, raytraceScene 
	Bindings: det: undefined
		edge1: array
		edge2: array
		normal: array
		p1: array
		p2: array
		p3: array
		u: undefined
		u1: undefined
		u2: undefined
		v: undefined
		v1: undefined
		v2: undefined
Paused at 139:29
	Call Stack: Triangle, raytraceScene 
	Bindings: det: undefined
		edge1: array
		edge2: array
		normal: array
		p1: array
		p2: array
		p3: array
		u: undefined
		u1: undefined
		u2: undefined
		v: undefined
		v1: undefined
		v2: undefined
Paused at 344:5
	Call Stack: raytraceScene 
	Bindings: _camera: undefined
		_scene: undefined
		bbl: array
		bbr: array
		bfl: array
		bfr: array
		fbl: undefined
		fbr: undefined
		ffl: undefined
		ffr: undefined
		floorShader: undefined
		green: undefined
		grey: undefined
		i: number = 6
		numTriangles: number = 12
		pixels: undefined
		size: undefined
		startDate: number = 1496934024388
		tbl: array
		tbr: array
		tfl: array
		tfr: array
		triangles: array
		x: undefined
		y: undefined
Paused at 73:1
	Hit Breakpoint(s) 18
	Call Stack: sub, Triangle, raytraceScene 
	Bindings: v1: array
		v2: array
Paused at 73:1
	Hit Breakpoint(s) 18
	Call Stack: sub, Triangle, raytraceScene 
	Bindings: v1: array
		v2: array
Paused at 128:18
	Call Stack: Triangle, raytraceScene 
	Bindings: det: undefined
		edge1: array
		edge2: array
		normal: undefined
		p1: array
		p2: array
		p3: array
		u: undefined
		u1: undefined
		u2: undefined
		v: undefined
		v1: undefined
		v2: undefined
Paused at 88:5
	Call Stack: cross, Triangle, raytraceScene 
	Bindings: v1: array
		v2: array
Paused at 92:1
	Hit Breakpoint(s) 26
	Call Stack: cross, Triangle, raytraceScene 
	Bindings: v1: array
		v2: array
Paused at 129:5
	Call Stack: Triangle, raytraceScene 
	Bindings: det: undefined
		edge1: array
		edge2: array
		normal: array
		p1: array
		p2: array
		p3: array
		u: undefined
		u1: undefined
		u2: undefined
		v: undefined
		v1: undefined
		v2: undefined
Paused at 130:9
	Call Stack: Triangle, raytraceScene 
	Bindings: det: undefined
		edge1: array
		edge2: array
		normal: array
		p1: array
		p2: array
		p3: array
		u: undefined
		u1: undefined
		u2: undefined
		v: undefined
		v1: undefined
		v2: undefined
Paused at 345:5
	Hit Breakpoint(s) 13
	Call Stack: raytraceScene 
	Bindings: _camera: undefined
		_scene: undefined
		bbl: array
		bbr: array
		bfl: array
		bfr: array
		fbl: undefined
		fbr: undefined
		ffl: undefined
		ffr: undefined
		floorShader: undefined
		green: undefined
		grey: undefined
		i: number = 7
		numTriangles: number = 12
		pixels: undefined
		size: undefined
		startDate: number = 1496934024388
		tbl: array
		tbr: array
		tfl: array
		tfr: array
		triangles: array
		x: undefined
		y: undefined
Paused at 73:1
	Hit Breakpoint(s) 18
	Call Stack: sub, Triangle, raytraceScene 
	Bindings: v1: array
		v2: array
Paused at 127:17
	Call Stack: Triangle, raytraceScene 
	Bindings: det: undefined
		edge1: array
		edge2: undefined
		normal: undefined
		p1: array
		p2: array
		p3: array
		u: undefined
		u1: undefined
		u2: undefined
		v: undefined
		v1: undefined
		v2: undefined
Paused at 73:1
	Hit Breakpoint(s) 18
	Call Stack: sub, Triangle, raytraceScene 
	Bindings: v1: array
		v2: array
Paused at 92:1
	Hit Breakpoint(s) 26
	Call Stack: cross, Triangle, raytraceScene 
	Bindings: v1: array
		v2: array
Paused at 129:5
	Call Stack: Triangle, raytraceScene 
	Bindings: det: undefined
		edge1: array
		edge2: array
		normal: array
		p1: array
		p2: array
		p3: array
		u: undefined
		u1: undefined
		u2: undefined
		v: undefined
		v1: undefined
		v2: undefined
Paused at 347:5
	Call Stack: raytraceScene 
	Bindings: _camera: undefined
		_scene: undefined
		bbl: array
		bbr: array
		bfl: array
		bfr: array
		fbl: undefined
		fbr: undefined
		ffl: undefined
		ffr: undefined
		floorShader: undefined
		green: undefined
		grey: undefined
		i: number = 8
		numTriangles: number = 12
		pixels: undefined
		size: undefined
		startDate: number = 1496934024388
		tbl: array
		tbr: array
		tfl: array
		tfr: array
		triangles: array
		x: undefined
		y: undefined
Paused at 73:1
	Hit Breakpoint(s) 18
	Call Stack: sub, Triangle, raytraceScene 
	Bindings: v1: array
		v2: array
Paused at 127:17
	Call Stack: Triangle, raytraceScene 
	Bindings: det: undefined
		edge1: array
		edge2: undefined
		normal: undefined
		p1: array
		p2: array
		p3: array
		u: undefined
		u1: undefined
		u2: undefined
		v: undefined
		v1: undefined
		v2: undefined
Paused at 72:5
	Call Stack: sub, Triangle, raytraceScene 
	Bindings: v1: array
		v2: array
Paused at 73:1
	Hit Breakpoint(s) 18
	Call Stack: sub, Triangle, raytraceScene 
	Bindings: v1: array
		v2: array
Paused at 92:1
	Hit Breakpoint(s) 26
	Call Stack: cross, Triangle, raytraceScene 
	Bindings: v1: array
		v2: array
Paused at 129:5
	Call Stack: Triangle, raytraceScene 
	Bindings: det: undefined
		edge1: array
		edge2: array
		normal: array
		p1: array
		p2: array
		p3: array
		u: undefined
		u1: undefined
		u2: undefined
		v: undefined
		v1: undefined
		v2: undefined
Paused at 348:5
	Call Stack: raytraceScene 
	Bindings: _camera: undefined
		_scene: undefined
		bbl: array
		bbr: array
		bfl: array
		bfr: array
		fbl: undefined
		fbr: undefined
		ffl: undefined
		ffr: undefined
		floorShader: undefined
		green: undefined
		grey: undefined
		i: number = 9
		numTriangles: number = 12
		pixels: undefined
		size: undefined
		startDate: number = 1496934024388
		tbl: array
		tbr: array
		tfl: array
		tfr: array
		triangles: array
		x: undefined
		y: undefined
Paused at 73:1
	Hit Breakpoint(s) 18
	Call Stack: sub, Triangle, raytraceScene 
	Bindings: v1: array
		v2: array
Paused at 127:17
	Call Stack: Triangle, raytraceScene 
	Bindings: det: undefined
		edge1: array
		edge2: undefined
		normal: undefined
		p1: array
		p2: array
		p3: array
		u: undefined
		u1: undefined
		u2: undefined
		v: undefined
		v1: undefined
		v2: undefined
Paused at 73:1
	Hit Breakpoint(s) 18
	Call Stack: sub, Triangle, raytraceScene 
	Bindings: v1: array
		v2: array
Paused at 128:18
	Call Stack: Triangle, raytraceScene 
	Bindings: det: undefined
		edge1: array
		edge2: array
		normal: undefined
		p1: array
		p2: array
		p3: array
		u: undefined
		u1: undefined
		u2: undefined
		v: undefined
		v1: undefined
		v2: undefined
Paused at 92:1
	Hit Breakpoint(s) 26
	Call Stack: cross, Triangle, raytraceScene 
	Bindings: v1: array
		v2: array
Paused at 129:5
	Call Stack: Triangle, raytraceScene 
	Bindings: det: undefined
		edge1: array
		edge2: array
		normal: array
		p1: array
		p2: array
		p3: array
		u: undefined
		u1: undefined
		u2: undefined
		v: undefined
		v1: undefined
		v2: undefined
Paused at 135:9
	Call Stack: Triangle, raytraceScene 
	Bindings: det: undefined
		edge1: array
		edge2: array
		normal: array
		p1: array
		p2: array
		p3: array
		u: undefined
		u1: undefined
		u2: undefined
		v: undefined
		v1: undefined
		v2: undefined
Paused at 136:13
	Call Stack: Triangle, raytraceScene 
	Bindings: det: undefined
		edge1: array
		edge2: array
		normal: array
		p1: array
		p2: array
		p3: array
		u: undefined
		u1: undefined
		u2: undefined
		v: undefined
		v1: undefined
		v2: undefined
Paused at 73:1
	Hit Breakpoint(s) 18
	Call Stack: sub, Triangle, raytraceScene 
	Bindings: v1: array
		v2: array
Paused at 127:17
	Call Stack: Triangle, raytraceScene 
	Bindings: det: undefined
		edge1: array
		edge2: undefined
		normal: undefined
		p1: array
		p2: array
		p3: array
		u: undefined
		u1: undefined
		u2: undefined
		v: undefined
		v1: undefined
		v2: undefined
Paused at 73:1
	Hit Breakpoint(s) 18
	Call Stack: sub, Triangle, raytraceScene 
	Bindings: v1: array
		v2: array
Paused at 128:18
	Call Stack: Triangle, raytraceScene 
	Bindings: det: undefined
		edge1: array
		edge2: array
		normal: undefined
		p1: array
		p2: array
		p3: array
		u: undefined
		u1: undefined
		u2: undefined
		v: undefined
		v1: undefined
		v2: undefined
Paused at 92:1
	Hit Breakpoint(s) 26
	Call Stack: cross, Triangle, raytraceScene 
	Bindings: v1: array
		v2: array
Paused at 129:5
	Call Stack: Triangle, raytraceScene 
	Bindings: det: undefined
		edge1: array
		edge2: array
		normal: array
		p1: array
		p2: array
		p3: array
		u: undefined
		u1: undefined
		u2: undefined
		v: undefined
		v1: undefined
		v2: undefined
Paused at 351:5
	Hit Breakpoint(s) 27
	Call Stack: raytraceScene 
	Bindings: _camera: undefined
		_scene: undefined
		bbl: array
		bbr: array
		bfl: array
		bfr: array
		fbl: undefined
		fbr: undefined
		ffl: undefined
		ffr: undefined
		floorShader: undefined
		green: undefined
		grey: undefined
		i: number = 11
		numTriangles: number = 12
		pixels: undefined
		size: undefined
		startDate: number = 1496934024388
		tbl: array
		tbr: array
		tfl: array
		tfr: array
		triangles: array
		x: undefined
		y: undefined
