176 -> 176
143 -> 143
240 -> 240
201 -> 201
123 -> 123
133 -> 133
153 -> 153
34 -> 34
203 -> 203
60 -> 60
215 -> 215
187 -> 187
72 -> 72
68 -> 68
105 -> 105
208 -> 208
77 -> 77
145 -> 145
107 -> 107
81 -> 81
234 -> 234
126 -> 126
70 -> 70
35 -> 35
26 -> 26
188 -> 188
162 -> 162
207 -> 207
80 -> 80
78 -> 78
84 -> 84
127 -> 127
23 -> 23
62 -> 62
93 -> 93
59 -> 59
211 -> 211
32 -> 32
38 -> 38
91 -> 91
134 -> 134
28 -> 28
146 -> 146
166 -> 166
69 -> 69
129 -> 129
154 -> 154
163 -> 163
218 -> 218
186 -> 186
82 -> 82
178 -> 178
14 -> 14
116 -> 116
190 -> 190
61 -> 61
214 -> 214
47 -> 47
56 -> 56
179 -> 179
95 -> 95
25 -> 25
71 -> 71
88 -> 88
193 -> 193
76 -> 76
74 -> 74
114 -> 114
63 -> 63
202 -> 202
104 -> 104
124 -> 124
210 -> 210
31 -> 31
175 -> 175
106 -> 106
237 -> 237
37 -> 37
90 -> 90
15 -> 15
174 -> 174
103 -> 103
13 -> 13
83 -> 83
233 -> 233
89 -> 89
48 -> 48
29 -> 29
167 -> 167
66 -> 66
64 -> 64
57 -> 57
241 -> 241
87 -> 87
135 -> 135
194 -> 194
164 -> 164
165 -> 165
239 -> 239
144 -> 144
177 -> 177
22 -> 22
130 -> 130
