57 -> 57
63 -> 63
124 -> 124
144 -> 144
61 -> 61
129 -> 129
162 -> 162
146 -> 146
167 -> 167
80 -> 80
106 -> 106
165 -> 165
31 -> 31
237 -> 237
82 -> 82
69 -> 69
70 -> 70
193 -> 193
241 -> 241
208 -> 208
48 -> 48
202 -> 202
74 -> 74
177 -> 177
130 -> 130
71 -> 71
107 -> 107
25 -> 25
153 -> 153
135 -> 135
15 -> 15
104 -> 104
211 -> 211
123 -> 123
163 -> 163
143 -> 143
83 -> 83
77 -> 77
91 -> 91
239 -> 239
126 -> 126
218 -> 218
95 -> 95
179 -> 179
14 -> 14
76 -> 76
81 -> 81
174 -> 174
186 -> 186
84 -> 84
35 -> 35
26 -> 26
145 -> 145
215 -> 215
127 -> 127
32 -> 32
56 -> 56
176 -> 176
164 -> 164
13 -> 13
38 -> 38
62 -> 62
154 -> 154
66 -> 66
37 -> 37
116 -> 116
201 -> 201
240 -> 240
88 -> 88
103 -> 103
233 -> 233
214 -> 214
34 -> 34
134 -> 134
72 -> 72
114 -> 114
187 -> 187
166 -> 166
105 -> 105
175 -> 175
190 -> 190
178 -> 178
234 -> 234
64 -> 64
203 -> 203
194 -> 194
89 -> 89
87 -> 87
28 -> 28
29 -> 29
22 -> 22
207 -> 207
210 -> 210
47 -> 47
133 -> 133
68 -> 68
78 -> 78
188 -> 188
60 -> 60
90 -> 90
23 -> 23
59 -> 59
93 -> 93
