Breakpoint Set at 6
Breakpoint Set at 14
Breakpoint Set at 110
Breakpoint Set at 63
Breakpoint Set at 130
Breakpoint Set at 126
Breakpoint Set at 157
Breakpoint Set at 39
Breakpoint Set at 134
Breakpoint Set at 24
Breakpoint Set at 95
Breakpoint Set at 145
Breakpoint Set at 167
Breakpoint Set at 172
Breakpoint Set at 159
Breakpoint Set at 171
Breakpoint Set at 21
Paused at 6
	Hit Breakpoint(s) 
	Call Stack:  
Paused at 95
	Hit Breakpoint(s) 
	Call Stack:  
Paused at 157
	Hit Breakpoint(s) 
	Call Stack:  
Paused at 159
	Hit Breakpoint(s) 
	Call Stack:  
Paused at 14
	Hit Breakpoint(s) 
	Call Stack: Body, Sun 
Paused at 14
	Hit Breakpoint(s) 
	Call Stack: Body, Jupiter 
Paused at 39
	Hit Breakpoint(s) 
	Call Stack: Saturn 
Paused at 14
	Hit Breakpoint(s) 
	Call Stack: Body, Saturn 
Paused at 14
	Hit Breakpoint(s) 
	Call Stack: Body, Uranus 
Paused at 63
	Hit Breakpoint(s) 
	Call Stack: Neptune 
Paused at 14
	Hit Breakpoint(s) 
	Call Stack: Body, Neptune 
