Breakpoint Set at 3
Breakpoint Set at 8
Breakpoint Set at 25
Breakpoint Set at 25
Paused at 3
	Hit Breakpoint(s) 
	Call Stack:  
Paused at 8
	Hit Breakpoint(s) 
	Call Stack: fast3bitlookup, TimeFunc 
Paused at 25
	Hit Breakpoint(s) 
	Call Stack: fast3bitlookup, TimeFunc 
Paused at 8
	Hit Breakpoint(s) 
	Call Stack: fast3bitlookup, TimeFunc 
Paused at 25
	Hit Breakpoint(s) 
	Call Stack: fast3bitlookup, TimeFunc 
Paused at 8
	Hit Breakpoint(s) 
	Call Stack: fast3bitlookup, TimeFunc 
Paused at 25
	Hit Breakpoint(s) 
	Call Stack: fast3bitlookup, TimeFunc 
Paused at 8
	Hit Breakpoint(s) 
	Call Stack: fast3bitlookup, TimeFunc 
Paused at 25
	Hit Breakpoint(s) 
	Call Stack: fast3bitlookup, TimeFunc 
Paused at 8
	Hit Breakpoint(s) 
	Call Stack: fast3bitlookup, TimeFunc 
Paused at 25
	Hit Breakpoint(s) 
	Call Stack: fast3bitlookup, TimeFunc 
