Breakpoint Set at 28
Breakpoint Set at 28
Breakpoint Set at 65
Breakpoint Set at 61
Breakpoint Set at 100
Breakpoint Set at 75
Breakpoint Set at 72
Breakpoint Set at 95
Breakpoint Set at 28
Breakpoint Set at 81
Paused at 28
	Hit Breakpoint(s) 
	Call Stack:  
Paused at 100
	Hit Breakpoint(s) 
	Call Stack:  
Paused at 61
	Hit Breakpoint(s) 
	Call Stack: cordicsincos, cordic 
Paused at 65
	Hit Breakpoint(s) 
	Call Stack: cordicsincos, cordic 
Paused at 72
	Hit Breakpoint(s) 
	Call Stack: cordicsincos, cordic 
Paused at 75
	Hit Breakpoint(s) 
	Call Stack: cordicsincos, cordic 
Paused at 72
	Hit Breakpoint(s) 
	Call Stack: cordicsincos, cordic 
Paused at 75
	Hit Breakpoint(s) 
	Call Stack: cordicsincos, cordic 
Paused at 72
	Hit Breakpoint(s) 
	Call Stack: cordicsincos, cordic 
Paused at 75
	Hit Breakpoint(s) 
	Call Stack: cordicsincos, cordic 
Paused at 72
	Hit Breakpoint(s) 
	Call Stack: cordicsincos, cordic 
