Breakpoint Set at 339
Breakpoint Set at 17
Breakpoint Set at 186
Breakpoint Set at 167
Breakpoint Set at 303
Breakpoint Set at 68
Breakpoint Set at 213
Breakpoint Set at 204
Breakpoint Set at 279
Breakpoint Set at 38
Breakpoint Set at 225
Breakpoint Set at 22
Breakpoint Set at 125
Breakpoint Set at 244
Breakpoint Set at 307
Breakpoint Set at 348
Breakpoint Set at 282
Breakpoint Set at 316
Breakpoint Set at 4
Breakpoint Set at 41
Breakpoint Set at 200
Breakpoint Set at 51
Breakpoint Set at 292
Breakpoint Set at 139
Breakpoint Set at 6
Breakpoint Set at 139
Breakpoint Set at 130
Breakpoint Set at 57
Breakpoint Set at 256
Breakpoint Set at 276
Breakpoint Set at 83
Paused at 339
	Hit Breakpoint(s) 
	Call Stack:  
	Bindings: 
Paused at 244
	Hit Breakpoint(s) 
	Call Stack: Init 
	Bindings: CubeSize: number = 20
		i: undefined
		j: undefined
		sum: undefined
		vector: undefined
Paused at 256
	Hit Breakpoint(s) 
	Call Stack: Init 
	Bindings: CubeSize: number = 20
		i: undefined
		j: undefined
		sum: undefined
		vector: undefined
Paused at 276
	Hit Breakpoint(s) 
	Call Stack: Init 
	Bindings: CubeSize: number = 20
		i: undefined
		j: undefined
		sum: undefined
		vector: undefined
Paused at 279
	Hit Breakpoint(s) 
	Call Stack: Init 
	Bindings: CubeSize: number = 20
		i: undefined
		j: undefined
		sum: undefined
		vector: undefined
Paused at 282
	Hit Breakpoint(s) 
	Call Stack: Init 
	Bindings: CubeSize: number = 20
		i: undefined
		j: undefined
		sum: undefined
		vector: undefined
Paused at 68
	Hit Breakpoint(s) 
	Call Stack: CalcNormal, Init 
	Bindings: A: array
		B: array
		i: number = 3
		Length: undefined
		V0: array
		V1: array
		V2: array
Paused at 57
	Hit Breakpoint(s) 
	Call Stack: CalcCross, CalcNormal, Init 
	Bindings: Cross: array
		V0: array
		V1: array
Paused at 68
	Hit Breakpoint(s) 
	Call Stack: CalcNormal, Init 
	Bindings: A: array
		B: array
		i: number = 3
		Length: undefined
		V0: array
		V1: array
		V2: array
Paused at 57
	Hit Breakpoint(s) 
	Call Stack: CalcCross, CalcNormal, Init 
	Bindings: Cross: array
		V0: array
		V1: array
Paused at 68
	Hit Breakpoint(s) 
	Call Stack: CalcNormal, Init 
	Bindings: A: array
		B: array
		i: number = 3
		Length: undefined
		V0: array
		V1: array
		V2: array
Paused at 57
	Hit Breakpoint(s) 
	Call Stack: CalcCross, CalcNormal, Init 
	Bindings: Cross: array
		V0: array
		V1: array
Paused at 68
	Hit Breakpoint(s) 
	Call Stack: CalcNormal, Init 
	Bindings: A: array
		B: array
		i: number = 3
		Length: undefined
		V0: array
		V1: array
		V2: array
Paused at 57
	Hit Breakpoint(s) 
	Call Stack: CalcCross, CalcNormal, Init 
	Bindings: Cross: array
		V0: array
		V1: array
Paused at 68
	Hit Breakpoint(s) 
	Call Stack: CalcNormal, Init 
	Bindings: A: array
		B: array
		i: number = 3
		Length: undefined
		V0: array
		V1: array
		V2: array
Paused at 57
	Hit Breakpoint(s) 
	Call Stack: CalcCross, CalcNormal, Init 
	Bindings: Cross: array
		V0: array
		V1: array
Paused at 68
	Hit Breakpoint(s) 
	Call Stack: CalcNormal, Init 
	Bindings: A: array
		B: array
		i: number = 3
		Length: undefined
		V0: array
		V1: array
		V2: array
Paused at 57
	Hit Breakpoint(s) 
	Call Stack: CalcCross, CalcNormal, Init 
	Bindings: Cross: array
		V0: array
		V1: array
Paused at 292
	Hit Breakpoint(s) 
	Call Stack: Init 
	Bindings: CubeSize: number = 20
		i: number = 6
		j: undefined
		sum: undefined
		vector: undefined
Paused at 125
	Hit Breakpoint(s) 
	Call Stack: Translate, Init 
	Bindings: Dx: number = 150
		Dy: number = 150
		Dz: number = 20
		M: array
		T: array
Paused at 83
	Hit Breakpoint(s) 
	Call Stack: MMulti, Translate, Init 
	Bindings: i: number = 0
		j: undefined
		M: array
		M1: array
		M2: array
Paused at 83
	Hit Breakpoint(s) 
	Call Stack: MMulti, Init 
	Bindings: i: number = 0
		j: undefined
		M: array
		M1: array
		M2: array
Paused at 303
	Hit Breakpoint(s) 
	Call Stack: Init 
	Bindings: CubeSize: number = 20
		i: number = 0
		j: undefined
		sum: undefined
		vector: undefined
Paused at 303
	Hit Breakpoint(s) 
	Call Stack: Init 
	Bindings: CubeSize: number = 20
		i: number = 1
		j: undefined
		sum: undefined
		vector: undefined
Paused at 303
	Hit Breakpoint(s) 
	Call Stack: Init 
	Bindings: CubeSize: number = 20
		i: number = 2
		j: undefined
		sum: undefined
		vector: undefined
Paused at 303
	Hit Breakpoint(s) 
	Call Stack: Init 
	Bindings: CubeSize: number = 20
		i: number = 3
		j: undefined
		sum: undefined
		vector: undefined
Paused at 303
	Hit Breakpoint(s) 
	Call Stack: Init 
	Bindings: CubeSize: number = 20
		i: number = 4
		j: undefined
		sum: undefined
		vector: undefined
Paused at 303
	Hit Breakpoint(s) 
	Call Stack: Init 
	Bindings: CubeSize: number = 20
		i: number = 5
		j: undefined
		sum: undefined
		vector: undefined
Paused at 303
	Hit Breakpoint(s) 
	Call Stack: Init 
	Bindings: CubeSize: number = 20
		i: number = 6
		j: undefined
		sum: undefined
		vector: undefined
Paused at 303
	Hit Breakpoint(s) 
	Call Stack: Init 
	Bindings: CubeSize: number = 20
		i: number = 7
		j: undefined
		sum: undefined
		vector: undefined
Paused at 303
	Hit Breakpoint(s) 
	Call Stack: Init 
	Bindings: CubeSize: number = 20
		i: number = 8
		j: undefined
		sum: undefined
		vector: undefined
Paused at 4
	Hit Breakpoint(s) 
	Call Stack: DrawLine, DrawQube, Init 
	Bindings: Den: undefined
		dx: undefined
		dy: undefined
		From: object
		i: undefined
		IncX1: undefined
		IncX2: undefined
		IncY1: undefined
		IncY2: undefined
		Num: undefined
		NumAdd: undefined
		NumPix: undefined
		To: object
		x: undefined
		x1: number = 130
		x2: number = 130
		y: undefined
		y1: undefined
		y2: undefined
Paused at 6
	Hit Breakpoint(s) 
	Call Stack: DrawLine, DrawQube, Init 
	Bindings: Den: undefined
		dx: undefined
		dy: undefined
		From: object
		i: undefined
		IncX1: undefined
		IncX2: undefined
		IncY1: undefined
		IncY2: undefined
		Num: undefined
		NumAdd: undefined
		NumPix: undefined
		To: object
		x: undefined
		x1: number = 130
		x2: number = 130
		y: undefined
		y1: number = 130
		y2: number = 170
Paused at 17
	Hit Breakpoint(s) 
	Call Stack: DrawLine, DrawQube, Init 
	Bindings: Den: undefined
		dx: number = 0
		dy: number = 40
		From: object
		i: undefined
		IncX1: undefined
		IncX2: undefined
		IncY1: undefined
		IncY2: undefined
		Num: undefined
		NumAdd: undefined
		NumPix: undefined
		To: object
		x: number = 130
		x1: number = 130
		x2: number = 130
		y: number = 130
		y1: number = 130
		y2: number = 170
Paused at 38
	Hit Breakpoint(s) 
	Call Stack: DrawLine, DrawQube, Init 
	Bindings: Den: number = 40
		dx: number = 0
		dy: number = 40
		From: object
		i: undefined
		IncX1: number = 1
		IncX2: number = 0
		IncY1: number = 0
		IncY2: number = 1
		Num: number = 20
		NumAdd: number = 0
		NumPix: number = 40
		To: object
		x: number = 130
		x1: number = 130
		x2: number = 130
		y: number = 130
		y1: number = 130
		y2: number = 170
Paused at 41
	Hit Breakpoint(s) 
	Call Stack: DrawLine, DrawQube, Init 
	Bindings: Den: number = 40
		dx: number = 0
		dy: number = 40
		From: object
		i: number = 0
		IncX1: number = 1
		IncX2: number = 0
		IncY1: number = 0
		IncY2: number = 1
		Num: number = 20
		NumAdd: number = 0
		NumPix: number = 40
		To: object
		x: number = 130
		x1: number = 130
		x2: number = 130
		y: number = 130
		y1: number = 130
		y2: number = 170
Paused at 41
	Hit Breakpoint(s) 
	Call Stack: DrawLine, DrawQube, Init 
	Bindings: Den: number = 40
		dx: number = 0
		dy: number = 40
		From: object
		i: number = 1
		IncX1: number = 1
		IncX2: number = 0
		IncY1: number = 0
		IncY2: number = 1
		Num: number = 20
		NumAdd: number = 0
		NumPix: number = 40
		To: object
		x: number = 130
		x1: number = 130
		x2: number = 130
		y: number = 131
		y1: number = 130
		y2: number = 170
Paused at 41
	Hit Breakpoint(s) 
	Call Stack: DrawLine, DrawQube, Init 
	Bindings: Den: number = 40
		dx: number = 0
		dy: number = 40
		From: object
		i: number = 2
		IncX1: number = 1
		IncX2: number = 0
		IncY1: number = 0
		IncY2: number = 1
		Num: number = 20
		NumAdd: number = 0
		NumPix: number = 40
		To: object
		x: number = 130
		x1: number = 130
		x2: number = 130
		y: number = 132
		y1: number = 130
		y2: number = 170
Paused at 41
	Hit Breakpoint(s) 
	Call Stack: DrawLine, DrawQube, Init 
	Bindings: Den: number = 40
		dx: number = 0
		dy: number = 40
		From: object
		i: number = 3
		IncX1: number = 1
		IncX2: number = 0
		IncY1: number = 0
		IncY2: number = 1
		Num: number = 20
		NumAdd: number = 0
		NumPix: number = 40
		To: object
		x: number = 130
		x1: number = 130
		x2: number = 130
		y: number = 133
		y1: number = 130
		y2: number = 170
Paused at 41
	Hit Breakpoint(s) 
	Call Stack: DrawLine, DrawQube, Init 
	Bindings: Den: number = 40
		dx: number = 0
		dy: number = 40
		From: object
		i: number = 4
		IncX1: number = 1
		IncX2: number = 0
		IncY1: number = 0
		IncY2: number = 1
		Num: number = 20
		NumAdd: number = 0
		NumPix: number = 40
		To: object
		x: number = 130
		x1: number = 130
		x2: number = 130
		y: number = 134
		y1: number = 130
		y2: number = 170
Paused at 41
	Hit Breakpoint(s) 
	Call Stack: DrawLine, DrawQube, Init 
	Bindings: Den: number = 40
		dx: number = 0
		dy: number = 40
		From: object
		i: number = 5
		IncX1: number = 1
		IncX2: number = 0
		IncY1: number = 0
		IncY2: number = 1
		Num: number = 20
		NumAdd: number = 0
		NumPix: number = 40
		To: object
		x: number = 130
		x1: number = 130
		x2: number = 130
		y: number = 135
		y1: number = 130
		y2: number = 170
Paused at 41
	Hit Breakpoint(s) 
	Call Stack: DrawLine, DrawQube, Init 
	Bindings: Den: number = 40
		dx: number = 0
		dy: number = 40
		From: object
		i: number = 6
		IncX1: number = 1
		IncX2: number = 0
		IncY1: number = 0
		IncY2: number = 1
		Num: number = 20
		NumAdd: number = 0
		NumPix: number = 40
		To: object
		x: number = 130
		x1: number = 130
		x2: number = 130
		y: number = 136
		y1: number = 130
		y2: number = 170
Paused at 41
	Hit Breakpoint(s) 
	Call Stack: DrawLine, DrawQube, Init 
	Bindings: Den: number = 40
		dx: number = 0
		dy: number = 40
		From: object
		i: number = 7
		IncX1: number = 1
		IncX2: number = 0
		IncY1: number = 0
		IncY2: number = 1
		Num: number = 20
		NumAdd: number = 0
		NumPix: number = 40
		To: object
		x: number = 130
		x1: number = 130
		x2: number = 130
		y: number = 137
		y1: number = 130
		y2: number = 170
Paused at 41
	Hit Breakpoint(s) 
	Call Stack: DrawLine, DrawQube, Init 
	Bindings: Den: number = 40
		dx: number = 0
		dy: number = 40
		From: object
		i: number = 8
		IncX1: number = 1
		IncX2: number = 0
		IncY1: number = 0
		IncY2: number = 1
		Num: number = 20
		NumAdd: number = 0
		NumPix: number = 40
		To: object
		x: number = 130
		x1: number = 130
		x2: number = 130
		y: number = 138
		y1: number = 130
		y2: number = 170
Paused at 41
	Hit Breakpoint(s) 
	Call Stack: DrawLine, DrawQube, Init 
	Bindings: Den: number = 40
		dx: number = 0
		dy: number = 40
		From: object
		i: number = 9
		IncX1: number = 1
		IncX2: number = 0
		IncY1: number = 0
		IncY2: number = 1
		Num: number = 20
		NumAdd: number = 0
		NumPix: number = 40
		To: object
		x: number = 130
		x1: number = 130
		x2: number = 130
		y: number = 139
		y1: number = 130
		y2: number = 170
Paused at 41
	Hit Breakpoint(s) 
	Call Stack: DrawLine, DrawQube, Init 
	Bindings: Den: number = 40
		dx: number = 0
		dy: number = 40
		From: object
		i: number = 10
		IncX1: number = 1
		IncX2: number = 0
		IncY1: number = 0
		IncY2: number = 1
		Num: number = 20
		NumAdd: number = 0
		NumPix: number = 40
		To: object
		x: number = 130
		x1: number = 130
		x2: number = 130
		y: number = 140
		y1: number = 130
		y2: number = 170
Paused at 41
	Hit Breakpoint(s) 
	Call Stack: DrawLine, DrawQube, Init 
	Bindings: Den: number = 40
		dx: number = 0
		dy: number = 40
		From: object
		i: number = 11
		IncX1: number = 1
		IncX2: number = 0
		IncY1: number = 0
		IncY2: number = 1
		Num: number = 20
		NumAdd: number = 0
		NumPix: number = 40
		To: object
		x: number = 130
		x1: number = 130
		x2: number = 130
		y: number = 141
		y1: number = 130
		y2: number = 170
Paused at 41
	Hit Breakpoint(s) 
	Call Stack: DrawLine, DrawQube, Init 
	Bindings: Den: number = 40
		dx: number = 0
		dy: number = 40
		From: object
		i: number = 12
		IncX1: number = 1
		IncX2: number = 0
		IncY1: number = 0
		IncY2: number = 1
		Num: number = 20
		NumAdd: number = 0
		NumPix: number = 40
		To: object
		x: number = 130
		x1: number = 130
		x2: number = 130
		y: number = 142
		y1: number = 130
		y2: number = 170
Paused at 41
	Hit Breakpoint(s) 
	Call Stack: DrawLine, DrawQube, Init 
	Bindings: Den: number = 40
		dx: number = 0
		dy: number = 40
		From: object
		i: number = 13
		IncX1: number = 1
		IncX2: number = 0
		IncY1: number = 0
		IncY2: number = 1
		Num: number = 20
		NumAdd: number = 0
		NumPix: number = 40
		To: object
		x: number = 130
		x1: number = 130
		x2: number = 130
		y: number = 143
		y1: number = 130
		y2: number = 170
Paused at 41
	Hit Breakpoint(s) 
	Call Stack: DrawLine, DrawQube, Init 
	Bindings: Den: number = 40
		dx: number = 0
		dy: number = 40
		From: object
		i: number = 14
		IncX1: number = 1
		IncX2: number = 0
		IncY1: number = 0
		IncY2: number = 1
		Num: number = 20
		NumAdd: number = 0
		NumPix: number = 40
		To: object
		x: number = 130
		x1: number = 130
		x2: number = 130
		y: number = 144
		y1: number = 130
		y2: number = 170
Paused at 41
	Hit Breakpoint(s) 
	Call Stack: DrawLine, DrawQube, Init 
	Bindings: Den: number = 40
		dx: number = 0
		dy: number = 40
		From: object
		i: number = 15
		IncX1: number = 1
		IncX2: number = 0
		IncY1: number = 0
		IncY2: number = 1
		Num: number = 20
		NumAdd: number = 0
		NumPix: number = 40
		To: object
		x: number = 130
		x1: number = 130
		x2: number = 130
		y: number = 145
		y1: number = 130
		y2: number = 170
Paused at 41
	Hit Breakpoint(s) 
	Call Stack: DrawLine, DrawQube, Init 
	Bindings: Den: number = 40
		dx: number = 0
		dy: number = 40
		From: object
		i: number = 16
		IncX1: number = 1
		IncX2: number = 0
		IncY1: number = 0
		IncY2: number = 1
		Num: number = 20
		NumAdd: number = 0
		NumPix: number = 40
		To: object
		x: number = 130
		x1: number = 130
		x2: number = 130
		y: number = 146
		y1: number = 130
		y2: number = 170
Paused at 41
	Hit Breakpoint(s) 
	Call Stack: DrawLine, DrawQube, Init 
	Bindings: Den: number = 40
		dx: number = 0
		dy: number = 40
		From: object
		i: number = 17
		IncX1: number = 1
		IncX2: number = 0
		IncY1: number = 0
		IncY2: number = 1
		Num: number = 20
		NumAdd: number = 0
		NumPix: number = 40
		To: object
		x: number = 130
		x1: number = 130
		x2: number = 130
		y: number = 147
		y1: number = 130
		y2: number = 170
Paused at 41
	Hit Breakpoint(s) 
	Call Stack: DrawLine, DrawQube, Init 
	Bindings: Den: number = 40
		dx: number = 0
		dy: number = 40
		From: object
		i: number = 18
		IncX1: number = 1
		IncX2: number = 0
		IncY1: number = 0
		IncY2: number = 1
		Num: number = 20
		NumAdd: number = 0
		NumPix: number = 40
		To: object
		x: number = 130
		x1: number = 130
		x2: number = 130
		y: number = 148
		y1: number = 130
		y2: number = 170
Paused at 41
	Hit Breakpoint(s) 
	Call Stack: DrawLine, DrawQube, Init 
	Bindings: Den: number = 40
		dx: number = 0
		dy: number = 40
		From: object
		i: number = 19
		IncX1: number = 1
		IncX2: number = 0
		IncY1: number = 0
		IncY2: number = 1
		Num: number = 20
		NumAdd: number = 0
		NumPix: number = 40
		To: object
		x: number = 130
		x1: number = 130
		x2: number = 130
		y: number = 149
		y1: number = 130
		y2: number = 170
Paused at 41
	Hit Breakpoint(s) 
	Call Stack: DrawLine, DrawQube, Init 
	Bindings: Den: number = 40
		dx: number = 0
		dy: number = 40
		From: object
		i: number = 20
		IncX1: number = 1
		IncX2: number = 0
		IncY1: number = 0
		IncY2: number = 1
		Num: number = 20
		NumAdd: number = 0
		NumPix: number = 40
		To: object
		x: number = 130
		x1: number = 130
		x2: number = 130
		y: number = 150
		y1: number = 130
		y2: number = 170
Paused at 41
	Hit Breakpoint(s) 
	Call Stack: DrawLine, DrawQube, Init 
	Bindings: Den: number = 40
		dx: number = 0
		dy: number = 40
		From: object
		i: number = 21
		IncX1: number = 1
		IncX2: number = 0
		IncY1: number = 0
		IncY2: number = 1
		Num: number = 20
		NumAdd: number = 0
		NumPix: number = 40
		To: object
		x: number = 130
		x1: number = 130
		x2: number = 130
		y: number = 151
		y1: number = 130
		y2: number = 170
Paused at 41
	Hit Breakpoint(s) 
	Call Stack: DrawLine, DrawQube, Init 
	Bindings: Den: number = 40
		dx: number = 0
		dy: number = 40
		From: object
		i: number = 22
		IncX1: number = 1
		IncX2: number = 0
		IncY1: number = 0
		IncY2: number = 1
		Num: number = 20
		NumAdd: number = 0
		NumPix: number = 40
		To: object
		x: number = 130
		x1: number = 130
		x2: number = 130
		y: number = 152
		y1: number = 130
		y2: number = 170
Paused at 41
	Hit Breakpoint(s) 
	Call Stack: DrawLine, DrawQube, Init 
	Bindings: Den: number = 40
		dx: number = 0
		dy: number = 40
		From: object
		i: number = 23
		IncX1: number = 1
		IncX2: number = 0
		IncY1: number = 0
		IncY2: number = 1
		Num: number = 20
		NumAdd: number = 0
		NumPix: number = 40
		To: object
		x: number = 130
		x1: number = 130
		x2: number = 130
		y: number = 153
		y1: number = 130
		y2: number = 170
Paused at 41
	Hit Breakpoint(s) 
	Call Stack: DrawLine, DrawQube, Init 
	Bindings: Den: number = 40
		dx: number = 0
		dy: number = 40
		From: object
		i: number = 24
		IncX1: number = 1
		IncX2: number = 0
		IncY1: number = 0
		IncY2: number = 1
		Num: number = 20
		NumAdd: number = 0
		NumPix: number = 40
		To: object
		x: number = 130
		x1: number = 130
		x2: number = 130
		y: number = 154
		y1: number = 130
		y2: number = 170
Paused at 41
	Hit Breakpoint(s) 
	Call Stack: DrawLine, DrawQube, Init 
	Bindings: Den: number = 40
		dx: number = 0
		dy: number = 40
		From: object
		i: number = 25
		IncX1: number = 1
		IncX2: number = 0
		IncY1: number = 0
		IncY2: number = 1
		Num: number = 20
		NumAdd: number = 0
		NumPix: number = 40
		To: object
		x: number = 130
		x1: number = 130
		x2: number = 130
		y: number = 155
		y1: number = 130
		y2: number = 170
Paused at 41
	Hit Breakpoint(s) 
	Call Stack: DrawLine, DrawQube, Init 
	Bindings: Den: number = 40
		dx: number = 0
		dy: number = 40
		From: object
		i: number = 26
		IncX1: number = 1
		IncX2: number = 0
		IncY1: number = 0
		IncY2: number = 1
		Num: number = 20
		NumAdd: number = 0
		NumPix: number = 40
		To: object
		x: number = 130
		x1: number = 130
		x2: number = 130
		y: number = 156
		y1: number = 130
		y2: number = 170
Paused at 41
	Hit Breakpoint(s) 
	Call Stack: DrawLine, DrawQube, Init 
	Bindings: Den: number = 40
		dx: number = 0
		dy: number = 40
		From: object
		i: number = 27
		IncX1: number = 1
		IncX2: number = 0
		IncY1: number = 0
		IncY2: number = 1
		Num: number = 20
		NumAdd: number = 0
		NumPix: number = 40
		To: object
		x: number = 130
		x1: number = 130
		x2: number = 130
		y: number = 157
		y1: number = 130
		y2: number = 170
Paused at 41
	Hit Breakpoint(s) 
	Call Stack: DrawLine, DrawQube, Init 
	Bindings: Den: number = 40
		dx: number = 0
		dy: number = 40
		From: object
		i: number = 28
		IncX1: number = 1
		IncX2: number = 0
		IncY1: number = 0
		IncY2: number = 1
		Num: number = 20
		NumAdd: number = 0
		NumPix: number = 40
		To: object
		x: number = 130
		x1: number = 130
		x2: number = 130
		y: number = 158
		y1: number = 130
		y2: number = 170
Paused at 41
	Hit Breakpoint(s) 
	Call Stack: DrawLine, DrawQube, Init 
	Bindings: Den: number = 40
		dx: number = 0
		dy: number = 40
		From: object
		i: number = 29
		IncX1: number = 1
		IncX2: number = 0
		IncY1: number = 0
		IncY2: number = 1
		Num: number = 20
		NumAdd: number = 0
		NumPix: number = 40
		To: object
		x: number = 130
		x1: number = 130
		x2: number = 130
		y: number = 159
		y1: number = 130
		y2: number = 170
Paused at 41
	Hit Breakpoint(s) 
	Call Stack: DrawLine, DrawQube, Init 
	Bindings: Den: number = 40
		dx: number = 0
		dy: number = 40
		From: object
		i: number = 30
		IncX1: number = 1
		IncX2: number = 0
		IncY1: number = 0
		IncY2: number = 1
		Num: number = 20
		NumAdd: number = 0
		NumPix: number = 40
		To: object
		x: number = 130
		x1: number = 130
		x2: number = 130
		y: number = 160
		y1: number = 130
		y2: number = 170
Paused at 41
	Hit Breakpoint(s) 
	Call Stack: DrawLine, DrawQube, Init 
	Bindings: Den: number = 40
		dx: number = 0
		dy: number = 40
		From: object
		i: number = 31
		IncX1: number = 1
		IncX2: number = 0
		IncY1: number = 0
		IncY2: number = 1
		Num: number = 20
		NumAdd: number = 0
		NumPix: number = 40
		To: object
		x: number = 130
		x1: number = 130
		x2: number = 130
		y: number = 161
		y1: number = 130
		y2: number = 170
Paused at 41
	Hit Breakpoint(s) 
	Call Stack: DrawLine, DrawQube, Init 
	Bindings: Den: number = 40
		dx: number = 0
		dy: number = 40
		From: object
		i: number = 32
		IncX1: number = 1
		IncX2: number = 0
		IncY1: number = 0
		IncY2: number = 1
		Num: number = 20
		NumAdd: number = 0
		NumPix: number = 40
		To: object
		x: number = 130
		x1: number = 130
		x2: number = 130
		y: number = 162
		y1: number = 130
		y2: number = 170
Paused at 41
	Hit Breakpoint(s) 
	Call Stack: DrawLine, DrawQube, Init 
	Bindings: Den: number = 40
		dx: number = 0
		dy: number = 40
		From: object
		i: number = 33
		IncX1: number = 1
		IncX2: number = 0
		IncY1: number = 0
		IncY2: number = 1
		Num: number = 20
		NumAdd: number = 0
		NumPix: number = 40
		To: object
		x: number = 130
		x1: number = 130
		x2: number = 130
		y: number = 163
		y1: number = 130
		y2: number = 170
Paused at 41
	Hit Breakpoint(s) 
	Call Stack: DrawLine, DrawQube, Init 
	Bindings: Den: number = 40
		dx: number = 0
		dy: number = 40
		From: object
		i: number = 34
		IncX1: number = 1
		IncX2: number = 0
		IncY1: number = 0
		IncY2: number = 1
		Num: number = 20
		NumAdd: number = 0
		NumPix: number = 40
		To: object
		x: number = 130
		x1: number = 130
		x2: number = 130
		y: number = 164
		y1: number = 130
		y2: number = 170
Paused at 41
	Hit Breakpoint(s) 
	Call Stack: DrawLine, DrawQube, Init 
	Bindings: Den: number = 40
		dx: number = 0
		dy: number = 40
		From: object
		i: number = 35
		IncX1: number = 1
		IncX2: number = 0
		IncY1: number = 0
		IncY2: number = 1
		Num: number = 20
		NumAdd: number = 0
		NumPix: number = 40
		To: object
		x: number = 130
		x1: number = 130
		x2: number = 130
		y: number = 165
		y1: number = 130
		y2: number = 170
Paused at 41
	Hit Breakpoint(s) 
	Call Stack: DrawLine, DrawQube, Init 
	Bindings: Den: number = 40
		dx: number = 0
		dy: number = 40
		From: object
		i: number = 36
		IncX1: number = 1
		IncX2: number = 0
		IncY1: number = 0
		IncY2: number = 1
		Num: number = 20
		NumAdd: number = 0
		NumPix: number = 40
		To: object
		x: number = 130
		x1: number = 130
		x2: number = 130
		y: number = 166
		y1: number = 130
		y2: number = 170
Paused at 41
	Hit Breakpoint(s) 
	Call Stack: DrawLine, DrawQube, Init 
	Bindings: Den: number = 40
		dx: number = 0
		dy: number = 40
		From: object
		i: number = 37
		IncX1: number = 1
		IncX2: number = 0
		IncY1: number = 0
		IncY2: number = 1
		Num: number = 20
		NumAdd: number = 0
		NumPix: number = 40
		To: object
		x: number = 130
		x1: number = 130
		x2: number = 130
		y: number = 167
		y1: number = 130
		y2: number = 170
Paused at 41
	Hit Breakpoint(s) 
	Call Stack: DrawLine, DrawQube, Init 
	Bindings: Den: number = 40
		dx: number = 0
		dy: number = 40
		From: object
		i: number = 38
		IncX1: number = 1
		IncX2: number = 0
		IncY1: number = 0
		IncY2: number = 1
		Num: number = 20
		NumAdd: number = 0
		NumPix: number = 40
		To: object
		x: number = 130
		x1: number = 130
		x2: number = 130
		y: number = 168
		y1: number = 130
		y2: number = 170
Paused at 41
	Hit Breakpoint(s) 
	Call Stack: DrawLine, DrawQube, Init 
	Bindings: Den: number = 40
		dx: number = 0
		dy: number = 40
		From: object
		i: number = 39
		IncX1: number = 1
		IncX2: number = 0
		IncY1: number = 0
		IncY2: number = 1
		Num: number = 20
		NumAdd: number = 0
		NumPix: number = 40
		To: object
		x: number = 130
		x1: number = 130
		x2: number = 130
		y: number = 169
		y1: number = 130
		y2: number = 170
Paused at 41
	Hit Breakpoint(s) 
	Call Stack: DrawLine, DrawQube, Init 
	Bindings: Den: number = 40
		dx: number = 0
		dy: number = 40
		From: object
		i: number = 40
		IncX1: number = 1
		IncX2: number = 0
		IncY1: number = 0
		IncY2: number = 1
		Num: number = 20
		NumAdd: number = 0
		NumPix: number = 40
		To: object
		x: number = 130
		x1: number = 130
		x2: number = 130
		y: number = 170
		y1: number = 130
		y2: number = 170
Paused at 51
	Hit Breakpoint(s) 
	Call Stack: DrawLine, DrawQube, Init 
	Bindings: Den: number = 40
		dx: number = 0
		dy: number = 40
		From: object
		i: number = 40
		IncX1: number = 1
		IncX2: number = 0
		IncY1: number = 0
		IncY2: number = 1
		Num: number = 20
		NumAdd: number = 0
		NumPix: number = 40
		To: object
		x: number = 130
		x1: number = 130
		x2: number = 130
		y: number = 170
		y1: number = 130
		y2: number = 170
Paused at 4
	Hit Breakpoint(s) 
	Call Stack: DrawLine, DrawQube, Init 
	Bindings: Den: undefined
		dx: undefined
		dy: undefined
		From: object
		i: undefined
		IncX1: undefined
		IncX2: undefined
		IncY1: undefined
		IncY2: undefined
		Num: undefined
		NumAdd: undefined
		NumPix: undefined
		To: object
		x: undefined
		x1: number = 130
		x2: number = 170
		y: undefined
		y1: undefined
		y2: undefined
Paused at 6
	Hit Breakpoint(s) 
	Call Stack: DrawLine, DrawQube, Init 
	Bindings: Den: undefined
		dx: undefined
		dy: undefined
		From: object
		i: undefined
		IncX1: undefined
		IncX2: undefined
		IncY1: undefined
		IncY2: undefined
		Num: undefined
		NumAdd: undefined
		NumPix: undefined
		To: object
		x: undefined
		x1: number = 130
		x2: number = 170
		y: undefined
		y1: number = 170
		y2: number = 170
Paused at 17
	Hit Breakpoint(s) 
	Call Stack: DrawLine, DrawQube, Init 
	Bindings: Den: undefined
		dx: number = 40
		dy: number = 0
		From: object
		i: undefined
		IncX1: undefined
		IncX2: undefined
		IncY1: undefined
		IncY2: undefined
		Num: undefined
		NumAdd: undefined
		NumPix: undefined
		To: object
		x: number = 130
		x1: number = 130
		x2: number = 170
		y: number = 170
		y1: number = 170
		y2: number = 170
Paused at 22
	Hit Breakpoint(s) 
	Call Stack: DrawLine, DrawQube, Init 
	Bindings: Den: undefined
		dx: number = 40
		dy: number = 0
		From: object
		i: undefined
		IncX1: number = 1
		IncX2: number = 1
		IncY1: number = 1
		IncY2: number = 1
		Num: undefined
		NumAdd: undefined
		NumPix: undefined
		To: object
		x: number = 130
		x1: number = 130
		x2: number = 170
		y: number = 170
		y1: number = 170
		y2: number = 170
Paused at 38
	Hit Breakpoint(s) 
	Call Stack: DrawLine, DrawQube, Init 
	Bindings: Den: number = 40
		dx: number = 40
		dy: number = 0
		From: object
		i: undefined
		IncX1: number = 0
		IncX2: number = 1
		IncY1: number = 1
		IncY2: number = 0
		Num: number = 20
		NumAdd: number = 0
		NumPix: number = 40
		To: object
		x: number = 130
		x1: number = 130
		x2: number = 170
		y: number = 170
		y1: number = 170
		y2: number = 170
Paused at 41
	Hit Breakpoint(s) 
	Call Stack: DrawLine, DrawQube, Init 
	Bindings: Den: number = 40
		dx: number = 40
		dy: number = 0
		From: object
		i: number = 40
		IncX1: number = 0
		IncX2: number = 1
		IncY1: number = 1
		IncY2: number = 0
		Num: number = 20
		NumAdd: number = 0
		NumPix: number = 80
		To: object
		x: number = 130
		x1: number = 130
		x2: number = 170
		y: number = 170
		y1: number = 170
		y2: number = 170
Paused at 41
	Hit Breakpoint(s) 
	Call Stack: DrawLine, DrawQube, Init 
	Bindings: Den: number = 40
		dx: number = 40
		dy: number = 0
		From: object
		i: number = 41
		IncX1: number = 0
		IncX2: number = 1
		IncY1: number = 1
		IncY2: number = 0
		Num: number = 20
		NumAdd: number = 0
		NumPix: number = 80
		To: object
		x: number = 131
		x1: number = 130
		x2: number = 170
		y: number = 170
		y1: number = 170
		y2: number = 170
Paused at 41
	Hit Breakpoint(s) 
	Call Stack: DrawLine, DrawQube, Init 
	Bindings: Den: number = 40
		dx: number = 40
		dy: number = 0
		From: object
		i: number = 42
		IncX1: number = 0
		IncX2: number = 1
		IncY1: number = 1
		IncY2: number = 0
		Num: number = 20
		NumAdd: number = 0
		NumPix: number = 80
		To: object
		x: number = 132
		x1: number = 130
		x2: number = 170
		y: number = 170
		y1: number = 170
		y2: number = 170
Paused at 41
	Hit Breakpoint(s) 
	Call Stack: DrawLine, DrawQube, Init 
	Bindings: Den: number = 40
		dx: number = 40
		dy: number = 0
		From: object
		i: number = 43
		IncX1: number = 0
		IncX2: number = 1
		IncY1: number = 1
		IncY2: number = 0
		Num: number = 20
		NumAdd: number = 0
		NumPix: number = 80
		To: object
		x: number = 133
		x1: number = 130
		x2: number = 170
		y: number = 170
		y1: number = 170
		y2: number = 170
Paused at 41
	Hit Breakpoint(s) 
	Call Stack: DrawLine, DrawQube, Init 
	Bindings: Den: number = 40
		dx: number = 40
		dy: number = 0
		From: object
		i: number = 44
		IncX1: number = 0
		IncX2: number = 1
		IncY1: number = 1
		IncY2: number = 0
		Num: number = 20
		NumAdd: number = 0
		NumPix: number = 80
		To: object
		x: number = 134
		x1: number = 130
		x2: number = 170
		y: number = 170
		y1: number = 170
		y2: number = 170
Paused at 41
	Hit Breakpoint(s) 
	Call Stack: DrawLine, DrawQube, Init 
	Bindings: Den: number = 40
		dx: number = 40
		dy: number = 0
		From: object
		i: number = 45
		IncX1: number = 0
		IncX2: number = 1
		IncY1: number = 1
		IncY2: number = 0
		Num: number = 20
		NumAdd: number = 0
		NumPix: number = 80
		To: object
		x: number = 135
		x1: number = 130
		x2: number = 170
		y: number = 170
		y1: number = 170
		y2: number = 170
Paused at 41
	Hit Breakpoint(s) 
	Call Stack: DrawLine, DrawQube, Init 
	Bindings: Den: number = 40
		dx: number = 40
		dy: number = 0
		From: object
		i: number = 46
		IncX1: number = 0
		IncX2: number = 1
		IncY1: number = 1
		IncY2: number = 0
		Num: number = 20
		NumAdd: number = 0
		NumPix: number = 80
		To: object
		x: number = 136
		x1: number = 130
		x2: number = 170
		y: number = 170
		y1: number = 170
		y2: number = 170
Paused at 41
	Hit Breakpoint(s) 
	Call Stack: DrawLine, DrawQube, Init 
	Bindings: Den: number = 40
		dx: number = 40
		dy: number = 0
		From: object
		i: number = 47
		IncX1: number = 0
		IncX2: number = 1
		IncY1: number = 1
		IncY2: number = 0
		Num: number = 20
		NumAdd: number = 0
		NumPix: number = 80
		To: object
		x: number = 137
		x1: number = 130
		x2: number = 170
		y: number = 170
		y1: number = 170
		y2: number = 170
Paused at 41
	Hit Breakpoint(s) 
	Call Stack: DrawLine, DrawQube, Init 
	Bindings: Den: number = 40
		dx: number = 40
		dy: number = 0
		From: object
		i: number = 48
		IncX1: number = 0
		IncX2: number = 1
		IncY1: number = 1
		IncY2: number = 0
		Num: number = 20
		NumAdd: number = 0
		NumPix: number = 80
		To: object
		x: number = 138
		x1: number = 130
		x2: number = 170
		y: number = 170
		y1: number = 170
		y2: number = 170
Paused at 41
	Hit Breakpoint(s) 
	Call Stack: DrawLine, DrawQube, Init 
	Bindings: Den: number = 40
		dx: number = 40
		dy: number = 0
		From: object
		i: number = 49
		IncX1: number = 0
		IncX2: number = 1
		IncY1: number = 1
		IncY2: number = 0
		Num: number = 20
		NumAdd: number = 0
		NumPix: number = 80
		To: object
		x: number = 139
		x1: number = 130
		x2: number = 170
		y: number = 170
		y1: number = 170
		y2: number = 170
Paused at 41
	Hit Breakpoint(s) 
	Call Stack: DrawLine, DrawQube, Init 
	Bindings: Den: number = 40
		dx: number = 40
		dy: number = 0
		From: object
		i: number = 50
		IncX1: number = 0
		IncX2: number = 1
		IncY1: number = 1
		IncY2: number = 0
		Num: number = 20
		NumAdd: number = 0
		NumPix: number = 80
		To: object
		x: number = 140
		x1: number = 130
		x2: number = 170
		y: number = 170
		y1: number = 170
		y2: number = 170
Paused at 41
	Hit Breakpoint(s) 
	Call Stack: DrawLine, DrawQube, Init 
	Bindings: Den: number = 40
		dx: number = 40
		dy: number = 0
		From: object
		i: number = 51
		IncX1: number = 0
		IncX2: number = 1
		IncY1: number = 1
		IncY2: number = 0
		Num: number = 20
		NumAdd: number = 0
		NumPix: number = 80
		To: object
		x: number = 141
		x1: number = 130
		x2: number = 170
		y: number = 170
		y1: number = 170
		y2: number = 170
Paused at 41
	Hit Breakpoint(s) 
	Call Stack: DrawLine, DrawQube, Init 
	Bindings: Den: number = 40
		dx: number = 40
		dy: number = 0
		From: object
		i: number = 52
		IncX1: number = 0
		IncX2: number = 1
		IncY1: number = 1
		IncY2: number = 0
		Num: number = 20
		NumAdd: number = 0
		NumPix: number = 80
		To: object
		x: number = 142
		x1: number = 130
		x2: number = 170
		y: number = 170
		y1: number = 170
		y2: number = 170
Paused at 41
	Hit Breakpoint(s) 
	Call Stack: DrawLine, DrawQube, Init 
	Bindings: Den: number = 40
		dx: number = 40
		dy: number = 0
		From: object
		i: number = 53
		IncX1: number = 0
		IncX2: number = 1
		IncY1: number = 1
		IncY2: number = 0
		Num: number = 20
		NumAdd: number = 0
		NumPix: number = 80
		To: object
		x: number = 143
		x1: number = 130
		x2: number = 170
		y: number = 170
		y1: number = 170
		y2: number = 170
Paused at 41
	Hit Breakpoint(s) 
	Call Stack: DrawLine, DrawQube, Init 
	Bindings: Den: number = 40
		dx: number = 40
		dy: number = 0
		From: object
		i: number = 54
		IncX1: number = 0
		IncX2: number = 1
		IncY1: number = 1
		IncY2: number = 0
		Num: number = 20
		NumAdd: number = 0
		NumPix: number = 80
		To: object
		x: number = 144
		x1: number = 130
		x2: number = 170
		y: number = 170
		y1: number = 170
		y2: number = 170
Paused at 41
	Hit Breakpoint(s) 
	Call Stack: DrawLine, DrawQube, Init 
	Bindings: Den: number = 40
		dx: number = 40
		dy: number = 0
		From: object
		i: number = 55
		IncX1: number = 0
		IncX2: number = 1
		IncY1: number = 1
		IncY2: number = 0
		Num: number = 20
		NumAdd: number = 0
		NumPix: number = 80
		To: object
		x: number = 145
		x1: number = 130
		x2: number = 170
		y: number = 170
		y1: number = 170
		y2: number = 170
Paused at 41
	Hit Breakpoint(s) 
	Call Stack: DrawLine, DrawQube, Init 
	Bindings: Den: number = 40
		dx: number = 40
		dy: number = 0
		From: object
		i: number = 56
		IncX1: number = 0
		IncX2: number = 1
		IncY1: number = 1
		IncY2: number = 0
		Num: number = 20
		NumAdd: number = 0
		NumPix: number = 80
		To: object
		x: number = 146
		x1: number = 130
		x2: number = 170
		y: number = 170
		y1: number = 170
		y2: number = 170
Paused at 41
	Hit Breakpoint(s) 
	Call Stack: DrawLine, DrawQube, Init 
	Bindings: Den: number = 40
		dx: number = 40
		dy: number = 0
		From: object
		i: number = 57
		IncX1: number = 0
		IncX2: number = 1
		IncY1: number = 1
		IncY2: number = 0
		Num: number = 20
		NumAdd: number = 0
		NumPix: number = 80
		To: object
		x: number = 147
		x1: number = 130
		x2: number = 170
		y: number = 170
		y1: number = 170
		y2: number = 170
Paused at 41
	Hit Breakpoint(s) 
	Call Stack: DrawLine, DrawQube, Init 
	Bindings: Den: number = 40
		dx: number = 40
		dy: number = 0
		From: object
		i: number = 58
		IncX1: number = 0
		IncX2: number = 1
		IncY1: number = 1
		IncY2: number = 0
		Num: number = 20
		NumAdd: number = 0
		NumPix: number = 80
		To: object
		x: number = 148
		x1: number = 130
		x2: number = 170
		y: number = 170
		y1: number = 170
		y2: number = 170
