Breakpoint Set at 14
Breakpoint Set at 27
Breakpoint Set at 174
Breakpoint Set at 156
Breakpoint Set at 282
Breakpoint Set at 77
Breakpoint Set at 203
Breakpoint Set at 194
Breakpoint Set at 252
Breakpoint Set at 54
Breakpoint Set at 208
Breakpoint Set at 43
Breakpoint Set at 118
Breakpoint Set at 227
Breakpoint Set at 282
Breakpoint Set at 286
Breakpoint Set at 255
Breakpoint Set at 282
Breakpoint Set at 25
Breakpoint Set at 58
Breakpoint Set at 187
Breakpoint Set at 66
Breakpoint Set at 282
Breakpoint Set at 140
Breakpoint Set at 34
Breakpoint Set at 131
Paused at 14
	Hit Breakpoint(s) 
	Call Stack:  
	Bindings: 
Paused at 282
	Hit Breakpoint(s) 
	Call Stack:  
	Bindings: 
Paused at 282
	Hit Breakpoint(s) 
	Call Stack:  
	Bindings: 
Paused at 282
	Hit Breakpoint(s) 
	Call Stack:  
	Bindings: 
Paused at 282
	Hit Breakpoint(s) 
	Call Stack:  
	Bindings: 
Paused at 282
	Hit Breakpoint(s) 
	Call Stack:  
	Bindings: 
Paused at 286
	Hit Breakpoint(s) 
	Call Stack:  
	Bindings: 
Paused at 203
	Hit Breakpoint(s) 
	Call Stack: str2binl, hex_md5 
	Bindings: bin: undefined
		i: undefined
		mask: undefined
		str: string = o peace,
Profaners of this neighbour-stained steel,--
Will they not hear? What, ho! you men, you beasts,
That quench the fire of your pernicious rage
With purple fountains issuing from your veins,
On pain of torture, from those bloody hands
Throw your mistemper'd weapons to the ground,
And hear the sentence of your moved prince.
Three civil brawls, bred of an airy word,
By thee, old Capulet, and Montague,
Have thrice disturb'd the quiet of our streets,
And made Verona's ancient citizens
Cast by their grave beseeming ornaments,
To wield old partisans, in hands as old,
Canker'd with peace, to part your canker'd hate:
If ever you disturb our streets again,
Your lives shall pay the forfeit of the peace.
For this time, all the rest depart away:
You Capulet; shall go along with me:
And, Montague, come you this afternoon,
To know our further pleasure in this case,
To old Free-town, our common judgment-place.
Once more, on pain of death, all men depart.Rebellious 
Paused at 208
	Hit Breakpoint(s) 
	Call Stack: str2binl, hex_md5 
	Bindings: bin: array
		i: number = 126592
		mask: number = 255
		str: string = o peace,
Profaners of this neighbour-stained steel,--
Will they not hear? What, ho! you men, you beasts,
That quench the fire of your pernicious rage
With purple fountains issuing from your veins,
On pain of torture, from those bloody hands
Throw your mistemper'd weapons to the ground,
And hear the sentence of your moved prince.
Three civil brawls, bred of an airy word,
By thee, old Capulet, and Montague,
Have thrice disturb'd the quiet of our streets,
And made Verona's ancient citizens
Cast by their grave beseeming ornaments,
To wield old partisans, in hands as old,
Canker'd with peace, to part your canker'd hate:
If ever you disturb our streets again,
Your lives shall pay the forfeit of the peace.
For this time, all the rest depart away:
You Capulet; shall go along with me:
And, Montague, come you this afternoon,
To know our further pleasure in this case,
To old Free-town, our common judgment-place.
Once more, on pain of death, all men depart.Rebellious 
Paused at 43
	Hit Breakpoint(s) 
	Call Stack: core_md5, hex_md5 
	Bindings: a: undefined
		b: undefined
		c: undefined
		d: undefined
		i: undefined
		len: number = 126592
		olda: undefined
		oldb: undefined
		oldc: undefined
		oldd: undefined
		x: array
Paused at 54
	Hit Breakpoint(s) 
	Call Stack: core_md5, hex_md5 
	Bindings: a: number = 1732584193
		b: number = -271733879
		c: number = -1732584194
		d: number = 271733878
		i: number = 0
		len: number = 126592
		olda: number = 1732584193
		oldb: undefined
		oldc: undefined
		oldd: undefined
		x: array
Paused at 58
	Hit Breakpoint(s) 
	Call Stack: core_md5, hex_md5 
	Bindings: a: number = 1732584193
		b: number = -271733879
		c: number = -1732584194
		d: number = 271733878
		i: number = 0
		len: number = 126592
		olda: number = 1732584193
		oldb: number = -271733879
		oldc: number = -1732584194
		oldd: number = 271733878
		x: array
Paused at 140
	Hit Breakpoint(s) 
	Call Stack: md5_cmn, md5_ff, core_md5, hex_md5 
	Bindings: a: number = 1732584193
		b: number = -271733879
		q: number = -1732584194
		s: number = 7
		t: number = -680876936
		x: number = 1700947282
Paused at 187
	Hit Breakpoint(s) 
	Call Stack: safe_add, md5_cmn, md5_ff, core_md5, hex_md5 
	Bindings: lsw: number = 65535
		msw: number = -1
		x: number = 1732584193
		y: number = -1732584194
Paused at 187
	Hit Breakpoint(s) 
	Call Stack: safe_add, md5_cmn, md5_ff, core_md5, hex_md5 
	Bindings: lsw: number = 68042
		msw: number = 15565
		x: number = 1700947282
		y: number = -680876936
Paused at 187
	Hit Breakpoint(s) 
	Call Stack: safe_add, md5_cmn, md5_ff, core_md5, hex_md5 
	Bindings: lsw: number = 68041
		msw: number = 15565
		x: number = -1
		y: number = 1020070346
Paused at 194
	Hit Breakpoint(s) 
	Call Stack: bit_rol, md5_cmn, md5_ff, core_md5, hex_md5 
	Bindings: cnt: number = 7
		num: number = 1020070345
Paused at 187
	Hit Breakpoint(s) 
	Call Stack: safe_add, md5_cmn, md5_ff, core_md5, hex_md5 
	Bindings: lsw: number = 102439
		msw: number = 22098
		x: number = 1719985310
		y: number = -271733879
Paused at 140
	Hit Breakpoint(s) 
	Call Stack: md5_cmn, md5_ff, core_md5, hex_md5 
	Bindings: a: number = 271733878
		b: number = 1448251431
		q: number = -823604007
		s: number = 12
		t: number = -389564586
		x: number = 1869180012
Paused at 187
	Hit Breakpoint(s) 
	Call Stack: safe_add, md5_cmn, md5_ff, core_md5, hex_md5 
	Bindings: lsw: number = 74063
		msw: number = -8421
		x: number = 271733878
		y: number = -823604007
Paused at 187
	Hit Breakpoint(s) 
	Call Stack: safe_add, md5_cmn, md5_ff, core_md5, hex_md5 
	Bindings: lsw: number = 74690
		msw: number = 22577
		x: number = 1869180012
		y: number = -389564586
Paused at 187
	Hit Breakpoint(s) 
	Call Stack: safe_add, md5_cmn, md5_ff, core_md5, hex_md5 
	Bindings: lsw: number = 17681
		msw: number = 14156
		x: number = -551870129
		y: number = 1479615426
Paused at 194
	Hit Breakpoint(s) 
	Call Stack: bit_rol, md5_cmn, md5_ff, core_md5, hex_md5 
	Bindings: cnt: number = 12
		num: number = 927745297
Paused at 187
	Hit Breakpoint(s) 
	Call Stack: safe_add, md5_cmn, md5_ff, core_md5, hex_md5 
	Bindings: lsw: number = 41883
		msw: number = 6819
		x: number = -1001319564
		y: number = 1448251431
Paused at 140
	Hit Breakpoint(s) 
	Call Stack: md5_cmn, md5_ff, core_md5, hex_md5 
	Bindings: a: number = -1732584194
		b: number = 446931867
		q: number = -145848317
		s: number = 17
		t: number = 606105819
		x: number = 1931506549
Paused at 187
	Hit Breakpoint(s) 
	Call Stack: safe_add, md5_cmn, md5_ff, core_md5, hex_md5 
	Bindings: lsw: number = 91393
		msw: number = -28663
		x: number = -1732584194
		y: number = -145848317
Paused at 187
	Hit Breakpoint(s) 
	Call Stack: safe_add, md5_cmn, md5_ff, core_md5, hex_md5 
	Bindings: lsw: number = 58448
		msw: number = 38720
		x: number = 1931506549
		y: number = 606105819
Paused at 187
	Hit Breakpoint(s) 
	Call Stack: safe_add, md5_cmn, md5_ff, core_md5, hex_md5 
	Bindings: lsw: number = 84305
		msw: number = -55478
		x: number = -1878432511
		y: number = -1757354928
Paused at 194
	Hit Breakpoint(s) 
	Call Stack: bit_rol, md5_cmn, md5_ff, core_md5, hex_md5 
	Bindings: cnt: number = 17
		num: number = 659179857
Paused at 187
	Hit Breakpoint(s) 
	Call Stack: safe_add, md5_cmn, md5_ff, core_md5, hex_md5 
	Bindings: lsw: number = 61999
		msw: number = -21179
		x: number = -1834856812
		y: number = 446931867
Paused at 140
	Hit Breakpoint(s) 
	Call Stack: md5_cmn, md5_ff, core_md5, hex_md5 
	Bindings: a: number = -271733879
		b: number = -1387924945
		q: number = 1511236107
		s: number = 22
		t: number = -1044525330
		x: number = 1701470837
Paused at 187
	Hit Breakpoint(s) 
	Call Stack: safe_add, md5_cmn, md5_ff, core_md5, hex_md5 
	Bindings: lsw: number = 85396
		msw: number = 18913
		x: number = -271733879
		y: number = 1511236107
Paused at 187
	Hit Breakpoint(s) 
	Call Stack: safe_add, md5_cmn, md5_ff, core_md5, hex_md5 
	Bindings: lsw: number = 78179
		msw: number = 10024
		x: number = 1701470837
		y: number = -1044525330
Paused at 187
	Hit Breakpoint(s) 
	Call Stack: safe_add, md5_cmn, md5_ff, core_md5, hex_md5 
	Bindings: lsw: number = 32503
		msw: number = 28937
		x: number = 1239502228
		y: number = 656945507
Paused at 194
	Hit Breakpoint(s) 
	Call Stack: bit_rol, md5_cmn, md5_ff, core_md5, hex_md5 
	Bindings: cnt: number = 22
		num: number = 1896447735
Paused at 187
	Hit Breakpoint(s) 
	Call Stack: safe_add, md5_cmn, md5_ff, core_md5, hex_md5 
	Bindings: lsw: number = 78990
		msw: number = -38110
		x: number = -1109638561
		y: number = -1387924945
Paused at 140
	Hit Breakpoint(s) 
	Call Stack: md5_cmn, md5_ff, core_md5, hex_md5 
	Bindings: a: number = 1448251431
		b: number = 1797403790
		q: number = 964801311
		s: number = 7
		t: number = -176418897
		x: number = 745763939
Paused at 187
	Hit Breakpoint(s) 
	Call Stack: safe_add, md5_cmn, md5_ff, core_md5, hex_md5 
	Bindings: lsw: number = 82758
		msw: number = 36820
		x: number = 1448251431
		y: number = 964801311
Paused at 187
	Hit Breakpoint(s) 
	Call Stack: safe_add, md5_cmn, md5_ff, core_md5, hex_md5 
	Bindings: lsw: number = 33810
		msw: number = 8687
		x: number = 745763939
		y: number = -176418897
Paused at 187
	Hit Breakpoint(s) 
	Call Stack: safe_add, md5_cmn, md5_ff, core_md5, hex_md5 
	Bindings: lsw: number = 51032
		msw: number = -20029
		x: number = -1881914554
		y: number = 569345042
Paused at 194
	Hit Breakpoint(s) 
	Call Stack: bit_rol, md5_cmn, md5_ff, core_md5, hex_md5 
	Bindings: cnt: number = 7
		num: number = -1312569512
Paused at 187
	Hit Breakpoint(s) 
	Call Stack: safe_add, md5_cmn, md5_ff, core_md5, hex_md5 
	Bindings: lsw: number = 57574
		msw: number = 19717
		x: number = -505172904
		y: number = 1797403790
Paused at 140
	Hit Breakpoint(s) 
	Call Stack: md5_cmn, md5_ff, core_md5, hex_md5 
	Bindings: a: number = 446931867
		b: number = 1292230886
		q: number = -381668721
		s: number = 12
		t: number = 1200080426
		x: number = 1701733664
Paused at 187
	Hit Breakpoint(s) 
	Call Stack: safe_add, md5_cmn, md5_ff, core_md5, hex_md5 
	Bindings: lsw: number = 54826
		msw: number = 995
		x: number = 446931867
		y: number = -381668721
Paused at 187
	Hit Breakpoint(s) 
	Call Stack: safe_add, md5_cmn, md5_ff, core_md5, hex_md5 
	Bindings: lsw: number = 76618
		msw: number = 44278
		x: number = 1701733664
		y: number = 1200080426
Paused at 187
	Hit Breakpoint(s) 
	Call Stack: safe_add, md5_cmn, md5_ff, core_md5, hex_md5 
	Bindings: lsw: number = 65908
		msw: number = -20262
		x: number = 65263146
		y: number = -1393153206
Paused at 194
	Hit Breakpoint(s) 
	Call Stack: bit_rol, md5_cmn, md5_ff, core_md5, hex_md5 
	Bindings: cnt: number = 12
		num: number = -1327890060
Paused at 187
	Hit Breakpoint(s) 
	Call Stack: safe_add, md5_cmn, md5_ff, core_md5, hex_md5 
	Bindings: lsw: number = 76787
		msw: number = -4835
		x: number = -1609086195
		y: number = 1292230886
Paused at 140
	Hit Breakpoint(s) 
	Call Stack: md5_cmn, md5_ff, core_md5, hex_md5 
	Bindings: a: number = -1387924945
		b: number = -316855309
		q: number = 1327969518
		s: number = 17
		t: number = -1473231341
		x: number = 1936025965
Paused at 187
	Hit Breakpoint(s) 
	Call Stack: safe_add, md5_cmn, md5_ff, core_md5, hex_md5 
	Bindings: lsw: number = 75549
		msw: number = -915
		x: number = -1387924945
		y: number = 1327969518
Paused at 187
	Hit Breakpoint(s) 
	Call Stack: safe_add, md5_cmn, md5_ff, core_md5, hex_md5 
	Bindings: lsw: number = 44928
		msw: number = 7061
		x: number = 1936025965
		y: number = -1473231341
Paused at 187
	Hit Breakpoint(s) 
	Call Stack: safe_add, md5_cmn, md5_ff, core_md5, hex_md5 
	Bindings: lsw: number = 54941
		msw: number = 6146
		x: number = -59955427
		y: number = 462794624
Paused at 194
	Hit Breakpoint(s) 
	Call Stack: bit_rol, md5_cmn, md5_ff, core_md5, hex_md5 
	Bindings: cnt: number = 17
		num: number = 402839197
Paused at 187
	Hit Breakpoint(s) 
	Call Stack: safe_add, md5_cmn, md5_ff, core_md5, hex_md5 
	Bindings: lsw: number = 23544
		msw: number = -26025
		x: number = -1388695547
		y: number = -316855309
Paused at 140
	Hit Breakpoint(s) 
	Call Stack: md5_cmn, md5_ff, core_md5, hex_md5 
	Bindings: a: number = 1797403790
		b: number = -1705550856
		q: number = -854217738
		s: number = 22
		t: number = -45705983
		x: number = 544175136
Paused at 187
	Hit Breakpoint(s) 
	Call Stack: safe_add, md5_cmn, md5_ff, core_md5, hex_md5 
	Bindings: lsw: number = 57476
		msw: number = 14391
		x: number = 1797403790
		y: number = -854217738
Paused at 187
	Hit Breakpoint(s) 
	Call Stack: safe_add, md5_cmn, md5_ff, core_md5, hex_md5 
	Bindings: lsw: number = 67873
		msw: number = 7606
		x: number = 544175136
		y: number = -45705983
Paused at 187
	Hit Breakpoint(s) 
	Call Stack: safe_add, md5_cmn, md5_ff, core_md5, hex_md5 
	Bindings: lsw: number = 59813
		msw: number = 21997
		x: number = 943186052
		y: number = 498469153
Paused at 194
	Hit Breakpoint(s) 
	Call Stack: bit_rol, md5_cmn, md5_ff, core_md5, hex_md5 
	Bindings: cnt: number = 22
		num: number = 1441655205
Paused at 187
	Hit Breakpoint(s) 
	Call Stack: safe_add, md5_cmn, md5_ff, core_md5, hex_md5 
	Bindings: lsw: number = 55154
		msw: number = 940
		x: number = 1767209850
		y: number = -1705550856
Paused at 66
	Hit Breakpoint(s) 
	Call Stack: core_md5, hex_md5 
	Bindings: a: number = 1292230886
		b: number = 61658994
		c: number = -1705550856
		d: number = -316855309
		i: number = 0
		len: number = 126592
		olda: number = 1732584193
		oldb: number = -271733879
		oldc: number = -1732584194
		oldd: number = 271733878
		x: array
Paused at 140
	Hit Breakpoint(s) 
	Call Stack: md5_cmn, md5_ff, core_md5, hex_md5 
	Bindings: a: number = 1292230886
		b: number = 61658994
		q: number = -300581903
		s: number = 7
		t: number = 1770035416
		x: number = 1667327344
Paused at 187
	Hit Breakpoint(s) 
	Call Stack: safe_add, md5_cmn, md5_ff, core_md5, hex_md5 
	Bindings: lsw: number = 89303
		msw: number = 15131
		x: number = 1292230886
		y: number = -300581903
Paused at 187
	Hit Breakpoint(s) 
	Call Stack: safe_add, md5_cmn, md5_ff, core_md5, hex_md5 
	Bindings: lsw: number = 65096
		msw: number = 52449
		x: number = 1667327344
		y: number = 1770035416
Paused at 187
	Hit Breakpoint(s) 
	Call Stack: safe_add, md5_cmn, md5_ff, core_md5, hex_md5 
	Bindings: lsw: number = 88863
		msw: number = 2045
		x: number = 991648983
		y: number = -857604536
Paused at 194
	Hit Breakpoint(s) 
	Call Stack: bit_rol, md5_cmn, md5_ff, core_md5, hex_md5 
	Bindings: cnt: number = 7
		num: number = 134044447
Paused at 187
	Hit Breakpoint(s) 
	Call Stack: safe_add, md5_cmn, md5_ff, core_md5, hex_md5 
	Bindings: lsw: number = 91893
		msw: number = 602
		x: number = -22179965
		y: number = 61658994
Paused at 140
	Hit Breakpoint(s) 
	Call Stack: md5_cmn, md5_ff, core_md5, hex_md5 
	Bindings: a: number = -316855309
		b: number = 39479029
		q: number = -1710399624
		s: number = 12
		t: number = -1958414417
		x: number = 1342844005
Paused at 187
	Hit Breakpoint(s) 
	Call Stack: safe_add, md5_cmn, md5_ff, core_md5, hex_md5 
	Bindings: lsw: number = 35691
		msw: number = -30934
		x: number = -316855309
		y: number = -1710399624
Paused at 187
	Hit Breakpoint(s) 
	Call Stack: safe_add, md5_cmn, md5_ff, core_md5, hex_md5 
	Bindings: lsw: number = 74772
		msw: number = -9393
		x: number = 1342844005
		y: number = -1958414417
Paused at 187
	Hit Breakpoint(s) 
	Call Stack: safe_add, md5_cmn, md5_ff, core_md5, hex_md5 
	Bindings: lsw: number = 44927
		msw: number = -40327
		x: number = -2027254933
		y: number = -615570412
Paused at 194
	Hit Breakpoint(s) 
	Call Stack: bit_rol, md5_cmn, md5_ff, core_md5, hex_md5 
	Bindings: cnt: number = 12
		num: number = 1652141951
Paused at 187
	Hit Breakpoint(s) 
	Call Stack: safe_add, md5_cmn, md5_ff, core_md5, hex_md5 
	Bindings: lsw: number = 89372
		msw: number = -25262
		x: number = -1695025625
		y: number = 39479029
Paused at 140
	Hit Breakpoint(s) 
	Call Stack: md5_cmn, md5_ff, core_md5, hex_md5 
	Bindings: a: number = -1705550856
		b: number = -1655546596
		q: number = 50251382
		s: number = 17
		t: number = -42063
		x: number = 1634103154
Paused at 187
	Hit Breakpoint(s) 
	Call Stack: safe_add, md5_cmn, md5_ff, core_md5, hex_md5 
	Bindings: lsw: number = 74350
		msw: number = -25258
		x: number = -1705550856
		y: number = 50251382
Paused at 187
	Hit Breakpoint(s) 
	Call Stack: safe_add, md5_cmn, md5_ff, core_md5, hex_md5 
	Bindings: lsw: number = 52003
		msw: number = 24933
		x: number = 1634103154
		y: number = -42063
Paused at 187
	Hit Breakpoint(s) 
	Call Stack: safe_add, md5_cmn, md5_ff, core_md5, hex_md5 
	Bindings: lsw: number = 60817
		msw: number = -325
		x: number = -1655299474
		y: number = 1634061091
Paused at 194
	Hit Breakpoint(s) 
	Call Stack: bit_rol, md5_cmn, md5_ff, core_md5, hex_md5 
	Bindings: cnt: number = 17
		num: number = -21238383
Paused at 187
	Hit Breakpoint(s) 
	Call Stack: safe_add, md5_cmn, md5_ff, core_md5, hex_md5 
	Bindings: lsw: number = 88723
		msw: number = -34698
		x: number = -618398345
		y: number = -1655546596
Paused at 140
	Hit Breakpoint(s) 
	Call Stack: md5_cmn, md5_ff, core_md5, hex_md5 
	Bindings: a: number = 61658994
		b: number = 2021022355
		q: number = 442137716
		s: number = 22
		t: number = -1990404162
		x: number = 1936876910
Paused at 187
	Hit Breakpoint(s) 
	Call Stack: safe_add, md5_cmn, md5_ff, core_md5, hex_md5 
	Bindings: lsw: number = 87014
		msw: number = 7687
		x: number = 61658994
		y: number = 442137716
Paused at 187
	Hit Breakpoint(s) 
	Call Stack: safe_add, md5_cmn, md5_ff, core_md5, hex_md5 
	Bindings: lsw: number = 81196
		msw: number = -817
		x: number = 1936876910
		y: number = -1990404162
Paused at 187
	Hit Breakpoint(s) 
	Call Stack: safe_add, md5_cmn, md5_ff, core_md5, hex_md5 
	Bindings: lsw: number = 37138
		msw: number = 6870
		x: number = 503796710
		y: number = -53527252
Paused at 194
	Hit Breakpoint(s) 
	Call Stack: bit_rol, md5_cmn, md5_ff, core_md5, hex_md5 
	Bindings: cnt: number = 22
		num: number = 450269458
Paused at 187
	Hit Breakpoint(s) 
	Call Stack: safe_add, md5_cmn, md5_ff, core_md5, hex_md5 
	Bindings: lsw: number = 69687
		msw: number = 48381
		x: number = 1149679012
		y: number = 2021022355
Paused at 140
	Hit Breakpoint(s) 
	Call Stack: md5_cmn, md5_ff, core_md5, hex_md5 
	Bindings: a: number = 39479029
		b: number = -1124265929
		q: number = 964058395
		s: number = 7
		t: number = 1804603682
		x: number = 543584032
Paused at 187
	Hit Breakpoint(s) 
	Call Stack: safe_add, md5_cmn, md5_ff, core_md5, hex_md5 
	Bindings: lsw: number = 50192
		msw: number = 15312
		x: number = 39479029
		y: number = 964058395
Paused at 187
	Hit Breakpoint(s) 
	Call Stack: safe_add, md5_cmn, md5_ff, core_md5, hex_md5 
	Bindings: lsw: number = 32834
		msw: number = 35830
		x: number = 543584032
		y: number = 1804603682
Paused at 187
	Hit Breakpoint(s) 
	Call Stack: safe_add, md5_cmn, md5_ff, core_md5, hex_md5 
	Bindings: lsw: number = 83026
		msw: number = -14393
		x: number = 1003537424
		y: number = -1946779582
Paused at 194
	Hit Breakpoint(s) 
	Call Stack: bit_rol, md5_cmn, md5_ff, core_md5, hex_md5 
	Bindings: cnt: number = 7
		num: number = -943242158
Paused at 187
	Hit Breakpoint(s) 
	Call Stack: safe_add, md5_cmn, md5_ff, core_md5, hex_md5 
	Bindings: lsw: number = 14746
		msw: number = -24417
		x: number = -475911837
		y: number = -1124265929
Paused at 140
	Hit Breakpoint(s) 
	Call Stack: md5_cmn, md5_ff, core_md5, hex_md5 
	Bindings: a: number = -1655546596
		b: number = -1600177766
		q: number = -117616109
		s: number = 12
		t: number = -40341101
		x: number = 1936287860
Paused at 187
	Hit Breakpoint(s) 
	Call Stack: safe_add, md5_cmn, md5_ff, core_md5, hex_md5 
	Bindings: lsw: number = 44847
		msw: number = -27057
		x: number = -1655546596
		y: number = -117616109
Paused at 187
	Hit Breakpoint(s) 
	Call Stack: safe_add, md5_cmn, md5_ff, core_md5, hex_md5 
	Bindings: lsw: number = 55815
		msw: number = 28929
		x: number = 1936287860
		y: number = -40341101
Paused at 187
	Hit Breakpoint(s) 
	Call Stack: safe_add, md5_cmn, md5_ff, core_md5, hex_md5 
	Bindings: lsw: number = 100662
		msw: number = 1873
		x: number = -1773162705
		y: number = 1895946759
Paused at 194
	Hit Breakpoint(s) 
	Call Stack: bit_rol, md5_cmn, md5_ff, core_md5, hex_md5 
	Bindings: cnt: number = 12
		num: number = 122784054
Paused at 187
	Hit Breakpoint(s) 
	Call Stack: safe_add, md5_cmn, md5_ff, core_md5, hex_md5 
	Bindings: lsw: number = 39439
		msw: number = -18126
		x: number = 412311669
		y: number = -1600177766
Paused at 140
	Hit Breakpoint(s) 
	Call Stack: md5_cmn, md5_ff, core_md5, hex_md5 
	Bindings: a: number = 2021022355
		b: number = -1187866097
		q: number = -1528883142
		s: number = 17
		t: number = -1502002290
		x: number = 1768255008
Paused at 187
	Hit Breakpoint(s) 
	Call Stack: safe_add, md5_cmn, md5_ff, core_md5, hex_md5 
	Bindings: lsw: number = 29389
		msw: number = 7509
		x: number = 2021022355
		y: number = -1528883142
Paused at 187
	Hit Breakpoint(s) 
	Call Stack: safe_add, md5_cmn, md5_ff, core_md5, hex_md5 
	Bindings: lsw: number = 45486
		msw: number = 4062
		x: number = 1768255008
		y: number = -1502002290
Paused at 187
	Hit Breakpoint(s) 
	Call Stack: safe_add, md5_cmn, md5_ff, core_md5, hex_md5 
	Bindings: lsw: number = 74875
		msw: number = 11572
		x: number = 492139213
		y: number = 266252718
