Breakpoint Set at 15
Breakpoint Set at 40
Breakpoint Set at 254
Breakpoint Set at 226
Breakpoint Set at 395
Breakpoint Set at 108
Breakpoint Set at 290
Breakpoint Set at 279
Breakpoint Set at 372
Breakpoint Set at 71
Breakpoint Set at 307
Breakpoint Set at 53
Breakpoint Set at 165
Breakpoint Set at 335
Breakpoint Set at 399
Breakpoint Set at 416
Breakpoint Set at 373
Breakpoint Set at 407
Breakpoint Set at 29
Breakpoint Set at 72
Breakpoint Set at 273
Breakpoint Set at 86
Breakpoint Set at 385
Breakpoint Set at 186
Breakpoint Set at 31
Breakpoint Set at 182
Breakpoint Set at 177
Breakpoint Set at 93
Breakpoint Set at 344
Breakpoint Set at 368
Breakpoint Set at 124
Breakpoint Set at 348
Breakpoint Set at 297
Breakpoint Set at 12
Paused at 124
	Hit Breakpoint(s) 
	Call Stack:  
	Bindings: 
Paused at 290
	Hit Breakpoint(s) 
	Call Stack:  
	Bindings: 
Paused at 385
	Hit Breakpoint(s) 
	Call Stack:  
	Bindings: 
Paused at 419
	Hit Breakpoint(s) 
	Call Stack:  
	Bindings: 
Paused at 165
	Hit Breakpoint(s) 
	Call Stack: AESEncryptCtr 
	Bindings: b: undefined
		blockCount: undefined
		blockLength: undefined
		blockSize: undefined
		c: undefined
		cipherByte: undefined
		cipherCntr: undefined
		ciphertext: undefined
		counterBlock: undefined
		ct: undefined
		ctrTxt: undefined
		i: undefined
		key: undefined
		keySchedule: undefined
		nBits: number = 256
		nBytes: undefined
		nonce: undefined
		password: string = O Romeo, Romeo! wherefore art thou Romeo?
		plaintext: string = ROMEO: But, soft! what light through yonder window breaks?
It is the east, and Juliet is the sun.
Arise, fair sun, and kill the envious moon,
Who is already sick and pale with grief,
That thou her maid art far more fair than she:
Be not her maid, since she is envious;
Her vestal livery is but sick and green
And none but fools do wear it; cast it off.
It is my lady, O, it is my love!
O, that she knew she were!
She speaks yet she says nothing: what of that?
Her eye discourses; I will answer it.
I am too bold, 'tis not to me she speaks:
Two of the fairest stars in all the heaven,
Having some business, do entreat her eyes
To twinkle in their spheres till they return.
What if her eyes were there, they in her head?
The brightness of her cheek would shame those stars,
As daylight doth a lamp; her eyes in heaven
Would through the airy region stream so bright
That birds would sing and think it were not night.
See, how she leans her cheek upon her hand!
O, that I were a glove upon that hand,
That I might touch that cheek!
JULIET: Ay me!
ROMEO: She speaks:
O, speak again, bright angel! for thou art
As glorious to this night, being o'er my head
As is a winged messenger of heaven
Unto the white-upturned wondering eyes
Of mortals that fall back to gaze on him
When he bestrides the lazy-pacing clouds
And sails upon the bosom of the air.
		plaintextByte: undefined
		pwBytes: undefined
Paused at 86
	Hit Breakpoint(s) 
	Call Stack: KeyExpansion, AESEncryptCtr 
	Bindings: i: undefined
		key: array
		Nb: number = 4
		Nk: number = 8
		Nr: undefined
		r: undefined
		t: undefined
		temp: undefined
		w: undefined
Paused at 93
	Hit Breakpoint(s) 
	Call Stack: KeyExpansion, AESEncryptCtr 
	Bindings: i: number = 0
		key: array
		Nb: number = 4
		Nk: number = 8
		Nr: number = 14
		r: array
		t: undefined
		temp: array
		w: array
Paused at 93
	Hit Breakpoint(s) 
	Call Stack: KeyExpansion, AESEncryptCtr 
	Bindings: i: number = 1
		key: array
		Nb: number = 4
		Nk: number = 8
		Nr: number = 14
		r: array
		t: undefined
		temp: array
		w: array
Paused at 93
	Hit Breakpoint(s) 
	Call Stack: KeyExpansion, AESEncryptCtr 
	Bindings: i: number = 2
		key: array
		Nb: number = 4
		Nk: number = 8
		Nr: number = 14
		r: array
		t: undefined
		temp: array
		w: array
Paused at 93
	Hit Breakpoint(s) 
	Call Stack: KeyExpansion, AESEncryptCtr 
	Bindings: i: number = 3
		key: array
		Nb: number = 4
		Nk: number = 8
		Nr: number = 14
		r: array
		t: undefined
		temp: array
		w: array
Paused at 93
	Hit Breakpoint(s) 
	Call Stack: KeyExpansion, AESEncryptCtr 
	Bindings: i: number = 4
		key: array
		Nb: number = 4
		Nk: number = 8
		Nr: number = 14
		r: array
		t: undefined
		temp: array
		w: array
Paused at 93
	Hit Breakpoint(s) 
	Call Stack: KeyExpansion, AESEncryptCtr 
	Bindings: i: number = 5
		key: array
		Nb: number = 4
		Nk: number = 8
		Nr: number = 14
		r: array
		t: undefined
		temp: array
		w: array
Paused at 93
	Hit Breakpoint(s) 
	Call Stack: KeyExpansion, AESEncryptCtr 
	Bindings: i: number = 6
		key: array
		Nb: number = 4
		Nk: number = 8
		Nr: number = 14
		r: array
		t: undefined
		temp: array
		w: array
Paused at 93
	Hit Breakpoint(s) 
	Call Stack: KeyExpansion, AESEncryptCtr 
	Bindings: i: number = 7
		key: array
		Nb: number = 4
		Nk: number = 8
		Nr: number = 14
		r: array
		t: undefined
		temp: array
		w: array
Paused at 108
	Hit Breakpoint(s) 
	Call Stack: KeyExpansion, AESEncryptCtr 
	Bindings: i: number = 60
		key: array
		Nb: number = 4
		Nk: number = 8
		Nr: number = 14
		r: array
		t: number = 4
		temp: array
		w: array
Paused at 14
	Hit Breakpoint(s) 
	Call Stack: Cipher, AESEncryptCtr 
	Bindings: i: undefined
		input: array
		Nb: undefined
		Nr: undefined
		output: undefined
		round: undefined
		state: undefined
		w: array
Paused at 15
	Hit Breakpoint(s) 
	Call Stack: Cipher, AESEncryptCtr 
	Bindings: i: undefined
		input: array
		Nb: number = 4
		Nr: undefined
		output: undefined
		round: undefined
		state: undefined
		w: array
Paused at 40
	Hit Breakpoint(s) 
	Call Stack: SubBytes, Cipher, AESEncryptCtr 
	Bindings: c: undefined
		Nb: number = 4
		r: undefined
		s: array
Paused at 40
	Hit Breakpoint(s) 
	Call Stack: SubBytes, Cipher, AESEncryptCtr 
	Bindings: c: number = 4
		Nb: number = 4
		r: number = 0
		s: array
Paused at 40
	Hit Breakpoint(s) 
	Call Stack: SubBytes, Cipher, AESEncryptCtr 
	Bindings: c: number = 4
		Nb: number = 4
		r: number = 1
		s: array
Paused at 40
	Hit Breakpoint(s) 
	Call Stack: SubBytes, Cipher, AESEncryptCtr 
	Bindings: c: number = 4
		Nb: number = 4
		r: number = 2
		s: array
Paused at 40
	Hit Breakpoint(s) 
	Call Stack: SubBytes, Cipher, AESEncryptCtr 
	Bindings: c: number = 4
		Nb: number = 4
		r: number = 3
		s: array
Paused at 53
	Hit Breakpoint(s) 
	Call Stack: ShiftRows, Cipher, AESEncryptCtr 
	Bindings: c: number = 4
		Nb: number = 4
		r: number = 4
		s: array
		t: array
Paused at 71
	Hit Breakpoint(s) 
	Call Stack: MixColumns, Cipher, AESEncryptCtr 
	Bindings: a: array
		b: array
		c: number = 4
		i: number = 4
		Nb: number = 4
		s: array
Paused at 72
	Hit Breakpoint(s) 
	Call Stack: MixColumns, Cipher, AESEncryptCtr 
	Bindings: a: array
		b: array
		c: number = 4
		i: number = 4
		Nb: number = 4
		s: array
Paused at 40
	Hit Breakpoint(s) 
	Call Stack: SubBytes, Cipher, AESEncryptCtr 
	Bindings: c: undefined
		Nb: number = 4
		r: undefined
		s: array
Paused at 40
	Hit Breakpoint(s) 
	Call Stack: SubBytes, Cipher, AESEncryptCtr 
	Bindings: c: number = 4
		Nb: number = 4
		r: number = 0
		s: array
Paused at 40
	Hit Breakpoint(s) 
	Call Stack: SubBytes, Cipher, AESEncryptCtr 
	Bindings: c: number = 4
		Nb: number = 4
		r: number = 1
		s: array
Paused at 40
	Hit Breakpoint(s) 
	Call Stack: SubBytes, Cipher, AESEncryptCtr 
	Bindings: c: number = 4
		Nb: number = 4
		r: number = 2
		s: array
Paused at 40
	Hit Breakpoint(s) 
	Call Stack: SubBytes, Cipher, AESEncryptCtr 
	Bindings: c: number = 4
		Nb: number = 4
		r: number = 3
		s: array
Paused at 53
	Hit Breakpoint(s) 
	Call Stack: ShiftRows, Cipher, AESEncryptCtr 
	Bindings: c: number = 4
		Nb: number = 4
		r: number = 4
		s: array
		t: array
Paused at 71
	Hit Breakpoint(s) 
	Call Stack: MixColumns, Cipher, AESEncryptCtr 
	Bindings: a: array
		b: array
		c: number = 4
		i: number = 4
		Nb: number = 4
		s: array
Paused at 72
	Hit Breakpoint(s) 
	Call Stack: MixColumns, Cipher, AESEncryptCtr 
	Bindings: a: array
		b: array
		c: number = 4
		i: number = 4
		Nb: number = 4
		s: array
Paused at 40
	Hit Breakpoint(s) 
	Call Stack: SubBytes, Cipher, AESEncryptCtr 
	Bindings: c: undefined
		Nb: number = 4
		r: undefined
		s: array
Paused at 40
	Hit Breakpoint(s) 
	Call Stack: SubBytes, Cipher, AESEncryptCtr 
	Bindings: c: number = 4
		Nb: number = 4
		r: number = 0
		s: array
Paused at 40
	Hit Breakpoint(s) 
	Call Stack: SubBytes, Cipher, AESEncryptCtr 
	Bindings: c: number = 4
		Nb: number = 4
		r: number = 1
		s: array
Paused at 40
	Hit Breakpoint(s) 
	Call Stack: SubBytes, Cipher, AESEncryptCtr 
	Bindings: c: number = 4
		Nb: number = 4
		r: number = 2
		s: array
Paused at 40
	Hit Breakpoint(s) 
	Call Stack: SubBytes, Cipher, AESEncryptCtr 
	Bindings: c: number = 4
		Nb: number = 4
		r: number = 3
		s: array
Paused at 53
	Hit Breakpoint(s) 
	Call Stack: ShiftRows, Cipher, AESEncryptCtr 
	Bindings: c: number = 4
		Nb: number = 4
		r: number = 4
		s: array
		t: array
Paused at 71
	Hit Breakpoint(s) 
	Call Stack: MixColumns, Cipher, AESEncryptCtr 
	Bindings: a: array
		b: array
		c: number = 4
		i: number = 4
		Nb: number = 4
		s: array
Paused at 72
	Hit Breakpoint(s) 
	Call Stack: MixColumns, Cipher, AESEncryptCtr 
	Bindings: a: array
		b: array
		c: number = 4
		i: number = 4
		Nb: number = 4
		s: array
Paused at 40
	Hit Breakpoint(s) 
	Call Stack: SubBytes, Cipher, AESEncryptCtr 
	Bindings: c: undefined
		Nb: number = 4
		r: undefined
		s: array
Paused at 40
	Hit Breakpoint(s) 
	Call Stack: SubBytes, Cipher, AESEncryptCtr 
	Bindings: c: number = 4
		Nb: number = 4
		r: number = 0
		s: array
Paused at 40
	Hit Breakpoint(s) 
	Call Stack: SubBytes, Cipher, AESEncryptCtr 
	Bindings: c: number = 4
		Nb: number = 4
		r: number = 1
		s: array
Paused at 40
	Hit Breakpoint(s) 
	Call Stack: SubBytes, Cipher, AESEncryptCtr 
	Bindings: c: number = 4
		Nb: number = 4
		r: number = 2
		s: array
Paused at 40
	Hit Breakpoint(s) 
	Call Stack: SubBytes, Cipher, AESEncryptCtr 
	Bindings: c: number = 4
		Nb: number = 4
		r: number = 3
		s: array
Paused at 53
	Hit Breakpoint(s) 
	Call Stack: ShiftRows, Cipher, AESEncryptCtr 
	Bindings: c: number = 4
		Nb: number = 4
		r: number = 4
		s: array
		t: array
Paused at 71
	Hit Breakpoint(s) 
	Call Stack: MixColumns, Cipher, AESEncryptCtr 
	Bindings: a: array
		b: array
		c: number = 4
		i: number = 4
		Nb: number = 4
		s: array
Paused at 72
	Hit Breakpoint(s) 
	Call Stack: MixColumns, Cipher, AESEncryptCtr 
	Bindings: a: array
		b: array
		c: number = 4
		i: number = 4
		Nb: number = 4
		s: array
Paused at 40
	Hit Breakpoint(s) 
	Call Stack: SubBytes, Cipher, AESEncryptCtr 
	Bindings: c: undefined
		Nb: number = 4
		r: undefined
		s: array
Paused at 40
	Hit Breakpoint(s) 
	Call Stack: SubBytes, Cipher, AESEncryptCtr 
	Bindings: c: number = 4
		Nb: number = 4
		r: number = 0
		s: array
Paused at 40
	Hit Breakpoint(s) 
	Call Stack: SubBytes, Cipher, AESEncryptCtr 
	Bindings: c: number = 4
		Nb: number = 4
		r: number = 1
		s: array
Paused at 40
	Hit Breakpoint(s) 
	Call Stack: SubBytes, Cipher, AESEncryptCtr 
	Bindings: c: number = 4
		Nb: number = 4
		r: number = 2
		s: array
Paused at 40
	Hit Breakpoint(s) 
	Call Stack: SubBytes, Cipher, AESEncryptCtr 
	Bindings: c: number = 4
		Nb: number = 4
		r: number = 3
		s: array
Paused at 53
	Hit Breakpoint(s) 
	Call Stack: ShiftRows, Cipher, AESEncryptCtr 
	Bindings: c: number = 4
		Nb: number = 4
		r: number = 4
		s: array
		t: array
Paused at 71
	Hit Breakpoint(s) 
	Call Stack: MixColumns, Cipher, AESEncryptCtr 
	Bindings: a: array
		b: array
		c: number = 4
		i: number = 4
		Nb: number = 4
		s: array
Paused at 72
	Hit Breakpoint(s) 
	Call Stack: MixColumns, Cipher, AESEncryptCtr 
	Bindings: a: array
		b: array
		c: number = 4
		i: number = 4
		Nb: number = 4
		s: array
Paused at 40
	Hit Breakpoint(s) 
	Call Stack: SubBytes, Cipher, AESEncryptCtr 
	Bindings: c: undefined
		Nb: number = 4
		r: undefined
		s: array
Paused at 40
	Hit Breakpoint(s) 
	Call Stack: SubBytes, Cipher, AESEncryptCtr 
	Bindings: c: number = 4
		Nb: number = 4
		r: number = 0
		s: array
Paused at 40
	Hit Breakpoint(s) 
	Call Stack: SubBytes, Cipher, AESEncryptCtr 
	Bindings: c: number = 4
		Nb: number = 4
		r: number = 1
		s: array
Paused at 40
	Hit Breakpoint(s) 
	Call Stack: SubBytes, Cipher, AESEncryptCtr 
	Bindings: c: number = 4
		Nb: number = 4
		r: number = 2
		s: array
Paused at 40
	Hit Breakpoint(s) 
	Call Stack: SubBytes, Cipher, AESEncryptCtr 
	Bindings: c: number = 4
		Nb: number = 4
		r: number = 3
		s: array
Paused at 53
	Hit Breakpoint(s) 
	Call Stack: ShiftRows, Cipher, AESEncryptCtr 
	Bindings: c: number = 4
		Nb: number = 4
		r: number = 4
		s: array
		t: array
Paused at 71
	Hit Breakpoint(s) 
	Call Stack: MixColumns, Cipher, AESEncryptCtr 
	Bindings: a: array
		b: array
		c: number = 4
		i: number = 4
		Nb: number = 4
		s: array
Paused at 72
	Hit Breakpoint(s) 
	Call Stack: MixColumns, Cipher, AESEncryptCtr 
	Bindings: a: array
		b: array
		c: number = 4
		i: number = 4
		Nb: number = 4
		s: array
Paused at 40
	Hit Breakpoint(s) 
	Call Stack: SubBytes, Cipher, AESEncryptCtr 
	Bindings: c: undefined
		Nb: number = 4
		r: undefined
		s: array
Paused at 40
	Hit Breakpoint(s) 
	Call Stack: SubBytes, Cipher, AESEncryptCtr 
	Bindings: c: number = 4
		Nb: number = 4
		r: number = 0
		s: array
Paused at 40
	Hit Breakpoint(s) 
	Call Stack: SubBytes, Cipher, AESEncryptCtr 
	Bindings: c: number = 4
		Nb: number = 4
		r: number = 1
		s: array
Paused at 40
	Hit Breakpoint(s) 
	Call Stack: SubBytes, Cipher, AESEncryptCtr 
	Bindings: c: number = 4
		Nb: number = 4
		r: number = 2
		s: array
Paused at 40
	Hit Breakpoint(s) 
	Call Stack: SubBytes, Cipher, AESEncryptCtr 
	Bindings: c: number = 4
		Nb: number = 4
		r: number = 3
		s: array
Paused at 53
	Hit Breakpoint(s) 
	Call Stack: ShiftRows, Cipher, AESEncryptCtr 
	Bindings: c: number = 4
		Nb: number = 4
		r: number = 4
		s: array
		t: array
Paused at 71
	Hit Breakpoint(s) 
	Call Stack: MixColumns, Cipher, AESEncryptCtr 
	Bindings: a: array
		b: array
		c: number = 4
		i: number = 4
		Nb: number = 4
		s: array
Paused at 72
	Hit Breakpoint(s) 
	Call Stack: MixColumns, Cipher, AESEncryptCtr 
	Bindings: a: array
		b: array
		c: number = 4
		i: number = 4
		Nb: number = 4
		s: array
Paused at 40
	Hit Breakpoint(s) 
	Call Stack: SubBytes, Cipher, AESEncryptCtr 
	Bindings: c: undefined
		Nb: number = 4
		r: undefined
		s: array
Paused at 40
	Hit Breakpoint(s) 
	Call Stack: SubBytes, Cipher, AESEncryptCtr 
	Bindings: c: number = 4
		Nb: number = 4
		r: number = 0
		s: array
Paused at 40
	Hit Breakpoint(s) 
	Call Stack: SubBytes, Cipher, AESEncryptCtr 
	Bindings: c: number = 4
		Nb: number = 4
		r: number = 1
		s: array
Paused at 40
	Hit Breakpoint(s) 
	Call Stack: SubBytes, Cipher, AESEncryptCtr 
	Bindings: c: number = 4
		Nb: number = 4
		r: number = 2
		s: array
Paused at 40
	Hit Breakpoint(s) 
	Call Stack: SubBytes, Cipher, AESEncryptCtr 
	Bindings: c: number = 4
		Nb: number = 4
		r: number = 3
		s: array
Paused at 53
	Hit Breakpoint(s) 
	Call Stack: ShiftRows, Cipher, AESEncryptCtr 
	Bindings: c: number = 4
		Nb: number = 4
		r: number = 4
		s: array
		t: array
Paused at 71
	Hit Breakpoint(s) 
	Call Stack: MixColumns, Cipher, AESEncryptCtr 
	Bindings: a: array
		b: array
		c: number = 4
		i: number = 4
		Nb: number = 4
		s: array
Paused at 72
	Hit Breakpoint(s) 
	Call Stack: MixColumns, Cipher, AESEncryptCtr 
	Bindings: a: array
		b: array
		c: number = 4
		i: number = 4
		Nb: number = 4
		s: array
Paused at 40
	Hit Breakpoint(s) 
	Call Stack: SubBytes, Cipher, AESEncryptCtr 
	Bindings: c: undefined
		Nb: number = 4
		r: undefined
		s: array
Paused at 40
	Hit Breakpoint(s) 
	Call Stack: SubBytes, Cipher, AESEncryptCtr 
	Bindings: c: number = 4
		Nb: number = 4
		r: number = 0
		s: array
Paused at 40
	Hit Breakpoint(s) 
	Call Stack: SubBytes, Cipher, AESEncryptCtr 
	Bindings: c: number = 4
		Nb: number = 4
		r: number = 1
		s: array
Paused at 40
	Hit Breakpoint(s) 
	Call Stack: SubBytes, Cipher, AESEncryptCtr 
	Bindings: c: number = 4
		Nb: number = 4
		r: number = 2
		s: array
Paused at 40
	Hit Breakpoint(s) 
	Call Stack: SubBytes, Cipher, AESEncryptCtr 
	Bindings: c: number = 4
		Nb: number = 4
		r: number = 3
		s: array
Paused at 53
	Hit Breakpoint(s) 
	Call Stack: ShiftRows, Cipher, AESEncryptCtr 
	Bindings: c: number = 4
		Nb: number = 4
		r: number = 4
		s: array
		t: array
Paused at 71
	Hit Breakpoint(s) 
	Call Stack: MixColumns, Cipher, AESEncryptCtr 
	Bindings: a: array
		b: array
		c: number = 4
		i: number = 4
		Nb: number = 4
		s: array
Paused at 72
	Hit Breakpoint(s) 
	Call Stack: MixColumns, Cipher, AESEncryptCtr 
	Bindings: a: array
		b: array
		c: number = 4
		i: number = 4
		Nb: number = 4
		s: array
Paused at 40
	Hit Breakpoint(s) 
	Call Stack: SubBytes, Cipher, AESEncryptCtr 
	Bindings: c: undefined
		Nb: number = 4
		r: undefined
		s: array
Paused at 40
	Hit Breakpoint(s) 
	Call Stack: SubBytes, Cipher, AESEncryptCtr 
	Bindings: c: number = 4
		Nb: number = 4
		r: number = 0
		s: array
Paused at 40
	Hit Breakpoint(s) 
	Call Stack: SubBytes, Cipher, AESEncryptCtr 
	Bindings: c: number = 4
		Nb: number = 4
		r: number = 1
		s: array
Paused at 40
	Hit Breakpoint(s) 
	Call Stack: SubBytes, Cipher, AESEncryptCtr 
	Bindings: c: number = 4
		Nb: number = 4
		r: number = 2
		s: array
Paused at 40
	Hit Breakpoint(s) 
	Call Stack: SubBytes, Cipher, AESEncryptCtr 
	Bindings: c: number = 4
		Nb: number = 4
		r: number = 3
		s: array
Paused at 53
	Hit Breakpoint(s) 
	Call Stack: ShiftRows, Cipher, AESEncryptCtr 
	Bindings: c: number = 4
		Nb: number = 4
		r: number = 4
		s: array
		t: array
Paused at 71
	Hit Breakpoint(s) 
	Call Stack: MixColumns, Cipher, AESEncryptCtr 
	Bindings: a: array
		b: array
		c: number = 4
		i: number = 4
		Nb: number = 4
		s: array
Paused at 72
	Hit Breakpoint(s) 
	Call Stack: MixColumns, Cipher, AESEncryptCtr 
	Bindings: a: array
		b: array
		c: number = 4
		i: number = 4
		Nb: number = 4
		s: array
Paused at 40
	Hit Breakpoint(s) 
	Call Stack: SubBytes, Cipher, AESEncryptCtr 
	Bindings: c: undefined
		Nb: number = 4
		r: undefined
		s: array
Paused at 40
	Hit Breakpoint(s) 
	Call Stack: SubBytes, Cipher, AESEncryptCtr 
	Bindings: c: number = 4
		Nb: number = 4
		r: number = 0
		s: array
Paused at 40
	Hit Breakpoint(s) 
	Call Stack: SubBytes, Cipher, AESEncryptCtr 
	Bindings: c: number = 4
		Nb: number = 4
		r: number = 1
		s: array
Paused at 40
	Hit Breakpoint(s) 
	Call Stack: SubBytes, Cipher, AESEncryptCtr 
	Bindings: c: number = 4
		Nb: number = 4
		r: number = 2
		s: array
