Breakpoint Set at 18
Breakpoint Set at 38
Breakpoint Set at 249
Breakpoint Set at 221
Breakpoint Set at 398
Breakpoint Set at 105
Breakpoint Set at 279
Breakpoint Set at 267
Breakpoint Set at 376
Breakpoint Set at 71
Breakpoint Set at 295
Breakpoint Set at 51
Breakpoint Set at 168
Breakpoint Set at 322
Breakpoint Set at 398
Breakpoint Set at 411
Breakpoint Set at 376
Breakpoint Set at 411
Breakpoint Set at 27
Breakpoint Set at 71
Breakpoint Set at 261
Breakpoint Set at 81
Breakpoint Set at 376
Breakpoint Set at 185
Breakpoint Set at 29
Breakpoint Set at 181
Breakpoint Set at 176
Breakpoint Set at 87
Breakpoint Set at 328
Breakpoint Set at 360
Breakpoint Set at 117
Breakpoint Set at 335
Breakpoint Set at 282
Breakpoint Set at 293
Breakpoint Set at 227
Breakpoint Set at 30
Breakpoint Set at 411
Breakpoint Set at 318
Breakpoint Set at 111
Paused at 18
	Hit Breakpoint(s) 
	Call Stack:  
	Bindings: 
Paused at 117
	Hit Breakpoint(s) 
	Call Stack:  
	Bindings: 
Paused at 279
	Hit Breakpoint(s) 
	Call Stack:  
	Bindings: 
Paused at 376
	Hit Breakpoint(s) 
	Call Stack:  
	Bindings: 
Paused at 398
	Hit Breakpoint(s) 
	Call Stack:  
	Bindings: 
Paused at 411
	Hit Breakpoint(s) 
	Call Stack:  
	Bindings: 
Paused at 27
	Hit Breakpoint(s) 
	Call Stack: Date.createNewFormat, Date.dateFormat 
	Bindings: ch: undefined
		code: undefined
		format: string = Y-m-d
		funcName: undefined
		i: undefined
		special: undefined
Paused at 29
	Hit Breakpoint(s) 
	Call Stack: Date.createNewFormat, Date.dateFormat 
	Bindings: ch: undefined
		code: undefined
		format: string = Y-m-d
		funcName: string = format0
		i: undefined
		special: undefined
Paused at 30
	Hit Breakpoint(s) 
	Call Stack: Date.createNewFormat, Date.dateFormat 
	Bindings: ch: undefined
		code: string = Date.prototype.format0 = function(){return 
		format: string = Y-m-d
		funcName: string = format0
		i: undefined
		special: undefined
Paused at 105
	Hit Breakpoint(s) 
	Call Stack: Date.getFormatCode, Date.createNewFormat, Date.dateFormat 
	Bindings: character: string = -
Paused at 105
	Hit Breakpoint(s) 
	Call Stack: Date.getFormatCode, Date.createNewFormat, Date.dateFormat 
	Bindings: character: string = -
Paused at 51
	Hit Breakpoint(s) 
	Call Stack: Date.getFormatCode, Date.createNewFormat, Date.dateFormat 
	Bindings: character: string = d
Paused at 360
	Hit Breakpoint(s) 
	Call Stack: String.leftPad, Date.format0, Date.dateFormat 
	Bindings: ch: string = 0
		result: string = 01
		size: number = 2
		val: number = 1
Paused at 360
	Hit Breakpoint(s) 
	Call Stack: String.leftPad, Date.format0, Date.dateFormat 
	Bindings: ch: string = 0
		result: string = 01
		size: number = 2
		val: number = 1
Paused at 27
	Hit Breakpoint(s) 
	Call Stack: Date.createNewFormat, Date.dateFormat 
	Bindings: ch: undefined
		code: undefined
		format: string = l, F d, Y g:i:s A
		funcName: undefined
		i: undefined
		special: undefined
Paused at 29
	Hit Breakpoint(s) 
	Call Stack: Date.createNewFormat, Date.dateFormat 
	Bindings: ch: undefined
		code: undefined
		format: string = l, F d, Y g:i:s A
		funcName: string = format1
		i: undefined
		special: undefined
Paused at 30
	Hit Breakpoint(s) 
	Call Stack: Date.createNewFormat, Date.dateFormat 
	Bindings: ch: undefined
		code: string = Date.prototype.format1 = function(){return 
		format: string = l, F d, Y g:i:s A
		funcName: string = format1
		i: undefined
		special: undefined
Paused at 105
	Hit Breakpoint(s) 
	Call Stack: Date.getFormatCode, Date.createNewFormat, Date.dateFormat 
	Bindings: character: string = ,
Paused at 105
	Hit Breakpoint(s) 
	Call Stack: Date.getFormatCode, Date.createNewFormat, Date.dateFormat 
	Bindings: character: string =  
Paused at 105
	Hit Breakpoint(s) 
	Call Stack: Date.getFormatCode, Date.createNewFormat, Date.dateFormat 
	Bindings: character: string =  
Paused at 51
	Hit Breakpoint(s) 
	Call Stack: Date.getFormatCode, Date.createNewFormat, Date.dateFormat 
	Bindings: character: string = d
Paused at 105
	Hit Breakpoint(s) 
	Call Stack: Date.getFormatCode, Date.createNewFormat, Date.dateFormat 
	Bindings: character: string = ,
Paused at 105
	Hit Breakpoint(s) 
	Call Stack: Date.getFormatCode, Date.createNewFormat, Date.dateFormat 
	Bindings: character: string =  
Paused at 105
	Hit Breakpoint(s) 
	Call Stack: Date.getFormatCode, Date.createNewFormat, Date.dateFormat 
	Bindings: character: string =  
Paused at 87
	Hit Breakpoint(s) 
	Call Stack: Date.getFormatCode, Date.createNewFormat, Date.dateFormat 
	Bindings: character: string = g
Paused at 105
	Hit Breakpoint(s) 
	Call Stack: Date.getFormatCode, Date.createNewFormat, Date.dateFormat 
	Bindings: character: string = :
Paused at 105
	Hit Breakpoint(s) 
	Call Stack: Date.getFormatCode, Date.createNewFormat, Date.dateFormat 
	Bindings: character: string = :
Paused at 105
	Hit Breakpoint(s) 
	Call Stack: Date.getFormatCode, Date.createNewFormat, Date.dateFormat 
	Bindings: character: string =  
Paused at 360
	Hit Breakpoint(s) 
	Call Stack: String.leftPad, Date.format1, Date.dateFormat 
	Bindings: ch: string = 0
		result: string = 01
		size: number = 2
		val: number = 1
Paused at 360
	Hit Breakpoint(s) 
	Call Stack: String.leftPad, Date.format1, Date.dateFormat 
	Bindings: ch: string = 0
		result: object
		size: number = 2
		val: number = 11
Paused at 360
	Hit Breakpoint(s) 
	Call Stack: String.leftPad, Date.format1, Date.dateFormat 
	Bindings: ch: string = 0
		result: object
		size: number = 2
		val: number = 11
Paused at 360
	Hit Breakpoint(s) 
	Call Stack: String.leftPad, Date.format0, Date.dateFormat 
	Bindings: ch: string = 0
		result: string = 01
		size: number = 2
		val: number = 1
Paused at 360
	Hit Breakpoint(s) 
	Call Stack: String.leftPad, Date.format0, Date.dateFormat 
	Bindings: ch: string = 0
		result: string = 02
		size: number = 2
		val: number = 2
Paused at 360
	Hit Breakpoint(s) 
	Call Stack: String.leftPad, Date.format1, Date.dateFormat 
	Bindings: ch: string = 0
		result: string = 02
		size: number = 2
		val: number = 2
Paused at 360
	Hit Breakpoint(s) 
	Call Stack: String.leftPad, Date.format1, Date.dateFormat 
	Bindings: ch: string = 0
		result: object
		size: number = 2
		val: number = 35
Paused at 360
	Hit Breakpoint(s) 
	Call Stack: String.leftPad, Date.format1, Date.dateFormat 
	Bindings: ch: string = 0
		result: object
		size: number = 2
		val: number = 37
Paused at 360
	Hit Breakpoint(s) 
	Call Stack: String.leftPad, Date.format0, Date.dateFormat 
	Bindings: ch: string = 0
		result: string = 01
		size: number = 2
		val: number = 1
Paused at 360
	Hit Breakpoint(s) 
	Call Stack: String.leftPad, Date.format0, Date.dateFormat 
	Bindings: ch: string = 0
		result: string = 03
		size: number = 2
		val: number = 3
Paused at 360
	Hit Breakpoint(s) 
	Call Stack: String.leftPad, Date.format1, Date.dateFormat 
	Bindings: ch: string = 0
		result: string = 03
		size: number = 2
		val: number = 3
Paused at 360
	Hit Breakpoint(s) 
	Call Stack: String.leftPad, Date.format1, Date.dateFormat 
	Bindings: ch: string = 0
		result: string = 00
		size: number = 2
		val: number = 0
Paused at 360
	Hit Breakpoint(s) 
	Call Stack: String.leftPad, Date.format1, Date.dateFormat 
	Bindings: ch: string = 0
		result: string = 04
		size: number = 2
		val: number = 4
Paused at 360
	Hit Breakpoint(s) 
	Call Stack: String.leftPad, Date.format0, Date.dateFormat 
	Bindings: ch: string = 0
		result: string = 01
		size: number = 2
		val: number = 1
Paused at 360
	Hit Breakpoint(s) 
	Call Stack: String.leftPad, Date.format0, Date.dateFormat 
	Bindings: ch: string = 0
		result: string = 03
		size: number = 2
		val: number = 3
Paused at 360
	Hit Breakpoint(s) 
	Call Stack: String.leftPad, Date.format1, Date.dateFormat 
	Bindings: ch: string = 0
		result: string = 03
		size: number = 2
		val: number = 3
Paused at 360
	Hit Breakpoint(s) 
	Call Stack: String.leftPad, Date.format1, Date.dateFormat 
	Bindings: ch: string = 0
		result: object
		size: number = 2
		val: number = 24
Paused at 360
	Hit Breakpoint(s) 
	Call Stack: String.leftPad, Date.format1, Date.dateFormat 
	Bindings: ch: string = 0
		result: object
		size: number = 2
		val: number = 31
Paused at 360
	Hit Breakpoint(s) 
	Call Stack: String.leftPad, Date.format0, Date.dateFormat 
	Bindings: ch: string = 0
		result: string = 01
		size: number = 2
		val: number = 1
Paused at 360
	Hit Breakpoint(s) 
	Call Stack: String.leftPad, Date.format0, Date.dateFormat 
	Bindings: ch: string = 0
		result: string = 04
		size: number = 2
		val: number = 4
Paused at 360
	Hit Breakpoint(s) 
	Call Stack: String.leftPad, Date.format1, Date.dateFormat 
	Bindings: ch: string = 0
		result: string = 04
		size: number = 2
		val: number = 4
Paused at 360
	Hit Breakpoint(s) 
	Call Stack: String.leftPad, Date.format1, Date.dateFormat 
	Bindings: ch: string = 0
		result: object
		size: number = 2
		val: number = 48
Paused at 360
	Hit Breakpoint(s) 
	Call Stack: String.leftPad, Date.format1, Date.dateFormat 
	Bindings: ch: string = 0
		result: object
		size: number = 2
		val: number = 58
Paused at 360
	Hit Breakpoint(s) 
	Call Stack: String.leftPad, Date.format0, Date.dateFormat 
	Bindings: ch: string = 0
		result: string = 01
		size: number = 2
		val: number = 1
Paused at 360
	Hit Breakpoint(s) 
	Call Stack: String.leftPad, Date.format0, Date.dateFormat 
	Bindings: ch: string = 0
		result: string = 05
		size: number = 2
		val: number = 5
Paused at 360
	Hit Breakpoint(s) 
	Call Stack: String.leftPad, Date.format1, Date.dateFormat 
	Bindings: ch: string = 0
		result: string = 05
		size: number = 2
		val: number = 5
Paused at 360
	Hit Breakpoint(s) 
	Call Stack: String.leftPad, Date.format1, Date.dateFormat 
	Bindings: ch: string = 0
		result: object
		size: number = 2
		val: number = 13
Paused at 360
	Hit Breakpoint(s) 
	Call Stack: String.leftPad, Date.format1, Date.dateFormat 
	Bindings: ch: string = 0
		result: object
		size: number = 2
		val: number = 25
Paused at 360
	Hit Breakpoint(s) 
	Call Stack: String.leftPad, Date.format0, Date.dateFormat 
	Bindings: ch: string = 0
		result: string = 01
		size: number = 2
		val: number = 1
Paused at 360
	Hit Breakpoint(s) 
	Call Stack: String.leftPad, Date.format0, Date.dateFormat 
	Bindings: ch: string = 0
		result: string = 06
		size: number = 2
		val: number = 6
Paused at 360
	Hit Breakpoint(s) 
	Call Stack: String.leftPad, Date.format1, Date.dateFormat 
	Bindings: ch: string = 0
		result: string = 06
		size: number = 2
		val: number = 6
Paused at 360
	Hit Breakpoint(s) 
	Call Stack: String.leftPad, Date.format1, Date.dateFormat 
	Bindings: ch: string = 0
		result: object
		size: number = 2
		val: number = 37
Paused at 360
	Hit Breakpoint(s) 
	Call Stack: String.leftPad, Date.format1, Date.dateFormat 
	Bindings: ch: string = 0
		result: object
		size: number = 2
		val: number = 52
Paused at 360
	Hit Breakpoint(s) 
	Call Stack: String.leftPad, Date.format0, Date.dateFormat 
	Bindings: ch: string = 0
		result: string = 01
		size: number = 2
		val: number = 1
Paused at 360
	Hit Breakpoint(s) 
	Call Stack: String.leftPad, Date.format0, Date.dateFormat 
	Bindings: ch: string = 0
		result: string = 07
		size: number = 2
		val: number = 7
Paused at 360
	Hit Breakpoint(s) 
	Call Stack: String.leftPad, Date.format1, Date.dateFormat 
	Bindings: ch: string = 0
		result: string = 07
		size: number = 2
		val: number = 7
Paused at 360
	Hit Breakpoint(s) 
	Call Stack: String.leftPad, Date.format1, Date.dateFormat 
	Bindings: ch: string = 0
		result: string = 02
		size: number = 2
		val: number = 2
Paused at 360
	Hit Breakpoint(s) 
	Call Stack: String.leftPad, Date.format1, Date.dateFormat 
	Bindings: ch: string = 0
		result: object
		size: number = 2
		val: number = 19
Paused at 360
	Hit Breakpoint(s) 
	Call Stack: String.leftPad, Date.format0, Date.dateFormat 
	Bindings: ch: string = 0
		result: string = 01
		size: number = 2
		val: number = 1
Paused at 360
	Hit Breakpoint(s) 
	Call Stack: String.leftPad, Date.format0, Date.dateFormat 
	Bindings: ch: string = 0
		result: string = 08
		size: number = 2
		val: number = 8
Paused at 360
	Hit Breakpoint(s) 
	Call Stack: String.leftPad, Date.format1, Date.dateFormat 
	Bindings: ch: string = 0
		result: string = 08
		size: number = 2
		val: number = 8
Paused at 360
	Hit Breakpoint(s) 
	Call Stack: String.leftPad, Date.format1, Date.dateFormat 
	Bindings: ch: string = 0
		result: object
		size: number = 2
		val: number = 26
Paused at 360
	Hit Breakpoint(s) 
	Call Stack: String.leftPad, Date.format1, Date.dateFormat 
	Bindings: ch: string = 0
		result: object
		size: number = 2
		val: number = 46
Paused at 360
	Hit Breakpoint(s) 
	Call Stack: String.leftPad, Date.format0, Date.dateFormat 
	Bindings: ch: string = 0
		result: string = 01
		size: number = 2
		val: number = 1
Paused at 360
	Hit Breakpoint(s) 
	Call Stack: String.leftPad, Date.format0, Date.dateFormat 
	Bindings: ch: string = 0
		result: string = 09
		size: number = 2
		val: number = 9
Paused at 360
	Hit Breakpoint(s) 
	Call Stack: String.leftPad, Date.format1, Date.dateFormat 
	Bindings: ch: string = 0
		result: string = 09
		size: number = 2
		val: number = 9
Paused at 360
	Hit Breakpoint(s) 
	Call Stack: String.leftPad, Date.format1, Date.dateFormat 
	Bindings: ch: string = 0
		result: object
		size: number = 2
		val: number = 51
Paused at 360
	Hit Breakpoint(s) 
	Call Stack: String.leftPad, Date.format1, Date.dateFormat 
	Bindings: ch: string = 0
		result: object
		size: number = 2
		val: number = 13
Paused at 360
	Hit Breakpoint(s) 
	Call Stack: String.leftPad, Date.format0, Date.dateFormat 
	Bindings: ch: string = 0
		result: string = 01
		size: number = 2
		val: number = 1
Paused at 360
	Hit Breakpoint(s) 
	Call Stack: String.leftPad, Date.format0, Date.dateFormat 
	Bindings: ch: string = 0
		result: object
		size: number = 2
		val: number = 10
Paused at 360
	Hit Breakpoint(s) 
	Call Stack: String.leftPad, Date.format1, Date.dateFormat 
	Bindings: ch: string = 0
		result: object
		size: number = 2
		val: number = 10
Paused at 360
	Hit Breakpoint(s) 
	Call Stack: String.leftPad, Date.format1, Date.dateFormat 
	Bindings: ch: string = 0
		result: object
		size: number = 2
		val: number = 15
Paused at 360
	Hit Breakpoint(s) 
	Call Stack: String.leftPad, Date.format1, Date.dateFormat 
	Bindings: ch: string = 0
		result: object
		size: number = 2
		val: number = 40
Paused at 360
	Hit Breakpoint(s) 
	Call Stack: String.leftPad, Date.format0, Date.dateFormat 
	Bindings: ch: string = 0
		result: string = 01
		size: number = 2
		val: number = 1
Paused at 360
	Hit Breakpoint(s) 
	Call Stack: String.leftPad, Date.format0, Date.dateFormat 
	Bindings: ch: string = 0
		result: object
		size: number = 2
		val: number = 11
Paused at 360
	Hit Breakpoint(s) 
	Call Stack: String.leftPad, Date.format1, Date.dateFormat 
	Bindings: ch: string = 0
		result: object
		size: number = 2
		val: number = 11
Paused at 360
	Hit Breakpoint(s) 
	Call Stack: String.leftPad, Date.format1, Date.dateFormat 
	Bindings: ch: string = 0
		result: object
		size: number = 2
		val: number = 40
Paused at 360
	Hit Breakpoint(s) 
	Call Stack: String.leftPad, Date.format1, Date.dateFormat 
	Bindings: ch: string = 0
		result: string = 07
		size: number = 2
		val: number = 7
Paused at 360
	Hit Breakpoint(s) 
	Call Stack: String.leftPad, Date.format0, Date.dateFormat 
	Bindings: ch: string = 0
		result: string = 01
		size: number = 2
		val: number = 1
Paused at 360
	Hit Breakpoint(s) 
	Call Stack: String.leftPad, Date.format0, Date.dateFormat 
	Bindings: ch: string = 0
		result: object
		size: number = 2
		val: number = 12
Paused at 360
	Hit Breakpoint(s) 
	Call Stack: String.leftPad, Date.format1, Date.dateFormat 
	Bindings: ch: string = 0
		result: object
		size: number = 2
		val: number = 12
Paused at 360
	Hit Breakpoint(s) 
	Call Stack: String.leftPad, Date.format1, Date.dateFormat 
	Bindings: ch: string = 0
		result: string = 04
		size: number = 2
		val: number = 4
Paused at 360
	Hit Breakpoint(s) 
	Call Stack: String.leftPad, Date.format1, Date.dateFormat 
	Bindings: ch: string = 0
		result: object
		size: number = 2
		val: number = 34
Paused at 360
	Hit Breakpoint(s) 
	Call Stack: String.leftPad, Date.format0, Date.dateFormat 
	Bindings: ch: string = 0
		result: string = 01
		size: number = 2
		val: number = 1
Paused at 360
	Hit Breakpoint(s) 
	Call Stack: String.leftPad, Date.format0, Date.dateFormat 
	Bindings: ch: string = 0
		result: object
		size: number = 2
		val: number = 13
Paused at 360
	Hit Breakpoint(s) 
	Call Stack: String.leftPad, Date.format1, Date.dateFormat 
	Bindings: ch: string = 0
		result: object
		size: number = 2
		val: number = 13
Paused at 360
	Hit Breakpoint(s) 
	Call Stack: String.leftPad, Date.format1, Date.dateFormat 
	Bindings: ch: string = 0
		result: object
		size: number = 2
		val: number = 29
Paused at 360
	Hit Breakpoint(s) 
	Call Stack: String.leftPad, Date.format1, Date.dateFormat 
	Bindings: ch: string = 0
		result: string = 01
		size: number = 2
		val: number = 1
Paused at 360
	Hit Breakpoint(s) 
	Call Stack: String.leftPad, Date.format0, Date.dateFormat 
	Bindings: ch: string = 0
		result: string = 01
		size: number = 2
		val: number = 1
Paused at 360
	Hit Breakpoint(s) 
	Call Stack: String.leftPad, Date.format0, Date.dateFormat 
	Bindings: ch: string = 0
		result: object
		size: number = 2
		val: number = 14
Paused at 360
	Hit Breakpoint(s) 
	Call Stack: String.leftPad, Date.format1, Date.dateFormat 
	Bindings: ch: string = 0
		result: object
		size: number = 2
		val: number = 14
Paused at 360
	Hit Breakpoint(s) 
	Call Stack: String.leftPad, Date.format1, Date.dateFormat 
	Bindings: ch: string = 0
		result: object
		size: number = 2
		val: number = 53
Paused at 360
	Hit Breakpoint(s) 
	Call Stack: String.leftPad, Date.format1, Date.dateFormat 
	Bindings: ch: string = 0
		result: object
		size: number = 2
		val: number = 28
