Breakpoint Set at 26
Breakpoint Set at 29
Breakpoint Set at 178
Breakpoint Set at 161
Breakpoint Set at 277
Breakpoint Set at 78
Breakpoint Set at 202
Breakpoint Set at 193
Breakpoint Set at 258
Breakpoint Set at 58
Breakpoint Set at 212
Breakpoint Set at 39
Breakpoint Set at 121
Breakpoint Set at 229
Breakpoint Set at 279
Breakpoint Set at 295
Breakpoint Set at 260
Breakpoint Set at 286
Breakpoint Set at 26
Breakpoint Set at 58
Breakpoint Set at 193
Breakpoint Set at 65
Breakpoint Set at 268
Breakpoint Set at 136
Breakpoint Set at 29
Breakpoint Set at 133
Breakpoint Set at 131
Breakpoint Set at 72
Paused at 295
	Hit Breakpoint(s) 
	Call Stack:  
	Bindings: 
Paused at 121
	Hit Breakpoint(s) 
	Call Stack: Date.formatDate 
	Bindings: a: function
		A: function
		B: function
		d: function
		D: function
		daysLong: undefined
		daysShort: undefined
		daysSuffix: undefined
		F: function
		g: function
		G: function
		h: function
		H: function
		i: function
		ia: undefined
		ij: undefined
		input: string = Y-m-d
		j: function
		l: function
		L: undefined
		m: undefined
		M: undefined
		monthsLong: undefined
		monthsShort: undefined
		n: undefined
		O: undefined
		prevTime: undefined
		r: undefined
		s: undefined
		S: undefined
		self: undefined
		switches: undefined
		t: undefined
		time: undefined
		U: undefined
		w: undefined
		W: undefined
		y: undefined
		Y: undefined
		z: undefined
Paused at 258
	Hit Breakpoint(s) 
	Call Stack: Date.formatDate 
	Bindings: a: function
		A: function
		B: function
		d: function
		D: function
		daysLong: undefined
		daysShort: undefined
		daysSuffix: undefined
		F: function
		g: function
		G: function
		h: function
		H: function
		i: function
		ia: undefined
		ij: undefined
		input: string = Y-m-d
		j: function
		l: function
		L: function
		m: function
		M: function
		monthsLong: undefined
		monthsShort: undefined
		n: function
		O: function
		prevTime: undefined
		r: function
		s: function
		S: function
		self: undefined
		switches: undefined
		t: function
		time: undefined
		U: function
		w: function
		W: function
		y: function
		Y: function
		z: undefined
Paused at 26
	Hit Breakpoint(s) 
	Call Stack: Date.formatDate 
	Bindings: a: function
		A: function
		B: function
		d: function
		D: function
		daysLong: undefined
		daysShort: undefined
		daysSuffix: undefined
		F: function
		g: function
		G: function
		h: function
		H: function
		i: function
		ia: undefined
		ij: undefined
		input: string = Y-m-d
		j: function
		l: function
		L: function
		m: function
		M: function
		monthsLong: undefined
		monthsShort: undefined
		n: function
		O: function
		prevTime: undefined
		r: function
		s: function
		S: function
		self: undefined
		switches: undefined
		t: function
		time: undefined
		U: function
		w: function
		W: function
		y: function
		Y: function
		z: function
Paused at 29
	Hit Breakpoint(s) 
	Call Stack: Date.formatDate 
	Bindings: a: function
		A: function
		B: function
		d: function
		D: function
		daysLong: undefined
		daysShort: undefined
		daysSuffix: undefined
		F: function
		g: function
		G: function
		h: function
		H: function
		i: function
		ia: undefined
		ij: undefined
		input: string = Y-m-d
		j: function
		l: function
		L: function
		m: function
		M: function
		monthsLong: undefined
		monthsShort: undefined
		n: function
		O: function
		prevTime: undefined
		r: function
		s: function
		S: function
		self: undefined
		switches: array
		t: function
		time: undefined
		U: function
		w: function
		W: function
		y: function
		Y: function
		z: function
Paused at 39
	Hit Breakpoint(s) 
	Call Stack: Date.formatDate 
	Bindings: a: function
		A: function
		B: function
		d: function
		D: function
		daysLong: array
		daysShort: array
		daysSuffix: undefined
		F: function
		g: function
		G: function
		h: function
		H: function
		i: function
		ia: undefined
		ij: undefined
		input: string = Y-m-d
		j: function
		l: function
		L: function
		m: function
		M: function
		monthsLong: array
		monthsShort: array
		n: function
		O: function
		prevTime: undefined
		r: function
		s: function
		S: function
		self: undefined
		switches: array
		t: function
		time: undefined
		U: function
		w: function
		W: function
		y: function
		Y: function
		z: function
Paused at 279
	Hit Breakpoint(s) 
	Call Stack: Date.formatDate 
	Bindings: a: function
		A: function
		B: function
		d: function
		D: function
		daysLong: array
		daysShort: array
		daysSuffix: array
		F: function
		g: function
		G: function
		h: function
		H: function
		i: function
		ia: array
		ij: number = 0
		input: string = Y-m-d
		j: function
		l: function
		L: function
		m: function
		M: function
		monthsLong: array
		monthsShort: array
		n: function
		O: function
		prevTime: undefined
		r: function
		s: function
		S: function
		self: object
		switches: array
		t: function
		time: undefined
		U: function
		w: function
		W: function
		y: function
		Y: function
		z: function
Paused at 279
	Hit Breakpoint(s) 
	Call Stack: Date.formatDate 
	Bindings: a: function
		A: function
		B: function
		d: function
		D: function
		daysLong: array
		daysShort: array
		daysSuffix: array
		F: function
		g: function
		G: function
		h: function
		H: function
		i: function
		ia: array
		ij: number = 1
		input: string = Y-m-d
		j: function
		l: function
		L: function
		m: function
		M: function
		monthsLong: array
		monthsShort: array
		n: function
		O: function
		prevTime: undefined
		r: function
		s: function
		S: function
		self: object
		switches: array
		t: function
		time: undefined
		U: function
		w: function
		W: function
		y: function
		Y: function
		z: function
Paused at 279
	Hit Breakpoint(s) 
	Call Stack: Date.formatDate 
	Bindings: a: function
		A: function
		B: function
		d: function
		D: function
		daysLong: array
		daysShort: array
		daysSuffix: array
		F: function
		g: function
		G: function
		h: function
		H: function
		i: function
		ia: array
		ij: number = 2
		input: string = Y-m-d
		j: function
		l: function
		L: function
		m: function
		M: function
		monthsLong: array
		monthsShort: array
		n: function
		O: function
		prevTime: undefined
		r: function
		s: function
		S: function
		self: object
		switches: array
		t: function
		time: undefined
		U: function
		w: function
		W: function
		y: function
		Y: function
		z: function
Paused at 136
	Hit Breakpoint(s) 
	Call Stack: m, Date.formatDate 
	Bindings: a: function
		A: function
		B: function
		d: function
		D: function
		daysLong: array
		daysShort: array
		daysSuffix: array
		F: function
		g: function
		G: function
		h: function
		H: function
		i: function
		ia: array
		ij: number = 2
		input: string = Y-m-d
		j: function
		l: function
		L: function
		m: function
		M: function
		monthsLong: array
		monthsShort: array
		n: function
		O: function
		prevTime: undefined
		r: function
		s: function
		S: function
		self: object
		switches: array
		t: function
		time: undefined
		U: function
		w: function
		W: function
		y: function
		Y: function
		z: function
Paused at 279
	Hit Breakpoint(s) 
	Call Stack: Date.formatDate 
	Bindings: a: function
		A: function
		B: function
		d: function
		D: function
		daysLong: array
		daysShort: array
		daysSuffix: array
		F: function
		g: function
		G: function
		h: function
		H: function
		i: function
		ia: array
		ij: number = 3
		input: string = Y-m-d
		j: function
		l: function
		L: function
		m: function
		M: function
		monthsLong: array
		monthsShort: array
		n: function
		O: function
		prevTime: undefined
		r: function
		s: function
		S: function
		self: object
		switches: array
		t: function
		time: undefined
		U: function
		w: function
		W: function
		y: function
		Y: function
		z: function
Paused at 279
	Hit Breakpoint(s) 
	Call Stack: Date.formatDate 
	Bindings: a: function
		A: function
		B: function
		d: function
		D: function
		daysLong: array
		daysShort: array
		daysSuffix: array
		F: function
		g: function
		G: function
		h: function
		H: function
		i: function
		ia: array
		ij: number = 4
		input: string = Y-m-d
		j: function
		l: function
		L: function
		m: function
		M: function
		monthsLong: array
		monthsShort: array
		n: function
		O: function
		prevTime: undefined
		r: function
		s: function
		S: function
		self: object
		switches: array
		t: function
		time: undefined
		U: function
		w: function
		W: function
		y: function
		Y: function
		z: function
Paused at 72
	Hit Breakpoint(s) 
	Call Stack: d, Date.formatDate 
	Bindings: a: function
		A: function
		B: function
		d: function
		D: function
		daysLong: array
		daysShort: array
		daysSuffix: array
		F: function
		g: function
		G: function
		h: function
		H: function
		i: function
		ia: array
		ij: number = 4
		input: string = Y-m-d
		j: function
		l: function
		L: function
		m: function
		M: function
		monthsLong: array
		monthsShort: array
		n: function
		O: function
		prevTime: undefined
		r: function
		s: function
		S: function
		self: object
		switches: array
		t: function
		time: undefined
		U: function
		w: function
		W: function
		y: function
		Y: function
		z: function
Paused at 286
	Hit Breakpoint(s) 
	Call Stack: Date.formatDate 
	Bindings: a: function
		A: function
		B: function
		d: function
		D: function
		daysLong: array
		daysShort: array
		daysSuffix: array
		F: function
		g: function
		G: function
		h: function
		H: function
		i: function
		ia: array
		ij: number = 5
		input: string = Y-m-d
		j: function
		l: function
		L: function
		m: function
		M: function
		monthsLong: array
		monthsShort: array
		n: function
		O: function
		prevTime: undefined
		r: function
		s: function
		S: function
		self: object
		switches: array
		t: function
		time: undefined
		U: function
		w: function
		W: function
		y: function
		Y: function
		z: function
Paused at 121
	Hit Breakpoint(s) 
	Call Stack: Date.formatDate 
	Bindings: a: function
		A: function
		B: function
		d: function
		D: function
		daysLong: undefined
		daysShort: undefined
		daysSuffix: undefined
		F: function
		g: function
		G: function
		h: function
		H: function
		i: function
		ia: undefined
		ij: undefined
		input: string = l, F d, Y g:i:s A
		j: function
		l: function
		L: undefined
		m: undefined
		M: undefined
		monthsLong: undefined
		monthsShort: undefined
		n: undefined
		O: undefined
		prevTime: undefined
		r: undefined
		s: undefined
		S: undefined
		self: undefined
		switches: undefined
		t: undefined
		time: undefined
		U: undefined
		w: undefined
		W: undefined
		y: undefined
		Y: undefined
		z: undefined
Paused at 258
	Hit Breakpoint(s) 
	Call Stack: Date.formatDate 
	Bindings: a: function
		A: function
		B: function
		d: function
		D: function
		daysLong: undefined
		daysShort: undefined
		daysSuffix: undefined
		F: function
		g: function
		G: function
		h: function
		H: function
		i: function
		ia: undefined
		ij: undefined
		input: string = l, F d, Y g:i:s A
		j: function
		l: function
		L: function
		m: function
		M: function
		monthsLong: undefined
		monthsShort: undefined
		n: function
		O: function
		prevTime: undefined
		r: function
		s: function
		S: function
		self: undefined
		switches: undefined
		t: function
		time: undefined
		U: function
		w: function
		W: function
		y: function
		Y: function
		z: undefined
Paused at 26
	Hit Breakpoint(s) 
	Call Stack: Date.formatDate 
	Bindings: a: function
		A: function
		B: function
		d: function
		D: function
		daysLong: undefined
		daysShort: undefined
		daysSuffix: undefined
		F: function
		g: function
		G: function
		h: function
		H: function
		i: function
		ia: undefined
		ij: undefined
		input: string = l, F d, Y g:i:s A
		j: function
		l: function
		L: function
		m: function
		M: function
		monthsLong: undefined
		monthsShort: undefined
		n: function
		O: function
		prevTime: undefined
		r: function
		s: function
		S: function
		self: undefined
		switches: undefined
		t: function
		time: undefined
		U: function
		w: function
		W: function
		y: function
		Y: function
		z: function
Paused at 29
	Hit Breakpoint(s) 
	Call Stack: Date.formatDate 
	Bindings: a: function
		A: function
		B: function
		d: function
		D: function
		daysLong: undefined
		daysShort: undefined
		daysSuffix: undefined
		F: function
		g: function
		G: function
		h: function
		H: function
		i: function
		ia: undefined
		ij: undefined
		input: string = l, F d, Y g:i:s A
		j: function
		l: function
		L: function
		m: function
		M: function
		monthsLong: undefined
		monthsShort: undefined
		n: function
		O: function
		prevTime: undefined
		r: function
		s: function
		S: function
		self: undefined
		switches: array
		t: function
		time: undefined
		U: function
		w: function
		W: function
		y: function
		Y: function
		z: function
Paused at 39
	Hit Breakpoint(s) 
	Call Stack: Date.formatDate 
	Bindings: a: function
		A: function
		B: function
		d: function
		D: function
		daysLong: array
		daysShort: array
		daysSuffix: undefined
		F: function
		g: function
		G: function
		h: function
		H: function
		i: function
		ia: undefined
		ij: undefined
		input: string = l, F d, Y g:i:s A
		j: function
		l: function
		L: function
		m: function
		M: function
		monthsLong: array
		monthsShort: array
		n: function
		O: function
		prevTime: undefined
		r: function
		s: function
		S: function
		self: undefined
		switches: array
		t: function
		time: undefined
		U: function
		w: function
		W: function
		y: function
		Y: function
		z: function
Paused at 279
	Hit Breakpoint(s) 
	Call Stack: Date.formatDate 
	Bindings: a: function
		A: function
		B: function
		d: function
		D: function
		daysLong: array
		daysShort: array
		daysSuffix: array
		F: function
		g: function
		G: function
		h: function
		H: function
		i: function
		ia: array
		ij: number = 0
		input: string = l, F d, Y g:i:s A
		j: function
		l: function
		L: function
		m: function
		M: function
		monthsLong: array
		monthsShort: array
		n: function
		O: function
		prevTime: undefined
		r: function
		s: function
		S: function
		self: object
		switches: array
		t: function
		time: undefined
		U: function
		w: function
		W: function
		y: function
		Y: function
		z: function
Paused at 279
	Hit Breakpoint(s) 
	Call Stack: Date.formatDate 
	Bindings: a: function
		A: function
		B: function
		d: function
		D: function
		daysLong: array
		daysShort: array
		daysSuffix: array
		F: function
		g: function
		G: function
		h: function
		H: function
		i: function
		ia: array
		ij: number = 1
		input: string = l, F d, Y g:i:s A
		j: function
		l: function
		L: function
		m: function
		M: function
		monthsLong: array
		monthsShort: array
		n: function
		O: function
		prevTime: undefined
		r: function
		s: function
		S: function
		self: object
		switches: array
		t: function
		time: undefined
		U: function
		w: function
		W: function
		y: function
		Y: function
		z: function
Paused at 279
	Hit Breakpoint(s) 
	Call Stack: Date.formatDate 
	Bindings: a: function
		A: function
		B: function
		d: function
		D: function
		daysLong: array
		daysShort: array
		daysSuffix: array
		F: function
		g: function
		G: function
		h: function
		H: function
		i: function
		ia: array
		ij: number = 2
		input: string = l, F d, Y g:i:s A
		j: function
		l: function
		L: function
		m: function
		M: function
		monthsLong: array
		monthsShort: array
		n: function
		O: function
		prevTime: undefined
		r: function
		s: function
		S: function
		self: object
		switches: array
		t: function
		time: undefined
		U: function
		w: function
		W: function
		y: function
		Y: function
		z: function
Paused at 279
	Hit Breakpoint(s) 
	Call Stack: Date.formatDate 
	Bindings: a: function
		A: function
		B: function
		d: function
		D: function
		daysLong: array
		daysShort: array
		daysSuffix: array
		F: function
		g: function
		G: function
		h: function
		H: function
		i: function
		ia: array
		ij: number = 3
		input: string = l, F d, Y g:i:s A
		j: function
		l: function
		L: function
		m: function
		M: function
		monthsLong: array
		monthsShort: array
		n: function
		O: function
		prevTime: undefined
		r: function
		s: function
		S: function
		self: object
		switches: array
		t: function
		time: undefined
		U: function
		w: function
		W: function
		y: function
		Y: function
		z: function
Paused at 279
	Hit Breakpoint(s) 
	Call Stack: Date.formatDate 
	Bindings: a: function
		A: function
		B: function
		d: function
		D: function
		daysLong: array
		daysShort: array
		daysSuffix: array
		F: function
		g: function
		G: function
		h: function
		H: function
		i: function
		ia: array
		ij: number = 4
		input: string = l, F d, Y g:i:s A
		j: function
		l: function
		L: function
		m: function
		M: function
		monthsLong: array
		monthsShort: array
		n: function
		O: function
		prevTime: undefined
		r: function
		s: function
		S: function
		self: object
		switches: array
		t: function
		time: undefined
		U: function
		w: function
		W: function
		y: function
		Y: function
		z: function
Paused at 279
	Hit Breakpoint(s) 
	Call Stack: Date.formatDate 
	Bindings: a: function
		A: function
		B: function
		d: function
		D: function
		daysLong: array
		daysShort: array
		daysSuffix: array
		F: function
		g: function
		G: function
		h: function
		H: function
		i: function
		ia: array
		ij: number = 5
		input: string = l, F d, Y g:i:s A
		j: function
		l: function
		L: function
		m: function
		M: function
		monthsLong: array
		monthsShort: array
		n: function
		O: function
		prevTime: undefined
		r: function
		s: function
		S: function
		self: object
		switches: array
		t: function
		time: undefined
		U: function
		w: function
		W: function
		y: function
		Y: function
		z: function
Paused at 72
	Hit Breakpoint(s) 
	Call Stack: d, Date.formatDate 
	Bindings: a: function
		A: function
		B: function
		d: function
		D: function
		daysLong: array
		daysShort: array
		daysSuffix: array
		F: function
		g: function
		G: function
		h: function
		H: function
		i: function
		ia: array
		ij: number = 5
		input: string = l, F d, Y g:i:s A
		j: function
		l: function
		L: function
		m: function
		M: function
		monthsLong: array
		monthsShort: array
		n: function
		O: function
		prevTime: undefined
		r: function
		s: function
		S: function
		self: object
		switches: array
		t: function
		time: undefined
		U: function
		w: function
		W: function
		y: function
		Y: function
		z: function
Paused at 279
	Hit Breakpoint(s) 
	Call Stack: Date.formatDate 
	Bindings: a: function
		A: function
		B: function
		d: function
		D: function
		daysLong: array
		daysShort: array
		daysSuffix: array
		F: function
		g: function
		G: function
		h: function
		H: function
		i: function
		ia: array
		ij: number = 6
		input: string = l, F d, Y g:i:s A
		j: function
		l: function
		L: function
		m: function
		M: function
		monthsLong: array
		monthsShort: array
		n: function
		O: function
		prevTime: undefined
		r: function
		s: function
		S: function
		self: object
		switches: array
		t: function
		time: undefined
		U: function
		w: function
		W: function
		y: function
		Y: function
		z: function
Paused at 279
	Hit Breakpoint(s) 
	Call Stack: Date.formatDate 
	Bindings: a: function
		A: function
		B: function
		d: function
		D: function
		daysLong: array
		daysShort: array
		daysSuffix: array
		F: function
		g: function
		G: function
		h: function
		H: function
		i: function
		ia: array
		ij: number = 7
		input: string = l, F d, Y g:i:s A
		j: function
		l: function
		L: function
		m: function
		M: function
		monthsLong: array
		monthsShort: array
		n: function
		O: function
		prevTime: undefined
		r: function
		s: function
		S: function
		self: object
		switches: array
		t: function
		time: undefined
		U: function
		w: function
		W: function
		y: function
		Y: function
		z: function
Paused at 279
	Hit Breakpoint(s) 
	Call Stack: Date.formatDate 
	Bindings: a: function
		A: function
		B: function
		d: function
		D: function
		daysLong: array
		daysShort: array
		daysSuffix: array
		F: function
		g: function
		G: function
		h: function
		H: function
		i: function
		ia: array
		ij: number = 8
		input: string = l, F d, Y g:i:s A
		j: function
		l: function
		L: function
		m: function
		M: function
		monthsLong: array
		monthsShort: array
		n: function
		O: function
		prevTime: undefined
		r: function
		s: function
		S: function
		self: object
		switches: array
		t: function
		time: undefined
		U: function
		w: function
		W: function
		y: function
		Y: function
		z: function
Paused at 279
	Hit Breakpoint(s) 
	Call Stack: Date.formatDate 
	Bindings: a: function
		A: function
		B: function
		d: function
		D: function
		daysLong: array
		daysShort: array
		daysSuffix: array
		F: function
		g: function
		G: function
		h: function
		H: function
		i: function
		ia: array
		ij: number = 9
		input: string = l, F d, Y g:i:s A
		j: function
		l: function
		L: function
		m: function
		M: function
		monthsLong: array
		monthsShort: array
		n: function
		O: function
		prevTime: undefined
		r: function
		s: function
		S: function
		self: object
		switches: array
		t: function
		time: undefined
		U: function
		w: function
		W: function
		y: function
		Y: function
		z: function
Paused at 279
	Hit Breakpoint(s) 
	Call Stack: Date.formatDate 
	Bindings: a: function
		A: function
		B: function
		d: function
		D: function
		daysLong: array
		daysShort: array
		daysSuffix: array
		F: function
		g: function
		G: function
		h: function
		H: function
		i: function
		ia: array
		ij: number = 10
		input: string = l, F d, Y g:i:s A
		j: function
		l: function
		L: function
		m: function
		M: function
		monthsLong: array
		monthsShort: array
		n: function
		O: function
		prevTime: undefined
		r: function
		s: function
		S: function
		self: object
		switches: array
		t: function
		time: undefined
		U: function
		w: function
		W: function
		y: function
		Y: function
		z: function
Paused at 279
	Hit Breakpoint(s) 
	Call Stack: Date.formatDate 
	Bindings: a: function
		A: function
		B: function
		d: function
		D: function
		daysLong: array
		daysShort: array
		daysSuffix: array
		F: function
		g: function
		G: function
		h: function
		H: function
		i: function
		ia: array
		ij: number = 11
		input: string = l, F d, Y g:i:s A
		j: function
		l: function
		L: function
		m: function
		M: function
		monthsLong: array
		monthsShort: array
		n: function
		O: function
		prevTime: undefined
		r: function
		s: function
		S: function
		self: object
		switches: array
		t: function
		time: undefined
		U: function
		w: function
		W: function
		y: function
		Y: function
		z: function
Paused at 279
	Hit Breakpoint(s) 
	Call Stack: Date.formatDate 
	Bindings: a: function
		A: function
		B: function
		d: function
		D: function
		daysLong: array
		daysShort: array
		daysSuffix: array
		F: function
		g: function
		G: function
		h: function
		H: function
		i: function
		ia: array
		ij: number = 12
		input: string = l, F d, Y g:i:s A
		j: function
		l: function
		L: function
		m: function
		M: function
		monthsLong: array
		monthsShort: array
		n: function
		O: function
		prevTime: undefined
		r: function
		s: function
		S: function
		self: object
		switches: array
		t: function
		time: undefined
		U: function
		w: function
		W: function
		y: function
		Y: function
		z: function
Paused at 279
	Hit Breakpoint(s) 
	Call Stack: Date.formatDate 
	Bindings: a: function
		A: function
		B: function
		d: function
		D: function
		daysLong: array
		daysShort: array
		daysSuffix: array
		F: function
		g: function
		G: function
		h: function
		H: function
		i: function
		ia: array
		ij: number = 13
		input: string = l, F d, Y g:i:s A
		j: function
		l: function
		L: function
		m: function
		M: function
		monthsLong: array
		monthsShort: array
		n: function
		O: function
		prevTime: undefined
		r: function
		s: function
		S: function
		self: object
		switches: array
		t: function
		time: undefined
		U: function
		w: function
		W: function
		y: function
		Y: function
		z: function
Paused at 279
	Hit Breakpoint(s) 
	Call Stack: Date.formatDate 
	Bindings: a: function
		A: function
		B: function
		d: function
		D: function
		daysLong: array
		daysShort: array
		daysSuffix: array
		F: function
		g: function
		G: function
		h: function
		H: function
		i: function
		ia: array
		ij: number = 14
		input: string = l, F d, Y g:i:s A
		j: function
		l: function
		L: function
		m: function
		M: function
		monthsLong: array
		monthsShort: array
		n: function
		O: function
		prevTime: undefined
		r: function
		s: function
		S: function
		self: object
		switches: array
		t: function
		time: undefined
		U: function
		w: function
		W: function
		y: function
		Y: function
		z: function
Paused at 279
	Hit Breakpoint(s) 
	Call Stack: Date.formatDate 
	Bindings: a: function
		A: function
		B: function
		d: function
		D: function
		daysLong: array
		daysShort: array
		daysSuffix: array
		F: function
		g: function
		G: function
		h: function
		H: function
		i: function
		ia: array
		ij: number = 15
		input: string = l, F d, Y g:i:s A
		j: function
		l: function
		L: function
		m: function
		M: function
		monthsLong: array
		monthsShort: array
		n: function
		O: function
		prevTime: undefined
		r: function
		s: function
		S: function
		self: object
		switches: array
		t: function
		time: undefined
		U: function
		w: function
		W: function
		y: function
		Y: function
		z: function
Paused at 279
	Hit Breakpoint(s) 
	Call Stack: Date.formatDate 
	Bindings: a: function
		A: function
		B: function
		d: function
		D: function
		daysLong: array
		daysShort: array
		daysSuffix: array
		F: function
		g: function
		G: function
		h: function
		H: function
		i: function
		ia: array
		ij: number = 16
		input: string = l, F d, Y g:i:s A
		j: function
		l: function
		L: function
		m: function
		M: function
		monthsLong: array
		monthsShort: array
		n: function
		O: function
		prevTime: undefined
		r: function
		s: function
		S: function
		self: object
		switches: array
		t: function
		time: undefined
		U: function
		w: function
		W: function
		y: function
		Y: function
		z: function
Paused at 286
	Hit Breakpoint(s) 
	Call Stack: Date.formatDate 
	Bindings: a: function
		A: function
		B: function
		d: function
		D: function
		daysLong: array
		daysShort: array
		daysSuffix: array
		F: function
		g: function
		G: function
		h: function
		H: function
		i: function
		ia: array
		ij: number = 17
		input: string = l, F d, Y g:i:s A
		j: function
		l: function
		L: function
		m: function
		M: function
		monthsLong: array
		monthsShort: array
		n: function
		O: function
		prevTime: undefined
		r: function
		s: function
		S: function
		self: object
		switches: array
		t: function
		time: undefined
		U: function
		w: function
		W: function
		y: function
		Y: function
		z: function
Paused at 295
	Hit Breakpoint(s) 
	Call Stack:  
	Bindings: 
Paused at 121
	Hit Breakpoint(s) 
	Call Stack: Date.formatDate 
	Bindings: a: function
		A: function
		B: function
		d: function
		D: function
		daysLong: undefined
		daysShort: undefined
		daysSuffix: undefined
		F: function
		g: function
		G: function
		h: function
		H: function
		i: function
		ia: undefined
		ij: undefined
		input: string = Y-m-d
		j: function
		l: function
		L: undefined
		m: undefined
		M: undefined
		monthsLong: undefined
		monthsShort: undefined
		n: undefined
		O: undefined
		prevTime: undefined
		r: undefined
		s: undefined
		S: undefined
		self: undefined
		switches: undefined
		t: undefined
		time: undefined
		U: undefined
		w: undefined
		W: undefined
		y: undefined
		Y: undefined
		z: undefined
Paused at 258
	Hit Breakpoint(s) 
	Call Stack: Date.formatDate 
	Bindings: a: function
		A: function
		B: function
		d: function
		D: function
		daysLong: undefined
		daysShort: undefined
		daysSuffix: undefined
		F: function
		g: function
		G: function
		h: function
		H: function
		i: function
		ia: undefined
		ij: undefined
		input: string = Y-m-d
		j: function
		l: function
		L: function
		m: function
		M: function
		monthsLong: undefined
		monthsShort: undefined
		n: function
		O: function
		prevTime: undefined
		r: function
		s: function
		S: function
		self: undefined
		switches: undefined
		t: function
		time: undefined
		U: function
		w: function
		W: function
		y: function
		Y: function
		z: undefined
Paused at 26
	Hit Breakpoint(s) 
	Call Stack: Date.formatDate 
	Bindings: a: function
		A: function
		B: function
		d: function
		D: function
		daysLong: undefined
		daysShort: undefined
		daysSuffix: undefined
		F: function
		g: function
		G: function
		h: function
		H: function
		i: function
		ia: undefined
		ij: undefined
		input: string = Y-m-d
		j: function
		l: function
		L: function
		m: function
		M: function
		monthsLong: undefined
		monthsShort: undefined
		n: function
		O: function
		prevTime: undefined
		r: function
		s: function
		S: function
		self: undefined
		switches: undefined
		t: function
		time: undefined
		U: function
		w: function
		W: function
		y: function
		Y: function
		z: function
Paused at 29
	Hit Breakpoint(s) 
	Call Stack: Date.formatDate 
	Bindings: a: function
		A: function
		B: function
		d: function
		D: function
		daysLong: undefined
		daysShort: undefined
		daysSuffix: undefined
		F: function
		g: function
		G: function
		h: function
		H: function
		i: function
		ia: undefined
		ij: undefined
		input: string = Y-m-d
		j: function
		l: function
		L: function
		m: function
		M: function
		monthsLong: undefined
		monthsShort: undefined
		n: function
		O: function
		prevTime: undefined
		r: function
		s: function
		S: function
		self: undefined
		switches: array
		t: function
		time: undefined
		U: function
		w: function
		W: function
		y: function
		Y: function
		z: function
Paused at 39
	Hit Breakpoint(s) 
	Call Stack: Date.formatDate 
	Bindings: a: function
		A: function
		B: function
		d: function
		D: function
		daysLong: array
		daysShort: array
		daysSuffix: undefined
		F: function
		g: function
		G: function
		h: function
		H: function
		i: function
		ia: undefined
		ij: undefined
		input: string = Y-m-d
		j: function
		l: function
		L: function
		m: function
		M: function
		monthsLong: array
		monthsShort: array
		n: function
		O: function
		prevTime: undefined
		r: function
		s: function
		S: function
		self: undefined
		switches: array
		t: function
		time: undefined
		U: function
		w: function
		W: function
		y: function
		Y: function
		z: function
Paused at 279
	Hit Breakpoint(s) 
	Call Stack: Date.formatDate 
	Bindings: a: function
		A: function
		B: function
		d: function
		D: function
		daysLong: array
		daysShort: array
		daysSuffix: array
		F: function
		g: function
		G: function
		h: function
		H: function
		i: function
		ia: array
		ij: number = 0
		input: string = Y-m-d
		j: function
		l: function
		L: function
		m: function
		M: function
		monthsLong: array
		monthsShort: array
		n: function
		O: function
		prevTime: undefined
		r: function
		s: function
		S: function
		self: object
		switches: array
		t: function
		time: undefined
		U: function
		w: function
		W: function
		y: function
		Y: function
		z: function
Paused at 279
	Hit Breakpoint(s) 
	Call Stack: Date.formatDate 
	Bindings: a: function
		A: function
		B: function
		d: function
		D: function
		daysLong: array
		daysShort: array
		daysSuffix: array
		F: function
		g: function
		G: function
		h: function
		H: function
		i: function
		ia: array
		ij: number = 1
		input: string = Y-m-d
		j: function
		l: function
		L: function
		m: function
		M: function
		monthsLong: array
		monthsShort: array
		n: function
		O: function
		prevTime: undefined
		r: function
		s: function
		S: function
		self: object
		switches: array
		t: function
		time: undefined
		U: function
		w: function
		W: function
		y: function
		Y: function
		z: function
Paused at 279
	Hit Breakpoint(s) 
	Call Stack: Date.formatDate 
	Bindings: a: function
		A: function
		B: function
		d: function
		D: function
		daysLong: array
		daysShort: array
		daysSuffix: array
		F: function
		g: function
		G: function
		h: function
		H: function
		i: function
		ia: array
		ij: number = 2
		input: string = Y-m-d
		j: function
		l: function
		L: function
		m: function
		M: function
		monthsLong: array
		monthsShort: array
		n: function
		O: function
		prevTime: undefined
		r: function
		s: function
		S: function
		self: object
		switches: array
		t: function
		time: undefined
		U: function
		w: function
		W: function
		y: function
		Y: function
		z: function
Paused at 136
	Hit Breakpoint(s) 
	Call Stack: m, Date.formatDate 
	Bindings: a: function
		A: function
		B: function
		d: function
		D: function
		daysLong: array
		daysShort: array
		daysSuffix: array
		F: function
		g: function
		G: function
		h: function
		H: function
		i: function
		ia: array
		ij: number = 2
		input: string = Y-m-d
		j: function
		l: function
		L: function
		m: function
		M: function
		monthsLong: array
		monthsShort: array
		n: function
		O: function
		prevTime: undefined
		r: function
		s: function
		S: function
		self: object
		switches: array
		t: function
		time: undefined
		U: function
		w: function
		W: function
		y: function
		Y: function
		z: function
Paused at 279
	Hit Breakpoint(s) 
	Call Stack: Date.formatDate 
	Bindings: a: function
		A: function
		B: function
		d: function
		D: function
		daysLong: array
		daysShort: array
		daysSuffix: array
		F: function
		g: function
		G: function
		h: function
		H: function
		i: function
		ia: array
		ij: number = 3
		input: string = Y-m-d
		j: function
		l: function
		L: function
		m: function
		M: function
		monthsLong: array
		monthsShort: array
		n: function
		O: function
		prevTime: undefined
		r: function
		s: function
		S: function
		self: object
		switches: array
		t: function
		time: undefined
		U: function
		w: function
		W: function
		y: function
		Y: function
		z: function
Paused at 279
	Hit Breakpoint(s) 
	Call Stack: Date.formatDate 
	Bindings: a: function
		A: function
		B: function
		d: function
		D: function
		daysLong: array
		daysShort: array
		daysSuffix: array
		F: function
		g: function
		G: function
		h: function
		H: function
		i: function
		ia: array
		ij: number = 4
		input: string = Y-m-d
		j: function
		l: function
		L: function
		m: function
		M: function
		monthsLong: array
		monthsShort: array
		n: function
		O: function
		prevTime: undefined
		r: function
		s: function
		S: function
		self: object
		switches: array
		t: function
		time: undefined
		U: function
		w: function
		W: function
		y: function
		Y: function
		z: function
Paused at 72
	Hit Breakpoint(s) 
	Call Stack: d, Date.formatDate 
	Bindings: a: function
		A: function
		B: function
		d: function
		D: function
		daysLong: array
		daysShort: array
		daysSuffix: array
		F: function
		g: function
		G: function
		h: function
		H: function
		i: function
		ia: array
		ij: number = 4
		input: string = Y-m-d
		j: function
		l: function
		L: function
		m: function
		M: function
		monthsLong: array
		monthsShort: array
		n: function
		O: function
		prevTime: undefined
		r: function
		s: function
		S: function
		self: object
		switches: array
		t: function
		time: undefined
		U: function
		w: function
		W: function
		y: function
		Y: function
		z: function
Paused at 286
	Hit Breakpoint(s) 
	Call Stack: Date.formatDate 
	Bindings: a: function
		A: function
		B: function
		d: function
		D: function
		daysLong: array
		daysShort: array
		daysSuffix: array
		F: function
		g: function
		G: function
		h: function
		H: function
		i: function
		ia: array
		ij: number = 5
		input: string = Y-m-d
		j: function
		l: function
		L: function
		m: function
		M: function
		monthsLong: array
		monthsShort: array
		n: function
		O: function
		prevTime: undefined
		r: function
		s: function
		S: function
		self: object
		switches: array
		t: function
		time: undefined
		U: function
		w: function
		W: function
		y: function
		Y: function
		z: function
Paused at 121
	Hit Breakpoint(s) 
	Call Stack: Date.formatDate 
	Bindings: a: function
		A: function
		B: function
		d: function
		D: function
		daysLong: undefined
		daysShort: undefined
		daysSuffix: undefined
		F: function
		g: function
		G: function
		h: function
		H: function
		i: function
		ia: undefined
		ij: undefined
		input: string = l, F d, Y g:i:s A
		j: function
		l: function
		L: undefined
		m: undefined
		M: undefined
		monthsLong: undefined
		monthsShort: undefined
		n: undefined
		O: undefined
		prevTime: undefined
		r: undefined
		s: undefined
		S: undefined
		self: undefined
		switches: undefined
		t: undefined
		time: undefined
		U: undefined
		w: undefined
		W: undefined
		y: undefined
		Y: undefined
		z: undefined
Paused at 258
	Hit Breakpoint(s) 
	Call Stack: Date.formatDate 
	Bindings: a: function
		A: function
		B: function
		d: function
		D: function
		daysLong: undefined
		daysShort: undefined
		daysSuffix: undefined
		F: function
		g: function
		G: function
		h: function
		H: function
		i: function
		ia: undefined
		ij: undefined
		input: string = l, F d, Y g:i:s A
		j: function
		l: function
		L: function
		m: function
		M: function
		monthsLong: undefined
		monthsShort: undefined
		n: function
		O: function
		prevTime: undefined
		r: function
		s: function
		S: function
		self: undefined
		switches: undefined
		t: function
		time: undefined
		U: function
		w: function
		W: function
		y: function
		Y: function
		z: undefined
Paused at 26
	Hit Breakpoint(s) 
	Call Stack: Date.formatDate 
	Bindings: a: function
		A: function
		B: function
		d: function
		D: function
		daysLong: undefined
		daysShort: undefined
		daysSuffix: undefined
		F: function
		g: function
		G: function
		h: function
		H: function
		i: function
		ia: undefined
		ij: undefined
		input: string = l, F d, Y g:i:s A
		j: function
		l: function
		L: function
		m: function
		M: function
		monthsLong: undefined
		monthsShort: undefined
		n: function
		O: function
		prevTime: undefined
		r: function
		s: function
		S: function
		self: undefined
		switches: undefined
		t: function
		time: undefined
		U: function
		w: function
		W: function
		y: function
		Y: function
		z: function
Paused at 29
	Hit Breakpoint(s) 
	Call Stack: Date.formatDate 
	Bindings: a: function
		A: function
		B: function
		d: function
		D: function
		daysLong: undefined
		daysShort: undefined
		daysSuffix: undefined
		F: function
		g: function
		G: function
		h: function
		H: function
		i: function
		ia: undefined
		ij: undefined
		input: string = l, F d, Y g:i:s A
		j: function
		l: function
		L: function
		m: function
		M: function
		monthsLong: undefined
		monthsShort: undefined
		n: function
		O: function
		prevTime: undefined
		r: function
		s: function
		S: function
		self: undefined
		switches: array
		t: function
		time: undefined
		U: function
		w: function
		W: function
		y: function
		Y: function
		z: function
Paused at 39
	Hit Breakpoint(s) 
	Call Stack: Date.formatDate 
	Bindings: a: function
		A: function
		B: function
		d: function
		D: function
		daysLong: array
		daysShort: array
		daysSuffix: undefined
		F: function
		g: function
		G: function
		h: function
		H: function
		i: function
		ia: undefined
		ij: undefined
		input: string = l, F d, Y g:i:s A
		j: function
		l: function
		L: function
		m: function
		M: function
		monthsLong: array
		monthsShort: array
		n: function
		O: function
		prevTime: undefined
		r: function
		s: function
		S: function
		self: undefined
		switches: array
		t: function
		time: undefined
		U: function
		w: function
		W: function
		y: function
		Y: function
		z: function
Paused at 279
	Hit Breakpoint(s) 
	Call Stack: Date.formatDate 
	Bindings: a: function
		A: function
		B: function
		d: function
		D: function
		daysLong: array
		daysShort: array
		daysSuffix: array
		F: function
		g: function
		G: function
		h: function
		H: function
		i: function
		ia: array
		ij: number = 0
		input: string = l, F d, Y g:i:s A
		j: function
		l: function
		L: function
		m: function
		M: function
		monthsLong: array
		monthsShort: array
		n: function
		O: function
		prevTime: undefined
		r: function
		s: function
		S: function
		self: object
		switches: array
		t: function
		time: undefined
		U: function
		w: function
		W: function
		y: function
		Y: function
		z: function
Paused at 279
	Hit Breakpoint(s) 
	Call Stack: Date.formatDate 
	Bindings: a: function
		A: function
		B: function
		d: function
		D: function
		daysLong: array
		daysShort: array
		daysSuffix: array
		F: function
		g: function
		G: function
		h: function
		H: function
		i: function
		ia: array
		ij: number = 1
		input: string = l, F d, Y g:i:s A
		j: function
		l: function
		L: function
		m: function
		M: function
		monthsLong: array
		monthsShort: array
		n: function
		O: function
		prevTime: undefined
		r: function
		s: function
		S: function
		self: object
		switches: array
		t: function
		time: undefined
		U: function
		w: function
		W: function
		y: function
		Y: function
		z: function
Paused at 279
	Hit Breakpoint(s) 
	Call Stack: Date.formatDate 
	Bindings: a: function
		A: function
		B: function
		d: function
		D: function
		daysLong: array
		daysShort: array
		daysSuffix: array
		F: function
		g: function
		G: function
		h: function
		H: function
		i: function
		ia: array
		ij: number = 2
		input: string = l, F d, Y g:i:s A
		j: function
		l: function
		L: function
		m: function
		M: function
		monthsLong: array
		monthsShort: array
		n: function
		O: function
		prevTime: undefined
		r: function
		s: function
		S: function
		self: object
		switches: array
		t: function
		time: undefined
		U: function
		w: function
		W: function
		y: function
		Y: function
		z: function
Paused at 279
	Hit Breakpoint(s) 
	Call Stack: Date.formatDate 
	Bindings: a: function
		A: function
		B: function
		d: function
		D: function
		daysLong: array
		daysShort: array
		daysSuffix: array
		F: function
		g: function
		G: function
		h: function
		H: function
		i: function
		ia: array
		ij: number = 3
		input: string = l, F d, Y g:i:s A
		j: function
		l: function
		L: function
		m: function
		M: function
		monthsLong: array
		monthsShort: array
		n: function
		O: function
		prevTime: undefined
		r: function
		s: function
		S: function
		self: object
		switches: array
		t: function
		time: undefined
		U: function
		w: function
		W: function
		y: function
		Y: function
		z: function
Paused at 279
	Hit Breakpoint(s) 
	Call Stack: Date.formatDate 
	Bindings: a: function
		A: function
		B: function
		d: function
		D: function
		daysLong: array
		daysShort: array
		daysSuffix: array
		F: function
		g: function
		G: function
		h: function
		H: function
		i: function
		ia: array
		ij: number = 4
		input: string = l, F d, Y g:i:s A
		j: function
		l: function
		L: function
		m: function
		M: function
		monthsLong: array
		monthsShort: array
		n: function
		O: function
		prevTime: undefined
		r: function
		s: function
		S: function
		self: object
		switches: array
		t: function
		time: undefined
		U: function
		w: function
		W: function
		y: function
		Y: function
		z: function
Paused at 279
	Hit Breakpoint(s) 
	Call Stack: Date.formatDate 
	Bindings: a: function
		A: function
		B: function
		d: function
		D: function
		daysLong: array
		daysShort: array
		daysSuffix: array
		F: function
		g: function
		G: function
		h: function
		H: function
		i: function
		ia: array
		ij: number = 5
		input: string = l, F d, Y g:i:s A
		j: function
		l: function
		L: function
		m: function
		M: function
		monthsLong: array
		monthsShort: array
		n: function
		O: function
		prevTime: undefined
		r: function
		s: function
		S: function
		self: object
		switches: array
		t: function
		time: undefined
		U: function
		w: function
		W: function
		y: function
		Y: function
		z: function
Paused at 72
	Hit Breakpoint(s) 
	Call Stack: d, Date.formatDate 
	Bindings: a: function
		A: function
		B: function
		d: function
		D: function
		daysLong: array
		daysShort: array
		daysSuffix: array
		F: function
		g: function
		G: function
		h: function
		H: function
		i: function
		ia: array
		ij: number = 5
		input: string = l, F d, Y g:i:s A
		j: function
		l: function
		L: function
		m: function
		M: function
		monthsLong: array
		monthsShort: array
		n: function
		O: function
		prevTime: undefined
		r: function
		s: function
		S: function
		self: object
		switches: array
		t: function
		time: undefined
		U: function
		w: function
		W: function
		y: function
		Y: function
		z: function
Paused at 279
	Hit Breakpoint(s) 
	Call Stack: Date.formatDate 
	Bindings: a: function
		A: function
		B: function
		d: function
		D: function
		daysLong: array
		daysShort: array
		daysSuffix: array
		F: function
		g: function
		G: function
		h: function
		H: function
		i: function
		ia: array
		ij: number = 6
		input: string = l, F d, Y g:i:s A
		j: function
		l: function
		L: function
		m: function
		M: function
		monthsLong: array
		monthsShort: array
		n: function
		O: function
		prevTime: undefined
		r: function
		s: function
		S: function
		self: object
		switches: array
		t: function
		time: undefined
		U: function
		w: function
		W: function
		y: function
		Y: function
		z: function
Paused at 279
	Hit Breakpoint(s) 
	Call Stack: Date.formatDate 
	Bindings: a: function
		A: function
		B: function
		d: function
		D: function
		daysLong: array
		daysShort: array
		daysSuffix: array
		F: function
		g: function
		G: function
		h: function
		H: function
		i: function
		ia: array
		ij: number = 7
		input: string = l, F d, Y g:i:s A
		j: function
		l: function
		L: function
		m: function
		M: function
		monthsLong: array
		monthsShort: array
		n: function
		O: function
		prevTime: undefined
		r: function
		s: function
		S: function
		self: object
		switches: array
		t: function
		time: undefined
		U: function
		w: function
		W: function
		y: function
		Y: function
		z: function
Paused at 279
	Hit Breakpoint(s) 
	Call Stack: Date.formatDate 
	Bindings: a: function
		A: function
		B: function
		d: function
		D: function
		daysLong: array
		daysShort: array
		daysSuffix: array
		F: function
		g: function
		G: function
		h: function
		H: function
		i: function
		ia: array
		ij: number = 8
		input: string = l, F d, Y g:i:s A
		j: function
		l: function
		L: function
		m: function
		M: function
		monthsLong: array
		monthsShort: array
		n: function
		O: function
		prevTime: undefined
		r: function
		s: function
		S: function
		self: object
		switches: array
		t: function
		time: undefined
		U: function
		w: function
		W: function
		y: function
		Y: function
		z: function
Paused at 279
	Hit Breakpoint(s) 
	Call Stack: Date.formatDate 
	Bindings: a: function
		A: function
		B: function
		d: function
		D: function
		daysLong: array
		daysShort: array
		daysSuffix: array
		F: function
		g: function
		G: function
		h: function
		H: function
		i: function
		ia: array
		ij: number = 9
		input: string = l, F d, Y g:i:s A
		j: function
		l: function
		L: function
		m: function
		M: function
		monthsLong: array
		monthsShort: array
		n: function
		O: function
		prevTime: undefined
		r: function
		s: function
		S: function
		self: object
		switches: array
		t: function
		time: undefined
		U: function
		w: function
		W: function
		y: function
		Y: function
		z: function
Paused at 279
	Hit Breakpoint(s) 
	Call Stack: Date.formatDate 
	Bindings: a: function
		A: function
		B: function
		d: function
		D: function
		daysLong: array
		daysShort: array
		daysSuffix: array
		F: function
		g: function
		G: function
		h: function
		H: function
		i: function
		ia: array
		ij: number = 10
		input: string = l, F d, Y g:i:s A
		j: function
		l: function
		L: function
		m: function
		M: function
		monthsLong: array
		monthsShort: array
		n: function
		O: function
		prevTime: undefined
		r: function
		s: function
		S: function
		self: object
		switches: array
		t: function
		time: undefined
		U: function
		w: function
		W: function
		y: function
		Y: function
		z: function
Paused at 279
	Hit Breakpoint(s) 
	Call Stack: Date.formatDate 
	Bindings: a: function
		A: function
		B: function
		d: function
		D: function
		daysLong: array
		daysShort: array
		daysSuffix: array
		F: function
		g: function
		G: function
		h: function
		H: function
		i: function
		ia: array
		ij: number = 11
		input: string = l, F d, Y g:i:s A
		j: function
		l: function
		L: function
		m: function
		M: function
		monthsLong: array
		monthsShort: array
		n: function
		O: function
		prevTime: undefined
		r: function
		s: function
		S: function
		self: object
		switches: array
		t: function
		time: undefined
		U: function
		w: function
		W: function
		y: function
		Y: function
		z: function
Paused at 279
	Hit Breakpoint(s) 
	Call Stack: Date.formatDate 
	Bindings: a: function
		A: function
		B: function
		d: function
		D: function
		daysLong: array
		daysShort: array
		daysSuffix: array
		F: function
		g: function
		G: function
		h: function
		H: function
		i: function
		ia: array
		ij: number = 12
		input: string = l, F d, Y g:i:s A
		j: function
		l: function
		L: function
		m: function
		M: function
		monthsLong: array
		monthsShort: array
		n: function
		O: function
		prevTime: undefined
		r: function
		s: function
		S: function
		self: object
		switches: array
		t: function
		time: undefined
		U: function
		w: function
		W: function
		y: function
		Y: function
		z: function
Paused at 279
	Hit Breakpoint(s) 
	Call Stack: Date.formatDate 
	Bindings: a: function
		A: function
		B: function
		d: function
		D: function
		daysLong: array
		daysShort: array
		daysSuffix: array
		F: function
		g: function
		G: function
		h: function
		H: function
		i: function
		ia: array
		ij: number = 13
		input: string = l, F d, Y g:i:s A
		j: function
		l: function
		L: function
		m: function
		M: function
		monthsLong: array
		monthsShort: array
		n: function
		O: function
		prevTime: undefined
		r: function
		s: function
		S: function
		self: object
		switches: array
		t: function
		time: undefined
		U: function
		w: function
		W: function
		y: function
		Y: function
		z: function
Paused at 279
	Hit Breakpoint(s) 
	Call Stack: Date.formatDate 
	Bindings: a: function
		A: function
		B: function
		d: function
		D: function
		daysLong: array
		daysShort: array
		daysSuffix: array
		F: function
		g: function
		G: function
		h: function
		H: function
		i: function
		ia: array
		ij: number = 14
		input: string = l, F d, Y g:i:s A
		j: function
		l: function
		L: function
		m: function
		M: function
		monthsLong: array
		monthsShort: array
		n: function
		O: function
		prevTime: undefined
		r: function
		s: function
		S: function
		self: object
		switches: array
		t: function
		time: undefined
		U: function
		w: function
		W: function
		y: function
		Y: function
		z: function
Paused at 279
	Hit Breakpoint(s) 
	Call Stack: Date.formatDate 
	Bindings: a: function
		A: function
		B: function
		d: function
		D: function
		daysLong: array
		daysShort: array
		daysSuffix: array
		F: function
		g: function
		G: function
		h: function
		H: function
		i: function
		ia: array
		ij: number = 15
		input: string = l, F d, Y g:i:s A
		j: function
		l: function
		L: function
		m: function
		M: function
		monthsLong: array
		monthsShort: array
		n: function
		O: function
		prevTime: undefined
		r: function
		s: function
		S: function
		self: object
		switches: array
		t: function
		time: undefined
		U: function
		w: function
		W: function
		y: function
		Y: function
		z: function
Paused at 279
	Hit Breakpoint(s) 
	Call Stack: Date.formatDate 
	Bindings: a: function
		A: function
		B: function
		d: function
		D: function
		daysLong: array
		daysShort: array
		daysSuffix: array
		F: function
		g: function
		G: function
		h: function
		H: function
		i: function
		ia: array
		ij: number = 16
		input: string = l, F d, Y g:i:s A
		j: function
		l: function
		L: function
		m: function
		M: function
		monthsLong: array
		monthsShort: array
		n: function
		O: function
		prevTime: undefined
		r: function
		s: function
		S: function
		self: object
		switches: array
		t: function
		time: undefined
		U: function
		w: function
		W: function
		y: function
		Y: function
		z: function
Paused at 286
	Hit Breakpoint(s) 
	Call Stack: Date.formatDate 
	Bindings: a: function
		A: function
		B: function
		d: function
		D: function
		daysLong: array
		daysShort: array
		daysSuffix: array
		F: function
		g: function
		G: function
		h: function
		H: function
		i: function
		ia: array
		ij: number = 17
		input: string = l, F d, Y g:i:s A
		j: function
		l: function
		L: function
		m: function
		M: function
		monthsLong: array
		monthsShort: array
		n: function
		O: function
		prevTime: undefined
		r: function
		s: function
		S: function
		self: object
		switches: array
		t: function
		time: undefined
		U: function
		w: function
		W: function
		y: function
		Y: function
		z: function
Paused at 295
	Hit Breakpoint(s) 
	Call Stack:  
	Bindings: 
Paused at 121
	Hit Breakpoint(s) 
	Call Stack: Date.formatDate 
	Bindings: a: function
		A: function
		B: function
		d: function
		D: function
		daysLong: undefined
		daysShort: undefined
		daysSuffix: undefined
		F: function
		g: function
		G: function
		h: function
		H: function
		i: function
		ia: undefined
		ij: undefined
		input: string = Y-m-d
		j: function
		l: function
		L: undefined
		m: undefined
		M: undefined
		monthsLong: undefined
		monthsShort: undefined
		n: undefined
		O: undefined
		prevTime: undefined
		r: undefined
		s: undefined
		S: undefined
		self: undefined
		switches: undefined
		t: undefined
		time: undefined
		U: undefined
		w: undefined
		W: undefined
		y: undefined
		Y: undefined
		z: undefined
Paused at 258
	Hit Breakpoint(s) 
	Call Stack: Date.formatDate 
	Bindings: a: function
		A: function
		B: function
		d: function
		D: function
		daysLong: undefined
		daysShort: undefined
		daysSuffix: undefined
		F: function
		g: function
		G: function
		h: function
		H: function
		i: function
		ia: undefined
		ij: undefined
		input: string = Y-m-d
		j: function
		l: function
		L: function
		m: function
		M: function
		monthsLong: undefined
		monthsShort: undefined
		n: function
		O: function
		prevTime: undefined
		r: function
		s: function
		S: function
		self: undefined
		switches: undefined
		t: function
		time: undefined
		U: function
		w: function
		W: function
		y: function
		Y: function
		z: undefined
Paused at 26
	Hit Breakpoint(s) 
	Call Stack: Date.formatDate 
	Bindings: a: function
		A: function
		B: function
		d: function
		D: function
		daysLong: undefined
		daysShort: undefined
		daysSuffix: undefined
		F: function
		g: function
		G: function
		h: function
		H: function
		i: function
		ia: undefined
		ij: undefined
		input: string = Y-m-d
		j: function
		l: function
		L: function
		m: function
		M: function
		monthsLong: undefined
		monthsShort: undefined
		n: function
		O: function
		prevTime: undefined
		r: function
		s: function
		S: function
		self: undefined
		switches: undefined
		t: function
		time: undefined
		U: function
		w: function
		W: function
		y: function
		Y: function
		z: function
Paused at 29
	Hit Breakpoint(s) 
	Call Stack: Date.formatDate 
	Bindings: a: function
		A: function
		B: function
		d: function
		D: function
		daysLong: undefined
		daysShort: undefined
		daysSuffix: undefined
		F: function
		g: function
		G: function
		h: function
		H: function
		i: function
		ia: undefined
		ij: undefined
		input: string = Y-m-d
		j: function
		l: function
		L: function
		m: function
		M: function
		monthsLong: undefined
		monthsShort: undefined
		n: function
		O: function
		prevTime: undefined
		r: function
		s: function
		S: function
		self: undefined
		switches: array
		t: function
		time: undefined
		U: function
		w: function
		W: function
		y: function
		Y: function
		z: function
Paused at 39
	Hit Breakpoint(s) 
	Call Stack: Date.formatDate 
	Bindings: a: function
		A: function
		B: function
		d: function
		D: function
		daysLong: array
		daysShort: array
		daysSuffix: undefined
		F: function
		g: function
		G: function
		h: function
		H: function
		i: function
		ia: undefined
		ij: undefined
		input: string = Y-m-d
		j: function
		l: function
		L: function
		m: function
		M: function
		monthsLong: array
		monthsShort: array
		n: function
		O: function
		prevTime: undefined
		r: function
		s: function
		S: function
		self: undefined
		switches: array
		t: function
		time: undefined
		U: function
		w: function
		W: function
		y: function
		Y: function
		z: function
Paused at 279
	Hit Breakpoint(s) 
	Call Stack: Date.formatDate 
	Bindings: a: function
		A: function
		B: function
		d: function
		D: function
		daysLong: array
		daysShort: array
		daysSuffix: array
		F: function
		g: function
		G: function
		h: function
		H: function
		i: function
		ia: array
		ij: number = 0
		input: string = Y-m-d
		j: function
		l: function
		L: function
		m: function
		M: function
		monthsLong: array
		monthsShort: array
		n: function
		O: function
		prevTime: undefined
		r: function
		s: function
		S: function
		self: object
		switches: array
		t: function
		time: undefined
		U: function
		w: function
		W: function
		y: function
		Y: function
		z: function
Paused at 279
	Hit Breakpoint(s) 
	Call Stack: Date.formatDate 
	Bindings: a: function
		A: function
		B: function
		d: function
		D: function
		daysLong: array
		daysShort: array
		daysSuffix: array
		F: function
		g: function
		G: function
		h: function
		H: function
		i: function
		ia: array
		ij: number = 1
		input: string = Y-m-d
		j: function
		l: function
		L: function
		m: function
		M: function
		monthsLong: array
		monthsShort: array
		n: function
		O: function
		prevTime: undefined
		r: function
		s: function
		S: function
		self: object
		switches: array
		t: function
		time: undefined
		U: function
		w: function
		W: function
		y: function
		Y: function
		z: function
Paused at 279
	Hit Breakpoint(s) 
	Call Stack: Date.formatDate 
	Bindings: a: function
		A: function
		B: function
		d: function
		D: function
		daysLong: array
		daysShort: array
		daysSuffix: array
		F: function
		g: function
		G: function
		h: function
		H: function
		i: function
		ia: array
		ij: number = 2
		input: string = Y-m-d
		j: function
		l: function
		L: function
		m: function
		M: function
		monthsLong: array
		monthsShort: array
		n: function
		O: function
		prevTime: undefined
		r: function
		s: function
		S: function
		self: object
		switches: array
		t: function
		time: undefined
		U: function
		w: function
		W: function
		y: function
		Y: function
		z: function
Paused at 136
	Hit Breakpoint(s) 
	Call Stack: m, Date.formatDate 
	Bindings: a: function
		A: function
		B: function
		d: function
		D: function
		daysLong: array
		daysShort: array
		daysSuffix: array
		F: function
		g: function
		G: function
		h: function
		H: function
		i: function
		ia: array
		ij: number = 2
		input: string = Y-m-d
		j: function
		l: function
		L: function
		m: function
		M: function
		monthsLong: array
		monthsShort: array
		n: function
		O: function
		prevTime: undefined
		r: function
		s: function
		S: function
		self: object
		switches: array
		t: function
		time: undefined
		U: function
		w: function
		W: function
		y: function
		Y: function
		z: function
Paused at 279
	Hit Breakpoint(s) 
	Call Stack: Date.formatDate 
	Bindings: a: function
		A: function
		B: function
		d: function
		D: function
		daysLong: array
		daysShort: array
		daysSuffix: array
		F: function
		g: function
		G: function
		h: function
		H: function
		i: function
		ia: array
		ij: number = 3
		input: string = Y-m-d
		j: function
		l: function
		L: function
		m: function
		M: function
		monthsLong: array
		monthsShort: array
		n: function
		O: function
		prevTime: undefined
		r: function
		s: function
		S: function
		self: object
		switches: array
		t: function
		time: undefined
		U: function
		w: function
		W: function
		y: function
		Y: function
		z: function
Paused at 279
	Hit Breakpoint(s) 
	Call Stack: Date.formatDate 
	Bindings: a: function
		A: function
		B: function
		d: function
		D: function
		daysLong: array
		daysShort: array
		daysSuffix: array
		F: function
		g: function
		G: function
		h: function
		H: function
		i: function
		ia: array
		ij: number = 4
		input: string = Y-m-d
		j: function
		l: function
		L: function
		m: function
		M: function
		monthsLong: array
		monthsShort: array
		n: function
		O: function
		prevTime: undefined
		r: function
		s: function
		S: function
		self: object
		switches: array
		t: function
		time: undefined
		U: function
		w: function
		W: function
		y: function
		Y: function
		z: function
Paused at 72
	Hit Breakpoint(s) 
	Call Stack: d, Date.formatDate 
	Bindings: a: function
		A: function
		B: function
		d: function
		D: function
		daysLong: array
		daysShort: array
		daysSuffix: array
		F: function
		g: function
		G: function
		h: function
		H: function
		i: function
		ia: array
		ij: number = 4
		input: string = Y-m-d
		j: function
		l: function
		L: function
		m: function
		M: function
		monthsLong: array
		monthsShort: array
		n: function
		O: function
		prevTime: undefined
		r: function
		s: function
		S: function
		self: object
		switches: array
		t: function
		time: undefined
		U: function
		w: function
		W: function
		y: function
		Y: function
		z: function
Paused at 286
	Hit Breakpoint(s) 
	Call Stack: Date.formatDate 
	Bindings: a: function
		A: function
		B: function
		d: function
		D: function
		daysLong: array
		daysShort: array
		daysSuffix: array
		F: function
		g: function
		G: function
		h: function
		H: function
		i: function
		ia: array
		ij: number = 5
		input: string = Y-m-d
		j: function
		l: function
		L: function
		m: function
		M: function
		monthsLong: array
		monthsShort: array
		n: function
		O: function
		prevTime: undefined
		r: function
		s: function
		S: function
		self: object
		switches: array
		t: function
		time: undefined
		U: function
		w: function
		W: function
		y: function
		Y: function
		z: function
Paused at 121
	Hit Breakpoint(s) 
	Call Stack: Date.formatDate 
	Bindings: a: function
		A: function
		B: function
		d: function
		D: function
		daysLong: undefined
		daysShort: undefined
		daysSuffix: undefined
		F: function
		g: function
		G: function
		h: function
		H: function
		i: function
		ia: undefined
		ij: undefined
		input: string = l, F d, Y g:i:s A
		j: function
		l: function
		L: undefined
		m: undefined
		M: undefined
		monthsLong: undefined
		monthsShort: undefined
		n: undefined
		O: undefined
		prevTime: undefined
		r: undefined
		s: undefined
		S: undefined
		self: undefined
		switches: undefined
		t: undefined
		time: undefined
		U: undefined
		w: undefined
		W: undefined
		y: undefined
		Y: undefined
		z: undefined
Paused at 258
	Hit Breakpoint(s) 
	Call Stack: Date.formatDate 
	Bindings: a: function
		A: function
		B: function
		d: function
		D: function
		daysLong: undefined
		daysShort: undefined
		daysSuffix: undefined
		F: function
		g: function
		G: function
		h: function
		H: function
		i: function
		ia: undefined
		ij: undefined
		input: string = l, F d, Y g:i:s A
		j: function
		l: function
		L: function
		m: function
		M: function
		monthsLong: undefined
		monthsShort: undefined
		n: function
		O: function
		prevTime: undefined
		r: function
		s: function
		S: function
		self: undefined
		switches: undefined
		t: function
		time: undefined
		U: function
		w: function
		W: function
		y: function
		Y: function
		z: undefined
Paused at 26
	Hit Breakpoint(s) 
	Call Stack: Date.formatDate 
	Bindings: a: function
		A: function
		B: function
		d: function
		D: function
		daysLong: undefined
		daysShort: undefined
		daysSuffix: undefined
		F: function
		g: function
		G: function
		h: function
		H: function
		i: function
		ia: undefined
		ij: undefined
		input: string = l, F d, Y g:i:s A
		j: function
		l: function
		L: function
		m: function
		M: function
		monthsLong: undefined
		monthsShort: undefined
		n: function
		O: function
		prevTime: undefined
		r: function
		s: function
		S: function
		self: undefined
		switches: undefined
		t: function
		time: undefined
		U: function
		w: function
		W: function
		y: function
		Y: function
		z: function
Paused at 29
	Hit Breakpoint(s) 
	Call Stack: Date.formatDate 
	Bindings: a: function
		A: function
		B: function
		d: function
		D: function
		daysLong: undefined
		daysShort: undefined
		daysSuffix: undefined
		F: function
		g: function
		G: function
		h: function
		H: function
		i: function
		ia: undefined
		ij: undefined
		input: string = l, F d, Y g:i:s A
		j: function
		l: function
		L: function
		m: function
		M: function
		monthsLong: undefined
		monthsShort: undefined
		n: function
		O: function
		prevTime: undefined
		r: function
		s: function
		S: function
		self: undefined
		switches: array
		t: function
		time: undefined
		U: function
		w: function
		W: function
		y: function
		Y: function
		z: function
Paused at 39
	Hit Breakpoint(s) 
	Call Stack: Date.formatDate 
	Bindings: a: function
		A: function
		B: function
		d: function
		D: function
		daysLong: array
		daysShort: array
		daysSuffix: undefined
		F: function
		g: function
		G: function
		h: function
		H: function
		i: function
		ia: undefined
		ij: undefined
		input: string = l, F d, Y g:i:s A
		j: function
		l: function
		L: function
		m: function
		M: function
		monthsLong: array
		monthsShort: array
		n: function
		O: function
		prevTime: undefined
		r: function
		s: function
		S: function
		self: undefined
		switches: array
		t: function
		time: undefined
		U: function
		w: function
		W: function
		y: function
		Y: function
		z: function
Paused at 279
	Hit Breakpoint(s) 
	Call Stack: Date.formatDate 
	Bindings: a: function
		A: function
		B: function
		d: function
		D: function
		daysLong: array
		daysShort: array
		daysSuffix: array
		F: function
		g: function
		G: function
		h: function
		H: function
		i: function
		ia: array
		ij: number = 0
		input: string = l, F d, Y g:i:s A
		j: function
		l: function
		L: function
		m: function
		M: function
		monthsLong: array
		monthsShort: array
		n: function
		O: function
		prevTime: undefined
		r: function
		s: function
		S: function
		self: object
		switches: array
		t: function
		time: undefined
		U: function
		w: function
		W: function
		y: function
		Y: function
		z: function
Paused at 279
	Hit Breakpoint(s) 
	Call Stack: Date.formatDate 
	Bindings: a: function
		A: function
		B: function
		d: function
		D: function
		daysLong: array
		daysShort: array
		daysSuffix: array
		F: function
		g: function
		G: function
		h: function
		H: function
		i: function
		ia: array
		ij: number = 1
		input: string = l, F d, Y g:i:s A
		j: function
		l: function
		L: function
		m: function
		M: function
		monthsLong: array
		monthsShort: array
		n: function
		O: function
		prevTime: undefined
		r: function
		s: function
		S: function
		self: object
		switches: array
		t: function
		time: undefined
		U: function
		w: function
		W: function
		y: function
		Y: function
		z: function
Paused at 279
	Hit Breakpoint(s) 
	Call Stack: Date.formatDate 
	Bindings: a: function
		A: function
		B: function
		d: function
		D: function
		daysLong: array
		daysShort: array
		daysSuffix: array
		F: function
		g: function
		G: function
		h: function
		H: function
		i: function
		ia: array
		ij: number = 2
		input: string = l, F d, Y g:i:s A
		j: function
		l: function
		L: function
		m: function
		M: function
		monthsLong: array
		monthsShort: array
		n: function
		O: function
		prevTime: undefined
		r: function
		s: function
		S: function
		self: object
		switches: array
		t: function
		time: undefined
		U: function
		w: function
		W: function
		y: function
		Y: function
		z: function
Paused at 279
	Hit Breakpoint(s) 
	Call Stack: Date.formatDate 
	Bindings: a: function
		A: function
		B: function
		d: function
		D: function
		daysLong: array
		daysShort: array
		daysSuffix: array
		F: function
		g: function
		G: function
		h: function
		H: function
		i: function
		ia: array
		ij: number = 3
		input: string = l, F d, Y g:i:s A
		j: function
		l: function
		L: function
		m: function
		M: function
		monthsLong: array
		monthsShort: array
		n: function
		O: function
		prevTime: undefined
		r: function
		s: function
		S: function
		self: object
		switches: array
		t: function
		time: undefined
		U: function
		w: function
		W: function
		y: function
		Y: function
		z: function
Paused at 279
	Hit Breakpoint(s) 
	Call Stack: Date.formatDate 
	Bindings: a: function
		A: function
		B: function
		d: function
		D: function
		daysLong: array
		daysShort: array
		daysSuffix: array
		F: function
		g: function
		G: function
		h: function
		H: function
		i: function
		ia: array
		ij: number = 4
		input: string = l, F d, Y g:i:s A
		j: function
		l: function
		L: function
		m: function
		M: function
		monthsLong: array
		monthsShort: array
		n: function
		O: function
		prevTime: undefined
		r: function
		s: function
		S: function
		self: object
		switches: array
		t: function
		time: undefined
		U: function
		w: function
		W: function
		y: function
		Y: function
		z: function
Paused at 279
	Hit Breakpoint(s) 
	Call Stack: Date.formatDate 
	Bindings: a: function
		A: function
		B: function
		d: function
		D: function
		daysLong: array
		daysShort: array
		daysSuffix: array
		F: function
		g: function
		G: function
		h: function
		H: function
		i: function
		ia: array
		ij: number = 5
		input: string = l, F d, Y g:i:s A
		j: function
		l: function
		L: function
		m: function
		M: function
		monthsLong: array
		monthsShort: array
		n: function
		O: function
		prevTime: undefined
		r: function
		s: function
		S: function
		self: object
		switches: array
		t: function
		time: undefined
		U: function
		w: function
		W: function
		y: function
		Y: function
		z: function
