Breakpoint Set at 70
Breakpoint Set at 70
Breakpoint Set at 192
Breakpoint Set at 174
Breakpoint Set at 19
Breakpoint Set at 100
Breakpoint Set at 215
Breakpoint Set at 209
Breakpoint Set at 3
Breakpoint Set at 79
Breakpoint Set at 224
Breakpoint Set at 70
Breakpoint Set at 145
Breakpoint Set at 242
Breakpoint Set at 20
Breakpoint Set at 265
Breakpoint Set at 5
Breakpoint Set at 28
Breakpoint Set at 70
Breakpoint Set at 84
Breakpoint Set at 205
Paused at 70
	Hit Breakpoint(s) 
	Call Stack:  
	Bindings: 
Paused at 205
	Hit Breakpoint(s) 
	Call Stack:  
	Bindings: m: undefined
		s: object
Paused at 209
	Hit Breakpoint(s) 
	Call Stack:  
	Bindings: m: object
		s: object
Paused at 215
	Hit Breakpoint(s) 
	Call Stack: walk, s.parseJSON 
	Bindings: filter: function
		i: undefined
		j: array
		k: string = 
		m: object
		n: undefined
		s: object
		v: array
		walk: function
Paused at 215
	Hit Breakpoint(s) 
	Call Stack: walk, walk, s.parseJSON 
	Bindings: filter: function
		i: undefined
		j: array
		k: string = 0
		m: object
		n: undefined
		s: object
		v: object
		walk: function
Paused at 224
	Hit Breakpoint(s) 
	Call Stack: walk, walk, walk, s.parseJSON 
	Bindings: filter: function
		i: undefined
		j: array
		k: string = tag
		m: object
		n: undefined
		s: object
		v: string = titillation
		walk: function
Paused at 224
	Hit Breakpoint(s) 
	Call Stack: walk, walk, walk, s.parseJSON 
	Bindings: filter: function
		i: undefined
		j: array
		k: string = popularity
		m: object
		n: undefined
		s: object
		v: number = 4294967296
		walk: function
Paused at 224
	Hit Breakpoint(s) 
	Call Stack: walk, walk, s.parseJSON 
	Bindings: filter: function
		i: string = toJSONString
		j: array
		k: string = 0
		m: object
		n: number = 32
		s: object
		v: object
		walk: function
Paused at 215
	Hit Breakpoint(s) 
	Call Stack: walk, walk, s.parseJSON 
	Bindings: filter: function
		i: undefined
		j: array
		k: string = 1
		m: object
		n: undefined
		s: object
		v: object
		walk: function
Paused at 224
	Hit Breakpoint(s) 
	Call Stack: walk, walk, walk, s.parseJSON 
	Bindings: filter: function
		i: undefined
		j: array
		k: string = tag
		m: object
		n: undefined
		s: object
		v: string = foamless
		walk: function
Paused at 224
	Hit Breakpoint(s) 
	Call Stack: walk, walk, walk, s.parseJSON 
	Bindings: filter: function
		i: undefined
		j: array
		k: string = popularity
		m: object
		n: undefined
		s: object
		v: number = 1257718401
		walk: function
Paused at 224
	Hit Breakpoint(s) 
	Call Stack: walk, walk, s.parseJSON 
	Bindings: filter: function
		i: string = toJSONString
		j: array
		k: string = 1
		m: object
		n: number = 30.228161797699705
		s: object
		v: object
		walk: function
Paused at 215
	Hit Breakpoint(s) 
	Call Stack: walk, walk, s.parseJSON 
	Bindings: filter: function
		i: undefined
		j: array
		k: string = 2
		m: object
		n: undefined
		s: object
		v: object
		walk: function
Paused at 224
	Hit Breakpoint(s) 
	Call Stack: walk, walk, walk, s.parseJSON 
	Bindings: filter: function
		i: undefined
		j: array
		k: string = tag
		m: object
		n: undefined
		s: object
		v: string = snarler
		walk: function
Paused at 224
	Hit Breakpoint(s) 
	Call Stack: walk, walk, walk, s.parseJSON 
	Bindings: filter: function
		i: undefined
		j: array
		k: string = popularity
		m: object
		n: undefined
		s: object
		v: number = 613166183
		walk: function
Paused at 224
	Hit Breakpoint(s) 
	Call Stack: walk, walk, s.parseJSON 
	Bindings: filter: function
		i: string = toJSONString
		j: array
		k: string = 2
		m: object
		n: number = 29.19170289157581
		s: object
		v: object
		walk: function
Paused at 215
	Hit Breakpoint(s) 
	Call Stack: walk, walk, s.parseJSON 
	Bindings: filter: function
		i: undefined
		j: array
		k: string = 3
		m: object
		n: undefined
		s: object
		v: object
		walk: function
Paused at 224
	Hit Breakpoint(s) 
	Call Stack: walk, walk, walk, s.parseJSON 
	Bindings: filter: function
		i: undefined
		j: array
		k: string = tag
		m: object
		n: undefined
		s: object
		v: string = multangularness
		walk: function
Paused at 224
	Hit Breakpoint(s) 
	Call Stack: walk, walk, walk, s.parseJSON 
	Bindings: filter: function
		i: undefined
		j: array
		k: string = popularity
		m: object
		n: undefined
		s: object
		v: number = 368304452
		walk: function
Paused at 224
	Hit Breakpoint(s) 
	Call Stack: walk, walk, s.parseJSON 
	Bindings: filter: function
		i: string = toJSONString
		j: array
		k: string = 3
		m: object
		n: number = 28.456323595488065
		s: object
		v: object
		walk: function
Paused at 215
	Hit Breakpoint(s) 
	Call Stack: walk, walk, s.parseJSON 
	Bindings: filter: function
		i: undefined
		j: array
		k: string = 4
		m: object
		n: undefined
		s: object
		v: object
		walk: function
Paused at 224
	Hit Breakpoint(s) 
	Call Stack: walk, walk, walk, s.parseJSON 
	Bindings: filter: function
		i: undefined
		j: array
		k: string = tag
		m: object
		n: undefined
		s: object
		v: string = Fesapo unventurous
		walk: function
Paused at 224
	Hit Breakpoint(s) 
	Call Stack: walk, walk, walk, s.parseJSON 
	Bindings: filter: function
		i: undefined
		j: array
		k: string = popularity
		m: object
		n: undefined
		s: object
		v: number = 248026512
		walk: function
Paused at 224
	Hit Breakpoint(s) 
	Call Stack: walk, walk, s.parseJSON 
	Bindings: filter: function
		i: string = toJSONString
		j: array
		k: string = 4
		m: object
		n: number = 27.885919100221585
		s: object
		v: object
		walk: function
Paused at 215
	Hit Breakpoint(s) 
	Call Stack: walk, walk, s.parseJSON 
	Bindings: filter: function
		i: undefined
		j: array
		k: string = 5
		m: object
		n: undefined
		s: object
		v: object
		walk: function
Paused at 224
	Hit Breakpoint(s) 
	Call Stack: walk, walk, walk, s.parseJSON 
	Bindings: filter: function
		i: undefined
		j: array
		k: string = tag
		m: object
		n: undefined
		s: object
		v: string = esthesioblast
		walk: function
Paused at 224
	Hit Breakpoint(s) 
	Call Stack: walk, walk, walk, s.parseJSON 
	Bindings: filter: function
		i: undefined
		j: array
		k: string = popularity
		m: object
		n: undefined
		s: object
		v: number = 179556755
		walk: function
Paused at 224
	Hit Breakpoint(s) 
	Call Stack: walk, walk, s.parseJSON 
	Bindings: filter: function
		i: string = toJSONString
		j: array
		k: string = 5
		m: object
		n: number = 27.419864687911474
		s: object
		v: object
		walk: function
Paused at 215
	Hit Breakpoint(s) 
	Call Stack: walk, walk, s.parseJSON 
	Bindings: filter: function
		i: undefined
		j: array
		k: string = 6
		m: object
		n: undefined
		s: object
		v: object
		walk: function
Paused at 224
	Hit Breakpoint(s) 
	Call Stack: walk, walk, walk, s.parseJSON 
	Bindings: filter: function
		i: undefined
		j: array
		k: string = tag
		m: object
		n: undefined
		s: object
		v: string = echeneidoid
		walk: function
Paused at 224
	Hit Breakpoint(s) 
	Call Stack: walk, walk, walk, s.parseJSON 
	Bindings: filter: function
		i: undefined
		j: array
		k: string = popularity
		m: object
		n: undefined
		s: object
		v: number = 136641578
		walk: function
Paused at 224
	Hit Breakpoint(s) 
	Call Stack: walk, walk, s.parseJSON 
	Bindings: filter: function
		i: string = toJSONString
		j: array
		k: string = 6
		m: object
		n: number = 27.025821300174254
		s: object
		v: object
		walk: function
Paused at 215
	Hit Breakpoint(s) 
	Call Stack: walk, walk, s.parseJSON 
	Bindings: filter: function
		i: undefined
		j: array
		k: string = 7
		m: object
		n: undefined
		s: object
		v: object
		walk: function
Paused at 224
	Hit Breakpoint(s) 
	Call Stack: walk, walk, walk, s.parseJSON 
	Bindings: filter: function
		i: undefined
		j: array
		k: string = tag
		m: object
		n: undefined
		s: object
		v: string = embryoctony
		walk: function
Paused at 224
	Hit Breakpoint(s) 
	Call Stack: walk, walk, walk, s.parseJSON 
	Bindings: filter: function
		i: undefined
		j: array
		k: string = popularity
		m: object
		n: undefined
		s: object
		v: number = 107852576
		walk: function
Paused at 224
	Hit Breakpoint(s) 
	Call Stack: walk, walk, s.parseJSON 
	Bindings: filter: function
		i: string = toJSONString
		j: array
		k: string = 7
		m: object
		n: number = 26.68448539399359
		s: object
		v: object
		walk: function
Paused at 215
	Hit Breakpoint(s) 
	Call Stack: walk, walk, s.parseJSON 
	Bindings: filter: function
		i: undefined
		j: array
		k: string = 8
		m: object
		n: undefined
		s: object
		v: object
		walk: function
Paused at 224
	Hit Breakpoint(s) 
	Call Stack: walk, walk, walk, s.parseJSON 
	Bindings: filter: function
		i: undefined
		j: array
		k: string = tag
		m: object
		n: undefined
		s: object
		v: string = undilatory
		walk: function
Paused at 224
	Hit Breakpoint(s) 
	Call Stack: walk, walk, walk, s.parseJSON 
	Bindings: filter: function
		i: undefined
		j: array
		k: string = popularity
		m: object
		n: undefined
		s: object
		v: number = 87537981
		walk: function
Paused at 224
	Hit Breakpoint(s) 
	Call Stack: walk, walk, s.parseJSON 
	Bindings: filter: function
		i: string = toJSONString
		j: array
		k: string = 8
		m: object
		n: number = 26.383405773858158
		s: object
		v: object
		walk: function
Paused at 215
	Hit Breakpoint(s) 
	Call Stack: walk, walk, s.parseJSON 
	Bindings: filter: function
		i: undefined
		j: array
		k: string = 9
		m: object
		n: undefined
		s: object
		v: object
		walk: function
Paused at 224
	Hit Breakpoint(s) 
	Call Stack: walk, walk, walk, s.parseJSON 
	Bindings: filter: function
		i: undefined
		j: array
		k: string = tag
		m: object
		n: undefined
		s: object
		v: string = predisregard
		walk: function
Paused at 224
	Hit Breakpoint(s) 
	Call Stack: walk, walk, walk, s.parseJSON 
	Bindings: filter: function
		i: undefined
		j: array
		k: string = popularity
		m: object
		n: undefined
		s: object
		v: number = 72630939
		walk: function
Paused at 224
	Hit Breakpoint(s) 
	Call Stack: walk, walk, s.parseJSON 
	Bindings: filter: function
		i: string = toJSONString
		j: array
		k: string = 9
		m: object
		n: number = 26.114080896092293
		s: object
		v: object
		walk: function
Paused at 215
	Hit Breakpoint(s) 
	Call Stack: walk, walk, s.parseJSON 
	Bindings: filter: function
		i: undefined
		j: array
		k: string = 10
		m: object
		n: undefined
		s: object
		v: object
		walk: function
Paused at 224
	Hit Breakpoint(s) 
	Call Stack: walk, walk, walk, s.parseJSON 
	Bindings: filter: function
		i: undefined
		j: array
		k: string = tag
		m: object
		n: undefined
		s: object
		v: string = allergenic
		walk: function
Paused at 224
	Hit Breakpoint(s) 
	Call Stack: walk, walk, walk, s.parseJSON 
	Bindings: filter: function
		i: undefined
		j: array
		k: string = popularity
		m: object
		n: undefined
		s: object
		v: number = 61345190
		walk: function
Paused at 224
	Hit Breakpoint(s) 
	Call Stack: walk, walk, s.parseJSON 
	Bindings: filter: function
		i: string = toJSONString
		j: array
		k: string = 10
		m: object
		n: number = 25.87044689261165
		s: object
		v: object
		walk: function
Paused at 215
	Hit Breakpoint(s) 
	Call Stack: walk, walk, s.parseJSON 
	Bindings: filter: function
		i: undefined
		j: array
		k: string = 11
		m: object
		n: undefined
		s: object
		v: object
		walk: function
Paused at 224
	Hit Breakpoint(s) 
	Call Stack: walk, walk, walk, s.parseJSON 
	Bindings: filter: function
		i: undefined
		j: array
		k: string = tag
		m: object
		n: undefined
		s: object
		v: string = uncloudy
		walk: function
Paused at 224
	Hit Breakpoint(s) 
	Call Stack: walk, walk, walk, s.parseJSON 
	Bindings: filter: function
		i: undefined
		j: array
		k: string = popularity
		m: object
		n: undefined
		s: object
		v: number = 52580571
		walk: function
Paused at 224
	Hit Breakpoint(s) 
	Call Stack: walk, walk, s.parseJSON 
	Bindings: filter: function
		i: string = toJSONString
		j: array
		k: string = 11
		m: object
		n: number = 25.648026473234733
		s: object
		v: object
		walk: function
Paused at 215
	Hit Breakpoint(s) 
	Call Stack: walk, walk, s.parseJSON 
	Bindings: filter: function
		i: undefined
		j: array
		k: string = 12
		m: object
		n: undefined
		s: object
		v: object
		walk: function
Paused at 224
	Hit Breakpoint(s) 
	Call Stack: walk, walk, walk, s.parseJSON 
	Bindings: filter: function
		i: undefined
		j: array
		k: string = tag
		m: object
		n: undefined
		s: object
		v: string = unforeseeably
		walk: function
Paused at 224
	Hit Breakpoint(s) 
	Call Stack: walk, walk, walk, s.parseJSON 
	Bindings: filter: function
		i: undefined
		j: array
		k: string = popularity
		m: object
		n: undefined
		s: object
		v: number = 45628109
		walk: function
Paused at 224
	Hit Breakpoint(s) 
	Call Stack: walk, walk, s.parseJSON 
	Bindings: filter: function
		i: string = toJSONString
		j: array
		k: string = 12
		m: object
		n: number = 25.44341952853962
		s: object
		v: object
		walk: function
Paused at 215
	Hit Breakpoint(s) 
	Call Stack: walk, walk, s.parseJSON 
	Bindings: filter: function
		i: undefined
		j: array
		k: string = 13
		m: object
		n: undefined
		s: object
		v: object
		walk: function
Paused at 224
	Hit Breakpoint(s) 
	Call Stack: walk, walk, walk, s.parseJSON 
	Bindings: filter: function
		i: undefined
		j: array
		k: string = tag
		m: object
		n: undefined
		s: object
		v: string = sturniform
		walk: function
Paused at 224
	Hit Breakpoint(s) 
	Call Stack: walk, walk, walk, s.parseJSON 
	Bindings: filter: function
		i: undefined
		j: array
		k: string = popularity
		m: object
		n: undefined
		s: object
		v: number = 40013489
		walk: function
Paused at 224
	Hit Breakpoint(s) 
	Call Stack: walk, walk, s.parseJSON 
	Bindings: filter: function
		i: string = toJSONString
		j: array
		k: string = 13
		m: object
		n: number = 25.25398309503299
		s: object
		v: object
		walk: function
Paused at 215
	Hit Breakpoint(s) 
	Call Stack: walk, walk, s.parseJSON 
	Bindings: filter: function
		i: undefined
		j: array
		k: string = 14
		m: object
		n: undefined
		s: object
		v: object
		walk: function
Paused at 224
	Hit Breakpoint(s) 
	Call Stack: walk, walk, walk, s.parseJSON 
	Bindings: filter: function
		i: undefined
		j: array
		k: string = tag
		m: object
		n: undefined
		s: object
		v: string = anesthetize
		walk: function
Paused at 224
	Hit Breakpoint(s) 
	Call Stack: walk, walk, walk, s.parseJSON 
	Bindings: filter: function
		i: undefined
		j: array
		k: string = popularity
		m: object
		n: undefined
		s: object
		v: number = 35409226
		walk: function
Paused at 224
	Hit Breakpoint(s) 
	Call Stack: walk, walk, s.parseJSON 
	Bindings: filter: function
		i: string = toJSONString
		j: array
		k: string = 14
		m: object
		n: number = 25.077621972832606
		s: object
		v: object
		walk: function
Paused at 215
	Hit Breakpoint(s) 
	Call Stack: walk, walk, s.parseJSON 
	Bindings: filter: function
		i: undefined
		j: array
		k: string = 15
		m: object
		n: undefined
		s: object
		v: object
		walk: function
Paused at 224
	Hit Breakpoint(s) 
	Call Stack: walk, walk, walk, s.parseJSON 
	Bindings: filter: function
		i: undefined
		j: array
		k: string = tag
		m: object
		n: undefined
		s: object
		v: string = ametabolia
		walk: function
Paused at 224
	Hit Breakpoint(s) 
	Call Stack: walk, walk, walk, s.parseJSON 
	Bindings: filter: function
		i: undefined
		j: array
		k: string = popularity
		m: object
		n: undefined
		s: object
		v: number = 31583050
		walk: function
Paused at 224
	Hit Breakpoint(s) 
	Call Stack: walk, walk, s.parseJSON 
	Bindings: filter: function
		i: string = toJSONString
		j: array
		k: string = 15
		m: object
		n: number = 24.912647164333105
		s: object
		v: object
		walk: function
Paused at 215
	Hit Breakpoint(s) 
	Call Stack: walk, walk, s.parseJSON 
	Bindings: filter: function
		i: undefined
		j: array
		k: string = 16
		m: object
		n: undefined
		s: object
		v: object
		walk: function
Paused at 224
	Hit Breakpoint(s) 
	Call Stack: walk, walk, walk, s.parseJSON 
	Bindings: filter: function
		i: undefined
		j: array
		k: string = tag
		m: object
		n: undefined
		s: object
		v: string = angiopathy
		walk: function
Paused at 224
	Hit Breakpoint(s) 
	Call Stack: walk, walk, walk, s.parseJSON 
	Bindings: filter: function
		i: undefined
		j: array
		k: string = popularity
		m: object
		n: undefined
		s: object
		v: number = 28366350
		walk: function
Paused at 224
	Hit Breakpoint(s) 
	Call Stack: walk, walk, s.parseJSON 
	Bindings: filter: function
		i: string = toJSONString
		j: array
		k: string = 16
		m: object
		n: number = 24.757677190020434
		s: object
		v: object
		walk: function
Paused at 215
	Hit Breakpoint(s) 
	Call Stack: walk, walk, s.parseJSON 
	Bindings: filter: function
		i: undefined
		j: array
		k: string = 17
		m: object
		n: undefined
		s: object
		v: object
		walk: function
Paused at 224
	Hit Breakpoint(s) 
	Call Stack: walk, walk, walk, s.parseJSON 
	Bindings: filter: function
		i: undefined
		j: array
		k: string = tag
		m: object
		n: undefined
		s: object
		v: string = sultanaship
		walk: function
Paused at 224
	Hit Breakpoint(s) 
	Call Stack: walk, walk, walk, s.parseJSON 
	Bindings: filter: function
		i: undefined
		j: array
		k: string = popularity
		m: object
		n: undefined
		s: object
		v: number = 25634218
		walk: function
Paused at 224
	Hit Breakpoint(s) 
	Call Stack: walk, walk, s.parseJSON 
	Bindings: filter: function
		i: string = toJSONString
		j: array
		k: string = 17
		m: object
		n: number = 24.611567551619846
		s: object
		v: object
		walk: function
Paused at 215
	Hit Breakpoint(s) 
	Call Stack: walk, walk, s.parseJSON 
	Bindings: filter: function
		i: undefined
		j: array
		k: string = 18
		m: object
		n: undefined
		s: object
		v: object
		walk: function
Paused at 224
	Hit Breakpoint(s) 
	Call Stack: walk, walk, walk, s.parseJSON 
	Bindings: filter: function
		i: undefined
		j: array
		k: string = tag
		m: object
		n: undefined
		s: object
		v: string = Frenchwise
		walk: function
Paused at 224
	Hit Breakpoint(s) 
	Call Stack: walk, walk, walk, s.parseJSON 
	Bindings: filter: function
		i: undefined
		j: array
		k: string = popularity
		m: object
		n: undefined
		s: object
		v: number = 23292461
		walk: function
Paused at 224
	Hit Breakpoint(s) 
	Call Stack: walk, walk, s.parseJSON 
	Bindings: filter: function
		i: string = toJSONString
		j: array
		k: string = 18
		m: object
		n: number = 24.47335974192793
		s: object
		v: object
		walk: function
Paused at 215
	Hit Breakpoint(s) 
	Call Stack: walk, walk, s.parseJSON 
	Bindings: filter: function
		i: undefined
		j: array
		k: string = 19
		m: object
		n: undefined
		s: object
		v: object
		walk: function
Paused at 224
	Hit Breakpoint(s) 
	Call Stack: walk, walk, walk, s.parseJSON 
	Bindings: filter: function
		i: undefined
		j: array
		k: string = tag
		m: object
		n: undefined
		s: object
		v: string = cerviconasal
		walk: function
Paused at 224
	Hit Breakpoint(s) 
	Call Stack: walk, walk, walk, s.parseJSON 
	Bindings: filter: function
		i: undefined
		j: array
		k: string = popularity
		m: object
		n: undefined
		s: object
		v: number = 21268909
		walk: function
Paused at 224
	Hit Breakpoint(s) 
	Call Stack: walk, walk, s.parseJSON 
	Bindings: filter: function
		i: string = toJSONString
		j: array
		k: string = 19
		m: object
		n: number = 24.342242695598603
		s: object
		v: object
		walk: function
Paused at 215
	Hit Breakpoint(s) 
	Call Stack: walk, walk, s.parseJSON 
	Bindings: filter: function
		i: undefined
		j: array
		k: string = 20
		m: object
		n: undefined
		s: object
		v: object
		walk: function
Paused at 224
	Hit Breakpoint(s) 
	Call Stack: walk, walk, walk, s.parseJSON 
	Bindings: filter: function
		i: undefined
		j: array
		k: string = tag
		m: object
		n: undefined
		s: object
		v: string = mercurialness
		walk: function
Paused at 224
	Hit Breakpoint(s) 
	Call Stack: walk, walk, walk, s.parseJSON 
	Bindings: filter: function
		i: undefined
		j: array
		k: string = popularity
		m: object
		n: undefined
		s: object
		v: number = 19507481
		walk: function
Paused at 224
	Hit Breakpoint(s) 
	Call Stack: walk, walk, s.parseJSON 
	Bindings: filter: function
		i: string = toJSONString
		j: array
		k: string = 20
		m: object
		n: number = 24.217524159050498
		s: object
		v: object
		walk: function
Paused at 215
	Hit Breakpoint(s) 
	Call Stack: walk, walk, s.parseJSON 
	Bindings: filter: function
		i: undefined
		j: array
		k: string = 21
		m: object
		n: undefined
		s: object
		v: object
		walk: function
Paused at 224
	Hit Breakpoint(s) 
	Call Stack: walk, walk, walk, s.parseJSON 
	Bindings: filter: function
		i: undefined
		j: array
		k: string = tag
		m: object
		n: undefined
		s: object
		v: string = glutelin venditate
		walk: function
Paused at 224
	Hit Breakpoint(s) 
	Call Stack: walk, walk, walk, s.parseJSON 
	Bindings: filter: function
		i: undefined
		j: array
		k: string = popularity
		m: object
		n: undefined
		s: object
		v: number = 17964042
		walk: function
Paused at 224
	Hit Breakpoint(s) 
	Call Stack: walk, walk, s.parseJSON 
	Bindings: filter: function
		i: string = toJSONString
		j: array
		k: string = 21
		m: object
		n: number = 24.098608664472213
		s: object
		v: object
		walk: function
Paused at 215
	Hit Breakpoint(s) 
	Call Stack: walk, walk, s.parseJSON 
	Bindings: filter: function
		i: undefined
		j: array
		k: string = 22
		m: object
		n: undefined
		s: object
		v: object
		walk: function
Paused at 224
	Hit Breakpoint(s) 
	Call Stack: walk, walk, walk, s.parseJSON 
	Bindings: filter: function
		i: undefined
		j: array
		k: string = tag
		m: object
		n: undefined
		s: object
		v: string = acred overblack
		walk: function
Paused at 224
	Hit Breakpoint(s) 
	Call Stack: walk, walk, walk, s.parseJSON 
	Bindings: filter: function
		i: undefined
		j: array
		k: string = popularity
		m: object
		n: undefined
		s: object
		v: number = 16603454
		walk: function
Paused at 224
	Hit Breakpoint(s) 
	Call Stack: walk, walk, s.parseJSON 
	Bindings: filter: function
		i: string = toJSONString
		j: array
		k: string = 22
		m: object
		n: number = 23.984980059417705
		s: object
		v: object
		walk: function
Paused at 215
	Hit Breakpoint(s) 
	Call Stack: walk, walk, s.parseJSON 
	Bindings: filter: function
		i: undefined
		j: array
		k: string = 23
		m: object
		n: undefined
		s: object
		v: object
		walk: function
Paused at 224
	Hit Breakpoint(s) 
	Call Stack: walk, walk, walk, s.parseJSON 
	Bindings: filter: function
		i: undefined
		j: array
		k: string = tag
		m: object
		n: undefined
		s: object
		v: string = Atik
		walk: function
Paused at 224
	Hit Breakpoint(s) 
	Call Stack: walk, walk, walk, s.parseJSON 
	Bindings: filter: function
		i: undefined
		j: array
		k: string = popularity
		m: object
		n: undefined
		s: object
		v: number = 15397451
		walk: function
Paused at 224
	Hit Breakpoint(s) 
	Call Stack: walk, walk, s.parseJSON 
	Bindings: filter: function
		i: string = toJSONString
		j: array
		k: string = 23
		m: object
		n: number = 23.876188201233273
		s: object
		v: object
		walk: function
Paused at 215
	Hit Breakpoint(s) 
	Call Stack: walk, walk, s.parseJSON 
	Bindings: filter: function
		i: undefined
		j: array
		k: string = 24
		m: object
		n: undefined
		s: object
		v: object
		walk: function
