13 -> 13
14 -> 14
16 -> 16
17 -> 17
19 -> 19
21 -> 21
22 -> 22
23 -> 23
24 -> 24
25 -> 25
28 -> 28
29 -> 29
30 -> 30
32 -> 32
33 -> 33
34 -> 34
35 -> 35
39 -> 39
40 -> 40
42 -> 42
43 -> 43
47 -> 47
48 -> 48
49 -> 49
50 -> 50
52 -> 52
53 -> 53
57 -> 57
58 -> 58
59 -> 59
60 -> 60
61 -> 61
62 -> 62
65 -> 65
66 -> 66
67 -> 67
68 -> 68
70 -> 70
71 -> 71
75 -> 75
76 -> 76
78 -> 78
79 -> 79
83 -> 83
84 -> 84
85 -> 85
87 -> 87
88 -> 88
90 -> 90
91 -> 91
92 -> 92
95 -> 95
96 -> 96
97 -> 97
98 -> 98
99 -> 99
100 -> 100
101 -> 101
102 -> 102
104 -> 104
107 -> 107
108 -> 108
111 -> 111
112 -> 112
113 -> 113
116 -> 116
117 -> 117
118 -> 118
119 -> 119
123 -> 123
141 -> 141
164 -> 164
168 -> 168
169 -> 169
170 -> 170
171 -> 171
172 -> 172
176 -> 176
177 -> 177
178 -> 178
181 -> 181
182 -> 182
185 -> 185
187 -> 187
188 -> 188
190 -> 190
193 -> 193
194 -> 194
196 -> 196
199 -> 199
201 -> 201
202 -> 202
203 -> 203
204 -> 204
205 -> 205
209 -> 209
213 -> 213
214 -> 214
215 -> 215
218 -> 218
219 -> 219
230 -> 230
232 -> 232
233 -> 233
234 -> 234
235 -> 235
236 -> 236
237 -> 237
239 -> 239
241 -> 241
244 -> 244
245 -> 245
246 -> 246
247 -> 247
249 -> 249
251 -> 251
253 -> 253
254 -> 254
256 -> 256
258 -> 258
260 -> 260
261 -> 261
263 -> 263
264 -> 264
265 -> 265
269 -> 269
272 -> 272
273 -> 273
278 -> 278
279 -> 279
282 -> 282
283 -> 283
289 -> 289
292 -> 292
294 -> 294
297 -> 297
298 -> 298
299 -> 299
301 -> 301
303 -> 303
304 -> 304
305 -> 305
306 -> 306
309 -> 309
310 -> 310
313 -> 313
314 -> 314
316 -> 316
317 -> 317
320 -> 320
323 -> 323
324 -> 324
325 -> 325
326 -> 326
328 -> 328
330 -> 330
331 -> 331
332 -> 332
334 -> 334
335 -> 335
336 -> 336
337 -> 337
339 -> 339
340 -> 340
343 -> 343
346 -> 346
347 -> 347
349 -> 349
352 -> 352
353 -> 353
355 -> 355
356 -> 356
359 -> 359
362 -> 362
363 -> 363
365 -> 365
368 -> 368
369 -> 369
371 -> 371
372 -> 372
376 -> 376
377 -> 377
378 -> 378
379 -> 379
384 -> 384
418 -> 418
420 -> 420
421 -> 421
423 -> 423
424 -> 424
425 -> 425
