314 -> 314
265 -> 265
418 -> 418
343 -> 343
249 -> 249
261 -> 261
283 -> 283
50 -> 50
352 -> 352
84 -> 84
369 -> 369
331 -> 331
123 -> 123
97 -> 97
239 -> 239
355 -> 355
168 -> 168
273 -> 273
247 -> 247
185 -> 185
377 -> 377
258 -> 258
53 -> 53
164 -> 164
289 -> 289
339 -> 339
301 -> 301
62 -> 62
187 -> 187
85 -> 85
214 -> 214
33 -> 33
91 -> 91
201 -> 201
61 -> 61
60 -> 60
368 -> 368
39 -> 39
251 -> 251
199 -> 199
70 -> 70
108 -> 108
95 -> 95
16 -> 16
359 -> 359
272 -> 272
306 -> 306
313 -> 313
376 -> 376
235 -> 235
65 -> 65
334 -> 334
230 -> 230
269 -> 269
347 -> 347
232 -> 232
176 -> 176
213 -> 213
309 -> 309
340 -> 340
316 -> 316
303 -> 303
244 -> 244
28 -> 28
141 -> 141
294 -> 294
104 -> 104
47 -> 47
34 -> 34
325 -> 325
384 -> 384
90 -> 90
181 -> 181
23 -> 23
328 -> 328
260 -> 260
253 -> 253
25 -> 25
48 -> 48
423 -> 423
263 -> 263
365 -> 365
215 -> 215
52 -> 52
19 -> 19
