16 -> 16
19 -> 19
23 -> 23
25 -> 25
28 -> 28
33 -> 33
34 -> 34
39 -> 39
47 -> 47
48 -> 48
50 -> 50
52 -> 52
53 -> 53
60 -> 60
61 -> 61
62 -> 62
65 -> 65
70 -> 70
84 -> 84
85 -> 85
90 -> 90
91 -> 91
95 -> 95
97 -> 97
104 -> 104
108 -> 108
123 -> 123
141 -> 141
164 -> 164
168 -> 168
176 -> 176
181 -> 181
185 -> 185
187 -> 187
199 -> 199
201 -> 201
213 -> 213
214 -> 214
215 -> 215
230 -> 230
232 -> 232
235 -> 235
239 -> 239
244 -> 244
247 -> 247
249 -> 249
251 -> 251
253 -> 253
258 -> 258
260 -> 260
261 -> 261
263 -> 263
265 -> 265
269 -> 269
272 -> 272
273 -> 273
283 -> 283
289 -> 289
294 -> 294
301 -> 301
303 -> 303
306 -> 306
309 -> 309
313 -> 313
314 -> 314
316 -> 316
325 -> 325
328 -> 328
331 -> 331
334 -> 334
339 -> 339
340 -> 340
343 -> 343
347 -> 347
352 -> 352
355 -> 355
359 -> 359
365 -> 365
368 -> 368
369 -> 369
376 -> 376
377 -> 377
384 -> 384
418 -> 418
423 -> 423
