65 -> 65
79 -> 79
230 -> 230
254 -> 254
68 -> 68
235 -> 235
272 -> 272
260 -> 260
297 -> 297
108 -> 108
196 -> 196
283 -> 283
101 -> 101
384 -> 384
107 -> 107
75 -> 75
76 -> 76
330 -> 330
425 -> 425
347 -> 347
71 -> 71
337 -> 337
14 -> 14
301 -> 301
215 -> 215
67 -> 67
181 -> 181
205 -> 205
246 -> 246
16 -> 16
193 -> 193
123 -> 123
353 -> 353
53 -> 53
256 -> 256
218 -> 218
35 -> 35
177 -> 177
96 -> 96
418 -> 418
178 -> 178
363 -> 363
97 -> 97
298 -> 298
282 -> 282
352 -> 352
273 -> 273
261 -> 261
294 -> 294
379 -> 379
190 -> 190
59 -> 59
194 -> 194
62 -> 62
112 -> 112
70 -> 70
305 -> 305
17 -> 17
213 -> 213
423 -> 423
249 -> 249
269 -> 269
185 -> 185
13 -> 13
376 -> 376
346 -> 346
49 -> 49
420 -> 420
349 -> 349
202 -> 202
356 -> 356
334 -> 334
169 -> 169
236 -> 236
340 -> 340
335 -> 335
21 -> 21
102 -> 102
377 -> 377
209 -> 209
95 -> 95
201 -> 201
116 -> 116
104 -> 104
251 -> 251
176 -> 176
365 -> 365
78 -> 78
60 -> 60
314 -> 314
343 -> 343
339 -> 339
203 -> 203
234 -> 234
306 -> 306
204 -> 204
58 -> 58
421 -> 421
164 -> 164
355 -> 355
241 -> 241
40 -> 40
278 -> 278
113 -> 113
317 -> 317
42 -> 42
244 -> 244
92 -> 92
258 -> 258
316 -> 316
171 -> 171
34 -> 34
84 -> 84
362 -> 362
111 -> 111
48 -> 48
50 -> 50
57 -> 57
29 -> 29
83 -> 83
323 -> 323
336 -> 336
263 -> 263
90 -> 90
23 -> 23
279 -> 279
30 -> 30
187 -> 187
328 -> 328
19 -> 19
61 -> 61
372 -> 372
424 -> 424
172 -> 172
188 -> 188
28 -> 28
304 -> 304
119 -> 119
253 -> 253
313 -> 313
43 -> 43
33 -> 33
141 -> 141
326 -> 326
85 -> 85
239 -> 239
324 -> 324
88 -> 88
22 -> 22
100 -> 100
309 -> 309
32 -> 32
233 -> 233
331 -> 331
289 -> 289
245 -> 245
359 -> 359
264 -> 264
47 -> 47
371 -> 371
52 -> 52
118 -> 118
303 -> 303
320 -> 320
219 -> 219
66 -> 66
39 -> 39
299 -> 299
170 -> 170
378 -> 378
182 -> 182
98 -> 98
24 -> 24
325 -> 325
368 -> 368
292 -> 292
310 -> 310
247 -> 247
232 -> 232
117 -> 117
25 -> 25
369 -> 369
87 -> 87
99 -> 99
214 -> 214
199 -> 199
91 -> 91
237 -> 237
265 -> 265
168 -> 168
332 -> 332
