310 -> 310
254 -> 254
421 -> 421
337 -> 337
218 -> 218
245 -> 245
264 -> 264
34 -> 34
343 -> 343
61 -> 61
368 -> 368
324 -> 324
90 -> 90
75 -> 75
188 -> 188
349 -> 349
92 -> 92
251 -> 251
193 -> 193
97 -> 97
377 -> 377
205 -> 205
66 -> 66
70 -> 70
39 -> 39
323 -> 323
258 -> 258
340 -> 340
84 -> 84
76 -> 76
35 -> 35
196 -> 196
185 -> 185
32 -> 32
104 -> 104
49 -> 49
353 -> 353
362 -> 362
113 -> 113
95 -> 95
203 -> 203
306 -> 306
230 -> 230
53 -> 53
336 -> 336
178 -> 178
232 -> 232
239 -> 239
363 -> 363
292 -> 292
356 -> 356
273 -> 273
187 -> 187
99 -> 99
303 -> 303
102 -> 102
346 -> 346
334 -> 334
85 -> 85
263 -> 263
194 -> 194
33 -> 33
170 -> 170
265 -> 265
294 -> 294
282 -> 282
52 -> 52
261 -> 261
317 -> 317
304 -> 304
23 -> 23
335 -> 335
117 -> 117
30 -> 30
62 -> 62
332 -> 332
169 -> 169
65 -> 65
355 -> 355
384 -> 384
325 -> 325
58 -> 58
253 -> 253
330 -> 330
171 -> 171
48 -> 48
71 -> 71
234 -> 234
352 -> 352
13 -> 13
182 -> 182
371 -> 371
16 -> 16
164 -> 164
283 -> 283
199 -> 199
14 -> 14
376 -> 376
298 -> 298
101 -> 101
79 -> 79
201 -> 201
339 -> 339
425 -> 425
100 -> 100
83 -> 83
24 -> 24
204 -> 204
118 -> 118
96 -> 96
29 -> 29
17 -> 17
213 -> 213
98 -> 98
21 -> 21
87 -> 87
108 -> 108
176 -> 176
289 -> 289
43 -> 43
359 -> 359
299 -> 299
91 -> 91
233 -> 233
297 -> 297
301 -> 301
209 -> 209
244 -> 244
260 -> 260
279 -> 279
379 -> 379
47 -> 47
241 -> 241
320 -> 320
331 -> 331
316 -> 316
78 -> 78
347 -> 347
67 -> 67
246 -> 246
50 -> 50
59 -> 59
60 -> 60
278 -> 278
177 -> 177
119 -> 119
25 -> 25
123 -> 123
326 -> 326
418 -> 418
190 -> 190
116 -> 116
40 -> 40
107 -> 107
328 -> 328
378 -> 378
420 -> 420
181 -> 181
309 -> 309
256 -> 256
111 -> 111
424 -> 424
372 -> 372
272 -> 272
247 -> 247
235 -> 235
237 -> 237
219 -> 219
22 -> 22
168 -> 168
365 -> 365
28 -> 28
68 -> 68
202 -> 202
172 -> 172
57 -> 57
141 -> 141
88 -> 88
236 -> 236
369 -> 369
269 -> 269
112 -> 112
305 -> 305
215 -> 215
313 -> 313
314 -> 314
42 -> 42
423 -> 423
249 -> 249
214 -> 214
19 -> 19
