Breakpoint Set at 4
Breakpoint Set at 9
Breakpoint Set at 52
Breakpoint Set at 47
Breakpoint Set at 80
Breakpoint Set at 25
Breakpoint Set at 60
Breakpoint Set at 58
Breakpoint Set at 76
Breakpoint Set at 21
Breakpoint Set at 64
Breakpoint Set at 18
Breakpoint Set at 40
Breakpoint Set at 69
Breakpoint Set at 81
Breakpoint Set at 85
Breakpoint Set at 77
Breakpoint Set at 83
Breakpoint Set at 19
Breakpoint Set at 28
Breakpoint Set at 61
Breakpoint Set at 31
Breakpoint Set at 79
Breakpoint Set at 49
Breakpoint Set at 6
Breakpoint Set at 24
Breakpoint Set at 26
Breakpoint Set at 36
Breakpoint Set at 73
Breakpoint Set at 78
Breakpoint Set at 43
Breakpoint Set at 74
Breakpoint Set at 68
Breakpoint Set at 70
Breakpoint Set at 10
Breakpoint Set at 54
Breakpoint Set at 84
Breakpoint Set at 32
Breakpoint Set at 48
Breakpoint Set at 15
Breakpoint Set at 72
Breakpoint Set at 5
Breakpoint Set at 1
Paused at 1
	Hit Breakpoint(s) 
	Call Stack:  
	Bindings: 
Paused at 4
	Hit Breakpoint(s) 
	Call Stack:  
	Bindings: 
Paused at 5
	Hit Breakpoint(s) 
	Call Stack:  
	Bindings: 
Paused at 6
	Hit Breakpoint(s) 
	Call Stack:  
	Bindings: 
Paused at 7
	Call Stack:  
	Bindings: 
Paused at 9
	Hit Breakpoint(s) 
	Call Stack:  
	Bindings: 
Paused at 10
	Hit Breakpoint(s) 
	Call Stack:  
	Bindings: 
Paused at 11
	Call Stack:  
	Bindings: 
Paused at 12
	Call Stack:  
	Bindings: 
Paused at 15
	Hit Breakpoint(s) 
	Call Stack:  
	Bindings: 
Paused at 18
	Hit Breakpoint(s) 
	Call Stack:  
	Bindings: 
