Breakpoint Set at 86
Breakpoint Set at 8
Breakpoint Set at 101
Breakpoint Set at 51
Breakpoint Set at 161
Breakpoint Set at 78
Breakpoint Set at 120
Breakpoint Set at 112
Breakpoint Set at 151
Breakpoint Set at 21
Breakpoint Set at 124
Breakpoint Set at 21
Breakpoint Set at 33
Breakpoint Set at 134
Paused at 86
	Hit Breakpoint(s) 
	Call Stack:  
	Bindings: 
Paused at 8
	Hit Breakpoint(s) 
	Call Stack: Body, Sun 
	Bindings: mass: number = 39.47841760435743
		vx: number = 0
		vy: number = 0
		vz: number = 0
		x: number = 0
		y: number = 0
		z: number = 0
Paused at 8
	Hit Breakpoint(s) 
	Call Stack: Body, Jupiter 
	Bindings: mass: number = 0.03769367487038949
		vx: number = 0.606326392995832
		vy: number = 2.81198684491626
		vz: number = -0.02521836165988763
		x: number = 4.841431442464721
		y: number = -1.1603200440274284
		z: number = -0.10362204447112311
Paused at 21
	Hit Breakpoint(s) 
	Call Stack: Jupiter 
	Bindings: 
Paused at 8
	Hit Breakpoint(s) 
	Call Stack: Body, Saturn 
	Bindings: mass: number = 0.011286326131968767
		vx: number = -1.0107743461787924
		vy: number = 1.8256623712304119
		vz: number = 0.008415761376584154
		x: number = 8.34336671824458
		y: number = 4.124798564124305
		z: number = -0.4035234171143214
Paused at 78
	Hit Breakpoint(s) 
	Call Stack: Saturn 
	Bindings: 
Paused at 8
	Hit Breakpoint(s) 
	Call Stack: Body, Uranus 
	Bindings: mass: number = 0.0017237240570597112
		vx: number = 1.0827910064415354
		vy: number = 0.8687130181696082
		vz: number = -0.010832637401363636
		x: number = 12.894369562139131
		y: number = -15.111151401698631
		z: number = -0.22330757889265573
Paused at 8
	Hit Breakpoint(s) 
	Call Stack: Body, Neptune 
	Bindings: mass: number = 0.0020336868699246304
		vx: number = 0.979090732243898
		vy: number = 0.5946989986476762
		vz: number = -0.034755955504078104
		x: number = 15.379697114850917
		y: number = -25.919314609987964
		z: number = 0.17925877295037118
Paused at 33
	Hit Breakpoint(s) 
	Call Stack: Neptune 
	Bindings: 
Paused at 51
	Hit Breakpoint(s) 
	Call Stack: NBodySystem 
	Bindings: b: object
		bodies: array
		i: number = 0
		m: number = 39.47841760435743
		px: number = 0
		py: number = 0
		pz: number = 0
		size: number = 5
Paused at 51
	Hit Breakpoint(s) 
	Call Stack: NBodySystem 
	Bindings: b: object
		bodies: array
		i: number = 1
		m: number = 0.03769367487038949
		px: number = 0.022854669922920897
		py: number = 0.10599411787208587
		pz: number = 0
		size: number = 5
Paused at 51
	Hit Breakpoint(s) 
	Call Stack: NBodySystem 
	Bindings: b: object
		bodies: array
		i: number = 2
		m: number = 0.011286326131968767
		px: number = 0.011446741006119547
		py: number = 0.12659913880065574
		pz: number = -0.0009505727251717001
		size: number = 5
Paused at 51
	Hit Breakpoint(s) 
	Call Stack: NBodySystem 
	Bindings: b: object
		bodies: array
		i: number = 3
		m: number = 0.0017237240570597112
		px: number = 0.01331317391269072
		py: number = 0.12809656032875563
		pz: number = -0.0008555896976267449
		size: number = 5
Paused at 51
	Hit Breakpoint(s) 
	Call Stack: NBodySystem 
	Bindings: b: object
		bodies: array
		i: number = 4
		m: number = 0.0020336868699246304
		px: number = 0.015304337879320026
		py: number = 0.12930599187386274
		pz: number = -0.0008742621753168803
		size: number = 5
Paused at 161
	Hit Breakpoint(s) 
	Call Stack:  
	Bindings: bodies: object
		i: undefined
		max: undefined
Paused at 134
	Hit Breakpoint(s) 
	Call Stack: NBodySystem.energy 
	Bindings: bodyi: undefined
		bodyj: undefined
		distance: undefined
		dx: undefined
		dy: undefined
		dz: undefined
		e: number = 0
		i: number = 0
		j: undefined
		size: number = 5
Paused at 134
	Hit Breakpoint(s) 
	Call Stack: NBodySystem.energy 
	Bindings: bodyi: object
		bodyj: object
		distance: number = 30.13931132099353
		dx: number = -15.379697114850917
		dy: number = 25.919314609987964
		dz: number = -0.17925877295037118
		e: number = -0.3525382630206958
		i: number = 1
		j: number = 5
		size: number = 5
Paused at 134
	Hit Breakpoint(s) 
	Call Stack: NBodySystem.energy 
	Bindings: bodyi: object
		bodyj: object
		distance: number = 26.909902951440046
		dx: number = -10.538265672386196
		dy: number = 24.758994565960535
		dz: number = -0.2828808174214943
		e: number = -0.19664445797685354
		i: number = 2
		j: number = 5
		size: number = 5
Paused at 134
	Hit Breakpoint(s) 
	Call Stack: NBodySystem.energy 
	Bindings: bodyi: object
		bodyj: object
		distance: number = 30.86257145718952
		dx: number = -7.036330396606337
		dy: number = 30.04411317411227
		dz: number = -0.5827821900646926
		e: number = -0.17207145953295996
		i: number = 3
		j: number = 5
		size: number = 5
Paused at 134
	Hit Breakpoint(s) 
	Call Stack: NBodySystem.energy 
	Bindings: bodyi: object
		bodyj: object
		distance: number = 11.097535971958989
		dx: number = -2.4853275527117855
		dy: number = 10.808163208289333
		dz: number = -0.4025663518430269
		e: number = -0.17041078110889657
		i: number = 4
		j: number = 5
		size: number = 5
Paused at 151
	Hit Breakpoint(s) 
	Call Stack: NBodySystem.energy 
	Bindings: bodyi: object
		bodyj: object
		distance: number = 11.097535971958989
		dx: number = -2.4853275527117855
		dy: number = 10.808163208289333
		dz: number = -0.4025663518430269
		e: number = -0.16907516382852447
		i: number = 5
		j: number = 5
		size: number = 5
Paused at 101
	Hit Breakpoint(s) 
	Call Stack: NBodySystem.advance 
	Bindings: body: undefined
		bodyi: object
		bodyj: undefined
		distance: undefined
		dt: number = 0.01
		dx: undefined
		dy: undefined
		dz: undefined
		i: number = 0
		j: undefined
		mag: undefined
		size: number = 5
Paused at 112
	Hit Breakpoint(s) 
	Call Stack: NBodySystem.advance 
	Bindings: body: undefined
		bodyi: object
		bodyj: object
		distance: number = 4.979612288598202
		dt: number = 0.01
		dx: number = -4.841431442464721
		dy: number = 1.1603200440274284
		dz: number = 0.10362204447112311
		i: number = 0
		j: number = 1
		mag: number = 0.00008098664536513559
		size: number = 5
Paused at 112
	Hit Breakpoint(s) 
	Call Stack: NBodySystem.advance 
	Bindings: body: undefined
		bodyi: object
		bodyj: object
		distance: number = 9.316037920590109
		dt: number = 0.01
		dx: number = -8.34336671824458
		dy: number = -4.124798564124305
		dz: number = 0.4035234171143214
		i: number = 0
		j: number = 2
		mag: number = 0.000012368193098764964
		size: number = 5
Paused at 112
	Hit Breakpoint(s) 
	Call Stack: NBodySystem.advance 
	Bindings: body: undefined
		bodyi: object
		bodyj: object
		distance: number = 19.86608993649403
		dt: number = 0.01
		dx: number = -12.894369562139131
		dy: number = 15.111151401698631
		dz: number = 0.22330757889265573
		i: number = 0
		j: number = 3
		mag: number = 0.0000012754481501393035
		size: number = 5
Paused at 112
	Hit Breakpoint(s) 
	Call Stack: NBodySystem.advance 
	Bindings: body: undefined
		bodyi: object
		bodyj: object
		distance: number = 30.13931132099353
		dt: number = 0.01
		dx: number = -15.379697114850917
		dy: number = 25.919314609987964
		dz: number = -0.17925877295037118
		i: number = 0
		j: number = 4
		mag: number = 3.652582436122329e-7
		size: number = 5
Paused at 101
	Hit Breakpoint(s) 
	Call Stack: NBodySystem.advance 
	Bindings: body: undefined
		bodyi: object
		bodyj: object
		distance: number = 30.13931132099353
		dt: number = 0.01
		dx: number = -15.379697114850917
		dy: number = 25.919314609987964
		dz: number = -0.17925877295037118
		i: number = 1
		j: number = 5
		mag: number = 3.652582436122329e-7
		size: number = 5
Paused at 112
	Hit Breakpoint(s) 
	Call Stack: NBodySystem.advance 
	Bindings: body: undefined
		bodyi: object
		bodyj: object
		distance: number = 6.347122986936391
		dt: number = 0.01
		dx: number = -3.501935275779859
		dy: number = -5.285118608151733
		dz: number = 0.29990137264319827
		i: number = 1
		j: number = 2
		mag: number = 0.000039108328915103506
		size: number = 5
Paused at 112
	Hit Breakpoint(s) 
	Call Stack: NBodySystem.advance 
	Bindings: body: undefined
		bodyi: object
		bodyj: object
		distance: number = 16.108688107870147
		dt: number = 0.01
		dx: number = -8.05293811967441
		dy: number = 13.950831357671202
		dz: number = 0.11968553442153262
		i: number = 1
		j: number = 3
		mag: number = 0.000002392321158272204
		size: number = 5
Paused at 112
	Hit Breakpoint(s) 
	Call Stack: NBodySystem.advance 
	Bindings: body: undefined
		bodyi: object
		bodyj: object
		distance: number = 26.909902951440046
		dt: number = 0.01
		dx: number = -10.538265672386196
		dy: number = 24.758994565960535
		dz: number = -0.2828808174214943
		i: number = 1
		j: number = 4
		mag: number = 5.131727720019968e-7
		size: number = 5
Paused at 101
	Hit Breakpoint(s) 
	Call Stack: NBodySystem.advance 
	Bindings: body: undefined
		bodyi: object
		bodyj: object
		distance: number = 26.909902951440046
		dt: number = 0.01
		dx: number = -10.538265672386196
		dy: number = 24.758994565960535
		dz: number = -0.2828808174214943
		i: number = 2
		j: number = 5
		mag: number = 5.131727720019968e-7
		size: number = 5
Paused at 112
	Hit Breakpoint(s) 
	Call Stack: NBodySystem.advance 
	Bindings: body: undefined
		bodyi: object
		bodyj: object
		distance: number = 19.76779895995317
		dt: number = 0.01
		dx: number = -4.551002843894551
		dy: number = 19.235949965822936
		dz: number = -0.18021583822166565
		i: number = 2
		j: number = 3
		mag: number = 0.0000012945685530788925
		size: number = 5
Paused at 112
	Hit Breakpoint(s) 
	Call Stack: NBodySystem.advance 
	Bindings: body: undefined
		bodyi: object
		bodyj: object
		distance: number = 30.86257145718952
		dt: number = 0.01
		dx: number = -7.036330396606337
		dy: number = 30.04411317411227
		dz: number = -0.5827821900646926
		i: number = 2
		j: number = 4
		mag: number = 3.401760034683001e-7
		size: number = 5
Paused at 101
	Hit Breakpoint(s) 
	Call Stack: NBodySystem.advance 
	Bindings: body: undefined
		bodyi: object
		bodyj: object
		distance: number = 30.86257145718952
		dt: number = 0.01
		dx: number = -7.036330396606337
		dy: number = 30.04411317411227
		dz: number = -0.5827821900646926
		i: number = 3
		j: number = 5
		mag: number = 3.401760034683001e-7
		size: number = 5
Paused at 112
	Hit Breakpoint(s) 
	Call Stack: NBodySystem.advance 
	Bindings: body: undefined
		bodyi: object
		bodyj: object
		distance: number = 11.097535971958989
		dt: number = 0.01
		dx: number = -2.4853275527117855
		dy: number = 10.808163208289333
		dz: number = -0.4025663518430269
		i: number = 3
		j: number = 4
		mag: number = 0.0000073167853704453395
		size: number = 5
Paused at 101
	Hit Breakpoint(s) 
	Call Stack: NBodySystem.advance 
	Bindings: body: undefined
		bodyi: object
		bodyj: object
		distance: number = 11.097535971958989
		dt: number = 0.01
		dx: number = -2.4853275527117855
		dy: number = 10.808163208289333
		dz: number = -0.4025663518430269
		i: number = 4
		j: number = 5
		mag: number = 0.0000073167853704453395
		size: number = 5
Paused at 120
	Hit Breakpoint(s) 
	Call Stack: NBodySystem.advance 
	Bindings: body: undefined
		bodyi: object
		bodyj: object
		distance: number = 11.097535971958989
		dt: number = 0.01
		dx: number = -2.4853275527117855
		dy: number = 10.808163208289333
		dz: number = -0.4025663518430269
		i: number = 5
		j: number = 5
		mag: number = 0.0000073167853704453395
		size: number = 5
Paused at 124
	Hit Breakpoint(s) 
	Call Stack: NBodySystem.advance 
	Bindings: body: object
		bodyi: object
		bodyj: object
		distance: number = 11.097535971958989
		dt: number = 0.01
		dx: number = -2.4853275527117855
		dy: number = 10.808163208289333
		dz: number = -0.4025663518430269
		i: number = 0
		j: number = 5
		mag: number = 0.0000073167853704453395
		size: number = 5
Paused at 124
	Hit Breakpoint(s) 
	Call Stack: NBodySystem.advance 
	Bindings: body: object
		bodyi: object
		bodyj: object
		distance: number = 11.097535971958989
		dt: number = 0.01
		dx: number = -2.4853275527117855
		dy: number = 10.808163208289333
		dz: number = -0.4025663518430269
		i: number = 1
		j: number = 5
		mag: number = 0.0000073167853704453395
		size: number = 5
Paused at 124
	Hit Breakpoint(s) 
	Call Stack: NBodySystem.advance 
	Bindings: body: object
		bodyi: object
		bodyj: object
		distance: number = 11.097535971958989
		dt: number = 0.01
		dx: number = -2.4853275527117855
		dy: number = 10.808163208289333
		dz: number = -0.4025663518430269
		i: number = 2
		j: number = 5
		mag: number = 0.0000073167853704453395
		size: number = 5
Paused at 124
	Hit Breakpoint(s) 
	Call Stack: NBodySystem.advance 
	Bindings: body: object
		bodyi: object
		bodyj: object
		distance: number = 11.097535971958989
		dt: number = 0.01
		dx: number = -2.4853275527117855
		dy: number = 10.808163208289333
		dz: number = -0.4025663518430269
		i: number = 3
		j: number = 5
		mag: number = 0.0000073167853704453395
		size: number = 5
Paused at 124
	Hit Breakpoint(s) 
	Call Stack: NBodySystem.advance 
	Bindings: body: object
		bodyi: object
		bodyj: object
		distance: number = 11.097535971958989
		dt: number = 0.01
		dx: number = -2.4853275527117855
		dy: number = 10.808163208289333
		dz: number = -0.4025663518430269
		i: number = 4
		j: number = 5
		mag: number = 0.0000073167853704453395
		size: number = 5
Paused at 101
	Hit Breakpoint(s) 
	Call Stack: NBodySystem.advance 
	Bindings: body: undefined
		bodyi: object
		bodyj: undefined
		distance: undefined
		dt: number = 0.01
		dx: undefined
		dy: undefined
		dz: undefined
		i: number = 0
		j: undefined
		mag: undefined
		size: number = 5
Paused at 112
	Hit Breakpoint(s) 
	Call Stack: NBodySystem.advance 
	Bindings: body: undefined
		bodyi: object
		bodyj: object
		distance: number = 4.978880256220229
		dt: number = 0.01
		dx: number = -4.847343647652642
		dy: number = 1.1321302712678727
		dz: number = 0.1038711520111596
		i: number = 0
		j: number = 1
		mag: number = 0.00008102237241246551
		size: number = 5
Paused at 112
	Hit Breakpoint(s) 
	Call Stack: NBodySystem.advance 
	Bindings: body: undefined
		bodyi: object
		bodyj: object
		distance: number = 9.31506089586232
		dt: number = 0.01
		dx: number = -8.333221901390786
		dy: number = -4.143067752637826
		dz: number = 0.4034375203879779
		i: number = 0
		j: number = 2
		mag: number = 0.000012372085278792796
		size: number = 5
Paused at 112
	Hit Breakpoint(s) 
	Call Stack: NBodySystem.advance 
	Bindings: body: undefined
		bodyi: object
		bodyj: object
		distance: number = 19.86648361632863
		dt: number = 0.01
		dx: number = -12.905194688782792
		dy: number = 15.102423865087353
		dz: number = 0.22341602831105764
		i: number = 0
		j: number = 3
		mag: number = 0.000001275372327722549
		size: number = 5
Paused at 112
	Hit Breakpoint(s) 
	Call Stack: NBodySystem.advance 
	Bindings: body: undefined
		bodyi: object
		bodyj: object
		distance: number = 30.139162646380537
		dt: number = 0.01
		dx: number = -15.389489518623146
		dy: number = 25.913331091399602
		dz: number = -0.17891095179145192
		i: number = 0
		j: number = 4
		mag: number = 3.652636490274261e-7
		size: number = 5
Paused at 101
	Hit Breakpoint(s) 
	Call Stack: NBodySystem.advance 
	Bindings: body: undefined
		bodyi: object
		bodyj: object
		distance: number = 30.139162646380537
		dt: number = 0.01
		dx: number = -15.389489518623146
		dy: number = 25.913331091399602
		dz: number = -0.17891095179145192
		i: number = 1
		j: number = 5
		mag: number = 3.652636490274261e-7
		size: number = 5
Paused at 112
	Hit Breakpoint(s) 
	Call Stack: NBodySystem.advance 
	Bindings: body: undefined
		bodyi: object
		bodyj: object
		distance: number = 6.329992211714447
		dt: number = 0.01
		dx: number = -3.485878253738144
		dy: number = -5.275198023905698
		dz: number = 0.2995663683768184
		i: number = 1
		j: number = 2
		mag: number = 0.00003942670405596333
		size: number = 5
Paused at 112
	Hit Breakpoint(s) 
	Call Stack: NBodySystem.advance 
	Bindings: body: undefined
		bodyi: object
		bodyj: object
		distance: number = 16.12799917770352
		dt: number = 0.01
		dx: number = -8.05785104113015
		dy: number = 13.97029359381948
		dz: number = 0.11954487629989805
		i: number = 1
		j: number = 3
		mag: number = 0.000002383738012946979
		size: number = 5
Paused at 112
	Hit Breakpoint(s) 
	Call Stack: NBodySystem.advance 
	Bindings: body: undefined
		bodyi: object
		bodyj: object
		distance: number = 26.931853247980335
		dt: number = 0.01
		dx: number = -10.542145870970504
		dy: number = 24.78120082013173
		dz: number = -0.2827821038026115
		i: number = 1
		j: number = 4
		mag: number = 5.119190391642313e-7
		size: number = 5
Paused at 101
	Hit Breakpoint(s) 
	Call Stack: NBodySystem.advance 
	Bindings: body: undefined
		bodyi: object
		bodyj: object
		distance: number = 26.931853247980335
		dt: number = 0.01
		dx: number = -10.542145870970504
		dy: number = 24.78120082013173
		dz: number = -0.2827821038026115
		i: number = 2
		j: number = 5
		mag: number = 5.119190391642313e-7
		size: number = 5
Paused at 112
	Hit Breakpoint(s) 
	Call Stack: NBodySystem.advance 
	Bindings: body: undefined
		bodyi: object
		bodyj: object
		distance: number = 19.78191827185101
		dt: number = 0.01
		dx: number = -4.571972787392006
		dy: number = 19.24549161772518
		dz: number = -0.1800214920769203
		i: number = 2
		j: number = 3
		mag: number = 0.000001291798542531406
		size: number = 5
Paused at 112
	Hit Breakpoint(s) 
	Call Stack: NBodySystem.advance 
	Bindings: body: undefined
		bodyi: object
		bodyj: object
		distance: number = 30.879073073861953
		dt: number = 0.01
		dx: number = -7.0562676172323595
		dy: number = 30.05639884403743
		dz: number = -0.5823484721794299
		i: number = 2
		j: number = 4
		mag: number = 3.396309299749418e-7
		size: number = 5
Paused at 101
	Hit Breakpoint(s) 
	Call Stack: NBodySystem.advance 
	Bindings: body: undefined
		bodyi: object
		bodyj: object
		distance: number = 30.879073073861953
		dt: number = 0.01
		dx: number = -7.0562676172323595
		dy: number = 30.05639884403743
		dz: number = -0.5823484721794299
		i: number = 3
		j: number = 5
		mag: number = 3.396309299749418e-7
		size: number = 5
Paused at 112
	Hit Breakpoint(s) 
	Call Stack: NBodySystem.advance 
	Bindings: body: undefined
		bodyi: object
		bodyj: object
		distance: number = 11.099968597091632
		dt: number = 0.01
		dx: number = -2.484294829840353
		dy: number = 10.810907226312251
		dz: number = -0.40232698010250956
		i: number = 3
		j: number = 4
		mag: number = 0.0000073119758715659026
		size: number = 5
Paused at 101
	Hit Breakpoint(s) 
	Call Stack: NBodySystem.advance 
	Bindings: body: undefined
		bodyi: object
		bodyj: object
		distance: number = 11.099968597091632
		dt: number = 0.01
		dx: number = -2.484294829840353
		dy: number = 10.810907226312251
		dz: number = -0.40232698010250956
		i: number = 4
		j: number = 5
		mag: number = 0.0000073119758715659026
		size: number = 5
Paused at 120
	Hit Breakpoint(s) 
	Call Stack: NBodySystem.advance 
	Bindings: body: undefined
		bodyi: object
		bodyj: object
		distance: number = 11.099968597091632
		dt: number = 0.01
		dx: number = -2.484294829840353
		dy: number = 10.810907226312251
		dz: number = -0.40232698010250956
		i: number = 5
		j: number = 5
		mag: number = 0.0000073119758715659026
		size: number = 5
Paused at 124
	Hit Breakpoint(s) 
	Call Stack: NBodySystem.advance 
	Bindings: body: object
		bodyi: object
		bodyj: object
		distance: number = 11.099968597091632
		dt: number = 0.01
		dx: number = -2.484294829840353
		dy: number = 10.810907226312251
		dz: number = -0.40232698010250956
		i: number = 0
		j: number = 5
		mag: number = 0.0000073119758715659026
		size: number = 5
Paused at 124
	Hit Breakpoint(s) 
	Call Stack: NBodySystem.advance 
	Bindings: body: object
		bodyi: object
		bodyj: object
		distance: number = 11.099968597091632
		dt: number = 0.01
		dx: number = -2.484294829840353
		dy: number = 10.810907226312251
		dz: number = -0.40232698010250956
		i: number = 1
		j: number = 5
		mag: number = 0.0000073119758715659026
		size: number = 5
Paused at 124
	Hit Breakpoint(s) 
	Call Stack: NBodySystem.advance 
	Bindings: body: object
		bodyi: object
		bodyj: object
		distance: number = 11.099968597091632
		dt: number = 0.01
		dx: number = -2.484294829840353
		dy: number = 10.810907226312251
		dz: number = -0.40232698010250956
		i: number = 2
		j: number = 5
		mag: number = 0.0000073119758715659026
		size: number = 5
Paused at 124
	Hit Breakpoint(s) 
	Call Stack: NBodySystem.advance 
	Bindings: body: object
		bodyi: object
		bodyj: object
		distance: number = 11.099968597091632
		dt: number = 0.01
		dx: number = -2.484294829840353
		dy: number = 10.810907226312251
		dz: number = -0.40232698010250956
		i: number = 3
		j: number = 5
		mag: number = 0.0000073119758715659026
		size: number = 5
Paused at 124
	Hit Breakpoint(s) 
	Call Stack: NBodySystem.advance 
	Bindings: body: object
		bodyi: object
		bodyj: object
		distance: number = 11.099968597091632
		dt: number = 0.01
		dx: number = -2.484294829840353
		dy: number = 10.810907226312251
		dz: number = -0.40232698010250956
		i: number = 4
		j: number = 5
		mag: number = 0.0000073119758715659026
		size: number = 5
Paused at 101
	Hit Breakpoint(s) 
	Call Stack: NBodySystem.advance 
	Bindings: body: undefined
		bodyi: object
		bodyj: undefined
		distance: undefined
		dt: number = 0.01
		dx: undefined
		dy: undefined
		dz: undefined
		i: number = 0
		j: undefined
		mag: undefined
		size: number = 5
Paused at 112
	Hit Breakpoint(s) 
	Call Stack: NBodySystem.advance 
	Bindings: body: undefined
		bodyi: object
		bodyj: object
		distance: number = 4.978155372079024
		dt: number = 0.01
		dx: number = -4.853100659886358
		dy: number = 1.103904233835991
		dz: number = 0.10411693468792257
		i: number = 0
		j: number = 1
		mag: number = 0.00008105777129879253
		size: number = 5
Paused at 112
	Hit Breakpoint(s) 
	Call Stack: NBodySystem.advance 
	Bindings: body: undefined
		bodyi: object
		bodyj: object
		distance: number = 9.314084943982204
		dt: number = 0.01
		dx: number = -8.32303617082423
		dy: number = -4.161316655433145
		dz: number = 0.40334964495116477
		i: number = 0
		j: number = 2
		mag: number = 0.000012375974815512698
		size: number = 5
Paused at 112
	Hit Breakpoint(s) 
	Call Stack: NBodySystem.advance 
	Bindings: body: undefined
		bodyi: object
		bodyj: object
		distance: number = 19.86687687695554
		dt: number = 0.01
		dx: number = -12.916013150091237
		dy: number = 15.093688681387977
		dz: number = 0.2235243613600261
		i: number = 0
		j: number = 3
		mag: number = 0.0000012752965920450944
		size: number = 5
Paused at 112
	Hit Breakpoint(s) 
	Call Stack: NBodySystem.advance 
	Bindings: body: undefined
		bodyi: object
		bodyj: object
		distance: number = 30.13901388393753
		dt: number = 0.01
		dx: number = -15.399279540534888
		dy: number = 25.907343799489464
		dz: number = -0.17856310844510237
		i: number = 0
		j: number = 4
		mag: number = 3.6526905774263996e-7
		size: number = 5
Paused at 101
	Hit Breakpoint(s) 
	Call Stack: NBodySystem.advance 
	Bindings: body: undefined
		bodyi: object
		bodyj: object
		distance: number = 30.13901388393753
		dt: number = 0.01
		dx: number = -15.399279540534888
		dy: number = 25.907343799489464
		dz: number = -0.17856310844510237
		i: number = 1
		j: number = 5
		mag: number = 3.6526905774263996e-7
		size: number = 5
Paused at 112
	Hit Breakpoint(s) 
	Call Stack: NBodySystem.advance 
	Bindings: body: undefined
		bodyi: object
		bodyj: object
		distance: number = 6.3128871111208085
		dt: number = 0.01
		dx: number = -3.469935510937871
		dy: number = -5.265220889269136
		dz: number = 0.29923271026324216
		i: number = 1
		j: number = 2
		mag: number = 0.00003974805941700355
		size: number = 5
Paused at 112
	Hit Breakpoint(s) 
	Call Stack: NBodySystem.advance 
	Bindings: body: undefined
		bodyi: object
		bodyj: object
		distance: number = 16.147411088072715
		dt: number = 0.01
		dx: number = -8.062912490204878
		dy: number = 13.989784447551985
		dz: number = 0.11940742667210352
		i: number = 1
		j: number = 3
		mag: number = 0.000002375151378931216
		size: number = 5
Paused at 112
	Hit Breakpoint(s) 
	Call Stack: NBodySystem.advance 
	Bindings: body: undefined
		bodyi: object
		bodyj: object
		distance: number = 26.953894176471923
		dt: number = 0.01
		dx: number = -10.54617888064853
		dy: number = 24.803439565653473
		dz: number = -0.28268004313302497
		i: number = 1
		j: number = 4
		mag: number = 5.106642356665226e-7
		size: number = 5
Paused at 101
	Hit Breakpoint(s) 
	Call Stack: NBodySystem.advance 
	Bindings: body: undefined
		bodyi: object
		bodyj: object
		distance: number = 26.953894176471923
		dt: number = 0.01
		dx: number = -10.54617888064853
		dy: number = 24.803439565653473
		dz: number = -0.28268004313302497
		i: number = 2
		j: number = 5
		mag: number = 5.106642356665226e-7
		size: number = 5
Paused at 112
	Hit Breakpoint(s) 
	Call Stack: NBodySystem.advance 
	Bindings: body: undefined
		bodyi: object
		bodyj: object
		distance: number = 19.796035087504396
		dt: number = 0.01
		dx: number = -4.592976979267007
		dy: number = 19.25500533682112
		dz: number = -0.17982528359113867
		i: number = 2
		j: number = 3
		mag: number = 0.0000012890369167051358
		size: number = 5
Paused at 112
	Hit Breakpoint(s) 
	Call Stack: NBodySystem.advance 
	Bindings: body: undefined
		bodyi: object
		bodyj: object
		distance: number = 30.895569006467024
		dt: number = 0.01
		dx: number = -7.076243369710658
		dy: number = 30.068660454922608
		dz: number = -0.5819127533962671
		i: number = 2
		j: number = 4
		mag: number = 3.390872075276037e-7
		size: number = 5
Paused at 101
	Hit Breakpoint(s) 
	Call Stack: NBodySystem.advance 
	Bindings: body: undefined
		bodyi: object
		bodyj: object
		distance: number = 30.895569006467024
		dt: number = 0.01
		dx: number = -7.076243369710658
		dy: number = 30.068660454922608
		dz: number = -0.5819127533962671
		i: number = 3
		j: number = 5
		mag: number = 3.390872075276037e-7
		size: number = 5
Paused at 112
	Hit Breakpoint(s) 
	Call Stack: NBodySystem.advance 
	Bindings: body: undefined
		bodyi: object
		bodyj: object
		distance: number = 11.102406194718505
		dt: number = 0.01
		dx: number = -2.483266390443651
		dy: number = 10.813655118101487
		dz: number = -0.40208746980512844
		i: number = 3
		j: number = 4
		mag: number = 0.000007307160768861305
		size: number = 5
Paused at 101
	Hit Breakpoint(s) 
	Call Stack: NBodySystem.advance 
	Bindings: body: undefined
		bodyi: object
		bodyj: object
		distance: number = 11.102406194718505
		dt: number = 0.01
		dx: number = -2.483266390443651
		dy: number = 10.813655118101487
		dz: number = -0.40208746980512844
		i: number = 4
		j: number = 5
		mag: number = 0.000007307160768861305
		size: number = 5
Paused at 120
	Hit Breakpoint(s) 
	Call Stack: NBodySystem.advance 
	Bindings: body: undefined
		bodyi: object
		bodyj: object
		distance: number = 11.102406194718505
		dt: number = 0.01
		dx: number = -2.483266390443651
		dy: number = 10.813655118101487
		dz: number = -0.40208746980512844
		i: number = 5
		j: number = 5
		mag: number = 0.000007307160768861305
		size: number = 5
Paused at 124
	Hit Breakpoint(s) 
	Call Stack: NBodySystem.advance 
	Bindings: body: object
		bodyi: object
		bodyj: object
		distance: number = 11.102406194718505
		dt: number = 0.01
		dx: number = -2.483266390443651
		dy: number = 10.813655118101487
		dz: number = -0.40208746980512844
		i: number = 0
		j: number = 5
		mag: number = 0.000007307160768861305
		size: number = 5
Paused at 124
	Hit Breakpoint(s) 
	Call Stack: NBodySystem.advance 
	Bindings: body: object
		bodyi: object
		bodyj: object
		distance: number = 11.102406194718505
		dt: number = 0.01
		dx: number = -2.483266390443651
		dy: number = 10.813655118101487
		dz: number = -0.40208746980512844
		i: number = 1
		j: number = 5
		mag: number = 0.000007307160768861305
		size: number = 5
Paused at 124
	Hit Breakpoint(s) 
	Call Stack: NBodySystem.advance 
	Bindings: body: object
		bodyi: object
		bodyj: object
		distance: number = 11.102406194718505
		dt: number = 0.01
		dx: number = -2.483266390443651
		dy: number = 10.813655118101487
		dz: number = -0.40208746980512844
		i: number = 2
		j: number = 5
		mag: number = 0.000007307160768861305
		size: number = 5
Paused at 124
	Hit Breakpoint(s) 
	Call Stack: NBodySystem.advance 
	Bindings: body: object
		bodyi: object
		bodyj: object
		distance: number = 11.102406194718505
		dt: number = 0.01
		dx: number = -2.483266390443651
		dy: number = 10.813655118101487
		dz: number = -0.40208746980512844
		i: number = 3
		j: number = 5
		mag: number = 0.000007307160768861305
		size: number = 5
Paused at 124
	Hit Breakpoint(s) 
	Call Stack: NBodySystem.advance 
	Bindings: body: object
		bodyi: object
		bodyj: object
		distance: number = 11.102406194718505
		dt: number = 0.01
		dx: number = -2.483266390443651
		dy: number = 10.813655118101487
		dz: number = -0.40208746980512844
		i: number = 4
		j: number = 5
		mag: number = 0.000007307160768861305
		size: number = 5
Paused at 101
	Hit Breakpoint(s) 
	Call Stack: NBodySystem.advance 
	Bindings: body: undefined
		bodyi: object
		bodyj: undefined
		distance: undefined
		dt: number = 0.01
		dx: undefined
		dy: undefined
		dz: undefined
		i: number = 0
		j: undefined
		mag: undefined
		size: number = 5
Paused at 112
	Hit Breakpoint(s) 
	Call Stack: NBodySystem.advance 
	Bindings: body: undefined
		bodyi: object
		bodyj: object
		distance: number = 4.97743766286259
		dt: number = 0.01
		dx: number = -4.858702227021759
		dy: number = 1.0756428198793617
		dz: number = 0.10435938318509395
		i: number = 0
		j: number = 1
		mag: number = 0.00008109284012480253
		size: number = 5
Paused at 112
	Hit Breakpoint(s) 
	Call Stack: NBodySystem.advance 
	Bindings: body: undefined
		bodyi: object
		bodyj: object
		distance: number = 9.313110069475469
		dt: number = 0.01
		dx: number = -8.312809563101478
		dy: number = -4.17954517562385
		dz: number = 0.40325979057351785
		i: number = 0
		j: number = 2
		mag: number = 0.000012379861686354742
		size: number = 5
Paused at 112
	Hit Breakpoint(s) 
	Call Stack: NBodySystem.advance 
	Bindings: body: undefined
		bodyi: object
		bodyj: object
		distance: number = 19.867269718535713
		dt: number = 0.01
		dx: number = -12.926824940792802
		dy: number = 15.084945856356523
		dz: number = 0.2236325779832447
		i: number = 0
		j: number = 3
		mag: number = 0.0000012752209430561766
		size: number = 5
Paused at 112
	Hit Breakpoint(s) 
	Call Stack: NBodySystem.advance 
	Bindings: body: undefined
		bodyi: object
		bodyj: object
		distance: number = 30.138865034192175
		dt: number = 0.01
		dx: number = -15.409067178915448
		dy: number = 25.901352735949825
		dz: number = -0.17821524297032432
		i: number = 0
		j: number = 4
		mag: number = 3.6527446973888066e-7
		size: number = 5
Paused at 101
	Hit Breakpoint(s) 
	Call Stack: NBodySystem.advance 
	Bindings: body: undefined
		bodyi: object
		bodyj: object
		distance: number = 30.138865034192175
		dt: number = 0.01
		dx: number = -15.409067178915448
		dy: number = 25.901352735949825
		dz: number = -0.17821524297032432
		i: number = 1
		j: number = 5
		mag: number = 3.6527446973888066e-7
		size: number = 5
Paused at 112
	Hit Breakpoint(s) 
	Call Stack: NBodySystem.advance 
	Bindings: body: undefined
		bodyi: object
		bodyj: object
		distance: number = 6.2958081141961255
		dt: number = 0.01
		dx: number = -3.45410733607972
		dy: number = -5.255187995503212
		dz: number = 0.2989004073884239
		i: number = 1
		j: number = 2
		mag: number = 0.00004007241820212712
		size: number = 5
Paused at 112
	Hit Breakpoint(s) 
	Call Stack: NBodySystem.advance 
	Bindings: body: undefined
		bodyi: object
		bodyj: object
		distance: number = 16.166923077299334
		dt: number = 0.01
		dx: number = -8.068122713771043
		dy: number = 14.009303036477162
		dz: number = 0.11927319479815077
		i: number = 1
		j: number = 3
		mag: number = 0.000002366561986093923
		size: number = 5
Paused at 112
	Hit Breakpoint(s) 
	Call Stack: NBodySystem.advance 
	Bindings: body: undefined
		bodyi: object
		bodyj: object
		distance: number = 26.976024945761985
		dt: number = 0.01
		dx: number = -10.550364951893691
		dy: number = 24.825709916070466
		dz: number = -0.2825746261554183
		i: number = 1
		j: number = 4
		mag: number = 5.094084401853686e-7
		size: number = 5
Paused at 101
	Hit Breakpoint(s) 
	Call Stack: NBodySystem.advance 
	Bindings: body: undefined
		bodyi: object
		bodyj: object
		distance: number = 26.976024945761985
		dt: number = 0.01
		dx: number = -10.550364951893691
		dy: number = 24.825709916070466
		dz: number = -0.2825746261554183
		i: number = 2
		j: number = 5
		mag: number = 5.094084401853686e-7
		size: number = 5
Paused at 112
	Hit Breakpoint(s) 
	Call Stack: NBodySystem.advance 
	Bindings: body: undefined
		bodyi: object
		bodyj: object
		distance: number = 19.810149382635338
		dt: number = 0.01
		dx: number = -4.614015377691324
		dy: number = 19.264491031980373
		dz: number = -0.17962721259027312
		i: number = 2
		j: number = 3
		mag: number = 0.000001286283648041359
		size: number = 5
Paused at 112
	Hit Breakpoint(s) 
	Call Stack: NBodySystem.advance 
	Bindings: body: undefined
		bodyi: object
		bodyj: object
		distance: number = 30.912059208845182
		dt: number = 0.01
		dx: number = -7.09625761581397
		dy: number = 30.080897911573675
		dz: number = -0.5814750335438421
		i: number = 2
		j: number = 4
		mag: number = 3.385448333404644e-7
		size: number = 5
Paused at 101
	Hit Breakpoint(s) 
	Call Stack: NBodySystem.advance 
	Bindings: body: undefined
		bodyi: object
		bodyj: object
		distance: number = 30.912059208845182
		dt: number = 0.01
		dx: number = -7.09625761581397
		dy: number = 30.080897911573675
		dz: number = -0.5814750335438421
		i: number = 3
		j: number = 5
		mag: number = 3.385448333404644e-7
		size: number = 5
Paused at 112
	Hit Breakpoint(s) 
	Call Stack: NBodySystem.advance 
	Bindings: body: undefined
		bodyi: object
		bodyj: object
		distance: number = 11.104848760106487
		dt: number = 0.01
		dx: number = -2.4822422381226463
		dy: number = 10.816406879593302
		dz: number = -0.401847820953569
		i: number = 3
		j: number = 4
		mag: number = 0.0000073023400929071584
		size: number = 5
Paused at 101
	Hit Breakpoint(s) 
	Call Stack: NBodySystem.advance 
	Bindings: body: undefined
		bodyi: object
		bodyj: object
		distance: number = 11.104848760106487
		dt: number = 0.01
		dx: number = -2.4822422381226463
		dy: number = 10.816406879593302
		dz: number = -0.401847820953569
		i: number = 4
		j: number = 5
		mag: number = 0.0000073023400929071584
		size: number = 5
Paused at 120
	Hit Breakpoint(s) 
	Call Stack: NBodySystem.advance 
	Bindings: body: undefined
		bodyi: object
		bodyj: object
		distance: number = 11.104848760106487
		dt: number = 0.01
		dx: number = -2.4822422381226463
		dy: number = 10.816406879593302
		dz: number = -0.401847820953569
		i: number = 5
		j: number = 5
		mag: number = 0.0000073023400929071584
		size: number = 5
Paused at 124
	Hit Breakpoint(s) 
	Call Stack: NBodySystem.advance 
	Bindings: body: object
		bodyi: object
		bodyj: object
		distance: number = 11.104848760106487
		dt: number = 0.01
		dx: number = -2.4822422381226463
		dy: number = 10.816406879593302
		dz: number = -0.401847820953569
		i: number = 0
		j: number = 5
		mag: number = 0.0000073023400929071584
		size: number = 5
