Breakpoint Set at 49
Breakpoint Set at 7
Breakpoint Set at 26
Breakpoint Set at 25
Paused at 49
	Hit Breakpoint(s) 
	Call Stack:  
	Bindings: 
Paused at 25
	Hit Breakpoint(s) 
	Call Stack: spectralnorm 
	Bindings: i: undefined
		n: number = 6
		u: undefined
		v: undefined
		vBv: undefined
		vv: undefined
		w: undefined
Paused at 26
	Hit Breakpoint(s) 
	Call Stack: spectralnorm 
	Bindings: i: undefined
		n: number = 6
		u: array
		v: array
		vBv: number = 0
		vv: number = 0
		w: array
Paused at 7
	Hit Breakpoint(s) 
	Call Stack: A, Au, AtAu, spectralnorm 
	Bindings: i: number = 0
		j: number = 0
Paused at 7
	Hit Breakpoint(s) 
	Call Stack: A, Au, AtAu, spectralnorm 
	Bindings: i: number = 0
		j: number = 1
Paused at 7
	Hit Breakpoint(s) 
	Call Stack: A, Au, AtAu, spectralnorm 
	Bindings: i: number = 0
		j: number = 2
Paused at 7
	Hit Breakpoint(s) 
	Call Stack: A, Au, AtAu, spectralnorm 
	Bindings: i: number = 0
		j: number = 3
Paused at 7
	Hit Breakpoint(s) 
	Call Stack: A, Au, AtAu, spectralnorm 
	Bindings: i: number = 0
		j: number = 4
Paused at 7
	Hit Breakpoint(s) 
	Call Stack: A, Au, AtAu, spectralnorm 
	Bindings: i: number = 0
		j: number = 5
Paused at 7
	Hit Breakpoint(s) 
	Call Stack: A, Au, AtAu, spectralnorm 
	Bindings: i: number = 1
		j: number = 0
Paused at 7
	Hit Breakpoint(s) 
	Call Stack: A, Au, AtAu, spectralnorm 
	Bindings: i: number = 1
		j: number = 1
Paused at 7
	Hit Breakpoint(s) 
	Call Stack: A, Au, AtAu, spectralnorm 
	Bindings: i: number = 1
		j: number = 2
Paused at 7
	Hit Breakpoint(s) 
	Call Stack: A, Au, AtAu, spectralnorm 
	Bindings: i: number = 1
		j: number = 3
Paused at 7
	Hit Breakpoint(s) 
	Call Stack: A, Au, AtAu, spectralnorm 
	Bindings: i: number = 1
		j: number = 4
Paused at 7
	Hit Breakpoint(s) 
	Call Stack: A, Au, AtAu, spectralnorm 
	Bindings: i: number = 1
		j: number = 5
Paused at 7
	Hit Breakpoint(s) 
	Call Stack: A, Au, AtAu, spectralnorm 
	Bindings: i: number = 2
		j: number = 0
Paused at 7
	Hit Breakpoint(s) 
	Call Stack: A, Au, AtAu, spectralnorm 
	Bindings: i: number = 2
		j: number = 1
Paused at 7
	Hit Breakpoint(s) 
	Call Stack: A, Au, AtAu, spectralnorm 
	Bindings: i: number = 2
		j: number = 2
Paused at 7
	Hit Breakpoint(s) 
	Call Stack: A, Au, AtAu, spectralnorm 
	Bindings: i: number = 2
		j: number = 3
Paused at 7
	Hit Breakpoint(s) 
	Call Stack: A, Au, AtAu, spectralnorm 
	Bindings: i: number = 2
		j: number = 4
Paused at 7
	Hit Breakpoint(s) 
	Call Stack: A, Au, AtAu, spectralnorm 
	Bindings: i: number = 2
		j: number = 5
Paused at 7
	Hit Breakpoint(s) 
	Call Stack: A, Au, AtAu, spectralnorm 
	Bindings: i: number = 3
		j: number = 0
Paused at 7
	Hit Breakpoint(s) 
	Call Stack: A, Au, AtAu, spectralnorm 
	Bindings: i: number = 3
		j: number = 1
Paused at 7
	Hit Breakpoint(s) 
	Call Stack: A, Au, AtAu, spectralnorm 
	Bindings: i: number = 3
		j: number = 2
Paused at 7
	Hit Breakpoint(s) 
	Call Stack: A, Au, AtAu, spectralnorm 
	Bindings: i: number = 3
		j: number = 3
Paused at 7
	Hit Breakpoint(s) 
	Call Stack: A, Au, AtAu, spectralnorm 
	Bindings: i: number = 3
		j: number = 4
Paused at 7
	Hit Breakpoint(s) 
	Call Stack: A, Au, AtAu, spectralnorm 
	Bindings: i: number = 3
		j: number = 5
Paused at 7
	Hit Breakpoint(s) 
	Call Stack: A, Au, AtAu, spectralnorm 
	Bindings: i: number = 4
		j: number = 0
Paused at 7
	Hit Breakpoint(s) 
	Call Stack: A, Au, AtAu, spectralnorm 
	Bindings: i: number = 4
		j: number = 1
Paused at 7
	Hit Breakpoint(s) 
	Call Stack: A, Au, AtAu, spectralnorm 
	Bindings: i: number = 4
		j: number = 2
Paused at 7
	Hit Breakpoint(s) 
	Call Stack: A, Au, AtAu, spectralnorm 
	Bindings: i: number = 4
		j: number = 3
Paused at 7
	Hit Breakpoint(s) 
	Call Stack: A, Au, AtAu, spectralnorm 
	Bindings: i: number = 4
		j: number = 4
Paused at 7
	Hit Breakpoint(s) 
	Call Stack: A, Au, AtAu, spectralnorm 
	Bindings: i: number = 4
		j: number = 5
Paused at 7
	Hit Breakpoint(s) 
	Call Stack: A, Au, AtAu, spectralnorm 
	Bindings: i: number = 5
		j: number = 0
Paused at 7
	Hit Breakpoint(s) 
	Call Stack: A, Au, AtAu, spectralnorm 
	Bindings: i: number = 5
		j: number = 1
Paused at 7
	Hit Breakpoint(s) 
	Call Stack: A, Au, AtAu, spectralnorm 
	Bindings: i: number = 5
		j: number = 2
Paused at 7
	Hit Breakpoint(s) 
	Call Stack: A, Au, AtAu, spectralnorm 
	Bindings: i: number = 5
		j: number = 3
Paused at 7
	Hit Breakpoint(s) 
	Call Stack: A, Au, AtAu, spectralnorm 
	Bindings: i: number = 5
		j: number = 4
Paused at 7
	Hit Breakpoint(s) 
	Call Stack: A, Au, AtAu, spectralnorm 
	Bindings: i: number = 5
		j: number = 5
Paused at 7
	Hit Breakpoint(s) 
	Call Stack: A, Atu, AtAu, spectralnorm 
	Bindings: i: number = 0
		j: number = 0
Paused at 7
	Hit Breakpoint(s) 
	Call Stack: A, Atu, AtAu, spectralnorm 
	Bindings: i: number = 1
		j: number = 0
Paused at 7
	Hit Breakpoint(s) 
	Call Stack: A, Atu, AtAu, spectralnorm 
	Bindings: i: number = 2
		j: number = 0
Paused at 7
	Hit Breakpoint(s) 
	Call Stack: A, Atu, AtAu, spectralnorm 
	Bindings: i: number = 3
		j: number = 0
Paused at 7
	Hit Breakpoint(s) 
	Call Stack: A, Atu, AtAu, spectralnorm 
	Bindings: i: number = 4
		j: number = 0
Paused at 7
	Hit Breakpoint(s) 
	Call Stack: A, Atu, AtAu, spectralnorm 
	Bindings: i: number = 5
		j: number = 0
Paused at 7
	Hit Breakpoint(s) 
	Call Stack: A, Atu, AtAu, spectralnorm 
	Bindings: i: number = 0
		j: number = 1
Paused at 7
	Hit Breakpoint(s) 
	Call Stack: A, Atu, AtAu, spectralnorm 
	Bindings: i: number = 1
		j: number = 1
Paused at 7
	Hit Breakpoint(s) 
	Call Stack: A, Atu, AtAu, spectralnorm 
	Bindings: i: number = 2
		j: number = 1
Paused at 7
	Hit Breakpoint(s) 
	Call Stack: A, Atu, AtAu, spectralnorm 
	Bindings: i: number = 3
		j: number = 1
Paused at 7
	Hit Breakpoint(s) 
	Call Stack: A, Atu, AtAu, spectralnorm 
	Bindings: i: number = 4
		j: number = 1
Paused at 7
	Hit Breakpoint(s) 
	Call Stack: A, Atu, AtAu, spectralnorm 
	Bindings: i: number = 5
		j: number = 1
Paused at 7
	Hit Breakpoint(s) 
	Call Stack: A, Atu, AtAu, spectralnorm 
	Bindings: i: number = 0
		j: number = 2
Paused at 7
	Hit Breakpoint(s) 
	Call Stack: A, Atu, AtAu, spectralnorm 
	Bindings: i: number = 1
		j: number = 2
Paused at 7
	Hit Breakpoint(s) 
	Call Stack: A, Atu, AtAu, spectralnorm 
	Bindings: i: number = 2
		j: number = 2
Paused at 7
	Hit Breakpoint(s) 
	Call Stack: A, Atu, AtAu, spectralnorm 
	Bindings: i: number = 3
		j: number = 2
Paused at 7
	Hit Breakpoint(s) 
	Call Stack: A, Atu, AtAu, spectralnorm 
	Bindings: i: number = 4
		j: number = 2
Paused at 7
	Hit Breakpoint(s) 
	Call Stack: A, Atu, AtAu, spectralnorm 
	Bindings: i: number = 5
		j: number = 2
Paused at 7
	Hit Breakpoint(s) 
	Call Stack: A, Atu, AtAu, spectralnorm 
	Bindings: i: number = 0
		j: number = 3
Paused at 7
	Hit Breakpoint(s) 
	Call Stack: A, Atu, AtAu, spectralnorm 
	Bindings: i: number = 1
		j: number = 3
Paused at 7
	Hit Breakpoint(s) 
	Call Stack: A, Atu, AtAu, spectralnorm 
	Bindings: i: number = 2
		j: number = 3
Paused at 7
	Hit Breakpoint(s) 
	Call Stack: A, Atu, AtAu, spectralnorm 
	Bindings: i: number = 3
		j: number = 3
Paused at 7
	Hit Breakpoint(s) 
	Call Stack: A, Atu, AtAu, spectralnorm 
	Bindings: i: number = 4
		j: number = 3
Paused at 7
	Hit Breakpoint(s) 
	Call Stack: A, Atu, AtAu, spectralnorm 
	Bindings: i: number = 5
		j: number = 3
Paused at 7
	Hit Breakpoint(s) 
	Call Stack: A, Atu, AtAu, spectralnorm 
	Bindings: i: number = 0
		j: number = 4
Paused at 7
	Hit Breakpoint(s) 
	Call Stack: A, Atu, AtAu, spectralnorm 
	Bindings: i: number = 1
		j: number = 4
Paused at 7
	Hit Breakpoint(s) 
	Call Stack: A, Atu, AtAu, spectralnorm 
	Bindings: i: number = 2
		j: number = 4
Paused at 7
	Hit Breakpoint(s) 
	Call Stack: A, Atu, AtAu, spectralnorm 
	Bindings: i: number = 3
		j: number = 4
Paused at 7
	Hit Breakpoint(s) 
	Call Stack: A, Atu, AtAu, spectralnorm 
	Bindings: i: number = 4
		j: number = 4
Paused at 7
	Hit Breakpoint(s) 
	Call Stack: A, Atu, AtAu, spectralnorm 
	Bindings: i: number = 5
		j: number = 4
Paused at 7
	Hit Breakpoint(s) 
	Call Stack: A, Atu, AtAu, spectralnorm 
	Bindings: i: number = 0
		j: number = 5
Paused at 7
	Hit Breakpoint(s) 
	Call Stack: A, Atu, AtAu, spectralnorm 
	Bindings: i: number = 1
		j: number = 5
Paused at 7
	Hit Breakpoint(s) 
	Call Stack: A, Atu, AtAu, spectralnorm 
	Bindings: i: number = 2
		j: number = 5
Paused at 7
	Hit Breakpoint(s) 
	Call Stack: A, Atu, AtAu, spectralnorm 
	Bindings: i: number = 3
		j: number = 5
Paused at 7
	Hit Breakpoint(s) 
	Call Stack: A, Atu, AtAu, spectralnorm 
	Bindings: i: number = 4
		j: number = 5
Paused at 7
	Hit Breakpoint(s) 
	Call Stack: A, Atu, AtAu, spectralnorm 
	Bindings: i: number = 5
		j: number = 5
Paused at 7
	Hit Breakpoint(s) 
	Call Stack: A, Au, AtAu, spectralnorm 
	Bindings: i: number = 0
		j: number = 0
Paused at 7
	Hit Breakpoint(s) 
	Call Stack: A, Au, AtAu, spectralnorm 
	Bindings: i: number = 0
		j: number = 1
Paused at 7
	Hit Breakpoint(s) 
	Call Stack: A, Au, AtAu, spectralnorm 
	Bindings: i: number = 0
		j: number = 2
Paused at 7
	Hit Breakpoint(s) 
	Call Stack: A, Au, AtAu, spectralnorm 
	Bindings: i: number = 0
		j: number = 3
Paused at 7
	Hit Breakpoint(s) 
	Call Stack: A, Au, AtAu, spectralnorm 
	Bindings: i: number = 0
		j: number = 4
Paused at 7
	Hit Breakpoint(s) 
	Call Stack: A, Au, AtAu, spectralnorm 
	Bindings: i: number = 0
		j: number = 5
Paused at 7
	Hit Breakpoint(s) 
	Call Stack: A, Au, AtAu, spectralnorm 
	Bindings: i: number = 1
		j: number = 0
Paused at 7
	Hit Breakpoint(s) 
	Call Stack: A, Au, AtAu, spectralnorm 
	Bindings: i: number = 1
		j: number = 1
Paused at 7
	Hit Breakpoint(s) 
	Call Stack: A, Au, AtAu, spectralnorm 
	Bindings: i: number = 1
		j: number = 2
Paused at 7
	Hit Breakpoint(s) 
	Call Stack: A, Au, AtAu, spectralnorm 
	Bindings: i: number = 1
		j: number = 3
Paused at 7
	Hit Breakpoint(s) 
	Call Stack: A, Au, AtAu, spectralnorm 
	Bindings: i: number = 1
		j: number = 4
Paused at 7
	Hit Breakpoint(s) 
	Call Stack: A, Au, AtAu, spectralnorm 
	Bindings: i: number = 1
		j: number = 5
Paused at 7
	Hit Breakpoint(s) 
	Call Stack: A, Au, AtAu, spectralnorm 
	Bindings: i: number = 2
		j: number = 0
Paused at 7
	Hit Breakpoint(s) 
	Call Stack: A, Au, AtAu, spectralnorm 
	Bindings: i: number = 2
		j: number = 1
Paused at 7
	Hit Breakpoint(s) 
	Call Stack: A, Au, AtAu, spectralnorm 
	Bindings: i: number = 2
		j: number = 2
Paused at 7
	Hit Breakpoint(s) 
	Call Stack: A, Au, AtAu, spectralnorm 
	Bindings: i: number = 2
		j: number = 3
Paused at 7
	Hit Breakpoint(s) 
	Call Stack: A, Au, AtAu, spectralnorm 
	Bindings: i: number = 2
		j: number = 4
Paused at 7
	Hit Breakpoint(s) 
	Call Stack: A, Au, AtAu, spectralnorm 
	Bindings: i: number = 2
		j: number = 5
Paused at 7
	Hit Breakpoint(s) 
	Call Stack: A, Au, AtAu, spectralnorm 
	Bindings: i: number = 3
		j: number = 0
Paused at 7
	Hit Breakpoint(s) 
	Call Stack: A, Au, AtAu, spectralnorm 
	Bindings: i: number = 3
		j: number = 1
Paused at 7
	Hit Breakpoint(s) 
	Call Stack: A, Au, AtAu, spectralnorm 
	Bindings: i: number = 3
		j: number = 2
Paused at 7
	Hit Breakpoint(s) 
	Call Stack: A, Au, AtAu, spectralnorm 
	Bindings: i: number = 3
		j: number = 3
Paused at 7
	Hit Breakpoint(s) 
	Call Stack: A, Au, AtAu, spectralnorm 
	Bindings: i: number = 3
		j: number = 4
Paused at 7
	Hit Breakpoint(s) 
	Call Stack: A, Au, AtAu, spectralnorm 
	Bindings: i: number = 3
		j: number = 5
Paused at 7
	Hit Breakpoint(s) 
	Call Stack: A, Au, AtAu, spectralnorm 
	Bindings: i: number = 4
		j: number = 0
Paused at 7
	Hit Breakpoint(s) 
	Call Stack: A, Au, AtAu, spectralnorm 
	Bindings: i: number = 4
		j: number = 1
