183 -> 183
265 -> 265
126 -> 126
162 -> 162
164 -> 164
41 -> 41
103 -> 103
158 -> 158
440 -> 440
354 -> 354
238 -> 238
47 -> 47
88 -> 88
276 -> 276
416 -> 416
377 -> 377
108 -> 108
315 -> 315
42 -> 42
255 -> 255
105 -> 105
221 -> 221
245 -> 245
267 -> 267
358 -> 358
239 -> 239
161 -> 161
329 -> 329
160 -> 160
382 -> 382
150 -> 150
184 -> 184
55 -> 55
121 -> 121
176 -> 176
306 -> 306
324 -> 324
357 -> 357
136 -> 136
220 -> 220
283 -> 283
286 -> 286
234 -> 234
191 -> 191
56 -> 56
443 -> 443
412 -> 412
359 -> 359
194 -> 194
285 -> 285
331 -> 331
403 -> 403
244 -> 244
278 -> 278
104 -> 104
246 -> 246
113 -> 113
372 -> 372
142 -> 142
217 -> 217
262 -> 262
350 -> 350
233 -> 233
305 -> 305
411 -> 411
203 -> 203
271 -> 271
264 -> 264
192 -> 192
242 -> 242
371 -> 371
317 -> 317
200 -> 200
323 -> 323
441 -> 441
69 -> 69
334 -> 334
402 -> 402
303 -> 303
77 -> 77
224 -> 224
447 -> 447
206 -> 206
65 -> 65
118 -> 118
133 -> 133
212 -> 212
218 -> 218
392 -> 392
369 -> 369
374 -> 374
376 -> 376
250 -> 250
119 -> 119
64 -> 64
391 -> 391
335 -> 335
130 -> 130
145 -> 145
252 -> 252
95 -> 95
135 -> 135
347 -> 347
293 -> 293
186 -> 186
210 -> 210
227 -> 227
383 -> 383
156 -> 156
112 -> 112
296 -> 296
209 -> 209
100 -> 100
356 -> 356
225 -> 225
49 -> 49
204 -> 204
385 -> 385
50 -> 50
393 -> 393
270 -> 270
289 -> 289
248 -> 248
54 -> 54
195 -> 195
247 -> 247
445 -> 445
208 -> 208
153 -> 153
279 -> 279
256 -> 256
378 -> 378
216 -> 216
63 -> 63
266 -> 266
27 -> 27
173 -> 173
157 -> 157
39 -> 39
299 -> 299
249 -> 249
111 -> 111
370 -> 370
241 -> 241
148 -> 148
68 -> 68
140 -> 140
320 -> 320
251 -> 251
300 -> 300
449 -> 449
274 -> 274
294 -> 294
131 -> 131
32 -> 32
28 -> 28
219 -> 219
146 -> 146
154 -> 154
341 -> 341
110 -> 110
80 -> 80
360 -> 360
73 -> 73
197 -> 197
62 -> 62
407 -> 407
109 -> 109
280 -> 280
84 -> 84
380 -> 380
96 -> 96
196 -> 196
53 -> 53
399 -> 399
344 -> 344
92 -> 92
318 -> 318
309 -> 309
308 -> 308
187 -> 187
381 -> 381
182 -> 182
43 -> 43
101 -> 101
166 -> 166
57 -> 57
205 -> 205
46 -> 46
141 -> 141
179 -> 179
193 -> 193
295 -> 295
36 -> 36
177 -> 177
339 -> 339
116 -> 116
281 -> 281
332 -> 332
170 -> 170
307 -> 307
448 -> 448
345 -> 345
168 -> 168
390 -> 390
348 -> 348
97 -> 97
394 -> 394
172 -> 172
31 -> 31
235 -> 235
48 -> 48
228 -> 228
129 -> 129
400 -> 400
367 -> 367
316 -> 316
325 -> 325
115 -> 115
237 -> 237
409 -> 409
263 -> 263
60 -> 60
414 -> 414
201 -> 201
