101 -> 101
140 -> 140
244 -> 244
280 -> 280
136 -> 136
255 -> 255
299 -> 299
289 -> 289
324 -> 324
177 -> 177
235 -> 235
317 -> 317
176 -> 176
440 -> 440
183 -> 183
161 -> 161
162 -> 162
360 -> 360
447 -> 447
380 -> 380
168 -> 168
370 -> 370
173 -> 173
344 -> 344
267 -> 267
172 -> 172
242 -> 242
266 -> 266
57 -> 57
49 -> 49
55 -> 55
238 -> 238
399 -> 399
246 -> 246
92 -> 92
283 -> 283
191 -> 191
154 -> 154
233 -> 233
443 -> 443
160 -> 160
403 -> 403
96 -> 96
354 -> 354
350 -> 350
65 -> 65
347 -> 347
158 -> 158
357 -> 357
97 -> 97
296 -> 296
320 -> 320
303 -> 303
227 -> 227
31 -> 31
39 -> 39
148 -> 148
68 -> 68
331 -> 331
115 -> 115
234 -> 234
109 -> 109
329 -> 329
307 -> 307
245 -> 245
225 -> 225
377 -> 377
100 -> 100
409 -> 409
170 -> 170
416 -> 416
64 -> 64
103 -> 103
274 -> 274
241 -> 241
332 -> 332
184 -> 184
367 -> 367
209 -> 209
54 -> 54
390 -> 390
42 -> 42
374 -> 374
60 -> 60
276 -> 276
186 -> 186
402 -> 402
358 -> 358
187 -> 187
200 -> 200
