320 -> 320
268 -> 268
441 -> 441
360 -> 360
230 -> 230
251 -> 251
276 -> 276
56 -> 56
372 -> 372
100 -> 100
393 -> 393
334 -> 334
133 -> 133
113 -> 113
194 -> 194
376 -> 376
135 -> 135
263 -> 263
197 -> 197
140 -> 140
407 -> 407
216 -> 216
42 -> 42
104 -> 104
255 -> 255
325 -> 325
266 -> 266
367 -> 367
114 -> 114
62 -> 62
126 -> 126
196 -> 196
185 -> 185
101 -> 101
141 -> 141
92 -> 92
50 -> 50
385 -> 385
149 -> 149
119 -> 119
200 -> 200
305 -> 305
220 -> 220
256 -> 256
354 -> 354
171 -> 171
219 -> 219
231 -> 231
386 -> 386
284 -> 284
380 -> 380
272 -> 272
173 -> 173
117 -> 117
294 -> 294
120 -> 120
68 -> 68
345 -> 345
163 -> 163
80 -> 80
176 -> 176
103 -> 103
151 -> 151
54 -> 54
280 -> 280
273 -> 273
319 -> 319
248 -> 248
309 -> 309
290 -> 290
370 -> 370
48 -> 48
317 -> 317
382 -> 382
157 -> 157
46 -> 46
40 -> 40
262 -> 262
374 -> 374
410 -> 410
130 -> 130
341 -> 341
35 -> 35
322 -> 322
329 -> 329
241 -> 241
111 -> 111
193 -> 193
116 -> 116
53 -> 53
339 -> 339
391 -> 391
440 -> 440
332 -> 332
145 -> 145
286 -> 286
72 -> 72
394 -> 394
269 -> 269
323 -> 323
121 -> 121
152 -> 152
335 -> 335
448 -> 448
350 -> 350
212 -> 212
344 -> 344
321 -> 321
217 -> 217
307 -> 307
296 -> 296
324 -> 324
96 -> 96
264 -> 264
168 -> 168
64 -> 64
308 -> 308
221 -> 221
235 -> 235
43 -> 43
156 -> 156
246 -> 246
232 -> 232
172 -> 172
234 -> 234
153 -> 153
77 -> 77
128 -> 128
358 -> 358
205 -> 205
399 -> 399
209 -> 209
288 -> 288
167 -> 167
164 -> 164
118 -> 118
191 -> 191
177 -> 177
356 -> 356
28 -> 28
300 -> 300
412 -> 412
84 -> 84
138 -> 138
162 -> 162
242 -> 242
218 -> 218
81 -> 81
250 -> 250
395 -> 395
206 -> 206
390 -> 390
95 -> 95
150 -> 150
184 -> 184
381 -> 381
402 -> 402
238 -> 238
148 -> 148
378 -> 378
233 -> 233
31 -> 31
355 -> 355
208 -> 208
85 -> 85
155 -> 155
369 -> 369
166 -> 166
447 -> 447
239 -> 239
297 -> 297
190 -> 190
60 -> 60
97 -> 97
154 -> 154
61 -> 61
377 -> 377
170 -> 170
227 -> 227
189 -> 189
139 -> 139
237 -> 237
373 -> 373
347 -> 347
112 -> 112
414 -> 414
187 -> 187
226 -> 226
252 -> 252
169 -> 169
245 -> 245
285 -> 285
204 -> 204
265 -> 265
186 -> 186
179 -> 179
65 -> 65
351 -> 351
303 -> 303
47 -> 47
39 -> 39
144 -> 144
445 -> 445
384 -> 384
158 -> 158
293 -> 293
127 -> 127
142 -> 142
274 -> 274
57 -> 57
278 -> 278
443 -> 443
182 -> 182
348 -> 348
201 -> 201
449 -> 449
357 -> 357
225 -> 225
63 -> 63
136 -> 136
409 -> 409
403 -> 403
203 -> 203
160 -> 160
165 -> 165
315 -> 315
161 -> 161
195 -> 195
244 -> 244
228 -> 228
287 -> 287
392 -> 392
183 -> 183
279 -> 279
174 -> 174
306 -> 306
247 -> 247
295 -> 295
32 -> 32
109 -> 109
416 -> 416
331 -> 331
110 -> 110
371 -> 371
55 -> 55
299 -> 299
105 -> 105
178 -> 178
283 -> 283
102 -> 102
281 -> 281
249 -> 249
387 -> 387
69 -> 69
192 -> 192
318 -> 318
210 -> 210
229 -> 229
73 -> 73
146 -> 146
224 -> 224
147 -> 147
277 -> 277
131 -> 131
400 -> 400
76 -> 76
383 -> 383
129 -> 129
411 -> 411
270 -> 270
289 -> 289
271 -> 271
408 -> 408
49 -> 49
88 -> 88
375 -> 375
115 -> 115
108 -> 108
359 -> 359
267 -> 267
316 -> 316
298 -> 298
41 -> 41
275 -> 275
27 -> 27
36 -> 36
