27 -> 27
28 -> 28
31 -> 31
32 -> 32
35 -> 35
36 -> 36
39 -> 39
40 -> 40
41 -> 41
42 -> 42
43 -> 43
46 -> 46
47 -> 47
48 -> 48
49 -> 49
50 -> 50
53 -> 53
54 -> 54
55 -> 55
56 -> 56
57 -> 57
60 -> 60
61 -> 61
62 -> 62
63 -> 63
64 -> 64
65 -> 65
68 -> 68
69 -> 69
72 -> 72
73 -> 73
76 -> 76
77 -> 77
80 -> 80
81 -> 81
84 -> 84
85 -> 85
88 -> 88
92 -> 92
95 -> 95
96 -> 96
97 -> 97
100 -> 100
101 -> 101
102 -> 102
103 -> 103
104 -> 104
105 -> 105
108 -> 108
109 -> 109
110 -> 110
111 -> 111
112 -> 112
113 -> 113
114 -> 114
115 -> 115
116 -> 116
117 -> 117
118 -> 118
119 -> 119
120 -> 120
121 -> 121
126 -> 126
127 -> 127
128 -> 128
129 -> 129
130 -> 130
131 -> 131
133 -> 133
135 -> 135
136 -> 136
138 -> 138
139 -> 139
140 -> 140
141 -> 141
142 -> 142
144 -> 144
145 -> 145
146 -> 146
147 -> 147
148 -> 148
149 -> 149
150 -> 150
151 -> 151
152 -> 152
153 -> 153
154 -> 154
155 -> 155
156 -> 156
157 -> 157
158 -> 158
160 -> 160
161 -> 161
162 -> 162
163 -> 163
164 -> 164
165 -> 165
166 -> 166
167 -> 167
168 -> 168
169 -> 169
170 -> 170
171 -> 171
172 -> 172
173 -> 173
174 -> 174
176 -> 176
177 -> 177
178 -> 178
179 -> 179
182 -> 182
183 -> 183
184 -> 184
185 -> 185
186 -> 186
187 -> 187
189 -> 189
190 -> 190
191 -> 191
192 -> 192
193 -> 193
194 -> 194
195 -> 195
196 -> 196
197 -> 197
200 -> 200
201 -> 201
203 -> 203
204 -> 204
205 -> 205
206 -> 206
208 -> 208
209 -> 209
210 -> 210
212 -> 212
216 -> 216
217 -> 217
218 -> 218
219 -> 219
220 -> 220
221 -> 221
224 -> 224
225 -> 225
226 -> 226
227 -> 227
228 -> 228
229 -> 229
230 -> 230
231 -> 231
232 -> 232
233 -> 233
234 -> 234
235 -> 235
237 -> 237
238 -> 238
239 -> 239
241 -> 241
242 -> 242
244 -> 244
245 -> 245
246 -> 246
247 -> 247
248 -> 248
249 -> 249
250 -> 250
251 -> 251
252 -> 252
255 -> 255
256 -> 256
262 -> 262
263 -> 263
264 -> 264
265 -> 265
266 -> 266
267 -> 267
268 -> 268
269 -> 269
270 -> 270
271 -> 271
272 -> 272
273 -> 273
274 -> 274
275 -> 275
276 -> 276
277 -> 277
278 -> 278
279 -> 279
280 -> 280
281 -> 281
283 -> 283
284 -> 284
285 -> 285
286 -> 286
287 -> 287
288 -> 288
289 -> 289
290 -> 290
293 -> 293
294 -> 294
295 -> 295
296 -> 296
297 -> 297
298 -> 298
299 -> 299
300 -> 300
303 -> 303
305 -> 305
306 -> 306
307 -> 307
308 -> 308
309 -> 309
315 -> 315
316 -> 316
317 -> 317
318 -> 318
319 -> 319
320 -> 320
321 -> 321
322 -> 322
323 -> 323
324 -> 324
325 -> 325
329 -> 329
331 -> 331
332 -> 332
334 -> 334
335 -> 335
339 -> 339
341 -> 341
344 -> 344
345 -> 345
347 -> 347
348 -> 348
350 -> 350
351 -> 351
354 -> 354
355 -> 355
356 -> 356
357 -> 357
358 -> 358
359 -> 359
360 -> 360
367 -> 367
369 -> 369
370 -> 370
371 -> 371
372 -> 372
373 -> 373
374 -> 374
375 -> 375
376 -> 376
377 -> 377
378 -> 378
380 -> 380
381 -> 381
382 -> 382
383 -> 383
384 -> 384
385 -> 385
386 -> 386
387 -> 387
390 -> 390
391 -> 391
392 -> 392
393 -> 393
394 -> 394
395 -> 395
399 -> 399
400 -> 400
402 -> 402
403 -> 403
407 -> 407
408 -> 408
409 -> 409
410 -> 410
411 -> 411
412 -> 412
414 -> 414
416 -> 416
440 -> 440
441 -> 441
443 -> 443
445 -> 445
447 -> 447
448 -> 448
449 -> 449
