105 -> 105
119 -> 119
239 -> 239
267 -> 267
110 -> 110
246 -> 246
285 -> 285
274 -> 274
305 -> 305
160 -> 160
212 -> 212
296 -> 296
154 -> 154
416 -> 416
157 -> 157
112 -> 112
113 -> 113
350 -> 350
449 -> 449
377 -> 377
109 -> 109
367 -> 367
115 -> 115
308 -> 308
228 -> 228
103 -> 103
195 -> 195
220 -> 220
252 -> 252
237 -> 237
205 -> 205
172 -> 172
381 -> 381
194 -> 194
265 -> 265
233 -> 233
36 -> 36
191 -> 191
133 -> 133
50 -> 50
192 -> 192
391 -> 391
104 -> 104
303 -> 303
289 -> 289
60 -> 60
283 -> 283
32 -> 32
48 -> 48
414 -> 414
197 -> 197
68 -> 68
203 -> 203
380 -> 380
153 -> 153
184 -> 184
315 -> 315
256 -> 256
218 -> 218
447 -> 447
251 -> 251
276 -> 276
108 -> 108
101 -> 101
403 -> 403
371 -> 371
43 -> 43
441 -> 441
374 -> 374
204 -> 204
95 -> 95
354 -> 354
166 -> 166
235 -> 235
63 -> 63
161 -> 161
100 -> 100
210 -> 210
407 -> 407
208 -> 208
77 -> 77
121 -> 121
370 -> 370
445 -> 445
248 -> 248
176 -> 176
62 -> 62
390 -> 390
187 -> 187
317 -> 317
162 -> 162
359 -> 359
196 -> 196
177 -> 177
306 -> 306
219 -> 219
31 -> 31
156 -> 156
347 -> 347
378 -> 378
126 -> 126
448 -> 448
116 -> 116
402 -> 402
193 -> 193
182 -> 182
227 -> 227
234 -> 234
245 -> 245
135 -> 135
345 -> 345
27 -> 27
92 -> 92
382 -> 382
360 -> 360
53 -> 53
344 -> 344
118 -> 118
140 -> 140
279 -> 279
316 -> 316
224 -> 224
244 -> 244
271 -> 271
221 -> 221
255 -> 255
293 -> 293
183 -> 183
324 -> 324
49 -> 49
88 -> 88
394 -> 394
141 -> 141
357 -> 357
96 -> 96
46 -> 46
129 -> 129
358 -> 358
329 -> 329
286 -> 286
206 -> 206
348 -> 348
131 -> 131
307 -> 307
262 -> 262
376 -> 376
299 -> 299
325 -> 325
263 -> 263
242 -> 242
281 -> 281
173 -> 173
392 -> 392
200 -> 200
249 -> 249
412 -> 412
170 -> 170
56 -> 56
216 -> 216
264 -> 264
111 -> 111
28 -> 28
41 -> 41
323 -> 323
164 -> 164
179 -> 179
150 -> 150
250 -> 250
142 -> 142
146 -> 146
238 -> 238
136 -> 136
278 -> 278
201 -> 201
80 -> 80
247 -> 247
309 -> 309
73 -> 73
158 -> 158
335 -> 335
64 -> 64
57 -> 57
54 -> 54
334 -> 334
320 -> 320
356 -> 356
209 -> 209
225 -> 225
266 -> 266
393 -> 393
168 -> 168
55 -> 55
318 -> 318
145 -> 145
84 -> 84
369 -> 369
270 -> 270
65 -> 65
130 -> 130
39 -> 39
372 -> 372
383 -> 383
69 -> 69
241 -> 241
300 -> 300
42 -> 42
280 -> 280
331 -> 331
294 -> 294
411 -> 411
217 -> 217
440 -> 440
341 -> 341
47 -> 47
295 -> 295
339 -> 339
332 -> 332
385 -> 385
409 -> 409
148 -> 148
186 -> 186
400 -> 400
97 -> 97
399 -> 399
443 -> 443
