183 -> 183
274 -> 274
148 -> 148
173 -> 173
176 -> 176
55 -> 55
109 -> 109
49 -> 49
440 -> 440
358 -> 358
246 -> 246
68 -> 68
115 -> 115
296 -> 296
64 -> 64
377 -> 377
160 -> 160
332 -> 332
187 -> 187
283 -> 283
162 -> 162
255 -> 255
280 -> 280
303 -> 303
370 -> 370
276 -> 276
225 -> 225
354 -> 354
227 -> 227
399 -> 399
140 -> 140
242 -> 242
184 -> 184
200 -> 200
54 -> 54
347 -> 347
65 -> 65
374 -> 374
234 -> 234
289 -> 289
344 -> 344
60 -> 60
158 -> 158
39 -> 39
96 -> 96
443 -> 443
100 -> 100
380 -> 380
209 -> 209
168 -> 168
103 -> 103
241 -> 241
331 -> 331
245 -> 245
31 -> 31
170 -> 170
447 -> 447
402 -> 402
244 -> 244
266 -> 266
357 -> 357
172 -> 172
186 -> 186
191 -> 191
238 -> 238
161 -> 161
92 -> 92
329 -> 329
307 -> 307
367 -> 367
409 -> 409
233 -> 233
235 -> 235
136 -> 136
154 -> 154
101 -> 101
57 -> 57
320 -> 320
403 -> 403
324 -> 324
350 -> 350
267 -> 267
177 -> 177
360 -> 360
317 -> 317
416 -> 416
299 -> 299
42 -> 42
390 -> 390
97 -> 97
