176 -> 176
266 -> 266
129 -> 129
161 -> 161
32 -> 32
40 -> 40
103 -> 103
155 -> 155
414 -> 414
350 -> 350
231 -> 231
43 -> 43
84 -> 84
272 -> 272
412 -> 412
374 -> 374
105 -> 105
305 -> 305
153 -> 153
250 -> 250
39 -> 39
217 -> 217
238 -> 238
28 -> 28
354 -> 354
46 -> 46
55 -> 55
319 -> 319
151 -> 151
380 -> 380
141 -> 141
170 -> 170
100 -> 100
116 -> 116
162 -> 162
295 -> 295
316 -> 316
351 -> 351
127 -> 127
208 -> 208
276 -> 276
277 -> 277
220 -> 220
171 -> 171
299 -> 299
441 -> 441
408 -> 408
63 -> 63
173 -> 173
96 -> 96
318 -> 318
399 -> 399
229 -> 229
269 -> 269
118 -> 118
233 -> 233
440 -> 440
369 -> 369
121 -> 121
195 -> 195
246 -> 246
339 -> 339
210 -> 210
288 -> 288
104 -> 104
179 -> 179
256 -> 256
248 -> 248
165 -> 165
224 -> 224
359 -> 359
298 -> 298
172 -> 172
306 -> 306
416 -> 416
218 -> 218
110 -> 110
395 -> 395
284 -> 284
308 -> 308
196 -> 196
445 -> 445
177 -> 177
131 -> 131
35 -> 35
135 -> 135
183 -> 183
187 -> 187
384 -> 384
355 -> 355
367 -> 367
158 -> 158
227 -> 227
267 -> 267
142 -> 142
383 -> 383
317 -> 317
251 -> 251
329 -> 329
228 -> 228
262 -> 262
80 -> 80
323 -> 323
113 -> 113
212 -> 212
101 -> 101
189 -> 189
376 -> 376
232 -> 232
286 -> 286
271 -> 271
73 -> 73
278 -> 278
332 -> 332
154 -> 154
403 -> 403
244 -> 244
150 -> 150
241 -> 241
156 -> 156
115 -> 115
130 -> 130
205 -> 205
136 -> 136
357 -> 357
201 -> 201
57 -> 57
245 -> 245
300 -> 300
237 -> 237
108 -> 108
358 -> 358
157 -> 157
109 -> 109
221 -> 221
206 -> 206
265 -> 265
72 -> 72
174 -> 174
255 -> 255
235 -> 235
60 -> 60
114 -> 114
166 -> 166
169 -> 169
322 -> 322
270 -> 270
126 -> 126
77 -> 77
249 -> 249
449 -> 449
252 -> 252
216 -> 216
225 -> 225
348 -> 348
120 -> 120
160 -> 160
41 -> 41
139 -> 139
289 -> 289
145 -> 145
331 -> 331
144 -> 144
64 -> 64
263 -> 263
54 -> 54
387 -> 387
197 -> 197
303 -> 303
53 -> 53
345 -> 345
62 -> 62
273 -> 273
36 -> 36
190 -> 190
230 -> 230
168 -> 168
385 -> 385
297 -> 297
309 -> 309
192 -> 192
334 -> 334
68 -> 68
407 -> 407
335 -> 335
264 -> 264
448 -> 448
147 -> 147
400 -> 400
377 -> 377
200 -> 200
76 -> 76
290 -> 290
447 -> 447
296 -> 296
92 -> 92
31 -> 31
402 -> 402
234 -> 234
61 -> 61
283 -> 283
146 -> 146
279 -> 279
321 -> 321
85 -> 85
219 -> 219
386 -> 386
140 -> 140
27 -> 27
307 -> 307
391 -> 391
410 -> 410
185 -> 185
392 -> 392
184 -> 184
393 -> 393
315 -> 315
280 -> 280
239 -> 239
193 -> 193
209 -> 209
341 -> 341
443 -> 443
50 -> 50
149 -> 149
356 -> 356
119 -> 119
370 -> 370
95 -> 95
373 -> 373
49 -> 49
409 -> 409
285 -> 285
274 -> 274
320 -> 320
152 -> 152
324 -> 324
133 -> 133
111 -> 111
275 -> 275
65 -> 65
178 -> 178
382 -> 382
360 -> 360
81 -> 81
42 -> 42
97 -> 97
163 -> 163
294 -> 294
117 -> 117
138 -> 138
194 -> 194
371 -> 371
347 -> 347
148 -> 148
102 -> 102
372 -> 372
378 -> 378
268 -> 268
390 -> 390
287 -> 287
191 -> 191
293 -> 293
344 -> 344
186 -> 186
381 -> 381
56 -> 56
167 -> 167
69 -> 69
411 -> 411
375 -> 375
164 -> 164
394 -> 394
47 -> 47
203 -> 203
48 -> 48
182 -> 182
247 -> 247
242 -> 242
128 -> 128
88 -> 88
281 -> 281
325 -> 325
226 -> 226
204 -> 204
112 -> 112
