31 -> 31
39 -> 39
42 -> 42
49 -> 49
54 -> 54
55 -> 55
57 -> 57
60 -> 60
64 -> 64
65 -> 65
68 -> 68
92 -> 92
96 -> 96
97 -> 97
100 -> 100
101 -> 101
103 -> 103
109 -> 109
115 -> 115
136 -> 136
140 -> 140
148 -> 148
154 -> 154
158 -> 158
160 -> 160
161 -> 161
162 -> 162
168 -> 168
170 -> 170
172 -> 172
173 -> 173
176 -> 176
177 -> 177
183 -> 183
184 -> 184
186 -> 186
187 -> 187
191 -> 191
200 -> 200
209 -> 209
225 -> 225
227 -> 227
233 -> 233
234 -> 234
235 -> 235
238 -> 238
241 -> 241
242 -> 242
244 -> 244
245 -> 245
246 -> 246
255 -> 255
266 -> 266
267 -> 267
274 -> 274
276 -> 276
280 -> 280
283 -> 283
289 -> 289
296 -> 296
299 -> 299
303 -> 303
307 -> 307
317 -> 317
320 -> 320
324 -> 324
329 -> 329
331 -> 331
332 -> 332
344 -> 344
347 -> 347
350 -> 350
354 -> 354
357 -> 357
358 -> 358
360 -> 360
367 -> 367
370 -> 370
374 -> 374
377 -> 377
380 -> 380
390 -> 390
399 -> 399
402 -> 402
403 -> 403
409 -> 409
416 -> 416
440 -> 440
443 -> 443
447 -> 447
