0 -> 41
1 -> 41
2 -> 41
3 -> 41
4 -> 41
5 -> 41
6 -> 41
7 -> 41
8 -> 41
9 -> 41
10 -> 41
11 -> 41
12 -> 41
13 -> 41
14 -> 41
15 -> 41
16 -> 41
17 -> 41
18 -> 41
19 -> 41
20 -> 41
21 -> 41
22 -> 41
23 -> 41
24 -> 41
25 -> 41
26 -> 41
27 -> 41
28 -> 41
29 -> 41
30 -> 41
31 -> 41
32 -> 41
33 -> 41
34 -> 41
35 -> 41
36 -> 41
37 -> 41
38 -> 41
39 -> 41
40 -> 41
41 -> 45
42 -> 42
43 -> 45
44 -> 45
45 -> 45
46 -> 46
47 -> 49
48 -> 49
49 -> 74
50 -> 50
51 -> 51
52 -> 52
53 -> 53
54 -> 57
55 -> 57
56 -> 57
57 -> 74
58 -> 58
59 -> 59
60 -> 60
61 -> 61
62 -> 62
63 -> 63
64 -> 65
65 -> 74
66 -> 66
67 -> 70
68 -> 70
69 -> 70
70 -> 74
71 -> 71
72 -> 74
73 -> 74
74 -> 86
75 -> 86
76 -> 86
77 -> 86
78 -> 86
79 -> 86
80 -> 86
81 -> 86
82 -> 86
83 -> 86
84 -> 86
85 -> 86
86 -> 118
87 -> 87
88 -> 88
89 -> 91
90 -> 91
91 -> 91
92 -> 92
93 -> 93
94 -> 95
95 -> 95
96 -> 98
97 -> 98
98 -> 118
99 -> 99
100 -> 102
101 -> 102
102 -> 118
103 -> 103
104 -> 105
105 -> 118
106 -> 106
107 -> 107
108 -> 112
109 -> 112
110 -> 112
111 -> 112
112 -> 118
113 -> 113
114 -> 115
115 -> 118
116 -> 116
117 -> 118
118 -> 137
119 -> 120
120 -> 120
121 -> 121
122 -> 123
123 -> 137
124 -> 125
125 -> 137
126 -> 127
127 -> 137
128 -> 128
129 -> 129
130 -> 130
131 -> 133
132 -> 133
133 -> 137
134 -> 136
135 -> 136
136 -> 137
137 -> 137
