70 -> 70
122 -> 123
101 -> 102
119 -> 120
1 -> 41
94 -> 95
24 -> 41
20 -> 41
117 -> 118
106 -> 106
63 -> 63
100 -> 102
124 -> 125
98 -> 98
105 -> 105
99 -> 99
53 -> 53
25 -> 41
18 -> 41
55 -> 57
114 -> 115
15 -> 41
27 -> 41
134 -> 136
10 -> 41
56 -> 57
5 -> 41
45 -> 45
68 -> 70
128 -> 128
19 -> 41
6 -> 41
133 -> 133
52 -> 52
116 -> 116
132 -> 133
43 -> 45
37 -> 41
121 -> 121
75 -> 86
84 -> 86
107 -> 107
59 -> 59
39 -> 41
96 -> 98
49 -> 49
62 -> 62
51 -> 51
14 -> 41
130 -> 130
113 -> 113
71 -> 71
64 -> 65
11 -> 41
30 -> 41
108 -> 112
74 -> 74
109 -> 112
32 -> 41
104 -> 105
0 -> 41
41 -> 45
91 -> 91
82 -> 86
129 -> 129
13 -> 41
31 -> 41
66 -> 66
4 -> 41
67 -> 70
76 -> 86
95 -> 118
115 -> 118
28 -> 41
110 -> 112
35 -> 41
9 -> 41
127 -> 127
80 -> 86
111 -> 112
57 -> 74
26 -> 41
69 -> 70
83 -> 86
60 -> 60
47 -> 49
86 -> 118
92 -> 92
93 -> 93
125 -> 137
46 -> 46
79 -> 86
12 -> 41
38 -> 41
33 -> 41
112 -> 118
135 -> 136
2 -> 41
8 -> 41
7 -> 41
36 -> 41
58 -> 58
29 -> 41
65 -> 74
137 -> 137
72 -> 74
131 -> 133
21 -> 41
61 -> 61
97 -> 98
54 -> 57
81 -> 86
123 -> 137
50 -> 50
34 -> 41
22 -> 41
118 -> 137
102 -> 118
126 -> 127
120 -> 137
44 -> 45
85 -> 86
103 -> 103
17 -> 41
23 -> 41
3 -> 41
48 -> 49
89 -> 91
73 -> 74
88 -> 88
78 -> 86
77 -> 86
42 -> 42
87 -> 87
16 -> 41
90 -> 91
136 -> 137
40 -> 41
