91 -> 91
52 -> 52
42 -> 42
116 -> 116
111 -> 112
11 -> 41
1 -> 41
28 -> 41
6 -> 41
121 -> 121
102 -> 102
110 -> 112
69 -> 70
38 -> 41
72 -> 74
9 -> 41
68 -> 70
94 -> 95
57 -> 57
8 -> 41
39 -> 41
37 -> 41
23 -> 41
43 -> 45
18 -> 41
74 -> 86
2 -> 41
135 -> 136
101 -> 102
114 -> 115
129 -> 129
20 -> 41
47 -> 49
86 -> 137
126 -> 127
53 -> 53
100 -> 102
3 -> 41
112 -> 118
108 -> 112
90 -> 91
32 -> 41
5 -> 41
22 -> 41
131 -> 133
107 -> 107
29 -> 41
19 -> 41
92 -> 92
120 -> 120
24 -> 41
31 -> 41
30 -> 41
66 -> 66
33 -> 41
12 -> 41
119 -> 120
103 -> 103
104 -> 105
132 -> 133
59 -> 59
60 -> 60
70 -> 74
127 -> 137
97 -> 98
82 -> 86
73 -> 74
124 -> 125
133 -> 137
