request breakpoint   0 at line  24
                   set at line  24
request breakpoint   1 at line  47
                   set at line  47
request breakpoint   2 at line 141
                   set at line 141
request breakpoint   3 at line 122
                   set at line 122
request breakpoint   4 at line 251
                   set at line 251
request breakpoint   5 at line  78
                   set at line  78
request breakpoint   6 at line 170
                   set at line 170
request breakpoint   7 at line 164
                   set at line 164
request breakpoint   8 at line 235
                   set at line 235
request breakpoint   9 at line  66
                   set at line  66
request breakpoint  10 at line 185
                   set at line 185
request breakpoint  11 at line  60
                   set at line  60
request breakpoint  12 at line 104
                   set at line 104
request breakpoint  13 at line 207
                   set at line 207
request breakpoint  14 at line 255
                   set at line 255
paused at line 207
	because of breakpoints: 13
	call stack function names: str2binl, hex_md5
	local property names: bin, i, mask, str
action: stepIn
paused at line 208
	call stack function names: str2binl, hex_md5
	local property names: bin, i, mask, str
action: stepIn
paused at line 208
	call stack function names: str2binl, hex_md5
	local property names: bin, i, mask, str
action: stepOver
paused at line  22
	call stack function names: hex_md5
	local property names: s
action: stepOver
paused at line  47
	because of breakpoints: 1
	call stack function names: core_md5, hex_md5
	local property names: a, b, c, d, i, olda, oldb, oldc, oldd, x
action: resume
paused at line 185
	because of breakpoints: 10
	call stack function names: safe_add, md5_cmn, md5_ff, core_md5, hex_md5
	local property names: lsw, msw, x
action: stepIn
paused at line 186
	call stack function names: safe_add, md5_cmn, md5_ff, core_md5, hex_md5
	local property names: lsw, msw, x
action: stepOver
paused at line 187
	call stack function names: safe_add, md5_cmn, md5_ff, core_md5, hex_md5
	local property names: lsw, msw, x
action: stepOver
paused at line 187
	call stack function names: safe_add, md5_cmn, md5_ff, core_md5, hex_md5
	local property names: lsw, msw, x
action: resume
paused at line 185
	because of breakpoints: 10
	call stack function names: safe_add, md5_cmn, md5_ff, core_md5, hex_md5
	local property names: lsw, msw, x
action: stepIn
paused at line 186
	call stack function names: safe_add, md5_cmn, md5_ff, core_md5, hex_md5
	local property names: lsw, msw, x
action: stepOver
paused at line 187
	call stack function names: safe_add, md5_cmn, md5_ff, core_md5, hex_md5
	local property names: lsw, msw, x
action: stepIn
paused at line 187
	call stack function names: safe_add, md5_cmn, md5_ff, core_md5, hex_md5
	local property names: lsw, msw, x
action: stepOut
paused at line 185
	because of breakpoints: 10
	call stack function names: safe_add, md5_cmn, md5_ff, core_md5, hex_md5
	local property names: lsw, msw, x
action: resume
paused at line 185
	because of breakpoints: 10
	call stack function names: safe_add, md5_cmn, md5_ff, core_md5, hex_md5
	local property names: lsw, msw, x
action: resume
paused at line 141
	because of breakpoints: 2
	call stack function names: md5_cmn, md5_ff, core_md5, hex_md5
	local property names: q
action: resume
paused at line 185
	because of breakpoints: 10
	call stack function names: safe_add, md5_cmn, md5_ff, core_md5, hex_md5
	local property names: lsw, msw, x
action: resume
paused at line 185
	because of breakpoints: 10
	call stack function names: safe_add, md5_cmn, md5_ff, core_md5, hex_md5
	local property names: lsw, msw, x
action: resume
paused at line 185
	because of breakpoints: 10
	call stack function names: safe_add, md5_cmn, md5_ff, core_md5, hex_md5
	local property names: lsw, msw, x
action: stepIn
paused at line 186
	call stack function names: safe_add, md5_cmn, md5_ff, core_md5, hex_md5
	local property names: lsw, msw, x
action: stepIn
paused at line 187
	call stack function names: safe_add, md5_cmn, md5_ff, core_md5, hex_md5
	local property names: lsw, msw, x
action: stepOver
paused at line 187
	call stack function names: safe_add, md5_cmn, md5_ff, core_md5, hex_md5
	local property names: lsw, msw, x
action: stepIn
paused at line 140
	call stack function names: md5_cmn, md5_ff, core_md5, hex_md5
	local property names: q
action: resume
paused at line 185
	because of breakpoints: 10
	call stack function names: safe_add, md5_cmn, md5_ff, core_md5, hex_md5
	local property names: lsw, msw, x
action: stepOut
paused at line 187
	call stack function names: safe_add, md5_cmn, md5_ff, core_md5, hex_md5
	local property names: lsw, msw, x
action: stepIn
paused at line 141
	call stack function names: md5_cmn, md5_ff, core_md5, hex_md5
	local property names: q
action: stepOut
paused at line 141
	because of breakpoints: 2
	call stack function names: md5_cmn, md5_ff, core_md5, hex_md5
	local property names: q
action: stepOut
paused at line 141
	call stack function names: md5_cmn, md5_ff, core_md5, hex_md5
	local property names: q
action: stepIn
paused at line 145
	call stack function names: md5_ff, core_md5, hex_md5
	local property names: a
action: resume
