Set Breakpoint at 3
Set Breakpoint at 8
Set Breakpoint at 43
Set Breakpoint at 39
Set Breakpoint at 66
Set Breakpoint at 21
Set Breakpoint at 50
Set Breakpoint at 49
Set Breakpoint at 63
Set Breakpoint at 19
Set Breakpoint at 53
Set Breakpoint at 17
Set Breakpoint at 35
Set Breakpoint at 58
Set Breakpoint at 70
Set Breakpoint at 69
Set Breakpoint at 10
Set Breakpoint at 26
Set Breakpoint at 52
Set Breakpoint at 29
Set Breakpoint at 5
Set Breakpoint at 1
Set Breakpoint at 25
Set Breakpoint at 44
Set Breakpoint at 24
Set Breakpoint at 34
Set Breakpoint at 61
Set Breakpoint at 65
Set Breakpoint at 9
Set Breakpoint at 14
Set Breakpoint at 59
Set Breakpoint at 11
Set Breakpoint at 48
Set Breakpoint at 16
Set Breakpoint at 32
resume
resume
stepOver
stepOver
stepOut
resume
stepOver
stepOver
stepOut
resume
stepOver
resume
stepIn
stepOut
stepOut
stepOut
stepOut
stepOut
resume
resume
stepOver
resume
stepOut
stepIn
resume
stepIn
stepIn
resume
stepOut
stepOut
resume
stepOut
stepOver
stepOver
stepOver
stepIn
stepOut
stepOver
resume
stepOut
stepOver
stepOut
resume
resume
stepOver
stepOut
resume
stepOver
stepOver
stepOver
stepIn
resume
stepIn
resume
stepOut
resume
stepOver
stepIn
stepOver
stepOver
stepIn
stepOver
stepIn
stepOut
stepOver
resume
stepOut
stepIn
resume
stepOut
stepIn
stepOut
resume
stepIn
stepOut
resume
stepOut
stepOut
stepOver
stepOver
stepIn
stepOver
resume
stepOver
stepOut
stepOut
stepIn
stepOver
stepOut
resume
stepIn
stepIn
stepIn
resume
stepIn
resume
stepOver
stepOver
stepOver
stepOut
