Breakpoint Set at 7
Breakpoint Set at 17
Breakpoint Set at 105
Breakpoint Set at 95
Breakpoint Set at 163
Breakpoint Set at 48
Breakpoint Set at 120
Breakpoint Set at 115
Breakpoint Set at 154
Breakpoint Set at 34
Breakpoint Set at 128
Breakpoint Set at 27
Breakpoint Set at 75
Breakpoint Set at 137
Breakpoint Set at 164
Breakpoint Set at 172
Breakpoint Set at 168
Breakpoint Set at 21
Breakpoint Set at 39
Breakpoint Set at 10
Breakpoint Set at 44
Breakpoint Set at 158
Breakpoint Set at 85
Breakpoint Set at 27
Breakpoint Set at 84
Breakpoint Set at 83
Breakpoint Set at 51
Breakpoint Set at 141
Breakpoint Set at 10
Breakpoint Set at 63
Breakpoint Set at 144
Breakpoint Set at 126
Breakpoint Set at 130
Breakpoint Set at 107
Breakpoint Set at 86
Breakpoint Set at 171
Breakpoint Set at 139
Breakpoint Set at 65
Breakpoint Set at 161
Breakpoint Set at 133
Breakpoint Set at 157
Breakpoint Set at 57
Breakpoint Set at 51
Breakpoint Set at 112
Breakpoint Set at 151
Breakpoint Set at 20
Breakpoint Set at 11
Breakpoint Set at 142
Breakpoint Set at 97
Breakpoint Set at 80
Breakpoint Set at 110
Breakpoint Set at 75
Breakpoint Set at 54
Breakpoint Set at 136
Breakpoint Set at 116
Breakpoint Set at 143
Breakpoint Set at 121
Breakpoint Set at 111
Breakpoint Set at 138
Breakpoint Set at 53
Breakpoint Set at 165
Breakpoint Set at 122
Breakpoint Set at 23
Breakpoint Set at 104
Breakpoint Set at 80
Breakpoint Set at 5
Breakpoint Set at 5
Breakpoint Set at 100
Breakpoint Set at 64
Breakpoint Set at 69
Breakpoint Set at 67
Breakpoint Set at 131
Breakpoint Set at 22
Breakpoint Set at 5
Breakpoint Set at 39
Breakpoint Set at 56
Breakpoint Set at 151
Breakpoint Set at 42
Breakpoint Set at 24
Breakpoint Set at 114
Breakpoint Set at 55
Breakpoint Set at 39
Breakpoint Set at 123
Breakpoint Set at 92
Breakpoint Set at 31
Breakpoint Set at 33
Breakpoint Set at 13
Paused at 5
	Hit Breakpoint(s) 
	Call Stack:  
	Bindings: 
Paused at 7
	Hit Breakpoint(s) 
	Call Stack:  
	Bindings: 
Paused at 95
	Hit Breakpoint(s) 
	Call Stack:  
	Bindings: 
Paused at 128
	Call Stack:  
	Bindings: 
Paused at 154
	Call Stack:  
	Bindings: 
Paused at 154
	Hit Breakpoint(s) 
	Call Stack:  
	Bindings: 
Paused at 157
	Hit Breakpoint(s) 
	Call Stack:  
	Bindings: 
Paused at 158
	Hit Breakpoint(s) 
	Call Stack:  
	Bindings: bodies: undefined
		i: undefined
		max: undefined
Paused at 159
	Call Stack:  
	Bindings: bodies: undefined
		i: undefined
		max: undefined
Paused at 75
	Hit Breakpoint(s) 
	Call Stack: Sun 
	Bindings: 
Paused at 10
	Hit Breakpoint(s) 
	Call Stack: Body, Sun 
	Bindings: mass: number = 39.47841760435743
		vx: number = 0
		vy: number = 0
		vz: number = 0
		x: number = 0
		y: number = 0
		z: number = 0
Paused at 11
	Call Stack: Body, Sun 
	Bindings: mass: number = 39.47841760435743
		vx: number = 0
		vy: number = 0
		vz: number = 0
		x: number = 0
		y: number = 0
		z: number = 0
Paused at 11
	Hit Breakpoint(s) 
	Call Stack: Body, Sun 
	Bindings: mass: number = 39.47841760435743
		vx: number = 0
		vy: number = 0
		vz: number = 0
		x: number = 0
		y: number = 0
		z: number = 0
Paused at 12
	Call Stack: Body, Sun 
	Bindings: mass: number = 39.47841760435743
		vx: number = 0
		vy: number = 0
		vz: number = 0
		x: number = 0
		y: number = 0
		z: number = 0
Paused at 13
	Hit Breakpoint(s) 
	Call Stack: Body, Sun 
	Bindings: mass: number = 39.47841760435743
		vx: number = 0
		vy: number = 0
		vz: number = 0
		x: number = 0
		y: number = 0
		z: number = 0
Paused at 17
	Hit Breakpoint(s) 
	Call Stack: Body, Sun 
	Bindings: mass: number = 39.47841760435743
		vx: number = 0
		vy: number = 0
		vz: number = 0
		x: number = 0
		y: number = 0
		z: number = 0
Paused at 17
	Call Stack: Body, Sun 
	Bindings: mass: number = 39.47841760435743
		vx: number = 0
		vy: number = 0
		vz: number = 0
		x: number = 0
		y: number = 0
		z: number = 0
Paused at 76
	Call Stack: Sun 
	Bindings: 
Paused at 27
	Hit Breakpoint(s) 
	Call Stack: Jupiter 
	Bindings: 
Paused at 31
	Hit Breakpoint(s) 
	Call Stack: Jupiter 
	Bindings: 
Paused at 33
	Hit Breakpoint(s) 
	Call Stack: Jupiter 
	Bindings: 
Paused at 34
	Call Stack: Jupiter 
	Bindings: 
Paused at 34
	Hit Breakpoint(s) 
	Call Stack: Jupiter 
	Bindings: 
Paused at 27
	Hit Breakpoint(s) 
	Call Stack: Jupiter 
	Bindings: 
Paused at 10
	Call Stack: Body, Jupiter 
	Bindings: mass: number = 0.03769367487038949
		vx: number = 0.606326392995832
		vy: number = 2.81198684491626
		vz: number = -0.02521836165988763
		x: number = 4.841431442464721
		y: number = -1.1603200440274284
		z: number = -0.10362204447112311
Paused at 10
	Hit Breakpoint(s) 
	Call Stack: Body, Jupiter 
	Bindings: mass: number = 0.03769367487038949
		vx: number = 0.606326392995832
		vy: number = 2.81198684491626
		vz: number = -0.02521836165988763
		x: number = 4.841431442464721
		y: number = -1.1603200440274284
		z: number = -0.10362204447112311
Paused at 11
	Call Stack: Body, Jupiter 
	Bindings: mass: number = 0.03769367487038949
		vx: number = 0.606326392995832
		vy: number = 2.81198684491626
		vz: number = -0.02521836165988763
		x: number = 4.841431442464721
		y: number = -1.1603200440274284
		z: number = -0.10362204447112311
Paused at 12
	Call Stack: Body, Jupiter 
	Bindings: mass: number = 0.03769367487038949
		vx: number = 0.606326392995832
		vy: number = 2.81198684491626
		vz: number = -0.02521836165988763
		x: number = 4.841431442464721
		y: number = -1.1603200440274284
		z: number = -0.10362204447112311
Paused at 13
	Hit Breakpoint(s) 
	Call Stack: Body, Jupiter 
	Bindings: mass: number = 0.03769367487038949
		vx: number = 0.606326392995832
		vy: number = 2.81198684491626
		vz: number = -0.02521836165988763
		x: number = 4.841431442464721
		y: number = -1.1603200440274284
		z: number = -0.10362204447112311
Paused at 17
	Hit Breakpoint(s) 
	Call Stack: Body, Jupiter 
	Bindings: mass: number = 0.03769367487038949
		vx: number = 0.606326392995832
		vy: number = 2.81198684491626
		vz: number = -0.02521836165988763
		x: number = 4.841431442464721
		y: number = -1.1603200440274284
		z: number = -0.10362204447112311
Paused at 17
	Call Stack: Body, Jupiter 
	Bindings: mass: number = 0.03769367487038949
		vx: number = 0.606326392995832
		vy: number = 2.81198684491626
		vz: number = -0.02521836165988763
		x: number = 4.841431442464721
		y: number = -1.1603200440274284
		z: number = -0.10362204447112311
Paused at 39
	Hit Breakpoint(s) 
	Call Stack: Saturn 
	Bindings: 
Paused at 42
	Hit Breakpoint(s) 
	Call Stack: Saturn 
	Bindings: 
Paused at 43
	Call Stack: Saturn 
	Bindings: 
Paused at 44
	Call Stack: Saturn 
	Bindings: 
Paused at 45
	Call Stack: Saturn 
	Bindings: 
Paused at 46
	Call Stack: Saturn 
	Bindings: 
Paused at 39
	Hit Breakpoint(s) 
	Call Stack: Saturn 
	Bindings: 
Paused at 10
	Hit Breakpoint(s) 
	Call Stack: Body, Saturn 
	Bindings: mass: number = 0.011286326131968767
		vx: number = -1.0107743461787924
		vy: number = 1.8256623712304119
		vz: number = 0.008415761376584154
		x: number = 8.34336671824458
		y: number = 4.124798564124305
		z: number = -0.4035234171143214
Paused at 11
	Hit Breakpoint(s) 
	Call Stack: Body, Saturn 
	Bindings: mass: number = 0.011286326131968767
		vx: number = -1.0107743461787924
		vy: number = 1.8256623712304119
		vz: number = 0.008415761376584154
		x: number = 8.34336671824458
		y: number = 4.124798564124305
		z: number = -0.4035234171143214
Paused at 13
	Hit Breakpoint(s) 
	Call Stack: Body, Saturn 
	Bindings: mass: number = 0.011286326131968767
		vx: number = -1.0107743461787924
		vy: number = 1.8256623712304119
		vz: number = 0.008415761376584154
		x: number = 8.34336671824458
		y: number = 4.124798564124305
		z: number = -0.4035234171143214
Paused at 14
	Call Stack: Body, Saturn 
	Bindings: mass: number = 0.011286326131968767
		vx: number = -1.0107743461787924
		vy: number = 1.8256623712304119
		vz: number = 0.008415761376584154
		x: number = 8.34336671824458
		y: number = 4.124798564124305
		z: number = -0.4035234171143214
Paused at 17
	Hit Breakpoint(s) 
	Call Stack: Body, Saturn 
	Bindings: mass: number = 0.011286326131968767
		vx: number = -1.0107743461787924
		vy: number = 1.8256623712304119
		vz: number = 0.008415761376584154
		x: number = 8.34336671824458
		y: number = 4.124798564124305
		z: number = -0.4035234171143214
Paused at 48
	Hit Breakpoint(s) 
	Call Stack: Saturn 
	Bindings: 
Paused at 51
	Hit Breakpoint(s) 
	Call Stack: Uranus 
	Bindings: 
Paused at 52
	Call Stack: Uranus 
	Bindings: 
Paused at 53
	Hit Breakpoint(s) 
	Call Stack: Uranus 
	Bindings: 
Paused at 54
	Hit Breakpoint(s) 
	Call Stack: Uranus 
	Bindings: 
Paused at 55
	Call Stack: Uranus 
	Bindings: 
Paused at 56
	Call Stack: Uranus 
	Bindings: 
Paused at 57
	Call Stack: Uranus 
	Bindings: 
Paused at 58
	Call Stack: Uranus 
	Bindings: 
Paused at 51
	Hit Breakpoint(s) 
	Call Stack: Uranus 
	Bindings: 
Paused at 10
	Call Stack: Body, Uranus 
	Bindings: mass: number = 0.0017237240570597112
		vx: number = 1.0827910064415354
		vy: number = 0.8687130181696082
		vz: number = -0.010832637401363636
		x: number = 12.894369562139131
		y: number = -15.111151401698631
		z: number = -0.22330757889265573
Paused at 10
	Hit Breakpoint(s) 
	Call Stack: Body, Uranus 
	Bindings: mass: number = 0.0017237240570597112
		vx: number = 1.0827910064415354
		vy: number = 0.8687130181696082
		vz: number = -0.010832637401363636
		x: number = 12.894369562139131
		y: number = -15.111151401698631
		z: number = -0.22330757889265573
Paused at 11
	Hit Breakpoint(s) 
	Call Stack: Body, Uranus 
	Bindings: mass: number = 0.0017237240570597112
		vx: number = 1.0827910064415354
		vy: number = 0.8687130181696082
		vz: number = -0.010832637401363636
		x: number = 12.894369562139131
		y: number = -15.111151401698631
		z: number = -0.22330757889265573
Paused at 13
	Hit Breakpoint(s) 
	Call Stack: Body, Uranus 
	Bindings: mass: number = 0.0017237240570597112
		vx: number = 1.0827910064415354
		vy: number = 0.8687130181696082
		vz: number = -0.010832637401363636
		x: number = 12.894369562139131
		y: number = -15.111151401698631
		z: number = -0.22330757889265573
Paused at 14
	Call Stack: Body, Uranus 
	Bindings: mass: number = 0.0017237240570597112
		vx: number = 1.0827910064415354
		vy: number = 0.8687130181696082
		vz: number = -0.010832637401363636
		x: number = 12.894369562139131
		y: number = -15.111151401698631
		z: number = -0.22330757889265573
Paused at 15
	Call Stack: Body, Uranus 
	Bindings: mass: number = 0.0017237240570597112
		vx: number = 1.0827910064415354
		vy: number = 0.8687130181696082
		vz: number = -0.010832637401363636
		x: number = 12.894369562139131
		y: number = -15.111151401698631
		z: number = -0.22330757889265573
Paused at 16
	Call Stack: Body, Uranus 
	Bindings: mass: number = 0.0017237240570597112
		vx: number = 1.0827910064415354
		vy: number = 0.8687130181696082
		vz: number = -0.010832637401363636
		x: number = 12.894369562139131
		y: number = -15.111151401698631
		z: number = -0.22330757889265573
Paused at 17
	Call Stack: Body, Uranus 
	Bindings: mass: number = 0.0017237240570597112
		vx: number = 1.0827910064415354
		vy: number = 0.8687130181696082
		vz: number = -0.010832637401363636
		x: number = 12.894369562139131
		y: number = -15.111151401698631
		z: number = -0.22330757889265573
Paused at 17
	Call Stack: Body, Uranus 
	Bindings: mass: number = 0.0017237240570597112
		vx: number = 1.0827910064415354
		vy: number = 0.8687130181696082
		vz: number = -0.010832637401363636
		x: number = 12.894369562139131
		y: number = -15.111151401698631
		z: number = -0.22330757889265573
Paused at 60
	Call Stack: Uranus 
	Bindings: 
Paused at 60
	Call Stack: Uranus 
	Bindings: 
Paused at 63
	Hit Breakpoint(s) 
	Call Stack: Neptune 
	Bindings: 
Paused at 64
	Call Stack: Neptune 
	Bindings: 
Paused at 64
	Hit Breakpoint(s) 
	Call Stack: Neptune 
	Bindings: 
Paused at 65
	Hit Breakpoint(s) 
	Call Stack: Neptune 
	Bindings: 
Paused at 66
	Call Stack: Neptune 
	Bindings: 
Paused at 67
	Hit Breakpoint(s) 
	Call Stack: Neptune 
	Bindings: 
Paused at 69
	Hit Breakpoint(s) 
	Call Stack: Neptune 
	Bindings: 
Paused at 70
	Call Stack: Neptune 
	Bindings: 
Paused at 63
	Hit Breakpoint(s) 
	Call Stack: Neptune 
	Bindings: 
Paused at 10
	Hit Breakpoint(s) 
	Call Stack: Body, Neptune 
	Bindings: mass: number = 0.0020336868699246304
		vx: number = 0.979090732243898
		vy: number = 0.5946989986476762
		vz: number = -0.034755955504078104
		x: number = 15.379697114850917
		y: number = -25.919314609987964
		z: number = 0.17925877295037118
Paused at 11
	Call Stack: Body, Neptune 
	Bindings: mass: number = 0.0020336868699246304
		vx: number = 0.979090732243898
		vy: number = 0.5946989986476762
		vz: number = -0.034755955504078104
		x: number = 15.379697114850917
		y: number = -25.919314609987964
		z: number = 0.17925877295037118
Paused at 11
	Hit Breakpoint(s) 
	Call Stack: Body, Neptune 
	Bindings: mass: number = 0.0020336868699246304
		vx: number = 0.979090732243898
		vy: number = 0.5946989986476762
		vz: number = -0.034755955504078104
		x: number = 15.379697114850917
		y: number = -25.919314609987964
		z: number = 0.17925877295037118
Paused at 13
	Hit Breakpoint(s) 
	Call Stack: Body, Neptune 
	Bindings: mass: number = 0.0020336868699246304
		vx: number = 0.979090732243898
		vy: number = 0.5946989986476762
		vz: number = -0.034755955504078104
		x: number = 15.379697114850917
		y: number = -25.919314609987964
		z: number = 0.17925877295037118
Paused at 17
	Hit Breakpoint(s) 
	Call Stack: Body, Neptune 
	Bindings: mass: number = 0.0020336868699246304
		vx: number = 0.979090732243898
		vy: number = 0.5946989986476762
		vz: number = -0.034755955504078104
		x: number = 15.379697114850917
		y: number = -25.919314609987964
		z: number = 0.17925877295037118
Paused at 17
	Call Stack: Body, Neptune 
	Bindings: mass: number = 0.0020336868699246304
		vx: number = 0.979090732243898
		vy: number = 0.5946989986476762
		vz: number = -0.034755955504078104
		x: number = 15.379697114850917
		y: number = -25.919314609987964
		z: number = 0.17925877295037118
Paused at 72
	Call Stack: Neptune 
	Bindings: 
Paused at 72
	Call Stack: Neptune 
	Bindings: 
Paused at 158
	Call Stack:  
	Bindings: bodies: undefined
		i: undefined
		max: undefined
Paused at 80
	Hit Breakpoint(s) 
	Call Stack: NBodySystem 
	Bindings: b: undefined
		bodies: array
		i: undefined
		m: undefined
		px: undefined
		py: undefined
		pz: undefined
		size: undefined
Paused at 83
	Hit Breakpoint(s) 
	Call Stack: NBodySystem 
	Bindings: b: undefined
		bodies: array
		i: undefined
		m: undefined
		px: number = 0
		py: number = 0
		pz: undefined
		size: undefined
Paused at 84
	Call Stack: NBodySystem 
	Bindings: b: undefined
		bodies: array
		i: undefined
		m: undefined
		px: number = 0
		py: number = 0
		pz: number = 0
		size: undefined
Paused at 84
	Hit Breakpoint(s) 
	Call Stack: NBodySystem 
	Bindings: b: undefined
		bodies: array
		i: undefined
		m: undefined
		px: number = 0
		py: number = 0
		pz: number = 0
		size: undefined
Paused at 85
	Hit Breakpoint(s) 
	Call Stack: NBodySystem 
	Bindings: b: undefined
		bodies: array
		i: undefined
		m: undefined
		px: number = 0
		py: number = 0
		pz: number = 0
		size: number = 5
Paused at 86
	Call Stack: NBodySystem 
	Bindings: b: undefined
		bodies: array
		i: number = 0
		m: undefined
		px: number = 0
		py: number = 0
		pz: number = 0
		size: number = 5
Paused at 87
	Call Stack: NBodySystem 
	Bindings: b: object
		bodies: array
		i: number = 0
		m: undefined
		px: number = 0
		py: number = 0
		pz: number = 0
		size: number = 5
Paused at 85
	Hit Breakpoint(s) 
	Call Stack: NBodySystem 
	Bindings: b: object
		bodies: array
		i: number = 0
		m: number = 39.47841760435743
		px: number = 0
		py: number = 0
		pz: number = 0
		size: number = 5
Paused at 86
	Hit Breakpoint(s) 
	Call Stack: NBodySystem 
	Bindings: b: object
		bodies: array
		i: number = 1
		m: number = 39.47841760435743
		px: number = 0
		py: number = 0
		pz: number = 0
		size: number = 5
Paused at 87
	Call Stack: NBodySystem 
	Bindings: b: object
		bodies: array
		i: number = 1
		m: number = 39.47841760435743
		px: number = 0
		py: number = 0
		pz: number = 0
		size: number = 5
Paused at 88
	Call Stack: NBodySystem 
	Bindings: b: object
		bodies: array
		i: number = 1
		m: number = 0.03769367487038949
		px: number = 0
		py: number = 0
		pz: number = 0
		size: number = 5
Paused at 89
	Call Stack: NBodySystem 
	Bindings: b: object
		bodies: array
		i: number = 1
		m: number = 0.03769367487038949
		px: number = 0.022854669922920897
		py: number = 0
		pz: number = 0
		size: number = 5
Paused at 85
	Hit Breakpoint(s) 
	Call Stack: NBodySystem 
	Bindings: b: object
		bodies: array
		i: number = 1
		m: number = 0.03769367487038949
		px: number = 0.022854669922920897
		py: number = 0.10599411787208587
		pz: number = -0.0009505727251717001
		size: number = 5
Paused at 86
	Call Stack: NBodySystem 
	Bindings: b: object
		bodies: array
		i: number = 2
		m: number = 0.03769367487038949
		px: number = 0.022854669922920897
		py: number = 0.10599411787208587
		pz: number = -0.0009505727251717001
		size: number = 5
Paused at 86
	Hit Breakpoint(s) 
	Call Stack: NBodySystem 
	Bindings: b: object
		bodies: array
		i: number = 2
		m: number = 0.03769367487038949
		px: number = 0.022854669922920897
		py: number = 0.10599411787208587
		pz: number = -0.0009505727251717001
		size: number = 5
Paused at 87
	Call Stack: NBodySystem 
	Bindings: b: object
		bodies: array
		i: number = 2
		m: number = 0.03769367487038949
		px: number = 0.022854669922920897
		py: number = 0.10599411787208587
		pz: number = -0.0009505727251717001
		size: number = 5
Paused at 88
	Call Stack: NBodySystem 
	Bindings: b: object
		bodies: array
		i: number = 2
		m: number = 0.011286326131968767
		px: number = 0.022854669922920897
		py: number = 0.10599411787208587
		pz: number = -0.0009505727251717001
		size: number = 5
Paused at 89
	Call Stack: NBodySystem 
	Bindings: b: object
		bodies: array
		i: number = 2
		m: number = 0.011286326131968767
		px: number = 0.011446741006119547
		py: number = 0.10599411787208587
		pz: number = -0.0009505727251717001
		size: number = 5
Paused at 85
	Hit Breakpoint(s) 
	Call Stack: NBodySystem 
	Bindings: b: object
		bodies: array
		i: number = 2
		m: number = 0.011286326131968767
		px: number = 0.011446741006119547
		py: number = 0.12659913880065574
		pz: number = -0.0008555896976267449
		size: number = 5
