Breakpoint Set at 40
Breakpoint Set at 40
Breakpoint Set at 40
Breakpoint Set at 27
Breakpoint Set at 44
Breakpoint Set at 18
Breakpoint Set at 34
Breakpoint Set at 33
Breakpoint Set at 42
Breakpoint Set at 18
Breakpoint Set at 37
Breakpoint Set at 10
Breakpoint Set at 27
Breakpoint Set at 40
Breakpoint Set at 46
Breakpoint Set at 40
Breakpoint Set at 43
Breakpoint Set at 19
Breakpoint Set at 23
Breakpoint Set at 12
Breakpoint Set at 27
Breakpoint Set at 8
Breakpoint Set at 22
Paused at 40
	Hit Breakpoint(s) 
	Call Stack:  
	Bindings: 
Paused at 33
	Hit Breakpoint(s) 
	Call Stack: sieve 
	Bindings: flags: undefined
		i: number = 1
		m: undefined
		sum: number = 0
Paused at 34
	Hit Breakpoint(s) 
	Call Stack: sieve 
	Bindings: flags: undefined
		i: number = 1
		m: number = 20000
		sum: number = 0
Paused at 35
	Call Stack: sieve 
	Bindings: flags: array
		i: number = 1
		m: number = 20000
		sum: number = 0
Paused at 18
	Hit Breakpoint(s) 
	Call Stack: nsieve, sieve 
	Bindings: count: undefined
		i: undefined
		isPrime: array
		k: undefined
		m: number = 20000
Paused at 19
	Hit Breakpoint(s) 
	Call Stack: nsieve, sieve 
	Bindings: count: undefined
		i: number = 20001
		isPrime: array
		k: undefined
		m: number = 20000
Paused at 22
	Hit Breakpoint(s) 
	Call Stack: nsieve, sieve 
	Bindings: count: number = 0
		i: number = 2
		isPrime: array
		k: undefined
		m: number = 20000
Paused at 23
	Hit Breakpoint(s) 
	Call Stack: nsieve, sieve 
	Bindings: count: number = 0
		i: number = 2
		isPrime: array
		k: undefined
		m: number = 20000
Paused at 23
	Call Stack: nsieve, sieve 
	Bindings: count: number = 0
		i: number = 2
		isPrime: array
		k: number = 4
		m: number = 20000
Paused at 22
	Hit Breakpoint(s) 
	Call Stack: nsieve, sieve 
	Bindings: count: number = 1
		i: number = 3
		isPrime: array
		k: number = 20002
		m: number = 20000
Paused at 23
	Hit Breakpoint(s) 
	Call Stack: nsieve, sieve 
	Bindings: count: number = 1
		i: number = 3
		isPrime: array
		k: number = 20002
		m: number = 20000
Paused at 23
	Call Stack: nsieve, sieve 
	Bindings: count: number = 1
		i: number = 3
		isPrime: array
		k: number = 6
		m: number = 20000
Paused at 22
	Hit Breakpoint(s) 
	Call Stack: nsieve, sieve 
	Bindings: count: number = 2
		i: number = 4
		isPrime: array
		k: number = 20001
		m: number = 20000
Paused at 21
	Call Stack: nsieve, sieve 
	Bindings: count: number = 2
		i: number = 4
		isPrime: array
		k: number = 20001
		m: number = 20000
Paused at 22
	Hit Breakpoint(s) 
	Call Stack: nsieve, sieve 
	Bindings: count: number = 2
		i: number = 5
		isPrime: array
		k: number = 20001
		m: number = 20000
Paused at 23
	Hit Breakpoint(s) 
	Call Stack: nsieve, sieve 
	Bindings: count: number = 2
		i: number = 5
		isPrime: array
		k: number = 20001
		m: number = 20000
Paused at 22
	Hit Breakpoint(s) 
	Call Stack: nsieve, sieve 
	Bindings: count: number = 3
		i: number = 6
		isPrime: array
		k: number = 20005
		m: number = 20000
Paused at 22
	Hit Breakpoint(s) 
	Call Stack: nsieve, sieve 
	Bindings: count: number = 3
		i: number = 7
		isPrime: array
		k: number = 20005
		m: number = 20000
Paused at 23
	Hit Breakpoint(s) 
	Call Stack: nsieve, sieve 
	Bindings: count: number = 3
		i: number = 7
		isPrime: array
		k: number = 20005
		m: number = 20000
Paused at 22
	Hit Breakpoint(s) 
	Call Stack: nsieve, sieve 
	Bindings: count: number = 4
		i: number = 8
		isPrime: array
		k: number = 20006
		m: number = 20000
Paused at 22
	Hit Breakpoint(s) 
	Call Stack: nsieve, sieve 
	Bindings: count: number = 4
		i: number = 9
		isPrime: array
		k: number = 20006
		m: number = 20000
Paused at 21
	Call Stack: nsieve, sieve 
	Bindings: count: number = 4
		i: number = 9
		isPrime: array
		k: number = 20006
		m: number = 20000
Paused at 22
	Hit Breakpoint(s) 
	Call Stack: nsieve, sieve 
	Bindings: count: number = 4
		i: number = 10
		isPrime: array
		k: number = 20006
		m: number = 20000
Paused at 22
	Hit Breakpoint(s) 
	Call Stack: nsieve, sieve 
	Bindings: count: number = 4
		i: number = 11
		isPrime: array
		k: number = 20006
		m: number = 20000
Paused at 23
	Hit Breakpoint(s) 
	Call Stack: nsieve, sieve 
	Bindings: count: number = 4
		i: number = 11
		isPrime: array
		k: number = 20006
		m: number = 20000
Paused at 22
	Hit Breakpoint(s) 
	Call Stack: nsieve, sieve 
	Bindings: count: number = 5
		i: number = 12
		isPrime: array
		k: number = 20009
		m: number = 20000
Paused at 21
	Call Stack: nsieve, sieve 
	Bindings: count: number = 5
		i: number = 12
		isPrime: array
		k: number = 20009
		m: number = 20000
Paused at 21
	Call Stack: nsieve, sieve 
	Bindings: count: number = 5
		i: number = 13
		isPrime: array
		k: number = 20009
		m: number = 20000
Paused at 22
	Hit Breakpoint(s) 
	Call Stack: nsieve, sieve 
	Bindings: count: number = 5
		i: number = 13
		isPrime: array
		k: number = 20009
		m: number = 20000
Paused at 23
	Hit Breakpoint(s) 
	Call Stack: nsieve, sieve 
	Bindings: count: number = 5
		i: number = 13
		isPrime: array
		k: number = 20009
		m: number = 20000
Paused at 22
	Hit Breakpoint(s) 
	Call Stack: nsieve, sieve 
	Bindings: count: number = 6
		i: number = 14
		isPrime: array
		k: number = 20007
		m: number = 20000
Paused at 22
	Hit Breakpoint(s) 
	Call Stack: nsieve, sieve 
	Bindings: count: number = 6
		i: number = 15
		isPrime: array
		k: number = 20007
		m: number = 20000
Paused at 22
	Hit Breakpoint(s) 
	Call Stack: nsieve, sieve 
	Bindings: count: number = 6
		i: number = 16
		isPrime: array
		k: number = 20007
		m: number = 20000
Paused at 21
	Call Stack: nsieve, sieve 
	Bindings: count: number = 6
		i: number = 16
		isPrime: array
		k: number = 20007
		m: number = 20000
Paused at 21
	Call Stack: nsieve, sieve 
	Bindings: count: number = 6
		i: number = 17
		isPrime: array
		k: number = 20007
		m: number = 20000
Paused at 22
	Hit Breakpoint(s) 
	Call Stack: nsieve, sieve 
	Bindings: count: number = 6
		i: number = 17
		isPrime: array
		k: number = 20007
		m: number = 20000
Paused at 23
	Hit Breakpoint(s) 
	Call Stack: nsieve, sieve 
	Bindings: count: number = 6
		i: number = 17
		isPrime: array
		k: number = 20007
		m: number = 20000
Paused at 22
	Hit Breakpoint(s) 
	Call Stack: nsieve, sieve 
	Bindings: count: number = 7
		i: number = 18
		isPrime: array
		k: number = 20009
		m: number = 20000
Paused at 21
	Call Stack: nsieve, sieve 
	Bindings: count: number = 7
		i: number = 18
		isPrime: array
		k: number = 20009
		m: number = 20000
Paused at 22
	Hit Breakpoint(s) 
	Call Stack: nsieve, sieve 
	Bindings: count: number = 7
		i: number = 19
		isPrime: array
		k: number = 20009
		m: number = 20000
Paused at 23
	Hit Breakpoint(s) 
	Call Stack: nsieve, sieve 
	Bindings: count: number = 7
		i: number = 19
		isPrime: array
		k: number = 20009
		m: number = 20000
Paused at 23
	Call Stack: nsieve, sieve 
	Bindings: count: number = 7
		i: number = 19
		isPrime: array
		k: number = 38
		m: number = 20000
Paused at 22
	Hit Breakpoint(s) 
	Call Stack: nsieve, sieve 
	Bindings: count: number = 8
		i: number = 20
		isPrime: array
		k: number = 20007
		m: number = 20000
Paused at 22
	Hit Breakpoint(s) 
	Call Stack: nsieve, sieve 
	Bindings: count: number = 8
		i: number = 21
		isPrime: array
		k: number = 20007
		m: number = 20000
Paused at 22
	Hit Breakpoint(s) 
	Call Stack: nsieve, sieve 
	Bindings: count: number = 8
		i: number = 22
		isPrime: array
		k: number = 20007
		m: number = 20000
Paused at 21
	Call Stack: nsieve, sieve 
	Bindings: count: number = 8
		i: number = 22
		isPrime: array
		k: number = 20007
		m: number = 20000
Paused at 22
	Hit Breakpoint(s) 
	Call Stack: nsieve, sieve 
	Bindings: count: number = 8
		i: number = 23
		isPrime: array
		k: number = 20007
		m: number = 20000
Paused at 23
	Hit Breakpoint(s) 
	Call Stack: nsieve, sieve 
	Bindings: count: number = 8
		i: number = 23
		isPrime: array
		k: number = 20007
		m: number = 20000
Paused at 23
	Call Stack: nsieve, sieve 
	Bindings: count: number = 8
		i: number = 23
		isPrime: array
		k: number = 46
		m: number = 20000
Paused at 23
	Call Stack: nsieve, sieve 
	Bindings: count: number = 8
		i: number = 23
		isPrime: array
		k: number = 46
		m: number = 20000
Paused at 23
	Call Stack: nsieve, sieve 
	Bindings: count: number = 8
		i: number = 23
		isPrime: array
		k: number = 46
		m: number = 20000
Paused at 23
	Call Stack: nsieve, sieve 
	Bindings: count: number = 8
		i: number = 23
		isPrime: array
		k: number = 69
		m: number = 20000
Paused at 22
	Hit Breakpoint(s) 
	Call Stack: nsieve, sieve 
	Bindings: count: number = 9
		i: number = 24
		isPrime: array
		k: number = 20010
		m: number = 20000
Paused at 21
	Call Stack: nsieve, sieve 
	Bindings: count: number = 9
		i: number = 24
		isPrime: array
		k: number = 20010
		m: number = 20000
Paused at 22
	Hit Breakpoint(s) 
	Call Stack: nsieve, sieve 
	Bindings: count: number = 9
		i: number = 25
		isPrime: array
		k: number = 20010
		m: number = 20000
Paused at 22
	Hit Breakpoint(s) 
	Call Stack: nsieve, sieve 
	Bindings: count: number = 9
		i: number = 26
		isPrime: array
		k: number = 20010
		m: number = 20000
Paused at 22
	Hit Breakpoint(s) 
	Call Stack: nsieve, sieve 
	Bindings: count: number = 9
		i: number = 27
		isPrime: array
		k: number = 20010
		m: number = 20000
Paused at 21
	Call Stack: nsieve, sieve 
	Bindings: count: number = 9
		i: number = 27
		isPrime: array
		k: number = 20010
		m: number = 20000
Paused at 21
	Call Stack: nsieve, sieve 
	Bindings: count: number = 9
		i: number = 28
		isPrime: array
		k: number = 20010
		m: number = 20000
Paused at 22
	Hit Breakpoint(s) 
	Call Stack: nsieve, sieve 
	Bindings: count: number = 9
		i: number = 28
		isPrime: array
		k: number = 20010
		m: number = 20000
Paused at 21
	Call Stack: nsieve, sieve 
	Bindings: count: number = 9
		i: number = 28
		isPrime: array
		k: number = 20010
		m: number = 20000
Paused at 21
	Call Stack: nsieve, sieve 
	Bindings: count: number = 9
		i: number = 29
		isPrime: array
		k: number = 20010
		m: number = 20000
Paused at 22
	Hit Breakpoint(s) 
	Call Stack: nsieve, sieve 
	Bindings: count: number = 9
		i: number = 29
		isPrime: array
		k: number = 20010
		m: number = 20000
Paused at 23
	Hit Breakpoint(s) 
	Call Stack: nsieve, sieve 
	Bindings: count: number = 9
		i: number = 29
		isPrime: array
		k: number = 20010
		m: number = 20000
Paused at 22
	Hit Breakpoint(s) 
	Call Stack: nsieve, sieve 
	Bindings: count: number = 10
		i: number = 30
		isPrime: array
		k: number = 20010
		m: number = 20000
Paused at 21
	Call Stack: nsieve, sieve 
	Bindings: count: number = 10
		i: number = 30
		isPrime: array
		k: number = 20010
		m: number = 20000
Paused at 22
	Hit Breakpoint(s) 
	Call Stack: nsieve, sieve 
	Bindings: count: number = 10
		i: number = 31
		isPrime: array
		k: number = 20010
		m: number = 20000
Paused at 23
	Hit Breakpoint(s) 
	Call Stack: nsieve, sieve 
	Bindings: count: number = 10
		i: number = 31
		isPrime: array
		k: number = 20010
		m: number = 20000
Paused at 23
	Call Stack: nsieve, sieve 
	Bindings: count: number = 10
		i: number = 31
		isPrime: array
		k: number = 62
		m: number = 20000
Paused at 22
	Hit Breakpoint(s) 
	Call Stack: nsieve, sieve 
	Bindings: count: number = 11
		i: number = 32
		isPrime: array
		k: number = 20026
		m: number = 20000
Paused at 22
	Hit Breakpoint(s) 
	Call Stack: nsieve, sieve 
	Bindings: count: number = 11
		i: number = 33
		isPrime: array
		k: number = 20026
		m: number = 20000
Paused at 21
	Call Stack: nsieve, sieve 
	Bindings: count: number = 11
		i: number = 33
		isPrime: array
		k: number = 20026
		m: number = 20000
Paused at 22
	Hit Breakpoint(s) 
	Call Stack: nsieve, sieve 
	Bindings: count: number = 11
		i: number = 34
		isPrime: array
		k: number = 20026
		m: number = 20000
Paused at 22
	Hit Breakpoint(s) 
	Call Stack: nsieve, sieve 
	Bindings: count: number = 11
		i: number = 35
		isPrime: array
		k: number = 20026
		m: number = 20000
Paused at 21
	Call Stack: nsieve, sieve 
	Bindings: count: number = 11
		i: number = 35
		isPrime: array
		k: number = 20026
		m: number = 20000
Paused at 22
	Hit Breakpoint(s) 
	Call Stack: nsieve, sieve 
	Bindings: count: number = 11
		i: number = 36
		isPrime: array
		k: number = 20026
		m: number = 20000
Paused at 22
	Hit Breakpoint(s) 
	Call Stack: nsieve, sieve 
	Bindings: count: number = 11
		i: number = 37
		isPrime: array
		k: number = 20026
		m: number = 20000
Paused at 23
	Hit Breakpoint(s) 
	Call Stack: nsieve, sieve 
	Bindings: count: number = 11
		i: number = 37
		isPrime: array
		k: number = 20026
		m: number = 20000
Paused at 22
	Hit Breakpoint(s) 
	Call Stack: nsieve, sieve 
	Bindings: count: number = 12
		i: number = 38
		isPrime: array
		k: number = 20017
		m: number = 20000
Paused at 21
	Call Stack: nsieve, sieve 
	Bindings: count: number = 12
		i: number = 38
		isPrime: array
		k: number = 20017
		m: number = 20000
Paused at 21
	Call Stack: nsieve, sieve 
	Bindings: count: number = 12
		i: number = 39
		isPrime: array
		k: number = 20017
		m: number = 20000
Paused at 22
	Hit Breakpoint(s) 
	Call Stack: nsieve, sieve 
	Bindings: count: number = 12
		i: number = 39
		isPrime: array
		k: number = 20017
		m: number = 20000
Paused at 21
	Call Stack: nsieve, sieve 
	Bindings: count: number = 12
		i: number = 39
		isPrime: array
		k: number = 20017
		m: number = 20000
Paused at 22
	Hit Breakpoint(s) 
	Call Stack: nsieve, sieve 
	Bindings: count: number = 12
		i: number = 40
		isPrime: array
		k: number = 20017
		m: number = 20000
Paused at 21
	Call Stack: nsieve, sieve 
	Bindings: count: number = 12
		i: number = 40
		isPrime: array
		k: number = 20017
		m: number = 20000
Paused at 22
	Hit Breakpoint(s) 
	Call Stack: nsieve, sieve 
	Bindings: count: number = 12
		i: number = 41
		isPrime: array
		k: number = 20017
		m: number = 20000
Paused at 23
	Hit Breakpoint(s) 
	Call Stack: nsieve, sieve 
	Bindings: count: number = 12
		i: number = 41
		isPrime: array
		k: number = 20017
		m: number = 20000
Paused at 23
	Call Stack: nsieve, sieve 
	Bindings: count: number = 12
		i: number = 41
		isPrime: array
		k: number = 82
		m: number = 20000
Paused at 23
	Call Stack: nsieve, sieve 
	Bindings: count: number = 12
		i: number = 41
		isPrime: array
		k: number = 82
		m: number = 20000
Paused at 22
	Hit Breakpoint(s) 
	Call Stack: nsieve, sieve 
	Bindings: count: number = 13
		i: number = 42
		isPrime: array
		k: number = 20008
		m: number = 20000
Paused at 22
	Hit Breakpoint(s) 
	Call Stack: nsieve, sieve 
	Bindings: count: number = 13
		i: number = 43
		isPrime: array
		k: number = 20008
		m: number = 20000
Paused at 23
	Hit Breakpoint(s) 
	Call Stack: nsieve, sieve 
	Bindings: count: number = 13
		i: number = 43
		isPrime: array
		k: number = 20008
		m: number = 20000
Paused at 23
	Call Stack: nsieve, sieve 
	Bindings: count: number = 13
		i: number = 43
		isPrime: array
		k: number = 86
		m: number = 20000
Paused at 23
	Call Stack: nsieve, sieve 
	Bindings: count: number = 13
		i: number = 43
		isPrime: array
		k: number = 86
		m: number = 20000
Paused at 22
	Hit Breakpoint(s) 
	Call Stack: nsieve, sieve 
	Bindings: count: number = 14
		i: number = 44
		isPrime: array
		k: number = 20038
		m: number = 20000
Paused at 21
	Call Stack: nsieve, sieve 
	Bindings: count: number = 14
		i: number = 44
		isPrime: array
		k: number = 20038
		m: number = 20000
Paused at 22
	Hit Breakpoint(s) 
	Call Stack: nsieve, sieve 
	Bindings: count: number = 14
		i: number = 45
		isPrime: array
		k: number = 20038
		m: number = 20000
Paused at 21
	Call Stack: nsieve, sieve 
	Bindings: count: number = 14
		i: number = 45
		isPrime: array
		k: number = 20038
		m: number = 20000
Paused at 21
	Call Stack: nsieve, sieve 
	Bindings: count: number = 14
		i: number = 46
		isPrime: array
		k: number = 20038
		m: number = 20000
Paused at 22
	Hit Breakpoint(s) 
	Call Stack: nsieve, sieve 
	Bindings: count: number = 14
		i: number = 46
		isPrime: array
		k: number = 20038
		m: number = 20000
Paused at 22
	Hit Breakpoint(s) 
	Call Stack: nsieve, sieve 
	Bindings: count: number = 14
		i: number = 47
		isPrime: array
		k: number = 20038
		m: number = 20000
