Breakpoint Set at 4
Breakpoint Set at 20
Breakpoint Set at 19
Breakpoint Set at 29
Breakpoint Set at 12
Breakpoint Set at 23
Breakpoint Set at 25
Breakpoint Set at 28
Breakpoint Set at 14
Breakpoint Set at 10
Breakpoint Set at 4
Breakpoint Set at 27
Breakpoint Set at 30
Breakpoint Set at 4
Breakpoint Set at 25
Paused at 4
	Hit Breakpoint(s) 
	Call Stack:  
	Bindings: 
Paused at 25
	Hit Breakpoint(s) 
	Call Stack:  
	Bindings: 
Paused at 19
	Hit Breakpoint(s) 
	Call Stack: TimeFunc 
	Bindings: func: function
		sum: undefined
		t: undefined
		x: undefined
		y: undefined
Paused at 20
	Hit Breakpoint(s) 
	Call Stack: TimeFunc 
	Bindings: func: function
		sum: number = 0
		t: undefined
		x: undefined
		y: undefined
Paused at 20
	Call Stack: TimeFunc 
	Bindings: func: function
		sum: number = 0
		t: undefined
		x: number = 0
		y: undefined
Paused at 10
	Hit Breakpoint(s) 
	Call Stack: bitsinbyte, TimeFunc 
	Bindings: b: number = 0
		c: number = 0
		m: number = 1
Paused at 12
	Hit Breakpoint(s) 
	Call Stack: bitsinbyte, TimeFunc 
	Bindings: b: number = 0
		c: number = 0
		m: number = 1
Paused at 10
	Hit Breakpoint(s) 
	Call Stack: bitsinbyte, TimeFunc 
	Bindings: b: number = 0
		c: number = 0
		m: number = 2
Paused at 11
	Call Stack: bitsinbyte, TimeFunc 
	Bindings: b: number = 0
		c: number = 0
		m: number = 2
Paused at 12
	Hit Breakpoint(s) 
	Call Stack: bitsinbyte, TimeFunc 
	Bindings: b: number = 0
		c: number = 0
		m: number = 2
Paused at 10
	Hit Breakpoint(s) 
	Call Stack: bitsinbyte, TimeFunc 
	Bindings: b: number = 0
		c: number = 0
		m: number = 4
Paused at 11
	Call Stack: bitsinbyte, TimeFunc 
	Bindings: b: number = 0
		c: number = 0
		m: number = 4
Paused at 12
	Hit Breakpoint(s) 
	Call Stack: bitsinbyte, TimeFunc 
	Bindings: b: number = 0
		c: number = 0
		m: number = 4
Paused at 10
	Hit Breakpoint(s) 
	Call Stack: bitsinbyte, TimeFunc 
	Bindings: b: number = 0
		c: number = 0
		m: number = 8
Paused at 12
	Hit Breakpoint(s) 
	Call Stack: bitsinbyte, TimeFunc 
	Bindings: b: number = 0
		c: number = 0
		m: number = 8
Paused at 10
	Hit Breakpoint(s) 
	Call Stack: bitsinbyte, TimeFunc 
	Bindings: b: number = 0
		c: number = 0
		m: number = 16
Paused at 12
	Hit Breakpoint(s) 
	Call Stack: bitsinbyte, TimeFunc 
	Bindings: b: number = 0
		c: number = 0
		m: number = 16
Paused at 10
	Hit Breakpoint(s) 
	Call Stack: bitsinbyte, TimeFunc 
	Bindings: b: number = 0
		c: number = 0
		m: number = 32
Paused at 12
	Hit Breakpoint(s) 
	Call Stack: bitsinbyte, TimeFunc 
	Bindings: b: number = 0
		c: number = 0
		m: number = 32
Paused at 10
	Hit Breakpoint(s) 
	Call Stack: bitsinbyte, TimeFunc 
	Bindings: b: number = 0
		c: number = 0
		m: number = 64
Paused at 12
	Hit Breakpoint(s) 
	Call Stack: bitsinbyte, TimeFunc 
	Bindings: b: number = 0
		c: number = 0
		m: number = 64
Paused at 10
	Hit Breakpoint(s) 
	Call Stack: bitsinbyte, TimeFunc 
	Bindings: b: number = 0
		c: number = 0
		m: number = 128
Paused at 12
	Hit Breakpoint(s) 
	Call Stack: bitsinbyte, TimeFunc 
	Bindings: b: number = 0
		c: number = 0
		m: number = 128
Paused at 10
	Hit Breakpoint(s) 
	Call Stack: bitsinbyte, TimeFunc 
	Bindings: b: number = 0
		c: number = 0
		m: number = 256
Paused at 14
	Hit Breakpoint(s) 
	Call Stack: bitsinbyte, TimeFunc 
	Bindings: b: number = 0
		c: number = 0
		m: number = 256
Paused at 10
	Hit Breakpoint(s) 
	Call Stack: bitsinbyte, TimeFunc 
	Bindings: b: number = 1
		c: number = 0
		m: number = 1
Paused at 11
	Call Stack: bitsinbyte, TimeFunc 
	Bindings: b: number = 1
		c: number = 0
		m: number = 1
Paused at 11
	Call Stack: bitsinbyte, TimeFunc 
	Bindings: b: number = 1
		c: number = 0
		m: number = 1
Paused at 12
	Hit Breakpoint(s) 
	Call Stack: bitsinbyte, TimeFunc 
	Bindings: b: number = 1
		c: number = 1
		m: number = 1
Paused at 10
	Hit Breakpoint(s) 
	Call Stack: bitsinbyte, TimeFunc 
	Bindings: b: number = 1
		c: number = 1
		m: number = 2
Paused at 12
	Hit Breakpoint(s) 
	Call Stack: bitsinbyte, TimeFunc 
	Bindings: b: number = 1
		c: number = 1
		m: number = 2
Paused at 10
	Hit Breakpoint(s) 
	Call Stack: bitsinbyte, TimeFunc 
	Bindings: b: number = 1
		c: number = 1
		m: number = 4
Paused at 12
	Hit Breakpoint(s) 
	Call Stack: bitsinbyte, TimeFunc 
	Bindings: b: number = 1
		c: number = 1
		m: number = 4
Paused at 10
	Hit Breakpoint(s) 
	Call Stack: bitsinbyte, TimeFunc 
	Bindings: b: number = 1
		c: number = 1
		m: number = 8
Paused at 11
	Call Stack: bitsinbyte, TimeFunc 
	Bindings: b: number = 1
		c: number = 1
		m: number = 8
Paused at 12
	Hit Breakpoint(s) 
	Call Stack: bitsinbyte, TimeFunc 
	Bindings: b: number = 1
		c: number = 1
		m: number = 8
Paused at 10
	Hit Breakpoint(s) 
	Call Stack: bitsinbyte, TimeFunc 
	Bindings: b: number = 1
		c: number = 1
		m: number = 16
Paused at 12
	Hit Breakpoint(s) 
	Call Stack: bitsinbyte, TimeFunc 
	Bindings: b: number = 1
		c: number = 1
		m: number = 16
Paused at 10
	Hit Breakpoint(s) 
	Call Stack: bitsinbyte, TimeFunc 
	Bindings: b: number = 1
		c: number = 1
		m: number = 32
Paused at 12
	Hit Breakpoint(s) 
	Call Stack: bitsinbyte, TimeFunc 
	Bindings: b: number = 1
		c: number = 1
		m: number = 32
Paused at 10
	Hit Breakpoint(s) 
	Call Stack: bitsinbyte, TimeFunc 
	Bindings: b: number = 1
		c: number = 1
		m: number = 64
Paused at 11
	Call Stack: bitsinbyte, TimeFunc 
	Bindings: b: number = 1
		c: number = 1
		m: number = 64
Paused at 12
	Hit Breakpoint(s) 
	Call Stack: bitsinbyte, TimeFunc 
	Bindings: b: number = 1
		c: number = 1
		m: number = 64
Paused at 10
	Hit Breakpoint(s) 
	Call Stack: bitsinbyte, TimeFunc 
	Bindings: b: number = 1
		c: number = 1
		m: number = 128
Paused at 12
	Hit Breakpoint(s) 
	Call Stack: bitsinbyte, TimeFunc 
	Bindings: b: number = 1
		c: number = 1
		m: number = 128
Paused at 10
	Hit Breakpoint(s) 
	Call Stack: bitsinbyte, TimeFunc 
	Bindings: b: number = 1
		c: number = 1
		m: number = 256
Paused at 14
	Hit Breakpoint(s) 
	Call Stack: bitsinbyte, TimeFunc 
	Bindings: b: number = 1
		c: number = 1
		m: number = 256
Paused at 10
	Hit Breakpoint(s) 
	Call Stack: bitsinbyte, TimeFunc 
	Bindings: b: number = 2
		c: number = 0
		m: number = 1
Paused at 11
	Call Stack: bitsinbyte, TimeFunc 
	Bindings: b: number = 2
		c: number = 0
		m: number = 1
Paused at 12
	Hit Breakpoint(s) 
	Call Stack: bitsinbyte, TimeFunc 
	Bindings: b: number = 2
		c: number = 0
		m: number = 1
Paused at 10
	Hit Breakpoint(s) 
	Call Stack: bitsinbyte, TimeFunc 
	Bindings: b: number = 2
		c: number = 0
		m: number = 2
Paused at 11
	Call Stack: bitsinbyte, TimeFunc 
	Bindings: b: number = 2
		c: number = 0
		m: number = 2
Paused at 12
	Hit Breakpoint(s) 
	Call Stack: bitsinbyte, TimeFunc 
	Bindings: b: number = 2
		c: number = 1
		m: number = 2
Paused at 10
	Hit Breakpoint(s) 
	Call Stack: bitsinbyte, TimeFunc 
	Bindings: b: number = 2
		c: number = 1
		m: number = 4
Paused at 12
	Hit Breakpoint(s) 
	Call Stack: bitsinbyte, TimeFunc 
	Bindings: b: number = 2
		c: number = 1
		m: number = 4
Paused at 10
	Hit Breakpoint(s) 
	Call Stack: bitsinbyte, TimeFunc 
	Bindings: b: number = 2
		c: number = 1
		m: number = 8
Paused at 12
	Hit Breakpoint(s) 
	Call Stack: bitsinbyte, TimeFunc 
	Bindings: b: number = 2
		c: number = 1
		m: number = 8
Paused at 10
	Hit Breakpoint(s) 
	Call Stack: bitsinbyte, TimeFunc 
	Bindings: b: number = 2
		c: number = 1
		m: number = 16
Paused at 11
	Call Stack: bitsinbyte, TimeFunc 
	Bindings: b: number = 2
		c: number = 1
		m: number = 16
Paused at 12
	Hit Breakpoint(s) 
	Call Stack: bitsinbyte, TimeFunc 
	Bindings: b: number = 2
		c: number = 1
		m: number = 16
Paused at 10
	Hit Breakpoint(s) 
	Call Stack: bitsinbyte, TimeFunc 
	Bindings: b: number = 2
		c: number = 1
		m: number = 32
Paused at 11
	Call Stack: bitsinbyte, TimeFunc 
	Bindings: b: number = 2
		c: number = 1
		m: number = 32
Paused at 12
	Hit Breakpoint(s) 
	Call Stack: bitsinbyte, TimeFunc 
	Bindings: b: number = 2
		c: number = 1
		m: number = 32
Paused at 10
	Hit Breakpoint(s) 
	Call Stack: bitsinbyte, TimeFunc 
	Bindings: b: number = 2
		c: number = 1
		m: number = 64
Paused at 12
	Hit Breakpoint(s) 
	Call Stack: bitsinbyte, TimeFunc 
	Bindings: b: number = 2
		c: number = 1
		m: number = 64
Paused at 10
	Hit Breakpoint(s) 
	Call Stack: bitsinbyte, TimeFunc 
	Bindings: b: number = 2
		c: number = 1
		m: number = 128
Paused at 12
	Hit Breakpoint(s) 
	Call Stack: bitsinbyte, TimeFunc 
	Bindings: b: number = 2
		c: number = 1
		m: number = 128
Paused at 10
	Hit Breakpoint(s) 
	Call Stack: bitsinbyte, TimeFunc 
	Bindings: b: number = 2
		c: number = 1
		m: number = 256
Paused at 14
	Hit Breakpoint(s) 
	Call Stack: bitsinbyte, TimeFunc 
	Bindings: b: number = 2
		c: number = 1
		m: number = 256
Paused at 10
	Hit Breakpoint(s) 
	Call Stack: bitsinbyte, TimeFunc 
	Bindings: b: number = 3
		c: number = 0
		m: number = 1
Paused at 12
	Hit Breakpoint(s) 
	Call Stack: bitsinbyte, TimeFunc 
	Bindings: b: number = 3
		c: number = 1
		m: number = 1
Paused at 10
	Hit Breakpoint(s) 
	Call Stack: bitsinbyte, TimeFunc 
	Bindings: b: number = 3
		c: number = 1
		m: number = 2
Paused at 12
	Hit Breakpoint(s) 
	Call Stack: bitsinbyte, TimeFunc 
	Bindings: b: number = 3
		c: number = 2
		m: number = 2
Paused at 10
	Hit Breakpoint(s) 
	Call Stack: bitsinbyte, TimeFunc 
	Bindings: b: number = 3
		c: number = 2
		m: number = 4
Paused at 11
	Call Stack: bitsinbyte, TimeFunc 
	Bindings: b: number = 3
		c: number = 2
		m: number = 4
Paused at 12
	Hit Breakpoint(s) 
	Call Stack: bitsinbyte, TimeFunc 
	Bindings: b: number = 3
		c: number = 2
		m: number = 4
Paused at 10
	Hit Breakpoint(s) 
	Call Stack: bitsinbyte, TimeFunc 
	Bindings: b: number = 3
		c: number = 2
		m: number = 8
Paused at 12
	Hit Breakpoint(s) 
	Call Stack: bitsinbyte, TimeFunc 
	Bindings: b: number = 3
		c: number = 2
		m: number = 8
Paused at 10
	Hit Breakpoint(s) 
	Call Stack: bitsinbyte, TimeFunc 
	Bindings: b: number = 3
		c: number = 2
		m: number = 16
Paused at 11
	Call Stack: bitsinbyte, TimeFunc 
	Bindings: b: number = 3
		c: number = 2
		m: number = 16
Paused at 12
	Hit Breakpoint(s) 
	Call Stack: bitsinbyte, TimeFunc 
	Bindings: b: number = 3
		c: number = 2
		m: number = 16
Paused at 10
	Hit Breakpoint(s) 
	Call Stack: bitsinbyte, TimeFunc 
	Bindings: b: number = 3
		c: number = 2
		m: number = 32
Paused at 11
	Call Stack: bitsinbyte, TimeFunc 
	Bindings: b: number = 3
		c: number = 2
		m: number = 32
Paused at 12
	Hit Breakpoint(s) 
	Call Stack: bitsinbyte, TimeFunc 
	Bindings: b: number = 3
		c: number = 2
		m: number = 32
Paused at 10
	Hit Breakpoint(s) 
	Call Stack: bitsinbyte, TimeFunc 
	Bindings: b: number = 3
		c: number = 2
		m: number = 64
Paused at 12
	Hit Breakpoint(s) 
	Call Stack: bitsinbyte, TimeFunc 
	Bindings: b: number = 3
		c: number = 2
		m: number = 64
Paused at 10
	Hit Breakpoint(s) 
	Call Stack: bitsinbyte, TimeFunc 
	Bindings: b: number = 3
		c: number = 2
		m: number = 128
Paused at 11
	Call Stack: bitsinbyte, TimeFunc 
	Bindings: b: number = 3
		c: number = 2
		m: number = 128
Paused at 12
	Hit Breakpoint(s) 
	Call Stack: bitsinbyte, TimeFunc 
	Bindings: b: number = 3
		c: number = 2
		m: number = 128
Paused at 10
	Hit Breakpoint(s) 
	Call Stack: bitsinbyte, TimeFunc 
	Bindings: b: number = 3
		c: number = 2
		m: number = 256
Paused at 14
	Hit Breakpoint(s) 
	Call Stack: bitsinbyte, TimeFunc 
	Bindings: b: number = 3
		c: number = 2
		m: number = 256
Paused at 15
	Call Stack: bitsinbyte, TimeFunc 
	Bindings: b: number = 3
		c: number = 2
		m: number = 256
Paused at 21
	Call Stack: TimeFunc 
	Bindings: func: function
		sum: number = 4
		t: undefined
		x: number = 0
		y: number = 3
Paused at 21
	Call Stack: TimeFunc 
	Bindings: func: function
		sum: number = 4
		t: undefined
		x: number = 0
		y: number = 4
Paused at 10
	Hit Breakpoint(s) 
	Call Stack: bitsinbyte, TimeFunc 
	Bindings: b: number = 4
		c: number = 0
		m: number = 1
Paused at 11
	Call Stack: bitsinbyte, TimeFunc 
	Bindings: b: number = 4
		c: number = 0
		m: number = 1
Paused at 12
	Hit Breakpoint(s) 
	Call Stack: bitsinbyte, TimeFunc 
	Bindings: b: number = 4
		c: number = 0
		m: number = 1
Paused at 10
	Hit Breakpoint(s) 
	Call Stack: bitsinbyte, TimeFunc 
	Bindings: b: number = 4
		c: number = 0
		m: number = 2
Paused at 11
	Call Stack: bitsinbyte, TimeFunc 
	Bindings: b: number = 4
		c: number = 0
		m: number = 2
Paused at 12
	Hit Breakpoint(s) 
	Call Stack: bitsinbyte, TimeFunc 
	Bindings: b: number = 4
		c: number = 0
		m: number = 2
Paused at 10
	Hit Breakpoint(s) 
	Call Stack: bitsinbyte, TimeFunc 
	Bindings: b: number = 4
		c: number = 0
		m: number = 4
