Breakpoint Set at 21
Breakpoint Set at 21
Breakpoint Set at 19
Breakpoint Set at 31
Breakpoint Set at 12
Breakpoint Set at 25
Breakpoint Set at 24
Breakpoint Set at 30
Breakpoint Set at 13
Breakpoint Set at 29
Breakpoint Set at 14
Breakpoint Set at 21
Breakpoint Set at 32
Breakpoint Set at 21
Breakpoint Set at 6
Breakpoint Set at 17
Paused at 21
	Hit Breakpoint(s) 
	Call Stack:  
	Bindings: 
Paused at 24
	Hit Breakpoint(s) 
	Call Stack:  
	Bindings: 
Paused at 6
	Hit Breakpoint(s) 
	Call Stack: ack 
	Bindings: m: number = 3
		n: number = 3
Paused at 7
	Call Stack: ack 
	Bindings: m: number = 3
		n: number = 3
Paused at 8
	Call Stack: ack 
	Bindings: m: number = 3
		n: number = 3
Paused at 6
	Hit Breakpoint(s) 
	Call Stack: ack, ack 
	Bindings: m: number = 3
		n: number = 2
Paused at 6
	Hit Breakpoint(s) 
	Call Stack: ack, ack, ack 
	Bindings: m: number = 3
		n: number = 1
Paused at 7
	Call Stack: ack, ack, ack 
	Bindings: m: number = 3
		n: number = 1
Paused at 8
	Call Stack: ack, ack, ack 
	Bindings: m: number = 3
		n: number = 1
Paused at 6
	Hit Breakpoint(s) 
	Call Stack: ack, ack, ack, ack 
	Bindings: m: number = 3
		n: number = 0
Paused at 6
	Hit Breakpoint(s) 
	Call Stack: ack, ack, ack, ack, ack 
	Bindings: m: number = 2
		n: number = 1
Paused at 7
	Call Stack: ack, ack, ack, ack, ack 
	Bindings: m: number = 2
		n: number = 1
Paused at 6
	Hit Breakpoint(s) 
	Call Stack: ack, ack, ack, ack, ack, ack 
	Bindings: m: number = 2
		n: number = 0
Paused at 7
	Call Stack: ack, ack, ack, ack, ack, ack 
	Bindings: m: number = 2
		n: number = 0
Paused at 6
	Hit Breakpoint(s) 
	Call Stack: ack, ack, ack, ack, ack, ack, ack 
	Bindings: m: number = 1
		n: number = 1
Paused at 6
	Hit Breakpoint(s) 
	Call Stack: ack, ack, ack, ack, ack, ack, ack, ack 
	Bindings: m: number = 1
		n: number = 0
Paused at 6
	Hit Breakpoint(s) 
	Call Stack: ack, ack, ack, ack, ack, ack, ack, ack, ack 
	Bindings: m: number = 0
		n: number = 1
Paused at 9
	Call Stack: ack, ack, ack, ack, ack, ack, ack, ack 
	Bindings: m: number = 1
		n: number = 0
Paused at 8
	Call Stack: ack, ack, ack, ack, ack, ack, ack 
	Bindings: m: number = 1
		n: number = 1
Paused at 6
	Hit Breakpoint(s) 
	Call Stack: ack, ack, ack, ack, ack, ack, ack, ack 
	Bindings: m: number = 0
		n: number = 2
Paused at 6
	Hit Breakpoint(s) 
	Call Stack: ack, ack, ack, ack, ack, ack 
	Bindings: m: number = 1
		n: number = 3
Paused at 7
	Call Stack: ack, ack, ack, ack, ack, ack 
	Bindings: m: number = 1
		n: number = 3
Paused at 6
	Hit Breakpoint(s) 
	Call Stack: ack, ack, ack, ack, ack, ack, ack 
	Bindings: m: number = 1
		n: number = 2
Paused at 6
	Hit Breakpoint(s) 
	Call Stack: ack, ack, ack, ack, ack, ack, ack, ack 
	Bindings: m: number = 1
		n: number = 1
Paused at 7
	Call Stack: ack, ack, ack, ack, ack, ack, ack, ack 
	Bindings: m: number = 1
		n: number = 1
Paused at 6
	Hit Breakpoint(s) 
	Call Stack: ack, ack, ack, ack, ack, ack, ack, ack, ack 
	Bindings: m: number = 1
		n: number = 0
Paused at 7
	Call Stack: ack, ack, ack, ack, ack, ack, ack, ack, ack 
	Bindings: m: number = 1
		n: number = 0
Paused at 7
	Call Stack: ack, ack, ack, ack, ack, ack, ack, ack, ack 
	Bindings: m: number = 1
		n: number = 0
Paused at 6
	Hit Breakpoint(s) 
	Call Stack: ack, ack, ack, ack, ack, ack, ack, ack, ack, ack 
	Bindings: m: number = 0
		n: number = 1
Paused at 9
	Call Stack: ack, ack, ack, ack, ack, ack, ack, ack, ack 
	Bindings: m: number = 1
		n: number = 0
Paused at 8
	Call Stack: ack, ack, ack, ack, ack, ack, ack, ack 
	Bindings: m: number = 1
		n: number = 1
Paused at 6
	Hit Breakpoint(s) 
	Call Stack: ack, ack, ack, ack, ack, ack, ack, ack, ack 
	Bindings: m: number = 0
		n: number = 2
Paused at 9
	Call Stack: ack, ack, ack, ack, ack, ack, ack, ack 
	Bindings: m: number = 1
		n: number = 1
Paused at 8
	Call Stack: ack, ack, ack, ack, ack, ack, ack 
	Bindings: m: number = 1
		n: number = 2
Paused at 6
	Hit Breakpoint(s) 
	Call Stack: ack, ack, ack, ack, ack, ack, ack, ack 
	Bindings: m: number = 0
		n: number = 3
Paused at 6
	Call Stack: ack, ack, ack, ack, ack, ack, ack, ack 
	Bindings: m: number = 0
		n: number = 3
Paused at 9
	Call Stack: ack, ack, ack, ack, ack, ack, ack, ack 
	Bindings: m: number = 0
		n: number = 3
Paused at 9
	Call Stack: ack, ack, ack, ack, ack, ack, ack 
	Bindings: m: number = 1
		n: number = 2
Paused at 8
	Call Stack: ack, ack, ack, ack, ack, ack 
	Bindings: m: number = 1
		n: number = 3
Paused at 6
	Hit Breakpoint(s) 
	Call Stack: ack, ack, ack, ack, ack, ack, ack 
	Bindings: m: number = 0
		n: number = 4
Paused at 9
	Call Stack: ack, ack, ack, ack, ack, ack 
	Bindings: m: number = 1
		n: number = 3
Paused at 9
	Call Stack: ack, ack, ack, ack, ack 
	Bindings: m: number = 2
		n: number = 1
Paused at 9
	Call Stack: ack, ack, ack, ack 
	Bindings: m: number = 3
		n: number = 0
Paused at 6
	Hit Breakpoint(s) 
	Call Stack: ack, ack, ack, ack 
	Bindings: m: number = 2
		n: number = 5
Paused at 6
	Hit Breakpoint(s) 
	Call Stack: ack, ack, ack, ack, ack 
	Bindings: m: number = 2
		n: number = 4
Paused at 7
	Call Stack: ack, ack, ack, ack, ack 
	Bindings: m: number = 2
		n: number = 4
Paused at 6
	Hit Breakpoint(s) 
	Call Stack: ack, ack, ack, ack, ack, ack 
	Bindings: m: number = 2
		n: number = 3
Paused at 6
	Hit Breakpoint(s) 
	Call Stack: ack, ack, ack, ack, ack, ack, ack 
	Bindings: m: number = 2
		n: number = 2
Paused at 7
	Call Stack: ack, ack, ack, ack, ack, ack, ack 
	Bindings: m: number = 2
		n: number = 2
Paused at 8
	Call Stack: ack, ack, ack, ack, ack, ack, ack 
	Bindings: m: number = 2
		n: number = 2
Paused at 6
	Hit Breakpoint(s) 
	Call Stack: ack, ack, ack, ack, ack, ack, ack, ack 
	Bindings: m: number = 2
		n: number = 1
Paused at 7
	Call Stack: ack, ack, ack, ack, ack, ack, ack, ack 
	Bindings: m: number = 2
		n: number = 1
Paused at 6
	Hit Breakpoint(s) 
	Call Stack: ack, ack, ack, ack, ack, ack, ack, ack, ack 
	Bindings: m: number = 2
		n: number = 0
Paused at 7
	Call Stack: ack, ack, ack, ack, ack, ack, ack, ack, ack 
	Bindings: m: number = 2
		n: number = 0
Paused at 6
	Hit Breakpoint(s) 
	Call Stack: ack, ack, ack, ack, ack, ack, ack, ack, ack, ack 
	Bindings: m: number = 1
		n: number = 1
Paused at 6
	Hit Breakpoint(s) 
	Call Stack: ack, ack, ack, ack, ack, ack, ack, ack, ack, ack, ack 
	Bindings: m: number = 1
		n: number = 0
Paused at 6
	Hit Breakpoint(s) 
	Call Stack: ack, ack, ack, ack, ack, ack, ack, ack, ack, ack, ack, ack 
	Bindings: m: number = 0
		n: number = 1
Paused at 6
	Call Stack: ack, ack, ack, ack, ack, ack, ack, ack, ack, ack, ack, ack 
	Bindings: m: number = 0
		n: number = 1
Paused at 9
	Call Stack: ack, ack, ack, ack, ack, ack, ack, ack, ack, ack, ack, ack 
	Bindings: m: number = 0
		n: number = 1
Paused at 9
	Call Stack: ack, ack, ack, ack, ack, ack, ack, ack, ack, ack, ack 
	Bindings: m: number = 1
		n: number = 0
Paused at 8
	Call Stack: ack, ack, ack, ack, ack, ack, ack, ack, ack, ack 
	Bindings: m: number = 1
		n: number = 1
Paused at 6
	Hit Breakpoint(s) 
	Call Stack: ack, ack, ack, ack, ack, ack, ack, ack, ack, ack, ack 
	Bindings: m: number = 0
		n: number = 2
Paused at 6
	Call Stack: ack, ack, ack, ack, ack, ack, ack, ack, ack, ack, ack 
	Bindings: m: number = 0
		n: number = 2
Paused at 9
	Call Stack: ack, ack, ack, ack, ack, ack, ack, ack, ack, ack, ack 
	Bindings: m: number = 0
		n: number = 2
Paused at 9
	Call Stack: ack, ack, ack, ack, ack, ack, ack, ack, ack, ack 
	Bindings: m: number = 1
		n: number = 1
Paused at 9
	Call Stack: ack, ack, ack, ack, ack, ack, ack, ack, ack 
	Bindings: m: number = 2
		n: number = 0
Paused at 6
	Hit Breakpoint(s) 
	Call Stack: ack, ack, ack, ack, ack, ack, ack, ack, ack 
	Bindings: m: number = 1
		n: number = 3
Paused at 6
	Hit Breakpoint(s) 
	Call Stack: ack, ack, ack, ack, ack, ack, ack, ack, ack, ack 
	Bindings: m: number = 1
		n: number = 2
Paused at 7
	Call Stack: ack, ack, ack, ack, ack, ack, ack, ack, ack, ack 
	Bindings: m: number = 1
		n: number = 2
Paused at 6
	Hit Breakpoint(s) 
	Call Stack: ack, ack, ack, ack, ack, ack, ack, ack, ack, ack, ack 
	Bindings: m: number = 1
		n: number = 1
Paused at 6
	Hit Breakpoint(s) 
	Call Stack: ack, ack, ack, ack, ack, ack, ack, ack, ack, ack, ack, ack 
	Bindings: m: number = 1
		n: number = 0
Paused at 7
	Call Stack: ack, ack, ack, ack, ack, ack, ack, ack, ack, ack, ack, ack 
	Bindings: m: number = 1
		n: number = 0
Paused at 6
	Hit Breakpoint(s) 
	Call Stack: ack, ack, ack, ack, ack, ack, ack, ack, ack, ack, ack, ack, ack 
	Bindings: m: number = 0
		n: number = 1
Paused at 6
	Hit Breakpoint(s) 
	Call Stack: ack, ack, ack, ack, ack, ack, ack, ack, ack, ack, ack, ack 
	Bindings: m: number = 0
		n: number = 2
Paused at 6
	Call Stack: ack, ack, ack, ack, ack, ack, ack, ack, ack, ack, ack, ack 
	Bindings: m: number = 0
		n: number = 2
Paused at 9
	Call Stack: ack, ack, ack, ack, ack, ack, ack, ack, ack, ack, ack 
	Bindings: m: number = 1
		n: number = 1
Paused at 6
	Hit Breakpoint(s) 
	Call Stack: ack, ack, ack, ack, ack, ack, ack, ack, ack, ack, ack 
	Bindings: m: number = 0
		n: number = 3
Paused at 9
	Call Stack: ack, ack, ack, ack, ack, ack, ack, ack, ack, ack 
	Bindings: m: number = 1
		n: number = 2
Paused at 8
	Call Stack: ack, ack, ack, ack, ack, ack, ack, ack, ack 
	Bindings: m: number = 1
		n: number = 3
Paused at 6
	Hit Breakpoint(s) 
	Call Stack: ack, ack, ack, ack, ack, ack, ack, ack, ack, ack 
	Bindings: m: number = 0
		n: number = 4
Paused at 6
	Call Stack: ack, ack, ack, ack, ack, ack, ack, ack, ack, ack 
	Bindings: m: number = 0
		n: number = 4
Paused at 9
	Call Stack: ack, ack, ack, ack, ack, ack, ack, ack, ack, ack 
	Bindings: m: number = 0
		n: number = 4
Paused at 9
	Call Stack: ack, ack, ack, ack, ack, ack, ack, ack, ack 
	Bindings: m: number = 1
		n: number = 3
Paused at 6
	Hit Breakpoint(s) 
	Call Stack: ack, ack, ack, ack, ack, ack, ack, ack 
	Bindings: m: number = 1
		n: number = 5
Paused at 7
	Call Stack: ack, ack, ack, ack, ack, ack, ack, ack 
	Bindings: m: number = 1
		n: number = 5
Paused at 6
	Hit Breakpoint(s) 
	Call Stack: ack, ack, ack, ack, ack, ack, ack, ack, ack 
	Bindings: m: number = 1
		n: number = 4
Paused at 6
	Hit Breakpoint(s) 
	Call Stack: ack, ack, ack, ack, ack, ack, ack, ack, ack, ack 
	Bindings: m: number = 1
		n: number = 3
Paused at 7
	Call Stack: ack, ack, ack, ack, ack, ack, ack, ack, ack, ack 
	Bindings: m: number = 1
		n: number = 3
Paused at 8
	Call Stack: ack, ack, ack, ack, ack, ack, ack, ack, ack, ack 
	Bindings: m: number = 1
		n: number = 3
Paused at 6
	Hit Breakpoint(s) 
	Call Stack: ack, ack, ack, ack, ack, ack, ack, ack, ack, ack, ack 
	Bindings: m: number = 1
		n: number = 2
Paused at 6
	Hit Breakpoint(s) 
	Call Stack: ack, ack, ack, ack, ack, ack, ack, ack, ack, ack, ack, ack 
	Bindings: m: number = 1
		n: number = 1
Paused at 7
	Call Stack: ack, ack, ack, ack, ack, ack, ack, ack, ack, ack, ack, ack 
	Bindings: m: number = 1
		n: number = 1
Paused at 8
	Call Stack: ack, ack, ack, ack, ack, ack, ack, ack, ack, ack, ack, ack 
	Bindings: m: number = 1
		n: number = 1
Paused at 6
	Hit Breakpoint(s) 
	Call Stack: ack, ack, ack, ack, ack, ack, ack, ack, ack, ack, ack, ack, ack 
	Bindings: m: number = 1
		n: number = 0
Paused at 6
	Hit Breakpoint(s) 
	Call Stack: ack, ack, ack, ack, ack, ack, ack, ack, ack, ack, ack, ack, ack, ack 
	Bindings: m: number = 0
		n: number = 1
Paused at 6
	Call Stack: ack, ack, ack, ack, ack, ack, ack, ack, ack, ack, ack, ack, ack, ack 
	Bindings: m: number = 0
		n: number = 1
Paused at 6
	Hit Breakpoint(s) 
	Call Stack: ack, ack, ack, ack, ack, ack, ack, ack, ack, ack, ack, ack, ack 
	Bindings: m: number = 0
		n: number = 2
Paused at 6
	Call Stack: ack, ack, ack, ack, ack, ack, ack, ack, ack, ack, ack, ack, ack 
	Bindings: m: number = 0
		n: number = 2
Paused at 9
	Call Stack: ack, ack, ack, ack, ack, ack, ack, ack, ack, ack, ack, ack, ack 
	Bindings: m: number = 0
		n: number = 2
Paused at 9
	Call Stack: ack, ack, ack, ack, ack, ack, ack, ack, ack, ack, ack, ack 
	Bindings: m: number = 1
		n: number = 1
Paused at 8
	Call Stack: ack, ack, ack, ack, ack, ack, ack, ack, ack, ack, ack 
	Bindings: m: number = 1
		n: number = 2
