Set Breakpoint at 12
Set Breakpoint at 27
Set Breakpoint at 180
Set Breakpoint at 161
Set Breakpoint at 279
Set Breakpoint at 77
Set Breakpoint at 205
Set Breakpoint at 197
Set Breakpoint at 262
Set Breakpoint at 53
Set Breakpoint at 216
Set Breakpoint at 38
Set Breakpoint at 122
Set Breakpoint at 233
Set Breakpoint at 282
Set Breakpoint at 297
Set Breakpoint at 264
Set Breakpoint at 289
Set Breakpoint at 22
Set Breakpoint at 55
Set Breakpoint at 193
Set Breakpoint at 63
Set Breakpoint at 270
Set Breakpoint at 137
Set Breakpoint at 25
Set Breakpoint at 134
Set Breakpoint at 131
Set Breakpoint at 69
Set Breakpoint at 239
Set Breakpoint at 260
Set Breakpoint at 91
Set Breakpoint at 243
Set Breakpoint at 210
Set Breakpoint at 217
Set Breakpoint at 170
Set Breakpoint at 132
Set Breakpoint at 290
Set Breakpoint at 14
Set Breakpoint at 89
Set Breakpoint at 221
Set Breakpoint at 267
Set Breakpoint at 71
Set Breakpoint at 20
Set Breakpoint at 178
Set Breakpoint at 251
Set Breakpoint at 83
Set Breakpoint at 206
Set Breakpoint at 207
Set Breakpoint at 235
Set Breakpoint at 144
Set Breakpoint at 107
Set Breakpoint at 168
Set Breakpoint at 94
Set Breakpoint at 252
Set Breakpoint at 31
Set Breakpoint at 220
Set Breakpoint at 3
Set Breakpoint at 236
Set Breakpoint at 189
Set Breakpoint at 167
Set Breakpoint at 164
Set Breakpoint at 281
Set Breakpoint at 187
Set Breakpoint at 96
Set Breakpoint at 17
Set Breakpoint at 148
Set Breakpoint at 87
Set Breakpoint at 275
Set Breakpoint at 147
Set Breakpoint at 293
Set Breakpoint at 121
Set Breakpoint at 36
Set Breakpoint at 278
Set Breakpoint at 78
Set Breakpoint at 75
Set Breakpoint at 9
Set Breakpoint at 201
Set Breakpoint at 192
Set Breakpoint at 172
Set Breakpoint at 11
Set Breakpoint at 109
Set Breakpoint at 241
Set Breakpoint at 257
Set Breakpoint at 258
Set Breakpoint at 154
Set Breakpoint at 32
Set Breakpoint at 286
Set Breakpoint at 74
Set Breakpoint at 171
Set Breakpoint at 181
Set Breakpoint at 179
Set Breakpoint at 136
Set Breakpoint at 176
Set Breakpoint at 52
Set Breakpoint at 7
Set Breakpoint at 88
Set Breakpoint at 219
Set Breakpoint at 125
Set Breakpoint at 93
Set Breakpoint at 86
Set Breakpoint at 269
Set Breakpoint at 186
Set Breakpoint at 183
Set Breakpoint at 111
Set Breakpoint at 301
Set Breakpoint at 67
Set Breakpoint at 129
Set Breakpoint at 99
Set Breakpoint at 28
Set Breakpoint at 266
Set Breakpoint at 213
Set Breakpoint at 173
Set Breakpoint at 108
Set Breakpoint at 254
Set Breakpoint at 4
Set Breakpoint at 127
Set Breakpoint at 113
Set Breakpoint at 292
Set Breakpoint at 57
Set Breakpoint at 65
Set Breakpoint at 24
Set Breakpoint at 203
Set Breakpoint at 70
Set Breakpoint at 226
Set Breakpoint at 228
Set Breakpoint at 231
Set Breakpoint at 143
Set Breakpoint at 116
Set Breakpoint at 13
Set Breakpoint at 160
Set Breakpoint at 151
Set Breakpoint at 240
Set Breakpoint at 274
Set Breakpoint at 259
Set Breakpoint at 2
Set Breakpoint at 112
Set Breakpoint at 232
Set Breakpoint at 10
Set Breakpoint at 284
Set Breakpoint at 246
Set Breakpoint at 103
Set Breakpoint at 40
Set Breakpoint at 42
Set Breakpoint at 47
Set Breakpoint at 81
Set Breakpoint at 155
Set Breakpoint at 126
Set Breakpoint at 119
Set Breakpoint at 157
Set Breakpoint at 139
Set Breakpoint at 49
resume
resume
stepOver
stepOver
stepOut
resume
stepOver
stepOver
stepOut
resume
stepOver
resume
stepIn
stepOut
stepOut
stepOut
stepOut
stepOut
resume
resume
stepOver
resume
stepOut
stepIn
resume
stepIn
stepIn
resume
stepOut
stepOut
resume
stepOut
stepOver
stepOver
stepOver
stepIn
stepOut
stepOver
resume
stepOut
stepOver
stepOut
resume
resume
stepOver
stepOut
resume
stepOver
stepOver
stepOver
stepIn
resume
stepIn
resume
stepOut
resume
stepOver
stepIn
stepOver
stepOver
stepIn
stepOver
stepIn
stepOut
stepOver
resume
stepOut
stepIn
resume
stepOut
stepIn
stepOut
resume
stepIn
stepOut
resume
stepOut
stepOut
stepOver
stepOver
stepIn
stepOver
resume
stepOver
stepOut
stepOut
stepIn
stepOver
stepOut
resume
stepIn
stepIn
stepIn
resume
stepIn
resume
stepOver
stepOver
stepOver
stepOut
