Breakpoint Set at 7
Breakpoint Set at 38
Breakpoint Set at 34
Breakpoint Set at 57
Breakpoint Set at 20
Breakpoint Set at 43
Breakpoint Set at 42
Breakpoint Set at 55
Breakpoint Set at 17
Breakpoint Set at 46
Breakpoint Set at 17
Breakpoint Set at 31
Breakpoint Set at 49
Breakpoint Set at 60
Breakpoint Set at 58
Breakpoint Set at 7
Breakpoint Set at 26
Breakpoint Set at 46
Breakpoint Set at 29
Breakpoint Set at 7
Breakpoint Set at 39
Breakpoint Set at 24
Breakpoint Set at 34
Breakpoint Set at 11
Breakpoint Set at 23
Breakpoint Set at 7
Breakpoint Set at 55
Breakpoint Set at 51
Breakpoint Set at 52
Breakpoint Set at 49
Paused at 49
	Hit Breakpoint(s) 
	Call Stack:  
	Bindings: 
Paused at 51
	Hit Breakpoint(s) 
	Call Stack:  
	Bindings: 
Paused at 52
	Hit Breakpoint(s) 
	Call Stack:  
	Bindings: 
Paused at 34
	Hit Breakpoint(s) 
	Call Stack: spectralnorm 
	Bindings: i: undefined
		n: number = 6
		u: undefined
		v: undefined
		vBv: undefined
		vv: undefined
		w: undefined
Paused at 35
	Call Stack: spectralnorm 
	Bindings: i: undefined
		n: number = 6
		u: array
		v: array
		vBv: number = 0
		vv: number = 0
		w: array
Paused at 38
	Hit Breakpoint(s) 
	Call Stack: spectralnorm 
	Bindings: i: number = 6
		n: number = 6
		u: array
		v: array
		vBv: number = 0
		vv: number = 0
		w: array
Paused at 39
	Hit Breakpoint(s) 
	Call Stack: spectralnorm 
	Bindings: i: number = 0
		n: number = 6
		u: array
		v: array
		vBv: number = 0
		vv: number = 0
		w: array
Paused at 29
	Hit Breakpoint(s) 
	Call Stack: AtAu, spectralnorm 
	Bindings: u: array
		v: array
		w: array
Paused at 11
	Hit Breakpoint(s) 
	Call Stack: Au, AtAu, spectralnorm 
	Bindings: i: undefined
		j: undefined
		t: undefined
		u: array
		v: array
Paused at 7
	Hit Breakpoint(s) 
	Call Stack: A, Au, AtAu, spectralnorm 
	Bindings: i: number = 0
		j: number = 0
Paused at 7
	Hit Breakpoint(s) 
	Call Stack: A, Au, AtAu, spectralnorm 
	Bindings: i: number = 0
		j: number = 1
Paused at 8
	Call Stack: A, Au, AtAu, spectralnorm 
	Bindings: i: number = 0
		j: number = 1
Paused at 7
	Hit Breakpoint(s) 
	Call Stack: A, Au, AtAu, spectralnorm 
	Bindings: i: number = 0
		j: number = 2
Paused at 8
	Call Stack: A, Au, AtAu, spectralnorm 
	Bindings: i: number = 0
		j: number = 2
Paused at 8
	Call Stack: A, Au, AtAu, spectralnorm 
	Bindings: i: number = 0
		j: number = 2
Paused at 7
	Hit Breakpoint(s) 
	Call Stack: A, Au, AtAu, spectralnorm 
	Bindings: i: number = 0
		j: number = 3
Paused at 8
	Call Stack: A, Au, AtAu, spectralnorm 
	Bindings: i: number = 0
		j: number = 3
Paused at 7
	Hit Breakpoint(s) 
	Call Stack: A, Au, AtAu, spectralnorm 
	Bindings: i: number = 0
		j: number = 4
Paused at 8
	Call Stack: A, Au, AtAu, spectralnorm 
	Bindings: i: number = 0
		j: number = 4
Paused at 7
	Hit Breakpoint(s) 
	Call Stack: A, Au, AtAu, spectralnorm 
	Bindings: i: number = 0
		j: number = 5
Paused at 11
	Hit Breakpoint(s) 
	Call Stack: Au, AtAu, spectralnorm 
	Bindings: i: number = 0
		j: number = 6
		t: number = 2.0462662337662336
		u: array
		v: array
Paused at 12
	Call Stack: Au, AtAu, spectralnorm 
	Bindings: i: number = 1
		j: number = 6
		t: number = 2.0462662337662336
		u: array
		v: array
Paused at 7
	Hit Breakpoint(s) 
	Call Stack: A, Au, AtAu, spectralnorm 
	Bindings: i: number = 1
		j: number = 0
Paused at 8
	Call Stack: A, Au, AtAu, spectralnorm 
	Bindings: i: number = 1
		j: number = 0
Paused at 13
	Call Stack: Au, AtAu, spectralnorm 
	Bindings: i: number = 1
		j: number = 0
		t: number = 0.3333333333333333
		u: array
		v: array
Paused at 7
	Hit Breakpoint(s) 
	Call Stack: A, Au, AtAu, spectralnorm 
	Bindings: i: number = 1
		j: number = 1
Paused at 8
	Call Stack: A, Au, AtAu, spectralnorm 
	Bindings: i: number = 1
		j: number = 1
Paused at 8
	Call Stack: A, Au, AtAu, spectralnorm 
	Bindings: i: number = 1
		j: number = 1
Paused at 7
	Hit Breakpoint(s) 
	Call Stack: A, Au, AtAu, spectralnorm 
	Bindings: i: number = 1
		j: number = 2
Paused at 8
	Call Stack: A, Au, AtAu, spectralnorm 
	Bindings: i: number = 1
		j: number = 2
Paused at 7
	Hit Breakpoint(s) 
	Call Stack: A, Au, AtAu, spectralnorm 
	Bindings: i: number = 1
		j: number = 3
Paused at 7
	Hit Breakpoint(s) 
	Call Stack: A, Au, AtAu, spectralnorm 
	Bindings: i: number = 1
		j: number = 4
Paused at 8
	Call Stack: A, Au, AtAu, spectralnorm 
	Bindings: i: number = 1
		j: number = 4
Paused at 13
	Call Stack: Au, AtAu, spectralnorm 
	Bindings: i: number = 1
		j: number = 4
		t: number = 0.8004901960784314
		u: array
		v: array
Paused at 14
	Call Stack: Au, AtAu, spectralnorm 
	Bindings: i: number = 1
		j: number = 5
		t: number = 0.8004901960784314
		u: array
		v: array
Paused at 7
	Hit Breakpoint(s) 
	Call Stack: A, Au, AtAu, spectralnorm 
	Bindings: i: number = 1
		j: number = 5
Paused at 8
	Call Stack: A, Au, AtAu, spectralnorm 
	Bindings: i: number = 1
		j: number = 5
Paused at 8
	Call Stack: A, Au, AtAu, spectralnorm 
	Bindings: i: number = 1
		j: number = 5
Paused at 13
	Call Stack: Au, AtAu, spectralnorm 
	Bindings: i: number = 1
		j: number = 5
		t: number = 0.8439684569479966
		u: array
		v: array
Paused at 11
	Hit Breakpoint(s) 
	Call Stack: Au, AtAu, spectralnorm 
	Bindings: i: number = 1
		j: number = 6
		t: number = 0.8439684569479966
		u: array
		v: array
Paused at 7
	Hit Breakpoint(s) 
	Call Stack: A, Au, AtAu, spectralnorm 
	Bindings: i: number = 2
		j: number = 0
Paused at 8
	Call Stack: A, Au, AtAu, spectralnorm 
	Bindings: i: number = 2
		j: number = 0
Paused at 8
	Call Stack: A, Au, AtAu, spectralnorm 
	Bindings: i: number = 2
		j: number = 0
Paused at 7
	Hit Breakpoint(s) 
	Call Stack: A, Au, AtAu, spectralnorm 
	Bindings: i: number = 2
		j: number = 1
Paused at 7
	Hit Breakpoint(s) 
	Call Stack: A, Au, AtAu, spectralnorm 
	Bindings: i: number = 2
		j: number = 2
Paused at 8
	Call Stack: A, Au, AtAu, spectralnorm 
	Bindings: i: number = 2
		j: number = 2
Paused at 8
	Call Stack: A, Au, AtAu, spectralnorm 
	Bindings: i: number = 2
		j: number = 2
Paused at 7
	Hit Breakpoint(s) 
	Call Stack: A, Au, AtAu, spectralnorm 
	Bindings: i: number = 2
		j: number = 3
Paused at 8
	Call Stack: A, Au, AtAu, spectralnorm 
	Bindings: i: number = 2
		j: number = 3
Paused at 8
	Call Stack: A, Au, AtAu, spectralnorm 
	Bindings: i: number = 2
		j: number = 3
Paused at 13
	Call Stack: Au, AtAu, spectralnorm 
	Bindings: i: number = 2
		j: number = 3
		t: number = 0.41025641025641024
		u: array
		v: array
Paused at 14
	Call Stack: Au, AtAu, spectralnorm 
	Bindings: i: number = 2
		j: number = 4
		t: number = 0.41025641025641024
		u: array
		v: array
Paused at 7
	Hit Breakpoint(s) 
	Call Stack: A, Au, AtAu, spectralnorm 
	Bindings: i: number = 2
		j: number = 4
Paused at 8
	Call Stack: A, Au, AtAu, spectralnorm 
	Bindings: i: number = 2
		j: number = 4
Paused at 7
	Hit Breakpoint(s) 
	Call Stack: A, Au, AtAu, spectralnorm 
	Bindings: i: number = 2
		j: number = 5
Paused at 8
	Call Stack: A, Au, AtAu, spectralnorm 
	Bindings: i: number = 2
		j: number = 5
Paused at 11
	Hit Breakpoint(s) 
	Call Stack: Au, AtAu, spectralnorm 
	Bindings: i: number = 2
		j: number = 6
		t: number = 0.484181141439206
		u: array
		v: array
Paused at 12
	Call Stack: Au, AtAu, spectralnorm 
	Bindings: i: number = 3
		j: number = 6
		t: number = 0.484181141439206
		u: array
		v: array
Paused at 13
	Call Stack: Au, AtAu, spectralnorm 
	Bindings: i: number = 3
		j: number = 6
		t: number = 0
		u: array
		v: array
Paused at 14
	Call Stack: Au, AtAu, spectralnorm 
	Bindings: i: number = 3
		j: number = 0
		t: number = 0
		u: array
		v: array
Paused at 7
	Hit Breakpoint(s) 
	Call Stack: A, Au, AtAu, spectralnorm 
	Bindings: i: number = 3
		j: number = 0
Paused at 8
	Call Stack: A, Au, AtAu, spectralnorm 
	Bindings: i: number = 3
		j: number = 0
Paused at 8
	Call Stack: A, Au, AtAu, spectralnorm 
	Bindings: i: number = 3
		j: number = 0
Paused at 13
	Call Stack: Au, AtAu, spectralnorm 
	Bindings: i: number = 3
		j: number = 0
		t: number = 0.1
		u: array
		v: array
Paused at 7
	Hit Breakpoint(s) 
	Call Stack: A, Au, AtAu, spectralnorm 
	Bindings: i: number = 3
		j: number = 1
Paused at 8
	Call Stack: A, Au, AtAu, spectralnorm 
	Bindings: i: number = 3
		j: number = 1
Paused at 7
	Hit Breakpoint(s) 
	Call Stack: A, Au, AtAu, spectralnorm 
	Bindings: i: number = 3
		j: number = 2
Paused at 8
	Call Stack: A, Au, AtAu, spectralnorm 
	Bindings: i: number = 3
		j: number = 2
Paused at 13
	Call Stack: Au, AtAu, spectralnorm 
	Bindings: i: number = 3
		j: number = 2
		t: number = 0.22406015037593985
		u: array
		v: array
Paused at 7
	Hit Breakpoint(s) 
	Call Stack: A, Au, AtAu, spectralnorm 
	Bindings: i: number = 3
		j: number = 3
Paused at 8
	Call Stack: A, Au, AtAu, spectralnorm 
	Bindings: i: number = 3
		j: number = 3
Paused at 13
	Call Stack: Au, AtAu, spectralnorm 
	Bindings: i: number = 3
		j: number = 3
		t: number = 0.26406015037593983
		u: array
		v: array
Paused at 7
	Hit Breakpoint(s) 
	Call Stack: A, Au, AtAu, spectralnorm 
	Bindings: i: number = 3
		j: number = 4
Paused at 7
	Hit Breakpoint(s) 
	Call Stack: A, Au, AtAu, spectralnorm 
	Bindings: i: number = 3
		j: number = 5
Paused at 8
	Call Stack: A, Au, AtAu, spectralnorm 
	Bindings: i: number = 3
		j: number = 5
Paused at 8
	Call Stack: A, Au, AtAu, spectralnorm 
	Bindings: i: number = 3
		j: number = 5
Paused at 11
	Hit Breakpoint(s) 
	Call Stack: Au, AtAu, spectralnorm 
	Bindings: i: number = 3
		j: number = 6
		t: number = 0.32031015037593985
		u: array
		v: array
Paused at 7
	Hit Breakpoint(s) 
	Call Stack: A, Au, AtAu, spectralnorm 
	Bindings: i: number = 4
		j: number = 0
Paused at 8
	Call Stack: A, Au, AtAu, spectralnorm 
	Bindings: i: number = 4
		j: number = 0
Paused at 13
	Call Stack: Au, AtAu, spectralnorm 
	Bindings: i: number = 4
		j: number = 0
		t: number = 0.06666666666666667
		u: array
		v: array
Paused at 14
	Call Stack: Au, AtAu, spectralnorm 
	Bindings: i: number = 4
		j: number = 1
		t: number = 0.06666666666666667
		u: array
		v: array
Paused at 7
	Call Stack: A, Au, AtAu, spectralnorm 
	Bindings: i: number = 4
		j: number = 1
Paused at 8
	Call Stack: A, Au, AtAu, spectralnorm 
	Bindings: i: number = 4
		j: number = 1
Paused at 7
	Hit Breakpoint(s) 
	Call Stack: A, Au, AtAu, spectralnorm 
	Bindings: i: number = 4
		j: number = 2
Paused at 8
	Call Stack: A, Au, AtAu, spectralnorm 
	Bindings: i: number = 4
		j: number = 2
Paused at 8
	Call Stack: A, Au, AtAu, spectralnorm 
	Bindings: i: number = 4
		j: number = 2
Paused at 7
	Hit Breakpoint(s) 
	Call Stack: A, Au, AtAu, spectralnorm 
	Bindings: i: number = 4
		j: number = 3
Paused at 8
	Call Stack: A, Au, AtAu, spectralnorm 
	Bindings: i: number = 4
		j: number = 3
Paused at 8
	Call Stack: A, Au, AtAu, spectralnorm 
	Bindings: i: number = 4
		j: number = 3
Paused at 7
	Hit Breakpoint(s) 
	Call Stack: A, Au, AtAu, spectralnorm 
	Bindings: i: number = 4
		j: number = 4
Paused at 7
	Hit Breakpoint(s) 
	Call Stack: A, Au, AtAu, spectralnorm 
	Bindings: i: number = 4
		j: number = 5
Paused at 8
	Call Stack: A, Au, AtAu, spectralnorm 
	Bindings: i: number = 4
		j: number = 5
Paused at 8
	Call Stack: A, Au, AtAu, spectralnorm 
	Bindings: i: number = 4
		j: number = 5
Paused at 13
	Call Stack: Au, AtAu, spectralnorm 
	Bindings: i: number = 4
		j: number = 5
		t: number = 0.22982147933367444
		u: array
		v: array
Paused at 11
	Hit Breakpoint(s) 
	Call Stack: Au, AtAu, spectralnorm 
	Bindings: i: number = 4
		j: number = 6
		t: number = 0.22982147933367444
		u: array
		v: array
Paused at 12
	Call Stack: Au, AtAu, spectralnorm 
	Bindings: i: number = 5
		j: number = 6
		t: number = 0.22982147933367444
		u: array
		v: array
Paused at 7
	Hit Breakpoint(s) 
	Call Stack: A, Au, AtAu, spectralnorm 
	Bindings: i: number = 5
		j: number = 0
Paused at 8
	Call Stack: A, Au, AtAu, spectralnorm 
	Bindings: i: number = 5
		j: number = 0
Paused at 8
	Call Stack: A, Au, AtAu, spectralnorm 
	Bindings: i: number = 5
		j: number = 0
Paused at 13
	Call Stack: Au, AtAu, spectralnorm 
	Bindings: i: number = 5
		j: number = 0
		t: number = 0.047619047619047616
		u: array
		v: array
Paused at 7
	Hit Breakpoint(s) 
	Call Stack: A, Au, AtAu, spectralnorm 
	Bindings: i: number = 5
		j: number = 1
