Set Breakpoint at 5
Set Breakpoint at 11
Set Breakpoint at 65
Set Breakpoint at 58
Set Breakpoint at 99
Set Breakpoint at 30
Set Breakpoint at 74
Set Breakpoint at 72
Set Breakpoint at 94
Set Breakpoint at 24
Set Breakpoint at 79
Set Breakpoint at 20
Set Breakpoint at 48
Set Breakpoint at 85
Set Breakpoint at 101
Set Breakpoint at 106
Set Breakpoint at 103
Set Breakpoint at 12
Set Breakpoint at 6
Set Breakpoint at 7
Set Breakpoint at 34
Set Breakpoint at 98
Set Breakpoint at 4
Set Breakpoint at 25
Set Breakpoint at 10
Set Breakpoint at 57
Set Breakpoint at 40
Set Breakpoint at 89
Set Breakpoint at 17
Set Breakpoint at 13
Set Breakpoint at 91
Set Breakpoint at 82
Set Breakpoint at 84
Set Breakpoint at 71
Set Breakpoint at 29
Set Breakpoint at 52
Set Breakpoint at 87
Set Breakpoint at 1
Set Breakpoint at 50
Set Breakpoint at 46
Set Breakpoint at 77
Set Breakpoint at 19
Set Breakpoint at 55
Set Breakpoint at 14
Set Breakpoint at 31
Set Breakpoint at 92
Set Breakpoint at 8
Set Breakpoint at 64
Set Breakpoint at 78
Set Breakpoint at 62
Set Breakpoint at 97
Set Breakpoint at 63
Set Breakpoint at 90
resume
resume
stepOver
stepOver
stepOut
resume
stepOver
stepOver
stepOut
resume
stepOver
resume
stepIn
stepOut
stepOut
stepOut
stepOut
stepOut
resume
resume
stepOver
resume
stepOut
stepIn
resume
stepIn
stepIn
resume
stepOut
stepOut
resume
stepOut
stepOver
stepOver
stepOver
stepIn
stepOut
stepOver
resume
stepOut
stepOver
stepOut
resume
resume
stepOver
stepOut
resume
stepOver
stepOver
stepOver
stepIn
resume
stepIn
resume
stepOut
resume
stepOver
stepIn
stepOver
stepOver
stepIn
stepOver
stepIn
stepOut
stepOver
resume
stepOut
stepIn
resume
stepOut
stepIn
stepOut
resume
stepIn
stepOut
resume
stepOut
stepOut
stepOver
stepOver
stepIn
stepOver
resume
stepOver
stepOut
stepOut
stepIn
stepOver
stepOut
resume
stepIn
stepIn
stepIn
resume
stepIn
resume
stepOver
stepOver
stepOver
stepOut
