Set Breakpoint at 2
Set Breakpoint at 5
Set Breakpoint at 29
Set Breakpoint at 26
Set Breakpoint at 43
Set Breakpoint at 15
Set Breakpoint at 33
Set Breakpoint at 7
Set Breakpoint at 41
Set Breakpoint at 36
Set Breakpoint at 10
Set Breakpoint at 25
Set Breakpoint at 39
Set Breakpoint at 44
Set Breakpoint at 46
Set Breakpoint at 45
Set Breakpoint at 19
Set Breakpoint at 23
Set Breakpoint at 13
Set Breakpoint at 12
Set Breakpoint at 8
Set Breakpoint at 22
Set Breakpoint at 4
resume
resume
stepOver
stepOver
stepOut
resume
stepOver
stepOver
stepOut
resume
stepOver
resume
stepIn
stepOut
stepOut
stepOut
stepOut
stepOut
resume
resume
stepOver
resume
stepOut
stepIn
resume
stepIn
stepIn
resume
stepOut
stepOut
resume
stepOut
stepOver
stepOver
stepOver
stepIn
stepOut
stepOver
resume
stepOut
stepOver
stepOut
resume
resume
stepOver
stepOut
resume
stepOver
stepOver
stepOver
stepIn
resume
stepIn
resume
stepOut
resume
stepOver
stepIn
stepOver
stepOver
stepIn
stepOver
stepIn
stepOut
stepOver
resume
stepOut
stepIn
resume
stepOut
stepIn
stepOut
resume
stepIn
stepOut
resume
stepOut
stepOut
stepOver
stepOver
stepIn
stepOver
resume
stepOver
stepOut
stepOut
stepIn
stepOver
stepOut
resume
stepIn
stepIn
stepIn
resume
stepIn
resume
stepOver
stepOver
stepOver
stepOut
