Set Breakpoint at 4
Set Breakpoint at 8
Set Breakpoint at 50
Set Breakpoint at 45
Set Breakpoint at 76
Set Breakpoint at 24
Set Breakpoint at 58
Set Breakpoint at 72
Set Breakpoint at 20
Set Breakpoint at 61
Set Breakpoint at 18
Set Breakpoint at 39
Set Breakpoint at 66
Set Breakpoint at 81
Set Breakpoint at 74
Set Breakpoint at 79
Set Breakpoint at 19
Set Breakpoint at 27
Set Breakpoint at 7
Set Breakpoint at 31
Set Breakpoint at 5
Set Breakpoint at 48
Set Breakpoint at 25
Set Breakpoint at 6
Set Breakpoint at 26
Set Breakpoint at 36
Set Breakpoint at 70
Set Breakpoint at 17
Set Breakpoint at 42
Set Breakpoint at 71
Set Breakpoint at 65
Set Breakpoint at 67
Set Breakpoint at 59
Set Breakpoint at 52
Set Breakpoint at 80
Set Breakpoint at 32
Set Breakpoint at 47
Set Breakpoint at 15
Set Breakpoint at 69
Set Breakpoint at 77
Set Breakpoint at 13
resume
resume
stepOver
stepOver
stepOut
resume
stepOver
stepOver
stepOut
resume
stepOver
resume
stepIn
stepOut
stepOut
stepOut
stepOut
stepOut
resume
resume
