Breakpoint Set at 38
Breakpoint Set at 38
Breakpoint Set at 164
Breakpoint Set at 146
Breakpoint Set at 252
Breakpoint Set at 72
Breakpoint Set at 185
Breakpoint Set at 177
Breakpoint Set at 237
Breakpoint Set at 51
Breakpoint Set at 195
Breakpoint Set at 38
Breakpoint Set at 110
Breakpoint Set at 211
Breakpoint Set at 254
Breakpoint Set at 268
Breakpoint Set at 238
Breakpoint Set at 261
Breakpoint Set at 38
Breakpoint Set at 177
Breakpoint Set at 61
Breakpoint Set at 244
Breakpoint Set at 126
Breakpoint Set at 38
Breakpoint Set at 126
Breakpoint Set at 119
Breakpoint Set at 64
Breakpoint Set at 216
Breakpoint Set at 235
Breakpoint Set at 84
Breakpoint Set at 221
Breakpoint Set at 192
Breakpoint Set at 196
Breakpoint Set at 160
Breakpoint Set at 121
Breakpoint Set at 262
Breakpoint Set at 38
Breakpoint Set at 84
Breakpoint Set at 249
Breakpoint Set at 201
Breakpoint Set at 241
Breakpoint Set at 68
Breakpoint Set at 54
Breakpoint Set at 164
Breakpoint Set at 228
Breakpoint Set at 79
Breakpoint Set at 187
Breakpoint Set at 192
Breakpoint Set at 213
Breakpoint Set at 133
Breakpoint Set at 105
Breakpoint Set at 38
Breakpoint Set at 89
Breakpoint Set at 87
Breakpoint Set at 41
Breakpoint Set at 166
Breakpoint Set at 214
Breakpoint Set at 173
Breakpoint Set at 54
Breakpoint Set at 204
Breakpoint Set at 153
Breakpoint Set at 253
Breakpoint Set at 172
Breakpoint Set at 93
Breakpoint Set at 240
Breakpoint Set at 137
Breakpoint Set at 85
Breakpoint Set at 249
Breakpoint Set at 264
Breakpoint Set at 115
Breakpoint Set at 126
Breakpoint Set at 38
Breakpoint Set at 47
Breakpoint Set at 38
Breakpoint Set at 185
Breakpoint Set at 38
Breakpoint Set at 199
Breakpoint Set at 106
Breakpoint Set at 219
Breakpoint Set at 233
Breakpoint Set at 235
Breakpoint Set at 146
Breakpoint Set at 222
Breakpoint Set at 258
Breakpoint Set at 81
Breakpoint Set at 168
Breakpoint Set at 167
Breakpoint Set at 133
Breakpoint Set at 192
Breakpoint Set at 88
Breakpoint Set at 38
Breakpoint Set at 38
Breakpoint Set at 38
Breakpoint Set at 38
Breakpoint Set at 217
Breakpoint Set at 177
Breakpoint Set at 171
Breakpoint Set at 113
Breakpoint Set at 271
Breakpoint Set at 100
Breakpoint Set at 90
Breakpoint Set at 204
Breakpoint Set at 148
Breakpoint Set at 43
Breakpoint Set at 197
Breakpoint Set at 95
Breakpoint Set at 61
Breakpoint Set at 233
Breakpoint Set at 113
Breakpoint Set at 62
Breakpoint Set at 264
Breakpoint Set at 177
Breakpoint Set at 135
Breakpoint Set at 38
Breakpoint Set at 38
Breakpoint Set at 210
Breakpoint Set at 51
Breakpoint Set at 141
Breakpoint Set at 74
Breakpoint Set at 160
Breakpoint Set at 223
Breakpoint Set at 266
Breakpoint Set at 153
Breakpoint Set at 99
Breakpoint Set at 95
Breakpoint Set at 212
Breakpoint Set at 250
Breakpoint Set at 38
Breakpoint Set at 133
Breakpoint Set at 119
Breakpoint Set at 258
Breakpoint Set at 46
Breakpoint Set at 142
Breakpoint Set at 38
Breakpoint Set at 105
Breakpoint Set at 73
Paused at 38
	Hit Breakpoint(s) 
	Call Stack:  
	Bindings: 
Paused at 72
	Hit Breakpoint(s) 
	Call Stack:  
	Bindings: 
Paused at 93
	Hit Breakpoint(s) 
	Call Stack:  
	Bindings: 
Paused at 99
	Call Stack:  
	Bindings: 
Paused at 164
	Call Stack:  
	Bindings: 
Paused at 164
	Hit Breakpoint(s) 
	Call Stack:  
	Bindings: 
Paused at 223
	Hit Breakpoint(s) 
	Call Stack:  
	Bindings: 
Paused at 164
	Call Stack:  
	Bindings: 
Paused at 166
	Hit Breakpoint(s) 
	Call Stack:  
	Bindings: m: undefined
		s: object
Paused at 167
	Hit Breakpoint(s) 
	Call Stack:  
	Bindings: m: undefined
		s: object
Paused at 168
	Hit Breakpoint(s) 
	Call Stack:  
	Bindings: m: undefined
		s: object
Paused at 169
	Call Stack:  
	Bindings: m: undefined
		s: object
Paused at 171
	Hit Breakpoint(s) 
	Call Stack:  
	Bindings: m: undefined
		s: object
Paused at 172
	Call Stack:  
	Bindings: m: undefined
		s: object
Paused at 172
	Hit Breakpoint(s) 
	Call Stack:  
	Bindings: m: undefined
		s: object
Paused at 173
	Hit Breakpoint(s) 
	Call Stack:  
	Bindings: m: undefined
		s: object
Paused at 177
	Hit Breakpoint(s) 
	Call Stack:  
	Bindings: m: object
		s: object
Paused at 223
	Hit Breakpoint(s) 
	Call Stack:  
	Bindings: m: object
		s: object
Paused at 223
	Call Stack:  
	Bindings: m: object
		s: object
Paused at 228
	Hit Breakpoint(s) 
	Call Stack:  
	Bindings: 
Paused at 195
	Hit Breakpoint(s) 
	Call Stack: s.parseJSON 
	Bindings: filter: function
		j: undefined
		m: object
		s: object
		walk: function
Paused at 196
	Call Stack: s.parseJSON 
	Bindings: filter: function
		j: undefined
		m: object
		s: object
		walk: function
Paused at 196
	Hit Breakpoint(s) 
	Call Stack: s.parseJSON 
	Bindings: filter: function
		j: undefined
		m: object
		s: object
		walk: function
Paused at 195
	Hit Breakpoint(s) 
	Call Stack: s.parseJSON 
	Bindings: filter: function
		j: undefined
		m: object
		s: object
		walk: function
Paused at 197
	Call Stack: s.parseJSON 
	Bindings: filter: function
		j: undefined
		m: object
		s: object
		walk: function
Paused at 197
	Hit Breakpoint(s) 
	Call Stack: s.parseJSON 
	Bindings: filter: function
		j: undefined
		m: object
		s: object
		walk: function
Paused at 195
	Call Stack: s.parseJSON 
	Bindings: filter: function
		j: undefined
		m: object
		s: object
		walk: function
Paused at 199
	Call Stack: s.parseJSON 
	Bindings: filter: function
		j: undefined
		m: object
		s: object
		walk: function
Paused at 199
	Hit Breakpoint(s) 
	Call Stack: s.parseJSON 
	Bindings: filter: function
		j: undefined
		m: object
		s: object
		walk: function
Paused at 201
	Hit Breakpoint(s) 
	Call Stack: s.parseJSON 
	Bindings: filter: function
		j: array
		m: object
		s: object
		walk: function
Paused at 185
	Hit Breakpoint(s) 
	Call Stack: walk, s.parseJSON 
	Bindings: filter: function
		i: string = 0
		j: array
		k: string = 
		m: object
		n: undefined
		s: object
		v: array
		walk: function
Paused at 185
	Hit Breakpoint(s) 
	Call Stack: walk, walk, s.parseJSON 
	Bindings: filter: function
		i: string = tag
		j: array
		k: string = 0
		m: object
		n: undefined
		s: object
		v: object
		walk: function
Paused at 192
	Hit Breakpoint(s) 
	Call Stack: walk, walk, walk, s.parseJSON 
	Bindings: filter: function
		i: undefined
		j: array
		k: string = tag
		m: object
		n: undefined
		s: object
		v: string = titillation
		walk: function
Paused at 193
	Call Stack: walk, walk, walk, s.parseJSON 
	Bindings: filter: function
		i: undefined
		j: array
		k: string = tag
		m: object
		n: undefined
		s: object
		v: string = titillation
		walk: function
Paused at 193
	Call Stack: walk, walk, walk, s.parseJSON 
	Bindings: filter: function
		i: undefined
		j: array
		k: string = tag
		m: object
		n: undefined
		s: object
		v: string = titillation
		walk: function
Paused at 185
	Call Stack: walk, walk, s.parseJSON 
	Bindings: filter: function
		i: string = tag
		j: array
		k: string = 0
		m: object
		n: undefined
		s: object
		v: object
		walk: function
Paused at 186
	Call Stack: walk, walk, s.parseJSON 
	Bindings: filter: function
		i: string = tag
		j: array
		k: string = 0
		m: object
		n: string = titillation
		s: object
		v: object
		walk: function
Paused at 187
	Hit Breakpoint(s) 
	Call Stack: walk, walk, s.parseJSON 
	Bindings: filter: function
		i: string = tag
		j: array
		k: string = 0
		m: object
		n: string = titillation
		s: object
		v: object
		walk: function
Paused at 184
	Call Stack: walk, walk, s.parseJSON 
	Bindings: filter: function
		i: string = popularity
		j: array
		k: string = 0
		m: object
		n: string = titillation
		s: object
		v: object
		walk: function
Paused at 185
	Hit Breakpoint(s) 
	Call Stack: walk, walk, s.parseJSON 
	Bindings: filter: function
		i: string = popularity
		j: array
		k: string = 0
		m: object
		n: string = titillation
		s: object
		v: object
		walk: function
Paused at 192
	Hit Breakpoint(s) 
	Call Stack: walk, walk, walk, s.parseJSON 
	Bindings: filter: function
		i: undefined
		j: array
		k: string = popularity
		m: object
		n: undefined
		s: object
		v: number = 4294967296
		walk: function
Paused at 193
	Call Stack: walk, walk, walk, s.parseJSON 
	Bindings: filter: function
		i: undefined
		j: array
		k: string = popularity
		m: object
		n: undefined
		s: object
		v: number = 4294967296
		walk: function
Paused at 193
	Call Stack: walk, walk, walk, s.parseJSON 
	Bindings: filter: function
		i: undefined
		j: array
		k: string = popularity
		m: object
		n: undefined
		s: object
		v: number = 4294967296
		walk: function
Paused at 187
	Hit Breakpoint(s) 
	Call Stack: walk, walk, s.parseJSON 
	Bindings: filter: function
		i: string = popularity
		j: array
		k: string = 0
		m: object
		n: number = 32
		s: object
		v: object
		walk: function
Paused at 192
	Hit Breakpoint(s) 
	Call Stack: walk, walk, s.parseJSON 
	Bindings: filter: function
		i: string = toJSONString
		j: array
		k: string = 0
		m: object
		n: number = 32
		s: object
		v: object
		walk: function
Paused at 193
	Call Stack: walk, walk, s.parseJSON 
	Bindings: filter: function
		i: string = toJSONString
		j: array
		k: string = 0
		m: object
		n: number = 32
		s: object
		v: object
		walk: function
Paused at 193
	Call Stack: walk, walk, s.parseJSON 
	Bindings: filter: function
		i: string = toJSONString
		j: array
		k: string = 0
		m: object
		n: number = 32
		s: object
		v: object
		walk: function
Paused at 187
	Hit Breakpoint(s) 
	Call Stack: walk, s.parseJSON 
	Bindings: filter: function
		i: string = 0
		j: array
		k: string = 
		m: object
		n: object
		s: object
		v: array
		walk: function
Paused at 184
	Call Stack: walk, s.parseJSON 
	Bindings: filter: function
		i: string = 1
		j: array
		k: string = 
		m: object
		n: object
		s: object
		v: array
		walk: function
Paused at 185
	Call Stack: walk, s.parseJSON 
	Bindings: filter: function
		i: string = 1
		j: array
		k: string = 
		m: object
		n: object
		s: object
		v: array
		walk: function
Paused at 185
	Hit Breakpoint(s) 
	Call Stack: walk, walk, s.parseJSON 
	Bindings: filter: function
		i: string = tag
		j: array
		k: string = 1
		m: object
		n: undefined
		s: object
		v: object
		walk: function
Paused at 182
	Call Stack: walk, walk, walk, s.parseJSON 
	Bindings: filter: function
		i: undefined
		j: array
		k: string = tag
		m: object
		n: undefined
		s: object
		v: string = foamless
		walk: function
Paused at 192
	Hit Breakpoint(s) 
	Call Stack: walk, walk, walk, s.parseJSON 
	Bindings: filter: function
		i: undefined
		j: array
		k: string = tag
		m: object
		n: undefined
		s: object
		v: string = foamless
		walk: function
Paused at 229
	Call Stack: tagInfo<, walk, walk, walk, s.parseJSON 
	Bindings: a: string = tag
		b: string = foamless
Paused at 187
	Hit Breakpoint(s) 
	Call Stack: walk, walk, s.parseJSON 
	Bindings: filter: function
		i: string = tag
		j: array
		k: string = 1
		m: object
		n: string = foamless
		s: object
		v: object
		walk: function
Paused at 185
	Hit Breakpoint(s) 
	Call Stack: walk, walk, s.parseJSON 
	Bindings: filter: function
		i: string = popularity
		j: array
		k: string = 1
		m: object
		n: string = foamless
		s: object
		v: object
		walk: function
Paused at 192
	Hit Breakpoint(s) 
	Call Stack: walk, walk, walk, s.parseJSON 
	Bindings: filter: function
		i: undefined
		j: array
		k: string = popularity
		m: object
		n: undefined
		s: object
		v: number = 1257718401
		walk: function
Paused at 193
	Call Stack: walk, walk, walk, s.parseJSON 
	Bindings: filter: function
		i: undefined
		j: array
		k: string = popularity
		m: object
		n: undefined
		s: object
		v: number = 1257718401
		walk: function
Paused at 193
	Call Stack: walk, walk, walk, s.parseJSON 
	Bindings: filter: function
		i: undefined
		j: array
		k: string = popularity
		m: object
		n: undefined
		s: object
		v: number = 1257718401
		walk: function
Paused at 186
	Call Stack: walk, walk, s.parseJSON 
	Bindings: filter: function
		i: string = popularity
		j: array
		k: string = 1
		m: object
		n: number = 30.228161797699705
		s: object
		v: object
		walk: function
Paused at 187
	Call Stack: walk, walk, s.parseJSON 
	Bindings: filter: function
		i: string = popularity
		j: array
		k: string = 1
		m: object
		n: number = 30.228161797699705
		s: object
		v: object
		walk: function
Paused at 192
	Call Stack: walk, walk, s.parseJSON 
	Bindings: filter: function
		i: string = toJSONString
		j: array
		k: string = 1
		m: object
		n: number = 30.228161797699705
		s: object
		v: object
		walk: function
Paused at 193
	Call Stack: walk, walk, s.parseJSON 
	Bindings: filter: function
		i: string = toJSONString
		j: array
		k: string = 1
		m: object
		n: number = 30.228161797699705
		s: object
		v: object
		walk: function
Paused at 193
	Call Stack: walk, walk, s.parseJSON 
	Bindings: filter: function
		i: string = toJSONString
		j: array
		k: string = 1
		m: object
		n: number = 30.228161797699705
		s: object
		v: object
		walk: function
Paused at 187
	Hit Breakpoint(s) 
	Call Stack: walk, s.parseJSON 
	Bindings: filter: function
		i: string = 1
		j: array
		k: string = 
		m: object
		n: object
		s: object
		v: array
		walk: function
Paused at 185
	Call Stack: walk, s.parseJSON 
	Bindings: filter: function
		i: string = 2
		j: array
		k: string = 
		m: object
		n: object
		s: object
		v: array
		walk: function
Paused at 185
	Hit Breakpoint(s) 
	Call Stack: walk, s.parseJSON 
	Bindings: filter: function
		i: string = 2
		j: array
		k: string = 
		m: object
		n: object
		s: object
		v: array
		walk: function
Paused at 185
	Hit Breakpoint(s) 
	Call Stack: walk, walk, s.parseJSON 
	Bindings: filter: function
		i: string = tag
		j: array
		k: string = 2
		m: object
		n: undefined
		s: object
		v: object
		walk: function
Paused at 182
	Call Stack: walk, walk, walk, s.parseJSON 
	Bindings: filter: function
		i: undefined
		j: array
		k: string = tag
		m: object
		n: undefined
		s: object
		v: string = snarler
		walk: function
Paused at 192
	Hit Breakpoint(s) 
	Call Stack: walk, walk, walk, s.parseJSON 
	Bindings: filter: function
		i: undefined
		j: array
		k: string = tag
		m: object
		n: undefined
		s: object
		v: string = snarler
		walk: function
Paused at 193
	Call Stack: walk, walk, walk, s.parseJSON 
	Bindings: filter: function
		i: undefined
		j: array
		k: string = tag
		m: object
		n: undefined
		s: object
		v: string = snarler
		walk: function
Paused at 186
	Call Stack: walk, walk, s.parseJSON 
	Bindings: filter: function
		i: string = tag
		j: array
		k: string = 2
		m: object
		n: string = snarler
		s: object
		v: object
		walk: function
Paused at 187
	Hit Breakpoint(s) 
	Call Stack: walk, walk, s.parseJSON 
	Bindings: filter: function
		i: string = tag
		j: array
		k: string = 2
		m: object
		n: string = snarler
		s: object
		v: object
		walk: function
Paused at 185
	Hit Breakpoint(s) 
	Call Stack: walk, walk, s.parseJSON 
	Bindings: filter: function
		i: string = popularity
		j: array
		k: string = 2
		m: object
		n: string = snarler
		s: object
		v: object
		walk: function
Paused at 182
	Call Stack: walk, walk, walk, s.parseJSON 
	Bindings: filter: function
		i: undefined
		j: array
		k: string = popularity
		m: object
		n: undefined
		s: object
		v: number = 613166183
		walk: function
Paused at 192
	Hit Breakpoint(s) 
	Call Stack: walk, walk, walk, s.parseJSON 
	Bindings: filter: function
		i: undefined
		j: array
		k: string = popularity
		m: object
		n: undefined
		s: object
		v: number = 613166183
		walk: function
Paused at 187
	Hit Breakpoint(s) 
	Call Stack: walk, walk, s.parseJSON 
	Bindings: filter: function
		i: string = popularity
		j: array
		k: string = 2
		m: object
		n: number = 29.19170289157581
		s: object
		v: object
		walk: function
Paused at 192
	Hit Breakpoint(s) 
	Call Stack: walk, walk, s.parseJSON 
	Bindings: filter: function
		i: string = toJSONString
		j: array
		k: string = 2
		m: object
		n: number = 29.19170289157581
		s: object
		v: object
		walk: function
Paused at 193
	Call Stack: walk, walk, s.parseJSON 
	Bindings: filter: function
		i: string = toJSONString
		j: array
		k: string = 2
		m: object
		n: number = 29.19170289157581
		s: object
		v: object
		walk: function
Paused at 186
	Call Stack: walk, s.parseJSON 
	Bindings: filter: function
		i: string = 2
		j: array
		k: string = 
		m: object
		n: object
		s: object
		v: array
		walk: function
Paused at 187
	Call Stack: walk, s.parseJSON 
	Bindings: filter: function
		i: string = 2
		j: array
		k: string = 
		m: object
		n: object
		s: object
		v: array
		walk: function
Paused at 185
	Call Stack: walk, s.parseJSON 
	Bindings: filter: function
		i: string = 3
		j: array
		k: string = 
		m: object
		n: object
		s: object
		v: array
		walk: function
Paused at 185
	Hit Breakpoint(s) 
	Call Stack: walk, walk, s.parseJSON 
	Bindings: filter: function
		i: string = tag
		j: array
		k: string = 3
		m: object
		n: undefined
		s: object
		v: object
		walk: function
Paused at 192
	Hit Breakpoint(s) 
	Call Stack: walk, walk, walk, s.parseJSON 
	Bindings: filter: function
		i: undefined
		j: array
		k: string = tag
		m: object
		n: undefined
		s: object
		v: string = multangularness
		walk: function
Paused at 193
	Call Stack: walk, walk, walk, s.parseJSON 
	Bindings: filter: function
		i: undefined
		j: array
		k: string = tag
		m: object
		n: undefined
		s: object
		v: string = multangularness
		walk: function
Paused at 193
	Call Stack: walk, walk, walk, s.parseJSON 
	Bindings: filter: function
		i: undefined
		j: array
		k: string = tag
		m: object
		n: undefined
		s: object
		v: string = multangularness
		walk: function
Paused at 187
	Hit Breakpoint(s) 
	Call Stack: walk, walk, s.parseJSON 
	Bindings: filter: function
		i: string = tag
		j: array
		k: string = 3
		m: object
		n: string = multangularness
		s: object
		v: object
		walk: function
Paused at 185
	Call Stack: walk, walk, s.parseJSON 
	Bindings: filter: function
		i: string = popularity
		j: array
		k: string = 3
		m: object
		n: string = multangularness
		s: object
		v: object
		walk: function
Paused at 192
	Hit Breakpoint(s) 
	Call Stack: walk, walk, walk, s.parseJSON 
	Bindings: filter: function
		i: undefined
		j: array
		k: string = popularity
		m: object
		n: undefined
		s: object
		v: number = 368304452
		walk: function
Paused at 193
	Call Stack: walk, walk, walk, s.parseJSON 
	Bindings: filter: function
		i: undefined
		j: array
		k: string = popularity
		m: object
		n: undefined
		s: object
		v: number = 368304452
		walk: function
Paused at 187
	Hit Breakpoint(s) 
	Call Stack: walk, walk, s.parseJSON 
	Bindings: filter: function
		i: string = popularity
		j: array
		k: string = 3
		m: object
		n: number = 28.456323595488065
		s: object
		v: object
		walk: function
Paused at 192
	Call Stack: walk, walk, s.parseJSON 
	Bindings: filter: function
		i: string = toJSONString
		j: array
		k: string = 3
		m: object
		n: number = 28.456323595488065
		s: object
		v: object
		walk: function
Paused at 229
	Call Stack: tagInfo<, walk, walk, s.parseJSON 
	Bindings: a: string = 3
		b: object
Paused at 229
	Call Stack: tagInfo<, walk, walk, s.parseJSON 
	Bindings: a: string = 3
		b: object
Paused at 187
	Hit Breakpoint(s) 
	Call Stack: walk, s.parseJSON 
	Bindings: filter: function
		i: string = 3
		j: array
		k: string = 
		m: object
		n: object
		s: object
		v: array
		walk: function
Paused at 185
	Call Stack: walk, s.parseJSON 
	Bindings: filter: function
		i: string = 4
		j: array
		k: string = 
		m: object
		n: object
		s: object
		v: array
		walk: function
Paused at 185
	Hit Breakpoint(s) 
	Call Stack: walk, s.parseJSON 
	Bindings: filter: function
		i: string = 4
		j: array
		k: string = 
		m: object
		n: object
		s: object
		v: array
		walk: function
Paused at 185
	Hit Breakpoint(s) 
	Call Stack: walk, walk, s.parseJSON 
	Bindings: filter: function
		i: string = tag
		j: array
		k: string = 4
		m: object
		n: undefined
		s: object
		v: object
		walk: function
Paused at 192
	Hit Breakpoint(s) 
	Call Stack: walk, walk, walk, s.parseJSON 
	Bindings: filter: function
		i: undefined
		j: array
		k: string = tag
		m: object
		n: undefined
		s: object
		v: string = Fesapo unventurous
		walk: function
Paused at 193
	Call Stack: walk, walk, walk, s.parseJSON 
	Bindings: filter: function
		i: undefined
		j: array
		k: string = tag
		m: object
		n: undefined
		s: object
		v: string = Fesapo unventurous
		walk: function
Paused at 193
	Call Stack: walk, walk, walk, s.parseJSON 
	Bindings: filter: function
		i: undefined
		j: array
		k: string = tag
		m: object
		n: undefined
		s: object
		v: string = Fesapo unventurous
		walk: function
