67 -> 67
81 -> 81
171 -> 171
196 -> 196
76 -> 76
178 -> 178
217 -> 217
201 -> 201
236 -> 236
114 -> 114
153 -> 153
227 -> 227
111 -> 111
293 -> 293
115 -> 115
85 -> 85
88 -> 88
261 -> 261
300 -> 300
272 -> 272
60 -> 60
267 -> 267
93 -> 93
241 -> 241
173 -> 173
57 -> 57
151 -> 151
4 -> 4
5 -> 5
180 -> 180
160 -> 160
141 -> 141
276 -> 276
38 -> 38
211 -> 211
2 -> 2
101 -> 101
89 -> 89
119 -> 119
294 -> 294
154 -> 154
282 -> 282
123 -> 123
247 -> 247
238 -> 238
64 -> 64
32 -> 32
222 -> 222
1 -> 1
50 -> 50
168 -> 168
193 -> 193
177 -> 177
278 -> 278
149 -> 149
164 -> 164
254 -> 254
98 -> 98
130 -> 130
296 -> 296
219 -> 219
35 -> 35
132 -> 132
71 -> 71
291 -> 291
51 -> 51
142 -> 142
295 -> 295
135 -> 135
194 -> 194
106 -> 106
271 -> 271
97 -> 97
150 -> 150
274 -> 274
63 -> 63
152 -> 152
202 -> 202
124 -> 124
92 -> 92
66 -> 66
30 -> 30
73 -> 73
138 -> 138
239 -> 239
146 -> 146
288 -> 288
183 -> 183
192 -> 192
65 -> 65
279 -> 279
195 -> 195
224 -> 224
7 -> 7
265 -> 265
200 -> 200
249 -> 249
80 -> 80
145 -> 145
212 -> 212
250 -> 250
62 -> 62
262 -> 262
94 -> 94
25 -> 25
286 -> 286
256 -> 256
259 -> 259
237 -> 237
155 -> 155
285 -> 285
46 -> 46
179 -> 179
184 -> 184
289 -> 289
104 -> 104
109 -> 109
167 -> 167
118 -> 118
264 -> 264
84 -> 84
268 -> 268
251 -> 251
61 -> 61
28 -> 28
260 -> 260
273 -> 273
248 -> 248
47 -> 47
77 -> 77
255 -> 255
128 -> 128
163 -> 163
228 -> 228
