64 -> 64
73 -> 73
193 -> 193
212 -> 212
4 -> 4
201 -> 201
236 -> 236
219 -> 219
247 -> 247
128 -> 128
192 -> 192
241 -> 241
132 -> 132
296 -> 296
150 -> 150
123 -> 123
124 -> 124
267 -> 267
300 -> 300
278 -> 278
67 -> 67
274 -> 274
152 -> 152
260 -> 260
50 -> 50
160 -> 160
28 -> 28
222 -> 222
57 -> 57
239 -> 239
76 -> 76
217 -> 217
288 -> 288
46 -> 46
254 -> 254
248 -> 248
211 -> 211
66 -> 66
183 -> 183
109 -> 109
202 -> 202
289 -> 289
93 -> 93
92 -> 92
178 -> 178
200 -> 200
164 -> 164
250 -> 250
282 -> 282
118 -> 118
271 -> 271
114 -> 114
101 -> 101
32 -> 32
264 -> 264
60 -> 60
38 -> 38
25 -> 25
1 -> 1
261 -> 261
