248 -> 248
212 -> 212
296 -> 296
267 -> 267
193 -> 193
211 -> 211
222 -> 222
60 -> 60
271 -> 271
92 -> 92
288 -> 288
261 -> 261
123 -> 123
114 -> 114
32 -> 32
278 -> 278
132 -> 132
236 -> 236
201 -> 201
160 -> 160
289 -> 289
4 -> 4
93 -> 93
152 -> 152
241 -> 241
28 -> 28
1 -> 1
50 -> 50
192 -> 192
164 -> 164
200 -> 200
101 -> 101
46 -> 46
109 -> 109
217 -> 217
202 -> 202
64 -> 64
118 -> 118
178 -> 178
76 -> 76
250 -> 250
274 -> 274
66 -> 66
150 -> 150
38 -> 38
260 -> 260
124 -> 124
57 -> 57
25 -> 25
282 -> 282
128 -> 128
239 -> 239
183 -> 183
254 -> 254
67 -> 67
219 -> 219
300 -> 300
247 -> 247
264 -> 264
73 -> 73
