124 -> 124
211 -> 211
76 -> 76
118 -> 118
123 -> 123
38 -> 38
73 -> 73
1 -> 1
296 -> 296
264 -> 264
202 -> 202
64 -> 64
93 -> 93
236 -> 236
57 -> 57
274 -> 274
32 -> 32
254 -> 254
164 -> 164
46 -> 46
128 -> 128
212 -> 212
114 -> 114
247 -> 247
92 -> 92
50 -> 50
200 -> 200
267 -> 267
201 -> 201
288 -> 288
66 -> 66
219 -> 219
152 -> 152
183 -> 183
222 -> 222
160 -> 160
271 -> 271
282 -> 282
109 -> 109
250 -> 250
193 -> 193
4 -> 4
261 -> 261
101 -> 101
278 -> 278
300 -> 300
248 -> 248
289 -> 289
60 -> 60
67 -> 67
178 -> 178
192 -> 192
239 -> 239
260 -> 260
28 -> 28
241 -> 241
217 -> 217
132 -> 132
25 -> 25
150 -> 150
