1 -> 1
2 -> 2
4 -> 4
5 -> 5
7 -> 7
25 -> 25
28 -> 28
30 -> 30
32 -> 32
35 -> 35
38 -> 38
46 -> 46
47 -> 47
50 -> 50
51 -> 51
57 -> 57
60 -> 60
61 -> 61
62 -> 62
63 -> 63
64 -> 64
65 -> 65
66 -> 66
67 -> 67
71 -> 71
73 -> 73
76 -> 76
77 -> 77
80 -> 80
81 -> 81
84 -> 84
85 -> 85
88 -> 88
89 -> 89
92 -> 92
93 -> 93
94 -> 94
97 -> 97
98 -> 98
101 -> 101
104 -> 104
106 -> 106
109 -> 109
111 -> 111
114 -> 114
115 -> 115
118 -> 118
119 -> 119
123 -> 123
124 -> 124
128 -> 128
130 -> 130
132 -> 132
135 -> 135
138 -> 138
141 -> 141
142 -> 142
145 -> 145
146 -> 146
149 -> 149
150 -> 150
151 -> 151
152 -> 152
153 -> 153
154 -> 154
155 -> 155
160 -> 160
163 -> 163
164 -> 164
167 -> 167
168 -> 168
171 -> 171
173 -> 173
177 -> 177
178 -> 178
179 -> 179
180 -> 180
183 -> 183
184 -> 184
192 -> 192
193 -> 193
194 -> 194
195 -> 195
196 -> 196
200 -> 200
201 -> 201
202 -> 202
211 -> 211
212 -> 212
217 -> 217
219 -> 219
222 -> 222
224 -> 224
227 -> 227
228 -> 228
236 -> 236
237 -> 237
238 -> 238
239 -> 239
241 -> 241
247 -> 247
248 -> 248
249 -> 249
250 -> 250
251 -> 251
254 -> 254
255 -> 255
256 -> 256
259 -> 259
260 -> 260
261 -> 261
262 -> 262
264 -> 264
265 -> 265
267 -> 267
268 -> 268
271 -> 271
272 -> 272
273 -> 273
274 -> 274
276 -> 276
278 -> 278
279 -> 279
282 -> 282
285 -> 285
286 -> 286
288 -> 288
289 -> 289
291 -> 291
293 -> 293
294 -> 294
295 -> 295
296 -> 296
300 -> 300
