51 -> 51
255 -> 255
54 -> 54
218 -> 218
33 -> 33
294 -> 294
70 -> 70
116 -> 116
202 -> 202
148 -> 148
248 -> 248
228 -> 228
66 -> 66
170 -> 170
136 -> 136
68 -> 68
115 -> 115
126 -> 126
82 -> 82
179 -> 179
295 -> 295
298 -> 298
257 -> 257
74 -> 74
266 -> 266
63 -> 63
45 -> 45
296 -> 296
212 -> 212
60 -> 60
36 -> 36
143 -> 143
134 -> 134
107 -> 107
142 -> 142
120 -> 120
258 -> 258
151 -> 151
173 -> 173
59 -> 59
48 -> 48
253 -> 253
29 -> 29
96 -> 96
75 -> 75
299 -> 299
52 -> 52
229 -> 229
286 -> 286
91 -> 91
87 -> 87
8 -> 8
175 -> 175
81 -> 81
103 -> 103
213 -> 213
90 -> 90
172 -> 172
166 -> 166
185 -> 185
268 -> 268
98 -> 98
231 -> 231
79 -> 79
77 -> 77
6 -> 6
265 -> 265
131 -> 131
105 -> 105
138 -> 138
113 -> 113
194 -> 194
124 -> 124
186 -> 186
121 -> 121
94 -> 94
292 -> 292
165 -> 165
111 -> 111
274 -> 274
58 -> 58
262 -> 262
150 -> 150
251 -> 251
300 -> 300
205 -> 205
238 -> 238
169 -> 169
263 -> 263
261 -> 261
297 -> 297
26 -> 26
112 -> 112
106 -> 106
260 -> 260
83 -> 83
250 -> 250
301 -> 301
147 -> 147
89 -> 89
252 -> 252
193 -> 193
154 -> 154
161 -> 161
174 -> 174
39 -> 39
277 -> 277
102 -> 102
163 -> 163
196 -> 196
164 -> 164
99 -> 99
95 -> 95
287 -> 287
239 -> 239
144 -> 144
272 -> 272
78 -> 78
31 -> 31
280 -> 280
225 -> 225
223 -> 223
184 -> 184
206 -> 206
197 -> 197
146 -> 146
289 -> 289
67 -> 67
201 -> 201
137 -> 137
133 -> 133
119 -> 119
180 -> 180
72 -> 72
65 -> 65
49 -> 49
168 -> 168
64 -> 64
181 -> 181
62 -> 62
5 -> 5
86 -> 86
220 -> 220
61 -> 61
237 -> 237
127 -> 127
153 -> 153
156 -> 156
117 -> 117
140 -> 140
256 -> 256
275 -> 275
3 -> 3
302 -> 302
155 -> 155
182 -> 182
249 -> 249
157 -> 157
283 -> 283
108 -> 108
100 -> 100
226 -> 226
290 -> 290
240 -> 240
93 -> 93
178 -> 178
73 -> 73
139 -> 139
47 -> 47
273 -> 273
152 -> 152
204 -> 204
110 -> 110
242 -> 242
85 -> 85
279 -> 279
269 -> 269
2 -> 2
195 -> 195
129 -> 129
