26 -> 26
29 -> 29
179 -> 179
161 -> 161
279 -> 279
74 -> 74
204 -> 204
194 -> 194
261 -> 261
45 -> 45
213 -> 213
115 -> 115
231 -> 231
283 -> 283
297 -> 297
262 -> 262
289 -> 289
5 -> 5
39 -> 39
186 -> 186
268 -> 268
124 -> 124
2 -> 2
119 -> 119
47 -> 47
237 -> 237
255 -> 255
67 -> 67
201 -> 201
206 -> 206
153 -> 153
110 -> 110
223 -> 223
58 -> 58
212 -> 212
33 -> 33
157 -> 157
242 -> 242
193 -> 193
113 -> 113
68 -> 68
140 -> 140
51 -> 51
151 -> 151
220 -> 220
133 -> 133
129 -> 129
275 -> 275
253 -> 253
103 -> 103
100 -> 100
290 -> 290
65 -> 65
77 -> 77
272 -> 272
249 -> 249
165 -> 165
126 -> 126
184 -> 184
218 -> 218
240 -> 240
94 -> 94
60 -> 60
61 -> 61
248 -> 248
117 -> 117
251 -> 251
202 -> 202
300 -> 300
170 -> 170
93 -> 93
108 -> 108
70 -> 70
163 -> 163
286 -> 286
164 -> 164
106 -> 106
143 -> 143
131 -> 131
172 -> 172
175 -> 175
152 -> 152
250 -> 250
182 -> 182
168 -> 168
266 -> 266
225 -> 225
36 -> 36
178 -> 178
98 -> 98
260 -> 260
256 -> 256
287 -> 287
8 -> 8
137 -> 137
196 -> 196
263 -> 263
59 -> 59
142 -> 142
121 -> 121
257 -> 257
226 -> 226
3 -> 3
86 -> 86
197 -> 197
138 -> 138
49 -> 49
90 -> 90
277 -> 277
82 -> 82
146 -> 146
89 -> 89
301 -> 301
52 -> 52
54 -> 54
63 -> 63
292 -> 292
112 -> 112
72 -> 72
265 -> 265
81 -> 81
105 -> 105
150 -> 150
228 -> 228
73 -> 73
75 -> 75
239 -> 239
79 -> 79
62 -> 62
185 -> 185
85 -> 85
102 -> 102
95 -> 95
96 -> 96
298 -> 298
148 -> 148
205 -> 205
120 -> 120
147 -> 147
31 -> 31
229 -> 229
91 -> 91
273 -> 273
269 -> 269
173 -> 173
296 -> 296
195 -> 195
78 -> 78
116 -> 116
107 -> 107
136 -> 136
99 -> 99
169 -> 169
302 -> 302
87 -> 87
166 -> 166
299 -> 299
181 -> 181
6 -> 6
294 -> 294
134 -> 134
156 -> 156
48 -> 48
180 -> 180
274 -> 274
139 -> 139
144 -> 144
64 -> 64
174 -> 174
127 -> 127
295 -> 295
238 -> 238
154 -> 154
83 -> 83
155 -> 155
280 -> 280
258 -> 258
111 -> 111
66 -> 66
252 -> 252
