1 -> 1
4 -> 4
7 -> 7
25 -> 25
28 -> 28
38 -> 38
44 -> 44
46 -> 46
50 -> 50
64 -> 64
66 -> 66
67 -> 67
71 -> 71
73 -> 73
80 -> 80
99 -> 99
104 -> 104
109 -> 109
112 -> 112
114 -> 114
123 -> 123
125 -> 125
133 -> 133
139 -> 139
150 -> 150
152 -> 152
156 -> 156
160 -> 160
164 -> 164
167 -> 167
178 -> 178
185 -> 185
192 -> 192
193 -> 193
200 -> 200
203 -> 203
205 -> 205
211 -> 211
212 -> 212
217 -> 217
222 -> 222
225 -> 225
230 -> 230
236 -> 236
241 -> 241
248 -> 248
252 -> 252
254 -> 254
259 -> 259
260 -> 260
261 -> 261
267 -> 267
271 -> 271
274 -> 274
278 -> 278
282 -> 282
288 -> 288
289 -> 289
291 -> 291
296 -> 296
