297 -> 297
95 -> 95
81 -> 81
70 -> 70
119 -> 119
251 -> 251
115 -> 115
87 -> 87
142 -> 142
286 -> 286
68 -> 68
100 -> 100
3 -> 3
172 -> 172
131 -> 131
136 -> 136
59 -> 59
54 -> 54
185 -> 185
261 -> 261
290 -> 290
213 -> 213
102 -> 102
78 -> 78
26 -> 26
107 -> 107
275 -> 275
155 -> 155
165 -> 165
74 -> 74
112 -> 112
296 -> 296
31 -> 31
268 -> 268
287 -> 287
280 -> 280
144 -> 144
174 -> 174
49 -> 49
256 -> 256
63 -> 63
111 -> 111
302 -> 302
120 -> 120
161 -> 161
133 -> 133
62 -> 62
274 -> 274
106 -> 106
47 -> 47
206 -> 206
39 -> 39
260 -> 260
240 -> 240
134 -> 134
156 -> 156
238 -> 238
163 -> 163
289 -> 289
152 -> 152
75 -> 75
94 -> 94
164 -> 164
153 -> 153
121 -> 121
193 -> 193
269 -> 269
66 -> 66
226 -> 226
105 -> 105
262 -> 262
255 -> 255
257 -> 257
93 -> 93
180 -> 180
301 -> 301
72 -> 72
91 -> 91
252 -> 252
48 -> 48
67 -> 67
181 -> 181
294 -> 294
298 -> 298
103 -> 103
212 -> 212
218 -> 218
173 -> 173
127 -> 127
77 -> 77
45 -> 45
248 -> 248
137 -> 137
295 -> 295
279 -> 279
250 -> 250
272 -> 272
202 -> 202
8 -> 8
178 -> 178
60 -> 60
157 -> 157
2 -> 2
266 -> 266
58 -> 58
129 -> 129
168 -> 168
89 -> 89
169 -> 169
140 -> 140
110 -> 110
228 -> 228
225 -> 225
242 -> 242
283 -> 283
239 -> 239
205 -> 205
98 -> 98
151 -> 151
139 -> 139
258 -> 258
277 -> 277
292 -> 292
90 -> 90
99 -> 99
231 -> 231
124 -> 124
182 -> 182
108 -> 108
86 -> 86
220 -> 220
195 -> 195
73 -> 73
194 -> 194
147 -> 147
117 -> 117
51 -> 51
196 -> 196
29 -> 29
96 -> 96
237 -> 237
223 -> 223
184 -> 184
150 -> 150
33 -> 33
265 -> 265
52 -> 52
5 -> 5
300 -> 300
170 -> 170
143 -> 143
249 -> 249
197 -> 197
175 -> 175
299 -> 299
146 -> 146
65 -> 65
83 -> 83
263 -> 263
154 -> 154
186 -> 186
179 -> 179
138 -> 138
113 -> 113
204 -> 204
201 -> 201
61 -> 61
6 -> 6
253 -> 253
64 -> 64
79 -> 79
85 -> 85
148 -> 148
82 -> 82
36 -> 36
126 -> 126
229 -> 229
273 -> 273
166 -> 166
116 -> 116
