275 -> 275
51 -> 51
295 -> 295
193 -> 193
253 -> 253
156 -> 156
175 -> 175
220 -> 220
277 -> 277
96 -> 96
238 -> 238
126 -> 126
77 -> 77
256 -> 256
279 -> 279
237 -> 237
111 -> 111
140 -> 140
173 -> 173
251 -> 251
36 -> 36
54 -> 54
272 -> 272
181 -> 181
108 -> 108
283 -> 283
290 -> 290
102 -> 102
229 -> 229
79 -> 79
231 -> 231
100 -> 100
301 -> 301
204 -> 204
68 -> 68
131 -> 131
273 -> 273
81 -> 81
161 -> 161
218 -> 218
52 -> 52
86 -> 86
58 -> 58
169 -> 169
286 -> 286
136 -> 136
70 -> 70
163 -> 163
117 -> 117
72 -> 72
47 -> 47
124 -> 124
164 -> 164
151 -> 151
240 -> 240
205 -> 205
225 -> 225
112 -> 112
263 -> 263
74 -> 74
228 -> 228
168 -> 168
299 -> 299
83 -> 83
115 -> 115
110 -> 110
67 -> 67
269 -> 269
6 -> 6
39 -> 39
197 -> 197
152 -> 152
249 -> 249
186 -> 186
62 -> 62
3 -> 3
280 -> 280
94 -> 94
296 -> 296
120 -> 120
139 -> 139
87 -> 87
137 -> 137
182 -> 182
257 -> 257
153 -> 153
166 -> 166
103 -> 103
258 -> 258
144 -> 144
268 -> 268
170 -> 170
194 -> 194
287 -> 287
165 -> 165
98 -> 98
213 -> 213
242 -> 242
78 -> 78
113 -> 113
60 -> 60
260 -> 260
185 -> 185
121 -> 121
255 -> 255
59 -> 59
248 -> 248
226 -> 226
180 -> 180
49 -> 49
262 -> 262
261 -> 261
239 -> 239
63 -> 63
99 -> 99
95 -> 95
89 -> 89
294 -> 294
2 -> 2
146 -> 146
45 -> 45
148 -> 148
250 -> 250
298 -> 298
196 -> 196
85 -> 85
154 -> 154
195 -> 195
265 -> 265
29 -> 29
116 -> 116
297 -> 297
33 -> 33
107 -> 107
223 -> 223
90 -> 90
206 -> 206
174 -> 174
65 -> 65
8 -> 8
300 -> 300
212 -> 212
252 -> 252
75 -> 75
64 -> 64
31 -> 31
5 -> 5
155 -> 155
82 -> 82
48 -> 48
179 -> 179
178 -> 178
26 -> 26
119 -> 119
134 -> 134
289 -> 289
133 -> 133
61 -> 61
292 -> 292
201 -> 201
157 -> 157
150 -> 150
142 -> 142
127 -> 127
73 -> 73
202 -> 202
105 -> 105
106 -> 106
184 -> 184
91 -> 91
66 -> 66
143 -> 143
172 -> 172
138 -> 138
274 -> 274
93 -> 93
302 -> 302
147 -> 147
266 -> 266
129 -> 129
