298 -> 298
140 -> 140
242 -> 242
81 -> 81
213 -> 213
87 -> 87
180 -> 180
147 -> 147
220 -> 220
193 -> 193
116 -> 116
49 -> 49
201 -> 201
169 -> 169
126 -> 126
164 -> 164
294 -> 294
153 -> 153
168 -> 168
31 -> 31
61 -> 61
261 -> 261
36 -> 36
29 -> 29
255 -> 255
60 -> 60
178 -> 178
292 -> 292
91 -> 91
65 -> 65
151 -> 151
299 -> 299
182 -> 182
112 -> 112
119 -> 119
86 -> 86
174 -> 174
268 -> 268
197 -> 197
248 -> 248
124 -> 124
237 -> 237
63 -> 63
195 -> 195
266 -> 266
300 -> 300
185 -> 185
223 -> 223
3 -> 3
229 -> 229
202 -> 202
68 -> 68
2 -> 2
280 -> 280
144 -> 144
134 -> 134
59 -> 59
269 -> 269
66 -> 66
226 -> 226
47 -> 47
85 -> 85
96 -> 96
231 -> 231
228 -> 228
105 -> 105
39 -> 39
152 -> 152
138 -> 138
272 -> 272
157 -> 157
6 -> 6
274 -> 274
129 -> 129
8 -> 8
62 -> 62
263 -> 263
273 -> 273
142 -> 142
127 -> 127
102 -> 102
77 -> 77
108 -> 108
161 -> 161
99 -> 99
172 -> 172
48 -> 48
205 -> 205
296 -> 296
155 -> 155
146 -> 146
70 -> 70
94 -> 94
74 -> 74
115 -> 115
289 -> 289
33 -> 33
139 -> 139
163 -> 163
240 -> 240
194 -> 194
165 -> 165
262 -> 262
120 -> 120
253 -> 253
154 -> 154
238 -> 238
45 -> 45
166 -> 166
95 -> 95
196 -> 196
251 -> 251
286 -> 286
218 -> 218
258 -> 258
5 -> 5
249 -> 249
73 -> 73
106 -> 106
89 -> 89
204 -> 204
131 -> 131
143 -> 143
51 -> 51
186 -> 186
58 -> 58
301 -> 301
67 -> 67
277 -> 277
64 -> 64
113 -> 113
260 -> 260
52 -> 52
75 -> 75
150 -> 150
256 -> 256
110 -> 110
252 -> 252
148 -> 148
78 -> 78
250 -> 250
133 -> 133
100 -> 100
93 -> 93
82 -> 82
239 -> 239
295 -> 295
290 -> 290
302 -> 302
275 -> 275
72 -> 72
90 -> 90
265 -> 265
181 -> 181
79 -> 79
279 -> 279
184 -> 184
287 -> 287
175 -> 175
103 -> 103
170 -> 170
54 -> 54
206 -> 206
121 -> 121
117 -> 117
283 -> 283
257 -> 257
107 -> 107
26 -> 26
179 -> 179
297 -> 297
225 -> 225
83 -> 83
137 -> 137
212 -> 212
136 -> 136
156 -> 156
173 -> 173
98 -> 98
111 -> 111
