297 -> 297
77 -> 77
147 -> 147
5 -> 5
220 -> 220
117 -> 117
250 -> 250
26 -> 26
121 -> 121
60 -> 60
144 -> 144
72 -> 72
269 -> 269
137 -> 137
196 -> 196
29 -> 29
131 -> 131
231 -> 231
51 -> 51
124 -> 124
186 -> 186
226 -> 226
73 -> 73
204 -> 204
180 -> 180
6 -> 6
96 -> 96
49 -> 49
260 -> 260
79 -> 79
165 -> 165
202 -> 202
93 -> 93
150 -> 150
279 -> 279
142 -> 142
86 -> 86
169 -> 169
168 -> 168
61 -> 61
66 -> 66
298 -> 298
74 -> 74
205 -> 205
45 -> 45
154 -> 154
289 -> 289
157 -> 157
251 -> 251
136 -> 136
301 -> 301
33 -> 33
83 -> 83
283 -> 283
206 -> 206
81 -> 81
106 -> 106
181 -> 181
292 -> 292
152 -> 152
129 -> 129
87 -> 87
64 -> 64
229 -> 229
163 -> 163
70 -> 70
58 -> 58
126 -> 126
133 -> 133
111 -> 111
102 -> 102
223 -> 223
36 -> 36
272 -> 272
120 -> 120
287 -> 287
170 -> 170
127 -> 127
107 -> 107
8 -> 8
240 -> 240
155 -> 155
299 -> 299
256 -> 256
249 -> 249
116 -> 116
164 -> 164
248 -> 248
78 -> 78
175 -> 175
108 -> 108
161 -> 161
148 -> 148
47 -> 47
213 -> 213
140 -> 140
151 -> 151
173 -> 173
48 -> 48
262 -> 262
52 -> 52
242 -> 242
99 -> 99
295 -> 295
75 -> 75
268 -> 268
252 -> 252
274 -> 274
100 -> 100
266 -> 266
261 -> 261
31 -> 31
119 -> 119
239 -> 239
82 -> 82
54 -> 54
194 -> 194
146 -> 146
91 -> 91
179 -> 179
90 -> 90
265 -> 265
94 -> 94
113 -> 113
197 -> 197
275 -> 275
182 -> 182
174 -> 174
139 -> 139
296 -> 296
212 -> 212
228 -> 228
273 -> 273
257 -> 257
286 -> 286
253 -> 253
134 -> 134
195 -> 195
89 -> 89
39 -> 39
193 -> 193
277 -> 277
143 -> 143
153 -> 153
68 -> 68
105 -> 105
280 -> 280
300 -> 300
3 -> 3
110 -> 110
59 -> 59
95 -> 95
2 -> 2
255 -> 255
258 -> 258
225 -> 225
290 -> 290
98 -> 98
184 -> 184
172 -> 172
178 -> 178
185 -> 185
62 -> 62
302 -> 302
218 -> 218
65 -> 65
63 -> 63
237 -> 237
263 -> 263
156 -> 156
85 -> 85
115 -> 115
67 -> 67
238 -> 238
138 -> 138
103 -> 103
201 -> 201
112 -> 112
166 -> 166
294 -> 294
