290 -> 290
26 -> 26
287 -> 287
99 -> 99
111 -> 111
231 -> 231
166 -> 166
164 -> 164
112 -> 112
2 -> 2
95 -> 95
195 -> 195
136 -> 136
286 -> 286
65 -> 65
206 -> 206
78 -> 78
60 -> 60
237 -> 237
301 -> 301
225 -> 225
269 -> 269
151 -> 151
262 -> 262
185 -> 185
194 -> 194
212 -> 212
240 -> 240
36 -> 36
120 -> 120
197 -> 197
77 -> 77
121 -> 121
179 -> 179
108 -> 108
115 -> 115
239 -> 239
220 -> 220
256 -> 256
72 -> 72
204 -> 204
229 -> 229
260 -> 260
249 -> 249
58 -> 58
91 -> 91
226 -> 226
228 -> 228
142 -> 142
173 -> 173
299 -> 299
105 -> 105
272 -> 272
81 -> 81
205 -> 205
257 -> 257
59 -> 59
152 -> 152
180 -> 180
73 -> 73
124 -> 124
193 -> 193
146 -> 146
266 -> 266
184 -> 184
163 -> 163
253 -> 253
102 -> 102
258 -> 258
242 -> 242
295 -> 295
106 -> 106
202 -> 202
47 -> 47
75 -> 75
31 -> 31
67 -> 67
201 -> 201
138 -> 138
66 -> 66
280 -> 280
133 -> 133
218 -> 218
186 -> 186
168 -> 168
161 -> 161
85 -> 85
90 -> 90
70 -> 70
263 -> 263
277 -> 277
62 -> 62
289 -> 289
54 -> 54
116 -> 116
182 -> 182
3 -> 3
5 -> 5
297 -> 297
196 -> 196
175 -> 175
6 -> 6
134 -> 134
156 -> 156
165 -> 165
68 -> 68
33 -> 33
52 -> 52
170 -> 170
140 -> 140
87 -> 87
283 -> 283
83 -> 83
79 -> 79
110 -> 110
155 -> 155
238 -> 238
181 -> 181
298 -> 298
61 -> 61
143 -> 143
157 -> 157
64 -> 64
8 -> 8
107 -> 107
39 -> 39
302 -> 302
98 -> 98
139 -> 139
48 -> 48
255 -> 255
296 -> 296
274 -> 274
252 -> 252
275 -> 275
261 -> 261
213 -> 213
137 -> 137
172 -> 172
45 -> 45
294 -> 294
119 -> 119
93 -> 93
94 -> 94
268 -> 268
251 -> 251
169 -> 169
86 -> 86
174 -> 174
265 -> 265
153 -> 153
279 -> 279
49 -> 49
126 -> 126
96 -> 96
250 -> 250
103 -> 103
300 -> 300
63 -> 63
178 -> 178
144 -> 144
248 -> 248
74 -> 74
273 -> 273
82 -> 82
223 -> 223
113 -> 113
131 -> 131
100 -> 100
117 -> 117
89 -> 89
154 -> 154
29 -> 29
292 -> 292
51 -> 51
150 -> 150
129 -> 129
127 -> 127
147 -> 147
148 -> 148
