133 -> 133
205 -> 205
80 -> 80
123 -> 123
125 -> 125
38 -> 38
73 -> 73
1 -> 1
291 -> 291
261 -> 261
203 -> 203
66 -> 66
104 -> 104
225 -> 225
50 -> 50
274 -> 274
28 -> 28
254 -> 254
164 -> 164
44 -> 44
139 -> 139
211 -> 211
114 -> 114
241 -> 241
99 -> 99
46 -> 46
193 -> 193
267 -> 267
200 -> 200
288 -> 288
67 -> 67
217 -> 217
156 -> 156
178 -> 178
222 -> 222
160 -> 160
271 -> 271
282 -> 282
112 -> 112
252 -> 252
192 -> 192
4 -> 4
260 -> 260
109 -> 109
278 -> 278
296 -> 296
248 -> 248
289 -> 289
64 -> 64
71 -> 71
167 -> 167
185 -> 185
230 -> 230
259 -> 259
25 -> 25
236 -> 236
212 -> 212
150 -> 150
7 -> 7
152 -> 152
