120 -> 120
295 -> 295
261 -> 261
290 -> 290
98 -> 98
151 -> 151
173 -> 173
91 -> 91
61 -> 61
231 -> 231
136 -> 136
36 -> 36
250 -> 250
287 -> 287
102 -> 102
269 -> 269
73 -> 73
239 -> 239
54 -> 54
170 -> 170
185 -> 185
237 -> 237
116 -> 116
193 -> 193
169 -> 169
142 -> 142
205 -> 205
115 -> 115
263 -> 263
277 -> 277
3 -> 3
260 -> 260
197 -> 197
297 -> 297
300 -> 300
134 -> 134
265 -> 265
113 -> 113
157 -> 157
252 -> 252
45 -> 45
163 -> 163
64 -> 64
302 -> 302
2 -> 2
78 -> 78
137 -> 137
33 -> 33
62 -> 62
220 -> 220
279 -> 279
99 -> 99
112 -> 112
138 -> 138
150 -> 150
175 -> 175
66 -> 66
106 -> 106
178 -> 178
186 -> 186
39 -> 39
223 -> 223
68 -> 68
266 -> 266
60 -> 60
100 -> 100
262 -> 262
87 -> 87
93 -> 93
139 -> 139
96 -> 96
6 -> 6
74 -> 74
5 -> 5
253 -> 253
95 -> 95
8 -> 8
26 -> 26
52 -> 52
117 -> 117
51 -> 51
255 -> 255
67 -> 67
72 -> 72
229 -> 229
286 -> 286
85 -> 85
124 -> 124
140 -> 140
240 -> 240
70 -> 70
257 -> 257
280 -> 280
63 -> 63
94 -> 94
147 -> 147
283 -> 283
179 -> 179
299 -> 299
196 -> 196
268 -> 268
103 -> 103
226 -> 226
75 -> 75
133 -> 133
256 -> 256
242 -> 242
164 -> 164
166 -> 166
146 -> 146
298 -> 298
212 -> 212
251 -> 251
111 -> 111
129 -> 129
202 -> 202
58 -> 58
275 -> 275
289 -> 289
228 -> 228
201 -> 201
225 -> 225
249 -> 249
172 -> 172
47 -> 47
82 -> 82
107 -> 107
180 -> 180
161 -> 161
131 -> 131
213 -> 213
48 -> 48
294 -> 294
144 -> 144
184 -> 184
274 -> 274
194 -> 194
174 -> 174
89 -> 89
156 -> 156
79 -> 79
165 -> 165
110 -> 110
143 -> 143
273 -> 273
90 -> 90
181 -> 181
83 -> 83
65 -> 65
195 -> 195
119 -> 119
29 -> 29
121 -> 121
59 -> 59
301 -> 301
31 -> 31
182 -> 182
238 -> 238
127 -> 127
248 -> 248
168 -> 168
153 -> 153
292 -> 292
296 -> 296
206 -> 206
148 -> 148
204 -> 204
152 -> 152
218 -> 218
105 -> 105
77 -> 77
258 -> 258
155 -> 155
154 -> 154
49 -> 49
108 -> 108
81 -> 81
272 -> 272
86 -> 86
126 -> 126
