1 -> 1
2 -> 2
4 -> 4
7 -> 7
25 -> 25
28 -> 28
30 -> 30
32 -> 32
35 -> 35
38 -> 38
44 -> 44
46 -> 46
48 -> 48
50 -> 50
51 -> 51
53 -> 53
57 -> 57
58 -> 58
59 -> 59
60 -> 60
61 -> 61
62 -> 62
64 -> 64
66 -> 66
67 -> 67
69 -> 69
71 -> 71
72 -> 72
73 -> 73
74 -> 74
76 -> 76
77 -> 77
78 -> 78
80 -> 80
81 -> 81
84 -> 84
85 -> 85
88 -> 88
89 -> 89
90 -> 90
92 -> 92
93 -> 93
94 -> 94
95 -> 95
98 -> 98
99 -> 99
101 -> 101
102 -> 102
104 -> 104
105 -> 105
106 -> 106
107 -> 107
109 -> 109
111 -> 111
112 -> 112
114 -> 114
115 -> 115
116 -> 116
118 -> 118
119 -> 119
120 -> 120
123 -> 123
125 -> 125
133 -> 133
136 -> 136
137 -> 137
139 -> 139
141 -> 141
142 -> 142
145 -> 145
146 -> 146
147 -> 147
149 -> 149
150 -> 150
151 -> 151
152 -> 152
156 -> 156
160 -> 160
162 -> 162
163 -> 163
164 -> 164
165 -> 165
167 -> 167
168 -> 168
169 -> 169
171 -> 171
172 -> 172
174 -> 174
177 -> 177
178 -> 178
181 -> 181
183 -> 183
184 -> 184
185 -> 185
192 -> 192
193 -> 193
194 -> 194
195 -> 195
196 -> 196
200 -> 200
201 -> 201
203 -> 203
204 -> 204
205 -> 205
211 -> 211
212 -> 212
217 -> 217
219 -> 219
222 -> 222
224 -> 224
225 -> 225
227 -> 227
228 -> 228
230 -> 230
236 -> 236
238 -> 238
239 -> 239
241 -> 241
247 -> 247
248 -> 248
249 -> 249
250 -> 250
252 -> 252
254 -> 254
255 -> 255
256 -> 256
259 -> 259
260 -> 260
261 -> 261
262 -> 262
264 -> 264
265 -> 265
267 -> 267
268 -> 268
271 -> 271
272 -> 272
274 -> 274
276 -> 276
278 -> 278
282 -> 282
285 -> 285
286 -> 286
288 -> 288
289 -> 289
291 -> 291
295 -> 295
296 -> 296
297 -> 297
299 -> 299
300 -> 300
301 -> 301
