2 -> 2
3 -> 3
5 -> 5
6 -> 6
8 -> 8
26 -> 26
29 -> 29
31 -> 31
33 -> 33
36 -> 36
39 -> 39
45 -> 45
47 -> 47
48 -> 48
49 -> 49
51 -> 51
52 -> 52
54 -> 54
58 -> 58
59 -> 59
60 -> 60
61 -> 61
62 -> 62
63 -> 63
64 -> 64
65 -> 65
66 -> 66
67 -> 67
68 -> 68
70 -> 70
72 -> 72
73 -> 73
74 -> 74
75 -> 75
77 -> 77
78 -> 78
79 -> 79
81 -> 81
82 -> 82
83 -> 83
85 -> 85
86 -> 86
87 -> 87
89 -> 89
90 -> 90
91 -> 91
93 -> 93
94 -> 94
95 -> 95
96 -> 96
98 -> 98
99 -> 99
100 -> 100
102 -> 102
103 -> 103
105 -> 105
106 -> 106
107 -> 107
108 -> 108
110 -> 110
111 -> 111
112 -> 112
113 -> 113
115 -> 115
116 -> 116
117 -> 117
119 -> 119
120 -> 120
121 -> 121
124 -> 124
126 -> 126
127 -> 127
129 -> 129
131 -> 131
133 -> 133
134 -> 134
136 -> 136
137 -> 137
138 -> 138
139 -> 139
140 -> 140
142 -> 142
143 -> 143
144 -> 144
146 -> 146
147 -> 147
148 -> 148
150 -> 150
151 -> 151
152 -> 152
153 -> 153
154 -> 154
155 -> 155
156 -> 156
157 -> 157
161 -> 161
163 -> 163
164 -> 164
165 -> 165
166 -> 166
168 -> 168
169 -> 169
170 -> 170
172 -> 172
173 -> 173
174 -> 174
175 -> 175
178 -> 178
179 -> 179
180 -> 180
181 -> 181
182 -> 182
184 -> 184
185 -> 185
186 -> 186
193 -> 193
194 -> 194
195 -> 195
196 -> 196
197 -> 197
201 -> 201
202 -> 202
204 -> 204
205 -> 205
206 -> 206
212 -> 212
213 -> 213
218 -> 218
220 -> 220
223 -> 223
225 -> 225
226 -> 226
228 -> 228
229 -> 229
231 -> 231
237 -> 237
238 -> 238
239 -> 239
240 -> 240
242 -> 242
248 -> 248
249 -> 249
250 -> 250
251 -> 251
252 -> 252
253 -> 253
255 -> 255
256 -> 256
257 -> 257
258 -> 258
260 -> 260
261 -> 261
262 -> 262
263 -> 263
265 -> 265
266 -> 266
268 -> 268
269 -> 269
272 -> 272
273 -> 273
274 -> 274
275 -> 275
277 -> 277
279 -> 279
280 -> 280
283 -> 283
286 -> 286
287 -> 287
289 -> 289
290 -> 290
292 -> 292
294 -> 294
295 -> 295
296 -> 296
297 -> 297
298 -> 298
299 -> 299
300 -> 300
301 -> 301
302 -> 302
