73 -> 73
83 -> 83
161 -> 161
182 -> 182
77 -> 77
166 -> 166
197 -> 197
185 -> 185
218 -> 218
108 -> 108
144 -> 144
206 -> 206
105 -> 105
296 -> 296
107 -> 107
81 -> 81
3 -> 3
255 -> 255
302 -> 302
269 -> 269
51 -> 51
262 -> 262
85 -> 85
225 -> 225
156 -> 156
8 -> 8
136 -> 136
153 -> 153
178 -> 178
163 -> 163
143 -> 143
120 -> 120
274 -> 274
137 -> 137
184 -> 184
5 -> 5
62 -> 62
134 -> 134
99 -> 99
297 -> 297
66 -> 66
280 -> 280
100 -> 100
223 -> 223
45 -> 45
272 -> 272
202 -> 202
193 -> 193
33 -> 33
48 -> 48
72 -> 72
164 -> 164
146 -> 146
74 -> 74
113 -> 113
79 -> 79
231 -> 231
65 -> 65
64 -> 64
301 -> 301
181 -> 181
29 -> 29
142 -> 142
138 -> 138
292 -> 292
268 -> 268
228 -> 228
299 -> 299
91 -> 91
152 -> 152
277 -> 277
260 -> 260
131 -> 131
172 -> 172
265 -> 265
261 -> 261
170 -> 170
157 -> 157
294 -> 294
36 -> 36
26 -> 26
124 -> 124
59 -> 59
300 -> 300
49 -> 49
78 -> 78
283 -> 283
148 -> 148
150 -> 150
248 -> 248
117 -> 117
133 -> 133
155 -> 155
129 -> 129
238 -> 238
139 -> 139
111 -> 111
2 -> 2
60 -> 60
126 -> 126
179 -> 179
58 -> 58
212 -> 212
116 -> 116
250 -> 250
121 -> 121
70 -> 70
87 -> 87
195 -> 195
173 -> 173
61 -> 61
298 -> 298
95 -> 95
151 -> 151
174 -> 174
275 -> 275
175 -> 175
242 -> 242
89 -> 89
229 -> 229
253 -> 253
154 -> 154
204 -> 204
119 -> 119
201 -> 201
220 -> 220
103 -> 103
39 -> 39
127 -> 127
252 -> 252
67 -> 67
147 -> 147
110 -> 110
273 -> 273
140 -> 140
287 -> 287
168 -> 168
94 -> 94
93 -> 93
251 -> 251
237 -> 237
112 -> 112
86 -> 86
47 -> 47
106 -> 106
213 -> 213
75 -> 75
63 -> 63
31 -> 31
239 -> 239
194 -> 194
6 -> 6
295 -> 295
266 -> 266
205 -> 205
82 -> 82
90 -> 90
257 -> 257
102 -> 102
115 -> 115
286 -> 286
68 -> 68
290 -> 290
180 -> 180
256 -> 256
96 -> 96
263 -> 263
279 -> 279
52 -> 52
165 -> 165
226 -> 226
169 -> 169
98 -> 98
196 -> 196
289 -> 289
240 -> 240
258 -> 258
186 -> 186
249 -> 249
54 -> 54
