117 -> 117
250 -> 250
261 -> 261
263 -> 263
39 -> 39
60 -> 60
87 -> 87
193 -> 193
67 -> 67
262 -> 262
220 -> 220
64 -> 64
296 -> 296
169 -> 169
185 -> 185
194 -> 194
253 -> 253
5 -> 5
113 -> 113
231 -> 231
180 -> 180
239 -> 239
272 -> 272
184 -> 184
170 -> 170
66 -> 66
165 -> 165
3 -> 3
168 -> 168
116 -> 116
107 -> 107
105 -> 105
65 -> 65
242 -> 242
257 -> 257
197 -> 197
127 -> 127
83 -> 83
47 -> 47
58 -> 58
51 -> 51
229 -> 229
96 -> 96
290 -> 290
181 -> 181
89 -> 89
26 -> 26
68 -> 68
248 -> 248
62 -> 62
54 -> 54
161 -> 161
196 -> 196
142 -> 142
153 -> 153
174 -> 174
178 -> 178
148 -> 148
154 -> 154
91 -> 91
279 -> 279
36 -> 36
110 -> 110
150 -> 150
182 -> 182
289 -> 289
49 -> 49
115 -> 115
258 -> 258
82 -> 82
33 -> 33
124 -> 124
186 -> 186
147 -> 147
273 -> 273
277 -> 277
52 -> 52
86 -> 86
74 -> 74
302 -> 302
212 -> 212
59 -> 59
112 -> 112
238 -> 238
179 -> 179
175 -> 175
102 -> 102
265 -> 265
152 -> 152
166 -> 166
204 -> 204
206 -> 206
228 -> 228
298 -> 298
240 -> 240
255 -> 255
205 -> 205
134 -> 134
286 -> 286
287 -> 287
81 -> 81
237 -> 237
138 -> 138
226 -> 226
297 -> 297
63 -> 63
283 -> 283
6 -> 6
195 -> 195
72 -> 72
156 -> 156
137 -> 137
126 -> 126
119 -> 119
157 -> 157
78 -> 78
99 -> 99
70 -> 70
213 -> 213
29 -> 29
301 -> 301
218 -> 218
249 -> 249
295 -> 295
294 -> 294
299 -> 299
173 -> 173
133 -> 133
100 -> 100
31 -> 31
93 -> 93
151 -> 151
292 -> 292
223 -> 223
201 -> 201
45 -> 45
202 -> 202
172 -> 172
106 -> 106
136 -> 136
111 -> 111
275 -> 275
164 -> 164
95 -> 95
300 -> 300
163 -> 163
94 -> 94
256 -> 256
77 -> 77
120 -> 120
121 -> 121
225 -> 225
85 -> 85
98 -> 98
155 -> 155
144 -> 144
266 -> 266
280 -> 280
139 -> 139
251 -> 251
108 -> 108
2 -> 2
90 -> 90
79 -> 79
140 -> 140
73 -> 73
143 -> 143
260 -> 260
61 -> 61
75 -> 75
103 -> 103
8 -> 8
48 -> 48
269 -> 269
274 -> 274
268 -> 268
131 -> 131
146 -> 146
129 -> 129
252 -> 252
