248 -> 248
211 -> 211
291 -> 291
267 -> 267
192 -> 192
205 -> 205
222 -> 222
64 -> 64
271 -> 271
99 -> 99
288 -> 288
260 -> 260
125 -> 125
114 -> 114
28 -> 28
278 -> 278
150 -> 150
225 -> 225
200 -> 200
160 -> 160
289 -> 289
4 -> 4
104 -> 104
156 -> 156
236 -> 236
25 -> 25
1 -> 1
46 -> 46
185 -> 185
164 -> 164
193 -> 193
109 -> 109
44 -> 44
112 -> 112
212 -> 212
203 -> 203
66 -> 66
123 -> 123
167 -> 167
80 -> 80
252 -> 252
274 -> 274
67 -> 67
152 -> 152
38 -> 38
259 -> 259
133 -> 133
50 -> 50
7 -> 7
282 -> 282
139 -> 139
230 -> 230
178 -> 178
254 -> 254
71 -> 71
217 -> 217
296 -> 296
241 -> 241
261 -> 261
73 -> 73
