153 -> 153
277 -> 277
108 -> 108
294 -> 294
266 -> 266
124 -> 124
86 -> 86
195 -> 195
180 -> 180
174 -> 174
202 -> 202
289 -> 289
102 -> 102
131 -> 131
52 -> 52
51 -> 51
89 -> 89
112 -> 112
115 -> 115
75 -> 75
292 -> 292
166 -> 166
253 -> 253
204 -> 204
300 -> 300
268 -> 268
237 -> 237
72 -> 72
93 -> 93
152 -> 152
107 -> 107
48 -> 48
151 -> 151
144 -> 144
240 -> 240
87 -> 87
5 -> 5
257 -> 257
127 -> 127
223 -> 223
96 -> 96
275 -> 275
126 -> 126
226 -> 226
58 -> 58
273 -> 273
297 -> 297
60 -> 60
287 -> 287
213 -> 213
83 -> 83
263 -> 263
238 -> 238
54 -> 54
142 -> 142
2 -> 2
168 -> 168
111 -> 111
85 -> 85
150 -> 150
169 -> 169
137 -> 137
290 -> 290
260 -> 260
95 -> 95
286 -> 286
206 -> 206
194 -> 194
29 -> 29
172 -> 172
143 -> 143
148 -> 148
140 -> 140
49 -> 49
99 -> 99
100 -> 100
228 -> 228
66 -> 66
91 -> 91
249 -> 249
186 -> 186
129 -> 129
65 -> 65
205 -> 205
82 -> 82
184 -> 184
147 -> 147
78 -> 78
134 -> 134
163 -> 163
63 -> 63
181 -> 181
242 -> 242
119 -> 119
90 -> 90
117 -> 117
170 -> 170
68 -> 68
161 -> 161
70 -> 70
256 -> 256
146 -> 146
165 -> 165
252 -> 252
73 -> 73
133 -> 133
31 -> 31
265 -> 265
269 -> 269
280 -> 280
225 -> 225
139 -> 139
110 -> 110
301 -> 301
77 -> 77
197 -> 197
121 -> 121
3 -> 3
61 -> 61
26 -> 26
250 -> 250
239 -> 239
116 -> 116
201 -> 201
39 -> 39
105 -> 105
196 -> 196
175 -> 175
94 -> 94
212 -> 212
302 -> 302
218 -> 218
229 -> 229
120 -> 120
103 -> 103
164 -> 164
231 -> 231
62 -> 62
156 -> 156
106 -> 106
64 -> 64
299 -> 299
113 -> 113
296 -> 296
185 -> 185
274 -> 274
8 -> 8
248 -> 248
33 -> 33
45 -> 45
67 -> 67
178 -> 178
47 -> 47
279 -> 279
136 -> 136
74 -> 74
157 -> 157
155 -> 155
295 -> 295
262 -> 262
193 -> 193
138 -> 138
179 -> 179
98 -> 98
6 -> 6
298 -> 298
81 -> 81
251 -> 251
220 -> 220
258 -> 258
36 -> 36
59 -> 59
283 -> 283
173 -> 173
154 -> 154
79 -> 79
261 -> 261
182 -> 182
272 -> 272
255 -> 255
