47 -> 47
93 -> 93
287 -> 287
231 -> 231
134 -> 134
275 -> 275
95 -> 95
99 -> 99
300 -> 300
151 -> 151
133 -> 133
196 -> 196
147 -> 147
77 -> 77
279 -> 279
107 -> 107
289 -> 289
124 -> 124
156 -> 156
45 -> 45
48 -> 48
129 -> 129
255 -> 255
26 -> 26
185 -> 185
79 -> 79
274 -> 274
8 -> 8
296 -> 296
67 -> 67
155 -> 155
72 -> 72
161 -> 161
239 -> 239
150 -> 150
206 -> 206
83 -> 83
51 -> 51
105 -> 105
290 -> 290
283 -> 283
36 -> 36
197 -> 197
223 -> 223
139 -> 139
256 -> 256
54 -> 54
148 -> 148
6 -> 6
86 -> 86
166 -> 166
273 -> 273
91 -> 91
82 -> 82
60 -> 60
65 -> 65
242 -> 242
272 -> 272
66 -> 66
218 -> 218
165 -> 165
94 -> 94
240 -> 240
225 -> 225
182 -> 182
178 -> 178
152 -> 152
269 -> 269
121 -> 121
140 -> 140
119 -> 119
186 -> 186
62 -> 62
98 -> 98
59 -> 59
251 -> 251
252 -> 252
212 -> 212
297 -> 297
213 -> 213
102 -> 102
73 -> 73
144 -> 144
153 -> 153
63 -> 63
108 -> 108
136 -> 136
180 -> 180
110 -> 110
228 -> 228
173 -> 173
100 -> 100
75 -> 75
292 -> 292
181 -> 181
258 -> 258
31 -> 31
164 -> 164
61 -> 61
68 -> 68
265 -> 265
248 -> 248
261 -> 261
195 -> 195
280 -> 280
268 -> 268
170 -> 170
39 -> 39
2 -> 2
201 -> 201
81 -> 81
266 -> 266
127 -> 127
138 -> 138
64 -> 64
174 -> 174
146 -> 146
120 -> 120
263 -> 263
205 -> 205
157 -> 157
112 -> 112
299 -> 299
70 -> 70
168 -> 168
298 -> 298
111 -> 111
257 -> 257
277 -> 277
184 -> 184
52 -> 52
294 -> 294
58 -> 58
204 -> 204
33 -> 33
106 -> 106
249 -> 249
137 -> 137
143 -> 143
194 -> 194
163 -> 163
193 -> 193
113 -> 113
116 -> 116
179 -> 179
78 -> 78
202 -> 202
29 -> 29
253 -> 253
154 -> 154
87 -> 87
49 -> 49
301 -> 301
89 -> 89
74 -> 74
238 -> 238
175 -> 175
85 -> 85
117 -> 117
226 -> 226
3 -> 3
250 -> 250
220 -> 220
131 -> 131
103 -> 103
286 -> 286
90 -> 90
115 -> 115
96 -> 96
260 -> 260
172 -> 172
169 -> 169
126 -> 126
5 -> 5
295 -> 295
142 -> 142
237 -> 237
302 -> 302
262 -> 262
229 -> 229
