115 -> 115
183 -> 183
84 -> 84
105 -> 105
106 -> 106
30 -> 30
71 -> 71
104 -> 104
296 -> 296
254 -> 254
164 -> 164
165 -> 165
66 -> 66
195 -> 195
35 -> 35
267 -> 267
77 -> 77
227 -> 227
107 -> 107
2 -> 2
78 -> 78
160 -> 160
172 -> 172
194 -> 194
259 -> 259
169 -> 169
112 -> 112
241 -> 241
28 -> 28
272 -> 272
59 -> 59
136 -> 136
88 -> 88
95 -> 95
123 -> 123
225 -> 225
72 -> 72
260 -> 260
7 -> 7
44 -> 44
211 -> 211
212 -> 212
171 -> 171
145 -> 145
236 -> 236
299 -> 299
295 -> 295
262 -> 262
149 -> 149
217 -> 217
249 -> 249
289 -> 289
184 -> 184
92 -> 92
1 -> 1
192 -> 192
99 -> 99
268 -> 268
119 -> 119
69 -> 69
201 -> 201
61 -> 61
181 -> 181
98 -> 98
101 -> 101
167 -> 167
93 -> 93
205 -> 205
162 -> 162
48 -> 48
116 -> 116
25 -> 25
168 -> 168
252 -> 252
73 -> 73
50 -> 50
256 -> 256
76 -> 76
85 -> 85
255 -> 255
114 -> 114
300 -> 300
125 -> 125
224 -> 224
64 -> 64
141 -> 141
90 -> 90
80 -> 80
286 -> 286
74 -> 74
276 -> 276
137 -> 137
222 -> 222
142 -> 142
89 -> 89
288 -> 288
102 -> 102
239 -> 239
146 -> 146
58 -> 58
248 -> 248
46 -> 46
196 -> 196
150 -> 150
200 -> 200
271 -> 271
109 -> 109
193 -> 193
247 -> 247
261 -> 261
156 -> 156
203 -> 203
32 -> 32
60 -> 60
111 -> 111
297 -> 297
163 -> 163
62 -> 62
4 -> 4
57 -> 57
118 -> 118
174 -> 174
38 -> 38
185 -> 185
94 -> 94
147 -> 147
301 -> 301
265 -> 265
282 -> 282
53 -> 53
264 -> 264
120 -> 120
291 -> 291
278 -> 278
139 -> 139
178 -> 178
228 -> 228
238 -> 238
81 -> 81
177 -> 177
285 -> 285
152 -> 152
230 -> 230
250 -> 250
204 -> 204
151 -> 151
219 -> 219
274 -> 274
51 -> 51
133 -> 133
67 -> 67
