320 -> 320
261 -> 264
403 -> 410
347 -> 347
229 -> 233
249 -> 252
272 -> 272
38 -> 38
353 -> 353
63 -> 64
376 -> 383
330 -> 330
119 -> 119
84 -> 84
199 -> 199
359 -> 359
130 -> 130
260 -> 260
211 -> 212
142 -> 144
395 -> 397
224 -> 224
75 -> 76
83 -> 84
48 -> 48
329 -> 329
267 -> 268
352 -> 352
96 -> 96
90 -> 90
136 -> 136
218 -> 220
198 -> 199
28 -> 28
158 -> 167
36 -> 36
363 -> 375
372 -> 375
165 -> 167
138 -> 139
222 -> 224
314 -> 314
237 -> 239
60 -> 60
346 -> 346
194 -> 195
239 -> 239
248 -> 248
375 -> 375
298 -> 299
369 -> 375
282 -> 282
209 -> 212
151 -> 153
310 -> 310
160 -> 167
355 -> 355
345 -> 346
195 -> 195
274 -> 276
67 -> 68
212 -> 212
189 -> 191
279 -> 279
305 -> 305
294 -> 294
32 -> 32
19 -> 19
328 -> 329
312 -> 312
55 -> 56
101 -> 102
173 -> 174
81 -> 82
49 -> 50
80 -> 80
89 -> 90
288 -> 288
365 -> 375
400 -> 410
336 -> 337
9 -> 13
266 -> 268
342 -> 342
191 -> 191
167 -> 167
307 -> 307
247 -> 248
364 -> 375
323 -> 324
349 -> 350
387 -> 397
412 -> 412
190 -> 191
302 -> 303
324 -> 324
269 -> 272
51 -> 52
150 -> 153
184 -> 187
246 -> 248
226 -> 228
61 -> 62
417 -> 419
43 -> 44
276 -> 276
357 -> 358
15 -> 15
281 -> 282
343 -> 344
143 -> 144
221 -> 224
253 -> 256
1 -> 13
263 -> 264
24 -> 25
244 -> 248
296 -> 296
309 -> 309
397 -> 397
107 -> 108
62 -> 62
243 -> 248
126 -> 129
181 -> 183
286 -> 288
178 -> 179
338 -> 340
50 -> 50
220 -> 220
23 -> 23
147 -> 147
257 -> 260
232 -> 233
311 -> 311
2 -> 13
64 -> 64
93 -> 94
29 -> 29
57 -> 58
16 -> 17
228 -> 228
45 -> 45
185 -> 187
170 -> 171
217 -> 220
371 -> 375
182 -> 183
94 -> 94
401 -> 410
5 -> 13
219 -> 220
156 -> 167
54 -> 54
174 -> 174
326 -> 326
59 -> 60
256 -> 256
382 -> 383
245 -> 248
322 -> 322
289 -> 290
398 -> 410
164 -> 167
163 -> 167
52 -> 52
333 -> 334
68 -> 68
95 -> 96
334 -> 334
171 -> 171
235 -> 239
413 -> 413
378 -> 383
259 -> 260
161 -> 167
227 -> 228
33 -> 33
390 -> 397
