1 -> 13
2 -> 13
5 -> 13
9 -> 13
15 -> 15
16 -> 17
19 -> 19
23 -> 23
24 -> 25
28 -> 28
29 -> 29
32 -> 32
33 -> 33
36 -> 36
38 -> 38
43 -> 44
45 -> 45
48 -> 48
49 -> 50
50 -> 50
51 -> 52
52 -> 52
54 -> 54
55 -> 56
57 -> 58
59 -> 60
60 -> 60
61 -> 62
62 -> 62
63 -> 64
64 -> 64
67 -> 68
68 -> 68
75 -> 76
80 -> 80
81 -> 82
83 -> 84
84 -> 84
89 -> 90
90 -> 90
93 -> 94
94 -> 94
95 -> 96
96 -> 96
101 -> 102
107 -> 108
119 -> 119
126 -> 129
130 -> 130
136 -> 136
138 -> 139
142 -> 144
143 -> 144
147 -> 147
150 -> 153
151 -> 153
156 -> 167
158 -> 167
160 -> 167
161 -> 167
163 -> 167
164 -> 167
165 -> 167
167 -> 167
170 -> 171
171 -> 171
173 -> 174
174 -> 174
178 -> 179
181 -> 183
182 -> 183
184 -> 187
185 -> 187
189 -> 191
190 -> 191
191 -> 191
194 -> 195
195 -> 195
198 -> 199
199 -> 199
209 -> 212
211 -> 212
212 -> 212
217 -> 220
218 -> 220
219 -> 220
220 -> 220
221 -> 224
222 -> 224
224 -> 224
226 -> 228
227 -> 228
228 -> 228
229 -> 233
232 -> 233
235 -> 239
237 -> 239
239 -> 239
243 -> 248
244 -> 248
245 -> 248
246 -> 248
247 -> 248
248 -> 248
249 -> 252
253 -> 256
256 -> 256
257 -> 260
259 -> 260
260 -> 260
261 -> 264
263 -> 264
266 -> 268
267 -> 268
269 -> 272
272 -> 272
274 -> 276
276 -> 276
279 -> 279
281 -> 282
282 -> 282
286 -> 288
288 -> 288
289 -> 290
294 -> 294
296 -> 296
298 -> 299
302 -> 303
305 -> 305
307 -> 307
309 -> 309
310 -> 310
311 -> 311
312 -> 312
314 -> 314
320 -> 320
322 -> 322
323 -> 324
324 -> 324
326 -> 326
328 -> 329
329 -> 329
330 -> 330
333 -> 334
334 -> 334
336 -> 337
338 -> 340
342 -> 342
343 -> 344
345 -> 346
346 -> 346
347 -> 347
349 -> 350
352 -> 352
353 -> 353
355 -> 355
357 -> 358
359 -> 359
363 -> 375
364 -> 375
365 -> 375
369 -> 375
371 -> 375
372 -> 375
375 -> 375
376 -> 383
378 -> 383
382 -> 383
387 -> 397
390 -> 397
395 -> 397
397 -> 397
398 -> 410
400 -> 410
401 -> 410
403 -> 410
412 -> 412
413 -> 413
417 -> 419
