173 -> 174
259 -> 260
94 -> 94
160 -> 167
161 -> 167
19 -> 19
64 -> 64
156 -> 167
401 -> 410
338 -> 340
235 -> 239
29 -> 29
60 -> 60
269 -> 272
400 -> 410
357 -> 358
81 -> 82
310 -> 310
9 -> 13
256 -> 256
45 -> 45
224 -> 224
245 -> 248
263 -> 264
345 -> 346
239 -> 239
164 -> 167
323 -> 324
163 -> 167
364 -> 375
23 -> 23
184 -> 187
89 -> 90
119 -> 119
178 -> 179
307 -> 307
322 -> 322
57 -> 58
143 -> 144
227 -> 228
282 -> 282
288 -> 288
237 -> 239
194 -> 195
312 -> 312
403 -> 410
397 -> 397
347 -> 347
199 -> 199
5 -> 13
328 -> 329
390 -> 397
248 -> 248
281 -> 282
16 -> 17
50 -> 50
107 -> 108
43 -> 44
15 -> 15
228 -> 228
266 -> 268
343 -> 344
244 -> 248
48 -> 48
75 -> 76
221 -> 224
279 -> 279
272 -> 272
212 -> 212
253 -> 256
158 -> 167
61 -> 62
171 -> 171
326 -> 326
150 -> 153
181 -> 183
334 -> 334
142 -> 144
311 -> 311
330 -> 330
54 -> 54
413 -> 413
232 -> 233
93 -> 94
222 -> 224
55 -> 56
59 -> 60
209 -> 212
376 -> 383
182 -> 183
63 -> 64
226 -> 228
174 -> 174
51 -> 52
267 -> 268
218 -> 220
342 -> 342
298 -> 299
126 -> 129
1 -> 13
229 -> 233
412 -> 412
243 -> 248
101 -> 102
274 -> 276
247 -> 248
261 -> 264
375 -> 375
294 -> 294
130 -> 130
83 -> 84
246 -> 248
138 -> 139
355 -> 355
219 -> 220
38 -> 38
167 -> 167
32 -> 32
249 -> 252
387 -> 397
309 -> 309
67 -> 68
2 -> 13
372 -> 375
371 -> 375
296 -> 296
211 -> 212
286 -> 288
349 -> 350
151 -> 153
165 -> 167
257 -> 260
217 -> 220
33 -> 33
320 -> 320
185 -> 187
28 -> 28
195 -> 195
365 -> 375
314 -> 314
333 -> 334
84 -> 84
289 -> 290
68 -> 68
346 -> 346
136 -> 136
352 -> 352
80 -> 80
305 -> 305
62 -> 62
417 -> 419
353 -> 353
329 -> 329
382 -> 383
147 -> 147
95 -> 96
170 -> 171
220 -> 220
369 -> 375
198 -> 199
36 -> 36
302 -> 303
363 -> 375
260 -> 260
90 -> 90
336 -> 337
324 -> 324
24 -> 25
52 -> 52
189 -> 191
276 -> 276
191 -> 191
398 -> 410
96 -> 96
359 -> 359
190 -> 191
395 -> 397
49 -> 50
378 -> 383
