67 -> 68
90 -> 90
232 -> 233
261 -> 264
80 -> 80
244 -> 248
279 -> 279
267 -> 268
298 -> 299
158 -> 167
217 -> 220
289 -> 290
150 -> 153
398 -> 410
156 -> 167
84 -> 84
2 -> 13
336 -> 337
417 -> 419
357 -> 358
83 -> 84
347 -> 347
93 -> 94
309 -> 309
228 -> 228
15 -> 15
194 -> 195
224 -> 224
256 -> 256
237 -> 239
212 -> 212
173 -> 174
364 -> 375
60 -> 60
263 -> 264
5 -> 13
54 -> 54
191 -> 191
142 -> 144
400 -> 410
75 -> 76
372 -> 375
143 -> 144
305 -> 305
32 -> 32
363 -> 375
286 -> 288
269 -> 272
302 -> 303
36 -> 36
64 -> 64
63 -> 64
218 -> 220
68 -> 68
165 -> 167
51 -> 52
314 -> 314
59 -> 60
229 -> 233
413 -> 413
260 -> 260
281 -> 282
209 -> 212
198 -> 199
390 -> 397
355 -> 355
310 -> 310
403 -> 410
359 -> 359
61 -> 62
369 -> 375
345 -> 346
189 -> 191
248 -> 248
353 -> 353
346 -> 346
247 -> 248
81 -> 82
395 -> 397
160 -> 167
16 -> 17
181 -> 183
50 -> 50
412 -> 412
266 -> 268
235 -> 239
375 -> 375
220 -> 220
376 -> 383
326 -> 326
171 -> 171
190 -> 191
57 -> 58
185 -> 187
322 -> 322
199 -> 199
9 -> 13
174 -> 174
43 -> 44
182 -> 183
259 -> 260
49 -> 50
294 -> 294
170 -> 171
330 -> 330
107 -> 108
89 -> 90
95 -> 96
276 -> 276
329 -> 329
52 -> 52
401 -> 410
130 -> 130
221 -> 224
178 -> 179
365 -> 375
349 -> 350
324 -> 324
307 -> 307
312 -> 312
48 -> 48
352 -> 352
288 -> 288
311 -> 311
282 -> 282
96 -> 96
211 -> 212
161 -> 167
184 -> 187
334 -> 334
226 -> 228
167 -> 167
257 -> 260
147 -> 147
33 -> 33
378 -> 383
24 -> 25
272 -> 272
227 -> 228
333 -> 334
320 -> 320
164 -> 167
23 -> 23
243 -> 248
38 -> 38
328 -> 329
195 -> 195
138 -> 139
249 -> 252
323 -> 324
274 -> 276
28 -> 28
397 -> 397
55 -> 56
101 -> 102
239 -> 239
151 -> 153
222 -> 224
296 -> 296
338 -> 340
342 -> 342
29 -> 29
219 -> 220
343 -> 344
382 -> 383
136 -> 136
119 -> 119
94 -> 94
45 -> 45
253 -> 256
1 -> 13
246 -> 248
387 -> 397
371 -> 375
62 -> 62
245 -> 248
19 -> 19
126 -> 129
163 -> 167
