28 -> 35
37 -> 38
95 -> 96
114 -> 114
35 -> 35
106 -> 106
120 -> 120
117 -> 119
126 -> 127
67 -> 71
92 -> 92
125 -> 125
20 -> 20
167 -> 167
70 -> 71
52 -> 59
57 -> 59
142 -> 142
173 -> 173
151 -> 151
59 -> 59
146 -> 146
65 -> 71
135 -> 135
108 -> 109
62 -> 62
6 -> 6
0 -> 4
15 -> 15
116 -> 119
107 -> 107
93 -> 94
156 -> 156
14 -> 14
18 -> 18
16 -> 16
76 -> 94
66 -> 71
91 -> 91
171 -> 171
109 -> 109
161 -> 162
94 -> 94
139 -> 140
138 -> 140
158 -> 160
24 -> 94
44 -> 47
140 -> 140
87 -> 87
123 -> 123
128 -> 129
124 -> 125
90 -> 91
72 -> 94
88 -> 88
39 -> 47
21 -> 21
134 -> 135
9 -> 9
103 -> 103
143 -> 143
54 -> 59
71 -> 71
26 -> 26
162 -> 162
154 -> 155
74 -> 74
166 -> 166
34 -> 35
25 -> 26
133 -> 133
33 -> 35
2 -> 4
136 -> 140
145 -> 146
38 -> 38
147 -> 147
98 -> 98
81 -> 81
112 -> 113
68 -> 71
129 -> 129
22 -> 22
119 -> 119
42 -> 47
7 -> 18
