133 -> 133
112 -> 113
171 -> 171
143 -> 143
95 -> 96
108 -> 109
119 -> 119
21 -> 21
146 -> 146
35 -> 35
161 -> 162
139 -> 140
59 -> 59
52 -> 59
91 -> 91
151 -> 151
66 -> 71
117 -> 119
94 -> 94
68 -> 71
166 -> 166
106 -> 106
57 -> 59
62 -> 62
120 -> 120
140 -> 140
124 -> 125
147 -> 147
70 -> 71
44 -> 47
76 -> 94
14 -> 14
39 -> 47
72 -> 94
26 -> 26
65 -> 71
156 -> 156
16 -> 16
9 -> 9
92 -> 92
34 -> 35
142 -> 142
123 -> 123
0 -> 4
154 -> 155
114 -> 114
125 -> 125
129 -> 129
162 -> 162
54 -> 59
33 -> 35
22 -> 22
71 -> 71
2 -> 4
145 -> 146
116 -> 119
107 -> 107
74 -> 74
126 -> 127
90 -> 91
87 -> 87
42 -> 47
98 -> 98
20 -> 20
24 -> 94
25 -> 26
158 -> 160
18 -> 18
134 -> 135
15 -> 15
38 -> 38
103 -> 103
88 -> 88
167 -> 167
128 -> 129
67 -> 71
6 -> 6
109 -> 109
81 -> 81
173 -> 173
7 -> 18
93 -> 94
135 -> 135
28 -> 35
138 -> 140
37 -> 38
136 -> 140
