0 -> 4
2 -> 4
6 -> 6
7 -> 18
9 -> 9
11 -> 11
14 -> 14
15 -> 15
16 -> 16
18 -> 18
20 -> 20
21 -> 21
22 -> 22
24 -> 94
25 -> 26
26 -> 26
28 -> 35
33 -> 35
34 -> 35
35 -> 35
37 -> 38
38 -> 38
39 -> 47
42 -> 47
44 -> 47
52 -> 59
54 -> 59
57 -> 59
59 -> 59
61 -> 62
62 -> 62
65 -> 71
66 -> 71
67 -> 71
68 -> 71
70 -> 71
71 -> 71
72 -> 94
74 -> 74
75 -> 75
76 -> 94
81 -> 81
82 -> 82
87 -> 87
88 -> 88
90 -> 91
91 -> 91
92 -> 92
93 -> 94
94 -> 94
95 -> 96
98 -> 98
103 -> 103
106 -> 106
107 -> 107
108 -> 109
109 -> 109
112 -> 113
114 -> 114
116 -> 119
117 -> 119
119 -> 119
120 -> 120
123 -> 123
124 -> 125
125 -> 125
126 -> 127
128 -> 129
129 -> 129
133 -> 133
134 -> 135
135 -> 135
136 -> 140
138 -> 140
139 -> 140
140 -> 140
142 -> 142
143 -> 143
145 -> 146
146 -> 146
147 -> 147
151 -> 151
154 -> 155
156 -> 156
158 -> 160
161 -> 162
162 -> 162
164 -> 164
166 -> 166
167 -> 167
171 -> 171
173 -> 173
