request breakpoint   0 at line  16
                   set at line 337
request breakpoint   1 at line  40
                   set at line  40
request breakpoint   2 at line 178
                   set at line 178
request breakpoint   3 at line 412
                   set at line 412
request breakpoint   4 at line 307
                   set at line 308
request breakpoint   5 at line 117
                   set at line 117
request breakpoint   6 at line 439
                   set at line 439
request breakpoint   7 at line 193
                   set at line 193
request breakpoint   8 at line 281
                   set at line 281
request breakpoint   9 at line  77
                   set at line  77
request breakpoint  10 at line 216
                   set at line 216
request breakpoint  11 at line  53
                   set at line  53
request breakpoint  12 at line 356
                   set at line 356
request breakpoint  13 at line 241
                   set at line 241
request breakpoint  14 at line 311
                   set at line 334
request breakpoint  15 at line 331
                   set at line 334
request breakpoint  16 at line 284
                   set at line 284
request breakpoint  17 at line 320
                   set at line 334
request breakpoint  18 at line  24
                   set at line 337
request breakpoint  19 at line  10
                   set at line 337
request breakpoint  20 at line 433
                   set at line 433
request breakpoint  21 at line  90
                   set at line  92
request breakpoint  22 at line 293
                   set at line 293
request breakpoint  23 at line 372
                   set at line 372
request breakpoint  24 at line  27
                   set at line  27
request breakpoint  25 at line 367
                   set at line 367
request breakpoint  26 at line 362
                   set at line 362
request breakpoint  27 at line  99
                   set at line 100
request breakpoint  28 at line 248
                   set at line 248
request breakpoint  29 at line 277
                   set at line 277
request breakpoint  30 at line 131
                   set at line 131
request breakpoint  31 at line 253
                   set at line 253
request breakpoint  32 at line 442
                   set at line 442
request breakpoint  33 at line 214
                   set at line 214
request breakpoint  34 at line 419
                   set at line 419
request breakpoint  35 at line 361
                   set at line 361
request breakpoint  36 at line 322
                   set at line 334
request breakpoint  37 at line 238
                   set at line 238
request breakpoint  38 at line 126
                   set at line 126
request breakpoint  39 at line 296
                   set at line 296
request breakpoint  40 at line 219
                   set at line 219
request breakpoint  41 at line 288
                   set at line 288
request breakpoint  42 at line  96
                   set at line  96
request breakpoint  43 at line  68
                   set at line  68
request breakpoint  44 at line 170
                   set at line 171
request breakpoint  45 at line 262
                   set at line 263
request breakpoint  46 at line 113
                   set at line 113
request breakpoint  47 at line 200
                   set at line 200
request breakpoint  48 at line 202
                   set at line 203
request breakpoint  49 at line 240
                   set at line 241
request breakpoint  50 at line 377
                   set at line 377
request breakpoint  51 at line 149
                   set at line 149
request breakpoint  52 at line   4
                   set at line 337
request breakpoint  53 at line 128
                   set at line 128
request breakpoint  54 at line 263
                   set at line 263
request breakpoint  55 at line 124
                   set at line 337
request breakpoint  56 at line  11
                   set at line 337
request breakpoint  57 at line 169
                   set at line 337
request breakpoint  58 at line 239
                   set at line 239
request breakpoint  59 at line 181
                   set at line 181
request breakpoint  60 at line 409
                   set at line 409
request breakpoint  61 at line 221
                   set at line 223
request breakpoint  62 at line 405
                   set at line 405
request breakpoint  63 at line 308
                   set at line 308
request breakpoint  64 at line 179
                   set at line 179
request breakpoint  65 at line  61
                   set at line  61
request breakpoint  66 at line   9
                   set at line 337
request breakpoint  67 at line  57
                   set at line  57
request breakpoint  68 at line 112
                   set at line 112
request breakpoint  69 at line 300
                   set at line 301
request breakpoint  70 at line 375
                   set at line 375
request breakpoint  71 at line 325
                   set at line 334
request breakpoint  72 at line 340
                   set at line 340
request breakpoint  73 at line 355
                   set at line 355
request breakpoint  74 at line 304
                   set at line 304
request breakpoint  75 at line  95
                   set at line  95
request breakpoint  76 at line  88
                   set at line  88
request breakpoint  77 at line  32
                   set at line  32
request breakpoint  78 at line  21
                   set at line 337
paused at line 337
	because of breakpoints [0,18,19,52,55,56,57,66,78]
action: stepIn
paused at line 358
action: stepIn
paused at line 360
action: stepOver
paused at line 415
action: stepOver
paused at line 430
action: resume
paused at line 439
	because of breakpoints [6]
action: stepIn
paused at line 447
action: stepOver
paused at line  27
	because of breakpoints [24]
action: stepOver
paused at line  28
action: resume
paused at line  27
	because of breakpoints [24]
action: stepIn
paused at line  28
action: stepOver
paused at line 214
	because of breakpoints [33]
action: stepIn
paused at line  27
	because of breakpoints [24]
action: stepOut
paused at line 215
action: resume
paused at line  27
	because of breakpoints [24]
action: resume
paused at line 216
	because of breakpoints [10]
action: resume
paused at line  27
	because of breakpoints [24]
action: resume
paused at line  27
	because of breakpoints [24]
action: resume
paused at line  27
	because of breakpoints [24]
action: stepIn
paused at line  28
action: stepIn
paused at line 219
	because of breakpoints [40]
action: stepOver
paused at line  27
	because of breakpoints [24]
action: stepIn
paused at line  28
action: resume
paused at line 223
	because of breakpoints [61]
action: stepOut
paused at line 126
	because of breakpoints [38]
action: stepIn
paused at line  72
action: stepOut
paused at line 127
action: stepOut
paused at line 128
	because of breakpoints [53]
action: stepIn
paused at line  88
	because of breakpoints [76]
action: resume
paused at line  92
	because of breakpoints [21]
action: resume
paused at line  95
	because of breakpoints [75]
action: stepIn
paused at line  35
action: resume
paused at line  96
	because of breakpoints [42]
action: stepOver
paused at line  97
action: stepOver
paused at line 147
action: stepOver
paused at line 148
action: stepOut
paused at line 149
	because of breakpoints [51]
action: resume
paused at line 126
	because of breakpoints [38]
action: stepOver
paused at line 127
action: stepIn
paused at line  72
action: resume
paused at line 128
	because of breakpoints [53]
action: stepOver
paused at line  88
	because of breakpoints [76]
action: resume
paused at line  92
	because of breakpoints [21]
action: stepIn
paused at line 129
action: stepIn
paused at line 135
action: stepOver
paused at line 138
action: resume
paused at line  95
	because of breakpoints [75]
action: stepIn
paused at line  35
action: stepOver
paused at line  36
action: stepOver
paused at line  96
	because of breakpoints [42]
action: stepOver
paused at line  97
action: stepOut
paused at line 147
action: stepIn
paused at line 148
action: stepOut
paused at line 149
	because of breakpoints [51]
action: stepIn
paused at line  80
action: resume
paused at line 126
	because of breakpoints [38]
action: stepIn
paused at line  72
action: stepOver
paused at line  73
action: stepOut
paused at line 127
action: stepOver
paused at line 128
	because of breakpoints [53]
action: stepOver
paused at line  88
	because of breakpoints [76]
action: stepOut
paused at line  92
	because of breakpoints [21]
action: stepOver
paused at line 129
action: stepOut
paused at line  95
	because of breakpoints [75]
action: resume
paused at line  96
	because of breakpoints [42]
action: stepOver
paused at line  97
action: stepIn
paused at line 147
action: resume
paused at line 149
	because of breakpoints [51]
action: stepOut
paused at line 229
action: stepIn
paused at line 126
	because of breakpoints [38]
action: resume
paused at line 128
	because of breakpoints [53]
action: stepOut
paused at line  88
	because of breakpoints [76]
action: resume
paused at line  92
	because of breakpoints [21]
action: stepIn
paused at line 129
action: stepOut
paused at line  95
	because of breakpoints [75]
action: resume
paused at line  96
	because of breakpoints [42]
action: stepIn
paused at line  97
action: resume
paused at line 149
	because of breakpoints [51]
action: resume
paused at line 126
	because of breakpoints [38]
action: stepOver
paused at line 127
action: stepOver
paused at line 128
	because of breakpoints [53]
action: stepOut
paused at line  88
	because of breakpoints [76]
action: stepOver
paused at line  92
	because of breakpoints [21]
action: stepIn
paused at line 129
action: stepOver
paused at line 130
action: resume
paused at line 131
	because of breakpoints [30]
action: resume
paused at line  95
	because of breakpoints [75]
action: stepOut
paused at line  96
	because of breakpoints [42]
action: stepOver
paused at line  97
action: resume
paused at line 149
	because of breakpoints [51]
action: stepIn
paused at line  80
action: stepOut
paused at line 150
action: stepOut
paused at line 235
action: stepOut
paused at line 126
	because of breakpoints [38]
action: stepIn
paused at line  72
action: stepOut
paused at line 127
action: stepIn
paused at line  72
action: stepOver
paused at line  73
action: stepOver
paused at line 128
	because of breakpoints [53]
action: stepOver
paused at line  88
	because of breakpoints [76]
action: resume
paused at line  92
	because of breakpoints [21]
action: stepIn
paused at line 129
action: stepOut
paused at line 131
	because of breakpoints [30]
action: resume
paused at line  95
	because of breakpoints [75]
action: resume
paused at line  96
	because of breakpoints [42]
action: stepOver
paused at line  97
action: stepOver
paused at line 147
action: stepOut
paused at line 149
	because of breakpoints [51]
action: stepOut
paused at line 238
	because of breakpoints [37]
action: stepIn
paused at line 126
	because of breakpoints [38]
action: resume
paused at line 128
	because of breakpoints [53]
action: resume
paused at line  88
	because of breakpoints [76]
action: stepIn
paused at line  92
	because of breakpoints [21]
action: stepOver
paused at line 129
action: stepIn
paused at line 130
action: resume
paused at line 131
	because of breakpoints [30]
action: stepOver
paused at line 139
action: stepOut
paused at line  95
	because of breakpoints [75]
action: stepOut
paused at line  96
	because of breakpoints [42]
action: stepOver
paused at line  97
action: stepIn
paused at line 147
action: stepIn
paused at line 148
action: stepOver
paused at line 149
	because of breakpoints [51]
action: resume
paused at line 239
	because of breakpoints [58]
action: stepOver
paused at line 126
	because of breakpoints [38]
action: stepOut
paused at line 128
	because of breakpoints [53]
action: stepIn
paused at line  88
	because of breakpoints [76]
action: stepOut
paused at line  92
	because of breakpoints [21]
action: stepOut
paused at line 129
action: resume
paused at line 131
	because of breakpoints [30]
action: stepOver
paused at line 139
action: stepOver
paused at line 140
action: stepOver
paused at line 141
action: stepIn
paused at line 142
action: stepOut
paused at line  95
	because of breakpoints [75]
action: stepOver
paused at line  96
	because of breakpoints [42]
action: stepIn
paused at line  97
action: stepOver
paused at line 147
action: resume
paused at line 149
	because of breakpoints [51]
action: stepIn
paused at line  80
action: stepOver
paused at line  81
action: resume
paused at line 241
	because of breakpoints [13,49]
action: stepOver
paused at line 126
	because of breakpoints [38]
action: stepOver
paused at line 127
action: stepOver
paused at line 128
	because of breakpoints [53]
action: resume
paused at line  88
	because of breakpoints [76]
action: stepOver
paused at line  92
	because of breakpoints [21]
action: stepOver
paused at line 129
action: stepIn
paused at line 135
action: resume
paused at line  95
	because of breakpoints [75]
action: stepOver
paused at line  96
	because of breakpoints [42]
action: stepOver
paused at line  97
action: resume
paused at line 149
	because of breakpoints [51]
action: resume
paused at line 126
	because of breakpoints [38]
action: stepOver
paused at line 127
action: stepIn
paused at line  72
action: stepIn
paused at line  73
action: stepOver
paused at line 128
	because of breakpoints [53]
action: stepOver
paused at line  88
	because of breakpoints [76]
action: stepOver
paused at line  92
	because of breakpoints [21]
action: stepOver
paused at line 129
action: stepOut
paused at line  95
	because of breakpoints [75]
action: stepOver
paused at line  96
	because of breakpoints [42]
action: stepOver
paused at line  97
action: resume
paused at line 149
	because of breakpoints [51]
action: resume
paused at line 126
	because of breakpoints [38]
action: stepOver
paused at line 127
action: resume
paused at line 128
	because of breakpoints [53]
action: stepIn
paused at line  88
	because of breakpoints [76]
action: stepOver
paused at line  92
	because of breakpoints [21]
action: stepOut
paused at line 129
action: stepIn
paused at line 135
action: stepOut
paused at line  95
	because of breakpoints [75]
action: stepOver
paused at line  96
	because of breakpoints [42]
action: stepOver
paused at line  97
action: stepOver
paused at line 147
action: stepOut
paused at line 149
	because of breakpoints [51]
action: stepOut
paused at line 245
action: stepOver
paused at line 126
	because of breakpoints [38]
action: stepOver
paused at line 127
action: stepOut
paused at line 128
	because of breakpoints [53]
action: resume
paused at line  88
	because of breakpoints [76]
action: stepOver
paused at line  92
	because of breakpoints [21]
action: resume
paused at line  95
	because of breakpoints [75]
action: resume
paused at line  96
	because of breakpoints [42]
action: stepOver
paused at line  97
action: resume
paused at line 149
	because of breakpoints [51]
action: stepOut
paused at line 248
	because of breakpoints [28]
action: stepOver
paused at line  27
	because of breakpoints [24]
action: resume
paused at line  27
	because of breakpoints [24]
action: stepIn
paused at line  28
action: stepIn
paused at line 250
action: stepOver
paused at line 251
action: stepOver
paused at line 265
action: stepOut
paused at line  27
	because of breakpoints [24]
action: stepIn
paused at line  28
action: stepOut
paused at line 266
action: stepIn
paused at line  27
	because of breakpoints [24]
action: stepIn
paused at line  28
action: resume
paused at line  27
	because of breakpoints [24]
action: stepOver
paused at line  28
action: stepOut
paused at line 268
action: resume
paused at line  27
	because of breakpoints [24]
action: stepOut
paused at line 269
action: stepIn
paused at line 126
	because of breakpoints [38]
action: stepOut
paused at line 128
	because of breakpoints [53]
action: stepOver
paused at line  88
	because of breakpoints [76]
action: stepOver
paused at line  92
	because of breakpoints [21]
action: stepOver
paused at line 129
action: resume
paused at line  95
	because of breakpoints [75]
action: stepOut
paused at line  96
	because of breakpoints [42]
action: resume
paused at line 149
	because of breakpoints [51]
action: stepOver
paused at line 150
action: stepOver
paused at line 151
action: resume
paused at line 126
	because of breakpoints [38]
action: stepOut
paused at line 128
	because of breakpoints [53]
action: stepIn
paused at line  88
	because of breakpoints [76]
action: stepIn
paused at line  92
	because of breakpoints [21]
action: stepOver
paused at line 129
action: stepOut
paused at line  95
	because of breakpoints [75]
action: stepIn
paused at line  35
action: stepOver
paused at line  36
action: stepOut
paused at line  96
	because of breakpoints [42]
action: stepIn
paused at line  97
action: stepIn
