request breakpoint   0 at line  20
                   set at line  23
request breakpoint   1 at line   1
                   set at line  23
request breakpoint   2 at line  14
                   set at line  14
request breakpoint   3 at line  13
                   set at line  14
paused at line  23
	because of breakpoints [0,1]
action: stepIn
paused at line  25
action: stepIn
paused at line  14
	because of breakpoints [2,3]
action: stepOver
paused at line  15
action: stepOver
paused at line  15
action: resume
