request breakpoint   0 at line 254
                   set at line 256
request breakpoint   1 at line  11
                   set at line  11
request breakpoint   2 at line 159
                   set at line 159
request breakpoint   3 at line 139
                   set at line 141
request breakpoint   4 at line 269
                   set at line 284
request breakpoint   5 at line  61
                   set at line  61
request breakpoint   6 at line 184
                   set at line 256
request breakpoint   7 at line 175
                   set at line 256
request breakpoint   8 at line 236
                   set at line 236
request breakpoint   9 at line  38
                   set at line  38
request breakpoint  10 at line 193
                   set at line 193
request breakpoint  11 at line  24
                   set at line 256
request breakpoint  12 at line 102
                   set at line 102
request breakpoint  13 at line 211
                   set at line 212
request breakpoint  14 at line 272
                   set at line 284
request breakpoint  15 at line 286
                   set at line 288
request breakpoint  16 at line 238
                   set at line 240
request breakpoint  17 at line 278
                   set at line 284
request breakpoint  18 at line   9
                   set at line   9
request breakpoint  19 at line  41
                   set at line  41
request breakpoint  20 at line 172
                   set at line 172
request breakpoint  21 at line  50
                   set at line  50
request breakpoint  22 at line 262
                   set at line 284
request breakpoint  23 at line 120
                   set at line 256
request breakpoint  24 at line  12
                   set at line  12
request breakpoint  25 at line 115
                   set at line 116
request breakpoint  26 at line 112
                   set at line 112
request breakpoint  27 at line  55
                   set at line  55
request breakpoint  28 at line 216
                   set at line 216
request breakpoint  29 at line 235
                   set at line 236
request breakpoint  30 at line  75
                   set at line  75
request breakpoint  31 at line 219
                   set at line 219
request breakpoint  32 at line 189
                   set at line 189
request breakpoint  33 at line 196
                   set at line 256
request breakpoint  34 at line 149
                   set at line 149
request breakpoint  35 at line 114
                   set at line 114
request breakpoint  36 at line 279
                   set at line 284
request breakpoint  37 at line 257
                   set at line 257
request breakpoint  38 at line  74
                   set at line  74
request breakpoint  39 at line 264
                   set at line 284
request breakpoint  40 at line 200
                   set at line 200
request breakpoint  41 at line 260
                   set at line 260
request breakpoint  42 at line  58
                   set at line  58
request breakpoint  43 at line  46
                   set at line  46
request breakpoint  44 at line 160
                   set at line 160
request breakpoint  45 at line 227
                   set at line 227
request breakpoint  46 at line  70
                   set at line  70
request breakpoint  47 at line 186
                   set at line 188
request breakpoint  48 at line 187
                   set at line 188
request breakpoint  49 at line 213
                   set at line 213
request breakpoint  50 at line 128
                   set at line 129
request breakpoint  51 at line  94
                   set at line  94
paused at line 256
	because of breakpoints [0,6,7,11,23,33]
action: stepIn
paused at line 257
	because of breakpoints [37]
action: stepIn
paused at line 258
action: stepOver
paused at line 260
	because of breakpoints [41]
action: stepOver
paused at line 284
	because of breakpoints [4,14,17,22,36,39]
action: resume
paused at line 288
	because of breakpoints [15]
action: stepIn
paused at line   7
action: stepOver
paused at line 188
	because of breakpoints [47,48]
action: stepOver
paused at line 189
	because of breakpoints [32]
action: resume
paused at line 193
	because of breakpoints [10]
action: stepIn
paused at line   7
action: stepOver
paused at line  38
	because of breakpoints [9]
action: stepIn
paused at line  39
action: stepOut
paused at line  41
	because of breakpoints [19]
action: resume
paused at line 129
	because of breakpoints [50]
action: resume
paused at line 172
	because of breakpoints [20]
action: resume
paused at line 172
	because of breakpoints [20]
action: resume
paused at line 172
	because of breakpoints [20]
action: resume
paused at line 172
	because of breakpoints [20]
action: stepIn
paused at line 126
action: stepIn
paused at line 130
action: stepOver
paused at line  44
action: stepIn
paused at line 129
	because of breakpoints [50]
action: resume
paused at line 172
	because of breakpoints [20]
action: stepOut
paused at line 125
action: stepIn
paused at line 169
action: stepOut
paused at line 172
	because of breakpoints [20]
action: stepOut
paused at line 125
action: stepIn
paused at line 169
action: resume
paused at line 172
	because of breakpoints [20]
action: resume
paused at line 172
	because of breakpoints [20]
action: stepIn
paused at line 126
action: resume
paused at line 129
	because of breakpoints [50]
action: stepOver
paused at line 172
	because of breakpoints [20]
action: stepOver
paused at line 125
action: stepOver
paused at line 172
	because of breakpoints [20]
action: stepOut
paused at line 125
action: resume
paused at line 172
	because of breakpoints [20]
action: stepOver
paused at line 125
action: stepIn
paused at line 179
action: resume
paused at line 172
	because of breakpoints [20]
action: stepOver
paused at line 126
action: resume
paused at line  46
	because of breakpoints [43]
action: stepIn
paused at line 129
	because of breakpoints [50]
action: stepIn
paused at line 125
action: stepOver
paused at line 172
	because of breakpoints [20]
action: resume
paused at line 172
	because of breakpoints [20]
action: stepIn
paused at line 125
action: stepOver
paused at line 172
	because of breakpoints [20]
action: stepOver
paused at line 125
action: stepOver
paused at line 172
	because of breakpoints [20]
action: stepOut
paused at line 126
action: stepIn
paused at line 130
action: stepOut
paused at line  47
action: stepIn
paused at line 129
	because of breakpoints [50]
action: resume
paused at line 172
	because of breakpoints [20]
action: stepIn
paused at line 125
action: stepOver
paused at line 172
	because of breakpoints [20]
action: stepOut
paused at line 125
action: stepOver
paused at line 172
	because of breakpoints [20]
action: stepOver
paused at line 125
action: stepOut
paused at line 172
	because of breakpoints [20]
action: stepOver
paused at line 126
action: stepOut
paused at line 130
action: resume
paused at line 129
	because of breakpoints [50]
action: stepOver
paused at line 172
	because of breakpoints [20]
action: stepIn
paused at line 125
action: resume
paused at line 172
	because of breakpoints [20]
action: stepOut
paused at line 125
action: stepIn
paused at line 169
action: resume
paused at line 172
	because of breakpoints [20]
action: stepOut
paused at line 125
action: resume
paused at line 172
	because of breakpoints [20]
action: stepIn
paused at line 126
action: stepOut
paused at line 130
action: resume
paused at line 129
	because of breakpoints [50]
action: stepIn
paused at line 125
action: resume
paused at line 172
	because of breakpoints [20]
action: resume
paused at line 172
	because of breakpoints [20]
action: stepOver
paused at line 125
action: stepOver
paused at line 172
	because of breakpoints [20]
action: stepOut
paused at line 125
action: stepOver
paused at line 172
	because of breakpoints [20]
action: stepIn
paused at line 126
action: stepOver
paused at line 130
action: resume
paused at line  50
	because of breakpoints [21]
action: resume
paused at line 129
	because of breakpoints [50]
action: stepOut
paused at line 172
	because of breakpoints [20]
action: stepOver
paused at line 125
action: resume
paused at line 172
	because of breakpoints [20]
action: stepIn
paused at line 125
action: stepOut
paused at line 172
	because of breakpoints [20]
action: stepOut
paused at line 125
action: stepOut
paused at line 172
	because of breakpoints [20]
action: stepIn
paused at line 126
action: stepOut
paused at line 130
action: stepIn
paused at line  51
action: stepOver
paused at line 129
	because of breakpoints [50]
action: stepOver
paused at line 172
	because of breakpoints [20]
action: stepOver
paused at line 125
action: resume
paused at line 172
	because of breakpoints [20]
action: stepIn
paused at line 125
action: stepOut
paused at line 172
	because of breakpoints [20]
action: resume
paused at line 172
	because of breakpoints [20]
action: resume
paused at line 129
	because of breakpoints [50]
action: stepOver
paused at line 172
	because of breakpoints [20]
action: stepOver
paused at line 125
action: stepOut
paused at line 172
	because of breakpoints [20]
action: stepOut
paused at line 125
action: stepIn
paused at line 169
action: resume
paused at line 172
	because of breakpoints [20]
action: resume
paused at line 172
	because of breakpoints [20]
action: stepIn
paused at line 126
action: stepOver
paused at line 130
action: stepIn
paused at line  53
action: resume
paused at line 129
	because of breakpoints [50]
action: stepOver
paused at line 172
	because of breakpoints [20]
action: stepOut
paused at line 125
action: stepOut
paused at line 172
	because of breakpoints [20]
action: stepOver
paused at line 125
action: stepIn
paused at line 169
action: stepIn
paused at line 170
action: stepOver
paused at line 171
action: resume
paused at line 172
	because of breakpoints [20]
action: stepOver
paused at line 125
action: stepOut
paused at line 172
	because of breakpoints [20]
action: stepIn
paused at line 126
action: stepOut
paused at line 130
action: stepOut
paused at line  54
action: resume
paused at line 129
	because of breakpoints [50]
action: stepOver
paused at line 172
	because of breakpoints [20]
action: stepOver
paused at line 125
action: stepOver
paused at line 172
	because of breakpoints [20]
action: stepIn
paused at line 125
action: stepOut
paused at line 172
	because of breakpoints [20]
action: stepOver
paused at line 125
action: stepIn
paused at line 179
action: stepOver
paused at line 180
action: resume
paused at line 172
	because of breakpoints [20]
action: stepIn
paused at line 126
action: stepOver
paused at line 130
action: resume
paused at line  55
	because of breakpoints [27]
action: stepOver
paused at line 129
	because of breakpoints [50]
action: stepOver
paused at line 172
	because of breakpoints [20]
action: stepOver
paused at line 125
action: resume
