request breakpoint   0 at line  18
                   set at line  18
request breakpoint   1 at line  38
                   set at line  38
request breakpoint   2 at line 246
                   set at line 249
request breakpoint   3 at line 221
                   set at line 221
request breakpoint   4 at line 386
                   set at line 398
request breakpoint   5 at line 104
                   set at line 105
request breakpoint   6 at line 279
                   set at line 279
request breakpoint   7 at line 267
                   set at line 269
request breakpoint   8 at line 365
                   set at line 376
request breakpoint   9 at line  71
                   set at line  71
request breakpoint  10 at line 295
                   set at line 295
request breakpoint  11 at line  51
                   set at line  51
request breakpoint  12 at line 165
                   set at line 168
request breakpoint  13 at line 322
                   set at line 322
request breakpoint  14 at line 390
                   set at line 398
request breakpoint  15 at line 411
                   set at line 411
request breakpoint  16 at line 367
                   set at line 376
request breakpoint  17 at line 400
                   set at line 411
request breakpoint  18 at line  27
                   set at line  27
request breakpoint  19 at line  70
                   set at line  71
request breakpoint  20 at line 261
                   set at line 261
request breakpoint  21 at line  81
                   set at line  81
request breakpoint  22 at line 375
                   set at line 376
request breakpoint  23 at line 185
                   set at line 188
request breakpoint  24 at line  29
                   set at line  29
request breakpoint  25 at line 181
                   set at line 184
request breakpoint  26 at line 176
                   set at line 180
request breakpoint  27 at line  87
                   set at line  87
request breakpoint  28 at line 328
                   set at line 328
request breakpoint  29 at line 360
                   set at line 360
request breakpoint  30 at line 117
                   set at line 117
request breakpoint  31 at line 335
                   set at line 335
request breakpoint  32 at line 282
                   set at line 283
request breakpoint  33 at line 293
                   set at line 293
request breakpoint  34 at line 227
                   set at line 229
request breakpoint  35 at line  30
                   set at line  30
request breakpoint  36 at line 401
                   set at line 411
request breakpoint  37 at line 318
                   set at line 318
request breakpoint  38 at line 111
                   set at line 111
request breakpoint  39 at line 377
                   set at line 384
request breakpoint  40 at line 298
                   set at line 298
request breakpoint  41 at line 370
                   set at line 376
request breakpoint  42 at line  84
                   set at line  85
request breakpoint  43 at line  63
                   set at line  63
request breakpoint  44 at line 237
                   set at line 240
request breakpoint  45 at line 344
                   set at line 345
request breakpoint  46 at line 100
                   set at line 101
request breakpoint  47 at line 274
                   set at line 277
request breakpoint  48 at line 276
                   set at line 277
request breakpoint  49 at line 321
                   set at line 321
request breakpoint  50 at line 190
                   set at line 192
request breakpoint  51 at line 136
                   set at line 136
request breakpoint  52 at line 222
                   set at line 225
request breakpoint  53 at line 114
                   set at line 114
request breakpoint  54 at line 345
                   set at line 345
request breakpoint  55 at line 109
                   set at line 109
request breakpoint  56 at line  11
                   set at line  14
request breakpoint  57 at line 236
                   set at line 240
request breakpoint  58 at line 320
                   set at line 320
request breakpoint  59 at line 249
                   set at line 249
request breakpoint  60 at line 218
                   set at line 221
request breakpoint  61 at line 300
                   set at line 300
request breakpoint  62 at line 214
                   set at line 217
request breakpoint  63 at line 387
                   set at line 398
request breakpoint  64 at line   3
                   set at line  14
request breakpoint  65 at line 113
                   set at line 113
request breakpoint  66 at line 364
                   set at line 376
request breakpoint  67 at line  55
                   set at line  55
request breakpoint  68 at line  99
                   set at line  99
request breakpoint  69 at line 379
                   set at line 384
request breakpoint  70 at line 188
                   set at line 188
request breakpoint  71 at line 404
                   set at line 411
request breakpoint  72 at line 149
                   set at line 149
request breakpoint  73 at line 164
                   set at line 168
request breakpoint  74 at line 383
                   set at line 384
request breakpoint  75 at line  46
                   set at line  46
request breakpoint  76 at line 384
                   set at line 384
request breakpoint  77 at line  33
                   set at line  33
paused at line  14
	because of breakpoints [56,64]
action: stepIn
paused at line  15
action: stepIn
paused at line  16
action: stepOver
paused at line  18
	because of breakpoints [0]
action: stepOver
paused at line  26
action: resume
paused at line 109
	because of breakpoints [55]
action: stepIn
paused at line 117
	because of breakpoints [30]
action: stepOver
paused at line 172
action: stepOver
paused at line 279
	because of breakpoints [6]
action: resume
paused at line 300
	because of breakpoints [61]
action: stepIn
paused at line 310
action: stepOver
paused at line 315
action: stepIn
paused at line 320
	because of breakpoints [58]
action: stepOut
paused at line 376
	because of breakpoints [8,16,22,41,66]
action: resume
paused at line 384
	because of breakpoints [39,69,74,76]
action: resume
paused at line 398
	because of breakpoints [4,14,63]
action: resume
paused at line 411
	because of breakpoints [15,17,36,71]
action: resume
paused at line  27
	because of breakpoints [18]
action: resume
paused at line  29
	because of breakpoints [24]
action: stepIn
paused at line  30
	because of breakpoints [35]
action: stepIn
paused at line  31
action: stepOver
paused at line  32
action: stepIn
paused at line  32
action: resume
paused at line  33
	because of breakpoints [77]
action: stepOut
paused at line  33
	because of breakpoints [77]
action: stepIn
paused at line  34
action: stepOut
paused at line 105
	because of breakpoints [5]
action: stepOut
paused at line  32
action: stepIn
paused at line  32
action: resume
paused at line  33
	because of breakpoints [77]
action: resume
paused at line  33
	because of breakpoints [77]
action: stepIn
paused at line  34
action: resume
paused at line 105
	because of breakpoints [5]
action: stepOver
paused at line 107
action: stepOver
paused at line  32
action: stepOver
paused at line  32
action: stepOut
paused at line  33
	because of breakpoints [77]
action: resume
paused at line  51
	because of breakpoints [11]
action: stepOver
paused at line 107
action: stepIn
paused at line  32
action: resume
paused at line  46
	because of breakpoints [75]
action: stepOver
paused at line  22
action: resume
paused at line 360
	because of breakpoints [29]
action: stepIn
paused at line   1
action: stepIn
paused at line 352
action: stepOver
paused at line 353
action: resume
paused at line 360
	because of breakpoints [29]
action: stepIn
paused at line   1
action: stepOver
paused at line  24
action: stepOver
paused at line 415
action: stepOver
paused at line  27
	because of breakpoints [18]
action: stepOut
paused at line  29
	because of breakpoints [24]
action: stepIn
paused at line  30
	because of breakpoints [35]
action: stepOut
paused at line  33
	because of breakpoints [77]
action: stepIn
paused at line  34
action: resume
paused at line  33
	because of breakpoints [77]
action: stepIn
paused at line  34
action: stepOver
paused at line  37
action: stepOut
paused at line 105
	because of breakpoints [5]
action: stepOver
paused at line 107
action: stepOver
paused at line  32
action: stepOut
paused at line  33
	because of breakpoints [77]
action: stepOver
paused at line  34
action: stepOut
paused at line 105
	because of breakpoints [5]
action: resume
paused at line  33
	because of breakpoints [77]
action: stepOver
paused at line  34
action: stepIn
paused at line  37
action: resume
paused at line  33
	because of breakpoints [77]
action: stepOut
paused at line 105
	because of breakpoints [5]
action: stepIn
paused at line 348
action: resume
paused at line  33
	because of breakpoints [77]
action: stepOut
paused at line  51
	because of breakpoints [11]
action: resume
paused at line  33
	because of breakpoints [77]
action: stepIn
paused at line  34
action: stepOut
paused at line 105
	because of breakpoints [5]
action: resume
paused at line  33
	because of breakpoints [77]
action: stepIn
paused at line  34
action: resume
paused at line 105
	because of breakpoints [5]
action: resume
paused at line  33
	because of breakpoints [77]
action: stepOver
paused at line  34
action: stepOver
paused at line  37
action: stepOut
paused at line  33
	because of breakpoints [77]
action: stepOver
paused at line  34
action: stepIn
paused at line  37
action: stepOver
paused at line  42
action: resume
paused at line 105
	because of breakpoints [5]
action: resume
paused at line  33
	because of breakpoints [77]
action: stepOut
paused at line  87
	because of breakpoints [27]
action: stepOver
paused at line 107
action: resume
paused at line  33
	because of breakpoints [77]
action: stepIn
paused at line  34
action: stepOut
paused at line 105
	because of breakpoints [5]
action: stepOut
paused at line  32
action: stepOut
paused at line  33
	because of breakpoints [77]
action: stepIn
paused at line  34
action: stepOut
paused at line  33
	because of breakpoints [77]
action: stepIn
paused at line  34
action: stepOver
paused at line  37
action: stepOver
paused at line  42
action: stepOver
paused at line 105
	because of breakpoints [5]
action: resume
paused at line  33
	because of breakpoints [77]
action: stepIn
paused at line  34
action: stepOut
paused at line  33
	because of breakpoints [77]
action: resume
paused at line 105
	because of breakpoints [5]
action: resume
paused at line  33
	because of breakpoints [77]
action: stepOver
paused at line  34
action: stepOver
paused at line  37
action: stepOut
paused at line  85
	because of breakpoints [42]
action: stepOut
paused at line  32
action: stepIn
paused at line  32
action: resume
paused at line  46
	because of breakpoints [75]
action: resume
paused at line 360
	because of breakpoints [29]
action: stepIn
paused at line   1
action: stepOver
paused at line 360
	because of breakpoints [29]
action: stepIn
paused at line   1
action: resume
paused at line 360
	because of breakpoints [29]
action: stepOver
paused at line   1
action: stepOut
paused at line  24
action: stepOut
paused at line 416
action: stepOver
paused at line 413
action: stepIn
paused at line 413
action: stepIn
paused at line 414
action: stepOver
paused at line 360
	because of breakpoints [29]
action: resume
paused at line 360
	because of breakpoints [29]
action: stepOver
paused at line   1
action: stepOut
paused at line  24
action: stepIn
paused at line 415
action: stepOut
paused at line 360
	because of breakpoints [29]
action: stepOut
paused at line   1
action: resume
paused at line 360
	because of breakpoints [29]
action: stepOver
paused at line   1
action: stepOver
paused at line 360
	because of breakpoints [29]
action: stepOver
paused at line   1
action: stepIn
paused at line   1
action: stepOut
paused at line  24
action: stepOver
paused at line 416
action: stepIn
paused at line 413
action: stepOver
paused at line 413
action: resume
paused at line 360
	because of breakpoints [29]
action: stepIn
paused at line   1
action: stepOver
paused at line 360
	because of breakpoints [29]
action: resume
paused at line 360
	because of breakpoints [29]
action: stepOver
paused at line   1
action: stepOver
paused at line 360
	because of breakpoints [29]
action: stepOver
paused at line   1
action: resume
paused at line 360
	because of breakpoints [29]
action: stepOver
paused at line   1
action: stepOver
paused at line   1
action: stepIn
paused at line  24
action: resume
paused at line 360
	because of breakpoints [29]
action: stepOver
paused at line   1
action: stepOver
paused at line 360
	because of breakpoints [29]
action: resume
paused at line 360
	because of breakpoints [29]
action: resume
paused at line 360
	because of breakpoints [29]
action: stepOver
paused at line   1
action: stepIn
paused at line 352
action: stepIn
paused at line 353
action: stepOver
paused at line 356
action: stepOver
paused at line 359
action: stepOver
paused at line 360
	because of breakpoints [29]
action: stepOver
paused at line   1
action: stepOut
paused at line  24
action: stepOver
paused at line 416
action: stepOver
paused at line 413
action: resume
paused at line 360
	because of breakpoints [29]
action: resume
paused at line 360
	because of breakpoints [29]
action: stepOver
paused at line   1
action: resume
paused at line 360
	because of breakpoints [29]
action: stepIn
paused at line   1
action: stepOver
paused at line 360
	because of breakpoints [29]
action: stepOut
paused at line   1
action: stepIn
paused at line 352
action: stepOut
paused at line 360
	because of breakpoints [29]
action: stepOver
paused at line   1
action: stepOver
paused at line   1
action: stepOver
paused at line  24
action: stepOut
paused at line 416
action: stepOut
paused at line 360
	because of breakpoints [29]
action: stepOver
paused at line   1
action: stepOver
paused at line 360
	because of breakpoints [29]
action: stepOut
paused at line   1
action: resume
paused at line 360
	because of breakpoints [29]
action: stepOver
paused at line   1
action: resume
paused at line 360
	because of breakpoints [29]
action: resume
paused at line 360
	because of breakpoints [29]
action: stepOver
paused at line   1
action: resume
paused at line 360
	because of breakpoints [29]
action: stepOut
paused at line   1
action: stepOver
paused at line 360
	because of breakpoints [29]
action: resume
paused at line 360
	because of breakpoints [29]
action: stepIn
paused at line   1
action: stepIn
paused at line 352
action: stepOver
paused at line 353
action: stepOver
paused at line 356
action: stepOut
paused at line 360
	because of breakpoints [29]
action: stepIn
paused at line   1
action: stepOut
paused at line 360
	because of breakpoints [29]
action: stepIn
paused at line   1
action: stepIn
paused at line   1
action: resume
paused at line 360
	because of breakpoints [29]
action: stepOver
paused at line   1
action: stepOut
paused at line 360
	because of breakpoints [29]
action: resume
paused at line 360
	because of breakpoints [29]
action: stepOut
paused at line   1
action: stepIn
paused at line 352
action: stepOut
paused at line 360
	because of breakpoints [29]
action: stepOver
paused at line   1
action: stepOver
paused at line 360
	because of breakpoints [29]
action: stepOver
paused at line   1
action: resume
paused at line 360
	because of breakpoints [29]
action: stepOut
