request breakpoint   0 at line  61
                   set at line  85
request breakpoint   1 at line  66
                   set at line  85
request breakpoint   2 at line  23
                   set at line  23
request breakpoint   3 at line  17
                   set at line  23
request breakpoint   4 at line  53
                   set at line  53
request breakpoint   5 at line  83
                   set at line  85
request breakpoint   6 at line  32
                   set at line  32
request breakpoint   7 at line  30
                   set at line  30
request breakpoint   8 at line  47
                   set at line  47
request breakpoint   9 at line  78
                   set at line  85
request breakpoint  10 at line  35
                   set at line  36
request breakpoint  11 at line  75
                   set at line  85
request breakpoint  12 at line  88
                   set at line  94
request breakpoint  13 at line  40
                   set at line  43
request breakpoint  14 at line  55
                   set at line  55
request breakpoint  15 at line 104
                   set at line 104
request breakpoint  16 at line  49
                   set at line  49
paused at line  85
	because of breakpoints [0,1,5,9,11]
action: stepIn
paused at line  87
action: stepIn
paused at line   3
action: stepOver
paused at line   4
action: stepOver
paused at line  88
action: resume
paused at line  94
	because of breakpoints [12]
action: stepIn
paused at line  98
action: stepOver
paused at line 100
action: stepOver
paused at line  47
	because of breakpoints [8]
action: resume
paused at line  49
	because of breakpoints [16]
action: stepIn
paused at line  49
action: stepOver
paused at line  50
action: stepIn
paused at line  23
	because of breakpoints [2,3]
action: stepOut
paused at line  30
	because of breakpoints [7]
action: resume
paused at line  32
	because of breakpoints [6]
action: resume
paused at line  30
	because of breakpoints [7]
action: resume
paused at line  36
	because of breakpoints [10]
action: resume
paused at line  30
	because of breakpoints [7]
action: resume
paused at line  32
	because of breakpoints [6]
action: stepIn
paused at line  33
action: stepIn
paused at line  34
action: stepOver
paused at line  28
action: stepIn
paused at line  28
action: resume
paused at line  30
	because of breakpoints [7]
action: stepOut
paused at line  36
	because of breakpoints [10]
action: stepIn
paused at line  37
action: stepOut
paused at line  30
	because of breakpoints [7]
action: stepOut
paused at line  32
	because of breakpoints [6]
action: stepIn
paused at line  33
action: resume
paused at line  30
	because of breakpoints [7]
action: resume
paused at line  36
	because of breakpoints [10]
action: stepIn
paused at line  37
action: resume
paused at line  30
	because of breakpoints [7]
action: stepOver
paused at line  31
action: stepOver
paused at line  32
	because of breakpoints [6]
action: stepOver
paused at line  33
action: stepOut
paused at line  30
	because of breakpoints [7]
action: resume
paused at line  36
	because of breakpoints [10]
action: stepOver
paused at line  37
action: stepIn
paused at line  38
action: resume
paused at line  30
	because of breakpoints [7]
action: stepOver
paused at line  31
action: resume
paused at line  32
	because of breakpoints [6]
action: stepIn
paused at line  33
action: stepIn
paused at line  34
action: stepOver
paused at line  28
action: resume
paused at line  30
	because of breakpoints [7]
action: stepIn
paused at line  31
action: stepOver
paused at line  32
	because of breakpoints [6]
action: stepOver
paused at line  33
action: stepOver
paused at line  34
action: stepOut
paused at line  30
	because of breakpoints [7]
action: stepIn
