request breakpoint   0 at line   8
                   set at line   8
request breakpoint   1 at line  11
                   set at line  11
request breakpoint   2 at line  16
                   set at line  16
request breakpoint   3 at line  24
                   set at line  24
request breakpoint   4 at line  34
                   set at line  34
request breakpoint   5 at line  46
                   set at line  47
request breakpoint   6 at line  53
                   set at line  53
request breakpoint   7 at line  57
                   set at line  57
request breakpoint   8 at line  58
                   set at line  61
request breakpoint   9 at line  62
                   set at line  62
request breakpoint  10 at line  74
                   set at line  74
request breakpoint  11 at line  78
                   set at line  79
paused at line  79
	because of breakpoints [11]
action: stepOver
paused at line  80
action: stepOver
paused at line   8
action: stepOver
paused at line   9
action: stepOver
paused at line  10
action: stepOver
paused at line  11
action: stepOver
paused at line  12
action: stepOver
paused at line  14
action: stepOver
paused at line  15
action: stepOver
paused at line  17
action: stepOver
paused at line  16
action: stepOver
paused at line  15
action: stepOver
paused at line  17
action: stepOver
paused at line  16
action: stepOver
paused at line  15
action: stepOver
paused at line  17
action: stepOver
paused at line  16
action: stepOver
paused at line  15
action: stepOver
paused at line  17
action: stepOver
paused at line  16
action: stepOver
paused at line  15
action: stepOver
paused at line  17
action: stepOver
paused at line  16
action: stepOver
paused at line  15
action: stepOver
paused at line  17
action: stepOver
paused at line  16
action: stepOver
paused at line  15
action: stepOver
paused at line  17
action: stepOver
paused at line  16
action: stepOver
paused at line  15
action: stepOver
paused at line  17
action: stepOver
paused at line  16
action: stepOver
paused at line  15
action: stepOver
paused at line  18
action: stepOver
paused at line  20
action: stepOver
paused at line  22
action: stepOver
paused at line  23
action: stepOver
paused at line  24
action: stepOver
paused at line  25
action: stepOver
paused at line  27
action: stepOver
paused at line  26
action: stepOver
paused at line  25
action: stepOver
paused at line  27
action: stepOver
done with actions
