Set Breakpoint at 8
Set Breakpoint at 19
Set Breakpoint at 123
Set Breakpoint at 111
Set Breakpoint at 190
Set Breakpoint at 54
Set Breakpoint at 141
Set Breakpoint at 135
Set Breakpoint at 179
Set Breakpoint at 39
Set Breakpoint at 148
Set Breakpoint at 29
Set Breakpoint at 86
Set Breakpoint at 160
Set Breakpoint at 193
Set Breakpoint at 203
Set Breakpoint at 181
Set Breakpoint at 197
Set Breakpoint at 21
Set Breakpoint at 43
resume
resume
stepOver
stepOver
stepOut
resume
stepOver
stepOver
stepOut
resume
stepOver
resume
stepIn
stepOut
stepOut
stepOut
stepOut
stepOut
resume
resume
stepOver
resume
stepOut
stepIn
resume
stepIn
stepIn
resume
stepOut
stepOut
resume
stepOut
stepOver
stepOver
stepOver
stepIn
stepOut
stepOver
resume
stepOut
stepOver
stepOut
resume
resume
stepOver
stepOut
resume
stepOver
stepOver
stepOver
stepIn
resume
stepIn
resume
stepOut
resume
stepOver
stepIn
stepOver
stepOver
stepIn
stepOver
stepIn
stepOut
stepOver
resume
stepOut
stepIn
resume
stepOut
stepIn
stepOut
resume
stepIn
stepOut
resume
stepOut
stepOut
stepOver
stepOver
stepIn
stepOver
resume
stepOver
stepOut
stepOut
stepIn
stepOver
stepOut
resume
stepIn
stepIn
stepIn
resume
stepIn
resume
stepOver
stepOver
stepOver
stepOut
