Set Breakpoint at 8
Set Breakpoint at 17
Set Breakpoint at 110
Set Breakpoint at 99
Set Breakpoint at 170
Set Breakpoint at 49
Set Breakpoint at 126
Set Breakpoint at 121
Set Breakpoint at 160
Set Breakpoint at 35
Set Breakpoint at 133
Set Breakpoint at 27
Set Breakpoint at 77
Set Breakpoint at 144
Set Breakpoint at 172
Set Breakpoint at 181
Set Breakpoint at 162
Set Breakpoint at 177
resume
resume
stepOver
stepOver
stepOut
resume
stepOver
stepOver
stepOut
resume
stepOver
resume
stepIn
stepOut
stepOut
stepOut
stepOut
stepOut
resume
resume
stepOver
resume
stepOut
stepIn
resume
stepIn
stepIn
resume
stepOut
stepOut
resume
stepOut
stepOver
stepOver
stepOver
stepIn
stepOut
stepOver
resume
stepOut
stepOver
stepOut
resume
resume
stepOver
stepOut
resume
stepOver
stepOver
stepOver
stepIn
resume
stepIn
resume
stepOut
resume
stepOver
stepIn
stepOver
stepOver
stepIn
stepOver
stepIn
stepOut
stepOver
resume
stepOut
stepIn
resume
stepOut
stepIn
stepOut
resume
stepIn
stepOut
resume
stepOut
stepOut
stepOver
stepOver
stepIn
stepOver
resume
stepOver
stepOut
stepOut
stepIn
stepOver
stepOut
resume
stepIn
stepIn
stepIn
resume
stepIn
resume
stepOver
stepOver
stepOver
stepOut
