Set Breakpoint at 8
Set Breakpoint at 17
Set Breakpoint at 111
Set Breakpoint at 100
Set Breakpoint at 171
Set Breakpoint at 49
Set Breakpoint at 127
Set Breakpoint at 122
Set Breakpoint at 161
Set Breakpoint at 36
Set Breakpoint at 134
Set Breakpoint at 28
Set Breakpoint at 78
Set Breakpoint at 144
Set Breakpoint at 173
Set Breakpoint at 182
Set Breakpoint at 163
Set Breakpoint at 177
resume
resume
stepOver
stepOver
stepOut
resume
stepOver
stepOver
stepOut
resume
stepOver
resume
stepIn
stepOut
stepOut
stepOut
stepOut
stepOut
resume
resume
stepOver
resume
stepOut
stepIn
resume
stepIn
stepIn
resume
stepOut
stepOut
resume
stepOut
stepOver
stepOver
stepOver
stepIn
stepOut
stepOver
resume
stepOut
stepOver
stepOut
resume
resume
stepOver
stepOut
resume
stepOver
stepOver
stepOver
stepIn
resume
stepIn
resume
stepOut
resume
stepOver
stepIn
stepOver
stepOver
stepIn
stepOver
stepIn
stepOut
stepOver
resume
stepOut
stepIn
resume
stepOut
stepIn
stepOut
resume
stepIn
stepOut
resume
stepOut
stepOut
stepOver
stepOver
stepIn
stepOver
resume
stepOver
stepOut
stepOut
stepIn
stepOver
stepOut
resume
stepIn
stepIn
stepIn
resume
stepIn
resume
stepOver
stepOver
stepOver
stepOut
