143 -> 143
64 -> 64
91 -> 91
100 -> 100
129 -> 129
29 -> 29
146 -> 146
4 -> 4
27 -> 27
135 -> 135
37 -> 38
5 -> 5
72 -> 74
117 -> 119
53 -> 53
138 -> 138
16 -> 16
118 -> 119
57 -> 57
44 -> 44
168 -> 170
90 -> 91
132 -> 132
112 -> 113
122 -> 122
105 -> 106
68 -> 68
36 -> 38
58 -> 59
32 -> 32
126 -> 127
79 -> 79
77 -> 79
82 -> 82
174 -> 174
30 -> 30
157 -> 157
63 -> 63
96 -> 96
98 -> 98
161 -> 162
1 -> 4
109 -> 109
25 -> 26
87 -> 87
80 -> 80
39 -> 39
147 -> 147
152 -> 153
136 -> 136
62 -> 62
12 -> 12
149 -> 150
65 -> 65
52 -> 52
74 -> 79
35 -> 35
114 -> 114
47 -> 47
166 -> 166
93 -> 94
50 -> 50
0 -> 4
130 -> 130
123 -> 123
144 -> 144
154 -> 155
51 -> 51
148 -> 150
49 -> 50
81 -> 81
145 -> 146
99 -> 99
158 -> 158
71 -> 71
59 -> 62
9 -> 9
8 -> 9
11 -> 11
85 -> 85
31 -> 31
106 -> 127
38 -> 50
13 -> 13
116 -> 119
66 -> 66
70 -> 71
113 -> 127
54 -> 54
172 -> 172
6 -> 6
171 -> 171
104 -> 104
3 -> 4
101 -> 101
21 -> 21
115 -> 115
103 -> 103
43 -> 43
40 -> 40
110 -> 110
20 -> 20
34 -> 35
164 -> 164
88 -> 88
125 -> 125
61 -> 62
41 -> 41
137 -> 137
60 -> 62
124 -> 125
86 -> 86
48 -> 50
162 -> 170
151 -> 151
160 -> 160
133 -> 133
153 -> 157
17 -> 18
134 -> 135
67 -> 67
142 -> 142
15 -> 15
33 -> 33
169 -> 170
19 -> 19
42 -> 42
120 -> 120
150 -> 153
26 -> 38
55 -> 55
69 -> 69
163 -> 163
2 -> 4
156 -> 156
173 -> 173
83 -> 83
119 -> 127
24 -> 26
22 -> 22
28 -> 28
97 -> 98
92 -> 92
107 -> 107
23 -> 23
140 -> 140
95 -> 96
14 -> 14
45 -> 45
127 -> 129
111 -> 111
89 -> 89
141 -> 141
7 -> 9
84 -> 84
56 -> 56
18 -> 19
139 -> 140
170 -> 173
10 -> 10
121 -> 121
76 -> 79
102 -> 102
73 -> 74
78 -> 79
94 -> 96
155 -> 157
128 -> 129
46 -> 47
165 -> 166
75 -> 75
131 -> 132
159 -> 160
167 -> 167
108 -> 109
