93 -> 94
152 -> 153
109 -> 109
10 -> 10
0 -> 4
24 -> 26
110 -> 110
142 -> 142
74 -> 74
7 -> 9
121 -> 121
20 -> 20
132 -> 132
162 -> 162
37 -> 38
23 -> 23
66 -> 66
149 -> 150
26 -> 38
49 -> 50
137 -> 137
62 -> 62
21 -> 21
141 -> 141
46 -> 47
84 -> 84
83 -> 83
168 -> 170
99 -> 99
153 -> 157
56 -> 56
63 -> 63
76 -> 79
136 -> 136
119 -> 119
72 -> 74
41 -> 41
140 -> 140
6 -> 6
163 -> 163
3 -> 4
161 -> 162
19 -> 19
111 -> 111
22 -> 22
130 -> 130
78 -> 79
170 -> 173
73 -> 74
16 -> 16
164 -> 164
120 -> 120
125 -> 125
114 -> 114
156 -> 156
43 -> 43
82 -> 82
64 -> 64
157 -> 173
138 -> 138
115 -> 115
148 -> 150
127 -> 127
38 -> 50
68 -> 68
103 -> 103
167 -> 167
53 -> 53
129 -> 129
96 -> 96
126 -> 127
113 -> 113
2 -> 4
135 -> 135
171 -> 171
52 -> 52
143 -> 143
79 -> 94
55 -> 55
48 -> 50
33 -> 33
104 -> 104
150 -> 153
8 -> 9
105 -> 106
159 -> 160
85 -> 85
