134 -> 135
89 -> 89
51 -> 51
59 -> 59
47 -> 47
9 -> 9
92 -> 92
163 -> 163
71 -> 71
8 -> 9
45 -> 45
60 -> 62
148 -> 150
138 -> 138
66 -> 66
80 -> 80
10 -> 10
133 -> 133
0 -> 4
96 -> 96
11 -> 11
54 -> 54
129 -> 129
168 -> 170
167 -> 167
42 -> 42
4 -> 9
94 -> 94
56 -> 56
159 -> 160
127 -> 127
149 -> 150
114 -> 114
33 -> 33
135 -> 153
136 -> 136
77 -> 79
1 -> 4
52 -> 52
38 -> 38
43 -> 43
35 -> 35
12 -> 12
82 -> 82
93 -> 94
68 -> 68
140 -> 140
46 -> 47
75 -> 75
27 -> 27
81 -> 81
39 -> 39
21 -> 21
53 -> 53
154 -> 155
142 -> 142
144 -> 144
145 -> 146
74 -> 74
14 -> 14
143 -> 143
37 -> 38
3 -> 4
107 -> 107
128 -> 129
15 -> 15
26 -> 26
120 -> 120
83 -> 83
156 -> 156
171 -> 171
90 -> 91
88 -> 88
62 -> 74
137 -> 137
115 -> 115
99 -> 99
5 -> 5
157 -> 157
98 -> 98
118 -> 119
170 -> 173
116 -> 119
169 -> 170
73 -> 74
50 -> 50
112 -> 113
153 -> 157
84 -> 84
28 -> 28
124 -> 125
18 -> 18
13 -> 13
63 -> 63
121 -> 121
106 -> 106
119 -> 127
7 -> 9
155 -> 157
111 -> 111
132 -> 132
122 -> 122
152 -> 153
57 -> 57
2 -> 4
164 -> 164
44 -> 44
108 -> 109
78 -> 79
41 -> 41
67 -> 67
158 -> 158
151 -> 151
97 -> 98
55 -> 55
105 -> 106
30 -> 30
32 -> 32
150 -> 153
102 -> 102
72 -> 74
101 -> 101
31 -> 31
69 -> 69
6 -> 6
87 -> 87
22 -> 22
139 -> 140
70 -> 71
100 -> 100
109 -> 127
162 -> 162
16 -> 16
113 -> 127
141 -> 141
110 -> 110
64 -> 64
130 -> 130
126 -> 127
160 -> 170
36 -> 38
91 -> 94
17 -> 18
76 -> 79
20 -> 20
25 -> 26
125 -> 127
65 -> 65
103 -> 103
104 -> 104
23 -> 23
86 -> 86
58 -> 59
174 -> 174
146 -> 153
147 -> 147
165 -> 166
61 -> 62
123 -> 123
95 -> 96
172 -> 172
34 -> 35
79 -> 94
29 -> 29
49 -> 50
161 -> 162
40 -> 40
166 -> 170
19 -> 19
131 -> 132
173 -> 173
24 -> 26
117 -> 119
48 -> 50
85 -> 85
