125 -> 125
109 -> 109
7 -> 9
8 -> 9
62 -> 62
46 -> 47
167 -> 167
161 -> 162
41 -> 41
3 -> 4
127 -> 127
141 -> 141
20 -> 20
142 -> 142
152 -> 153
66 -> 66
24 -> 26
22 -> 22
85 -> 85
135 -> 135
82 -> 82
26 -> 38
150 -> 150
120 -> 120
63 -> 63
157 -> 157
132 -> 132
2 -> 4
104 -> 104
21 -> 21
159 -> 160
19 -> 19
105 -> 106
138 -> 138
143 -> 143
162 -> 170
170 -> 173
74 -> 74
48 -> 50
38 -> 50
103 -> 103
76 -> 79
110 -> 110
72 -> 74
33 -> 33
113 -> 113
163 -> 163
130 -> 130
115 -> 115
49 -> 50
68 -> 68
6 -> 6
119 -> 119
43 -> 43
83 -> 83
156 -> 156
148 -> 150
37 -> 38
136 -> 136
16 -> 16
111 -> 111
0 -> 4
73 -> 74
171 -> 171
23 -> 23
52 -> 52
96 -> 96
84 -> 84
64 -> 64
140 -> 140
149 -> 150
137 -> 137
153 -> 157
126 -> 127
114 -> 114
10 -> 10
53 -> 53
56 -> 56
55 -> 55
78 -> 79
99 -> 99
164 -> 164
79 -> 94
93 -> 94
129 -> 129
121 -> 121
168 -> 170
