	Hit Breakpoint(s) 
	Call Stack:  
	Hit Breakpoint(s) 
	Call Stack: Init 
	Hit Breakpoint(s) 
	Call Stack: Init 
	Hit Breakpoint(s) 
	Call Stack: Init 
	Hit Breakpoint(s) 
	Call Stack: Init 
	Hit Breakpoint(s) 
	Call Stack: CalcCross, CalcNormal, Init 
	Hit Breakpoint(s) 
	Call Stack: CalcCross, CalcNormal, Init 
	Hit Breakpoint(s) 
	Call Stack: CalcNormal, Init 
	Hit Breakpoint(s) 
	Call Stack: CalcCross, CalcNormal, Init 
	Hit Breakpoint(s) 
	Call Stack: CalcCross, CalcNormal, Init 
	Hit Breakpoint(s) 
	Call Stack: CalcNormal, Init 
	Hit Breakpoint(s) 
	Call Stack: CalcCross, CalcNormal, Init 
	Hit Breakpoint(s) 
	Call Stack: CalcCross, CalcNormal, Init 
	Hit Breakpoint(s) 
	Call Stack: CalcNormal, Init 
	Hit Breakpoint(s) 
	Call Stack: CalcCross, CalcNormal, Init 
	Hit Breakpoint(s) 
	Call Stack: CalcCross, CalcNormal, Init 
	Hit Breakpoint(s) 
	Call Stack: CalcNormal, Init 
	Hit Breakpoint(s) 
	Call Stack: CalcCross, CalcNormal, Init 
	Hit Breakpoint(s) 
	Call Stack: CalcCross, CalcNormal, Init 
	Hit Breakpoint(s) 
	Call Stack: CalcNormal, Init 
	Hit Breakpoint(s) 
	Call Stack: CalcCross, CalcNormal, Init 
	Hit Breakpoint(s) 
	Call Stack: CalcCross, CalcNormal, Init 
	Hit Breakpoint(s) 
	Call Stack: CalcNormal, Init 
	Hit Breakpoint(s) 
	Call Stack: Init 
	Hit Breakpoint(s) 
	Call Stack: MMulti, Translate, Init 
	Hit Breakpoint(s) 
	Call Stack: MMulti, Translate, Init 
	Hit Breakpoint(s) 
	Call Stack: MMulti, Translate, Init 
	Hit Breakpoint(s) 
	Call Stack: MMulti, Translate, Init 
	Hit Breakpoint(s) 
	Call Stack: MMulti, Translate, Init 
	Hit Breakpoint(s) 
	Call Stack: MMulti, Translate, Init 
	Hit Breakpoint(s) 
	Call Stack: MMulti, Translate, Init 
	Hit Breakpoint(s) 
	Call Stack: MMulti, Translate, Init 
	Hit Breakpoint(s) 
	Call Stack: MMulti, Translate, Init 
	Hit Breakpoint(s) 
	Call Stack: MMulti, Translate, Init 
	Hit Breakpoint(s) 
	Call Stack: MMulti, Translate, Init 
	Hit Breakpoint(s) 
	Call Stack: MMulti, Translate, Init 
	Hit Breakpoint(s) 
	Call Stack: MMulti, Translate, Init 
	Hit Breakpoint(s) 
	Call Stack: MMulti, Translate, Init 
	Hit Breakpoint(s) 
	Call Stack: MMulti, Translate, Init 
	Hit Breakpoint(s) 
	Call Stack: MMulti, Translate, Init 
	Hit Breakpoint(s) 
	Call Stack: MMulti, Translate, Init 
	Hit Breakpoint(s) 
	Call Stack: MMulti, Translate, Init 
	Hit Breakpoint(s) 
	Call Stack: MMulti, Translate, Init 
	Hit Breakpoint(s) 
	Call Stack: MMulti, Translate, Init 
	Hit Breakpoint(s) 
	Call Stack: MMulti, Init 
	Hit Breakpoint(s) 
	Call Stack: MMulti, Init 
	Hit Breakpoint(s) 
	Call Stack: MMulti, Init 
	Hit Breakpoint(s) 
	Call Stack: MMulti, Init 
	Hit Breakpoint(s) 
	Call Stack: MMulti, Init 
	Hit Breakpoint(s) 
	Call Stack: MMulti, Init 
	Hit Breakpoint(s) 
	Call Stack: MMulti, Init 
	Hit Breakpoint(s) 
	Call Stack: MMulti, Init 
	Hit Breakpoint(s) 
	Call Stack: MMulti, Init 
	Hit Breakpoint(s) 
	Call Stack: MMulti, Init 
	Hit Breakpoint(s) 
	Call Stack: MMulti, Init 
	Hit Breakpoint(s) 
	Call Stack: MMulti, Init 
	Hit Breakpoint(s) 
	Call Stack: MMulti, Init 
	Hit Breakpoint(s) 
	Call Stack: MMulti, Init 
	Hit Breakpoint(s) 
	Call Stack: MMulti, Init 
	Hit Breakpoint(s) 
	Call Stack: MMulti, Init 
	Hit Breakpoint(s) 
	Call Stack: MMulti, Init 
	Hit Breakpoint(s) 
	Call Stack: MMulti, Init 
	Hit Breakpoint(s) 
	Call Stack: MMulti, Init 
	Hit Breakpoint(s) 
	Call Stack: MMulti, Init 
	Hit Breakpoint(s) 
	Call Stack: DrawLine, DrawQube, Init 
	Hit Breakpoint(s) 
	Call Stack: DrawLine, DrawQube, Init 
	Hit Breakpoint(s) 
	Call Stack: DrawLine, DrawQube, Init 
	Hit Breakpoint(s) 
	Call Stack: DrawLine, DrawQube, Init 
	Hit Breakpoint(s) 
	Call Stack: DrawLine, DrawQube, Init 
	Hit Breakpoint(s) 
	Call Stack: DrawLine, DrawQube, Init 
	Hit Breakpoint(s) 
	Call Stack: DrawLine, DrawQube, Init 
	Hit Breakpoint(s) 
	Call Stack: DrawLine, DrawQube, Init 
	Hit Breakpoint(s) 
	Call Stack: DrawLine, DrawQube, Init 
	Hit Breakpoint(s) 
	Call Stack: DrawLine, DrawQube, Init 
	Hit Breakpoint(s) 
	Call Stack: DrawLine, DrawQube, Init 
	Hit Breakpoint(s) 
	Call Stack: DrawLine, DrawQube, Init 
	Hit Breakpoint(s) 
	Call Stack: DrawLine, DrawQube, Init 
	Hit Breakpoint(s) 
	Call Stack: DrawLine, DrawQube, Init 
	Hit Breakpoint(s) 
	Call Stack: DrawLine, DrawQube, Init 
	Hit Breakpoint(s) 
	Call Stack: DrawLine, DrawQube, Init 
	Hit Breakpoint(s) 
	Call Stack: DrawLine, DrawQube, Init 
	Hit Breakpoint(s) 
	Call Stack: DrawLine, DrawQube, Init 
	Hit Breakpoint(s) 
	Call Stack: DrawLine, DrawQube, Init 
	Hit Breakpoint(s) 
	Call Stack: DrawLine, DrawQube, Init 
	Hit Breakpoint(s) 
	Call Stack: DrawLine, DrawQube, Init 
	Hit Breakpoint(s) 
	Call Stack: DrawLine, DrawQube, Init 
	Hit Breakpoint(s) 
	Call Stack: DrawLine, DrawQube, Init 
	Hit Breakpoint(s) 
	Call Stack: DrawLine, DrawQube, Init 
	Hit Breakpoint(s) 
	Call Stack: DrawLine, DrawQube, Init 
	Hit Breakpoint(s) 
	Call Stack: DrawLine, DrawQube, Init 
	Hit Breakpoint(s) 
	Call Stack: DrawLine, DrawQube, Init 
	Hit Breakpoint(s) 
	Call Stack: DrawLine, DrawQube, Init 
	Hit Breakpoint(s) 
	Call Stack: DrawLine, DrawQube, Init 
	Hit Breakpoint(s) 
	Call Stack: DrawLine, DrawQube, Init 
	Hit Breakpoint(s) 
	Call Stack: DrawLine, DrawQube, Init 
	Hit Breakpoint(s) 
	Call Stack: DrawLine, DrawQube, Init 
	Hit Breakpoint(s) 
	Call Stack: DrawLine, DrawQube, Init 
	Hit Breakpoint(s) 
	Call Stack: DrawLine, DrawQube, Init 
	Hit Breakpoint(s) 
	Call Stack: DrawLine, DrawQube, Init 
	Hit Breakpoint(s) 
	Call Stack: DrawLine, DrawQube, Init 
	Hit Breakpoint(s) 
	Call Stack: DrawLine, DrawQube, Init 
