Breakpoint Set at 22
Breakpoint Set at 225
Breakpoint Set at 209
Breakpoint Set at 109
Breakpoint Set at 248
Breakpoint Set at 240
Breakpoint Set at 79
Breakpoint Set at 260
Breakpoint Set at 65
Breakpoint Set at 329
Breakpoint Set at 350
Breakpoint Set at 340
Breakpoint Set at 50
Breakpoint Set at 82
Breakpoint Set at 237
Breakpoint Set at 94
Breakpoint Set at 315
Breakpoint Set at 53
Breakpoint Set at 301
Breakpoint Set at 254
Breakpoint Set at 262
Breakpoint Set at 218
Breakpoint Set at 181
Breakpoint Set at 341
Breakpoint Set at 318
Paused at 22
	Hit Breakpoint(s) 
	Call Stack:  
Paused at 260
	Hit Breakpoint(s) 
	Call Stack: Init 
Paused at 262
	Hit Breakpoint(s) 
	Call Stack: Init 
Paused at 301
	Hit Breakpoint(s) 
	Call Stack: Init 
Paused at 79
	Hit Breakpoint(s) 
	Call Stack: CalcCross, CalcNormal, Init 
Paused at 82
	Hit Breakpoint(s) 
	Call Stack: CalcCross, CalcNormal, Init 
Paused at 94
	Hit Breakpoint(s) 
	Call Stack: CalcNormal, Init 
Paused at 79
	Hit Breakpoint(s) 
	Call Stack: CalcCross, CalcNormal, Init 
Paused at 82
	Hit Breakpoint(s) 
	Call Stack: CalcCross, CalcNormal, Init 
Paused at 94
	Hit Breakpoint(s) 
	Call Stack: CalcNormal, Init 
Paused at 79
	Hit Breakpoint(s) 
	Call Stack: CalcCross, CalcNormal, Init 
Paused at 82
	Hit Breakpoint(s) 
	Call Stack: CalcCross, CalcNormal, Init 
Paused at 94
	Hit Breakpoint(s) 
	Call Stack: CalcNormal, Init 
Paused at 79
	Hit Breakpoint(s) 
	Call Stack: CalcCross, CalcNormal, Init 
Paused at 82
	Hit Breakpoint(s) 
	Call Stack: CalcCross, CalcNormal, Init 
Paused at 94
	Hit Breakpoint(s) 
	Call Stack: CalcNormal, Init 
Paused at 79
	Hit Breakpoint(s) 
	Call Stack: CalcCross, CalcNormal, Init 
Paused at 82
	Hit Breakpoint(s) 
	Call Stack: CalcCross, CalcNormal, Init 
Paused at 94
	Hit Breakpoint(s) 
	Call Stack: CalcNormal, Init 
Paused at 79
	Hit Breakpoint(s) 
	Call Stack: CalcCross, CalcNormal, Init 
Paused at 82
	Hit Breakpoint(s) 
	Call Stack: CalcCross, CalcNormal, Init 
Paused at 94
	Hit Breakpoint(s) 
	Call Stack: CalcNormal, Init 
Paused at 315
	Hit Breakpoint(s) 
	Call Stack: Init 
Paused at 318
	Hit Breakpoint(s) 
	Call Stack: Init 
Paused at 109
	Hit Breakpoint(s) 
	Call Stack: MMulti, Translate, Init 
Paused at 109
	Hit Breakpoint(s) 
	Call Stack: MMulti, Translate, Init 
Paused at 109
	Hit Breakpoint(s) 
	Call Stack: MMulti, Translate, Init 
Paused at 109
	Hit Breakpoint(s) 
	Call Stack: MMulti, Translate, Init 
Paused at 109
	Hit Breakpoint(s) 
	Call Stack: MMulti, Translate, Init 
Paused at 109
	Hit Breakpoint(s) 
	Call Stack: MMulti, Translate, Init 
Paused at 109
	Hit Breakpoint(s) 
	Call Stack: MMulti, Translate, Init 
Paused at 109
	Hit Breakpoint(s) 
	Call Stack: MMulti, Translate, Init 
Paused at 109
	Hit Breakpoint(s) 
	Call Stack: MMulti, Translate, Init 
Paused at 109
	Hit Breakpoint(s) 
	Call Stack: MMulti, Translate, Init 
Paused at 109
	Hit Breakpoint(s) 
	Call Stack: MMulti, Translate, Init 
Paused at 109
	Hit Breakpoint(s) 
	Call Stack: MMulti, Translate, Init 
Paused at 109
	Hit Breakpoint(s) 
	Call Stack: MMulti, Translate, Init 
Paused at 109
	Hit Breakpoint(s) 
	Call Stack: MMulti, Translate, Init 
Paused at 109
	Hit Breakpoint(s) 
	Call Stack: MMulti, Translate, Init 
Paused at 109
	Hit Breakpoint(s) 
	Call Stack: MMulti, Translate, Init 
Paused at 109
	Hit Breakpoint(s) 
	Call Stack: MMulti, Translate, Init 
Paused at 109
	Hit Breakpoint(s) 
	Call Stack: MMulti, Translate, Init 
Paused at 109
	Hit Breakpoint(s) 
	Call Stack: MMulti, Translate, Init 
Paused at 109
	Hit Breakpoint(s) 
	Call Stack: MMulti, Translate, Init 
Paused at 109
	Hit Breakpoint(s) 
	Call Stack: MMulti, Init 
Paused at 109
	Hit Breakpoint(s) 
	Call Stack: MMulti, Init 
Paused at 109
	Hit Breakpoint(s) 
	Call Stack: MMulti, Init 
Paused at 109
	Hit Breakpoint(s) 
	Call Stack: MMulti, Init 
Paused at 109
	Hit Breakpoint(s) 
	Call Stack: MMulti, Init 
Paused at 109
	Hit Breakpoint(s) 
	Call Stack: MMulti, Init 
Paused at 109
	Hit Breakpoint(s) 
	Call Stack: MMulti, Init 
Paused at 109
	Hit Breakpoint(s) 
	Call Stack: MMulti, Init 
Paused at 109
	Hit Breakpoint(s) 
	Call Stack: MMulti, Init 
Paused at 109
	Hit Breakpoint(s) 
	Call Stack: MMulti, Init 
Paused at 109
	Hit Breakpoint(s) 
	Call Stack: MMulti, Init 
Paused at 109
	Hit Breakpoint(s) 
	Call Stack: MMulti, Init 
Paused at 109
	Hit Breakpoint(s) 
	Call Stack: MMulti, Init 
Paused at 109
	Hit Breakpoint(s) 
	Call Stack: MMulti, Init 
Paused at 109
	Hit Breakpoint(s) 
	Call Stack: MMulti, Init 
Paused at 109
	Hit Breakpoint(s) 
	Call Stack: MMulti, Init 
Paused at 109
	Hit Breakpoint(s) 
	Call Stack: MMulti, Init 
Paused at 109
	Hit Breakpoint(s) 
	Call Stack: MMulti, Init 
Paused at 109
	Hit Breakpoint(s) 
	Call Stack: MMulti, Init 
Paused at 109
	Hit Breakpoint(s) 
	Call Stack: MMulti, Init 
Paused at 53
	Hit Breakpoint(s) 
	Call Stack: DrawLine, DrawQube, Init 
Paused at 65
	Hit Breakpoint(s) 
	Call Stack: DrawLine, DrawQube, Init 
Paused at 65
	Hit Breakpoint(s) 
	Call Stack: DrawLine, DrawQube, Init 
Paused at 65
	Hit Breakpoint(s) 
	Call Stack: DrawLine, DrawQube, Init 
Paused at 65
	Hit Breakpoint(s) 
	Call Stack: DrawLine, DrawQube, Init 
Paused at 65
	Hit Breakpoint(s) 
	Call Stack: DrawLine, DrawQube, Init 
Paused at 65
	Hit Breakpoint(s) 
	Call Stack: DrawLine, DrawQube, Init 
Paused at 65
	Hit Breakpoint(s) 
	Call Stack: DrawLine, DrawQube, Init 
Paused at 65
	Hit Breakpoint(s) 
	Call Stack: DrawLine, DrawQube, Init 
Paused at 65
	Hit Breakpoint(s) 
	Call Stack: DrawLine, DrawQube, Init 
Paused at 65
	Hit Breakpoint(s) 
	Call Stack: DrawLine, DrawQube, Init 
Paused at 65
	Hit Breakpoint(s) 
	Call Stack: DrawLine, DrawQube, Init 
Paused at 65
	Hit Breakpoint(s) 
	Call Stack: DrawLine, DrawQube, Init 
Paused at 65
	Hit Breakpoint(s) 
	Call Stack: DrawLine, DrawQube, Init 
Paused at 65
	Hit Breakpoint(s) 
	Call Stack: DrawLine, DrawQube, Init 
Paused at 65
	Hit Breakpoint(s) 
	Call Stack: DrawLine, DrawQube, Init 
Paused at 65
	Hit Breakpoint(s) 
	Call Stack: DrawLine, DrawQube, Init 
Paused at 65
	Hit Breakpoint(s) 
	Call Stack: DrawLine, DrawQube, Init 
Paused at 65
	Hit Breakpoint(s) 
	Call Stack: DrawLine, DrawQube, Init 
Paused at 65
	Hit Breakpoint(s) 
	Call Stack: DrawLine, DrawQube, Init 
Paused at 65
	Hit Breakpoint(s) 
	Call Stack: DrawLine, DrawQube, Init 
Paused at 65
	Hit Breakpoint(s) 
	Call Stack: DrawLine, DrawQube, Init 
Paused at 65
	Hit Breakpoint(s) 
	Call Stack: DrawLine, DrawQube, Init 
Paused at 65
	Hit Breakpoint(s) 
	Call Stack: DrawLine, DrawQube, Init 
Paused at 65
	Hit Breakpoint(s) 
	Call Stack: DrawLine, DrawQube, Init 
Paused at 65
	Hit Breakpoint(s) 
	Call Stack: DrawLine, DrawQube, Init 
Paused at 65
	Hit Breakpoint(s) 
	Call Stack: DrawLine, DrawQube, Init 
Paused at 65
	Hit Breakpoint(s) 
	Call Stack: DrawLine, DrawQube, Init 
Paused at 65
	Hit Breakpoint(s) 
	Call Stack: DrawLine, DrawQube, Init 
Paused at 65
	Hit Breakpoint(s) 
	Call Stack: DrawLine, DrawQube, Init 
Paused at 65
	Hit Breakpoint(s) 
	Call Stack: DrawLine, DrawQube, Init 
Paused at 65
	Hit Breakpoint(s) 
	Call Stack: DrawLine, DrawQube, Init 
Paused at 65
	Hit Breakpoint(s) 
	Call Stack: DrawLine, DrawQube, Init 
Paused at 65
	Hit Breakpoint(s) 
	Call Stack: DrawLine, DrawQube, Init 
Paused at 65
	Hit Breakpoint(s) 
	Call Stack: DrawLine, DrawQube, Init 
Paused at 65
	Hit Breakpoint(s) 
	Call Stack: DrawLine, DrawQube, Init 
Paused at 65
	Hit Breakpoint(s) 
	Call Stack: DrawLine, DrawQube, Init 
