	Hit Breakpoint(s) 
	Call Stack:  
	Hit Breakpoint(s) 
	Call Stack:  
	Hit Breakpoint(s) 
	Call Stack: Sun 
	Hit Breakpoint(s) 
	Call Stack: Body, Sun 
	Hit Breakpoint(s) 
	Call Stack: Body, Sun 
	Hit Breakpoint(s) 
	Call Stack: Jupiter 
	Hit Breakpoint(s) 
	Call Stack: Jupiter 
	Hit Breakpoint(s) 
	Call Stack: Body, Jupiter 
	Hit Breakpoint(s) 
	Call Stack: Body, Jupiter 
	Hit Breakpoint(s) 
	Call Stack: Saturn 
	Hit Breakpoint(s) 
	Call Stack: Body, Saturn 
	Hit Breakpoint(s) 
	Call Stack: Body, Saturn 
	Hit Breakpoint(s) 
	Call Stack: Body, Uranus 
	Hit Breakpoint(s) 
	Call Stack: Body, Uranus 
	Hit Breakpoint(s) 
	Call Stack: Body, Neptune 
	Hit Breakpoint(s) 
	Call Stack: Body, Neptune 
	Hit Breakpoint(s) 
	Call Stack:  
	Hit Breakpoint(s) 
	Call Stack: NBodySystem.advance 
	Hit Breakpoint(s) 
	Call Stack: NBodySystem.advance 
	Hit Breakpoint(s) 
	Call Stack: NBodySystem.advance 
	Hit Breakpoint(s) 
	Call Stack: NBodySystem.advance 
	Hit Breakpoint(s) 
	Call Stack: NBodySystem.advance 
	Hit Breakpoint(s) 
	Call Stack: NBodySystem.advance 
	Hit Breakpoint(s) 
	Call Stack: NBodySystem.advance 
	Hit Breakpoint(s) 
	Call Stack: NBodySystem.advance 
	Hit Breakpoint(s) 
	Call Stack: NBodySystem.advance 
	Hit Breakpoint(s) 
	Call Stack: NBodySystem.advance 
	Hit Breakpoint(s) 
	Call Stack: NBodySystem.advance 
	Hit Breakpoint(s) 
	Call Stack: NBodySystem.advance 
	Hit Breakpoint(s) 
	Call Stack: NBodySystem.advance 
	Hit Breakpoint(s) 
	Call Stack: NBodySystem.advance 
	Hit Breakpoint(s) 
	Call Stack: NBodySystem.advance 
	Hit Breakpoint(s) 
	Call Stack: NBodySystem.advance 
	Hit Breakpoint(s) 
	Call Stack: NBodySystem.advance 
	Hit Breakpoint(s) 
	Call Stack: NBodySystem.advance 
	Hit Breakpoint(s) 
	Call Stack: NBodySystem.advance 
	Hit Breakpoint(s) 
	Call Stack: NBodySystem.advance 
	Hit Breakpoint(s) 
	Call Stack: NBodySystem.advance 
	Hit Breakpoint(s) 
	Call Stack: NBodySystem.advance 
	Hit Breakpoint(s) 
	Call Stack: NBodySystem.advance 
	Hit Breakpoint(s) 
	Call Stack: NBodySystem.advance 
	Hit Breakpoint(s) 
	Call Stack: NBodySystem.advance 
	Hit Breakpoint(s) 
	Call Stack: NBodySystem.advance 
	Hit Breakpoint(s) 
	Call Stack: NBodySystem.advance 
	Hit Breakpoint(s) 
	Call Stack: NBodySystem.advance 
	Hit Breakpoint(s) 
	Call Stack: NBodySystem.advance 
	Hit Breakpoint(s) 
	Call Stack: NBodySystem.advance 
	Hit Breakpoint(s) 
	Call Stack: NBodySystem.advance 
	Hit Breakpoint(s) 
	Call Stack: NBodySystem.advance 
	Hit Breakpoint(s) 
	Call Stack: NBodySystem.advance 
	Hit Breakpoint(s) 
	Call Stack: NBodySystem.advance 
	Hit Breakpoint(s) 
	Call Stack: NBodySystem.advance 
	Hit Breakpoint(s) 
	Call Stack: NBodySystem.advance 
	Hit Breakpoint(s) 
	Call Stack: NBodySystem.advance 
	Hit Breakpoint(s) 
	Call Stack: NBodySystem.advance 
	Hit Breakpoint(s) 
	Call Stack: NBodySystem.advance 
	Hit Breakpoint(s) 
	Call Stack: NBodySystem.advance 
	Hit Breakpoint(s) 
	Call Stack: NBodySystem.advance 
	Hit Breakpoint(s) 
	Call Stack: NBodySystem.advance 
	Hit Breakpoint(s) 
	Call Stack: NBodySystem.advance 
	Hit Breakpoint(s) 
	Call Stack: NBodySystem.advance 
	Hit Breakpoint(s) 
	Call Stack: NBodySystem.advance 
	Hit Breakpoint(s) 
	Call Stack: NBodySystem.advance 
	Hit Breakpoint(s) 
	Call Stack: NBodySystem.advance 
	Hit Breakpoint(s) 
	Call Stack: NBodySystem.advance 
	Hit Breakpoint(s) 
	Call Stack: NBodySystem.advance 
	Hit Breakpoint(s) 
	Call Stack: NBodySystem.advance 
	Hit Breakpoint(s) 
	Call Stack: NBodySystem.advance 
	Hit Breakpoint(s) 
	Call Stack: NBodySystem.advance 
	Hit Breakpoint(s) 
	Call Stack: NBodySystem.advance 
	Hit Breakpoint(s) 
	Call Stack: NBodySystem.advance 
	Hit Breakpoint(s) 
	Call Stack: NBodySystem.advance 
	Hit Breakpoint(s) 
	Call Stack: NBodySystem.advance 
	Hit Breakpoint(s) 
	Call Stack: NBodySystem.advance 
	Hit Breakpoint(s) 
	Call Stack: NBodySystem.advance 
	Hit Breakpoint(s) 
	Call Stack: NBodySystem.advance 
	Hit Breakpoint(s) 
	Call Stack: NBodySystem.advance 
	Hit Breakpoint(s) 
	Call Stack: NBodySystem.advance 
	Hit Breakpoint(s) 
	Call Stack: NBodySystem.advance 
	Hit Breakpoint(s) 
	Call Stack: NBodySystem.advance 
	Hit Breakpoint(s) 
	Call Stack: NBodySystem.advance 
	Hit Breakpoint(s) 
	Call Stack: NBodySystem.advance 
	Hit Breakpoint(s) 
	Call Stack: NBodySystem.advance 
	Hit Breakpoint(s) 
	Call Stack: NBodySystem.advance 
	Hit Breakpoint(s) 
	Call Stack: NBodySystem.advance 
	Hit Breakpoint(s) 
	Call Stack: NBodySystem.advance 
	Hit Breakpoint(s) 
	Call Stack: NBodySystem.advance 
	Hit Breakpoint(s) 
	Call Stack: NBodySystem.advance 
	Hit Breakpoint(s) 
	Call Stack: NBodySystem.advance 
	Hit Breakpoint(s) 
	Call Stack: NBodySystem.advance 
	Hit Breakpoint(s) 
	Call Stack: NBodySystem.advance 
	Hit Breakpoint(s) 
	Call Stack: NBodySystem.advance 
	Hit Breakpoint(s) 
	Call Stack: NBodySystem.advance 
	Hit Breakpoint(s) 
	Call Stack: NBodySystem.advance 
	Hit Breakpoint(s) 
	Call Stack: NBodySystem.advance 
	Hit Breakpoint(s) 
	Call Stack: NBodySystem.advance 
	Hit Breakpoint(s) 
	Call Stack: NBodySystem.advance 
	Hit Breakpoint(s) 
	Call Stack: NBodySystem.advance 
	Hit Breakpoint(s) 
	Call Stack: NBodySystem.advance 
	Hit Breakpoint(s) 
	Call Stack: NBodySystem.advance 
	Hit Breakpoint(s) 
	Call Stack: NBodySystem.advance 
