	Hit Breakpoint(s) 
	Call Stack: tak 
	Hit Breakpoint(s) 
	Call Stack: tak, tak 
	Hit Breakpoint(s) 
	Call Stack: tak, tak, tak 
	Hit Breakpoint(s) 
	Call Stack: tak, tak, tak, tak 
	Hit Breakpoint(s) 
	Call Stack: tak, tak, tak, tak, tak 
	Hit Breakpoint(s) 
	Call Stack: tak, tak, tak, tak, tak 
	Hit Breakpoint(s) 
	Call Stack: tak, tak, tak, tak, tak, tak 
	Hit Breakpoint(s) 
	Call Stack: tak, tak, tak, tak, tak, tak, tak 
	Hit Breakpoint(s) 
	Call Stack: tak, tak, tak, tak, tak, tak, tak, tak 
	Hit Breakpoint(s) 
	Call Stack: tak, tak, tak, tak, tak, tak, tak, tak 
	Hit Breakpoint(s) 
	Call Stack: tak, tak, tak, tak, tak, tak, tak, tak 
	Hit Breakpoint(s) 
	Call Stack: tak, tak, tak, tak, tak, tak, tak, tak, tak 
	Hit Breakpoint(s) 
	Call Stack: tak, tak, tak, tak, tak, tak, tak, tak, tak, tak 
	Hit Breakpoint(s) 
	Call Stack: tak, tak, tak, tak, tak, tak, tak, tak, tak, tak, tak 
	Hit Breakpoint(s) 
	Call Stack: tak, tak, tak, tak, tak, tak, tak, tak, tak, tak, tak 
	Hit Breakpoint(s) 
	Call Stack: tak, tak, tak, tak, tak, tak, tak, tak, tak, tak, tak 
	Hit Breakpoint(s) 
	Call Stack: tak, tak, tak, tak, tak, tak, tak, tak, tak, tak, tak 
	Hit Breakpoint(s) 
	Call Stack: tak, tak, tak, tak, tak, tak, tak, tak, tak, tak 
	Hit Breakpoint(s) 
	Call Stack: tak, tak, tak, tak, tak, tak, tak, tak, tak, tak 
	Hit Breakpoint(s) 
	Call Stack: tak, tak, tak, tak, tak, tak, tak, tak, tak, tak 
	Hit Breakpoint(s) 
	Call Stack: tak, tak, tak, tak, tak, tak, tak, tak, tak 
	Hit Breakpoint(s) 
	Call Stack: tak, tak, tak, tak, tak, tak, tak, tak, tak 
	Hit Breakpoint(s) 
	Call Stack: tak, tak, tak, tak, tak, tak, tak, tak, tak 
	Hit Breakpoint(s) 
	Call Stack: tak, tak, tak, tak, tak, tak, tak, tak 
	Hit Breakpoint(s) 
	Call Stack: tak, tak, tak, tak, tak, tak, tak, tak, tak 
	Hit Breakpoint(s) 
	Call Stack: tak, tak, tak, tak, tak, tak, tak, tak, tak, tak 
	Hit Breakpoint(s) 
	Call Stack: tak, tak, tak, tak, tak, tak, tak, tak, tak, tak, tak 
	Hit Breakpoint(s) 
	Call Stack: tak, tak, tak, tak, tak, tak, tak, tak, tak, tak, tak, tak 
	Hit Breakpoint(s) 
	Call Stack: tak, tak, tak, tak, tak, tak, tak, tak, tak, tak, tak, tak 
	Hit Breakpoint(s) 
	Call Stack: tak, tak, tak, tak, tak, tak, tak, tak, tak, tak, tak, tak 
	Hit Breakpoint(s) 
	Call Stack: tak, tak, tak, tak, tak, tak, tak, tak, tak, tak, tak, tak 
	Hit Breakpoint(s) 
	Call Stack: tak, tak, tak, tak, tak, tak, tak, tak, tak, tak, tak 
	Hit Breakpoint(s) 
	Call Stack: tak, tak, tak, tak, tak, tak, tak, tak, tak, tak, tak 
	Hit Breakpoint(s) 
	Call Stack: tak, tak, tak, tak, tak, tak, tak, tak, tak, tak, tak 
	Hit Breakpoint(s) 
	Call Stack: tak, tak, tak, tak, tak, tak, tak, tak, tak, tak 
	Hit Breakpoint(s) 
	Call Stack: tak, tak, tak, tak, tak, tak, tak, tak, tak, tak 
	Hit Breakpoint(s) 
	Call Stack: tak, tak, tak, tak, tak, tak, tak, tak, tak, tak 
	Hit Breakpoint(s) 
	Call Stack: tak, tak, tak, tak, tak, tak, tak, tak, tak 
	Hit Breakpoint(s) 
	Call Stack: tak, tak, tak, tak, tak, tak, tak, tak, tak 
	Hit Breakpoint(s) 
	Call Stack: tak, tak, tak, tak, tak, tak, tak, tak, tak 
	Hit Breakpoint(s) 
	Call Stack: tak, tak, tak, tak, tak, tak, tak 
	Hit Breakpoint(s) 
	Call Stack: tak, tak, tak, tak, tak, tak, tak 
	Hit Breakpoint(s) 
	Call Stack: tak, tak, tak, tak, tak, tak, tak, tak 
	Hit Breakpoint(s) 
	Call Stack: tak, tak, tak, tak, tak, tak, tak, tak, tak 
	Hit Breakpoint(s) 
	Call Stack: tak, tak, tak, tak, tak, tak, tak, tak, tak 
	Hit Breakpoint(s) 
	Call Stack: tak, tak, tak, tak, tak, tak, tak, tak, tak, tak 
	Hit Breakpoint(s) 
	Call Stack: tak, tak, tak, tak, tak, tak, tak, tak, tak, tak 
	Hit Breakpoint(s) 
	Call Stack: tak, tak, tak, tak, tak, tak, tak, tak, tak, tak 
	Hit Breakpoint(s) 
	Call Stack: tak, tak, tak, tak, tak, tak, tak, tak, tak, tak, tak 
	Hit Breakpoint(s) 
	Call Stack: tak, tak, tak, tak, tak, tak, tak, tak, tak, tak, tak 
	Hit Breakpoint(s) 
	Call Stack: tak, tak, tak, tak, tak, tak, tak, tak, tak, tak, tak 
	Hit Breakpoint(s) 
	Call Stack: tak, tak, tak, tak, tak, tak, tak, tak, tak, tak, tak 
	Hit Breakpoint(s) 
	Call Stack: tak, tak, tak, tak, tak, tak, tak, tak, tak, tak 
	Hit Breakpoint(s) 
	Call Stack: tak, tak, tak, tak, tak, tak, tak, tak, tak, tak, tak 
	Hit Breakpoint(s) 
	Call Stack: tak, tak, tak, tak, tak, tak, tak, tak, tak, tak, tak, tak 
	Hit Breakpoint(s) 
	Call Stack: tak, tak, tak, tak, tak, tak, tak, tak, tak, tak, tak, tak 
	Hit Breakpoint(s) 
	Call Stack: tak, tak, tak, tak, tak, tak, tak, tak, tak, tak, tak, tak 
	Hit Breakpoint(s) 
	Call Stack: tak, tak, tak, tak, tak, tak, tak, tak, tak, tak, tak, tak 
	Hit Breakpoint(s) 
	Call Stack: tak, tak, tak, tak, tak, tak, tak, tak, tak, tak, tak 
	Hit Breakpoint(s) 
	Call Stack: tak, tak, tak, tak, tak, tak, tak, tak, tak, tak, tak 
	Hit Breakpoint(s) 
	Call Stack: tak, tak, tak, tak, tak, tak, tak, tak, tak, tak, tak 
	Hit Breakpoint(s) 
	Call Stack: tak, tak, tak, tak, tak, tak, tak, tak, tak 
	Hit Breakpoint(s) 
	Call Stack: tak, tak, tak, tak, tak, tak, tak, tak, tak 
	Hit Breakpoint(s) 
	Call Stack: tak, tak, tak, tak, tak, tak, tak, tak 
	Hit Breakpoint(s) 
	Call Stack: tak, tak, tak, tak, tak, tak, tak, tak, tak 
	Hit Breakpoint(s) 
	Call Stack: tak, tak, tak, tak, tak, tak, tak, tak, tak 
	Hit Breakpoint(s) 
	Call Stack: tak, tak, tak, tak, tak, tak, tak, tak, tak 
	Hit Breakpoint(s) 
	Call Stack: tak, tak, tak, tak, tak, tak, tak, tak, tak, tak 
	Hit Breakpoint(s) 
	Call Stack: tak, tak, tak, tak, tak, tak, tak, tak, tak, tak, tak 
	Hit Breakpoint(s) 
	Call Stack: tak, tak, tak, tak, tak, tak, tak, tak, tak, tak, tak 
	Hit Breakpoint(s) 
	Call Stack: tak, tak, tak, tak, tak, tak, tak, tak, tak, tak, tak 
	Hit Breakpoint(s) 
	Call Stack: tak, tak, tak, tak, tak, tak, tak, tak, tak, tak, tak 
	Hit Breakpoint(s) 
	Call Stack: tak, tak, tak, tak, tak, tak, tak, tak, tak, tak 
	Hit Breakpoint(s) 
	Call Stack: tak, tak, tak, tak, tak, tak, tak, tak, tak, tak 
	Hit Breakpoint(s) 
	Call Stack: tak, tak, tak, tak, tak, tak, tak, tak, tak, tak 
	Hit Breakpoint(s) 
	Call Stack: tak, tak, tak, tak, tak, tak, tak, tak, tak 
	Hit Breakpoint(s) 
	Call Stack: tak, tak, tak, tak, tak, tak, tak, tak, tak, tak 
	Hit Breakpoint(s) 
	Call Stack: tak, tak, tak, tak, tak, tak, tak, tak, tak, tak, tak 
	Hit Breakpoint(s) 
	Call Stack: tak, tak, tak, tak, tak, tak, tak, tak, tak, tak, tak, tak 
	Hit Breakpoint(s) 
	Call Stack: tak, tak, tak, tak, tak, tak, tak, tak, tak, tak, tak, tak 
	Hit Breakpoint(s) 
	Call Stack: tak, tak, tak, tak, tak, tak, tak, tak, tak, tak, tak, tak 
	Hit Breakpoint(s) 
	Call Stack: tak, tak, tak, tak, tak, tak, tak, tak, tak, tak, tak, tak 
	Hit Breakpoint(s) 
	Call Stack: tak, tak, tak, tak, tak, tak, tak, tak, tak, tak, tak 
	Hit Breakpoint(s) 
	Call Stack: tak, tak, tak, tak, tak, tak, tak, tak, tak, tak, tak 
	Hit Breakpoint(s) 
	Call Stack: tak, tak, tak, tak, tak, tak, tak, tak, tak, tak, tak 
	Hit Breakpoint(s) 
	Call Stack: tak, tak, tak, tak, tak, tak, tak, tak, tak, tak 
	Hit Breakpoint(s) 
	Call Stack: tak, tak, tak, tak, tak, tak, tak, tak, tak, tak 
	Hit Breakpoint(s) 
	Call Stack: tak, tak, tak, tak, tak, tak, tak, tak, tak, tak 
	Hit Breakpoint(s) 
	Call Stack: tak, tak, tak, tak, tak, tak, tak, tak 
	Hit Breakpoint(s) 
	Call Stack: tak, tak, tak, tak, tak, tak, tak, tak 
	Hit Breakpoint(s) 
	Call Stack: tak, tak, tak, tak, tak, tak, tak, tak, tak 
	Hit Breakpoint(s) 
	Call Stack: tak, tak, tak, tak, tak, tak, tak, tak, tak 
	Hit Breakpoint(s) 
	Call Stack: tak, tak, tak, tak, tak, tak, tak, tak, tak 
	Hit Breakpoint(s) 
	Call Stack: tak, tak, tak, tak, tak, tak, tak, tak, tak 
	Hit Breakpoint(s) 
	Call Stack: tak, tak, tak, tak, tak, tak, tak 
	Hit Breakpoint(s) 
	Call Stack: tak, tak, tak, tak, tak, tak 
	Hit Breakpoint(s) 
	Call Stack: tak, tak, tak, tak, tak, tak 
	Hit Breakpoint(s) 
	Call Stack: tak, tak, tak, tak, tak, tak, tak 
	Hit Breakpoint(s) 
	Call Stack: tak, tak, tak, tak, tak, tak, tak 
	Hit Breakpoint(s) 
	Call Stack: tak, tak, tak, tak, tak, tak, tak, tak 
	Hit Breakpoint(s) 
	Call Stack: tak, tak, tak, tak, tak, tak, tak, tak, tak 
