Breakpoint Set at 36
Breakpoint Set at 284
Breakpoint Set at 259
Breakpoint Set at 120
Breakpoint Set at 317
Breakpoint Set at 306
Breakpoint Set at 79
Breakpoint Set at 331
Breakpoint Set at 63
Breakpoint Set at 350
Breakpoint Set at 35
Breakpoint Set at 93
Breakpoint Set at 305
Breakpoint Set at 114
Breakpoint Set at 356
Breakpoint Set at 380
Breakpoint Set at 360
Breakpoint Set at 325
Breakpoint Set at 333
Breakpoint Set at 23
Breakpoint Set at 54
Breakpoint Set at 337
Breakpoint Set at 119
Breakpoint Set at 100
Breakpoint Set at 324
Paused at 93
	Hit Breakpoint(s) 
	Call Stack: KeyExpansion, AESEncryptCtr 
Paused at 93
	Hit Breakpoint(s) 
	Call Stack: KeyExpansion, AESEncryptCtr 
Paused at 93
	Hit Breakpoint(s) 
	Call Stack: KeyExpansion, AESEncryptCtr 
Paused at 93
	Hit Breakpoint(s) 
	Call Stack: KeyExpansion, AESEncryptCtr 
Paused at 93
	Hit Breakpoint(s) 
	Call Stack: KeyExpansion, AESEncryptCtr 
Paused at 93
	Hit Breakpoint(s) 
	Call Stack: KeyExpansion, AESEncryptCtr 
Paused at 93
	Hit Breakpoint(s) 
	Call Stack: KeyExpansion, AESEncryptCtr 
Paused at 93
	Hit Breakpoint(s) 
	Call Stack: KeyExpansion, AESEncryptCtr 
Paused at 100
	Hit Breakpoint(s) 
	Call Stack: KeyExpansion, AESEncryptCtr 
Paused at 119
	Hit Breakpoint(s) 
	Call Stack: RotWord, KeyExpansion, AESEncryptCtr 
Paused at 120
	Hit Breakpoint(s) 
	Call Stack: RotWord, KeyExpansion, AESEncryptCtr 
Paused at 114
	Hit Breakpoint(s) 
	Call Stack: SubWord, KeyExpansion, AESEncryptCtr 
Paused at 114
	Hit Breakpoint(s) 
	Call Stack: SubWord, KeyExpansion, AESEncryptCtr 
Paused at 100
	Hit Breakpoint(s) 
	Call Stack: KeyExpansion, AESEncryptCtr 
Paused at 119
	Hit Breakpoint(s) 
	Call Stack: RotWord, KeyExpansion, AESEncryptCtr 
Paused at 120
	Hit Breakpoint(s) 
	Call Stack: RotWord, KeyExpansion, AESEncryptCtr 
Paused at 114
	Hit Breakpoint(s) 
	Call Stack: SubWord, KeyExpansion, AESEncryptCtr 
Paused at 114
	Hit Breakpoint(s) 
	Call Stack: SubWord, KeyExpansion, AESEncryptCtr 
Paused at 100
	Hit Breakpoint(s) 
	Call Stack: KeyExpansion, AESEncryptCtr 
Paused at 119
	Hit Breakpoint(s) 
	Call Stack: RotWord, KeyExpansion, AESEncryptCtr 
Paused at 120
	Hit Breakpoint(s) 
	Call Stack: RotWord, KeyExpansion, AESEncryptCtr 
Paused at 114
	Hit Breakpoint(s) 
	Call Stack: SubWord, KeyExpansion, AESEncryptCtr 
Paused at 114
	Hit Breakpoint(s) 
	Call Stack: SubWord, KeyExpansion, AESEncryptCtr 
Paused at 100
	Hit Breakpoint(s) 
	Call Stack: KeyExpansion, AESEncryptCtr 
Paused at 119
	Hit Breakpoint(s) 
	Call Stack: RotWord, KeyExpansion, AESEncryptCtr 
Paused at 120
	Hit Breakpoint(s) 
	Call Stack: RotWord, KeyExpansion, AESEncryptCtr 
Paused at 114
	Hit Breakpoint(s) 
	Call Stack: SubWord, KeyExpansion, AESEncryptCtr 
Paused at 114
	Hit Breakpoint(s) 
	Call Stack: SubWord, KeyExpansion, AESEncryptCtr 
Paused at 100
	Hit Breakpoint(s) 
	Call Stack: KeyExpansion, AESEncryptCtr 
Paused at 119
	Hit Breakpoint(s) 
	Call Stack: RotWord, KeyExpansion, AESEncryptCtr 
Paused at 120
	Hit Breakpoint(s) 
	Call Stack: RotWord, KeyExpansion, AESEncryptCtr 
Paused at 114
	Hit Breakpoint(s) 
	Call Stack: SubWord, KeyExpansion, AESEncryptCtr 
Paused at 114
	Hit Breakpoint(s) 
	Call Stack: SubWord, KeyExpansion, AESEncryptCtr 
Paused at 100
	Hit Breakpoint(s) 
	Call Stack: KeyExpansion, AESEncryptCtr 
Paused at 119
	Hit Breakpoint(s) 
	Call Stack: RotWord, KeyExpansion, AESEncryptCtr 
Paused at 120
	Hit Breakpoint(s) 
	Call Stack: RotWord, KeyExpansion, AESEncryptCtr 
Paused at 114
	Hit Breakpoint(s) 
	Call Stack: SubWord, KeyExpansion, AESEncryptCtr 
Paused at 114
	Hit Breakpoint(s) 
	Call Stack: SubWord, KeyExpansion, AESEncryptCtr 
Paused at 100
	Hit Breakpoint(s) 
	Call Stack: KeyExpansion, AESEncryptCtr 
Paused at 119
	Hit Breakpoint(s) 
	Call Stack: RotWord, KeyExpansion, AESEncryptCtr 
Paused at 120
	Hit Breakpoint(s) 
	Call Stack: RotWord, KeyExpansion, AESEncryptCtr 
Paused at 114
	Hit Breakpoint(s) 
	Call Stack: SubWord, KeyExpansion, AESEncryptCtr 
Paused at 79
	Hit Breakpoint(s) 
	Call Stack: AddRoundKey, Cipher, AESEncryptCtr 
Paused at 23
	Hit Breakpoint(s) 
	Call Stack: Cipher, AESEncryptCtr 
Paused at 54
	Hit Breakpoint(s) 
	Call Stack: ShiftRows, Cipher, AESEncryptCtr 
Paused at 63
	Hit Breakpoint(s) 
	Call Stack: MixColumns, Cipher, AESEncryptCtr 
Paused at 63
	Hit Breakpoint(s) 
	Call Stack: MixColumns, Cipher, AESEncryptCtr 
Paused at 63
	Hit Breakpoint(s) 
	Call Stack: MixColumns, Cipher, AESEncryptCtr 
Paused at 63
	Hit Breakpoint(s) 
	Call Stack: MixColumns, Cipher, AESEncryptCtr 
Paused at 63
	Hit Breakpoint(s) 
	Call Stack: MixColumns, Cipher, AESEncryptCtr 
Paused at 63
	Hit Breakpoint(s) 
	Call Stack: MixColumns, Cipher, AESEncryptCtr 
Paused at 63
	Hit Breakpoint(s) 
	Call Stack: MixColumns, Cipher, AESEncryptCtr 
Paused at 63
	Hit Breakpoint(s) 
	Call Stack: MixColumns, Cipher, AESEncryptCtr 
Paused at 63
	Hit Breakpoint(s) 
	Call Stack: MixColumns, Cipher, AESEncryptCtr 
Paused at 63
	Hit Breakpoint(s) 
	Call Stack: MixColumns, Cipher, AESEncryptCtr 
Paused at 63
	Hit Breakpoint(s) 
	Call Stack: MixColumns, Cipher, AESEncryptCtr 
Paused at 63
	Hit Breakpoint(s) 
	Call Stack: MixColumns, Cipher, AESEncryptCtr 
Paused at 63
	Hit Breakpoint(s) 
	Call Stack: MixColumns, Cipher, AESEncryptCtr 
Paused at 63
	Hit Breakpoint(s) 
	Call Stack: MixColumns, Cipher, AESEncryptCtr 
Paused at 63
	Hit Breakpoint(s) 
	Call Stack: MixColumns, Cipher, AESEncryptCtr 
Paused at 63
	Hit Breakpoint(s) 
	Call Stack: MixColumns, Cipher, AESEncryptCtr 
Paused at 79
	Hit Breakpoint(s) 
	Call Stack: AddRoundKey, Cipher, AESEncryptCtr 
Paused at 23
	Hit Breakpoint(s) 
	Call Stack: Cipher, AESEncryptCtr 
Paused at 54
	Hit Breakpoint(s) 
	Call Stack: ShiftRows, Cipher, AESEncryptCtr 
Paused at 63
	Hit Breakpoint(s) 
	Call Stack: MixColumns, Cipher, AESEncryptCtr 
Paused at 63
	Hit Breakpoint(s) 
	Call Stack: MixColumns, Cipher, AESEncryptCtr 
Paused at 63
	Hit Breakpoint(s) 
	Call Stack: MixColumns, Cipher, AESEncryptCtr 
Paused at 63
	Hit Breakpoint(s) 
	Call Stack: MixColumns, Cipher, AESEncryptCtr 
Paused at 63
	Hit Breakpoint(s) 
	Call Stack: MixColumns, Cipher, AESEncryptCtr 
Paused at 63
	Hit Breakpoint(s) 
	Call Stack: MixColumns, Cipher, AESEncryptCtr 
Paused at 63
	Hit Breakpoint(s) 
	Call Stack: MixColumns, Cipher, AESEncryptCtr 
Paused at 63
	Hit Breakpoint(s) 
	Call Stack: MixColumns, Cipher, AESEncryptCtr 
Paused at 63
	Hit Breakpoint(s) 
	Call Stack: MixColumns, Cipher, AESEncryptCtr 
Paused at 63
	Hit Breakpoint(s) 
	Call Stack: MixColumns, Cipher, AESEncryptCtr 
Paused at 63
	Hit Breakpoint(s) 
	Call Stack: MixColumns, Cipher, AESEncryptCtr 
Paused at 63
	Hit Breakpoint(s) 
	Call Stack: MixColumns, Cipher, AESEncryptCtr 
Paused at 63
	Hit Breakpoint(s) 
	Call Stack: MixColumns, Cipher, AESEncryptCtr 
Paused at 63
	Hit Breakpoint(s) 
	Call Stack: MixColumns, Cipher, AESEncryptCtr 
Paused at 63
	Hit Breakpoint(s) 
	Call Stack: MixColumns, Cipher, AESEncryptCtr 
Paused at 63
	Hit Breakpoint(s) 
	Call Stack: MixColumns, Cipher, AESEncryptCtr 
Paused at 79
	Hit Breakpoint(s) 
	Call Stack: AddRoundKey, Cipher, AESEncryptCtr 
Paused at 23
	Hit Breakpoint(s) 
	Call Stack: Cipher, AESEncryptCtr 
Paused at 54
	Hit Breakpoint(s) 
	Call Stack: ShiftRows, Cipher, AESEncryptCtr 
Paused at 63
	Hit Breakpoint(s) 
	Call Stack: MixColumns, Cipher, AESEncryptCtr 
Paused at 63
	Hit Breakpoint(s) 
	Call Stack: MixColumns, Cipher, AESEncryptCtr 
Paused at 63
	Hit Breakpoint(s) 
	Call Stack: MixColumns, Cipher, AESEncryptCtr 
Paused at 63
	Hit Breakpoint(s) 
	Call Stack: MixColumns, Cipher, AESEncryptCtr 
Paused at 63
	Hit Breakpoint(s) 
	Call Stack: MixColumns, Cipher, AESEncryptCtr 
Paused at 63
	Hit Breakpoint(s) 
	Call Stack: MixColumns, Cipher, AESEncryptCtr 
Paused at 63
	Hit Breakpoint(s) 
	Call Stack: MixColumns, Cipher, AESEncryptCtr 
Paused at 63
	Hit Breakpoint(s) 
	Call Stack: MixColumns, Cipher, AESEncryptCtr 
Paused at 63
	Hit Breakpoint(s) 
	Call Stack: MixColumns, Cipher, AESEncryptCtr 
Paused at 63
	Hit Breakpoint(s) 
	Call Stack: MixColumns, Cipher, AESEncryptCtr 
Paused at 63
	Hit Breakpoint(s) 
	Call Stack: MixColumns, Cipher, AESEncryptCtr 
Paused at 63
	Hit Breakpoint(s) 
	Call Stack: MixColumns, Cipher, AESEncryptCtr 
Paused at 63
	Hit Breakpoint(s) 
	Call Stack: MixColumns, Cipher, AESEncryptCtr 
Paused at 63
	Hit Breakpoint(s) 
	Call Stack: MixColumns, Cipher, AESEncryptCtr 
Paused at 63
	Hit Breakpoint(s) 
	Call Stack: MixColumns, Cipher, AESEncryptCtr 
Paused at 63
	Hit Breakpoint(s) 
	Call Stack: MixColumns, Cipher, AESEncryptCtr 
Paused at 79
	Hit Breakpoint(s) 
	Call Stack: AddRoundKey, Cipher, AESEncryptCtr 
Paused at 23
	Hit Breakpoint(s) 
	Call Stack: Cipher, AESEncryptCtr 
