Breakpoint Set at 68
Breakpoint Set at 165
Breakpoint Set at 178
Breakpoint Set at 26
Breakpoint Set at 67
Breakpoint Set at 111
Breakpoint Set at 74
Breakpoint Set at 181
Breakpoint Set at 90
Breakpoint Set at 82
Breakpoint Set at 75
Breakpoint Set at 91
Breakpoint Set at 166
Breakpoint Set at 198
Breakpoint Set at 80
Breakpoint Set at 153
Paused at 153
	Hit Breakpoint(s) 
	Call Stack: str2binb, hex_sha1 
Paused at 90
	Hit Breakpoint(s) 
	Call Stack: sha1_ft, core_sha1, hex_sha1 
Paused at 67
	Hit Breakpoint(s) 
	Call Stack: core_sha1, hex_sha1 
Paused at 68
	Hit Breakpoint(s) 
	Call Stack: core_sha1, hex_sha1 
Paused at 90
	Hit Breakpoint(s) 
	Call Stack: sha1_ft, core_sha1, hex_sha1 
Paused at 67
	Hit Breakpoint(s) 
	Call Stack: core_sha1, hex_sha1 
Paused at 68
	Hit Breakpoint(s) 
	Call Stack: core_sha1, hex_sha1 
Paused at 90
	Hit Breakpoint(s) 
	Call Stack: sha1_ft, core_sha1, hex_sha1 
Paused at 67
	Hit Breakpoint(s) 
	Call Stack: core_sha1, hex_sha1 
Paused at 68
	Hit Breakpoint(s) 
	Call Stack: core_sha1, hex_sha1 
Paused at 90
	Hit Breakpoint(s) 
	Call Stack: sha1_ft, core_sha1, hex_sha1 
Paused at 67
	Hit Breakpoint(s) 
	Call Stack: core_sha1, hex_sha1 
Paused at 68
	Hit Breakpoint(s) 
	Call Stack: core_sha1, hex_sha1 
Paused at 90
	Hit Breakpoint(s) 
	Call Stack: sha1_ft, core_sha1, hex_sha1 
Paused at 67
	Hit Breakpoint(s) 
	Call Stack: core_sha1, hex_sha1 
Paused at 68
	Hit Breakpoint(s) 
	Call Stack: core_sha1, hex_sha1 
Paused at 90
	Hit Breakpoint(s) 
	Call Stack: sha1_ft, core_sha1, hex_sha1 
Paused at 67
	Hit Breakpoint(s) 
	Call Stack: core_sha1, hex_sha1 
Paused at 68
	Hit Breakpoint(s) 
	Call Stack: core_sha1, hex_sha1 
Paused at 90
	Hit Breakpoint(s) 
	Call Stack: sha1_ft, core_sha1, hex_sha1 
Paused at 67
	Hit Breakpoint(s) 
	Call Stack: core_sha1, hex_sha1 
Paused at 68
	Hit Breakpoint(s) 
	Call Stack: core_sha1, hex_sha1 
Paused at 90
	Hit Breakpoint(s) 
	Call Stack: sha1_ft, core_sha1, hex_sha1 
Paused at 67
	Hit Breakpoint(s) 
	Call Stack: core_sha1, hex_sha1 
Paused at 68
	Hit Breakpoint(s) 
	Call Stack: core_sha1, hex_sha1 
Paused at 90
	Hit Breakpoint(s) 
	Call Stack: sha1_ft, core_sha1, hex_sha1 
Paused at 67
	Hit Breakpoint(s) 
	Call Stack: core_sha1, hex_sha1 
Paused at 68
	Hit Breakpoint(s) 
	Call Stack: core_sha1, hex_sha1 
Paused at 90
	Hit Breakpoint(s) 
	Call Stack: sha1_ft, core_sha1, hex_sha1 
Paused at 67
	Hit Breakpoint(s) 
	Call Stack: core_sha1, hex_sha1 
Paused at 68
	Hit Breakpoint(s) 
	Call Stack: core_sha1, hex_sha1 
Paused at 90
	Hit Breakpoint(s) 
	Call Stack: sha1_ft, core_sha1, hex_sha1 
Paused at 67
	Hit Breakpoint(s) 
	Call Stack: core_sha1, hex_sha1 
Paused at 68
	Hit Breakpoint(s) 
	Call Stack: core_sha1, hex_sha1 
Paused at 90
	Hit Breakpoint(s) 
	Call Stack: sha1_ft, core_sha1, hex_sha1 
Paused at 67
	Hit Breakpoint(s) 
	Call Stack: core_sha1, hex_sha1 
Paused at 68
	Hit Breakpoint(s) 
	Call Stack: core_sha1, hex_sha1 
Paused at 90
	Hit Breakpoint(s) 
	Call Stack: sha1_ft, core_sha1, hex_sha1 
Paused at 67
	Hit Breakpoint(s) 
	Call Stack: core_sha1, hex_sha1 
Paused at 68
	Hit Breakpoint(s) 
	Call Stack: core_sha1, hex_sha1 
Paused at 90
	Hit Breakpoint(s) 
	Call Stack: sha1_ft, core_sha1, hex_sha1 
Paused at 67
	Hit Breakpoint(s) 
	Call Stack: core_sha1, hex_sha1 
Paused at 68
	Hit Breakpoint(s) 
	Call Stack: core_sha1, hex_sha1 
Paused at 90
	Hit Breakpoint(s) 
	Call Stack: sha1_ft, core_sha1, hex_sha1 
Paused at 67
	Hit Breakpoint(s) 
	Call Stack: core_sha1, hex_sha1 
Paused at 68
	Hit Breakpoint(s) 
	Call Stack: core_sha1, hex_sha1 
Paused at 90
	Hit Breakpoint(s) 
	Call Stack: sha1_ft, core_sha1, hex_sha1 
Paused at 67
	Hit Breakpoint(s) 
	Call Stack: core_sha1, hex_sha1 
Paused at 68
	Hit Breakpoint(s) 
	Call Stack: core_sha1, hex_sha1 
Paused at 90
	Hit Breakpoint(s) 
	Call Stack: sha1_ft, core_sha1, hex_sha1 
Paused at 67
	Hit Breakpoint(s) 
	Call Stack: core_sha1, hex_sha1 
Paused at 68
	Hit Breakpoint(s) 
	Call Stack: core_sha1, hex_sha1 
Paused at 90
	Hit Breakpoint(s) 
	Call Stack: sha1_ft, core_sha1, hex_sha1 
Paused at 67
	Hit Breakpoint(s) 
	Call Stack: core_sha1, hex_sha1 
Paused at 68
	Hit Breakpoint(s) 
	Call Stack: core_sha1, hex_sha1 
Paused at 90
	Hit Breakpoint(s) 
	Call Stack: sha1_ft, core_sha1, hex_sha1 
Paused at 67
	Hit Breakpoint(s) 
	Call Stack: core_sha1, hex_sha1 
Paused at 68
	Hit Breakpoint(s) 
	Call Stack: core_sha1, hex_sha1 
Paused at 90
	Hit Breakpoint(s) 
	Call Stack: sha1_ft, core_sha1, hex_sha1 
Paused at 67
	Hit Breakpoint(s) 
	Call Stack: core_sha1, hex_sha1 
Paused at 68
	Hit Breakpoint(s) 
	Call Stack: core_sha1, hex_sha1 
Paused at 90
	Hit Breakpoint(s) 
	Call Stack: sha1_ft, core_sha1, hex_sha1 
Paused at 91
	Hit Breakpoint(s) 
	Call Stack: sha1_ft, core_sha1, hex_sha1 
Paused at 67
	Hit Breakpoint(s) 
	Call Stack: core_sha1, hex_sha1 
Paused at 68
	Hit Breakpoint(s) 
	Call Stack: core_sha1, hex_sha1 
Paused at 90
	Hit Breakpoint(s) 
	Call Stack: sha1_ft, core_sha1, hex_sha1 
Paused at 91
	Hit Breakpoint(s) 
	Call Stack: sha1_ft, core_sha1, hex_sha1 
Paused at 67
	Hit Breakpoint(s) 
	Call Stack: core_sha1, hex_sha1 
Paused at 68
	Hit Breakpoint(s) 
	Call Stack: core_sha1, hex_sha1 
Paused at 90
	Hit Breakpoint(s) 
	Call Stack: sha1_ft, core_sha1, hex_sha1 
Paused at 91
	Hit Breakpoint(s) 
	Call Stack: sha1_ft, core_sha1, hex_sha1 
Paused at 67
	Hit Breakpoint(s) 
	Call Stack: core_sha1, hex_sha1 
Paused at 68
	Hit Breakpoint(s) 
	Call Stack: core_sha1, hex_sha1 
Paused at 90
	Hit Breakpoint(s) 
	Call Stack: sha1_ft, core_sha1, hex_sha1 
Paused at 91
	Hit Breakpoint(s) 
	Call Stack: sha1_ft, core_sha1, hex_sha1 
Paused at 67
	Hit Breakpoint(s) 
	Call Stack: core_sha1, hex_sha1 
Paused at 68
	Hit Breakpoint(s) 
	Call Stack: core_sha1, hex_sha1 
Paused at 90
	Hit Breakpoint(s) 
	Call Stack: sha1_ft, core_sha1, hex_sha1 
Paused at 91
	Hit Breakpoint(s) 
	Call Stack: sha1_ft, core_sha1, hex_sha1 
Paused at 67
	Hit Breakpoint(s) 
	Call Stack: core_sha1, hex_sha1 
Paused at 68
	Hit Breakpoint(s) 
	Call Stack: core_sha1, hex_sha1 
Paused at 90
	Hit Breakpoint(s) 
	Call Stack: sha1_ft, core_sha1, hex_sha1 
Paused at 91
	Hit Breakpoint(s) 
	Call Stack: sha1_ft, core_sha1, hex_sha1 
Paused at 67
	Hit Breakpoint(s) 
	Call Stack: core_sha1, hex_sha1 
Paused at 68
	Hit Breakpoint(s) 
	Call Stack: core_sha1, hex_sha1 
Paused at 90
	Hit Breakpoint(s) 
	Call Stack: sha1_ft, core_sha1, hex_sha1 
Paused at 91
	Hit Breakpoint(s) 
	Call Stack: sha1_ft, core_sha1, hex_sha1 
Paused at 67
	Hit Breakpoint(s) 
	Call Stack: core_sha1, hex_sha1 
Paused at 68
	Hit Breakpoint(s) 
	Call Stack: core_sha1, hex_sha1 
Paused at 90
	Hit Breakpoint(s) 
	Call Stack: sha1_ft, core_sha1, hex_sha1 
Paused at 91
	Hit Breakpoint(s) 
	Call Stack: sha1_ft, core_sha1, hex_sha1 
Paused at 67
	Hit Breakpoint(s) 
	Call Stack: core_sha1, hex_sha1 
Paused at 68
	Hit Breakpoint(s) 
	Call Stack: core_sha1, hex_sha1 
Paused at 90
	Hit Breakpoint(s) 
	Call Stack: sha1_ft, core_sha1, hex_sha1 
Paused at 91
	Hit Breakpoint(s) 
	Call Stack: sha1_ft, core_sha1, hex_sha1 
Paused at 67
	Hit Breakpoint(s) 
	Call Stack: core_sha1, hex_sha1 
Paused at 68
	Hit Breakpoint(s) 
	Call Stack: core_sha1, hex_sha1 
Paused at 90
	Hit Breakpoint(s) 
	Call Stack: sha1_ft, core_sha1, hex_sha1 
Paused at 91
	Hit Breakpoint(s) 
	Call Stack: sha1_ft, core_sha1, hex_sha1 
Paused at 67
	Hit Breakpoint(s) 
	Call Stack: core_sha1, hex_sha1 
Paused at 68
	Hit Breakpoint(s) 
	Call Stack: core_sha1, hex_sha1 
