	Hit Breakpoint(s) 
	Call Stack:  
	Hit Breakpoint(s) 
	Call Stack:  
	Hit Breakpoint(s) 
	Call Stack:  
	Hit Breakpoint(s) 
	Call Stack:  
	Hit Breakpoint(s) 
	Call Stack:  
	Hit Breakpoint(s) 
	Call Stack:  
	Hit Breakpoint(s) 
	Call Stack:  
	Hit Breakpoint(s) 
	Call Stack:  
	Hit Breakpoint(s) 
	Call Stack:  
	Hit Breakpoint(s) 
	Call Stack: Date.createNewFormat, Date.dateFormat 
	Hit Breakpoint(s) 
	Call Stack: Date.createNewFormat, Date.dateFormat 
	Hit Breakpoint(s) 
	Call Stack: Date.getFormatCode, Date.createNewFormat, Date.dateFormat 
	Hit Breakpoint(s) 
	Call Stack: Date.createNewFormat, Date.dateFormat 
	Hit Breakpoint(s) 
	Call Stack: Date.getFormatCode, Date.createNewFormat, Date.dateFormat 
	Hit Breakpoint(s) 
	Call Stack: String.escape, Date.getFormatCode, Date.createNewFormat, Date.dateFormat 
	Hit Breakpoint(s) 
	Call Stack: Date.createNewFormat, Date.dateFormat 
	Hit Breakpoint(s) 
	Call Stack: Date.getFormatCode, Date.createNewFormat, Date.dateFormat 
	Hit Breakpoint(s) 
	Call Stack: Date.createNewFormat, Date.dateFormat 
	Hit Breakpoint(s) 
	Call Stack: Date.getFormatCode, Date.createNewFormat, Date.dateFormat 
	Hit Breakpoint(s) 
	Call Stack: String.escape, Date.getFormatCode, Date.createNewFormat, Date.dateFormat 
	Hit Breakpoint(s) 
	Call Stack: Date.createNewFormat, Date.dateFormat 
	Hit Breakpoint(s) 
	Call Stack: Date.getFormatCode, Date.createNewFormat, Date.dateFormat 
	Hit Breakpoint(s) 
	Call Stack: String.leftPad, Date.format0, Date.dateFormat 
	Hit Breakpoint(s) 
	Call Stack: String.leftPad, Date.format0, Date.dateFormat 
	Hit Breakpoint(s) 
	Call Stack: Date.createNewFormat, Date.dateFormat 
	Hit Breakpoint(s) 
	Call Stack: Date.createNewFormat, Date.dateFormat 
	Hit Breakpoint(s) 
	Call Stack: Date.getFormatCode, Date.createNewFormat, Date.dateFormat 
	Hit Breakpoint(s) 
	Call Stack: Date.createNewFormat, Date.dateFormat 
	Hit Breakpoint(s) 
	Call Stack: Date.getFormatCode, Date.createNewFormat, Date.dateFormat 
	Hit Breakpoint(s) 
	Call Stack: String.escape, Date.getFormatCode, Date.createNewFormat, Date.dateFormat 
	Hit Breakpoint(s) 
	Call Stack: Date.createNewFormat, Date.dateFormat 
	Hit Breakpoint(s) 
	Call Stack: Date.getFormatCode, Date.createNewFormat, Date.dateFormat 
	Hit Breakpoint(s) 
	Call Stack: String.escape, Date.getFormatCode, Date.createNewFormat, Date.dateFormat 
	Hit Breakpoint(s) 
	Call Stack: Date.createNewFormat, Date.dateFormat 
	Hit Breakpoint(s) 
	Call Stack: Date.getFormatCode, Date.createNewFormat, Date.dateFormat 
	Hit Breakpoint(s) 
	Call Stack: Date.createNewFormat, Date.dateFormat 
	Hit Breakpoint(s) 
	Call Stack: Date.getFormatCode, Date.createNewFormat, Date.dateFormat 
	Hit Breakpoint(s) 
	Call Stack: String.escape, Date.getFormatCode, Date.createNewFormat, Date.dateFormat 
	Hit Breakpoint(s) 
	Call Stack: Date.createNewFormat, Date.dateFormat 
	Hit Breakpoint(s) 
	Call Stack: Date.getFormatCode, Date.createNewFormat, Date.dateFormat 
	Hit Breakpoint(s) 
	Call Stack: Date.createNewFormat, Date.dateFormat 
	Hit Breakpoint(s) 
	Call Stack: Date.getFormatCode, Date.createNewFormat, Date.dateFormat 
	Hit Breakpoint(s) 
	Call Stack: String.escape, Date.getFormatCode, Date.createNewFormat, Date.dateFormat 
	Hit Breakpoint(s) 
	Call Stack: Date.createNewFormat, Date.dateFormat 
	Hit Breakpoint(s) 
	Call Stack: Date.getFormatCode, Date.createNewFormat, Date.dateFormat 
	Hit Breakpoint(s) 
	Call Stack: String.escape, Date.getFormatCode, Date.createNewFormat, Date.dateFormat 
	Hit Breakpoint(s) 
	Call Stack: Date.createNewFormat, Date.dateFormat 
	Hit Breakpoint(s) 
	Call Stack: Date.getFormatCode, Date.createNewFormat, Date.dateFormat 
	Hit Breakpoint(s) 
	Call Stack: Date.createNewFormat, Date.dateFormat 
	Hit Breakpoint(s) 
	Call Stack: Date.getFormatCode, Date.createNewFormat, Date.dateFormat 
	Hit Breakpoint(s) 
	Call Stack: String.escape, Date.getFormatCode, Date.createNewFormat, Date.dateFormat 
	Hit Breakpoint(s) 
	Call Stack: Date.createNewFormat, Date.dateFormat 
	Hit Breakpoint(s) 
	Call Stack: Date.getFormatCode, Date.createNewFormat, Date.dateFormat 
	Hit Breakpoint(s) 
	Call Stack: Date.getFormatCode, Date.createNewFormat, Date.dateFormat 
	Hit Breakpoint(s) 
	Call Stack: Date.createNewFormat, Date.dateFormat 
	Hit Breakpoint(s) 
	Call Stack: Date.getFormatCode, Date.createNewFormat, Date.dateFormat 
	Hit Breakpoint(s) 
	Call Stack: String.escape, Date.getFormatCode, Date.createNewFormat, Date.dateFormat 
	Hit Breakpoint(s) 
	Call Stack: Date.createNewFormat, Date.dateFormat 
	Hit Breakpoint(s) 
	Call Stack: Date.getFormatCode, Date.createNewFormat, Date.dateFormat 
	Hit Breakpoint(s) 
	Call Stack: Date.createNewFormat, Date.dateFormat 
	Hit Breakpoint(s) 
	Call Stack: Date.getFormatCode, Date.createNewFormat, Date.dateFormat 
	Hit Breakpoint(s) 
	Call Stack: String.escape, Date.getFormatCode, Date.createNewFormat, Date.dateFormat 
	Hit Breakpoint(s) 
	Call Stack: Date.createNewFormat, Date.dateFormat 
	Hit Breakpoint(s) 
	Call Stack: Date.getFormatCode, Date.createNewFormat, Date.dateFormat 
	Hit Breakpoint(s) 
	Call Stack: Date.createNewFormat, Date.dateFormat 
	Hit Breakpoint(s) 
	Call Stack: Date.getFormatCode, Date.createNewFormat, Date.dateFormat 
	Hit Breakpoint(s) 
	Call Stack: String.escape, Date.getFormatCode, Date.createNewFormat, Date.dateFormat 
	Hit Breakpoint(s) 
	Call Stack: Date.createNewFormat, Date.dateFormat 
	Hit Breakpoint(s) 
	Call Stack: Date.getFormatCode, Date.createNewFormat, Date.dateFormat 
	Hit Breakpoint(s) 
	Call Stack: String.leftPad, Date.format1, Date.dateFormat 
	Hit Breakpoint(s) 
	Call Stack: String.leftPad, Date.format0, Date.dateFormat 
	Hit Breakpoint(s) 
	Call Stack: String.leftPad, Date.format0, Date.dateFormat 
	Hit Breakpoint(s) 
	Call Stack: String.leftPad, Date.format1, Date.dateFormat 
	Hit Breakpoint(s) 
	Call Stack: String.leftPad, Date.format0, Date.dateFormat 
	Hit Breakpoint(s) 
	Call Stack: String.leftPad, Date.format0, Date.dateFormat 
	Hit Breakpoint(s) 
	Call Stack: String.leftPad, Date.format1, Date.dateFormat 
	Hit Breakpoint(s) 
	Call Stack: String.leftPad, Date.format1, Date.dateFormat 
	Hit Breakpoint(s) 
	Call Stack: String.leftPad, Date.format1, Date.dateFormat 
	Hit Breakpoint(s) 
	Call Stack: String.leftPad, Date.format0, Date.dateFormat 
	Hit Breakpoint(s) 
	Call Stack: String.leftPad, Date.format0, Date.dateFormat 
	Hit Breakpoint(s) 
	Call Stack: String.leftPad, Date.format1, Date.dateFormat 
	Hit Breakpoint(s) 
	Call Stack: String.leftPad, Date.format0, Date.dateFormat 
	Hit Breakpoint(s) 
	Call Stack: String.leftPad, Date.format0, Date.dateFormat 
	Hit Breakpoint(s) 
	Call Stack: String.leftPad, Date.format1, Date.dateFormat 
	Hit Breakpoint(s) 
	Call Stack: String.leftPad, Date.format0, Date.dateFormat 
	Hit Breakpoint(s) 
	Call Stack: String.leftPad, Date.format0, Date.dateFormat 
	Hit Breakpoint(s) 
	Call Stack: String.leftPad, Date.format1, Date.dateFormat 
	Hit Breakpoint(s) 
	Call Stack: String.leftPad, Date.format0, Date.dateFormat 
	Hit Breakpoint(s) 
	Call Stack: String.leftPad, Date.format0, Date.dateFormat 
	Hit Breakpoint(s) 
	Call Stack: String.leftPad, Date.format1, Date.dateFormat 
	Hit Breakpoint(s) 
	Call Stack: String.leftPad, Date.format0, Date.dateFormat 
	Hit Breakpoint(s) 
	Call Stack: String.leftPad, Date.format0, Date.dateFormat 
	Hit Breakpoint(s) 
	Call Stack: String.leftPad, Date.format1, Date.dateFormat 
	Hit Breakpoint(s) 
	Call Stack: String.leftPad, Date.format1, Date.dateFormat 
	Hit Breakpoint(s) 
	Call Stack: String.leftPad, Date.format0, Date.dateFormat 
	Hit Breakpoint(s) 
	Call Stack: String.leftPad, Date.format0, Date.dateFormat 
	Hit Breakpoint(s) 
	Call Stack: String.leftPad, Date.format1, Date.dateFormat 
	Hit Breakpoint(s) 
	Call Stack: String.leftPad, Date.format0, Date.dateFormat 
	Hit Breakpoint(s) 
	Call Stack: String.leftPad, Date.format0, Date.dateFormat 
	Hit Breakpoint(s) 
	Call Stack: String.leftPad, Date.format1, Date.dateFormat 
	Hit Breakpoint(s) 
	Call Stack: String.leftPad, Date.format0, Date.dateFormat 
