Breakpoint Set at 36
Breakpoint Set at 35
Breakpoint Set at 23
Paused at 35
	Hit Breakpoint(s) 
	Call Stack: spectralnorm 
Paused at 36
	Hit Breakpoint(s) 
	Call Stack: spectralnorm 
Paused at 35
	Hit Breakpoint(s) 
	Call Stack: spectralnorm 
Paused at 36
	Hit Breakpoint(s) 
	Call Stack: spectralnorm 
Paused at 35
	Hit Breakpoint(s) 
	Call Stack: spectralnorm 
Paused at 36
	Hit Breakpoint(s) 
	Call Stack: spectralnorm 
Paused at 35
	Hit Breakpoint(s) 
	Call Stack: spectralnorm 
Paused at 36
	Hit Breakpoint(s) 
	Call Stack: spectralnorm 
Paused at 35
	Hit Breakpoint(s) 
	Call Stack: spectralnorm 
Paused at 36
	Hit Breakpoint(s) 
	Call Stack: spectralnorm 
Paused at 35
	Hit Breakpoint(s) 
	Call Stack: spectralnorm 
Paused at 36
	Hit Breakpoint(s) 
	Call Stack: spectralnorm 
Paused at 35
	Hit Breakpoint(s) 
	Call Stack: spectralnorm 
Paused at 23
	Hit Breakpoint(s) 
	Call Stack: Atu, AtAu, spectralnorm 
Paused at 23
	Hit Breakpoint(s) 
	Call Stack: Atu, AtAu, spectralnorm 
Paused at 23
	Hit Breakpoint(s) 
	Call Stack: Atu, AtAu, spectralnorm 
Paused at 23
	Hit Breakpoint(s) 
	Call Stack: Atu, AtAu, spectralnorm 
Paused at 23
	Hit Breakpoint(s) 
	Call Stack: Atu, AtAu, spectralnorm 
Paused at 23
	Hit Breakpoint(s) 
	Call Stack: Atu, AtAu, spectralnorm 
Paused at 23
	Hit Breakpoint(s) 
	Call Stack: Atu, AtAu, spectralnorm 
Paused at 23
	Hit Breakpoint(s) 
	Call Stack: Atu, AtAu, spectralnorm 
Paused at 23
	Hit Breakpoint(s) 
	Call Stack: Atu, AtAu, spectralnorm 
Paused at 23
	Hit Breakpoint(s) 
	Call Stack: Atu, AtAu, spectralnorm 
Paused at 23
	Hit Breakpoint(s) 
	Call Stack: Atu, AtAu, spectralnorm 
Paused at 23
	Hit Breakpoint(s) 
	Call Stack: Atu, AtAu, spectralnorm 
Paused at 23
	Hit Breakpoint(s) 
	Call Stack: Atu, AtAu, spectralnorm 
Paused at 23
	Hit Breakpoint(s) 
	Call Stack: Atu, AtAu, spectralnorm 
Paused at 23
	Hit Breakpoint(s) 
	Call Stack: Atu, AtAu, spectralnorm 
Paused at 23
	Hit Breakpoint(s) 
	Call Stack: Atu, AtAu, spectralnorm 
Paused at 23
	Hit Breakpoint(s) 
	Call Stack: Atu, AtAu, spectralnorm 
Paused at 23
	Hit Breakpoint(s) 
	Call Stack: Atu, AtAu, spectralnorm 
Paused at 23
	Hit Breakpoint(s) 
	Call Stack: Atu, AtAu, spectralnorm 
Paused at 23
	Hit Breakpoint(s) 
	Call Stack: Atu, AtAu, spectralnorm 
Paused at 23
	Hit Breakpoint(s) 
	Call Stack: Atu, AtAu, spectralnorm 
Paused at 23
	Hit Breakpoint(s) 
	Call Stack: Atu, AtAu, spectralnorm 
Paused at 23
	Hit Breakpoint(s) 
	Call Stack: Atu, AtAu, spectralnorm 
Paused at 23
	Hit Breakpoint(s) 
	Call Stack: Atu, AtAu, spectralnorm 
Paused at 23
	Hit Breakpoint(s) 
	Call Stack: Atu, AtAu, spectralnorm 
Paused at 23
	Hit Breakpoint(s) 
	Call Stack: Atu, AtAu, spectralnorm 
Paused at 23
	Hit Breakpoint(s) 
	Call Stack: Atu, AtAu, spectralnorm 
Paused at 23
	Hit Breakpoint(s) 
	Call Stack: Atu, AtAu, spectralnorm 
Paused at 23
	Hit Breakpoint(s) 
	Call Stack: Atu, AtAu, spectralnorm 
Paused at 23
	Hit Breakpoint(s) 
	Call Stack: Atu, AtAu, spectralnorm 
Paused at 23
	Hit Breakpoint(s) 
	Call Stack: Atu, AtAu, spectralnorm 
Paused at 23
	Hit Breakpoint(s) 
	Call Stack: Atu, AtAu, spectralnorm 
Paused at 23
	Hit Breakpoint(s) 
	Call Stack: Atu, AtAu, spectralnorm 
Paused at 23
	Hit Breakpoint(s) 
	Call Stack: Atu, AtAu, spectralnorm 
Paused at 23
	Hit Breakpoint(s) 
	Call Stack: Atu, AtAu, spectralnorm 
Paused at 23
	Hit Breakpoint(s) 
	Call Stack: Atu, AtAu, spectralnorm 
Paused at 23
	Hit Breakpoint(s) 
	Call Stack: Atu, AtAu, spectralnorm 
Paused at 23
	Hit Breakpoint(s) 
	Call Stack: Atu, AtAu, spectralnorm 
Paused at 23
	Hit Breakpoint(s) 
	Call Stack: Atu, AtAu, spectralnorm 
Paused at 23
	Hit Breakpoint(s) 
	Call Stack: Atu, AtAu, spectralnorm 
Paused at 23
	Hit Breakpoint(s) 
	Call Stack: Atu, AtAu, spectralnorm 
Paused at 23
	Hit Breakpoint(s) 
	Call Stack: Atu, AtAu, spectralnorm 
Paused at 23
	Hit Breakpoint(s) 
	Call Stack: Atu, AtAu, spectralnorm 
Paused at 23
	Hit Breakpoint(s) 
	Call Stack: Atu, AtAu, spectralnorm 
Paused at 23
	Hit Breakpoint(s) 
	Call Stack: Atu, AtAu, spectralnorm 
Paused at 23
	Hit Breakpoint(s) 
	Call Stack: Atu, AtAu, spectralnorm 
Paused at 23
	Hit Breakpoint(s) 
	Call Stack: Atu, AtAu, spectralnorm 
Paused at 23
	Hit Breakpoint(s) 
	Call Stack: Atu, AtAu, spectralnorm 
Paused at 23
	Hit Breakpoint(s) 
	Call Stack: Atu, AtAu, spectralnorm 
Paused at 23
	Hit Breakpoint(s) 
	Call Stack: Atu, AtAu, spectralnorm 
Paused at 23
	Hit Breakpoint(s) 
	Call Stack: Atu, AtAu, spectralnorm 
Paused at 23
	Hit Breakpoint(s) 
	Call Stack: Atu, AtAu, spectralnorm 
Paused at 23
	Hit Breakpoint(s) 
	Call Stack: Atu, AtAu, spectralnorm 
Paused at 23
	Hit Breakpoint(s) 
	Call Stack: Atu, AtAu, spectralnorm 
Paused at 23
	Hit Breakpoint(s) 
	Call Stack: Atu, AtAu, spectralnorm 
Paused at 23
	Hit Breakpoint(s) 
	Call Stack: Atu, AtAu, spectralnorm 
Paused at 23
	Hit Breakpoint(s) 
	Call Stack: Atu, AtAu, spectralnorm 
Paused at 23
	Hit Breakpoint(s) 
	Call Stack: Atu, AtAu, spectralnorm 
Paused at 23
	Hit Breakpoint(s) 
	Call Stack: Atu, AtAu, spectralnorm 
Paused at 23
	Hit Breakpoint(s) 
	Call Stack: Atu, AtAu, spectralnorm 
Paused at 23
	Hit Breakpoint(s) 
	Call Stack: Atu, AtAu, spectralnorm 
Paused at 23
	Hit Breakpoint(s) 
	Call Stack: Atu, AtAu, spectralnorm 
Paused at 23
	Hit Breakpoint(s) 
	Call Stack: Atu, AtAu, spectralnorm 
Paused at 23
	Hit Breakpoint(s) 
	Call Stack: Atu, AtAu, spectralnorm 
Paused at 23
	Hit Breakpoint(s) 
	Call Stack: Atu, AtAu, spectralnorm 
Paused at 23
	Hit Breakpoint(s) 
	Call Stack: Atu, AtAu, spectralnorm 
Paused at 23
	Hit Breakpoint(s) 
	Call Stack: Atu, AtAu, spectralnorm 
Paused at 23
	Hit Breakpoint(s) 
	Call Stack: Atu, AtAu, spectralnorm 
Paused at 23
	Hit Breakpoint(s) 
	Call Stack: Atu, AtAu, spectralnorm 
Paused at 23
	Hit Breakpoint(s) 
	Call Stack: Atu, AtAu, spectralnorm 
Paused at 23
	Hit Breakpoint(s) 
	Call Stack: Atu, AtAu, spectralnorm 
Paused at 23
	Hit Breakpoint(s) 
	Call Stack: Atu, AtAu, spectralnorm 
Paused at 23
	Hit Breakpoint(s) 
	Call Stack: Atu, AtAu, spectralnorm 
Paused at 23
	Hit Breakpoint(s) 
	Call Stack: Atu, AtAu, spectralnorm 
Paused at 23
	Hit Breakpoint(s) 
	Call Stack: Atu, AtAu, spectralnorm 
Paused at 23
	Hit Breakpoint(s) 
	Call Stack: Atu, AtAu, spectralnorm 
Paused at 23
	Hit Breakpoint(s) 
	Call Stack: Atu, AtAu, spectralnorm 
Paused at 23
	Hit Breakpoint(s) 
	Call Stack: Atu, AtAu, spectralnorm 
Paused at 23
	Hit Breakpoint(s) 
	Call Stack: Atu, AtAu, spectralnorm 
Paused at 23
	Hit Breakpoint(s) 
	Call Stack: Atu, AtAu, spectralnorm 
Paused at 23
	Hit Breakpoint(s) 
	Call Stack: Atu, AtAu, spectralnorm 
Paused at 23
	Hit Breakpoint(s) 
	Call Stack: Atu, AtAu, spectralnorm 
Paused at 23
	Hit Breakpoint(s) 
	Call Stack: Atu, AtAu, spectralnorm 
Paused at 23
	Hit Breakpoint(s) 
	Call Stack: Atu, AtAu, spectralnorm 
Paused at 23
	Hit Breakpoint(s) 
	Call Stack: Atu, AtAu, spectralnorm 
Paused at 23
	Hit Breakpoint(s) 
	Call Stack: Atu, AtAu, spectralnorm 
Paused at 23
	Hit Breakpoint(s) 
	Call Stack: Atu, AtAu, spectralnorm 
Paused at 23
	Hit Breakpoint(s) 
	Call Stack: Atu, AtAu, spectralnorm 
