Breakpoint Set at 8
Breakpoint Set at 18
Breakpoint Set at 145
Breakpoint Set at 132
Breakpoint Set at 242
Breakpoint Set at 60
Breakpoint Set at 168
Breakpoint Set at 159
Breakpoint Set at 217
Breakpoint Set at 179
Breakpoint Set at 29
Breakpoint Set at 105
Breakpoint Set at 192
Breakpoint Set at 261
Breakpoint Set at 254
Breakpoint Set at 21
Breakpoint Set at 1
Breakpoint Set at 55
Breakpoint Set at 223
Paused at 37
	Hit Breakpoint(s) 
	Call Stack:  
Paused at 168
	Hit Breakpoint(s) 
	Call Stack:  
Paused at 179
	Hit Breakpoint(s) 
	Call Stack: s.parseJSON 
Paused at 192
	Hit Breakpoint(s) 
	Call Stack: walk, walk, walk, s.parseJSON 
Paused at 192
	Hit Breakpoint(s) 
	Call Stack: walk, walk, walk, s.parseJSON 
Paused at 192
	Hit Breakpoint(s) 
	Call Stack: walk, walk, s.parseJSON 
Paused at 192
	Hit Breakpoint(s) 
	Call Stack: walk, walk, walk, s.parseJSON 
Paused at 192
	Hit Breakpoint(s) 
	Call Stack: walk, walk, walk, s.parseJSON 
Paused at 192
	Hit Breakpoint(s) 
	Call Stack: walk, walk, s.parseJSON 
Paused at 192
	Hit Breakpoint(s) 
	Call Stack: walk, walk, walk, s.parseJSON 
Paused at 192
	Hit Breakpoint(s) 
	Call Stack: walk, walk, walk, s.parseJSON 
Paused at 192
	Hit Breakpoint(s) 
	Call Stack: walk, walk, s.parseJSON 
Paused at 192
	Hit Breakpoint(s) 
	Call Stack: walk, walk, walk, s.parseJSON 
Paused at 192
	Hit Breakpoint(s) 
	Call Stack: walk, walk, walk, s.parseJSON 
Paused at 192
	Hit Breakpoint(s) 
	Call Stack: walk, walk, s.parseJSON 
Paused at 192
	Hit Breakpoint(s) 
	Call Stack: walk, walk, walk, s.parseJSON 
Paused at 192
	Hit Breakpoint(s) 
	Call Stack: walk, walk, walk, s.parseJSON 
Paused at 192
	Hit Breakpoint(s) 
	Call Stack: walk, walk, s.parseJSON 
Paused at 192
	Hit Breakpoint(s) 
	Call Stack: walk, walk, walk, s.parseJSON 
Paused at 192
	Hit Breakpoint(s) 
	Call Stack: walk, walk, walk, s.parseJSON 
Paused at 192
	Hit Breakpoint(s) 
	Call Stack: walk, walk, s.parseJSON 
Paused at 192
	Hit Breakpoint(s) 
	Call Stack: walk, walk, walk, s.parseJSON 
Paused at 192
	Hit Breakpoint(s) 
	Call Stack: walk, walk, walk, s.parseJSON 
Paused at 192
	Hit Breakpoint(s) 
	Call Stack: walk, walk, s.parseJSON 
Paused at 192
	Hit Breakpoint(s) 
	Call Stack: walk, walk, walk, s.parseJSON 
Paused at 192
	Hit Breakpoint(s) 
	Call Stack: walk, walk, walk, s.parseJSON 
Paused at 192
	Hit Breakpoint(s) 
	Call Stack: walk, walk, s.parseJSON 
Paused at 192
	Hit Breakpoint(s) 
	Call Stack: walk, walk, walk, s.parseJSON 
Paused at 192
	Hit Breakpoint(s) 
	Call Stack: walk, walk, walk, s.parseJSON 
Paused at 192
	Hit Breakpoint(s) 
	Call Stack: walk, walk, s.parseJSON 
Paused at 192
	Hit Breakpoint(s) 
	Call Stack: walk, walk, walk, s.parseJSON 
Paused at 192
	Hit Breakpoint(s) 
	Call Stack: walk, walk, walk, s.parseJSON 
Paused at 192
	Hit Breakpoint(s) 
	Call Stack: walk, walk, s.parseJSON 
Paused at 192
	Hit Breakpoint(s) 
	Call Stack: walk, walk, walk, s.parseJSON 
Paused at 192
	Hit Breakpoint(s) 
	Call Stack: walk, walk, walk, s.parseJSON 
Paused at 192
	Hit Breakpoint(s) 
	Call Stack: walk, walk, s.parseJSON 
Paused at 192
	Hit Breakpoint(s) 
	Call Stack: walk, walk, walk, s.parseJSON 
Paused at 192
	Hit Breakpoint(s) 
	Call Stack: walk, walk, walk, s.parseJSON 
Paused at 192
	Hit Breakpoint(s) 
	Call Stack: walk, walk, s.parseJSON 
Paused at 192
	Hit Breakpoint(s) 
	Call Stack: walk, walk, walk, s.parseJSON 
Paused at 192
	Hit Breakpoint(s) 
	Call Stack: walk, walk, walk, s.parseJSON 
Paused at 192
	Hit Breakpoint(s) 
	Call Stack: walk, walk, s.parseJSON 
Paused at 192
	Hit Breakpoint(s) 
	Call Stack: walk, walk, walk, s.parseJSON 
Paused at 192
	Hit Breakpoint(s) 
	Call Stack: walk, walk, walk, s.parseJSON 
Paused at 192
	Hit Breakpoint(s) 
	Call Stack: walk, walk, s.parseJSON 
Paused at 192
	Hit Breakpoint(s) 
	Call Stack: walk, walk, walk, s.parseJSON 
Paused at 192
	Hit Breakpoint(s) 
	Call Stack: walk, walk, walk, s.parseJSON 
Paused at 192
	Hit Breakpoint(s) 
	Call Stack: walk, walk, s.parseJSON 
Paused at 192
	Hit Breakpoint(s) 
	Call Stack: walk, walk, walk, s.parseJSON 
Paused at 192
	Hit Breakpoint(s) 
	Call Stack: walk, walk, walk, s.parseJSON 
Paused at 192
	Hit Breakpoint(s) 
	Call Stack: walk, walk, s.parseJSON 
Paused at 192
	Hit Breakpoint(s) 
	Call Stack: walk, walk, walk, s.parseJSON 
Paused at 192
	Hit Breakpoint(s) 
	Call Stack: walk, walk, walk, s.parseJSON 
Paused at 192
	Hit Breakpoint(s) 
	Call Stack: walk, walk, s.parseJSON 
Paused at 192
	Hit Breakpoint(s) 
	Call Stack: walk, walk, walk, s.parseJSON 
Paused at 192
	Hit Breakpoint(s) 
	Call Stack: walk, walk, walk, s.parseJSON 
Paused at 192
	Hit Breakpoint(s) 
	Call Stack: walk, walk, s.parseJSON 
Paused at 192
	Hit Breakpoint(s) 
	Call Stack: walk, walk, walk, s.parseJSON 
Paused at 192
	Hit Breakpoint(s) 
	Call Stack: walk, walk, walk, s.parseJSON 
Paused at 192
	Hit Breakpoint(s) 
	Call Stack: walk, walk, s.parseJSON 
Paused at 192
	Hit Breakpoint(s) 
	Call Stack: walk, walk, walk, s.parseJSON 
Paused at 192
	Hit Breakpoint(s) 
	Call Stack: walk, walk, walk, s.parseJSON 
Paused at 192
	Hit Breakpoint(s) 
	Call Stack: walk, walk, s.parseJSON 
Paused at 192
	Hit Breakpoint(s) 
	Call Stack: walk, walk, walk, s.parseJSON 
Paused at 192
	Hit Breakpoint(s) 
	Call Stack: walk, walk, walk, s.parseJSON 
Paused at 192
	Hit Breakpoint(s) 
	Call Stack: walk, walk, s.parseJSON 
Paused at 192
	Hit Breakpoint(s) 
	Call Stack: walk, walk, walk, s.parseJSON 
Paused at 192
	Hit Breakpoint(s) 
	Call Stack: walk, walk, walk, s.parseJSON 
Paused at 192
	Hit Breakpoint(s) 
	Call Stack: walk, walk, s.parseJSON 
Paused at 192
	Hit Breakpoint(s) 
	Call Stack: walk, walk, walk, s.parseJSON 
Paused at 192
	Hit Breakpoint(s) 
	Call Stack: walk, walk, walk, s.parseJSON 
Paused at 192
	Hit Breakpoint(s) 
	Call Stack: walk, walk, s.parseJSON 
Paused at 192
	Hit Breakpoint(s) 
	Call Stack: walk, walk, walk, s.parseJSON 
Paused at 192
	Hit Breakpoint(s) 
	Call Stack: walk, walk, walk, s.parseJSON 
Paused at 192
	Hit Breakpoint(s) 
	Call Stack: walk, walk, s.parseJSON 
Paused at 192
	Hit Breakpoint(s) 
	Call Stack: walk, walk, walk, s.parseJSON 
Paused at 192
	Hit Breakpoint(s) 
	Call Stack: walk, walk, walk, s.parseJSON 
Paused at 192
	Hit Breakpoint(s) 
	Call Stack: walk, walk, s.parseJSON 
Paused at 192
	Hit Breakpoint(s) 
	Call Stack: walk, walk, walk, s.parseJSON 
Paused at 192
	Hit Breakpoint(s) 
	Call Stack: walk, walk, walk, s.parseJSON 
Paused at 192
	Hit Breakpoint(s) 
	Call Stack: walk, walk, s.parseJSON 
Paused at 192
	Hit Breakpoint(s) 
	Call Stack: walk, walk, walk, s.parseJSON 
Paused at 192
	Hit Breakpoint(s) 
	Call Stack: walk, walk, walk, s.parseJSON 
Paused at 192
	Hit Breakpoint(s) 
	Call Stack: walk, walk, s.parseJSON 
Paused at 192
	Hit Breakpoint(s) 
	Call Stack: walk, walk, walk, s.parseJSON 
Paused at 192
	Hit Breakpoint(s) 
	Call Stack: walk, walk, walk, s.parseJSON 
Paused at 192
	Hit Breakpoint(s) 
	Call Stack: walk, walk, s.parseJSON 
Paused at 192
	Hit Breakpoint(s) 
	Call Stack: walk, walk, walk, s.parseJSON 
Paused at 192
	Hit Breakpoint(s) 
	Call Stack: walk, walk, walk, s.parseJSON 
Paused at 192
	Hit Breakpoint(s) 
	Call Stack: walk, walk, s.parseJSON 
Paused at 192
	Hit Breakpoint(s) 
	Call Stack: walk, walk, walk, s.parseJSON 
Paused at 192
	Hit Breakpoint(s) 
	Call Stack: walk, walk, walk, s.parseJSON 
Paused at 192
	Hit Breakpoint(s) 
	Call Stack: walk, walk, s.parseJSON 
Paused at 192
	Hit Breakpoint(s) 
	Call Stack: walk, walk, walk, s.parseJSON 
Paused at 192
	Hit Breakpoint(s) 
	Call Stack: walk, walk, walk, s.parseJSON 
Paused at 192
	Hit Breakpoint(s) 
	Call Stack: walk, walk, s.parseJSON 
Paused at 192
	Hit Breakpoint(s) 
	Call Stack: walk, walk, walk, s.parseJSON 
Paused at 192
	Hit Breakpoint(s) 
	Call Stack: walk, walk, walk, s.parseJSON 
Paused at 192
	Hit Breakpoint(s) 
	Call Stack: walk, walk, s.parseJSON 
Paused at 192
	Hit Breakpoint(s) 
	Call Stack: walk, walk, walk, s.parseJSON 
Paused at 192
	Hit Breakpoint(s) 
	Call Stack: walk, walk, walk, s.parseJSON 
