Breakpoint Set at 145
Breakpoint Set at 132
Breakpoint Set at 242
Breakpoint Set at 60
Breakpoint Set at 159
Breakpoint Set at 217
Breakpoint Set at 105
Breakpoint Set at 192
Breakpoint Set at 261
Breakpoint Set at 254
Breakpoint Set at 55
Breakpoint Set at 118
Breakpoint Set at 115
Breakpoint Set at 198
Breakpoint Set at 84
Breakpoint Set at 203
Breakpoint Set at 176
Breakpoint Set at 183
Breakpoint Set at 195
Paused at 176
	Hit Breakpoint(s) 
	Call Stack:  
Paused at 195
	Hit Breakpoint(s) 
	Call Stack: s.parseJSON 
Paused at 198
	Hit Breakpoint(s) 
	Call Stack: s.parseJSON 
Paused at 183
	Hit Breakpoint(s) 
	Call Stack: walk, s.parseJSON 
Paused at 183
	Hit Breakpoint(s) 
	Call Stack: walk, walk, s.parseJSON 
Paused at 192
	Hit Breakpoint(s) 
	Call Stack: walk, walk, walk, s.parseJSON 
Paused at 183
	Hit Breakpoint(s) 
	Call Stack: walk, walk, s.parseJSON 
Paused at 192
	Hit Breakpoint(s) 
	Call Stack: walk, walk, walk, s.parseJSON 
Paused at 183
	Hit Breakpoint(s) 
	Call Stack: walk, walk, s.parseJSON 
Paused at 192
	Hit Breakpoint(s) 
	Call Stack: walk, walk, s.parseJSON 
Paused at 183
	Hit Breakpoint(s) 
	Call Stack: walk, s.parseJSON 
Paused at 183
	Hit Breakpoint(s) 
	Call Stack: walk, walk, s.parseJSON 
Paused at 192
	Hit Breakpoint(s) 
	Call Stack: walk, walk, walk, s.parseJSON 
Paused at 183
	Hit Breakpoint(s) 
	Call Stack: walk, walk, s.parseJSON 
Paused at 192
	Hit Breakpoint(s) 
	Call Stack: walk, walk, walk, s.parseJSON 
Paused at 183
	Hit Breakpoint(s) 
	Call Stack: walk, walk, s.parseJSON 
Paused at 192
	Hit Breakpoint(s) 
	Call Stack: walk, walk, s.parseJSON 
Paused at 183
	Hit Breakpoint(s) 
	Call Stack: walk, s.parseJSON 
Paused at 183
	Hit Breakpoint(s) 
	Call Stack: walk, walk, s.parseJSON 
Paused at 192
	Hit Breakpoint(s) 
	Call Stack: walk, walk, walk, s.parseJSON 
Paused at 183
	Hit Breakpoint(s) 
	Call Stack: walk, walk, s.parseJSON 
Paused at 192
	Hit Breakpoint(s) 
	Call Stack: walk, walk, walk, s.parseJSON 
Paused at 183
	Hit Breakpoint(s) 
	Call Stack: walk, walk, s.parseJSON 
Paused at 192
	Hit Breakpoint(s) 
	Call Stack: walk, walk, s.parseJSON 
Paused at 183
	Hit Breakpoint(s) 
	Call Stack: walk, s.parseJSON 
Paused at 183
	Hit Breakpoint(s) 
	Call Stack: walk, walk, s.parseJSON 
Paused at 192
	Hit Breakpoint(s) 
	Call Stack: walk, walk, walk, s.parseJSON 
Paused at 183
	Hit Breakpoint(s) 
	Call Stack: walk, walk, s.parseJSON 
Paused at 192
	Hit Breakpoint(s) 
	Call Stack: walk, walk, walk, s.parseJSON 
Paused at 183
	Hit Breakpoint(s) 
	Call Stack: walk, walk, s.parseJSON 
Paused at 192
	Hit Breakpoint(s) 
	Call Stack: walk, walk, s.parseJSON 
Paused at 183
	Hit Breakpoint(s) 
	Call Stack: walk, s.parseJSON 
Paused at 183
	Hit Breakpoint(s) 
	Call Stack: walk, walk, s.parseJSON 
Paused at 192
	Hit Breakpoint(s) 
	Call Stack: walk, walk, walk, s.parseJSON 
Paused at 183
	Hit Breakpoint(s) 
	Call Stack: walk, walk, s.parseJSON 
Paused at 192
	Hit Breakpoint(s) 
	Call Stack: walk, walk, walk, s.parseJSON 
Paused at 183
	Hit Breakpoint(s) 
	Call Stack: walk, walk, s.parseJSON 
Paused at 192
	Hit Breakpoint(s) 
	Call Stack: walk, walk, s.parseJSON 
Paused at 183
	Hit Breakpoint(s) 
	Call Stack: walk, s.parseJSON 
Paused at 183
	Hit Breakpoint(s) 
	Call Stack: walk, walk, s.parseJSON 
Paused at 192
	Hit Breakpoint(s) 
	Call Stack: walk, walk, walk, s.parseJSON 
Paused at 183
	Hit Breakpoint(s) 
	Call Stack: walk, walk, s.parseJSON 
Paused at 192
	Hit Breakpoint(s) 
	Call Stack: walk, walk, walk, s.parseJSON 
Paused at 183
	Hit Breakpoint(s) 
	Call Stack: walk, walk, s.parseJSON 
Paused at 192
	Hit Breakpoint(s) 
	Call Stack: walk, walk, s.parseJSON 
Paused at 183
	Hit Breakpoint(s) 
	Call Stack: walk, s.parseJSON 
Paused at 183
	Hit Breakpoint(s) 
	Call Stack: walk, walk, s.parseJSON 
Paused at 192
	Hit Breakpoint(s) 
	Call Stack: walk, walk, walk, s.parseJSON 
Paused at 183
	Hit Breakpoint(s) 
	Call Stack: walk, walk, s.parseJSON 
Paused at 192
	Hit Breakpoint(s) 
	Call Stack: walk, walk, walk, s.parseJSON 
Paused at 183
	Hit Breakpoint(s) 
	Call Stack: walk, walk, s.parseJSON 
Paused at 192
	Hit Breakpoint(s) 
	Call Stack: walk, walk, s.parseJSON 
Paused at 183
	Hit Breakpoint(s) 
	Call Stack: walk, s.parseJSON 
Paused at 183
	Hit Breakpoint(s) 
	Call Stack: walk, walk, s.parseJSON 
Paused at 192
	Hit Breakpoint(s) 
	Call Stack: walk, walk, walk, s.parseJSON 
Paused at 183
	Hit Breakpoint(s) 
	Call Stack: walk, walk, s.parseJSON 
Paused at 192
	Hit Breakpoint(s) 
	Call Stack: walk, walk, walk, s.parseJSON 
Paused at 183
	Hit Breakpoint(s) 
	Call Stack: walk, walk, s.parseJSON 
Paused at 192
	Hit Breakpoint(s) 
	Call Stack: walk, walk, s.parseJSON 
Paused at 183
	Hit Breakpoint(s) 
	Call Stack: walk, s.parseJSON 
Paused at 183
	Hit Breakpoint(s) 
	Call Stack: walk, walk, s.parseJSON 
Paused at 192
	Hit Breakpoint(s) 
	Call Stack: walk, walk, walk, s.parseJSON 
Paused at 183
	Hit Breakpoint(s) 
	Call Stack: walk, walk, s.parseJSON 
Paused at 192
	Hit Breakpoint(s) 
	Call Stack: walk, walk, walk, s.parseJSON 
Paused at 183
	Hit Breakpoint(s) 
	Call Stack: walk, walk, s.parseJSON 
Paused at 192
	Hit Breakpoint(s) 
	Call Stack: walk, walk, s.parseJSON 
Paused at 183
	Hit Breakpoint(s) 
	Call Stack: walk, s.parseJSON 
Paused at 183
	Hit Breakpoint(s) 
	Call Stack: walk, walk, s.parseJSON 
Paused at 192
	Hit Breakpoint(s) 
	Call Stack: walk, walk, walk, s.parseJSON 
Paused at 183
	Hit Breakpoint(s) 
	Call Stack: walk, walk, s.parseJSON 
Paused at 192
	Hit Breakpoint(s) 
	Call Stack: walk, walk, walk, s.parseJSON 
Paused at 183
	Hit Breakpoint(s) 
	Call Stack: walk, walk, s.parseJSON 
Paused at 192
	Hit Breakpoint(s) 
	Call Stack: walk, walk, s.parseJSON 
Paused at 183
	Hit Breakpoint(s) 
	Call Stack: walk, s.parseJSON 
Paused at 183
	Hit Breakpoint(s) 
	Call Stack: walk, walk, s.parseJSON 
Paused at 192
	Hit Breakpoint(s) 
	Call Stack: walk, walk, walk, s.parseJSON 
Paused at 183
	Hit Breakpoint(s) 
	Call Stack: walk, walk, s.parseJSON 
Paused at 192
	Hit Breakpoint(s) 
	Call Stack: walk, walk, walk, s.parseJSON 
Paused at 183
	Hit Breakpoint(s) 
	Call Stack: walk, walk, s.parseJSON 
Paused at 192
	Hit Breakpoint(s) 
	Call Stack: walk, walk, s.parseJSON 
Paused at 183
	Hit Breakpoint(s) 
	Call Stack: walk, s.parseJSON 
Paused at 183
	Hit Breakpoint(s) 
	Call Stack: walk, walk, s.parseJSON 
Paused at 192
	Hit Breakpoint(s) 
	Call Stack: walk, walk, walk, s.parseJSON 
Paused at 183
	Hit Breakpoint(s) 
	Call Stack: walk, walk, s.parseJSON 
Paused at 192
	Hit Breakpoint(s) 
	Call Stack: walk, walk, walk, s.parseJSON 
Paused at 183
	Hit Breakpoint(s) 
	Call Stack: walk, walk, s.parseJSON 
Paused at 192
	Hit Breakpoint(s) 
	Call Stack: walk, walk, s.parseJSON 
Paused at 183
	Hit Breakpoint(s) 
	Call Stack: walk, s.parseJSON 
Paused at 183
	Hit Breakpoint(s) 
	Call Stack: walk, walk, s.parseJSON 
Paused at 192
	Hit Breakpoint(s) 
	Call Stack: walk, walk, walk, s.parseJSON 
Paused at 183
	Hit Breakpoint(s) 
	Call Stack: walk, walk, s.parseJSON 
Paused at 192
	Hit Breakpoint(s) 
	Call Stack: walk, walk, walk, s.parseJSON 
Paused at 183
	Hit Breakpoint(s) 
	Call Stack: walk, walk, s.parseJSON 
Paused at 192
	Hit Breakpoint(s) 
	Call Stack: walk, walk, s.parseJSON 
Paused at 183
	Hit Breakpoint(s) 
	Call Stack: walk, s.parseJSON 
Paused at 183
	Hit Breakpoint(s) 
	Call Stack: walk, walk, s.parseJSON 
Paused at 192
	Hit Breakpoint(s) 
	Call Stack: walk, walk, walk, s.parseJSON 
Paused at 183
	Hit Breakpoint(s) 
	Call Stack: walk, walk, s.parseJSON 
Paused at 192
	Hit Breakpoint(s) 
	Call Stack: walk, walk, walk, s.parseJSON 
Paused at 183
	Hit Breakpoint(s) 
	Call Stack: walk, walk, s.parseJSON 
Paused at 192
	Hit Breakpoint(s) 
	Call Stack: walk, walk, s.parseJSON 
