	Hit Breakpoint(s) 
	Call Stack:  
	Hit Breakpoint(s) 
	Call Stack: s.parseJSON 
	Hit Breakpoint(s) 
	Call Stack: s.parseJSON 
	Hit Breakpoint(s) 
	Call Stack: walk, s.parseJSON 
	Hit Breakpoint(s) 
	Call Stack: walk, walk, s.parseJSON 
	Hit Breakpoint(s) 
	Call Stack: walk, walk, walk, s.parseJSON 
	Hit Breakpoint(s) 
	Call Stack: walk, walk, s.parseJSON 
	Hit Breakpoint(s) 
	Call Stack: walk, walk, walk, s.parseJSON 
	Hit Breakpoint(s) 
	Call Stack: walk, walk, s.parseJSON 
	Hit Breakpoint(s) 
	Call Stack: walk, walk, s.parseJSON 
	Hit Breakpoint(s) 
	Call Stack: walk, s.parseJSON 
	Hit Breakpoint(s) 
	Call Stack: walk, walk, s.parseJSON 
	Hit Breakpoint(s) 
	Call Stack: walk, walk, walk, s.parseJSON 
	Hit Breakpoint(s) 
	Call Stack: walk, walk, s.parseJSON 
	Hit Breakpoint(s) 
	Call Stack: walk, walk, walk, s.parseJSON 
	Hit Breakpoint(s) 
	Call Stack: walk, walk, s.parseJSON 
	Hit Breakpoint(s) 
	Call Stack: walk, walk, s.parseJSON 
	Hit Breakpoint(s) 
	Call Stack: walk, s.parseJSON 
	Hit Breakpoint(s) 
	Call Stack: walk, walk, s.parseJSON 
	Hit Breakpoint(s) 
	Call Stack: walk, walk, walk, s.parseJSON 
	Hit Breakpoint(s) 
	Call Stack: walk, walk, s.parseJSON 
	Hit Breakpoint(s) 
	Call Stack: walk, walk, walk, s.parseJSON 
	Hit Breakpoint(s) 
	Call Stack: walk, walk, s.parseJSON 
	Hit Breakpoint(s) 
	Call Stack: walk, walk, s.parseJSON 
	Hit Breakpoint(s) 
	Call Stack: walk, s.parseJSON 
	Hit Breakpoint(s) 
	Call Stack: walk, walk, s.parseJSON 
	Hit Breakpoint(s) 
	Call Stack: walk, walk, walk, s.parseJSON 
	Hit Breakpoint(s) 
	Call Stack: walk, walk, s.parseJSON 
	Hit Breakpoint(s) 
	Call Stack: walk, walk, walk, s.parseJSON 
	Hit Breakpoint(s) 
	Call Stack: walk, walk, s.parseJSON 
	Hit Breakpoint(s) 
	Call Stack: walk, walk, s.parseJSON 
	Hit Breakpoint(s) 
	Call Stack: walk, s.parseJSON 
	Hit Breakpoint(s) 
	Call Stack: walk, walk, s.parseJSON 
	Hit Breakpoint(s) 
	Call Stack: walk, walk, walk, s.parseJSON 
	Hit Breakpoint(s) 
	Call Stack: walk, walk, s.parseJSON 
	Hit Breakpoint(s) 
	Call Stack: walk, walk, walk, s.parseJSON 
	Hit Breakpoint(s) 
	Call Stack: walk, walk, s.parseJSON 
	Hit Breakpoint(s) 
	Call Stack: walk, walk, s.parseJSON 
	Hit Breakpoint(s) 
	Call Stack: walk, s.parseJSON 
	Hit Breakpoint(s) 
	Call Stack: walk, walk, s.parseJSON 
	Hit Breakpoint(s) 
	Call Stack: walk, walk, walk, s.parseJSON 
	Hit Breakpoint(s) 
	Call Stack: walk, walk, s.parseJSON 
	Hit Breakpoint(s) 
	Call Stack: walk, walk, walk, s.parseJSON 
	Hit Breakpoint(s) 
	Call Stack: walk, walk, s.parseJSON 
	Hit Breakpoint(s) 
	Call Stack: walk, walk, s.parseJSON 
	Hit Breakpoint(s) 
	Call Stack: walk, s.parseJSON 
	Hit Breakpoint(s) 
	Call Stack: walk, walk, s.parseJSON 
	Hit Breakpoint(s) 
	Call Stack: walk, walk, walk, s.parseJSON 
	Hit Breakpoint(s) 
	Call Stack: walk, walk, s.parseJSON 
	Hit Breakpoint(s) 
	Call Stack: walk, walk, walk, s.parseJSON 
	Hit Breakpoint(s) 
	Call Stack: walk, walk, s.parseJSON 
	Hit Breakpoint(s) 
	Call Stack: walk, walk, s.parseJSON 
	Hit Breakpoint(s) 
	Call Stack: walk, s.parseJSON 
	Hit Breakpoint(s) 
	Call Stack: walk, walk, s.parseJSON 
	Hit Breakpoint(s) 
	Call Stack: walk, walk, walk, s.parseJSON 
	Hit Breakpoint(s) 
	Call Stack: walk, walk, s.parseJSON 
	Hit Breakpoint(s) 
	Call Stack: walk, walk, walk, s.parseJSON 
	Hit Breakpoint(s) 
	Call Stack: walk, walk, s.parseJSON 
	Hit Breakpoint(s) 
	Call Stack: walk, walk, s.parseJSON 
	Hit Breakpoint(s) 
	Call Stack: walk, s.parseJSON 
	Hit Breakpoint(s) 
	Call Stack: walk, walk, s.parseJSON 
	Hit Breakpoint(s) 
	Call Stack: walk, walk, walk, s.parseJSON 
	Hit Breakpoint(s) 
	Call Stack: walk, walk, s.parseJSON 
	Hit Breakpoint(s) 
	Call Stack: walk, walk, walk, s.parseJSON 
	Hit Breakpoint(s) 
	Call Stack: walk, walk, s.parseJSON 
	Hit Breakpoint(s) 
	Call Stack: walk, walk, s.parseJSON 
	Hit Breakpoint(s) 
	Call Stack: walk, s.parseJSON 
	Hit Breakpoint(s) 
	Call Stack: walk, walk, s.parseJSON 
	Hit Breakpoint(s) 
	Call Stack: walk, walk, walk, s.parseJSON 
	Hit Breakpoint(s) 
	Call Stack: walk, walk, s.parseJSON 
	Hit Breakpoint(s) 
	Call Stack: walk, walk, walk, s.parseJSON 
	Hit Breakpoint(s) 
	Call Stack: walk, walk, s.parseJSON 
	Hit Breakpoint(s) 
	Call Stack: walk, walk, s.parseJSON 
	Hit Breakpoint(s) 
	Call Stack: walk, s.parseJSON 
	Hit Breakpoint(s) 
	Call Stack: walk, walk, s.parseJSON 
	Hit Breakpoint(s) 
	Call Stack: walk, walk, walk, s.parseJSON 
	Hit Breakpoint(s) 
	Call Stack: walk, walk, s.parseJSON 
	Hit Breakpoint(s) 
	Call Stack: walk, walk, walk, s.parseJSON 
	Hit Breakpoint(s) 
	Call Stack: walk, walk, s.parseJSON 
	Hit Breakpoint(s) 
	Call Stack: walk, walk, s.parseJSON 
	Hit Breakpoint(s) 
	Call Stack: walk, s.parseJSON 
	Hit Breakpoint(s) 
	Call Stack: walk, walk, s.parseJSON 
	Hit Breakpoint(s) 
	Call Stack: walk, walk, walk, s.parseJSON 
	Hit Breakpoint(s) 
	Call Stack: walk, walk, s.parseJSON 
	Hit Breakpoint(s) 
	Call Stack: walk, walk, walk, s.parseJSON 
	Hit Breakpoint(s) 
	Call Stack: walk, walk, s.parseJSON 
	Hit Breakpoint(s) 
	Call Stack: walk, walk, s.parseJSON 
	Hit Breakpoint(s) 
	Call Stack: walk, s.parseJSON 
	Hit Breakpoint(s) 
	Call Stack: walk, walk, s.parseJSON 
	Hit Breakpoint(s) 
	Call Stack: walk, walk, walk, s.parseJSON 
	Hit Breakpoint(s) 
	Call Stack: walk, walk, s.parseJSON 
	Hit Breakpoint(s) 
	Call Stack: walk, walk, walk, s.parseJSON 
	Hit Breakpoint(s) 
	Call Stack: walk, walk, s.parseJSON 
	Hit Breakpoint(s) 
	Call Stack: walk, walk, s.parseJSON 
	Hit Breakpoint(s) 
	Call Stack: walk, s.parseJSON 
	Hit Breakpoint(s) 
	Call Stack: walk, walk, s.parseJSON 
	Hit Breakpoint(s) 
	Call Stack: walk, walk, walk, s.parseJSON 
	Hit Breakpoint(s) 
	Call Stack: walk, walk, s.parseJSON 
	Hit Breakpoint(s) 
	Call Stack: walk, walk, walk, s.parseJSON 
	Hit Breakpoint(s) 
	Call Stack: walk, walk, s.parseJSON 
	Hit Breakpoint(s) 
	Call Stack: walk, walk, s.parseJSON 
