170 -> 170
263 -> 263
87 -> 87
116 -> 116
117 -> 117
22 -> 22
65 -> 65
112 -> 112
420 -> 420
340 -> 340
236 -> 236
28 -> 28
58 -> 58
278 -> 278
418 -> 418
355 -> 355
70 -> 70
314 -> 314
113 -> 113
258 -> 258
35 -> 35
218 -> 218
246 -> 246
269 -> 269
344 -> 344
239 -> 239
19 -> 19
325 -> 325
17 -> 17
360 -> 360
107 -> 107
177 -> 177
75 -> 75
90 -> 90
169 -> 169
309 -> 309
324 -> 324
50 -> 50
99 -> 99
47 -> 47
294 -> 294
296 -> 296
29 -> 29
185 -> 185
316 -> 316
423 -> 423
379 -> 379
346 -> 346
188 -> 188
78 -> 78
328 -> 328
376 -> 376
48 -> 48
283 -> 283
101 -> 101
251 -> 251
85 -> 85
352 -> 352
60 -> 60
215 -> 215
264 -> 264
25 -> 25
79 -> 79
67 -> 67
16 -> 16
203 -> 203
279 -> 279
49 -> 49
190 -> 190
247 -> 247
98 -> 98
322 -> 322
202 -> 202
57 -> 57
421 -> 421
96 -> 96
332 -> 332
95 -> 95
23 -> 23
92 -> 92
235 -> 235
425 -> 425
213 -> 213
53 -> 53
199 -> 199
254 -> 254
219 -> 219
233 -> 233
367 -> 367
351 -> 351
34 -> 34
356 -> 356
261 -> 261
301 -> 301
256 -> 256
196 -> 196
335 -> 335
76 -> 76
43 -> 43
265 -> 265
299 -> 299
100 -> 100
343 -> 343
305 -> 305
260 -> 260
232 -> 232
245 -> 245
365 -> 365
282 -> 282
68 -> 68
310 -> 310
230 -> 230
317 -> 317
347 -> 347
111 -> 111
40 -> 40
298 -> 298
237 -> 237
253 -> 253
369 -> 369
91 -> 91
61 -> 61
118 -> 118
361 -> 361
59 -> 59
14 -> 14
424 -> 424
194 -> 194
337 -> 337
303 -> 303
97 -> 97
102 -> 102
62 -> 62
326 -> 326
297 -> 297
205 -> 205
164 -> 164
42 -> 42
21 -> 21
214 -> 214
244 -> 244
66 -> 66
168 -> 168
323 -> 323
304 -> 304
141 -> 141
331 -> 331
83 -> 83
292 -> 292
30 -> 30
426 -> 426
178 -> 178
306 -> 306
52 -> 52
363 -> 363
204 -> 204
368 -> 368
272 -> 272
339 -> 339
349 -> 349
33 -> 33
362 -> 362
359 -> 359
313 -> 313
108 -> 108
273 -> 273
384 -> 384
371 -> 371
336 -> 336
234 -> 234
84 -> 84
172 -> 172
187 -> 187
249 -> 249
71 -> 71
32 -> 32
123 -> 123
334 -> 334
119 -> 119
209 -> 209
24 -> 24
372 -> 372
104 -> 104
330 -> 330
377 -> 377
345 -> 345
320 -> 320
176 -> 176
289 -> 289
13 -> 13
201 -> 201
88 -> 88
378 -> 378
366 -> 366
181 -> 181
353 -> 353
241 -> 241
350 -> 350
182 -> 182
193 -> 193
39 -> 39
171 -> 171
