185 -> 185
278 -> 278
85 -> 85
164 -> 164
168 -> 168
34 -> 34
70 -> 70
33 -> 33
384 -> 384
340 -> 340
265 -> 265
269 -> 269
83 -> 83
294 -> 294
48 -> 48
355 -> 355
104 -> 104
320 -> 320
214 -> 214
292 -> 292
111 -> 111
53 -> 53
283 -> 283
301 -> 301
347 -> 347
95 -> 95
244 -> 244
339 -> 339
247 -> 247
360 -> 360
23 -> 23
260 -> 260
57 -> 57
232 -> 232
261 -> 261
331 -> 331
50 -> 50
350 -> 350
251 -> 251
60 -> 60
328 -> 328
25 -> 25
303 -> 303
108 -> 108
343 -> 343
425 -> 425
61 -> 61
47 -> 47
176 -> 176
141 -> 141
213 -> 213
199 -> 199
325 -> 325
272 -> 272
289 -> 289
215 -> 215
13 -> 13
369 -> 369
97 -> 97
249 -> 249
258 -> 258
368 -> 368
253 -> 253
62 -> 62
418 -> 418
334 -> 334
273 -> 273
235 -> 235
230 -> 230
84 -> 84
377 -> 377
299 -> 299
65 -> 65
376 -> 376
91 -> 91
52 -> 52
282 -> 282
314 -> 314
359 -> 359
16 -> 16
313 -> 313
316 -> 316
306 -> 306
39 -> 39
346 -> 346
