Breakpoint 0 Set at 4:1
Breakpoint 1 Set at 9:1
Breakpoint 2 Set at 52:1
Breakpoint 3 Set at 47:1
Breakpoint 4 Set at 80:9
Breakpoint 5 Set at 25:1
Breakpoint 6 Set at 60:1
Breakpoint 7 Set at 58:1
Paused at 4:1
	Hit Breakpoint(s) 0
	Call Stack:  
	Bindings: 
Paused at 9:1
	Hit Breakpoint(s) 1
	Call Stack:  
	Bindings: 
Paused at 25:1
	Hit Breakpoint(s) 5
	Call Stack:  
	Bindings: 
Paused at 26:1
	Call Stack:  
	Bindings: 
Paused at 27:1
	Call Stack:  
	Bindings: 
Paused at 47:1
	Hit Breakpoint(s) 3
	Call Stack:  
	Bindings: 
Paused at 52:1
	Hit Breakpoint(s) 2
	Call Stack:  
	Bindings: 
Paused at 53:1
	Call Stack:  
	Bindings: 
Paused at 54:1
	Call Stack:  
	Bindings: 
