139 -> 139
146 -> 146
344 -> 344
345 -> 345
375 -> 375
118 -> 118
225 -> 225
95 -> 95
376 -> 376
450 -> 450
208 -> 208
296 -> 296
219 -> 219
390 -> 390
65 -> 65
68 -> 68
288 -> 288
290 -> 290
177 -> 177
161 -> 161
113 -> 113
76 -> 76
305 -> 305
96 -> 96
445 -> 445
403 -> 403
293 -> 293
32 -> 32
43 -> 43
308 -> 308
249 -> 249
101 -> 101
251 -> 251
131 -> 131
255 -> 255
298 -> 298
357 -> 357
112 -> 112
299 -> 299
278 -> 278
116 -> 116
35 -> 35
201 -> 201
359 -> 359
48 -> 48
350 -> 350
232 -> 232
416 -> 416
182 -> 182
230 -> 230
283 -> 283
150 -> 150
172 -> 172
84 -> 84
265 -> 265
56 -> 56
355 -> 355
370 -> 370
130 -> 130
184 -> 184
394 -> 394
441 -> 441
64 -> 64
90 -> 90
190 -> 190
300 -> 300
385 -> 385
226 -> 226
42 -> 42
414 -> 414
104 -> 104
128 -> 128
372 -> 372
241 -> 241
447 -> 447
119 -> 119
248 -> 248
284 -> 284
147 -> 147
114 -> 114
440 -> 440
250 -> 250
203 -> 203
151 -> 151
142 -> 142
303 -> 303
356 -> 356
381 -> 381
321 -> 321
231 -> 231
335 -> 335
262 -> 262
221 -> 221
197 -> 197
266 -> 266
194 -> 194
238 -> 238
187 -> 187
157 -> 157
61 -> 61
229 -> 229
72 -> 72
89 -> 89
306 -> 306
60 -> 60
36 -> 36
234 -> 234
320 -> 320
354 -> 354
228 -> 228
273 -> 273
367 -> 367
410 -> 410
162 -> 162
105 -> 105
289 -> 289
341 -> 341
285 -> 285
160 -> 160
154 -> 154
102 -> 102
212 -> 212
173 -> 173
133 -> 133
88 -> 88
28 -> 28
402 -> 402
81 -> 81
334 -> 334
39 -> 39
63 -> 63
195 -> 195
400 -> 400
193 -> 193
217 -> 217
239 -> 239
325 -> 325
369 -> 369
316 -> 316
206 -> 206
27 -> 27
443 -> 443
383 -> 383
409 -> 409
307 -> 307
166 -> 166
108 -> 108
269 -> 269
448 -> 448
185 -> 185
168 -> 168
279 -> 279
371 -> 371
264 -> 264
393 -> 393
339 -> 339
209 -> 209
373 -> 373
144 -> 144
216 -> 216
53 -> 53
31 -> 31
57 -> 57
386 -> 386
287 -> 287
140 -> 140
274 -> 274
331 -> 331
46 -> 46
47 -> 47
246 -> 246
103 -> 103
281 -> 281
395 -> 395
227 -> 227
205 -> 205
191 -> 191
348 -> 348
374 -> 374
196 -> 196
153 -> 153
156 -> 156
155 -> 155
399 -> 399
252 -> 252
297 -> 297
169 -> 169
244 -> 244
62 -> 62
270 -> 270
55 -> 55
218 -> 218
149 -> 149
127 -> 127
323 -> 323
126 -> 126
148 -> 148
77 -> 77
158 -> 158
50 -> 50
318 -> 318
210 -> 210
377 -> 377
135 -> 135
69 -> 69
176 -> 176
272 -> 272
41 -> 41
109 -> 109
391 -> 391
235 -> 235
408 -> 408
136 -> 136
92 -> 92
178 -> 178
392 -> 392
309 -> 309
40 -> 40
449 -> 449
271 -> 271
387 -> 387
100 -> 100
163 -> 163
164 -> 164
268 -> 268
280 -> 280
382 -> 382
380 -> 380
263 -> 263
186 -> 186
138 -> 138
411 -> 411
220 -> 220
378 -> 378
111 -> 111
117 -> 117
412 -> 412
80 -> 80
319 -> 319
347 -> 347
183 -> 183
407 -> 407
358 -> 358
97 -> 97
329 -> 329
315 -> 315
110 -> 110
267 -> 267
204 -> 204
167 -> 167
171 -> 171
192 -> 192
145 -> 145
152 -> 152
121 -> 121
295 -> 295
170 -> 170
324 -> 324
129 -> 129
317 -> 317
115 -> 115
332 -> 332
276 -> 276
233 -> 233
294 -> 294
275 -> 275
224 -> 224
179 -> 179
120 -> 120
189 -> 189
277 -> 277
384 -> 384
73 -> 73
141 -> 141
174 -> 174
286 -> 286
49 -> 49
247 -> 247
351 -> 351
165 -> 165
256 -> 256
54 -> 54
322 -> 322
242 -> 242
85 -> 85
200 -> 200
360 -> 360
245 -> 245
237 -> 237
