109 -> 109
121 -> 121
233 -> 233
268 -> 268
111 -> 111
242 -> 242
281 -> 281
272 -> 272
297 -> 297
155 -> 155
205 -> 205
288 -> 288
148 -> 148
412 -> 412
151 -> 151
110 -> 110
112 -> 112
347 -> 347
450 -> 450
375 -> 375
104 -> 104
359 -> 359
53 -> 53
299 -> 299
220 -> 220
95 -> 95
182 -> 182
210 -> 210
247 -> 247
227 -> 227
192 -> 192
160 -> 160
378 -> 378
177 -> 177
256 -> 256
219 -> 219
100 -> 100
171 -> 171
119 -> 119
414 -> 414
172 -> 172
386 -> 386
118 -> 118
290 -> 290
279 -> 279
374 -> 374
274 -> 274
262 -> 262
285 -> 285
410 -> 410
80 -> 80
212 -> 212
65 -> 65
376 -> 376
133 -> 133
162 -> 162
298 -> 298
245 -> 245
196 -> 196
447 -> 447
237 -> 237
264 -> 264
165 -> 165
76 -> 76
400 -> 400
360 -> 360
287 -> 287
440 -> 440
370 -> 370
108 -> 108
377 -> 377
339 -> 339
140 -> 140
209 -> 209
354 -> 354
135 -> 135
204 -> 204
183 -> 183
126 -> 126
131 -> 131
73 -> 73
166 -> 166
358 -> 358
443 -> 443
226 -> 226
174 -> 174
383 -> 383
382 -> 382
152 -> 152
295 -> 295
351 -> 351
345 -> 345
158 -> 158
186 -> 186
283 -> 283
184 -> 184
141 -> 141
416 -> 416
324 -> 324
371 -> 371
191 -> 191
448 -> 448
239 -> 239
393 -> 393
97 -> 97
139 -> 139
28 -> 28
190 -> 190
206 -> 206
57 -> 57
320 -> 320
105 -> 105
234 -> 234
373 -> 373
157 -> 157
357 -> 357
316 -> 316
32 -> 32
231 -> 231
244 -> 244
161 -> 161
317 -> 317
194 -> 194
232 -> 232
85 -> 85
68 -> 68
252 -> 252
441 -> 441
46 -> 46
269 -> 269
173 -> 173
384 -> 384
117 -> 117
120 -> 120
136 -> 136
130 -> 130
230 -> 230
208 -> 208
201 -> 201
238 -> 238
47 -> 47
309 -> 309
341 -> 341
265 -> 265
178 -> 178
350 -> 350
69 -> 69
280 -> 280
329 -> 329
114 -> 114
49 -> 49
392 -> 392
35 -> 35
249 -> 249
200 -> 200
144 -> 144
225 -> 225
300 -> 300
263 -> 263
355 -> 355
41 -> 41
402 -> 402
318 -> 318
266 -> 266
145 -> 145
54 -> 54
43 -> 43
103 -> 103
138 -> 138
367 -> 367
89 -> 89
149 -> 149
286 -> 286
322 -> 322
195 -> 195
101 -> 101
169 -> 169
42 -> 42
409 -> 409
372 -> 372
235 -> 235
55 -> 55
391 -> 391
251 -> 251
150 -> 150
156 -> 156
102 -> 102
96 -> 96
168 -> 168
92 -> 92
164 -> 164
267 -> 267
72 -> 72
147 -> 147
411 -> 411
39 -> 39
50 -> 50
385 -> 385
294 -> 294
289 -> 289
356 -> 356
187 -> 187
305 -> 305
394 -> 394
271 -> 271
176 -> 176
48 -> 48
248 -> 248
62 -> 62
276 -> 276
88 -> 88
284 -> 284
255 -> 255
221 -> 221
344 -> 344
115 -> 115
293 -> 293
275 -> 275
246 -> 246
321 -> 321
142 -> 142
331 -> 331
56 -> 56
250 -> 250
61 -> 61
203 -> 203
90 -> 90
170 -> 170
36 -> 36
315 -> 315
31 -> 31
395 -> 395
449 -> 449
348 -> 348
306 -> 306
128 -> 128
303 -> 303
307 -> 307
217 -> 217
224 -> 224
325 -> 325
179 -> 179
216 -> 216
116 -> 116
296 -> 296
146 -> 146
129 -> 129
63 -> 63
319 -> 319
381 -> 381
167 -> 167
154 -> 154
387 -> 387
390 -> 390
189 -> 189
218 -> 218
241 -> 241
193 -> 193
408 -> 408
332 -> 332
445 -> 445
278 -> 278
27 -> 27
64 -> 64
369 -> 369
163 -> 163
270 -> 270
334 -> 334
399 -> 399
84 -> 84
407 -> 407
60 -> 60
81 -> 81
228 -> 228
323 -> 323
273 -> 273
277 -> 277
197 -> 197
77 -> 77
380 -> 380
127 -> 127
113 -> 113
185 -> 185
403 -> 403
335 -> 335
308 -> 308
40 -> 40
229 -> 229
153 -> 153
