89 -> 89
107 -> 107
240 -> 240
279 -> 279
100 -> 100
261 -> 261
298 -> 298
288 -> 288
316 -> 316
175 -> 175
232 -> 232
306 -> 306
172 -> 172
439 -> 439
176 -> 176
147 -> 147
153 -> 153
359 -> 359
448 -> 448
376 -> 376
161 -> 161
369 -> 369
171 -> 171
331 -> 331
266 -> 266
169 -> 169
237 -> 237
265 -> 265
54 -> 54
45 -> 45
53 -> 53
233 -> 233
398 -> 398
254 -> 254
67 -> 67
282 -> 282
185 -> 185
114 -> 114
224 -> 224
442 -> 442
139 -> 139
406 -> 406
71 -> 71
353 -> 353
346 -> 346
63 -> 63
343 -> 343
135 -> 135
356 -> 356
75 -> 75
295 -> 295
314 -> 314
302 -> 302
208 -> 208
26 -> 26
38 -> 38
108 -> 108
64 -> 64
323 -> 323
96 -> 96
226 -> 226
95 -> 95
319 -> 319
304 -> 304
245 -> 245
199 -> 199
373 -> 373
87 -> 87
408 -> 408
167 -> 167
415 -> 415
59 -> 59
91 -> 91
273 -> 273
234 -> 234
328 -> 328
181 -> 181
366 -> 366
190 -> 190
48 -> 48
389 -> 389
41 -> 41
370 -> 370
56 -> 56
275 -> 275
182 -> 182
402 -> 402
357 -> 357
183 -> 183
186 -> 186
