26 -> 26
38 -> 38
41 -> 41
45 -> 45
48 -> 48
53 -> 53
54 -> 54
56 -> 56
59 -> 59
63 -> 63
64 -> 64
67 -> 67
71 -> 71
75 -> 75
87 -> 87
89 -> 89
91 -> 91
95 -> 95
96 -> 96
100 -> 100
107 -> 107
108 -> 108
114 -> 114
135 -> 135
139 -> 139
147 -> 147
153 -> 153
161 -> 161
167 -> 167
169 -> 169
171 -> 171
172 -> 172
175 -> 175
176 -> 176
181 -> 181
182 -> 182
183 -> 183
185 -> 185
186 -> 186
190 -> 190
199 -> 199
208 -> 208
224 -> 224
226 -> 226
232 -> 232
233 -> 233
234 -> 234
237 -> 237
240 -> 240
245 -> 245
254 -> 254
261 -> 261
265 -> 265
266 -> 266
273 -> 273
275 -> 275
279 -> 279
282 -> 282
288 -> 288
295 -> 295
298 -> 298
302 -> 302
304 -> 304
306 -> 306
314 -> 314
316 -> 316
319 -> 319
323 -> 323
328 -> 328
331 -> 331
343 -> 343
346 -> 346
353 -> 353
356 -> 356
357 -> 357
359 -> 359
366 -> 366
369 -> 369
370 -> 370
373 -> 373
376 -> 376
389 -> 389
398 -> 398
402 -> 402
406 -> 406
408 -> 408
415 -> 415
439 -> 439
442 -> 442
448 -> 448
