56 -> 56
139 -> 139
399 -> 399
317 -> 317
190 -> 190
383 -> 383
140 -> 140
145 -> 145
447 -> 447
217 -> 217
186 -> 186
278 -> 278
209 -> 209
103 -> 103
386 -> 386
151 -> 151
400 -> 400
171 -> 171
225 -> 225
276 -> 276
97 -> 97
174 -> 174
345 -> 345
382 -> 382
267 -> 267
101 -> 101
380 -> 380
177 -> 177
411 -> 411
68 -> 68
42 -> 42
216 -> 216
220 -> 220
316 -> 316
200 -> 200
283 -> 283
96 -> 96
138 -> 138
131 -> 131
31 -> 31
390 -> 390
196 -> 196
271 -> 271
289 -> 289
60 -> 60
341 -> 341
154 -> 154
35 -> 35
299 -> 299
191 -> 191
219 -> 219
375 -> 375
335 -> 335
116 -> 116
43 -> 43
90 -> 90
309 -> 309
371 -> 371
376 -> 376
279 -> 279
47 -> 47
178 -> 178
305 -> 305
285 -> 285
238 -> 238
228 -> 228
179 -> 179
367 -> 367
89 -> 89
156 -> 156
72 -> 72
241 -> 241
324 -> 324
197 -> 197
248 -> 248
80 -> 80
318 -> 318
268 -> 268
69 -> 69
269 -> 269
394 -> 394
173 -> 173
50 -> 50
165 -> 165
374 -> 374
370 -> 370
114 -> 114
212 -> 212
265 -> 265
275 -> 275
193 -> 193
141 -> 141
286 -> 286
393 -> 393
204 -> 204
322 -> 322
359 -> 359
166 -> 166
308 -> 308
407 -> 407
339 -> 339
287 -> 287
162 -> 162
76 -> 76
150 -> 150
64 -> 64
321 -> 321
210 -> 210
357 -> 357
73 -> 73
347 -> 347
332 -> 332
48 -> 48
164 -> 164
408 -> 408
329 -> 329
355 -> 355
110 -> 110
157 -> 157
206 -> 206
167 -> 167
46 -> 46
412 -> 412
274 -> 274
39 -> 39
184 -> 184
117 -> 117
284 -> 284
348 -> 348
402 -> 402
377 -> 377
387 -> 387
62 -> 62
130 -> 130
414 -> 414
232 -> 232
234 -> 234
203 -> 203
201 -> 201
136 -> 136
149 -> 149
295 -> 295
187 -> 187
84 -> 84
306 -> 306
194 -> 194
104 -> 104
208 -> 208
266 -> 266
127 -> 127
63 -> 63
108 -> 108
441 -> 441
92 -> 92
410 -> 410
246 -> 246
293 -> 293
303 -> 303
36 -> 36
351 -> 351
169 -> 169
226 -> 226
251 -> 251
112 -> 112
148 -> 148
231 -> 231
290 -> 290
270 -> 270
49 -> 49
147 -> 147
100 -> 100
273 -> 273
57 -> 57
28 -> 28
247 -> 247
263 -> 263
255 -> 255
378 -> 378
280 -> 280
277 -> 277
237 -> 237
111 -> 111
264 -> 264
54 -> 54
272 -> 272
323 -> 323
443 -> 443
161 -> 161
152 -> 152
133 -> 133
121 -> 121
395 -> 395
297 -> 297
445 -> 445
250 -> 250
448 -> 448
55 -> 55
242 -> 242
158 -> 158
450 -> 450
239 -> 239
262 -> 262
144 -> 144
315 -> 315
102 -> 102
281 -> 281
320 -> 320
168 -> 168
384 -> 384
221 -> 221
325 -> 325
176 -> 176
135 -> 135
195 -> 195
244 -> 244
344 -> 344
53 -> 53
85 -> 85
381 -> 381
354 -> 354
129 -> 129
65 -> 65
392 -> 392
416 -> 416
227 -> 227
307 -> 307
403 -> 403
440 -> 440
153 -> 153
172 -> 172
391 -> 391
449 -> 449
142 -> 142
245 -> 245
109 -> 109
95 -> 95
77 -> 77
205 -> 205
81 -> 81
256 -> 256
331 -> 331
360 -> 360
233 -> 233
119 -> 119
373 -> 373
27 -> 27
40 -> 40
409 -> 409
385 -> 385
189 -> 189
185 -> 185
358 -> 358
334 -> 334
192 -> 192
319 -> 319
218 -> 218
88 -> 88
113 -> 113
128 -> 128
105 -> 105
118 -> 118
120 -> 120
294 -> 294
235 -> 235
356 -> 356
230 -> 230
32 -> 32
229 -> 229
146 -> 146
155 -> 155
288 -> 288
350 -> 350
160 -> 160
224 -> 224
296 -> 296
252 -> 252
182 -> 182
249 -> 249
369 -> 369
61 -> 61
372 -> 372
163 -> 163
298 -> 298
115 -> 115
41 -> 41
170 -> 170
300 -> 300
126 -> 126
183 -> 183
