176 -> 176
411 -> 411
360 -> 360
403 -> 403
145 -> 145
218 -> 218
250 -> 250
131 -> 131
73 -> 73
317 -> 317
189 -> 189
315 -> 315
332 -> 332
394 -> 394
35 -> 35
375 -> 375
95 -> 95
319 -> 319
320 -> 320
242 -> 242
268 -> 268
46 -> 46
160 -> 160
271 -> 271
237 -> 237
191 -> 191
283 -> 283
154 -> 154
31 -> 31
383 -> 383
410 -> 410
355 -> 355
274 -> 274
414 -> 414
445 -> 445
172 -> 172
69 -> 69
147 -> 147
216 -> 216
331 -> 331
303 -> 303
36 -> 36
230 -> 230
450 -> 450
152 -> 152
167 -> 167
169 -> 169
305 -> 305
144 -> 144
287 -> 287
72 -> 72
109 -> 109
40 -> 40
166 -> 166
186 -> 186
232 -> 232
273 -> 273
114 -> 114
113 -> 113
248 -> 248
157 -> 157
65 -> 65
76 -> 76
358 -> 358
244 -> 244
281 -> 281
350 -> 350
210 -> 210
100 -> 100
156 -> 156
277 -> 277
395 -> 395
252 -> 252
344 -> 344
55 -> 55
235 -> 235
380 -> 380
111 -> 111
335 -> 335
275 -> 275
359 -> 359
139 -> 139
354 -> 354
32 -> 32
280 -> 280
384 -> 384
119 -> 119
270 -> 270
120 -> 120
289 -> 289
50 -> 50
88 -> 88
377 -> 377
224 -> 224
133 -> 133
151 -> 151
381 -> 381
195 -> 195
416 -> 416
61 -> 61
347 -> 347
251 -> 251
263 -> 263
41 -> 41
299 -> 299
103 -> 103
150 -> 150
178 -> 178
209 -> 209
262 -> 262
170 -> 170
228 -> 228
286 -> 286
369 -> 369
201 -> 201
206 -> 206
265 -> 265
68 -> 68
382 -> 382
238 -> 238
192 -> 192
96 -> 96
153 -> 153
407 -> 407
193 -> 193
190 -> 190
149 -> 149
226 -> 226
370 -> 370
293 -> 293
399 -> 399
372 -> 372
162 -> 162
390 -> 390
39 -> 39
323 -> 323
219 -> 219
264 -> 264
448 -> 448
48 -> 48
105 -> 105
409 -> 409
43 -> 43
284 -> 284
84 -> 84
177 -> 177
400 -> 400
290 -> 290
204 -> 204
92 -> 92
126 -> 126
233 -> 233
269 -> 269
90 -> 90
412 -> 412
294 -> 294
62 -> 62
102 -> 102
234 -> 234
28 -> 28
247 -> 247
200 -> 200
325 -> 325
85 -> 85
246 -> 246
345 -> 345
386 -> 386
217 -> 217
118 -> 118
339 -> 339
385 -> 385
374 -> 374
141 -> 141
324 -> 324
163 -> 163
351 -> 351
227 -> 227
371 -> 371
49 -> 49
321 -> 321
378 -> 378
318 -> 318
308 -> 308
164 -> 164
241 -> 241
42 -> 42
117 -> 117
278 -> 278
116 -> 116
249 -> 249
231 -> 231
443 -> 443
449 -> 449
225 -> 225
255 -> 255
387 -> 387
298 -> 298
63 -> 63
447 -> 447
393 -> 393
81 -> 81
402 -> 402
138 -> 138
168 -> 168
239 -> 239
256 -> 256
392 -> 392
108 -> 108
27 -> 27
373 -> 373
77 -> 77
272 -> 272
136 -> 136
288 -> 288
408 -> 408
130 -> 130
367 -> 367
148 -> 148
54 -> 54
89 -> 89
245 -> 245
179 -> 179
121 -> 121
155 -> 155
440 -> 440
212 -> 212
208 -> 208
57 -> 57
266 -> 266
165 -> 165
187 -> 187
56 -> 56
171 -> 171
267 -> 267
140 -> 140
97 -> 97
295 -> 295
183 -> 183
307 -> 307
296 -> 296
161 -> 161
348 -> 348
279 -> 279
158 -> 158
115 -> 115
182 -> 182
112 -> 112
309 -> 309
221 -> 221
441 -> 441
341 -> 341
376 -> 376
357 -> 357
135 -> 135
60 -> 60
205 -> 205
185 -> 185
276 -> 276
110 -> 110
391 -> 391
64 -> 64
197 -> 197
174 -> 174
285 -> 285
194 -> 194
128 -> 128
334 -> 334
101 -> 101
356 -> 356
146 -> 146
104 -> 104
300 -> 300
142 -> 142
229 -> 229
129 -> 129
47 -> 47
316 -> 316
322 -> 322
306 -> 306
297 -> 297
196 -> 196
127 -> 127
220 -> 220
80 -> 80
329 -> 329
203 -> 203
173 -> 173
184 -> 184
53 -> 53
