27 -> 27
39 -> 39
267 -> 267
238 -> 238
416 -> 416
109 -> 109
303 -> 303
289 -> 289
390 -> 390
68 -> 68
317 -> 317
42 -> 42
170 -> 170
344 -> 344
440 -> 440
443 -> 443
57 -> 57
276 -> 276
399 -> 399
184 -> 184
177 -> 177
347 -> 347
380 -> 380
100 -> 100
354 -> 354
296 -> 296
307 -> 307
227 -> 227
162 -> 162
332 -> 332
88 -> 88
315 -> 315
49 -> 49
234 -> 234
360 -> 360
64 -> 64
280 -> 280
283 -> 283
331 -> 331
168 -> 168
101 -> 101
209 -> 209
76 -> 76
358 -> 358
65 -> 65
299 -> 299
225 -> 225
329 -> 329
241 -> 241
200 -> 200
191 -> 191
409 -> 409
233 -> 233
60 -> 60
377 -> 377
154 -> 154
148 -> 148
96 -> 96
115 -> 115
402 -> 402
403 -> 403
370 -> 370
246 -> 246
187 -> 187
274 -> 274
55 -> 55
324 -> 324
357 -> 357
140 -> 140
90 -> 90
172 -> 172
186 -> 186
92 -> 92
320 -> 320
266 -> 266
367 -> 367
54 -> 54
173 -> 173
350 -> 350
374 -> 374
245 -> 245
183 -> 183
176 -> 176
447 -> 447
255 -> 255
97 -> 97
235 -> 235
136 -> 136
161 -> 161
103 -> 103
242 -> 242
244 -> 244
158 -> 158
31 -> 31
216 -> 216
195 -> 195
262 -> 262
285 -> 285
36 -> 36
278 -> 278
372 -> 372
271 -> 271
249 -> 249
237 -> 237
286 -> 286
345 -> 345
334 -> 334
53 -> 53
264 -> 264
300 -> 300
309 -> 309
146 -> 146
265 -> 265
316 -> 316
385 -> 385
381 -> 381
263 -> 263
32 -> 32
279 -> 279
194 -> 194
203 -> 203
306 -> 306
153 -> 153
369 -> 369
293 -> 293
392 -> 392
56 -> 56
335 -> 335
208 -> 208
371 -> 371
179 -> 179
204 -> 204
382 -> 382
339 -> 339
62 -> 62
129 -> 129
72 -> 72
294 -> 294
205 -> 205
84 -> 84
73 -> 73
47 -> 47
407 -> 407
135 -> 135
412 -> 412
157 -> 157
121 -> 121
217 -> 217
133 -> 133
414 -> 414
449 -> 449
77 -> 77
281 -> 281
126 -> 126
80 -> 80
95 -> 95
166 -> 166
108 -> 108
393 -> 393
119 -> 119
156 -> 156
448 -> 448
224 -> 224
318 -> 318
378 -> 378
250 -> 250
206 -> 206
182 -> 182
112 -> 112
356 -> 356
41 -> 41
118 -> 118
111 -> 111
325 -> 325
359 -> 359
150 -> 150
142 -> 142
164 -> 164
141 -> 141
131 -> 131
445 -> 445
220 -> 220
305 -> 305
219 -> 219
28 -> 28
46 -> 46
341 -> 341
89 -> 89
383 -> 383
212 -> 212
210 -> 210
130 -> 130
400 -> 400
323 -> 323
348 -> 348
50 -> 50
270 -> 270
197 -> 197
441 -> 441
256 -> 256
391 -> 391
116 -> 116
104 -> 104
376 -> 376
160 -> 160
308 -> 308
43 -> 43
63 -> 63
251 -> 251
450 -> 450
221 -> 221
247 -> 247
248 -> 248
192 -> 192
145 -> 145
252 -> 252
295 -> 295
193 -> 193
394 -> 394
110 -> 110
239 -> 239
48 -> 48
196 -> 196
228 -> 228
201 -> 201
113 -> 113
218 -> 218
69 -> 69
105 -> 105
411 -> 411
351 -> 351
35 -> 35
114 -> 114
147 -> 147
268 -> 268
171 -> 171
408 -> 408
178 -> 178
190 -> 190
277 -> 277
226 -> 226
269 -> 269
102 -> 102
290 -> 290
138 -> 138
189 -> 189
117 -> 117
386 -> 386
319 -> 319
128 -> 128
174 -> 174
40 -> 40
298 -> 298
139 -> 139
155 -> 155
355 -> 355
230 -> 230
85 -> 85
167 -> 167
185 -> 185
231 -> 231
144 -> 144
373 -> 373
321 -> 321
284 -> 284
384 -> 384
151 -> 151
149 -> 149
127 -> 127
395 -> 395
410 -> 410
287 -> 287
229 -> 229
61 -> 61
275 -> 275
81 -> 81
232 -> 232
288 -> 288
163 -> 163
169 -> 169
387 -> 387
322 -> 322
120 -> 120
152 -> 152
272 -> 272
297 -> 297
273 -> 273
375 -> 375
165 -> 165
