384 -> 384
62 -> 62
410 -> 410
275 -> 275
347 -> 347
228 -> 228
255 -> 255
298 -> 298
385 -> 385
140 -> 140
319 -> 319
176 -> 176
105 -> 105
350 -> 350
387 -> 387
317 -> 317
155 -> 155
194 -> 194
247 -> 247
334 -> 334
130 -> 130
192 -> 192
377 -> 377
262 -> 262
148 -> 148
392 -> 392
400 -> 400
136 -> 136
306 -> 306
95 -> 95
307 -> 307
57 -> 57
448 -> 448
280 -> 280
303 -> 303
169 -> 169
61 -> 61
89 -> 89
219 -> 219
287 -> 287
141 -> 141
72 -> 72
235 -> 235
36 -> 36
390 -> 390
168 -> 168
376 -> 376
216 -> 216
146 -> 146
300 -> 300
40 -> 40
150 -> 150
212 -> 212
190 -> 190
308 -> 308
274 -> 274
288 -> 288
128 -> 128
356 -> 356
77 -> 77
289 -> 289
210 -> 210
440 -> 440
277 -> 277
279 -> 279
117 -> 117
178 -> 178
367 -> 367
245 -> 245
295 -> 295
251 -> 251
46 -> 46
73 -> 73
237 -> 237
129 -> 129
290 -> 290
381 -> 381
186 -> 186
408 -> 408
359 -> 359
145 -> 145
203 -> 203
182 -> 182
221 -> 221
324 -> 324
164 -> 164
184 -> 184
42 -> 42
325 -> 325
217 -> 217
351 -> 351
142 -> 142
227 -> 227
386 -> 386
170 -> 170
273 -> 273
133 -> 133
90 -> 90
119 -> 119
120 -> 120
272 -> 272
320 -> 320
204 -> 204
206 -> 206
81 -> 81
153 -> 153
281 -> 281
39 -> 39
63 -> 63
371 -> 371
43 -> 43
316 -> 316
268 -> 268
115 -> 115
265 -> 265
447 -> 447
305 -> 305
393 -> 393
116 -> 116
131 -> 131
293 -> 293
416 -> 416
167 -> 167
31 -> 31
48 -> 48
97 -> 97
299 -> 299
100 -> 100
69 -> 69
250 -> 250
160 -> 160
403 -> 403
341 -> 341
53 -> 53
238 -> 238
360 -> 360
331 -> 331
242 -> 242
156 -> 156
76 -> 76
60 -> 60
109 -> 109
234 -> 234
230 -> 230
32 -> 32
162 -> 162
92 -> 92
246 -> 246
412 -> 412
149 -> 149
68 -> 68
391 -> 391
339 -> 339
47 -> 47
321 -> 321
56 -> 56
174 -> 174
241 -> 241
345 -> 345
205 -> 205
28 -> 28
173 -> 173
239 -> 239
177 -> 177
121 -> 121
158 -> 158
373 -> 373
315 -> 315
208 -> 208
358 -> 358
209 -> 209
152 -> 152
65 -> 65
248 -> 248
154 -> 154
323 -> 323
232 -> 232
296 -> 296
407 -> 407
220 -> 220
256 -> 256
111 -> 111
380 -> 380
249 -> 249
285 -> 285
266 -> 266
409 -> 409
395 -> 395
103 -> 103
332 -> 332
229 -> 229
294 -> 294
402 -> 402
344 -> 344
267 -> 267
318 -> 318
322 -> 322
197 -> 197
370 -> 370
157 -> 157
354 -> 354
185 -> 185
195 -> 195
27 -> 27
144 -> 144
399 -> 399
394 -> 394
85 -> 85
101 -> 101
41 -> 41
286 -> 286
171 -> 171
126 -> 126
35 -> 35
414 -> 414
50 -> 50
200 -> 200
369 -> 369
252 -> 252
271 -> 271
54 -> 54
108 -> 108
151 -> 151
269 -> 269
450 -> 450
218 -> 218
189 -> 189
118 -> 118
127 -> 127
263 -> 263
166 -> 166
441 -> 441
276 -> 276
96 -> 96
382 -> 382
88 -> 88
443 -> 443
84 -> 84
278 -> 278
104 -> 104
196 -> 196
355 -> 355
264 -> 264
233 -> 233
165 -> 165
191 -> 191
372 -> 372
112 -> 112
138 -> 138
383 -> 383
172 -> 172
284 -> 284
114 -> 114
335 -> 335
348 -> 348
110 -> 110
378 -> 378
283 -> 283
231 -> 231
309 -> 309
55 -> 55
161 -> 161
64 -> 64
193 -> 193
147 -> 147
139 -> 139
244 -> 244
102 -> 102
374 -> 374
113 -> 113
179 -> 179
445 -> 445
297 -> 297
449 -> 449
225 -> 225
183 -> 183
224 -> 224
411 -> 411
357 -> 357
201 -> 201
329 -> 329
49 -> 49
163 -> 163
226 -> 226
80 -> 80
270 -> 270
375 -> 375
135 -> 135
187 -> 187
