172 -> 172
335 -> 335
360 -> 360
369 -> 369
49 -> 49
72 -> 72
128 -> 128
275 -> 275
90 -> 90
367 -> 367
299 -> 299
77 -> 77
412 -> 412
241 -> 241
269 -> 269
274 -> 274
344 -> 344
358 -> 358
158 -> 158
309 -> 309
256 -> 256
320 -> 320
376 -> 376
266 -> 266
239 -> 239
69 -> 69
230 -> 230
329 -> 329
233 -> 233
155 -> 155
142 -> 142
136 -> 136
229 -> 229
319 -> 319
347 -> 347
50 -> 50
165 -> 165
95 -> 95
47 -> 47
146 -> 146
62 -> 62
300 -> 300
112 -> 112
399 -> 399
248 -> 248
400 -> 400
244 -> 244
225 -> 225
318 -> 318
374 -> 374
351 -> 351
206 -> 206
265 -> 265
173 -> 173
192 -> 192
65 -> 65
64 -> 64
183 -> 183
96 -> 96
97 -> 97
383 -> 383
108 -> 108
395 -> 395
178 -> 178
237 -> 237
392 -> 392
48 -> 48
174 -> 174
339 -> 339
409 -> 409
316 -> 316
131 -> 131
238 -> 238
166 -> 166
371 -> 371
61 -> 61
60 -> 60
284 -> 284
190 -> 190
450 -> 450
110 -> 110
73 -> 73
341 -> 341
287 -> 287
212 -> 212
205 -> 205
283 -> 283
345 -> 345
156 -> 156
182 -> 182
245 -> 245
249 -> 249
84 -> 84
411 -> 411
286 -> 286
315 -> 315
39 -> 39
373 -> 373
382 -> 382
384 -> 384
390 -> 390
273 -> 273
380 -> 380
263 -> 263
410 -> 410
195 -> 195
377 -> 377
325 -> 325
109 -> 109
264 -> 264
89 -> 89
255 -> 255
152 -> 152
115 -> 115
35 -> 35
196 -> 196
289 -> 289
247 -> 247
219 -> 219
130 -> 130
445 -> 445
189 -> 189
270 -> 270
393 -> 393
127 -> 127
414 -> 414
402 -> 402
331 -> 331
403 -> 403
321 -> 321
103 -> 103
164 -> 164
118 -> 118
104 -> 104
443 -> 443
359 -> 359
80 -> 80
32 -> 32
161 -> 161
187 -> 187
334 -> 334
203 -> 203
323 -> 323
324 -> 324
171 -> 171
138 -> 138
216 -> 216
113 -> 113
232 -> 232
92 -> 92
262 -> 262
185 -> 185
350 -> 350
441 -> 441
357 -> 357
272 -> 272
184 -> 184
295 -> 295
448 -> 448
279 -> 279
81 -> 81
305 -> 305
85 -> 85
210 -> 210
385 -> 385
151 -> 151
147 -> 147
288 -> 288
251 -> 251
307 -> 307
228 -> 228
150 -> 150
276 -> 276
129 -> 129
40 -> 40
179 -> 179
168 -> 168
408 -> 408
308 -> 308
378 -> 378
133 -> 133
148 -> 148
141 -> 141
294 -> 294
440 -> 440
250 -> 250
160 -> 160
252 -> 252
193 -> 193
154 -> 154
126 -> 126
167 -> 167
200 -> 200
224 -> 224
447 -> 447
394 -> 394
117 -> 117
208 -> 208
298 -> 298
354 -> 354
149 -> 149
332 -> 332
116 -> 116
306 -> 306
234 -> 234
356 -> 356
277 -> 277
177 -> 177
63 -> 63
102 -> 102
145 -> 145
242 -> 242
449 -> 449
28 -> 28
186 -> 186
246 -> 246
41 -> 41
322 -> 322
42 -> 42
135 -> 135
153 -> 153
101 -> 101
303 -> 303
46 -> 46
43 -> 43
221 -> 221
36 -> 36
381 -> 381
271 -> 271
220 -> 220
391 -> 391
56 -> 56
386 -> 386
217 -> 217
218 -> 218
31 -> 31
235 -> 235
278 -> 278
285 -> 285
119 -> 119
88 -> 88
209 -> 209
197 -> 197
157 -> 157
407 -> 407
121 -> 121
191 -> 191
231 -> 231
293 -> 293
57 -> 57
55 -> 55
27 -> 27
68 -> 68
163 -> 163
120 -> 120
296 -> 296
290 -> 290
204 -> 204
280 -> 280
111 -> 111
76 -> 76
100 -> 100
194 -> 194
140 -> 140
170 -> 170
226 -> 226
169 -> 169
281 -> 281
105 -> 105
53 -> 53
114 -> 114
372 -> 372
227 -> 227
162 -> 162
144 -> 144
297 -> 297
139 -> 139
268 -> 268
375 -> 375
176 -> 176
370 -> 370
267 -> 267
317 -> 317
416 -> 416
54 -> 54
387 -> 387
355 -> 355
348 -> 348
201 -> 201
