request breakpoint   0 at line 334
                   set at line 339
request breakpoint   1 at line 164
                   set at line 171
request breakpoint   2 at line 279
                   set at line 279
request breakpoint   3 at line  10
                   set at line  12
request breakpoint   4 at line  97
                   set at line  97
request breakpoint   5 at line 225
                   set at line 226
request breakpoint   6 at line 306
                   set at line 306
request breakpoint   7 at line 297
                   set at line 297
request breakpoint   8 at line  73
                   set at line  73
request breakpoint   9 at line 192
                   set at line 192
request breakpoint  10 at line 123
                   set at line 123
request breakpoint  11 at line 176
                   set at line 176
request breakpoint  12 at line 247
                   set at line 252
request breakpoint  13 at line  38
                   set at line  38
request breakpoint  14 at line 101
                   set at line 101
request breakpoint  15 at line 348
                   set at line 348
request breakpoint  16 at line  76
                   set at line  76
request breakpoint  17 at line 109
                   set at line 110
request breakpoint  18 at line 158
                   set at line 158
request breakpoint  19 at line 195
                   set at line 195
request breakpoint  20 at line 293
                   set at line 293
request breakpoint  21 at line 204
                   set at line 205
request breakpoint  22 at line  85
                   set at line  86
request breakpoint  23 at line  24
                   set at line  26
request breakpoint  24 at line 160
                   set at line 160
request breakpoint  25 at line  21
                   set at line  26
request breakpoint  26 at line  17
                   set at line  17
request breakpoint  27 at line 136
                   set at line 136
request breakpoint  28 at line  45
                   set at line  50
request breakpoint  29 at line  70
                   set at line  70
request breakpoint  30 at line 237
                   set at line 237
request breakpoint  31 at line  50
                   set at line  50
request breakpoint  32 at line 116
                   set at line 116
request breakpoint  33 at line 332
                   set at line 332
request breakpoint  34 at line 267
                   set at line 267
request breakpoint  35 at line  18
                   set at line  18
request breakpoint  36 at line 110
                   set at line 110
request breakpoint  37 at line  37
                   set at line  37
request breakpoint  38 at line 234
                   set at line 235
request breakpoint  39 at line  88
                   set at line  89
request breakpoint  40 at line 128
                   set at line 128
request breakpoint  41 at line  81
                   set at line  82
request breakpoint  42 at line 163
                   set at line 163
request breakpoint  43 at line 194
                   set at line 194
request breakpoint  44 at line 276
                   set at line 276
request breakpoint  45 at line  59
                   set at line  66
request breakpoint  46 at line 229
                   set at line 229
request breakpoint  47 at line 305
                   set at line 305
request breakpoint  48 at line 307
                   set at line 307
request breakpoint  49 at line  41
                   set at line  42
request breakpoint  50 at line 144
                   set at line 144
request breakpoint  51 at line 315
                   set at line 315
request breakpoint  52 at line 265
                   set at line 265
request breakpoint  53 at line 239
                   set at line 239
request breakpoint  54 at line  60
                   set at line  66
request breakpoint  55 at line 236
                   set at line 236
request breakpoint  56 at line 126
                   set at line 126
request breakpoint  57 at line 277
                   set at line 277
request breakpoint  58 at line 186
                   set at line 186
request breakpoint  59 at line 287
                   set at line 287
request breakpoint  60 at line 263
                   set at line 265
request breakpoint  61 at line 130
                   set at line 130
request breakpoint  62 at line  12
                   set at line  12
paused at line 332
	because of breakpoints [33]
action: stepIn
paused at line 339
	because of breakpoints [0]
action: stepIn
paused at line 340
action: stepOver
paused at line 341
action: stepOver
paused at line 343
action: resume
paused at line  37
	because of breakpoints [37]
action: stepIn
paused at line  38
	because of breakpoints [13]
action: stepOver
paused at line  39
action: stepOver
paused at line  42
	because of breakpoints [49]
action: resume
paused at line  50
	because of breakpoints [28,31]
action: stepIn
paused at line  58
action: stepOver
paused at line  66
	because of breakpoints [45,54]
action: stepIn
paused at line 310
action: stepOut
paused at line  67
action: resume
paused at line  70
	because of breakpoints [29]
action: resume
paused at line  73
	because of breakpoints [8]
action: resume
paused at line  76
	because of breakpoints [16]
action: resume
paused at line  82
	because of breakpoints [41]
action: resume
paused at line 226
	because of breakpoints [5]
action: stepIn
paused at line 134
action: stepIn
paused at line 135
action: stepOver
paused at line 136
	because of breakpoints [27]
action: stepIn
paused at line 137
action: resume
paused at line 229
	because of breakpoints [46]
action: stepOut
paused at line  83
action: stepIn
paused at line  83
action: stepOut
paused at line 226
	because of breakpoints [5]
action: stepOut
paused at line 136
	because of breakpoints [27]
action: stepIn
paused at line 137
action: resume
paused at line 229
	because of breakpoints [46]
action: resume
paused at line 226
	because of breakpoints [5]
action: stepIn
paused at line 134
action: resume
paused at line 136
	because of breakpoints [27]
action: stepOver
paused at line 137
action: stepOver
paused at line 138
action: stepOver
paused at line 139
action: stepOut
paused at line 227
action: resume
paused at line 229
	because of breakpoints [46]
action: stepOver
paused at line 230
action: stepIn
paused at line 231
action: resume
paused at line 226
	because of breakpoints [5]
action: stepOver
paused at line 136
	because of breakpoints [27]
action: resume
paused at line 229
	because of breakpoints [46]
action: stepIn
paused at line 230
action: stepIn
paused at line 231
action: stepOver
paused at line  83
action: resume
paused at line 226
	because of breakpoints [5]
action: stepIn
paused at line 134
action: stepOver
paused at line 135
action: stepOver
paused at line 136
	because of breakpoints [27]
action: stepOver
paused at line 137
action: stepOut
paused at line 227
action: stepIn
paused at line 228
action: stepOut
paused at line 229
	because of breakpoints [46]
action: stepIn
paused at line 230
action: resume
paused at line 226
	because of breakpoints [5]
action: stepIn
paused at line 134
action: stepOver
paused at line 135
action: stepOut
paused at line 136
	because of breakpoints [27]
action: stepOver
paused at line 137
action: stepOver
paused at line 138
action: stepOut
paused at line 227
action: stepOver
paused at line 228
action: stepOut
paused at line 229
	because of breakpoints [46]
action: resume
paused at line  86
	because of breakpoints [22]
action: stepOver
paused at line  89
	because of breakpoints [39]
action: stepIn
paused at line  90
action: resume
paused at line 252
	because of breakpoints [12]
action: stepOut
paused at line 235
	because of breakpoints [38]
action: stepIn
paused at line 236
	because of breakpoints [55]
action: resume
paused at line 237
	because of breakpoints [30]
action: stepOut
paused at line 239
	because of breakpoints [53]
action: resume
paused at line 239
	because of breakpoints [53]
action: stepIn
paused at line 240
action: stepOut
paused at line 239
	because of breakpoints [53]
action: resume
paused at line 239
	because of breakpoints [53]
action: stepIn
paused at line 240
action: resume
paused at line 235
	because of breakpoints [38]
action: resume
paused at line 236
	because of breakpoints [55]
action: stepOver
paused at line 237
	because of breakpoints [30]
action: stepOver
paused at line 238
action: stepOut
paused at line 239
	because of breakpoints [53]
action: stepOver
paused at line 240
action: stepIn
paused at line 240
action: stepOver
paused at line 240
action: resume
paused at line 239
	because of breakpoints [53]
action: resume
paused at line 239
	because of breakpoints [53]
action: stepOut
paused at line 239
	because of breakpoints [53]
action: stepOver
paused at line 240
action: resume
paused at line  97
	because of breakpoints [4]
action: stepIn
paused at line 257
action: stepOut
paused at line  96
action: stepOut
paused at line  97
	because of breakpoints [4]
action: stepOut
paused at line  97
	because of breakpoints [4]
action: stepIn
paused at line 257
action: stepOut
paused at line  96
action: stepIn
paused at line  96
action: stepOver
paused at line  97
	because of breakpoints [4]
action: stepOver
paused at line  96
action: stepOver
paused at line  96
action: resume
paused at line  97
	because of breakpoints [4]
action: stepIn
paused at line 257
action: stepOut
paused at line  96
action: resume
paused at line  97
	because of breakpoints [4]
action: resume
paused at line  97
	because of breakpoints [4]
action: stepOver
paused at line  96
action: stepOver
paused at line  96
action: stepOut
paused at line  97
	because of breakpoints [4]
action: stepOut
paused at line  97
	because of breakpoints [4]
action: stepIn
paused at line 257
action: resume
paused at line 265
	because of breakpoints [52,60]
action: resume
paused at line 267
	because of breakpoints [34]
action: stepIn
paused at line 268
action: stepOver
paused at line 268
action: stepIn
paused at line 314
action: resume
paused at line 315
	because of breakpoints [51]
action: stepOver
paused at line 316
action: stepOut
paused at line 268
action: stepOut
paused at line 315
	because of breakpoints [51]
action: stepOver
paused at line 316
action: stepIn
paused at line 316
action: stepIn
paused at line 316
action: stepOver
paused at line 316
action: resume
paused at line 315
	because of breakpoints [51]
action: stepOver
paused at line 316
action: stepOut
paused at line 268
action: stepIn
paused at line 268
action: stepOut
paused at line 315
	because of breakpoints [51]
action: stepOut
paused at line 268
action: resume
paused at line 315
	because of breakpoints [51]
action: stepOver
paused at line 316
action: stepOver
paused at line 316
action: stepOver
paused at line 316
action: stepIn
paused at line 316
action: stepOut
paused at line 268
action: stepOver
paused at line 268
action: stepIn
paused at line 268
action: stepOver
paused at line 315
	because of breakpoints [51]
action: resume
paused at line 158
	because of breakpoints [18]
action: stepIn
paused at line 159
action: stepOver
paused at line 160
	because of breakpoints [24]
action: resume
paused at line 163
	because of breakpoints [42]
action: stepOver
paused at line 171
	because of breakpoints [1]
action: stepOver
paused at line 171
action: stepOver
paused at line 171
action: resume
paused at line 186
	because of breakpoints [58]
action: stepOver
paused at line 187
action: stepOver
paused at line 188
action: stepIn
paused at line 189
action: resume
paused at line 192
	because of breakpoints [9]
action: stepOver
paused at line 194
	because of breakpoints [43]
action: stepOver
paused at line 195
	because of breakpoints [19]
action: resume
paused at line 195
	because of breakpoints [19]
action: resume
paused at line 195
	because of breakpoints [19]
action: stepOver
paused at line 196
action: stepIn
paused at line 197
action: stepIn
paused at line 202
action: stepOver
paused at line 203
action: stepOver
paused at line 195
action: stepOver
paused at line 195
	because of breakpoints [19]
action: stepOver
paused at line 196
action: stepOut
paused at line 195
	because of breakpoints [19]
action: stepOver
paused at line 196
action: stepOver
paused at line 197
action: resume
paused at line 195
	because of breakpoints [19]
action: resume
paused at line 195
	because of breakpoints [19]
action: stepOver
paused at line 196
action: resume
paused at line 195
	because of breakpoints [19]
action: stepIn
paused at line 196
action: stepOver
paused at line 197
action: stepOut
paused at line 195
	because of breakpoints [19]
action: stepIn
paused at line 196
action: stepOut
paused at line 195
	because of breakpoints [19]
action: stepOver
paused at line 196
action: stepOver
paused at line 197
action: stepOver
paused at line 202
action: stepOut
paused at line 195
	because of breakpoints [19]
action: stepOut
