request breakpoint   0 at line  16
                   set at line 160
request breakpoint   1 at line  40
                   set at line  40
request breakpoint   2 at line 269
                   set at line 269
request breakpoint   3 at line 241
                   set at line 241
request breakpoint   4 at line 413
                   set at line 414
request breakpoint   5 at line 117
                   set at line 117
request breakpoint   6 at line 305
                   set at line 305
request breakpoint   7 at line 293
                   set at line 293
request breakpoint   8 at line 387
                   set at line 387
request breakpoint   9 at line  77
                   set at line  77
request breakpoint  10 at line 322
                   set at line 322
request breakpoint  11 at line  53
                   set at line  53
request breakpoint  12 at line 179
                   set at line 179
request breakpoint  13 at line 347
                   set at line 347
request breakpoint  14 at line 417
                   set at line 440
request breakpoint  15 at line 437
                   set at line 440
request breakpoint  16 at line 390
                   set at line 390
request breakpoint  17 at line 426
                   set at line 440
request breakpoint  18 at line  24
                   set at line 160
request breakpoint  19 at line  10
                   set at line 160
request breakpoint  20 at line 286
                   set at line 286
request breakpoint  21 at line  90
                   set at line  92
request breakpoint  22 at line 399
                   set at line 399
request breakpoint  23 at line 201
                   set at line 201
request breakpoint  24 at line  27
                   set at line  27
request breakpoint  25 at line 196
                   set at line 196
request breakpoint  26 at line 191
                   set at line 191
request breakpoint  27 at line  99
                   set at line 100
request breakpoint  28 at line 354
                   set at line 354
request breakpoint  29 at line 383
                   set at line 383
request breakpoint  30 at line 131
                   set at line 131
request breakpoint  31 at line 359
                   set at line 359
request breakpoint  32 at line 308
                   set at line 308
request breakpoint  33 at line 320
                   set at line 320
request breakpoint  34 at line 248
                   set at line 248
request breakpoint  35 at line 190
                   set at line 190
request breakpoint  36 at line 428
                   set at line 440
request breakpoint  37 at line 344
                   set at line 344
request breakpoint  38 at line 126
                   set at line 126
request breakpoint  39 at line 402
                   set at line 402
request breakpoint  40 at line 325
                   set at line 325
request breakpoint  41 at line 394
                   set at line 394
request breakpoint  42 at line  96
                   set at line  96
request breakpoint  43 at line  68
                   set at line  68
request breakpoint  44 at line 261
                   set at line 262
request breakpoint  45 at line 368
                   set at line 369
request breakpoint  46 at line 113
                   set at line 113
request breakpoint  47 at line 300
                   set at line 300
request breakpoint  48 at line 302
                   set at line 303
request breakpoint  49 at line 346
                   set at line 347
request breakpoint  50 at line 206
                   set at line 206
request breakpoint  51 at line 149
                   set at line 149
request breakpoint  52 at line   4
                   set at line 160
request breakpoint  53 at line 128
                   set at line 128
request breakpoint  54 at line 369
                   set at line 369
request breakpoint  55 at line 124
                   set at line 160
request breakpoint  56 at line  11
                   set at line 160
request breakpoint  57 at line 260
                   set at line 160
request breakpoint  58 at line 345
                   set at line 345
request breakpoint  59 at line 272
                   set at line 272
request breakpoint  60 at line 238
                   set at line 238
request breakpoint  61 at line 327
                   set at line 329
request breakpoint  62 at line 234
                   set at line 234
request breakpoint  63 at line 414
                   set at line 414
request breakpoint  64 at line 270
                   set at line 270
request breakpoint  65 at line  61
                   set at line  61
request breakpoint  66 at line   9
                   set at line 160
request breakpoint  67 at line  57
                   set at line  57
request breakpoint  68 at line 112
                   set at line 112
request breakpoint  69 at line 406
                   set at line 407
request breakpoint  70 at line 204
                   set at line 204
request breakpoint  71 at line 431
                   set at line 440
request breakpoint  72 at line 163
                   set at line 163
request breakpoint  73 at line 178
                   set at line 178
request breakpoint  74 at line 410
                   set at line 410
request breakpoint  75 at line  95
                   set at line  95
request breakpoint  76 at line  88
                   set at line  88
request breakpoint  77 at line  32
                   set at line  32
request breakpoint  78 at line  21
                   set at line 160
paused at line 160
	because of breakpoints [0,18,19,52,55,56,57,66,78]
action: stepIn
paused at line 187
action: stepIn
paused at line 189
action: stepOver
paused at line 244
action: stepOver
paused at line 283
action: resume
paused at line 305
	because of breakpoints [6]
action: stepIn
paused at line 443
action: stepOver
paused at line  27
	because of breakpoints [24]
action: stepOver
paused at line  28
action: resume
paused at line  27
	because of breakpoints [24]
action: stepIn
paused at line  28
action: stepOver
paused at line 320
	because of breakpoints [33]
action: stepIn
paused at line  27
	because of breakpoints [24]
action: stepOut
paused at line 321
action: resume
paused at line  27
	because of breakpoints [24]
action: resume
paused at line 322
	because of breakpoints [10]
action: resume
paused at line  27
	because of breakpoints [24]
action: resume
paused at line  27
	because of breakpoints [24]
action: resume
paused at line  27
	because of breakpoints [24]
action: stepIn
paused at line  28
action: stepIn
paused at line 325
	because of breakpoints [40]
action: stepOver
paused at line  27
	because of breakpoints [24]
action: stepIn
paused at line  28
action: resume
paused at line 329
	because of breakpoints [61]
action: stepOut
paused at line 126
	because of breakpoints [38]
action: stepIn
paused at line  72
action: stepOut
paused at line 127
action: stepOut
paused at line 128
	because of breakpoints [53]
action: stepIn
paused at line  88
	because of breakpoints [76]
action: resume
paused at line  92
	because of breakpoints [21]
action: resume
paused at line  95
	because of breakpoints [75]
action: stepIn
paused at line  35
action: resume
paused at line  96
	because of breakpoints [42]
action: stepOver
paused at line  97
action: stepOver
paused at line 147
action: stepOver
paused at line 148
action: stepOut
paused at line 149
	because of breakpoints [51]
action: resume
paused at line 126
	because of breakpoints [38]
action: stepOver
paused at line 127
action: stepIn
paused at line  72
action: resume
paused at line 128
	because of breakpoints [53]
action: stepOver
paused at line  88
	because of breakpoints [76]
action: resume
paused at line  92
	because of breakpoints [21]
action: stepIn
paused at line 129
action: stepIn
paused at line 135
action: stepOver
paused at line 138
action: resume
paused at line  95
	because of breakpoints [75]
action: stepIn
paused at line  35
action: stepOver
paused at line  36
action: stepOver
paused at line  96
	because of breakpoints [42]
action: stepOver
paused at line  97
action: stepOut
paused at line 147
action: stepIn
paused at line 148
action: stepOut
paused at line 149
	because of breakpoints [51]
action: stepIn
paused at line  80
action: resume
paused at line 126
	because of breakpoints [38]
action: stepIn
paused at line  72
action: stepOver
paused at line  73
action: stepOut
paused at line 127
action: stepOver
paused at line 128
	because of breakpoints [53]
action: stepOver
paused at line  88
	because of breakpoints [76]
action: stepOut
paused at line  92
	because of breakpoints [21]
action: stepOver
paused at line 129
action: stepOut
paused at line  95
	because of breakpoints [75]
action: resume
paused at line  96
	because of breakpoints [42]
action: stepOver
paused at line  97
action: stepIn
paused at line 147
action: resume
paused at line 149
	because of breakpoints [51]
action: stepOut
paused at line 335
action: stepIn
paused at line 126
	because of breakpoints [38]
action: resume
paused at line 128
	because of breakpoints [53]
action: stepOut
paused at line  88
	because of breakpoints [76]
action: resume
paused at line  92
	because of breakpoints [21]
action: stepIn
paused at line 129
action: stepOut
paused at line  95
	because of breakpoints [75]
action: resume
paused at line  96
	because of breakpoints [42]
action: stepIn
paused at line  97
action: resume
paused at line 149
	because of breakpoints [51]
action: resume
paused at line 126
	because of breakpoints [38]
action: stepOver
paused at line 127
action: stepOver
paused at line 128
	because of breakpoints [53]
action: stepOut
paused at line  88
	because of breakpoints [76]
action: stepOver
paused at line  92
	because of breakpoints [21]
action: stepIn
paused at line 129
action: stepOver
paused at line 130
action: resume
paused at line 131
	because of breakpoints [30]
action: resume
paused at line  95
	because of breakpoints [75]
action: stepOut
paused at line  96
	because of breakpoints [42]
action: stepOver
paused at line  97
action: resume
paused at line 149
	because of breakpoints [51]
action: stepIn
paused at line  80
action: stepOut
paused at line 150
action: stepOut
paused at line 341
action: stepOut
paused at line 126
	because of breakpoints [38]
action: stepIn
paused at line  72
action: stepOut
paused at line 127
action: stepIn
paused at line  72
action: stepOver
paused at line  73
action: stepOver
paused at line 128
	because of breakpoints [53]
action: stepOver
paused at line  88
	because of breakpoints [76]
action: resume
paused at line  92
	because of breakpoints [21]
action: stepIn
paused at line 129
action: stepOut
paused at line 131
	because of breakpoints [30]
action: resume
paused at line  95
	because of breakpoints [75]
action: resume
paused at line  96
	because of breakpoints [42]
action: stepOver
paused at line  97
action: stepOver
paused at line 147
action: stepOut
paused at line 149
	because of breakpoints [51]
action: stepOut
paused at line 344
	because of breakpoints [37]
action: stepIn
paused at line 126
	because of breakpoints [38]
action: resume
paused at line 128
	because of breakpoints [53]
action: resume
paused at line  88
	because of breakpoints [76]
action: stepIn
paused at line  92
	because of breakpoints [21]
action: stepOver
paused at line 129
action: stepIn
paused at line 130
action: resume
paused at line 131
	because of breakpoints [30]
action: stepOver
paused at line 139
action: stepOut
paused at line  95
	because of breakpoints [75]
action: stepOut
paused at line  96
	because of breakpoints [42]
action: stepOver
paused at line  97
action: stepIn
paused at line 147
action: stepIn
paused at line 148
action: stepOver
paused at line 149
	because of breakpoints [51]
action: resume
paused at line 345
	because of breakpoints [58]
action: stepOver
paused at line 126
	because of breakpoints [38]
action: stepOut
paused at line 128
	because of breakpoints [53]
action: stepIn
paused at line  88
	because of breakpoints [76]
action: stepOut
paused at line  92
	because of breakpoints [21]
action: stepOut
paused at line 129
action: resume
paused at line 131
	because of breakpoints [30]
action: stepOver
paused at line 139
action: stepOver
paused at line 140
action: stepOver
paused at line 141
action: stepIn
paused at line 142
action: stepOut
paused at line  95
	because of breakpoints [75]
action: stepOver
paused at line  96
	because of breakpoints [42]
action: stepIn
paused at line  97
action: stepOver
paused at line 147
action: resume
paused at line 149
	because of breakpoints [51]
action: stepIn
paused at line  80
action: stepOver
paused at line  81
action: resume
paused at line 347
	because of breakpoints [13,49]
action: stepOver
paused at line 126
	because of breakpoints [38]
action: stepOver
paused at line 127
action: stepOver
paused at line 128
	because of breakpoints [53]
action: resume
paused at line  88
	because of breakpoints [76]
action: stepOver
paused at line  92
	because of breakpoints [21]
action: stepOver
paused at line 129
action: stepIn
paused at line 135
action: resume
paused at line  95
	because of breakpoints [75]
action: stepOver
paused at line  96
	because of breakpoints [42]
action: stepOver
paused at line  97
action: resume
paused at line 149
	because of breakpoints [51]
action: resume
paused at line 126
	because of breakpoints [38]
action: stepOver
paused at line 127
action: stepIn
paused at line  72
action: stepIn
paused at line  73
action: stepOver
paused at line 128
	because of breakpoints [53]
action: stepOver
paused at line  88
	because of breakpoints [76]
action: stepOver
paused at line  92
	because of breakpoints [21]
action: stepOver
paused at line 129
action: stepOut
paused at line  95
	because of breakpoints [75]
action: stepOver
paused at line  96
	because of breakpoints [42]
action: stepOver
paused at line  97
action: resume
paused at line 149
	because of breakpoints [51]
action: resume
paused at line 126
	because of breakpoints [38]
action: stepOver
paused at line 127
action: resume
paused at line 128
	because of breakpoints [53]
action: stepIn
paused at line  88
	because of breakpoints [76]
action: stepOver
paused at line  92
	because of breakpoints [21]
action: stepOut
paused at line 129
action: stepIn
paused at line 135
action: stepOut
paused at line  95
	because of breakpoints [75]
action: stepOver
paused at line  96
	because of breakpoints [42]
action: stepOver
paused at line  97
action: stepOver
paused at line 147
action: stepOut
paused at line 149
	because of breakpoints [51]
action: stepOut
paused at line 351
action: stepOver
paused at line 126
	because of breakpoints [38]
action: stepOver
paused at line 127
action: stepOut
paused at line 128
	because of breakpoints [53]
action: resume
paused at line  88
	because of breakpoints [76]
action: stepOver
paused at line  92
	because of breakpoints [21]
action: resume
paused at line  95
	because of breakpoints [75]
action: resume
paused at line  96
	because of breakpoints [42]
action: stepOver
paused at line  97
action: resume
paused at line 149
	because of breakpoints [51]
action: stepOut
paused at line 354
	because of breakpoints [28]
action: stepOver
paused at line  27
	because of breakpoints [24]
action: resume
paused at line  27
	because of breakpoints [24]
action: stepIn
paused at line  28
action: stepIn
paused at line 356
action: stepOver
paused at line 357
action: stepOver
paused at line 371
action: stepOut
paused at line  27
	because of breakpoints [24]
action: stepIn
paused at line  28
action: stepOut
paused at line 372
action: stepIn
paused at line  27
	because of breakpoints [24]
action: stepIn
paused at line  28
action: resume
paused at line  27
	because of breakpoints [24]
action: stepOver
paused at line  28
action: stepOut
paused at line 374
action: resume
paused at line  27
	because of breakpoints [24]
action: stepOut
paused at line 375
action: stepIn
paused at line 126
	because of breakpoints [38]
action: stepOut
paused at line 128
	because of breakpoints [53]
action: stepOver
paused at line  88
	because of breakpoints [76]
action: stepOver
paused at line  92
	because of breakpoints [21]
action: stepOver
paused at line 129
action: resume
paused at line  95
	because of breakpoints [75]
action: stepOut
paused at line  96
	because of breakpoints [42]
action: resume
paused at line 149
	because of breakpoints [51]
action: stepOver
paused at line 150
action: stepOver
paused at line 151
action: resume
paused at line 126
	because of breakpoints [38]
action: stepOut
paused at line 128
	because of breakpoints [53]
action: stepIn
paused at line  88
	because of breakpoints [76]
action: stepIn
paused at line  92
	because of breakpoints [21]
action: stepOver
paused at line 129
action: stepOut
paused at line  95
	because of breakpoints [75]
action: stepIn
paused at line  35
action: stepOver
paused at line  36
action: stepOut
paused at line  96
	because of breakpoints [42]
action: stepIn
paused at line  97
action: stepIn
