request breakpoint   0 at line  87
                   set at line  87
request breakpoint   1 at line  54
                   set at line  54
request breakpoint   2 at line 102
                   set at line 102
request breakpoint   3 at line  30
                   set at line  30
request breakpoint   4 at line 161
                   set at line 162
request breakpoint   5 at line  42
                   set at line  45
request breakpoint   6 at line 118
                   set at line 121
request breakpoint   7 at line 113
                   set at line 113
request breakpoint   8 at line 151
                   set at line 152
request breakpoint   9 at line  77
                   set at line  79
request breakpoint  10 at line 125
                   set at line 125
request breakpoint  11 at line  71
                   set at line  79
request breakpoint  12 at line  15
                   set at line  16
request breakpoint  13 at line 135
                   set at line 135
request breakpoint  14 at line 164
                   set at line 164
request breakpoint  15 at line 172
                   set at line 172
request breakpoint  16 at line 153
                   set at line 153
request breakpoint  17 at line 167
                   set at line 168
request breakpoint  18 at line  93
                   set at line  93
request breakpoint  19 at line  38
                   set at line  45
request breakpoint  20 at line 115
                   set at line 115
request breakpoint  21 at line  81
                   set at line  85
request breakpoint  22 at line 158
                   set at line 158
request breakpoint  23 at line  24
                   set at line  24
request breakpoint  24 at line  72
                   set at line  79
request breakpoint  25 at line  52
                   set at line  52
request breakpoint  26 at line  23
                   set at line  23
request breakpoint  27 at line  59
                   set at line  67
request breakpoint  28 at line 142
                   set at line 142
paused at line  85
	because of breakpoints [21]
action: stepIn
paused at line  86
action: stepIn
paused at line  87
	because of breakpoints [0]
action: stepOver
paused at line  89
action: stepOver
paused at line  96
action: resume
paused at line 158
	because of breakpoints [22]
action: stepIn
paused at line 159
action: stepOver
paused at line  52
	because of breakpoints [25]
action: stepOver
paused at line  53
action: resume
paused at line  54
	because of breakpoints [1]
action: stepIn
paused at line  55
action: stepOver
paused at line   3
action: stepIn
paused at line 160
action: stepOut
paused at line  52
	because of breakpoints [25]
action: resume
paused at line  54
	because of breakpoints [1]
action: resume
paused at line  79
	because of breakpoints [9,11,24]
action: resume
paused at line  52
	because of breakpoints [25]
action: resume
paused at line  54
	because of breakpoints [1]
action: resume
paused at line  45
	because of breakpoints [5,19]
action: stepIn
paused at line 160
action: stepIn
paused at line  58
action: stepOver
paused at line  52
	because of breakpoints [25]
action: stepIn
paused at line  53
action: resume
paused at line  54
	because of breakpoints [1]
action: stepOut
paused at line  67
	because of breakpoints [27]
action: stepIn
paused at line 160
action: stepOut
paused at line  52
	because of breakpoints [25]
action: stepOut
paused at line  54
	because of breakpoints [1]
action: stepIn
paused at line  55
action: resume
paused at line  16
	because of breakpoints [12]
action: resume
paused at line  23
	because of breakpoints [26]
action: stepIn
paused at line  24
	because of breakpoints [23]
action: resume
paused at line  30
	because of breakpoints [3]
action: stepOver
paused at line  25
action: stepOver
paused at line  25
action: stepOver
paused at line  26
action: stepOut
paused at line  30
	because of breakpoints [3]
action: resume
paused at line  30
	because of breakpoints [3]
action: stepOver
paused at line  25
action: stepIn
paused at line  25
action: resume
paused at line  30
	because of breakpoints [3]
action: stepOver
paused at line  25
action: resume
paused at line  30
	because of breakpoints [3]
action: stepIn
paused at line  25
action: stepIn
paused at line  25
action: stepOver
paused at line  32
action: resume
paused at line  93
	because of breakpoints [18]
action: stepIn
paused at line  94
action: stepOver
paused at line  33
action: stepOver
paused at line 162
	because of breakpoints [4]
action: stepOver
paused at line 164
	because of breakpoints [14]
action: stepOut
paused at line 135
	because of breakpoints [13]
action: stepIn
paused at line 137
action: stepOut
paused at line 142
	because of breakpoints [28]
action: stepIn
paused at line 142
action: resume
paused at line 135
	because of breakpoints [13]
action: stepIn
paused at line 137
action: stepOver
paused at line 142
	because of breakpoints [28]
action: stepOut
paused at line 135
	because of breakpoints [13]
action: stepOver
paused at line 137
action: stepOver
paused at line 142
	because of breakpoints [28]
action: stepOut
paused at line 135
	because of breakpoints [13]
action: stepOver
paused at line 137
action: stepOut
paused at line 142
	because of breakpoints [28]
action: resume
paused at line 135
	because of breakpoints [13]
action: stepOver
paused at line 137
action: stepIn
paused at line 142
	because of breakpoints [28]
action: resume
paused at line 152
	because of breakpoints [8]
action: stepOut
paused at line 153
	because of breakpoints [16]
action: stepIn
paused at line 165
action: resume
paused at line 102
	because of breakpoints [2]
action: stepOut
paused at line 113
	because of breakpoints [7]
action: resume
paused at line 115
	because of breakpoints [20]
action: stepIn
paused at line 116
action: stepOut
paused at line 113
	because of breakpoints [7]
action: resume
paused at line 115
	because of breakpoints [20]
action: stepIn
paused at line 116
action: resume
paused at line 113
	because of breakpoints [7]
action: resume
paused at line 115
	because of breakpoints [20]
action: stepOver
paused at line 116
action: stepOver
paused at line 117
action: stepOut
paused at line 113
	because of breakpoints [7]
action: stepOver
paused at line 115
	because of breakpoints [20]
action: stepIn
paused at line 116
action: stepOver
paused at line 117
action: resume
paused at line 102
	because of breakpoints [2]
action: resume
