request breakpoint   0 at line  84
                   set at line  84
request breakpoint   1 at line  59
                   set at line  60
request breakpoint   2 at line 162
                   set at line 163
request breakpoint   3 at line 135
                   set at line 349
request breakpoint   4 at line 400
                   set at line 424
request breakpoint   5 at line 316
                   set at line 318
request breakpoint   6 at line 385
                   set at line 385
request breakpoint   7 at line  32
                   set at line  32
request breakpoint   8 at line 127
                   set at line 128
request breakpoint   9 at line 344
                   set at line 344
request breakpoint  10 at line  16
                   set at line  16
request breakpoint  11 at line 191
                   set at line 192
request breakpoint  12 at line 206
                   set at line 206
request breakpoint  13 at line 279
                   set at line 279
request breakpoint  14 at line 404
                   set at line 424
request breakpoint  15 at line 421
                   set at line 424
request breakpoint  16 at line 129
                   set at line 129
request breakpoint  17 at line 412
                   set at line 424
request breakpoint  18 at line  96
                   set at line  98
request breakpoint  19 at line 345
                   set at line 345
request breakpoint  20 at line 180
                   set at line 182
request breakpoint  21 at line 296
                   set at line 296
request breakpoint  22 at line 390
                   set at line 390
request breakpoint  23 at line 227
                   set at line 227
request breakpoint  24 at line 100
                   set at line 100
request breakpoint  25 at line 223
                   set at line 223
request breakpoint  26 at line 218
                   set at line 218
request breakpoint  27 at line 303
                   set at line 303
request breakpoint  28 at line  42
                   set at line  43
request breakpoint  29 at line 124
                   set at line 128
request breakpoint  30 at line 349
                   set at line 349
request breakpoint  31 at line  47
                   set at line  47
request breakpoint  32 at line   6
                   set at line   7
request breakpoint  33 at line  81
                   set at line 349
request breakpoint  34 at line 143
                   set at line 143
request breakpoint  35 at line 102
                   set at line 102
request breakpoint  36 at line 413
                   set at line 424
request breakpoint  37 at line 277
                   set at line 277
request breakpoint  38 at line 111
                   set at line 111
request breakpoint  39 at line 392
                   set at line 424
request breakpoint  40 at line  23
                   set at line  23
request breakpoint  41 at line  39
                   set at line  39
request breakpoint  42 at line 103
                   set at line 103
request breakpoint  43 at line 342
                   set at line 342
request breakpoint  44 at line 155
                   set at line 155
request breakpoint  45 at line  55
                   set at line  55
request breakpoint  46 at line 319
                   set at line 319
request breakpoint  47 at line 384
                   set at line 385
request breakpoint  48 at line  77
                   set at line 349
request breakpoint  49 at line 280
                   set at line 280
request breakpoint  50 at line 235
                   set at line 235
request breakpoint  51 at line 367
                   set at line 367
request breakpoint  52 at line 139
                   set at line 140
request breakpoint  53 at line 350
                   set at line 367
request breakpoint  54 at line  56
                   set at line  56
request breakpoint  55 at line 188
                   set at line 188
request breakpoint  56 at line  20
                   set at line  20
request breakpoint  57 at line 330
                   set at line 331
request breakpoint  58 at line 335
                   set at line 335
request breakpoint  59 at line 171
                   set at line 171
request breakpoint  60 at line 136
                   set at line 349
request breakpoint  61 at line  24
                   set at line  24
request breakpoint  62 at line 133
                   set at line 349
request breakpoint  63 at line 402
                   set at line 424
request breakpoint  64 at line 168
                   set at line 168
request breakpoint  65 at line 351
                   set at line 367
request breakpoint  66 at line 128
                   set at line 128
request breakpoint  67 at line 238
                   set at line 238
paused at line 349
	because of breakpoints [3,30,33,48,60,62]
action: stepIn
paused at line 367
	because of breakpoints [51,53,65]
action: stepIn
paused at line 385
	because of breakpoints [6,47]
action: stepOver
paused at line 390
	because of breakpoints [22]
action: stepOver
paused at line 424
	because of breakpoints [4,14,15,17,36,39,63]
action: resume
paused at line 206
	because of breakpoints [12]
action: stepIn
paused at line 210
action: stepOver
paused at line 211
action: stepOver
paused at line 212
action: resume
paused at line 296
	because of breakpoints [21]
action: stepIn
paused at line 298
action: stepOver
paused at line 299
action: stepIn
paused at line 301
action: stepOut
paused at line 303
	because of breakpoints [27]
action: resume
paused at line 303
	because of breakpoints [27]
action: resume
paused at line 303
	because of breakpoints [27]
action: resume
paused at line 303
	because of breakpoints [27]
action: resume
paused at line 303
	because of breakpoints [27]
action: resume
paused at line 303
	because of breakpoints [27]
action: stepIn
paused at line 301
action: stepIn
paused at line 301
action: stepOver
paused at line 302
action: stepIn
paused at line 303
	because of breakpoints [27]
action: resume
paused at line 303
	because of breakpoints [27]
action: stepOut
paused at line 111
	because of breakpoints [38]
action: stepIn
paused at line 112
action: stepOut
paused at line 310
action: stepOut
paused at line 111
	because of breakpoints [38]
action: stepIn
paused at line 112
action: resume
paused at line 111
	because of breakpoints [38]
action: resume
paused at line 111
	because of breakpoints [38]
action: stepIn
paused at line 112
action: resume
paused at line 111
	because of breakpoints [38]
action: stepOver
paused at line 112
action: stepOver
paused at line 310
action: stepOver
paused at line 311
action: stepOut
paused at line 111
	because of breakpoints [38]
action: resume
paused at line 111
	because of breakpoints [38]
action: stepOver
paused at line 112
action: stepIn
paused at line 310
action: resume
paused at line 318
	because of breakpoints [5]
action: stepOver
paused at line 319
	because of breakpoints [46]
action: resume
paused at line  84
	because of breakpoints [0]
action: stepIn
paused at line  86
action: stepIn
paused at line  87
action: stepOver
paused at line  87
action: resume
paused at line  60
	because of breakpoints [1]
action: stepIn
paused at line  60
action: stepOver
paused at line  61
action: stepOver
paused at line  61
action: stepOver
paused at line  61
action: stepOut
paused at line  93
action: stepIn
paused at line 187
action: stepOut
paused at line 188
	because of breakpoints [55]
action: stepIn
paused at line 188
action: resume
paused at line 192
	because of breakpoints [11]
action: stepIn
paused at line 193
action: stepOver
paused at line  94
action: stepOut
paused at line 331
	because of breakpoints [57]
action: stepOver
paused at line 331
action: stepOver
paused at line 332
action: stepOut
paused at line 335
	because of breakpoints [58]
action: stepOver
paused at line 336
action: stepOut
paused at line 335
	because of breakpoints [58]
action: resume
paused at line 335
	because of breakpoints [58]
action: stepOver
paused at line 336
action: stepIn
paused at line 334
action: resume
paused at line 335
	because of breakpoints [58]
action: stepOut
paused at line 342
	because of breakpoints [43]
action: stepIn
paused at line 331
action: resume
paused at line 335
	because of breakpoints [58]
action: stepOut
paused at line 335
	because of breakpoints [58]
action: resume
paused at line 335
	because of breakpoints [58]
action: stepIn
paused at line 336
action: stepOut
paused at line 335
	because of breakpoints [58]
action: resume
paused at line 342
	because of breakpoints [43]
action: stepIn
paused at line 331
action: resume
paused at line 335
	because of breakpoints [58]
action: resume
paused at line 335
	because of breakpoints [58]
action: stepOver
paused at line 336
action: stepOver
paused at line 334
action: stepOut
paused at line 335
	because of breakpoints [58]
action: stepOver
paused at line 336
action: stepIn
paused at line 334
action: stepOver
paused at line 334
action: resume
paused at line 335
	because of breakpoints [58]
action: resume
paused at line 342
	because of breakpoints [43]
action: stepOut
paused at line 335
	because of breakpoints [58]
action: stepOver
paused at line 336
action: resume
paused at line 335
	because of breakpoints [58]
action: stepIn
paused at line 336
action: stepOut
paused at line 335
	because of breakpoints [58]
action: stepOut
paused at line 335
	because of breakpoints [58]
action: stepOut
paused at line 342
	because of breakpoints [43]
action: stepIn
paused at line 331
action: stepOut
paused at line 344
	because of breakpoints [9]
action: stepIn
paused at line 345
	because of breakpoints [19]
action: stepOver
paused at line  95
action: stepOver
paused at line  91
action: stepOver
paused at line  91
action: resume
paused at line  60
	because of breakpoints [1]
action: stepIn
paused at line  60
action: stepOut
paused at line  93
action: resume
paused at line 188
	because of breakpoints [55]
action: resume
paused at line 192
	because of breakpoints [11]
action: stepOver
paused at line 193
action: stepOver
paused at line  94
action: stepOut
paused at line 331
	because of breakpoints [57]
action: stepOut
paused at line 335
	because of breakpoints [58]
action: stepIn
paused at line 336
action: resume
paused at line 335
	because of breakpoints [58]
action: resume
paused at line 335
	because of breakpoints [58]
action: stepIn
paused at line 336
action: stepOver
paused at line 334
action: stepIn
paused at line 334
action: resume
paused at line 335
	because of breakpoints [58]
action: stepOver
paused at line 336
action: stepOut
paused at line 342
	because of breakpoints [43]
action: stepOut
paused at line 335
	because of breakpoints [58]
action: stepOver
paused at line 336
action: stepIn
paused at line 334
action: stepIn
paused at line 334
action: stepOver
paused at line 335
	because of breakpoints [58]
action: resume
paused at line 335
	because of breakpoints [58]
action: stepOver
paused at line 336
action: stepOut
paused at line 335
	because of breakpoints [58]
action: stepIn
paused at line 336
action: stepOut
paused at line 342
	because of breakpoints [43]
action: stepOut
paused at line 335
	because of breakpoints [58]
action: resume
paused at line 335
	because of breakpoints [58]
action: stepOver
paused at line 336
action: stepOver
paused at line 334
action: stepOver
paused at line 334
action: stepIn
paused at line 335
	because of breakpoints [58]
action: stepOut
paused at line 335
	because of breakpoints [58]
action: stepOver
paused at line 336
action: stepIn
paused at line 334
action: stepOver
paused at line 334
action: resume
paused at line 342
	because of breakpoints [43]
action: stepIn
paused at line 331
action: stepOver
paused at line 331
action: resume
paused at line 335
	because of breakpoints [58]
action: stepOver
paused at line 336
action: stepOver
paused at line 334
action: stepOver
paused at line 334
action: resume
paused at line 335
	because of breakpoints [58]
action: stepOver
paused at line 336
action: stepOver
paused at line 334
action: stepIn
paused at line 334
action: resume
paused at line 335
	because of breakpoints [58]
action: stepOver
paused at line 336
action: stepOver
paused at line 334
action: resume
paused at line 335
	because of breakpoints [58]
action: resume
paused at line 342
	because of breakpoints [43]
action: stepOver
paused at line 331
action: stepIn
paused at line 331
action: stepIn
paused at line 344
	because of breakpoints [9]
action: stepOver
paused at line 345
	because of breakpoints [19]
action: stepOver
paused at line  95
action: stepOver
paused at line  91
action: stepOver
paused at line  91
action: stepOut
paused at line  60
	because of breakpoints [1]
action: stepOver
paused at line  60
action: stepOver
paused at line  61
action: resume
paused at line 188
	because of breakpoints [55]
action: resume
paused at line 192
	because of breakpoints [11]
action: stepOver
paused at line 193
action: resume
paused at line 331
	because of breakpoints [57]
action: stepIn
paused at line 331
action: stepOver
paused at line 332
action: stepOut
paused at line 335
	because of breakpoints [58]
action: stepIn
paused at line 336
action: stepOut
paused at line 335
	because of breakpoints [58]
action: stepOver
paused at line 336
action: stepOver
paused at line 334
action: stepOver
paused at line 334
action: stepOut
paused at line 335
	because of breakpoints [58]
action: stepOut
paused at line 335
	because of breakpoints [58]
action: stepOver
paused at line 336
action: stepOver
paused at line 334
action: stepOut
paused at line 342
	because of breakpoints [43]
action: resume
paused at line 335
	because of breakpoints [58]
action: stepOver
paused at line 336
action: resume
paused at line 335
	because of breakpoints [58]
action: resume
paused at line 335
	because of breakpoints [58]
action: stepOver
paused at line 336
action: resume
paused at line 335
	because of breakpoints [58]
action: stepOut
paused at line 342
	because of breakpoints [43]
action: stepOver
paused at line 331
action: resume
paused at line 335
	because of breakpoints [58]
action: stepIn
paused at line 336
action: stepIn
paused at line 334
action: stepOver
paused at line 334
action: stepOver
paused at line 335
	because of breakpoints [58]
action: stepOut
paused at line 335
	because of breakpoints [58]
action: stepIn
paused at line 336
action: stepOut
paused at line 335
	because of breakpoints [58]
action: stepIn
paused at line 336
action: stepIn
paused at line 334
action: resume
paused at line 342
	because of breakpoints [43]
action: stepOver
paused at line 331
action: stepOut
paused at line 335
	because of breakpoints [58]
action: resume
paused at line 335
	because of breakpoints [58]
action: stepOut
paused at line 335
	because of breakpoints [58]
action: stepIn
paused at line 336
action: stepOut
paused at line 335
	because of breakpoints [58]
action: stepOver
paused at line 336
action: stepOver
paused at line 334
action: stepOver
paused at line 334
action: resume
paused at line 342
	because of breakpoints [43]
action: stepOut
paused at line 344
	because of breakpoints [9]
action: resume
paused at line 345
	because of breakpoints [19]
action: stepOver
