request breakpoint   0 at line   7
                   set at line  49
request breakpoint   1 at line  12
                   set at line  12
request breakpoint   2 at line  17
                   set at line  17
request breakpoint   3 at line  15
                   set at line  16
request breakpoint   4 at line  53
                   set at line  55
request breakpoint   5 at line  31
                   set at line  32
request breakpoint   6 at line  22
                   set at line  22
request breakpoint   7 at line  21
                   set at line  21
request breakpoint   8 at line  51
                   set at line  51
paused at line  49
	because of breakpoints [0]
action: stepIn
paused at line  51
	because of breakpoints [8]
action: stepIn
paused at line  51
action: stepOver
paused at line  52
action: stepOver
paused at line  16
	because of breakpoints [3]
action: resume
paused at line  17
	because of breakpoints [2]
action: stepIn
paused at line  17
action: stepOver
paused at line  18
action: stepOver
paused at line  18
action: resume
paused at line  21
	because of breakpoints [7]
action: stepIn
paused at line   2
action: stepOver
paused at line  12
	because of breakpoints [1]
action: stepIn
paused at line  13
action: stepOut
paused at line  43
action: resume
paused at line  12
	because of breakpoints [1]
action: resume
paused at line  12
	because of breakpoints [1]
action: resume
paused at line  12
	because of breakpoints [1]
action: resume
paused at line  12
	because of breakpoints [1]
action: resume
paused at line  12
	because of breakpoints [1]
action: stepIn
paused at line  13
action: stepIn
paused at line  43
action: stepOver
paused at line  43
action: stepIn
paused at line  45
action: resume
paused at line  12
	because of breakpoints [1]
action: stepOut
paused at line  43
action: stepIn
paused at line  43
action: stepOut
paused at line  12
	because of breakpoints [1]
action: stepOut
paused at line  43
action: stepIn
paused at line  43
action: resume
