request breakpoint   0 at line  67
                   set at line 104
request breakpoint   1 at line  74
                   set at line 104
request breakpoint   2 at line 110
                   set at line 119
request breakpoint   3 at line  57
                   set at line  60
request breakpoint   4 at line 124
                   set at line 124
request breakpoint   5 at line  95
                   set at line 104
request breakpoint   6 at line   4
                   set at line   4
request breakpoint   7 at line   1
                   set at line   2
request breakpoint   8 at line  29
                   set at line  29
request breakpoint   9 at line  88
                   set at line 104
request breakpoint  10 at line   9
                   set at line   9
request breakpoint  11 at line  83
                   set at line 104
request breakpoint  12 at line  44
                   set at line  47
request breakpoint  13 at line  18
                   set at line  18
request breakpoint  14 at line 128
                   set at line 128
request breakpoint  15 at line 134
                   set at line 134
request breakpoint  16 at line  32
                   set at line  32
request breakpoint  17 at line 131
                   set at line 131
request breakpoint  18 at line  82
                   set at line 104
request breakpoint  19 at line  94
                   set at line 104
request breakpoint  20 at line   3
                   set at line   3
request breakpoint  21 at line  98
                   set at line 104
request breakpoint  22 at line 121
                   set at line 121
paused at line 104
	because of breakpoints [0,1,5,9,11,18,19,21]
action: stepIn
paused at line 105
action: stepIn
paused at line 108
action: stepOver
paused at line 119
	because of breakpoints [2]
action: stepOver
paused at line 121
	because of breakpoints [22]
action: resume
paused at line 124
	because of breakpoints [4]
action: stepIn
paused at line 124
action: stepOver
paused at line 128
	because of breakpoints [14]
action: stepOver
paused at line  47
	because of breakpoints [12]
action: resume
paused at line  60
	because of breakpoints [3]
action: stepIn
paused at line  61
action: stepOver
paused at line 129
action: stepIn
paused at line   2
	because of breakpoints [7]
action: stepOut
paused at line   3
	because of breakpoints [20]
action: resume
paused at line   4
	because of breakpoints [6]
action: resume
paused at line   9
	because of breakpoints [10]
action: resume
paused at line  18
	because of breakpoints [13]
action: resume
paused at line   9
	because of breakpoints [10]
action: resume
paused at line  18
	because of breakpoints [13]
action: stepIn
paused at line  19
action: stepIn
paused at line  21
action: stepOver
paused at line  22
action: stepIn
paused at line  23
action: resume
paused at line   9
	because of breakpoints [10]
action: stepOut
paused at line  18
	because of breakpoints [13]
action: stepIn
paused at line  19
action: stepOut
paused at line   9
	because of breakpoints [10]
action: stepOut
paused at line  18
	because of breakpoints [13]
action: stepIn
paused at line  19
action: resume
paused at line   9
	because of breakpoints [10]
action: resume
paused at line  18
	because of breakpoints [13]
action: stepIn
paused at line   7
action: resume
paused at line   9
	because of breakpoints [10]
action: stepOver
paused at line   9
action: stepOver
paused at line   9
action: stepOver
paused at line  11
action: stepOut
paused at line  18
	because of breakpoints [13]
action: resume
paused at line   9
	because of breakpoints [10]
action: stepOver
paused at line   9
action: stepIn
paused at line   9
action: resume
paused at line  18
	because of breakpoints [13]
action: stepOver
paused at line  19
action: resume
paused at line   9
	because of breakpoints [10]
action: stepIn
paused at line   9
action: stepIn
paused at line   9
action: stepOver
paused at line  11
action: resume
paused at line  18
	because of breakpoints [13]
action: stepIn
paused at line  19
action: stepOver
paused at line  21
action: stepOver
paused at line  22
action: stepOver
paused at line  23
action: stepOut
paused at line   9
	because of breakpoints [10]
action: stepIn
paused at line   9
action: stepOut
paused at line  18
	because of breakpoints [13]
action: stepIn
paused at line   7
action: resume
paused at line   9
	because of breakpoints [10]
action: stepIn
paused at line   9
action: stepOver
paused at line   9
action: stepOut
paused at line  18
	because of breakpoints [13]
action: stepOver
paused at line  19
action: stepOver
paused at line  21
action: stepOut
paused at line   9
	because of breakpoints [10]
action: stepOver
paused at line   9
action: stepOut
paused at line  18
	because of breakpoints [13]
action: resume
paused at line   9
	because of breakpoints [10]
action: stepOver
paused at line   9
action: stepIn
paused at line   9
action: resume
paused at line  18
	because of breakpoints [13]
action: stepOut
