request breakpoint   0 at line  15
                   set at line  15
request breakpoint   1 at line  19
                   set at line  19
request breakpoint   2 at line  31
                   set at line  31
request breakpoint   3 at line  34
                   set at line  35
request breakpoint   4 at line  51
                   set at line  51
request breakpoint   5 at line  55
                   set at line  55
request breakpoint   6 at line  57
                   set at line  58
request breakpoint   7 at line  66
                   set at line  66
request breakpoint   8 at line  73
                   set at line  73
request breakpoint   9 at line  75
                   set at line  75
request breakpoint  10 at line  83
                   set at line  83
request breakpoint  11 at line  84
                   set at line  84
request breakpoint  12 at line  87
                   set at line  87
request breakpoint  13 at line  88
                   set at line  88
request breakpoint  14 at line  93
                   set at line  93
request breakpoint  15 at line 108
                   set at line 108
request breakpoint  16 at line 121
                   set at line 121
request breakpoint  17 at line 125
                   set at line 125
request breakpoint  18 at line 126
                   set at line 127
request breakpoint  19 at line 136
                   set at line 136
request breakpoint  20 at line 174
                   set at line 174
request breakpoint  21 at line 178
                   set at line 181
request breakpoint  22 at line 191
                   set at line 199
request breakpoint  23 at line 227
                   set at line 227
request breakpoint  24 at line 233
                   set at line 233
request breakpoint  25 at line 240
                   set at line 242
request breakpoint  26 at line 249
                   set at line 249
request breakpoint  27 at line 266
                   set at line 266
request breakpoint  28 at line 268
                   set at line 268
request breakpoint  29 at line 273
                   set at line 275
request breakpoint  30 at line 280
                   set at line 280
request breakpoint  31 at line 281
                   set at line 282
request breakpoint  32 at line 318
                   set at line 318
request breakpoint  33 at line 327
                   set at line 329
request breakpoint  34 at line 331
                   set at line 331
request breakpoint  35 at line 332
                   set at line 332
request breakpoint  36 at line 340
                   set at line 340
request breakpoint  37 at line 347
                   set at line 347
request breakpoint  38 at line 350
                   set at line 350
request breakpoint  39 at line 352
                   set at line 353
request breakpoint  40 at line 359
                   set at line 359
request breakpoint  41 at line 361
                   set at line 363
request breakpoint  42 at line 368
                   set at line 369
request breakpoint  43 at line 384
                   set at line 389
request breakpoint  44 at line 405
                   set at line 405
request breakpoint  45 at line 407
                   set at line 409
request breakpoint  46 at line 412
                   set at line 413
request breakpoint  47 at line 424
                   set at line 424
request breakpoint  48 at line 425
                   set at line 425
request breakpoint  49 at line 448
                   set at line 449
request breakpoint  50 at line 454
                   set at line 455
request breakpoint  51 at line 472
                   set at line 472
request breakpoint  52 at line 475
                   set at line 476
request breakpoint  53 at line 482
                   set at line 482
request breakpoint  54 at line 483
                   set at line 487
request breakpoint  55 at line 511
                   set at line 521
paused at line 181
	because of breakpoints [21]
action: stepIn
paused at line 199
action: stepIn
paused at line 389
action: stepOut
paused at line 389
action: stepOut
paused at line 487
action: resume
paused at line 521
	because of breakpoints [55]
action: stepIn
paused at line 523
action: resume
paused at line 227
	because of breakpoints [23]
action: stepOut
paused at line 121
action: resume
paused at line 125
	because of breakpoints [17]
action: stepIn
paused at line 127
action: resume
paused at line 127
	because of breakpoints [18]
action: stepIn
paused at line 128
action: stepOut
paused at line 136
action: resume
paused at line 174
	because of breakpoints [20]
action: resume
paused at line 174
	because of breakpoints [20]
action: resume
paused at line 174
	because of breakpoints [20]
action: resume
paused at line 174
	because of breakpoints [20]
action: resume
paused at line 136
	because of breakpoints [19]
action: stepIn
paused at line 139
action: stepIn
paused at line 140
action: stepOut
paused at line 136
action: stepIn
paused at line 139
action: resume
paused at line 136
	because of breakpoints [19]
action: stepOut
paused at line 136
action: stepIn
paused at line 139
action: stepOut
paused at line 136
action: stepOut
paused at line 136
action: stepIn
paused at line 139
action: resume
paused at line 136
	because of breakpoints [19]
action: resume
paused at line 136
	because of breakpoints [19]
action: stepIn
paused at line 139
action: resume
paused at line 174
	because of breakpoints [20]
action: stepOut
paused at line 174
action: resume
paused at line 174
	because of breakpoints [20]
action: stepOut
paused at line 174
action: stepOut
paused at line 177
action: resume
paused at line 136
	because of breakpoints [19]
action: resume
paused at line 136
	because of breakpoints [19]
action: stepIn
paused at line 139
action: resume
paused at line 136
	because of breakpoints [19]
action: resume
paused at line 136
	because of breakpoints [19]
action: resume
paused at line 136
	because of breakpoints [19]
action: stepIn
paused at line 139
action: stepIn
paused at line 140
action: stepOut
paused at line 136
action: resume
paused at line 136
	because of breakpoints [19]
action: stepIn
paused at line 139
action: stepOut
paused at line 136
action: stepOut
paused at line 174
action: resume
paused at line 174
	because of breakpoints [20]
action: stepOut
paused at line 174
action: stepIn
paused at line 173
action: stepOut
paused at line 174
action: stepIn
paused at line 173
action: resume
paused at line 136
	because of breakpoints [19]
action: stepIn
paused at line 139
action: stepOut
paused at line 136
action: stepOut
paused at line 136
action: resume
paused at line 136
	because of breakpoints [19]
action: stepOut
paused at line 136
action: stepOut
paused at line 136
action: resume
paused at line 136
	because of breakpoints [19]
action: stepOut
paused at line 136
action: resume
paused at line 174
	because of breakpoints [20]
action: stepOut
paused at line 174
action: stepIn
paused at line 173
action: resume
paused at line 174
	because of breakpoints [20]
action: stepOut
paused at line 174
action: stepIn
paused at line 173
action: resume
paused at line 136
	because of breakpoints [19]
action: stepIn
paused at line 139
action: resume
paused at line 136
	because of breakpoints [19]
action: stepIn
paused at line 139
action: stepIn
paused at line 140
action: resume
paused at line 136
	because of breakpoints [19]
action: stepIn
paused at line 139
action: resume
paused at line 136
	because of breakpoints [19]
action: resume
paused at line 136
	because of breakpoints [19]
action: stepOut
paused at line 136
action: stepOut
paused at line 136
action: stepOut
paused at line 136
action: stepOut
paused at line 174
action: stepIn
paused at line 173
action: resume
paused at line 174
	because of breakpoints [20]
action: resume
paused at line 174
	because of breakpoints [20]
action: resume
paused at line 174
	because of breakpoints [20]
action: stepIn
paused at line 173
action: resume
paused at line 136
	because of breakpoints [19]
action: resume
paused at line 136
	because of breakpoints [19]
action: stepIn
paused at line 139
action: stepOut
paused at line 136
action: stepOut
paused at line 136
action: stepOut
paused at line 136
action: stepIn
paused at line 139
action: stepOut
paused at line 136
action: stepIn
paused at line 139
action: stepOut
paused at line 136
action: resume
paused at line 136
	because of breakpoints [19]
action: stepOut
paused at line 174
action: resume
paused at line 174
	because of breakpoints [20]
action: stepIn
paused at line 173
action: stepOut
paused at line 174
action: resume
paused at line 174
	because of breakpoints [20]
action: resume
paused at line 136
	because of breakpoints [19]
action: stepOut
paused at line 136
action: resume
paused at line 136
	because of breakpoints [19]
action: stepOut
paused at line 136
action: stepOut
paused at line 136
action: stepIn
paused at line 139
action: resume
paused at line 136
	because of breakpoints [19]
action: resume
paused at line 136
	because of breakpoints [19]
action: stepIn
paused at line 139
action: stepOut
paused at line 136
action: stepIn
paused at line 139
action: resume
paused at line 174
	because of breakpoints [20]
action: stepOut
paused at line 174
action: stepIn
paused at line 173
action: stepOut
paused at line 174
action: resume
paused at line 174
	because of breakpoints [20]
action: stepIn
paused at line 173
action: stepIn
paused at line 176
action: stepOut
paused at line 177
action: resume
paused at line 136
	because of breakpoints [19]
action: stepOut
paused at line 136
action: stepOut
paused at line 136
action: stepIn
paused at line 139
action: stepOut
paused at line 136
action: stepOut
paused at line 160
action: resume
paused at line  15
	because of breakpoints [0]
action: stepOut
paused at line  19
action: stepOut
paused at line  19
action: stepOut
paused at line  19
action: stepIn
paused at line  21
action: stepOut
paused at line  19
action: stepOut
paused at line  19
action: stepIn
paused at line  21
action: stepOut
paused at line  19
action: resume
paused at line  19
	because of breakpoints [1]
action: stepIn
paused at line  21
action: stepOut
paused at line  19
action: resume
paused at line  19
	because of breakpoints [1]
action: resume
paused at line  19
	because of breakpoints [1]
action: stepOut
paused at line  19
action: stepOut
paused at line  19
action: resume
paused at line  19
	because of breakpoints [1]
action: stepOut
paused at line  19
action: stepOut
paused at line  19
action: stepIn
paused at line  21
action: resume
paused at line  19
	because of breakpoints [1]
action: stepOut
paused at line  19
action: resume
paused at line 108
	because of breakpoints [15]
action: resume
paused at line 108
	because of breakpoints [15]
action: resume
paused at line 108
	because of breakpoints [15]
action: resume
paused at line 108
	because of breakpoints [15]
action: stepIn
paused at line 107
action: stepIn
paused at line 115
action: stepOut
paused at line 116
action: stepOut
paused at line  55
action: stepOut
paused at line  55
action: resume
paused at line  55
	because of breakpoints [5]
action: stepIn
paused at line  54
action: stepOut
paused at line  55
action: resume
paused at line  51
	because of breakpoints [4]
action: resume
paused at line  55
	because of breakpoints [5]
action: resume
paused at line  55
	because of breakpoints [5]
action: stepOut
paused at line  55
action: resume
paused at line  55
	because of breakpoints [5]
action: stepIn
paused at line  54
action: resume
paused at line  51
	because of breakpoints [4]
action: stepOut
paused at line  55
action: stepIn
paused at line  54
action: stepOut
paused at line  55
action: stepOut
paused at line  55
action: resume
paused at line  55
	because of breakpoints [5]
action: stepOut
paused at line  51
action: stepOut
paused at line  55
action: stepOut
paused at line  55
action: resume
paused at line  55
	because of breakpoints [5]
action: resume
paused at line  55
	because of breakpoints [5]
action: stepOut
paused at line  51
action: resume
paused at line  58
	because of breakpoints [6]
action: stepOut
paused at line  59
action: resume
paused at line  73
	because of breakpoints [8]
action: resume
paused at line  75
	because of breakpoints [9]
action: stepOut
paused at line  73
action: resume
paused at line  75
	because of breakpoints [9]
action: stepIn
paused at line  74
action: stepOut
paused at line  73
action: resume
paused at line  75
	because of breakpoints [9]
action: stepIn
paused at line  74
action: stepIn
paused at line  73
action: resume
paused at line  73
	because of breakpoints [8]
action: resume
paused at line  75
	because of breakpoints [9]
action: stepOut
paused at line  73
action: stepIn
paused at line  66
action: stepOut
paused at line  66
action: stepIn
paused at line  65
action: stepIn
paused at line  68
action: resume
paused at line  73
	because of breakpoints [8]
action: stepOut
paused at line  75
action: stepOut
paused at line  73
action: resume
paused at line  75
	because of breakpoints [9]
action: stepOut
paused at line  73
action: stepIn
paused at line  75
action: stepOut
paused at line  75
action: stepOut
paused at line  73
action: stepOut
paused at line  75
action: stepOut
paused at line  73
action: resume
paused at line  66
	because of breakpoints [7]
action: stepOut
paused at line  73
action: resume
paused at line  75
	because of breakpoints [9]
action: stepOut
paused at line  73
action: resume
paused at line  75
	because of breakpoints [9]
action: resume
paused at line  73
	because of breakpoints [8]
action: stepOut
paused at line  75
action: stepIn
paused at line  74
action: stepIn
paused at line  73
action: resume
paused at line  73
	because of breakpoints [8]
action: stepIn
paused at line  75
action: stepIn
paused at line  74
action: stepOut
paused at line  73
action: stepOut
paused at line  66
action: stepIn
paused at line  65
action: stepIn
paused at line  77
action: stepIn
paused at line  78
action: stepIn
paused at line  78
action: stepIn
paused at line  31
action: resume
paused at line  31
	because of breakpoints [2]
action: stepIn
paused at line  82
action: resume
paused at line  83
	because of breakpoints [10]
action: stepIn
paused at line  86
action: resume
paused at line  87
	because of breakpoints [12]
action: stepOut
paused at line  88
action: stepIn
paused at line  89
action: stepIn
paused at line  92
action: stepOut
paused at line  93
action: stepOut
paused at line  93
action: stepOut
paused at line  93
action: resume
paused at line  93
	because of breakpoints [14]
action: stepIn
paused at line  90
action: resume
paused at line  84
	because of breakpoints [11]
action: resume
paused at line  83
	because of breakpoints [10]
action: stepIn
paused at line  86
action: stepOut
paused at line  87
action: stepIn
paused at line  88
action: stepIn
paused at line  89
action: resume
paused at line  93
	because of breakpoints [14]
action: stepIn
paused at line  90
action: resume
paused at line  93
	because of breakpoints [14]
action: resume
paused at line  93
	because of breakpoints [14]
action: stepOut
paused at line  93
action: stepIn
paused at line  90
action: stepIn
paused at line  89
action: resume
paused at line  84
	because of breakpoints [11]
action: resume
paused at line  83
	because of breakpoints [10]
action: resume
paused at line  87
	because of breakpoints [12]
action: stepIn
paused at line  88
action: stepIn
paused at line  89
action: stepOut
paused at line  93
action: resume
paused at line  93
	because of breakpoints [14]
action: resume
paused at line  93
	because of breakpoints [14]
action: stepOut
paused at line  93
action: stepIn
paused at line  90
action: stepOut
paused at line  84
action: resume
done with actions
