request breakpoint   0 at line   8
                   set at line   8
request breakpoint   1 at line  13
                   set at line  13
request breakpoint   2 at line  17
                   set at line  17
request breakpoint   3 at line  25
                   set at line  26
request breakpoint   4 at line  48
                   set at line  48
request breakpoint   5 at line  52
                   set at line  53
request breakpoint   6 at line  56
                   set at line  57
request breakpoint   7 at line  58
                   set at line  58
request breakpoint   8 at line  61
                   set at line  61
request breakpoint   9 at line  73
                   set at line  73
request breakpoint  10 at line  77
                   set at line  79
paused at line  73
	because of breakpoints [9]
action: stepIn
paused at line  76
action: stepIn
paused at line  46
action: stepIn
paused at line  46
action: stepIn
paused at line  46
action: stepIn
paused at line  46
action: stepIn
paused at line  46
action: stepIn
paused at line  47
action: stepIn
paused at line  48
action: stepIn
paused at line  51
action: stepIn
paused at line  51
action: stepIn
paused at line  49
action: stepIn
paused at line  48
action: stepIn
paused at line  51
action: stepIn
paused at line  51
action: stepIn
paused at line  49
action: stepIn
paused at line  48
action: stepIn
paused at line  51
action: stepIn
paused at line  51
action: stepIn
paused at line  49
action: stepIn
paused at line  48
action: stepIn
paused at line  51
action: stepIn
paused at line  51
action: stepIn
paused at line  49
action: stepIn
paused at line  48
action: stepIn
paused at line  51
action: stepIn
paused at line  51
action: stepIn
paused at line  49
action: stepIn
paused at line  48
action: stepIn
paused at line  51
action: stepIn
paused at line  51
action: stepIn
paused at line  49
action: stepIn
paused at line  48
action: stepIn
paused at line  53
action: stepIn
paused at line  54
action: stepIn
paused at line  57
action: stepIn
paused at line  41
action: stepIn
paused at line  11
action: stepIn
paused at line  12
action: stepIn
paused at line  15
action: stepIn
paused at line  16
action: stepIn
paused at line  17
action: stepIn
done with actions
