Breakpoint Set at 3
Paused at 3
	Hit Breakpoint(s) 
	Call Stack: f 
	Bindings: a: number = 1
		b: number = 2
		i: undefined
		x: undefined
Paused at 3
	Hit Breakpoint(s) 
	Call Stack: f 
	Bindings: a: number = 1
		b: number = 2
		i: number = 0
		x: number = NaN
Paused at 3
	Hit Breakpoint(s) 
	Call Stack: f 
	Bindings: a: number = 1
		b: number = 2
		i: number = 1
		x: number = NaN
Paused at 4
	Call Stack: f 
	Bindings: a: number = 1
		b: number = 2
		i: number = 2
		x: number = NaN
Paused at 3
	Call Stack: f 
	Bindings: a: number = 1
		b: number = 2
		i: number = 2
		x: number = NaN
Paused at 3
	Hit Breakpoint(s) 
	Call Stack: f 
	Bindings: a: number = 1
		b: number = 2
		i: number = 2
		x: number = NaN
