157 -> 167
12 -> 13
371 -> 375
301 -> 301
243 -> 248
169 -> 169
234 -> 239
180 -> 183
122 -> 129
321 -> 321
75 -> 76
155 -> 167
53 -> 54
161 -> 167
11 -> 13
415 -> 415
165 -> 167
50 -> 50
357 -> 358
138 -> 139
337 -> 337
115 -> 116
3 -> 13
70 -> 70
105 -> 106
196 -> 199
108 -> 108
47 -> 47
187 -> 187
298 -> 299
221 -> 224
61 -> 62
311 -> 311
322 -> 322
267 -> 268
369 -> 375
171 -> 171
397 -> 397
316 -> 316
406 -> 410
335 -> 337
266 -> 268
80 -> 80
85 -> 86
178 -> 179
278 -> 278
43 -> 44
150 -> 153
320 -> 320
131 -> 132
202 -> 203
124 -> 129
176 -> 179
251 -> 252
51 -> 52
248 -> 248
370 -> 375
195 -> 195
207 -> 207
283 -> 284
345 -> 346
78 -> 78
229 -> 233
324 -> 324
193 -> 195
175 -> 179
151 -> 153
156 -> 167
419 -> 419
334 -> 334
260 -> 260
204 -> 207
396 -> 397
31 -> 31
288 -> 288
410 -> 410
164 -> 167
404 -> 410
128 -> 129
2 -> 13
199 -> 199
192 -> 195
99 -> 100
137 -> 137
347 -> 347
97 -> 98
25 -> 25
290 -> 290
205 -> 207
284 -> 284
253 -> 256
103 -> 104
136 -> 136
242 -> 248
329 -> 329
177 -> 179
7 -> 13
152 -> 153
112 -> 112
363 -> 375
276 -> 276
315 -> 315
203 -> 203
168 -> 168
220 -> 220
332 -> 334
79 -> 80
273 -> 276
143 -> 144
296 -> 296
206 -> 207
211 -> 212
375 -> 375
387 -> 397
307 -> 307
116 -> 116
306 -> 306
65 -> 66
261 -> 264
230 -> 233
239 -> 239
82 -> 82
302 -> 303
0 -> 13
391 -> 397
41 -> 41
291 -> 291
210 -> 212
392 -> 397
295 -> 296
121 -> 129
269 -> 272
88 -> 88
197 -> 199
27 -> 27
172 -> 172
18 -> 18
135 -> 135
81 -> 82
409 -> 410
378 -> 383
373 -> 375
325 -> 325
212 -> 212
13 -> 13
346 -> 346
1 -> 13
353 -> 353
336 -> 337
141 -> 141
87 -> 88
323 -> 324
73 -> 74
420 -> 13
338 -> 340
236 -> 239
170 -> 171
287 -> 288
134 -> 134
66 -> 66
58 -> 58
293 -> 293
16 -> 17
95 -> 96
271 -> 272
69 -> 70
377 -> 383
281 -> 282
21 -> 21
359 -> 359
254 -> 256
182 -> 183
9 -> 13
401 -> 410
167 -> 167
92 -> 92
398 -> 410
119 -> 119
45 -> 45
159 -> 167
256 -> 256
191 -> 191
48 -> 48
246 -> 248
173 -> 174
408 -> 410
154 -> 167
55 -> 56
198 -> 199
104 -> 104
317 -> 317
46 -> 47
28 -> 28
130 -> 130
376 -> 383
17 -> 17
257 -> 260
405 -> 410
4 -> 13
10 -> 13
355 -> 355
282 -> 282
304 -> 304
240 -> 248
213 -> 216
184 -> 187
19 -> 19
300 -> 301
279 -> 279
35 -> 36
270 -> 272
166 -> 167
226 -> 228
258 -> 260
133 -> 133
42 -> 44
162 -> 167
414 -> 414
20 -> 21
386 -> 397
102 -> 102
101 -> 102
189 -> 191
381 -> 383
91 -> 92
333 -> 334
247 -> 248
89 -> 90
56 -> 56
403 -> 410
52 -> 52
109 -> 109
5 -> 13
194 -> 195
44 -> 44
34 -> 34
265 -> 268
94 -> 94
111 -> 112
354 -> 355
217 -> 220
160 -> 167
127 -> 129
309 -> 309
343 -> 344
330 -> 330
341 -> 342
289 -> 290
71 -> 72
59 -> 60
418 -> 419
140 -> 140
15 -> 15
129 -> 129
362 -> 362
209 -> 212
142 -> 144
318 -> 319
274 -> 276
67 -> 68
262 -> 264
394 -> 397
36 -> 36
292 -> 292
38 -> 38
245 -> 248
238 -> 239
144 -> 144
395 -> 397
356 -> 356
413 -> 413
255 -> 256
179 -> 179
352 -> 352
200 -> 203
339 -> 340
393 -> 397
349 -> 350
24 -> 25
294 -> 294
218 -> 220
64 -> 64
319 -> 319
367 -> 375
407 -> 410
380 -> 383
231 -> 233
113 -> 113
77 -> 78
219 -> 220
190 -> 191
223 -> 224
215 -> 216
358 -> 358
327 -> 327
146 -> 146
305 -> 305
268 -> 268
384 -> 384
366 -> 375
60 -> 60
68 -> 68
93 -> 94
342 -> 342
98 -> 98
303 -> 303
163 -> 167
340 -> 340
379 -> 383
33 -> 33
328 -> 329
76 -> 76
84 -> 84
74 -> 74
37 -> 37
62 -> 62
118 -> 118
57 -> 58
158 -> 167
417 -> 419
235 -> 239
132 -> 132
208 -> 212
153 -> 153
233 -> 233
63 -> 64
96 -> 96
383 -> 383
374 -> 375
23 -> 23
120 -> 120
382 -> 383
312 -> 312
145 -> 145
365 -> 375
40 -> 41
32 -> 32
314 -> 314
72 -> 72
147 -> 147
402 -> 410
250 -> 252
400 -> 410
107 -> 108
83 -> 84
389 -> 397
222 -> 224
26 -> 26
126 -> 129
225 -> 228
106 -> 106
86 -> 86
224 -> 224
350 -> 350
360 -> 361
411 -> 412
241 -> 248
372 -> 375
244 -> 248
275 -> 276
412 -> 412
331 -> 334
385 -> 397
30 -> 30
310 -> 310
249 -> 252
110 -> 110
390 -> 397
280 -> 282
117 -> 117
139 -> 139
272 -> 272
285 -> 285
416 -> 419
22 -> 22
149 -> 153
237 -> 239
228 -> 228
186 -> 187
361 -> 361
368 -> 375
388 -> 397
277 -> 278
348 -> 348
286 -> 288
201 -> 203
297 -> 297
29 -> 29
351 -> 351
299 -> 299
188 -> 191
39 -> 41
174 -> 174
263 -> 264
227 -> 228
313 -> 314
54 -> 54
14 -> 14
216 -> 216
6 -> 13
90 -> 90
8 -> 13
148 -> 148
100 -> 100
259 -> 260
232 -> 233
308 -> 309
252 -> 252
344 -> 344
49 -> 50
214 -> 216
125 -> 129
114 -> 114
399 -> 410
123 -> 129
185 -> 187
326 -> 326
264 -> 264
364 -> 375
181 -> 183
183 -> 183
