0 -> 13
3 -> 13
4 -> 13
5 -> 13
6 -> 13
7 -> 13
9 -> 13
10 -> 13
11 -> 13
16 -> 17
18 -> 18
20 -> 21
23 -> 23
25 -> 25
26 -> 26
28 -> 28
29 -> 29
32 -> 32
33 -> 33
37 -> 37
38 -> 38
40 -> 41
41 -> 41
43 -> 44
45 -> 45
46 -> 47
48 -> 48
52 -> 52
53 -> 54
54 -> 54
56 -> 56
58 -> 58
59 -> 60
60 -> 60
61 -> 62
65 -> 66
67 -> 68
69 -> 70
70 -> 70
73 -> 74
74 -> 74
78 -> 78
79 -> 80
80 -> 80
82 -> 82
86 -> 86
89 -> 90
92 -> 92
96 -> 96
97 -> 98
99 -> 100
100 -> 100
105 -> 106
106 -> 106
107 -> 108
110 -> 110
111 -> 112
112 -> 112
114 -> 114
115 -> 116
116 -> 116
123 -> 129
130 -> 130
133 -> 133
138 -> 139
139 -> 139
140 -> 140
142 -> 144
143 -> 144
144 -> 144
145 -> 145
146 -> 146
149 -> 153
150 -> 153
154 -> 167
158 -> 167
159 -> 167
160 -> 167
161 -> 167
162 -> 167
165 -> 167
167 -> 167
172 -> 172
173 -> 174
175 -> 179
176 -> 179
179 -> 179
180 -> 183
182 -> 183
183 -> 183
184 -> 187
185 -> 187
187 -> 187
188 -> 191
190 -> 191
200 -> 203
207 -> 207
214 -> 216
215 -> 216
216 -> 216
218 -> 220
221 -> 224
222 -> 224
223 -> 224
224 -> 224
225 -> 228
227 -> 228
228 -> 228
229 -> 233
230 -> 233
233 -> 233
238 -> 239
239 -> 239
244 -> 248
248 -> 248
250 -> 252
251 -> 252
252 -> 252
254 -> 256
258 -> 260
261 -> 264
265 -> 268
267 -> 268
269 -> 272
272 -> 272
274 -> 276
276 -> 276
278 -> 278
279 -> 279
280 -> 282
281 -> 282
282 -> 282
284 -> 284
285 -> 285
286 -> 288
287 -> 288
288 -> 288
289 -> 290
290 -> 290
291 -> 291
292 -> 292
295 -> 296
297 -> 297
298 -> 299
299 -> 299
302 -> 303
310 -> 310
311 -> 311
312 -> 312
313 -> 314
314 -> 314
316 -> 316
320 -> 320
321 -> 321
322 -> 322
323 -> 324
325 -> 325
326 -> 326
327 -> 327
328 -> 329
329 -> 329
331 -> 334
332 -> 334
335 -> 337
336 -> 337
338 -> 340
340 -> 340
342 -> 342
343 -> 344
345 -> 346
346 -> 346
349 -> 350
350 -> 350
351 -> 351
352 -> 352
357 -> 358
358 -> 358
359 -> 359
360 -> 361
361 -> 361
363 -> 375
364 -> 375
365 -> 375
366 -> 375
369 -> 375
372 -> 375
374 -> 375
375 -> 375
376 -> 383
377 -> 383
379 -> 383
381 -> 383
382 -> 383
383 -> 383
384 -> 384
387 -> 397
388 -> 397
389 -> 397
391 -> 397
394 -> 397
401 -> 410
402 -> 410
403 -> 410
405 -> 410
406 -> 410
407 -> 410
409 -> 410
412 -> 412
417 -> 419
418 -> 419
