3 -> 13
16 -> 17
20 -> 21
23 -> 23
25 -> 25
29 -> 29
32 -> 32
37 -> 37
40 -> 41
45 -> 45
48 -> 48
59 -> 60
60 -> 60
69 -> 70
70 -> 70
79 -> 80
80 -> 80
82 -> 82
86 -> 86
96 -> 96
99 -> 100
105 -> 106
107 -> 108
110 -> 110
111 -> 112
112 -> 112
116 -> 116
123 -> 129
133 -> 133
146 -> 146
161 -> 167
165 -> 167
173 -> 174
175 -> 179
180 -> 183
184 -> 187
185 -> 187
187 -> 187
188 -> 191
214 -> 216
218 -> 220
221 -> 224
223 -> 224
229 -> 233
238 -> 239
239 -> 239
248 -> 248
250 -> 252
251 -> 252
265 -> 268
272 -> 272
279 -> 279
281 -> 282
284 -> 284
287 -> 288
297 -> 297
298 -> 299
299 -> 299
302 -> 303
320 -> 320
321 -> 321
322 -> 322
323 -> 324
325 -> 325
329 -> 329
335 -> 337
345 -> 346
359 -> 359
363 -> 375
364 -> 375
366 -> 375
369 -> 375
375 -> 375
377 -> 383
379 -> 383
383 -> 383
384 -> 384
387 -> 397
388 -> 397
391 -> 397
401 -> 410
403 -> 410
406 -> 410
412 -> 412
