272 -> 272
69 -> 70
145 -> 145
285 -> 285
115 -> 116
45 -> 45
290 -> 290
405 -> 410
389 -> 397
110 -> 110
342 -> 342
359 -> 359
190 -> 191
343 -> 344
100 -> 100
150 -> 153
41 -> 41
172 -> 172
265 -> 268
82 -> 82
5 -> 13
322 -> 322
144 -> 144
361 -> 361
25 -> 25
326 -> 326
53 -> 54
105 -> 106
18 -> 18
336 -> 337
379 -> 383
26 -> 26
4 -> 13
351 -> 351
402 -> 410
180 -> 183
382 -> 383
381 -> 383
185 -> 187
43 -> 44
332 -> 334
167 -> 167
218 -> 220
188 -> 191
295 -> 296
286 -> 288
116 -> 116
287 -> 288
58 -> 58
329 -> 329
418 -> 419
165 -> 167
250 -> 252
20 -> 21
162 -> 167
29 -> 29
143 -> 144
269 -> 272
346 -> 346
312 -> 312
3 -> 13
313 -> 314
92 -> 92
391 -> 397
251 -> 252
325 -> 325
258 -> 260
274 -> 276
59 -> 60
387 -> 397
187 -> 187
200 -> 203
52 -> 52
228 -> 228
10 -> 13
384 -> 384
383 -> 383
363 -> 375
281 -> 282
33 -> 33
238 -> 239
338 -> 340
173 -> 174
327 -> 327
366 -> 375
73 -> 74
214 -> 216
345 -> 346
401 -> 410
223 -> 224
176 -> 179
54 -> 54
372 -> 375
207 -> 207
248 -> 248
146 -> 146
311 -> 311
357 -> 358
320 -> 320
106 -> 106
179 -> 179
284 -> 284
417 -> 419
46 -> 47
40 -> 41
11 -> 13
279 -> 279
142 -> 144
60 -> 60
291 -> 291
184 -> 187
130 -> 130
407 -> 410
221 -> 224
0 -> 13
288 -> 288
140 -> 140
299 -> 299
349 -> 350
222 -> 224
6 -> 13
321 -> 321
406 -> 410
335 -> 337
9 -> 13
239 -> 239
314 -> 314
323 -> 324
388 -> 397
111 -> 112
316 -> 316
28 -> 28
23 -> 23
7 -> 13
61 -> 62
96 -> 96
364 -> 375
412 -> 412
310 -> 310
149 -> 153
216 -> 216
360 -> 361
86 -> 86
350 -> 350
183 -> 183
376 -> 383
261 -> 264
89 -> 90
289 -> 290
369 -> 375
114 -> 114
227 -> 228
374 -> 375
79 -> 80
244 -> 248
276 -> 276
112 -> 112
225 -> 228
375 -> 375
99 -> 100
56 -> 56
358 -> 358
297 -> 297
252 -> 252
233 -> 233
230 -> 233
331 -> 334
139 -> 139
365 -> 375
340 -> 340
80 -> 80
298 -> 299
78 -> 78
282 -> 282
38 -> 38
377 -> 383
278 -> 278
403 -> 410
328 -> 329
182 -> 183
229 -> 233
175 -> 179
16 -> 17
215 -> 216
158 -> 167
65 -> 66
32 -> 32
48 -> 48
97 -> 98
107 -> 108
302 -> 303
280 -> 282
133 -> 133
267 -> 268
292 -> 292
123 -> 129
352 -> 352
224 -> 224
154 -> 167
37 -> 37
160 -> 167
409 -> 410
161 -> 167
394 -> 397
67 -> 68
159 -> 167
254 -> 256
74 -> 74
138 -> 139
70 -> 70
