320 -> 320
99 -> 100
139 -> 139
292 -> 292
377 -> 383
207 -> 207
160 -> 167
149 -> 153
4 -> 13
363 -> 375
267 -> 268
140 -> 140
214 -> 216
289 -> 290
111 -> 112
82 -> 82
60 -> 60
26 -> 26
291 -> 291
41 -> 41
302 -> 303
357 -> 358
239 -> 239
365 -> 375
233 -> 233
403 -> 410
190 -> 191
349 -> 350
402 -> 410
358 -> 358
158 -> 167
383 -> 383
258 -> 260
175 -> 179
374 -> 375
228 -> 228
369 -> 375
325 -> 325
45 -> 45
252 -> 252
350 -> 350
46 -> 47
110 -> 110
364 -> 375
290 -> 290
73 -> 74
284 -> 284
295 -> 296
33 -> 33
382 -> 383
154 -> 167
65 -> 66
227 -> 228
417 -> 419
248 -> 248
123 -> 129
351 -> 351
145 -> 145
86 -> 86
331 -> 334
329 -> 329
278 -> 278
352 -> 352
107 -> 108
216 -> 216
376 -> 383
58 -> 58
97 -> 98
389 -> 397
53 -> 54
167 -> 167
61 -> 62
335 -> 337
285 -> 285
80 -> 80
406 -> 410
359 -> 359
138 -> 139
183 -> 183
288 -> 288
316 -> 316
3 -> 13
391 -> 397
150 -> 153
282 -> 282
59 -> 60
180 -> 183
43 -> 44
297 -> 297
332 -> 334
162 -> 167
286 -> 288
32 -> 32
173 -> 174
184 -> 187
25 -> 25
105 -> 106
187 -> 187
401 -> 410
112 -> 112
161 -> 167
409 -> 410
40 -> 41
100 -> 100
143 -> 144
388 -> 397
29 -> 29
360 -> 361
265 -> 268
311 -> 311
165 -> 167
387 -> 397
321 -> 321
144 -> 144
215 -> 216
69 -> 70
7 -> 13
70 -> 70
176 -> 179
54 -> 54
276 -> 276
280 -> 282
218 -> 220
405 -> 410
188 -> 191
279 -> 279
182 -> 183
16 -> 17
74 -> 74
298 -> 299
79 -> 80
10 -> 13
52 -> 52
146 -> 146
221 -> 224
106 -> 106
375 -> 375
116 -> 116
407 -> 410
78 -> 78
185 -> 187
327 -> 327
274 -> 276
92 -> 92
269 -> 272
361 -> 361
223 -> 224
314 -> 314
336 -> 337
159 -> 167
9 -> 13
328 -> 329
224 -> 224
130 -> 130
251 -> 252
323 -> 324
366 -> 375
48 -> 48
229 -> 233
28 -> 28
310 -> 310
250 -> 252
96 -> 96
18 -> 18
67 -> 68
340 -> 340
222 -> 224
346 -> 346
312 -> 312
38 -> 38
133 -> 133
272 -> 272
261 -> 264
179 -> 179
6 -> 13
20 -> 21
281 -> 282
345 -> 346
254 -> 256
11 -> 13
384 -> 384
23 -> 23
313 -> 314
379 -> 383
0 -> 13
412 -> 412
5 -> 13
326 -> 326
418 -> 419
37 -> 37
287 -> 288
299 -> 299
89 -> 90
114 -> 114
338 -> 340
394 -> 397
322 -> 322
381 -> 383
238 -> 239
230 -> 233
200 -> 203
244 -> 248
115 -> 116
56 -> 56
225 -> 228
172 -> 172
372 -> 375
343 -> 344
142 -> 144
342 -> 342
