335 -> 337
133 -> 133
265 -> 268
329 -> 329
359 -> 359
105 -> 106
401 -> 410
387 -> 397
32 -> 32
379 -> 383
279 -> 279
299 -> 299
23 -> 23
298 -> 299
364 -> 375
383 -> 383
25 -> 25
248 -> 248
229 -> 233
45 -> 45
175 -> 179
281 -> 282
112 -> 112
238 -> 239
146 -> 146
3 -> 13
377 -> 383
96 -> 96
302 -> 303
384 -> 384
250 -> 252
345 -> 346
165 -> 167
320 -> 320
16 -> 17
187 -> 187
70 -> 70
412 -> 412
82 -> 82
107 -> 108
111 -> 112
363 -> 375
321 -> 321
375 -> 375
185 -> 187
325 -> 325
391 -> 397
272 -> 272
323 -> 324
86 -> 86
161 -> 167
99 -> 100
284 -> 284
403 -> 410
69 -> 70
369 -> 375
287 -> 288
20 -> 21
110 -> 110
223 -> 224
239 -> 239
29 -> 29
60 -> 60
79 -> 80
123 -> 129
322 -> 322
297 -> 297
116 -> 116
218 -> 220
173 -> 174
37 -> 37
184 -> 187
188 -> 191
59 -> 60
80 -> 80
40 -> 41
251 -> 252
214 -> 216
48 -> 48
180 -> 183
221 -> 224
388 -> 397
366 -> 375
406 -> 410
