366 -> 375
320 -> 320
108 -> 108
68 -> 68
170 -> 171
316 -> 316
296 -> 296
76 -> 76
181 -> 183
185 -> 187
419 -> 419
281 -> 282
314 -> 314
196 -> 199
217 -> 220
371 -> 375
171 -> 171
2 -> 13
184 -> 187
379 -> 383
213 -> 216
221 -> 224
305 -> 305
73 -> 74
180 -> 183
376 -> 383
11 -> 13
190 -> 191
220 -> 220
128 -> 129
207 -> 207
64 -> 64
127 -> 129
386 -> 397
404 -> 410
159 -> 167
132 -> 132
198 -> 199
358 -> 358
153 -> 153
307 -> 307
202 -> 203
123 -> 129
218 -> 220
129 -> 129
240 -> 248
361 -> 361
104 -> 104
14 -> 14
410 -> 410
144 -> 144
269 -> 272
223 -> 224
285 -> 285
345 -> 346
228 -> 228
266 -> 268
210 -> 212
253 -> 256
72 -> 72
275 -> 276
302 -> 303
309 -> 309
94 -> 94
88 -> 88
139 -> 139
57 -> 58
167 -> 167
267 -> 268
35 -> 36
417 -> 419
380 -> 383
142 -> 144
313 -> 314
102 -> 102
59 -> 60
87 -> 88
359 -> 359
265 -> 268
251 -> 252
156 -> 167
287 -> 288
6 -> 13
192 -> 195
113 -> 113
370 -> 375
43 -> 44
329 -> 329
8 -> 13
9 -> 13
197 -> 199
237 -> 239
17 -> 17
143 -> 144
257 -> 260
112 -> 112
226 -> 228
83 -> 84
55 -> 56
262 -> 264
160 -> 167
3 -> 13
90 -> 90
16 -> 17
93 -> 94
242 -> 248
283 -> 284
95 -> 96
111 -> 112
30 -> 30
416 -> 419
312 -> 312
1 -> 13
261 -> 264
339 -> 340
120 -> 120
331 -> 334
245 -> 248
317 -> 317
187 -> 187
295 -> 296
51 -> 52
373 -> 375
284 -> 284
227 -> 228
33 -> 33
20 -> 21
399 -> 410
148 -> 148
15 -> 15
246 -> 248
298 -> 299
58 -> 58
234 -> 239
119 -> 119
286 -> 288
105 -> 106
77 -> 78
244 -> 248
212 -> 212
101 -> 102
45 -> 45
390 -> 397
362 -> 362
372 -> 375
297 -> 297
290 -> 290
389 -> 397
387 -> 397
321 -> 321
178 -> 179
194 -> 195
110 -> 110
66 -> 66
70 -> 70
154 -> 167
315 -> 315
195 -> 195
310 -> 310
19 -> 19
209 -> 212
413 -> 413
398 -> 410
383 -> 383
103 -> 104
347 -> 347
166 -> 167
23 -> 23
271 -> 272
272 -> 272
175 -> 179
355 -> 355
40 -> 41
338 -> 340
356 -> 356
48 -> 48
277 -> 278
236 -> 239
343 -> 344
177 -> 179
231 -> 233
98 -> 98
75 -> 76
369 -> 375
161 -> 167
168 -> 168
12 -> 13
18 -> 18
140 -> 140
233 -> 233
60 -> 60
99 -> 100
360 -> 361
274 -> 276
255 -> 256
299 -> 299
138 -> 139
243 -> 248
41 -> 41
81 -> 82
61 -> 62
141 -> 141
354 -> 355
44 -> 44
172 -> 172
326 -> 326
342 -> 342
155 -> 167
293 -> 293
135 -> 135
182 -> 183
126 -> 129
163 -> 167
375 -> 375
344 -> 344
216 -> 216
353 -> 353
46 -> 47
334 -> 334
414 -> 414
350 -> 350
311 -> 311
300 -> 301
96 -> 96
39 -> 41
27 -> 27
249 -> 252
401 -> 410
53 -> 54
34 -> 34
85 -> 86
152 -> 153
145 -> 145
306 -> 306
367 -> 375
235 -> 239
137 -> 137
352 -> 352
147 -> 147
292 -> 292
406 -> 410
42 -> 44
7 -> 13
260 -> 260
291 -> 291
86 -> 86
188 -> 191
106 -> 106
394 -> 397
232 -> 233
65 -> 66
146 -> 146
239 -> 239
92 -> 92
247 -> 248
377 -> 383
256 -> 256
13 -> 13
165 -> 167
420 -> 13
348 -> 348
357 -> 358
115 -> 116
201 -> 203
397 -> 397
22 -> 22
186 -> 187
219 -> 220
230 -> 233
294 -> 294
150 -> 153
56 -> 56
384 -> 384
340 -> 340
130 -> 130
392 -> 397
158 -> 167
278 -> 278
67 -> 68
276 -> 276
301 -> 301
391 -> 397
133 -> 133
151 -> 153
330 -> 330
37 -> 37
134 -> 134
254 -> 256
107 -> 108
47 -> 47
268 -> 268
176 -> 179
412 -> 412
25 -> 25
415 -> 415
50 -> 50
204 -> 207
121 -> 129
395 -> 397
263 -> 264
323 -> 324
118 -> 118
174 -> 174
270 -> 272
328 -> 329
333 -> 334
365 -> 375
327 -> 327
405 -> 410
109 -> 109
122 -> 129
117 -> 117
368 -> 375
319 -> 319
400 -> 410
225 -> 228
169 -> 169
252 -> 252
332 -> 334
403 -> 410
183 -> 183
124 -> 129
136 -> 136
100 -> 100
324 -> 324
114 -> 114
325 -> 325
63 -> 64
32 -> 32
84 -> 84
200 -> 203
89 -> 90
10 -> 13
78 -> 78
62 -> 62
248 -> 248
288 -> 288
322 -> 322
69 -> 70
378 -> 383
203 -> 203
382 -> 383
162 -> 167
337 -> 337
418 -> 419
71 -> 72
131 -> 132
408 -> 410
97 -> 98
215 -> 216
179 -> 179
363 -> 375
164 -> 167
393 -> 397
279 -> 279
273 -> 276
388 -> 397
308 -> 309
318 -> 319
374 -> 375
264 -> 264
193 -> 195
402 -> 410
238 -> 239
336 -> 337
224 -> 224
280 -> 282
21 -> 21
74 -> 74
289 -> 290
381 -> 383
335 -> 337
52 -> 52
409 -> 410
4 -> 13
211 -> 212
385 -> 397
351 -> 351
303 -> 303
173 -> 174
304 -> 304
0 -> 13
54 -> 54
349 -> 350
28 -> 28
38 -> 38
282 -> 282
26 -> 26
222 -> 224
79 -> 80
91 -> 92
191 -> 191
214 -> 216
205 -> 207
364 -> 375
258 -> 260
206 -> 207
396 -> 397
49 -> 50
189 -> 191
259 -> 260
250 -> 252
208 -> 212
149 -> 153
229 -> 233
29 -> 29
411 -> 412
407 -> 410
241 -> 248
24 -> 25
5 -> 13
199 -> 199
31 -> 31
36 -> 36
125 -> 129
80 -> 80
157 -> 167
346 -> 346
116 -> 116
341 -> 342
82 -> 82
