0 -> 13
1 -> 13
2 -> 13
3 -> 13
4 -> 13
5 -> 13
6 -> 13
7 -> 13
8 -> 13
9 -> 13
10 -> 13
11 -> 13
12 -> 13
13 -> 13
14 -> 14
15 -> 15
16 -> 17
17 -> 17
18 -> 18
19 -> 19
20 -> 21
21 -> 21
22 -> 22
23 -> 23
24 -> 25
25 -> 25
26 -> 26
27 -> 27
28 -> 28
29 -> 29
30 -> 30
31 -> 31
32 -> 32
33 -> 33
34 -> 34
35 -> 36
36 -> 36
37 -> 37
38 -> 38
39 -> 41
40 -> 41
41 -> 41
42 -> 44
43 -> 44
44 -> 44
45 -> 45
46 -> 47
47 -> 47
48 -> 48
49 -> 50
50 -> 50
51 -> 52
52 -> 52
53 -> 54
54 -> 54
55 -> 56
56 -> 56
57 -> 58
58 -> 58
59 -> 60
60 -> 60
61 -> 62
62 -> 62
63 -> 64
64 -> 64
65 -> 66
66 -> 66
67 -> 68
68 -> 68
69 -> 70
70 -> 70
71 -> 72
72 -> 72
73 -> 74
74 -> 74
75 -> 76
76 -> 76
77 -> 78
78 -> 78
79 -> 80
80 -> 80
81 -> 82
82 -> 82
83 -> 84
84 -> 84
85 -> 86
86 -> 86
87 -> 88
88 -> 88
89 -> 90
90 -> 90
91 -> 92
92 -> 92
93 -> 94
94 -> 94
95 -> 96
96 -> 96
97 -> 98
98 -> 98
99 -> 100
100 -> 100
101 -> 102
102 -> 102
103 -> 104
104 -> 104
105 -> 106
106 -> 106
107 -> 108
108 -> 108
109 -> 109
110 -> 110
111 -> 112
112 -> 112
113 -> 113
114 -> 114
115 -> 116
116 -> 116
117 -> 117
118 -> 118
119 -> 119
120 -> 120
121 -> 129
122 -> 129
123 -> 129
124 -> 129
125 -> 129
126 -> 129
127 -> 129
128 -> 129
129 -> 129
130 -> 130
131 -> 132
132 -> 132
133 -> 133
134 -> 134
135 -> 135
136 -> 136
137 -> 137
138 -> 139
139 -> 139
140 -> 140
141 -> 141
142 -> 144
143 -> 144
144 -> 144
145 -> 145
146 -> 146
147 -> 147
148 -> 148
149 -> 153
150 -> 153
151 -> 153
152 -> 153
153 -> 153
154 -> 167
155 -> 167
156 -> 167
157 -> 167
158 -> 167
159 -> 167
160 -> 167
161 -> 167
162 -> 167
163 -> 167
164 -> 167
165 -> 167
166 -> 167
167 -> 167
168 -> 168
169 -> 169
170 -> 171
171 -> 171
172 -> 172
173 -> 174
174 -> 174
175 -> 179
176 -> 179
177 -> 179
178 -> 179
179 -> 179
180 -> 183
181 -> 183
182 -> 183
183 -> 183
184 -> 187
185 -> 187
186 -> 187
187 -> 187
188 -> 191
189 -> 191
190 -> 191
191 -> 191
192 -> 195
193 -> 195
194 -> 195
195 -> 195
196 -> 199
197 -> 199
198 -> 199
199 -> 199
200 -> 203
201 -> 203
202 -> 203
203 -> 203
204 -> 207
205 -> 207
206 -> 207
207 -> 207
208 -> 212
209 -> 212
210 -> 212
211 -> 212
212 -> 212
213 -> 216
214 -> 216
215 -> 216
216 -> 216
217 -> 220
218 -> 220
219 -> 220
220 -> 220
221 -> 224
222 -> 224
223 -> 224
224 -> 224
225 -> 228
226 -> 228
227 -> 228
228 -> 228
229 -> 233
230 -> 233
231 -> 233
232 -> 233
233 -> 233
234 -> 239
235 -> 239
236 -> 239
237 -> 239
238 -> 239
239 -> 239
240 -> 248
241 -> 248
242 -> 248
243 -> 248
244 -> 248
245 -> 248
246 -> 248
247 -> 248
248 -> 248
249 -> 252
250 -> 252
251 -> 252
252 -> 252
253 -> 256
254 -> 256
255 -> 256
256 -> 256
257 -> 260
258 -> 260
259 -> 260
260 -> 260
261 -> 264
262 -> 264
263 -> 264
264 -> 264
265 -> 268
266 -> 268
267 -> 268
268 -> 268
269 -> 272
270 -> 272
271 -> 272
272 -> 272
273 -> 276
274 -> 276
275 -> 276
276 -> 276
277 -> 278
278 -> 278
279 -> 279
280 -> 282
281 -> 282
282 -> 282
283 -> 284
284 -> 284
285 -> 285
286 -> 288
287 -> 288
288 -> 288
289 -> 290
290 -> 290
291 -> 291
292 -> 292
293 -> 293
294 -> 294
295 -> 296
296 -> 296
297 -> 297
298 -> 299
299 -> 299
300 -> 301
301 -> 301
302 -> 303
303 -> 303
304 -> 304
305 -> 305
306 -> 306
307 -> 307
308 -> 309
309 -> 309
310 -> 310
311 -> 311
312 -> 312
313 -> 314
314 -> 314
315 -> 315
316 -> 316
317 -> 317
318 -> 319
319 -> 319
320 -> 320
321 -> 321
322 -> 322
323 -> 324
324 -> 324
325 -> 325
326 -> 326
327 -> 327
328 -> 329
329 -> 329
330 -> 330
331 -> 334
332 -> 334
333 -> 334
334 -> 334
335 -> 337
336 -> 337
337 -> 337
338 -> 340
339 -> 340
340 -> 340
341 -> 342
342 -> 342
343 -> 344
344 -> 344
345 -> 346
346 -> 346
347 -> 347
348 -> 348
349 -> 350
350 -> 350
351 -> 351
352 -> 352
353 -> 353
354 -> 355
355 -> 355
356 -> 356
357 -> 358
358 -> 358
359 -> 359
360 -> 361
361 -> 361
362 -> 362
363 -> 375
364 -> 375
365 -> 375
366 -> 375
367 -> 375
368 -> 375
369 -> 375
370 -> 375
371 -> 375
372 -> 375
373 -> 375
374 -> 375
375 -> 375
376 -> 383
377 -> 383
378 -> 383
379 -> 383
380 -> 383
381 -> 383
382 -> 383
383 -> 383
384 -> 384
385 -> 397
386 -> 397
387 -> 397
388 -> 397
389 -> 397
390 -> 397
391 -> 397
392 -> 397
393 -> 397
394 -> 397
395 -> 397
396 -> 397
397 -> 397
398 -> 410
399 -> 410
400 -> 410
401 -> 410
402 -> 410
403 -> 410
404 -> 410
405 -> 410
406 -> 410
407 -> 410
408 -> 410
409 -> 410
410 -> 410
411 -> 412
412 -> 412
413 -> 413
414 -> 414
415 -> 415
416 -> 419
417 -> 419
418 -> 419
419 -> 419
420 -> 13
