311 -> 311
399 -> 410
53 -> 54
278 -> 278
176 -> 179
364 -> 375
248 -> 248
78 -> 78
293 -> 293
178 -> 179
243 -> 248
299 -> 299
99 -> 100
177 -> 179
166 -> 167
181 -> 183
388 -> 397
273 -> 276
67 -> 68
210 -> 212
321 -> 321
10 -> 13
156 -> 167
108 -> 108
109 -> 109
333 -> 334
207 -> 207
413 -> 413
179 -> 179
31 -> 31
288 -> 288
160 -> 167
281 -> 282
96 -> 96
145 -> 145
127 -> 129
174 -> 174
317 -> 317
29 -> 29
336 -> 337
323 -> 324
378 -> 383
224 -> 224
387 -> 397
15 -> 15
371 -> 375
408 -> 410
70 -> 70
5 -> 13
393 -> 397
344 -> 344
62 -> 62
382 -> 383
189 -> 191
40 -> 41
97 -> 98
304 -> 304
260 -> 260
366 -> 375
338 -> 340
84 -> 84
83 -> 84
286 -> 288
118 -> 118
337 -> 337
60 -> 60
385 -> 397
218 -> 220
329 -> 329
258 -> 260
400 -> 410
1 -> 13
92 -> 92
239 -> 239
259 -> 260
214 -> 216
199 -> 199
94 -> 94
193 -> 195
246 -> 248
365 -> 375
21 -> 21
146 -> 146
309 -> 309
116 -> 116
261 -> 264
374 -> 375
111 -> 112
208 -> 212
49 -> 50
271 -> 272
185 -> 187
377 -> 383
363 -> 375
346 -> 346
202 -> 203
330 -> 330
325 -> 325
212 -> 212
162 -> 167
187 -> 187
136 -> 136
151 -> 153
237 -> 239
332 -> 334
384 -> 384
123 -> 129
416 -> 419
227 -> 228
256 -> 256
0 -> 13
391 -> 397
169 -> 169
362 -> 362
383 -> 383
133 -> 133
46 -> 47
63 -> 64
379 -> 383
250 -> 252
11 -> 13
331 -> 334
223 -> 224
19 -> 19
126 -> 129
254 -> 256
52 -> 52
167 -> 167
206 -> 207
130 -> 130
405 -> 410
392 -> 397
81 -> 82
95 -> 96
33 -> 33
140 -> 140
200 -> 203
128 -> 129
24 -> 25
82 -> 82
381 -> 383
289 -> 290
403 -> 410
417 -> 419
312 -> 312
354 -> 355
282 -> 282
275 -> 276
340 -> 340
357 -> 358
42 -> 44
389 -> 397
351 -> 351
396 -> 397
86 -> 86
314 -> 314
195 -> 195
132 -> 132
100 -> 100
283 -> 284
411 -> 412
390 -> 397
131 -> 132
61 -> 62
79 -> 80
124 -> 129
415 -> 415
36 -> 36
88 -> 88
350 -> 350
13 -> 13
372 -> 375
43 -> 44
170 -> 171
398 -> 410
28 -> 28
190 -> 191
228 -> 228
158 -> 167
414 -> 414
225 -> 228
51 -> 52
12 -> 13
121 -> 129
65 -> 66
152 -> 153
168 -> 168
71 -> 72
35 -> 36
6 -> 13
139 -> 139
77 -> 78
54 -> 54
32 -> 32
147 -> 147
409 -> 410
143 -> 144
397 -> 397
301 -> 301
296 -> 296
16 -> 17
74 -> 74
4 -> 13
229 -> 233
245 -> 248
353 -> 353
205 -> 207
142 -> 144
85 -> 86
324 -> 324
183 -> 183
110 -> 110
50 -> 50
292 -> 292
153 -> 153
295 -> 296
41 -> 41
257 -> 260
262 -> 264
342 -> 342
234 -> 239
27 -> 27
380 -> 383
307 -> 307
360 -> 361
213 -> 216
361 -> 361
306 -> 306
287 -> 288
135 -> 135
180 -> 183
216 -> 216
303 -> 303
184 -> 187
219 -> 220
80 -> 80
291 -> 291
154 -> 167
113 -> 113
98 -> 98
290 -> 290
150 -> 153
59 -> 60
240 -> 248
343 -> 344
235 -> 239
369 -> 375
120 -> 120
316 -> 316
56 -> 56
232 -> 233
30 -> 30
252 -> 252
58 -> 58
265 -> 268
242 -> 248
272 -> 272
267 -> 268
64 -> 64
209 -> 212
34 -> 34
386 -> 397
347 -> 347
308 -> 309
194 -> 195
45 -> 45
215 -> 216
358 -> 358
313 -> 314
196 -> 199
144 -> 144
191 -> 191
404 -> 410
395 -> 397
318 -> 319
73 -> 74
420 -> 13
294 -> 294
280 -> 282
55 -> 56
284 -> 284
222 -> 224
93 -> 94
87 -> 88
89 -> 90
197 -> 199
368 -> 375
138 -> 139
149 -> 153
192 -> 195
298 -> 299
394 -> 397
72 -> 72
266 -> 268
339 -> 340
418 -> 419
48 -> 48
2 -> 13
161 -> 167
186 -> 187
129 -> 129
203 -> 203
157 -> 167
326 -> 326
119 -> 119
367 -> 375
204 -> 207
91 -> 92
297 -> 297
9 -> 13
349 -> 350
355 -> 355
407 -> 410
315 -> 315
406 -> 410
335 -> 337
26 -> 26
270 -> 272
322 -> 322
23 -> 23
247 -> 248
244 -> 248
8 -> 13
221 -> 224
25 -> 25
230 -> 233
22 -> 22
57 -> 58
402 -> 410
102 -> 102
115 -> 116
341 -> 342
18 -> 18
20 -> 21
7 -> 13
105 -> 106
103 -> 104
276 -> 276
76 -> 76
17 -> 17
319 -> 319
148 -> 148
172 -> 172
155 -> 167
279 -> 279
300 -> 301
268 -> 268
305 -> 305
334 -> 334
401 -> 410
310 -> 310
182 -> 183
68 -> 68
263 -> 264
419 -> 419
122 -> 129
37 -> 37
233 -> 233
75 -> 76
328 -> 329
134 -> 134
141 -> 141
269 -> 272
370 -> 375
106 -> 106
373 -> 375
171 -> 171
198 -> 199
285 -> 285
188 -> 191
163 -> 167
226 -> 228
164 -> 167
376 -> 383
251 -> 252
101 -> 102
90 -> 90
117 -> 117
104 -> 104
348 -> 348
359 -> 359
217 -> 220
264 -> 264
375 -> 375
320 -> 320
274 -> 276
302 -> 303
173 -> 174
44 -> 44
327 -> 327
112 -> 112
201 -> 203
137 -> 137
277 -> 278
211 -> 212
352 -> 352
125 -> 129
220 -> 220
69 -> 70
410 -> 410
38 -> 38
47 -> 47
238 -> 239
249 -> 252
356 -> 356
255 -> 256
14 -> 14
175 -> 179
241 -> 248
3 -> 13
412 -> 412
66 -> 66
39 -> 41
345 -> 346
114 -> 114
231 -> 233
107 -> 108
253 -> 256
165 -> 167
159 -> 167
236 -> 239
