388 -> 397
133 -> 133
123 -> 129
406 -> 410
239 -> 239
188 -> 191
107 -> 108
299 -> 299
161 -> 167
23 -> 23
20 -> 21
96 -> 96
175 -> 179
184 -> 187
369 -> 375
383 -> 383
359 -> 359
284 -> 284
387 -> 397
287 -> 288
221 -> 224
281 -> 282
165 -> 167
329 -> 329
298 -> 299
379 -> 383
251 -> 252
412 -> 412
297 -> 297
69 -> 70
403 -> 410
105 -> 106
80 -> 80
173 -> 174
82 -> 82
323 -> 324
29 -> 29
272 -> 272
99 -> 100
229 -> 233
401 -> 410
185 -> 187
321 -> 321
248 -> 248
79 -> 80
45 -> 45
218 -> 220
214 -> 216
59 -> 60
180 -> 183
366 -> 375
322 -> 322
375 -> 375
112 -> 112
146 -> 146
302 -> 303
320 -> 320
116 -> 116
279 -> 279
223 -> 224
60 -> 60
111 -> 112
110 -> 110
364 -> 375
70 -> 70
86 -> 86
25 -> 25
40 -> 41
363 -> 375
238 -> 239
32 -> 32
265 -> 268
335 -> 337
250 -> 252
187 -> 187
391 -> 397
16 -> 17
3 -> 13
384 -> 384
325 -> 325
48 -> 48
345 -> 346
37 -> 37
377 -> 383
