Breakpoint Set at 20
Breakpoint Set at 32
Breakpoint Set at 212
Breakpoint Set at 190
Breakpoint Set at 328
Breakpoint Set at 91
Breakpoint Set at 242
Breakpoint Set at 231
Breakpoint Set at 311
Breakpoint Set at 61
Breakpoint Set at 254
Breakpoint Set at 43
Breakpoint Set at 142
Breakpoint Set at 275
Breakpoint Set at 333
Breakpoint Set at 350
Breakpoint Set at 340
Breakpoint Set at 25
Breakpoint Set at 63
Breakpoint Set at 226
Breakpoint Set at 71
Breakpoint Set at 318
Breakpoint Set at 159
Breakpoint Set at 26
Breakpoint Set at 155
Breakpoint Set at 152
Breakpoint Set at 78
Breakpoint Set at 280
Breakpoint Set at 305
Breakpoint Set at 104
Breakpoint Set at 287
Breakpoint Set at 245
Breakpoint Set at 253
Breakpoint Set at 197
Breakpoint Set at 27
Paused at 20
	Hit Breakpoint(s) 
	Call Stack:  
	Bindings: 
Paused at 275
	Hit Breakpoint(s) 
	Call Stack: Init 
	Bindings: CubeSize: number = 20
		i: undefined
		j: undefined
		sum: undefined
		vector: undefined
Paused at 280
	Hit Breakpoint(s) 
	Call Stack: Init 
	Bindings: CubeSize: number = 20
		i: undefined
		j: undefined
		sum: undefined
		vector: undefined
Paused at 281
	Call Stack: Init 
	Bindings: CubeSize: number = 20
		i: undefined
		j: undefined
		sum: undefined
		vector: undefined
Paused at 282
	Call Stack: Init 
	Bindings: CubeSize: number = 20
		i: undefined
		j: undefined
		sum: undefined
		vector: undefined
Paused at 287
	Hit Breakpoint(s) 
	Call Stack: Init 
	Bindings: CubeSize: number = 20
		i: undefined
		j: undefined
		sum: undefined
		vector: undefined
Paused at 305
	Hit Breakpoint(s) 
	Call Stack: Init 
	Bindings: CubeSize: number = 20
		i: undefined
		j: undefined
		sum: undefined
		vector: undefined
Paused at 308
	Call Stack: Init 
	Bindings: CubeSize: number = 20
		i: undefined
		j: undefined
		sum: undefined
		vector: undefined
Paused at 311
	Call Stack: Init 
	Bindings: CubeSize: number = 20
		i: undefined
		j: undefined
		sum: undefined
		vector: undefined
Paused at 311
	Hit Breakpoint(s) 
	Call Stack: Init 
	Bindings: CubeSize: number = 20
		i: undefined
		j: undefined
		sum: undefined
		vector: undefined
Paused at 91
	Hit Breakpoint(s) 
	Call Stack: CalcNormal, Init 
	Bindings: A: array
		B: array
		i: number = 3
		Length: undefined
		V0: array
		V1: array
		V2: array
Paused at 78
	Hit Breakpoint(s) 
	Call Stack: CalcCross, CalcNormal, Init 
	Bindings: Cross: undefined
		V0: array
		V1: array
Paused at 91
	Hit Breakpoint(s) 
	Call Stack: CalcNormal, Init 
	Bindings: A: array
		B: array
		i: number = 3
		Length: undefined
		V0: array
		V1: array
		V2: array
Paused at 78
	Call Stack: CalcCross, CalcNormal, Init 
	Bindings: Cross: undefined
		V0: array
		V1: array
Paused at 78
	Hit Breakpoint(s) 
	Call Stack: CalcCross, CalcNormal, Init 
	Bindings: Cross: undefined
		V0: array
		V1: array
Paused at 83
	Call Stack: CalcCross, CalcNormal, Init 
	Bindings: Cross: array
		V0: array
		V1: array
Paused at 92
	Call Stack: CalcNormal, Init 
	Bindings: A: array
		B: array
		i: number = 3
		Length: undefined
		V0: array
		V1: array
		V2: array
Paused at 96
	Call Stack: CalcNormal, Init 
	Bindings: A: array
		B: array
		i: number = 3
		Length: number = 1600
		V0: array
		V1: array
		V2: array
Paused at 91
	Hit Breakpoint(s) 
	Call Stack: CalcNormal, Init 
	Bindings: A: array
		B: array
		i: number = 3
		Length: undefined
		V0: array
		V1: array
		V2: array
Paused at 78
	Hit Breakpoint(s) 
	Call Stack: CalcCross, CalcNormal, Init 
	Bindings: Cross: undefined
		V0: array
		V1: array
Paused at 91
	Hit Breakpoint(s) 
	Call Stack: CalcNormal, Init 
	Bindings: A: array
		B: array
		i: number = 3
		Length: undefined
		V0: array
		V1: array
		V2: array
Paused at 78
	Hit Breakpoint(s) 
	Call Stack: CalcCross, CalcNormal, Init 
	Bindings: Cross: undefined
		V0: array
		V1: array
Paused at 91
	Hit Breakpoint(s) 
	Call Stack: CalcNormal, Init 
	Bindings: A: array
		B: array
		i: number = 3
		Length: undefined
		V0: array
		V1: array
		V2: array
Paused at 78
	Hit Breakpoint(s) 
	Call Stack: CalcCross, CalcNormal, Init 
	Bindings: Cross: undefined
		V0: array
		V1: array
Paused at 79
	Call Stack: CalcCross, CalcNormal, Init 
	Bindings: Cross: array
		V0: array
		V1: array
Paused at 91
	Hit Breakpoint(s) 
	Call Stack: CalcNormal, Init 
	Bindings: A: array
		B: array
		i: number = 3
		Length: undefined
		V0: array
		V1: array
		V2: array
Paused at 78
	Call Stack: CalcCross, CalcNormal, Init 
	Bindings: Cross: undefined
		V0: array
		V1: array
Paused at 79
	Call Stack: CalcCross, CalcNormal, Init 
	Bindings: Cross: array
		V0: array
		V1: array
Paused at 318
	Hit Breakpoint(s) 
	Call Stack: Init 
	Bindings: CubeSize: number = 20
		i: number = 6
		j: undefined
		sum: undefined
		vector: undefined
Paused at 142
	Hit Breakpoint(s) 
	Call Stack: Translate, Init 
	Bindings: Dx: number = 150
		Dy: number = 150
		Dz: number = 20
		M: array
		T: undefined
Paused at 104
	Hit Breakpoint(s) 
	Call Stack: MMulti, Translate, Init 
	Bindings: i: undefined
		j: undefined
		M: undefined
		M1: array
		M2: array
Paused at 104
	Hit Breakpoint(s) 
	Call Stack: MMulti, Init 
	Bindings: i: undefined
		j: undefined
		M: undefined
		M1: array
		M2: array
Paused at 112
	Call Stack: MMulti, Init 
	Bindings: i: number = 4
		j: number = 4
		M: array
		M1: array
		M2: array
Paused at 324
	Call Stack: Init 
	Bindings: CubeSize: number = 20
		i: number = 360
		j: undefined
		sum: undefined
		vector: undefined
Paused at 325
	Call Stack: Init 
	Bindings: CubeSize: number = 20
		i: number = 0
		j: undefined
		sum: undefined
		vector: undefined
Paused at 326
	Call Stack: Init 
	Bindings: CubeSize: number = 20
		i: number = 0
		j: undefined
		sum: undefined
		vector: undefined
Paused at 116
	Call Stack: VMulti, Init 
	Bindings: i: undefined
		M: array
		V: array
		Vect: undefined
Paused at 120
	Call Stack: VMulti, Init 
	Bindings: i: number = 4
		M: array
		V: array
		Vect: array
Paused at 325
	Call Stack: Init 
	Bindings: CubeSize: number = 20
		i: number = 0
		j: undefined
		sum: undefined
		vector: undefined
Paused at 328
	Hit Breakpoint(s) 
	Call Stack: Init 
	Bindings: CubeSize: number = 20
		i: number = 9
		j: undefined
		sum: undefined
		vector: undefined
Paused at 197
	Hit Breakpoint(s) 
	Call Stack: DrawQube, Init 
	Bindings: CurN: array
		i: number = 5
Paused at 198
	Call Stack: DrawQube, Init 
	Bindings: CurN: array
		i: number = 5
Paused at 212
	Hit Breakpoint(s) 
	Call Stack: DrawQube, Init 
	Bindings: CurN: array
		i: number = -1
Paused at 25
	Hit Breakpoint(s) 
	Call Stack: DrawLine, DrawQube, Init 
	Bindings: Den: undefined
		dx: undefined
		dy: undefined
		From: object
		i: undefined
		IncX1: undefined
		IncX2: undefined
		IncY1: undefined
		IncY2: undefined
		Num: undefined
		NumAdd: undefined
		NumPix: undefined
		To: object
		x: undefined
		x1: undefined
		x2: undefined
		y: undefined
		y1: undefined
		y2: undefined
Paused at 26
	Hit Breakpoint(s) 
	Call Stack: DrawLine, DrawQube, Init 
	Bindings: Den: undefined
		dx: undefined
		dy: undefined
		From: object
		i: undefined
		IncX1: undefined
		IncX2: undefined
		IncY1: undefined
		IncY2: undefined
		Num: undefined
		NumAdd: undefined
		NumPix: undefined
		To: object
		x: undefined
		x1: number = 130
		x2: undefined
		y: undefined
		y1: undefined
		y2: undefined
Paused at 27
	Call Stack: DrawLine, DrawQube, Init 
	Bindings: Den: undefined
		dx: undefined
		dy: undefined
		From: object
		i: undefined
		IncX1: undefined
		IncX2: undefined
		IncY1: undefined
		IncY2: undefined
		Num: undefined
		NumAdd: undefined
		NumPix: undefined
		To: object
		x: undefined
		x1: number = 130
		x2: number = 130
		y: undefined
		y1: undefined
		y2: undefined
Paused at 27
	Hit Breakpoint(s) 
	Call Stack: DrawLine, DrawQube, Init 
	Bindings: Den: undefined
		dx: undefined
		dy: undefined
		From: object
		i: undefined
		IncX1: undefined
		IncX2: undefined
		IncY1: undefined
		IncY2: undefined
		Num: undefined
		NumAdd: undefined
		NumPix: undefined
		To: object
		x: undefined
		x1: number = 130
		x2: number = 130
		y: undefined
		y1: undefined
		y2: undefined
Paused at 32
	Hit Breakpoint(s) 
	Call Stack: DrawLine, DrawQube, Init 
	Bindings: Den: undefined
		dx: number = 0
		dy: number = 40
		From: object
		i: undefined
		IncX1: undefined
		IncX2: undefined
		IncY1: undefined
		IncY2: undefined
		Num: undefined
		NumAdd: undefined
		NumPix: undefined
		To: object
		x: number = 130
		x1: number = 130
		x2: number = 130
		y: undefined
		y1: number = 130
		y2: number = 170
Paused at 40
	Call Stack: DrawLine, DrawQube, Init 
	Bindings: Den: undefined
		dx: number = 0
		dy: number = 40
		From: object
		i: undefined
		IncX1: undefined
		IncX2: undefined
		IncY1: undefined
		IncY2: undefined
		Num: undefined
		NumAdd: undefined
		NumPix: undefined
		To: object
		x: number = 130
		x1: number = 130
		x2: number = 130
		y: number = 130
		y1: number = 130
		y2: number = 170
Paused at 42
	Call Stack: DrawLine, DrawQube, Init 
	Bindings: Den: undefined
		dx: number = 0
		dy: number = 40
		From: object
		i: undefined
		IncX1: number = 1
		IncX2: number = 1
		IncY1: undefined
		IncY2: undefined
		Num: undefined
		NumAdd: undefined
		NumPix: undefined
		To: object
		x: number = 130
		x1: number = 130
		x2: number = 130
		y: number = 130
		y1: number = 130
		y2: number = 170
Paused at 44
	Call Stack: DrawLine, DrawQube, Init 
	Bindings: Den: undefined
		dx: number = 0
		dy: number = 40
		From: object
		i: undefined
		IncX1: number = 1
		IncX2: number = 1
		IncY1: number = 1
		IncY2: number = 1
		Num: undefined
		NumAdd: undefined
		NumPix: undefined
		To: object
		x: number = 130
		x1: number = 130
		x2: number = 130
		y: number = 130
		y1: number = 130
		y2: number = 170
Paused at 53
	Call Stack: DrawLine, DrawQube, Init 
	Bindings: Den: undefined
		dx: number = 0
		dy: number = 40
		From: object
		i: undefined
		IncX1: number = 1
		IncX2: number = 1
		IncY1: number = 1
		IncY2: number = 1
		Num: undefined
		NumAdd: undefined
		NumPix: undefined
		To: object
		x: number = 130
		x1: number = 130
		x2: number = 130
		y: number = 130
		y1: number = 130
		y2: number = 170
Paused at 61
	Hit Breakpoint(s) 
	Call Stack: DrawLine, DrawQube, Init 
	Bindings: Den: number = 40
		dx: number = 0
		dy: number = 40
		From: object
		i: undefined
		IncX1: number = 1
		IncX2: number = 0
		IncY1: number = 0
		IncY2: number = 1
		Num: number = 20
		NumAdd: number = 0
		NumPix: number = 40
		To: object
		x: number = 130
		x1: number = 130
		x2: number = 130
		y: number = 130
		y1: number = 130
		y2: number = 170
Paused at 63
	Call Stack: DrawLine, DrawQube, Init 
	Bindings: Den: number = 40
		dx: number = 0
		dy: number = 40
		From: object
		i: undefined
		IncX1: number = 1
		IncX2: number = 0
		IncY1: number = 0
		IncY2: number = 1
		Num: number = 20
		NumAdd: number = 0
		NumPix: number = 40
		To: object
		x: number = 130
		x1: number = 130
		x2: number = 130
		y: number = 130
		y1: number = 130
		y2: number = 170
Paused at 63
	Hit Breakpoint(s) 
	Call Stack: DrawLine, DrawQube, Init 
	Bindings: Den: number = 40
		dx: number = 0
		dy: number = 40
		From: object
		i: undefined
		IncX1: number = 1
		IncX2: number = 0
		IncY1: number = 0
		IncY2: number = 1
		Num: number = 20
		NumAdd: number = 0
		NumPix: number = 40
		To: object
		x: number = 130
		x1: number = 130
		x2: number = 130
		y: number = 130
		y1: number = 130
		y2: number = 170
Paused at 71
	Hit Breakpoint(s) 
	Call Stack: DrawLine, DrawQube, Init 
	Bindings: Den: number = 40
		dx: number = 0
		dy: number = 40
		From: object
		i: number = 0
		IncX1: number = 1
		IncX2: number = 0
		IncY1: number = 0
		IncY2: number = 1
		Num: number = 20
		NumAdd: number = 0
		NumPix: number = 40
		To: object
		x: number = 130
		x1: number = 130
		x2: number = 130
		y: number = 130
		y1: number = 130
		y2: number = 170
Paused at 71
	Hit Breakpoint(s) 
	Call Stack: DrawLine, DrawQube, Init 
	Bindings: Den: number = 40
		dx: number = 0
		dy: number = 40
		From: object
		i: number = 1
		IncX1: number = 1
		IncX2: number = 0
		IncY1: number = 0
		IncY2: number = 1
		Num: number = 20
		NumAdd: number = 0
		NumPix: number = 40
		To: object
		x: number = 130
		x1: number = 130
		x2: number = 130
		y: number = 131
		y1: number = 130
		y2: number = 170
Paused at 72
	Call Stack: DrawLine, DrawQube, Init 
	Bindings: Den: number = 40
		dx: number = 0
		dy: number = 40
		From: object
		i: number = 1
		IncX1: number = 1
		IncX2: number = 0
		IncY1: number = 0
		IncY2: number = 1
		Num: number = 20
		NumAdd: number = 0
		NumPix: number = 40
		To: object
		x: number = 130
		x1: number = 130
		x2: number = 130
		y: number = 131
		y1: number = 130
		y2: number = 170
Paused at 64
	Call Stack: DrawLine, DrawQube, Init 
	Bindings: Den: number = 40
		dx: number = 0
		dy: number = 40
		From: object
		i: number = 1
		IncX1: number = 1
		IncX2: number = 0
		IncY1: number = 0
		IncY2: number = 1
		Num: number = 20
		NumAdd: number = 0
		NumPix: number = 40
		To: object
		x: number = 130
		x1: number = 130
		x2: number = 130
		y: number = 132
		y1: number = 130
		y2: number = 170
Paused at 65
	Call Stack: DrawLine, DrawQube, Init 
	Bindings: Den: number = 40
		dx: number = 0
		dy: number = 40
		From: object
		i: number = 2
		IncX1: number = 1
		IncX2: number = 0
		IncY1: number = 0
		IncY2: number = 1
		Num: number = 20
		NumAdd: number = 0
		NumPix: number = 40
		To: object
		x: number = 130
		x1: number = 130
		x2: number = 130
		y: number = 132
		y1: number = 130
		y2: number = 170
Paused at 66
	Call Stack: DrawLine, DrawQube, Init 
	Bindings: Den: number = 40
		dx: number = 0
		dy: number = 40
		From: object
		i: number = 2
		IncX1: number = 1
		IncX2: number = 0
		IncY1: number = 0
		IncY2: number = 1
		Num: number = 20
		NumAdd: number = 0
		NumPix: number = 40
		To: object
		x: number = 130
		x1: number = 130
		x2: number = 130
		y: number = 132
		y1: number = 130
		y2: number = 170
Paused at 71
	Call Stack: DrawLine, DrawQube, Init 
	Bindings: Den: number = 40
		dx: number = 0
		dy: number = 40
		From: object
		i: number = 2
		IncX1: number = 1
		IncX2: number = 0
		IncY1: number = 0
		IncY2: number = 1
		Num: number = 20
		NumAdd: number = 0
		NumPix: number = 40
		To: object
		x: number = 130
		x1: number = 130
		x2: number = 130
		y: number = 132
		y1: number = 130
		y2: number = 170
Paused at 72
	Call Stack: DrawLine, DrawQube, Init 
	Bindings: Den: number = 40
		dx: number = 0
		dy: number = 40
		From: object
		i: number = 2
		IncX1: number = 1
		IncX2: number = 0
		IncY1: number = 0
		IncY2: number = 1
		Num: number = 20
		NumAdd: number = 0
		NumPix: number = 40
		To: object
		x: number = 130
		x1: number = 130
		x2: number = 130
		y: number = 132
		y1: number = 130
		y2: number = 170
Paused at 64
	Call Stack: DrawLine, DrawQube, Init 
	Bindings: Den: number = 40
		dx: number = 0
		dy: number = 40
		From: object
		i: number = 2
		IncX1: number = 1
		IncX2: number = 0
		IncY1: number = 0
		IncY2: number = 1
		Num: number = 20
		NumAdd: number = 0
		NumPix: number = 40
		To: object
		x: number = 130
		x1: number = 130
		x2: number = 130
		y: number = 133
		y1: number = 130
		y2: number = 170
Paused at 71
	Hit Breakpoint(s) 
	Call Stack: DrawLine, DrawQube, Init 
	Bindings: Den: number = 40
		dx: number = 0
		dy: number = 40
		From: object
		i: number = 3
		IncX1: number = 1
		IncX2: number = 0
		IncY1: number = 0
		IncY2: number = 1
		Num: number = 20
		NumAdd: number = 0
		NumPix: number = 40
		To: object
		x: number = 130
		x1: number = 130
		x2: number = 130
		y: number = 133
		y1: number = 130
		y2: number = 170
Paused at 72
	Call Stack: DrawLine, DrawQube, Init 
	Bindings: Den: number = 40
		dx: number = 0
		dy: number = 40
		From: object
		i: number = 3
		IncX1: number = 1
		IncX2: number = 0
		IncY1: number = 0
		IncY2: number = 1
		Num: number = 20
		NumAdd: number = 0
		NumPix: number = 40
		To: object
		x: number = 130
		x1: number = 130
		x2: number = 130
		y: number = 133
		y1: number = 130
		y2: number = 170
Paused at 71
	Hit Breakpoint(s) 
	Call Stack: DrawLine, DrawQube, Init 
	Bindings: Den: number = 40
		dx: number = 0
		dy: number = 40
		From: object
		i: number = 4
		IncX1: number = 1
		IncX2: number = 0
		IncY1: number = 0
		IncY2: number = 1
		Num: number = 20
		NumAdd: number = 0
		NumPix: number = 40
		To: object
		x: number = 130
		x1: number = 130
		x2: number = 130
		y: number = 134
		y1: number = 130
		y2: number = 170
Paused at 71
	Hit Breakpoint(s) 
	Call Stack: DrawLine, DrawQube, Init 
	Bindings: Den: number = 40
		dx: number = 0
		dy: number = 40
		From: object
		i: number = 5
		IncX1: number = 1
		IncX2: number = 0
		IncY1: number = 0
		IncY2: number = 1
		Num: number = 20
		NumAdd: number = 0
		NumPix: number = 40
		To: object
		x: number = 130
		x1: number = 130
		x2: number = 130
		y: number = 135
		y1: number = 130
		y2: number = 170
Paused at 72
	Call Stack: DrawLine, DrawQube, Init 
	Bindings: Den: number = 40
		dx: number = 0
		dy: number = 40
		From: object
		i: number = 5
		IncX1: number = 1
		IncX2: number = 0
		IncY1: number = 0
		IncY2: number = 1
		Num: number = 20
		NumAdd: number = 0
		NumPix: number = 40
		To: object
		x: number = 130
		x1: number = 130
		x2: number = 130
		y: number = 135
		y1: number = 130
		y2: number = 170
Paused at 71
	Hit Breakpoint(s) 
	Call Stack: DrawLine, DrawQube, Init 
	Bindings: Den: number = 40
		dx: number = 0
		dy: number = 40
		From: object
		i: number = 6
		IncX1: number = 1
		IncX2: number = 0
		IncY1: number = 0
		IncY2: number = 1
		Num: number = 20
		NumAdd: number = 0
		NumPix: number = 40
		To: object
		x: number = 130
		x1: number = 130
		x2: number = 130
		y: number = 136
		y1: number = 130
		y2: number = 170
Paused at 71
	Hit Breakpoint(s) 
	Call Stack: DrawLine, DrawQube, Init 
	Bindings: Den: number = 40
		dx: number = 0
		dy: number = 40
		From: object
		i: number = 7
		IncX1: number = 1
		IncX2: number = 0
		IncY1: number = 0
		IncY2: number = 1
		Num: number = 20
		NumAdd: number = 0
		NumPix: number = 40
		To: object
		x: number = 130
		x1: number = 130
		x2: number = 130
		y: number = 137
		y1: number = 130
		y2: number = 170
Paused at 72
	Call Stack: DrawLine, DrawQube, Init 
	Bindings: Den: number = 40
		dx: number = 0
		dy: number = 40
		From: object
		i: number = 7
		IncX1: number = 1
		IncX2: number = 0
		IncY1: number = 0
		IncY2: number = 1
		Num: number = 20
		NumAdd: number = 0
		NumPix: number = 40
		To: object
		x: number = 130
		x1: number = 130
		x2: number = 130
		y: number = 137
		y1: number = 130
		y2: number = 170
Paused at 71
	Hit Breakpoint(s) 
	Call Stack: DrawLine, DrawQube, Init 
	Bindings: Den: number = 40
		dx: number = 0
		dy: number = 40
		From: object
		i: number = 8
		IncX1: number = 1
		IncX2: number = 0
		IncY1: number = 0
		IncY2: number = 1
		Num: number = 20
		NumAdd: number = 0
		NumPix: number = 40
		To: object
		x: number = 130
		x1: number = 130
		x2: number = 130
		y: number = 138
		y1: number = 130
		y2: number = 170
Paused at 71
	Hit Breakpoint(s) 
	Call Stack: DrawLine, DrawQube, Init 
	Bindings: Den: number = 40
		dx: number = 0
		dy: number = 40
		From: object
		i: number = 9
		IncX1: number = 1
		IncX2: number = 0
		IncY1: number = 0
		IncY2: number = 1
		Num: number = 20
		NumAdd: number = 0
		NumPix: number = 40
		To: object
		x: number = 130
		x1: number = 130
		x2: number = 130
		y: number = 139
		y1: number = 130
		y2: number = 170
Paused at 72
	Call Stack: DrawLine, DrawQube, Init 
	Bindings: Den: number = 40
		dx: number = 0
		dy: number = 40
		From: object
		i: number = 9
		IncX1: number = 1
		IncX2: number = 0
		IncY1: number = 0
		IncY2: number = 1
		Num: number = 20
		NumAdd: number = 0
		NumPix: number = 40
		To: object
		x: number = 130
		x1: number = 130
		x2: number = 130
		y: number = 139
		y1: number = 130
		y2: number = 170
Paused at 71
	Hit Breakpoint(s) 
	Call Stack: DrawLine, DrawQube, Init 
	Bindings: Den: number = 40
		dx: number = 0
		dy: number = 40
		From: object
		i: number = 10
		IncX1: number = 1
		IncX2: number = 0
		IncY1: number = 0
		IncY2: number = 1
		Num: number = 20
		NumAdd: number = 0
		NumPix: number = 40
		To: object
		x: number = 130
		x1: number = 130
		x2: number = 130
		y: number = 140
		y1: number = 130
		y2: number = 170
Paused at 71
	Hit Breakpoint(s) 
	Call Stack: DrawLine, DrawQube, Init 
	Bindings: Den: number = 40
		dx: number = 0
		dy: number = 40
		From: object
		i: number = 11
		IncX1: number = 1
		IncX2: number = 0
		IncY1: number = 0
		IncY2: number = 1
		Num: number = 20
		NumAdd: number = 0
		NumPix: number = 40
		To: object
		x: number = 130
		x1: number = 130
		x2: number = 130
		y: number = 141
		y1: number = 130
		y2: number = 170
Paused at 71
	Hit Breakpoint(s) 
	Call Stack: DrawLine, DrawQube, Init 
	Bindings: Den: number = 40
		dx: number = 0
		dy: number = 40
		From: object
		i: number = 12
		IncX1: number = 1
		IncX2: number = 0
		IncY1: number = 0
		IncY2: number = 1
		Num: number = 20
		NumAdd: number = 0
		NumPix: number = 40
		To: object
		x: number = 130
		x1: number = 130
		x2: number = 130
		y: number = 142
		y1: number = 130
		y2: number = 170
Paused at 71
	Hit Breakpoint(s) 
	Call Stack: DrawLine, DrawQube, Init 
	Bindings: Den: number = 40
		dx: number = 0
		dy: number = 40
		From: object
		i: number = 13
		IncX1: number = 1
		IncX2: number = 0
		IncY1: number = 0
		IncY2: number = 1
		Num: number = 20
		NumAdd: number = 0
		NumPix: number = 40
		To: object
		x: number = 130
		x1: number = 130
		x2: number = 130
		y: number = 143
		y1: number = 130
		y2: number = 170
Paused at 72
	Call Stack: DrawLine, DrawQube, Init 
	Bindings: Den: number = 40
		dx: number = 0
		dy: number = 40
		From: object
		i: number = 13
		IncX1: number = 1
		IncX2: number = 0
		IncY1: number = 0
		IncY2: number = 1
		Num: number = 20
		NumAdd: number = 0
		NumPix: number = 40
		To: object
		x: number = 130
		x1: number = 130
		x2: number = 130
		y: number = 143
		y1: number = 130
		y2: number = 170
Paused at 64
	Call Stack: DrawLine, DrawQube, Init 
	Bindings: Den: number = 40
		dx: number = 0
		dy: number = 40
		From: object
		i: number = 13
		IncX1: number = 1
		IncX2: number = 0
		IncY1: number = 0
		IncY2: number = 1
		Num: number = 20
		NumAdd: number = 0
		NumPix: number = 40
		To: object
		x: number = 130
		x1: number = 130
		x2: number = 130
		y: number = 144
		y1: number = 130
		y2: number = 170
Paused at 65
	Call Stack: DrawLine, DrawQube, Init 
	Bindings: Den: number = 40
		dx: number = 0
		dy: number = 40
		From: object
		i: number = 14
		IncX1: number = 1
		IncX2: number = 0
		IncY1: number = 0
		IncY2: number = 1
		Num: number = 20
		NumAdd: number = 0
		NumPix: number = 40
		To: object
		x: number = 130
		x1: number = 130
		x2: number = 130
		y: number = 144
		y1: number = 130
		y2: number = 170
Paused at 66
	Call Stack: DrawLine, DrawQube, Init 
	Bindings: Den: number = 40
		dx: number = 0
		dy: number = 40
		From: object
		i: number = 14
		IncX1: number = 1
		IncX2: number = 0
		IncY1: number = 0
		IncY2: number = 1
		Num: number = 20
		NumAdd: number = 0
		NumPix: number = 40
		To: object
		x: number = 130
		x1: number = 130
		x2: number = 130
		y: number = 144
		y1: number = 130
		y2: number = 170
Paused at 71
	Hit Breakpoint(s) 
	Call Stack: DrawLine, DrawQube, Init 
	Bindings: Den: number = 40
		dx: number = 0
		dy: number = 40
		From: object
		i: number = 14
		IncX1: number = 1
		IncX2: number = 0
		IncY1: number = 0
		IncY2: number = 1
		Num: number = 20
		NumAdd: number = 0
		NumPix: number = 40
		To: object
		x: number = 130
		x1: number = 130
		x2: number = 130
		y: number = 144
		y1: number = 130
		y2: number = 170
Paused at 72
	Call Stack: DrawLine, DrawQube, Init 
	Bindings: Den: number = 40
		dx: number = 0
		dy: number = 40
		From: object
		i: number = 14
		IncX1: number = 1
		IncX2: number = 0
		IncY1: number = 0
		IncY2: number = 1
		Num: number = 20
		NumAdd: number = 0
		NumPix: number = 40
		To: object
		x: number = 130
		x1: number = 130
		x2: number = 130
		y: number = 144
		y1: number = 130
		y2: number = 170
Paused at 71
	Hit Breakpoint(s) 
	Call Stack: DrawLine, DrawQube, Init 
	Bindings: Den: number = 40
		dx: number = 0
		dy: number = 40
		From: object
		i: number = 15
		IncX1: number = 1
		IncX2: number = 0
		IncY1: number = 0
		IncY2: number = 1
		Num: number = 20
		NumAdd: number = 0
		NumPix: number = 40
		To: object
		x: number = 130
		x1: number = 130
		x2: number = 130
		y: number = 145
		y1: number = 130
		y2: number = 170
Paused at 71
	Hit Breakpoint(s) 
	Call Stack: DrawLine, DrawQube, Init 
	Bindings: Den: number = 40
		dx: number = 0
		dy: number = 40
		From: object
		i: number = 16
		IncX1: number = 1
		IncX2: number = 0
		IncY1: number = 0
		IncY2: number = 1
		Num: number = 20
		NumAdd: number = 0
		NumPix: number = 40
		To: object
		x: number = 130
		x1: number = 130
		x2: number = 130
		y: number = 146
		y1: number = 130
		y2: number = 170
Paused at 72
	Call Stack: DrawLine, DrawQube, Init 
	Bindings: Den: number = 40
		dx: number = 0
		dy: number = 40
		From: object
		i: number = 16
		IncX1: number = 1
		IncX2: number = 0
		IncY1: number = 0
		IncY2: number = 1
		Num: number = 20
		NumAdd: number = 0
		NumPix: number = 40
		To: object
		x: number = 130
		x1: number = 130
		x2: number = 130
		y: number = 146
		y1: number = 130
		y2: number = 170
Paused at 64
	Call Stack: DrawLine, DrawQube, Init 
	Bindings: Den: number = 40
		dx: number = 0
		dy: number = 40
		From: object
		i: number = 16
		IncX1: number = 1
		IncX2: number = 0
		IncY1: number = 0
		IncY2: number = 1
		Num: number = 20
		NumAdd: number = 0
		NumPix: number = 40
		To: object
		x: number = 130
		x1: number = 130
		x2: number = 130
		y: number = 147
		y1: number = 130
		y2: number = 170
Paused at 71
	Hit Breakpoint(s) 
	Call Stack: DrawLine, DrawQube, Init 
	Bindings: Den: number = 40
		dx: number = 0
		dy: number = 40
		From: object
		i: number = 17
		IncX1: number = 1
		IncX2: number = 0
		IncY1: number = 0
		IncY2: number = 1
		Num: number = 20
		NumAdd: number = 0
		NumPix: number = 40
		To: object
		x: number = 130
		x1: number = 130
		x2: number = 130
		y: number = 147
		y1: number = 130
		y2: number = 170
Paused at 71
	Hit Breakpoint(s) 
	Call Stack: DrawLine, DrawQube, Init 
	Bindings: Den: number = 40
		dx: number = 0
		dy: number = 40
		From: object
		i: number = 18
		IncX1: number = 1
		IncX2: number = 0
		IncY1: number = 0
		IncY2: number = 1
		Num: number = 20
		NumAdd: number = 0
		NumPix: number = 40
		To: object
		x: number = 130
		x1: number = 130
		x2: number = 130
		y: number = 148
		y1: number = 130
		y2: number = 170
Paused at 72
	Call Stack: DrawLine, DrawQube, Init 
	Bindings: Den: number = 40
		dx: number = 0
		dy: number = 40
		From: object
		i: number = 18
		IncX1: number = 1
		IncX2: number = 0
		IncY1: number = 0
		IncY2: number = 1
		Num: number = 20
		NumAdd: number = 0
		NumPix: number = 40
		To: object
		x: number = 130
		x1: number = 130
		x2: number = 130
		y: number = 148
		y1: number = 130
		y2: number = 170
Paused at 64
	Call Stack: DrawLine, DrawQube, Init 
	Bindings: Den: number = 40
		dx: number = 0
		dy: number = 40
		From: object
		i: number = 18
		IncX1: number = 1
		IncX2: number = 0
		IncY1: number = 0
		IncY2: number = 1
		Num: number = 20
		NumAdd: number = 0
		NumPix: number = 40
		To: object
		x: number = 130
		x1: number = 130
		x2: number = 130
		y: number = 149
		y1: number = 130
		y2: number = 170
Paused at 65
	Call Stack: DrawLine, DrawQube, Init 
	Bindings: Den: number = 40
		dx: number = 0
		dy: number = 40
		From: object
		i: number = 19
		IncX1: number = 1
		IncX2: number = 0
		IncY1: number = 0
		IncY2: number = 1
		Num: number = 20
		NumAdd: number = 0
		NumPix: number = 40
		To: object
		x: number = 130
		x1: number = 130
		x2: number = 130
		y: number = 149
		y1: number = 130
		y2: number = 170
Paused at 71
	Hit Breakpoint(s) 
	Call Stack: DrawLine, DrawQube, Init 
	Bindings: Den: number = 40
		dx: number = 0
		dy: number = 40
		From: object
		i: number = 19
		IncX1: number = 1
		IncX2: number = 0
		IncY1: number = 0
		IncY2: number = 1
		Num: number = 20
		NumAdd: number = 0
		NumPix: number = 40
		To: object
		x: number = 130
		x1: number = 130
		x2: number = 130
		y: number = 149
		y1: number = 130
		y2: number = 170
Paused at 72
	Call Stack: DrawLine, DrawQube, Init 
	Bindings: Den: number = 40
		dx: number = 0
		dy: number = 40
		From: object
		i: number = 19
		IncX1: number = 1
		IncX2: number = 0
		IncY1: number = 0
		IncY2: number = 1
		Num: number = 20
		NumAdd: number = 0
		NumPix: number = 40
		To: object
		x: number = 130
		x1: number = 130
		x2: number = 130
		y: number = 149
		y1: number = 130
		y2: number = 170
Paused at 71
	Hit Breakpoint(s) 
	Call Stack: DrawLine, DrawQube, Init 
	Bindings: Den: number = 40
		dx: number = 0
		dy: number = 40
		From: object
		i: number = 20
		IncX1: number = 1
		IncX2: number = 0
		IncY1: number = 0
		IncY2: number = 1
		Num: number = 20
		NumAdd: number = 0
		NumPix: number = 40
		To: object
		x: number = 130
		x1: number = 130
		x2: number = 130
		y: number = 150
		y1: number = 130
		y2: number = 170
Paused at 72
	Call Stack: DrawLine, DrawQube, Init 
	Bindings: Den: number = 40
		dx: number = 0
		dy: number = 40
		From: object
		i: number = 20
		IncX1: number = 1
		IncX2: number = 0
		IncY1: number = 0
		IncY2: number = 1
		Num: number = 20
		NumAdd: number = 0
		NumPix: number = 40
		To: object
		x: number = 130
		x1: number = 130
		x2: number = 130
		y: number = 150
		y1: number = 130
		y2: number = 170
Paused at 64
	Call Stack: DrawLine, DrawQube, Init 
	Bindings: Den: number = 40
		dx: number = 0
		dy: number = 40
		From: object
		i: number = 20
		IncX1: number = 1
		IncX2: number = 0
		IncY1: number = 0
		IncY2: number = 1
		Num: number = 20
		NumAdd: number = 0
		NumPix: number = 40
		To: object
		x: number = 130
		x1: number = 130
		x2: number = 130
		y: number = 151
		y1: number = 130
		y2: number = 170
Paused at 65
	Call Stack: DrawLine, DrawQube, Init 
	Bindings: Den: number = 40
		dx: number = 0
		dy: number = 40
		From: object
		i: number = 21
		IncX1: number = 1
		IncX2: number = 0
		IncY1: number = 0
		IncY2: number = 1
		Num: number = 20
		NumAdd: number = 0
		NumPix: number = 40
		To: object
		x: number = 130
		x1: number = 130
		x2: number = 130
		y: number = 151
		y1: number = 130
		y2: number = 170
Paused at 71
	Hit Breakpoint(s) 
	Call Stack: DrawLine, DrawQube, Init 
	Bindings: Den: number = 40
		dx: number = 0
		dy: number = 40
		From: object
		i: number = 21
		IncX1: number = 1
		IncX2: number = 0
		IncY1: number = 0
		IncY2: number = 1
		Num: number = 20
		NumAdd: number = 0
		NumPix: number = 40
		To: object
		x: number = 130
		x1: number = 130
		x2: number = 130
		y: number = 151
		y1: number = 130
		y2: number = 170
Paused at 71
	Hit Breakpoint(s) 
	Call Stack: DrawLine, DrawQube, Init 
	Bindings: Den: number = 40
		dx: number = 0
		dy: number = 40
		From: object
		i: number = 22
		IncX1: number = 1
		IncX2: number = 0
		IncY1: number = 0
		IncY2: number = 1
		Num: number = 20
		NumAdd: number = 0
		NumPix: number = 40
		To: object
		x: number = 130
		x1: number = 130
		x2: number = 130
		y: number = 152
		y1: number = 130
		y2: number = 170
Paused at 72
	Call Stack: DrawLine, DrawQube, Init 
	Bindings: Den: number = 40
		dx: number = 0
		dy: number = 40
		From: object
		i: number = 22
		IncX1: number = 1
		IncX2: number = 0
		IncY1: number = 0
		IncY2: number = 1
		Num: number = 20
		NumAdd: number = 0
		NumPix: number = 40
		To: object
		x: number = 130
		x1: number = 130
		x2: number = 130
		y: number = 152
		y1: number = 130
		y2: number = 170
Paused at 71
	Hit Breakpoint(s) 
	Call Stack: DrawLine, DrawQube, Init 
	Bindings: Den: number = 40
		dx: number = 0
		dy: number = 40
		From: object
		i: number = 23
		IncX1: number = 1
		IncX2: number = 0
		IncY1: number = 0
		IncY2: number = 1
		Num: number = 20
		NumAdd: number = 0
		NumPix: number = 40
		To: object
		x: number = 130
		x1: number = 130
		x2: number = 130
		y: number = 153
		y1: number = 130
		y2: number = 170
Paused at 71
	Hit Breakpoint(s) 
	Call Stack: DrawLine, DrawQube, Init 
	Bindings: Den: number = 40
		dx: number = 0
		dy: number = 40
		From: object
		i: number = 24
		IncX1: number = 1
		IncX2: number = 0
		IncY1: number = 0
		IncY2: number = 1
		Num: number = 20
		NumAdd: number = 0
		NumPix: number = 40
		To: object
		x: number = 130
		x1: number = 130
		x2: number = 130
		y: number = 154
		y1: number = 130
		y2: number = 170
Paused at 72
	Call Stack: DrawLine, DrawQube, Init 
	Bindings: Den: number = 40
		dx: number = 0
		dy: number = 40
		From: object
		i: number = 24
		IncX1: number = 1
		IncX2: number = 0
		IncY1: number = 0
		IncY2: number = 1
		Num: number = 20
		NumAdd: number = 0
		NumPix: number = 40
		To: object
		x: number = 130
		x1: number = 130
		x2: number = 130
		y: number = 154
		y1: number = 130
		y2: number = 170
Paused at 64
	Call Stack: DrawLine, DrawQube, Init 
	Bindings: Den: number = 40
		dx: number = 0
		dy: number = 40
		From: object
		i: number = 24
		IncX1: number = 1
		IncX2: number = 0
		IncY1: number = 0
		IncY2: number = 1
		Num: number = 20
		NumAdd: number = 0
		NumPix: number = 40
		To: object
		x: number = 130
		x1: number = 130
		x2: number = 130
		y: number = 155
		y1: number = 130
		y2: number = 170
Paused at 65
	Call Stack: DrawLine, DrawQube, Init 
	Bindings: Den: number = 40
		dx: number = 0
		dy: number = 40
		From: object
		i: number = 25
		IncX1: number = 1
		IncX2: number = 0
		IncY1: number = 0
		IncY2: number = 1
		Num: number = 20
		NumAdd: number = 0
		NumPix: number = 40
		To: object
		x: number = 130
		x1: number = 130
		x2: number = 130
		y: number = 155
		y1: number = 130
		y2: number = 170
Paused at 66
	Call Stack: DrawLine, DrawQube, Init 
	Bindings: Den: number = 40
		dx: number = 0
		dy: number = 40
		From: object
		i: number = 25
		IncX1: number = 1
		IncX2: number = 0
		IncY1: number = 0
		IncY2: number = 1
		Num: number = 20
		NumAdd: number = 0
		NumPix: number = 40
		To: object
		x: number = 130
		x1: number = 130
		x2: number = 130
		y: number = 155
		y1: number = 130
		y2: number = 170
Paused at 71
	Hit Breakpoint(s) 
	Call Stack: DrawLine, DrawQube, Init 
	Bindings: Den: number = 40
		dx: number = 0
		dy: number = 40
		From: object
		i: number = 25
		IncX1: number = 1
		IncX2: number = 0
		IncY1: number = 0
		IncY2: number = 1
		Num: number = 20
		NumAdd: number = 0
		NumPix: number = 40
		To: object
		x: number = 130
		x1: number = 130
		x2: number = 130
		y: number = 155
		y1: number = 130
		y2: number = 170
Paused at 71
	Hit Breakpoint(s) 
	Call Stack: DrawLine, DrawQube, Init 
	Bindings: Den: number = 40
		dx: number = 0
		dy: number = 40
		From: object
		i: number = 26
		IncX1: number = 1
		IncX2: number = 0
		IncY1: number = 0
		IncY2: number = 1
		Num: number = 20
		NumAdd: number = 0
		NumPix: number = 40
		To: object
		x: number = 130
		x1: number = 130
		x2: number = 130
		y: number = 156
		y1: number = 130
		y2: number = 170
Paused at 71
	Hit Breakpoint(s) 
	Call Stack: DrawLine, DrawQube, Init 
	Bindings: Den: number = 40
		dx: number = 0
		dy: number = 40
		From: object
		i: number = 27
		IncX1: number = 1
		IncX2: number = 0
		IncY1: number = 0
		IncY2: number = 1
		Num: number = 20
		NumAdd: number = 0
		NumPix: number = 40
		To: object
		x: number = 130
		x1: number = 130
		x2: number = 130
		y: number = 157
		y1: number = 130
		y2: number = 170
Paused at 71
	Hit Breakpoint(s) 
	Call Stack: DrawLine, DrawQube, Init 
	Bindings: Den: number = 40
		dx: number = 0
		dy: number = 40
		From: object
		i: number = 28
		IncX1: number = 1
		IncX2: number = 0
		IncY1: number = 0
		IncY2: number = 1
		Num: number = 20
		NumAdd: number = 0
		NumPix: number = 40
		To: object
		x: number = 130
		x1: number = 130
		x2: number = 130
		y: number = 158
		y1: number = 130
		y2: number = 170
Paused at 72
	Call Stack: DrawLine, DrawQube, Init 
	Bindings: Den: number = 40
		dx: number = 0
		dy: number = 40
		From: object
		i: number = 28
		IncX1: number = 1
		IncX2: number = 0
		IncY1: number = 0
		IncY2: number = 1
		Num: number = 20
		NumAdd: number = 0
		NumPix: number = 40
		To: object
		x: number = 130
		x1: number = 130
		x2: number = 130
		y: number = 158
		y1: number = 130
		y2: number = 170
Paused at 71
	Hit Breakpoint(s) 
	Call Stack: DrawLine, DrawQube, Init 
	Bindings: Den: number = 40
		dx: number = 0
		dy: number = 40
		From: object
		i: number = 29
		IncX1: number = 1
		IncX2: number = 0
		IncY1: number = 0
		IncY2: number = 1
		Num: number = 20
		NumAdd: number = 0
		NumPix: number = 40
		To: object
		x: number = 130
		x1: number = 130
		x2: number = 130
		y: number = 159
		y1: number = 130
		y2: number = 170
Paused at 71
	Hit Breakpoint(s) 
	Call Stack: DrawLine, DrawQube, Init 
	Bindings: Den: number = 40
		dx: number = 0
		dy: number = 40
		From: object
		i: number = 30
		IncX1: number = 1
		IncX2: number = 0
		IncY1: number = 0
		IncY2: number = 1
		Num: number = 20
		NumAdd: number = 0
		NumPix: number = 40
		To: object
		x: number = 130
		x1: number = 130
		x2: number = 130
		y: number = 160
		y1: number = 130
		y2: number = 170
Paused at 72
	Call Stack: DrawLine, DrawQube, Init 
	Bindings: Den: number = 40
		dx: number = 0
		dy: number = 40
		From: object
		i: number = 30
		IncX1: number = 1
		IncX2: number = 0
		IncY1: number = 0
		IncY2: number = 1
		Num: number = 20
		NumAdd: number = 0
		NumPix: number = 40
		To: object
		x: number = 130
		x1: number = 130
		x2: number = 130
		y: number = 160
		y1: number = 130
		y2: number = 170
Paused at 64
	Call Stack: DrawLine, DrawQube, Init 
	Bindings: Den: number = 40
		dx: number = 0
		dy: number = 40
		From: object
		i: number = 30
		IncX1: number = 1
		IncX2: number = 0
		IncY1: number = 0
		IncY2: number = 1
		Num: number = 20
		NumAdd: number = 0
		NumPix: number = 40
		To: object
		x: number = 130
		x1: number = 130
		x2: number = 130
		y: number = 161
		y1: number = 130
		y2: number = 170
Paused at 65
	Call Stack: DrawLine, DrawQube, Init 
	Bindings: Den: number = 40
		dx: number = 0
		dy: number = 40
		From: object
		i: number = 31
		IncX1: number = 1
		IncX2: number = 0
		IncY1: number = 0
		IncY2: number = 1
		Num: number = 20
		NumAdd: number = 0
		NumPix: number = 40
		To: object
		x: number = 130
		x1: number = 130
		x2: number = 130
		y: number = 161
		y1: number = 130
		y2: number = 170
Paused at 66
	Call Stack: DrawLine, DrawQube, Init 
	Bindings: Den: number = 40
		dx: number = 0
		dy: number = 40
		From: object
		i: number = 31
		IncX1: number = 1
		IncX2: number = 0
		IncY1: number = 0
		IncY2: number = 1
		Num: number = 20
		NumAdd: number = 0
		NumPix: number = 40
		To: object
		x: number = 130
		x1: number = 130
		x2: number = 130
		y: number = 161
		y1: number = 130
		y2: number = 170
Paused at 71
	Hit Breakpoint(s) 
	Call Stack: DrawLine, DrawQube, Init 
	Bindings: Den: number = 40
		dx: number = 0
		dy: number = 40
		From: object
		i: number = 31
		IncX1: number = 1
		IncX2: number = 0
		IncY1: number = 0
		IncY2: number = 1
		Num: number = 20
		NumAdd: number = 0
		NumPix: number = 40
		To: object
		x: number = 130
		x1: number = 130
		x2: number = 130
		y: number = 161
		y1: number = 130
		y2: number = 170
Paused at 71
	Hit Breakpoint(s) 
	Call Stack: DrawLine, DrawQube, Init 
	Bindings: Den: number = 40
		dx: number = 0
		dy: number = 40
		From: object
		i: number = 32
		IncX1: number = 1
		IncX2: number = 0
		IncY1: number = 0
		IncY2: number = 1
		Num: number = 20
		NumAdd: number = 0
		NumPix: number = 40
		To: object
		x: number = 130
		x1: number = 130
		x2: number = 130
		y: number = 162
		y1: number = 130
		y2: number = 170
Paused at 72
	Call Stack: DrawLine, DrawQube, Init 
	Bindings: Den: number = 40
		dx: number = 0
		dy: number = 40
		From: object
		i: number = 32
		IncX1: number = 1
		IncX2: number = 0
		IncY1: number = 0
		IncY2: number = 1
		Num: number = 20
		NumAdd: number = 0
		NumPix: number = 40
		To: object
		x: number = 130
		x1: number = 130
		x2: number = 130
		y: number = 162
		y1: number = 130
		y2: number = 170
Paused at 71
	Hit Breakpoint(s) 
	Call Stack: DrawLine, DrawQube, Init 
	Bindings: Den: number = 40
		dx: number = 0
		dy: number = 40
		From: object
		i: number = 33
		IncX1: number = 1
		IncX2: number = 0
		IncY1: number = 0
		IncY2: number = 1
		Num: number = 20
		NumAdd: number = 0
		NumPix: number = 40
		To: object
		x: number = 130
		x1: number = 130
		x2: number = 130
		y: number = 163
		y1: number = 130
		y2: number = 170
Paused at 72
	Call Stack: DrawLine, DrawQube, Init 
	Bindings: Den: number = 40
		dx: number = 0
		dy: number = 40
		From: object
		i: number = 33
		IncX1: number = 1
		IncX2: number = 0
		IncY1: number = 0
		IncY2: number = 1
		Num: number = 20
		NumAdd: number = 0
		NumPix: number = 40
		To: object
		x: number = 130
		x1: number = 130
		x2: number = 130
		y: number = 163
		y1: number = 130
		y2: number = 170
Paused at 64
	Call Stack: DrawLine, DrawQube, Init 
	Bindings: Den: number = 40
		dx: number = 0
		dy: number = 40
		From: object
		i: number = 33
		IncX1: number = 1
		IncX2: number = 0
		IncY1: number = 0
		IncY2: number = 1
		Num: number = 20
		NumAdd: number = 0
		NumPix: number = 40
		To: object
		x: number = 130
		x1: number = 130
		x2: number = 130
		y: number = 164
		y1: number = 130
		y2: number = 170
Paused at 71
	Hit Breakpoint(s) 
	Call Stack: DrawLine, DrawQube, Init 
	Bindings: Den: number = 40
		dx: number = 0
		dy: number = 40
		From: object
		i: number = 34
		IncX1: number = 1
		IncX2: number = 0
		IncY1: number = 0
		IncY2: number = 1
		Num: number = 20
		NumAdd: number = 0
		NumPix: number = 40
		To: object
		x: number = 130
		x1: number = 130
		x2: number = 130
		y: number = 164
		y1: number = 130
		y2: number = 170
Paused at 72
	Call Stack: DrawLine, DrawQube, Init 
	Bindings: Den: number = 40
		dx: number = 0
		dy: number = 40
		From: object
		i: number = 34
		IncX1: number = 1
		IncX2: number = 0
		IncY1: number = 0
		IncY2: number = 1
		Num: number = 20
		NumAdd: number = 0
		NumPix: number = 40
		To: object
		x: number = 130
		x1: number = 130
		x2: number = 130
		y: number = 164
		y1: number = 130
		y2: number = 170
Paused at 64
	Call Stack: DrawLine, DrawQube, Init 
	Bindings: Den: number = 40
		dx: number = 0
		dy: number = 40
		From: object
		i: number = 34
		IncX1: number = 1
		IncX2: number = 0
		IncY1: number = 0
		IncY2: number = 1
		Num: number = 20
		NumAdd: number = 0
		NumPix: number = 40
		To: object
		x: number = 130
		x1: number = 130
		x2: number = 130
		y: number = 165
		y1: number = 130
		y2: number = 170
Paused at 71
	Hit Breakpoint(s) 
	Call Stack: DrawLine, DrawQube, Init 
	Bindings: Den: number = 40
		dx: number = 0
		dy: number = 40
		From: object
		i: number = 35
		IncX1: number = 1
		IncX2: number = 0
		IncY1: number = 0
		IncY2: number = 1
		Num: number = 20
		NumAdd: number = 0
		NumPix: number = 40
		To: object
		x: number = 130
		x1: number = 130
		x2: number = 130
		y: number = 165
		y1: number = 130
		y2: number = 170
Paused at 72
	Call Stack: DrawLine, DrawQube, Init 
	Bindings: Den: number = 40
		dx: number = 0
		dy: number = 40
		From: object
		i: number = 35
		IncX1: number = 1
		IncX2: number = 0
		IncY1: number = 0
		IncY2: number = 1
		Num: number = 20
		NumAdd: number = 0
		NumPix: number = 40
		To: object
		x: number = 130
		x1: number = 130
		x2: number = 130
		y: number = 165
		y1: number = 130
		y2: number = 170
Paused at 64
	Call Stack: DrawLine, DrawQube, Init 
	Bindings: Den: number = 40
		dx: number = 0
		dy: number = 40
		From: object
		i: number = 35
		IncX1: number = 1
		IncX2: number = 0
		IncY1: number = 0
		IncY2: number = 1
		Num: number = 20
		NumAdd: number = 0
		NumPix: number = 40
		To: object
		x: number = 130
		x1: number = 130
		x2: number = 130
		y: number = 166
		y1: number = 130
		y2: number = 170
Paused at 65
	Call Stack: DrawLine, DrawQube, Init 
	Bindings: Den: number = 40
		dx: number = 0
		dy: number = 40
		From: object
		i: number = 36
		IncX1: number = 1
		IncX2: number = 0
		IncY1: number = 0
		IncY2: number = 1
		Num: number = 20
		NumAdd: number = 0
		NumPix: number = 40
		To: object
		x: number = 130
		x1: number = 130
		x2: number = 130
		y: number = 166
		y1: number = 130
		y2: number = 170
Paused at 71
	Hit Breakpoint(s) 
	Call Stack: DrawLine, DrawQube, Init 
	Bindings: Den: number = 40
		dx: number = 0
		dy: number = 40
		From: object
		i: number = 36
		IncX1: number = 1
		IncX2: number = 0
		IncY1: number = 0
		IncY2: number = 1
		Num: number = 20
		NumAdd: number = 0
		NumPix: number = 40
		To: object
		x: number = 130
		x1: number = 130
		x2: number = 130
		y: number = 166
		y1: number = 130
		y2: number = 170
Paused at 72
	Call Stack: DrawLine, DrawQube, Init 
	Bindings: Den: number = 40
		dx: number = 0
		dy: number = 40
		From: object
		i: number = 36
		IncX1: number = 1
		IncX2: number = 0
		IncY1: number = 0
		IncY2: number = 1
		Num: number = 20
		NumAdd: number = 0
		NumPix: number = 40
		To: object
		x: number = 130
		x1: number = 130
		x2: number = 130
		y: number = 166
		y1: number = 130
		y2: number = 170
Paused at 64
	Call Stack: DrawLine, DrawQube, Init 
	Bindings: Den: number = 40
		dx: number = 0
		dy: number = 40
		From: object
		i: number = 36
		IncX1: number = 1
		IncX2: number = 0
		IncY1: number = 0
		IncY2: number = 1
		Num: number = 20
		NumAdd: number = 0
		NumPix: number = 40
		To: object
		x: number = 130
		x1: number = 130
		x2: number = 130
		y: number = 167
		y1: number = 130
		y2: number = 170
Paused at 71
	Hit Breakpoint(s) 
	Call Stack: DrawLine, DrawQube, Init 
	Bindings: Den: number = 40
		dx: number = 0
		dy: number = 40
		From: object
		i: number = 37
		IncX1: number = 1
		IncX2: number = 0
		IncY1: number = 0
		IncY2: number = 1
		Num: number = 20
		NumAdd: number = 0
		NumPix: number = 40
		To: object
		x: number = 130
		x1: number = 130
		x2: number = 130
		y: number = 167
		y1: number = 130
		y2: number = 170
Paused at 72
	Call Stack: DrawLine, DrawQube, Init 
	Bindings: Den: number = 40
		dx: number = 0
		dy: number = 40
		From: object
		i: number = 37
		IncX1: number = 1
		IncX2: number = 0
		IncY1: number = 0
		IncY2: number = 1
		Num: number = 20
		NumAdd: number = 0
		NumPix: number = 40
		To: object
		x: number = 130
		x1: number = 130
		x2: number = 130
		y: number = 167
		y1: number = 130
		y2: number = 170
Paused at 71
	Hit Breakpoint(s) 
	Call Stack: DrawLine, DrawQube, Init 
	Bindings: Den: number = 40
		dx: number = 0
		dy: number = 40
		From: object
		i: number = 38
		IncX1: number = 1
		IncX2: number = 0
		IncY1: number = 0
		IncY2: number = 1
		Num: number = 20
		NumAdd: number = 0
		NumPix: number = 40
		To: object
		x: number = 130
		x1: number = 130
		x2: number = 130
		y: number = 168
		y1: number = 130
		y2: number = 170
Paused at 71
	Hit Breakpoint(s) 
	Call Stack: DrawLine, DrawQube, Init 
	Bindings: Den: number = 40
		dx: number = 0
		dy: number = 40
		From: object
		i: number = 39
		IncX1: number = 1
		IncX2: number = 0
		IncY1: number = 0
		IncY2: number = 1
		Num: number = 20
		NumAdd: number = 0
		NumPix: number = 40
		To: object
		x: number = 130
		x1: number = 130
		x2: number = 130
		y: number = 169
		y1: number = 130
		y2: number = 170
Paused at 72
	Call Stack: DrawLine, DrawQube, Init 
	Bindings: Den: number = 40
		dx: number = 0
		dy: number = 40
		From: object
		i: number = 39
		IncX1: number = 1
		IncX2: number = 0
		IncY1: number = 0
		IncY2: number = 1
		Num: number = 20
		NumAdd: number = 0
		NumPix: number = 40
		To: object
		x: number = 130
		x1: number = 130
		x2: number = 130
		y: number = 169
		y1: number = 130
		y2: number = 170
Paused at 75
	Call Stack: DrawLine, DrawQube, Init 
	Bindings: Den: number = 40
		dx: number = 0
		dy: number = 40
		From: object
		i: number = 40
		IncX1: number = 1
		IncX2: number = 0
		IncY1: number = 0
		IncY2: number = 1
		Num: number = 20
		NumAdd: number = 0
		NumPix: number = 40
		To: object
		x: number = 130
		x1: number = 130
		x2: number = 130
		y: number = 170
		y1: number = 130
		y2: number = 170
Paused at 212
	Call Stack: DrawQube, Init 
	Bindings: CurN: array
		i: number = -1
Paused at 213
	Call Stack: DrawQube, Init 
	Bindings: CurN: array
		i: number = -1
Paused at 25
	Hit Breakpoint(s) 
	Call Stack: DrawLine, DrawQube, Init 
	Bindings: Den: undefined
		dx: undefined
		dy: undefined
		From: object
		i: undefined
		IncX1: undefined
		IncX2: undefined
		IncY1: undefined
		IncY2: undefined
		Num: undefined
		NumAdd: undefined
		NumPix: undefined
		To: object
		x: undefined
		x1: undefined
		x2: undefined
		y: undefined
		y1: undefined
		y2: undefined
Paused at 26
	Hit Breakpoint(s) 
	Call Stack: DrawLine, DrawQube, Init 
	Bindings: Den: undefined
		dx: undefined
		dy: undefined
		From: object
		i: undefined
		IncX1: undefined
		IncX2: undefined
		IncY1: undefined
		IncY2: undefined
		Num: undefined
		NumAdd: undefined
		NumPix: undefined
		To: object
		x: undefined
		x1: number = 130
		x2: undefined
		y: undefined
		y1: undefined
		y2: undefined
Paused at 27
	Call Stack: DrawLine, DrawQube, Init 
	Bindings: Den: undefined
		dx: undefined
		dy: undefined
		From: object
		i: undefined
		IncX1: undefined
		IncX2: undefined
		IncY1: undefined
		IncY2: undefined
		Num: undefined
		NumAdd: undefined
		NumPix: undefined
		To: object
		x: undefined
		x1: number = 130
		x2: number = 170
		y: undefined
		y1: undefined
		y2: undefined
Paused at 28
	Call Stack: DrawLine, DrawQube, Init 
	Bindings: Den: undefined
		dx: undefined
		dy: undefined
		From: object
		i: undefined
		IncX1: undefined
		IncX2: undefined
		IncY1: undefined
		IncY2: undefined
		Num: undefined
		NumAdd: undefined
		NumPix: undefined
		To: object
		x: undefined
		x1: number = 130
		x2: number = 170
		y: undefined
		y1: number = 170
		y2: undefined
Paused at 32
	Hit Breakpoint(s) 
	Call Stack: DrawLine, DrawQube, Init 
	Bindings: Den: undefined
		dx: number = 40
		dy: number = 0
		From: object
		i: undefined
		IncX1: undefined
		IncX2: undefined
		IncY1: undefined
		IncY2: undefined
		Num: undefined
		NumAdd: undefined
		NumPix: undefined
		To: object
		x: number = 130
		x1: number = 130
		x2: number = 170
		y: undefined
		y1: number = 170
		y2: number = 170
Paused at 61
	Hit Breakpoint(s) 
	Call Stack: DrawLine, DrawQube, Init 
	Bindings: Den: number = 40
		dx: number = 40
		dy: number = 0
		From: object
		i: undefined
		IncX1: number = 0
		IncX2: number = 1
		IncY1: number = 1
		IncY2: number = 0
		Num: number = 20
		NumAdd: number = 0
		NumPix: number = 40
		To: object
		x: number = 130
		x1: number = 130
		x2: number = 170
		y: number = 170
		y1: number = 170
		y2: number = 170
Paused at 63
	Call Stack: DrawLine, DrawQube, Init 
	Bindings: Den: number = 40
		dx: number = 40
		dy: number = 0
		From: object
		i: undefined
		IncX1: number = 0
		IncX2: number = 1
		IncY1: number = 1
		IncY2: number = 0
		Num: number = 20
		NumAdd: number = 0
		NumPix: number = 80
		To: object
		x: number = 130
		x1: number = 130
		x2: number = 170
		y: number = 170
		y1: number = 170
		y2: number = 170
Paused at 64
	Call Stack: DrawLine, DrawQube, Init 
	Bindings: Den: number = 40
		dx: number = 40
		dy: number = 0
		From: object
		i: number = 40
		IncX1: number = 0
		IncX2: number = 1
		IncY1: number = 1
		IncY2: number = 0
		Num: number = 20
		NumAdd: number = 0
		NumPix: number = 80
		To: object
		x: number = 130
		x1: number = 130
		x2: number = 170
		y: number = 170
		y1: number = 170
		y2: number = 170
Paused at 71
	Hit Breakpoint(s) 
	Call Stack: DrawLine, DrawQube, Init 
	Bindings: Den: number = 40
		dx: number = 40
		dy: number = 0
		From: object
		i: number = 40
		IncX1: number = 0
		IncX2: number = 1
		IncY1: number = 1
		IncY2: number = 0
		Num: number = 20
		NumAdd: number = 0
		NumPix: number = 80
		To: object
		x: number = 130
		x1: number = 130
		x2: number = 170
		y: number = 170
		y1: number = 170
		y2: number = 170
Paused at 71
	Hit Breakpoint(s) 
	Call Stack: DrawLine, DrawQube, Init 
	Bindings: Den: number = 40
		dx: number = 40
		dy: number = 0
		From: object
		i: number = 41
		IncX1: number = 0
		IncX2: number = 1
		IncY1: number = 1
		IncY2: number = 0
		Num: number = 20
		NumAdd: number = 0
		NumPix: number = 80
		To: object
		x: number = 131
		x1: number = 130
		x2: number = 170
		y: number = 170
		y1: number = 170
		y2: number = 170
Paused at 72
	Call Stack: DrawLine, DrawQube, Init 
	Bindings: Den: number = 40
		dx: number = 40
		dy: number = 0
		From: object
		i: number = 41
		IncX1: number = 0
		IncX2: number = 1
		IncY1: number = 1
		IncY2: number = 0
		Num: number = 20
		NumAdd: number = 0
		NumPix: number = 80
		To: object
		x: number = 132
		x1: number = 130
		x2: number = 170
		y: number = 170
		y1: number = 170
		y2: number = 170
Paused at 71
	Hit Breakpoint(s) 
	Call Stack: DrawLine, DrawQube, Init 
	Bindings: Den: number = 40
		dx: number = 40
		dy: number = 0
		From: object
		i: number = 42
		IncX1: number = 0
		IncX2: number = 1
		IncY1: number = 1
		IncY2: number = 0
		Num: number = 20
		NumAdd: number = 0
		NumPix: number = 80
		To: object
		x: number = 132
		x1: number = 130
		x2: number = 170
		y: number = 170
		y1: number = 170
		y2: number = 170
Paused at 71
	Hit Breakpoint(s) 
	Call Stack: DrawLine, DrawQube, Init 
	Bindings: Den: number = 40
		dx: number = 40
		dy: number = 0
		From: object
		i: number = 43
		IncX1: number = 0
		IncX2: number = 1
		IncY1: number = 1
		IncY2: number = 0
		Num: number = 20
		NumAdd: number = 0
		NumPix: number = 80
		To: object
		x: number = 133
		x1: number = 130
		x2: number = 170
		y: number = 170
		y1: number = 170
		y2: number = 170
Paused at 72
	Call Stack: DrawLine, DrawQube, Init 
	Bindings: Den: number = 40
		dx: number = 40
		dy: number = 0
		From: object
		i: number = 43
		IncX1: number = 0
		IncX2: number = 1
		IncY1: number = 1
		IncY2: number = 0
		Num: number = 20
		NumAdd: number = 0
		NumPix: number = 80
		To: object
		x: number = 134
		x1: number = 130
		x2: number = 170
		y: number = 170
		y1: number = 170
		y2: number = 170
Paused at 64
	Call Stack: DrawLine, DrawQube, Init 
	Bindings: Den: number = 40
		dx: number = 40
		dy: number = 0
		From: object
		i: number = 43
		IncX1: number = 0
		IncX2: number = 1
		IncY1: number = 1
		IncY2: number = 0
		Num: number = 20
		NumAdd: number = 0
		NumPix: number = 80
		To: object
		x: number = 134
		x1: number = 130
		x2: number = 170
		y: number = 170
		y1: number = 170
		y2: number = 170
Paused at 65
	Call Stack: DrawLine, DrawQube, Init 
	Bindings: Den: number = 40
		dx: number = 40
		dy: number = 0
		From: object
		i: number = 44
		IncX1: number = 0
		IncX2: number = 1
		IncY1: number = 1
		IncY2: number = 0
		Num: number = 20
		NumAdd: number = 0
		NumPix: number = 80
		To: object
		x: number = 134
		x1: number = 130
		x2: number = 170
		y: number = 170
		y1: number = 170
		y2: number = 170
Paused at 66
	Call Stack: DrawLine, DrawQube, Init 
	Bindings: Den: number = 40
		dx: number = 40
		dy: number = 0
		From: object
		i: number = 44
		IncX1: number = 0
		IncX2: number = 1
		IncY1: number = 1
		IncY2: number = 0
		Num: number = 20
		NumAdd: number = 0
		NumPix: number = 80
		To: object
		x: number = 134
		x1: number = 130
		x2: number = 170
		y: number = 170
		y1: number = 170
		y2: number = 170
Paused at 71
	Call Stack: DrawLine, DrawQube, Init 
	Bindings: Den: number = 40
		dx: number = 40
		dy: number = 0
		From: object
		i: number = 44
		IncX1: number = 0
		IncX2: number = 1
		IncY1: number = 1
		IncY2: number = 0
		Num: number = 20
		NumAdd: number = 0
		NumPix: number = 80
		To: object
		x: number = 134
		x1: number = 130
		x2: number = 170
		y: number = 170
		y1: number = 170
		y2: number = 170
Paused at 72
	Call Stack: DrawLine, DrawQube, Init 
	Bindings: Den: number = 40
		dx: number = 40
		dy: number = 0
		From: object
		i: number = 44
		IncX1: number = 0
		IncX2: number = 1
		IncY1: number = 1
		IncY2: number = 0
		Num: number = 20
		NumAdd: number = 0
		NumPix: number = 80
		To: object
		x: number = 135
		x1: number = 130
		x2: number = 170
		y: number = 170
		y1: number = 170
		y2: number = 170
Paused at 64
	Call Stack: DrawLine, DrawQube, Init 
	Bindings: Den: number = 40
		dx: number = 40
		dy: number = 0
		From: object
		i: number = 44
		IncX1: number = 0
		IncX2: number = 1
		IncY1: number = 1
		IncY2: number = 0
		Num: number = 20
		NumAdd: number = 0
		NumPix: number = 80
		To: object
		x: number = 135
		x1: number = 130
		x2: number = 170
		y: number = 170
		y1: number = 170
		y2: number = 170
Paused at 71
	Hit Breakpoint(s) 
	Call Stack: DrawLine, DrawQube, Init 
	Bindings: Den: number = 40
		dx: number = 40
		dy: number = 0
		From: object
		i: number = 45
		IncX1: number = 0
		IncX2: number = 1
		IncY1: number = 1
		IncY2: number = 0
		Num: number = 20
		NumAdd: number = 0
		NumPix: number = 80
		To: object
		x: number = 135
		x1: number = 130
		x2: number = 170
		y: number = 170
		y1: number = 170
		y2: number = 170
Paused at 71
	Hit Breakpoint(s) 
	Call Stack: DrawLine, DrawQube, Init 
	Bindings: Den: number = 40
		dx: number = 40
		dy: number = 0
		From: object
		i: number = 46
		IncX1: number = 0
		IncX2: number = 1
		IncY1: number = 1
		IncY2: number = 0
		Num: number = 20
		NumAdd: number = 0
		NumPix: number = 80
		To: object
		x: number = 136
		x1: number = 130
		x2: number = 170
		y: number = 170
		y1: number = 170
		y2: number = 170
Paused at 72
	Call Stack: DrawLine, DrawQube, Init 
	Bindings: Den: number = 40
		dx: number = 40
		dy: number = 0
		From: object
		i: number = 46
		IncX1: number = 0
		IncX2: number = 1
		IncY1: number = 1
		IncY2: number = 0
		Num: number = 20
		NumAdd: number = 0
		NumPix: number = 80
		To: object
		x: number = 137
		x1: number = 130
		x2: number = 170
		y: number = 170
		y1: number = 170
		y2: number = 170
Paused at 71
	Hit Breakpoint(s) 
	Call Stack: DrawLine, DrawQube, Init 
	Bindings: Den: number = 40
		dx: number = 40
		dy: number = 0
		From: object
		i: number = 47
		IncX1: number = 0
		IncX2: number = 1
		IncY1: number = 1
		IncY2: number = 0
		Num: number = 20
		NumAdd: number = 0
		NumPix: number = 80
		To: object
		x: number = 137
		x1: number = 130
		x2: number = 170
		y: number = 170
		y1: number = 170
		y2: number = 170
Paused at 71
	Hit Breakpoint(s) 
	Call Stack: DrawLine, DrawQube, Init 
	Bindings: Den: number = 40
		dx: number = 40
		dy: number = 0
		From: object
		i: number = 48
		IncX1: number = 0
		IncX2: number = 1
		IncY1: number = 1
		IncY2: number = 0
		Num: number = 20
		NumAdd: number = 0
		NumPix: number = 80
		To: object
		x: number = 138
		x1: number = 130
		x2: number = 170
		y: number = 170
		y1: number = 170
		y2: number = 170
Paused at 72
	Call Stack: DrawLine, DrawQube, Init 
	Bindings: Den: number = 40
		dx: number = 40
		dy: number = 0
		From: object
		i: number = 48
		IncX1: number = 0
		IncX2: number = 1
		IncY1: number = 1
		IncY2: number = 0
		Num: number = 20
		NumAdd: number = 0
		NumPix: number = 80
		To: object
		x: number = 139
		x1: number = 130
		x2: number = 170
		y: number = 170
		y1: number = 170
		y2: number = 170
Paused at 64
	Call Stack: DrawLine, DrawQube, Init 
	Bindings: Den: number = 40
		dx: number = 40
		dy: number = 0
		From: object
		i: number = 48
		IncX1: number = 0
		IncX2: number = 1
		IncY1: number = 1
		IncY2: number = 0
		Num: number = 20
		NumAdd: number = 0
		NumPix: number = 80
		To: object
		x: number = 139
		x1: number = 130
		x2: number = 170
		y: number = 170
		y1: number = 170
		y2: number = 170
Paused at 71
	Hit Breakpoint(s) 
	Call Stack: DrawLine, DrawQube, Init 
	Bindings: Den: number = 40
		dx: number = 40
		dy: number = 0
		From: object
		i: number = 49
		IncX1: number = 0
		IncX2: number = 1
		IncY1: number = 1
		IncY2: number = 0
		Num: number = 20
		NumAdd: number = 0
		NumPix: number = 80
		To: object
		x: number = 139
		x1: number = 130
		x2: number = 170
		y: number = 170
		y1: number = 170
		y2: number = 170
Paused at 72
	Call Stack: DrawLine, DrawQube, Init 
	Bindings: Den: number = 40
		dx: number = 40
		dy: number = 0
		From: object
		i: number = 49
		IncX1: number = 0
		IncX2: number = 1
		IncY1: number = 1
		IncY2: number = 0
		Num: number = 20
		NumAdd: number = 0
		NumPix: number = 80
		To: object
		x: number = 140
		x1: number = 130
		x2: number = 170
		y: number = 170
		y1: number = 170
		y2: number = 170
Paused at 64
	Call Stack: DrawLine, DrawQube, Init 
	Bindings: Den: number = 40
		dx: number = 40
		dy: number = 0
		From: object
		i: number = 49
		IncX1: number = 0
		IncX2: number = 1
		IncY1: number = 1
		IncY2: number = 0
		Num: number = 20
		NumAdd: number = 0
		NumPix: number = 80
		To: object
		x: number = 140
		x1: number = 130
		x2: number = 170
		y: number = 170
		y1: number = 170
		y2: number = 170
Paused at 65
	Call Stack: DrawLine, DrawQube, Init 
	Bindings: Den: number = 40
		dx: number = 40
		dy: number = 0
		From: object
		i: number = 50
		IncX1: number = 0
		IncX2: number = 1
		IncY1: number = 1
		IncY2: number = 0
		Num: number = 20
		NumAdd: number = 0
		NumPix: number = 80
		To: object
		x: number = 140
		x1: number = 130
		x2: number = 170
		y: number = 170
		y1: number = 170
		y2: number = 170
Paused at 66
	Call Stack: DrawLine, DrawQube, Init 
	Bindings: Den: number = 40
		dx: number = 40
		dy: number = 0
		From: object
		i: number = 50
		IncX1: number = 0
		IncX2: number = 1
		IncY1: number = 1
		IncY2: number = 0
		Num: number = 20
		NumAdd: number = 0
		NumPix: number = 80
		To: object
		x: number = 140
		x1: number = 130
		x2: number = 170
		y: number = 170
		y1: number = 170
		y2: number = 170
Paused at 71
	Call Stack: DrawLine, DrawQube, Init 
	Bindings: Den: number = 40
		dx: number = 40
		dy: number = 0
		From: object
		i: number = 50
		IncX1: number = 0
		IncX2: number = 1
		IncY1: number = 1
		IncY2: number = 0
		Num: number = 20
		NumAdd: number = 0
		NumPix: number = 80
		To: object
		x: number = 140
		x1: number = 130
		x2: number = 170
		y: number = 170
		y1: number = 170
		y2: number = 170
Paused at 72
	Call Stack: DrawLine, DrawQube, Init 
	Bindings: Den: number = 40
		dx: number = 40
		dy: number = 0
		From: object
		i: number = 50
		IncX1: number = 0
		IncX2: number = 1
		IncY1: number = 1
		IncY2: number = 0
		Num: number = 20
		NumAdd: number = 0
		NumPix: number = 80
		To: object
		x: number = 141
		x1: number = 130
		x2: number = 170
		y: number = 170
		y1: number = 170
		y2: number = 170
Paused at 64
	Call Stack: DrawLine, DrawQube, Init 
	Bindings: Den: number = 40
		dx: number = 40
		dy: number = 0
		From: object
		i: number = 50
		IncX1: number = 0
		IncX2: number = 1
		IncY1: number = 1
		IncY2: number = 0
		Num: number = 20
		NumAdd: number = 0
		NumPix: number = 80
		To: object
		x: number = 141
		x1: number = 130
		x2: number = 170
		y: number = 170
		y1: number = 170
		y2: number = 170
Paused at 65
	Call Stack: DrawLine, DrawQube, Init 
	Bindings: Den: number = 40
		dx: number = 40
		dy: number = 0
		From: object
		i: number = 51
		IncX1: number = 0
		IncX2: number = 1
		IncY1: number = 1
		IncY2: number = 0
		Num: number = 20
		NumAdd: number = 0
		NumPix: number = 80
		To: object
		x: number = 141
		x1: number = 130
		x2: number = 170
		y: number = 170
		y1: number = 170
		y2: number = 170
Paused at 66
	Call Stack: DrawLine, DrawQube, Init 
	Bindings: Den: number = 40
		dx: number = 40
		dy: number = 0
		From: object
		i: number = 51
		IncX1: number = 0
		IncX2: number = 1
		IncY1: number = 1
		IncY2: number = 0
		Num: number = 20
		NumAdd: number = 0
		NumPix: number = 80
		To: object
		x: number = 141
		x1: number = 130
		x2: number = 170
		y: number = 170
		y1: number = 170
		y2: number = 170
Paused at 71
	Hit Breakpoint(s) 
	Call Stack: DrawLine, DrawQube, Init 
	Bindings: Den: number = 40
		dx: number = 40
		dy: number = 0
		From: object
		i: number = 51
		IncX1: number = 0
		IncX2: number = 1
		IncY1: number = 1
		IncY2: number = 0
		Num: number = 20
		NumAdd: number = 0
		NumPix: number = 80
		To: object
		x: number = 141
		x1: number = 130
		x2: number = 170
		y: number = 170
		y1: number = 170
		y2: number = 170
Paused at 72
	Call Stack: DrawLine, DrawQube, Init 
	Bindings: Den: number = 40
		dx: number = 40
		dy: number = 0
		From: object
		i: number = 51
		IncX1: number = 0
		IncX2: number = 1
		IncY1: number = 1
		IncY2: number = 0
		Num: number = 20
		NumAdd: number = 0
		NumPix: number = 80
		To: object
		x: number = 142
		x1: number = 130
		x2: number = 170
		y: number = 170
		y1: number = 170
		y2: number = 170
Paused at 71
	Hit Breakpoint(s) 
	Call Stack: DrawLine, DrawQube, Init 
	Bindings: Den: number = 40
		dx: number = 40
		dy: number = 0
		From: object
		i: number = 52
		IncX1: number = 0
		IncX2: number = 1
		IncY1: number = 1
		IncY2: number = 0
		Num: number = 20
		NumAdd: number = 0
		NumPix: number = 80
		To: object
		x: number = 142
		x1: number = 130
		x2: number = 170
		y: number = 170
		y1: number = 170
		y2: number = 170
Paused at 71
	Hit Breakpoint(s) 
	Call Stack: DrawLine, DrawQube, Init 
	Bindings: Den: number = 40
		dx: number = 40
		dy: number = 0
		From: object
		i: number = 53
		IncX1: number = 0
		IncX2: number = 1
		IncY1: number = 1
		IncY2: number = 0
		Num: number = 20
		NumAdd: number = 0
		NumPix: number = 80
		To: object
		x: number = 143
		x1: number = 130
		x2: number = 170
		y: number = 170
		y1: number = 170
		y2: number = 170
Paused at 72
	Call Stack: DrawLine, DrawQube, Init 
	Bindings: Den: number = 40
		dx: number = 40
		dy: number = 0
		From: object
		i: number = 53
		IncX1: number = 0
		IncX2: number = 1
		IncY1: number = 1
		IncY2: number = 0
		Num: number = 20
		NumAdd: number = 0
		NumPix: number = 80
		To: object
		x: number = 144
		x1: number = 130
		x2: number = 170
		y: number = 170
		y1: number = 170
		y2: number = 170
Paused at 71
	Hit Breakpoint(s) 
	Call Stack: DrawLine, DrawQube, Init 
	Bindings: Den: number = 40
		dx: number = 40
		dy: number = 0
		From: object
		i: number = 54
		IncX1: number = 0
		IncX2: number = 1
		IncY1: number = 1
		IncY2: number = 0
		Num: number = 20
		NumAdd: number = 0
		NumPix: number = 80
		To: object
		x: number = 144
		x1: number = 130
		x2: number = 170
		y: number = 170
		y1: number = 170
		y2: number = 170
Paused at 72
	Call Stack: DrawLine, DrawQube, Init 
	Bindings: Den: number = 40
		dx: number = 40
		dy: number = 0
		From: object
		i: number = 54
		IncX1: number = 0
		IncX2: number = 1
		IncY1: number = 1
		IncY2: number = 0
		Num: number = 20
		NumAdd: number = 0
		NumPix: number = 80
		To: object
		x: number = 145
		x1: number = 130
		x2: number = 170
		y: number = 170
		y1: number = 170
		y2: number = 170
Paused at 64
	Call Stack: DrawLine, DrawQube, Init 
	Bindings: Den: number = 40
		dx: number = 40
		dy: number = 0
		From: object
		i: number = 54
		IncX1: number = 0
		IncX2: number = 1
		IncY1: number = 1
		IncY2: number = 0
		Num: number = 20
		NumAdd: number = 0
		NumPix: number = 80
		To: object
		x: number = 145
		x1: number = 130
		x2: number = 170
		y: number = 170
		y1: number = 170
		y2: number = 170
Paused at 71
	Hit Breakpoint(s) 
	Call Stack: DrawLine, DrawQube, Init 
	Bindings: Den: number = 40
		dx: number = 40
		dy: number = 0
		From: object
		i: number = 55
		IncX1: number = 0
		IncX2: number = 1
		IncY1: number = 1
		IncY2: number = 0
		Num: number = 20
		NumAdd: number = 0
		NumPix: number = 80
		To: object
		x: number = 145
		x1: number = 130
		x2: number = 170
		y: number = 170
		y1: number = 170
		y2: number = 170
Paused at 71
	Hit Breakpoint(s) 
	Call Stack: DrawLine, DrawQube, Init 
	Bindings: Den: number = 40
		dx: number = 40
		dy: number = 0
		From: object
		i: number = 56
		IncX1: number = 0
		IncX2: number = 1
		IncY1: number = 1
		IncY2: number = 0
		Num: number = 20
		NumAdd: number = 0
		NumPix: number = 80
		To: object
		x: number = 146
		x1: number = 130
		x2: number = 170
		y: number = 170
		y1: number = 170
		y2: number = 170
Paused at 71
	Hit Breakpoint(s) 
	Call Stack: DrawLine, DrawQube, Init 
	Bindings: Den: number = 40
		dx: number = 40
		dy: number = 0
		From: object
		i: number = 57
		IncX1: number = 0
		IncX2: number = 1
		IncY1: number = 1
		IncY2: number = 0
		Num: number = 20
		NumAdd: number = 0
		NumPix: number = 80
		To: object
		x: number = 147
		x1: number = 130
		x2: number = 170
		y: number = 170
		y1: number = 170
		y2: number = 170
Paused at 72
	Call Stack: DrawLine, DrawQube, Init 
	Bindings: Den: number = 40
		dx: number = 40
		dy: number = 0
		From: object
		i: number = 57
		IncX1: number = 0
		IncX2: number = 1
		IncY1: number = 1
		IncY2: number = 0
		Num: number = 20
		NumAdd: number = 0
		NumPix: number = 80
		To: object
		x: number = 148
		x1: number = 130
		x2: number = 170
		y: number = 170
		y1: number = 170
		y2: number = 170
Paused at 64
	Call Stack: DrawLine, DrawQube, Init 
	Bindings: Den: number = 40
		dx: number = 40
		dy: number = 0
		From: object
		i: number = 57
		IncX1: number = 0
		IncX2: number = 1
		IncY1: number = 1
		IncY2: number = 0
		Num: number = 20
		NumAdd: number = 0
		NumPix: number = 80
		To: object
		x: number = 148
		x1: number = 130
		x2: number = 170
		y: number = 170
		y1: number = 170
		y2: number = 170
Paused at 65
	Call Stack: DrawLine, DrawQube, Init 
	Bindings: Den: number = 40
		dx: number = 40
		dy: number = 0
		From: object
		i: number = 58
		IncX1: number = 0
		IncX2: number = 1
		IncY1: number = 1
		IncY2: number = 0
		Num: number = 20
		NumAdd: number = 0
		NumPix: number = 80
		To: object
		x: number = 148
		x1: number = 130
		x2: number = 170
		y: number = 170
		y1: number = 170
		y2: number = 170
Paused at 71
	Hit Breakpoint(s) 
	Call Stack: DrawLine, DrawQube, Init 
	Bindings: Den: number = 40
		dx: number = 40
		dy: number = 0
		From: object
		i: number = 58
		IncX1: number = 0
		IncX2: number = 1
		IncY1: number = 1
		IncY2: number = 0
		Num: number = 20
		NumAdd: number = 0
		NumPix: number = 80
		To: object
		x: number = 148
		x1: number = 130
		x2: number = 170
		y: number = 170
		y1: number = 170
		y2: number = 170
Paused at 72
	Call Stack: DrawLine, DrawQube, Init 
	Bindings: Den: number = 40
		dx: number = 40
		dy: number = 0
		From: object
		i: number = 58
		IncX1: number = 0
		IncX2: number = 1
		IncY1: number = 1
		IncY2: number = 0
		Num: number = 20
		NumAdd: number = 0
		NumPix: number = 80
		To: object
		x: number = 149
		x1: number = 130
		x2: number = 170
		y: number = 170
		y1: number = 170
		y2: number = 170
Paused at 71
	Hit Breakpoint(s) 
	Call Stack: DrawLine, DrawQube, Init 
	Bindings: Den: number = 40
		dx: number = 40
		dy: number = 0
		From: object
		i: number = 59
		IncX1: number = 0
		IncX2: number = 1
		IncY1: number = 1
		IncY2: number = 0
		Num: number = 20
		NumAdd: number = 0
		NumPix: number = 80
		To: object
		x: number = 149
		x1: number = 130
		x2: number = 170
		y: number = 170
		y1: number = 170
		y2: number = 170
Paused at 71
	Hit Breakpoint(s) 
	Call Stack: DrawLine, DrawQube, Init 
	Bindings: Den: number = 40
		dx: number = 40
		dy: number = 0
		From: object
		i: number = 60
		IncX1: number = 0
		IncX2: number = 1
		IncY1: number = 1
		IncY2: number = 0
		Num: number = 20
		NumAdd: number = 0
		NumPix: number = 80
		To: object
		x: number = 150
		x1: number = 130
		x2: number = 170
		y: number = 170
		y1: number = 170
		y2: number = 170
Paused at 71
	Hit Breakpoint(s) 
	Call Stack: DrawLine, DrawQube, Init 
	Bindings: Den: number = 40
		dx: number = 40
		dy: number = 0
		From: object
		i: number = 61
		IncX1: number = 0
		IncX2: number = 1
		IncY1: number = 1
		IncY2: number = 0
		Num: number = 20
		NumAdd: number = 0
		NumPix: number = 80
		To: object
		x: number = 151
		x1: number = 130
		x2: number = 170
		y: number = 170
		y1: number = 170
		y2: number = 170
Paused at 72
	Call Stack: DrawLine, DrawQube, Init 
	Bindings: Den: number = 40
		dx: number = 40
		dy: number = 0
		From: object
		i: number = 61
		IncX1: number = 0
		IncX2: number = 1
		IncY1: number = 1
		IncY2: number = 0
		Num: number = 20
		NumAdd: number = 0
		NumPix: number = 80
		To: object
		x: number = 152
		x1: number = 130
		x2: number = 170
		y: number = 170
		y1: number = 170
		y2: number = 170
