Breakpoint Set at 27
Breakpoint Set at 40
Breakpoint Set at 267
Breakpoint Set at 239
Breakpoint Set at 414
Breakpoint Set at 113
Breakpoint Set at 303
Breakpoint Set at 290
Breakpoint Set at 390
Breakpoint Set at 76
Breakpoint Set at 319
Breakpoint Set at 53
Breakpoint Set at 177
Breakpoint Set at 345
Breakpoint Set at 438
Breakpoint Set at 441
Breakpoint Set at 438
Breakpoint Set at 27
Breakpoint Set at 73
Breakpoint Set at 283
Breakpoint Set at 85
Breakpoint Set at 399
Breakpoint Set at 196
Breakpoint Set at 27
Breakpoint Set at 192
Breakpoint Set at 186
Breakpoint Set at 92
Breakpoint Set at 351
Breakpoint Set at 383
Breakpoint Set at 126
Breakpoint Set at 357
Breakpoint Set at 306
Breakpoint Set at 316
Breakpoint Set at 244
Breakpoint Set at 184
Breakpoint Set at 438
Breakpoint Set at 341
Breakpoint Set at 116
Breakpoint Set at 402
Breakpoint Set at 321
Breakpoint Set at 394
Breakpoint Set at 88
Breakpoint Set at 62
Breakpoint Set at 255
Paused at 244
	Hit Breakpoint(s) 
	Call Stack:  
	Bindings: 
Paused at 283
	Hit Breakpoint(s) 
	Call Stack:  
	Bindings: 
Paused at 441
	Hit Breakpoint(s) 
	Call Stack:  
	Bindings: 
Paused at 316
	Hit Breakpoint(s) 
	Call Stack: raytraceScene 
	Bindings: _camera: undefined
		_scene: undefined
		bbl: undefined
		bbr: undefined
		bfl: undefined
		bfr: undefined
		fbl: undefined
		fbr: undefined
		ffl: undefined
		ffr: undefined
		floorShader: undefined
		green: undefined
		grey: undefined
		i: undefined
		numTriangles: undefined
		pixels: undefined
		size: undefined
		startDate: number = 1496936595481
		tbl: undefined
		tbr: undefined
		tfl: undefined
		tfr: undefined
		triangles: undefined
		x: undefined
		y: undefined
Paused at 317
	Call Stack: raytraceScene 
	Bindings: _camera: undefined
		_scene: undefined
		bbl: undefined
		bbr: undefined
		bfl: undefined
		bfr: undefined
		fbl: undefined
		fbr: undefined
		ffl: undefined
		ffr: undefined
		floorShader: undefined
		green: undefined
		grey: undefined
		i: undefined
		numTriangles: number = 12
		pixels: undefined
		size: undefined
		startDate: number = 1496936595481
		tbl: undefined
		tbr: undefined
		tfl: undefined
		tfr: undefined
		triangles: undefined
		x: undefined
		y: undefined
Paused at 27
	Hit Breakpoint(s) 
	Call Stack: createVector, raytraceScene 
	Bindings: x: number = -10
		y: number = 10
		z: number = -10
Paused at 319
	Hit Breakpoint(s) 
	Call Stack: raytraceScene 
	Bindings: _camera: undefined
		_scene: undefined
		bbl: undefined
		bbr: undefined
		bfl: undefined
		bfr: undefined
		fbl: undefined
		fbr: undefined
		ffl: undefined
		ffr: undefined
		floorShader: undefined
		green: undefined
		grey: undefined
		i: undefined
		numTriangles: number = 12
		pixels: undefined
		size: undefined
		startDate: number = 1496936595481
		tbl: undefined
		tbr: undefined
		tfl: array
		tfr: undefined
		triangles: array
		x: undefined
		y: undefined
Paused at 27
	Hit Breakpoint(s) 
	Call Stack: createVector, raytraceScene 
	Bindings: x: number = 10
		y: number = 10
		z: number = -10
Paused at 28
	Call Stack: createVector, raytraceScene 
	Bindings: x: number = 10
		y: number = 10
		z: number = -10
Paused at 28
	Call Stack: createVector, raytraceScene 
	Bindings: x: number = 10
		y: number = 10
		z: number = -10
Paused at 27
	Hit Breakpoint(s) 
	Call Stack: createVector, raytraceScene 
	Bindings: x: number = -10
		y: number = 10
		z: number = 10
Paused at 28
	Call Stack: createVector, raytraceScene 
	Bindings: x: number = -10
		y: number = 10
		z: number = 10
Paused at 321
	Hit Breakpoint(s) 
	Call Stack: raytraceScene 
	Bindings: _camera: undefined
		_scene: undefined
		bbl: undefined
		bbr: undefined
		bfl: undefined
		bfr: undefined
		fbl: undefined
		fbr: undefined
		ffl: undefined
		ffr: undefined
		floorShader: undefined
		green: undefined
		grey: undefined
		i: undefined
		numTriangles: number = 12
		pixels: undefined
		size: undefined
		startDate: number = 1496936595481
		tbl: array
		tbr: undefined
		tfl: array
		tfr: array
		triangles: array
		x: undefined
		y: undefined
Paused at 27
	Call Stack: createVector, raytraceScene 
	Bindings: x: number = 10
		y: number = 10
		z: number = 10
Paused at 27
	Hit Breakpoint(s) 
	Call Stack: createVector, raytraceScene 
	Bindings: x: number = 10
		y: number = 10
		z: number = 10
Paused at 28
	Call Stack: createVector, raytraceScene 
	Bindings: x: number = 10
		y: number = 10
		z: number = 10
Paused at 322
	Call Stack: raytraceScene 
	Bindings: _camera: undefined
		_scene: undefined
		bbl: undefined
		bbr: undefined
		bfl: undefined
		bfr: undefined
		fbl: undefined
		fbr: undefined
		ffl: undefined
		ffr: undefined
		floorShader: undefined
		green: undefined
		grey: undefined
		i: undefined
		numTriangles: number = 12
		pixels: undefined
		size: undefined
		startDate: number = 1496936595481
		tbl: array
		tbr: array
		tfl: array
		tfr: array
		triangles: array
		x: undefined
		y: undefined
Paused at 27
	Hit Breakpoint(s) 
	Call Stack: createVector, raytraceScene 
	Bindings: x: number = -10
		y: number = -10
		z: number = -10
Paused at 28
	Call Stack: createVector, raytraceScene 
	Bindings: x: number = -10
		y: number = -10
		z: number = -10
Paused at 27
	Hit Breakpoint(s) 
	Call Stack: createVector, raytraceScene 
	Bindings: x: number = 10
		y: number = -10
		z: number = -10
Paused at 27
	Hit Breakpoint(s) 
	Call Stack: createVector, raytraceScene 
	Bindings: x: number = -10
		y: number = -10
		z: number = 10
Paused at 28
	Call Stack: createVector, raytraceScene 
	Bindings: x: number = -10
		y: number = -10
		z: number = 10
Paused at 27
	Hit Breakpoint(s) 
	Call Stack: createVector, raytraceScene 
	Bindings: x: number = 10
		y: number = -10
		z: number = 10
Paused at 28
	Call Stack: createVector, raytraceScene 
	Bindings: x: number = 10
		y: number = -10
		z: number = 10
Paused at 325
	Call Stack: raytraceScene 
	Bindings: _camera: undefined
		_scene: undefined
		bbl: array
		bbr: undefined
		bfl: array
		bfr: array
		fbl: undefined
		fbr: undefined
		ffl: undefined
		ffr: undefined
		floorShader: undefined
		green: undefined
		grey: undefined
		i: undefined
		numTriangles: number = 12
		pixels: undefined
		size: undefined
		startDate: number = 1496936595481
		tbl: array
		tbr: array
		tfl: array
		tfr: array
		triangles: array
		x: undefined
		y: undefined
Paused at 126
	Hit Breakpoint(s) 
	Call Stack: Triangle, raytraceScene 
	Bindings: det: undefined
		edge1: undefined
		edge2: undefined
		normal: undefined
		p1: array
		p2: array
		p3: array
		u: undefined
		u1: undefined
		u2: undefined
		v: undefined
		v1: undefined
		v2: undefined
Paused at 72
	Call Stack: sub, Triangle, raytraceScene 
	Bindings: v1: array
		v2: array
Paused at 73
	Call Stack: sub, Triangle, raytraceScene 
	Bindings: v1: array
		v2: array
Paused at 73
	Hit Breakpoint(s) 
	Call Stack: sub, Triangle, raytraceScene 
	Bindings: v1: array
		v2: array
Paused at 73
	Call Stack: sub, Triangle, raytraceScene 
	Bindings: v1: array
		v2: array
Paused at 73
	Hit Breakpoint(s) 
	Call Stack: sub, Triangle, raytraceScene 
	Bindings: v1: array
		v2: array
Paused at 88
	Hit Breakpoint(s) 
	Call Stack: cross, Triangle, raytraceScene 
	Bindings: v1: array
		v2: array
Paused at 92
	Hit Breakpoint(s) 
	Call Stack: cross, Triangle, raytraceScene 
	Bindings: v1: array
		v2: array
Paused at 92
	Call Stack: cross, Triangle, raytraceScene 
	Bindings: v1: array
		v2: array
Paused at 128
	Call Stack: Triangle, raytraceScene 
	Bindings: det: undefined
		edge1: array
		edge2: array
		normal: undefined
		p1: array
		p2: array
		p3: array
		u: undefined
		u1: undefined
		u2: undefined
		v: undefined
		v1: undefined
		v2: undefined
Paused at 129
	Call Stack: Triangle, raytraceScene 
	Bindings: det: undefined
		edge1: array
		edge2: array
		normal: array
		p1: array
		p2: array
		p3: array
		u: undefined
		u1: undefined
		u2: undefined
		v: undefined
		v1: undefined
		v2: undefined
Paused at 135
	Call Stack: Triangle, raytraceScene 
	Bindings: det: undefined
		edge1: array
		edge2: array
		normal: array
		p1: array
		p2: array
		p3: array
		u: undefined
		u1: undefined
		u2: undefined
		v: undefined
		v1: undefined
		v2: undefined
Paused at 158
	Call Stack: Triangle, raytraceScene 
	Bindings: det: number = 400
		edge1: array
		edge2: array
		normal: array
		p1: array
		p2: array
		p3: array
		u: number = 0
		u1: number = 20
		u2: number = 20
		v: number = 1
		v1: number = -20
		v2: number = 0
Paused at 331
	Call Stack: raytraceScene 
	Bindings: _camera: undefined
		_scene: undefined
		bbl: array
		bbr: array
		bfl: array
		bfr: array
		fbl: undefined
		fbr: undefined
		ffl: undefined
		ffr: undefined
		floorShader: undefined
		green: undefined
		grey: undefined
		i: number = 1
		numTriangles: number = 12
		pixels: undefined
		size: undefined
		startDate: number = 1496936595481
		tbl: array
		tbr: array
		tfl: array
		tfr: array
		triangles: array
		x: undefined
		y: undefined
Paused at 126
	Hit Breakpoint(s) 
	Call Stack: Triangle, raytraceScene 
	Bindings: det: undefined
		edge1: undefined
		edge2: undefined
		normal: undefined
		p1: array
		p2: array
		p3: array
		u: undefined
		u1: undefined
		u2: undefined
		v: undefined
		v1: undefined
		v2: undefined
Paused at 73
	Hit Breakpoint(s) 
	Call Stack: sub, Triangle, raytraceScene 
	Bindings: v1: array
		v2: array
Paused at 73
	Call Stack: sub, Triangle, raytraceScene 
	Bindings: v1: array
		v2: array
Paused at 73
	Hit Breakpoint(s) 
	Call Stack: sub, Triangle, raytraceScene 
	Bindings: v1: array
		v2: array
Paused at 88
	Hit Breakpoint(s) 
	Call Stack: cross, Triangle, raytraceScene 
	Bindings: v1: array
		v2: array
Paused at 92
	Hit Breakpoint(s) 
	Call Stack: cross, Triangle, raytraceScene 
	Bindings: v1: array
		v2: array
Paused at 92
	Call Stack: cross, Triangle, raytraceScene 
	Bindings: v1: array
		v2: array
Paused at 158
	Call Stack: Triangle, raytraceScene 
	Bindings: det: number = 400
		edge1: array
		edge2: array
		normal: array
		p1: array
		p2: array
		p3: array
		u: number = 0
		u1: number = 0
		u2: number = 20
		v: number = 1
		v1: number = -20
		v2: number = -20
Paused at 126
	Hit Breakpoint(s) 
	Call Stack: Triangle, raytraceScene 
	Bindings: det: undefined
		edge1: undefined
		edge2: undefined
		normal: undefined
		p1: array
		p2: array
		p3: array
		u: undefined
		u1: undefined
		u2: undefined
		v: undefined
		v1: undefined
		v2: undefined
Paused at 73
	Hit Breakpoint(s) 
	Call Stack: sub, Triangle, raytraceScene 
	Bindings: v1: array
		v2: array
Paused at 73
	Call Stack: sub, Triangle, raytraceScene 
	Bindings: v1: array
		v2: array
Paused at 126
	Call Stack: Triangle, raytraceScene 
	Bindings: det: undefined
		edge1: undefined
		edge2: undefined
		normal: undefined
		p1: array
		p2: array
		p3: array
		u: undefined
		u1: undefined
		u2: undefined
		v: undefined
		v1: undefined
		v2: undefined
Paused at 127
	Call Stack: Triangle, raytraceScene 
	Bindings: det: undefined
		edge1: array
		edge2: undefined
		normal: undefined
		p1: array
		p2: array
		p3: array
		u: undefined
		u1: undefined
		u2: undefined
		v: undefined
		v1: undefined
		v2: undefined
Paused at 73
	Hit Breakpoint(s) 
	Call Stack: sub, Triangle, raytraceScene 
	Bindings: v1: array
		v2: array
Paused at 73
	Call Stack: sub, Triangle, raytraceScene 
	Bindings: v1: array
		v2: array
Paused at 88
	Hit Breakpoint(s) 
	Call Stack: cross, Triangle, raytraceScene 
	Bindings: v1: array
		v2: array
Paused at 92
	Hit Breakpoint(s) 
	Call Stack: cross, Triangle, raytraceScene 
	Bindings: v1: array
		v2: array
Paused at 126
	Hit Breakpoint(s) 
	Call Stack: Triangle, raytraceScene 
	Bindings: det: undefined
		edge1: undefined
		edge2: undefined
		normal: undefined
		p1: array
		p2: array
		p3: array
		u: undefined
		u1: undefined
		u2: undefined
		v: undefined
		v1: undefined
		v2: undefined
Paused at 73
	Hit Breakpoint(s) 
	Call Stack: sub, Triangle, raytraceScene 
	Bindings: v1: array
		v2: array
Paused at 73
	Call Stack: sub, Triangle, raytraceScene 
	Bindings: v1: array
		v2: array
Paused at 126
	Call Stack: Triangle, raytraceScene 
	Bindings: det: undefined
		edge1: undefined
		edge2: undefined
		normal: undefined
		p1: array
		p2: array
		p3: array
		u: undefined
		u1: undefined
		u2: undefined
		v: undefined
		v1: undefined
		v2: undefined
Paused at 127
	Call Stack: Triangle, raytraceScene 
	Bindings: det: undefined
		edge1: array
		edge2: undefined
		normal: undefined
		p1: array
		p2: array
		p3: array
		u: undefined
		u1: undefined
		u2: undefined
		v: undefined
		v1: undefined
		v2: undefined
Paused at 72
	Call Stack: sub, Triangle, raytraceScene 
	Bindings: v1: array
		v2: array
Paused at 73
	Call Stack: sub, Triangle, raytraceScene 
	Bindings: v1: array
		v2: array
Paused at 73
	Call Stack: sub, Triangle, raytraceScene 
	Bindings: v1: array
		v2: array
Paused at 128
	Call Stack: Triangle, raytraceScene 
	Bindings: det: undefined
		edge1: array
		edge2: array
		normal: undefined
		p1: array
		p2: array
		p3: array
		u: undefined
		u1: undefined
		u2: undefined
		v: undefined
		v1: undefined
		v2: undefined
Paused at 88
	Hit Breakpoint(s) 
	Call Stack: cross, Triangle, raytraceScene 
	Bindings: v1: array
		v2: array
Paused at 92
	Hit Breakpoint(s) 
	Call Stack: cross, Triangle, raytraceScene 
	Bindings: v1: array
		v2: array
Paused at 92
	Call Stack: cross, Triangle, raytraceScene 
	Bindings: v1: array
		v2: array
Paused at 128
	Call Stack: Triangle, raytraceScene 
	Bindings: det: undefined
		edge1: array
		edge2: array
		normal: undefined
		p1: array
		p2: array
		p3: array
		u: undefined
		u1: undefined
		u2: undefined
		v: undefined
		v1: undefined
		v2: undefined
Paused at 126
	Hit Breakpoint(s) 
	Call Stack: Triangle, raytraceScene 
	Bindings: det: undefined
		edge1: undefined
		edge2: undefined
		normal: undefined
		p1: array
		p2: array
		p3: array
		u: undefined
		u1: undefined
		u2: undefined
		v: undefined
		v1: undefined
		v2: undefined
Paused at 73
	Hit Breakpoint(s) 
	Call Stack: sub, Triangle, raytraceScene 
	Bindings: v1: array
		v2: array
Paused at 73
	Call Stack: sub, Triangle, raytraceScene 
	Bindings: v1: array
		v2: array
Paused at 73
	Hit Breakpoint(s) 
	Call Stack: sub, Triangle, raytraceScene 
	Bindings: v1: array
		v2: array
Paused at 88
	Hit Breakpoint(s) 
	Call Stack: cross, Triangle, raytraceScene 
	Bindings: v1: array
		v2: array
Paused at 89
	Call Stack: cross, Triangle, raytraceScene 
	Bindings: v1: array
		v2: array
Paused at 92
	Hit Breakpoint(s) 
	Call Stack: cross, Triangle, raytraceScene 
	Bindings: v1: array
		v2: array
Paused at 341
	Hit Breakpoint(s) 
	Call Stack: raytraceScene 
	Bindings: _camera: undefined
		_scene: undefined
		bbl: array
		bbr: array
		bfl: array
		bfr: array
		fbl: undefined
		fbr: undefined
		ffl: undefined
		ffr: undefined
		floorShader: undefined
		green: undefined
		grey: undefined
		i: number = 5
		numTriangles: number = 12
		pixels: undefined
		size: undefined
		startDate: number = 1496936595481
		tbl: array
		tbr: array
		tfl: array
		tfr: array
		triangles: array
		x: undefined
		y: undefined
Paused at 126
	Hit Breakpoint(s) 
	Call Stack: Triangle, raytraceScene 
	Bindings: det: undefined
		edge1: undefined
		edge2: undefined
		normal: undefined
		p1: array
		p2: array
		p3: array
		u: undefined
		u1: undefined
		u2: undefined
		v: undefined
		v1: undefined
		v2: undefined
Paused at 73
	Hit Breakpoint(s) 
	Call Stack: sub, Triangle, raytraceScene 
	Bindings: v1: array
		v2: array
Paused at 73
	Call Stack: sub, Triangle, raytraceScene 
	Bindings: v1: array
		v2: array
Paused at 126
	Call Stack: Triangle, raytraceScene 
	Bindings: det: undefined
		edge1: undefined
		edge2: undefined
		normal: undefined
		p1: array
		p2: array
		p3: array
		u: undefined
		u1: undefined
		u2: undefined
		v: undefined
		v1: undefined
		v2: undefined
Paused at 127
	Call Stack: Triangle, raytraceScene 
	Bindings: det: undefined
		edge1: array
		edge2: undefined
		normal: undefined
		p1: array
		p2: array
		p3: array
		u: undefined
		u1: undefined
		u2: undefined
		v: undefined
		v1: undefined
		v2: undefined
Paused at 73
	Hit Breakpoint(s) 
	Call Stack: sub, Triangle, raytraceScene 
	Bindings: v1: array
		v2: array
Paused at 88
	Hit Breakpoint(s) 
	Call Stack: cross, Triangle, raytraceScene 
	Bindings: v1: array
		v2: array
Paused at 89
	Call Stack: cross, Triangle, raytraceScene 
	Bindings: v1: array
		v2: array
Paused at 92
	Hit Breakpoint(s) 
	Call Stack: cross, Triangle, raytraceScene 
	Bindings: v1: array
		v2: array
Paused at 92
	Call Stack: cross, Triangle, raytraceScene 
	Bindings: v1: array
		v2: array
Paused at 128
	Call Stack: Triangle, raytraceScene 
	Bindings: det: undefined
		edge1: array
		edge2: array
		normal: undefined
		p1: array
		p2: array
		p3: array
		u: undefined
		u1: undefined
		u2: undefined
		v: undefined
		v1: undefined
		v2: undefined
Paused at 129
	Call Stack: Triangle, raytraceScene 
	Bindings: det: undefined
		edge1: array
		edge2: array
		normal: array
		p1: array
		p2: array
		p3: array
		u: undefined
		u1: undefined
		u2: undefined
		v: undefined
		v1: undefined
		v2: undefined
Paused at 158
	Call Stack: Triangle, raytraceScene 
	Bindings: det: number = 400
		edge1: array
		edge2: array
		normal: array
		p1: array
		p2: array
		p3: array
		u: number = 1
		u1: number = -20
		u2: number = -20
		v: number = 2
		v1: number = 20
		v2: number = 0
Paused at 126
	Hit Breakpoint(s) 
	Call Stack: Triangle, raytraceScene 
	Bindings: det: undefined
		edge1: undefined
		edge2: undefined
		normal: undefined
		p1: array
		p2: array
		p3: array
		u: undefined
		u1: undefined
		u2: undefined
		v: undefined
		v1: undefined
		v2: undefined
Paused at 72
	Call Stack: sub, Triangle, raytraceScene 
	Bindings: v1: array
		v2: array
Paused at 73
	Call Stack: sub, Triangle, raytraceScene 
	Bindings: v1: array
		v2: array
Paused at 73
	Call Stack: sub, Triangle, raytraceScene 
	Bindings: v1: array
		v2: array
Paused at 73
	Hit Breakpoint(s) 
	Call Stack: sub, Triangle, raytraceScene 
	Bindings: v1: array
		v2: array
Paused at 73
	Call Stack: sub, Triangle, raytraceScene 
	Bindings: v1: array
		v2: array
Paused at 88
	Hit Breakpoint(s) 
	Call Stack: cross, Triangle, raytraceScene 
	Bindings: v1: array
		v2: array
Paused at 89
	Call Stack: cross, Triangle, raytraceScene 
	Bindings: v1: array
		v2: array
Paused at 90
	Call Stack: cross, Triangle, raytraceScene 
	Bindings: v1: array
		v2: array
Paused at 92
	Call Stack: cross, Triangle, raytraceScene 
	Bindings: v1: array
		v2: array
Paused at 92
	Hit Breakpoint(s) 
	Call Stack: cross, Triangle, raytraceScene 
	Bindings: v1: array
		v2: array
Paused at 345
	Hit Breakpoint(s) 
	Call Stack: raytraceScene 
	Bindings: _camera: undefined
		_scene: undefined
		bbl: array
		bbr: array
		bfl: array
		bfr: array
		fbl: undefined
		fbr: undefined
		ffl: undefined
		ffr: undefined
		floorShader: undefined
		green: undefined
		grey: undefined
		i: number = 7
		numTriangles: number = 12
		pixels: undefined
		size: undefined
		startDate: number = 1496936595481
		tbl: array
		tbr: array
		tfl: array
		tfr: array
		triangles: array
		x: undefined
		y: undefined
Paused at 126
	Call Stack: Triangle, raytraceScene 
	Bindings: det: undefined
		edge1: undefined
		edge2: undefined
		normal: undefined
		p1: array
		p2: array
		p3: array
		u: undefined
		u1: undefined
		u2: undefined
		v: undefined
		v1: undefined
		v2: undefined
Paused at 126
	Hit Breakpoint(s) 
	Call Stack: Triangle, raytraceScene 
	Bindings: det: undefined
		edge1: undefined
		edge2: undefined
		normal: undefined
		p1: array
		p2: array
		p3: array
		u: undefined
		u1: undefined
		u2: undefined
		v: undefined
		v1: undefined
		v2: undefined
Paused at 73
	Hit Breakpoint(s) 
	Call Stack: sub, Triangle, raytraceScene 
	Bindings: v1: array
		v2: array
Paused at 73
	Call Stack: sub, Triangle, raytraceScene 
	Bindings: v1: array
		v2: array
Paused at 126
	Call Stack: Triangle, raytraceScene 
	Bindings: det: undefined
		edge1: undefined
		edge2: undefined
		normal: undefined
		p1: array
		p2: array
		p3: array
		u: undefined
		u1: undefined
		u2: undefined
		v: undefined
		v1: undefined
		v2: undefined
Paused at 127
	Call Stack: Triangle, raytraceScene 
	Bindings: det: undefined
		edge1: array
		edge2: undefined
		normal: undefined
		p1: array
		p2: array
		p3: array
		u: undefined
		u1: undefined
		u2: undefined
		v: undefined
		v1: undefined
		v2: undefined
Paused at 72
	Call Stack: sub, Triangle, raytraceScene 
	Bindings: v1: array
		v2: array
Paused at 73
	Hit Breakpoint(s) 
	Call Stack: sub, Triangle, raytraceScene 
	Bindings: v1: array
		v2: array
Paused at 73
	Call Stack: sub, Triangle, raytraceScene 
	Bindings: v1: array
		v2: array
Paused at 88
	Hit Breakpoint(s) 
	Call Stack: cross, Triangle, raytraceScene 
	Bindings: v1: array
		v2: array
Paused at 92
	Hit Breakpoint(s) 
	Call Stack: cross, Triangle, raytraceScene 
	Bindings: v1: array
		v2: array
Paused at 92
	Call Stack: cross, Triangle, raytraceScene 
	Bindings: v1: array
		v2: array
Paused at 126
	Hit Breakpoint(s) 
	Call Stack: Triangle, raytraceScene 
	Bindings: det: undefined
		edge1: undefined
		edge2: undefined
		normal: undefined
		p1: array
		p2: array
		p3: array
		u: undefined
		u1: undefined
		u2: undefined
		v: undefined
		v1: undefined
		v2: undefined
Paused at 73
	Hit Breakpoint(s) 
	Call Stack: sub, Triangle, raytraceScene 
	Bindings: v1: array
		v2: array
Paused at 73
	Call Stack: sub, Triangle, raytraceScene 
	Bindings: v1: array
		v2: array
Paused at 126
	Call Stack: Triangle, raytraceScene 
	Bindings: det: undefined
		edge1: undefined
		edge2: undefined
		normal: undefined
		p1: array
		p2: array
		p3: array
		u: undefined
		u1: undefined
		u2: undefined
		v: undefined
		v1: undefined
		v2: undefined
Paused at 127
	Call Stack: Triangle, raytraceScene 
	Bindings: det: undefined
		edge1: array
		edge2: undefined
		normal: undefined
		p1: array
		p2: array
		p3: array
		u: undefined
		u1: undefined
		u2: undefined
		v: undefined
		v1: undefined
		v2: undefined
Paused at 73
	Hit Breakpoint(s) 
	Call Stack: sub, Triangle, raytraceScene 
	Bindings: v1: array
		v2: array
Paused at 88
	Hit Breakpoint(s) 
	Call Stack: cross, Triangle, raytraceScene 
	Bindings: v1: array
		v2: array
Paused at 92
	Hit Breakpoint(s) 
	Call Stack: cross, Triangle, raytraceScene 
	Bindings: v1: array
		v2: array
Paused at 92
	Call Stack: cross, Triangle, raytraceScene 
	Bindings: v1: array
		v2: array
Paused at 158
	Call Stack: Triangle, raytraceScene 
	Bindings: det: number = -400
		edge1: array
		edge2: array
		normal: array
		p1: array
		p2: array
		p3: array
		u: number = 2
		u1: number = -20
		u2: number = 0
		v: number = 0
		v1: number = 20
		v2: number = 20
Paused at 347
	Call Stack: raytraceScene 
	Bindings: _camera: undefined
		_scene: undefined
		bbl: array
		bbr: array
		bfl: array
		bfr: array
		fbl: undefined
		fbr: undefined
		ffl: undefined
		ffr: undefined
		floorShader: undefined
		green: undefined
		grey: undefined
		i: number = 9
		numTriangles: number = 12
		pixels: undefined
		size: undefined
		startDate: number = 1496936595481
		tbl: array
		tbr: array
		tfl: array
		tfr: array
		triangles: array
		x: undefined
		y: undefined
Paused at 348
	Call Stack: raytraceScene 
	Bindings: _camera: undefined
		_scene: undefined
		bbl: array
		bbr: array
		bfl: array
		bfr: array
		fbl: undefined
		fbr: undefined
		ffl: undefined
		ffr: undefined
		floorShader: undefined
		green: undefined
		grey: undefined
		i: number = 9
		numTriangles: number = 12
		pixels: undefined
		size: undefined
		startDate: number = 1496936595481
		tbl: array
		tbr: array
		tfl: array
		tfr: array
		triangles: array
		x: undefined
		y: undefined
Paused at 126
	Hit Breakpoint(s) 
	Call Stack: Triangle, raytraceScene 
	Bindings: det: undefined
		edge1: undefined
		edge2: undefined
		normal: undefined
		p1: array
		p2: array
		p3: array
		u: undefined
		u1: undefined
		u2: undefined
		v: undefined
		v1: undefined
		v2: undefined
Paused at 72
	Call Stack: sub, Triangle, raytraceScene 
	Bindings: v1: array
		v2: array
Paused at 73
	Call Stack: sub, Triangle, raytraceScene 
	Bindings: v1: array
		v2: array
Paused at 73
	Hit Breakpoint(s) 
	Call Stack: sub, Triangle, raytraceScene 
	Bindings: v1: array
		v2: array
Paused at 73
	Call Stack: sub, Triangle, raytraceScene 
	Bindings: v1: array
		v2: array
Paused at 126
	Call Stack: Triangle, raytraceScene 
	Bindings: det: undefined
		edge1: undefined
		edge2: undefined
		normal: undefined
		p1: array
		p2: array
		p3: array
		u: undefined
		u1: undefined
		u2: undefined
		v: undefined
		v1: undefined
		v2: undefined
Paused at 127
	Call Stack: Triangle, raytraceScene 
	Bindings: det: undefined
		edge1: array
		edge2: undefined
		normal: undefined
		p1: array
		p2: array
		p3: array
		u: undefined
		u1: undefined
		u2: undefined
		v: undefined
		v1: undefined
		v2: undefined
Paused at 73
	Hit Breakpoint(s) 
	Call Stack: sub, Triangle, raytraceScene 
	Bindings: v1: array
		v2: array
Paused at 73
	Call Stack: sub, Triangle, raytraceScene 
	Bindings: v1: array
		v2: array
Paused at 127
	Call Stack: Triangle, raytraceScene 
	Bindings: det: undefined
		edge1: array
		edge2: undefined
		normal: undefined
		p1: array
		p2: array
		p3: array
		u: undefined
		u1: undefined
		u2: undefined
		v: undefined
		v1: undefined
		v2: undefined
Paused at 88
	Hit Breakpoint(s) 
	Call Stack: cross, Triangle, raytraceScene 
	Bindings: v1: array
		v2: array
Paused at 89
	Call Stack: cross, Triangle, raytraceScene 
	Bindings: v1: array
		v2: array
Paused at 92
	Hit Breakpoint(s) 
	Call Stack: cross, Triangle, raytraceScene 
	Bindings: v1: array
		v2: array
Paused at 126
	Hit Breakpoint(s) 
	Call Stack: Triangle, raytraceScene 
	Bindings: det: undefined
		edge1: undefined
		edge2: undefined
		normal: undefined
		p1: array
		p2: array
		p3: array
		u: undefined
		u1: undefined
		u2: undefined
		v: undefined
		v1: undefined
		v2: undefined
Paused at 73
	Hit Breakpoint(s) 
	Call Stack: sub, Triangle, raytraceScene 
	Bindings: v1: array
		v2: array
Paused at 73
	Call Stack: sub, Triangle, raytraceScene 
	Bindings: v1: array
		v2: array
Paused at 126
	Call Stack: Triangle, raytraceScene 
	Bindings: det: undefined
		edge1: undefined
		edge2: undefined
		normal: undefined
		p1: array
		p2: array
		p3: array
		u: undefined
		u1: undefined
		u2: undefined
		v: undefined
		v1: undefined
		v2: undefined
Paused at 127
	Call Stack: Triangle, raytraceScene 
	Bindings: det: undefined
		edge1: array
		edge2: undefined
		normal: undefined
		p1: array
		p2: array
		p3: array
		u: undefined
		u1: undefined
		u2: undefined
		v: undefined
		v1: undefined
		v2: undefined
Paused at 73
	Hit Breakpoint(s) 
	Call Stack: sub, Triangle, raytraceScene 
	Bindings: v1: array
		v2: array
Paused at 73
	Call Stack: sub, Triangle, raytraceScene 
	Bindings: v1: array
		v2: array
Paused at 127
	Call Stack: Triangle, raytraceScene 
	Bindings: det: undefined
		edge1: array
		edge2: undefined
		normal: undefined
		p1: array
		p2: array
		p3: array
		u: undefined
		u1: undefined
		u2: undefined
		v: undefined
		v1: undefined
		v2: undefined
Paused at 128
	Call Stack: Triangle, raytraceScene 
	Bindings: det: undefined
		edge1: array
		edge2: array
		normal: undefined
		p1: array
		p2: array
		p3: array
		u: undefined
		u1: undefined
		u2: undefined
		v: undefined
		v1: undefined
		v2: undefined
Paused at 88
	Hit Breakpoint(s) 
	Call Stack: cross, Triangle, raytraceScene 
	Bindings: v1: array
		v2: array
Paused at 92
	Hit Breakpoint(s) 
	Call Stack: cross, Triangle, raytraceScene 
	Bindings: v1: array
		v2: array
Paused at 92
	Call Stack: cross, Triangle, raytraceScene 
	Bindings: v1: array
		v2: array
Paused at 128
	Call Stack: Triangle, raytraceScene 
	Bindings: det: undefined
		edge1: array
		edge2: array
		normal: undefined
		p1: array
		p2: array
		p3: array
		u: undefined
		u1: undefined
		u2: undefined
		v: undefined
		v1: undefined
		v2: undefined
Paused at 158
	Call Stack: Triangle, raytraceScene 
	Bindings: det: number = -400
		edge1: array
		edge2: array
		normal: array
		p1: array
		p2: array
		p3: array
		u: number = 2
		u1: number = -20
		u2: number = 0
		v: number = 0
		v1: number = 20
		v2: number = 20
Paused at 351
	Hit Breakpoint(s) 
	Call Stack: raytraceScene 
	Bindings: _camera: undefined
		_scene: undefined
		bbl: array
		bbr: array
		bfl: array
		bfr: array
		fbl: undefined
		fbr: undefined
		ffl: undefined
		ffr: undefined
		floorShader: undefined
		green: undefined
		grey: undefined
		i: number = 11
		numTriangles: number = 12
		pixels: undefined
		size: undefined
		startDate: number = 1496936595481
		tbl: array
		tbr: array
		tfl: array
		tfr: array
		triangles: array
		x: undefined
		y: undefined
Paused at 126
	Hit Breakpoint(s) 
	Call Stack: Triangle, raytraceScene 
	Bindings: det: undefined
		edge1: undefined
		edge2: undefined
		normal: undefined
		p1: array
		p2: array
		p3: array
		u: undefined
		u1: undefined
		u2: undefined
		v: undefined
		v1: undefined
		v2: undefined
Paused at 73
	Hit Breakpoint(s) 
	Call Stack: sub, Triangle, raytraceScene 
	Bindings: v1: array
		v2: array
Paused at 73
	Hit Breakpoint(s) 
	Call Stack: sub, Triangle, raytraceScene 
	Bindings: v1: array
		v2: array
Paused at 73
	Call Stack: sub, Triangle, raytraceScene 
	Bindings: v1: array
		v2: array
Paused at 127
	Call Stack: Triangle, raytraceScene 
	Bindings: det: undefined
		edge1: array
		edge2: undefined
		normal: undefined
		p1: array
		p2: array
		p3: array
		u: undefined
		u1: undefined
		u2: undefined
		v: undefined
		v1: undefined
		v2: undefined
Paused at 128
	Call Stack: Triangle, raytraceScene 
	Bindings: det: undefined
		edge1: array
		edge2: array
		normal: undefined
		p1: array
		p2: array
		p3: array
		u: undefined
		u1: undefined
		u2: undefined
		v: undefined
		v1: undefined
		v2: undefined
Paused at 88
	Hit Breakpoint(s) 
	Call Stack: cross, Triangle, raytraceScene 
	Bindings: v1: array
		v2: array
Paused at 89
	Call Stack: cross, Triangle, raytraceScene 
	Bindings: v1: array
		v2: array
Paused at 90
	Call Stack: cross, Triangle, raytraceScene 
	Bindings: v1: array
		v2: array
Paused at 92
	Call Stack: cross, Triangle, raytraceScene 
	Bindings: v1: array
		v2: array
Paused at 92
	Hit Breakpoint(s) 
	Call Stack: cross, Triangle, raytraceScene 
	Bindings: v1: array
		v2: array
Paused at 92
	Call Stack: cross, Triangle, raytraceScene 
	Bindings: v1: array
		v2: array
Paused at 128
	Call Stack: Triangle, raytraceScene 
	Bindings: det: undefined
		edge1: array
		edge2: array
		normal: undefined
		p1: array
		p2: array
		p3: array
		u: undefined
		u1: undefined
		u2: undefined
		v: undefined
		v1: undefined
		v2: undefined
Paused at 158
	Call Stack: Triangle, raytraceScene 
	Bindings: det: number = -400
		edge1: array
		edge2: array
		normal: array
		p1: array
		p2: array
		p3: array
		u: number = 2
		u1: number = -20
		u2: number = -20
		v: number = 0
		v1: number = 0
		v2: number = 20
Paused at 27
	Hit Breakpoint(s) 
	Call Stack: createVector, raytraceScene 
	Bindings: x: number = 0
		y: number = 0.4
		z: number = 0
Paused at 28
	Call Stack: createVector, raytraceScene 
	Bindings: x: number = 0
		y: number = 0.4
		z: number = 0
Paused at 28
	Call Stack: createVector, raytraceScene 
	Bindings: x: number = 0
		y: number = 0.4
		z: number = 0
Paused at 27
	Hit Breakpoint(s) 
	Call Stack: createVector, raytraceScene 
	Bindings: x: number = 0.4
		y: number = 0.4
		z: number = 0.4
Paused at 28
	Call Stack: createVector, raytraceScene 
	Bindings: x: number = 0.4
		y: number = 0.4
		z: number = 0.4
Paused at 28
	Call Stack: createVector, raytraceScene 
	Bindings: x: number = 0.4
		y: number = 0.4
		z: number = 0.4
Paused at 355
	Call Stack: raytraceScene 
	Bindings: _camera: undefined
		_scene: undefined
		bbl: array
		bbr: array
		bfl: array
		bfr: array
		fbl: undefined
		fbr: undefined
		ffl: undefined
		ffr: undefined
		floorShader: undefined
		green: array
		grey: undefined
		i: number = 12
		numTriangles: number = 12
		pixels: undefined
		size: undefined
		startDate: number = 1496936595481
		tbl: array
		tbr: array
		tfl: array
		tfr: array
		triangles: array
		x: undefined
		y: undefined
Paused at 356
	Call Stack: raytraceScene 
	Bindings: _camera: undefined
		_scene: undefined
		bbl: array
		bbr: array
		bfl: array
		bfr: array
		fbl: undefined
		fbr: undefined
		ffl: undefined
		ffr: undefined
		floorShader: undefined
		green: array
		grey: array
		i: number = 12
		numTriangles: number = 12
		pixels: undefined
		size: undefined
		startDate: number = 1496936595481
		tbl: array
		tbr: array
		tfl: array
		tfr: array
		triangles: array
		x: undefined
		y: undefined
Paused at 357
	Call Stack: raytraceScene 
	Bindings: _camera: undefined
		_scene: undefined
		bbl: array
		bbr: array
		bfl: array
		bfr: array
		fbl: undefined
		fbr: undefined
		ffl: undefined
		ffr: undefined
		floorShader: undefined
		green: array
		grey: array
		i: number = 12
		numTriangles: number = 12
		pixels: undefined
		size: undefined
		startDate: number = 1496936595481
		tbl: array
		tbr: array
		tfl: array
		tfr: array
		triangles: array
		x: undefined
		y: undefined
Paused at 371
	Call Stack: raytraceScene 
	Bindings: _camera: undefined
		_scene: undefined
		bbl: array
		bbr: array
		bfl: array
		bfr: array
		fbl: undefined
		fbr: undefined
		ffl: undefined
		ffr: undefined
		floorShader: function
		green: array
		grey: array
		i: number = 12
		numTriangles: number = 12
		pixels: undefined
		size: undefined
		startDate: number = 1496936595481
		tbl: array
		tbr: array
		tfl: array
		tfr: array
		triangles: array
		x: undefined
		y: undefined
Paused at 27
	Hit Breakpoint(s) 
	Call Stack: createVector, raytraceScene 
	Bindings: x: number = -1000
		y: number = -30
		z: number = -1000
Paused at 28
	Call Stack: createVector, raytraceScene 
	Bindings: x: number = -1000
		y: number = -30
		z: number = -1000
Paused at 28
	Call Stack: createVector, raytraceScene 
	Bindings: x: number = -1000
		y: number = -30
		z: number = -1000
Paused at 372
	Call Stack: raytraceScene 
	Bindings: _camera: undefined
		_scene: undefined
		bbl: array
		bbr: array
		bfl: array
		bfr: array
		fbl: undefined
		fbr: undefined
		ffl: array
		ffr: undefined
		floorShader: function
		green: array
		grey: array
		i: number = 12
		numTriangles: number = 12
		pixels: undefined
		size: undefined
		startDate: number = 1496936595481
		tbl: array
		tbr: array
		tfl: array
		tfr: array
		triangles: array
		x: undefined
		y: undefined
Paused at 27
	Hit Breakpoint(s) 
	Call Stack: createVector, raytraceScene 
	Bindings: x: number = 1000
		y: number = -30
		z: number = -1000
Paused at 28
	Call Stack: createVector, raytraceScene 
	Bindings: x: number = 1000
		y: number = -30
		z: number = -1000
Paused at 373
	Call Stack: raytraceScene 
	Bindings: _camera: undefined
		_scene: undefined
		bbl: array
		bbr: array
		bfl: array
		bfr: array
		fbl: undefined
		fbr: undefined
		ffl: array
		ffr: array
		floorShader: function
		green: array
		grey: array
		i: number = 12
		numTriangles: number = 12
		pixels: undefined
		size: undefined
		startDate: number = 1496936595481
		tbl: array
		tbr: array
		tfl: array
		tfr: array
		triangles: array
		x: undefined
		y: undefined
Paused at 27
	Hit Breakpoint(s) 
	Call Stack: createVector, raytraceScene 
	Bindings: x: number = -1000
		y: number = -30
		z: number = 1000
Paused at 28
	Call Stack: createVector, raytraceScene 
	Bindings: x: number = -1000
		y: number = -30
		z: number = 1000
Paused at 373
	Call Stack: raytraceScene 
	Bindings: _camera: undefined
		_scene: undefined
		bbl: array
		bbr: array
		bfl: array
		bfr: array
		fbl: undefined
		fbr: undefined
		ffl: array
		ffr: array
		floorShader: function
		green: array
		grey: array
		i: number = 12
		numTriangles: number = 12
		pixels: undefined
		size: undefined
		startDate: number = 1496936595481
		tbl: array
		tbr: array
		tfl: array
		tfr: array
		triangles: array
		x: undefined
		y: undefined
Paused at 374
	Call Stack: raytraceScene 
	Bindings: _camera: undefined
		_scene: undefined
		bbl: array
		bbr: array
		bfl: array
		bfr: array
		fbl: array
		fbr: undefined
		ffl: array
		ffr: array
		floorShader: function
		green: array
		grey: array
		i: number = 12
		numTriangles: number = 12
		pixels: undefined
		size: undefined
		startDate: number = 1496936595481
		tbl: array
		tbr: array
		tfl: array
		tfr: array
		triangles: array
		x: undefined
		y: undefined
Paused at 27
	Hit Breakpoint(s) 
	Call Stack: createVector, raytraceScene 
	Bindings: x: number = 1000
		y: number = -30
		z: number = 1000
Paused at 126
	Hit Breakpoint(s) 
	Call Stack: Triangle, raytraceScene 
	Bindings: det: undefined
		edge1: undefined
		edge2: undefined
		normal: undefined
		p1: array
		p2: array
		p3: array
		u: undefined
		u1: undefined
		u2: undefined
		v: undefined
		v1: undefined
		v2: undefined
Paused at 73
	Hit Breakpoint(s) 
	Call Stack: sub, Triangle, raytraceScene 
	Bindings: v1: array
		v2: array
Paused at 73
	Call Stack: sub, Triangle, raytraceScene 
	Bindings: v1: array
		v2: array
Paused at 126
	Call Stack: Triangle, raytraceScene 
	Bindings: det: undefined
		edge1: undefined
		edge2: undefined
		normal: undefined
		p1: array
		p2: array
		p3: array
		u: undefined
		u1: undefined
		u2: undefined
		v: undefined
		v1: undefined
		v2: undefined
Paused at 127
	Call Stack: Triangle, raytraceScene 
	Bindings: det: undefined
		edge1: array
		edge2: undefined
		normal: undefined
		p1: array
		p2: array
		p3: array
		u: undefined
		u1: undefined
		u2: undefined
		v: undefined
		v1: undefined
		v2: undefined
Paused at 73
	Hit Breakpoint(s) 
	Call Stack: sub, Triangle, raytraceScene 
	Bindings: v1: array
		v2: array
Paused at 73
	Call Stack: sub, Triangle, raytraceScene 
	Bindings: v1: array
		v2: array
Paused at 88
	Hit Breakpoint(s) 
	Call Stack: cross, Triangle, raytraceScene 
	Bindings: v1: array
		v2: array
Paused at 92
	Hit Breakpoint(s) 
	Call Stack: cross, Triangle, raytraceScene 
	Bindings: v1: array
		v2: array
Paused at 92
	Call Stack: cross, Triangle, raytraceScene 
	Bindings: v1: array
		v2: array
Paused at 128
	Call Stack: Triangle, raytraceScene 
	Bindings: det: undefined
		edge1: array
		edge2: array
		normal: undefined
		p1: array
		p2: array
		p3: array
		u: undefined
		u1: undefined
		u2: undefined
		v: undefined
		v1: undefined
		v2: undefined
