Breakpoint Set at 3
Breakpoint Set at 36
Breakpoint Set at 36
Breakpoint Set at 25
Paused at 3
	Hit Breakpoint(s) 
	Call Stack:  
	Bindings: 
Paused at 36
	Hit Breakpoint(s) 
	Call Stack:  
	Bindings: 
Paused at 25
	Hit Breakpoint(s) 
	Call Stack: fast3bitlookup, TimeFunc 
	Bindings: b: number = 0
		bi3b: number = 59796
		c: number = 0
Paused at 32
	Call Stack: TimeFunc 
	Bindings: func: function
		sum: number = 0
		t: undefined
		x: number = 0
		y: number = 0
Paused at 32
	Call Stack: TimeFunc 
	Bindings: func: function
		sum: number = 0
		t: undefined
		x: number = 0
		y: number = 1
Paused at 25
	Hit Breakpoint(s) 
	Call Stack: fast3bitlookup, TimeFunc 
	Bindings: b: number = 1
		bi3b: number = 59796
		c: number = 1
Paused at 25
	Hit Breakpoint(s) 
	Call Stack: fast3bitlookup, TimeFunc 
	Bindings: b: number = 2
		bi3b: number = 59796
		c: number = 1
Paused at 32
	Call Stack: TimeFunc 
	Bindings: func: function
		sum: number = 2
		t: undefined
		x: number = 0
		y: number = 2
Paused at 32
	Call Stack: TimeFunc 
	Bindings: func: function
		sum: number = 2
		t: undefined
		x: number = 0
		y: number = 3
Paused at 25
	Hit Breakpoint(s) 
	Call Stack: fast3bitlookup, TimeFunc 
	Bindings: b: number = 3
		bi3b: number = 59796
		c: number = 2
Paused at 25
	Hit Breakpoint(s) 
	Call Stack: fast3bitlookup, TimeFunc 
	Bindings: b: number = 4
		bi3b: number = 59796
		c: number = 1
Paused at 32
	Call Stack: TimeFunc 
	Bindings: func: function
		sum: number = 5
		t: undefined
		x: number = 0
		y: number = 4
Paused at 25
	Hit Breakpoint(s) 
	Call Stack: fast3bitlookup, TimeFunc 
	Bindings: b: number = 5
		bi3b: number = 59796
		c: number = 2
Paused at 32
	Call Stack: TimeFunc 
	Bindings: func: function
		sum: number = 7
		t: undefined
		x: number = 0
		y: number = 5
Paused at 25
	Hit Breakpoint(s) 
	Call Stack: fast3bitlookup, TimeFunc 
	Bindings: b: number = 6
		bi3b: number = 59796
		c: number = 2
Paused at 32
	Call Stack: TimeFunc 
	Bindings: func: function
		sum: number = 9
		t: undefined
		x: number = 0
		y: number = 6
Paused at 25
	Hit Breakpoint(s) 
	Call Stack: fast3bitlookup, TimeFunc 
	Bindings: b: number = 7
		bi3b: number = 59796
		c: number = 3
Paused at 32
	Call Stack: TimeFunc 
	Bindings: func: function
		sum: number = 12
		t: undefined
		x: number = 0
		y: number = 7
Paused at 25
	Hit Breakpoint(s) 
	Call Stack: fast3bitlookup, TimeFunc 
	Bindings: b: number = 8
		bi3b: number = 59796
		c: number = 1
Paused at 25
	Hit Breakpoint(s) 
	Call Stack: fast3bitlookup, TimeFunc 
	Bindings: b: number = 9
		bi3b: number = 59796
		c: number = 2
Paused at 25
	Hit Breakpoint(s) 
	Call Stack: fast3bitlookup, TimeFunc 
	Bindings: b: number = 10
		bi3b: number = 59796
		c: number = 2
Paused at 32
	Call Stack: TimeFunc 
	Bindings: func: function
		sum: number = 17
		t: undefined
		x: number = 0
		y: number = 10
Paused at 25
	Hit Breakpoint(s) 
	Call Stack: fast3bitlookup, TimeFunc 
	Bindings: b: number = 11
		bi3b: number = 59796
		c: number = 3
Paused at 32
	Call Stack: TimeFunc 
	Bindings: func: function
		sum: number = 20
		t: undefined
		x: number = 0
		y: number = 11
Paused at 32
	Call Stack: TimeFunc 
	Bindings: func: function
		sum: number = 20
		t: undefined
		x: number = 0
		y: number = 12
Paused at 25
	Hit Breakpoint(s) 
	Call Stack: fast3bitlookup, TimeFunc 
	Bindings: b: number = 12
		bi3b: number = 59796
		c: number = 2
Paused at 32
	Call Stack: TimeFunc 
	Bindings: func: function
		sum: number = 22
		t: undefined
		x: number = 0
		y: number = 12
Paused at 32
	Call Stack: TimeFunc 
	Bindings: func: function
		sum: number = 22
		t: undefined
		x: number = 0
		y: number = 13
Paused at 25
	Hit Breakpoint(s) 
	Call Stack: fast3bitlookup, TimeFunc 
	Bindings: b: number = 13
		bi3b: number = 59796
		c: number = 3
Paused at 32
	Call Stack: TimeFunc 
	Bindings: func: function
		sum: number = 25
		t: undefined
		x: number = 0
		y: number = 13
Paused at 25
	Hit Breakpoint(s) 
	Call Stack: fast3bitlookup, TimeFunc 
	Bindings: b: number = 14
		bi3b: number = 59796
		c: number = 3
Paused at 25
	Hit Breakpoint(s) 
	Call Stack: fast3bitlookup, TimeFunc 
	Bindings: b: number = 15
		bi3b: number = 59796
		c: number = 4
Paused at 32
	Call Stack: TimeFunc 
	Bindings: func: function
		sum: number = 32
		t: undefined
		x: number = 0
		y: number = 15
Paused at 32
	Call Stack: TimeFunc 
	Bindings: func: function
		sum: number = 32
		t: undefined
		x: number = 0
		y: number = 16
Paused at 32
	Call Stack: TimeFunc 
	Bindings: func: function
		sum: number = 32
		t: undefined
		x: number = 0
		y: number = 16
Paused at 25
	Hit Breakpoint(s) 
	Call Stack: fast3bitlookup, TimeFunc 
	Bindings: b: number = 16
		bi3b: number = 59796
		c: number = 1
Paused at 32
	Call Stack: TimeFunc 
	Bindings: func: function
		sum: number = 33
		t: undefined
		x: number = 0
		y: number = 16
Paused at 25
	Hit Breakpoint(s) 
	Call Stack: fast3bitlookup, TimeFunc 
	Bindings: b: number = 17
		bi3b: number = 59796
		c: number = 2
Paused at 32
	Call Stack: TimeFunc 
	Bindings: func: function
		sum: number = 35
		t: undefined
		x: number = 0
		y: number = 17
Paused at 25
	Hit Breakpoint(s) 
	Call Stack: fast3bitlookup, TimeFunc 
	Bindings: b: number = 18
		bi3b: number = 59796
		c: number = 2
Paused at 32
	Call Stack: TimeFunc 
	Bindings: func: function
		sum: number = 37
		t: undefined
		x: number = 0
		y: number = 18
Paused at 32
	Call Stack: TimeFunc 
	Bindings: func: function
		sum: number = 37
		t: undefined
		x: number = 0
		y: number = 19
Paused at 25
	Hit Breakpoint(s) 
	Call Stack: fast3bitlookup, TimeFunc 
	Bindings: b: number = 19
		bi3b: number = 59796
		c: number = 3
Paused at 25
	Hit Breakpoint(s) 
	Call Stack: fast3bitlookup, TimeFunc 
	Bindings: b: number = 20
		bi3b: number = 59796
		c: number = 2
Paused at 25
	Hit Breakpoint(s) 
	Call Stack: fast3bitlookup, TimeFunc 
	Bindings: b: number = 21
		bi3b: number = 59796
		c: number = 3
Paused at 32
	Call Stack: TimeFunc 
	Bindings: func: function
		sum: number = 45
		t: undefined
		x: number = 0
		y: number = 21
Paused at 25
	Hit Breakpoint(s) 
	Call Stack: fast3bitlookup, TimeFunc 
	Bindings: b: number = 22
		bi3b: number = 59796
		c: number = 3
Paused at 25
	Hit Breakpoint(s) 
	Call Stack: fast3bitlookup, TimeFunc 
	Bindings: b: number = 23
		bi3b: number = 59796
		c: number = 4
Paused at 32
	Call Stack: TimeFunc 
	Bindings: func: function
		sum: number = 52
		t: undefined
		x: number = 0
		y: number = 23
Paused at 32
	Call Stack: TimeFunc 
	Bindings: func: function
		sum: number = 52
		t: undefined
		x: number = 0
		y: number = 24
Paused at 32
	Call Stack: TimeFunc 
	Bindings: func: function
		sum: number = 52
		t: undefined
		x: number = 0
		y: number = 24
Paused at 8
	Call Stack: fast3bitlookup, TimeFunc 
	Bindings: b: number = 24
		bi3b: undefined
		c: undefined
Paused at 25
	Hit Breakpoint(s) 
	Call Stack: fast3bitlookup, TimeFunc 
	Bindings: b: number = 24
		bi3b: number = 59796
		c: number = 2
Paused at 32
	Call Stack: TimeFunc 
	Bindings: func: function
		sum: number = 54
		t: undefined
		x: number = 0
		y: number = 24
Paused at 25
	Hit Breakpoint(s) 
	Call Stack: fast3bitlookup, TimeFunc 
	Bindings: b: number = 25
		bi3b: number = 59796
		c: number = 3
Paused at 32
	Call Stack: TimeFunc 
	Bindings: func: function
		sum: number = 57
		t: undefined
		x: number = 0
		y: number = 25
Paused at 25
	Hit Breakpoint(s) 
	Call Stack: fast3bitlookup, TimeFunc 
	Bindings: b: number = 26
		bi3b: number = 59796
		c: number = 3
Paused at 32
	Call Stack: TimeFunc 
	Bindings: func: function
		sum: number = 60
		t: undefined
		x: number = 0
		y: number = 26
Paused at 32
	Call Stack: TimeFunc 
	Bindings: func: function
		sum: number = 60
		t: undefined
		x: number = 0
		y: number = 27
Paused at 32
	Call Stack: TimeFunc 
	Bindings: func: function
		sum: number = 60
		t: undefined
		x: number = 0
		y: number = 27
Paused at 25
	Hit Breakpoint(s) 
	Call Stack: fast3bitlookup, TimeFunc 
	Bindings: b: number = 27
		bi3b: number = 59796
		c: number = 4
Paused at 32
	Call Stack: TimeFunc 
	Bindings: func: function
		sum: number = 64
		t: undefined
		x: number = 0
		y: number = 27
Paused at 32
	Call Stack: TimeFunc 
	Bindings: func: function
		sum: number = 64
		t: undefined
		x: number = 0
		y: number = 28
Paused at 32
	Call Stack: TimeFunc 
	Bindings: func: function
		sum: number = 64
		t: undefined
		x: number = 0
		y: number = 28
Paused at 25
	Hit Breakpoint(s) 
	Call Stack: fast3bitlookup, TimeFunc 
	Bindings: b: number = 28
		bi3b: number = 59796
		c: number = 3
Paused at 32
	Call Stack: TimeFunc 
	Bindings: func: function
		sum: number = 67
		t: undefined
		x: number = 0
		y: number = 28
Paused at 25
	Hit Breakpoint(s) 
	Call Stack: fast3bitlookup, TimeFunc 
	Bindings: b: number = 29
		bi3b: number = 59796
		c: number = 4
Paused at 32
	Call Stack: TimeFunc 
	Bindings: func: function
		sum: number = 71
		t: undefined
		x: number = 0
		y: number = 29
Paused at 32
	Call Stack: TimeFunc 
	Bindings: func: function
		sum: number = 71
		t: undefined
		x: number = 0
		y: number = 30
Paused at 25
	Hit Breakpoint(s) 
	Call Stack: fast3bitlookup, TimeFunc 
	Bindings: b: number = 30
		bi3b: number = 59796
		c: number = 4
Paused at 32
	Call Stack: TimeFunc 
	Bindings: func: function
		sum: number = 75
		t: undefined
		x: number = 0
		y: number = 30
Paused at 32
	Call Stack: TimeFunc 
	Bindings: func: function
		sum: number = 75
		t: undefined
		x: number = 0
		y: number = 31
Paused at 25
	Hit Breakpoint(s) 
	Call Stack: fast3bitlookup, TimeFunc 
	Bindings: b: number = 31
		bi3b: number = 59796
		c: number = 5
Paused at 25
	Hit Breakpoint(s) 
	Call Stack: fast3bitlookup, TimeFunc 
	Bindings: b: number = 32
		bi3b: number = 59796
		c: number = 1
Paused at 32
	Call Stack: TimeFunc 
	Bindings: func: function
		sum: number = 81
		t: undefined
		x: number = 0
		y: number = 32
Paused at 25
	Hit Breakpoint(s) 
	Call Stack: fast3bitlookup, TimeFunc 
	Bindings: b: number = 33
		bi3b: number = 59796
		c: number = 2
Paused at 25
	Hit Breakpoint(s) 
	Call Stack: fast3bitlookup, TimeFunc 
	Bindings: b: number = 34
		bi3b: number = 59796
		c: number = 2
Paused at 32
	Call Stack: TimeFunc 
	Bindings: func: function
		sum: number = 85
		t: undefined
		x: number = 0
		y: number = 34
Paused at 25
	Hit Breakpoint(s) 
	Call Stack: fast3bitlookup, TimeFunc 
	Bindings: b: number = 35
		bi3b: number = 59796
		c: number = 3
Paused at 32
	Call Stack: TimeFunc 
	Bindings: func: function
		sum: number = 88
		t: undefined
		x: number = 0
		y: number = 35
Paused at 32
	Call Stack: TimeFunc 
	Bindings: func: function
		sum: number = 88
		t: undefined
		x: number = 0
		y: number = 36
Paused at 32
	Call Stack: TimeFunc 
	Bindings: func: function
		sum: number = 88
		t: undefined
		x: number = 0
		y: number = 36
Paused at 25
	Hit Breakpoint(s) 
	Call Stack: fast3bitlookup, TimeFunc 
	Bindings: b: number = 36
		bi3b: number = 59796
		c: number = 2
Paused at 25
	Hit Breakpoint(s) 
	Call Stack: fast3bitlookup, TimeFunc 
	Bindings: b: number = 37
		bi3b: number = 59796
		c: number = 3
Paused at 32
	Call Stack: TimeFunc 
	Bindings: func: function
		sum: number = 93
		t: undefined
		x: number = 0
		y: number = 37
Paused at 25
	Hit Breakpoint(s) 
	Call Stack: fast3bitlookup, TimeFunc 
	Bindings: b: number = 38
		bi3b: number = 59796
		c: number = 3
Paused at 32
	Call Stack: TimeFunc 
	Bindings: func: function
		sum: number = 96
		t: undefined
		x: number = 0
		y: number = 38
Paused at 32
	Call Stack: TimeFunc 
	Bindings: func: function
		sum: number = 96
		t: undefined
		x: number = 0
		y: number = 39
Paused at 32
	Call Stack: TimeFunc 
	Bindings: func: function
		sum: number = 96
		t: undefined
		x: number = 0
		y: number = 39
Paused at 25
	Hit Breakpoint(s) 
	Call Stack: fast3bitlookup, TimeFunc 
	Bindings: b: number = 39
		bi3b: number = 59796
		c: number = 4
Paused at 25
	Hit Breakpoint(s) 
	Call Stack: fast3bitlookup, TimeFunc 
	Bindings: b: number = 40
		bi3b: number = 59796
		c: number = 2
Paused at 32
	Call Stack: TimeFunc 
	Bindings: func: function
		sum: number = 102
		t: undefined
		x: number = 0
		y: number = 40
Paused at 32
	Call Stack: TimeFunc 
	Bindings: func: function
		sum: number = 102
		t: undefined
		x: number = 0
		y: number = 41
Paused at 32
	Call Stack: TimeFunc 
	Bindings: func: function
		sum: number = 102
		t: undefined
		x: number = 0
		y: number = 41
Paused at 25
	Hit Breakpoint(s) 
	Call Stack: fast3bitlookup, TimeFunc 
	Bindings: b: number = 41
		bi3b: number = 59796
		c: number = 3
Paused at 32
	Call Stack: TimeFunc 
	Bindings: func: function
		sum: number = 105
		t: undefined
		x: number = 0
		y: number = 41
Paused at 25
	Hit Breakpoint(s) 
	Call Stack: fast3bitlookup, TimeFunc 
	Bindings: b: number = 42
		bi3b: number = 59796
		c: number = 3
Paused at 32
	Call Stack: TimeFunc 
	Bindings: func: function
		sum: number = 108
		t: undefined
		x: number = 0
		y: number = 42
Paused at 32
	Call Stack: TimeFunc 
	Bindings: func: function
		sum: number = 108
		t: undefined
		x: number = 0
		y: number = 43
Paused at 32
	Call Stack: TimeFunc 
	Bindings: func: function
		sum: number = 108
		t: undefined
		x: number = 0
		y: number = 43
Paused at 25
	Hit Breakpoint(s) 
	Call Stack: fast3bitlookup, TimeFunc 
	Bindings: b: number = 43
		bi3b: number = 59796
		c: number = 4
Paused at 25
	Hit Breakpoint(s) 
	Call Stack: fast3bitlookup, TimeFunc 
	Bindings: b: number = 44
		bi3b: number = 59796
		c: number = 3
Paused at 32
	Call Stack: TimeFunc 
	Bindings: func: function
		sum: number = 115
		t: undefined
		x: number = 0
		y: number = 44
Paused at 25
	Hit Breakpoint(s) 
	Call Stack: fast3bitlookup, TimeFunc 
	Bindings: b: number = 45
		bi3b: number = 59796
		c: number = 4
Paused at 32
	Call Stack: TimeFunc 
	Bindings: func: function
		sum: number = 119
		t: undefined
		x: number = 0
		y: number = 45
Paused at 32
	Call Stack: TimeFunc 
	Bindings: func: function
		sum: number = 119
		t: undefined
		x: number = 0
		y: number = 46
Paused at 32
	Call Stack: TimeFunc 
	Bindings: func: function
		sum: number = 119
		t: undefined
		x: number = 0
		y: number = 46
Paused at 8
	Call Stack: fast3bitlookup, TimeFunc 
	Bindings: b: number = 46
		bi3b: undefined
		c: undefined
Paused at 9
	Call Stack: fast3bitlookup, TimeFunc 
	Bindings: b: number = 46
		bi3b: number = 59796
		c: undefined
Paused at 25
	Hit Breakpoint(s) 
	Call Stack: fast3bitlookup, TimeFunc 
	Bindings: b: number = 46
		bi3b: number = 59796
		c: number = 4
Paused at 32
	Call Stack: TimeFunc 
	Bindings: func: function
		sum: number = 123
		t: undefined
		x: number = 0
		y: number = 46
Paused at 25
	Hit Breakpoint(s) 
	Call Stack: fast3bitlookup, TimeFunc 
	Bindings: b: number = 47
		bi3b: number = 59796
		c: number = 5
Paused at 25
	Hit Breakpoint(s) 
	Call Stack: fast3bitlookup, TimeFunc 
	Bindings: b: number = 48
		bi3b: number = 59796
		c: number = 2
Paused at 32
	Call Stack: TimeFunc 
	Bindings: func: function
		sum: number = 130
		t: undefined
		x: number = 0
		y: number = 48
Paused at 25
	Hit Breakpoint(s) 
	Call Stack: fast3bitlookup, TimeFunc 
	Bindings: b: number = 49
		bi3b: number = 59796
		c: number = 3
Paused at 32
	Call Stack: TimeFunc 
	Bindings: func: function
		sum: number = 133
		t: undefined
		x: number = 0
		y: number = 49
Paused at 32
	Call Stack: TimeFunc 
	Bindings: func: function
		sum: number = 133
		t: undefined
		x: number = 0
		y: number = 50
Paused at 32
	Call Stack: TimeFunc 
	Bindings: func: function
		sum: number = 133
		t: undefined
		x: number = 0
		y: number = 50
Paused at 8
	Call Stack: fast3bitlookup, TimeFunc 
	Bindings: b: number = 50
		bi3b: undefined
		c: undefined
Paused at 9
	Call Stack: fast3bitlookup, TimeFunc 
	Bindings: b: number = 50
		bi3b: number = 59796
		c: undefined
Paused at 25
	Hit Breakpoint(s) 
	Call Stack: fast3bitlookup, TimeFunc 
	Bindings: b: number = 50
		bi3b: number = 59796
		c: number = 3
Paused at 25
	Hit Breakpoint(s) 
	Call Stack: fast3bitlookup, TimeFunc 
	Bindings: b: number = 51
		bi3b: number = 59796
		c: number = 4
Paused at 32
	Call Stack: TimeFunc 
	Bindings: func: function
		sum: number = 140
		t: undefined
		x: number = 0
		y: number = 51
Paused at 25
	Hit Breakpoint(s) 
	Call Stack: fast3bitlookup, TimeFunc 
	Bindings: b: number = 52
		bi3b: number = 59796
		c: number = 3
Paused at 32
	Call Stack: TimeFunc 
	Bindings: func: function
		sum: number = 143
		t: undefined
		x: number = 0
		y: number = 52
Paused at 32
	Call Stack: TimeFunc 
	Bindings: func: function
		sum: number = 143
		t: undefined
		x: number = 0
		y: number = 53
Paused at 25
	Hit Breakpoint(s) 
	Call Stack: fast3bitlookup, TimeFunc 
	Bindings: b: number = 53
		bi3b: number = 59796
		c: number = 4
Paused at 32
	Call Stack: TimeFunc 
	Bindings: func: function
		sum: number = 147
		t: undefined
		x: number = 0
		y: number = 53
Paused at 32
	Call Stack: TimeFunc 
	Bindings: func: function
		sum: number = 147
		t: undefined
		x: number = 0
		y: number = 54
Paused at 25
	Hit Breakpoint(s) 
	Call Stack: fast3bitlookup, TimeFunc 
	Bindings: b: number = 54
		bi3b: number = 59796
		c: number = 4
Paused at 32
	Call Stack: TimeFunc 
	Bindings: func: function
		sum: number = 151
		t: undefined
		x: number = 0
		y: number = 54
Paused at 32
	Call Stack: TimeFunc 
	Bindings: func: function
		sum: number = 151
		t: undefined
		x: number = 0
		y: number = 55
Paused at 32
	Call Stack: TimeFunc 
	Bindings: func: function
		sum: number = 151
		t: undefined
		x: number = 0
		y: number = 55
Paused at 25
	Hit Breakpoint(s) 
	Call Stack: fast3bitlookup, TimeFunc 
	Bindings: b: number = 55
		bi3b: number = 59796
		c: number = 5
Paused at 32
	Call Stack: TimeFunc 
	Bindings: func: function
		sum: number = 156
		t: undefined
		x: number = 0
		y: number = 55
Paused at 32
	Call Stack: TimeFunc 
	Bindings: func: function
		sum: number = 156
		t: undefined
		x: number = 0
		y: number = 56
Paused at 25
	Hit Breakpoint(s) 
	Call Stack: fast3bitlookup, TimeFunc 
	Bindings: b: number = 56
		bi3b: number = 59796
		c: number = 3
Paused at 32
	Call Stack: TimeFunc 
	Bindings: func: function
		sum: number = 159
		t: undefined
		x: number = 0
		y: number = 56
Paused at 25
	Hit Breakpoint(s) 
	Call Stack: fast3bitlookup, TimeFunc 
	Bindings: b: number = 57
		bi3b: number = 59796
		c: number = 4
Paused at 25
	Hit Breakpoint(s) 
	Call Stack: fast3bitlookup, TimeFunc 
	Bindings: b: number = 58
		bi3b: number = 59796
		c: number = 4
Paused at 32
	Call Stack: TimeFunc 
	Bindings: func: function
		sum: number = 167
		t: undefined
		x: number = 0
		y: number = 58
Paused at 25
	Hit Breakpoint(s) 
	Call Stack: fast3bitlookup, TimeFunc 
	Bindings: b: number = 59
		bi3b: number = 59796
		c: number = 5
Paused at 32
	Call Stack: TimeFunc 
	Bindings: func: function
		sum: number = 172
		t: undefined
		x: number = 0
		y: number = 59
Paused at 32
	Call Stack: TimeFunc 
	Bindings: func: function
		sum: number = 172
		t: undefined
		x: number = 0
		y: number = 60
Paused at 32
	Call Stack: TimeFunc 
	Bindings: func: function
		sum: number = 172
		t: undefined
		x: number = 0
		y: number = 60
Paused at 25
	Hit Breakpoint(s) 
	Call Stack: fast3bitlookup, TimeFunc 
	Bindings: b: number = 60
		bi3b: number = 59796
		c: number = 4
Paused at 32
	Call Stack: TimeFunc 
	Bindings: func: function
		sum: number = 176
		t: undefined
		x: number = 0
		y: number = 60
Paused at 32
	Call Stack: TimeFunc 
	Bindings: func: function
		sum: number = 176
		t: undefined
		x: number = 0
		y: number = 61
Paused at 25
	Hit Breakpoint(s) 
	Call Stack: fast3bitlookup, TimeFunc 
	Bindings: b: number = 61
		bi3b: number = 59796
		c: number = 5
Paused at 32
	Call Stack: TimeFunc 
	Bindings: func: function
		sum: number = 181
		t: undefined
		x: number = 0
		y: number = 61
Paused at 32
	Call Stack: TimeFunc 
	Bindings: func: function
		sum: number = 181
		t: undefined
		x: number = 0
		y: number = 62
Paused at 32
	Call Stack: TimeFunc 
	Bindings: func: function
		sum: number = 181
		t: undefined
		x: number = 0
		y: number = 62
Paused at 25
	Hit Breakpoint(s) 
	Call Stack: fast3bitlookup, TimeFunc 
	Bindings: b: number = 62
		bi3b: number = 59796
		c: number = 5
Paused at 32
	Call Stack: TimeFunc 
	Bindings: func: function
		sum: number = 186
		t: undefined
		x: number = 0
		y: number = 62
Paused at 32
	Call Stack: TimeFunc 
	Bindings: func: function
		sum: number = 186
		t: undefined
		x: number = 0
		y: number = 63
Paused at 25
	Hit Breakpoint(s) 
	Call Stack: fast3bitlookup, TimeFunc 
	Bindings: b: number = 63
		bi3b: number = 59796
		c: number = 6
Paused at 25
	Hit Breakpoint(s) 
	Call Stack: fast3bitlookup, TimeFunc 
	Bindings: b: number = 64
		bi3b: number = 59796
		c: number = 1
Paused at 32
	Call Stack: TimeFunc 
	Bindings: func: function
		sum: number = 193
		t: undefined
		x: number = 0
		y: number = 64
Paused at 32
	Call Stack: TimeFunc 
	Bindings: func: function
		sum: number = 193
		t: undefined
		x: number = 0
		y: number = 65
Paused at 32
	Call Stack: TimeFunc 
	Bindings: func: function
		sum: number = 193
		t: undefined
		x: number = 0
		y: number = 65
Paused at 25
	Hit Breakpoint(s) 
	Call Stack: fast3bitlookup, TimeFunc 
	Bindings: b: number = 65
		bi3b: number = 59796
		c: number = 2
Paused at 32
	Call Stack: TimeFunc 
	Bindings: func: function
		sum: number = 195
		t: undefined
		x: number = 0
		y: number = 65
Paused at 32
	Call Stack: TimeFunc 
	Bindings: func: function
		sum: number = 195
		t: undefined
		x: number = 0
		y: number = 66
Paused at 32
	Call Stack: TimeFunc 
	Bindings: func: function
		sum: number = 195
		t: undefined
		x: number = 0
		y: number = 66
Paused at 25
	Hit Breakpoint(s) 
	Call Stack: fast3bitlookup, TimeFunc 
	Bindings: b: number = 66
		bi3b: number = 59796
		c: number = 2
Paused at 32
	Call Stack: TimeFunc 
	Bindings: func: function
		sum: number = 197
		t: undefined
		x: number = 0
		y: number = 66
Paused at 32
	Call Stack: TimeFunc 
	Bindings: func: function
		sum: number = 197
		t: undefined
		x: number = 0
		y: number = 67
Paused at 25
	Hit Breakpoint(s) 
	Call Stack: fast3bitlookup, TimeFunc 
	Bindings: b: number = 67
		bi3b: number = 59796
		c: number = 3
Paused at 25
	Hit Breakpoint(s) 
	Call Stack: fast3bitlookup, TimeFunc 
	Bindings: b: number = 68
		bi3b: number = 59796
		c: number = 2
Paused at 32
	Call Stack: TimeFunc 
	Bindings: func: function
		sum: number = 202
		t: undefined
		x: number = 0
		y: number = 68
Paused at 32
	Call Stack: TimeFunc 
	Bindings: func: function
		sum: number = 202
		t: undefined
		x: number = 0
		y: number = 69
Paused at 25
	Hit Breakpoint(s) 
	Call Stack: fast3bitlookup, TimeFunc 
	Bindings: b: number = 69
		bi3b: number = 59796
		c: number = 3
Paused at 32
	Call Stack: TimeFunc 
	Bindings: func: function
		sum: number = 205
		t: undefined
		x: number = 0
		y: number = 69
Paused at 32
	Call Stack: TimeFunc 
	Bindings: func: function
		sum: number = 205
		t: undefined
		x: number = 0
		y: number = 70
Paused at 32
	Call Stack: TimeFunc 
	Bindings: func: function
		sum: number = 205
		t: undefined
		x: number = 0
		y: number = 70
Paused at 25
	Hit Breakpoint(s) 
	Call Stack: fast3bitlookup, TimeFunc 
	Bindings: b: number = 70
		bi3b: number = 59796
		c: number = 3
Paused at 32
	Call Stack: TimeFunc 
	Bindings: func: function
		sum: number = 208
		t: undefined
		x: number = 0
		y: number = 70
Paused at 32
	Call Stack: TimeFunc 
	Bindings: func: function
		sum: number = 208
		t: undefined
		x: number = 0
		y: number = 71
Paused at 32
	Call Stack: TimeFunc 
	Bindings: func: function
		sum: number = 208
		t: undefined
		x: number = 0
		y: number = 71
Paused at 25
	Hit Breakpoint(s) 
	Call Stack: fast3bitlookup, TimeFunc 
	Bindings: b: number = 71
		bi3b: number = 59796
		c: number = 4
Paused at 32
	Call Stack: TimeFunc 
	Bindings: func: function
		sum: number = 212
		t: undefined
		x: number = 0
		y: number = 71
Paused at 25
	Hit Breakpoint(s) 
	Call Stack: fast3bitlookup, TimeFunc 
	Bindings: b: number = 72
		bi3b: number = 59796
		c: number = 2
Paused at 32
	Call Stack: TimeFunc 
	Bindings: func: function
		sum: number = 214
		t: undefined
		x: number = 0
		y: number = 72
Paused at 25
	Hit Breakpoint(s) 
	Call Stack: fast3bitlookup, TimeFunc 
	Bindings: b: number = 73
		bi3b: number = 59796
		c: number = 3
Paused at 32
	Call Stack: TimeFunc 
	Bindings: func: function
		sum: number = 217
		t: undefined
		x: number = 0
		y: number = 73
Paused at 32
	Call Stack: TimeFunc 
	Bindings: func: function
		sum: number = 217
		t: undefined
		x: number = 0
		y: number = 74
Paused at 25
	Hit Breakpoint(s) 
	Call Stack: fast3bitlookup, TimeFunc 
	Bindings: b: number = 74
		bi3b: number = 59796
		c: number = 3
Paused at 32
	Call Stack: TimeFunc 
	Bindings: func: function
		sum: number = 220
		t: undefined
		x: number = 0
		y: number = 74
Paused at 32
	Call Stack: TimeFunc 
	Bindings: func: function
		sum: number = 220
		t: undefined
		x: number = 0
		y: number = 75
Paused at 25
	Hit Breakpoint(s) 
	Call Stack: fast3bitlookup, TimeFunc 
	Bindings: b: number = 75
		bi3b: number = 59796
		c: number = 4
Paused at 25
	Hit Breakpoint(s) 
	Call Stack: fast3bitlookup, TimeFunc 
	Bindings: b: number = 76
		bi3b: number = 59796
		c: number = 3
Paused at 25
	Hit Breakpoint(s) 
	Call Stack: fast3bitlookup, TimeFunc 
	Bindings: b: number = 77
		bi3b: number = 59796
		c: number = 4
Paused at 32
	Call Stack: TimeFunc 
	Bindings: func: function
		sum: number = 231
		t: undefined
		x: number = 0
		y: number = 77
Paused at 32
	Call Stack: TimeFunc 
	Bindings: func: function
		sum: number = 231
		t: undefined
		x: number = 0
		y: number = 78
Paused at 32
	Call Stack: TimeFunc 
	Bindings: func: function
		sum: number = 231
		t: undefined
		x: number = 0
		y: number = 78
Paused at 25
	Hit Breakpoint(s) 
	Call Stack: fast3bitlookup, TimeFunc 
	Bindings: b: number = 78
		bi3b: number = 59796
		c: number = 4
Paused at 32
	Call Stack: TimeFunc 
	Bindings: func: function
		sum: number = 235
		t: undefined
		x: number = 0
		y: number = 78
Paused at 25
	Hit Breakpoint(s) 
	Call Stack: fast3bitlookup, TimeFunc 
	Bindings: b: number = 79
		bi3b: number = 59796
		c: number = 5
Paused at 25
	Hit Breakpoint(s) 
	Call Stack: fast3bitlookup, TimeFunc 
	Bindings: b: number = 80
		bi3b: number = 59796
		c: number = 2
Paused at 32
	Call Stack: TimeFunc 
	Bindings: func: function
		sum: number = 242
		t: undefined
		x: number = 0
		y: number = 80
Paused at 32
	Call Stack: TimeFunc 
	Bindings: func: function
		sum: number = 242
		t: undefined
		x: number = 0
		y: number = 81
