Breakpoint Set at 17
Breakpoint Set at 40
Breakpoint Set at 254
Breakpoint Set at 231
Breakpoint Set at 419
Breakpoint Set at 108
Breakpoint Set at 290
Breakpoint Set at 279
Breakpoint Set at 370
Breakpoint Set at 71
Breakpoint Set at 304
Breakpoint Set at 50
Breakpoint Set at 169
Breakpoint Set at 329
Breakpoint Set at 419
Breakpoint Set at 372
Breakpoint Set at 419
Breakpoint Set at 24
Breakpoint Set at 71
Breakpoint Set at 270
Breakpoint Set at 84
Breakpoint Set at 385
Breakpoint Set at 188
Breakpoint Set at 26
Breakpoint Set at 183
Breakpoint Set at 178
Breakpoint Set at 88
Breakpoint Set at 335
Breakpoint Set at 366
Breakpoint Set at 118
Breakpoint Set at 340
Breakpoint Set at 293
Breakpoint Set at 302
Breakpoint Set at 233
Breakpoint Set at 177
Breakpoint Set at 419
Breakpoint Set at 325
Breakpoint Set at 112
Breakpoint Set at 385
Breakpoint Set at 307
Breakpoint Set at 377
Breakpoint Set at 61
Paused at 290
	Hit Breakpoint(s) 
	Call Stack:  
	Bindings: 
Paused at 385
	Hit Breakpoint(s) 
	Call Stack:  
	Bindings: 
Paused at 419
	Hit Breakpoint(s) 
	Call Stack:  
	Bindings: 
Paused at 421
	Call Stack:  
	Bindings: 
Paused at 169
	Hit Breakpoint(s) 
	Call Stack: AESEncryptCtr 
	Bindings: b: undefined
		blockCount: undefined
		blockLength: undefined
		blockSize: undefined
		c: undefined
		cipherByte: undefined
		cipherCntr: undefined
		ciphertext: undefined
		counterBlock: undefined
		ct: undefined
		ctrTxt: undefined
		i: undefined
		key: undefined
		keySchedule: undefined
		nBits: number = 256
		nBytes: undefined
		nonce: undefined
		password: string = O Romeo, Romeo! wherefore art thou Romeo?
		plaintext: string = ROMEO: But, soft! what light through yonder window breaks?
It is the east, and Juliet is the sun.
Arise, fair sun, and kill the envious moon,
Who is already sick and pale with grief,
That thou her maid art far more fair than she:
Be not her maid, since she is envious;
Her vestal livery is but sick and green
And none but fools do wear it; cast it off.
It is my lady, O, it is my love!
O, that she knew she were!
She speaks yet she says nothing: what of that?
Her eye discourses; I will answer it.
I am too bold, 'tis not to me she speaks:
Two of the fairest stars in all the heaven,
Having some business, do entreat her eyes
To twinkle in their spheres till they return.
What if her eyes were there, they in her head?
The brightness of her cheek would shame those stars,
As daylight doth a lamp; her eyes in heaven
Would through the airy region stream so bright
That birds would sing and think it were not night.
See, how she leans her cheek upon her hand!
O, that I were a glove upon that hand,
That I might touch that cheek!
JULIET: Ay me!
ROMEO: She speaks:
O, speak again, bright angel! for thou art
As glorious to this night, being o'er my head
As is a winged messenger of heaven
Unto the white-upturned wondering eyes
Of mortals that fall back to gaze on him
When he bestrides the lazy-pacing clouds
And sails upon the bosom of the air.
		plaintextByte: undefined
		pwBytes: undefined
Paused at 84
	Hit Breakpoint(s) 
	Call Stack: KeyExpansion, AESEncryptCtr 
	Bindings: i: undefined
		key: array
		Nb: undefined
		Nk: undefined
		Nr: undefined
		r: undefined
		t: undefined
		temp: undefined
		w: undefined
Paused at 88
	Hit Breakpoint(s) 
	Call Stack: KeyExpansion, AESEncryptCtr 
	Bindings: i: undefined
		key: array
		Nb: number = 4
		Nk: number = 8
		Nr: number = 14
		r: undefined
		t: undefined
		temp: undefined
		w: undefined
Paused at 89
	Call Stack: KeyExpansion, AESEncryptCtr 
	Bindings: i: undefined
		key: array
		Nb: number = 4
		Nk: number = 8
		Nr: number = 14
		r: undefined
		t: undefined
		temp: undefined
		w: array
Paused at 91
	Call Stack: KeyExpansion, AESEncryptCtr 
	Bindings: i: undefined
		key: array
		Nb: number = 4
		Nk: number = 8
		Nr: number = 14
		r: undefined
		t: undefined
		temp: array
		w: array
Paused at 118
	Hit Breakpoint(s) 
	Call Stack: RotWord, KeyExpansion, AESEncryptCtr 
	Bindings: i: undefined
		w: array
Paused at 112
	Hit Breakpoint(s) 
	Call Stack: SubWord, KeyExpansion, AESEncryptCtr 
	Bindings: i: undefined
		w: array
Paused at 113
	Call Stack: SubWord, KeyExpansion, AESEncryptCtr 
	Bindings: i: number = 4
		w: array
Paused at 112
	Hit Breakpoint(s) 
	Call Stack: SubWord, KeyExpansion, AESEncryptCtr 
	Bindings: i: undefined
		w: array
Paused at 113
	Call Stack: SubWord, KeyExpansion, AESEncryptCtr 
	Bindings: i: number = 4
		w: array
Paused at 114
	Call Stack: SubWord, KeyExpansion, AESEncryptCtr 
	Bindings: i: number = 4
		w: array
Paused at 118
	Hit Breakpoint(s) 
	Call Stack: RotWord, KeyExpansion, AESEncryptCtr 
	Bindings: i: undefined
		w: array
Paused at 120
	Call Stack: RotWord, KeyExpansion, AESEncryptCtr 
	Bindings: i: number = 4
		w: array
Paused at 112
	Hit Breakpoint(s) 
	Call Stack: SubWord, KeyExpansion, AESEncryptCtr 
	Bindings: i: undefined
		w: array
Paused at 114
	Call Stack: SubWord, KeyExpansion, AESEncryptCtr 
	Bindings: i: number = 4
		w: array
Paused at 112
	Hit Breakpoint(s) 
	Call Stack: SubWord, KeyExpansion, AESEncryptCtr 
	Bindings: i: undefined
		w: array
Paused at 118
	Hit Breakpoint(s) 
	Call Stack: RotWord, KeyExpansion, AESEncryptCtr 
	Bindings: i: undefined
		w: array
Paused at 119
	Call Stack: RotWord, KeyExpansion, AESEncryptCtr 
	Bindings: i: number = 4
		w: array
Paused at 112
	Hit Breakpoint(s) 
	Call Stack: SubWord, KeyExpansion, AESEncryptCtr 
	Bindings: i: undefined
		w: array
Paused at 114
	Call Stack: SubWord, KeyExpansion, AESEncryptCtr 
	Bindings: i: number = 4
		w: array
Paused at 101
	Call Stack: KeyExpansion, AESEncryptCtr 
	Bindings: i: number = 24
		key: array
		Nb: number = 4
		Nk: number = 8
		Nr: number = 14
		r: array
		t: number = 4
		temp: array
		w: array
Paused at 112
	Hit Breakpoint(s) 
	Call Stack: SubWord, KeyExpansion, AESEncryptCtr 
	Bindings: i: undefined
		w: array
Paused at 113
	Call Stack: SubWord, KeyExpansion, AESEncryptCtr 
	Bindings: i: number = 4
		w: array
Paused at 114
	Call Stack: SubWord, KeyExpansion, AESEncryptCtr 
	Bindings: i: number = 4
		w: array
Paused at 118
	Hit Breakpoint(s) 
	Call Stack: RotWord, KeyExpansion, AESEncryptCtr 
	Bindings: i: undefined
		w: array
Paused at 120
	Call Stack: RotWord, KeyExpansion, AESEncryptCtr 
	Bindings: i: number = 4
		w: array
Paused at 112
	Hit Breakpoint(s) 
	Call Stack: SubWord, KeyExpansion, AESEncryptCtr 
	Bindings: i: undefined
		w: array
Paused at 112
	Hit Breakpoint(s) 
	Call Stack: SubWord, KeyExpansion, AESEncryptCtr 
	Bindings: i: undefined
		w: array
Paused at 114
	Call Stack: SubWord, KeyExpansion, AESEncryptCtr 
	Bindings: i: number = 4
		w: array
Paused at 105
	Call Stack: KeyExpansion, AESEncryptCtr 
	Bindings: i: number = 36
		key: array
		Nb: number = 4
		Nk: number = 8
		Nr: number = 14
		r: array
		t: number = 4
		temp: array
		w: array
Paused at 96
	Call Stack: KeyExpansion, AESEncryptCtr 
	Bindings: i: number = 36
		key: array
		Nb: number = 4
		Nk: number = 8
		Nr: number = 14
		r: array
		t: number = 4
		temp: array
		w: array
Paused at 97
	Call Stack: KeyExpansion, AESEncryptCtr 
	Bindings: i: number = 37
		key: array
		Nb: number = 4
		Nk: number = 8
		Nr: number = 14
		r: array
		t: number = 4
		temp: array
		w: array
Paused at 98
	Call Stack: KeyExpansion, AESEncryptCtr 
	Bindings: i: number = 37
		key: array
		Nb: number = 4
		Nk: number = 8
		Nr: number = 14
		r: array
		t: number = 4
		temp: array
		w: array
Paused at 118
	Hit Breakpoint(s) 
	Call Stack: RotWord, KeyExpansion, AESEncryptCtr 
	Bindings: i: undefined
		w: array
Paused at 119
	Call Stack: RotWord, KeyExpansion, AESEncryptCtr 
	Bindings: i: number = 4
		w: array
Paused at 112
	Hit Breakpoint(s) 
	Call Stack: SubWord, KeyExpansion, AESEncryptCtr 
	Bindings: i: undefined
		w: array
Paused at 114
	Call Stack: SubWord, KeyExpansion, AESEncryptCtr 
	Bindings: i: number = 4
		w: array
Paused at 101
	Call Stack: KeyExpansion, AESEncryptCtr 
	Bindings: i: number = 40
		key: array
		Nb: number = 4
		Nk: number = 8
		Nr: number = 14
		r: array
		t: number = 4
		temp: array
		w: array
Paused at 112
	Hit Breakpoint(s) 
	Call Stack: SubWord, KeyExpansion, AESEncryptCtr 
	Bindings: i: undefined
		w: array
Paused at 118
	Hit Breakpoint(s) 
	Call Stack: RotWord, KeyExpansion, AESEncryptCtr 
	Bindings: i: undefined
		w: array
Paused at 112
	Hit Breakpoint(s) 
	Call Stack: SubWord, KeyExpansion, AESEncryptCtr 
	Bindings: i: undefined
		w: array
Paused at 113
	Call Stack: SubWord, KeyExpansion, AESEncryptCtr 
	Bindings: i: number = 4
		w: array
Paused at 114
	Call Stack: SubWord, KeyExpansion, AESEncryptCtr 
	Bindings: i: number = 4
		w: array
Paused at 112
	Hit Breakpoint(s) 
	Call Stack: SubWord, KeyExpansion, AESEncryptCtr 
	Bindings: i: undefined
		w: array
Paused at 113
	Call Stack: SubWord, KeyExpansion, AESEncryptCtr 
	Bindings: i: number = 4
		w: array
Paused at 114
	Call Stack: SubWord, KeyExpansion, AESEncryptCtr 
	Bindings: i: number = 4
		w: array
Paused at 114
	Call Stack: SubWord, KeyExpansion, AESEncryptCtr 
	Bindings: i: number = 4
		w: array
Paused at 105
	Call Stack: KeyExpansion, AESEncryptCtr 
	Bindings: i: number = 52
		key: array
		Nb: number = 4
		Nk: number = 8
		Nr: number = 14
		r: array
		t: number = 4
		temp: array
		w: array
Paused at 118
	Hit Breakpoint(s) 
	Call Stack: RotWord, KeyExpansion, AESEncryptCtr 
	Bindings: i: undefined
		w: array
Paused at 119
	Call Stack: RotWord, KeyExpansion, AESEncryptCtr 
	Bindings: i: number = 4
		w: array
Paused at 112
	Hit Breakpoint(s) 
	Call Stack: SubWord, KeyExpansion, AESEncryptCtr 
	Bindings: i: undefined
		w: array
Paused at 114
	Call Stack: SubWord, KeyExpansion, AESEncryptCtr 
	Bindings: i: number = 4
		w: array
Paused at 108
	Hit Breakpoint(s) 
	Call Stack: KeyExpansion, AESEncryptCtr 
	Bindings: i: number = 60
		key: array
		Nb: number = 4
		Nk: number = 8
		Nr: number = 14
		r: array
		t: number = 4
		temp: array
		w: array
Paused at 109
	Call Stack: KeyExpansion, AESEncryptCtr 
	Bindings: i: number = 60
		key: array
		Nb: number = 4
		Nk: number = 8
		Nr: number = 14
		r: array
		t: number = 4
		temp: array
		w: array
Paused at 109
	Call Stack: KeyExpansion, AESEncryptCtr 
	Bindings: i: number = 60
		key: array
		Nb: number = 4
		Nk: number = 8
		Nr: number = 14
		r: array
		t: number = 4
		temp: array
		w: array
Paused at 17
	Hit Breakpoint(s) 
	Call Stack: Cipher, AESEncryptCtr 
	Bindings: i: undefined
		input: array
		Nb: number = 4
		Nr: number = 14
		output: undefined
		round: undefined
		state: undefined
		w: array
Paused at 18
	Call Stack: Cipher, AESEncryptCtr 
	Bindings: i: undefined
		input: array
		Nb: number = 4
		Nr: number = 14
		output: undefined
		round: undefined
		state: array
		w: array
Paused at 20
	Call Stack: Cipher, AESEncryptCtr 
	Bindings: i: number = 16
		input: array
		Nb: number = 4
		Nr: number = 14
		output: undefined
		round: undefined
		state: array
		w: array
Paused at 22
	Call Stack: Cipher, AESEncryptCtr 
	Bindings: i: number = 16
		input: array
		Nb: number = 4
		Nr: number = 14
		output: undefined
		round: undefined
		state: array
		w: array
Paused at 23
	Call Stack: Cipher, AESEncryptCtr 
	Bindings: i: number = 16
		input: array
		Nb: number = 4
		Nr: number = 14
		output: undefined
		round: number = 1
		state: array
		w: array
Paused at 40
	Hit Breakpoint(s) 
	Call Stack: SubBytes, Cipher, AESEncryptCtr 
	Bindings: c: undefined
		Nb: number = 4
		r: undefined
		s: array
Paused at 41
	Call Stack: SubBytes, Cipher, AESEncryptCtr 
	Bindings: c: undefined
		Nb: number = 4
		r: number = 0
		s: array
Paused at 40
	Hit Breakpoint(s) 
	Call Stack: SubBytes, Cipher, AESEncryptCtr 
	Bindings: c: number = 4
		Nb: number = 4
		r: number = 0
		s: array
Paused at 40
	Hit Breakpoint(s) 
	Call Stack: SubBytes, Cipher, AESEncryptCtr 
	Bindings: c: number = 4
		Nb: number = 4
		r: number = 1
		s: array
Paused at 41
	Call Stack: SubBytes, Cipher, AESEncryptCtr 
	Bindings: c: number = 4
		Nb: number = 4
		r: number = 2
		s: array
Paused at 40
	Hit Breakpoint(s) 
	Call Stack: SubBytes, Cipher, AESEncryptCtr 
	Bindings: c: number = 4
		Nb: number = 4
		r: number = 2
		s: array
Paused at 40
	Hit Breakpoint(s) 
	Call Stack: SubBytes, Cipher, AESEncryptCtr 
	Bindings: c: number = 4
		Nb: number = 4
		r: number = 3
		s: array
Paused at 43
	Call Stack: SubBytes, Cipher, AESEncryptCtr 
	Bindings: c: number = 4
		Nb: number = 4
		r: number = 4
		s: array
Paused at 44
	Call Stack: SubBytes, Cipher, AESEncryptCtr 
	Bindings: c: number = 4
		Nb: number = 4
		r: number = 4
		s: array
Paused at 24
	Hit Breakpoint(s) 
	Call Stack: Cipher, AESEncryptCtr 
	Bindings: i: number = 16
		input: array
		Nb: number = 4
		Nr: number = 14
		output: undefined
		round: number = 1
		state: array
		w: array
Paused at 48
	Call Stack: ShiftRows, Cipher, AESEncryptCtr 
	Bindings: c: undefined
		Nb: number = 4
		r: undefined
		s: array
		t: undefined
Paused at 50
	Hit Breakpoint(s) 
	Call Stack: ShiftRows, Cipher, AESEncryptCtr 
	Bindings: c: undefined
		Nb: number = 4
		r: number = 1
		s: array
		t: array
Paused at 50
	Hit Breakpoint(s) 
	Call Stack: ShiftRows, Cipher, AESEncryptCtr 
	Bindings: c: number = 4
		Nb: number = 4
		r: number = 2
		s: array
		t: array
Paused at 50
	Hit Breakpoint(s) 
	Call Stack: ShiftRows, Cipher, AESEncryptCtr 
	Bindings: c: number = 4
		Nb: number = 4
		r: number = 3
		s: array
		t: array
Paused at 54
	Call Stack: ShiftRows, Cipher, AESEncryptCtr 
	Bindings: c: number = 4
		Nb: number = 4
		r: number = 4
		s: array
		t: array
Paused at 25
	Call Stack: Cipher, AESEncryptCtr 
	Bindings: i: number = 16
		input: array
		Nb: number = 4
		Nr: number = 14
		output: undefined
		round: number = 1
		state: array
		w: array
Paused at 61
	Hit Breakpoint(s) 
	Call Stack: MixColumns, Cipher, AESEncryptCtr 
	Bindings: a: array
		b: array
		c: number = 0
		i: undefined
		Nb: number = 4
		s: array
Paused at 62
	Call Stack: MixColumns, Cipher, AESEncryptCtr 
	Bindings: a: array
		b: array
		c: number = 0
		i: number = 0
		Nb: number = 4
		s: array
Paused at 63
	Call Stack: MixColumns, Cipher, AESEncryptCtr 
	Bindings: a: array
		b: array
		c: number = 0
		i: number = 0
		Nb: number = 4
		s: array
Paused at 61
	Hit Breakpoint(s) 
	Call Stack: MixColumns, Cipher, AESEncryptCtr 
	Bindings: a: array
		b: array
		c: number = 0
		i: number = 0
		Nb: number = 4
		s: array
Paused at 62
	Call Stack: MixColumns, Cipher, AESEncryptCtr 
	Bindings: a: array
		b: array
		c: number = 0
		i: number = 1
		Nb: number = 4
		s: array
Paused at 61
	Hit Breakpoint(s) 
	Call Stack: MixColumns, Cipher, AESEncryptCtr 
	Bindings: a: array
		b: array
		c: number = 0
		i: number = 1
		Nb: number = 4
		s: array
Paused at 61
	Hit Breakpoint(s) 
	Call Stack: MixColumns, Cipher, AESEncryptCtr 
	Bindings: a: array
		b: array
		c: number = 0
		i: number = 2
		Nb: number = 4
		s: array
Paused at 62
	Call Stack: MixColumns, Cipher, AESEncryptCtr 
	Bindings: a: array
		b: array
		c: number = 0
		i: number = 3
		Nb: number = 4
		s: array
Paused at 63
	Call Stack: MixColumns, Cipher, AESEncryptCtr 
	Bindings: a: array
		b: array
		c: number = 0
		i: number = 3
		Nb: number = 4
		s: array
Paused at 61
	Hit Breakpoint(s) 
	Call Stack: MixColumns, Cipher, AESEncryptCtr 
	Bindings: a: array
		b: array
		c: number = 0
		i: number = 3
		Nb: number = 4
		s: array
Paused at 61
	Hit Breakpoint(s) 
	Call Stack: MixColumns, Cipher, AESEncryptCtr 
	Bindings: a: array
		b: array
		c: number = 1
		i: number = 4
		Nb: number = 4
		s: array
Paused at 62
	Call Stack: MixColumns, Cipher, AESEncryptCtr 
	Bindings: a: array
		b: array
		c: number = 1
		i: number = 0
		Nb: number = 4
		s: array
Paused at 63
	Call Stack: MixColumns, Cipher, AESEncryptCtr 
	Bindings: a: array
		b: array
		c: number = 1
		i: number = 0
		Nb: number = 4
		s: array
Paused at 61
	Call Stack: MixColumns, Cipher, AESEncryptCtr 
	Bindings: a: array
		b: array
		c: number = 1
		i: number = 0
		Nb: number = 4
		s: array
Paused at 61
	Hit Breakpoint(s) 
	Call Stack: MixColumns, Cipher, AESEncryptCtr 
	Bindings: a: array
		b: array
		c: number = 1
		i: number = 0
		Nb: number = 4
		s: array
Paused at 62
	Call Stack: MixColumns, Cipher, AESEncryptCtr 
	Bindings: a: array
		b: array
		c: number = 1
		i: number = 1
		Nb: number = 4
		s: array
Paused at 61
	Hit Breakpoint(s) 
	Call Stack: MixColumns, Cipher, AESEncryptCtr 
	Bindings: a: array
		b: array
		c: number = 1
		i: number = 1
		Nb: number = 4
		s: array
Paused at 62
	Call Stack: MixColumns, Cipher, AESEncryptCtr 
	Bindings: a: array
		b: array
		c: number = 1
		i: number = 2
		Nb: number = 4
		s: array
Paused at 63
	Call Stack: MixColumns, Cipher, AESEncryptCtr 
	Bindings: a: array
		b: array
		c: number = 1
		i: number = 2
		Nb: number = 4
		s: array
Paused at 61
	Call Stack: MixColumns, Cipher, AESEncryptCtr 
	Bindings: a: array
		b: array
		c: number = 1
		i: number = 2
		Nb: number = 4
		s: array
Paused at 61
	Hit Breakpoint(s) 
	Call Stack: MixColumns, Cipher, AESEncryptCtr 
	Bindings: a: array
		b: array
		c: number = 1
		i: number = 2
		Nb: number = 4
		s: array
Paused at 61
	Hit Breakpoint(s) 
	Call Stack: MixColumns, Cipher, AESEncryptCtr 
	Bindings: a: array
		b: array
		c: number = 1
		i: number = 3
		Nb: number = 4
		s: array
Paused at 66
	Call Stack: MixColumns, Cipher, AESEncryptCtr 
	Bindings: a: array
		b: array
		c: number = 1
		i: number = 4
		Nb: number = 4
		s: array
Paused at 61
	Hit Breakpoint(s) 
	Call Stack: MixColumns, Cipher, AESEncryptCtr 
	Bindings: a: array
		b: array
		c: number = 2
		i: number = 4
		Nb: number = 4
		s: array
Paused at 61
	Hit Breakpoint(s) 
	Call Stack: MixColumns, Cipher, AESEncryptCtr 
	Bindings: a: array
		b: array
		c: number = 2
		i: number = 0
		Nb: number = 4
		s: array
Paused at 62
	Call Stack: MixColumns, Cipher, AESEncryptCtr 
	Bindings: a: array
		b: array
		c: number = 2
		i: number = 1
		Nb: number = 4
		s: array
Paused at 63
	Call Stack: MixColumns, Cipher, AESEncryptCtr 
	Bindings: a: array
		b: array
		c: number = 2
		i: number = 1
		Nb: number = 4
		s: array
Paused at 61
	Call Stack: MixColumns, Cipher, AESEncryptCtr 
	Bindings: a: array
		b: array
		c: number = 2
		i: number = 1
		Nb: number = 4
		s: array
Paused at 62
	Call Stack: MixColumns, Cipher, AESEncryptCtr 
	Bindings: a: array
		b: array
		c: number = 2
		i: number = 2
		Nb: number = 4
		s: array
Paused at 61
	Hit Breakpoint(s) 
	Call Stack: MixColumns, Cipher, AESEncryptCtr 
	Bindings: a: array
		b: array
		c: number = 2
		i: number = 2
		Nb: number = 4
		s: array
Paused at 61
	Hit Breakpoint(s) 
	Call Stack: MixColumns, Cipher, AESEncryptCtr 
	Bindings: a: array
		b: array
		c: number = 2
		i: number = 3
		Nb: number = 4
		s: array
Paused at 61
	Hit Breakpoint(s) 
	Call Stack: MixColumns, Cipher, AESEncryptCtr 
	Bindings: a: array
		b: array
		c: number = 3
		i: number = 4
		Nb: number = 4
		s: array
Paused at 61
	Hit Breakpoint(s) 
	Call Stack: MixColumns, Cipher, AESEncryptCtr 
	Bindings: a: array
		b: array
		c: number = 3
		i: number = 0
		Nb: number = 4
		s: array
Paused at 62
	Call Stack: MixColumns, Cipher, AESEncryptCtr 
	Bindings: a: array
		b: array
		c: number = 3
		i: number = 1
		Nb: number = 4
		s: array
Paused at 61
	Hit Breakpoint(s) 
	Call Stack: MixColumns, Cipher, AESEncryptCtr 
	Bindings: a: array
		b: array
		c: number = 3
		i: number = 1
		Nb: number = 4
		s: array
Paused at 61
	Hit Breakpoint(s) 
	Call Stack: MixColumns, Cipher, AESEncryptCtr 
	Bindings: a: array
		b: array
		c: number = 3
		i: number = 2
		Nb: number = 4
		s: array
Paused at 62
	Call Stack: MixColumns, Cipher, AESEncryptCtr 
	Bindings: a: array
		b: array
		c: number = 3
		i: number = 3
		Nb: number = 4
		s: array
Paused at 63
	Call Stack: MixColumns, Cipher, AESEncryptCtr 
	Bindings: a: array
		b: array
		c: number = 3
		i: number = 3
		Nb: number = 4
		s: array
Paused at 61
	Call Stack: MixColumns, Cipher, AESEncryptCtr 
	Bindings: a: array
		b: array
		c: number = 3
		i: number = 3
		Nb: number = 4
		s: array
Paused at 66
	Call Stack: MixColumns, Cipher, AESEncryptCtr 
	Bindings: a: array
		b: array
		c: number = 3
		i: number = 4
		Nb: number = 4
		s: array
Paused at 71
	Hit Breakpoint(s) 
	Call Stack: MixColumns, Cipher, AESEncryptCtr 
	Bindings: a: array
		b: array
		c: number = 4
		i: number = 4
		Nb: number = 4
		s: array
Paused at 26
	Hit Breakpoint(s) 
	Call Stack: Cipher, AESEncryptCtr 
	Bindings: i: number = 16
		input: array
		Nb: number = 4
		Nr: number = 14
		output: undefined
		round: number = 1
		state: array
		w: array
Paused at 22
	Call Stack: Cipher, AESEncryptCtr 
	Bindings: i: number = 16
		input: array
		Nb: number = 4
		Nr: number = 14
		output: undefined
		round: number = 1
		state: array
		w: array
Paused at 40
	Hit Breakpoint(s) 
	Call Stack: SubBytes, Cipher, AESEncryptCtr 
	Bindings: c: undefined
		Nb: number = 4
		r: undefined
		s: array
Paused at 41
	Call Stack: SubBytes, Cipher, AESEncryptCtr 
	Bindings: c: undefined
		Nb: number = 4
		r: number = 0
		s: array
Paused at 40
	Call Stack: SubBytes, Cipher, AESEncryptCtr 
	Bindings: c: number = 4
		Nb: number = 4
		r: number = 0
		s: array
Paused at 40
	Hit Breakpoint(s) 
	Call Stack: SubBytes, Cipher, AESEncryptCtr 
	Bindings: c: number = 4
		Nb: number = 4
		r: number = 0
		s: array
Paused at 41
	Call Stack: SubBytes, Cipher, AESEncryptCtr 
	Bindings: c: number = 4
		Nb: number = 4
		r: number = 1
		s: array
Paused at 40
	Call Stack: SubBytes, Cipher, AESEncryptCtr 
	Bindings: c: number = 4
		Nb: number = 4
		r: number = 1
		s: array
Paused at 40
	Hit Breakpoint(s) 
	Call Stack: SubBytes, Cipher, AESEncryptCtr 
	Bindings: c: number = 4
		Nb: number = 4
		r: number = 1
		s: array
Paused at 41
	Call Stack: SubBytes, Cipher, AESEncryptCtr 
	Bindings: c: number = 4
		Nb: number = 4
		r: number = 2
		s: array
Paused at 40
	Call Stack: SubBytes, Cipher, AESEncryptCtr 
	Bindings: c: number = 4
		Nb: number = 4
		r: number = 2
		s: array
Paused at 41
	Call Stack: SubBytes, Cipher, AESEncryptCtr 
	Bindings: c: number = 4
		Nb: number = 4
		r: number = 3
		s: array
Paused at 40
	Hit Breakpoint(s) 
	Call Stack: SubBytes, Cipher, AESEncryptCtr 
	Bindings: c: number = 4
		Nb: number = 4
		r: number = 3
		s: array
Paused at 43
	Call Stack: SubBytes, Cipher, AESEncryptCtr 
	Bindings: c: number = 4
		Nb: number = 4
		r: number = 4
		s: array
Paused at 44
	Call Stack: SubBytes, Cipher, AESEncryptCtr 
	Bindings: c: number = 4
		Nb: number = 4
		r: number = 4
		s: array
Paused at 24
	Hit Breakpoint(s) 
	Call Stack: Cipher, AESEncryptCtr 
	Bindings: i: number = 16
		input: array
		Nb: number = 4
		Nr: number = 14
		output: undefined
		round: number = 2
		state: array
		w: array
Paused at 50
	Hit Breakpoint(s) 
	Call Stack: ShiftRows, Cipher, AESEncryptCtr 
	Bindings: c: undefined
		Nb: number = 4
		r: number = 1
		s: array
		t: array
Paused at 50
	Hit Breakpoint(s) 
	Call Stack: ShiftRows, Cipher, AESEncryptCtr 
	Bindings: c: number = 4
		Nb: number = 4
		r: number = 2
		s: array
		t: array
Paused at 50
	Hit Breakpoint(s) 
	Call Stack: ShiftRows, Cipher, AESEncryptCtr 
	Bindings: c: number = 4
		Nb: number = 4
		r: number = 3
		s: array
		t: array
Paused at 51
	Call Stack: ShiftRows, Cipher, AESEncryptCtr 
	Bindings: c: number = 4
		Nb: number = 4
		r: number = 3
		s: array
		t: array
Paused at 54
	Call Stack: ShiftRows, Cipher, AESEncryptCtr 
	Bindings: c: number = 4
		Nb: number = 4
		r: number = 4
		s: array
		t: array
Paused at 25
	Call Stack: Cipher, AESEncryptCtr 
	Bindings: i: number = 16
		input: array
		Nb: number = 4
		Nr: number = 14
		output: undefined
		round: number = 2
		state: array
		w: array
Paused at 61
	Hit Breakpoint(s) 
	Call Stack: MixColumns, Cipher, AESEncryptCtr 
	Bindings: a: array
		b: array
		c: number = 0
		i: undefined
		Nb: number = 4
		s: array
Paused at 62
	Call Stack: MixColumns, Cipher, AESEncryptCtr 
	Bindings: a: array
		b: array
		c: number = 0
		i: number = 0
		Nb: number = 4
		s: array
Paused at 61
	Hit Breakpoint(s) 
	Call Stack: MixColumns, Cipher, AESEncryptCtr 
	Bindings: a: array
		b: array
		c: number = 0
		i: number = 0
		Nb: number = 4
		s: array
Paused at 62
	Call Stack: MixColumns, Cipher, AESEncryptCtr 
	Bindings: a: array
		b: array
		c: number = 0
		i: number = 1
		Nb: number = 4
		s: array
Paused at 63
	Call Stack: MixColumns, Cipher, AESEncryptCtr 
	Bindings: a: array
		b: array
		c: number = 0
		i: number = 1
		Nb: number = 4
		s: array
Paused at 61
	Hit Breakpoint(s) 
	Call Stack: MixColumns, Cipher, AESEncryptCtr 
	Bindings: a: array
		b: array
		c: number = 0
		i: number = 1
		Nb: number = 4
		s: array
Paused at 61
	Hit Breakpoint(s) 
	Call Stack: MixColumns, Cipher, AESEncryptCtr 
	Bindings: a: array
		b: array
		c: number = 0
		i: number = 2
		Nb: number = 4
		s: array
Paused at 62
	Call Stack: MixColumns, Cipher, AESEncryptCtr 
	Bindings: a: array
		b: array
		c: number = 0
		i: number = 3
		Nb: number = 4
		s: array
Paused at 63
	Call Stack: MixColumns, Cipher, AESEncryptCtr 
	Bindings: a: array
		b: array
		c: number = 0
		i: number = 3
		Nb: number = 4
		s: array
Paused at 61
	Hit Breakpoint(s) 
	Call Stack: MixColumns, Cipher, AESEncryptCtr 
	Bindings: a: array
		b: array
		c: number = 0
		i: number = 3
		Nb: number = 4
		s: array
Paused at 61
	Hit Breakpoint(s) 
	Call Stack: MixColumns, Cipher, AESEncryptCtr 
	Bindings: a: array
		b: array
		c: number = 1
		i: number = 4
		Nb: number = 4
		s: array
Paused at 62
	Call Stack: MixColumns, Cipher, AESEncryptCtr 
	Bindings: a: array
		b: array
		c: number = 1
		i: number = 0
		Nb: number = 4
		s: array
Paused at 61
	Hit Breakpoint(s) 
	Call Stack: MixColumns, Cipher, AESEncryptCtr 
	Bindings: a: array
		b: array
		c: number = 1
		i: number = 0
		Nb: number = 4
		s: array
Paused at 61
	Hit Breakpoint(s) 
	Call Stack: MixColumns, Cipher, AESEncryptCtr 
	Bindings: a: array
		b: array
		c: number = 1
		i: number = 1
		Nb: number = 4
		s: array
Paused at 62
	Call Stack: MixColumns, Cipher, AESEncryptCtr 
	Bindings: a: array
		b: array
		c: number = 1
		i: number = 2
		Nb: number = 4
		s: array
Paused at 63
	Call Stack: MixColumns, Cipher, AESEncryptCtr 
	Bindings: a: array
		b: array
		c: number = 1
		i: number = 2
		Nb: number = 4
		s: array
Paused at 61
	Call Stack: MixColumns, Cipher, AESEncryptCtr 
	Bindings: a: array
		b: array
		c: number = 1
		i: number = 2
		Nb: number = 4
		s: array
Paused at 62
	Call Stack: MixColumns, Cipher, AESEncryptCtr 
	Bindings: a: array
		b: array
		c: number = 1
		i: number = 3
		Nb: number = 4
		s: array
Paused at 63
	Call Stack: MixColumns, Cipher, AESEncryptCtr 
	Bindings: a: array
		b: array
		c: number = 1
		i: number = 3
		Nb: number = 4
		s: array
Paused at 61
	Call Stack: MixColumns, Cipher, AESEncryptCtr 
	Bindings: a: array
		b: array
		c: number = 1
		i: number = 3
		Nb: number = 4
		s: array
Paused at 66
	Call Stack: MixColumns, Cipher, AESEncryptCtr 
	Bindings: a: array
		b: array
		c: number = 1
		i: number = 4
		Nb: number = 4
		s: array
Paused at 61
	Hit Breakpoint(s) 
	Call Stack: MixColumns, Cipher, AESEncryptCtr 
	Bindings: a: array
		b: array
		c: number = 2
		i: number = 4
		Nb: number = 4
		s: array
Paused at 61
	Hit Breakpoint(s) 
	Call Stack: MixColumns, Cipher, AESEncryptCtr 
	Bindings: a: array
		b: array
		c: number = 2
		i: number = 0
		Nb: number = 4
		s: array
Paused at 62
	Call Stack: MixColumns, Cipher, AESEncryptCtr 
	Bindings: a: array
		b: array
		c: number = 2
		i: number = 1
		Nb: number = 4
		s: array
Paused at 61
	Hit Breakpoint(s) 
	Call Stack: MixColumns, Cipher, AESEncryptCtr 
	Bindings: a: array
		b: array
		c: number = 2
		i: number = 1
		Nb: number = 4
		s: array
Paused at 61
	Hit Breakpoint(s) 
	Call Stack: MixColumns, Cipher, AESEncryptCtr 
	Bindings: a: array
		b: array
		c: number = 2
		i: number = 2
		Nb: number = 4
		s: array
Paused at 62
	Call Stack: MixColumns, Cipher, AESEncryptCtr 
	Bindings: a: array
		b: array
		c: number = 2
		i: number = 3
		Nb: number = 4
		s: array
Paused at 63
	Call Stack: MixColumns, Cipher, AESEncryptCtr 
	Bindings: a: array
		b: array
		c: number = 2
		i: number = 3
		Nb: number = 4
		s: array
Paused at 61
	Hit Breakpoint(s) 
	Call Stack: MixColumns, Cipher, AESEncryptCtr 
	Bindings: a: array
		b: array
		c: number = 2
		i: number = 3
		Nb: number = 4
		s: array
Paused at 66
	Call Stack: MixColumns, Cipher, AESEncryptCtr 
	Bindings: a: array
		b: array
		c: number = 2
		i: number = 4
		Nb: number = 4
		s: array
Paused at 67
	Call Stack: MixColumns, Cipher, AESEncryptCtr 
	Bindings: a: array
		b: array
		c: number = 2
		i: number = 4
		Nb: number = 4
		s: array
Paused at 68
	Call Stack: MixColumns, Cipher, AESEncryptCtr 
	Bindings: a: array
		b: array
		c: number = 2
		i: number = 4
		Nb: number = 4
		s: array
Paused at 69
	Call Stack: MixColumns, Cipher, AESEncryptCtr 
	Bindings: a: array
		b: array
		c: number = 2
		i: number = 4
		Nb: number = 4
		s: array
Paused at 58
	Call Stack: MixColumns, Cipher, AESEncryptCtr 
	Bindings: a: array
		b: array
		c: number = 2
		i: number = 4
		Nb: number = 4
		s: array
Paused at 59
	Call Stack: MixColumns, Cipher, AESEncryptCtr 
	Bindings: a: array
		b: array
		c: number = 3
		i: number = 4
		Nb: number = 4
		s: array
Paused at 60
	Call Stack: MixColumns, Cipher, AESEncryptCtr 
	Bindings: a: array
		b: array
		c: number = 3
		i: number = 4
		Nb: number = 4
		s: array
Paused at 61
	Call Stack: MixColumns, Cipher, AESEncryptCtr 
	Bindings: a: array
		b: array
		c: number = 3
		i: number = 4
		Nb: number = 4
		s: array
Paused at 62
	Call Stack: MixColumns, Cipher, AESEncryptCtr 
	Bindings: a: array
		b: array
		c: number = 3
		i: number = 0
		Nb: number = 4
		s: array
Paused at 61
	Hit Breakpoint(s) 
	Call Stack: MixColumns, Cipher, AESEncryptCtr 
	Bindings: a: array
		b: array
		c: number = 3
		i: number = 0
		Nb: number = 4
		s: array
Paused at 62
	Call Stack: MixColumns, Cipher, AESEncryptCtr 
	Bindings: a: array
		b: array
		c: number = 3
		i: number = 1
		Nb: number = 4
		s: array
Paused at 61
	Hit Breakpoint(s) 
	Call Stack: MixColumns, Cipher, AESEncryptCtr 
	Bindings: a: array
		b: array
		c: number = 3
		i: number = 1
		Nb: number = 4
		s: array
Paused at 61
	Hit Breakpoint(s) 
	Call Stack: MixColumns, Cipher, AESEncryptCtr 
	Bindings: a: array
		b: array
		c: number = 3
		i: number = 2
		Nb: number = 4
		s: array
Paused at 62
	Call Stack: MixColumns, Cipher, AESEncryptCtr 
	Bindings: a: array
		b: array
		c: number = 3
		i: number = 3
		Nb: number = 4
		s: array
Paused at 61
	Hit Breakpoint(s) 
	Call Stack: MixColumns, Cipher, AESEncryptCtr 
	Bindings: a: array
		b: array
		c: number = 3
		i: number = 3
		Nb: number = 4
		s: array
Paused at 66
	Call Stack: MixColumns, Cipher, AESEncryptCtr 
	Bindings: a: array
		b: array
		c: number = 3
		i: number = 4
		Nb: number = 4
		s: array
Paused at 67
	Call Stack: MixColumns, Cipher, AESEncryptCtr 
	Bindings: a: array
		b: array
		c: number = 3
		i: number = 4
		Nb: number = 4
		s: array
Paused at 71
	Hit Breakpoint(s) 
	Call Stack: MixColumns, Cipher, AESEncryptCtr 
	Bindings: a: array
		b: array
		c: number = 4
		i: number = 4
		Nb: number = 4
		s: array
Paused at 26
	Hit Breakpoint(s) 
	Call Stack: Cipher, AESEncryptCtr 
	Bindings: i: number = 16
		input: array
		Nb: number = 4
		Nr: number = 14
		output: undefined
		round: number = 2
		state: array
		w: array
Paused at 40
	Hit Breakpoint(s) 
	Call Stack: SubBytes, Cipher, AESEncryptCtr 
	Bindings: c: undefined
		Nb: number = 4
		r: undefined
		s: array
Paused at 41
	Call Stack: SubBytes, Cipher, AESEncryptCtr 
	Bindings: c: undefined
		Nb: number = 4
		r: number = 0
		s: array
Paused at 40
	Call Stack: SubBytes, Cipher, AESEncryptCtr 
	Bindings: c: number = 4
		Nb: number = 4
		r: number = 0
		s: array
Paused at 41
	Call Stack: SubBytes, Cipher, AESEncryptCtr 
	Bindings: c: number = 4
		Nb: number = 4
		r: number = 1
		s: array
Paused at 40
	Hit Breakpoint(s) 
	Call Stack: SubBytes, Cipher, AESEncryptCtr 
	Bindings: c: number = 4
		Nb: number = 4
		r: number = 1
		s: array
Paused at 41
	Call Stack: SubBytes, Cipher, AESEncryptCtr 
	Bindings: c: number = 4
		Nb: number = 4
		r: number = 2
		s: array
Paused at 40
	Hit Breakpoint(s) 
	Call Stack: SubBytes, Cipher, AESEncryptCtr 
	Bindings: c: number = 4
		Nb: number = 4
		r: number = 2
		s: array
Paused at 40
	Hit Breakpoint(s) 
	Call Stack: SubBytes, Cipher, AESEncryptCtr 
	Bindings: c: number = 4
		Nb: number = 4
		r: number = 3
		s: array
Paused at 44
	Call Stack: SubBytes, Cipher, AESEncryptCtr 
	Bindings: c: number = 4
		Nb: number = 4
		r: number = 4
		s: array
Paused at 24
	Call Stack: Cipher, AESEncryptCtr 
	Bindings: i: number = 16
		input: array
		Nb: number = 4
		Nr: number = 14
		output: undefined
		round: number = 3
		state: array
		w: array
