Set Breakpoint at 9
Set Breakpoint at 21
Set Breakpoint at 137
Set Breakpoint at 123
Set Breakpoint at 212
Set Breakpoint at 60
Set Breakpoint at 156
Set Breakpoint at 150
Set Breakpoint at 199
Set Breakpoint at 42
Set Breakpoint at 165
Set Breakpoint at 32
Set Breakpoint at 94
Set Breakpoint at 178
Set Breakpoint at 214
Set Breakpoint at 225
Set Breakpoint at 219
Set Breakpoint at 2
Set Breakpoint at 46
Set Breakpoint at 149
Set Breakpoint at 52
Set Breakpoint at 206
resume
resume
stepOver
stepOver
stepOut
resume
stepOver
stepOver
stepOut
resume
stepOver
resume
stepIn
stepOut
stepOut
stepOut
stepOut
stepOut
resume
resume
stepOver
resume
stepOut
stepIn
resume
stepIn
stepIn
resume
stepOut
stepOut
resume
stepOut
stepOver
stepOver
stepOver
stepIn
stepOut
stepOver
resume
stepOut
stepOver
stepOut
resume
resume
stepOver
stepOut
resume
stepOver
stepOver
stepOver
stepIn
resume
stepIn
resume
stepOut
resume
stepOver
stepIn
stepOver
stepOver
stepIn
stepOver
stepIn
stepOut
stepOver
resume
stepOut
stepIn
resume
stepOut
stepIn
stepOut
resume
stepIn
stepOut
resume
stepOut
stepOut
stepOver
stepOver
stepIn
stepOver
resume
stepOver
stepOut
stepOut
stepIn
stepOver
stepOut
resume
stepIn
stepIn
stepIn
resume
stepIn
resume
stepOver
stepOver
stepOver
stepOut
resume
stepIn
stepOut
stepOut
stepOver
stepOver
stepIn
stepIn
resume
stepOut
stepOut
resume
stepOver
resume
stepOut
stepOver
stepIn
stepIn
stepOver
resume
resume
stepOver
stepOut
stepOver
stepIn
resume
stepIn
stepIn
stepOut
stepOver
stepOver
stepOver
resume
stepIn
stepOver
resume
stepOver
stepOut
resume
stepOver
stepOut
stepOver
stepOver
stepOver
stepOut
stepOver
stepOver
resume
stepOut
stepOver
stepOver
stepOut
stepOut
stepOver
resume
resume
stepOver
stepOver
stepOver
stepOver
stepIn
stepOver
stepOver
stepOut
stepOut
stepOver
stepOut
resume
stepOver
stepIn
resume
stepIn
stepOver
stepOver
stepOver
stepIn
stepIn
stepOver
stepOver
stepIn
stepOut
stepOver
stepOut
stepOut
stepOver
stepOut
stepIn
stepOver
stepOut
resume
resume
stepOver
stepOver
stepIn
resume
stepIn
resume
resume
stepOut
stepOver
