Breakpoint Set at 49
Breakpoint Set at 7
Breakpoint Set at 38
Breakpoint Set at 34
Breakpoint Set at 57
Breakpoint Set at 20
Paused at 49
	Hit Breakpoint(s) 
	Call Stack:  
	Bindings: 
Paused at 34
	Hit Breakpoint(s) 
	Call Stack: spectralnorm 
	Bindings: i: undefined
		n: number = 6
		u: undefined
		v: undefined
		vBv: undefined
		vv: undefined
		w: undefined
Paused at 38
	Hit Breakpoint(s) 
	Call Stack: spectralnorm 
	Bindings: i: number = 6
		n: number = 6
		u: array
		v: array
		vBv: number = 0
		vv: number = 0
		w: array
Paused at 38
	Call Stack: spectralnorm 
	Bindings: i: number = 0
		n: number = 6
		u: array
		v: array
		vBv: number = 0
		vv: number = 0
		w: array
Paused at 39
	Call Stack: spectralnorm 
	Bindings: i: number = 0
		n: number = 6
		u: array
		v: array
		vBv: number = 0
		vv: number = 0
		w: array
Paused at 7
	Hit Breakpoint(s) 
	Call Stack: A, Au, AtAu, spectralnorm 
	Bindings: i: number = 0
		j: number = 0
Paused at 7
	Hit Breakpoint(s) 
	Call Stack: A, Au, AtAu, spectralnorm 
	Bindings: i: number = 0
		j: number = 1
Paused at 8
	Call Stack: A, Au, AtAu, spectralnorm 
	Bindings: i: number = 0
		j: number = 1
Paused at 13
	Call Stack: Au, AtAu, spectralnorm 
	Bindings: i: number = 0
		j: number = 1
		t: number = 1.5
		u: array
		v: array
Paused at 7
	Hit Breakpoint(s) 
	Call Stack: A, Au, AtAu, spectralnorm 
	Bindings: i: number = 0
		j: number = 2
Paused at 7
	Hit Breakpoint(s) 
	Call Stack: A, Au, AtAu, spectralnorm 
	Bindings: i: number = 0
		j: number = 3
Paused at 8
	Call Stack: A, Au, AtAu, spectralnorm 
	Bindings: i: number = 0
		j: number = 3
Paused at 7
	Hit Breakpoint(s) 
	Call Stack: A, Au, AtAu, spectralnorm 
	Bindings: i: number = 0
		j: number = 4
Paused at 8
	Call Stack: A, Au, AtAu, spectralnorm 
	Bindings: i: number = 0
		j: number = 4
Paused at 13
	Call Stack: Au, AtAu, spectralnorm 
	Bindings: i: number = 0
		j: number = 4
		t: number = 1.9837662337662336
		u: array
		v: array
Paused at 7
	Hit Breakpoint(s) 
	Call Stack: A, Au, AtAu, spectralnorm 
	Bindings: i: number = 0
		j: number = 5
Paused at 13
	Call Stack: Au, AtAu, spectralnorm 
	Bindings: i: number = 0
		j: number = 5
		t: number = 2.0462662337662336
		u: array
		v: array
Paused at 7
	Hit Breakpoint(s) 
	Call Stack: A, Au, AtAu, spectralnorm 
	Bindings: i: number = 1
		j: number = 0
Paused at 13
	Call Stack: Au, AtAu, spectralnorm 
	Bindings: i: number = 1
		j: number = 0
		t: number = 0.3333333333333333
		u: array
		v: array
Paused at 7
	Hit Breakpoint(s) 
	Call Stack: A, Au, AtAu, spectralnorm 
	Bindings: i: number = 1
		j: number = 1
Paused at 7
	Hit Breakpoint(s) 
	Call Stack: A, Au, AtAu, spectralnorm 
	Bindings: i: number = 1
		j: number = 2
Paused at 8
	Call Stack: A, Au, AtAu, spectralnorm 
	Bindings: i: number = 1
		j: number = 2
Paused at 7
	Hit Breakpoint(s) 
	Call Stack: A, Au, AtAu, spectralnorm 
	Bindings: i: number = 1
		j: number = 3
Paused at 13
	Call Stack: Au, AtAu, spectralnorm 
	Bindings: i: number = 1
		j: number = 3
		t: number = 0.7416666666666667
		u: array
		v: array
Paused at 13
	Call Stack: Au, AtAu, spectralnorm 
	Bindings: i: number = 1
		j: number = 4
		t: number = 0.7416666666666667
		u: array
		v: array
Paused at 7
	Hit Breakpoint(s) 
	Call Stack: A, Au, AtAu, spectralnorm 
	Bindings: i: number = 1
		j: number = 4
Paused at 8
	Call Stack: A, Au, AtAu, spectralnorm 
	Bindings: i: number = 1
		j: number = 4
Paused at 13
	Call Stack: Au, AtAu, spectralnorm 
	Bindings: i: number = 1
		j: number = 4
		t: number = 0.8004901960784314
		u: array
		v: array
Paused at 7
	Hit Breakpoint(s) 
	Call Stack: A, Au, AtAu, spectralnorm 
	Bindings: i: number = 1
		j: number = 5
Paused at 13
	Call Stack: Au, AtAu, spectralnorm 
	Bindings: i: number = 1
		j: number = 5
		t: number = 0.8439684569479966
		u: array
		v: array
Paused at 7
	Hit Breakpoint(s) 
	Call Stack: A, Au, AtAu, spectralnorm 
	Bindings: i: number = 2
		j: number = 0
Paused at 7
	Hit Breakpoint(s) 
	Call Stack: A, Au, AtAu, spectralnorm 
	Bindings: i: number = 2
		j: number = 1
Paused at 13
	Call Stack: Au, AtAu, spectralnorm 
	Bindings: i: number = 2
		j: number = 1
		t: number = 0.2777777777777778
		u: array
		v: array
Paused at 13
	Call Stack: Au, AtAu, spectralnorm 
	Bindings: i: number = 2
		j: number = 2
		t: number = 0.2777777777777778
		u: array
		v: array
Paused at 14
	Call Stack: Au, AtAu, spectralnorm 
	Bindings: i: number = 2
		j: number = 2
		t: number = 0.2777777777777778
		u: array
		v: array
Paused at 7
	Hit Breakpoint(s) 
	Call Stack: A, Au, AtAu, spectralnorm 
	Bindings: i: number = 2
		j: number = 2
Paused at 8
	Call Stack: A, Au, AtAu, spectralnorm 
	Bindings: i: number = 2
		j: number = 2
Paused at 13
	Call Stack: Au, AtAu, spectralnorm 
	Bindings: i: number = 2
		j: number = 2
		t: number = 0.3547008547008547
		u: array
		v: array
Paused at 13
	Call Stack: Au, AtAu, spectralnorm 
	Bindings: i: number = 2
		j: number = 3
		t: number = 0.3547008547008547
		u: array
		v: array
Paused at 7
	Hit Breakpoint(s) 
	Call Stack: A, Au, AtAu, spectralnorm 
	Bindings: i: number = 2
		j: number = 3
Paused at 13
	Call Stack: Au, AtAu, spectralnorm 
	Bindings: i: number = 2
		j: number = 3
		t: number = 0.41025641025641024
		u: array
		v: array
Paused at 13
	Call Stack: Au, AtAu, spectralnorm 
	Bindings: i: number = 2
		j: number = 4
		t: number = 0.41025641025641024
		u: array
		v: array
Paused at 7
	Hit Breakpoint(s) 
	Call Stack: A, Au, AtAu, spectralnorm 
	Bindings: i: number = 2
		j: number = 4
Paused at 7
	Hit Breakpoint(s) 
	Call Stack: A, Au, AtAu, spectralnorm 
	Bindings: i: number = 2
		j: number = 5
Paused at 7
	Hit Breakpoint(s) 
	Call Stack: A, Au, AtAu, spectralnorm 
	Bindings: i: number = 3
		j: number = 0
Paused at 8
	Call Stack: A, Au, AtAu, spectralnorm 
	Bindings: i: number = 3
		j: number = 0
Paused at 13
	Call Stack: Au, AtAu, spectralnorm 
	Bindings: i: number = 3
		j: number = 0
		t: number = 0.1
		u: array
		v: array
Paused at 7
	Hit Breakpoint(s) 
	Call Stack: A, Au, AtAu, spectralnorm 
	Bindings: i: number = 3
		j: number = 1
Paused at 8
	Call Stack: A, Au, AtAu, spectralnorm 
	Bindings: i: number = 3
		j: number = 1
Paused at 13
	Call Stack: Au, AtAu, spectralnorm 
	Bindings: i: number = 3
		j: number = 1
		t: number = 0.17142857142857143
		u: array
		v: array
Paused at 13
	Call Stack: Au, AtAu, spectralnorm 
	Bindings: i: number = 3
		j: number = 2
		t: number = 0.17142857142857143
		u: array
		v: array
Paused at 14
	Call Stack: Au, AtAu, spectralnorm 
	Bindings: i: number = 3
		j: number = 2
		t: number = 0.17142857142857143
		u: array
		v: array
Paused at 7
	Hit Breakpoint(s) 
	Call Stack: A, Au, AtAu, spectralnorm 
	Bindings: i: number = 3
		j: number = 2
Paused at 8
	Call Stack: A, Au, AtAu, spectralnorm 
	Bindings: i: number = 3
		j: number = 2
Paused at 7
	Hit Breakpoint(s) 
	Call Stack: A, Au, AtAu, spectralnorm 
	Bindings: i: number = 3
		j: number = 3
Paused at 13
	Call Stack: Au, AtAu, spectralnorm 
	Bindings: i: number = 3
		j: number = 3
		t: number = 0.26406015037593983
		u: array
		v: array
Paused at 7
	Hit Breakpoint(s) 
	Call Stack: A, Au, AtAu, spectralnorm 
	Bindings: i: number = 3
		j: number = 4
Paused at 8
	Call Stack: A, Au, AtAu, spectralnorm 
	Bindings: i: number = 3
		j: number = 4
Paused at 13
	Call Stack: Au, AtAu, spectralnorm 
	Bindings: i: number = 3
		j: number = 4
		t: number = 0.29531015037593983
		u: array
		v: array
Paused at 13
	Call Stack: Au, AtAu, spectralnorm 
	Bindings: i: number = 3
		j: number = 5
		t: number = 0.29531015037593983
		u: array
		v: array
Paused at 14
	Call Stack: Au, AtAu, spectralnorm 
	Bindings: i: number = 3
		j: number = 5
		t: number = 0.29531015037593983
		u: array
		v: array
Paused at 7
	Hit Breakpoint(s) 
	Call Stack: A, Au, AtAu, spectralnorm 
	Bindings: i: number = 3
		j: number = 5
Paused at 8
	Call Stack: A, Au, AtAu, spectralnorm 
	Bindings: i: number = 3
		j: number = 5
Paused at 13
	Call Stack: Au, AtAu, spectralnorm 
	Bindings: i: number = 3
		j: number = 5
		t: number = 0.32031015037593985
		u: array
		v: array
Paused at 7
	Hit Breakpoint(s) 
	Call Stack: A, Au, AtAu, spectralnorm 
	Bindings: i: number = 4
		j: number = 0
Paused at 8
	Call Stack: A, Au, AtAu, spectralnorm 
	Bindings: i: number = 4
		j: number = 0
Paused at 7
	Hit Breakpoint(s) 
	Call Stack: A, Au, AtAu, spectralnorm 
	Bindings: i: number = 4
		j: number = 1
Paused at 13
	Call Stack: Au, AtAu, spectralnorm 
	Bindings: i: number = 4
		j: number = 1
		t: number = 0.11666666666666667
		u: array
		v: array
Paused at 13
	Call Stack: Au, AtAu, spectralnorm 
	Bindings: i: number = 4
		j: number = 2
		t: number = 0.11666666666666667
		u: array
		v: array
Paused at 7
	Hit Breakpoint(s) 
	Call Stack: A, Au, AtAu, spectralnorm 
	Bindings: i: number = 4
		j: number = 2
Paused at 13
	Call Stack: Au, AtAu, spectralnorm 
	Bindings: i: number = 4
		j: number = 2
		t: number = 0.15512820512820513
		u: array
		v: array
Paused at 13
	Call Stack: Au, AtAu, spectralnorm 
	Bindings: i: number = 4
		j: number = 3
		t: number = 0.15512820512820513
		u: array
		v: array
Paused at 7
	Hit Breakpoint(s) 
	Call Stack: A, Au, AtAu, spectralnorm 
	Bindings: i: number = 4
		j: number = 3
Paused at 7
	Hit Breakpoint(s) 
	Call Stack: A, Au, AtAu, spectralnorm 
	Bindings: i: number = 4
		j: number = 4
Paused at 8
	Call Stack: A, Au, AtAu, spectralnorm 
	Bindings: i: number = 4
		j: number = 4
Paused at 13
	Call Stack: Au, AtAu, spectralnorm 
	Bindings: i: number = 4
		j: number = 4
		t: number = 0.20982147933367445
		u: array
		v: array
Paused at 7
	Hit Breakpoint(s) 
	Call Stack: A, Au, AtAu, spectralnorm 
	Bindings: i: number = 4
		j: number = 5
Paused at 13
	Call Stack: Au, AtAu, spectralnorm 
	Bindings: i: number = 4
		j: number = 5
		t: number = 0.22982147933367444
		u: array
		v: array
Paused at 7
	Hit Breakpoint(s) 
	Call Stack: A, Au, AtAu, spectralnorm 
	Bindings: i: number = 5
		j: number = 0
Paused at 8
	Call Stack: A, Au, AtAu, spectralnorm 
	Bindings: i: number = 5
		j: number = 0
Paused at 13
	Call Stack: Au, AtAu, spectralnorm 
	Bindings: i: number = 5
		j: number = 0
		t: number = 0.047619047619047616
		u: array
		v: array
Paused at 13
	Call Stack: Au, AtAu, spectralnorm 
	Bindings: i: number = 5
		j: number = 1
		t: number = 0.047619047619047616
		u: array
		v: array
Paused at 14
	Call Stack: Au, AtAu, spectralnorm 
	Bindings: i: number = 5
		j: number = 1
		t: number = 0.047619047619047616
		u: array
		v: array
Paused at 7
	Hit Breakpoint(s) 
	Call Stack: A, Au, AtAu, spectralnorm 
	Bindings: i: number = 5
		j: number = 1
Paused at 8
	Call Stack: A, Au, AtAu, spectralnorm 
	Bindings: i: number = 5
		j: number = 1
Paused at 13
	Call Stack: Au, AtAu, spectralnorm 
	Bindings: i: number = 5
		j: number = 1
		t: number = 0.08465608465608465
		u: array
		v: array
Paused at 7
	Hit Breakpoint(s) 
	Call Stack: A, Au, AtAu, spectralnorm 
	Bindings: i: number = 5
		j: number = 2
Paused at 8
	Call Stack: A, Au, AtAu, spectralnorm 
	Bindings: i: number = 5
		j: number = 2
Paused at 13
	Call Stack: Au, AtAu, spectralnorm 
	Bindings: i: number = 5
		j: number = 2
		t: number = 0.11406784936196701
		u: array
		v: array
Paused at 7
	Hit Breakpoint(s) 
	Call Stack: A, Au, AtAu, spectralnorm 
	Bindings: i: number = 5
		j: number = 3
Paused at 7
	Hit Breakpoint(s) 
	Call Stack: A, Au, AtAu, spectralnorm 
	Bindings: i: number = 5
		j: number = 4
Paused at 8
	Call Stack: A, Au, AtAu, spectralnorm 
	Bindings: i: number = 5
		j: number = 4
Paused at 13
	Call Stack: Au, AtAu, spectralnorm 
	Bindings: i: number = 5
		j: number = 4
		t: number = 0.15748521630874573
		u: array
		v: array
Paused at 13
	Call Stack: Au, AtAu, spectralnorm 
	Bindings: i: number = 5
		j: number = 5
		t: number = 0.15748521630874573
		u: array
		v: array
Paused at 7
	Hit Breakpoint(s) 
	Call Stack: A, Au, AtAu, spectralnorm 
	Bindings: i: number = 5
		j: number = 5
Paused at 8
	Call Stack: A, Au, AtAu, spectralnorm 
	Bindings: i: number = 5
		j: number = 5
Paused at 20
	Hit Breakpoint(s) 
	Call Stack: Atu, AtAu, spectralnorm 
	Bindings: i: undefined
		j: undefined
		t: undefined
		u: array
		v: array
Paused at 20
	Call Stack: Atu, AtAu, spectralnorm 
	Bindings: i: number = 0
		j: undefined
		t: undefined
		u: array
		v: array
Paused at 21
	Call Stack: Atu, AtAu, spectralnorm 
	Bindings: i: number = 0
		j: undefined
		t: undefined
		u: array
		v: array
Paused at 22
	Call Stack: Atu, AtAu, spectralnorm 
	Bindings: i: number = 0
		j: undefined
		t: number = 0
		u: array
		v: array
Paused at 7
	Hit Breakpoint(s) 
	Call Stack: A, Atu, AtAu, spectralnorm 
	Bindings: i: number = 0
		j: number = 0
Paused at 7
	Hit Breakpoint(s) 
	Call Stack: A, Atu, AtAu, spectralnorm 
	Bindings: i: number = 1
		j: number = 0
Paused at 8
	Call Stack: A, Atu, AtAu, spectralnorm 
	Bindings: i: number = 1
		j: number = 0
Paused at 22
	Call Stack: Atu, AtAu, spectralnorm 
	Bindings: i: number = 0
		j: number = 1
		t: number = 2.327589052748899
		u: array
		v: array
Paused at 7
	Hit Breakpoint(s) 
	Call Stack: A, Atu, AtAu, spectralnorm 
	Bindings: i: number = 2
		j: number = 0
Paused at 8
	Call Stack: A, Atu, AtAu, spectralnorm 
	Bindings: i: number = 2
		j: number = 0
Paused at 22
	Call Stack: Atu, AtAu, spectralnorm 
	Bindings: i: number = 0
		j: number = 2
		t: number = 2.4082859096554334
		u: array
		v: array
Paused at 22
	Call Stack: Atu, AtAu, spectralnorm 
	Bindings: i: number = 0
		j: number = 3
		t: number = 2.4082859096554334
		u: array
		v: array
Paused at 23
	Call Stack: Atu, AtAu, spectralnorm 
	Bindings: i: number = 0
		j: number = 3
		t: number = 2.4082859096554334
		u: array
		v: array
Paused at 7
	Hit Breakpoint(s) 
	Call Stack: A, Atu, AtAu, spectralnorm 
	Bindings: i: number = 3
		j: number = 0
Paused at 22
	Call Stack: Atu, AtAu, spectralnorm 
	Bindings: i: number = 0
		j: number = 3
		t: number = 2.4403169246930276
		u: array
		v: array
Paused at 7
	Hit Breakpoint(s) 
	Call Stack: A, Atu, AtAu, spectralnorm 
	Bindings: i: number = 4
		j: number = 0
Paused at 7
	Hit Breakpoint(s) 
	Call Stack: A, Atu, AtAu, spectralnorm 
	Bindings: i: number = 5
		j: number = 0
Paused at 8
	Call Stack: A, Atu, AtAu, spectralnorm 
	Bindings: i: number = 5
		j: number = 0
Paused at 7
	Hit Breakpoint(s) 
	Call Stack: A, Atu, AtAu, spectralnorm 
	Bindings: i: number = 0
		j: number = 1
Paused at 22
	Call Stack: Atu, AtAu, spectralnorm 
	Bindings: i: number = 1
		j: number = 0
		t: number = 1.0231331168831168
		u: array
		v: array
Paused at 22
	Call Stack: Atu, AtAu, spectralnorm 
	Bindings: i: number = 1
		j: number = 1
		t: number = 1.0231331168831168
		u: array
		v: array
Paused at 23
	Call Stack: Atu, AtAu, spectralnorm 
	Bindings: i: number = 1
		j: number = 1
		t: number = 1.0231331168831168
		u: array
		v: array
Paused at 7
	Hit Breakpoint(s) 
	Call Stack: A, Atu, AtAu, spectralnorm 
	Bindings: i: number = 1
		j: number = 1
Paused at 8
	Call Stack: A, Atu, AtAu, spectralnorm 
	Bindings: i: number = 1
		j: number = 1
Paused at 7
	Hit Breakpoint(s) 
	Call Stack: A, Atu, AtAu, spectralnorm 
	Bindings: i: number = 2
		j: number = 1
Paused at 7
	Hit Breakpoint(s) 
	Call Stack: A, Atu, AtAu, spectralnorm 
	Bindings: i: number = 3
		j: number = 1
Paused at 8
	Call Stack: A, Atu, AtAu, spectralnorm 
	Bindings: i: number = 3
		j: number = 1
Paused at 22
	Call Stack: Atu, AtAu, spectralnorm 
	Bindings: i: number = 1
		j: number = 3
		t: number = 1.2686040093324966
		u: array
		v: array
Paused at 22
	Call Stack: Atu, AtAu, spectralnorm 
	Bindings: i: number = 1
		j: number = 4
		t: number = 1.2686040093324966
		u: array
		v: array
Paused at 23
	Call Stack: Atu, AtAu, spectralnorm 
	Bindings: i: number = 1
		j: number = 4
		t: number = 1.2686040093324966
		u: array
		v: array
Paused at 7
	Hit Breakpoint(s) 
	Call Stack: A, Atu, AtAu, spectralnorm 
	Bindings: i: number = 4
		j: number = 1
Paused at 8
	Call Stack: A, Atu, AtAu, spectralnorm 
	Bindings: i: number = 4
		j: number = 1
Paused at 22
	Call Stack: Atu, AtAu, spectralnorm 
	Bindings: i: number = 1
		j: number = 4
		t: number = 1.2800950832991804
		u: array
		v: array
Paused at 7
	Hit Breakpoint(s) 
	Call Stack: A, Atu, AtAu, spectralnorm 
	Bindings: i: number = 5
		j: number = 1
Paused at 8
	Call Stack: A, Atu, AtAu, spectralnorm 
	Bindings: i: number = 5
		j: number = 1
Paused at 22
	Call Stack: Atu, AtAu, spectralnorm 
	Bindings: i: number = 1
		j: number = 5
		t: number = 1.286535033629984
		u: array
		v: array
Paused at 22
	Call Stack: Atu, AtAu, spectralnorm 
	Bindings: i: number = 1
		j: number = 6
		t: number = 1.286535033629984
		u: array
		v: array
Paused at 7
	Hit Breakpoint(s) 
	Call Stack: A, Atu, AtAu, spectralnorm 
	Bindings: i: number = 0
		j: number = 2
Paused at 8
	Call Stack: A, Atu, AtAu, spectralnorm 
	Bindings: i: number = 0
		j: number = 2
Paused at 22
	Call Stack: Atu, AtAu, spectralnorm 
	Bindings: i: number = 2
		j: number = 0
		t: number = 0.5115665584415584
		u: array
		v: array
Paused at 7
	Hit Breakpoint(s) 
	Call Stack: A, Atu, AtAu, spectralnorm 
	Bindings: i: number = 1
		j: number = 2
Paused at 8
	Call Stack: A, Atu, AtAu, spectralnorm 
	Bindings: i: number = 1
		j: number = 2
Paused at 22
	Call Stack: Atu, AtAu, spectralnorm 
	Bindings: i: number = 2
		j: number = 1
		t: number = 0.617062615560058
		u: array
		v: array
Paused at 7
	Hit Breakpoint(s) 
	Call Stack: A, Atu, AtAu, spectralnorm 
	Bindings: i: number = 2
		j: number = 2
Paused at 8
	Call Stack: A, Atu, AtAu, spectralnorm 
	Bindings: i: number = 2
		j: number = 2
Paused at 22
	Call Stack: Atu, AtAu, spectralnorm 
	Bindings: i: number = 2
		j: number = 2
		t: number = 0.6543073187476893
		u: array
		v: array
Paused at 22
	Call Stack: Atu, AtAu, spectralnorm 
	Bindings: i: number = 2
		j: number = 3
		t: number = 0.6543073187476893
		u: array
		v: array
Paused at 23
	Call Stack: Atu, AtAu, spectralnorm 
	Bindings: i: number = 2
		j: number = 3
		t: number = 0.6543073187476893
		u: array
		v: array
Paused at 7
	Hit Breakpoint(s) 
	Call Stack: A, Atu, AtAu, spectralnorm 
	Bindings: i: number = 3
		j: number = 2
Paused at 22
	Call Stack: Atu, AtAu, spectralnorm 
	Bindings: i: number = 2
		j: number = 3
		t: number = 0.671165747714844
		u: array
		v: array
Paused at 22
	Call Stack: Atu, AtAu, spectralnorm 
	Bindings: i: number = 2
		j: number = 4
		t: number = 0.671165747714844
		u: array
		v: array
Paused at 23
	Call Stack: Atu, AtAu, spectralnorm 
	Bindings: i: number = 2
		j: number = 4
		t: number = 0.671165747714844
		u: array
		v: array
Paused at 7
	Hit Breakpoint(s) 
	Call Stack: A, Atu, AtAu, spectralnorm 
	Bindings: i: number = 4
		j: number = 2
Paused at 22
	Call Stack: Atu, AtAu, spectralnorm 
	Bindings: i: number = 2
		j: number = 4
		t: number = 0.6800050353815238
		u: array
		v: array
Paused at 22
	Call Stack: Atu, AtAu, spectralnorm 
	Bindings: i: number = 2
		j: number = 5
		t: number = 0.6800050353815238
		u: array
		v: array
Paused at 23
	Call Stack: Atu, AtAu, spectralnorm 
	Bindings: i: number = 2
		j: number = 5
		t: number = 0.6800050353815238
		u: array
		v: array
Paused at 7
	Hit Breakpoint(s) 
	Call Stack: A, Atu, AtAu, spectralnorm 
	Bindings: i: number = 5
		j: number = 2
Paused at 22
	Call Stack: Atu, AtAu, spectralnorm 
	Bindings: i: number = 2
		j: number = 5
		t: number = 0.6851191135853972
		u: array
		v: array
Paused at 22
	Call Stack: Atu, AtAu, spectralnorm 
	Bindings: i: number = 2
		j: number = 6
		t: number = 0.6851191135853972
		u: array
		v: array
Paused at 7
	Hit Breakpoint(s) 
	Call Stack: A, Atu, AtAu, spectralnorm 
	Bindings: i: number = 0
		j: number = 3
Paused at 7
	Hit Breakpoint(s) 
	Call Stack: A, Atu, AtAu, spectralnorm 
	Bindings: i: number = 1
		j: number = 3
Paused at 8
	Call Stack: A, Atu, AtAu, spectralnorm 
	Bindings: i: number = 1
		j: number = 3
Paused at 22
	Call Stack: Atu, AtAu, spectralnorm 
	Bindings: i: number = 3
		j: number = 1
		t: number = 0.36265445242655686
		u: array
		v: array
Paused at 22
	Call Stack: Atu, AtAu, spectralnorm 
	Bindings: i: number = 3
		j: number = 2
		t: number = 0.36265445242655686
		u: array
		v: array
Paused at 23
	Call Stack: Atu, AtAu, spectralnorm 
	Bindings: i: number = 3
		j: number = 2
		t: number = 0.36265445242655686
		u: array
		v: array
Paused at 7
	Hit Breakpoint(s) 
	Call Stack: A, Atu, AtAu, spectralnorm 
	Bindings: i: number = 2
		j: number = 3
Paused at 8
	Call Stack: A, Atu, AtAu, spectralnorm 
	Bindings: i: number = 2
		j: number = 3
Paused at 22
	Call Stack: Atu, AtAu, spectralnorm 
	Bindings: i: number = 3
		j: number = 2
		t: number = 0.38955340472873495
		u: array
		v: array
Paused at 7
	Hit Breakpoint(s) 
	Call Stack: A, Atu, AtAu, spectralnorm 
	Bindings: i: number = 3
		j: number = 3
Paused at 22
	Call Stack: Atu, AtAu, spectralnorm 
	Bindings: i: number = 3
		j: number = 3
		t: number = 0.40236581074377253
		u: array
		v: array
Paused at 22
	Call Stack: Atu, AtAu, spectralnorm 
	Bindings: i: number = 3
		j: number = 4
		t: number = 0.40236581074377253
		u: array
		v: array
Paused at 7
	Hit Breakpoint(s) 
	Call Stack: A, Atu, AtAu, spectralnorm 
	Bindings: i: number = 4
		j: number = 3
Paused at 7
	Hit Breakpoint(s) 
	Call Stack: A, Atu, AtAu, spectralnorm 
	Bindings: i: number = 5
		j: number = 3
Paused at 8
	Call Stack: A, Atu, AtAu, spectralnorm 
	Bindings: i: number = 5
		j: number = 3
Paused at 22
	Call Stack: Atu, AtAu, spectralnorm 
	Bindings: i: number = 3
		j: number = 5
		t: number = 0.4134700660661105
		u: array
		v: array
Paused at 7
	Hit Breakpoint(s) 
	Call Stack: A, Atu, AtAu, spectralnorm 
	Bindings: i: number = 0
		j: number = 4
Paused at 8
	Call Stack: A, Atu, AtAu, spectralnorm 
	Bindings: i: number = 0
		j: number = 4
Paused at 22
	Call Stack: Atu, AtAu, spectralnorm 
	Bindings: i: number = 4
		j: number = 0
		t: number = 0.1860242030696576
		u: array
		v: array
Paused at 22
	Call Stack: Atu, AtAu, spectralnorm 
	Bindings: i: number = 4
		j: number = 1
		t: number = 0.1860242030696576
		u: array
		v: array
Paused at 23
	Call Stack: Atu, AtAu, spectralnorm 
	Bindings: i: number = 4
		j: number = 1
		t: number = 0.1860242030696576
		u: array
		v: array
Paused at 7
	Hit Breakpoint(s) 
	Call Stack: A, Atu, AtAu, spectralnorm 
	Bindings: i: number = 1
		j: number = 4
Paused at 8
	Call Stack: A, Atu, AtAu, spectralnorm 
	Bindings: i: number = 1
		j: number = 4
Paused at 22
	Call Stack: Atu, AtAu, spectralnorm 
	Bindings: i: number = 4
		j: number = 1
		t: number = 0.23566940641953976
		u: array
		v: array
Paused at 22
	Call Stack: Atu, AtAu, spectralnorm 
	Bindings: i: number = 4
		j: number = 2
		t: number = 0.23566940641953976
		u: array
		v: array
Paused at 23
	Call Stack: Atu, AtAu, spectralnorm 
	Bindings: i: number = 4
		j: number = 2
		t: number = 0.23566940641953976
		u: array
		v: array
Paused at 7
	Hit Breakpoint(s) 
	Call Stack: A, Atu, AtAu, spectralnorm 
	Bindings: i: number = 2
		j: number = 4
Paused at 8
	Call Stack: A, Atu, AtAu, spectralnorm 
	Bindings: i: number = 2
		j: number = 4
Paused at 22
	Call Stack: Atu, AtAu, spectralnorm 
	Bindings: i: number = 4
		j: number = 2
		t: number = 0.25584362064617333
		u: array
		v: array
Paused at 7
	Hit Breakpoint(s) 
	Call Stack: A, Atu, AtAu, spectralnorm 
	Bindings: i: number = 3
		j: number = 4
Paused at 8
	Call Stack: A, Atu, AtAu, spectralnorm 
	Bindings: i: number = 3
		j: number = 4
Paused at 22
	Call Stack: Atu, AtAu, spectralnorm 
	Bindings: i: number = 4
		j: number = 3
		t: number = 0.26585331284542146
		u: array
		v: array
Paused at 22
	Call Stack: Atu, AtAu, spectralnorm 
	Bindings: i: number = 4
		j: number = 4
		t: number = 0.26585331284542146
		u: array
		v: array
Paused at 23
	Call Stack: Atu, AtAu, spectralnorm 
	Bindings: i: number = 4
		j: number = 4
		t: number = 0.26585331284542146
		u: array
		v: array
Paused at 7
	Hit Breakpoint(s) 
	Call Stack: A, Atu, AtAu, spectralnorm 
	Bindings: i: number = 4
		j: number = 4
Paused at 7
	Hit Breakpoint(s) 
	Call Stack: A, Atu, AtAu, spectralnorm 
	Bindings: i: number = 5
		j: number = 4
Paused at 7
	Hit Breakpoint(s) 
	Call Stack: A, Atu, AtAu, spectralnorm 
	Bindings: i: number = 0
		j: number = 5
Paused at 8
	Call Stack: A, Atu, AtAu, spectralnorm 
	Bindings: i: number = 0
		j: number = 5
Paused at 22
	Call Stack: Atu, AtAu, spectralnorm 
	Bindings: i: number = 5
		j: number = 0
		t: number = 0.1278916396103896
		u: array
		v: array
Paused at 22
	Call Stack: Atu, AtAu, spectralnorm 
	Bindings: i: number = 5
		j: number = 1
		t: number = 0.1278916396103896
		u: array
		v: array
Paused at 7
	Hit Breakpoint(s) 
	Call Stack: A, Atu, AtAu, spectralnorm 
	Bindings: i: number = 1
		j: number = 5
Paused at 8
	Call Stack: A, Atu, AtAu, spectralnorm 
	Bindings: i: number = 1
		j: number = 5
Paused at 7
	Hit Breakpoint(s) 
	Call Stack: A, Atu, AtAu, spectralnorm 
	Bindings: i: number = 2
		j: number = 5
Paused at 7
	Hit Breakpoint(s) 
	Call Stack: A, Atu, AtAu, spectralnorm 
	Bindings: i: number = 3
		j: number = 5
Paused at 22
	Call Stack: Atu, AtAu, spectralnorm 
	Bindings: i: number = 5
		j: number = 3
		t: number = 0.18821242060469642
		u: array
		v: array
Paused at 22
	Call Stack: Atu, AtAu, spectralnorm 
	Bindings: i: number = 5
		j: number = 4
		t: number = 0.18821242060469642
		u: array
		v: array
