Breakpoint Set at 38
Breakpoint Set at 38
Breakpoint Set at 164
Breakpoint Set at 146
Breakpoint Set at 252
Breakpoint Set at 72
Breakpoint Set at 185
Breakpoint Set at 177
Breakpoint Set at 237
Breakpoint Set at 51
Breakpoint Set at 195
Breakpoint Set at 38
Breakpoint Set at 110
Breakpoint Set at 211
Breakpoint Set at 254
Breakpoint Set at 268
Breakpoint Set at 238
Breakpoint Set at 261
Breakpoint Set at 38
Breakpoint Set at 177
Breakpoint Set at 61
Breakpoint Set at 244
Breakpoint Set at 126
Breakpoint Set at 38
Breakpoint Set at 126
Breakpoint Set at 119
Breakpoint Set at 64
Paused at 38
	Hit Breakpoint(s) 
	Call Stack:  
	Bindings: 
Paused at 72
	Hit Breakpoint(s) 
	Call Stack:  
	Bindings: 
Paused at 164
	Hit Breakpoint(s) 
	Call Stack:  
	Bindings: 
Paused at 223
	Call Stack:  
	Bindings: 
Paused at 164
	Call Stack:  
	Bindings: 
Paused at 164
	Hit Breakpoint(s) 
	Call Stack:  
	Bindings: 
Paused at 177
	Hit Breakpoint(s) 
	Call Stack:  
	Bindings: m: object
		s: object
Paused at 208
	Call Stack:  
	Bindings: m: object
		s: object
Paused at 223
	Call Stack:  
	Bindings: m: object
		s: object
Paused at 223
	Call Stack:  
	Bindings: m: object
		s: object
Paused at 195
	Hit Breakpoint(s) 
	Call Stack: s.parseJSON 
	Bindings: filter: function
		j: undefined
		m: object
		s: object
		walk: function
Paused at 196
	Call Stack: s.parseJSON 
	Bindings: filter: function
		j: undefined
		m: object
		s: object
		walk: function
Paused at 195
	Hit Breakpoint(s) 
	Call Stack: s.parseJSON 
	Bindings: filter: function
		j: undefined
		m: object
		s: object
		walk: function
Paused at 197
	Call Stack: s.parseJSON 
	Bindings: filter: function
		j: undefined
		m: object
		s: object
		walk: function
Paused at 195
	Hit Breakpoint(s) 
	Call Stack: s.parseJSON 
	Bindings: filter: function
		j: undefined
		m: object
		s: object
		walk: function
Paused at 185
	Hit Breakpoint(s) 
	Call Stack: walk, s.parseJSON 
	Bindings: filter: function
		i: string = 0
		j: array
		k: string = 
		m: object
		n: undefined
		s: object
		v: array
		walk: function
Paused at 185
	Hit Breakpoint(s) 
	Call Stack: walk, walk, s.parseJSON 
	Bindings: filter: function
		i: string = tag
		j: array
		k: string = 0
		m: object
		n: undefined
		s: object
		v: object
		walk: function
Paused at 185
	Hit Breakpoint(s) 
	Call Stack: walk, walk, s.parseJSON 
	Bindings: filter: function
		i: string = popularity
		j: array
		k: string = 0
		m: object
		n: string = titillation
		s: object
		v: object
		walk: function
Paused at 193
	Call Stack: walk, walk, s.parseJSON 
	Bindings: filter: function
		i: string = toJSONString
		j: array
		k: string = 0
		m: object
		n: number = 32
		s: object
		v: object
		walk: function
Paused at 185
	Hit Breakpoint(s) 
	Call Stack: walk, s.parseJSON 
	Bindings: filter: function
		i: string = 1
		j: array
		k: string = 
		m: object
		n: object
		s: object
		v: array
		walk: function
Paused at 185
	Hit Breakpoint(s) 
	Call Stack: walk, walk, s.parseJSON 
	Bindings: filter: function
		i: string = tag
		j: array
		k: string = 1
		m: object
		n: undefined
		s: object
		v: object
		walk: function
Paused at 186
	Call Stack: walk, walk, s.parseJSON 
	Bindings: filter: function
		i: string = tag
		j: array
		k: string = 1
		m: object
		n: string = foamless
		s: object
		v: object
		walk: function
Paused at 185
	Hit Breakpoint(s) 
	Call Stack: walk, walk, s.parseJSON 
	Bindings: filter: function
		i: string = popularity
		j: array
		k: string = 1
		m: object
		n: string = foamless
		s: object
		v: object
		walk: function
Paused at 193
	Call Stack: walk, walk, s.parseJSON 
	Bindings: filter: function
		i: string = toJSONString
		j: array
		k: string = 1
		m: object
		n: number = 30.228161797699705
		s: object
		v: object
		walk: function
Paused at 185
	Call Stack: walk, s.parseJSON 
	Bindings: filter: function
		i: string = 1
		j: array
		k: string = 
		m: object
		n: object
		s: object
		v: array
		walk: function
Paused at 185
	Hit Breakpoint(s) 
	Call Stack: walk, s.parseJSON 
	Bindings: filter: function
		i: string = 2
		j: array
		k: string = 
		m: object
		n: object
		s: object
		v: array
		walk: function
Paused at 182
	Call Stack: walk, walk, s.parseJSON 
	Bindings: filter: function
		i: undefined
		j: array
		k: string = 2
		m: object
		n: undefined
		s: object
		v: object
		walk: function
Paused at 183
	Call Stack: walk, walk, s.parseJSON 
	Bindings: filter: function
		i: undefined
		j: array
		k: string = 2
		m: object
		n: undefined
		s: object
		v: object
		walk: function
Paused at 185
	Hit Breakpoint(s) 
	Call Stack: walk, walk, s.parseJSON 
	Bindings: filter: function
		i: string = tag
		j: array
		k: string = 2
		m: object
		n: undefined
		s: object
		v: object
		walk: function
Paused at 185
	Hit Breakpoint(s) 
	Call Stack: walk, walk, s.parseJSON 
	Bindings: filter: function
		i: string = popularity
		j: array
		k: string = 2
		m: object
		n: string = snarler
		s: object
		v: object
		walk: function
Paused at 193
	Call Stack: walk, walk, s.parseJSON 
	Bindings: filter: function
		i: string = toJSONString
		j: array
		k: string = 2
		m: object
		n: number = 29.19170289157581
		s: object
		v: object
		walk: function
Paused at 185
	Hit Breakpoint(s) 
	Call Stack: walk, s.parseJSON 
	Bindings: filter: function
		i: string = 3
		j: array
		k: string = 
		m: object
		n: object
		s: object
		v: array
		walk: function
Paused at 185
	Hit Breakpoint(s) 
	Call Stack: walk, walk, s.parseJSON 
	Bindings: filter: function
		i: string = tag
		j: array
		k: string = 3
		m: object
		n: undefined
		s: object
		v: object
		walk: function
Paused at 186
	Call Stack: walk, walk, s.parseJSON 
	Bindings: filter: function
		i: string = tag
		j: array
		k: string = 3
		m: object
		n: string = multangularness
		s: object
		v: object
		walk: function
Paused at 187
	Call Stack: walk, walk, s.parseJSON 
	Bindings: filter: function
		i: string = tag
		j: array
		k: string = 3
		m: object
		n: string = multangularness
		s: object
		v: object
		walk: function
Paused at 185
	Call Stack: walk, walk, s.parseJSON 
	Bindings: filter: function
		i: string = popularity
		j: array
		k: string = 3
		m: object
		n: string = multangularness
		s: object
		v: object
		walk: function
Paused at 182
	Call Stack: walk, walk, walk, s.parseJSON 
	Bindings: filter: function
		i: undefined
		j: array
		k: string = popularity
		m: object
		n: undefined
		s: object
		v: number = 368304452
		walk: function
Paused at 193
	Call Stack: walk, walk, walk, s.parseJSON 
	Bindings: filter: function
		i: undefined
		j: array
		k: string = popularity
		m: object
		n: undefined
		s: object
		v: number = 368304452
		walk: function
Paused at 186
	Call Stack: walk, walk, s.parseJSON 
	Bindings: filter: function
		i: string = popularity
		j: array
		k: string = 3
		m: object
		n: number = 28.456323595488065
		s: object
		v: object
		walk: function
Paused at 185
	Hit Breakpoint(s) 
	Call Stack: walk, s.parseJSON 
	Bindings: filter: function
		i: string = 4
		j: array
		k: string = 
		m: object
		n: object
		s: object
		v: array
		walk: function
Paused at 185
	Hit Breakpoint(s) 
	Call Stack: walk, walk, s.parseJSON 
	Bindings: filter: function
		i: string = tag
		j: array
		k: string = 4
		m: object
		n: undefined
		s: object
		v: object
		walk: function
Paused at 186
	Call Stack: walk, walk, s.parseJSON 
	Bindings: filter: function
		i: string = tag
		j: array
		k: string = 4
		m: object
		n: string = Fesapo unventurous
		s: object
		v: object
		walk: function
Paused at 185
	Hit Breakpoint(s) 
	Call Stack: walk, walk, s.parseJSON 
	Bindings: filter: function
		i: string = popularity
		j: array
		k: string = 4
		m: object
		n: string = Fesapo unventurous
		s: object
		v: object
		walk: function
Paused at 185
	Hit Breakpoint(s) 
	Call Stack: walk, s.parseJSON 
	Bindings: filter: function
		i: string = 5
		j: array
		k: string = 
		m: object
		n: object
		s: object
		v: array
		walk: function
Paused at 185
	Hit Breakpoint(s) 
	Call Stack: walk, walk, s.parseJSON 
	Bindings: filter: function
		i: string = tag
		j: array
		k: string = 5
		m: object
		n: undefined
		s: object
		v: object
		walk: function
Paused at 186
	Call Stack: walk, walk, s.parseJSON 
	Bindings: filter: function
		i: string = tag
		j: array
		k: string = 5
		m: object
		n: string = esthesioblast
		s: object
		v: object
		walk: function
Paused at 185
	Hit Breakpoint(s) 
	Call Stack: walk, walk, s.parseJSON 
	Bindings: filter: function
		i: string = popularity
		j: array
		k: string = 5
		m: object
		n: string = esthesioblast
		s: object
		v: object
		walk: function
Paused at 185
	Hit Breakpoint(s) 
	Call Stack: walk, s.parseJSON 
	Bindings: filter: function
		i: string = 6
		j: array
		k: string = 
		m: object
		n: object
		s: object
		v: array
		walk: function
Paused at 185
	Hit Breakpoint(s) 
	Call Stack: walk, walk, s.parseJSON 
	Bindings: filter: function
		i: string = tag
		j: array
		k: string = 6
		m: object
		n: undefined
		s: object
		v: object
		walk: function
Paused at 186
	Call Stack: walk, walk, s.parseJSON 
	Bindings: filter: function
		i: string = tag
		j: array
		k: string = 6
		m: object
		n: string = echeneidoid
		s: object
		v: object
		walk: function
Paused at 187
	Call Stack: walk, walk, s.parseJSON 
	Bindings: filter: function
		i: string = tag
		j: array
		k: string = 6
		m: object
		n: string = echeneidoid
		s: object
		v: object
		walk: function
Paused at 185
	Call Stack: walk, walk, s.parseJSON 
	Bindings: filter: function
		i: string = popularity
		j: array
		k: string = 6
		m: object
		n: string = echeneidoid
		s: object
		v: object
		walk: function
Paused at 185
	Hit Breakpoint(s) 
	Call Stack: walk, walk, s.parseJSON 
	Bindings: filter: function
		i: string = popularity
		j: array
		k: string = 6
		m: object
		n: string = echeneidoid
		s: object
		v: object
		walk: function
Paused at 182
	Call Stack: walk, walk, walk, s.parseJSON 
	Bindings: filter: function
		i: undefined
		j: array
		k: string = popularity
		m: object
		n: undefined
		s: object
		v: number = 136641578
		walk: function
Paused at 185
	Hit Breakpoint(s) 
	Call Stack: walk, s.parseJSON 
	Bindings: filter: function
		i: string = 7
		j: array
		k: string = 
		m: object
		n: object
		s: object
		v: array
		walk: function
Paused at 185
	Hit Breakpoint(s) 
	Call Stack: walk, walk, s.parseJSON 
	Bindings: filter: function
		i: string = tag
		j: array
		k: string = 7
		m: object
		n: undefined
		s: object
		v: object
		walk: function
Paused at 185
	Hit Breakpoint(s) 
	Call Stack: walk, walk, s.parseJSON 
	Bindings: filter: function
		i: string = popularity
		j: array
		k: string = 7
		m: object
		n: string = embryoctony
		s: object
		v: object
		walk: function
Paused at 186
	Call Stack: walk, walk, s.parseJSON 
	Bindings: filter: function
		i: string = popularity
		j: array
		k: string = 7
		m: object
		n: number = 26.68448539399359
		s: object
		v: object
		walk: function
Paused at 187
	Call Stack: walk, walk, s.parseJSON 
	Bindings: filter: function
		i: string = popularity
		j: array
		k: string = 7
		m: object
		n: number = 26.68448539399359
		s: object
		v: object
		walk: function
Paused at 192
	Call Stack: walk, walk, s.parseJSON 
	Bindings: filter: function
		i: string = toJSONString
		j: array
		k: string = 7
		m: object
		n: number = 26.68448539399359
		s: object
		v: object
		walk: function
Paused at 193
	Call Stack: walk, walk, s.parseJSON 
	Bindings: filter: function
		i: string = toJSONString
		j: array
		k: string = 7
		m: object
		n: number = 26.68448539399359
		s: object
		v: object
		walk: function
Paused at 193
	Call Stack: walk, walk, s.parseJSON 
	Bindings: filter: function
		i: string = toJSONString
		j: array
		k: string = 7
		m: object
		n: number = 26.68448539399359
		s: object
		v: object
		walk: function
Paused at 186
	Call Stack: walk, s.parseJSON 
	Bindings: filter: function
		i: string = 7
		j: array
		k: string = 
		m: object
		n: object
		s: object
		v: array
		walk: function
Paused at 187
	Call Stack: walk, s.parseJSON 
	Bindings: filter: function
		i: string = 7
		j: array
		k: string = 
		m: object
		n: object
		s: object
		v: array
		walk: function
Paused at 185
	Hit Breakpoint(s) 
	Call Stack: walk, s.parseJSON 
	Bindings: filter: function
		i: string = 8
		j: array
		k: string = 
		m: object
		n: object
		s: object
		v: array
		walk: function
Paused at 185
	Hit Breakpoint(s) 
	Call Stack: walk, walk, s.parseJSON 
	Bindings: filter: function
		i: string = tag
		j: array
		k: string = 8
		m: object
		n: undefined
		s: object
		v: object
		walk: function
Paused at 185
	Hit Breakpoint(s) 
	Call Stack: walk, walk, s.parseJSON 
	Bindings: filter: function
		i: string = popularity
		j: array
		k: string = 8
		m: object
		n: string = undilatory
		s: object
		v: object
		walk: function
Paused at 193
	Call Stack: walk, walk, s.parseJSON 
	Bindings: filter: function
		i: string = toJSONString
		j: array
		k: string = 8
		m: object
		n: number = 26.383405773858158
		s: object
		v: object
		walk: function
Paused at 186
	Call Stack: walk, s.parseJSON 
	Bindings: filter: function
		i: string = 8
		j: array
		k: string = 
		m: object
		n: object
		s: object
		v: array
		walk: function
Paused at 185
	Hit Breakpoint(s) 
	Call Stack: walk, s.parseJSON 
	Bindings: filter: function
		i: string = 9
		j: array
		k: string = 
		m: object
		n: object
		s: object
		v: array
		walk: function
Paused at 185
	Hit Breakpoint(s) 
	Call Stack: walk, walk, s.parseJSON 
	Bindings: filter: function
		i: string = tag
		j: array
		k: string = 9
		m: object
		n: undefined
		s: object
		v: object
		walk: function
Paused at 182
	Call Stack: walk, walk, walk, s.parseJSON 
	Bindings: filter: function
		i: undefined
		j: array
		k: string = tag
		m: object
		n: undefined
		s: object
		v: string = predisregard
		walk: function
Paused at 193
	Call Stack: walk, walk, walk, s.parseJSON 
	Bindings: filter: function
		i: undefined
		j: array
		k: string = tag
		m: object
		n: undefined
		s: object
		v: string = predisregard
		walk: function
Paused at 185
	Hit Breakpoint(s) 
	Call Stack: walk, walk, s.parseJSON 
	Bindings: filter: function
		i: string = popularity
		j: array
		k: string = 9
		m: object
		n: string = predisregard
		s: object
		v: object
		walk: function
Paused at 182
	Call Stack: walk, walk, walk, s.parseJSON 
	Bindings: filter: function
		i: undefined
		j: array
		k: string = popularity
		m: object
		n: undefined
		s: object
		v: number = 72630939
		walk: function
Paused at 193
	Call Stack: walk, walk, walk, s.parseJSON 
	Bindings: filter: function
		i: undefined
		j: array
		k: string = popularity
		m: object
		n: undefined
		s: object
		v: number = 72630939
		walk: function
Paused at 185
	Hit Breakpoint(s) 
	Call Stack: walk, s.parseJSON 
	Bindings: filter: function
		i: string = 10
		j: array
		k: string = 
		m: object
		n: object
		s: object
		v: array
		walk: function
Paused at 185
	Hit Breakpoint(s) 
	Call Stack: walk, walk, s.parseJSON 
	Bindings: filter: function
		i: string = tag
		j: array
		k: string = 10
		m: object
		n: undefined
		s: object
		v: object
		walk: function
Paused at 185
	Hit Breakpoint(s) 
	Call Stack: walk, walk, s.parseJSON 
	Bindings: filter: function
		i: string = popularity
		j: array
		k: string = 10
		m: object
		n: string = allergenic
		s: object
		v: object
		walk: function
Paused at 186
	Call Stack: walk, walk, s.parseJSON 
	Bindings: filter: function
		i: string = popularity
		j: array
		k: string = 10
		m: object
		n: number = 25.87044689261165
		s: object
		v: object
		walk: function
Paused at 187
	Call Stack: walk, walk, s.parseJSON 
	Bindings: filter: function
		i: string = popularity
		j: array
		k: string = 10
		m: object
		n: number = 25.87044689261165
		s: object
		v: object
		walk: function
Paused at 192
	Call Stack: walk, walk, s.parseJSON 
	Bindings: filter: function
		i: string = toJSONString
		j: array
		k: string = 10
		m: object
		n: number = 25.87044689261165
		s: object
		v: object
		walk: function
Paused at 193
	Call Stack: walk, walk, s.parseJSON 
	Bindings: filter: function
		i: string = toJSONString
		j: array
		k: string = 10
		m: object
		n: number = 25.87044689261165
		s: object
		v: object
		walk: function
Paused at 185
	Hit Breakpoint(s) 
	Call Stack: walk, s.parseJSON 
	Bindings: filter: function
		i: string = 11
		j: array
		k: string = 
		m: object
		n: object
		s: object
		v: array
		walk: function
Paused at 185
	Hit Breakpoint(s) 
	Call Stack: walk, walk, s.parseJSON 
	Bindings: filter: function
		i: string = tag
		j: array
		k: string = 11
		m: object
		n: undefined
		s: object
		v: object
		walk: function
Paused at 185
	Hit Breakpoint(s) 
	Call Stack: walk, walk, s.parseJSON 
	Bindings: filter: function
		i: string = popularity
		j: array
		k: string = 11
		m: object
		n: string = uncloudy
		s: object
		v: object
		walk: function
Paused at 193
	Call Stack: walk, walk, s.parseJSON 
	Bindings: filter: function
		i: string = toJSONString
		j: array
		k: string = 11
		m: object
		n: number = 25.648026473234733
		s: object
		v: object
		walk: function
Paused at 186
	Call Stack: walk, s.parseJSON 
	Bindings: filter: function
		i: string = 11
		j: array
		k: string = 
		m: object
		n: object
		s: object
		v: array
		walk: function
Paused at 187
	Call Stack: walk, s.parseJSON 
	Bindings: filter: function
		i: string = 11
		j: array
		k: string = 
		m: object
		n: object
		s: object
		v: array
		walk: function
Paused at 185
	Hit Breakpoint(s) 
	Call Stack: walk, s.parseJSON 
	Bindings: filter: function
		i: string = 12
		j: array
		k: string = 
		m: object
		n: object
		s: object
		v: array
		walk: function
Paused at 185
	Hit Breakpoint(s) 
	Call Stack: walk, walk, s.parseJSON 
	Bindings: filter: function
		i: string = tag
		j: array
		k: string = 12
		m: object
		n: undefined
		s: object
		v: object
		walk: function
Paused at 182
	Call Stack: walk, walk, walk, s.parseJSON 
	Bindings: filter: function
		i: undefined
		j: array
		k: string = tag
		m: object
		n: undefined
		s: object
		v: string = unforeseeably
		walk: function
Paused at 192
	Call Stack: walk, walk, walk, s.parseJSON 
	Bindings: filter: function
		i: undefined
		j: array
		k: string = tag
		m: object
		n: undefined
		s: object
		v: string = unforeseeably
		walk: function
Paused at 229
	Call Stack: tagInfo<, walk, walk, walk, s.parseJSON 
	Bindings: a: string = tag
		b: string = unforeseeably
Paused at 185
	Hit Breakpoint(s) 
	Call Stack: walk, walk, s.parseJSON 
	Bindings: filter: function
		i: string = popularity
		j: array
		k: string = 12
		m: object
		n: string = unforeseeably
		s: object
		v: object
		walk: function
Paused at 182
	Call Stack: walk, walk, walk, s.parseJSON 
	Bindings: filter: function
		i: undefined
		j: array
		k: string = popularity
		m: object
		n: undefined
		s: object
		v: number = 45628109
		walk: function
Paused at 185
	Hit Breakpoint(s) 
	Call Stack: walk, s.parseJSON 
	Bindings: filter: function
		i: string = 13
		j: array
		k: string = 
		m: object
		n: object
		s: object
		v: array
		walk: function
Paused at 185
	Hit Breakpoint(s) 
	Call Stack: walk, walk, s.parseJSON 
	Bindings: filter: function
		i: string = tag
		j: array
		k: string = 13
		m: object
		n: undefined
		s: object
		v: object
		walk: function
Paused at 186
	Call Stack: walk, walk, s.parseJSON 
	Bindings: filter: function
		i: string = tag
		j: array
		k: string = 13
		m: object
		n: string = sturniform
		s: object
		v: object
		walk: function
Paused at 187
	Call Stack: walk, walk, s.parseJSON 
	Bindings: filter: function
		i: string = tag
		j: array
		k: string = 13
		m: object
		n: string = sturniform
		s: object
		v: object
		walk: function
Paused at 185
	Hit Breakpoint(s) 
	Call Stack: walk, walk, s.parseJSON 
	Bindings: filter: function
		i: string = popularity
		j: array
		k: string = 13
		m: object
		n: string = sturniform
		s: object
		v: object
		walk: function
Paused at 185
	Hit Breakpoint(s) 
	Call Stack: walk, s.parseJSON 
	Bindings: filter: function
		i: string = 14
		j: array
		k: string = 
		m: object
		n: object
		s: object
		v: array
		walk: function
Paused at 182
	Call Stack: walk, walk, s.parseJSON 
	Bindings: filter: function
		i: undefined
		j: array
		k: string = 14
		m: object
		n: undefined
		s: object
		v: object
		walk: function
Paused at 185
	Hit Breakpoint(s) 
	Call Stack: walk, walk, s.parseJSON 
	Bindings: filter: function
		i: string = tag
		j: array
		k: string = 14
		m: object
		n: undefined
		s: object
		v: object
		walk: function
Paused at 185
	Hit Breakpoint(s) 
	Call Stack: walk, walk, s.parseJSON 
	Bindings: filter: function
		i: string = popularity
		j: array
		k: string = 14
		m: object
		n: string = anesthetize
		s: object
		v: object
		walk: function
Paused at 186
	Call Stack: walk, walk, s.parseJSON 
	Bindings: filter: function
		i: string = popularity
		j: array
		k: string = 14
		m: object
		n: number = 25.077621972832606
		s: object
		v: object
		walk: function
Paused at 187
	Call Stack: walk, walk, s.parseJSON 
	Bindings: filter: function
		i: string = popularity
		j: array
		k: string = 14
		m: object
		n: number = 25.077621972832606
		s: object
		v: object
		walk: function
Paused at 192
	Call Stack: walk, walk, s.parseJSON 
	Bindings: filter: function
		i: string = toJSONString
		j: array
		k: string = 14
		m: object
		n: number = 25.077621972832606
		s: object
		v: object
		walk: function
Paused at 229
	Call Stack: tagInfo<, walk, walk, s.parseJSON 
	Bindings: a: string = 14
		b: object
Paused at 185
	Hit Breakpoint(s) 
	Call Stack: walk, s.parseJSON 
	Bindings: filter: function
		i: string = 15
		j: array
		k: string = 
		m: object
		n: object
		s: object
		v: array
		walk: function
Paused at 185
	Hit Breakpoint(s) 
	Call Stack: walk, walk, s.parseJSON 
	Bindings: filter: function
		i: string = tag
		j: array
		k: string = 15
		m: object
		n: undefined
		s: object
		v: object
		walk: function
Paused at 185
	Hit Breakpoint(s) 
	Call Stack: walk, walk, s.parseJSON 
	Bindings: filter: function
		i: string = popularity
		j: array
		k: string = 15
		m: object
		n: string = ametabolia
		s: object
		v: object
		walk: function
Paused at 185
	Hit Breakpoint(s) 
	Call Stack: walk, s.parseJSON 
	Bindings: filter: function
		i: string = 16
		j: array
		k: string = 
		m: object
		n: object
		s: object
		v: array
		walk: function
Paused at 185
	Hit Breakpoint(s) 
	Call Stack: walk, walk, s.parseJSON 
	Bindings: filter: function
		i: string = tag
		j: array
		k: string = 16
		m: object
		n: undefined
		s: object
		v: object
		walk: function
Paused at 185
	Hit Breakpoint(s) 
	Call Stack: walk, walk, s.parseJSON 
	Bindings: filter: function
		i: string = popularity
		j: array
		k: string = 16
		m: object
		n: string = angiopathy
		s: object
		v: object
		walk: function
Paused at 193
	Call Stack: walk, walk, s.parseJSON 
	Bindings: filter: function
		i: string = toJSONString
		j: array
		k: string = 16
		m: object
		n: number = 24.757677190020434
		s: object
		v: object
		walk: function
Paused at 186
	Call Stack: walk, s.parseJSON 
	Bindings: filter: function
		i: string = 16
		j: array
		k: string = 
		m: object
		n: object
		s: object
		v: array
		walk: function
Paused at 187
	Call Stack: walk, s.parseJSON 
	Bindings: filter: function
		i: string = 16
		j: array
		k: string = 
		m: object
		n: object
		s: object
		v: array
		walk: function
Paused at 185
	Call Stack: walk, s.parseJSON 
	Bindings: filter: function
		i: string = 17
		j: array
		k: string = 
		m: object
		n: object
		s: object
		v: array
		walk: function
Paused at 185
	Hit Breakpoint(s) 
	Call Stack: walk, walk, s.parseJSON 
	Bindings: filter: function
		i: string = tag
		j: array
		k: string = 17
		m: object
		n: undefined
		s: object
		v: object
		walk: function
Paused at 185
	Hit Breakpoint(s) 
	Call Stack: walk, walk, s.parseJSON 
	Bindings: filter: function
		i: string = popularity
		j: array
		k: string = 17
		m: object
		n: string = sultanaship
		s: object
		v: object
		walk: function
Paused at 185
	Hit Breakpoint(s) 
	Call Stack: walk, s.parseJSON 
	Bindings: filter: function
		i: string = 18
		j: array
		k: string = 
		m: object
		n: object
		s: object
		v: array
		walk: function
Paused at 185
	Hit Breakpoint(s) 
	Call Stack: walk, walk, s.parseJSON 
	Bindings: filter: function
		i: string = tag
		j: array
		k: string = 18
		m: object
		n: undefined
		s: object
		v: object
		walk: function
Paused at 185
	Hit Breakpoint(s) 
	Call Stack: walk, walk, s.parseJSON 
	Bindings: filter: function
		i: string = popularity
		j: array
		k: string = 18
		m: object
		n: string = Frenchwise
		s: object
		v: object
		walk: function
Paused at 186
	Call Stack: walk, walk, s.parseJSON 
	Bindings: filter: function
		i: string = popularity
		j: array
		k: string = 18
		m: object
		n: number = 24.47335974192793
		s: object
		v: object
		walk: function
Paused at 187
	Call Stack: walk, walk, s.parseJSON 
	Bindings: filter: function
		i: string = popularity
		j: array
		k: string = 18
		m: object
		n: number = 24.47335974192793
		s: object
		v: object
		walk: function
Paused at 185
	Hit Breakpoint(s) 
	Call Stack: walk, s.parseJSON 
	Bindings: filter: function
		i: string = 19
		j: array
		k: string = 
		m: object
		n: object
		s: object
		v: array
		walk: function
Paused at 182
	Call Stack: walk, walk, s.parseJSON 
	Bindings: filter: function
		i: undefined
		j: array
		k: string = 19
		m: object
		n: undefined
		s: object
		v: object
		walk: function
Paused at 183
	Call Stack: walk, walk, s.parseJSON 
	Bindings: filter: function
		i: undefined
		j: array
		k: string = 19
		m: object
		n: undefined
		s: object
		v: object
		walk: function
Paused at 185
	Hit Breakpoint(s) 
	Call Stack: walk, walk, s.parseJSON 
	Bindings: filter: function
		i: string = tag
		j: array
		k: string = 19
		m: object
		n: undefined
		s: object
		v: object
		walk: function
Paused at 186
	Call Stack: walk, walk, s.parseJSON 
	Bindings: filter: function
		i: string = tag
		j: array
		k: string = 19
		m: object
		n: string = cerviconasal
		s: object
		v: object
		walk: function
Paused at 187
	Call Stack: walk, walk, s.parseJSON 
	Bindings: filter: function
		i: string = tag
		j: array
		k: string = 19
		m: object
		n: string = cerviconasal
		s: object
		v: object
		walk: function
Paused at 185
	Call Stack: walk, walk, s.parseJSON 
	Bindings: filter: function
		i: string = popularity
		j: array
		k: string = 19
		m: object
		n: string = cerviconasal
		s: object
		v: object
		walk: function
Paused at 185
	Hit Breakpoint(s) 
	Call Stack: walk, walk, s.parseJSON 
	Bindings: filter: function
		i: string = popularity
		j: array
		k: string = 19
		m: object
		n: string = cerviconasal
		s: object
		v: object
		walk: function
Paused at 182
	Call Stack: walk, walk, walk, s.parseJSON 
	Bindings: filter: function
		i: undefined
		j: array
		k: string = popularity
		m: object
		n: undefined
		s: object
		v: number = 21268909
		walk: function
Paused at 192
	Call Stack: walk, walk, walk, s.parseJSON 
	Bindings: filter: function
		i: undefined
		j: array
		k: string = popularity
		m: object
		n: undefined
		s: object
		v: number = 21268909
		walk: function
Paused at 185
	Hit Breakpoint(s) 
	Call Stack: walk, s.parseJSON 
	Bindings: filter: function
		i: string = 20
		j: array
		k: string = 
		m: object
		n: object
		s: object
		v: array
		walk: function
Paused at 185
	Hit Breakpoint(s) 
	Call Stack: walk, walk, s.parseJSON 
	Bindings: filter: function
		i: string = tag
		j: array
		k: string = 20
		m: object
		n: undefined
		s: object
		v: object
		walk: function
Paused at 185
	Hit Breakpoint(s) 
	Call Stack: walk, walk, s.parseJSON 
	Bindings: filter: function
		i: string = popularity
		j: array
		k: string = 20
		m: object
		n: string = mercurialness
		s: object
		v: object
		walk: function
Paused at 185
	Hit Breakpoint(s) 
	Call Stack: walk, s.parseJSON 
	Bindings: filter: function
		i: string = 21
		j: array
		k: string = 
		m: object
		n: object
		s: object
		v: array
		walk: function
Paused at 185
	Hit Breakpoint(s) 
	Call Stack: walk, walk, s.parseJSON 
	Bindings: filter: function
		i: string = tag
		j: array
		k: string = 21
		m: object
		n: undefined
		s: object
		v: object
		walk: function
Paused at 185
	Hit Breakpoint(s) 
	Call Stack: walk, walk, s.parseJSON 
	Bindings: filter: function
		i: string = popularity
		j: array
		k: string = 21
		m: object
		n: string = glutelin venditate
		s: object
		v: object
		walk: function
Paused at 186
	Call Stack: walk, walk, s.parseJSON 
	Bindings: filter: function
		i: string = popularity
		j: array
		k: string = 21
		m: object
		n: number = 24.098608664472213
		s: object
		v: object
		walk: function
Paused at 187
	Call Stack: walk, walk, s.parseJSON 
	Bindings: filter: function
		i: string = popularity
		j: array
		k: string = 21
		m: object
		n: number = 24.098608664472213
		s: object
		v: object
		walk: function
Paused at 192
	Call Stack: walk, walk, s.parseJSON 
	Bindings: filter: function
		i: string = toJSONString
		j: array
		k: string = 21
		m: object
		n: number = 24.098608664472213
		s: object
		v: object
		walk: function
Paused at 193
	Call Stack: walk, walk, s.parseJSON 
	Bindings: filter: function
		i: string = toJSONString
		j: array
		k: string = 21
		m: object
		n: number = 24.098608664472213
		s: object
		v: object
		walk: function
Paused at 186
	Call Stack: walk, s.parseJSON 
	Bindings: filter: function
		i: string = 21
		j: array
		k: string = 
		m: object
		n: object
		s: object
		v: array
		walk: function
Paused at 187
	Call Stack: walk, s.parseJSON 
	Bindings: filter: function
		i: string = 21
		j: array
		k: string = 
		m: object
		n: object
		s: object
		v: array
		walk: function
Paused at 185
	Hit Breakpoint(s) 
	Call Stack: walk, s.parseJSON 
	Bindings: filter: function
		i: string = 22
		j: array
		k: string = 
		m: object
		n: object
		s: object
		v: array
		walk: function
Paused at 185
	Hit Breakpoint(s) 
	Call Stack: walk, walk, s.parseJSON 
	Bindings: filter: function
		i: string = tag
		j: array
		k: string = 22
		m: object
		n: undefined
		s: object
		v: object
		walk: function
Paused at 186
	Call Stack: walk, walk, s.parseJSON 
	Bindings: filter: function
		i: string = tag
		j: array
		k: string = 22
		m: object
		n: string = acred overblack
		s: object
		v: object
		walk: function
Paused at 187
	Call Stack: walk, walk, s.parseJSON 
	Bindings: filter: function
		i: string = tag
		j: array
		k: string = 22
		m: object
		n: string = acred overblack
		s: object
		v: object
		walk: function
Paused at 185
	Hit Breakpoint(s) 
	Call Stack: walk, walk, s.parseJSON 
	Bindings: filter: function
		i: string = popularity
		j: array
		k: string = 22
		m: object
		n: string = acred overblack
		s: object
		v: object
		walk: function
Paused at 193
	Call Stack: walk, walk, s.parseJSON 
	Bindings: filter: function
		i: string = toJSONString
		j: array
		k: string = 22
		m: object
		n: number = 23.984980059417705
		s: object
		v: object
		walk: function
Paused at 186
	Call Stack: walk, s.parseJSON 
	Bindings: filter: function
		i: string = 22
		j: array
		k: string = 
		m: object
		n: object
		s: object
		v: array
		walk: function
Paused at 185
	Hit Breakpoint(s) 
	Call Stack: walk, s.parseJSON 
	Bindings: filter: function
		i: string = 23
		j: array
		k: string = 
		m: object
		n: object
		s: object
		v: array
		walk: function
Paused at 185
	Hit Breakpoint(s) 
	Call Stack: walk, walk, s.parseJSON 
	Bindings: filter: function
		i: string = tag
		j: array
		k: string = 23
		m: object
		n: undefined
		s: object
		v: object
		walk: function
Paused at 186
	Call Stack: walk, walk, s.parseJSON 
	Bindings: filter: function
		i: string = tag
		j: array
		k: string = 23
		m: object
		n: string = Atik
		s: object
		v: object
		walk: function
Paused at 187
	Call Stack: walk, walk, s.parseJSON 
	Bindings: filter: function
		i: string = tag
		j: array
		k: string = 23
		m: object
		n: string = Atik
		s: object
		v: object
		walk: function
Paused at 185
	Call Stack: walk, walk, s.parseJSON 
	Bindings: filter: function
		i: string = popularity
		j: array
		k: string = 23
		m: object
		n: string = Atik
		s: object
		v: object
		walk: function
Paused at 186
	Call Stack: walk, walk, s.parseJSON 
	Bindings: filter: function
		i: string = popularity
		j: array
		k: string = 23
		m: object
		n: number = 23.876188201233273
		s: object
		v: object
		walk: function
Paused at 187
	Call Stack: walk, walk, s.parseJSON 
	Bindings: filter: function
		i: string = popularity
		j: array
		k: string = 23
		m: object
		n: number = 23.876188201233273
		s: object
		v: object
		walk: function
Paused at 192
	Call Stack: walk, walk, s.parseJSON 
	Bindings: filter: function
		i: string = toJSONString
		j: array
		k: string = 23
		m: object
		n: number = 23.876188201233273
		s: object
		v: object
		walk: function
Paused at 193
	Call Stack: walk, walk, s.parseJSON 
	Bindings: filter: function
		i: string = toJSONString
		j: array
		k: string = 23
		m: object
		n: number = 23.876188201233273
		s: object
		v: object
		walk: function
Paused at 193
	Call Stack: walk, walk, s.parseJSON 
	Bindings: filter: function
		i: string = toJSONString
		j: array
		k: string = 23
		m: object
		n: number = 23.876188201233273
		s: object
		v: object
		walk: function
Paused at 185
	Hit Breakpoint(s) 
	Call Stack: walk, s.parseJSON 
	Bindings: filter: function
		i: string = 24
		j: array
		k: string = 
		m: object
		n: object
		s: object
		v: array
		walk: function
Paused at 185
	Hit Breakpoint(s) 
	Call Stack: walk, walk, s.parseJSON 
	Bindings: filter: function
		i: string = tag
		j: array
		k: string = 24
		m: object
		n: undefined
		s: object
		v: object
		walk: function
Paused at 185
	Hit Breakpoint(s) 
	Call Stack: walk, walk, s.parseJSON 
	Bindings: filter: function
		i: string = popularity
		j: array
		k: string = 24
		m: object
		n: string = puncturer
		s: object
		v: object
		walk: function
Paused at 185
	Hit Breakpoint(s) 
	Call Stack: walk, s.parseJSON 
	Bindings: filter: function
		i: string = 25
		j: array
		k: string = 
		m: object
		n: object
		s: object
		v: array
		walk: function
Paused at 185
	Hit Breakpoint(s) 
	Call Stack: walk, walk, s.parseJSON 
	Bindings: filter: function
		i: string = tag
		j: array
		k: string = 25
		m: object
		n: undefined
		s: object
		v: object
		walk: function
Paused at 182
	Call Stack: walk, walk, walk, s.parseJSON 
	Bindings: filter: function
		i: undefined
		j: array
		k: string = tag
		m: object
		n: undefined
		s: object
		v: string = pukatea
		walk: function
Paused at 185
	Hit Breakpoint(s) 
	Call Stack: walk, walk, s.parseJSON 
	Bindings: filter: function
		i: string = popularity
		j: array
		k: string = 25
		m: object
		n: string = pukatea
		s: object
		v: object
		walk: function
Paused at 182
	Call Stack: walk, walk, walk, s.parseJSON 
	Bindings: filter: function
		i: undefined
		j: array
		k: string = popularity
		m: object
		n: undefined
		s: object
		v: number = 13361525
		walk: function
Paused at 192
	Call Stack: walk, walk, walk, s.parseJSON 
	Bindings: filter: function
		i: undefined
		j: array
		k: string = popularity
		m: object
		n: undefined
		s: object
		v: number = 13361525
		walk: function
Paused at 193
	Call Stack: walk, walk, walk, s.parseJSON 
	Bindings: filter: function
		i: undefined
		j: array
		k: string = popularity
		m: object
		n: undefined
		s: object
		v: number = 13361525
		walk: function
Paused at 193
	Call Stack: walk, walk, walk, s.parseJSON 
	Bindings: filter: function
		i: undefined
		j: array
		k: string = popularity
		m: object
		n: undefined
		s: object
		v: number = 13361525
		walk: function
Paused at 186
	Call Stack: walk, walk, s.parseJSON 
	Bindings: filter: function
		i: string = popularity
		j: array
		k: string = 25
		m: object
		n: number = 23.67158134151297
		s: object
		v: object
		walk: function
Paused at 187
	Call Stack: walk, walk, s.parseJSON 
	Bindings: filter: function
		i: string = popularity
		j: array
		k: string = 25
		m: object
		n: number = 23.67158134151297
		s: object
		v: object
		walk: function
Paused at 192
	Call Stack: walk, walk, s.parseJSON 
	Bindings: filter: function
		i: string = toJSONString
		j: array
		k: string = 25
		m: object
		n: number = 23.67158134151297
		s: object
		v: object
		walk: function
Paused at 193
	Call Stack: walk, walk, s.parseJSON 
	Bindings: filter: function
		i: string = toJSONString
		j: array
		k: string = 25
		m: object
		n: number = 23.67158134151297
		s: object
		v: object
		walk: function
Paused at 193
	Call Stack: walk, walk, s.parseJSON 
	Bindings: filter: function
		i: string = toJSONString
		j: array
		k: string = 25
		m: object
		n: number = 23.67158134151297
		s: object
		v: object
		walk: function
Paused at 185
	Hit Breakpoint(s) 
	Call Stack: walk, s.parseJSON 
	Bindings: filter: function
		i: string = 26
		j: array
		k: string = 
		m: object
		n: object
		s: object
		v: array
		walk: function
Paused at 185
	Hit Breakpoint(s) 
	Call Stack: walk, walk, s.parseJSON 
	Bindings: filter: function
		i: string = tag
		j: array
		k: string = 26
		m: object
		n: undefined
		s: object
		v: object
		walk: function
Paused at 185
	Hit Breakpoint(s) 
	Call Stack: walk, walk, s.parseJSON 
	Bindings: filter: function
		i: string = popularity
		j: array
		k: string = 26
		m: object
		n: string = suberize
		s: object
		v: object
		walk: function
Paused at 193
	Call Stack: walk, walk, s.parseJSON 
	Bindings: filter: function
		i: string = toJSONString
		j: array
		k: string = 26
		m: object
		n: number = 23.575108601122007
		s: object
		v: object
		walk: function
Paused at 186
	Call Stack: walk, s.parseJSON 
	Bindings: filter: function
		i: string = 26
		j: array
		k: string = 
		m: object
		n: object
		s: object
		v: array
		walk: function
Paused at 185
	Hit Breakpoint(s) 
	Call Stack: walk, s.parseJSON 
	Bindings: filter: function
		i: string = 27
		j: array
		k: string = 
		m: object
		n: object
		s: object
		v: array
		walk: function
Paused at 182
	Call Stack: walk, walk, s.parseJSON 
	Bindings: filter: function
		i: undefined
		j: array
		k: string = 27
		m: object
		n: undefined
		s: object
		v: object
		walk: function
Paused at 183
	Call Stack: walk, walk, s.parseJSON 
	Bindings: filter: function
		i: undefined
		j: array
		k: string = 27
		m: object
		n: undefined
		s: object
		v: object
		walk: function
Paused at 185
	Hit Breakpoint(s) 
	Call Stack: walk, walk, s.parseJSON 
	Bindings: filter: function
		i: string = tag
		j: array
		k: string = 27
		m: object
		n: undefined
		s: object
		v: object
		walk: function
Paused at 185
	Hit Breakpoint(s) 
	Call Stack: walk, walk, s.parseJSON 
	Bindings: filter: function
		i: string = popularity
		j: array
		k: string = 27
		m: object
		n: string = Godfrey
		s: object
		v: object
		walk: function
Paused at 185
	Hit Breakpoint(s) 
	Call Stack: walk, s.parseJSON 
	Bindings: filter: function
		i: string = 28
		j: array
		k: string = 
		m: object
		n: object
		s: object
		v: array
		walk: function
Paused at 185
	Hit Breakpoint(s) 
	Call Stack: walk, walk, s.parseJSON 
	Bindings: filter: function
		i: string = tag
		j: array
		k: string = 28
		m: object
		n: undefined
		s: object
		v: object
		walk: function
Paused at 186
	Call Stack: walk, walk, s.parseJSON 
	Bindings: filter: function
		i: string = tag
		j: array
		k: string = 28
		m: object
		n: string = tetraptote
		s: object
		v: object
		walk: function
Paused at 187
	Call Stack: walk, walk, s.parseJSON 
	Bindings: filter: function
		i: string = tag
		j: array
		k: string = 28
		m: object
		n: string = tetraptote
		s: object
		v: object
		walk: function
Paused at 185
	Hit Breakpoint(s) 
	Call Stack: walk, walk, s.parseJSON 
	Bindings: filter: function
		i: string = popularity
		j: array
		k: string = 28
		m: object
		n: string = tetraptote
		s: object
		v: object
		walk: function
Paused at 182
	Call Stack: walk, walk, walk, s.parseJSON 
	Bindings: filter: function
		i: undefined
		j: array
		k: string = popularity
		m: object
		n: undefined
		s: object
		v: number = 11011011
		walk: function
Paused at 185
	Hit Breakpoint(s) 
	Call Stack: walk, s.parseJSON 
	Bindings: filter: function
		i: string = 29
		j: array
		k: string = 
		m: object
		n: object
		s: object
		v: array
		walk: function
Paused at 185
	Hit Breakpoint(s) 
	Call Stack: walk, walk, s.parseJSON 
	Bindings: filter: function
		i: string = tag
		j: array
		k: string = 29
		m: object
		n: undefined
		s: object
		v: object
		walk: function
Paused at 185
	Hit Breakpoint(s) 
	Call Stack: walk, walk, s.parseJSON 
	Bindings: filter: function
		i: string = popularity
		j: array
		k: string = 29
		m: object
		n: string = lucidness
		s: object
		v: object
		walk: function
Paused at 186
	Call Stack: walk, walk, s.parseJSON 
	Bindings: filter: function
		i: string = popularity
		j: array
		k: string = 29
		m: object
		n: number = 23.305783725647313
		s: object
		v: object
		walk: function
