Breakpoint Set at 42
Breakpoint Set at 42
Breakpoint Set at 87
Breakpoint Set at 75
Breakpoint Set at 128
Breakpoint Set at 42
Breakpoint Set at 96
Breakpoint Set at 92
Breakpoint Set at 121
Breakpoint Set at 42
Breakpoint Set at 103
Breakpoint Set at 42
Breakpoint Set at 60
Paused at 42
	Hit Breakpoint(s) 
	Call Stack:  
	Bindings: 
Paused at 75
	Hit Breakpoint(s) 
	Call Stack:  
	Bindings: 
Paused at 121
	Hit Breakpoint(s) 
	Call Stack:  
	Bindings: 
Paused at 122
	Call Stack:  
	Bindings: 
Paused at 121
	Call Stack:  
	Bindings: 
Paused at 121
	Hit Breakpoint(s) 
	Call Stack:  
	Bindings: 
Paused at 121
	Hit Breakpoint(s) 
	Call Stack:  
	Bindings: 
Paused at 122
	Call Stack:  
	Bindings: 
Paused at 121
	Call Stack:  
	Bindings: 
Paused at 121
	Hit Breakpoint(s) 
	Call Stack:  
	Bindings: 
Paused at 121
	Hit Breakpoint(s) 
	Call Stack:  
	Bindings: 
Paused at 122
	Call Stack:  
	Bindings: 
Paused at 121
	Hit Breakpoint(s) 
	Call Stack:  
	Bindings: 
Paused at 122
	Call Stack:  
	Bindings: 
Paused at 121
	Hit Breakpoint(s) 
	Call Stack:  
	Bindings: 
Paused at 121
	Hit Breakpoint(s) 
	Call Stack:  
	Bindings: 
Paused at 121
	Hit Breakpoint(s) 
	Call Stack:  
	Bindings: 
Paused at 121
	Hit Breakpoint(s) 
	Call Stack:  
	Bindings: 
Paused at 121
	Hit Breakpoint(s) 
	Call Stack:  
	Bindings: 
Paused at 121
	Hit Breakpoint(s) 
	Call Stack:  
	Bindings: 
Paused at 121
	Hit Breakpoint(s) 
	Call Stack:  
	Bindings: 
Paused at 122
	Call Stack:  
	Bindings: 
Paused at 121
	Hit Breakpoint(s) 
	Call Stack:  
	Bindings: 
Paused at 121
	Hit Breakpoint(s) 
	Call Stack:  
	Bindings: 
Paused at 122
	Call Stack:  
	Bindings: 
Paused at 121
	Hit Breakpoint(s) 
	Call Stack:  
	Bindings: 
Paused at 122
	Call Stack:  
	Bindings: 
Paused at 121
	Call Stack:  
	Bindings: 
Paused at 121
	Hit Breakpoint(s) 
	Call Stack:  
	Bindings: 
Paused at 121
	Hit Breakpoint(s) 
	Call Stack:  
	Bindings: 
Paused at 121
	Hit Breakpoint(s) 
	Call Stack:  
	Bindings: 
Paused at 121
	Hit Breakpoint(s) 
	Call Stack:  
	Bindings: 
Paused at 121
	Hit Breakpoint(s) 
	Call Stack:  
	Bindings: 
Paused at 122
	Call Stack:  
	Bindings: 
Paused at 121
	Call Stack:  
	Bindings: 
Paused at 122
	Call Stack:  
	Bindings: 
Paused at 121
	Call Stack:  
	Bindings: 
Paused at 121
	Hit Breakpoint(s) 
	Call Stack:  
	Bindings: 
Paused at 122
	Call Stack:  
	Bindings: 
Paused at 121
	Hit Breakpoint(s) 
	Call Stack:  
	Bindings: 
Paused at 121
	Hit Breakpoint(s) 
	Call Stack:  
	Bindings: 
Paused at 122
	Call Stack:  
	Bindings: 
Paused at 121
	Hit Breakpoint(s) 
	Call Stack:  
	Bindings: 
Paused at 121
	Hit Breakpoint(s) 
	Call Stack:  
	Bindings: 
Paused at 121
	Hit Breakpoint(s) 
	Call Stack:  
	Bindings: 
Paused at 122
	Call Stack:  
	Bindings: 
Paused at 121
	Hit Breakpoint(s) 
	Call Stack:  
	Bindings: 
Paused at 121
	Hit Breakpoint(s) 
	Call Stack:  
	Bindings: 
Paused at 122
	Call Stack:  
	Bindings: 
Paused at 121
	Call Stack:  
	Bindings: 
Paused at 122
	Call Stack:  
	Bindings: 
Paused at 121
	Call Stack:  
	Bindings: 
Paused at 121
	Hit Breakpoint(s) 
	Call Stack:  
	Bindings: 
Paused at 122
	Call Stack:  
	Bindings: 
Paused at 121
	Hit Breakpoint(s) 
	Call Stack:  
	Bindings: 
Paused at 121
	Hit Breakpoint(s) 
	Call Stack:  
	Bindings: 
Paused at 121
	Hit Breakpoint(s) 
	Call Stack:  
	Bindings: 
Paused at 122
	Call Stack:  
	Bindings: 
Paused at 121
	Call Stack:  
	Bindings: 
Paused at 122
	Call Stack:  
	Bindings: 
Paused at 121
	Call Stack:  
	Bindings: 
Paused at 122
	Call Stack:  
	Bindings: 
Paused at 121
	Call Stack:  
	Bindings: 
Paused at 122
	Call Stack:  
	Bindings: 
Paused at 121
	Hit Breakpoint(s) 
	Call Stack:  
	Bindings: 
Paused at 122
	Call Stack:  
	Bindings: 
Paused at 121
	Hit Breakpoint(s) 
	Call Stack:  
	Bindings: 
Paused at 121
	Hit Breakpoint(s) 
	Call Stack:  
	Bindings: 
Paused at 122
	Call Stack:  
	Bindings: 
Paused at 121
	Hit Breakpoint(s) 
	Call Stack:  
	Bindings: 
Paused at 121
	Hit Breakpoint(s) 
	Call Stack:  
	Bindings: 
Paused at 122
	Call Stack:  
	Bindings: 
Paused at 121
	Hit Breakpoint(s) 
	Call Stack:  
	Bindings: 
Paused at 121
	Hit Breakpoint(s) 
	Call Stack:  
	Bindings: 
Paused at 122
	Call Stack:  
	Bindings: 
Paused at 121
	Hit Breakpoint(s) 
	Call Stack:  
	Bindings: 
Paused at 121
	Hit Breakpoint(s) 
	Call Stack:  
	Bindings: 
Paused at 121
	Hit Breakpoint(s) 
	Call Stack:  
	Bindings: 
Paused at 121
	Hit Breakpoint(s) 
	Call Stack:  
	Bindings: 
Paused at 122
	Call Stack:  
	Bindings: 
Paused at 121
	Call Stack:  
	Bindings: 
Paused at 122
	Call Stack:  
	Bindings: 
Paused at 121
	Call Stack:  
	Bindings: 
Paused at 121
	Hit Breakpoint(s) 
	Call Stack:  
	Bindings: 
Paused at 122
	Call Stack:  
	Bindings: 
Paused at 121
	Hit Breakpoint(s) 
	Call Stack:  
	Bindings: 
Paused at 121
	Hit Breakpoint(s) 
	Call Stack:  
	Bindings: 
Paused at 122
	Call Stack:  
	Bindings: 
Paused at 121
	Call Stack:  
	Bindings: 
Paused at 121
	Hit Breakpoint(s) 
	Call Stack:  
	Bindings: 
Paused at 121
	Hit Breakpoint(s) 
	Call Stack:  
	Bindings: 
Paused at 122
	Call Stack:  
	Bindings: 
Paused at 121
	Call Stack:  
	Bindings: 
Paused at 122
	Call Stack:  
	Bindings: 
Paused at 121
	Hit Breakpoint(s) 
	Call Stack:  
	Bindings: 
Paused at 122
	Call Stack:  
	Bindings: 
Paused at 121
	Hit Breakpoint(s) 
	Call Stack:  
	Bindings: 
Paused at 122
	Call Stack:  
	Bindings: 
Paused at 121
	Call Stack:  
	Bindings: 
Paused at 122
	Call Stack:  
	Bindings: 
Paused at 121
	Hit Breakpoint(s) 
	Call Stack:  
	Bindings: 
Paused at 121
	Hit Breakpoint(s) 
	Call Stack:  
	Bindings: 
Paused at 122
	Call Stack:  
	Bindings: 
Paused at 121
	Hit Breakpoint(s) 
	Call Stack:  
	Bindings: 
Paused at 121
	Hit Breakpoint(s) 
	Call Stack:  
	Bindings: 
Paused at 122
	Call Stack:  
	Bindings: 
Paused at 121
	Call Stack:  
	Bindings: 
Paused at 122
	Call Stack:  
	Bindings: 
Paused at 121
	Call Stack:  
	Bindings: 
Paused at 121
	Hit Breakpoint(s) 
	Call Stack:  
	Bindings: 
Paused at 121
	Hit Breakpoint(s) 
	Call Stack:  
	Bindings: 
Paused at 121
	Hit Breakpoint(s) 
	Call Stack:  
	Bindings: 
Paused at 121
	Hit Breakpoint(s) 
	Call Stack:  
	Bindings: 
Paused at 122
	Call Stack:  
	Bindings: 
Paused at 121
	Hit Breakpoint(s) 
	Call Stack:  
	Bindings: 
Paused at 121
	Hit Breakpoint(s) 
	Call Stack:  
	Bindings: 
Paused at 122
	Call Stack:  
	Bindings: 
Paused at 121
	Call Stack:  
	Bindings: 
Paused at 122
	Call Stack:  
	Bindings: 
Paused at 121
	Call Stack:  
	Bindings: 
Paused at 121
	Hit Breakpoint(s) 
	Call Stack:  
	Bindings: 
Paused at 121
	Hit Breakpoint(s) 
	Call Stack:  
	Bindings: 
Paused at 122
	Call Stack:  
	Bindings: 
Paused at 121
	Hit Breakpoint(s) 
	Call Stack:  
	Bindings: 
Paused at 122
	Call Stack:  
	Bindings: 
Paused at 121
	Call Stack:  
	Bindings: 
Paused at 121
	Hit Breakpoint(s) 
	Call Stack:  
	Bindings: 
Paused at 122
	Call Stack:  
	Bindings: 
Paused at 121
	Call Stack:  
	Bindings: 
Paused at 121
	Hit Breakpoint(s) 
	Call Stack:  
	Bindings: 
Paused at 122
	Call Stack:  
	Bindings: 
Paused at 121
	Call Stack:  
	Bindings: 
Paused at 122
	Call Stack:  
	Bindings: 
Paused at 121
	Hit Breakpoint(s) 
	Call Stack:  
	Bindings: 
Paused at 122
	Call Stack:  
	Bindings: 
Paused at 121
	Call Stack:  
	Bindings: 
Paused at 121
	Hit Breakpoint(s) 
	Call Stack:  
	Bindings: 
Paused at 122
	Call Stack:  
	Bindings: 
Paused at 121
	Hit Breakpoint(s) 
	Call Stack:  
	Bindings: 
Paused at 121
	Hit Breakpoint(s) 
	Call Stack:  
	Bindings: 
Paused at 122
	Call Stack:  
	Bindings: 
Paused at 121
	Hit Breakpoint(s) 
	Call Stack:  
	Bindings: 
Paused at 122
	Call Stack:  
	Bindings: 
Paused at 121
	Call Stack:  
	Bindings: 
Paused at 122
	Call Stack:  
	Bindings: 
Paused at 121
	Hit Breakpoint(s) 
	Call Stack:  
	Bindings: 
Paused at 122
	Call Stack:  
	Bindings: 
Paused at 121
	Call Stack:  
	Bindings: 
Paused at 121
	Hit Breakpoint(s) 
	Call Stack:  
	Bindings: 
Paused at 121
	Hit Breakpoint(s) 
	Call Stack:  
	Bindings: 
Paused at 122
	Call Stack:  
	Bindings: 
Paused at 121
	Call Stack:  
	Bindings: 
Paused at 121
	Hit Breakpoint(s) 
	Call Stack:  
	Bindings: 
Paused at 121
	Hit Breakpoint(s) 
	Call Stack:  
	Bindings: 
Paused at 122
	Call Stack:  
	Bindings: 
Paused at 121
	Hit Breakpoint(s) 
	Call Stack:  
	Bindings: 
Paused at 121
	Hit Breakpoint(s) 
	Call Stack:  
	Bindings: 
Paused at 122
	Call Stack:  
	Bindings: 
Paused at 121
	Call Stack:  
	Bindings: 
Paused at 122
	Call Stack:  
	Bindings: 
Paused at 121
	Call Stack:  
	Bindings: 
Paused at 122
	Call Stack:  
	Bindings: 
Paused at 121
	Call Stack:  
	Bindings: 
Paused at 122
	Call Stack:  
	Bindings: 
Paused at 121
	Hit Breakpoint(s) 
	Call Stack:  
	Bindings: 
Paused at 121
	Hit Breakpoint(s) 
	Call Stack:  
	Bindings: 
Paused at 122
	Call Stack:  
	Bindings: 
Paused at 121
	Hit Breakpoint(s) 
	Call Stack:  
	Bindings: 
Paused at 121
	Hit Breakpoint(s) 
	Call Stack:  
	Bindings: 
Paused at 122
	Call Stack:  
	Bindings: 
Paused at 121
	Call Stack:  
	Bindings: 
Paused at 121
	Hit Breakpoint(s) 
	Call Stack:  
	Bindings: 
Paused at 122
	Call Stack:  
	Bindings: 
Paused at 121
	Call Stack:  
	Bindings: 
Paused at 122
	Call Stack:  
	Bindings: 
Paused at 121
	Call Stack:  
	Bindings: 
Paused at 122
	Call Stack:  
	Bindings: 
Paused at 121
	Call Stack:  
	Bindings: 
Paused at 122
	Call Stack:  
	Bindings: 
Paused at 121
	Call Stack:  
	Bindings: 
Paused at 122
	Call Stack:  
	Bindings: 
Paused at 121
	Hit Breakpoint(s) 
	Call Stack:  
	Bindings: 
Paused at 122
	Call Stack:  
	Bindings: 
Paused at 121
	Hit Breakpoint(s) 
	Call Stack:  
	Bindings: 
Paused at 121
	Hit Breakpoint(s) 
	Call Stack:  
	Bindings: 
Paused at 122
	Call Stack:  
	Bindings: 
Paused at 121
	Hit Breakpoint(s) 
	Call Stack:  
	Bindings: 
Paused at 122
	Call Stack:  
	Bindings: 
Paused at 121
	Call Stack:  
	Bindings: 
Paused at 121
	Hit Breakpoint(s) 
	Call Stack:  
	Bindings: 
Paused at 121
	Hit Breakpoint(s) 
	Call Stack:  
	Bindings: 
Paused at 121
	Hit Breakpoint(s) 
	Call Stack:  
	Bindings: 
Paused at 122
	Call Stack:  
	Bindings: 
Paused at 121
	Call Stack:  
	Bindings: 
Paused at 122
	Call Stack:  
	Bindings: 
Paused at 121
	Hit Breakpoint(s) 
	Call Stack:  
	Bindings: 
Paused at 122
	Call Stack:  
	Bindings: 
Paused at 121
	Hit Breakpoint(s) 
	Call Stack:  
	Bindings: 
Paused at 121
	Hit Breakpoint(s) 
	Call Stack:  
	Bindings: 
Paused at 121
	Hit Breakpoint(s) 
	Call Stack:  
	Bindings: 
Paused at 122
	Call Stack:  
	Bindings: 
