79 -> 79
176 -> 176
96 -> 98
179 -> 179
144 -> 144
199 -> 199
209 -> 210
317 -> 317
224 -> 224
163 -> 165
204 -> 204
320 -> 320
115 -> 115
214 -> 214
97 -> 98
243 -> 243
278 -> 278
266 -> 266
41 -> 41
281 -> 281
242 -> 242
276 -> 278
238 -> 239
192 -> 194
301 -> 301
285 -> 286
74 -> 74
189 -> 189
258 -> 259
118 -> 118
344 -> 346
330 -> 332
167 -> 167
5 -> 5
169 -> 169
257 -> 259
110 -> 110
337 -> 338
73 -> 73
53 -> 53
296 -> 296
343 -> 343
180 -> 180
92 -> 92
302 -> 304
292 -> 294
70 -> 70
46 -> 46
206 -> 206
161 -> 161
185 -> 185
315 -> 317
128 -> 130
49 -> 49
72 -> 73
186 -> 186
259 -> 342
64 -> 64
37 -> 39
263 -> 263
247 -> 247
104 -> 104
12 -> 12
237 -> 239
6 -> 6
235 -> 235
121 -> 122
171 -> 171
146 -> 147
311 -> 311
76 -> 77
55 -> 55
112 -> 115
157 -> 157
34 -> 39
307 -> 307
21 -> 21
139 -> 141
18 -> 19
354 -> 354
183 -> 183
162 -> 162
246 -> 246
56 -> 56
107 -> 107
333 -> 333
119 -> 119
261 -> 261
260 -> 260
23 -> 24
2 -> 4
270 -> 270
32 -> 39
20 -> 20
7 -> 7
241 -> 241
177 -> 179
164 -> 165
25 -> 25
14 -> 19
312 -> 314
13 -> 19
16 -> 19
1 -> 4
44 -> 44
142 -> 142
160 -> 161
194 -> 239
284 -> 286
17 -> 19
3 -> 4
66 -> 66
19 -> 24
215 -> 216
8 -> 8
133 -> 133
195 -> 195
26 -> 26
345 -> 346
336 -> 336
265 -> 265
309 -> 310
136 -> 137
130 -> 141
27 -> 27
147 -> 151
210 -> 239
150 -> 151
29 -> 29
81 -> 81
253 -> 253
47 -> 47
86 -> 86
9 -> 9
82 -> 82
95 -> 95
223 -> 223
63 -> 63
153 -> 153
103 -> 103
106 -> 106
35 -> 39
198 -> 198
98 -> 103
138 -> 138
4 -> 24
184 -> 184
152 -> 152
295 -> 295
222 -> 222
116 -> 116
117 -> 117
40 -> 40
245 -> 245
156 -> 156
172 -> 172
149 -> 151
273 -> 273
188 -> 189
11 -> 12
280 -> 280
200 -> 200
248 -> 248
196 -> 196
50 -> 52
175 -> 175
39 -> 77
324 -> 324
51 -> 52
229 -> 229
282 -> 282
134 -> 134
59 -> 60
274 -> 274
327 -> 327
10 -> 12
255 -> 255
232 -> 232
313 -> 314
109 -> 110
77 -> 85
45 -> 45
205 -> 205
279 -> 279
122 -> 130
298 -> 298
213 -> 213
132 -> 132
48 -> 48
137 -> 141
287 -> 287
151 -> 165
78 -> 78
43 -> 43
335 -> 335
31 -> 31
28 -> 28
125 -> 125
131 -> 131
269 -> 270
283 -> 286
165 -> 179
211 -> 211
54 -> 54
233 -> 234
127 -> 130
234 -> 239
294 -> 342
250 -> 250
275 -> 278
208 -> 208
314 -> 342
288 -> 288
190 -> 190
346 -> 354
216 -> 239
68 -> 68
94 -> 94
326 -> 327
170 -> 170
289 -> 289
305 -> 307
304 -> 342
141 -> 151
221 -> 222
120 -> 122
244 -> 244
60 -> 77
80 -> 80
220 -> 220
124 -> 124
33 -> 39
202 -> 202
166 -> 166
264 -> 264
262 -> 262
111 -> 111
201 -> 201
38 -> 39
303 -> 304
225 -> 225
334 -> 334
299 -> 299
352 -> 352
300 -> 300
207 -> 207
306 -> 307
217 -> 217
325 -> 325
100 -> 103
93 -> 93
340 -> 340
191 -> 194
105 -> 105
293 -> 294
197 -> 197
84 -> 85
187 -> 187
24 -> 77
143 -> 143
272 -> 272
342 -> 354
231 -> 231
322 -> 323
126 -> 126
181 -> 181
268 -> 270
355 -> 355
332 -> 342
236 -> 236
158 -> 158
308 -> 310
67 -> 67
297 -> 297
310 -> 342
140 -> 141
251 -> 252
114 -> 115
168 -> 168
91 -> 91
69 -> 70
341 -> 342
108 -> 108
42 -> 42
15 -> 19
154 -> 154
155 -> 155
228 -> 228
36 -> 39
148 -> 148
83 -> 85
203 -> 204
101 -> 103
329 -> 329
291 -> 294
347 -> 347
348 -> 348
323 -> 342
89 -> 90
240 -> 240
218 -> 218
30 -> 30
0 -> 4
182 -> 182
22 -> 24
321 -> 321
113 -> 115
123 -> 123
174 -> 175
249 -> 249
256 -> 259
102 -> 103
178 -> 179
239 -> 259
212 -> 212
318 -> 318
57 -> 57
52 -> 77
350 -> 350
159 -> 159
271 -> 271
227 -> 228
71 -> 71
88 -> 88
328 -> 328
61 -> 62
351 -> 351
219 -> 219
226 -> 226
319 -> 320
349 -> 349
267 -> 267
331 -> 332
62 -> 77
90 -> 98
316 -> 317
75 -> 77
129 -> 130
87 -> 87
277 -> 278
193 -> 194
338 -> 342
65 -> 65
286 -> 342
145 -> 145
173 -> 173
339 -> 339
58 -> 60
85 -> 98
290 -> 290
230 -> 230
252 -> 259
353 -> 353
135 -> 135
99 -> 99
254 -> 254
