0 -> 4
4 -> 24
5 -> 5
8 -> 8
10 -> 12
12 -> 24
13 -> 19
19 -> 24
22 -> 24
24 -> 77
25 -> 25
26 -> 26
27 -> 27
30 -> 30
31 -> 31
34 -> 39
36 -> 39
37 -> 39
38 -> 39
39 -> 77
40 -> 40
41 -> 41
42 -> 42
43 -> 43
44 -> 44
47 -> 47
48 -> 48
49 -> 49
50 -> 52
53 -> 53
54 -> 54
57 -> 57
60 -> 60
61 -> 62
66 -> 66
67 -> 67
68 -> 68
70 -> 70
71 -> 71
73 -> 73
75 -> 77
76 -> 77
77 -> 85
78 -> 78
81 -> 81
84 -> 85
85 -> 98
89 -> 90
91 -> 91
93 -> 93
97 -> 98
98 -> 103
99 -> 99
102 -> 103
104 -> 104
105 -> 105
109 -> 110
111 -> 111
114 -> 115
115 -> 122
118 -> 118
125 -> 125
128 -> 130
129 -> 130
130 -> 141
131 -> 131
132 -> 132
133 -> 133
136 -> 137
140 -> 141
141 -> 151
142 -> 142
145 -> 145
147 -> 147
150 -> 151
154 -> 154
156 -> 156
158 -> 158
163 -> 165
165 -> 179
167 -> 167
169 -> 169
173 -> 173
174 -> 175
177 -> 179
178 -> 179
180 -> 180
186 -> 186
188 -> 189
189 -> 189
190 -> 190
191 -> 194
192 -> 194
194 -> 194
196 -> 196
198 -> 198
200 -> 200
202 -> 202
203 -> 204
205 -> 205
207 -> 207
211 -> 211
214 -> 214
217 -> 217
218 -> 218
223 -> 223
225 -> 225
226 -> 226
229 -> 229
230 -> 230
233 -> 234
234 -> 239
238 -> 239
240 -> 240
241 -> 241
244 -> 244
245 -> 245
246 -> 246
247 -> 247
248 -> 248
249 -> 249
250 -> 250
251 -> 252
252 -> 252
253 -> 253
255 -> 255
256 -> 259
257 -> 259
258 -> 259
261 -> 261
268 -> 270
271 -> 271
272 -> 272
273 -> 273
274 -> 274
275 -> 278
276 -> 278
278 -> 278
279 -> 279
280 -> 280
281 -> 281
284 -> 286
286 -> 286
289 -> 289
292 -> 294
293 -> 294
294 -> 342
295 -> 295
296 -> 296
297 -> 297
298 -> 298
299 -> 299
300 -> 300
303 -> 304
304 -> 342
306 -> 307
308 -> 310
309 -> 310
310 -> 310
312 -> 314
313 -> 314
317 -> 317
318 -> 318
319 -> 320
322 -> 323
325 -> 325
326 -> 327
327 -> 342
329 -> 329
330 -> 332
331 -> 332
334 -> 334
339 -> 339
341 -> 342
344 -> 346
345 -> 346
349 -> 349
353 -> 353
