241 -> 241
310 -> 310
207 -> 207
109 -> 110
27 -> 27
5 -> 5
247 -> 247
188 -> 189
177 -> 179
196 -> 196
39 -> 39
150 -> 151
325 -> 325
24 -> 24
345 -> 346
286 -> 286
273 -> 273
147 -> 147
225 -> 225
98 -> 98
230 -> 230
205 -> 205
223 -> 223
169 -> 169
25 -> 25
300 -> 300
278 -> 278
0 -> 4
271 -> 271
308 -> 310
186 -> 186
131 -> 131
226 -> 226
261 -> 261
211 -> 211
158 -> 158
251 -> 252
318 -> 318
214 -> 214
297 -> 297
245 -> 245
54 -> 54
255 -> 255
76 -> 77
67 -> 67
41 -> 41
61 -> 62
253 -> 253
256 -> 259
279 -> 279
280 -> 280
218 -> 218
77 -> 85
145 -> 145
114 -> 115
132 -> 132
71 -> 71
202 -> 202
284 -> 286
36 -> 39
133 -> 133
105 -> 105
190 -> 190
180 -> 180
217 -> 217
118 -> 118
313 -> 314
48 -> 48
326 -> 327
276 -> 278
37 -> 39
295 -> 295
34 -> 39
66 -> 66
331 -> 332
91 -> 91
329 -> 329
8 -> 8
93 -> 93
238 -> 239
128 -> 130
272 -> 272
73 -> 73
293 -> 294
156 -> 156
299 -> 299
99 -> 99
294 -> 342
339 -> 339
60 -> 60
249 -> 249
244 -> 244
203 -> 204
192 -> 194
234 -> 234
30 -> 30
258 -> 259
304 -> 304
49 -> 49
4 -> 24
353 -> 353
19 -> 19
136 -> 137
322 -> 323
125 -> 125
303 -> 304
167 -> 167
257 -> 259
111 -> 111
309 -> 310
327 -> 342
44 -> 44
330 -> 332
38 -> 39
312 -> 314
174 -> 175
68 -> 68
274 -> 274
319 -> 320
229 -> 229
89 -> 90
42 -> 42
349 -> 349
281 -> 281
129 -> 130
53 -> 53
296 -> 296
97 -> 98
334 -> 334
31 -> 31
289 -> 289
154 -> 154
22 -> 24
163 -> 165
240 -> 240
298 -> 298
292 -> 294
10 -> 12
12 -> 24
189 -> 194
341 -> 342
85 -> 98
84 -> 85
115 -> 122
268 -> 270
233 -> 234
275 -> 278
13 -> 19
194 -> 239
78 -> 78
246 -> 246
165 -> 179
248 -> 248
191 -> 194
173 -> 173
198 -> 198
102 -> 103
140 -> 141
70 -> 70
104 -> 104
26 -> 26
178 -> 179
344 -> 346
75 -> 77
250 -> 250
306 -> 307
130 -> 141
200 -> 200
57 -> 57
317 -> 317
43 -> 43
81 -> 81
47 -> 47
40 -> 40
142 -> 142
50 -> 52
252 -> 259
141 -> 151
