284 -> 286
319 -> 320
34 -> 39
353 -> 353
196 -> 196
250 -> 250
202 -> 202
81 -> 81
234 -> 234
44 -> 44
278 -> 278
36 -> 39
294 -> 294
251 -> 252
255 -> 255
272 -> 272
98 -> 98
131 -> 131
309 -> 310
178 -> 179
341 -> 342
296 -> 296
257 -> 259
256 -> 259
200 -> 200
327 -> 327
326 -> 327
12 -> 12
207 -> 207
233 -> 234
115 -> 115
8 -> 8
156 -> 156
150 -> 151
133 -> 133
211 -> 211
317 -> 317
325 -> 325
118 -> 118
268 -> 270
252 -> 259
297 -> 297
192 -> 194
39 -> 77
249 -> 249
289 -> 289
128 -> 130
99 -> 99
308 -> 310
274 -> 274
248 -> 248
304 -> 304
299 -> 299
244 -> 244
186 -> 186
225 -> 225
47 -> 47
154 -> 154
25 -> 25
40 -> 40
189 -> 189
292 -> 294
194 -> 239
229 -> 229
85 -> 85
61 -> 62
19 -> 19
286 -> 342
273 -> 273
76 -> 77
223 -> 223
330 -> 332
145 -> 145
312 -> 314
303 -> 304
97 -> 98
84 -> 85
26 -> 26
246 -> 246
73 -> 73
66 -> 66
322 -> 323
53 -> 53
10 -> 12
230 -> 230
109 -> 110
27 -> 27
4 -> 4
169 -> 169
105 -> 105
177 -> 179
349 -> 349
49 -> 49
132 -> 132
167 -> 167
218 -> 218
77 -> 85
165 -> 165
70 -> 70
50 -> 52
111 -> 111
22 -> 24
43 -> 43
214 -> 214
298 -> 298
293 -> 294
310 -> 342
60 -> 60
241 -> 241
48 -> 48
41 -> 41
295 -> 295
226 -> 226
281 -> 281
37 -> 39
141 -> 141
279 -> 279
24 -> 77
158 -> 158
331 -> 332
125 -> 125
203 -> 204
42 -> 42
93 -> 93
339 -> 339
57 -> 57
163 -> 165
217 -> 217
78 -> 78
5 -> 5
102 -> 103
329 -> 329
75 -> 77
30 -> 30
136 -> 137
345 -> 346
240 -> 240
104 -> 104
247 -> 247
271 -> 271
276 -> 278
173 -> 173
67 -> 67
89 -> 90
245 -> 245
318 -> 318
140 -> 141
91 -> 91
334 -> 334
71 -> 71
114 -> 115
68 -> 68
147 -> 147
13 -> 19
205 -> 205
280 -> 280
306 -> 307
344 -> 346
142 -> 142
275 -> 278
174 -> 175
253 -> 253
300 -> 300
238 -> 239
180 -> 180
31 -> 31
258 -> 259
129 -> 130
188 -> 189
130 -> 141
54 -> 54
198 -> 198
313 -> 314
190 -> 190
261 -> 261
191 -> 194
38 -> 39
0 -> 4
