150 -> 151
57 -> 57
339 -> 339
25 -> 25
154 -> 154
89 -> 90
349 -> 349
327 -> 327
322 -> 323
217 -> 217
257 -> 259
313 -> 314
211 -> 211
240 -> 240
308 -> 310
329 -> 329
317 -> 317
38 -> 39
284 -> 286
238 -> 239
189 -> 189
75 -> 77
5 -> 5
163 -> 165
258 -> 259
310 -> 342
341 -> 342
60 -> 60
272 -> 272
53 -> 53
279 -> 279
70 -> 70
252 -> 252
13 -> 19
22 -> 24
49 -> 49
190 -> 190
241 -> 241
42 -> 42
158 -> 158
26 -> 26
253 -> 253
30 -> 30
0 -> 4
225 -> 225
50 -> 52
331 -> 332
304 -> 304
196 -> 196
205 -> 205
214 -> 214
230 -> 230
76 -> 77
186 -> 186
294 -> 294
31 -> 31
293 -> 294
91 -> 91
98 -> 98
274 -> 274
319 -> 320
44 -> 44
244 -> 244
165 -> 179
255 -> 255
8 -> 8
141 -> 141
61 -> 62
102 -> 103
118 -> 118
192 -> 194
