141 -> 141
310 -> 310
98 -> 98
205 -> 205
349 -> 349
257 -> 259
240 -> 240
5 -> 5
118 -> 118
150 -> 151
341 -> 342
308 -> 310
76 -> 77
91 -> 91
279 -> 279
317 -> 317
158 -> 158
217 -> 217
50 -> 52
329 -> 329
154 -> 154
186 -> 186
13 -> 19
255 -> 255
189 -> 189
327 -> 327
89 -> 90
293 -> 294
163 -> 165
238 -> 239
25 -> 25
60 -> 60
53 -> 53
102 -> 103
30 -> 30
0 -> 4
272 -> 272
230 -> 230
313 -> 314
322 -> 323
241 -> 241
165 -> 179
252 -> 252
190 -> 190
339 -> 339
8 -> 8
57 -> 57
75 -> 77
258 -> 259
319 -> 320
38 -> 39
49 -> 49
31 -> 31
274 -> 274
331 -> 332
44 -> 44
244 -> 244
61 -> 62
284 -> 286
22 -> 24
214 -> 214
192 -> 194
294 -> 342
253 -> 253
304 -> 304
26 -> 26
196 -> 196
70 -> 70
211 -> 211
42 -> 42
225 -> 225
