93 -> 93
80 -> 80
194 -> 194
99 -> 99
104 -> 104
308 -> 310
38 -> 39
68 -> 68
148 -> 148
69 -> 70
277 -> 278
144 -> 144
313 -> 314
282 -> 282
262 -> 262
15 -> 19
255 -> 255
63 -> 63
84 -> 85
237 -> 239
118 -> 118
345 -> 346
221 -> 222
101 -> 103
351 -> 351
159 -> 159
198 -> 198
122 -> 122
66 -> 66
21 -> 21
169 -> 169
128 -> 130
293 -> 294
186 -> 186
77 -> 77
264 -> 264
183 -> 183
60 -> 60
344 -> 346
289 -> 289
33 -> 39
62 -> 62
85 -> 98
173 -> 173
352 -> 352
181 -> 181
219 -> 219
302 -> 304
247 -> 247
257 -> 259
138 -> 138
143 -> 143
10 -> 12
74 -> 74
190 -> 190
46 -> 46
244 -> 244
179 -> 179
252 -> 252
298 -> 298
151 -> 151
162 -> 162
273 -> 273
106 -> 106
242 -> 242
249 -> 249
328 -> 328
103 -> 115
37 -> 39
27 -> 27
231 -> 231
26 -> 26
189 -> 189
232 -> 232
314 -> 342
319 -> 320
341 -> 342
204 -> 204
342 -> 354
343 -> 343
24 -> 24
51 -> 52
327 -> 327
317 -> 317
109 -> 110
136 -> 137
284 -> 286
140 -> 141
267 -> 267
272 -> 272
52 -> 77
260 -> 260
4 -> 4
92 -> 92
303 -> 304
157 -> 157
146 -> 147
210 -> 210
79 -> 79
297 -> 297
7 -> 7
32 -> 39
14 -> 19
73 -> 73
142 -> 142
163 -> 165
102 -> 103
224 -> 224
70 -> 77
6 -> 6
199 -> 199
89 -> 90
28 -> 28
316 -> 317
325 -> 325
155 -> 155
192 -> 194
18 -> 19
251 -> 252
299 -> 299
200 -> 200
321 -> 321
13 -> 19
238 -> 239
29 -> 29
226 -> 226
150 -> 151
286 -> 342
335 -> 335
276 -> 278
167 -> 167
12 -> 24
124 -> 124
301 -> 301
271 -> 271
129 -> 130
278 -> 342
349 -> 349
283 -> 286
154 -> 154
156 -> 156
240 -> 240
67 -> 67
188 -> 189
333 -> 333
339 -> 339
171 -> 171
8 -> 8
309 -> 310
147 -> 151
216 -> 216
245 -> 245
34 -> 39
76 -> 77
285 -> 286
207 -> 207
261 -> 261
100 -> 103
83 -> 85
31 -> 31
336 -> 336
291 -> 294
58 -> 60
97 -> 98
295 -> 295
332 -> 332
227 -> 228
320 -> 342
229 -> 229
307 -> 307
123 -> 123
41 -> 41
95 -> 95
65 -> 65
287 -> 287
275 -> 278
98 -> 103
110 -> 115
315 -> 317
126 -> 126
71 -> 71
131 -> 131
311 -> 311
149 -> 151
105 -> 105
42 -> 42
1 -> 4
141 -> 151
223 -> 223
191 -> 194
133 -> 133
280 -> 280
290 -> 290
187 -> 187
196 -> 196
312 -> 314
130 -> 141
217 -> 217
135 -> 135
127 -> 130
197 -> 197
132 -> 132
108 -> 108
166 -> 166
82 -> 82
161 -> 161
202 -> 202
45 -> 45
209 -> 210
75 -> 77
330 -> 332
115 -> 122
3 -> 4
182 -> 182
222 -> 239
185 -> 185
225 -> 225
152 -> 152
57 -> 57
296 -> 296
137 -> 141
125 -> 125
174 -> 175
2 -> 4
234 -> 234
145 -> 145
61 -> 62
22 -> 24
184 -> 184
107 -> 107
348 -> 348
164 -> 165
354 -> 354
279 -> 279
116 -> 116
158 -> 158
274 -> 274
236 -> 236
30 -> 30
212 -> 212
64 -> 64
120 -> 122
0 -> 4
323 -> 323
326 -> 327
50 -> 52
211 -> 211
266 -> 266
346 -> 354
329 -> 329
248 -> 248
338 -> 338
168 -> 168
334 -> 334
114 -> 115
25 -> 25
96 -> 98
180 -> 180
59 -> 60
218 -> 218
86 -> 86
55 -> 55
253 -> 253
230 -> 230
270 -> 270
44 -> 44
88 -> 88
214 -> 214
213 -> 213
56 -> 56
235 -> 235
134 -> 134
228 -> 239
304 -> 342
263 -> 263
258 -> 259
176 -> 176
353 -> 353
119 -> 119
36 -> 39
78 -> 78
139 -> 141
241 -> 241
254 -> 254
305 -> 307
195 -> 195
256 -> 259
47 -> 47
90 -> 98
172 -> 172
288 -> 288
160 -> 161
318 -> 318
40 -> 40
81 -> 81
350 -> 350
208 -> 208
112 -> 115
269 -> 270
19 -> 24
111 -> 111
43 -> 43
355 -> 355
17 -> 19
178 -> 179
306 -> 307
250 -> 250
48 -> 48
205 -> 205
39 -> 77
117 -> 117
203 -> 204
239 -> 259
170 -> 170
322 -> 323
281 -> 281
153 -> 153
243 -> 243
340 -> 340
300 -> 300
310 -> 342
35 -> 39
20 -> 20
347 -> 347
268 -> 270
53 -> 53
201 -> 201
5 -> 5
246 -> 246
331 -> 332
121 -> 122
9 -> 9
193 -> 194
292 -> 294
16 -> 19
177 -> 179
113 -> 115
49 -> 49
294 -> 342
337 -> 338
324 -> 324
54 -> 54
11 -> 12
265 -> 265
206 -> 206
87 -> 87
91 -> 91
94 -> 94
23 -> 24
259 -> 342
233 -> 234
165 -> 179
72 -> 73
220 -> 220
175 -> 179
215 -> 216
