30 -> 30
57 -> 57
322 -> 323
190 -> 190
98 -> 98
75 -> 77
238 -> 239
60 -> 60
186 -> 186
310 -> 310
8 -> 8
44 -> 44
25 -> 25
70 -> 70
341 -> 342
329 -> 329
150 -> 151
241 -> 241
327 -> 327
304 -> 304
91 -> 91
89 -> 90
154 -> 154
76 -> 77
0 -> 4
217 -> 217
118 -> 118
349 -> 349
244 -> 244
284 -> 286
26 -> 26
293 -> 294
205 -> 205
196 -> 196
257 -> 259
102 -> 103
253 -> 253
165 -> 165
31 -> 31
313 -> 314
163 -> 165
258 -> 259
13 -> 19
42 -> 42
53 -> 53
230 -> 230
38 -> 39
22 -> 24
225 -> 225
308 -> 310
240 -> 240
319 -> 320
255 -> 255
274 -> 274
214 -> 214
5 -> 5
252 -> 252
272 -> 272
189 -> 189
294 -> 342
141 -> 141
49 -> 49
61 -> 62
331 -> 332
339 -> 339
192 -> 194
211 -> 211
279 -> 279
158 -> 158
50 -> 52
317 -> 317
