211 -> 211
230 -> 230
75 -> 77
98 -> 98
53 -> 53
225 -> 225
0 -> 4
240 -> 240
186 -> 186
22 -> 24
192 -> 194
310 -> 310
196 -> 196
44 -> 44
8 -> 8
322 -> 323
329 -> 329
91 -> 91
60 -> 60
154 -> 154
118 -> 118
279 -> 279
327 -> 327
13 -> 19
25 -> 25
57 -> 57
158 -> 158
252 -> 252
190 -> 190
214 -> 214
319 -> 320
308 -> 310
274 -> 274
49 -> 49
253 -> 253
238 -> 239
349 -> 349
284 -> 286
205 -> 205
165 -> 165
258 -> 259
331 -> 332
293 -> 294
189 -> 189
76 -> 77
317 -> 317
241 -> 241
257 -> 259
272 -> 272
150 -> 151
244 -> 244
38 -> 39
70 -> 70
89 -> 90
102 -> 103
163 -> 165
5 -> 5
42 -> 42
294 -> 342
255 -> 255
304 -> 304
61 -> 62
217 -> 217
50 -> 52
26 -> 26
31 -> 31
30 -> 30
339 -> 339
141 -> 141
313 -> 314
341 -> 342
