Breakpoint 0 Set at 4
Breakpoint 1 Set at 9
Breakpoint 2 Set at 52
Breakpoint 3 Set at 47
Breakpoint 4 Set at 80
Breakpoint 5 Set at 25
Breakpoint 6 Set at 60
Breakpoint 7 Set at 58
Paused at 4
	Hit Breakpoint(s) 0
	Call Stack:  
	Bindings: 
Paused at 9
	Hit Breakpoint(s) 1
	Call Stack:  
	Bindings: 
Paused at 25
	Hit Breakpoint(s) 5
	Call Stack:  
	Bindings: 
Paused at 26
	Call Stack:  
	Bindings: 
Paused at 27
	Call Stack:  
	Bindings: 
Paused at 47
	Hit Breakpoint(s) 3
	Call Stack:  
	Bindings: 
Paused at 52
	Hit Breakpoint(s) 2
	Call Stack:  
	Bindings: 
Paused at 53
	Call Stack:  
	Bindings: 
Paused at 54
	Call Stack:  
	Bindings: 
