72 -> 72
88 -> 88
196 -> 196
221 -> 221
78 -> 78
202 -> 202
235 -> 235
225 -> 225
248 -> 248
123 -> 123
171 -> 171
243 -> 243
116 -> 116
348 -> 348
118 -> 118
9 -> 9
80 -> 80
287 -> 287
356 -> 356
311 -> 311
5 -> 5
297 -> 297
31 -> 31
251 -> 251
184 -> 184
66 -> 66
154 -> 154
177 -> 177
209 -> 209
188 -> 188
162 -> 162
132 -> 132
318 -> 318
152 -> 152
217 -> 217
46 -> 46
69 -> 69
145 -> 145
92 -> 92
28 -> 28
146 -> 146
326 -> 326
91 -> 91
246 -> 246
236 -> 236
41 -> 41
230 -> 230
219 -> 219
242 -> 242
344 -> 344
153 -> 153
182 -> 182
157 -> 157
315 -> 315
106 -> 106
138 -> 138
253 -> 253
50 -> 50
25 -> 25
354 -> 354
203 -> 203
223 -> 223
143 -> 143
136 -> 136
337 -> 337
300 -> 300
245 -> 245
350 -> 350
305 -> 305
156 -> 156
56 -> 56
282 -> 282
117 -> 117
183 -> 183
295 -> 295
283 -> 283
181 -> 181
54 -> 54
339 -> 339
158 -> 158
170 -> 170
148 -> 148
298 -> 298
352 -> 352
197 -> 197
83 -> 83
325 -> 325
324 -> 324
134 -> 134
89 -> 89
112 -> 112
289 -> 289
96 -> 96
169 -> 169
244 -> 244
167 -> 167
27 -> 27
87 -> 87
275 -> 275
308 -> 308
173 -> 173
355 -> 355
212 -> 212
334 -> 334
45 -> 45
296 -> 296
65 -> 65
174 -> 174
187 -> 187
247 -> 247
273 -> 273
347 -> 347
63 -> 63
86 -> 86
290 -> 290
299 -> 299
271 -> 271
232 -> 232
208 -> 208
218 -> 218
166 -> 166
272 -> 272
126 -> 126
144 -> 144
105 -> 105
7 -> 7
226 -> 226
131 -> 131
6 -> 6
42 -> 42
119 -> 119
328 -> 328
93 -> 93
281 -> 281
142 -> 142
74 -> 74
108 -> 108
111 -> 111
255 -> 255
30 -> 30
302 -> 302
191 -> 191
291 -> 291
190 -> 190
279 -> 279
127 -> 127
186 -> 186
249 -> 249
288 -> 288
265 -> 265
20 -> 20
335 -> 335
322 -> 322
231 -> 231
351 -> 351
340 -> 340
55 -> 55
268 -> 268
240 -> 240
205 -> 205
266 -> 266
341 -> 341
224 -> 224
26 -> 26
260 -> 260
172 -> 172
330 -> 330
79 -> 79
43 -> 43
125 -> 125
64 -> 64
353 -> 353
263 -> 263
214 -> 214
256 -> 256
135 -> 135
67 -> 67
48 -> 48
47 -> 47
94 -> 94
163 -> 163
40 -> 40
100 -> 100
120 -> 120
107 -> 107
81 -> 81
71 -> 71
343 -> 343
155 -> 155
312 -> 312
8 -> 8
220 -> 220
68 -> 68
180 -> 180
149 -> 149
229 -> 229
199 -> 199
336 -> 336
280 -> 280
57 -> 57
319 -> 319
201 -> 201
198 -> 198
237 -> 237
262 -> 262
264 -> 264
21 -> 21
195 -> 195
29 -> 29
321 -> 321
213 -> 213
333 -> 333
207 -> 207
109 -> 109
267 -> 267
250 -> 250
95 -> 95
200 -> 200
233 -> 233
215 -> 215
49 -> 49
159 -> 159
82 -> 82
75 -> 75
22 -> 22
160 -> 160
61 -> 61
227 -> 227
211 -> 211
329 -> 329
274 -> 274
206 -> 206
254 -> 254
241 -> 241
301 -> 301
185 -> 185
32 -> 32
176 -> 176
44 -> 44
133 -> 133
13 -> 13
10 -> 10
349 -> 349
58 -> 58
124 -> 124
168 -> 168
104 -> 104
53 -> 53
99 -> 99
139 -> 139
261 -> 261
