265 -> 265
221 -> 221
352 -> 352
299 -> 299
191 -> 191
211 -> 211
230 -> 230
32 -> 32
305 -> 305
65 -> 65
334 -> 334
279 -> 279
94 -> 94
79 -> 79
162 -> 162
315 -> 315
96 -> 96
217 -> 217
167 -> 167
105 -> 105
341 -> 341
180 -> 180
66 -> 66
71 -> 71
214 -> 214
273 -> 273
6 -> 6
300 -> 300
81 -> 81
72 -> 72
92 -> 92
40 -> 40
155 -> 155
69 -> 69
108 -> 108
22 -> 22
30 -> 30
326 -> 326
118 -> 118
89 -> 89
170 -> 170
256 -> 256
185 -> 185
20 -> 20
291 -> 291
144 -> 144
57 -> 57
197 -> 197
328 -> 328
241 -> 241
321 -> 321
229 -> 229
148 -> 148
44 -> 44
248 -> 248
27 -> 27
301 -> 301
287 -> 287
136 -> 136
218 -> 218
153 -> 153
146 -> 146
124 -> 124
220 -> 220
240 -> 240
231 -> 231
267 -> 267
213 -> 213
263 -> 263
247 -> 247
21 -> 21
288 -> 288
266 -> 266
324 -> 324
134 -> 134
281 -> 281
116 -> 116
48 -> 48
312 -> 312
347 -> 347
268 -> 268
91 -> 91
200 -> 200
47 -> 47
26 -> 26
209 -> 209
104 -> 104
171 -> 171
302 -> 302
249 -> 249
283 -> 283
333 -> 333
351 -> 351
61 -> 61
223 -> 223
246 -> 246
9 -> 9
336 -> 336
117 -> 117
274 -> 274
156 -> 156
280 -> 280
139 -> 139
355 -> 355
295 -> 295
190 -> 190
289 -> 289
88 -> 88
195 -> 195
5 -> 5
255 -> 255
132 -> 132
182 -> 182
227 -> 227
168 -> 168
56 -> 56
112 -> 112
199 -> 199
10 -> 10
335 -> 335
109 -> 109
219 -> 219
208 -> 208
157 -> 157
176 -> 176
215 -> 215
13 -> 13
245 -> 245
86 -> 86
159 -> 159
339 -> 339
196 -> 196
253 -> 253
236 -> 236
251 -> 251
186 -> 186
46 -> 46
135 -> 135
188 -> 188
78 -> 78
166 -> 166
349 -> 349
53 -> 53
158 -> 158
111 -> 111
120 -> 120
172 -> 172
68 -> 68
82 -> 82
83 -> 83
340 -> 340
25 -> 25
232 -> 232
261 -> 261
224 -> 224
28 -> 28
343 -> 343
42 -> 42
74 -> 74
325 -> 325
45 -> 45
353 -> 353
54 -> 54
99 -> 99
119 -> 119
63 -> 63
235 -> 235
75 -> 75
183 -> 183
145 -> 145
125 -> 125
272 -> 272
80 -> 80
131 -> 131
250 -> 250
58 -> 58
64 -> 64
207 -> 207
296 -> 296
212 -> 212
154 -> 154
41 -> 41
233 -> 233
152 -> 152
43 -> 43
143 -> 143
95 -> 95
202 -> 202
50 -> 50
49 -> 49
329 -> 329
254 -> 254
319 -> 319
142 -> 142
262 -> 262
126 -> 126
163 -> 163
123 -> 123
29 -> 29
160 -> 160
311 -> 311
177 -> 177
354 -> 354
149 -> 149
308 -> 308
318 -> 318
282 -> 282
133 -> 133
187 -> 187
348 -> 348
7 -> 7
201 -> 201
242 -> 242
264 -> 264
203 -> 203
356 -> 356
87 -> 87
8 -> 8
31 -> 31
271 -> 271
181 -> 181
206 -> 206
55 -> 55
344 -> 344
330 -> 330
100 -> 100
298 -> 298
198 -> 198
106 -> 106
350 -> 350
184 -> 184
243 -> 243
297 -> 297
107 -> 107
337 -> 337
138 -> 138
169 -> 169
67 -> 67
225 -> 225
275 -> 275
237 -> 237
290 -> 290
173 -> 173
260 -> 260
93 -> 93
322 -> 322
226 -> 226
244 -> 244
174 -> 174
127 -> 127
205 -> 205
