5 -> 5
20 -> 20
25 -> 25
29 -> 29
31 -> 31
40 -> 40
43 -> 43
44 -> 44
45 -> 45
47 -> 47
53 -> 53
54 -> 54
58 -> 58
68 -> 68
72 -> 72
78 -> 78
79 -> 79
80 -> 80
87 -> 87
99 -> 99
116 -> 116
117 -> 117
123 -> 123
131 -> 131
133 -> 133
134 -> 134
135 -> 135
136 -> 136
138 -> 138
139 -> 139
142 -> 142
145 -> 145
148 -> 148
152 -> 152
157 -> 157
166 -> 166
180 -> 180
184 -> 184
185 -> 185
188 -> 188
190 -> 190
195 -> 195
219 -> 219
223 -> 223
235 -> 235
237 -> 237
240 -> 240
243 -> 243
246 -> 246
251 -> 251
256 -> 256
260 -> 260
262 -> 262
263 -> 263
274 -> 274
279 -> 279
282 -> 282
287 -> 287
290 -> 290
295 -> 295
296 -> 296
298 -> 298
301 -> 301
311 -> 311
315 -> 315
318 -> 318
319 -> 319
333 -> 333
340 -> 340
343 -> 343
349 -> 349
