58 -> 58
79 -> 79
185 -> 185
235 -> 235
78 -> 78
190 -> 190
246 -> 246
240 -> 240
260 -> 260
135 -> 135
180 -> 180
45 -> 45
136 -> 136
340 -> 340
138 -> 138
123 -> 123
131 -> 131
295 -> 295
349 -> 349
311 -> 311
134 -> 134
301 -> 301
5 -> 5
282 -> 282
29 -> 29
31 -> 31
40 -> 40
237 -> 237
256 -> 256
243 -> 243
133 -> 133
47 -> 47
318 -> 318
142 -> 142
263 -> 263
251 -> 251
184 -> 184
44 -> 44
195 -> 195
343 -> 343
43 -> 43
333 -> 333
152 -> 152
296 -> 296
80 -> 80
319 -> 319
223 -> 223
219 -> 219
298 -> 298
188 -> 188
279 -> 279
290 -> 290
20 -> 20
68 -> 68
72 -> 72
287 -> 287
148 -> 148
99 -> 99
145 -> 145
87 -> 87
315 -> 315
262 -> 262
274 -> 274
53 -> 53
139 -> 139
166 -> 166
157 -> 157
117 -> 117
25 -> 25
54 -> 54
116 -> 116
