20 -> 20
31 -> 31
240 -> 240
190 -> 190
343 -> 343
87 -> 87
260 -> 260
78 -> 78
251 -> 251
40 -> 40
134 -> 134
333 -> 333
349 -> 349
311 -> 311
340 -> 340
25 -> 25
45 -> 45
219 -> 219
54 -> 54
318 -> 318
145 -> 145
5 -> 5
142 -> 142
135 -> 135
274 -> 274
301 -> 301
79 -> 79
279 -> 279
235 -> 235
243 -> 243
195 -> 195
131 -> 131
263 -> 263
68 -> 68
246 -> 246
185 -> 185
287 -> 287
53 -> 53
223 -> 223
262 -> 262
133 -> 133
80 -> 80
166 -> 166
58 -> 58
237 -> 237
180 -> 180
157 -> 157
184 -> 184
47 -> 47
298 -> 298
123 -> 123
29 -> 29
315 -> 315
117 -> 117
99 -> 99
319 -> 319
295 -> 295
152 -> 152
44 -> 44
256 -> 256
282 -> 282
116 -> 116
136 -> 136
148 -> 148
72 -> 72
188 -> 188
290 -> 290
43 -> 43
138 -> 138
296 -> 296
139 -> 139
353 -> 353
200 -> 200
186 -> 186
108 -> 108
127 -> 127
82 -> 82
335 -> 335
125 -> 125
169 -> 169
155 -> 155
300 -> 300
203 -> 203
207 -> 207
21 -> 21
226 -> 226
337 -> 337
28 -> 28
220 -> 220
355 -> 355
215 -> 215
197 -> 197
187 -> 187
283 -> 283
273 -> 273
264 -> 264
41 -> 41
209 -> 209
245 -> 245
211 -> 211
250 -> 250
208 -> 208
339 -> 339
8 -> 8
156 -> 156
221 -> 221
154 -> 154
162 -> 162
242 -> 242
291 -> 291
231 -> 231
280 -> 280
351 -> 351
69 -> 69
265 -> 265
48 -> 48
275 -> 275
81 -> 81
201 -> 201
227 -> 227
305 -> 305
267 -> 267
49 -> 49
104 -> 104
55 -> 55
232 -> 232
65 -> 65
106 -> 106
326 -> 326
96 -> 96
172 -> 172
224 -> 224
105 -> 105
302 -> 302
344 -> 344
86 -> 86
94 -> 94
177 -> 177
253 -> 253
299 -> 299
198 -> 198
66 -> 66
268 -> 268
163 -> 163
144 -> 144
89 -> 89
191 -> 191
32 -> 32
63 -> 63
93 -> 93
74 -> 74
88 -> 88
218 -> 218
100 -> 100
71 -> 71
119 -> 119
112 -> 112
328 -> 328
288 -> 288
174 -> 174
241 -> 241
6 -> 6
254 -> 254
22 -> 22
271 -> 271
107 -> 107
322 -> 322
167 -> 167
255 -> 255
214 -> 214
205 -> 205
230 -> 230
249 -> 249
13 -> 13
92 -> 92
244 -> 244
350 -> 350
160 -> 160
