5 -> 5
6 -> 6
8 -> 8
13 -> 13
20 -> 20
21 -> 21
22 -> 22
25 -> 25
28 -> 28
29 -> 29
31 -> 31
32 -> 32
40 -> 40
41 -> 41
43 -> 43
44 -> 44
45 -> 45
47 -> 47
48 -> 48
49 -> 49
53 -> 53
54 -> 54
55 -> 55
58 -> 58
63 -> 63
65 -> 65
66 -> 66
68 -> 68
69 -> 69
71 -> 71
72 -> 72
74 -> 74
78 -> 78
79 -> 79
80 -> 80
81 -> 81
82 -> 82
86 -> 86
87 -> 87
88 -> 88
89 -> 89
92 -> 92
93 -> 93
94 -> 94
96 -> 96
99 -> 99
100 -> 100
104 -> 104
105 -> 105
106 -> 106
107 -> 107
108 -> 108
112 -> 112
116 -> 116
117 -> 117
119 -> 119
123 -> 123
125 -> 125
127 -> 127
131 -> 131
133 -> 133
134 -> 134
135 -> 135
136 -> 136
138 -> 138
139 -> 139
142 -> 142
144 -> 144
145 -> 145
148 -> 148
152 -> 152
154 -> 154
155 -> 155
156 -> 156
157 -> 157
160 -> 160
162 -> 162
163 -> 163
166 -> 166
167 -> 167
169 -> 169
172 -> 172
174 -> 174
177 -> 177
180 -> 180
184 -> 184
185 -> 185
186 -> 186
187 -> 187
188 -> 188
190 -> 190
191 -> 191
195 -> 195
197 -> 197
198 -> 198
200 -> 200
201 -> 201
203 -> 203
205 -> 205
207 -> 207
208 -> 208
209 -> 209
211 -> 211
214 -> 214
215 -> 215
218 -> 218
219 -> 219
220 -> 220
221 -> 221
223 -> 223
224 -> 224
226 -> 226
227 -> 227
230 -> 230
231 -> 231
232 -> 232
235 -> 235
237 -> 237
240 -> 240
241 -> 241
242 -> 242
243 -> 243
244 -> 244
245 -> 245
246 -> 246
249 -> 249
250 -> 250
251 -> 251
253 -> 253
254 -> 254
255 -> 255
256 -> 256
260 -> 260
262 -> 262
263 -> 263
264 -> 264
265 -> 265
267 -> 267
268 -> 268
271 -> 271
273 -> 273
274 -> 274
275 -> 275
279 -> 279
280 -> 280
282 -> 282
283 -> 283
287 -> 287
288 -> 288
290 -> 290
291 -> 291
295 -> 295
296 -> 296
298 -> 298
299 -> 299
300 -> 300
301 -> 301
302 -> 302
305 -> 305
311 -> 311
315 -> 315
318 -> 318
319 -> 319
322 -> 322
326 -> 326
328 -> 328
333 -> 333
335 -> 335
337 -> 337
339 -> 339
340 -> 340
343 -> 343
344 -> 344
349 -> 349
350 -> 350
351 -> 351
353 -> 353
355 -> 355
