144 -> 144
218 -> 218
91 -> 91
126 -> 126
8 -> 8
20 -> 20
67 -> 67
120 -> 120
350 -> 350
288 -> 288
195 -> 195
25 -> 25
56 -> 56
226 -> 226
348 -> 348
311 -> 311
71 -> 71
254 -> 254
119 -> 119
211 -> 211
68 -> 68
181 -> 181
200 -> 200
220 -> 220
291 -> 291
26 -> 26
10 -> 10
265 -> 265
40 -> 40
319 -> 319
107 -> 107
142 -> 142
42 -> 42
83 -> 83
133 -> 133
248 -> 248
263 -> 263
290 -> 290
94 -> 94
176 -> 176
231 -> 231
233 -> 233
185 -> 185
145 -> 145
253 -> 253
352 -> 352
343 -> 343
295 -> 295
148 -> 148
232 -> 232
266 -> 266
337 -> 337
196 -> 196
225 -> 225
92 -> 92
199 -> 199
351 -> 351
301 -> 301
65 -> 65
169 -> 169
209 -> 209
282 -> 282
182 -> 182
245 -> 245
75 -> 75
156 -> 156
219 -> 219
213 -> 213
55 -> 55
190 -> 190
300 -> 300
32 -> 32
152 -> 152
261 -> 261
21 -> 21
186 -> 186
267 -> 267
336 -> 336
243 -> 243
63 -> 63
172 -> 172
354 -> 354
104 -> 104
214 -> 214
54 -> 54
47 -> 47
160 -> 160
167 -> 167
326 -> 326
297 -> 297
7 -> 7
302 -> 302
88 -> 88
227 -> 227
108 -> 108
325 -> 325
50 -> 50
105 -> 105
280 -> 280
44 -> 44
224 -> 224
89 -> 89
275 -> 275
13 -> 13
188 -> 188
127 -> 127
171 -> 171
53 -> 53
206 -> 206
61 -> 61
27 -> 27
117 -> 117
242 -> 242
95 -> 95
155 -> 155
341 -> 341
215 -> 215
162 -> 162
131 -> 131
328 -> 328
87 -> 87
28 -> 28
187 -> 187
132 -> 132
109 -> 109
118 -> 118
74 -> 74
149 -> 149
124 -> 124
66 -> 66
197 -> 197
183 -> 183
184 -> 184
123 -> 123
202 -> 202
198 -> 198
80 -> 80
146 -> 146
112 -> 112
230 -> 230
173 -> 173
235 -> 235
64 -> 64
5 -> 5
153 -> 153
281 -> 281
241 -> 241
246 -> 246
157 -> 157
208 -> 208
356 -> 356
31 -> 31
96 -> 96
46 -> 46
298 -> 298
43 -> 43
312 -> 312
168 -> 168
191 -> 191
116 -> 116
339 -> 339
289 -> 289
143 -> 143
236 -> 236
240 -> 240
272 -> 272
335 -> 335
308 -> 308
163 -> 163
58 -> 58
299 -> 299
244 -> 244
249 -> 249
344 -> 344
201 -> 201
72 -> 72
22 -> 22
334 -> 334
135 -> 135
41 -> 41
223 -> 223
138 -> 138
166 -> 166
347 -> 347
221 -> 221
256 -> 256
217 -> 217
170 -> 170
100 -> 100
177 -> 177
353 -> 353
81 -> 81
250 -> 250
355 -> 355
279 -> 279
268 -> 268
274 -> 274
99 -> 99
82 -> 82
30 -> 30
330 -> 330
79 -> 79
262 -> 262
260 -> 260
78 -> 78
57 -> 57
273 -> 273
45 -> 45
203 -> 203
139 -> 139
125 -> 125
86 -> 86
6 -> 6
264 -> 264
349 -> 349
159 -> 159
134 -> 134
237 -> 237
205 -> 205
283 -> 283
136 -> 136
322 -> 322
9 -> 9
48 -> 48
271 -> 271
251 -> 251
106 -> 106
180 -> 180
247 -> 247
229 -> 229
158 -> 158
69 -> 69
174 -> 174
321 -> 321
324 -> 324
207 -> 207
329 -> 329
287 -> 287
305 -> 305
111 -> 111
340 -> 340
333 -> 333
212 -> 212
315 -> 315
255 -> 255
296 -> 296
93 -> 93
29 -> 29
49 -> 49
318 -> 318
154 -> 154
