5 -> 5
6 -> 6
7 -> 7
8 -> 8
9 -> 9
10 -> 10
13 -> 13
20 -> 20
21 -> 21
22 -> 22
25 -> 25
26 -> 26
27 -> 27
28 -> 28
29 -> 29
30 -> 30
31 -> 31
32 -> 32
40 -> 40
41 -> 41
42 -> 42
43 -> 43
44 -> 44
45 -> 45
46 -> 46
47 -> 47
48 -> 48
49 -> 49
50 -> 50
53 -> 53
54 -> 54
55 -> 55
56 -> 56
57 -> 57
58 -> 58
61 -> 61
63 -> 63
64 -> 64
65 -> 65
66 -> 66
67 -> 67
68 -> 68
69 -> 69
71 -> 71
72 -> 72
74 -> 74
75 -> 75
78 -> 78
79 -> 79
80 -> 80
81 -> 81
82 -> 82
83 -> 83
86 -> 86
87 -> 87
88 -> 88
89 -> 89
91 -> 91
92 -> 92
93 -> 93
94 -> 94
95 -> 95
96 -> 96
99 -> 99
100 -> 100
104 -> 104
105 -> 105
106 -> 106
107 -> 107
108 -> 108
109 -> 109
111 -> 111
112 -> 112
116 -> 116
117 -> 117
118 -> 118
119 -> 119
120 -> 120
123 -> 123
124 -> 124
125 -> 125
126 -> 126
127 -> 127
131 -> 131
132 -> 132
133 -> 133
134 -> 134
135 -> 135
136 -> 136
138 -> 138
139 -> 139
142 -> 142
143 -> 143
144 -> 144
145 -> 145
146 -> 146
148 -> 148
149 -> 149
152 -> 152
153 -> 153
154 -> 154
155 -> 155
156 -> 156
157 -> 157
158 -> 158
159 -> 159
160 -> 160
162 -> 162
163 -> 163
166 -> 166
167 -> 167
168 -> 168
169 -> 169
170 -> 170
171 -> 171
172 -> 172
173 -> 173
174 -> 174
176 -> 176
177 -> 177
180 -> 180
181 -> 181
182 -> 182
183 -> 183
184 -> 184
185 -> 185
186 -> 186
187 -> 187
188 -> 188
190 -> 190
191 -> 191
195 -> 195
196 -> 196
197 -> 197
198 -> 198
199 -> 199
200 -> 200
201 -> 201
202 -> 202
203 -> 203
205 -> 205
206 -> 206
207 -> 207
208 -> 208
209 -> 209
211 -> 211
212 -> 212
213 -> 213
214 -> 214
215 -> 215
217 -> 217
218 -> 218
219 -> 219
220 -> 220
221 -> 221
223 -> 223
224 -> 224
225 -> 225
226 -> 226
227 -> 227
229 -> 229
230 -> 230
231 -> 231
232 -> 232
233 -> 233
235 -> 235
236 -> 236
237 -> 237
240 -> 240
241 -> 241
242 -> 242
243 -> 243
244 -> 244
245 -> 245
246 -> 246
247 -> 247
248 -> 248
249 -> 249
250 -> 250
251 -> 251
253 -> 253
254 -> 254
255 -> 255
256 -> 256
260 -> 260
261 -> 261
262 -> 262
263 -> 263
264 -> 264
265 -> 265
266 -> 266
267 -> 267
268 -> 268
271 -> 271
272 -> 272
273 -> 273
274 -> 274
275 -> 275
279 -> 279
280 -> 280
281 -> 281
282 -> 282
283 -> 283
287 -> 287
288 -> 288
289 -> 289
290 -> 290
291 -> 291
295 -> 295
296 -> 296
297 -> 297
298 -> 298
299 -> 299
300 -> 300
301 -> 301
302 -> 302
305 -> 305
308 -> 308
311 -> 311
312 -> 312
315 -> 315
318 -> 318
319 -> 319
321 -> 321
322 -> 322
324 -> 324
325 -> 325
326 -> 326
328 -> 328
329 -> 329
330 -> 330
333 -> 333
334 -> 334
335 -> 335
336 -> 336
337 -> 337
339 -> 339
340 -> 340
341 -> 341
343 -> 343
344 -> 344
347 -> 347
348 -> 348
349 -> 349
350 -> 350
351 -> 351
352 -> 352
353 -> 353
354 -> 354
355 -> 355
356 -> 356
