Breakpoint Set at 20
Breakpoint Set at 32
Breakpoint Set at 212
Breakpoint Set at 190
Breakpoint Set at 328
Breakpoint Set at 91
Breakpoint Set at 242
Breakpoint Set at 231
Breakpoint Set at 311
Breakpoint Set at 61
Breakpoint Set at 254
Breakpoint Set at 43
Breakpoint Set at 142
Breakpoint Set at 275
Breakpoint Set at 333
Breakpoint Set at 350
Breakpoint Set at 340
Breakpoint Set at 25
Breakpoint Set at 63
Breakpoint Set at 226
Breakpoint Set at 71
Breakpoint Set at 318
Breakpoint Set at 159
Breakpoint Set at 26
Breakpoint Set at 155
Breakpoint Set at 152
Breakpoint Set at 78
Breakpoint Set at 280
Breakpoint Set at 305
Breakpoint Set at 104
Breakpoint Set at 287
Breakpoint Set at 245
Breakpoint Set at 253
Breakpoint Set at 197
Breakpoint Set at 27
Breakpoint Set at 343
Breakpoint Set at 273
Breakpoint Set at 99
Breakpoint Set at 321
Breakpoint Set at 260
Breakpoint Set at 315
Breakpoint Set at 78
Breakpoint Set at 58
Breakpoint Set at 206
Breakpoint Set at 295
Breakpoint Set at 6
Breakpoint Set at 240
Breakpoint Set at 241
Breakpoint Set at 5
Breakpoint Set at 166
Breakpoint Set at 119
Breakpoint Set at 195
Breakpoint Set at 31
Breakpoint Set at 40
Breakpoint Set at 256
Breakpoint Set at 45
Breakpoint Set at 50
Breakpoint Set at 218
Breakpoint Set at 191
Breakpoint Set at 260
Breakpoint Set at 187
Breakpoint Set at 330
Breakpoint Set at 215
Breakpoint Set at 54
Breakpoint Set at 9
Breakpoint Set at 92
Breakpoint Set at 324
Breakpoint Set at 53
Breakpoint Set at 347
Breakpoint Set at 133
Breakpoint Set at 146
Paused at 5
	Hit Breakpoint(s) 
	Call Stack:  
	Bindings: 
Paused at 6
	Hit Breakpoint(s) 
	Call Stack:  
	Bindings: 
Paused at 9
	Hit Breakpoint(s) 
	Call Stack:  
	Bindings: 
Paused at 10
	Call Stack:  
	Bindings: 
Paused at 13
	Call Stack:  
	Bindings: 
Paused at 20
	Hit Breakpoint(s) 
	Call Stack:  
	Bindings: 
Paused at 343
	Hit Breakpoint(s) 
	Call Stack:  
	Bindings: 
Paused at 344
	Call Stack:  
	Bindings: 
Paused at 260
	Hit Breakpoint(s) 
	Call Stack: Init 
	Bindings: CubeSize: number = 20
		i: undefined
		j: undefined
		sum: undefined
		vector: undefined
Paused at 273
	Hit Breakpoint(s) 
	Call Stack: Init 
	Bindings: CubeSize: number = 20
		i: undefined
		j: undefined
		sum: undefined
		vector: undefined
Paused at 275
	Hit Breakpoint(s) 
	Call Stack: Init 
	Bindings: CubeSize: number = 20
		i: undefined
		j: undefined
		sum: undefined
		vector: undefined
