Breakpoint Set at 40
Breakpoint Set at 40
Breakpoint Set at 40
Breakpoint Set at 27
Breakpoint Set at 44
Breakpoint Set at 18
Breakpoint Set at 34
Breakpoint Set at 33
Breakpoint Set at 42
Paused at 40
	Hit Breakpoint(s) 
	Call Stack:  
	Bindings: 
Paused at 33
	Hit Breakpoint(s) 
	Call Stack: sieve 
	Bindings: flags: undefined
		i: number = 1
		m: undefined
		sum: number = 0
Paused at 34
	Hit Breakpoint(s) 
	Call Stack: sieve 
	Bindings: flags: undefined
		i: number = 1
		m: number = 20000
		sum: number = 0
Paused at 35
	Call Stack: sieve 
	Bindings: flags: array
		i: number = 1
		m: number = 20000
		sum: number = 0
Paused at 18
	Hit Breakpoint(s) 
	Call Stack: nsieve, sieve 
	Bindings: count: undefined
		flags: array
		i: undefined
		isPrime: array
		k: undefined
		m: number = 20000
		sum: number = 0
Paused at 27
	Hit Breakpoint(s) 
	Call Stack: nsieve, sieve 
	Bindings: count: number = 2262
		flags: array
		i: number = 20001
		isPrime: array
		k: number = 39994
		m: number = 20000
		sum: number = 0
Paused at 33
	Hit Breakpoint(s) 
	Call Stack: sieve 
	Bindings: flags: array
		i: number = 2
		m: number = 20000
		sum: number = 2262
Paused at 34
	Hit Breakpoint(s) 
	Call Stack: sieve 
	Bindings: flags: array
		i: number = 2
		m: number = 40000
		sum: number = 2262
Paused at 35
	Call Stack: sieve 
	Bindings: flags: array
		i: number = 2
		m: number = 40000
		sum: number = 2262
Paused at 18
	Hit Breakpoint(s) 
	Call Stack: nsieve, sieve 
	Bindings: count: undefined
		flags: array
		i: undefined
		isPrime: array
		k: undefined
		m: number = 40000
		sum: number = 2262
Paused at 27
	Hit Breakpoint(s) 
	Call Stack: nsieve, sieve 
	Bindings: count: number = 4203
		flags: array
		i: number = 40001
		isPrime: array
		k: number = 79978
		m: number = 40000
		sum: number = 2262
