Breakpoint Set at 33
Breakpoint Set at 33
Breakpoint Set at 27
Breakpoint Set at 26
Breakpoint Set at 40
Breakpoint Set at 15
Breakpoint Set at 31
Breakpoint Set at 7
Paused at 33
	Hit Breakpoint(s) 
	Call Stack:  
	Bindings: 
Paused at 26
	Hit Breakpoint(s) 
	Call Stack: sieve 
	Bindings: i: undefined
		isPrime: undefined
Paused at 27
	Hit Breakpoint(s) 
	Call Stack: sieve 
	Bindings: i: number = 4
		isPrime: undefined
Paused at 28
	Call Stack: sieve 
	Bindings: i: number = 4
		isPrime: array
Paused at 15
	Hit Breakpoint(s) 
	Call Stack: primes, sieve 
	Bindings: count: number = 0
		i: undefined
		isPrime: array
		j: undefined
		m: number = 160000
		n: number = 4
		size: number = 5000
Paused at 26
	Call Stack: sieve 
	Bindings: i: number = 4
		isPrime: array
Paused at 31
	Hit Breakpoint(s) 
	Call Stack: sieve 
	Bindings: i: number = 5
		isPrime: array
Paused at 35
	Call Stack:  
	Bindings: 
Paused at 36
	Call Stack:  
	Bindings: 
Paused at 40
	Hit Breakpoint(s) 
	Call Stack:  
	Bindings: 
