Breakpoint Set at 42
Breakpoint Set at 42
Breakpoint Set at 87
Breakpoint Set at 75
Breakpoint Set at 128
Breakpoint Set at 42
Breakpoint Set at 96
Breakpoint Set at 92
Breakpoint Set at 121
Breakpoint Set at 42
Breakpoint Set at 103
Breakpoint Set at 42
Breakpoint Set at 60
Breakpoint Set at 113
Breakpoint Set at 130
Breakpoint Set at 137
Breakpoint Set at 122
Breakpoint Set at 134
Breakpoint Set at 42
Breakpoint Set at 42
Breakpoint Set at 93
Breakpoint Set at 42
Breakpoint Set at 126
Breakpoint Set at 71
Breakpoint Set at 42
Breakpoint Set at 42
Breakpoint Set at 71
Paused at 42
	Hit Breakpoint(s) 
	Call Stack:  
	Bindings: 
Paused at 75
	Hit Breakpoint(s) 
	Call Stack:  
	Bindings: 
Paused at 121
	Hit Breakpoint(s) 
	Call Stack:  
	Bindings: 
Paused at 122
	Call Stack:  
	Bindings: 
Paused at 121
	Call Stack:  
	Bindings: 
Paused at 121
	Hit Breakpoint(s) 
	Call Stack:  
	Bindings: 
Paused at 122
	Hit Breakpoint(s) 
	Call Stack:  
	Bindings: 
Paused at 121
	Call Stack:  
	Bindings: 
Paused at 122
	Call Stack:  
	Bindings: 
Paused at 122
	Hit Breakpoint(s) 
	Call Stack:  
	Bindings: 
Paused at 121
	Hit Breakpoint(s) 
	Call Stack:  
	Bindings: 
