Breakpoint Set at 20:1
Breakpoint Set at 32:1
Breakpoint Set at 212:1
Breakpoint Set at 190:1
Breakpoint Set at 328:1
Breakpoint Set at 91:1
Breakpoint Set at 242:1
Breakpoint Set at 231:1
Breakpoint Set at 311:1
Breakpoint Set at 61:1
Breakpoint Set at 254:1
Breakpoint Set at 43:1
Breakpoint Set at 142:1
Breakpoint Set at 275:1
Breakpoint Set at 333:1
Breakpoint Set at 350:1
Breakpoint Set at 340:1
Breakpoint Set at 25:1
Breakpoint Set at 63:1
Breakpoint Set at 226:1
Breakpoint Set at 71:1
Breakpoint Set at 318:1
Breakpoint Set at 159:1
Breakpoint Set at 26:1
Breakpoint Set at 155:1
Breakpoint Set at 152:1
Breakpoint Set at 78:1
Breakpoint Set at 280:1
Breakpoint Set at 305:1
Breakpoint Set at 104:1
Breakpoint Set at 287:1
Breakpoint Set at 245:1
Breakpoint Set at 253:1
Breakpoint Set at 197:1
Breakpoint Set at 27:1
Paused at 20:4
	Hit Breakpoint(s) 
	Call Stack:  
	Bindings: 
Paused at 275:2
	Hit Breakpoint(s) 
	Call Stack: Init 
	Bindings: CubeSize: number = 20
		i: undefined
		j: undefined
		sum: undefined
		vector: undefined
Paused at 280:2
	Hit Breakpoint(s) 
	Call Stack: Init 
	Bindings: CubeSize: number = 20
		i: undefined
		j: undefined
		sum: undefined
		vector: undefined
Paused at 281:2
	Call Stack: Init 
	Bindings: CubeSize: number = 20
		i: undefined
		j: undefined
		sum: undefined
		vector: undefined
Paused at 282:2
	Call Stack: Init 
	Bindings: CubeSize: number = 20
		i: undefined
		j: undefined
		sum: undefined
		vector: undefined
Paused at 287:2
	Hit Breakpoint(s) 
	Call Stack: Init 
	Bindings: CubeSize: number = 20
		i: undefined
		j: undefined
		sum: undefined
		vector: undefined
Paused at 305:2
	Hit Breakpoint(s) 
	Call Stack: Init 
	Bindings: CubeSize: number = 20
		i: undefined
		j: undefined
		sum: undefined
		vector: undefined
Paused at 308:2
	Call Stack: Init 
	Bindings: CubeSize: number = 20
		i: undefined
		j: undefined
		sum: undefined
		vector: undefined
Paused at 311:2
	Call Stack: Init 
	Bindings: CubeSize: number = 20
		i: undefined
		j: undefined
		sum: undefined
		vector: undefined
Paused at 311:2
	Hit Breakpoint(s) 
	Call Stack: Init 
	Bindings: CubeSize: number = 20
		i: undefined
		j: undefined
		sum: undefined
		vector: undefined
Paused at 91:2
	Hit Breakpoint(s) 
	Call Stack: CalcNormal, Init 
	Bindings: A: array
		B: array
		i: number = 3
		Length: undefined
		V0: array
		V1: array
		V2: array
