Breakpoint Set at 26:13
Breakpoint Set at 26:13
Breakpoint Set at 40:1
Breakpoint Set at 36:22
Breakpoint Set at 61:15
Breakpoint Set at 26:13
Paused at 26:13
	Hit Breakpoint(s) 
	Call Stack:  
	Bindings: 
Paused at 36:22
	Hit Breakpoint(s) 
	Call Stack: morph 
	Bindings: a: array
		f: number = 0
		f30: number = 
		i: number = 0
		j: undefined
		PI2nx: number = 0.20943951023931953
		sin: function
Paused at 36:22
	Hit Breakpoint(s) 
	Call Stack: morph 
	Bindings: a: array
		f: number = 0
		f30: number = 
		i: number = 1
		j: number = 120
		PI2nx: number = 0.20943951023931953
		sin: function
Paused at 36:27
	Call Stack: morph 
	Bindings: a: array
		f: number = 0
		f30: number = 
		i: number = 1
		j: number = 0
		PI2nx: number = 0.20943951023931953
		sin: function
Paused at 37:13
	Call Stack: morph 
	Bindings: a: array
		f: number = 0
		f30: number = 
		i: number = 1
		j: number = 0
		PI2nx: number = 0.20943951023931953
		sin: function
Paused at 36:22
	Hit Breakpoint(s) 
	Call Stack: morph 
	Bindings: a: array
		f: number = 0
		f30: number = 
		i: number = 2
		j: number = 120
		PI2nx: number = 0.20943951023931953
		sin: function
Paused at 36:22
	Hit Breakpoint(s) 
	Call Stack: morph 
	Bindings: a: array
		f: number = 0
		f30: number = 
		i: number = 3
		j: number = 120
		PI2nx: number = 0.20943951023931953
		sin: function
Paused at 36:27
	Call Stack: morph 
	Bindings: a: array
		f: number = 0
		f30: number = 
		i: number = 3
		j: number = 0
		PI2nx: number = 0.20943951023931953
		sin: function
Paused at 37:13
	Call Stack: morph 
	Bindings: a: array
		f: number = 0
		f30: number = 
		i: number = 3
		j: number = 0
		PI2nx: number = 0.20943951023931953
		sin: function
Paused at 36:22
	Hit Breakpoint(s) 
	Call Stack: morph 
	Bindings: a: array
		f: number = 0
		f30: number = 
		i: number = 4
		j: number = 120
		PI2nx: number = 0.20943951023931953
		sin: function
Paused at 36:22
	Hit Breakpoint(s) 
	Call Stack: morph 
	Bindings: a: array
		f: number = 0
		f30: number = 
		i: number = 5
		j: number = 120
		PI2nx: number = 0.20943951023931953
		sin: function
