Breakpoint Set at 7:21
Breakpoint Set at 17:1
Breakpoint Set at 105:10
Breakpoint Set at 95:1
Breakpoint Set at 163:9
Breakpoint Set at 48:1
Breakpoint Set at 120:15
Breakpoint Set at 115:10
Breakpoint Set at 154:11
Breakpoint Set at 36:1
Breakpoint Set at 128:1
Breakpoint Set at 27:4
Breakpoint Set at 75:4
Breakpoint Set at 141:19
Breakpoint Set at 164:20
Breakpoint Set at 172:1
Breakpoint Set at 168:5
Paused at 7:21
	Hit Breakpoint(s) 
	Call Stack:  
	Bindings: 
Paused at 95:1
	Hit Breakpoint(s) 
	Call Stack:  
	Bindings: 
Paused at 128:1
	Hit Breakpoint(s) 
	Call Stack:  
	Bindings: 
Paused at 154:11
	Hit Breakpoint(s) 
	Call Stack:  
	Bindings: 
Paused at 156:15
	Call Stack:  
	Bindings: 
Paused at 75:4
	Hit Breakpoint(s) 
	Call Stack: Sun 
	Bindings: bodies: undefined
		i: undefined
		max: undefined
Paused at 17:1
	Hit Breakpoint(s) 
	Call Stack: Body, Sun 
	Bindings: bodies: undefined
		i: undefined
		mass: number = 39.47841760435743
		max: undefined
		vx: number = 0
		vy: number = 0
		vz: number = 0
		x: number = 0
		y: number = 0
		z: number = 0
Paused at 76:1
	Call Stack: Sun 
	Bindings: bodies: undefined
		i: undefined
		max: undefined
Paused at 159:18
	Call Stack:  
	Bindings: bodies: undefined
		i: undefined
		max: undefined
Paused at 27:4
	Hit Breakpoint(s) 
	Call Stack: Jupiter 
	Bindings: bodies: undefined
		i: undefined
		max: undefined
Paused at 17:1
	Hit Breakpoint(s) 
	Call Stack: Body, Jupiter 
	Bindings: bodies: undefined
		i: undefined
		mass: number = 0.03769367487038949
		max: undefined
		vx: number = 0.606326392995832
		vy: number = 2.81198684491626
		vz: number = -0.02521836165988763
		x: number = 4.841431442464721
		y: number = -1.1603200440274284
		z: number = -0.10362204447112311
