Breakpoint Set at 3:14
Breakpoint Set at 36:1
Breakpoint Set at 36:1
Breakpoint Set at 25:1
Paused at 3:14
	Hit Breakpoint(s) 
	Call Stack:  
	Bindings: 
Paused at 36:1
	Hit Breakpoint(s) 
	Call Stack:  
	Bindings: 
Paused at 25:1
	Hit Breakpoint(s) 
	Call Stack: fast3bitlookup, TimeFunc 
	Bindings: b: number = 0
		bi3b: number = 59796
		c: number = 0
		func: function
		sum: number = 0
		t: undefined
		x: number = 0
		y: number = 0
Paused at 32:22
	Call Stack: TimeFunc 
	Bindings: func: function
		sum: number = 0
		t: undefined
		x: number = 0
		y: number = 0
Paused at 32:15
	Call Stack: TimeFunc 
	Bindings: func: function
		sum: number = 0
		t: undefined
		x: number = 0
		y: number = 1
Paused at 25:1
	Hit Breakpoint(s) 
	Call Stack: fast3bitlookup, TimeFunc 
	Bindings: b: number = 1
		bi3b: number = 59796
		c: number = 1
		func: function
		sum: number = 0
		t: undefined
		x: number = 0
		y: number = 1
Paused at 25:1
	Hit Breakpoint(s) 
	Call Stack: fast3bitlookup, TimeFunc 
	Bindings: b: number = 2
		bi3b: number = 59796
		c: number = 1
		func: function
		sum: number = 1
		t: undefined
		x: number = 0
		y: number = 2
Paused at 32:22
	Call Stack: TimeFunc 
	Bindings: func: function
		sum: number = 2
		t: undefined
		x: number = 0
		y: number = 2
Paused at 32:15
	Call Stack: TimeFunc 
	Bindings: func: function
		sum: number = 2
		t: undefined
		x: number = 0
		y: number = 3
Paused at 25:1
	Hit Breakpoint(s) 
	Call Stack: fast3bitlookup, TimeFunc 
	Bindings: b: number = 3
		bi3b: number = 59796
		c: number = 2
		func: function
		sum: number = 2
		t: undefined
		x: number = 0
		y: number = 3
Paused at 25:1
	Hit Breakpoint(s) 
	Call Stack: fast3bitlookup, TimeFunc 
	Bindings: b: number = 4
		bi3b: number = 59796
		c: number = 1
		func: function
		sum: number = 4
		t: undefined
		x: number = 0
		y: number = 4
