Breakpoint Set at 18:1
Breakpoint Set at 38:1
Breakpoint Set at 251:1
Breakpoint Set at 225:1
Breakpoint Set at 398:1
Breakpoint Set at 107:1
Breakpoint Set at 285:1
Breakpoint Set at 273:1
Breakpoint Set at 376:1
Breakpoint Set at 71:1
Breakpoint Set at 300:1
Breakpoint Set at 49:1
Breakpoint Set at 168:1
Breakpoint Set at 325:1
Breakpoint Set at 398:1
Breakpoint Set at 413:1
Breakpoint Set at 376:1
Breakpoint Set at 411:1
Breakpoint Set at 24:1
Breakpoint Set at 71:1
Breakpoint Set at 266:1
Breakpoint Set at 81:1
Breakpoint Set at 185:1
Breakpoint Set at 26:1
Breakpoint Set at 181:1
Breakpoint Set at 176:1
Breakpoint Set at 87:1
Breakpoint Set at 330:1
Breakpoint Set at 360:1
Breakpoint Set at 117:1
Breakpoint Set at 338:1
Breakpoint Set at 288:1
Breakpoint Set at 298:1
Breakpoint Set at 230:1
Breakpoint Set at 175:1
Breakpoint Set at 411:1
Breakpoint Set at 321:1
Breakpoint Set at 111:1
Breakpoint Set at 384:1
Breakpoint Set at 304:1
Breakpoint Set at 376:1
Breakpoint Set at 83:1
Paused at 18:0
	Hit Breakpoint(s) 
	Call Stack:  
	Bindings: 
Paused at 26:0
	Hit Breakpoint(s) 
	Call Stack:  
	Bindings: 
Paused at 117:0
	Hit Breakpoint(s) 
	Call Stack:  
	Bindings: 
Paused at 172:0
	Call Stack:  
	Bindings: 
Paused at 279:0
	Call Stack:  
	Bindings: 
Paused at 285:0
	Hit Breakpoint(s) 
	Call Stack:  
	Bindings: 
Paused at 300:0
	Hit Breakpoint(s) 
	Call Stack:  
	Bindings: 
Paused at 310:0
	Call Stack:  
	Bindings: 
Paused at 315:0
	Call Stack:  
	Bindings: 
Paused at 325:0
	Hit Breakpoint(s) 
	Call Stack:  
	Bindings: 
Paused at 330:0
	Hit Breakpoint(s) 
	Call Stack:  
	Bindings: 
