Breakpoint Set at 28:16
Breakpoint Set at 28:16
Breakpoint Set at 65:5
Breakpoint Set at 61:5
Breakpoint Set at 100:1
Breakpoint Set at 32:3
Breakpoint Set at 74:13
Breakpoint Set at 72:13
Breakpoint Set at 95:13
Breakpoint Set at 28:16
Paused at 28:16
	Hit Breakpoint(s) 
	Call Stack:  
	Bindings: 
Paused at 32:3
	Hit Breakpoint(s) 
	Call Stack: FIXED 
	Bindings: X: number = 45
Paused at 32:3
	Hit Breakpoint(s) 
	Call Stack: FIXED 
	Bindings: X: number = 26.565
Paused at 33:1
	Call Stack: FIXED 
	Bindings: X: number = 26.565
Paused at 46:31
	Call Stack:  
	Bindings: 
Paused at 32:3
	Hit Breakpoint(s) 
	Call Stack: FIXED 
	Bindings: X: number = 14.0362
Paused at 32:3
	Hit Breakpoint(s) 
	Call Stack: FIXED 
	Bindings: X: number = 7.12502
Paused at 33:1
	Call Stack: FIXED 
	Bindings: X: number = 7.12502
Paused at 47:3
	Call Stack:  
	Bindings: 
Paused at 32:3
	Hit Breakpoint(s) 
	Call Stack: FIXED 
	Bindings: X: number = 3.57633
Paused at 32:3
	Hit Breakpoint(s) 
	Call Stack: FIXED 
	Bindings: X: number = 1.78991
