Breakpoint Set at 49:13
Breakpoint Set at 7:3
Breakpoint Set at 38:8
Breakpoint Set at 34:12
Breakpoint Set at 57:1
Breakpoint Set at 20:14
Paused at 49:13
	Hit Breakpoint(s) 
	Call Stack:  
	Bindings: 
Paused at 34:12
	Hit Breakpoint(s) 
	Call Stack: spectralnorm 
	Bindings: i: undefined
		n: number = 6
		u: undefined
		v: undefined
		vBv: undefined
		vv: undefined
		w: undefined
Paused at 38:8
	Hit Breakpoint(s) 
	Call Stack: spectralnorm 
	Bindings: i: number = 6
		n: number = 6
		u: array
		v: array
		vBv: number = 0
		vv: number = 0
		w: array
Paused at 38:14
	Call Stack: spectralnorm 
	Bindings: i: number = 0
		n: number = 6
		u: array
		v: array
		vBv: number = 0
		vv: number = 0
		w: array
Paused at 39:5
	Call Stack: spectralnorm 
	Bindings: i: number = 0
		n: number = 6
		u: array
		v: array
		vBv: number = 0
		vv: number = 0
		w: array
Paused at 7:3
	Hit Breakpoint(s) 
	Call Stack: A, Au, AtAu, spectralnorm 
	Bindings: i: number = 0
		j: number = 0
		n: number = 6
		t: number = 0
		u: array
		v: array
		vBv: number = 0
		vv: number = 0
		w: array
Paused at 7:3
	Hit Breakpoint(s) 
	Call Stack: A, Au, AtAu, spectralnorm 
	Bindings: i: number = 0
		j: number = 1
		n: number = 6
		t: number = 1
		u: array
		v: array
		vBv: number = 0
		vv: number = 0
		w: array
Paused at 8:1
	Call Stack: A, Au, AtAu, spectralnorm 
	Bindings: i: number = 0
		j: number = 1
		n: number = 6
		t: number = 1
		u: array
		v: array
		vBv: number = 0
		vv: number = 0
		w: array
Paused at 13:33
	Call Stack: Au, AtAu, spectralnorm 
	Bindings: i: number = 0
		j: number = 1
		n: number = 6
		t: number = 1.5
		u: array
		v: array
		vBv: number = 0
		vv: number = 0
		w: array
Paused at 7:3
	Hit Breakpoint(s) 
	Call Stack: A, Au, AtAu, spectralnorm 
	Bindings: i: number = 0
		j: number = 2
		n: number = 6
		t: number = 1.5
		u: array
		v: array
		vBv: number = 0
		vv: number = 0
		w: array
Paused at 7:3
	Hit Breakpoint(s) 
	Call Stack: A, Au, AtAu, spectralnorm 
	Bindings: i: number = 0
		j: number = 3
		n: number = 6
		t: number = 1.75
		u: array
		v: array
		vBv: number = 0
		vv: number = 0
		w: array
