Breakpoint Set at 14:14
Breakpoint Set at 14:14
Breakpoint Set at 56:343
Breakpoint Set at 56:343
Breakpoint Set at 78:16
Breakpoint Set at 33:345
Breakpoint Set at 58:1
Breakpoint Set at 72:356
Paused at 14:14
	Hit Breakpoint(s) 
	Call Stack:  
	Bindings: 
Paused at 33:345
	Hit Breakpoint(s) 
	Call Stack:  
	Bindings: 
Paused at 56:343
	Hit Breakpoint(s) 
	Call Stack:  
	Bindings: 
Paused at 58:1
	Hit Breakpoint(s) 
	Call Stack:  
	Bindings: 
Paused at 72:356
	Hit Breakpoint(s) 
	Call Stack:  
	Bindings: 
Paused at 33:345
	Hit Breakpoint(s) 
	Call Stack:  
	Bindings: 
Paused at 56:343
	Hit Breakpoint(s) 
	Call Stack:  
	Bindings: 
Paused at 58:1
	Hit Breakpoint(s) 
	Call Stack:  
	Bindings: 
Paused at 72:356
	Hit Breakpoint(s) 
	Call Stack:  
	Bindings: 
Paused at 78:16
	Hit Breakpoint(s) 
	Call Stack:  
	Bindings: 
