46 -> 47
54 -> 56
132 -> 133
161 -> 162
52 -> 218
147 -> 218
170 -> 218
163 -> 163
179 -> 179
91 -> 91
126 -> 126
176 -> 176
22 -> 22
231 -> 233
93 -> 93
73 -> 74
75 -> 76
201 -> 201
240 -> 240
214 -> 214
36 -> 37
205 -> 207
85 -> 87
189 -> 190
148 -> 218
79 -> 80
128 -> 129
13 -> 13
165 -> 165
155 -> 218
8 -> 13
122 -> 123
216 -> 218
131 -> 133
172 -> 174
159 -> 218
94 -> 95
87 -> 87
106 -> 106
233 -> 233
136 -> 218
223 -> 233
114 -> 114
193 -> 193
3 -> 13
86 -> 87
92 -> 93
184 -> 186
194 -> 194
95 -> 95
30 -> 31
16 -> 218
162 -> 162
220 -> 233
143 -> 143
26 -> 26
39 -> 218
188 -> 188
174 -> 174
0 -> 13
34 -> 34
53 -> 56
167 -> 167
58 -> 59
31 -> 31
130 -> 130
204 -> 207
238 -> 239
100 -> 218
121 -> 123
225 -> 233
217 -> 218
29 -> 29
151 -> 153
82 -> 82
129 -> 129
195 -> 218
178 -> 178
125 -> 126
186 -> 186
199 -> 201
192 -> 193
228 -> 233
55 -> 56
209 -> 210
203 -> 203
103 -> 103
98 -> 218
19 -> 218
20 -> 218
9 -> 13
210 -> 210
215 -> 215
35 -> 35
150 -> 218
61 -> 61
90 -> 90
197 -> 218
51 -> 218
105 -> 105
11 -> 13
48 -> 48
112 -> 114
