0 -> 13
3 -> 13
8 -> 13
9 -> 13
11 -> 13
13 -> 13
16 -> 218
19 -> 218
20 -> 218
22 -> 22
26 -> 26
29 -> 29
30 -> 31
31 -> 31
34 -> 34
35 -> 35
36 -> 37
39 -> 218
46 -> 47
48 -> 48
51 -> 218
52 -> 218
53 -> 56
54 -> 56
55 -> 56
58 -> 59
61 -> 61
73 -> 74
75 -> 76
79 -> 80
82 -> 82
85 -> 87
86 -> 87
87 -> 87
90 -> 90
91 -> 91
92 -> 93
93 -> 93
94 -> 95
95 -> 95
98 -> 218
100 -> 218
103 -> 103
105 -> 105
106 -> 106
112 -> 114
114 -> 114
121 -> 123
122 -> 123
125 -> 126
126 -> 126
128 -> 129
129 -> 129
130 -> 130
131 -> 133
132 -> 133
136 -> 218
143 -> 143
147 -> 218
148 -> 218
150 -> 218
151 -> 153
155 -> 218
159 -> 218
161 -> 162
162 -> 162
163 -> 163
165 -> 165
167 -> 167
170 -> 218
172 -> 174
174 -> 174
176 -> 176
178 -> 178
179 -> 179
184 -> 186
186 -> 186
188 -> 188
189 -> 190
192 -> 193
193 -> 193
194 -> 194
195 -> 218
197 -> 218
199 -> 201
201 -> 201
203 -> 203
204 -> 207
205 -> 207
209 -> 210
210 -> 210
214 -> 214
215 -> 215
216 -> 218
217 -> 218
220 -> 233
223 -> 233
225 -> 233
228 -> 233
231 -> 233
233 -> 233
238 -> 239
240 -> 240
