242 -> 242
20 -> 37
18 -> 37
208 -> 209
93 -> 94
85 -> 85
38 -> 39
21 -> 37
169 -> 169
199 -> 200
180 -> 181
119 -> 120
91 -> 92
100 -> 104
94 -> 98
101 -> 104
238 -> 239
108 -> 108
231 -> 232
67 -> 67
179 -> 179
209 -> 211
48 -> 50
162 -> 163
115 -> 115
246 -> 248
54 -> 55
2 -> 37
34 -> 37
226 -> 227
202 -> 203
176 -> 176
110 -> 112
53 -> 53
114 -> 114
82 -> 83
266 -> 267
144 -> 145
7 -> 37
213 -> 213
111 -> 112
51 -> 51
198 -> 198
1 -> 37
70 -> 71
200 -> 207
66 -> 67
211 -> 222
95 -> 95
260 -> 260
271 -> 271
3 -> 37
92 -> 94
40 -> 40
205 -> 207
52 -> 53
137 -> 139
165 -> 165
166 -> 166
149 -> 152
22 -> 37
239 -> 263
197 -> 198
138 -> 139
130 -> 132
44 -> 45
10 -> 37
223 -> 225
17 -> 37
157 -> 159
152 -> 163
164 -> 165
135 -> 135
36 -> 37
257 -> 257
64 -> 67
123 -> 125
252 -> 252
258 -> 258
193 -> 194
177 -> 179
129 -> 132
186 -> 186
190 -> 191
113 -> 113
5 -> 37
158 -> 159
59 -> 60
88 -> 88
254 -> 254
160 -> 160
75 -> 76
126 -> 132
46 -> 46
16 -> 37
12 -> 37
154 -> 159
217 -> 217
117 -> 118
122 -> 125
29 -> 37
112 -> 163
156 -> 159
181 -> 194
81 -> 81
140 -> 140
14 -> 37
218 -> 218
73 -> 73
9 -> 37
139 -> 163
121 -> 125
175 -> 176
15 -> 37
83 -> 92
232 -> 234
84 -> 84
148 -> 152
45 -> 71
87 -> 87
39 -> 40
69 -> 71
116 -> 118
86 -> 86
219 -> 220
72 -> 72
24 -> 37
106 -> 106
145 -> 163
58 -> 60
79 -> 80
216 -> 216
125 -> 163
143 -> 145
247 -> 248
147 -> 147
233 -> 234
41 -> 42
56 -> 60
210 -> 210
96 -> 98
23 -> 37
263 -> 271
207 -> 209
11 -> 37
168 -> 168
264 -> 265
76 -> 78
163 -> 165
55 -> 71
37 -> 40
228 -> 228
188 -> 191
191 -> 194
136 -> 136
251 -> 251
182 -> 182
65 -> 67
170 -> 170
206 -> 207
141 -> 141
42 -> 71
221 -> 221
98 -> 99
269 -> 270
50 -> 71
235 -> 236
201 -> 203
265 -> 271
28 -> 37
240 -> 240
270 -> 271
192 -> 192
229 -> 232
171 -> 171
184 -> 184
132 -> 163
249 -> 249
151 -> 152
237 -> 237
224 -> 225
204 -> 204
261 -> 261
25 -> 37
107 -> 107
43 -> 45
62 -> 63
33 -> 37
78 -> 80
220 -> 222
142 -> 142
262 -> 263
243 -> 243
77 -> 78
128 -> 132
159 -> 163
102 -> 104
259 -> 260
153 -> 159
268 -> 268
68 -> 68
187 -> 191
185 -> 185
225 -> 228
189 -> 191
248 -> 263
253 -> 253
26 -> 37
8 -> 37
6 -> 37
104 -> 163
109 -> 109
267 -> 271
47 -> 47
124 -> 125
71 -> 72
103 -> 104
27 -> 37
195 -> 195
19 -> 37
90 -> 92
57 -> 60
234 -> 263
214 -> 215
146 -> 147
89 -> 89
161 -> 163
61 -> 61
32 -> 37
227 -> 228
30 -> 37
155 -> 159
236 -> 263
133 -> 134
183 -> 184
80 -> 83
172 -> 172
245 -> 248
255 -> 257
63 -> 71
97 -> 98
127 -> 132
222 -> 228
99 -> 165
4 -> 37
60 -> 71
105 -> 105
203 -> 207
74 -> 76
241 -> 241
0 -> 37
196 -> 196
31 -> 37
194 -> 207
118 -> 163
120 -> 163
174 -> 176
244 -> 244
256 -> 257
49 -> 50
230 -> 232
167 -> 167
35 -> 37
178 -> 179
173 -> 176
250 -> 251
215 -> 218
212 -> 212
150 -> 152
134 -> 163
13 -> 37
131 -> 132
