0 -> 37
1 -> 37
4 -> 37
7 -> 37
10 -> 37
11 -> 37
13 -> 37
16 -> 37
21 -> 37
22 -> 37
24 -> 37
29 -> 37
32 -> 37
33 -> 37
34 -> 37
35 -> 37
37 -> 40
40 -> 40
41 -> 42
46 -> 46
48 -> 50
49 -> 50
50 -> 71
52 -> 53
53 -> 53
58 -> 60
59 -> 60
60 -> 60
61 -> 61
63 -> 63
66 -> 67
67 -> 71
69 -> 71
73 -> 73
77 -> 78
80 -> 80
82 -> 83
83 -> 83
84 -> 84
86 -> 86
87 -> 87
88 -> 88
89 -> 89
91 -> 92
92 -> 94
94 -> 99
99 -> 99
100 -> 104
104 -> 163
105 -> 105
109 -> 109
110 -> 112
111 -> 112
114 -> 114
118 -> 118
120 -> 120
121 -> 125
123 -> 125
124 -> 125
125 -> 163
128 -> 132
132 -> 163
134 -> 134
136 -> 136
140 -> 140
143 -> 145
145 -> 163
147 -> 147
151 -> 152
153 -> 159
154 -> 159
159 -> 163
161 -> 163
162 -> 163
163 -> 163
164 -> 165
166 -> 166
167 -> 167
170 -> 170
171 -> 171
172 -> 172
173 -> 176
174 -> 176
175 -> 176
176 -> 179
183 -> 184
184 -> 184
186 -> 186
187 -> 191
188 -> 191
189 -> 191
194 -> 194
195 -> 195
196 -> 196
197 -> 198
198 -> 207
199 -> 200
200 -> 200
201 -> 203
202 -> 203
203 -> 203
209 -> 209
210 -> 210
212 -> 212
213 -> 213
215 -> 215
216 -> 216
218 -> 218
219 -> 220
221 -> 221
226 -> 227
227 -> 228
231 -> 232
232 -> 232
233 -> 234
234 -> 234
235 -> 236
237 -> 237
238 -> 239
239 -> 239
240 -> 240
243 -> 243
245 -> 248
247 -> 248
248 -> 263
250 -> 251
251 -> 251
252 -> 252
253 -> 253
257 -> 257
259 -> 260
261 -> 261
262 -> 263
263 -> 263
266 -> 267
270 -> 270
