69 -> 71
109 -> 109
197 -> 198
123 -> 125
134 -> 134
261 -> 261
128 -> 132
125 -> 163
231 -> 232
63 -> 63
200 -> 200
243 -> 243
213 -> 213
173 -> 176
32 -> 37
198 -> 207
60 -> 60
37 -> 40
50 -> 50
195 -> 195
167 -> 167
82 -> 83
262 -> 263
84 -> 84
1 -> 37
124 -> 125
136 -> 136
53 -> 53
99 -> 99
237 -> 237
88 -> 88
201 -> 203
11 -> 37
22 -> 37
233 -> 234
263 -> 271
49 -> 50
215 -> 215
40 -> 72
175 -> 176
210 -> 210
203 -> 207
34 -> 37
186 -> 186
174 -> 176
59 -> 60
24 -> 37
29 -> 37
48 -> 50
219 -> 220
105 -> 105
247 -> 248
80 -> 80
238 -> 239
234 -> 263
83 -> 92
270 -> 270
188 -> 191
41 -> 42
239 -> 263
184 -> 184
89 -> 89
52 -> 53
209 -> 209
92 -> 94
4 -> 37
245 -> 248
66 -> 67
145 -> 145
248 -> 263
162 -> 163
266 -> 267
153 -> 159
176 -> 179
252 -> 252
46 -> 46
91 -> 92
250 -> 251
58 -> 60
170 -> 170
21 -> 37
77 -> 78
257 -> 257
61 -> 61
16 -> 37
232 -> 234
171 -> 171
35 -> 37
140 -> 140
194 -> 194
7 -> 37
13 -> 37
67 -> 71
143 -> 145
166 -> 166
87 -> 87
226 -> 227
86 -> 86
111 -> 112
251 -> 263
33 -> 37
161 -> 163
100 -> 104
259 -> 260
218 -> 218
114 -> 114
235 -> 236
199 -> 200
110 -> 112
154 -> 159
159 -> 163
147 -> 147
216 -> 216
164 -> 165
10 -> 37
212 -> 212
221 -> 221
240 -> 240
151 -> 152
94 -> 99
121 -> 125
172 -> 172
183 -> 184
163 -> 165
187 -> 191
196 -> 196
202 -> 203
0 -> 37
73 -> 73
132 -> 163
120 -> 120
253 -> 253
189 -> 191
104 -> 163
227 -> 228
118 -> 118
