29 -> 37
218 -> 218
198 -> 198
196 -> 196
263 -> 263
7 -> 37
257 -> 257
109 -> 109
59 -> 60
1 -> 37
0 -> 37
110 -> 112
13 -> 37
219 -> 220
151 -> 152
111 -> 112
245 -> 248
232 -> 232
171 -> 171
66 -> 67
209 -> 209
67 -> 71
83 -> 83
189 -> 191
233 -> 234
35 -> 37
184 -> 184
235 -> 236
82 -> 83
261 -> 261
53 -> 53
247 -> 248
91 -> 92
176 -> 176
132 -> 132
234 -> 263
61 -> 61
134 -> 134
86 -> 86
186 -> 186
123 -> 125
216 -> 216
69 -> 71
80 -> 80
94 -> 94
238 -> 239
159 -> 159
259 -> 260
194 -> 194
11 -> 37
175 -> 176
87 -> 87
58 -> 60
227 -> 227
240 -> 240
164 -> 165
266 -> 267
162 -> 163
34 -> 37
188 -> 191
46 -> 46
4 -> 37
210 -> 210
200 -> 200
33 -> 37
10 -> 37
147 -> 147
100 -> 104
201 -> 203
121 -> 125
203 -> 207
60 -> 71
41 -> 42
187 -> 191
183 -> 184
231 -> 232
32 -> 37
22 -> 37
195 -> 195
140 -> 140
215 -> 215
40 -> 40
239 -> 263
52 -> 53
250 -> 251
16 -> 37
270 -> 270
104 -> 163
202 -> 203
114 -> 114
262 -> 263
37 -> 40
73 -> 73
243 -> 243
99 -> 99
77 -> 78
88 -> 88
49 -> 50
226 -> 227
128 -> 132
212 -> 212
153 -> 159
92 -> 94
154 -> 159
199 -> 200
163 -> 165
21 -> 37
124 -> 125
84 -> 84
170 -> 170
213 -> 213
173 -> 176
252 -> 252
197 -> 198
251 -> 263
248 -> 263
89 -> 89
237 -> 237
120 -> 120
161 -> 163
136 -> 136
143 -> 145
24 -> 37
48 -> 50
221 -> 221
125 -> 163
145 -> 163
167 -> 167
63 -> 63
174 -> 176
172 -> 172
253 -> 253
105 -> 105
50 -> 71
166 -> 166
118 -> 118
