52 -> 218
83 -> 83
74 -> 74
208 -> 208
203 -> 203
37 -> 37
50 -> 218
221 -> 233
202 -> 202
225 -> 233
51 -> 218
15 -> 15
236 -> 237
75 -> 76
116 -> 116
73 -> 74
169 -> 218
176 -> 176
102 -> 103
190 -> 190
9 -> 13
70 -> 70
212 -> 214
89 -> 89
186 -> 186
76 -> 76
87 -> 87
92 -> 93
136 -> 218
132 -> 133
81 -> 81
101 -> 103
227 -> 233
10 -> 13
199 -> 201
24 -> 25
63 -> 63
154 -> 154
149 -> 218
166 -> 166
123 -> 123
234 -> 234
110 -> 218
145 -> 145
118 -> 218
201 -> 201
66 -> 66
26 -> 26
85 -> 87
184 -> 186
107 -> 107
80 -> 80
117 -> 218
71 -> 71
126 -> 126
200 -> 201
112 -> 114
38 -> 38
173 -> 174
47 -> 47
45 -> 47
128 -> 129
155 -> 218
82 -> 82
198 -> 218
228 -> 233
220 -> 233
36 -> 37
178 -> 178
91 -> 91
170 -> 218
232 -> 233
224 -> 233
109 -> 218
162 -> 162
98 -> 218
93 -> 93
53 -> 56
27 -> 28
39 -> 218
185 -> 186
103 -> 103
42 -> 218
133 -> 133
195 -> 218
211 -> 211
78 -> 78
127 -> 127
134 -> 134
18 -> 218
108 -> 218
151 -> 153
13 -> 13
28 -> 28
214 -> 214
241 -> 241
235 -> 237
204 -> 207
49 -> 218
46 -> 47
181 -> 218
239 -> 239
34 -> 34
205 -> 207
119 -> 218
54 -> 56
60 -> 60
59 -> 59
115 -> 116
210 -> 210
125 -> 126
191 -> 193
131 -> 133
67 -> 68
182 -> 218
3 -> 13
56 -> 56
147 -> 218
41 -> 218
129 -> 129
100 -> 218
48 -> 48
187 -> 187
8 -> 13
171 -> 218
5 -> 13
206 -> 207
197 -> 218
2 -> 13
65 -> 66
226 -> 233
11 -> 13
20 -> 218
30 -> 31
22 -> 22
223 -> 233
139 -> 218
23 -> 23
97 -> 218
183 -> 218
55 -> 56
99 -> 218
16 -> 218
58 -> 59
104 -> 104
140 -> 218
238 -> 239
77 -> 77
138 -> 218
143 -> 143
31 -> 31
57 -> 57
14 -> 14
106 -> 106
177 -> 177
12 -> 13
237 -> 237
194 -> 194
172 -> 174
137 -> 218
159 -> 218
240 -> 240
35 -> 35
6 -> 13
122 -> 123
88 -> 88
4 -> 13
156 -> 218
0 -> 13
135 -> 135
124 -> 124
193 -> 193
242 -> 13
62 -> 62
175 -> 175
230 -> 233
68 -> 68
229 -> 233
219 -> 233
168 -> 218
40 -> 218
1 -> 13
167 -> 167
163 -> 163
21 -> 22
174 -> 174
209 -> 210
142 -> 143
222 -> 233
207 -> 207
164 -> 164
231 -> 233
29 -> 29
86 -> 87
33 -> 34
84 -> 84
141 -> 143
180 -> 218
144 -> 144
189 -> 190
146 -> 146
153 -> 153
196 -> 218
179 -> 179
43 -> 218
165 -> 165
111 -> 218
32 -> 32
148 -> 218
215 -> 215
61 -> 61
192 -> 193
161 -> 162
96 -> 218
233 -> 233
121 -> 123
114 -> 114
157 -> 218
105 -> 105
90 -> 90
17 -> 218
25 -> 25
95 -> 95
188 -> 188
158 -> 218
19 -> 218
213 -> 214
113 -> 114
120 -> 218
79 -> 80
160 -> 162
152 -> 153
94 -> 95
44 -> 218
130 -> 130
72 -> 72
216 -> 218
218 -> 218
64 -> 64
217 -> 218
69 -> 69
150 -> 218
7 -> 13
