19 -> 218
208 -> 208
133 -> 133
42 -> 218
132 -> 133
38 -> 38
206 -> 207
232 -> 233
178 -> 178
13 -> 13
4 -> 13
49 -> 218
20 -> 218
168 -> 218
81 -> 81
71 -> 71
0 -> 13
199 -> 201
159 -> 218
27 -> 28
12 -> 13
92 -> 93
76 -> 76
63 -> 63
113 -> 114
48 -> 48
21 -> 22
3 -> 13
191 -> 193
52 -> 218
149 -> 218
1 -> 13
216 -> 218
215 -> 215
126 -> 126
217 -> 218
238 -> 239
234 -> 234
224 -> 233
180 -> 218
99 -> 218
2 -> 13
235 -> 237
158 -> 218
182 -> 218
155 -> 218
112 -> 114
194 -> 194
86 -> 87
65 -> 66
105 -> 105
120 -> 218
103 -> 103
219 -> 233
202 -> 202
98 -> 218
228 -> 233
130 -> 130
200 -> 201
26 -> 26
87 -> 87
152 -> 153
161 -> 162
107 -> 107
90 -> 90
66 -> 66
143 -> 143
34 -> 34
122 -> 123
171 -> 218
210 -> 210
17 -> 218
242 -> 13
127 -> 127
134 -> 134
111 -> 218
116 -> 116
141 -> 143
233 -> 233
184 -> 186
114 -> 114
77 -> 77
23 -> 23
110 -> 218
32 -> 32
41 -> 218
25 -> 25
185 -> 186
67 -> 68
100 -> 218
176 -> 176
173 -> 174
33 -> 34
30 -> 31
221 -> 233
222 -> 233
58 -> 59
57 -> 57
207 -> 207
229 -> 233
91 -> 91
104 -> 104
40 -> 218
239 -> 239
16 -> 218
177 -> 177
96 -> 218
170 -> 218
10 -> 13
174 -> 174
69 -> 69
68 -> 68
186 -> 186
165 -> 165
51 -> 218
117 -> 218
108 -> 218
37 -> 37
139 -> 218
7 -> 13
137 -> 218
213 -> 214
131 -> 133
39 -> 218
24 -> 25
231 -> 233
61 -> 61
140 -> 218
72 -> 72
35 -> 35
189 -> 190
5 -> 13
64 -> 64
192 -> 193
195 -> 218
109 -> 218
82 -> 82
181 -> 218
74 -> 74
101 -> 103
54 -> 56
36 -> 37
162 -> 162
226 -> 233
79 -> 80
95 -> 95
123 -> 123
163 -> 163
150 -> 218
188 -> 188
156 -> 218
80 -> 80
46 -> 47
55 -> 56
93 -> 93
169 -> 218
142 -> 143
240 -> 240
148 -> 218
43 -> 218
28 -> 28
193 -> 193
124 -> 124
9 -> 13
223 -> 233
227 -> 233
135 -> 135
50 -> 218
187 -> 187
11 -> 13
125 -> 126
196 -> 218
157 -> 218
22 -> 22
175 -> 175
18 -> 218
164 -> 164
70 -> 70
129 -> 129
115 -> 116
6 -> 13
53 -> 56
136 -> 218
190 -> 190
201 -> 201
154 -> 154
59 -> 59
183 -> 218
78 -> 78
230 -> 233
203 -> 203
204 -> 207
225 -> 233
205 -> 207
83 -> 83
147 -> 218
31 -> 31
121 -> 123
97 -> 218
89 -> 89
15 -> 15
212 -> 214
220 -> 233
14 -> 14
45 -> 47
29 -> 29
198 -> 218
151 -> 153
84 -> 84
8 -> 13
118 -> 218
47 -> 47
209 -> 210
106 -> 106
56 -> 56
102 -> 103
94 -> 95
167 -> 167
166 -> 166
214 -> 214
144 -> 144
62 -> 62
211 -> 211
179 -> 179
85 -> 87
73 -> 74
153 -> 153
160 -> 162
237 -> 237
218 -> 218
119 -> 218
241 -> 241
44 -> 218
60 -> 60
75 -> 76
145 -> 145
172 -> 174
128 -> 129
88 -> 88
138 -> 218
197 -> 218
236 -> 237
146 -> 146
