148 -> 218
26 -> 26
82 -> 82
167 -> 167
161 -> 162
158 -> 218
219 -> 233
224 -> 233
36 -> 37
17 -> 218
177 -> 177
173 -> 174
196 -> 218
95 -> 95
166 -> 166
190 -> 190
63 -> 63
64 -> 64
62 -> 62
41 -> 218
215 -> 215
106 -> 106
5 -> 13
231 -> 233
96 -> 218
32 -> 32
30 -> 31
174 -> 174
1 -> 13
135 -> 135
126 -> 126
119 -> 218
156 -> 218
140 -> 218
197 -> 218
202 -> 202
122 -> 123
151 -> 153
20 -> 218
181 -> 218
207 -> 207
25 -> 25
235 -> 237
154 -> 154
18 -> 218
133 -> 133
142 -> 143
182 -> 218
152 -> 153
170 -> 218
59 -> 59
198 -> 218
58 -> 59
188 -> 188
28 -> 28
217 -> 218
203 -> 203
72 -> 72
0 -> 13
99 -> 218
46 -> 47
111 -> 218
80 -> 80
220 -> 233
240 -> 240
117 -> 218
112 -> 114
34 -> 34
9 -> 13
110 -> 218
3 -> 13
232 -> 233
87 -> 87
163 -> 163
33 -> 34
6 -> 13
143 -> 143
57 -> 57
15 -> 15
233 -> 233
22 -> 22
47 -> 47
91 -> 91
199 -> 201
55 -> 56
175 -> 175
53 -> 56
241 -> 241
234 -> 234
70 -> 70
149 -> 218
178 -> 178
144 -> 144
206 -> 207
222 -> 233
78 -> 78
225 -> 233
208 -> 208
104 -> 104
37 -> 37
83 -> 83
180 -> 218
49 -> 218
191 -> 193
169 -> 218
211 -> 211
60 -> 60
209 -> 210
136 -> 218
100 -> 218
118 -> 218
192 -> 193
172 -> 174
176 -> 176
51 -> 218
27 -> 28
21 -> 22
105 -> 105
31 -> 31
86 -> 87
131 -> 133
123 -> 123
81 -> 81
155 -> 218
29 -> 29
115 -> 116
101 -> 103
141 -> 143
19 -> 218
92 -> 93
52 -> 218
187 -> 187
228 -> 233
145 -> 145
146 -> 146
216 -> 218
76 -> 76
103 -> 103
183 -> 218
39 -> 218
214 -> 214
90 -> 90
168 -> 218
179 -> 179
45 -> 47
79 -> 80
185 -> 186
109 -> 218
113 -> 114
77 -> 77
102 -> 103
38 -> 38
221 -> 233
16 -> 218
194 -> 194
108 -> 218
71 -> 71
44 -> 218
171 -> 218
223 -> 233
189 -> 190
124 -> 124
139 -> 218
129 -> 129
84 -> 84
134 -> 134
7 -> 13
201 -> 201
229 -> 233
238 -> 239
107 -> 107
200 -> 201
2 -> 13
184 -> 186
138 -> 218
116 -> 116
128 -> 129
204 -> 207
85 -> 87
130 -> 130
8 -> 13
164 -> 164
236 -> 237
75 -> 76
120 -> 218
74 -> 74
212 -> 214
13 -> 13
153 -> 153
157 -> 218
193 -> 193
125 -> 126
61 -> 61
239 -> 239
97 -> 218
69 -> 69
218 -> 218
242 -> 13
50 -> 218
159 -> 218
205 -> 207
40 -> 218
10 -> 13
195 -> 218
94 -> 95
23 -> 23
12 -> 13
98 -> 218
65 -> 66
186 -> 186
73 -> 74
132 -> 133
160 -> 162
56 -> 56
210 -> 210
150 -> 218
42 -> 218
121 -> 123
226 -> 233
162 -> 162
24 -> 25
48 -> 48
68 -> 68
165 -> 165
11 -> 13
93 -> 93
147 -> 218
89 -> 89
67 -> 68
88 -> 88
35 -> 35
230 -> 233
4 -> 13
43 -> 218
213 -> 214
127 -> 127
227 -> 233
114 -> 114
137 -> 218
54 -> 56
14 -> 14
237 -> 237
66 -> 66
