223 -> 233
32 -> 32
108 -> 218
88 -> 88
51 -> 218
175 -> 175
197 -> 218
44 -> 218
53 -> 56
110 -> 218
230 -> 233
54 -> 56
83 -> 83
103 -> 103
60 -> 60
84 -> 84
79 -> 80
92 -> 93
46 -> 47
196 -> 218
40 -> 218
109 -> 218
241 -> 241
138 -> 218
24 -> 25
112 -> 114
183 -> 218
215 -> 215
216 -> 218
212 -> 214
121 -> 123
91 -> 91
148 -> 218
154 -> 154
213 -> 214
129 -> 129
106 -> 106
61 -> 61
98 -> 218
9 -> 13
188 -> 188
99 -> 218
77 -> 77
73 -> 74
165 -> 165
210 -> 210
180 -> 218
62 -> 62
123 -> 123
1 -> 13
225 -> 233
214 -> 214
147 -> 218
27 -> 28
159 -> 218
76 -> 76
192 -> 193
173 -> 174
39 -> 218
168 -> 218
134 -> 134
191 -> 193
200 -> 201
181 -> 218
169 -> 218
144 -> 144
185 -> 186
8 -> 13
21 -> 22
22 -> 22
0 -> 13
238 -> 239
101 -> 103
126 -> 126
14 -> 14
30 -> 31
232 -> 233
226 -> 233
107 -> 107
117 -> 218
10 -> 13
203 -> 203
67 -> 68
59 -> 59
139 -> 218
29 -> 29
158 -> 218
219 -> 233
236 -> 237
179 -> 179
167 -> 167
28 -> 28
155 -> 218
13 -> 13
81 -> 81
55 -> 56
217 -> 218
222 -> 233
43 -> 218
63 -> 63
211 -> 211
35 -> 35
52 -> 218
233 -> 233
116 -> 116
224 -> 233
93 -> 93
209 -> 210
170 -> 218
124 -> 124
149 -> 218
82 -> 82
20 -> 218
87 -> 87
80 -> 80
140 -> 218
204 -> 207
156 -> 218
119 -> 218
152 -> 153
161 -> 162
