80 -> 80
6 -> 18
42 -> 78
0 -> 5
27 -> 28
59 -> 60
58 -> 78
30 -> 78
44 -> 44
70 -> 73
29 -> 78
9 -> 9
21 -> 21
71 -> 73
62 -> 62
23 -> 28
5 -> 5
67 -> 67
82 -> 82
12 -> 18
36 -> 36
39 -> 39
43 -> 44
20 -> 21
51 -> 51
81 -> 81
74 -> 74
24 -> 28
57 -> 57
49 -> 49
25 -> 28
66 -> 66
35 -> 36
65 -> 65
18 -> 18
60 -> 60
28 -> 28
83 -> 83
45 -> 45
72 -> 73
8 -> 8
16 -> 18
77 -> 78
64 -> 64
90 -> 5
41 -> 41
68 -> 68
50 -> 51
48 -> 48
14 -> 18
76 -> 76
79 -> 80
38 -> 38
4 -> 5
89 -> 89
63 -> 63
31 -> 78
46 -> 46
40 -> 41
11 -> 18
73 -> 73
87 -> 87
86 -> 87
32 -> 78
1 -> 5
75 -> 76
84 -> 85
37 -> 37
61 -> 61
54 -> 55
56 -> 57
88 -> 88
13 -> 18
22 -> 28
69 -> 69
15 -> 18
78 -> 78
34 -> 78
10 -> 10
19 -> 21
2 -> 5
17 -> 18
85 -> 85
55 -> 55
7 -> 8
52 -> 52
47 -> 47
33 -> 78
53 -> 53
26 -> 28
3 -> 5
