70 -> 70
103 -> 103
60 -> 60
41 -> 41
46 -> 46
50 -> 50
45 -> 45
71 -> 71
136 -> 136
123 -> 123
102 -> 102
42 -> 42
63 -> 63
113 -> 113
53 -> 53
129 -> 129
74 -> 74
120 -> 120
93 -> 93
61 -> 61
87 -> 87
107 -> 107
52 -> 52
116 -> 116
128 -> 128
115 -> 115
59 -> 59
127 -> 127
105 -> 105
133 -> 133
106 -> 106
65 -> 65
98 -> 98
86 -> 86
88 -> 88
91 -> 91
51 -> 51
99 -> 99
118 -> 118
125 -> 125
49 -> 49
66 -> 66
112 -> 112
95 -> 95
92 -> 92
137 -> 137
57 -> 57
121 -> 121
58 -> 58
130 -> 130
62 -> 62
