116 -> 116
103 -> 103
137 -> 137
125 -> 125
95 -> 95
42 -> 42
107 -> 107
53 -> 53
127 -> 127
62 -> 62
130 -> 130
123 -> 123
71 -> 71
70 -> 70
98 -> 98
129 -> 129
87 -> 87
113 -> 113
50 -> 50
92 -> 92
136 -> 136
106 -> 106
91 -> 91
60 -> 60
41 -> 41
52 -> 52
120 -> 120
63 -> 63
102 -> 102
57 -> 57
105 -> 105
65 -> 65
61 -> 61
86 -> 86
66 -> 66
112 -> 112
133 -> 133
74 -> 74
93 -> 93
99 -> 99
46 -> 46
58 -> 58
128 -> 128
121 -> 121
115 -> 115
49 -> 49
118 -> 118
51 -> 51
45 -> 45
59 -> 59
88 -> 88
