request breakpoint   0 at line   1
                   set at line   5
request breakpoint   1 at line  12
                   set at line  13
request breakpoint   2 at line  15
                   set at line  20
request breakpoint   3 at line  30
                   set at line  30
request breakpoint   4 at line  32
                   set at line  32
request breakpoint   5 at line  36
                   set at line  40
request breakpoint   6 at line  42
                   set at line  42
request breakpoint   7 at line  47
                   set at line  47
request breakpoint   8 at line  48
                   set at line  48
request breakpoint   9 at line  49
                   set at line  49
request breakpoint  10 at line  50
                   set at line  50
request breakpoint  11 at line  54
                   set at line  54
request breakpoint  12 at line  64
                   set at line  65
request breakpoint  13 at line  76
                   set at line  77
request breakpoint  14 at line  85
                   set at line  85
request breakpoint  15 at line 136
                   set at line 136
request breakpoint  16 at line 140
                   set at line 141
request breakpoint  17 at line 143
                   set at line 144
request breakpoint  18 at line 148
                   set at line 148
request breakpoint  19 at line 155
                   set at line 156
request breakpoint  20 at line 190
                   set at line 190
request breakpoint  21 at line 210
                   set at line 210
request breakpoint  22 at line 220
                   set at line 222
request breakpoint  23 at line 224
                   set at line 224
request breakpoint  24 at line 245
                   set at line 245
request breakpoint  25 at line 252
                   set at line 253
request breakpoint  26 at line 256
                   set at line 256
request breakpoint  27 at line 257
                   set at line 257
request breakpoint  28 at line 262
                   set at line 262
request breakpoint  29 at line 269
                   set at line 270
request breakpoint  30 at line 272
                   set at line 272
request breakpoint  31 at line 274
                   set at line 274
request breakpoint  32 at line 277
                   set at line 277
request breakpoint  33 at line 279
                   set at line 279
request breakpoint  34 at line 285
                   set at line 286
request breakpoint  35 at line 297
                   set at line 297
request breakpoint  36 at line 298
                   set at line 298
request breakpoint  37 at line 310
                   set at line 312
request breakpoint  38 at line 317
                   set at line 320
request breakpoint  39 at line 325
                   set at line 328
request breakpoint  40 at line 331
                   set at line 331
request breakpoint  41 at line 332
                   set at line 332
request breakpoint  42 at line 348
                   set at line 348
request breakpoint  43 at line 355
                   set at line 355
request breakpoint  44 at line 356
                   set at line 356
request breakpoint  45 at line 362
                   set at line 363
request breakpoint  46 at line 364
                   set at line 365
request breakpoint  47 at line 378
                   set at line 378
request breakpoint  48 at line 381
                   set at line 381
request breakpoint  49 at line 390
                   set at line 391
request breakpoint  50 at line 401
                   set at line 401
paused at line   5
	because of breakpoints [0]
action: stepOver
paused at line   6
action: stepOver
paused at line   7
action: stepOver
paused at line   8
action: stepOver
paused at line   9
action: stepOver
paused at line  10
action: stepOver
paused at line  13
action: stepOver
paused at line  20
action: stepOver
paused at line  21
action: stepOver
paused at line  22
action: stepOver
paused at line 391
action: stepOver
paused at line 392
action: stepOver
paused at line 395
action: stepOver
paused at line 297
action: stepOver
paused at line 298
action: stepOver
paused at line 299
action: stepOver
paused at line 300
action: stepOver
paused at line 301
action: stepOver
paused at line 304
action: stepOver
paused at line 305
action: stepOver
paused at line 306
action: stepOver
paused at line 307
action: stepOver
paused at line 308
action: stepOver
paused at line 312
action: stepOver
paused at line 313
action: stepOver
paused at line 314
action: stepOver
paused at line 315
action: stepOver
paused at line 316
action: stepOver
paused at line 320
action: stepOver
paused at line 321
action: stepOver
paused at line 322
action: stepOver
paused at line 323
action: stepOver
paused at line 324
action: stepOver
paused at line 328
action: stepOver
paused at line 329
action: stepOver
paused at line 330
action: stepOver
paused at line 331
action: stepOver
paused at line 332
action: stepOver
paused at line 333
action: stepOver
paused at line 334
action: stepOver
paused at line 335
action: stepOver
paused at line 338
action: stepOver
paused at line 341
action: stepOver
paused at line 344
action: stepOver
paused at line 345
action: stepOver
paused at line 346
action: stepOver
paused at line 348
action: stepOver
paused at line  85
action: stepOver
paused at line  86
action: stepOver
paused at line  86
action: stepOver
paused at line  97
action: stepOver
paused at line  98
action: stepOver
paused at line  99
action: stepOver
paused at line 100
action: stepOver
paused at line 102
action: stepOver
paused at line 101
action: stepOver
paused at line 100
action: stepOver
paused at line 102
action: stepOver
paused at line 101
action: stepOver
paused at line 100
action: stepOver
paused at line 102
action: stepOver
paused at line 101
action: stepOver
paused at line 100
action: stepOver
paused at line 103
action: stepOver
paused at line 104
action: stepOver
paused at line 105
action: stepOver
paused at line 105
action: stepOver
paused at line 348
action: stepOver
paused at line 347
action: stepOver
paused at line 346
action: stepOver
paused at line 348
action: stepOver
paused at line  85
action: stepOver
paused at line  86
action: stepOver
paused at line  86
action: stepOver
paused at line  98
action: stepOver
paused at line  99
action: stepOver
paused at line 100
action: stepOver
paused at line 102
action: stepOver
paused at line 101
action: stepOver
paused at line 100
action: stepOver
paused at line 102
action: stepOver
paused at line 101
action: stepOver
paused at line 100
action: stepOver
paused at line 102
action: stepOver
paused at line 101
action: stepOver
paused at line 100
action: stepOver
paused at line 103
action: stepOver
paused at line 104
action: stepOver
paused at line 105
action: stepOver
paused at line 105
action: stepOver
paused at line 348
action: stepOver
paused at line 347
action: stepOver
paused at line 346
action: stepOver
paused at line 348
action: stepOver
paused at line  85
action: stepOver
paused at line  86
action: stepOver
paused at line  86
action: stepOver
paused at line  98
action: stepOver
paused at line  99
action: stepOver
paused at line 100
action: stepOver
paused at line 102
action: stepOver
paused at line 101
action: stepOver
paused at line 100
action: stepOver
paused at line 102
action: stepOver
paused at line 101
action: stepOver
paused at line 100
action: stepOver
paused at line 102
action: stepOver
paused at line 101
action: stepOver
paused at line 100
action: stepOver
paused at line 103
action: stepOver
paused at line 104
action: stepOver
paused at line 105
action: stepOver
paused at line 105
action: stepOver
paused at line 348
action: stepOver
paused at line 347
action: stepOver
paused at line 346
action: stepOver
paused at line 348
action: stepOver
paused at line  85
action: stepOver
paused at line  86
action: stepOver
paused at line  86
action: stepOver
paused at line  98
action: stepOver
paused at line  99
action: stepOver
paused at line 100
action: stepOver
paused at line 102
action: stepOver
paused at line 101
action: stepOver
paused at line 100
action: stepOver
paused at line 102
action: stepOver
paused at line 101
action: stepOver
paused at line 100
action: stepOver
paused at line 102
action: stepOver
paused at line 101
action: stepOver
paused at line 100
action: stepOver
paused at line 103
action: stepOver
paused at line 104
action: stepOver
paused at line 105
action: stepOver
paused at line 105
action: stepOver
paused at line 348
action: stepOver
paused at line 347
action: stepOver
paused at line 346
action: stepOver
paused at line 348
action: stepOver
paused at line  85
action: stepOver
paused at line  86
action: stepOver
paused at line  86
action: stepOver
paused at line  98
action: stepOver
paused at line  99
action: stepOver
paused at line 100
action: stepOver
paused at line 102
action: stepOver
paused at line 101
action: stepOver
paused at line 100
action: stepOver
paused at line 102
action: stepOver
paused at line 101
action: stepOver
paused at line 100
action: stepOver
paused at line 102
action: stepOver
paused at line 101
action: stepOver
paused at line 100
action: stepOver
paused at line 103
action: stepOver
paused at line 104
action: stepOver
paused at line 105
action: stepOver
paused at line 105
action: stepOver
paused at line 348
action: stepOver
paused at line 347
action: stepOver
paused at line 346
action: stepOver
paused at line 348
action: stepOver
paused at line  85
action: stepOver
paused at line  86
action: stepOver
paused at line  86
action: stepOver
paused at line  98
action: stepOver
paused at line  99
action: stepOver
paused at line 100
action: stepOver
paused at line 102
action: stepOver
paused at line 101
action: stepOver
paused at line 100
action: stepOver
paused at line 102
action: stepOver
paused at line 101
action: stepOver
paused at line 100
action: stepOver
paused at line 102
action: stepOver
paused at line 101
action: stepOver
paused at line 100
action: stepOver
paused at line 103
action: stepOver
paused at line 104
action: stepOver
paused at line 105
action: stepOver
paused at line 105
action: stepOver
paused at line 348
action: stepOver
paused at line 347
action: stepOver
paused at line 346
action: stepOver
paused at line 351
action: stepOver
paused at line 354
action: stepOver
paused at line 355
action: stepOver
paused at line 356
action: stepOver
paused at line 358
action: stepOver
paused at line 357
action: stepOver
paused at line 356
action: stepOver
paused at line 358
action: stepOver
paused at line 357
action: stepOver
paused at line 356
action: stepOver
paused at line 358
action: stepOver
paused at line 357
action: stepOver
paused at line 356
action: stepOver
paused at line 358
action: stepOver
paused at line 357
action: stepOver
paused at line 356
action: stepOver
paused at line 358
action: stepOver
paused at line 357
action: stepOver
paused at line 356
action: stepOver
done with actions
