Breakpoint Set at 40
Breakpoint Set at 7
Breakpoint Set at 27
Paused at 40
	Hit Breakpoint(s) 
	Call Stack:  
	Bindings: 
Paused at 27
	Hit Breakpoint(s) 
	Call Stack: nsieve, sieve 
	Bindings: count: number = 2262
		i: number = 20001
		isPrime: array
		k: number = 39994
		m: number = 20000
Paused at 27
	Hit Breakpoint(s) 
	Call Stack: nsieve, sieve 
	Bindings: count: number = 4203
		i: number = 40001
		isPrime: array
		k: number = 79978
		m: number = 40000
Paused at 27
	Hit Breakpoint(s) 
	Call Stack: nsieve, sieve 
	Bindings: count: number = 7837
		i: number = 80001
		isPrime: array
		k: number = 159998
		m: number = 80000
