	Hit Breakpoint(s) 
	Call Stack: spectralnorm 
	Bindings: i: undefined
		n: number = 6
		u: undefined
		v: undefined
		vBv: undefined
		vv: undefined
		w: undefined
	Hit Breakpoint(s) 
	Call Stack: spectralnorm 
	Bindings: i: undefined
		n: number = 6
		u: array
		v: array
		vBv: number = 0
		vv: number = 0
		w: array
	Hit Breakpoint(s) 
	Call Stack: spectralnorm 
	Bindings: i: number = 0
		n: number = 6
		u: array
		v: array
		vBv: number = 0
		vv: number = 0
		w: array
	Hit Breakpoint(s) 
	Call Stack: spectralnorm 
	Bindings: i: number = 1
		n: number = 6
		u: array
		v: array
		vBv: number = 0
		vv: number = 0
		w: array
	Hit Breakpoint(s) 
	Call Stack: spectralnorm 
	Bindings: i: number = 2
		n: number = 6
		u: array
		v: array
		vBv: number = 0
		vv: number = 0
		w: array
	Hit Breakpoint(s) 
	Call Stack: spectralnorm 
	Bindings: i: number = 3
		n: number = 6
		u: array
		v: array
		vBv: number = 0
		vv: number = 0
		w: array
	Hit Breakpoint(s) 
	Call Stack: spectralnorm 
	Bindings: i: number = 4
		n: number = 6
		u: array
		v: array
		vBv: number = 0
		vv: number = 0
		w: array
	Hit Breakpoint(s) 
	Call Stack: spectralnorm 
	Bindings: i: number = 5
		n: number = 6
		u: array
		v: array
		vBv: number = 0
		vv: number = 0
		w: array
	Hit Breakpoint(s) 
	Call Stack: A, Au, AtAu, spectralnorm 
	Bindings: i: number = 0
		j: number = 0
	Hit Breakpoint(s) 
	Call Stack: A, Au, AtAu, spectralnorm 
	Bindings: i: number = 0
		j: number = 1
	Hit Breakpoint(s) 
	Call Stack: A, Au, AtAu, spectralnorm 
	Bindings: i: number = 0
		j: number = 2
	Hit Breakpoint(s) 
	Call Stack: A, Au, AtAu, spectralnorm 
	Bindings: i: number = 0
		j: number = 3
	Hit Breakpoint(s) 
	Call Stack: A, Au, AtAu, spectralnorm 
	Bindings: i: number = 0
		j: number = 4
	Hit Breakpoint(s) 
	Call Stack: A, Au, AtAu, spectralnorm 
	Bindings: i: number = 0
		j: number = 5
	Hit Breakpoint(s) 
	Call Stack: A, Au, AtAu, spectralnorm 
	Bindings: i: number = 1
		j: number = 0
	Hit Breakpoint(s) 
	Call Stack: A, Au, AtAu, spectralnorm 
	Bindings: i: number = 1
		j: number = 1
	Hit Breakpoint(s) 
	Call Stack: A, Au, AtAu, spectralnorm 
	Bindings: i: number = 1
		j: number = 2
	Hit Breakpoint(s) 
	Call Stack: A, Au, AtAu, spectralnorm 
	Bindings: i: number = 1
		j: number = 3
	Hit Breakpoint(s) 
	Call Stack: A, Au, AtAu, spectralnorm 
	Bindings: i: number = 1
		j: number = 4
	Hit Breakpoint(s) 
	Call Stack: A, Au, AtAu, spectralnorm 
	Bindings: i: number = 1
		j: number = 5
	Hit Breakpoint(s) 
	Call Stack: A, Au, AtAu, spectralnorm 
	Bindings: i: number = 2
		j: number = 0
	Hit Breakpoint(s) 
	Call Stack: A, Au, AtAu, spectralnorm 
	Bindings: i: number = 2
		j: number = 1
	Hit Breakpoint(s) 
	Call Stack: A, Au, AtAu, spectralnorm 
	Bindings: i: number = 2
		j: number = 2
	Hit Breakpoint(s) 
	Call Stack: A, Au, AtAu, spectralnorm 
	Bindings: i: number = 2
		j: number = 3
	Hit Breakpoint(s) 
	Call Stack: A, Au, AtAu, spectralnorm 
	Bindings: i: number = 2
		j: number = 4
	Hit Breakpoint(s) 
	Call Stack: A, Au, AtAu, spectralnorm 
	Bindings: i: number = 2
		j: number = 5
	Hit Breakpoint(s) 
	Call Stack: A, Au, AtAu, spectralnorm 
	Bindings: i: number = 3
		j: number = 0
	Hit Breakpoint(s) 
	Call Stack: A, Au, AtAu, spectralnorm 
	Bindings: i: number = 3
		j: number = 1
	Hit Breakpoint(s) 
	Call Stack: A, Au, AtAu, spectralnorm 
	Bindings: i: number = 3
		j: number = 2
	Hit Breakpoint(s) 
	Call Stack: A, Au, AtAu, spectralnorm 
	Bindings: i: number = 3
		j: number = 3
	Hit Breakpoint(s) 
	Call Stack: A, Au, AtAu, spectralnorm 
	Bindings: i: number = 3
		j: number = 4
	Hit Breakpoint(s) 
	Call Stack: A, Au, AtAu, spectralnorm 
	Bindings: i: number = 3
		j: number = 5
	Hit Breakpoint(s) 
	Call Stack: A, Au, AtAu, spectralnorm 
	Bindings: i: number = 4
		j: number = 0
	Hit Breakpoint(s) 
	Call Stack: A, Au, AtAu, spectralnorm 
	Bindings: i: number = 4
		j: number = 1
	Hit Breakpoint(s) 
	Call Stack: A, Au, AtAu, spectralnorm 
	Bindings: i: number = 4
		j: number = 2
	Hit Breakpoint(s) 
	Call Stack: A, Au, AtAu, spectralnorm 
	Bindings: i: number = 4
		j: number = 3
	Hit Breakpoint(s) 
	Call Stack: A, Au, AtAu, spectralnorm 
	Bindings: i: number = 4
		j: number = 4
	Hit Breakpoint(s) 
	Call Stack: A, Au, AtAu, spectralnorm 
	Bindings: i: number = 4
		j: number = 5
	Hit Breakpoint(s) 
	Call Stack: A, Au, AtAu, spectralnorm 
	Bindings: i: number = 5
		j: number = 0
	Hit Breakpoint(s) 
	Call Stack: A, Au, AtAu, spectralnorm 
	Bindings: i: number = 5
		j: number = 1
	Hit Breakpoint(s) 
	Call Stack: A, Au, AtAu, spectralnorm 
	Bindings: i: number = 5
		j: number = 2
	Hit Breakpoint(s) 
	Call Stack: A, Au, AtAu, spectralnorm 
	Bindings: i: number = 5
		j: number = 3
	Hit Breakpoint(s) 
	Call Stack: A, Au, AtAu, spectralnorm 
	Bindings: i: number = 5
		j: number = 4
	Hit Breakpoint(s) 
	Call Stack: A, Au, AtAu, spectralnorm 
	Bindings: i: number = 5
		j: number = 5
	Hit Breakpoint(s) 
	Call Stack: A, Atu, AtAu, spectralnorm 
	Bindings: i: number = 0
		j: number = 0
	Hit Breakpoint(s) 
	Call Stack: A, Atu, AtAu, spectralnorm 
	Bindings: i: number = 1
		j: number = 0
	Hit Breakpoint(s) 
	Call Stack: A, Atu, AtAu, spectralnorm 
	Bindings: i: number = 2
		j: number = 0
	Hit Breakpoint(s) 
	Call Stack: A, Atu, AtAu, spectralnorm 
	Bindings: i: number = 3
		j: number = 0
	Hit Breakpoint(s) 
	Call Stack: A, Atu, AtAu, spectralnorm 
	Bindings: i: number = 4
		j: number = 0
	Hit Breakpoint(s) 
	Call Stack: A, Atu, AtAu, spectralnorm 
	Bindings: i: number = 5
		j: number = 0
	Hit Breakpoint(s) 
	Call Stack: A, Atu, AtAu, spectralnorm 
	Bindings: i: number = 0
		j: number = 1
	Hit Breakpoint(s) 
	Call Stack: A, Atu, AtAu, spectralnorm 
	Bindings: i: number = 1
		j: number = 1
	Hit Breakpoint(s) 
	Call Stack: A, Atu, AtAu, spectralnorm 
	Bindings: i: number = 2
		j: number = 1
	Hit Breakpoint(s) 
	Call Stack: A, Atu, AtAu, spectralnorm 
	Bindings: i: number = 3
		j: number = 1
	Hit Breakpoint(s) 
	Call Stack: A, Atu, AtAu, spectralnorm 
	Bindings: i: number = 4
		j: number = 1
	Hit Breakpoint(s) 
	Call Stack: A, Atu, AtAu, spectralnorm 
	Bindings: i: number = 5
		j: number = 1
	Hit Breakpoint(s) 
	Call Stack: A, Atu, AtAu, spectralnorm 
	Bindings: i: number = 0
		j: number = 2
	Hit Breakpoint(s) 
	Call Stack: A, Atu, AtAu, spectralnorm 
	Bindings: i: number = 1
		j: number = 2
	Hit Breakpoint(s) 
	Call Stack: A, Atu, AtAu, spectralnorm 
	Bindings: i: number = 2
		j: number = 2
	Hit Breakpoint(s) 
	Call Stack: A, Atu, AtAu, spectralnorm 
	Bindings: i: number = 3
		j: number = 2
	Hit Breakpoint(s) 
	Call Stack: A, Atu, AtAu, spectralnorm 
	Bindings: i: number = 4
		j: number = 2
	Hit Breakpoint(s) 
	Call Stack: A, Atu, AtAu, spectralnorm 
	Bindings: i: number = 5
		j: number = 2
	Hit Breakpoint(s) 
	Call Stack: A, Atu, AtAu, spectralnorm 
	Bindings: i: number = 0
		j: number = 3
	Hit Breakpoint(s) 
	Call Stack: A, Atu, AtAu, spectralnorm 
	Bindings: i: number = 1
		j: number = 3
	Hit Breakpoint(s) 
	Call Stack: A, Atu, AtAu, spectralnorm 
	Bindings: i: number = 2
		j: number = 3
	Hit Breakpoint(s) 
	Call Stack: A, Atu, AtAu, spectralnorm 
	Bindings: i: number = 3
		j: number = 3
	Hit Breakpoint(s) 
	Call Stack: A, Atu, AtAu, spectralnorm 
	Bindings: i: number = 4
		j: number = 3
	Hit Breakpoint(s) 
	Call Stack: A, Atu, AtAu, spectralnorm 
	Bindings: i: number = 5
		j: number = 3
	Hit Breakpoint(s) 
	Call Stack: A, Atu, AtAu, spectralnorm 
	Bindings: i: number = 0
		j: number = 4
	Hit Breakpoint(s) 
	Call Stack: A, Atu, AtAu, spectralnorm 
	Bindings: i: number = 1
		j: number = 4
	Hit Breakpoint(s) 
	Call Stack: A, Atu, AtAu, spectralnorm 
	Bindings: i: number = 2
		j: number = 4
	Hit Breakpoint(s) 
	Call Stack: A, Atu, AtAu, spectralnorm 
	Bindings: i: number = 3
		j: number = 4
	Hit Breakpoint(s) 
	Call Stack: A, Atu, AtAu, spectralnorm 
	Bindings: i: number = 4
		j: number = 4
	Hit Breakpoint(s) 
	Call Stack: A, Atu, AtAu, spectralnorm 
	Bindings: i: number = 5
		j: number = 4
	Hit Breakpoint(s) 
	Call Stack: A, Atu, AtAu, spectralnorm 
	Bindings: i: number = 0
		j: number = 5
	Hit Breakpoint(s) 
	Call Stack: A, Atu, AtAu, spectralnorm 
	Bindings: i: number = 1
		j: number = 5
	Hit Breakpoint(s) 
	Call Stack: A, Atu, AtAu, spectralnorm 
	Bindings: i: number = 2
		j: number = 5
	Hit Breakpoint(s) 
	Call Stack: A, Atu, AtAu, spectralnorm 
	Bindings: i: number = 3
		j: number = 5
	Hit Breakpoint(s) 
	Call Stack: A, Atu, AtAu, spectralnorm 
	Bindings: i: number = 4
		j: number = 5
	Hit Breakpoint(s) 
	Call Stack: A, Atu, AtAu, spectralnorm 
	Bindings: i: number = 5
		j: number = 5
	Hit Breakpoint(s) 
	Call Stack: A, Au, AtAu, spectralnorm 
	Bindings: i: number = 0
		j: number = 0
	Hit Breakpoint(s) 
	Call Stack: A, Au, AtAu, spectralnorm 
	Bindings: i: number = 0
		j: number = 1
	Hit Breakpoint(s) 
	Call Stack: A, Au, AtAu, spectralnorm 
	Bindings: i: number = 0
		j: number = 2
	Hit Breakpoint(s) 
	Call Stack: A, Au, AtAu, spectralnorm 
	Bindings: i: number = 0
		j: number = 3
	Hit Breakpoint(s) 
	Call Stack: A, Au, AtAu, spectralnorm 
	Bindings: i: number = 0
		j: number = 4
	Hit Breakpoint(s) 
	Call Stack: A, Au, AtAu, spectralnorm 
	Bindings: i: number = 0
		j: number = 5
	Hit Breakpoint(s) 
	Call Stack: A, Au, AtAu, spectralnorm 
	Bindings: i: number = 1
		j: number = 0
	Hit Breakpoint(s) 
	Call Stack: A, Au, AtAu, spectralnorm 
	Bindings: i: number = 1
		j: number = 1
	Hit Breakpoint(s) 
	Call Stack: A, Au, AtAu, spectralnorm 
	Bindings: i: number = 1
		j: number = 2
	Hit Breakpoint(s) 
	Call Stack: A, Au, AtAu, spectralnorm 
	Bindings: i: number = 1
		j: number = 3
	Hit Breakpoint(s) 
	Call Stack: A, Au, AtAu, spectralnorm 
	Bindings: i: number = 1
		j: number = 4
	Hit Breakpoint(s) 
	Call Stack: A, Au, AtAu, spectralnorm 
	Bindings: i: number = 1
		j: number = 5
	Hit Breakpoint(s) 
	Call Stack: A, Au, AtAu, spectralnorm 
	Bindings: i: number = 2
		j: number = 0
	Hit Breakpoint(s) 
	Call Stack: A, Au, AtAu, spectralnorm 
	Bindings: i: number = 2
		j: number = 1
	Hit Breakpoint(s) 
	Call Stack: A, Au, AtAu, spectralnorm 
	Bindings: i: number = 2
		j: number = 2
	Hit Breakpoint(s) 
	Call Stack: A, Au, AtAu, spectralnorm 
	Bindings: i: number = 2
		j: number = 3
	Hit Breakpoint(s) 
	Call Stack: A, Au, AtAu, spectralnorm 
	Bindings: i: number = 2
		j: number = 4
	Hit Breakpoint(s) 
	Call Stack: A, Au, AtAu, spectralnorm 
	Bindings: i: number = 2
		j: number = 5
	Hit Breakpoint(s) 
	Call Stack: A, Au, AtAu, spectralnorm 
	Bindings: i: number = 3
		j: number = 0
	Hit Breakpoint(s) 
	Call Stack: A, Au, AtAu, spectralnorm 
	Bindings: i: number = 3
		j: number = 1
	Hit Breakpoint(s) 
	Call Stack: A, Au, AtAu, spectralnorm 
	Bindings: i: number = 3
		j: number = 2
