72 -> 123
91 -> 91
235 -> 235
267 -> 269
81 -> 123
247 -> 247
286 -> 289
273 -> 273
309 -> 309
148 -> 289
214 -> 214
300 -> 301
138 -> 141
407 -> 418
145 -> 289
85 -> 85
88 -> 88
350 -> 355
425 -> 425
369 -> 369
84 -> 84
360 -> 365
2 -> 123
314 -> 314
231 -> 232
77 -> 78
187 -> 187
224 -> 289
261 -> 261
5 -> 123
205 -> 205
162 -> 289
374 -> 384
61 -> 61
270 -> 272
232 -> 232
46 -> 47
184 -> 185
125 -> 141
409 -> 418
186 -> 187
383 -> 384
126 -> 141
311 -> 313
299 -> 299
372 -> 372
290 -> 384
276 -> 289
306 -> 306
406 -> 418
201 -> 201
64 -> 65
212 -> 213
69 -> 70
152 -> 289
82 -> 83
319 -> 320
9 -> 123
227 -> 289
419 -> 420
264 -> 264
285 -> 289
193 -> 193
1 -> 123
400 -> 418
368 -> 368
56 -> 57
411 -> 418
371 -> 371
221 -> 289
377 -> 377
354 -> 355
167 -> 168
248 -> 249
362 -> 362
357 -> 384
16 -> 16
140 -> 141
403 -> 418
225 -> 289
121 -> 123
220 -> 289
157 -> 289
144 -> 289
265 -> 265
181 -> 181
387 -> 418
90 -> 90
65 -> 65
333 -> 334
365 -> 365
361 -> 365
222 -> 289
242 -> 244
325 -> 325
223 -> 289
63 -> 65
418 -> 418
165 -> 168
376 -> 376
252 -> 253
50 -> 50
292 -> 292
153 -> 289
338 -> 339
51 -> 52
257 -> 258
115 -> 116
271 -> 272
334 -> 334
173 -> 176
44 -> 123
95 -> 95
381 -> 384
149 -> 289
55 -> 123
58 -> 58
62 -> 62
33 -> 33
94 -> 95
340 -> 340
358 -> 359
278 -> 278
108 -> 108
23 -> 23
293 -> 294
34 -> 34
194 -> 194
348 -> 349
15 -> 16
68 -> 68
396 -> 418
423 -> 423
176 -> 176
197 -> 199
29 -> 29
317 -> 317
161 -> 289
266 -> 269
331 -> 331
52 -> 52
39 -> 39
164 -> 164
347 -> 347
97 -> 97
250 -> 251
341 -> 384
103 -> 104
19 -> 19
137 -> 141
327 -> 328
36 -> 123
240 -> 241
351 -> 355
302 -> 303
259 -> 260
380 -> 384
280 -> 289
53 -> 53
393 -> 418
60 -> 60
160 -> 289
315 -> 316
339 -> 339
233 -> 233
75 -> 75
48 -> 48
313 -> 313
169 -> 169
404 -> 418
192 -> 193
128 -> 141
25 -> 25
343 -> 343
390 -> 418
303 -> 303
328 -> 328
263 -> 263
239 -> 239
159 -> 289
28 -> 28
392 -> 418
100 -> 100
132 -> 141
229 -> 230
215 -> 215
114 -> 123
249 -> 249
283 -> 283
166 -> 168
352 -> 352
