333 -> 334
280 -> 289
409 -> 418
369 -> 369
232 -> 232
266 -> 269
293 -> 294
53 -> 53
377 -> 377
84 -> 84
393 -> 418
350 -> 355
140 -> 141
103 -> 104
221 -> 289
380 -> 384
159 -> 289
290 -> 384
227 -> 289
162 -> 289
406 -> 418
261 -> 261
60 -> 60
153 -> 289
300 -> 301
360 -> 365
309 -> 309
64 -> 65
167 -> 168
85 -> 85
187 -> 187
34 -> 34
94 -> 95
176 -> 176
63 -> 65
61 -> 61
392 -> 418
39 -> 39
252 -> 253
173 -> 176
81 -> 123
132 -> 141
95 -> 95
1 -> 123
381 -> 384
286 -> 289
314 -> 314
327 -> 328
396 -> 418
220 -> 289
69 -> 70
357 -> 384
212 -> 213
283 -> 283
376 -> 376
215 -> 215
160 -> 289
181 -> 181
325 -> 325
368 -> 368
338 -> 339
313 -> 313
225 -> 289
23 -> 23
145 -> 289
306 -> 306
108 -> 108
46 -> 47
36 -> 123
339 -> 339
407 -> 418
90 -> 90
161 -> 289
16 -> 16
340 -> 340
265 -> 265
259 -> 260
19 -> 19
52 -> 52
418 -> 418
273 -> 273
387 -> 418
197 -> 199
55 -> 123
5 -> 123
