60 -> 60
68 -> 68
120 -> 120
144 -> 144
64 -> 64
125 -> 125
163 -> 163
148 -> 148
173 -> 173
87 -> 87
112 -> 112
169 -> 169
85 -> 85
285 -> 285
33 -> 33
69 -> 69
70 -> 70
215 -> 215
291 -> 291
233 -> 233
47 -> 47
226 -> 226
72 -> 72
184 -> 184
121 -> 121
14 -> 14
108 -> 108
119 -> 119
143 -> 143
23 -> 23
113 -> 113
100 -> 100
241 -> 241
109 -> 109
151 -> 151
65 -> 65
76 -> 76
54 -> 54
46 -> 46
45 -> 45
110 -> 110
248 -> 248
88 -> 88
58 -> 58
174 -> 174
13 -> 13
170 -> 170
24 -> 24
81 -> 81
57 -> 57
116 -> 116
130 -> 130
63 -> 63
242 -> 242
102 -> 102
66 -> 66
203 -> 203
86 -> 86
127 -> 127
290 -> 290
155 -> 155
26 -> 26
118 -> 118
117 -> 117
281 -> 281
234 -> 234
202 -> 202
289 -> 289
94 -> 94
67 -> 67
247 -> 247
227 -> 227
91 -> 91
48 -> 48
53 -> 53
228 -> 228
152 -> 152
22 -> 22
282 -> 282
140 -> 140
115 -> 115
132 -> 132
111 -> 111
101 -> 101
43 -> 43
147 -> 147
254 -> 254
71 -> 71
255 -> 255
217 -> 217
126 -> 126
84 -> 84
25 -> 25
166 -> 166
50 -> 50
167 -> 167
83 -> 83
78 -> 78
62 -> 62
250 -> 250
175 -> 175
52 -> 52
205 -> 205
59 -> 59
114 -> 114
79 -> 79
185 -> 185
186 -> 186
97 -> 97
104 -> 104
21 -> 21
99 -> 99
93 -> 93
257 -> 257
123 -> 123
122 -> 122
96 -> 96
230 -> 230
219 -> 219
156 -> 156
193 -> 193
204 -> 204
218 -> 218
75 -> 75
243 -> 243
214 -> 214
216 -> 216
42 -> 42
15 -> 15
95 -> 95
183 -> 183
194 -> 194
207 -> 207
103 -> 103
80 -> 80
287 -> 287
139 -> 139
105 -> 105
164 -> 164
106 -> 106
34 -> 34
74 -> 74
206 -> 206
92 -> 92
55 -> 55
128 -> 128
