93 -> 93
139 -> 139
70 -> 70
85 -> 85
86 -> 86
24 -> 24
61 -> 61
84 -> 84
285 -> 285
215 -> 215
119 -> 119
34 -> 34
58 -> 58
148 -> 148
26 -> 26
233 -> 233
67 -> 67
184 -> 184
87 -> 87
132 -> 132
48 -> 48
116 -> 116
126 -> 126
147 -> 147
218 -> 218
122 -> 122
92 -> 92
202 -> 202
91 -> 91
242 -> 242
52 -> 52
101 -> 101
72 -> 72
79 -> 79
98 -> 98
183 -> 183
62 -> 62
59 -> 59
21 -> 21
42 -> 42
167 -> 167
169 -> 169
125 -> 125
106 -> 106
193 -> 193
289 -> 289
282 -> 282
226 -> 226
110 -> 110
170 -> 170
206 -> 206
257 -> 257
14 -> 14
76 -> 76
13 -> 13
143 -> 143
81 -> 81
234 -> 234
96 -> 96
60 -> 60
155 -> 155
219 -> 219
130 -> 130
80 -> 80
82 -> 82
120 -> 120
77 -> 77
164 -> 164
55 -> 55
43 -> 43
94 -> 94
205 -> 205
121 -> 121
207 -> 207
63 -> 63
45 -> 45
217 -> 217
65 -> 65
71 -> 71
216 -> 216
144 -> 144
290 -> 290
99 -> 99
174 -> 174
78 -> 78
104 -> 104
23 -> 23
68 -> 68
254 -> 254
64 -> 64
247 -> 247
102 -> 102
173 -> 173
105 -> 105
74 -> 74
255 -> 255
227 -> 227
194 -> 194
47 -> 47
50 -> 50
204 -> 204
75 -> 75
108 -> 108
111 -> 111
152 -> 152
163 -> 163
88 -> 88
118 -> 118
203 -> 203
83 -> 83
114 -> 114
156 -> 156
69 -> 69
53 -> 53
15 -> 15
287 -> 287
33 -> 33
115 -> 115
117 -> 117
66 -> 66
103 -> 103
25 -> 25
214 -> 214
95 -> 95
123 -> 123
109 -> 109
291 -> 291
230 -> 230
248 -> 248
54 -> 54
57 -> 57
281 -> 281
228 -> 228
166 -> 166
89 -> 89
241 -> 241
151 -> 151
100 -> 100
22 -> 22
251 -> 251
128 -> 128
113 -> 113
46 -> 46
140 -> 140
185 -> 185
243 -> 243
127 -> 127
250 -> 250
97 -> 97
112 -> 112
175 -> 175
186 -> 186
