110 -> 110
173 -> 173
70 -> 70
109 -> 109
13 -> 13
42 -> 42
65 -> 65
33 -> 33
287 -> 287
233 -> 233
155 -> 155
58 -> 58
74 -> 74
206 -> 206
47 -> 47
247 -> 247
26 -> 26
226 -> 226
120 -> 120
43 -> 43
112 -> 112
193 -> 193
105 -> 105
214 -> 214
243 -> 243
111 -> 111
151 -> 151
234 -> 234
62 -> 62
257 -> 257
99 -> 99
194 -> 194
118 -> 118
23 -> 23
202 -> 202
241 -> 241
113 -> 113
254 -> 254
115 -> 115
227 -> 227
147 -> 147
128 -> 128
55 -> 55
125 -> 125
45 -> 45
290 -> 290
96 -> 96
281 -> 281
207 -> 207
121 -> 121
228 -> 228
215 -> 215
119 -> 119
91 -> 91
64 -> 64
25 -> 25
183 -> 183
216 -> 216
