13 -> 13
14 -> 14
15 -> 15
21 -> 21
22 -> 22
23 -> 23
24 -> 24
25 -> 25
26 -> 26
33 -> 33
34 -> 34
42 -> 42
43 -> 43
45 -> 45
46 -> 46
47 -> 47
48 -> 48
50 -> 50
52 -> 52
53 -> 53
54 -> 54
55 -> 55
57 -> 57
58 -> 58
59 -> 59
60 -> 60
62 -> 62
63 -> 63
64 -> 64
65 -> 65
66 -> 66
67 -> 67
68 -> 68
69 -> 69
70 -> 70
71 -> 71
72 -> 72
74 -> 74
75 -> 75
76 -> 76
78 -> 78
79 -> 79
80 -> 80
81 -> 81
83 -> 83
84 -> 84
85 -> 85
86 -> 86
87 -> 87
88 -> 88
91 -> 91
92 -> 92
93 -> 93
94 -> 94
95 -> 95
96 -> 96
97 -> 97
99 -> 99
100 -> 100
101 -> 101
102 -> 102
103 -> 103
104 -> 104
105 -> 105
106 -> 106
108 -> 108
109 -> 109
110 -> 110
111 -> 111
112 -> 112
113 -> 113
114 -> 114
115 -> 115
116 -> 116
117 -> 117
118 -> 118
119 -> 119
120 -> 120
121 -> 121
122 -> 122
123 -> 123
125 -> 125
126 -> 126
127 -> 127
128 -> 128
130 -> 130
132 -> 132
139 -> 139
140 -> 140
143 -> 143
144 -> 144
147 -> 147
148 -> 148
151 -> 151
152 -> 152
155 -> 155
156 -> 156
163 -> 163
164 -> 164
166 -> 166
167 -> 167
169 -> 169
170 -> 170
173 -> 173
174 -> 174
175 -> 175
183 -> 183
184 -> 184
185 -> 185
186 -> 186
193 -> 193
194 -> 194
202 -> 202
203 -> 203
204 -> 204
205 -> 205
206 -> 206
207 -> 207
214 -> 214
215 -> 215
216 -> 216
217 -> 217
218 -> 218
219 -> 219
226 -> 226
227 -> 227
228 -> 228
230 -> 230
233 -> 233
234 -> 234
241 -> 241
242 -> 242
243 -> 243
247 -> 247
248 -> 248
250 -> 250
254 -> 254
255 -> 255
257 -> 257
281 -> 281
282 -> 282
285 -> 285
287 -> 287
289 -> 289
290 -> 290
291 -> 291
