Breakpoint 0 Set at 7:1
Breakpoint 1 Set at 7:1
Breakpoint 1 Set at 31:1
Breakpoint 2 Set at 27:1
Paused at 31:8
	Hit Breakpoint(s) 1
	Call Stack: sieve 
	Bindings: flags: undefined
		i: undefined
		m: undefined
		sum: undefined
Paused at 27:3
	Hit Breakpoint(s) 2
	Call Stack: nsieve, sieve 
	Bindings: count: number = 2262
		i: number = 20001
		isPrime: array
		k: number = 39994
		m: number = 20000
Paused at 27:3
	Hit Breakpoint(s) 2
	Call Stack: nsieve, sieve 
	Bindings: count: number = 4203
		i: number = 40001
		isPrime: array
		k: number = 79978
		m: number = 40000
Paused at 28:0
	Call Stack: nsieve, sieve 
	Bindings: count: number = 4203
		i: number = 40001
		isPrime: array
		k: number = 79978
		m: number = 40000
Paused at 28:0
	Call Stack: nsieve, sieve 
	Bindings: count: number = 4203
		i: number = 40001
		isPrime: array
		k: number = 79978
		m: number = 40000
Paused at 27:3
	Hit Breakpoint(s) 2
	Call Stack: nsieve, sieve 
	Bindings: count: number = 7837
		i: number = 80001
		isPrime: array
		k: number = 159998
		m: number = 80000
