	Hit Breakpoint(s) 
	Call Stack:  
	Bindings: 
	Hit Breakpoint(s) 
	Call Stack: bitsinbyte, TimeFunc 
	Bindings: b: number = 0
		c: undefined
		m: undefined
	Hit Breakpoint(s) 
	Call Stack: bitsinbyte, TimeFunc 
	Bindings: b: number = 1
		c: undefined
		m: undefined
	Hit Breakpoint(s) 
	Call Stack: bitsinbyte, TimeFunc 
	Bindings: b: number = 2
		c: undefined
		m: undefined
	Hit Breakpoint(s) 
	Call Stack: bitsinbyte, TimeFunc 
	Bindings: b: number = 3
		c: undefined
		m: undefined
	Hit Breakpoint(s) 
	Call Stack: bitsinbyte, TimeFunc 
	Bindings: b: number = 4
		c: undefined
		m: undefined
	Hit Breakpoint(s) 
	Call Stack: bitsinbyte, TimeFunc 
	Bindings: b: number = 5
		c: undefined
		m: undefined
	Hit Breakpoint(s) 
	Call Stack: bitsinbyte, TimeFunc 
	Bindings: b: number = 6
		c: undefined
		m: undefined
	Hit Breakpoint(s) 
	Call Stack: bitsinbyte, TimeFunc 
	Bindings: b: number = 7
		c: undefined
		m: undefined
	Hit Breakpoint(s) 
	Call Stack: bitsinbyte, TimeFunc 
	Bindings: b: number = 8
		c: undefined
		m: undefined
	Hit Breakpoint(s) 
	Call Stack: bitsinbyte, TimeFunc 
	Bindings: b: number = 9
		c: undefined
		m: undefined
	Hit Breakpoint(s) 
	Call Stack: bitsinbyte, TimeFunc 
	Bindings: b: number = 10
		c: undefined
		m: undefined
	Hit Breakpoint(s) 
	Call Stack: bitsinbyte, TimeFunc 
	Bindings: b: number = 11
		c: undefined
		m: undefined
	Hit Breakpoint(s) 
	Call Stack: bitsinbyte, TimeFunc 
	Bindings: b: number = 12
		c: undefined
		m: undefined
	Hit Breakpoint(s) 
	Call Stack: bitsinbyte, TimeFunc 
	Bindings: b: number = 13
		c: undefined
		m: undefined
	Hit Breakpoint(s) 
	Call Stack: bitsinbyte, TimeFunc 
	Bindings: b: number = 14
		c: undefined
		m: undefined
	Hit Breakpoint(s) 
	Call Stack: bitsinbyte, TimeFunc 
	Bindings: b: number = 15
		c: undefined
		m: undefined
	Hit Breakpoint(s) 
	Call Stack: bitsinbyte, TimeFunc 
	Bindings: b: number = 16
		c: undefined
		m: undefined
	Hit Breakpoint(s) 
	Call Stack: bitsinbyte, TimeFunc 
	Bindings: b: number = 17
		c: undefined
		m: undefined
	Hit Breakpoint(s) 
	Call Stack: bitsinbyte, TimeFunc 
	Bindings: b: number = 18
		c: undefined
		m: undefined
	Hit Breakpoint(s) 
	Call Stack: bitsinbyte, TimeFunc 
	Bindings: b: number = 19
		c: undefined
		m: undefined
	Hit Breakpoint(s) 
	Call Stack: bitsinbyte, TimeFunc 
	Bindings: b: number = 20
		c: undefined
		m: undefined
	Hit Breakpoint(s) 
	Call Stack: bitsinbyte, TimeFunc 
	Bindings: b: number = 21
		c: undefined
		m: undefined
	Hit Breakpoint(s) 
	Call Stack: bitsinbyte, TimeFunc 
	Bindings: b: number = 22
		c: undefined
		m: undefined
	Hit Breakpoint(s) 
	Call Stack: bitsinbyte, TimeFunc 
	Bindings: b: number = 23
		c: undefined
		m: undefined
	Hit Breakpoint(s) 
	Call Stack: bitsinbyte, TimeFunc 
	Bindings: b: number = 24
		c: undefined
		m: undefined
	Hit Breakpoint(s) 
	Call Stack: bitsinbyte, TimeFunc 
	Bindings: b: number = 25
		c: undefined
		m: undefined
	Hit Breakpoint(s) 
	Call Stack: bitsinbyte, TimeFunc 
	Bindings: b: number = 26
		c: undefined
		m: undefined
	Hit Breakpoint(s) 
	Call Stack: bitsinbyte, TimeFunc 
	Bindings: b: number = 27
		c: undefined
		m: undefined
	Hit Breakpoint(s) 
	Call Stack: bitsinbyte, TimeFunc 
	Bindings: b: number = 28
		c: undefined
		m: undefined
	Hit Breakpoint(s) 
	Call Stack: bitsinbyte, TimeFunc 
	Bindings: b: number = 29
		c: undefined
		m: undefined
	Hit Breakpoint(s) 
	Call Stack: bitsinbyte, TimeFunc 
	Bindings: b: number = 30
		c: undefined
		m: undefined
	Hit Breakpoint(s) 
	Call Stack: bitsinbyte, TimeFunc 
	Bindings: b: number = 31
		c: undefined
		m: undefined
	Hit Breakpoint(s) 
	Call Stack: bitsinbyte, TimeFunc 
	Bindings: b: number = 32
		c: undefined
		m: undefined
	Hit Breakpoint(s) 
	Call Stack: bitsinbyte, TimeFunc 
	Bindings: b: number = 33
		c: undefined
		m: undefined
	Hit Breakpoint(s) 
	Call Stack: bitsinbyte, TimeFunc 
	Bindings: b: number = 34
		c: undefined
		m: undefined
	Hit Breakpoint(s) 
	Call Stack: bitsinbyte, TimeFunc 
	Bindings: b: number = 35
		c: undefined
		m: undefined
	Hit Breakpoint(s) 
	Call Stack: bitsinbyte, TimeFunc 
	Bindings: b: number = 36
		c: undefined
		m: undefined
	Hit Breakpoint(s) 
	Call Stack: bitsinbyte, TimeFunc 
	Bindings: b: number = 37
		c: undefined
		m: undefined
	Hit Breakpoint(s) 
	Call Stack: bitsinbyte, TimeFunc 
	Bindings: b: number = 38
		c: undefined
		m: undefined
	Hit Breakpoint(s) 
	Call Stack: bitsinbyte, TimeFunc 
	Bindings: b: number = 39
		c: undefined
		m: undefined
	Hit Breakpoint(s) 
	Call Stack: bitsinbyte, TimeFunc 
	Bindings: b: number = 40
		c: undefined
		m: undefined
	Hit Breakpoint(s) 
	Call Stack: bitsinbyte, TimeFunc 
	Bindings: b: number = 41
		c: undefined
		m: undefined
	Hit Breakpoint(s) 
	Call Stack: bitsinbyte, TimeFunc 
	Bindings: b: number = 42
		c: undefined
		m: undefined
	Hit Breakpoint(s) 
	Call Stack: bitsinbyte, TimeFunc 
	Bindings: b: number = 43
		c: undefined
		m: undefined
	Hit Breakpoint(s) 
	Call Stack: bitsinbyte, TimeFunc 
	Bindings: b: number = 44
		c: undefined
		m: undefined
	Hit Breakpoint(s) 
	Call Stack: bitsinbyte, TimeFunc 
	Bindings: b: number = 45
		c: undefined
		m: undefined
	Hit Breakpoint(s) 
	Call Stack: bitsinbyte, TimeFunc 
	Bindings: b: number = 46
		c: undefined
		m: undefined
	Hit Breakpoint(s) 
	Call Stack: bitsinbyte, TimeFunc 
	Bindings: b: number = 47
		c: undefined
		m: undefined
	Hit Breakpoint(s) 
	Call Stack: bitsinbyte, TimeFunc 
	Bindings: b: number = 48
		c: undefined
		m: undefined
	Hit Breakpoint(s) 
	Call Stack: bitsinbyte, TimeFunc 
	Bindings: b: number = 49
		c: undefined
		m: undefined
	Hit Breakpoint(s) 
	Call Stack: bitsinbyte, TimeFunc 
	Bindings: b: number = 50
		c: undefined
		m: undefined
	Hit Breakpoint(s) 
	Call Stack: bitsinbyte, TimeFunc 
	Bindings: b: number = 51
		c: undefined
		m: undefined
	Hit Breakpoint(s) 
	Call Stack: bitsinbyte, TimeFunc 
	Bindings: b: number = 52
		c: undefined
		m: undefined
	Hit Breakpoint(s) 
	Call Stack: bitsinbyte, TimeFunc 
	Bindings: b: number = 53
		c: undefined
		m: undefined
	Hit Breakpoint(s) 
	Call Stack: bitsinbyte, TimeFunc 
	Bindings: b: number = 54
		c: undefined
		m: undefined
	Hit Breakpoint(s) 
	Call Stack: bitsinbyte, TimeFunc 
	Bindings: b: number = 55
		c: undefined
		m: undefined
	Hit Breakpoint(s) 
	Call Stack: bitsinbyte, TimeFunc 
	Bindings: b: number = 56
		c: undefined
		m: undefined
	Hit Breakpoint(s) 
	Call Stack: bitsinbyte, TimeFunc 
	Bindings: b: number = 57
		c: undefined
		m: undefined
	Hit Breakpoint(s) 
	Call Stack: bitsinbyte, TimeFunc 
	Bindings: b: number = 58
		c: undefined
		m: undefined
	Hit Breakpoint(s) 
	Call Stack: bitsinbyte, TimeFunc 
	Bindings: b: number = 59
		c: undefined
		m: undefined
	Hit Breakpoint(s) 
	Call Stack: bitsinbyte, TimeFunc 
	Bindings: b: number = 60
		c: undefined
		m: undefined
	Hit Breakpoint(s) 
	Call Stack: bitsinbyte, TimeFunc 
	Bindings: b: number = 61
		c: undefined
		m: undefined
	Hit Breakpoint(s) 
	Call Stack: bitsinbyte, TimeFunc 
	Bindings: b: number = 62
		c: undefined
		m: undefined
	Hit Breakpoint(s) 
	Call Stack: bitsinbyte, TimeFunc 
	Bindings: b: number = 63
		c: undefined
		m: undefined
	Hit Breakpoint(s) 
	Call Stack: bitsinbyte, TimeFunc 
	Bindings: b: number = 64
		c: undefined
		m: undefined
	Hit Breakpoint(s) 
	Call Stack: bitsinbyte, TimeFunc 
	Bindings: b: number = 65
		c: undefined
		m: undefined
	Hit Breakpoint(s) 
	Call Stack: bitsinbyte, TimeFunc 
	Bindings: b: number = 66
		c: undefined
		m: undefined
	Hit Breakpoint(s) 
	Call Stack: bitsinbyte, TimeFunc 
	Bindings: b: number = 67
		c: undefined
		m: undefined
	Hit Breakpoint(s) 
	Call Stack: bitsinbyte, TimeFunc 
	Bindings: b: number = 68
		c: undefined
		m: undefined
	Hit Breakpoint(s) 
	Call Stack: bitsinbyte, TimeFunc 
	Bindings: b: number = 69
		c: undefined
		m: undefined
	Hit Breakpoint(s) 
	Call Stack: bitsinbyte, TimeFunc 
	Bindings: b: number = 70
		c: undefined
		m: undefined
	Hit Breakpoint(s) 
	Call Stack: bitsinbyte, TimeFunc 
	Bindings: b: number = 71
		c: undefined
		m: undefined
	Hit Breakpoint(s) 
	Call Stack: bitsinbyte, TimeFunc 
	Bindings: b: number = 72
		c: undefined
		m: undefined
	Hit Breakpoint(s) 
	Call Stack: bitsinbyte, TimeFunc 
	Bindings: b: number = 73
		c: undefined
		m: undefined
	Hit Breakpoint(s) 
	Call Stack: bitsinbyte, TimeFunc 
	Bindings: b: number = 74
		c: undefined
		m: undefined
	Hit Breakpoint(s) 
	Call Stack: bitsinbyte, TimeFunc 
	Bindings: b: number = 75
		c: undefined
		m: undefined
	Hit Breakpoint(s) 
	Call Stack: bitsinbyte, TimeFunc 
	Bindings: b: number = 76
		c: undefined
		m: undefined
	Hit Breakpoint(s) 
	Call Stack: bitsinbyte, TimeFunc 
	Bindings: b: number = 77
		c: undefined
		m: undefined
	Hit Breakpoint(s) 
	Call Stack: bitsinbyte, TimeFunc 
	Bindings: b: number = 78
		c: undefined
		m: undefined
	Hit Breakpoint(s) 
	Call Stack: bitsinbyte, TimeFunc 
	Bindings: b: number = 79
		c: undefined
		m: undefined
	Hit Breakpoint(s) 
	Call Stack: bitsinbyte, TimeFunc 
	Bindings: b: number = 80
		c: undefined
		m: undefined
	Hit Breakpoint(s) 
	Call Stack: bitsinbyte, TimeFunc 
	Bindings: b: number = 81
		c: undefined
		m: undefined
	Hit Breakpoint(s) 
	Call Stack: bitsinbyte, TimeFunc 
	Bindings: b: number = 82
		c: undefined
		m: undefined
	Hit Breakpoint(s) 
	Call Stack: bitsinbyte, TimeFunc 
	Bindings: b: number = 83
		c: undefined
		m: undefined
	Hit Breakpoint(s) 
	Call Stack: bitsinbyte, TimeFunc 
	Bindings: b: number = 84
		c: undefined
		m: undefined
	Hit Breakpoint(s) 
	Call Stack: bitsinbyte, TimeFunc 
	Bindings: b: number = 85
		c: undefined
		m: undefined
	Hit Breakpoint(s) 
	Call Stack: bitsinbyte, TimeFunc 
	Bindings: b: number = 86
		c: undefined
		m: undefined
	Hit Breakpoint(s) 
	Call Stack: bitsinbyte, TimeFunc 
	Bindings: b: number = 87
		c: undefined
		m: undefined
	Hit Breakpoint(s) 
	Call Stack: bitsinbyte, TimeFunc 
	Bindings: b: number = 88
		c: undefined
		m: undefined
	Hit Breakpoint(s) 
	Call Stack: bitsinbyte, TimeFunc 
	Bindings: b: number = 89
		c: undefined
		m: undefined
	Hit Breakpoint(s) 
	Call Stack: bitsinbyte, TimeFunc 
	Bindings: b: number = 90
		c: undefined
		m: undefined
	Hit Breakpoint(s) 
	Call Stack: bitsinbyte, TimeFunc 
	Bindings: b: number = 91
		c: undefined
		m: undefined
	Hit Breakpoint(s) 
	Call Stack: bitsinbyte, TimeFunc 
	Bindings: b: number = 92
		c: undefined
		m: undefined
	Hit Breakpoint(s) 
	Call Stack: bitsinbyte, TimeFunc 
	Bindings: b: number = 93
		c: undefined
		m: undefined
	Hit Breakpoint(s) 
	Call Stack: bitsinbyte, TimeFunc 
	Bindings: b: number = 94
		c: undefined
		m: undefined
	Hit Breakpoint(s) 
	Call Stack: bitsinbyte, TimeFunc 
	Bindings: b: number = 95
		c: undefined
		m: undefined
	Hit Breakpoint(s) 
	Call Stack: bitsinbyte, TimeFunc 
	Bindings: b: number = 96
		c: undefined
		m: undefined
	Hit Breakpoint(s) 
	Call Stack: bitsinbyte, TimeFunc 
	Bindings: b: number = 97
		c: undefined
		m: undefined
	Hit Breakpoint(s) 
	Call Stack: bitsinbyte, TimeFunc 
	Bindings: b: number = 98
		c: undefined
		m: undefined
	Hit Breakpoint(s) 
	Call Stack: bitsinbyte, TimeFunc 
	Bindings: b: number = 99
		c: undefined
		m: undefined
