Breakpoint Set at 14
Breakpoint Set at 26
Breakpoint Set at 165
Breakpoint Set at 152
Breakpoint Set at 282
Breakpoint Set at 71
Breakpoint Set at 258
Breakpoint Set at 184
Breakpoint Set at 255
Breakpoint Set at 53
Breakpoint Set at 207
Breakpoint Set at 258
Breakpoint Set at 110
Breakpoint Set at 231
Breakpoint Set at 282
Breakpoint Set at 286
Breakpoint Set at 256
Breakpoint Set at 282
Breakpoint Set at 14
Breakpoint Set at 55
Breakpoint Set at 258
Breakpoint Set at 63
Breakpoint Set at 282
Breakpoint Set at 124
Paused at 14
	Hit Breakpoint(s) 
	Call Stack:  
	Bindings: 
Paused at 258
	Hit Breakpoint(s) 
	Call Stack:  
	Bindings: 
Paused at 282
	Hit Breakpoint(s) 
	Call Stack:  
	Bindings: 
Paused at 286
	Hit Breakpoint(s) 
	Call Stack:  
	Bindings: 
Paused at 207
	Hit Breakpoint(s) 
	Call Stack: str2binl, hex_md5 
	Bindings: bin: array
		i: number = 126592
		mask: number = 255
		str: string = o peace,
Profaners of this neighbour-stained steel,--
Will they not hear? What, ho! you men, you beasts,
That quench the fire of your pernicious rage
With purple fountains issuing from your veins,
On pain of torture, from those bloody hands
Throw your mistemper'd weapons to the ground,
And hear the sentence of your moved prince.
Three civil brawls, bred of an airy word,
By thee, old Capulet, and Montague,
Have thrice disturb'd the quiet of our streets,
And made Verona's ancient citizens
Cast by their grave beseeming ornaments,
To wield old partisans, in hands as old,
Canker'd with peace, to part your canker'd hate:
If ever you disturb our streets again,
Your lives shall pay the forfeit of the peace.
For this time, all the rest depart away:
You Capulet; shall go along with me:
And, Montague, come you this afternoon,
To know our further pleasure in this case,
To old Free-town, our common judgment-place.
Once more, on pain of death, all men depart.Rebellious subjects, enemies to peace,
Profaners of this neighbour-stained steel,--
Will they not hear? What, ho! you men, you beasts,
That quench the fire of your pernicious rage
With purple fountains issuing from your veins,
On pain of torture, from those bloody hands
Throw your mistemper'd weapons to the ground,
And hear the sentence of your moved prince.
Three civil brawls, bred of an airy word,
By thee, old Capulet, and Montague,
Have thrice disturb'd the quiet of our streets,
And made Verona's ancient citizens
Cast by their grave beseeming ornaments,
To wield old partisans, in hands as old,
Canker'd with peace, to part your canker'd hate:
If ever you disturb our streets again,
Your lives shall pay the forfeit of the peace.
For this time, all the rest depart away:
You Capulet; shall go along with me:
And, Montague, come you this afternoon,
To know our further pleasure in this case,
To old Free-town, our common judgment-place.
Once more, on pain of death, all men depart.Rebellious subjects, enemies to peace,
Profaners of this neighbour-stained steel,--
Will they not hear? What, ho! you men, you beasts,
That quench the fire of your pernicious rage
With purple fountains issuing from your veins,
On pain of torture, from those bloody hands
Throw your mistemper'd weapons to the ground,
And hear the sentence of your moved prince.
Three civil brawls, bred of an airy word,
By thee, old Capulet, and Montague,
Have thrice disturb'd the quiet of our streets,
And made Verona's ancient citizens
Cast by their grave beseeming ornaments,
To wield old partisans, in hands as old,
Canker'd with peace, to part your canker'd hate:
If ever you disturb our streets again,
Your lives shall pay the forfeit of the peace.
For this time, all the rest depart away:
You Capulet; shall go along with me:
And, Montague, come you this afternoon,
To know our further pleasure in this case,
To old Free-town, our common judgment-place.
Once more, on pain of death, all men depart.Rebellious subjects, enemies to peace,
Profaners of this neighbour-stained steel,--
Will they not hear? What, ho! you men, you beasts,
That quench the fire of your pernicious rage
With purple fountains issuing from your veins,
On pain of torture, from those bloody hands
Throw your mistemper'd weapons to the ground,
And hear the sentence of your moved prince.
Three civil brawls, bred of an airy word,
By thee, old Capulet, and Montague,
Have thrice disturb'd the quiet of our streets,
And made Verona's ancient citizens
Cast by their grave beseeming ornaments,
To wield old partisans, in hands as old,
Canker'd with peace, to part your canker'd hate:
If ever you disturb our streets again,
Your lives shall pay the forfeit of the peace.
For this time, all the rest depart away:
You Capulet; shall go along with me:
And, Montague, come you this afternoon,
To know our further pleasure in this case,
To old Free-town, our common judgment-place.
Once more, on pain of death, all men depart.Rebellious subjects, enemies to peace,
Profaners of this neighbour-stained steel,--
Will they not hear? What, ho! you men, you beasts,
That quench the fire of your pernicious rage
With purple fountains issuing from your veins,
On pain of torture, from those bloody hands
Throw your mistemper'd weapons to the ground,
And hear the sentence of your moved prince.
Three civil brawls, bred of an airy word,
By thee, old Capulet, and Montague,
Have thrice disturb'd the quiet of our streets,
And made Verona's ancient citizens
Cast by their grave beseeming ornaments,
To wield old partisans, in hands as old,
Canker'd with peace, to part your canker'd hate:
If ever you disturb our streets again,
Your lives shall pay the forfeit of the peace.
For this time, all the rest depart away:
You Capulet; shall go along with me:
And, Montague, come you this afternoon,
To know our further pleasure in this case,
To old Free-town, our common judgment-place.
Once more, on pain of death, all men depart.Rebellious subjects, enemies to peace,
Profaners of this neighbour-stained steel,--
Will they not hear? What, ho! you men, you beasts,
That quench the fire of your pernicious rage
With purple fountains issuing from your veins,
On pain of torture, from those bloody hands
Throw your mistemper'd weapons to the ground,
And hear the sentence of your moved prince.
Three civil brawls, bred of an airy word,
By thee, old Capulet, and Montague,
Have thrice disturb'd the quiet of our streets,
And made Verona's ancient citizens
Cast by their grave beseeming ornaments,
To wield old partisans, in hands as old,
Canker'd with peace, to part your canker'd hate:
If ever you disturb our streets again,
Your lives shall pay the forfeit of the peace.
For this time, all the rest depart away:
You Capulet; shall go along with me:
And, Montague, come you this afternoon,
To know our further pleasure in this case,
To old Free-town, our common judgment-place.
Once more, on pain of death, all men depart.Rebellious subjects, enemies to peace,
Profaners of this neighbour-stained steel,--
Will they not hear? What, ho! you men, you beasts,
That quench the fire of your pernicious rage
With purple fountains issuing from your veins,
On pain of torture, from those bloody hands
Throw your mistemper'd weapons to the ground,
And hear the sentence of your moved prince.
Three civil brawls, bred of an airy word,
By thee, old Capulet, and Montague,
Have thrice disturb'd the quiet of our streets,
And made Verona's ancient citizens
Cast by their grave beseeming ornaments,
To wield old partisans, in hands as old,
Canker'd with peace, to part your canker'd hate:
If ever you disturb our streets again,
Your lives shall pay the forfeit of the peace.
For this time, all the rest depart away:
You Capulet; shall go along with me:
And, Montague, come you this afternoon,
To know our further pleasure in this case,
To old Free-town, our common judgment-place.
Once more, on pain of death, all men depart.Rebellious subjects, enemies to peace,
Profaners of this neighbour-stained steel,--
Will they not hear? What, ho! you men, you beasts,
That quench the fire of your pernicious rage
With purple fountains issuing from your veins,
On pain of torture, from those bloody hands
Throw your mistemper'd weapons to the ground,
And hear the sentence of your moved prince.
Three civil brawls, bred of an airy word,
By thee, old Capulet, and Montague,
Have thrice disturb'd the quiet of our streets,
And made Verona's ancient citizens
Cast by their grave beseeming ornaments,
To wield old partisans, in hands as old,
Canker'd with peace, to part your canker'd hate:
If ever you disturb our streets again,
Your lives shall pay the forfeit of the peace.
For this time, all the rest depart away:
You Capulet; shall go along with me:
And, Montague, come you this afternoon,
To know our further pleasure in this case,
To old Free-town, our common judgment-place.
Once more, on pain of death, all men depart.Rebellious subjects, enemies to peace,
Profaners of this neighbour-stained steel,--
Will they not hear? What, ho! you men, you beasts,
That quench the fire of your pernicious rage
With purple fountains issuing from your veins,
On pain of torture, from those bloody hands
Throw your mistemper'd weapons to the ground,
And hear the sentence of your moved prince.
Three civil brawls, bred of an airy word,
By thee, old Capulet, and Montague,
Have thrice disturb'd the quiet of our streets,
And made Verona's ancient citizens
Cast by their grave beseeming ornaments,
To wield old partisans, in hands as old,
Canker'd with peace, to part your canker'd hate:
If ever you disturb our streets again,
Your lives shall pay the forfeit of the peace.
For this time, all the rest depart away:
You Capulet; shall go along with me:
And, Montague, come you this afternoon,
To know our further pleasure in this case,
To old Free-town, our common judgment-place.
Once more, on pain of death, all men depart.Rebellious subjects, enemies to peace,
Profaners of this neighbour-stained steel,--
Will they not hear? What, ho! you men, you beasts,
That quench the fire of your pernicious rage
With purple fountains issuing from your veins,
On pain of torture, from those bloody hands
Throw your mistemper'd weapons to the ground,
And hear the sentence of your moved prince.
Three civil brawls, bred of an airy word,
By thee, old Capulet, and Montague,
Have thrice disturb'd the quiet of our streets,
And made Verona's ancient citizens
Cast by their grave beseeming ornaments,
To wield old partisans, in hands as old,
Canker'd with peace, to part your canker'd hate:
If ever you disturb our streets again,
Your lives shall pay the forfeit of the peace.
For this time, all the rest depart away:
You Capulet; shall go along with me:
And, Montague, come you this afternoon,
To know our further pleasure in this case,
To old Free-town, our common judgment-place.
Once more, on pain of death, all men depart.Rebellious subjects, enemies to peace,
Profaners of this neighbour-stained steel,--
Will they not hear? What, ho! you men, you beasts,
That quench the fire of your pernicious rage
With purple fountains issuing from your veins,
On pain of torture, from those bloody hands
Throw your mistemper'd weapons to the ground,
And hear the sentence of your moved prince.
Three civil brawls, bred of an airy word,
By thee, old Capulet, and Montague,
Have thrice disturb'd the quiet of our streets,
And made Verona's ancient citizens
Cast by their grave beseeming ornaments,
To wield old partisans, in hands as old,
Canker'd with peace, to part your canker'd hate:
If ever you disturb our streets again,
Your lives shall pay the forfeit of the peace.
For this time, all the rest depart away:
You Capulet; shall go along with me:
And, Montague, come you this afternoon,
To know our further pleasure in this case,
To old Free-town, our common judgment-place.
Once more, on pain of death, all men depart.Rebellious subjects, enemies to peace,
Profaners of this neighbour-stained steel,--
Will they not hear? What, ho! you men, you beasts,
That quench the fire of your pernicious rage
With purple fountains issuing from your veins,
On pain of torture, from those bloody hands
Throw your mistemper'd weapons to the ground,
And hear the sentence of your moved prince.
Three civil brawls, bred of an airy word,
By thee, old Capulet, and Montague,
Have thrice disturb'd the quiet of our streets,
And made Verona's ancient citizens
Cast by their grave beseeming ornaments,
To wield old partisans, in hands as old,
Canker'd with peace, to part your canker'd hate:
If ever you disturb our streets again,
Your lives shall pay the forfeit of the peace.
For this time, all the rest depart away:
You Capulet; shall go along with me:
And, Montague, come you this afternoon,
To know our further pleasure in this case,
To old Free-town, our common judgment-place.
Once more, on pain of death, all men depart.Rebellious subjects, enemies to peace,
Profaners of this neighbour-stained steel,--
Will they not hear? What, ho! you men, you beasts,
That quench the fire of your pernicious rage
With purple fountains issuing from your veins,
On pain of torture, from those bloody hands
Throw your mistemper'd weapons to the ground,
And hear the sentence of your moved prince.
Three civil brawls, bred of an airy word,
By thee, old Capulet, and Montague,
Have thrice disturb'd the quiet of our streets,
And made Verona's ancient citizens
Cast by their grave beseeming ornaments,
To wield old partisans, in hands as old,
Canker'd with peace, to part your canker'd hate:
If ever you disturb our streets again,
Your lives shall pay the forfeit of the peace.
For this time, all the rest depart away:
You Capulet; shall go along with me:
And, Montague, come you this afternoon,
To know our further pleasure in this case,
To old Free-town, our common judgment-place.
Once more, on pain of death, all men depart.Rebellious subjects, enemies to peace,
Profaners of this neighbour-stained steel,--
Will they not hear? What, ho! you men, you beasts,
That quench the fire of your pernicious rage
With purple fountains issuing from your veins,
On pain of torture, from those bloody hands
Throw your mistemper'd weapons to the ground,
And hear the sentence of your moved prince.
Three civil brawls, bred of an airy word,
By thee, old Capulet, and Montague,
Have thrice disturb'd the quiet of our streets,
And made Verona's ancient citizens
Cast by their grave beseeming ornaments,
To wield old partisans, in hands as old,
Canker'd with peace, to part your canker'd hate:
If ever you disturb our streets again,
Your lives shall pay the forfeit of the peace.
For this time, all the rest depart away:
You Capulet; shall go along with me:
And, Montague, come you this afternoon,
To know our further pleasure in this case,
To old Free-town, our common judgment-place.
Once more, on pain of death, all men depart.Rebellious subjects, enemies to peace,
Profaners of this neighbour-stained steel,--
Will they not hear? What, ho! you men, you beasts,
That quench the fire of your pernicious rage
With purple fountains issuing from your veins,
On pain of torture, from those bloody hands
Throw your mistemper'd weapons to the ground,
And hear the sentence of your moved prince.
Three civil brawls, bred of an airy word,
By thee, old Capulet, and Montague,
Have thrice disturb'd the quiet of our streets,
And made Verona's ancient citizens
Cast by their grave beseeming ornaments,
To wield old partisans, in hands as old,
Canker'd with peace, to part your canker'd hate:
If ever you disturb our streets again,
Your lives shall pay the forfeit of the peace.
For this time, all the rest depart away:
You Capulet; shall go along with me:
And, Montague, come you this afternoon,
To know our further pleasure in this case,
To old Free-town, our common judgment-place.
Once more, on pain of death, all men depart.Rebellious subjects, enemies to peace,
Profaners of this neighbour-stained steel,--
Will they not hear? What, ho! you men, you beasts,
That quench the fire of your pernicious rage
With purple fountains issuing from your veins,
On pain of torture, from those bloody hands
Throw your mistemper'd weapons to the ground,
And hear the sentence of your moved prince.
Three civil brawls, bred of an airy word,
By thee, old Capulet, and Montague,
Have thrice disturb'd the quiet of our streets,
And made Verona's ancient citizens
Cast by their grave beseeming ornaments,
To wield old partisans, in hands as old,
Canker'd with peace, to part your canker'd hate:
If ever you disturb our streets again,
Your lives shall pay the forfeit of the peace.
For this time, all the rest depart away:
You Capulet; shall go along with me:
And, Montague, come you this afternoon,
To know our further pleasure in this case,
To old Free-town, our common judgment-place.
Once more, on pain of death, all men depart.
Paused at 53
	Hit Breakpoint(s) 
	Call Stack: core_md5, hex_md5 
	Bindings: a: number = 1732584193
		b: number = -271733879
		c: number = -1732584194
		d: number = 271733878
		i: number = 0
		len: number = 126592
		olda: undefined
		oldb: undefined
		oldc: undefined
		oldd: undefined
		x: array
Paused at 55
	Hit Breakpoint(s) 
	Call Stack: core_md5, hex_md5 
	Bindings: a: number = 1732584193
		b: number = -271733879
		c: number = -1732584194
		d: number = 271733878
		i: number = 0
		len: number = 126592
		olda: number = 1732584193
		oldb: number = -271733879
		oldc: undefined
		oldd: undefined
		x: array
Paused at 184
	Hit Breakpoint(s) 
	Call Stack: safe_add, md5_cmn, md5_ff, core_md5, hex_md5 
	Bindings: lsw: undefined
		msw: undefined
		x: number = 1732584193
		y: number = -1732584194
Paused at 184
	Hit Breakpoint(s) 
	Call Stack: safe_add, md5_cmn, md5_ff, core_md5, hex_md5 
	Bindings: lsw: undefined
		msw: undefined
		x: number = 1700947282
		y: number = -680876936
Paused at 184
	Hit Breakpoint(s) 
	Call Stack: safe_add, md5_cmn, md5_ff, core_md5, hex_md5 
	Bindings: lsw: undefined
		msw: undefined
		x: number = -1
		y: number = 1020070346
Paused at 184
	Hit Breakpoint(s) 
	Call Stack: safe_add, md5_cmn, md5_ff, core_md5, hex_md5 
	Bindings: lsw: undefined
		msw: undefined
		x: number = 1719985310
		y: number = -271733879
Paused at 184
	Hit Breakpoint(s) 
	Call Stack: safe_add, md5_cmn, md5_ff, core_md5, hex_md5 
	Bindings: lsw: undefined
		msw: undefined
		x: number = 271733878
		y: number = -823604007
Paused at 184
	Hit Breakpoint(s) 
	Call Stack: safe_add, md5_cmn, md5_ff, core_md5, hex_md5 
	Bindings: lsw: undefined
		msw: undefined
		x: number = 1869180012
		y: number = -389564586
Paused at 184
	Hit Breakpoint(s) 
	Call Stack: safe_add, md5_cmn, md5_ff, core_md5, hex_md5 
	Bindings: lsw: undefined
		msw: undefined
		x: number = -551870129
		y: number = 1479615426
Paused at 184
	Hit Breakpoint(s) 
	Call Stack: safe_add, md5_cmn, md5_ff, core_md5, hex_md5 
	Bindings: lsw: undefined
		msw: undefined
		x: number = -1001319564
		y: number = 1448251431
Paused at 184
	Hit Breakpoint(s) 
	Call Stack: safe_add, md5_cmn, md5_ff, core_md5, hex_md5 
	Bindings: lsw: undefined
		msw: undefined
		x: number = -1732584194
		y: number = -145848317
Paused at 184
	Hit Breakpoint(s) 
	Call Stack: safe_add, md5_cmn, md5_ff, core_md5, hex_md5 
	Bindings: lsw: undefined
		msw: undefined
		x: number = 1931506549
		y: number = 606105819
Paused at 184
	Hit Breakpoint(s) 
	Call Stack: safe_add, md5_cmn, md5_ff, core_md5, hex_md5 
	Bindings: lsw: undefined
		msw: undefined
		x: number = -1878432511
		y: number = -1757354928
Paused at 184
	Hit Breakpoint(s) 
	Call Stack: safe_add, md5_cmn, md5_ff, core_md5, hex_md5 
	Bindings: lsw: undefined
		msw: undefined
		x: number = -1834856812
		y: number = 446931867
Paused at 184
	Hit Breakpoint(s) 
	Call Stack: safe_add, md5_cmn, md5_ff, core_md5, hex_md5 
	Bindings: lsw: undefined
		msw: undefined
		x: number = -271733879
		y: number = 1511236107
Paused at 184
	Hit Breakpoint(s) 
	Call Stack: safe_add, md5_cmn, md5_ff, core_md5, hex_md5 
	Bindings: lsw: undefined
		msw: undefined
		x: number = 1701470837
		y: number = -1044525330
Paused at 184
	Hit Breakpoint(s) 
	Call Stack: safe_add, md5_cmn, md5_ff, core_md5, hex_md5 
	Bindings: lsw: undefined
		msw: undefined
		x: number = 1239502228
		y: number = 656945507
Paused at 184
	Hit Breakpoint(s) 
	Call Stack: safe_add, md5_cmn, md5_ff, core_md5, hex_md5 
	Bindings: lsw: undefined
		msw: undefined
		x: number = -1109638561
		y: number = -1387924945
Paused at 184
	Hit Breakpoint(s) 
	Call Stack: safe_add, md5_cmn, md5_ff, core_md5, hex_md5 
	Bindings: lsw: undefined
		msw: undefined
		x: number = 1448251431
		y: number = 964801311
Paused at 184
	Hit Breakpoint(s) 
	Call Stack: safe_add, md5_cmn, md5_ff, core_md5, hex_md5 
	Bindings: lsw: undefined
		msw: undefined
		x: number = 745763939
		y: number = -176418897
Paused at 184
	Hit Breakpoint(s) 
	Call Stack: safe_add, md5_cmn, md5_ff, core_md5, hex_md5 
	Bindings: lsw: undefined
		msw: undefined
		x: number = -1881914554
		y: number = 569345042
Paused at 184
	Hit Breakpoint(s) 
	Call Stack: safe_add, md5_cmn, md5_ff, core_md5, hex_md5 
	Bindings: lsw: undefined
		msw: undefined
		x: number = -505172904
		y: number = 1797403790
Paused at 63
	Hit Breakpoint(s) 
	Call Stack: core_md5, hex_md5 
	Bindings: a: number = 1292230886
		b: number = 1797403790
		c: number = -1387924945
		d: number = 446931867
		i: number = 0
		len: number = 126592
		olda: number = 1732584193
		oldb: number = -271733879
		oldc: number = -1732584194
		oldd: number = 271733878
		x: array
Paused at 184
	Hit Breakpoint(s) 
	Call Stack: safe_add, md5_cmn, md5_ff, core_md5, hex_md5 
	Bindings: lsw: undefined
		msw: undefined
		x: number = 446931867
		y: number = -381668721
Paused at 184
	Hit Breakpoint(s) 
	Call Stack: safe_add, md5_cmn, md5_ff, core_md5, hex_md5 
	Bindings: lsw: undefined
		msw: undefined
		x: number = 1701733664
		y: number = 1200080426
Paused at 184
	Hit Breakpoint(s) 
	Call Stack: safe_add, md5_cmn, md5_ff, core_md5, hex_md5 
	Bindings: lsw: undefined
		msw: undefined
		x: number = 65263146
		y: number = -1393153206
Paused at 184
	Hit Breakpoint(s) 
	Call Stack: safe_add, md5_cmn, md5_ff, core_md5, hex_md5 
	Bindings: lsw: undefined
		msw: undefined
		x: number = -1609086195
		y: number = 1292230886
Paused at 184
	Hit Breakpoint(s) 
	Call Stack: safe_add, md5_cmn, md5_ff, core_md5, hex_md5 
	Bindings: lsw: undefined
		msw: undefined
		x: number = -1387924945
		y: number = 1327969518
Paused at 184
	Hit Breakpoint(s) 
	Call Stack: safe_add, md5_cmn, md5_ff, core_md5, hex_md5 
	Bindings: lsw: undefined
		msw: undefined
		x: number = 1936025965
		y: number = -1473231341
Paused at 184
	Hit Breakpoint(s) 
	Call Stack: safe_add, md5_cmn, md5_ff, core_md5, hex_md5 
	Bindings: lsw: undefined
		msw: undefined
		x: number = -59955427
		y: number = 462794624
Paused at 184
	Hit Breakpoint(s) 
	Call Stack: safe_add, md5_cmn, md5_ff, core_md5, hex_md5 
	Bindings: lsw: undefined
		msw: undefined
		x: number = -1388695547
		y: number = -316855309
Paused at 184
	Hit Breakpoint(s) 
	Call Stack: safe_add, md5_cmn, md5_ff, core_md5, hex_md5 
	Bindings: lsw: undefined
		msw: undefined
		x: number = 1797403790
		y: number = -854217738
Paused at 184
	Hit Breakpoint(s) 
	Call Stack: safe_add, md5_cmn, md5_ff, core_md5, hex_md5 
	Bindings: lsw: undefined
		msw: undefined
		x: number = 544175136
		y: number = -45705983
Paused at 184
	Hit Breakpoint(s) 
	Call Stack: safe_add, md5_cmn, md5_ff, core_md5, hex_md5 
	Bindings: lsw: undefined
		msw: undefined
		x: number = 943186052
		y: number = 498469153
Paused at 184
	Hit Breakpoint(s) 
	Call Stack: safe_add, md5_cmn, md5_ff, core_md5, hex_md5 
	Bindings: lsw: undefined
		msw: undefined
		x: number = 1767209850
		y: number = -1705550856
Paused at 184
	Hit Breakpoint(s) 
	Call Stack: safe_add, md5_cmn, md5_ff, core_md5, hex_md5 
	Bindings: lsw: undefined
		msw: undefined
		x: number = 1292230886
		y: number = -300581903
Paused at 184
	Hit Breakpoint(s) 
	Call Stack: safe_add, md5_cmn, md5_ff, core_md5, hex_md5 
	Bindings: lsw: undefined
		msw: undefined
		x: number = 1667327344
		y: number = 1770035416
Paused at 184
	Hit Breakpoint(s) 
	Call Stack: safe_add, md5_cmn, md5_ff, core_md5, hex_md5 
	Bindings: lsw: undefined
		msw: undefined
		x: number = 991648983
		y: number = -857604536
Paused at 184
	Hit Breakpoint(s) 
	Call Stack: safe_add, md5_cmn, md5_ff, core_md5, hex_md5 
	Bindings: lsw: undefined
		msw: undefined
		x: number = -22179965
		y: number = 61658994
Paused at 184
	Hit Breakpoint(s) 
	Call Stack: safe_add, md5_cmn, md5_ff, core_md5, hex_md5 
	Bindings: lsw: undefined
		msw: undefined
		x: number = -316855309
		y: number = -1710399624
Paused at 184
	Hit Breakpoint(s) 
	Call Stack: safe_add, md5_cmn, md5_ff, core_md5, hex_md5 
	Bindings: lsw: undefined
		msw: undefined
		x: number = 1342844005
		y: number = -1958414417
Paused at 184
	Hit Breakpoint(s) 
	Call Stack: safe_add, md5_cmn, md5_ff, core_md5, hex_md5 
	Bindings: lsw: undefined
		msw: undefined
		x: number = -2027254933
		y: number = -615570412
Paused at 184
	Hit Breakpoint(s) 
	Call Stack: safe_add, md5_cmn, md5_ff, core_md5, hex_md5 
	Bindings: lsw: undefined
		msw: undefined
		x: number = -1695025625
		y: number = 39479029
Paused at 184
	Hit Breakpoint(s) 
	Call Stack: safe_add, md5_cmn, md5_ff, core_md5, hex_md5 
	Bindings: lsw: undefined
		msw: undefined
		x: number = -1705550856
		y: number = 50251382
Paused at 184
	Hit Breakpoint(s) 
	Call Stack: safe_add, md5_cmn, md5_ff, core_md5, hex_md5 
	Bindings: lsw: undefined
		msw: undefined
		x: number = 1634103154
		y: number = -42063
Paused at 184
	Hit Breakpoint(s) 
	Call Stack: safe_add, md5_cmn, md5_ff, core_md5, hex_md5 
	Bindings: lsw: undefined
		msw: undefined
		x: number = -1655299474
		y: number = 1634061091
Paused at 184
	Hit Breakpoint(s) 
	Call Stack: safe_add, md5_cmn, md5_ff, core_md5, hex_md5 
	Bindings: lsw: undefined
		msw: undefined
		x: number = -618398345
		y: number = -1655546596
Paused at 184
	Hit Breakpoint(s) 
	Call Stack: safe_add, md5_cmn, md5_ff, core_md5, hex_md5 
	Bindings: lsw: undefined
		msw: undefined
		x: number = 61658994
		y: number = 442137716
Paused at 184
	Hit Breakpoint(s) 
	Call Stack: safe_add, md5_cmn, md5_ff, core_md5, hex_md5 
	Bindings: lsw: undefined
		msw: undefined
		x: number = 1936876910
		y: number = -1990404162
Paused at 184
	Hit Breakpoint(s) 
	Call Stack: safe_add, md5_cmn, md5_ff, core_md5, hex_md5 
	Bindings: lsw: undefined
		msw: undefined
		x: number = 503796710
		y: number = -53527252
Paused at 184
	Hit Breakpoint(s) 
	Call Stack: safe_add, md5_cmn, md5_ff, core_md5, hex_md5 
	Bindings: lsw: undefined
		msw: undefined
		x: number = 1149679012
		y: number = 2021022355
Paused at 184
	Hit Breakpoint(s) 
	Call Stack: safe_add, md5_cmn, md5_ff, core_md5, hex_md5 
	Bindings: lsw: undefined
		msw: undefined
		x: number = 39479029
		y: number = 964058395
Paused at 184
	Hit Breakpoint(s) 
	Call Stack: safe_add, md5_cmn, md5_ff, core_md5, hex_md5 
	Bindings: lsw: undefined
		msw: undefined
		x: number = 543584032
		y: number = 1804603682
Paused at 184
	Hit Breakpoint(s) 
	Call Stack: safe_add, md5_cmn, md5_ff, core_md5, hex_md5 
	Bindings: lsw: undefined
		msw: undefined
		x: number = 1003537424
		y: number = -1946779582
Paused at 184
	Hit Breakpoint(s) 
	Call Stack: safe_add, md5_cmn, md5_ff, core_md5, hex_md5 
	Bindings: lsw: undefined
		msw: undefined
		x: number = -475911837
		y: number = -1124265929
Paused at 71
	Hit Breakpoint(s) 
	Call Stack: core_md5, hex_md5 
	Bindings: a: number = -1600177766
		b: number = -1124265929
		c: number = 2021022355
		d: number = -1655546596
		i: number = 0
		len: number = 126592
		olda: number = 1732584193
		oldb: number = -271733879
		oldc: number = -1732584194
		oldd: number = 271733878
		x: array
Paused at 184
	Hit Breakpoint(s) 
	Call Stack: safe_add, md5_cmn, md5_ff, core_md5, hex_md5 
	Bindings: lsw: undefined
		msw: undefined
		x: number = -1655546596
		y: number = -117616109
Paused at 184
	Hit Breakpoint(s) 
	Call Stack: safe_add, md5_cmn, md5_ff, core_md5, hex_md5 
	Bindings: lsw: undefined
		msw: undefined
		x: number = 1936287860
		y: number = -40341101
Paused at 184
	Hit Breakpoint(s) 
	Call Stack: safe_add, md5_cmn, md5_ff, core_md5, hex_md5 
	Bindings: lsw: undefined
		msw: undefined
		x: number = -1773162705
		y: number = 1895946759
Paused at 184
	Hit Breakpoint(s) 
	Call Stack: safe_add, md5_cmn, md5_ff, core_md5, hex_md5 
	Bindings: lsw: undefined
		msw: undefined
		x: number = 412311669
		y: number = -1600177766
Paused at 184
	Hit Breakpoint(s) 
	Call Stack: safe_add, md5_cmn, md5_ff, core_md5, hex_md5 
	Bindings: lsw: undefined
		msw: undefined
		x: number = 2021022355
		y: number = -1528883142
Paused at 184
	Hit Breakpoint(s) 
	Call Stack: safe_add, md5_cmn, md5_ff, core_md5, hex_md5 
	Bindings: lsw: undefined
		msw: undefined
		x: number = 1768255008
		y: number = -1502002290
Paused at 184
	Hit Breakpoint(s) 
	Call Stack: safe_add, md5_cmn, md5_ff, core_md5, hex_md5 
	Bindings: lsw: undefined
		msw: undefined
		x: number = 492139213
		y: number = 266252718
Paused at 184
	Hit Breakpoint(s) 
	Call Stack: safe_add, md5_cmn, md5_ff, core_md5, hex_md5 
	Bindings: lsw: undefined
		msw: undefined
		x: number = 1224104552
		y: number = -1187866097
Paused at 184
	Hit Breakpoint(s) 
	Call Stack: safe_add, md5_cmn, md5_ff, core_md5, hex_md5 
	Bindings: lsw: undefined
		msw: undefined
		x: number = -1124265929
		y: number = -1598580337
Paused at 184
	Hit Breakpoint(s) 
	Call Stack: safe_add, md5_cmn, md5_ff, core_md5, hex_md5 
	Bindings: lsw: undefined
		msw: undefined
		x: number = 1868720231
		y: number = 1236535329
Paused at 184
	Hit Breakpoint(s) 
	Call Stack: safe_add, md5_cmn, md5_ff, core_md5, hex_md5 
	Bindings: lsw: undefined
		msw: undefined
		x: number = 1572121030
		y: number = -1189711736
Paused at 184
	Hit Breakpoint(s) 
	Call Stack: safe_add, md5_cmn, md5_ff, core_md5, hex_md5 
	Bindings: lsw: undefined
		msw: undefined
		x: number = -1819954490
		y: number = 36238455
Paused at 184
	Hit Breakpoint(s) 
	Call Stack: safe_add, md5_cmn, md5_gg, core_md5, hex_md5 
	Bindings: lsw: undefined
		msw: undefined
		x: number = -1600177766
		y: number = -1825905027
Paused at 184
	Hit Breakpoint(s) 
	Call Stack: safe_add, md5_cmn, md5_gg, core_md5, hex_md5 
	Bindings: lsw: undefined
		msw: undefined
		x: number = 1869180012
		y: number = -165796510
Paused at 184
	Hit Breakpoint(s) 
	Call Stack: safe_add, md5_cmn, md5_gg, core_md5, hex_md5 
	Bindings: lsw: undefined
		msw: undefined
		x: number = 868884503
		y: number = 1703383502
Paused at 184
	Hit Breakpoint(s) 
	Call Stack: safe_add, md5_cmn, md5_gg, core_md5, hex_md5 
	Bindings: lsw: undefined
		msw: undefined
		x: number = 708197555
		y: number = -1783716035
Paused at 184
	Hit Breakpoint(s) 
	Call Stack: safe_add, md5_cmn, md5_gg, core_md5, hex_md5 
	Bindings: lsw: undefined
		msw: undefined
		x: number = -1187866097
		y: number = -1750670472
Paused at 184
	Hit Breakpoint(s) 
	Call Stack: safe_add, md5_cmn, md5_gg, core_md5, hex_md5 
	Bindings: lsw: undefined
		msw: undefined
		x: number = 1936025965
		y: number = -1069501632
Paused at 184
	Hit Breakpoint(s) 
	Call Stack: safe_add, md5_cmn, md5_gg, core_md5, hex_md5 
	Bindings: lsw: undefined
		msw: undefined
		x: number = 1356430727
		y: number = 866524333
Paused at 184
	Hit Breakpoint(s) 
	Call Stack: safe_add, md5_cmn, md5_gg, core_md5, hex_md5 
	Bindings: lsw: undefined
		msw: undefined
		x: number = -13342456
		y: number = -1075518480
Paused at 184
	Hit Breakpoint(s) 
	Call Stack: safe_add, md5_cmn, md5_gg, core_md5, hex_md5 
	Bindings: lsw: undefined
		msw: undefined
		x: number = 36238455
		y: number = -1085782792
Paused at 184
	Hit Breakpoint(s) 
	Call Stack: safe_add, md5_cmn, md5_gg, core_md5, hex_md5 
	Bindings: lsw: undefined
		msw: undefined
		x: number = 1936876910
		y: number = 643717713
Paused at 184
	Hit Breakpoint(s) 
	Call Stack: safe_add, md5_cmn, md5_gg, core_md5, hex_md5 
	Bindings: lsw: undefined
		msw: undefined
		x: number = -1049544337
		y: number = -1714372673
Paused at 184
	Hit Breakpoint(s) 
	Call Stack: safe_add, md5_cmn, md5_gg, core_md5, hex_md5 
	Bindings: lsw: undefined
		msw: undefined
		x: number = 2118883024
		y: number = -1088860936
Paused at 184
	Hit Breakpoint(s) 
	Call Stack: safe_add, md5_cmn, md5_gg, core_md5, hex_md5 
	Bindings: lsw: undefined
		msw: undefined
		x: number = -1783716035
		y: number = 1031663560
Paused at 184
	Hit Breakpoint(s) 
	Call Stack: safe_add, md5_cmn, md5_gg, core_md5, hex_md5 
	Bindings: lsw: undefined
		msw: undefined
		x: number = 1700947282
		y: number = -373897302
Paused at 184
	Hit Breakpoint(s) 
	Call Stack: safe_add, md5_cmn, md5_gg, core_md5, hex_md5 
	Bindings: lsw: undefined
		msw: undefined
		x: number = -752052475
		y: number = 1327049980
Paused at 184
	Hit Breakpoint(s) 
	Call Stack: safe_add, md5_cmn, md5_gg, core_md5, hex_md5 
	Bindings: lsw: undefined
		msw: undefined
		x: number = 1074930780
		y: number = 1030022088
Paused at 184
	Hit Breakpoint(s) 
	Call Stack: safe_add, md5_cmn, md5_gg, core_md5, hex_md5 
	Bindings: lsw: undefined
		msw: undefined
		x: number = -1075518480
		y: number = 1031121696
Paused at 184
	Hit Breakpoint(s) 
	Call Stack: safe_add, md5_cmn, md5_gg, core_md5, hex_md5 
	Bindings: lsw: undefined
		msw: undefined
		x: number = 1701733664
		y: number = -701558691
Paused at 184
	Hit Breakpoint(s) 
	Call Stack: safe_add, md5_cmn, md5_gg, core_md5, hex_md5 
	Bindings: lsw: undefined
		msw: undefined
		x: number = -44396784
		y: number = 1000174973
Paused at 184
	Hit Breakpoint(s) 
	Call Stack: safe_add, md5_cmn, md5_gg, core_md5, hex_md5 
	Bindings: lsw: undefined
		msw: undefined
		x: number = 520130983
		y: number = 2104952868
Paused at 184
	Hit Breakpoint(s) 
	Call Stack: safe_add, md5_cmn, md5_gg, core_md5, hex_md5 
	Bindings: lsw: undefined
		msw: undefined
		x: number = -1088860936
		y: number = 1551337964
Paused at 184
	Hit Breakpoint(s) 
	Call Stack: safe_add, md5_cmn, md5_gg, core_md5, hex_md5 
	Bindings: lsw: undefined
		msw: undefined
		x: number = 1634103154
		y: number = 38016083
Paused at 184
	Hit Breakpoint(s) 
	Call Stack: safe_add, md5_cmn, md5_gg, core_md5, hex_md5 
	Bindings: lsw: undefined
		msw: undefined
		x: number = 462477028
		y: number = 1672119237
Paused at 184
	Hit Breakpoint(s) 
	Call Stack: safe_add, md5_cmn, md5_gg, core_md5, hex_md5 
	Bindings: lsw: undefined
		msw: undefined
		x: number = 1991594750
		y: number = -1669883445
Paused at 184
	Hit Breakpoint(s) 
	Call Stack: safe_add, md5_cmn, md5_gg, core_md5, hex_md5 
	Bindings: lsw: undefined
		msw: undefined
		x: number = 1030022088
		y: number = -1859872309
Paused at 184
	Hit Breakpoint(s) 
	Call Stack: safe_add, md5_cmn, md5_gg, core_md5, hex_md5 
	Bindings: lsw: undefined
		msw: undefined
		x: number = 1868720231
		y: number = -660478335
Paused at 184
	Hit Breakpoint(s) 
	Call Stack: safe_add, md5_cmn, md5_gg, core_md5, hex_md5 
	Bindings: lsw: undefined
		msw: undefined
		x: number = -829850221
		y: number = 1208241896
Paused at 184
	Hit Breakpoint(s) 
	Call Stack: safe_add, md5_cmn, md5_gg, core_md5, hex_md5 
	Bindings: lsw: undefined
		msw: undefined
		x: number = 1931396515
		y: number = 321711305
