	Hit Breakpoint(s) 
	Call Stack:  
	Hit Breakpoint(s) 
	Call Stack:  
	Hit Breakpoint(s) 
	Call Stack: AESEncryptCtr 
	Hit Breakpoint(s) 
	Call Stack: KeyExpansion, AESEncryptCtr 
	Hit Breakpoint(s) 
	Call Stack: KeyExpansion, AESEncryptCtr 
	Hit Breakpoint(s) 
	Call Stack: RotWord, KeyExpansion, AESEncryptCtr 
	Hit Breakpoint(s) 
	Call Stack: KeyExpansion, AESEncryptCtr 
	Hit Breakpoint(s) 
	Call Stack: KeyExpansion, AESEncryptCtr 
	Hit Breakpoint(s) 
	Call Stack: KeyExpansion, AESEncryptCtr 
	Hit Breakpoint(s) 
	Call Stack: KeyExpansion, AESEncryptCtr 
	Hit Breakpoint(s) 
	Call Stack: KeyExpansion, AESEncryptCtr 
	Hit Breakpoint(s) 
	Call Stack: KeyExpansion, AESEncryptCtr 
	Hit Breakpoint(s) 
	Call Stack: KeyExpansion, AESEncryptCtr 
	Hit Breakpoint(s) 
	Call Stack: KeyExpansion, AESEncryptCtr 
	Hit Breakpoint(s) 
	Call Stack: KeyExpansion, AESEncryptCtr 
	Hit Breakpoint(s) 
	Call Stack: KeyExpansion, AESEncryptCtr 
	Hit Breakpoint(s) 
	Call Stack: KeyExpansion, AESEncryptCtr 
	Hit Breakpoint(s) 
	Call Stack: KeyExpansion, AESEncryptCtr 
	Hit Breakpoint(s) 
	Call Stack: KeyExpansion, AESEncryptCtr 
	Hit Breakpoint(s) 
	Call Stack: KeyExpansion, AESEncryptCtr 
	Hit Breakpoint(s) 
	Call Stack: KeyExpansion, AESEncryptCtr 
	Hit Breakpoint(s) 
	Call Stack: RotWord, KeyExpansion, AESEncryptCtr 
	Hit Breakpoint(s) 
	Call Stack: KeyExpansion, AESEncryptCtr 
	Hit Breakpoint(s) 
	Call Stack: KeyExpansion, AESEncryptCtr 
	Hit Breakpoint(s) 
	Call Stack: KeyExpansion, AESEncryptCtr 
	Hit Breakpoint(s) 
	Call Stack: KeyExpansion, AESEncryptCtr 
	Hit Breakpoint(s) 
	Call Stack: KeyExpansion, AESEncryptCtr 
	Hit Breakpoint(s) 
	Call Stack: KeyExpansion, AESEncryptCtr 
	Hit Breakpoint(s) 
	Call Stack: KeyExpansion, AESEncryptCtr 
	Hit Breakpoint(s) 
	Call Stack: KeyExpansion, AESEncryptCtr 
	Hit Breakpoint(s) 
	Call Stack: KeyExpansion, AESEncryptCtr 
	Hit Breakpoint(s) 
	Call Stack: KeyExpansion, AESEncryptCtr 
	Hit Breakpoint(s) 
	Call Stack: KeyExpansion, AESEncryptCtr 
	Hit Breakpoint(s) 
	Call Stack: KeyExpansion, AESEncryptCtr 
	Hit Breakpoint(s) 
	Call Stack: KeyExpansion, AESEncryptCtr 
	Hit Breakpoint(s) 
	Call Stack: KeyExpansion, AESEncryptCtr 
	Hit Breakpoint(s) 
	Call Stack: KeyExpansion, AESEncryptCtr 
	Hit Breakpoint(s) 
	Call Stack: RotWord, KeyExpansion, AESEncryptCtr 
	Hit Breakpoint(s) 
	Call Stack: KeyExpansion, AESEncryptCtr 
	Hit Breakpoint(s) 
	Call Stack: KeyExpansion, AESEncryptCtr 
	Hit Breakpoint(s) 
	Call Stack: KeyExpansion, AESEncryptCtr 
	Hit Breakpoint(s) 
	Call Stack: KeyExpansion, AESEncryptCtr 
	Hit Breakpoint(s) 
	Call Stack: KeyExpansion, AESEncryptCtr 
	Hit Breakpoint(s) 
	Call Stack: KeyExpansion, AESEncryptCtr 
	Hit Breakpoint(s) 
	Call Stack: KeyExpansion, AESEncryptCtr 
	Hit Breakpoint(s) 
	Call Stack: KeyExpansion, AESEncryptCtr 
	Hit Breakpoint(s) 
	Call Stack: KeyExpansion, AESEncryptCtr 
	Hit Breakpoint(s) 
	Call Stack: KeyExpansion, AESEncryptCtr 
	Hit Breakpoint(s) 
	Call Stack: KeyExpansion, AESEncryptCtr 
	Hit Breakpoint(s) 
	Call Stack: KeyExpansion, AESEncryptCtr 
	Hit Breakpoint(s) 
	Call Stack: KeyExpansion, AESEncryptCtr 
	Hit Breakpoint(s) 
	Call Stack: KeyExpansion, AESEncryptCtr 
	Hit Breakpoint(s) 
	Call Stack: KeyExpansion, AESEncryptCtr 
	Hit Breakpoint(s) 
	Call Stack: RotWord, KeyExpansion, AESEncryptCtr 
	Hit Breakpoint(s) 
	Call Stack: KeyExpansion, AESEncryptCtr 
	Hit Breakpoint(s) 
	Call Stack: KeyExpansion, AESEncryptCtr 
	Hit Breakpoint(s) 
	Call Stack: KeyExpansion, AESEncryptCtr 
	Hit Breakpoint(s) 
	Call Stack: KeyExpansion, AESEncryptCtr 
	Hit Breakpoint(s) 
	Call Stack: KeyExpansion, AESEncryptCtr 
	Hit Breakpoint(s) 
	Call Stack: KeyExpansion, AESEncryptCtr 
	Hit Breakpoint(s) 
	Call Stack: KeyExpansion, AESEncryptCtr 
	Hit Breakpoint(s) 
	Call Stack: KeyExpansion, AESEncryptCtr 
	Hit Breakpoint(s) 
	Call Stack: KeyExpansion, AESEncryptCtr 
	Hit Breakpoint(s) 
	Call Stack: KeyExpansion, AESEncryptCtr 
	Hit Breakpoint(s) 
	Call Stack: KeyExpansion, AESEncryptCtr 
	Hit Breakpoint(s) 
	Call Stack: KeyExpansion, AESEncryptCtr 
	Hit Breakpoint(s) 
	Call Stack: KeyExpansion, AESEncryptCtr 
	Hit Breakpoint(s) 
	Call Stack: KeyExpansion, AESEncryptCtr 
	Hit Breakpoint(s) 
	Call Stack: KeyExpansion, AESEncryptCtr 
	Hit Breakpoint(s) 
	Call Stack: RotWord, KeyExpansion, AESEncryptCtr 
	Hit Breakpoint(s) 
	Call Stack: KeyExpansion, AESEncryptCtr 
	Hit Breakpoint(s) 
	Call Stack: KeyExpansion, AESEncryptCtr 
	Hit Breakpoint(s) 
	Call Stack: KeyExpansion, AESEncryptCtr 
	Hit Breakpoint(s) 
	Call Stack: KeyExpansion, AESEncryptCtr 
	Hit Breakpoint(s) 
	Call Stack: KeyExpansion, AESEncryptCtr 
	Hit Breakpoint(s) 
	Call Stack: KeyExpansion, AESEncryptCtr 
	Hit Breakpoint(s) 
	Call Stack: KeyExpansion, AESEncryptCtr 
	Hit Breakpoint(s) 
	Call Stack: KeyExpansion, AESEncryptCtr 
	Hit Breakpoint(s) 
	Call Stack: KeyExpansion, AESEncryptCtr 
	Hit Breakpoint(s) 
	Call Stack: KeyExpansion, AESEncryptCtr 
	Hit Breakpoint(s) 
	Call Stack: KeyExpansion, AESEncryptCtr 
	Hit Breakpoint(s) 
	Call Stack: KeyExpansion, AESEncryptCtr 
	Hit Breakpoint(s) 
	Call Stack: KeyExpansion, AESEncryptCtr 
	Hit Breakpoint(s) 
	Call Stack: KeyExpansion, AESEncryptCtr 
	Hit Breakpoint(s) 
	Call Stack: KeyExpansion, AESEncryptCtr 
	Hit Breakpoint(s) 
	Call Stack: RotWord, KeyExpansion, AESEncryptCtr 
	Hit Breakpoint(s) 
	Call Stack: KeyExpansion, AESEncryptCtr 
	Hit Breakpoint(s) 
	Call Stack: KeyExpansion, AESEncryptCtr 
	Hit Breakpoint(s) 
	Call Stack: KeyExpansion, AESEncryptCtr 
	Hit Breakpoint(s) 
	Call Stack: KeyExpansion, AESEncryptCtr 
	Hit Breakpoint(s) 
	Call Stack: KeyExpansion, AESEncryptCtr 
	Hit Breakpoint(s) 
	Call Stack: KeyExpansion, AESEncryptCtr 
	Hit Breakpoint(s) 
	Call Stack: KeyExpansion, AESEncryptCtr 
	Hit Breakpoint(s) 
	Call Stack: KeyExpansion, AESEncryptCtr 
	Hit Breakpoint(s) 
	Call Stack: KeyExpansion, AESEncryptCtr 
	Hit Breakpoint(s) 
	Call Stack: KeyExpansion, AESEncryptCtr 
	Hit Breakpoint(s) 
	Call Stack: KeyExpansion, AESEncryptCtr 
	Hit Breakpoint(s) 
	Call Stack: KeyExpansion, AESEncryptCtr 
	Hit Breakpoint(s) 
	Call Stack: KeyExpansion, AESEncryptCtr 
	Hit Breakpoint(s) 
	Call Stack: KeyExpansion, AESEncryptCtr 
	Hit Breakpoint(s) 
	Call Stack: KeyExpansion, AESEncryptCtr 
