Breakpoint Set at 20
Breakpoint Set at 32
Breakpoint Set at 212
Breakpoint Set at 190
Breakpoint Set at 328
Breakpoint Set at 91
Breakpoint Set at 242
Breakpoint Set at 231
Breakpoint Set at 311
Breakpoint Set at 61
Breakpoint Set at 254
Breakpoint Set at 43
Breakpoint Set at 142
Breakpoint Set at 279
Breakpoint Set at 333
Breakpoint Set at 350
Breakpoint Set at 340
Breakpoint Set at 343
Breakpoint Set at 63
Breakpoint Set at 226
Breakpoint Set at 71
Breakpoint Set at 318
Breakpoint Set at 162
Breakpoint Set at 26
Breakpoint Set at 155
Breakpoint Set at 152
Breakpoint Set at 78
Breakpoint Set at 287
Breakpoint Set at 305
Breakpoint Set at 104
Breakpoint Set at 287
Breakpoint Set at 245
Breakpoint Set at 253
Breakpoint Set at 197
Breakpoint Set at 27
Paused at 20
	Hit Breakpoint(s) 
	Call Stack:  
	Bindings: 
