Breakpoint Set at 27
Breakpoint Set at 40
Breakpoint Set at 267
Breakpoint Set at 239
Breakpoint Set at 414
Breakpoint Set at 113
Breakpoint Set at 303
Breakpoint Set at 290
Breakpoint Set at 390
Breakpoint Set at 76
Breakpoint Set at 319
Breakpoint Set at 53
Breakpoint Set at 177
Breakpoint Set at 345
Breakpoint Set at 438
Breakpoint Set at 441
Breakpoint Set at 438
Breakpoint Set at 27
Breakpoint Set at 73
Breakpoint Set at 283
Breakpoint Set at 85
Breakpoint Set at 399
Breakpoint Set at 196
Breakpoint Set at 27
Breakpoint Set at 192
Breakpoint Set at 186
Breakpoint Set at 92
Breakpoint Set at 351
Breakpoint Set at 383
Breakpoint Set at 126
Breakpoint Set at 357
Breakpoint Set at 306
Breakpoint Set at 316
Breakpoint Set at 244
Breakpoint Set at 184
Breakpoint Set at 438
Breakpoint Set at 341
Breakpoint Set at 116
Breakpoint Set at 402
Breakpoint Set at 321
Breakpoint Set at 394
Breakpoint Set at 88
Breakpoint Set at 62
Breakpoint Set at 255
Paused at 244
	Hit Breakpoint(s) 
	Call Stack:  
	Bindings: 
