Breakpoint Set at 6
Breakpoint Set at 8
Breakpoint Set at 46
Breakpoint Set at 40
Breakpoint Set at 67
Breakpoint Set at 21
Breakpoint Set at 50
Paused at 6
	Hit Breakpoint(s) 
	Call Stack: fannkuch 
	Bindings: check: undefined
		count: undefined
		flipsCount: undefined
		i: undefined
		j: undefined
		k: undefined
		k2: undefined
		m: undefined
		maxFlipsCount: undefined
		maxPerm: undefined
		n: number = 8
		perm: undefined
		perm0: undefined
		perm1: undefined
		r: undefined
		s: undefined
		temp: undefined
