Breakpoint Set at 17
Breakpoint Set at 124
Breakpoint Set at 254
Breakpoint Set at 290
Breakpoint Set at 419
Breakpoint Set at 108
Breakpoint Set at 290
Breakpoint Set at 290
Breakpoint Set at 370
Breakpoint Set at 71
Breakpoint Set at 304
Breakpoint Set at 50
Breakpoint Set at 169
Breakpoint Set at 329
Breakpoint Set at 419
Breakpoint Set at 372
Breakpoint Set at 419
Breakpoint Set at 24
Breakpoint Set at 71
Breakpoint Set at 270
Breakpoint Set at 124
Breakpoint Set at 385
Breakpoint Set at 188
Breakpoint Set at 26
Breakpoint Set at 183
Breakpoint Set at 178
Breakpoint Set at 88
Breakpoint Set at 335
Breakpoint Set at 366
Breakpoint Set at 118
Breakpoint Set at 340
Breakpoint Set at 293
Breakpoint Set at 302
Breakpoint Set at 233
Breakpoint Set at 177
Breakpoint Set at 419
Breakpoint Set at 325
Breakpoint Set at 112
Breakpoint Set at 385
Breakpoint Set at 307
Breakpoint Set at 377
Breakpoint Set at 84
Paused at 124
	Hit Breakpoint(s) 
	Call Stack:  
	Bindings: 
