Breakpoint Set at 14
Breakpoint Set at 27
Breakpoint Set at 175
Breakpoint Set at 157
Breakpoint Set at 282
Breakpoint Set at 75
Breakpoint Set at 203
Breakpoint Set at 194
Breakpoint Set at 255
Breakpoint Set at 53
Breakpoint Set at 215
Breakpoint Set at 43
Breakpoint Set at 118
Breakpoint Set at 227
Breakpoint Set at 282
Breakpoint Set at 288
Breakpoint Set at 256
Breakpoint Set at 282
Breakpoint Set at 22
Breakpoint Set at 54
Breakpoint Set at 194
Breakpoint Set at 62
Breakpoint Set at 282
Breakpoint Set at 133
Breakpoint Set at 25
Breakpoint Set at 131
Breakpoint Set at 127
Breakpoint Set at 68
Breakpoint Set at 232
Paused at 14
	Hit Breakpoint(s) 
	Call Stack:  
	Bindings: 
