Breakpoint Set at 11
Breakpoint Set at 6
Breakpoint Set at 33
Breakpoint Set at 31
Breakpoint Set at 52
Paused at 11
	Hit Breakpoint(s) 
	Call Stack:  
	Bindings: 
Paused at 31
	Hit Breakpoint(s) 
	Call Stack:  
	Bindings: 
Paused at 33
	Hit Breakpoint(s) 
	Call Stack:  
	Bindings: 
Paused at 34
	Call Stack:  
	Bindings: 
Paused at 36
	Call Stack:  
	Bindings: 
Paused at 6
	Hit Breakpoint(s) 
	Call Stack: TreeNode, bottomUpTree, bottomUpTree, bottomUpTree, bottomUpTree, bottomUpTree, bottomUpTree, bottomUpTree, bottomUpTree 
	Bindings: item: number = -127
		left: null = null
		right: null = null
Paused at 6
	Hit Breakpoint(s) 
	Call Stack: TreeNode, bottomUpTree, bottomUpTree, bottomUpTree, bottomUpTree, bottomUpTree, bottomUpTree, bottomUpTree, bottomUpTree 
	Bindings: item: number = -126
		left: null = null
		right: null = null
Paused at 7
	Call Stack: TreeNode, bottomUpTree, bottomUpTree, bottomUpTree, bottomUpTree, bottomUpTree, bottomUpTree, bottomUpTree, bottomUpTree 
	Bindings: item: number = -126
		left: null = null
		right: null = null
Paused at 8
	Call Stack: TreeNode, bottomUpTree, bottomUpTree, bottomUpTree, bottomUpTree, bottomUpTree, bottomUpTree, bottomUpTree, bottomUpTree 
	Bindings: item: number = -126
		left: null = null
		right: null = null
Paused at 27
	Call Stack: bottomUpTree, bottomUpTree, bottomUpTree, bottomUpTree, bottomUpTree, bottomUpTree, bottomUpTree, bottomUpTree 
	Bindings: depth: number = 0
		item: number = -126
Paused at 6
	Hit Breakpoint(s) 
	Call Stack: TreeNode, bottomUpTree, bottomUpTree, bottomUpTree, bottomUpTree, bottomUpTree, bottomUpTree, bottomUpTree 
	Bindings: item: number = -63
		left: object
		right: object
