Breakpoint Set at 33
Breakpoint Set at 33
Breakpoint Set at 27
Breakpoint Set at 26
Paused at 33
	Hit Breakpoint(s) 
	Call Stack:  
	Bindings: 
Paused at 26
	Hit Breakpoint(s) 
	Call Stack: sieve 
	Bindings: i: undefined
		isPrime: undefined
Paused at 27
	Hit Breakpoint(s) 
	Call Stack: sieve 
	Bindings: i: number = 4
		isPrime: undefined
Paused at 28
	Call Stack: sieve 
	Bindings: i: number = 4
		isPrime: array
Paused at 26
	Call Stack: sieve 
	Bindings: i: number = 4
		isPrime: array
Paused at 35
	Call Stack:  
	Bindings: 
