Breakpoint Set at 21
Breakpoint Set at 21
Breakpoint Set at 19
Paused at 21
	Hit Breakpoint(s) 
	Call Stack:  
	Bindings: 
Paused at 19
	Hit Breakpoint(s) 
	Call Stack: tak, tak, tak, tak, tak 
	Bindings: x: number = 8
		y: number = 8
		z: number = 4
Paused at 19
	Hit Breakpoint(s) 
	Call Stack: tak, tak, tak, tak, tak, tak, tak, tak 
	Bindings: x: number = 4
		y: number = 4
		z: number = 9
Paused at 18
	Call Stack: tak, tak, tak, tak, tak, tak, tak 
	Bindings: x: number = 5
		y: number = 4
		z: number = 9
Paused at 19
	Hit Breakpoint(s) 
	Call Stack: tak, tak, tak, tak, tak, tak, tak, tak 
	Bindings: x: number = 3
		y: number = 9
		z: number = 5
Paused at 18
	Call Stack: tak, tak, tak, tak, tak, tak, tak 
	Bindings: x: number = 5
		y: number = 4
		z: number = 9
Paused at 19
	Hit Breakpoint(s) 
	Call Stack: tak, tak, tak, tak, tak, tak, tak, tak, tak, tak, tak 
	Bindings: x: number = 5
		y: number = 5
		z: number = 4
Paused at 18
	Call Stack: tak, tak, tak, tak, tak, tak, tak, tak, tak, tak 
	Bindings: x: number = 6
		y: number = 5
		z: number = 4
Paused at 19
	Hit Breakpoint(s) 
	Call Stack: tak, tak, tak, tak, tak, tak, tak, tak, tak, tak, tak 
	Bindings: x: number = 4
		y: number = 4
		z: number = 6
Paused at 18
	Call Stack: tak, tak, tak, tak, tak, tak, tak, tak, tak, tak 
	Bindings: x: number = 6
		y: number = 5
		z: number = 4
Paused at 19
	Hit Breakpoint(s) 
	Call Stack: tak, tak, tak, tak, tak, tak, tak, tak, tak, tak, tak 
	Bindings: x: number = 3
		y: number = 6
		z: number = 5
