Breakpoint Set at 18
Breakpoint Set at 38
Breakpoint Set at 251
Breakpoint Set at 225
Breakpoint Set at 398
Breakpoint Set at 107
Breakpoint Set at 285
Breakpoint Set at 273
Breakpoint Set at 376
Breakpoint Set at 71
Breakpoint Set at 300
Breakpoint Set at 49
Breakpoint Set at 168
Breakpoint Set at 325
Breakpoint Set at 398
Breakpoint Set at 413
Breakpoint Set at 376
Breakpoint Set at 411
Breakpoint Set at 24
Breakpoint Set at 71
Breakpoint Set at 266
Breakpoint Set at 81
Breakpoint Set at 185
Breakpoint Set at 26
Breakpoint Set at 181
Breakpoint Set at 176
Breakpoint Set at 87
Breakpoint Set at 330
Breakpoint Set at 360
Breakpoint Set at 117
Breakpoint Set at 338
Breakpoint Set at 288
Breakpoint Set at 298
Breakpoint Set at 230
Breakpoint Set at 175
Breakpoint Set at 411
Breakpoint Set at 321
Breakpoint Set at 111
Breakpoint Set at 384
Breakpoint Set at 304
Breakpoint Set at 376
Breakpoint Set at 83
Paused at 18
	Hit Breakpoint(s) 
	Call Stack:  
	Bindings: 
Paused at 26
	Hit Breakpoint(s) 
	Call Stack:  
	Bindings: 
Paused at 117
	Hit Breakpoint(s) 
	Call Stack:  
	Bindings: 
Paused at 172
	Call Stack:  
	Bindings: 
Paused at 279
	Call Stack:  
	Bindings: 
Paused at 285
	Hit Breakpoint(s) 
	Call Stack:  
	Bindings: 
Paused at 300
	Hit Breakpoint(s) 
	Call Stack:  
	Bindings: 
Paused at 310
	Call Stack:  
	Bindings: 
Paused at 315
	Call Stack:  
	Bindings: 
Paused at 325
	Hit Breakpoint(s) 
	Call Stack:  
	Bindings: 
Paused at 330
	Hit Breakpoint(s) 
	Call Stack:  
	Bindings: 
