Breakpoint Set at 26
Breakpoint Set at 29
Breakpoint Set at 180
Breakpoint Set at 161
Breakpoint Set at 279
Breakpoint Set at 77
Breakpoint Set at 205
Breakpoint Set at 197
Breakpoint Set at 262
Breakpoint Set at 54
Breakpoint Set at 218
Breakpoint Set at 39
Breakpoint Set at 124
Breakpoint Set at 237
Breakpoint Set at 283
Breakpoint Set at 297
Breakpoint Set at 265
Breakpoint Set at 289
Breakpoint Set at 26
Breakpoint Set at 58
Breakpoint Set at 193
Breakpoint Set at 63
Breakpoint Set at 272
Breakpoint Set at 137
Breakpoint Set at 26
Breakpoint Set at 134
Breakpoint Set at 131
Breakpoint Set at 70
Breakpoint Set at 239
Breakpoint Set at 260
Paused at 54
	Hit Breakpoint(s) 
	Call Stack: Date.formatDate 
	Bindings: a: function
		A: function
		B: undefined
		d: undefined
		D: undefined
		daysLong: undefined
		daysShort: undefined
		daysSuffix: undefined
		F: undefined
		g: undefined
		G: undefined
		h: undefined
		H: undefined
		i: undefined
		ia: undefined
		ij: undefined
		input: string = Y-m-d
		j: undefined
		l: undefined
		L: undefined
		m: undefined
		M: undefined
		monthsLong: undefined
		monthsShort: undefined
		n: undefined
		O: undefined
		prevTime: undefined
		r: undefined
		s: undefined
		S: undefined
		self: undefined
		switches: undefined
		t: undefined
		time: undefined
		U: undefined
		w: undefined
		W: undefined
		y: undefined
		Y: undefined
		z: undefined
Paused at 70
	Hit Breakpoint(s) 
	Call Stack: Date.formatDate 
	Bindings: a: function
		A: function
		B: function
		d: undefined
		D: undefined
		daysLong: undefined
		daysShort: undefined
		daysSuffix: undefined
		F: undefined
		g: undefined
		G: undefined
		h: undefined
		H: undefined
		i: undefined
		ia: undefined
		ij: undefined
		input: string = Y-m-d
		j: undefined
		l: undefined
		L: undefined
		m: undefined
		M: undefined
		monthsLong: undefined
		monthsShort: undefined
		n: undefined
		O: undefined
		prevTime: undefined
		r: undefined
		s: undefined
		S: undefined
		self: undefined
		switches: undefined
		t: undefined
		time: undefined
		U: undefined
		w: undefined
		W: undefined
		y: undefined
		Y: undefined
		z: undefined
Paused at 134
	Hit Breakpoint(s) 
	Call Stack: Date.formatDate 
	Bindings: a: function
		A: function
		B: function
		d: function
		D: function
		daysLong: undefined
		daysShort: undefined
		daysSuffix: undefined
		F: function
		g: function
		G: function
		h: function
		H: function
		i: function
		ia: undefined
		ij: undefined
		input: string = Y-m-d
		j: function
		l: function
		L: function
		m: undefined
		M: undefined
		monthsLong: undefined
		monthsShort: undefined
		n: undefined
		O: undefined
		prevTime: undefined
		r: undefined
		s: undefined
		S: undefined
		self: undefined
		switches: undefined
		t: undefined
		time: undefined
		U: undefined
		w: undefined
		W: undefined
		y: undefined
		Y: undefined
		z: undefined
Paused at 140
	Call Stack: Date.formatDate 
	Bindings: a: function
		A: function
		B: function
		d: function
		D: function
		daysLong: undefined
		daysShort: undefined
		daysSuffix: undefined
		F: function
		g: function
		G: function
		h: function
		H: function
		i: function
		ia: undefined
		ij: undefined
		input: string = Y-m-d
		j: function
		l: function
		L: function
		m: function
		M: undefined
		monthsLong: undefined
		monthsShort: undefined
		n: undefined
		O: undefined
		prevTime: undefined
		r: undefined
		s: undefined
		S: undefined
		self: undefined
		switches: undefined
		t: undefined
		time: undefined
		U: undefined
		w: undefined
		W: undefined
		y: undefined
		Y: undefined
		z: undefined
Paused at 144
	Call Stack: Date.formatDate 
	Bindings: a: function
		A: function
		B: function
		d: function
		D: function
		daysLong: undefined
		daysShort: undefined
		daysSuffix: undefined
		F: function
		g: function
		G: function
		h: function
		H: function
		i: function
		ia: undefined
		ij: undefined
		input: string = Y-m-d
		j: function
		l: function
		L: function
		m: function
		M: function
		monthsLong: undefined
		monthsShort: undefined
		n: undefined
		O: undefined
		prevTime: undefined
		r: undefined
		s: undefined
		S: undefined
		self: undefined
		switches: undefined
		t: undefined
		time: undefined
		U: undefined
		w: undefined
		W: undefined
		y: undefined
		Y: undefined
		z: undefined
Paused at 26
	Hit Breakpoint(s) 
	Call Stack: Date.formatDate 
	Bindings: a: function
		A: function
		B: function
		d: function
		D: function
		daysLong: undefined
		daysShort: undefined
		daysSuffix: undefined
		F: function
		g: function
		G: function
		h: function
		H: function
		i: function
		ia: undefined
		ij: undefined
		input: string = Y-m-d
		j: function
		l: function
		L: function
		m: function
		M: function
		monthsLong: undefined
		monthsShort: undefined
		n: function
		O: function
		prevTime: undefined
		r: function
		s: function
		S: function
		self: undefined
		switches: undefined
		t: function
		time: undefined
		U: function
		w: function
		W: function
		y: function
		Y: function
		z: function
Paused at 29
	Hit Breakpoint(s) 
	Call Stack: Date.formatDate 
	Bindings: a: function
		A: function
		B: function
		d: function
		D: function
		daysLong: undefined
		daysShort: undefined
		daysSuffix: undefined
		F: function
		g: function
		G: function
		h: function
		H: function
		i: function
		ia: undefined
		ij: undefined
		input: string = Y-m-d
		j: function
		l: function
		L: function
		m: function
		M: function
		monthsLong: undefined
		monthsShort: undefined
		n: function
		O: function
		prevTime: undefined
		r: function
		s: function
		S: function
		self: undefined
		switches: array
		t: function
		time: undefined
		U: function
		w: function
		W: function
		y: function
		Y: function
		z: function
Paused at 31
	Call Stack: Date.formatDate 
	Bindings: a: function
		A: function
		B: function
		d: function
		D: function
		daysLong: array
		daysShort: undefined
		daysSuffix: undefined
		F: function
		g: function
		G: function
		h: function
		H: function
		i: function
		ia: undefined
		ij: undefined
		input: string = Y-m-d
		j: function
		l: function
		L: function
		m: function
		M: function
		monthsLong: undefined
		monthsShort: undefined
		n: function
		O: function
		prevTime: undefined
		r: function
		s: function
		S: function
		self: undefined
		switches: array
		t: function
		time: undefined
		U: function
		w: function
		W: function
		y: function
		Y: function
		z: function
Paused at 33
	Call Stack: Date.formatDate 
	Bindings: a: function
		A: function
		B: function
		d: function
		D: function
		daysLong: array
		daysShort: array
		daysSuffix: undefined
		F: function
		g: function
		G: function
		h: function
		H: function
		i: function
		ia: undefined
		ij: undefined
		input: string = Y-m-d
		j: function
		l: function
		L: function
		m: function
		M: function
		monthsLong: undefined
		monthsShort: undefined
		n: function
		O: function
		prevTime: undefined
		r: function
		s: function
		S: function
		self: undefined
		switches: array
		t: function
		time: undefined
		U: function
		w: function
		W: function
		y: function
		Y: function
		z: function
Paused at 39
	Hit Breakpoint(s) 
	Call Stack: Date.formatDate 
	Bindings: a: function
		A: function
		B: function
		d: function
		D: function
		daysLong: array
		daysShort: array
		daysSuffix: undefined
		F: function
		g: function
		G: function
		h: function
		H: function
		i: function
		ia: undefined
		ij: undefined
		input: string = Y-m-d
		j: function
		l: function
		L: function
		m: function
		M: function
		monthsLong: array
		monthsShort: array
		n: function
		O: function
		prevTime: undefined
		r: function
		s: function
		S: function
		self: undefined
		switches: array
		t: function
		time: undefined
		U: function
		w: function
		W: function
		y: function
		Y: function
		z: function
Paused at 265
	Hit Breakpoint(s) 
	Call Stack: Date.formatDate 
	Bindings: a: function
		A: function
		B: function
		d: function
		D: function
		daysLong: array
		daysShort: array
		daysSuffix: array
		F: function
		g: function
		G: function
		h: function
		H: function
		i: function
		ia: undefined
		ij: undefined
		input: string = Y-m-d
		j: function
		l: function
		L: function
		m: function
		M: function
		monthsLong: array
		monthsShort: array
		n: function
		O: function
		prevTime: undefined
		r: function
		s: function
		S: function
		self: undefined
		switches: array
		t: function
		time: undefined
		U: function
		w: function
		W: function
		y: function
		Y: function
		z: function
