Breakpoint Set at 49
Breakpoint Set at 7
Breakpoint Set at 38
Breakpoint Set at 34
Breakpoint Set at 57
Breakpoint Set at 20
Paused at 49
	Hit Breakpoint(s) 
	Call Stack:  
	Bindings: 
Paused at 34
	Hit Breakpoint(s) 
	Call Stack: spectralnorm 
	Bindings: i: undefined
		n: number = 6
		u: undefined
		v: undefined
		vBv: undefined
		vv: undefined
		w: undefined
Paused at 38
	Hit Breakpoint(s) 
	Call Stack: spectralnorm 
	Bindings: i: number = 6
		n: number = 6
		u: array
		v: array
		vBv: number = 0
		vv: number = 0
		w: array
Paused at 38
	Call Stack: spectralnorm 
	Bindings: i: number = 0
		n: number = 6
		u: array
		v: array
		vBv: number = 0
		vv: number = 0
		w: array
Paused at 39
	Call Stack: spectralnorm 
	Bindings: i: number = 0
		n: number = 6
		u: array
		v: array
		vBv: number = 0
		vv: number = 0
		w: array
Paused at 7
	Hit Breakpoint(s) 
	Call Stack: A, Au, AtAu, spectralnorm 
	Bindings: i: number = 0
		j: number = 0
Paused at 7
	Hit Breakpoint(s) 
	Call Stack: A, Au, AtAu, spectralnorm 
	Bindings: i: number = 0
		j: number = 1
Paused at 8
	Call Stack: A, Au, AtAu, spectralnorm 
	Bindings: i: number = 0
		j: number = 1
Paused at 13
	Call Stack: Au, AtAu, spectralnorm 
	Bindings: i: number = 0
		j: number = 1
		t: number = 1.5
		u: array
		v: array
Paused at 7
	Hit Breakpoint(s) 
	Call Stack: A, Au, AtAu, spectralnorm 
	Bindings: i: number = 0
		j: number = 2
Paused at 7
	Hit Breakpoint(s) 
	Call Stack: A, Au, AtAu, spectralnorm 
	Bindings: i: number = 0
		j: number = 3
