Breakpoint Set at 38
Breakpoint Set at 38
Breakpoint Set at 164
Breakpoint Set at 146
Breakpoint Set at 252
Breakpoint Set at 72
Breakpoint Set at 185
Breakpoint Set at 177
Breakpoint Set at 237
Breakpoint Set at 51
Breakpoint Set at 195
Breakpoint Set at 38
Breakpoint Set at 110
Breakpoint Set at 211
Breakpoint Set at 254
Breakpoint Set at 268
Breakpoint Set at 238
Breakpoint Set at 261
Breakpoint Set at 38
Breakpoint Set at 177
Breakpoint Set at 61
Breakpoint Set at 244
Breakpoint Set at 126
Breakpoint Set at 38
Breakpoint Set at 126
Breakpoint Set at 119
Breakpoint Set at 64
Paused at 38
	Hit Breakpoint(s) 
	Call Stack:  
	Bindings: 
Paused at 72
	Hit Breakpoint(s) 
	Call Stack:  
	Bindings: 
Paused at 164
	Hit Breakpoint(s) 
	Call Stack:  
	Bindings: 
Paused at 223
	Call Stack:  
	Bindings: 
Paused at 164
	Call Stack:  
	Bindings: 
Paused at 164
	Hit Breakpoint(s) 
	Call Stack:  
	Bindings: 
Paused at 177
	Hit Breakpoint(s) 
	Call Stack:  
	Bindings: m: object
		s: object
Paused at 208
	Call Stack:  
	Bindings: m: object
		s: object
Paused at 223
	Call Stack:  
	Bindings: m: object
		s: object
Paused at 223
	Call Stack:  
	Bindings: m: object
		s: object
Paused at 195
	Hit Breakpoint(s) 
	Call Stack: s.parseJSON 
	Bindings: filter: function
		j: undefined
		m: object
		s: object
		walk: function
