82 -> 118
94 -> 95
11 -> 41
111 -> 112
131 -> 133
92 -> 92
18 -> 41
1 -> 41
6 -> 41
132 -> 133
70 -> 70
121 -> 121
104 -> 105
30 -> 41
3 -> 41
42 -> 42
9 -> 41
39 -> 41
19 -> 41
23 -> 41
2 -> 41
112 -> 112
127 -> 127
5 -> 41
24 -> 41
52 -> 52
33 -> 41
59 -> 59
32 -> 41
60 -> 60
57 -> 57
120 -> 120
110 -> 112
97 -> 98
100 -> 102
103 -> 103
135 -> 136
114 -> 115
47 -> 49
129 -> 129
38 -> 41
126 -> 127
20 -> 41
68 -> 70
101 -> 102
102 -> 102
31 -> 41
74 -> 74
22 -> 41
124 -> 127
43 -> 74
108 -> 112
107 -> 107
86 -> 86
69 -> 70
37 -> 41
119 -> 120
8 -> 41
29 -> 41
53 -> 53
90 -> 91
28 -> 41
91 -> 91
73 -> 74
12 -> 41
116 -> 116
72 -> 74
133 -> 133
66 -> 66
