24 -> 41
53 -> 53
89 -> 91
77 -> 118
43 -> 74
4 -> 41
78 -> 118
123 -> 123
16 -> 41
1 -> 41
3 -> 41
21 -> 41
20 -> 41
105 -> 105
28 -> 41
101 -> 102
104 -> 105
106 -> 106
26 -> 41
99 -> 99
135 -> 136
41 -> 41
72 -> 74
25 -> 41
63 -> 63
92 -> 92
60 -> 60
34 -> 41
74 -> 74
56 -> 57
73 -> 74
110 -> 112
76 -> 118
102 -> 102
98 -> 98
37 -> 41
126 -> 127
121 -> 121
103 -> 103
117 -> 118
100 -> 102
46 -> 46
31 -> 41
69 -> 70
130 -> 130
23 -> 41
84 -> 118
35 -> 41
47 -> 49
108 -> 112
15 -> 41
88 -> 88
5 -> 41
128 -> 128
32 -> 41
14 -> 41
7 -> 41
57 -> 57
115 -> 115
58 -> 58
67 -> 70
59 -> 59
91 -> 91
82 -> 118
71 -> 71
119 -> 120
45 -> 45
49 -> 49
66 -> 66
116 -> 116
40 -> 41
87 -> 87
127 -> 127
94 -> 95
109 -> 112
54 -> 57
131 -> 133
90 -> 91
62 -> 62
124 -> 127
65 -> 65
64 -> 65
125 -> 127
29 -> 41
48 -> 49
79 -> 118
93 -> 93
30 -> 41
13 -> 41
10 -> 41
70 -> 70
12 -> 41
6 -> 41
120 -> 120
61 -> 61
9 -> 41
17 -> 41
122 -> 123
27 -> 41
50 -> 50
83 -> 118
19 -> 41
95 -> 95
52 -> 52
33 -> 41
136 -> 136
39 -> 41
137 -> 41
18 -> 41
68 -> 70
11 -> 41
129 -> 129
51 -> 51
8 -> 41
134 -> 136
111 -> 112
85 -> 86
97 -> 98
55 -> 57
107 -> 107
80 -> 118
36 -> 41
96 -> 98
112 -> 112
22 -> 41
2 -> 41
38 -> 41
81 -> 118
132 -> 133
0 -> 41
133 -> 133
113 -> 113
75 -> 118
42 -> 42
44 -> 45
86 -> 86
114 -> 115
118 -> 118
