37 -> 41
59 -> 59
88 -> 88
63 -> 63
46 -> 46
111 -> 112
0 -> 41
79 -> 118
54 -> 57
112 -> 112
48 -> 49
124 -> 127
32 -> 41
7 -> 41
50 -> 50
49 -> 49
99 -> 99
62 -> 62
33 -> 41
104 -> 105
67 -> 70
57 -> 57
128 -> 128
14 -> 41
24 -> 41
69 -> 70
73 -> 74
47 -> 49
95 -> 95
120 -> 120
66 -> 66
36 -> 41
81 -> 118
83 -> 118
64 -> 65
34 -> 41
105 -> 105
113 -> 113
97 -> 98
40 -> 41
45 -> 45
22 -> 41
91 -> 91
103 -> 103
92 -> 92
87 -> 87
12 -> 41
17 -> 41
19 -> 41
114 -> 115
82 -> 118
44 -> 45
78 -> 118
39 -> 41
8 -> 41
53 -> 53
80 -> 118
84 -> 118
10 -> 41
101 -> 102
94 -> 95
28 -> 41
6 -> 41
71 -> 71
25 -> 41
74 -> 74
126 -> 127
52 -> 52
89 -> 91
129 -> 129
20 -> 41
135 -> 136
86 -> 86
98 -> 98
131 -> 133
75 -> 118
3 -> 41
127 -> 127
110 -> 112
108 -> 112
43 -> 74
61 -> 61
134 -> 136
109 -> 112
30 -> 41
4 -> 41
102 -> 102
76 -> 118
117 -> 118
16 -> 41
13 -> 41
56 -> 57
42 -> 42
72 -> 74
5 -> 41
38 -> 41
51 -> 51
55 -> 57
121 -> 121
93 -> 93
18 -> 41
115 -> 115
23 -> 41
132 -> 133
122 -> 123
77 -> 118
118 -> 118
119 -> 120
90 -> 91
26 -> 41
27 -> 41
106 -> 106
21 -> 41
96 -> 98
133 -> 133
9 -> 41
100 -> 102
11 -> 41
70 -> 70
123 -> 123
29 -> 41
130 -> 130
137 -> 41
65 -> 65
136 -> 136
125 -> 127
107 -> 107
1 -> 41
58 -> 58
2 -> 41
35 -> 41
15 -> 41
60 -> 60
85 -> 86
41 -> 41
31 -> 41
116 -> 116
68 -> 70
