Set Breakpoint at 13
Set Breakpoint at 30
Set Breakpoint at 201
Set Breakpoint at 180
Set Breakpoint at 311
Set Breakpoint at 86
Set Breakpoint at 229
Set Breakpoint at 219
Set Breakpoint at 292
Set Breakpoint at 58
Set Breakpoint at 240
Set Breakpoint at 42
Set Breakpoint at 135
Set Breakpoint at 260
Set Breakpoint at 314
Set Breakpoint at 331
Set Breakpoint at 294
Set Breakpoint at 322
Set Breakpoint at 23
Set Breakpoint at 215
Set Breakpoint at 69
Set Breakpoint at 301
Set Breakpoint at 151
Set Breakpoint at 25
Set Breakpoint at 148
Set Breakpoint at 144
Set Breakpoint at 74
Set Breakpoint at 266
Set Breakpoint at 289
Set Breakpoint at 99
Set Breakpoint at 270
Set Breakpoint at 233
resume
resume
stepOver
stepOver
stepOut
resume
stepOver
stepOver
stepOut
resume
stepOver
resume
stepIn
stepOut
stepOut
stepOut
stepOut
stepOut
resume
resume
stepOver
resume
stepOut
stepIn
resume
stepIn
stepIn
resume
stepOut
stepOut
resume
stepOut
stepOver
stepOver
stepOver
stepIn
stepOut
stepOver
resume
stepOut
stepOver
stepOut
resume
resume
stepOver
stepOut
resume
stepOver
stepOver
stepOver
stepIn
resume
stepIn
resume
stepOut
resume
stepOver
stepIn
stepOver
stepOver
stepIn
stepOver
stepIn
stepOut
stepOver
resume
stepOut
stepIn
resume
stepOut
stepIn
stepOut
resume
stepIn
stepOut
resume
stepOut
stepOut
stepOver
stepOver
stepIn
stepOver
resume
stepOver
stepOut
stepOut
stepIn
stepOver
stepOut
resume
stepIn
stepIn
stepIn
resume
stepIn
resume
stepOver
stepOver
stepOver
stepOut
