Breakpoint 0 Set at 20
Breakpoint 1 Set at 32
Breakpoint 2 Set at 212
Breakpoint 3 Set at 190
Breakpoint 4 Set at 328
Breakpoint 5 Set at 91
Breakpoint 6 Set at 242
Breakpoint 7 Set at 231
Breakpoint 8 Set at 311
Breakpoint 9 Set at 61
Breakpoint 10 Set at 254
Breakpoint 11 Set at 43
Breakpoint 12 Set at 142
Breakpoint 13 Set at 279
Breakpoint 14 Set at 333
Breakpoint 15 Set at 350
Breakpoint 16 Set at 340
Breakpoint 17 Set at 343
Breakpoint 18 Set at 63
Breakpoint 19 Set at 226
Breakpoint 20 Set at 71
Breakpoint 21 Set at 318
Breakpoint 22 Set at 162
Breakpoint 23 Set at 26
Breakpoint 24 Set at 155
Breakpoint 25 Set at 152
Breakpoint 26 Set at 78
Breakpoint 27 Set at 287
Breakpoint 28 Set at 305
Breakpoint 29 Set at 104
Breakpoint 30 Set at 287
Breakpoint 31 Set at 245
Breakpoint 32 Set at 253
Breakpoint 33 Set at 197
Breakpoint 34 Set at 27
Paused at 20
	Hit Breakpoint(s) 0
	Call Stack:  
	Bindings: 
Paused at 343
	Hit Breakpoint(s) 17
	Call Stack:  
	Bindings: 
Paused at 279
	Hit Breakpoint(s) 13
	Call Stack: Init 
	Bindings: CubeSize: number = 20
		i: undefined
		j: undefined
		sum: undefined
		vector: undefined
Paused at 287
	Hit Breakpoint(s) 27, 30
	Call Stack: Init 
	Bindings: CubeSize: number = 20
		i: undefined
		j: undefined
		sum: undefined
		vector: undefined
Paused at 295
	Call Stack: Init 
	Bindings: CubeSize: number = 20
		i: undefined
		j: undefined
		sum: undefined
		vector: undefined
Paused at 305
	Hit Breakpoint(s) 28
	Call Stack: Init 
	Bindings: CubeSize: number = 20
		i: undefined
		j: undefined
		sum: undefined
		vector: undefined
Paused at 311
	Hit Breakpoint(s) 8
	Call Stack: Init 
	Bindings: CubeSize: number = 20
		i: undefined
		j: undefined
		sum: undefined
		vector: undefined
Paused at 312
	Call Stack: Init 
	Bindings: CubeSize: number = 20
		i: undefined
		j: undefined
		sum: undefined
		vector: undefined
Paused at 312
	Call Stack: Init 
	Bindings: CubeSize: number = 20
		i: number = 0
		j: undefined
		sum: undefined
		vector: undefined
Paused at 91
	Hit Breakpoint(s) 5
	Call Stack: CalcNormal, Init 
	Bindings: A: array
		B: array
		i: number = 3
		Length: undefined
		V0: array
		V1: array
		V2: array
Paused at 78
	Hit Breakpoint(s) 26
	Call Stack: CalcCross, CalcNormal, Init 
	Bindings: Cross: undefined
		V0: array
		V1: array
Paused at 79
	Call Stack: CalcCross, CalcNormal, Init 
	Bindings: Cross: array
		V0: array
		V1: array
Paused at 91
	Hit Breakpoint(s) 5
	Call Stack: CalcNormal, Init 
	Bindings: A: array
		B: array
		i: number = 3
		Length: undefined
		V0: array
		V1: array
		V2: array
Paused at 78
	Hit Breakpoint(s) 26
	Call Stack: CalcCross, CalcNormal, Init 
	Bindings: Cross: undefined
		V0: array
		V1: array
Paused at 92
	Call Stack: CalcNormal, Init 
	Bindings: A: array
		B: array
		i: number = 3
		Length: undefined
		V0: array
		V1: array
		V2: array
Paused at 312
	Call Stack: Init 
	Bindings: CubeSize: number = 20
		i: number = 1
		j: undefined
		sum: undefined
		vector: undefined
Paused at 91
	Hit Breakpoint(s) 5
	Call Stack: CalcNormal, Init 
	Bindings: A: array
		B: array
		i: number = 3
		Length: undefined
		V0: array
		V1: array
		V2: array
Paused at 78
	Hit Breakpoint(s) 26
	Call Stack: CalcCross, CalcNormal, Init 
	Bindings: Cross: undefined
		V0: array
		V1: array
Paused at 92
	Call Stack: CalcNormal, Init 
	Bindings: A: array
		B: array
		i: number = 3
		Length: undefined
		V0: array
		V1: array
		V2: array
Paused at 91
	Hit Breakpoint(s) 5
	Call Stack: CalcNormal, Init 
	Bindings: A: array
		B: array
		i: number = 3
		Length: undefined
		V0: array
		V1: array
		V2: array
Paused at 78
	Hit Breakpoint(s) 26
	Call Stack: CalcCross, CalcNormal, Init 
	Bindings: Cross: undefined
		V0: array
		V1: array
Paused at 79
	Call Stack: CalcCross, CalcNormal, Init 
	Bindings: Cross: array
		V0: array
		V1: array
Paused at 91
	Hit Breakpoint(s) 5
	Call Stack: CalcNormal, Init 
	Bindings: A: array
		B: array
		i: number = 3
		Length: undefined
		V0: array
		V1: array
		V2: array
Paused at 78
	Hit Breakpoint(s) 26
	Call Stack: CalcCross, CalcNormal, Init 
	Bindings: Cross: undefined
		V0: array
		V1: array
Paused at 79
	Call Stack: CalcCross, CalcNormal, Init 
	Bindings: Cross: array
		V0: array
		V1: array
Paused at 91
	Hit Breakpoint(s) 5
	Call Stack: CalcNormal, Init 
	Bindings: A: array
		B: array
		i: number = 3
		Length: undefined
		V0: array
		V1: array
		V2: array
Paused at 78
	Hit Breakpoint(s) 26
	Call Stack: CalcCross, CalcNormal, Init 
	Bindings: Cross: undefined
		V0: array
		V1: array
Paused at 79
	Call Stack: CalcCross, CalcNormal, Init 
	Bindings: Cross: array
		V0: array
		V1: array
Paused at 318
	Hit Breakpoint(s) 21
	Call Stack: Init 
	Bindings: CubeSize: number = 20
		i: number = 6
		j: undefined
		sum: undefined
		vector: undefined
Paused at 142
	Hit Breakpoint(s) 12
	Call Stack: Translate, Init 
	Bindings: Dx: number = 150
		Dy: number = 150
		Dz: number = 20
		M: array
		T: undefined
Paused at 104
	Hit Breakpoint(s) 29
	Call Stack: MMulti, Translate, Init 
	Bindings: i: undefined
		j: undefined
		M: undefined
		M1: array
		M2: array
Paused at 104
	Hit Breakpoint(s) 29
	Call Stack: MMulti, Init 
	Bindings: i: undefined
		j: undefined
		M: undefined
		M1: array
		M2: array
Paused at 324
	Call Stack: Init 
	Bindings: CubeSize: number = 20
		i: number = 360
		j: undefined
		sum: undefined
		vector: undefined
Paused at 325
	Call Stack: Init 
	Bindings: CubeSize: number = 20
		i: number = 0
		j: undefined
		sum: undefined
		vector: undefined
Paused at 326
	Call Stack: Init 
	Bindings: CubeSize: number = 20
		i: number = 0
		j: undefined
		sum: undefined
		vector: undefined
Paused at 325
	Call Stack: Init 
	Bindings: CubeSize: number = 20
		i: number = 0
		j: undefined
		sum: undefined
		vector: undefined
Paused at 325
	Call Stack: Init 
	Bindings: CubeSize: number = 20
		i: number = 1
		j: undefined
		sum: undefined
		vector: undefined
Paused at 328
	Hit Breakpoint(s) 4
	Call Stack: Init 
	Bindings: CubeSize: number = 20
		i: number = 9
		j: undefined
		sum: undefined
		vector: undefined
Paused at 197
	Hit Breakpoint(s) 33
	Call Stack: DrawQube, Init 
	Bindings: CurN: array
		i: number = 5
Paused at 212
	Hit Breakpoint(s) 2
	Call Stack: DrawQube, Init 
	Bindings: CurN: array
		i: number = -1
Paused at 26
	Hit Breakpoint(s) 23
	Call Stack: DrawLine, DrawQube, Init 
	Bindings: Den: undefined
		dx: undefined
		dy: undefined
		From: object
		i: undefined
		IncX1: undefined
		IncX2: undefined
		IncY1: undefined
		IncY2: undefined
		Num: undefined
		NumAdd: undefined
		NumPix: undefined
		To: object
		x: undefined
		x1: number = 130
		x2: undefined
		y: undefined
		y1: undefined
		y2: undefined
Paused at 27
	Hit Breakpoint(s) 34
	Call Stack: DrawLine, DrawQube, Init 
	Bindings: Den: undefined
		dx: undefined
		dy: undefined
		From: object
		i: undefined
		IncX1: undefined
		IncX2: undefined
		IncY1: undefined
		IncY2: undefined
		Num: undefined
		NumAdd: undefined
		NumPix: undefined
		To: object
		x: undefined
		x1: number = 130
		x2: number = 130
		y: undefined
		y1: undefined
		y2: undefined
Paused at 32
	Hit Breakpoint(s) 1
	Call Stack: DrawLine, DrawQube, Init 
	Bindings: Den: undefined
		dx: number = 0
		dy: number = 40
		From: object
		i: undefined
		IncX1: undefined
		IncX2: undefined
		IncY1: undefined
		IncY2: undefined
		Num: undefined
		NumAdd: undefined
		NumPix: undefined
		To: object
		x: number = 130
		x1: number = 130
		x2: number = 130
		y: undefined
		y1: number = 130
		y2: number = 170
Paused at 61
	Hit Breakpoint(s) 9
	Call Stack: DrawLine, DrawQube, Init 
	Bindings: Den: number = 40
		dx: number = 0
		dy: number = 40
		From: object
		i: undefined
		IncX1: number = 1
		IncX2: number = 0
		IncY1: number = 0
		IncY2: number = 1
		Num: number = 20
		NumAdd: number = 0
		NumPix: number = 40
		To: object
		x: number = 130
		x1: number = 130
		x2: number = 130
		y: number = 130
		y1: number = 130
		y2: number = 170
Paused at 63
	Hit Breakpoint(s) 18
	Call Stack: DrawLine, DrawQube, Init 
	Bindings: Den: number = 40
		dx: number = 0
		dy: number = 40
		From: object
		i: undefined
		IncX1: number = 1
		IncX2: number = 0
		IncY1: number = 0
		IncY2: number = 1
		Num: number = 20
		NumAdd: number = 0
		NumPix: number = 40
		To: object
		x: number = 130
		x1: number = 130
		x2: number = 130
		y: number = 130
		y1: number = 130
		y2: number = 170
Paused at 64
	Call Stack: DrawLine, DrawQube, Init 
	Bindings: Den: number = 40
		dx: number = 0
		dy: number = 40
		From: object
		i: number = 0
		IncX1: number = 1
		IncX2: number = 0
		IncY1: number = 0
		IncY2: number = 1
		Num: number = 20
		NumAdd: number = 0
		NumPix: number = 40
		To: object
		x: number = 130
		x1: number = 130
		x2: number = 130
		y: number = 130
		y1: number = 130
		y2: number = 170
Paused at 71
	Hit Breakpoint(s) 20
	Call Stack: DrawLine, DrawQube, Init 
	Bindings: Den: number = 40
		dx: number = 0
		dy: number = 40
		From: object
		i: number = 0
		IncX1: number = 1
		IncX2: number = 0
		IncY1: number = 0
		IncY2: number = 1
		Num: number = 20
		NumAdd: number = 0
		NumPix: number = 40
		To: object
		x: number = 130
		x1: number = 130
		x2: number = 130
		y: number = 130
		y1: number = 130
		y2: number = 170
Paused at 71
	Hit Breakpoint(s) 20
	Call Stack: DrawLine, DrawQube, Init 
	Bindings: Den: number = 40
		dx: number = 0
		dy: number = 40
		From: object
		i: number = 1
		IncX1: number = 1
		IncX2: number = 0
		IncY1: number = 0
		IncY2: number = 1
		Num: number = 20
		NumAdd: number = 0
		NumPix: number = 40
		To: object
		x: number = 130
		x1: number = 130
		x2: number = 130
		y: number = 131
		y1: number = 130
		y2: number = 170
Paused at 72
	Call Stack: DrawLine, DrawQube, Init 
	Bindings: Den: number = 40
		dx: number = 0
		dy: number = 40
		From: object
		i: number = 1
		IncX1: number = 1
		IncX2: number = 0
		IncY1: number = 0
		IncY2: number = 1
		Num: number = 20
		NumAdd: number = 0
		NumPix: number = 40
		To: object
		x: number = 130
		x1: number = 130
		x2: number = 130
		y: number = 131
		y1: number = 130
		y2: number = 170
Paused at 64
	Call Stack: DrawLine, DrawQube, Init 
	Bindings: Den: number = 40
		dx: number = 0
		dy: number = 40
		From: object
		i: number = 1
		IncX1: number = 1
		IncX2: number = 0
		IncY1: number = 0
		IncY2: number = 1
		Num: number = 20
		NumAdd: number = 0
		NumPix: number = 40
		To: object
		x: number = 130
		x1: number = 130
		x2: number = 130
		y: number = 132
		y1: number = 130
		y2: number = 170
Paused at 64
	Call Stack: DrawLine, DrawQube, Init 
	Bindings: Den: number = 40
		dx: number = 0
		dy: number = 40
		From: object
		i: number = 2
		IncX1: number = 1
		IncX2: number = 0
		IncY1: number = 0
		IncY2: number = 1
		Num: number = 20
		NumAdd: number = 0
		NumPix: number = 40
		To: object
		x: number = 130
		x1: number = 130
		x2: number = 130
		y: number = 132
		y1: number = 130
		y2: number = 170
Paused at 65
	Call Stack: DrawLine, DrawQube, Init 
	Bindings: Den: number = 40
		dx: number = 0
		dy: number = 40
		From: object
		i: number = 2
		IncX1: number = 1
		IncX2: number = 0
		IncY1: number = 0
		IncY2: number = 1
		Num: number = 20
		NumAdd: number = 0
		NumPix: number = 40
		To: object
		x: number = 130
		x1: number = 130
		x2: number = 130
		y: number = 132
		y1: number = 130
		y2: number = 170
Paused at 71
	Hit Breakpoint(s) 20
	Call Stack: DrawLine, DrawQube, Init 
	Bindings: Den: number = 40
		dx: number = 0
		dy: number = 40
		From: object
		i: number = 2
		IncX1: number = 1
		IncX2: number = 0
		IncY1: number = 0
		IncY2: number = 1
		Num: number = 20
		NumAdd: number = 0
		NumPix: number = 40
		To: object
		x: number = 130
		x1: number = 130
		x2: number = 130
		y: number = 132
		y1: number = 130
		y2: number = 170
Paused at 72
	Call Stack: DrawLine, DrawQube, Init 
	Bindings: Den: number = 40
		dx: number = 0
		dy: number = 40
		From: object
		i: number = 2
		IncX1: number = 1
		IncX2: number = 0
		IncY1: number = 0
		IncY2: number = 1
		Num: number = 20
		NumAdd: number = 0
		NumPix: number = 40
		To: object
		x: number = 130
		x1: number = 130
		x2: number = 130
		y: number = 132
		y1: number = 130
		y2: number = 170
Paused at 71
	Hit Breakpoint(s) 20
	Call Stack: DrawLine, DrawQube, Init 
	Bindings: Den: number = 40
		dx: number = 0
		dy: number = 40
		From: object
		i: number = 3
		IncX1: number = 1
		IncX2: number = 0
		IncY1: number = 0
		IncY2: number = 1
		Num: number = 20
		NumAdd: number = 0
		NumPix: number = 40
		To: object
		x: number = 130
		x1: number = 130
		x2: number = 130
		y: number = 133
		y1: number = 130
		y2: number = 170
Paused at 71
	Hit Breakpoint(s) 20
	Call Stack: DrawLine, DrawQube, Init 
	Bindings: Den: number = 40
		dx: number = 0
		dy: number = 40
		From: object
		i: number = 4
		IncX1: number = 1
		IncX2: number = 0
		IncY1: number = 0
		IncY2: number = 1
		Num: number = 20
		NumAdd: number = 0
		NumPix: number = 40
		To: object
		x: number = 130
		x1: number = 130
		x2: number = 130
		y: number = 134
		y1: number = 130
		y2: number = 170
Paused at 71
	Hit Breakpoint(s) 20
	Call Stack: DrawLine, DrawQube, Init 
	Bindings: Den: number = 40
		dx: number = 0
		dy: number = 40
		From: object
		i: number = 5
		IncX1: number = 1
		IncX2: number = 0
		IncY1: number = 0
		IncY2: number = 1
		Num: number = 20
		NumAdd: number = 0
		NumPix: number = 40
		To: object
		x: number = 130
		x1: number = 130
		x2: number = 130
		y: number = 135
		y1: number = 130
		y2: number = 170
Paused at 72
	Call Stack: DrawLine, DrawQube, Init 
	Bindings: Den: number = 40
		dx: number = 0
		dy: number = 40
		From: object
		i: number = 5
		IncX1: number = 1
		IncX2: number = 0
		IncY1: number = 0
		IncY2: number = 1
		Num: number = 20
		NumAdd: number = 0
		NumPix: number = 40
		To: object
		x: number = 130
		x1: number = 130
		x2: number = 130
		y: number = 135
		y1: number = 130
		y2: number = 170
Paused at 64
	Call Stack: DrawLine, DrawQube, Init 
	Bindings: Den: number = 40
		dx: number = 0
		dy: number = 40
		From: object
		i: number = 5
		IncX1: number = 1
		IncX2: number = 0
		IncY1: number = 0
		IncY2: number = 1
		Num: number = 20
		NumAdd: number = 0
		NumPix: number = 40
		To: object
		x: number = 130
		x1: number = 130
		x2: number = 130
		y: number = 136
		y1: number = 130
		y2: number = 170
Paused at 64
	Call Stack: DrawLine, DrawQube, Init 
	Bindings: Den: number = 40
		dx: number = 0
		dy: number = 40
		From: object
		i: number = 6
		IncX1: number = 1
		IncX2: number = 0
		IncY1: number = 0
		IncY2: number = 1
		Num: number = 20
		NumAdd: number = 0
		NumPix: number = 40
		To: object
		x: number = 130
		x1: number = 130
		x2: number = 130
		y: number = 136
		y1: number = 130
		y2: number = 170
Paused at 65
	Call Stack: DrawLine, DrawQube, Init 
	Bindings: Den: number = 40
		dx: number = 0
		dy: number = 40
		From: object
		i: number = 6
		IncX1: number = 1
		IncX2: number = 0
		IncY1: number = 0
		IncY2: number = 1
		Num: number = 20
		NumAdd: number = 0
		NumPix: number = 40
		To: object
		x: number = 130
		x1: number = 130
		x2: number = 130
		y: number = 136
		y1: number = 130
		y2: number = 170
Paused at 66
	Call Stack: DrawLine, DrawQube, Init 
	Bindings: Den: number = 40
		dx: number = 0
		dy: number = 40
		From: object
		i: number = 6
		IncX1: number = 1
		IncX2: number = 0
		IncY1: number = 0
		IncY2: number = 1
		Num: number = 20
		NumAdd: number = 0
		NumPix: number = 40
		To: object
		x: number = 130
		x1: number = 130
		x2: number = 130
		y: number = 136
		y1: number = 130
		y2: number = 170
Paused at 71
	Hit Breakpoint(s) 20
	Call Stack: DrawLine, DrawQube, Init 
	Bindings: Den: number = 40
		dx: number = 0
		dy: number = 40
		From: object
		i: number = 6
		IncX1: number = 1
		IncX2: number = 0
		IncY1: number = 0
		IncY2: number = 1
		Num: number = 20
		NumAdd: number = 0
		NumPix: number = 40
		To: object
		x: number = 130
		x1: number = 130
		x2: number = 130
		y: number = 136
		y1: number = 130
		y2: number = 170
Paused at 72
	Call Stack: DrawLine, DrawQube, Init 
	Bindings: Den: number = 40
		dx: number = 0
		dy: number = 40
		From: object
		i: number = 6
		IncX1: number = 1
		IncX2: number = 0
		IncY1: number = 0
		IncY2: number = 1
		Num: number = 20
		NumAdd: number = 0
		NumPix: number = 40
		To: object
		x: number = 130
		x1: number = 130
		x2: number = 130
		y: number = 136
		y1: number = 130
		y2: number = 170
Paused at 71
	Hit Breakpoint(s) 20
	Call Stack: DrawLine, DrawQube, Init 
	Bindings: Den: number = 40
		dx: number = 0
		dy: number = 40
		From: object
		i: number = 7
		IncX1: number = 1
		IncX2: number = 0
		IncY1: number = 0
		IncY2: number = 1
		Num: number = 20
		NumAdd: number = 0
		NumPix: number = 40
		To: object
		x: number = 130
		x1: number = 130
		x2: number = 130
		y: number = 137
		y1: number = 130
		y2: number = 170
Paused at 72
	Call Stack: DrawLine, DrawQube, Init 
	Bindings: Den: number = 40
		dx: number = 0
		dy: number = 40
		From: object
		i: number = 7
		IncX1: number = 1
		IncX2: number = 0
		IncY1: number = 0
		IncY2: number = 1
		Num: number = 20
		NumAdd: number = 0
		NumPix: number = 40
		To: object
		x: number = 130
		x1: number = 130
		x2: number = 130
		y: number = 137
		y1: number = 130
		y2: number = 170
Paused at 71
	Hit Breakpoint(s) 20
	Call Stack: DrawLine, DrawQube, Init 
	Bindings: Den: number = 40
		dx: number = 0
		dy: number = 40
		From: object
		i: number = 8
		IncX1: number = 1
		IncX2: number = 0
		IncY1: number = 0
		IncY2: number = 1
		Num: number = 20
		NumAdd: number = 0
		NumPix: number = 40
		To: object
		x: number = 130
		x1: number = 130
		x2: number = 130
		y: number = 138
		y1: number = 130
		y2: number = 170
Paused at 71
	Hit Breakpoint(s) 20
	Call Stack: DrawLine, DrawQube, Init 
	Bindings: Den: number = 40
		dx: number = 0
		dy: number = 40
		From: object
		i: number = 9
		IncX1: number = 1
		IncX2: number = 0
		IncY1: number = 0
		IncY2: number = 1
		Num: number = 20
		NumAdd: number = 0
		NumPix: number = 40
		To: object
		x: number = 130
		x1: number = 130
		x2: number = 130
		y: number = 139
		y1: number = 130
		y2: number = 170
Paused at 72
	Call Stack: DrawLine, DrawQube, Init 
	Bindings: Den: number = 40
		dx: number = 0
		dy: number = 40
		From: object
		i: number = 9
		IncX1: number = 1
		IncX2: number = 0
		IncY1: number = 0
		IncY2: number = 1
		Num: number = 20
		NumAdd: number = 0
		NumPix: number = 40
		To: object
		x: number = 130
		x1: number = 130
		x2: number = 130
		y: number = 139
		y1: number = 130
		y2: number = 170
Paused at 71
	Hit Breakpoint(s) 20
	Call Stack: DrawLine, DrawQube, Init 
	Bindings: Den: number = 40
		dx: number = 0
		dy: number = 40
		From: object
		i: number = 10
		IncX1: number = 1
		IncX2: number = 0
		IncY1: number = 0
		IncY2: number = 1
		Num: number = 20
		NumAdd: number = 0
		NumPix: number = 40
		To: object
		x: number = 130
		x1: number = 130
		x2: number = 130
		y: number = 140
		y1: number = 130
		y2: number = 170
Paused at 71
	Hit Breakpoint(s) 20
	Call Stack: DrawLine, DrawQube, Init 
	Bindings: Den: number = 40
		dx: number = 0
		dy: number = 40
		From: object
		i: number = 11
		IncX1: number = 1
		IncX2: number = 0
		IncY1: number = 0
		IncY2: number = 1
		Num: number = 20
		NumAdd: number = 0
		NumPix: number = 40
		To: object
		x: number = 130
		x1: number = 130
		x2: number = 130
		y: number = 141
		y1: number = 130
		y2: number = 170
Paused at 72
	Call Stack: DrawLine, DrawQube, Init 
	Bindings: Den: number = 40
		dx: number = 0
		dy: number = 40
		From: object
		i: number = 11
		IncX1: number = 1
		IncX2: number = 0
		IncY1: number = 0
		IncY2: number = 1
		Num: number = 20
		NumAdd: number = 0
		NumPix: number = 40
		To: object
		x: number = 130
		x1: number = 130
		x2: number = 130
		y: number = 141
		y1: number = 130
		y2: number = 170
Paused at 71
	Hit Breakpoint(s) 20
	Call Stack: DrawLine, DrawQube, Init 
	Bindings: Den: number = 40
		dx: number = 0
		dy: number = 40
		From: object
		i: number = 12
		IncX1: number = 1
		IncX2: number = 0
		IncY1: number = 0
		IncY2: number = 1
		Num: number = 20
		NumAdd: number = 0
		NumPix: number = 40
		To: object
		x: number = 130
		x1: number = 130
		x2: number = 130
		y: number = 142
		y1: number = 130
		y2: number = 170
Paused at 71
	Hit Breakpoint(s) 20
	Call Stack: DrawLine, DrawQube, Init 
	Bindings: Den: number = 40
		dx: number = 0
		dy: number = 40
		From: object
		i: number = 13
		IncX1: number = 1
		IncX2: number = 0
		IncY1: number = 0
		IncY2: number = 1
		Num: number = 20
		NumAdd: number = 0
		NumPix: number = 40
		To: object
		x: number = 130
		x1: number = 130
		x2: number = 130
		y: number = 143
		y1: number = 130
		y2: number = 170
Paused at 72
	Call Stack: DrawLine, DrawQube, Init 
	Bindings: Den: number = 40
		dx: number = 0
		dy: number = 40
		From: object
		i: number = 13
		IncX1: number = 1
		IncX2: number = 0
		IncY1: number = 0
		IncY2: number = 1
		Num: number = 20
		NumAdd: number = 0
		NumPix: number = 40
		To: object
		x: number = 130
		x1: number = 130
		x2: number = 130
		y: number = 143
		y1: number = 130
		y2: number = 170
Paused at 71
	Hit Breakpoint(s) 20
	Call Stack: DrawLine, DrawQube, Init 
	Bindings: Den: number = 40
		dx: number = 0
		dy: number = 40
		From: object
		i: number = 14
		IncX1: number = 1
		IncX2: number = 0
		IncY1: number = 0
		IncY2: number = 1
		Num: number = 20
		NumAdd: number = 0
		NumPix: number = 40
		To: object
		x: number = 130
		x1: number = 130
		x2: number = 130
		y: number = 144
		y1: number = 130
		y2: number = 170
Paused at 71
	Hit Breakpoint(s) 20
	Call Stack: DrawLine, DrawQube, Init 
	Bindings: Den: number = 40
		dx: number = 0
		dy: number = 40
		From: object
		i: number = 15
		IncX1: number = 1
		IncX2: number = 0
		IncY1: number = 0
		IncY2: number = 1
		Num: number = 20
		NumAdd: number = 0
		NumPix: number = 40
		To: object
		x: number = 130
		x1: number = 130
		x2: number = 130
		y: number = 145
		y1: number = 130
		y2: number = 170
Paused at 71
	Hit Breakpoint(s) 20
	Call Stack: DrawLine, DrawQube, Init 
	Bindings: Den: number = 40
		dx: number = 0
		dy: number = 40
		From: object
		i: number = 16
		IncX1: number = 1
		IncX2: number = 0
		IncY1: number = 0
		IncY2: number = 1
		Num: number = 20
		NumAdd: number = 0
		NumPix: number = 40
		To: object
		x: number = 130
		x1: number = 130
		x2: number = 130
		y: number = 146
		y1: number = 130
		y2: number = 170
Paused at 71
	Hit Breakpoint(s) 20
	Call Stack: DrawLine, DrawQube, Init 
	Bindings: Den: number = 40
		dx: number = 0
		dy: number = 40
		From: object
		i: number = 17
		IncX1: number = 1
		IncX2: number = 0
		IncY1: number = 0
		IncY2: number = 1
		Num: number = 20
		NumAdd: number = 0
		NumPix: number = 40
		To: object
		x: number = 130
		x1: number = 130
		x2: number = 130
		y: number = 147
		y1: number = 130
		y2: number = 170
Paused at 72
	Call Stack: DrawLine, DrawQube, Init 
	Bindings: Den: number = 40
		dx: number = 0
		dy: number = 40
		From: object
		i: number = 17
		IncX1: number = 1
		IncX2: number = 0
		IncY1: number = 0
		IncY2: number = 1
		Num: number = 20
		NumAdd: number = 0
		NumPix: number = 40
		To: object
		x: number = 130
		x1: number = 130
		x2: number = 130
		y: number = 147
		y1: number = 130
		y2: number = 170
Paused at 64
	Call Stack: DrawLine, DrawQube, Init 
	Bindings: Den: number = 40
		dx: number = 0
		dy: number = 40
		From: object
		i: number = 17
		IncX1: number = 1
		IncX2: number = 0
		IncY1: number = 0
		IncY2: number = 1
		Num: number = 20
		NumAdd: number = 0
		NumPix: number = 40
		To: object
		x: number = 130
		x1: number = 130
		x2: number = 130
		y: number = 148
		y1: number = 130
		y2: number = 170
Paused at 64
	Call Stack: DrawLine, DrawQube, Init 
	Bindings: Den: number = 40
		dx: number = 0
		dy: number = 40
		From: object
		i: number = 18
		IncX1: number = 1
		IncX2: number = 0
		IncY1: number = 0
		IncY2: number = 1
		Num: number = 20
		NumAdd: number = 0
		NumPix: number = 40
		To: object
		x: number = 130
		x1: number = 130
		x2: number = 130
		y: number = 148
		y1: number = 130
		y2: number = 170
Paused at 65
	Call Stack: DrawLine, DrawQube, Init 
	Bindings: Den: number = 40
		dx: number = 0
		dy: number = 40
		From: object
		i: number = 18
		IncX1: number = 1
		IncX2: number = 0
		IncY1: number = 0
		IncY2: number = 1
		Num: number = 20
		NumAdd: number = 0
		NumPix: number = 40
		To: object
		x: number = 130
		x1: number = 130
		x2: number = 130
		y: number = 148
		y1: number = 130
		y2: number = 170
Paused at 71
	Hit Breakpoint(s) 20
	Call Stack: DrawLine, DrawQube, Init 
	Bindings: Den: number = 40
		dx: number = 0
		dy: number = 40
		From: object
		i: number = 18
		IncX1: number = 1
		IncX2: number = 0
		IncY1: number = 0
		IncY2: number = 1
		Num: number = 20
		NumAdd: number = 0
		NumPix: number = 40
		To: object
		x: number = 130
		x1: number = 130
		x2: number = 130
		y: number = 148
		y1: number = 130
		y2: number = 170
Paused at 72
	Call Stack: DrawLine, DrawQube, Init 
	Bindings: Den: number = 40
		dx: number = 0
		dy: number = 40
		From: object
		i: number = 18
		IncX1: number = 1
		IncX2: number = 0
		IncY1: number = 0
		IncY2: number = 1
		Num: number = 20
		NumAdd: number = 0
		NumPix: number = 40
		To: object
		x: number = 130
		x1: number = 130
		x2: number = 130
		y: number = 148
		y1: number = 130
		y2: number = 170
Paused at 71
	Hit Breakpoint(s) 20
	Call Stack: DrawLine, DrawQube, Init 
	Bindings: Den: number = 40
		dx: number = 0
		dy: number = 40
		From: object
		i: number = 19
		IncX1: number = 1
		IncX2: number = 0
		IncY1: number = 0
		IncY2: number = 1
		Num: number = 20
		NumAdd: number = 0
		NumPix: number = 40
		To: object
		x: number = 130
		x1: number = 130
		x2: number = 130
		y: number = 149
		y1: number = 130
		y2: number = 170
Paused at 71
	Hit Breakpoint(s) 20
	Call Stack: DrawLine, DrawQube, Init 
	Bindings: Den: number = 40
		dx: number = 0
		dy: number = 40
		From: object
		i: number = 20
		IncX1: number = 1
		IncX2: number = 0
		IncY1: number = 0
		IncY2: number = 1
		Num: number = 20
		NumAdd: number = 0
		NumPix: number = 40
		To: object
		x: number = 130
		x1: number = 130
		x2: number = 130
		y: number = 150
		y1: number = 130
		y2: number = 170
Paused at 72
	Call Stack: DrawLine, DrawQube, Init 
	Bindings: Den: number = 40
		dx: number = 0
		dy: number = 40
		From: object
		i: number = 20
		IncX1: number = 1
		IncX2: number = 0
		IncY1: number = 0
		IncY2: number = 1
		Num: number = 20
		NumAdd: number = 0
		NumPix: number = 40
		To: object
		x: number = 130
		x1: number = 130
		x2: number = 130
		y: number = 150
		y1: number = 130
		y2: number = 170
Paused at 64
	Call Stack: DrawLine, DrawQube, Init 
	Bindings: Den: number = 40
		dx: number = 0
		dy: number = 40
		From: object
		i: number = 20
		IncX1: number = 1
		IncX2: number = 0
		IncY1: number = 0
		IncY2: number = 1
		Num: number = 20
		NumAdd: number = 0
		NumPix: number = 40
		To: object
		x: number = 130
		x1: number = 130
		x2: number = 130
		y: number = 151
		y1: number = 130
		y2: number = 170
Paused at 71
	Hit Breakpoint(s) 20
	Call Stack: DrawLine, DrawQube, Init 
	Bindings: Den: number = 40
		dx: number = 0
		dy: number = 40
		From: object
		i: number = 21
		IncX1: number = 1
		IncX2: number = 0
		IncY1: number = 0
		IncY2: number = 1
		Num: number = 20
		NumAdd: number = 0
		NumPix: number = 40
		To: object
		x: number = 130
		x1: number = 130
		x2: number = 130
		y: number = 151
		y1: number = 130
		y2: number = 170
Paused at 71
	Hit Breakpoint(s) 20
	Call Stack: DrawLine, DrawQube, Init 
	Bindings: Den: number = 40
		dx: number = 0
		dy: number = 40
		From: object
		i: number = 22
		IncX1: number = 1
		IncX2: number = 0
		IncY1: number = 0
		IncY2: number = 1
		Num: number = 20
		NumAdd: number = 0
		NumPix: number = 40
		To: object
		x: number = 130
		x1: number = 130
		x2: number = 130
		y: number = 152
		y1: number = 130
		y2: number = 170
Paused at 72
	Call Stack: DrawLine, DrawQube, Init 
	Bindings: Den: number = 40
		dx: number = 0
		dy: number = 40
		From: object
		i: number = 22
		IncX1: number = 1
		IncX2: number = 0
		IncY1: number = 0
		IncY2: number = 1
		Num: number = 20
		NumAdd: number = 0
		NumPix: number = 40
		To: object
		x: number = 130
		x1: number = 130
		x2: number = 130
		y: number = 152
		y1: number = 130
		y2: number = 170
Paused at 64
	Call Stack: DrawLine, DrawQube, Init 
	Bindings: Den: number = 40
		dx: number = 0
		dy: number = 40
		From: object
		i: number = 22
		IncX1: number = 1
		IncX2: number = 0
		IncY1: number = 0
		IncY2: number = 1
		Num: number = 20
		NumAdd: number = 0
		NumPix: number = 40
		To: object
		x: number = 130
		x1: number = 130
		x2: number = 130
		y: number = 153
		y1: number = 130
		y2: number = 170
Paused at 64
	Call Stack: DrawLine, DrawQube, Init 
	Bindings: Den: number = 40
		dx: number = 0
		dy: number = 40
		From: object
		i: number = 23
		IncX1: number = 1
		IncX2: number = 0
		IncY1: number = 0
		IncY2: number = 1
		Num: number = 20
		NumAdd: number = 0
		NumPix: number = 40
		To: object
		x: number = 130
		x1: number = 130
		x2: number = 130
		y: number = 153
		y1: number = 130
		y2: number = 170
Paused at 71
	Hit Breakpoint(s) 20
	Call Stack: DrawLine, DrawQube, Init 
	Bindings: Den: number = 40
		dx: number = 0
		dy: number = 40
		From: object
		i: number = 23
		IncX1: number = 1
		IncX2: number = 0
		IncY1: number = 0
		IncY2: number = 1
		Num: number = 20
		NumAdd: number = 0
		NumPix: number = 40
		To: object
		x: number = 130
		x1: number = 130
		x2: number = 130
		y: number = 153
		y1: number = 130
		y2: number = 170
Paused at 72
	Call Stack: DrawLine, DrawQube, Init 
	Bindings: Den: number = 40
		dx: number = 0
		dy: number = 40
		From: object
		i: number = 23
		IncX1: number = 1
		IncX2: number = 0
		IncY1: number = 0
		IncY2: number = 1
		Num: number = 20
		NumAdd: number = 0
		NumPix: number = 40
		To: object
		x: number = 130
		x1: number = 130
		x2: number = 130
		y: number = 153
		y1: number = 130
		y2: number = 170
Paused at 71
	Hit Breakpoint(s) 20
	Call Stack: DrawLine, DrawQube, Init 
	Bindings: Den: number = 40
		dx: number = 0
		dy: number = 40
		From: object
		i: number = 24
		IncX1: number = 1
		IncX2: number = 0
		IncY1: number = 0
		IncY2: number = 1
		Num: number = 20
		NumAdd: number = 0
		NumPix: number = 40
		To: object
		x: number = 130
		x1: number = 130
		x2: number = 130
		y: number = 154
		y1: number = 130
		y2: number = 170
Paused at 72
	Call Stack: DrawLine, DrawQube, Init 
	Bindings: Den: number = 40
		dx: number = 0
		dy: number = 40
		From: object
		i: number = 24
		IncX1: number = 1
		IncX2: number = 0
		IncY1: number = 0
		IncY2: number = 1
		Num: number = 20
		NumAdd: number = 0
		NumPix: number = 40
		To: object
		x: number = 130
		x1: number = 130
		x2: number = 130
		y: number = 154
		y1: number = 130
		y2: number = 170
Paused at 64
	Call Stack: DrawLine, DrawQube, Init 
	Bindings: Den: number = 40
		dx: number = 0
		dy: number = 40
		From: object
		i: number = 24
		IncX1: number = 1
		IncX2: number = 0
		IncY1: number = 0
		IncY2: number = 1
		Num: number = 20
		NumAdd: number = 0
		NumPix: number = 40
		To: object
		x: number = 130
		x1: number = 130
		x2: number = 130
		y: number = 155
		y1: number = 130
		y2: number = 170
Paused at 64
	Call Stack: DrawLine, DrawQube, Init 
	Bindings: Den: number = 40
		dx: number = 0
		dy: number = 40
		From: object
		i: number = 25
		IncX1: number = 1
		IncX2: number = 0
		IncY1: number = 0
		IncY2: number = 1
		Num: number = 20
		NumAdd: number = 0
		NumPix: number = 40
		To: object
		x: number = 130
		x1: number = 130
		x2: number = 130
		y: number = 155
		y1: number = 130
		y2: number = 170
Paused at 71
	Hit Breakpoint(s) 20
	Call Stack: DrawLine, DrawQube, Init 
	Bindings: Den: number = 40
		dx: number = 0
		dy: number = 40
		From: object
		i: number = 25
		IncX1: number = 1
		IncX2: number = 0
		IncY1: number = 0
		IncY2: number = 1
		Num: number = 20
		NumAdd: number = 0
		NumPix: number = 40
		To: object
		x: number = 130
		x1: number = 130
		x2: number = 130
		y: number = 155
		y1: number = 130
		y2: number = 170
