Breakpoint 0 Set at 17
Breakpoint 1 Set at 124
Breakpoint 2 Set at 254
Breakpoint 3 Set at 290
Breakpoint 4 Set at 419
Breakpoint 5 Set at 108
Breakpoint 6 Set at 290
Breakpoint 7 Set at 290
Breakpoint 8 Set at 370
Breakpoint 9 Set at 71
Breakpoint 10 Set at 304
Breakpoint 11 Set at 50
Breakpoint 12 Set at 169
Breakpoint 13 Set at 329
Breakpoint 14 Set at 419
Breakpoint 15 Set at 372
Breakpoint 16 Set at 419
Breakpoint 17 Set at 24
Breakpoint 18 Set at 71
Breakpoint 19 Set at 270
Breakpoint 20 Set at 124
Breakpoint 21 Set at 385
Breakpoint 22 Set at 188
Breakpoint 23 Set at 26
Breakpoint 24 Set at 183
Breakpoint 25 Set at 178
Breakpoint 26 Set at 88
Breakpoint 27 Set at 335
Breakpoint 28 Set at 366
Breakpoint 29 Set at 118
Breakpoint 30 Set at 340
Breakpoint 31 Set at 293
Breakpoint 32 Set at 302
Breakpoint 33 Set at 233
Breakpoint 34 Set at 177
Breakpoint 35 Set at 419
Breakpoint 36 Set at 325
Breakpoint 37 Set at 112
Breakpoint 38 Set at 385
Breakpoint 39 Set at 307
Breakpoint 40 Set at 377
Breakpoint 41 Set at 84
Paused at 124
	Hit Breakpoint(s) 1, 20
	Call Stack:  
	Bindings: 
Paused at 290
	Hit Breakpoint(s) 3, 6, 7
	Call Stack:  
	Bindings: 
Paused at 385
	Hit Breakpoint(s) 21, 38
	Call Stack:  
	Bindings: 
Paused at 419
	Hit Breakpoint(s) 4, 14, 16, 35
	Call Stack:  
	Bindings: 
Paused at 421
	Call Stack:  
	Bindings: 
Paused at 169
	Hit Breakpoint(s) 12
	Call Stack: AESEncryptCtr 
	Bindings: b: undefined
		blockCount: undefined
		blockLength: undefined
		blockSize: undefined
		c: undefined
		cipherByte: undefined
		cipherCntr: undefined
		ciphertext: undefined
		counterBlock: undefined
		ct: undefined
		ctrTxt: undefined
		i: undefined
		key: undefined
		keySchedule: undefined
		nBits: number = 256
		nBytes: undefined
		nonce: undefined
		password: string = thou Romeo?
		plaintext: string = hrough yonder window breaks?
It is the east, and Juliet is the sun.
Arise, fair sun, and kill the envious moon,
Who is already sick and pale with grief,
That thou her maid art far more fair than she:
Be not her maid, since she is envious;
Her vestal livery is but sick and green
And none but fools do wear it; cast it off.
It is my lady, O, it is my love!
O, that she knew she were!
She speaks yet she says nothing: what of that?
Her eye discourses; I will answer it.
I am too bold, 'tis not to me she speaks:
Two of the fairest stars in all the heaven,
Having some business, do entreat her eyes
To twinkle in their spheres till they return.
What if her eyes were there, they in her head?
The brightness of her cheek would shame those stars,
As daylight doth a lamp; her eyes in heaven
Would through the airy region stream so bright
That birds would sing and think it were not night.
See, how she leans her cheek upon her hand!
O, that I were a glove upon that hand,
That I might touch that cheek!
JULIET: Ay me!
ROMEO: She speaks:
O, speak again, bright angel! for thou art
As glorious to this night, being o'er my head
As is a winged messenger of heaven
Unto the white-upturned wondering eyes
Of mortals that fall back to gaze on him
When he bestrides the lazy-pacing clouds
And sails upon the bosom of the air.
		plaintextByte: undefined
		pwBytes: undefined
Paused at 84
	Hit Breakpoint(s) 41
	Call Stack: KeyExpansion, AESEncryptCtr 
	Bindings: i: undefined
		key: array
		Nb: undefined
		Nk: undefined
		Nr: undefined
		r: undefined
		t: undefined
		temp: undefined
		w: undefined
Paused at 85
	Call Stack: KeyExpansion, AESEncryptCtr 
	Bindings: i: undefined
		key: array
		Nb: number = 4
		Nk: undefined
		Nr: undefined
		r: undefined
		t: undefined
		temp: undefined
		w: undefined
Paused at 86
	Call Stack: KeyExpansion, AESEncryptCtr 
	Bindings: i: undefined
		key: array
		Nb: number = 4
		Nk: number = 8
		Nr: undefined
		r: undefined
		t: undefined
		temp: undefined
		w: undefined
Paused at 88
	Hit Breakpoint(s) 26
	Call Stack: KeyExpansion, AESEncryptCtr 
	Bindings: i: undefined
		key: array
		Nb: number = 4
		Nk: number = 8
		Nr: number = 14
		r: undefined
		t: undefined
		temp: undefined
		w: undefined
Paused at 118
	Hit Breakpoint(s) 29
	Call Stack: RotWord, KeyExpansion, AESEncryptCtr 
	Bindings: i: undefined
		w: array
Paused at 118
	Call Stack: RotWord, KeyExpansion, AESEncryptCtr 
	Bindings: i: number = 0
		w: array
Paused at 112
	Hit Breakpoint(s) 37
	Call Stack: SubWord, KeyExpansion, AESEncryptCtr 
	Bindings: i: undefined
		w: array
Paused at 112
	Call Stack: SubWord, KeyExpansion, AESEncryptCtr 
	Bindings: i: number = 0
		w: array
Paused at 101
	Call Stack: KeyExpansion, AESEncryptCtr 
	Bindings: i: number = 8
		key: array
		Nb: number = 4
		Nk: number = 8
		Nr: number = 14
		r: array
		t: number = 4
		temp: array
		w: array
Paused at 112
	Hit Breakpoint(s) 37
	Call Stack: SubWord, KeyExpansion, AESEncryptCtr 
	Bindings: i: undefined
		w: array
Paused at 105
	Call Stack: KeyExpansion, AESEncryptCtr 
	Bindings: i: number = 12
		key: array
		Nb: number = 4
		Nk: number = 8
		Nr: number = 14
		r: array
		t: number = 4
		temp: array
		w: array
Paused at 118
	Hit Breakpoint(s) 29
	Call Stack: RotWord, KeyExpansion, AESEncryptCtr 
	Bindings: i: undefined
		w: array
Paused at 100
	Call Stack: KeyExpansion, AESEncryptCtr 
	Bindings: i: number = 16
		key: array
		Nb: number = 4
		Nk: number = 8
		Nr: number = 14
		r: array
		t: number = 4
		temp: array
		w: array
Paused at 112
	Hit Breakpoint(s) 37
	Call Stack: SubWord, KeyExpansion, AESEncryptCtr 
	Bindings: i: undefined
		w: array
Paused at 112
	Hit Breakpoint(s) 37
	Call Stack: SubWord, KeyExpansion, AESEncryptCtr 
	Bindings: i: undefined
		w: array
Paused at 112
	Call Stack: SubWord, KeyExpansion, AESEncryptCtr 
	Bindings: i: number = 0
		w: array
Paused at 118
	Hit Breakpoint(s) 29
	Call Stack: RotWord, KeyExpansion, AESEncryptCtr 
	Bindings: i: undefined
		w: array
Paused at 100
	Call Stack: KeyExpansion, AESEncryptCtr 
	Bindings: i: number = 24
		key: array
		Nb: number = 4
		Nk: number = 8
		Nr: number = 14
		r: array
		t: number = 4
		temp: array
		w: array
Paused at 112
	Hit Breakpoint(s) 37
	Call Stack: SubWord, KeyExpansion, AESEncryptCtr 
	Bindings: i: undefined
		w: array
Paused at 112
	Hit Breakpoint(s) 37
	Call Stack: SubWord, KeyExpansion, AESEncryptCtr 
	Bindings: i: undefined
		w: array
Paused at 112
	Call Stack: SubWord, KeyExpansion, AESEncryptCtr 
	Bindings: i: number = 0
		w: array
Paused at 112
	Call Stack: SubWord, KeyExpansion, AESEncryptCtr 
	Bindings: i: number = 0
		w: array
Paused at 118
	Hit Breakpoint(s) 29
	Call Stack: RotWord, KeyExpansion, AESEncryptCtr 
	Bindings: i: undefined
		w: array
Paused at 100
	Call Stack: KeyExpansion, AESEncryptCtr 
	Bindings: i: number = 32
		key: array
		Nb: number = 4
		Nk: number = 8
		Nr: number = 14
		r: array
		t: number = 4
		temp: array
		w: array
Paused at 112
	Hit Breakpoint(s) 37
	Call Stack: SubWord, KeyExpansion, AESEncryptCtr 
	Bindings: i: undefined
		w: array
Paused at 112
	Hit Breakpoint(s) 37
	Call Stack: SubWord, KeyExpansion, AESEncryptCtr 
	Bindings: i: undefined
		w: array
Paused at 105
	Call Stack: KeyExpansion, AESEncryptCtr 
	Bindings: i: number = 36
		key: array
		Nb: number = 4
		Nk: number = 8
		Nr: number = 14
		r: array
		t: number = 4
		temp: array
		w: array
Paused at 105
	Call Stack: KeyExpansion, AESEncryptCtr 
	Bindings: i: number = 36
		key: array
		Nb: number = 4
		Nk: number = 8
		Nr: number = 14
		r: array
		t: number = 0
		temp: array
		w: array
Paused at 105
	Call Stack: KeyExpansion, AESEncryptCtr 
	Bindings: i: number = 36
		key: array
		Nb: number = 4
		Nk: number = 8
		Nr: number = 14
		r: array
		t: number = 0
		temp: array
		w: array
Paused at 105
	Call Stack: KeyExpansion, AESEncryptCtr 
	Bindings: i: number = 36
		key: array
		Nb: number = 4
		Nk: number = 8
		Nr: number = 14
		r: array
		t: number = 0
		temp: array
		w: array
Paused at 105
	Call Stack: KeyExpansion, AESEncryptCtr 
	Bindings: i: number = 36
		key: array
		Nb: number = 4
		Nk: number = 8
		Nr: number = 14
		r: array
		t: number = 1
		temp: array
		w: array
Paused at 118
	Hit Breakpoint(s) 29
	Call Stack: RotWord, KeyExpansion, AESEncryptCtr 
	Bindings: i: undefined
		w: array
Paused at 118
	Call Stack: RotWord, KeyExpansion, AESEncryptCtr 
	Bindings: i: number = 0
		w: array
Paused at 112
	Hit Breakpoint(s) 37
	Call Stack: SubWord, KeyExpansion, AESEncryptCtr 
	Bindings: i: undefined
		w: array
Paused at 101
	Call Stack: KeyExpansion, AESEncryptCtr 
	Bindings: i: number = 40
		key: array
		Nb: number = 4
		Nk: number = 8
		Nr: number = 14
		r: array
		t: number = 4
		temp: array
		w: array
Paused at 101
	Call Stack: KeyExpansion, AESEncryptCtr 
	Bindings: i: number = 40
		key: array
		Nb: number = 4
		Nk: number = 8
		Nr: number = 14
		r: array
		t: number = 0
		temp: array
		w: array
Paused at 112
	Hit Breakpoint(s) 37
	Call Stack: SubWord, KeyExpansion, AESEncryptCtr 
	Bindings: i: undefined
		w: array
Paused at 118
	Hit Breakpoint(s) 29
	Call Stack: RotWord, KeyExpansion, AESEncryptCtr 
	Bindings: i: undefined
		w: array
Paused at 112
	Hit Breakpoint(s) 37
	Call Stack: SubWord, KeyExpansion, AESEncryptCtr 
	Bindings: i: undefined
		w: array
Paused at 112
	Call Stack: SubWord, KeyExpansion, AESEncryptCtr 
	Bindings: i: number = 0
		w: array
Paused at 101
	Call Stack: KeyExpansion, AESEncryptCtr 
	Bindings: i: number = 48
		key: array
		Nb: number = 4
		Nk: number = 8
		Nr: number = 14
		r: array
		t: number = 4
		temp: array
		w: array
Paused at 112
	Hit Breakpoint(s) 37
	Call Stack: SubWord, KeyExpansion, AESEncryptCtr 
	Bindings: i: undefined
		w: array
Paused at 112
	Call Stack: SubWord, KeyExpansion, AESEncryptCtr 
	Bindings: i: number = 0
		w: array
Paused at 112
	Call Stack: SubWord, KeyExpansion, AESEncryptCtr 
	Bindings: i: number = 0
		w: array
Paused at 112
	Call Stack: SubWord, KeyExpansion, AESEncryptCtr 
	Bindings: i: number = 0
		w: array
Paused at 112
	Call Stack: SubWord, KeyExpansion, AESEncryptCtr 
	Bindings: i: number = 1
		w: array
Paused at 118
	Hit Breakpoint(s) 29
	Call Stack: RotWord, KeyExpansion, AESEncryptCtr 
	Bindings: i: undefined
		w: array
Paused at 118
	Call Stack: RotWord, KeyExpansion, AESEncryptCtr 
	Bindings: i: number = 0
		w: array
Paused at 112
	Hit Breakpoint(s) 37
	Call Stack: SubWord, KeyExpansion, AESEncryptCtr 
	Bindings: i: undefined
		w: array
Paused at 101
	Call Stack: KeyExpansion, AESEncryptCtr 
	Bindings: i: number = 56
		key: array
		Nb: number = 4
		Nk: number = 8
		Nr: number = 14
		r: array
		t: number = 4
		temp: array
		w: array
Paused at 108
	Hit Breakpoint(s) 5
	Call Stack: KeyExpansion, AESEncryptCtr 
	Bindings: i: number = 60
		key: array
		Nb: number = 4
		Nk: number = 8
		Nr: number = 14
		r: array
		t: number = 4
		temp: array
		w: array
Paused at 109
	Call Stack: KeyExpansion, AESEncryptCtr 
	Bindings: i: number = 60
		key: array
		Nb: number = 4
		Nk: number = 8
		Nr: number = 14
		r: array
		t: number = 4
		temp: array
		w: array
Paused at 172
	Call Stack: AESEncryptCtr 
	Bindings: b: undefined
		blockCount: undefined
		blockLength: undefined
		blockSize: undefined
		c: undefined
		cipherByte: undefined
		cipherCntr: undefined
		ciphertext: undefined
		counterBlock: undefined
		ct: undefined
		ctrTxt: undefined
		i: number = 32
		key: undefined
		keySchedule: undefined
		nBits: number = 256
		nBytes: number = 32
		nonce: undefined
		password: string = thou Romeo?
		plaintext: string = hrough yonder window breaks?
It is the east, and Juliet is the sun.
Arise, fair sun, and kill the envious moon,
Who is already sick and pale with grief,
That thou her maid art far more fair than she:
Be not her maid, since she is envious;
Her vestal livery is but sick and green
And none but fools do wear it; cast it off.
It is my lady, O, it is my love!
O, that she knew she were!
She speaks yet she says nothing: what of that?
Her eye discourses; I will answer it.
I am too bold, 'tis not to me she speaks:
Two of the fairest stars in all the heaven,
Having some business, do entreat her eyes
To twinkle in their spheres till they return.
What if her eyes were there, they in her head?
The brightness of her cheek would shame those stars,
As daylight doth a lamp; her eyes in heaven
Would through the airy region stream so bright
That birds would sing and think it were not night.
See, how she leans her cheek upon her hand!
O, that I were a glove upon that hand,
That I might touch that cheek!
JULIET: Ay me!
ROMEO: She speaks:
O, speak again, bright angel! for thou art
As glorious to this night, being o'er my head
As is a winged messenger of heaven
Unto the white-upturned wondering eyes
Of mortals that fall back to gaze on him
When he bestrides the lazy-pacing clouds
And sails upon the bosom of the air.
		plaintextByte: undefined
		pwBytes: array
Paused at 17
	Hit Breakpoint(s) 0
	Call Stack: Cipher, AESEncryptCtr 
	Bindings: i: undefined
		input: array
		Nb: number = 4
		Nr: number = 14
		output: undefined
		round: undefined
		state: undefined
		w: array
Paused at 18
	Call Stack: Cipher, AESEncryptCtr 
	Bindings: i: undefined
		input: array
		Nb: number = 4
		Nr: number = 14
		output: undefined
		round: undefined
		state: array
		w: array
Paused at 18
	Call Stack: Cipher, AESEncryptCtr 
	Bindings: i: number = 0
		input: array
		Nb: number = 4
		Nr: number = 14
		output: undefined
		round: undefined
		state: array
		w: array
Paused at 18
	Call Stack: Cipher, AESEncryptCtr 
	Bindings: i: number = 0
		input: array
		Nb: number = 4
		Nr: number = 14
		output: undefined
		round: undefined
		state: array
		w: array
Paused at 18
	Call Stack: Cipher, AESEncryptCtr 
	Bindings: i: number = 0
		input: array
		Nb: number = 4
		Nr: number = 14
		output: undefined
		round: undefined
		state: array
		w: array
Paused at 24
	Hit Breakpoint(s) 17
	Call Stack: Cipher, AESEncryptCtr 
	Bindings: i: number = 16
		input: array
		Nb: number = 4
		Nr: number = 14
		output: undefined
		round: number = 1
		state: array
		w: array
Paused at 50
	Hit Breakpoint(s) 11
	Call Stack: ShiftRows, Cipher, AESEncryptCtr 
	Bindings: c: undefined
		Nb: number = 4
		r: number = 1
		s: array
		t: array
Paused at 50
	Hit Breakpoint(s) 11
	Call Stack: ShiftRows, Cipher, AESEncryptCtr 
	Bindings: c: number = 4
		Nb: number = 4
		r: number = 2
		s: array
		t: array
Paused at 50
	Hit Breakpoint(s) 11
	Call Stack: ShiftRows, Cipher, AESEncryptCtr 
	Bindings: c: number = 4
		Nb: number = 4
		r: number = 3
		s: array
		t: array
Paused at 50
	Call Stack: ShiftRows, Cipher, AESEncryptCtr 
	Bindings: c: number = 0
		Nb: number = 4
		r: number = 3
		s: array
		t: array
Paused at 71
	Hit Breakpoint(s) 9, 18
	Call Stack: MixColumns, Cipher, AESEncryptCtr 
	Bindings: a: array
		b: array
		c: number = 4
		i: number = 4
		Nb: number = 4
		s: array
Paused at 26
	Hit Breakpoint(s) 23
	Call Stack: Cipher, AESEncryptCtr 
	Bindings: i: number = 16
		input: array
		Nb: number = 4
		Nr: number = 14
		output: undefined
		round: number = 1
		state: array
		w: array
Paused at 76
	Call Stack: AddRoundKey, Cipher, AESEncryptCtr 
	Bindings: c: undefined
		Nb: number = 4
		r: undefined
		rnd: number = 1
		state: array
		w: array
Paused at 22
	Call Stack: Cipher, AESEncryptCtr 
	Bindings: i: number = 16
		input: array
		Nb: number = 4
		Nr: number = 14
		output: undefined
		round: number = 1
		state: array
		w: array
Paused at 24
	Hit Breakpoint(s) 17
	Call Stack: Cipher, AESEncryptCtr 
	Bindings: i: number = 16
		input: array
		Nb: number = 4
		Nr: number = 14
		output: undefined
		round: number = 2
		state: array
		w: array
Paused at 48
	Call Stack: ShiftRows, Cipher, AESEncryptCtr 
	Bindings: c: undefined
		Nb: number = 4
		r: undefined
		s: array
		t: undefined
Paused at 50
	Hit Breakpoint(s) 11
	Call Stack: ShiftRows, Cipher, AESEncryptCtr 
	Bindings: c: undefined
		Nb: number = 4
		r: number = 1
		s: array
		t: array
Paused at 50
	Hit Breakpoint(s) 11
	Call Stack: ShiftRows, Cipher, AESEncryptCtr 
	Bindings: c: number = 4
		Nb: number = 4
		r: number = 2
		s: array
		t: array
Paused at 50
	Hit Breakpoint(s) 11
	Call Stack: ShiftRows, Cipher, AESEncryptCtr 
	Bindings: c: number = 4
		Nb: number = 4
		r: number = 3
		s: array
		t: array
Paused at 25
	Call Stack: Cipher, AESEncryptCtr 
	Bindings: i: number = 16
		input: array
		Nb: number = 4
		Nr: number = 14
		output: undefined
		round: number = 2
		state: array
		w: array
Paused at 71
	Hit Breakpoint(s) 9, 18
	Call Stack: MixColumns, Cipher, AESEncryptCtr 
	Bindings: a: array
		b: array
		c: number = 4
		i: number = 4
		Nb: number = 4
		s: array
Paused at 72
	Call Stack: MixColumns, Cipher, AESEncryptCtr 
	Bindings: a: array
		b: array
		c: number = 4
		i: number = 4
		Nb: number = 4
		s: array
Paused at 26
	Hit Breakpoint(s) 23
	Call Stack: Cipher, AESEncryptCtr 
	Bindings: i: number = 16
		input: array
		Nb: number = 4
		Nr: number = 14
		output: undefined
		round: number = 2
		state: array
		w: array
Paused at 22
	Call Stack: Cipher, AESEncryptCtr 
	Bindings: i: number = 16
		input: array
		Nb: number = 4
		Nr: number = 14
		output: undefined
		round: number = 2
		state: array
		w: array
Paused at 24
	Hit Breakpoint(s) 17
	Call Stack: Cipher, AESEncryptCtr 
	Bindings: i: number = 16
		input: array
		Nb: number = 4
		Nr: number = 14
		output: undefined
		round: number = 3
		state: array
		w: array
Paused at 50
	Hit Breakpoint(s) 11
	Call Stack: ShiftRows, Cipher, AESEncryptCtr 
	Bindings: c: undefined
		Nb: number = 4
		r: number = 1
		s: array
		t: array
Paused at 50
	Hit Breakpoint(s) 11
	Call Stack: ShiftRows, Cipher, AESEncryptCtr 
	Bindings: c: number = 4
		Nb: number = 4
		r: number = 2
		s: array
		t: array
Paused at 50
	Hit Breakpoint(s) 11
	Call Stack: ShiftRows, Cipher, AESEncryptCtr 
	Bindings: c: number = 4
		Nb: number = 4
		r: number = 3
		s: array
		t: array
Paused at 50
	Call Stack: ShiftRows, Cipher, AESEncryptCtr 
	Bindings: c: number = 0
		Nb: number = 4
		r: number = 3
		s: array
		t: array
Paused at 50
	Call Stack: ShiftRows, Cipher, AESEncryptCtr 
	Bindings: c: number = 0
		Nb: number = 4
		r: number = 3
		s: array
		t: array
Paused at 25
	Call Stack: Cipher, AESEncryptCtr 
	Bindings: i: number = 16
		input: array
		Nb: number = 4
		Nr: number = 14
		output: undefined
		round: number = 3
		state: array
		w: array
Paused at 71
	Hit Breakpoint(s) 9, 18
	Call Stack: MixColumns, Cipher, AESEncryptCtr 
	Bindings: a: array
		b: array
		c: number = 4
		i: number = 4
		Nb: number = 4
		s: array
Paused at 72
	Call Stack: MixColumns, Cipher, AESEncryptCtr 
	Bindings: a: array
		b: array
		c: number = 4
		i: number = 4
		Nb: number = 4
		s: array
Paused at 26
	Hit Breakpoint(s) 23
	Call Stack: Cipher, AESEncryptCtr 
	Bindings: i: number = 16
		input: array
		Nb: number = 4
		Nr: number = 14
		output: undefined
		round: number = 3
		state: array
		w: array
Paused at 76
	Call Stack: AddRoundKey, Cipher, AESEncryptCtr 
	Bindings: c: undefined
		Nb: number = 4
		r: undefined
		rnd: number = 3
		state: array
		w: array
Paused at 24
	Hit Breakpoint(s) 17
	Call Stack: Cipher, AESEncryptCtr 
	Bindings: i: number = 16
		input: array
		Nb: number = 4
		Nr: number = 14
		output: undefined
		round: number = 4
		state: array
		w: array
Paused at 48
	Call Stack: ShiftRows, Cipher, AESEncryptCtr 
	Bindings: c: undefined
		Nb: number = 4
		r: undefined
		s: array
		t: undefined
Paused at 50
	Hit Breakpoint(s) 11
	Call Stack: ShiftRows, Cipher, AESEncryptCtr 
	Bindings: c: undefined
		Nb: number = 4
		r: number = 1
		s: array
		t: array
Paused at 50
	Call Stack: ShiftRows, Cipher, AESEncryptCtr 
	Bindings: c: number = 0
		Nb: number = 4
		r: number = 1
		s: array
		t: array
Paused at 50
	Call Stack: ShiftRows, Cipher, AESEncryptCtr 
	Bindings: c: number = 0
		Nb: number = 4
		r: number = 1
		s: array
		t: array
Paused at 50
	Call Stack: ShiftRows, Cipher, AESEncryptCtr 
	Bindings: c: number = 0
		Nb: number = 4
		r: number = 1
		s: array
		t: array
Paused at 50
	Hit Breakpoint(s) 11
	Call Stack: ShiftRows, Cipher, AESEncryptCtr 
	Bindings: c: number = 4
		Nb: number = 4
		r: number = 2
		s: array
		t: array
