Breakpoint 0 Set at 18
Breakpoint 1 Set at 38
Breakpoint 2 Set at 251
Breakpoint 3 Set at 225
Breakpoint 4 Set at 398
Breakpoint 5 Set at 107
Breakpoint 6 Set at 285
Breakpoint 7 Set at 273
Breakpoint 8 Set at 376
Breakpoint 9 Set at 71
Breakpoint 10 Set at 300
Breakpoint 11 Set at 49
Breakpoint 12 Set at 168
Breakpoint 13 Set at 325
Breakpoint 14 Set at 398
Breakpoint 14 Set at 413
Breakpoint 15 Set at 376
Breakpoint 15 Set at 411
Breakpoint 16 Set at 24
Breakpoint 17 Set at 71
Breakpoint 17 Set at 266
Breakpoint 18 Set at 81
Breakpoint 19 Set at 185
Breakpoint 20 Set at 26
Breakpoint 21 Set at 181
Breakpoint 22 Set at 176
Breakpoint 23 Set at 87
Breakpoint 24 Set at 330
Breakpoint 25 Set at 360
Breakpoint 26 Set at 117
Breakpoint 27 Set at 338
Breakpoint 28 Set at 288
Breakpoint 29 Set at 298
Breakpoint 30 Set at 230
Breakpoint 31 Set at 175
Breakpoint 32 Set at 411
Breakpoint 32 Set at 321
Breakpoint 33 Set at 111
Breakpoint 34 Set at 384
Breakpoint 35 Set at 304
Breakpoint 36 Set at 376
Breakpoint 36 Set at 83
Paused at 18
	Hit Breakpoint(s) 0
	Call Stack:  
	Bindings: 
Paused at 26
	Hit Breakpoint(s) 20
	Call Stack:  
	Bindings: 
Paused at 117
	Hit Breakpoint(s) 26
	Call Stack:  
	Bindings: 
Paused at 172
	Call Stack:  
	Bindings: 
Paused at 279
	Call Stack:  
	Bindings: 
Paused at 285
	Hit Breakpoint(s) 6
	Call Stack:  
	Bindings: 
Paused at 300
	Hit Breakpoint(s) 10
	Call Stack:  
	Bindings: 
Paused at 310
	Call Stack:  
	Bindings: 
Paused at 315
	Call Stack:  
	Bindings: 
Paused at 325
	Hit Breakpoint(s) 13
	Call Stack:  
	Bindings: 
Paused at 330
	Hit Breakpoint(s) 24
	Call Stack:  
	Bindings: 
Paused at 347
	Call Stack:  
	Bindings: 
Paused at 376
	Hit Breakpoint(s) 36
	Call Stack:  
	Bindings: 
Paused at 377
	Call Stack:  
	Bindings: 
Paused at 384
	Hit Breakpoint(s) 34
	Call Stack:  
	Bindings: 
Paused at 398
	Hit Breakpoint(s) 14
	Call Stack:  
	Bindings: 
Paused at 411
	Hit Breakpoint(s) 32
	Call Stack:  
	Bindings: 
Paused at 413
	Hit Breakpoint(s) 14
	Call Stack:  
	Bindings: 
Paused at 49
	Hit Breakpoint(s) 11
	Call Stack: Date.getFormatCode, Date.createNewFormat, Date.dateFormat 
	Bindings: character: string = Y
Paused at 107
	Hit Breakpoint(s) 5
	Call Stack: Date.getFormatCode, Date.createNewFormat, Date.dateFormat 
	Bindings: character: string = Y
Paused at 49
	Hit Breakpoint(s) 11
	Call Stack: Date.getFormatCode, Date.createNewFormat, Date.dateFormat 
	Bindings: character: string = -
Paused at 105
	Call Stack: Date.getFormatCode, Date.createNewFormat, Date.dateFormat 
	Bindings: character: string = -
Paused at 107
	Hit Breakpoint(s) 5
	Call Stack: Date.getFormatCode, Date.createNewFormat, Date.dateFormat 
	Bindings: character: string = -
Paused at 107
	Call Stack: Date.getFormatCode, Date.createNewFormat, Date.dateFormat 
	Bindings: character: string = -
Paused at 42
	Call Stack: Date.createNewFormat, Date.dateFormat 
	Bindings: ch: string = -
		code: string = Date.prototype.format0 = function(){return this.getFullYear() + 
		format: string = Y-m-d
		funcName: string = format0
		i: number = 1
		special: boolean = false
Paused at 49
	Hit Breakpoint(s) 11
	Call Stack: Date.getFormatCode, Date.createNewFormat, Date.dateFormat 
	Bindings: character: string = m
Paused at 69
	Call Stack: Date.getFormatCode, Date.createNewFormat, Date.dateFormat 
	Bindings: character: string = m
Paused at 107
	Call Stack: Date.getFormatCode, Date.createNewFormat, Date.dateFormat 
	Bindings: character: string = m
Paused at 107
	Hit Breakpoint(s) 5
	Call Stack: Date.getFormatCode, Date.createNewFormat, Date.dateFormat 
	Bindings: character: string = m
Paused at 107
	Call Stack: Date.getFormatCode, Date.createNewFormat, Date.dateFormat 
	Bindings: character: string = m
Paused at 49
	Hit Breakpoint(s) 11
	Call Stack: Date.getFormatCode, Date.createNewFormat, Date.dateFormat 
	Bindings: character: string = -
Paused at 107
	Hit Breakpoint(s) 5
	Call Stack: Date.getFormatCode, Date.createNewFormat, Date.dateFormat 
	Bindings: character: string = -
Paused at 107
	Call Stack: Date.getFormatCode, Date.createNewFormat, Date.dateFormat 
	Bindings: character: string = -
Paused at 42
	Call Stack: Date.createNewFormat, Date.dateFormat 
	Bindings: ch: string = -
		code: string = Date.prototype.format0 = function(){return this.getFullYear() + '-' + String.leftPad(this.getMonth() + 1, 2, '0') + 
		format: string = Y-m-d
		funcName: string = format0
		i: number = 3
		special: boolean = false
Paused at 32
	Call Stack: Date.createNewFormat, Date.dateFormat 
	Bindings: ch: string = -
		code: string = Date.prototype.format0 = function(){return this.getFullYear() + '-' + String.leftPad(this.getMonth() + 1, 2, '0') + '-' + 
		format: string = Y-m-d
		funcName: string = format0
		i: number = 3
		special: boolean = false
Paused at 33
	Call Stack: Date.createNewFormat, Date.dateFormat 
	Bindings: ch: string = -
		code: string = Date.prototype.format0 = function(){return this.getFullYear() + '-' + String.leftPad(this.getMonth() + 1, 2, '0') + '-' + 
		format: string = Y-m-d
		funcName: string = format0
		i: number = 4
		special: boolean = false
Paused at 34
	Call Stack: Date.createNewFormat, Date.dateFormat 
	Bindings: ch: string = d
		code: string = Date.prototype.format0 = function(){return this.getFullYear() + '-' + String.leftPad(this.getMonth() + 1, 2, '0') + '-' + 
		format: string = Y-m-d
		funcName: string = format0
		i: number = 4
		special: boolean = false
Paused at 49
	Hit Breakpoint(s) 11
	Call Stack: Date.getFormatCode, Date.createNewFormat, Date.dateFormat 
	Bindings: character: string = d
Paused at 51
	Call Stack: Date.getFormatCode, Date.createNewFormat, Date.dateFormat 
	Bindings: character: string = d
Paused at 107
	Hit Breakpoint(s) 5
	Call Stack: Date.getFormatCode, Date.createNewFormat, Date.dateFormat 
	Bindings: character: string = d
Paused at 107
	Call Stack: Date.getFormatCode, Date.createNewFormat, Date.dateFormat 
	Bindings: character: string = d
Paused at 42
	Call Stack: Date.createNewFormat, Date.dateFormat 
	Bindings: ch: string = d
		code: string = Date.prototype.format0 = function(){return this.getFullYear() + '-' + String.leftPad(this.getMonth() + 1, 2, '0') + '-' + 
		format: string = Y-m-d
		funcName: string = format0
		i: number = 4
		special: boolean = false
Paused at 46
	Call Stack: Date.createNewFormat, Date.dateFormat 
	Bindings: ch: string = d
		code: string = Date.prototype.format0 = function(){return this.getFullYear() + '-' + String.leftPad(this.getMonth() + 1, 2, '0') + '-' + String.leftPad(this.getDate(), 2, '0') + 
		format: string = Y-m-d
		funcName: string = format0
		i: number = 5
		special: boolean = false
Paused at 360
	Hit Breakpoint(s) 25
	Call Stack: String.leftPad, Date.format0, Date.dateFormat 
	Bindings: ch: string = 0
		result: string = 01
		size: number = 2
		val: number = 1
Paused at 360
	Hit Breakpoint(s) 25
	Call Stack: String.leftPad, Date.format0, Date.dateFormat 
	Bindings: ch: string = 0
		result: string = 01
		size: number = 2
		val: number = 1
Paused at 360
	Call Stack: String.leftPad, Date.format0, Date.dateFormat 
	Bindings: ch: string = 0
		result: string = 01
		size: number = 2
		val: number = 1
Paused at 1
	Call Stack: Date.format0, Date.dateFormat 
	Bindings: ch: string = d
		code: string = Date.prototype.format0 = function(){return this.getFullYear() + '-' + String.leftPad(this.getMonth() + 1, 2, '0') + '-' + String.leftPad(this.getDate(), 2, '0') + 
		format: string = Y-m-d
		funcName: string = format0
		i: number = 5
		special: boolean = false
Paused at 24
	Hit Breakpoint(s) 16
	Call Stack: Date.dateFormat 
	Bindings: format: string = Y-m-d
		func: string = format0
Paused at 24
	Call Stack: Date.dateFormat 
	Bindings: format: string = Y-m-d
		func: string = format0
Paused at 414
	Call Stack:  
	Bindings: 
Paused at 415
	Call Stack:  
	Bindings: 
Paused at 19
	Call Stack: Date.dateFormat 
	Bindings: format: string = l, F d, Y g:i:s A
		func: undefined
Paused at 49
	Hit Breakpoint(s) 11
	Call Stack: Date.getFormatCode, Date.createNewFormat, Date.dateFormat 
	Bindings: character: string = l
Paused at 57
	Call Stack: Date.getFormatCode, Date.createNewFormat, Date.dateFormat 
	Bindings: character: string = l
Paused at 107
	Hit Breakpoint(s) 5
	Call Stack: Date.getFormatCode, Date.createNewFormat, Date.dateFormat 
	Bindings: character: string = l
Paused at 107
	Call Stack: Date.getFormatCode, Date.createNewFormat, Date.dateFormat 
	Bindings: character: string = l
Paused at 49
	Hit Breakpoint(s) 11
	Call Stack: Date.getFormatCode, Date.createNewFormat, Date.dateFormat 
	Bindings: character: string = ,
Paused at 105
	Call Stack: Date.getFormatCode, Date.createNewFormat, Date.dateFormat 
	Bindings: character: string = ,
Paused at 348
	Call Stack: String.escape, Date.getFormatCode, Date.createNewFormat, Date.dateFormat 
	Bindings: string: string = ,
Paused at 349
	Call Stack: String.escape, Date.getFormatCode, Date.createNewFormat, Date.dateFormat 
	Bindings: string: string = ,
Paused at 349
	Call Stack: String.escape, Date.getFormatCode, Date.createNewFormat, Date.dateFormat 
	Bindings: string: string = ,
Paused at 105
	Call Stack: Date.getFormatCode, Date.createNewFormat, Date.dateFormat 
	Bindings: character: string = ,
Paused at 107
	Call Stack: Date.getFormatCode, Date.createNewFormat, Date.dateFormat 
	Bindings: character: string = ,
Paused at 107
	Call Stack: Date.getFormatCode, Date.createNewFormat, Date.dateFormat 
	Bindings: character: string = ,
Paused at 49
	Hit Breakpoint(s) 11
	Call Stack: Date.getFormatCode, Date.createNewFormat, Date.dateFormat 
	Bindings: character: string =  
Paused at 105
	Call Stack: Date.getFormatCode, Date.createNewFormat, Date.dateFormat 
	Bindings: character: string =  
Paused at 107
	Hit Breakpoint(s) 5
	Call Stack: Date.getFormatCode, Date.createNewFormat, Date.dateFormat 
	Bindings: character: string =  
Paused at 107
	Call Stack: Date.getFormatCode, Date.createNewFormat, Date.dateFormat 
	Bindings: character: string =  
Paused at 42
	Call Stack: Date.createNewFormat, Date.dateFormat 
	Bindings: ch: string =  
		code: string = Date.prototype.format1 = function(){return Date.dayNames[this.getDay()] + ',' + 
		format: string = l, F d, Y g:i:s A
		funcName: string = format1
		i: number = 2
		special: boolean = false
Paused at 49
	Hit Breakpoint(s) 11
	Call Stack: Date.getFormatCode, Date.createNewFormat, Date.dateFormat 
	Bindings: character: string = F
Paused at 107
	Hit Breakpoint(s) 5
	Call Stack: Date.getFormatCode, Date.createNewFormat, Date.dateFormat 
	Bindings: character: string = F
Paused at 107
	Call Stack: Date.getFormatCode, Date.createNewFormat, Date.dateFormat 
	Bindings: character: string = F
Paused at 49
	Hit Breakpoint(s) 11
	Call Stack: Date.getFormatCode, Date.createNewFormat, Date.dateFormat 
	Bindings: character: string =  
Paused at 107
	Hit Breakpoint(s) 5
	Call Stack: Date.getFormatCode, Date.createNewFormat, Date.dateFormat 
	Bindings: character: string =  
Paused at 107
	Call Stack: Date.getFormatCode, Date.createNewFormat, Date.dateFormat 
	Bindings: character: string =  
Paused at 49
	Hit Breakpoint(s) 11
	Call Stack: Date.getFormatCode, Date.createNewFormat, Date.dateFormat 
	Bindings: character: string = d
Paused at 107
	Hit Breakpoint(s) 5
	Call Stack: Date.getFormatCode, Date.createNewFormat, Date.dateFormat 
	Bindings: character: string = d
Paused at 107
	Call Stack: Date.getFormatCode, Date.createNewFormat, Date.dateFormat 
	Bindings: character: string = d
Paused at 49
	Hit Breakpoint(s) 11
	Call Stack: Date.getFormatCode, Date.createNewFormat, Date.dateFormat 
	Bindings: character: string = ,
Paused at 105
	Call Stack: Date.getFormatCode, Date.createNewFormat, Date.dateFormat 
	Bindings: character: string = ,
Paused at 107
	Call Stack: Date.getFormatCode, Date.createNewFormat, Date.dateFormat 
	Bindings: character: string = ,
Paused at 107
	Call Stack: Date.getFormatCode, Date.createNewFormat, Date.dateFormat 
	Bindings: character: string = ,
Paused at 42
	Call Stack: Date.createNewFormat, Date.dateFormat 
	Bindings: ch: string = ,
		code: string = Date.prototype.format1 = function(){return Date.dayNames[this.getDay()] + ',' + ' ' + Date.monthNames[this.getMonth()] + ' ' + String.leftPad(this.getDate(), 2, '0') + 
		format: string = l, F d, Y g:i:s A
		funcName: string = format1
		i: number = 6
		special: boolean = false
Paused at 49
	Hit Breakpoint(s) 11
	Call Stack: Date.getFormatCode, Date.createNewFormat, Date.dateFormat 
	Bindings: character: string =  
Paused at 105
	Call Stack: Date.getFormatCode, Date.createNewFormat, Date.dateFormat 
	Bindings: character: string =  
Paused at 107
	Hit Breakpoint(s) 5
	Call Stack: Date.getFormatCode, Date.createNewFormat, Date.dateFormat 
	Bindings: character: string =  
Paused at 107
	Call Stack: Date.getFormatCode, Date.createNewFormat, Date.dateFormat 
	Bindings: character: string =  
Paused at 42
	Call Stack: Date.createNewFormat, Date.dateFormat 
	Bindings: ch: string =  
		code: string = Date.prototype.format1 = function(){return Date.dayNames[this.getDay()] + ',' + ' ' + Date.monthNames[this.getMonth()] + ' ' + String.leftPad(this.getDate(), 2, '0') + ',' + 
		format: string = l, F d, Y g:i:s A
		funcName: string = format1
		i: number = 7
		special: boolean = false
Paused at 32
	Call Stack: Date.createNewFormat, Date.dateFormat 
	Bindings: ch: string =  
		code: string = Date.prototype.format1 = function(){return Date.dayNames[this.getDay()] + ',' + ' ' + Date.monthNames[this.getMonth()] + ' ' + String.leftPad(this.getDate(), 2, '0') + ',' + ' ' + 
		format: string = l, F d, Y g:i:s A
		funcName: string = format1
		i: number = 7
		special: boolean = false
Paused at 49
	Hit Breakpoint(s) 11
	Call Stack: Date.getFormatCode, Date.createNewFormat, Date.dateFormat 
	Bindings: character: string = Y
Paused at 107
	Hit Breakpoint(s) 5
	Call Stack: Date.getFormatCode, Date.createNewFormat, Date.dateFormat 
	Bindings: character: string = Y
Paused at 107
	Call Stack: Date.getFormatCode, Date.createNewFormat, Date.dateFormat 
	Bindings: character: string = Y
Paused at 32
	Call Stack: Date.createNewFormat, Date.dateFormat 
	Bindings: ch: string = Y
		code: string = Date.prototype.format1 = function(){return Date.dayNames[this.getDay()] + ',' + ' ' + Date.monthNames[this.getMonth()] + ' ' + String.leftPad(this.getDate(), 2, '0') + ',' + ' ' + this.getFullYear() + 
		format: string = l, F d, Y g:i:s A
		funcName: string = format1
		i: number = 8
		special: boolean = false
Paused at 33
	Call Stack: Date.createNewFormat, Date.dateFormat 
	Bindings: ch: string = Y
		code: string = Date.prototype.format1 = function(){return Date.dayNames[this.getDay()] + ',' + ' ' + Date.monthNames[this.getMonth()] + ' ' + String.leftPad(this.getDate(), 2, '0') + ',' + ' ' + this.getFullYear() + 
		format: string = l, F d, Y g:i:s A
		funcName: string = format1
		i: number = 9
		special: boolean = false
Paused at 49
	Hit Breakpoint(s) 11
	Call Stack: Date.getFormatCode, Date.createNewFormat, Date.dateFormat 
	Bindings: character: string =  
Paused at 105
	Call Stack: Date.getFormatCode, Date.createNewFormat, Date.dateFormat 
	Bindings: character: string =  
Paused at 107
	Hit Breakpoint(s) 5
	Call Stack: Date.getFormatCode, Date.createNewFormat, Date.dateFormat 
	Bindings: character: string =  
Paused at 107
	Call Stack: Date.getFormatCode, Date.createNewFormat, Date.dateFormat 
	Bindings: character: string =  
Paused at 32
	Call Stack: Date.createNewFormat, Date.dateFormat 
	Bindings: ch: string =  
		code: string = Date.prototype.format1 = function(){return Date.dayNames[this.getDay()] + ',' + ' ' + Date.monthNames[this.getMonth()] + ' ' + String.leftPad(this.getDate(), 2, '0') + ',' + ' ' + this.getFullYear() + ' ' + 
		format: string = l, F d, Y g:i:s A
		funcName: string = format1
		i: number = 9
		special: boolean = false
Paused at 33
	Call Stack: Date.createNewFormat, Date.dateFormat 
	Bindings: ch: string =  
		code: string = Date.prototype.format1 = function(){return Date.dayNames[this.getDay()] + ',' + ' ' + Date.monthNames[this.getMonth()] + ' ' + String.leftPad(this.getDate(), 2, '0') + ',' + ' ' + this.getFullYear() + ' ' + 
		format: string = l, F d, Y g:i:s A
		funcName: string = format1
		i: number = 10
		special: boolean = false
Paused at 49
	Hit Breakpoint(s) 11
	Call Stack: Date.getFormatCode, Date.createNewFormat, Date.dateFormat 
	Bindings: character: string = g
