Breakpoint 0 Set at 7
Breakpoint 1 Set at 38
Breakpoint 2 Set at 34
Breakpoint 3 Set at 57
Breakpoint 4 Set at 20
Breakpoint 5 Set at 43
Paused at 34
	Hit Breakpoint(s) 2
	Call Stack: spectralnorm 
	Bindings: i: undefined
		n: number = 6
		u: undefined
		v: undefined
		vBv: undefined
		vv: undefined
		w: undefined
Paused at 38
	Hit Breakpoint(s) 1
	Call Stack: spectralnorm 
	Bindings: i: number = 6
		n: number = 6
		u: array
		v: array
		vBv: number = 0
		vv: number = 0
		w: array
Paused at 7
	Hit Breakpoint(s) 0
	Call Stack: A, Au, AtAu, spectralnorm 
	Bindings: i: number = 0
		j: number = 0
Paused at 8
	Call Stack: A, Au, AtAu, spectralnorm 
	Bindings: i: number = 0
		j: number = 0
Paused at 8
	Call Stack: A, Au, AtAu, spectralnorm 
	Bindings: i: number = 0
		j: number = 0
Paused at 7
	Hit Breakpoint(s) 0
	Call Stack: A, Au, AtAu, spectralnorm 
	Bindings: i: number = 0
		j: number = 1
Paused at 7
	Hit Breakpoint(s) 0
	Call Stack: A, Au, AtAu, spectralnorm 
	Bindings: i: number = 0
		j: number = 2
Paused at 8
	Call Stack: A, Au, AtAu, spectralnorm 
	Bindings: i: number = 0
		j: number = 2
Paused at 8
	Call Stack: A, Au, AtAu, spectralnorm 
	Bindings: i: number = 0
		j: number = 2
Paused at 7
	Hit Breakpoint(s) 0
	Call Stack: A, Au, AtAu, spectralnorm 
	Bindings: i: number = 0
		j: number = 3
Paused at 7
	Hit Breakpoint(s) 0
	Call Stack: A, Au, AtAu, spectralnorm 
	Bindings: i: number = 0
		j: number = 4
Paused at 8
	Call Stack: A, Au, AtAu, spectralnorm 
	Bindings: i: number = 0
		j: number = 4
Paused at 7
	Hit Breakpoint(s) 0
	Call Stack: A, Au, AtAu, spectralnorm 
	Bindings: i: number = 0
		j: number = 5
Paused at 8
	Call Stack: A, Au, AtAu, spectralnorm 
	Bindings: i: number = 0
		j: number = 5
Paused at 8
	Call Stack: A, Au, AtAu, spectralnorm 
	Bindings: i: number = 0
		j: number = 5
Paused at 7
	Hit Breakpoint(s) 0
	Call Stack: A, Au, AtAu, spectralnorm 
	Bindings: i: number = 1
		j: number = 0
Paused at 8
	Call Stack: A, Au, AtAu, spectralnorm 
	Bindings: i: number = 1
		j: number = 0
Paused at 7
	Hit Breakpoint(s) 0
	Call Stack: A, Au, AtAu, spectralnorm 
	Bindings: i: number = 1
		j: number = 1
Paused at 8
	Call Stack: A, Au, AtAu, spectralnorm 
	Bindings: i: number = 1
		j: number = 1
Paused at 7
	Hit Breakpoint(s) 0
	Call Stack: A, Au, AtAu, spectralnorm 
	Bindings: i: number = 1
		j: number = 2
Paused at 7
	Hit Breakpoint(s) 0
	Call Stack: A, Au, AtAu, spectralnorm 
	Bindings: i: number = 1
		j: number = 3
Paused at 8
	Call Stack: A, Au, AtAu, spectralnorm 
	Bindings: i: number = 1
		j: number = 3
Paused at 7
	Hit Breakpoint(s) 0
	Call Stack: A, Au, AtAu, spectralnorm 
	Bindings: i: number = 1
		j: number = 4
Paused at 8
	Call Stack: A, Au, AtAu, spectralnorm 
	Bindings: i: number = 1
		j: number = 4
Paused at 13
	Call Stack: Au, AtAu, spectralnorm 
	Bindings: i: number = 1
		j: number = 4
		t: number = 0.8004901960784314
		u: array
		v: array
Paused at 7
	Hit Breakpoint(s) 0
	Call Stack: A, Au, AtAu, spectralnorm 
	Bindings: i: number = 1
		j: number = 5
Paused at 8
	Call Stack: A, Au, AtAu, spectralnorm 
	Bindings: i: number = 1
		j: number = 5
Paused at 8
	Call Stack: A, Au, AtAu, spectralnorm 
	Bindings: i: number = 1
		j: number = 5
Paused at 7
	Hit Breakpoint(s) 0
	Call Stack: A, Au, AtAu, spectralnorm 
	Bindings: i: number = 2
		j: number = 0
Paused at 8
	Call Stack: A, Au, AtAu, spectralnorm 
	Bindings: i: number = 2
		j: number = 0
Paused at 7
	Hit Breakpoint(s) 0
	Call Stack: A, Au, AtAu, spectralnorm 
	Bindings: i: number = 2
		j: number = 1
Paused at 7
	Hit Breakpoint(s) 0
	Call Stack: A, Au, AtAu, spectralnorm 
	Bindings: i: number = 2
		j: number = 2
Paused at 8
	Call Stack: A, Au, AtAu, spectralnorm 
	Bindings: i: number = 2
		j: number = 2
Paused at 13
	Call Stack: Au, AtAu, spectralnorm 
	Bindings: i: number = 2
		j: number = 2
		t: number = 0.3547008547008547
		u: array
		v: array
Paused at 14
	Call Stack: Au, AtAu, spectralnorm 
	Bindings: i: number = 2
		j: number = 3
		t: number = 0.3547008547008547
		u: array
		v: array
Paused at 7
	Hit Breakpoint(s) 0
	Call Stack: A, Au, AtAu, spectralnorm 
	Bindings: i: number = 2
		j: number = 3
Paused at 8
	Call Stack: A, Au, AtAu, spectralnorm 
	Bindings: i: number = 2
		j: number = 3
Paused at 8
	Call Stack: A, Au, AtAu, spectralnorm 
	Bindings: i: number = 2
		j: number = 3
Paused at 13
	Call Stack: Au, AtAu, spectralnorm 
	Bindings: i: number = 2
		j: number = 3
		t: number = 0.41025641025641024
		u: array
		v: array
Paused at 7
	Hit Breakpoint(s) 0
	Call Stack: A, Au, AtAu, spectralnorm 
	Bindings: i: number = 2
		j: number = 4
Paused at 8
	Call Stack: A, Au, AtAu, spectralnorm 
	Bindings: i: number = 2
		j: number = 4
Paused at 13
	Call Stack: Au, AtAu, spectralnorm 
	Bindings: i: number = 2
		j: number = 4
		t: number = 0.4519230769230769
		u: array
		v: array
Paused at 7
	Hit Breakpoint(s) 0
	Call Stack: A, Au, AtAu, spectralnorm 
	Bindings: i: number = 2
		j: number = 5
Paused at 7
	Hit Breakpoint(s) 0
	Call Stack: A, Au, AtAu, spectralnorm 
	Bindings: i: number = 3
		j: number = 0
Paused at 7
	Hit Breakpoint(s) 0
	Call Stack: A, Au, AtAu, spectralnorm 
	Bindings: i: number = 3
		j: number = 1
Paused at 8
	Call Stack: A, Au, AtAu, spectralnorm 
	Bindings: i: number = 3
		j: number = 1
Paused at 8
	Call Stack: A, Au, AtAu, spectralnorm 
	Bindings: i: number = 3
		j: number = 1
Paused at 7
	Hit Breakpoint(s) 0
	Call Stack: A, Au, AtAu, spectralnorm 
	Bindings: i: number = 3
		j: number = 2
Paused at 8
	Call Stack: A, Au, AtAu, spectralnorm 
	Bindings: i: number = 3
		j: number = 2
Paused at 8
	Call Stack: A, Au, AtAu, spectralnorm 
	Bindings: i: number = 3
		j: number = 2
Paused at 13
	Call Stack: Au, AtAu, spectralnorm 
	Bindings: i: number = 3
		j: number = 2
		t: number = 0.22406015037593985
		u: array
		v: array
Paused at 14
	Call Stack: Au, AtAu, spectralnorm 
	Bindings: i: number = 3
		j: number = 3
		t: number = 0.22406015037593985
		u: array
		v: array
Paused at 7
	Hit Breakpoint(s) 0
	Call Stack: A, Au, AtAu, spectralnorm 
	Bindings: i: number = 3
		j: number = 3
Paused at 8
	Call Stack: A, Au, AtAu, spectralnorm 
	Bindings: i: number = 3
		j: number = 3
Paused at 7
	Hit Breakpoint(s) 0
	Call Stack: A, Au, AtAu, spectralnorm 
	Bindings: i: number = 3
		j: number = 4
Paused at 8
	Call Stack: A, Au, AtAu, spectralnorm 
	Bindings: i: number = 3
		j: number = 4
Paused at 7
	Hit Breakpoint(s) 0
	Call Stack: A, Au, AtAu, spectralnorm 
	Bindings: i: number = 3
		j: number = 5
Paused at 8
	Call Stack: A, Au, AtAu, spectralnorm 
	Bindings: i: number = 3
		j: number = 5
Paused at 8
	Call Stack: A, Au, AtAu, spectralnorm 
	Bindings: i: number = 3
		j: number = 5
Paused at 13
	Call Stack: Au, AtAu, spectralnorm 
	Bindings: i: number = 3
		j: number = 5
		t: number = 0.32031015037593985
		u: array
		v: array
Paused at 15
	Call Stack: Au, AtAu, spectralnorm 
	Bindings: i: number = 3
		j: number = 6
		t: number = 0.32031015037593985
		u: array
		v: array
Paused at 11
	Call Stack: Au, AtAu, spectralnorm 
	Bindings: i: number = 3
		j: number = 6
		t: number = 0.32031015037593985
		u: array
		v: array
Paused at 12
	Call Stack: Au, AtAu, spectralnorm 
	Bindings: i: number = 4
		j: number = 6
		t: number = 0.32031015037593985
		u: array
		v: array
Paused at 13
	Call Stack: Au, AtAu, spectralnorm 
	Bindings: i: number = 4
		j: number = 6
		t: number = 0
		u: array
		v: array
Paused at 7
	Hit Breakpoint(s) 0
	Call Stack: A, Au, AtAu, spectralnorm 
	Bindings: i: number = 4
		j: number = 0
Paused at 8
	Call Stack: A, Au, AtAu, spectralnorm 
	Bindings: i: number = 4
		j: number = 0
Paused at 7
	Hit Breakpoint(s) 0
	Call Stack: A, Au, AtAu, spectralnorm 
	Bindings: i: number = 4
		j: number = 1
Paused at 8
	Call Stack: A, Au, AtAu, spectralnorm 
	Bindings: i: number = 4
		j: number = 1
Paused at 13
	Call Stack: Au, AtAu, spectralnorm 
	Bindings: i: number = 4
		j: number = 1
		t: number = 0.11666666666666667
		u: array
		v: array
Paused at 7
	Hit Breakpoint(s) 0
	Call Stack: A, Au, AtAu, spectralnorm 
	Bindings: i: number = 4
		j: number = 2
Paused at 8
	Call Stack: A, Au, AtAu, spectralnorm 
	Bindings: i: number = 4
		j: number = 2
Paused at 13
	Call Stack: Au, AtAu, spectralnorm 
	Bindings: i: number = 4
		j: number = 2
		t: number = 0.15512820512820513
		u: array
		v: array
Paused at 7
	Hit Breakpoint(s) 0
	Call Stack: A, Au, AtAu, spectralnorm 
	Bindings: i: number = 4
		j: number = 3
Paused at 7
	Hit Breakpoint(s) 0
	Call Stack: A, Au, AtAu, spectralnorm 
	Bindings: i: number = 4
		j: number = 4
Paused at 8
	Call Stack: A, Au, AtAu, spectralnorm 
	Bindings: i: number = 4
		j: number = 4
Paused at 8
	Call Stack: A, Au, AtAu, spectralnorm 
	Bindings: i: number = 4
		j: number = 4
Paused at 7
	Hit Breakpoint(s) 0
	Call Stack: A, Au, AtAu, spectralnorm 
	Bindings: i: number = 4
		j: number = 5
Paused at 8
	Call Stack: A, Au, AtAu, spectralnorm 
	Bindings: i: number = 4
		j: number = 5
Paused at 7
	Hit Breakpoint(s) 0
	Call Stack: A, Au, AtAu, spectralnorm 
	Bindings: i: number = 5
		j: number = 0
Paused at 8
	Call Stack: A, Au, AtAu, spectralnorm 
	Bindings: i: number = 5
		j: number = 0
Paused at 8
	Call Stack: A, Au, AtAu, spectralnorm 
	Bindings: i: number = 5
		j: number = 0
Paused at 13
	Call Stack: Au, AtAu, spectralnorm 
	Bindings: i: number = 5
		j: number = 0
		t: number = 0.047619047619047616
		u: array
		v: array
Paused at 14
	Call Stack: Au, AtAu, spectralnorm 
	Bindings: i: number = 5
		j: number = 1
		t: number = 0.047619047619047616
		u: array
		v: array
Paused at 7
	Hit Breakpoint(s) 0
	Call Stack: A, Au, AtAu, spectralnorm 
	Bindings: i: number = 5
		j: number = 1
Paused at 8
	Call Stack: A, Au, AtAu, spectralnorm 
	Bindings: i: number = 5
		j: number = 1
Paused at 8
	Call Stack: A, Au, AtAu, spectralnorm 
	Bindings: i: number = 5
		j: number = 1
Paused at 7
	Hit Breakpoint(s) 0
	Call Stack: A, Au, AtAu, spectralnorm 
	Bindings: i: number = 5
		j: number = 2
Paused at 8
	Call Stack: A, Au, AtAu, spectralnorm 
	Bindings: i: number = 5
		j: number = 2
Paused at 8
	Call Stack: A, Au, AtAu, spectralnorm 
	Bindings: i: number = 5
		j: number = 2
Paused at 7
	Hit Breakpoint(s) 0
	Call Stack: A, Au, AtAu, spectralnorm 
	Bindings: i: number = 5
		j: number = 3
Paused at 7
	Hit Breakpoint(s) 0
	Call Stack: A, Au, AtAu, spectralnorm 
	Bindings: i: number = 5
		j: number = 4
Paused at 8
	Call Stack: A, Au, AtAu, spectralnorm 
	Bindings: i: number = 5
		j: number = 4
Paused at 8
	Call Stack: A, Au, AtAu, spectralnorm 
	Bindings: i: number = 5
		j: number = 4
Paused at 13
	Call Stack: Au, AtAu, spectralnorm 
	Bindings: i: number = 5
		j: number = 4
		t: number = 0.15748521630874573
		u: array
		v: array
Paused at 7
	Hit Breakpoint(s) 0
	Call Stack: A, Au, AtAu, spectralnorm 
	Bindings: i: number = 5
		j: number = 5
Paused at 8
	Call Stack: A, Au, AtAu, spectralnorm 
	Bindings: i: number = 5
		j: number = 5
Paused at 20
	Hit Breakpoint(s) 4
	Call Stack: Atu, AtAu, spectralnorm 
	Bindings: i: undefined
		j: undefined
		t: undefined
		u: array
		v: array
Paused at 21
	Call Stack: Atu, AtAu, spectralnorm 
	Bindings: i: number = 0
		j: undefined
		t: undefined
		u: array
		v: array
Paused at 22
	Call Stack: Atu, AtAu, spectralnorm 
	Bindings: i: number = 0
		j: undefined
		t: number = 0
		u: array
		v: array
Paused at 23
	Call Stack: Atu, AtAu, spectralnorm 
	Bindings: i: number = 0
		j: number = 0
		t: number = 0
		u: array
		v: array
Paused at 7
	Hit Breakpoint(s) 0
	Call Stack: A, Atu, AtAu, spectralnorm 
	Bindings: i: number = 0
		j: number = 0
