Breakpoint 0 Set at 38
Breakpoint 1 Set at 38
Breakpoint 1 Set at 164
Breakpoint 2 Set at 146
Breakpoint 3 Set at 252
Breakpoint 4 Set at 72
Breakpoint 5 Set at 185
Breakpoint 6 Set at 177
Breakpoint 7 Set at 237
Breakpoint 8 Set at 51
Breakpoint 9 Set at 195
Breakpoint 10 Set at 38
Breakpoint 10 Set at 110
Breakpoint 11 Set at 211
Breakpoint 12 Set at 254
Breakpoint 13 Set at 268
Breakpoint 14 Set at 238
Breakpoint 15 Set at 261
Breakpoint 16 Set at 38
Breakpoint 16 Set at 177
Breakpoint 16 Set at 61
Breakpoint 17 Set at 244
Breakpoint 18 Set at 126
Breakpoint 19 Set at 38
Breakpoint 19 Set at 126
Breakpoint 19 Set at 119
Breakpoint 20 Set at 64
Paused at 38
	Hit Breakpoint(s) 19
	Call Stack:  
	Bindings: 
Paused at 72
	Hit Breakpoint(s) 4
	Call Stack:  
	Bindings: 
Paused at 164
	Hit Breakpoint(s) 1
	Call Stack:  
	Bindings: 
Paused at 223
	Call Stack:  
	Bindings: 
Paused at 164
	Call Stack:  
	Bindings: 
Paused at 164
	Hit Breakpoint(s) 1
	Call Stack:  
	Bindings: 
Paused at 177
	Hit Breakpoint(s) 16
	Call Stack:  
	Bindings: m: object
		s: object
Paused at 208
	Call Stack:  
	Bindings: m: object
		s: object
Paused at 223
	Call Stack:  
	Bindings: m: object
		s: object
Paused at 223
	Call Stack:  
	Bindings: m: object
		s: object
Paused at 195
	Hit Breakpoint(s) 9
	Call Stack: s.parseJSON 
	Bindings: filter: function
		j: undefined
		m: object
		s: object
		walk: function
Paused at 196
	Call Stack: s.parseJSON 
	Bindings: filter: function
		j: undefined
		m: object
		s: object
		walk: function
Paused at 195
	Hit Breakpoint(s) 9
	Call Stack: s.parseJSON 
	Bindings: filter: function
		j: undefined
		m: object
		s: object
		walk: function
Paused at 197
	Call Stack: s.parseJSON 
	Bindings: filter: function
		j: undefined
		m: object
		s: object
		walk: function
Paused at 195
	Hit Breakpoint(s) 9
	Call Stack: s.parseJSON 
	Bindings: filter: function
		j: undefined
		m: object
		s: object
		walk: function
Paused at 185
	Hit Breakpoint(s) 5
	Call Stack: walk, s.parseJSON 
	Bindings: filter: function
		i: string = 0
		j: array
		k: string = 
		m: object
		n: undefined
		s: object
		v: array
		walk: function
Paused at 185
	Hit Breakpoint(s) 5
	Call Stack: walk, walk, s.parseJSON 
	Bindings: filter: function
		i: string = tag
		j: array
		k: string = 0
		m: object
		n: undefined
		s: object
		v: object
		walk: function
Paused at 185
	Hit Breakpoint(s) 5
	Call Stack: walk, walk, s.parseJSON 
	Bindings: filter: function
		i: string = popularity
		j: array
		k: string = 0
		m: object
		n: string = titillation
		s: object
		v: object
		walk: function
Paused at 193
	Call Stack: walk, walk, s.parseJSON 
	Bindings: filter: function
		i: string = toJSONString
		j: array
		k: string = 0
		m: object
		n: number = 32
		s: object
		v: object
		walk: function
Paused at 185
	Hit Breakpoint(s) 5
	Call Stack: walk, s.parseJSON 
	Bindings: filter: function
		i: string = 1
		j: array
		k: string = 
		m: object
		n: object
		s: object
		v: array
		walk: function
Paused at 185
	Hit Breakpoint(s) 5
	Call Stack: walk, walk, s.parseJSON 
	Bindings: filter: function
		i: string = tag
		j: array
		k: string = 1
		m: object
		n: undefined
		s: object
		v: object
		walk: function
Paused at 186
	Call Stack: walk, walk, s.parseJSON 
	Bindings: filter: function
		i: string = tag
		j: array
		k: string = 1
		m: object
		n: string = foamless
		s: object
		v: object
		walk: function
Paused at 185
	Hit Breakpoint(s) 5
	Call Stack: walk, walk, s.parseJSON 
	Bindings: filter: function
		i: string = popularity
		j: array
		k: string = 1
		m: object
		n: string = foamless
		s: object
		v: object
		walk: function
Paused at 193
	Call Stack: walk, walk, s.parseJSON 
	Bindings: filter: function
		i: string = toJSONString
		j: array
		k: string = 1
		m: object
		n: number = 30.228161797699705
		s: object
		v: object
		walk: function
Paused at 185
	Call Stack: walk, s.parseJSON 
	Bindings: filter: function
		i: string = 1
		j: array
		k: string = 
		m: object
		n: object
		s: object
		v: array
		walk: function
Paused at 185
	Hit Breakpoint(s) 5
	Call Stack: walk, s.parseJSON 
	Bindings: filter: function
		i: string = 2
		j: array
		k: string = 
		m: object
		n: object
		s: object
		v: array
		walk: function
Paused at 182
	Call Stack: walk, walk, s.parseJSON 
	Bindings: filter: function
		i: undefined
		j: array
		k: string = 2
		m: object
		n: undefined
		s: object
		v: object
		walk: function
Paused at 183
	Call Stack: walk, walk, s.parseJSON 
	Bindings: filter: function
		i: undefined
		j: array
		k: string = 2
		m: object
		n: undefined
		s: object
		v: object
		walk: function
Paused at 185
	Hit Breakpoint(s) 5
	Call Stack: walk, walk, s.parseJSON 
	Bindings: filter: function
		i: string = tag
		j: array
		k: string = 2
		m: object
		n: undefined
		s: object
		v: object
		walk: function
Paused at 185
	Hit Breakpoint(s) 5
	Call Stack: walk, walk, s.parseJSON 
	Bindings: filter: function
		i: string = popularity
		j: array
		k: string = 2
		m: object
		n: string = snarler
		s: object
		v: object
		walk: function
Paused at 193
	Call Stack: walk, walk, s.parseJSON 
	Bindings: filter: function
		i: string = toJSONString
		j: array
		k: string = 2
		m: object
		n: number = 29.19170289157581
		s: object
		v: object
		walk: function
Paused at 185
	Hit Breakpoint(s) 5
	Call Stack: walk, s.parseJSON 
	Bindings: filter: function
		i: string = 3
		j: array
		k: string = 
		m: object
		n: object
		s: object
		v: array
		walk: function
Paused at 185
	Hit Breakpoint(s) 5
	Call Stack: walk, walk, s.parseJSON 
	Bindings: filter: function
		i: string = tag
		j: array
		k: string = 3
		m: object
		n: undefined
		s: object
		v: object
		walk: function
Paused at 186
	Call Stack: walk, walk, s.parseJSON 
	Bindings: filter: function
		i: string = tag
		j: array
		k: string = 3
		m: object
		n: string = multangularness
		s: object
		v: object
		walk: function
Paused at 187
	Call Stack: walk, walk, s.parseJSON 
	Bindings: filter: function
		i: string = tag
		j: array
		k: string = 3
		m: object
		n: string = multangularness
		s: object
		v: object
		walk: function
Paused at 185
	Call Stack: walk, walk, s.parseJSON 
	Bindings: filter: function
		i: string = popularity
		j: array
		k: string = 3
		m: object
		n: string = multangularness
		s: object
		v: object
		walk: function
Paused at 182
	Call Stack: walk, walk, walk, s.parseJSON 
	Bindings: filter: function
		i: undefined
		j: array
		k: string = popularity
		m: object
		n: undefined
		s: object
		v: number = 368304452
		walk: function
Paused at 193
	Call Stack: walk, walk, walk, s.parseJSON 
	Bindings: filter: function
		i: undefined
		j: array
		k: string = popularity
		m: object
		n: undefined
		s: object
		v: number = 368304452
		walk: function
Paused at 186
	Call Stack: walk, walk, s.parseJSON 
	Bindings: filter: function
		i: string = popularity
		j: array
		k: string = 3
		m: object
		n: number = 28.456323595488065
		s: object
		v: object
		walk: function
Paused at 185
	Hit Breakpoint(s) 5
	Call Stack: walk, s.parseJSON 
	Bindings: filter: function
		i: string = 4
		j: array
		k: string = 
		m: object
		n: object
		s: object
		v: array
		walk: function
Paused at 185
	Hit Breakpoint(s) 5
	Call Stack: walk, walk, s.parseJSON 
	Bindings: filter: function
		i: string = tag
		j: array
		k: string = 4
		m: object
		n: undefined
		s: object
		v: object
		walk: function
Paused at 186
	Call Stack: walk, walk, s.parseJSON 
	Bindings: filter: function
		i: string = tag
		j: array
		k: string = 4
		m: object
		n: string = Fesapo unventurous
		s: object
		v: object
		walk: function
Paused at 185
	Hit Breakpoint(s) 5
	Call Stack: walk, walk, s.parseJSON 
	Bindings: filter: function
		i: string = popularity
		j: array
		k: string = 4
		m: object
		n: string = Fesapo unventurous
		s: object
		v: object
		walk: function
Paused at 185
	Hit Breakpoint(s) 5
	Call Stack: walk, s.parseJSON 
	Bindings: filter: function
		i: string = 5
		j: array
		k: string = 
		m: object
		n: object
		s: object
		v: array
		walk: function
Paused at 185
	Hit Breakpoint(s) 5
	Call Stack: walk, walk, s.parseJSON 
	Bindings: filter: function
		i: string = tag
		j: array
		k: string = 5
		m: object
		n: undefined
		s: object
		v: object
		walk: function
Paused at 186
	Call Stack: walk, walk, s.parseJSON 
	Bindings: filter: function
		i: string = tag
		j: array
		k: string = 5
		m: object
		n: string = esthesioblast
		s: object
		v: object
		walk: function
Paused at 185
	Hit Breakpoint(s) 5
	Call Stack: walk, walk, s.parseJSON 
	Bindings: filter: function
		i: string = popularity
		j: array
		k: string = 5
		m: object
		n: string = esthesioblast
		s: object
		v: object
		walk: function
Paused at 185
	Hit Breakpoint(s) 5
	Call Stack: walk, s.parseJSON 
	Bindings: filter: function
		i: string = 6
		j: array
		k: string = 
		m: object
		n: object
		s: object
		v: array
		walk: function
Paused at 185
	Hit Breakpoint(s) 5
	Call Stack: walk, walk, s.parseJSON 
	Bindings: filter: function
		i: string = tag
		j: array
		k: string = 6
		m: object
		n: undefined
		s: object
		v: object
		walk: function
Paused at 186
	Call Stack: walk, walk, s.parseJSON 
	Bindings: filter: function
		i: string = tag
		j: array
		k: string = 6
		m: object
		n: string = echeneidoid
		s: object
		v: object
		walk: function
Paused at 187
	Call Stack: walk, walk, s.parseJSON 
	Bindings: filter: function
		i: string = tag
		j: array
		k: string = 6
		m: object
		n: string = echeneidoid
		s: object
		v: object
		walk: function
Paused at 185
	Call Stack: walk, walk, s.parseJSON 
	Bindings: filter: function
		i: string = popularity
		j: array
		k: string = 6
		m: object
		n: string = echeneidoid
		s: object
		v: object
		walk: function
Paused at 185
	Hit Breakpoint(s) 5
	Call Stack: walk, walk, s.parseJSON 
	Bindings: filter: function
		i: string = popularity
		j: array
		k: string = 6
		m: object
		n: string = echeneidoid
		s: object
		v: object
		walk: function
Paused at 182
	Call Stack: walk, walk, walk, s.parseJSON 
	Bindings: filter: function
		i: undefined
		j: array
		k: string = popularity
		m: object
		n: undefined
		s: object
		v: number = 136641578
		walk: function
Paused at 185
	Hit Breakpoint(s) 5
	Call Stack: walk, s.parseJSON 
	Bindings: filter: function
		i: string = 7
		j: array
		k: string = 
		m: object
		n: object
		s: object
		v: array
		walk: function
Paused at 185
	Hit Breakpoint(s) 5
	Call Stack: walk, walk, s.parseJSON 
	Bindings: filter: function
		i: string = tag
		j: array
		k: string = 7
		m: object
		n: undefined
		s: object
		v: object
		walk: function
Paused at 185
	Hit Breakpoint(s) 5
	Call Stack: walk, walk, s.parseJSON 
	Bindings: filter: function
		i: string = popularity
		j: array
		k: string = 7
		m: object
		n: string = embryoctony
		s: object
		v: object
		walk: function
Paused at 186
	Call Stack: walk, walk, s.parseJSON 
	Bindings: filter: function
		i: string = popularity
		j: array
		k: string = 7
		m: object
		n: number = 26.68448539399359
		s: object
		v: object
		walk: function
Paused at 187
	Call Stack: walk, walk, s.parseJSON 
	Bindings: filter: function
		i: string = popularity
		j: array
		k: string = 7
		m: object
		n: number = 26.68448539399359
		s: object
		v: object
		walk: function
Paused at 192
	Call Stack: walk, walk, s.parseJSON 
	Bindings: filter: function
		i: string = toJSONString
		j: array
		k: string = 7
		m: object
		n: number = 26.68448539399359
		s: object
		v: object
		walk: function
Paused at 193
	Call Stack: walk, walk, s.parseJSON 
	Bindings: filter: function
		i: string = toJSONString
		j: array
		k: string = 7
		m: object
		n: number = 26.68448539399359
		s: object
		v: object
		walk: function
Paused at 193
	Call Stack: walk, walk, s.parseJSON 
	Bindings: filter: function
		i: string = toJSONString
		j: array
		k: string = 7
		m: object
		n: number = 26.68448539399359
		s: object
		v: object
		walk: function
Paused at 186
	Call Stack: walk, s.parseJSON 
	Bindings: filter: function
		i: string = 7
		j: array
		k: string = 
		m: object
		n: object
		s: object
		v: array
		walk: function
Paused at 187
	Call Stack: walk, s.parseJSON 
	Bindings: filter: function
		i: string = 7
		j: array
		k: string = 
		m: object
		n: object
		s: object
		v: array
		walk: function
Paused at 185
	Hit Breakpoint(s) 5
	Call Stack: walk, s.parseJSON 
	Bindings: filter: function
		i: string = 8
		j: array
		k: string = 
		m: object
		n: object
		s: object
		v: array
		walk: function
Paused at 185
	Hit Breakpoint(s) 5
	Call Stack: walk, walk, s.parseJSON 
	Bindings: filter: function
		i: string = tag
		j: array
		k: string = 8
		m: object
		n: undefined
		s: object
		v: object
		walk: function
Paused at 185
	Hit Breakpoint(s) 5
	Call Stack: walk, walk, s.parseJSON 
	Bindings: filter: function
		i: string = popularity
		j: array
		k: string = 8
		m: object
		n: string = undilatory
		s: object
		v: object
		walk: function
Paused at 193
	Call Stack: walk, walk, s.parseJSON 
	Bindings: filter: function
		i: string = toJSONString
		j: array
		k: string = 8
		m: object
		n: number = 26.383405773858158
		s: object
		v: object
		walk: function
Paused at 186
	Call Stack: walk, s.parseJSON 
	Bindings: filter: function
		i: string = 8
		j: array
		k: string = 
		m: object
		n: object
		s: object
		v: array
		walk: function
Paused at 185
	Hit Breakpoint(s) 5
	Call Stack: walk, s.parseJSON 
	Bindings: filter: function
		i: string = 9
		j: array
		k: string = 
		m: object
		n: object
		s: object
		v: array
		walk: function
Paused at 185
	Hit Breakpoint(s) 5
	Call Stack: walk, walk, s.parseJSON 
	Bindings: filter: function
		i: string = tag
		j: array
		k: string = 9
		m: object
		n: undefined
		s: object
		v: object
		walk: function
Paused at 182
	Call Stack: walk, walk, walk, s.parseJSON 
	Bindings: filter: function
		i: undefined
		j: array
		k: string = tag
		m: object
		n: undefined
		s: object
		v: string = predisregard
		walk: function
Paused at 193
	Call Stack: walk, walk, walk, s.parseJSON 
	Bindings: filter: function
		i: undefined
		j: array
		k: string = tag
		m: object
		n: undefined
		s: object
		v: string = predisregard
		walk: function
Paused at 185
	Hit Breakpoint(s) 5
	Call Stack: walk, walk, s.parseJSON 
	Bindings: filter: function
		i: string = popularity
		j: array
		k: string = 9
		m: object
		n: string = predisregard
		s: object
		v: object
		walk: function
Paused at 182
	Call Stack: walk, walk, walk, s.parseJSON 
	Bindings: filter: function
		i: undefined
		j: array
		k: string = popularity
		m: object
		n: undefined
		s: object
		v: number = 72630939
		walk: function
Paused at 193
	Call Stack: walk, walk, walk, s.parseJSON 
	Bindings: filter: function
		i: undefined
		j: array
		k: string = popularity
		m: object
		n: undefined
		s: object
		v: number = 72630939
		walk: function
Paused at 185
	Hit Breakpoint(s) 5
	Call Stack: walk, s.parseJSON 
	Bindings: filter: function
		i: string = 10
		j: array
		k: string = 
		m: object
		n: object
		s: object
		v: array
		walk: function
Paused at 185
	Hit Breakpoint(s) 5
	Call Stack: walk, walk, s.parseJSON 
	Bindings: filter: function
		i: string = tag
		j: array
		k: string = 10
		m: object
		n: undefined
		s: object
		v: object
		walk: function
Paused at 185
	Hit Breakpoint(s) 5
	Call Stack: walk, walk, s.parseJSON 
	Bindings: filter: function
		i: string = popularity
		j: array
		k: string = 10
		m: object
		n: string = allergenic
		s: object
		v: object
		walk: function
Paused at 186
	Call Stack: walk, walk, s.parseJSON 
	Bindings: filter: function
		i: string = popularity
		j: array
		k: string = 10
		m: object
		n: number = 25.87044689261165
		s: object
		v: object
		walk: function
Paused at 187
	Call Stack: walk, walk, s.parseJSON 
	Bindings: filter: function
		i: string = popularity
		j: array
		k: string = 10
		m: object
		n: number = 25.87044689261165
		s: object
		v: object
		walk: function
Paused at 192
	Call Stack: walk, walk, s.parseJSON 
	Bindings: filter: function
		i: string = toJSONString
		j: array
		k: string = 10
		m: object
		n: number = 25.87044689261165
		s: object
		v: object
		walk: function
Paused at 193
	Call Stack: walk, walk, s.parseJSON 
	Bindings: filter: function
		i: string = toJSONString
		j: array
		k: string = 10
		m: object
		n: number = 25.87044689261165
		s: object
		v: object
		walk: function
Paused at 185
	Hit Breakpoint(s) 5
	Call Stack: walk, s.parseJSON 
	Bindings: filter: function
		i: string = 11
		j: array
		k: string = 
		m: object
		n: object
		s: object
		v: array
		walk: function
Paused at 185
	Hit Breakpoint(s) 5
	Call Stack: walk, walk, s.parseJSON 
	Bindings: filter: function
		i: string = tag
		j: array
		k: string = 11
		m: object
		n: undefined
		s: object
		v: object
		walk: function
Paused at 185
	Hit Breakpoint(s) 5
	Call Stack: walk, walk, s.parseJSON 
	Bindings: filter: function
		i: string = popularity
		j: array
		k: string = 11
		m: object
		n: string = uncloudy
		s: object
		v: object
		walk: function
Paused at 193
	Call Stack: walk, walk, s.parseJSON 
	Bindings: filter: function
		i: string = toJSONString
		j: array
		k: string = 11
		m: object
		n: number = 25.648026473234733
		s: object
		v: object
		walk: function
Paused at 186
	Call Stack: walk, s.parseJSON 
	Bindings: filter: function
		i: string = 11
		j: array
		k: string = 
		m: object
		n: object
		s: object
		v: array
		walk: function
Paused at 187
	Call Stack: walk, s.parseJSON 
	Bindings: filter: function
		i: string = 11
		j: array
		k: string = 
		m: object
		n: object
		s: object
		v: array
		walk: function
Paused at 185
	Hit Breakpoint(s) 5
	Call Stack: walk, s.parseJSON 
	Bindings: filter: function
		i: string = 12
		j: array
		k: string = 
		m: object
		n: object
		s: object
		v: array
		walk: function
Paused at 185
	Hit Breakpoint(s) 5
	Call Stack: walk, walk, s.parseJSON 
	Bindings: filter: function
		i: string = tag
		j: array
		k: string = 12
		m: object
		n: undefined
		s: object
		v: object
		walk: function
Paused at 182
	Call Stack: walk, walk, walk, s.parseJSON 
	Bindings: filter: function
		i: undefined
		j: array
		k: string = tag
		m: object
		n: undefined
		s: object
		v: string = unforeseeably
		walk: function
Paused at 192
	Call Stack: walk, walk, walk, s.parseJSON 
	Bindings: filter: function
		i: undefined
		j: array
		k: string = tag
		m: object
		n: undefined
		s: object
		v: string = unforeseeably
		walk: function
Paused at 229
	Call Stack: tagInfo<, walk, walk, walk, s.parseJSON 
	Bindings: a: string = tag
		b: string = unforeseeably
Paused at 185
	Hit Breakpoint(s) 5
	Call Stack: walk, walk, s.parseJSON 
	Bindings: filter: function
		i: string = popularity
		j: array
		k: string = 12
		m: object
		n: string = unforeseeably
		s: object
		v: object
		walk: function
Paused at 182
	Call Stack: walk, walk, walk, s.parseJSON 
	Bindings: filter: function
		i: undefined
		j: array
		k: string = popularity
		m: object
		n: undefined
		s: object
		v: number = 45628109
		walk: function
Paused at 185
	Hit Breakpoint(s) 5
	Call Stack: walk, s.parseJSON 
	Bindings: filter: function
		i: string = 13
		j: array
		k: string = 
		m: object
		n: object
		s: object
		v: array
		walk: function
Paused at 185
	Hit Breakpoint(s) 5
	Call Stack: walk, walk, s.parseJSON 
	Bindings: filter: function
		i: string = tag
		j: array
		k: string = 13
		m: object
		n: undefined
		s: object
		v: object
		walk: function
Paused at 186
	Call Stack: walk, walk, s.parseJSON 
	Bindings: filter: function
		i: string = tag
		j: array
		k: string = 13
		m: object
		n: string = sturniform
		s: object
		v: object
		walk: function
Paused at 187
	Call Stack: walk, walk, s.parseJSON 
	Bindings: filter: function
		i: string = tag
		j: array
		k: string = 13
		m: object
		n: string = sturniform
		s: object
		v: object
		walk: function
Paused at 185
	Hit Breakpoint(s) 5
	Call Stack: walk, walk, s.parseJSON 
	Bindings: filter: function
		i: string = popularity
		j: array
		k: string = 13
		m: object
		n: string = sturniform
		s: object
		v: object
		walk: function
