182 -> 182
273 -> 273
147 -> 147
172 -> 172
175 -> 175
54 -> 54
108 -> 108
48 -> 48
439 -> 439
357 -> 357
245 -> 245
67 -> 67
114 -> 114
295 -> 295
63 -> 63
376 -> 376
159 -> 159
331 -> 331
186 -> 186
282 -> 282
161 -> 161
254 -> 254
279 -> 279
302 -> 302
369 -> 369
275 -> 275
224 -> 224
353 -> 353
226 -> 226
398 -> 398
139 -> 139
241 -> 241
183 -> 183
199 -> 199
53 -> 53
346 -> 346
64 -> 64
373 -> 373
233 -> 233
288 -> 288
343 -> 343
59 -> 59
157 -> 157
38 -> 38
95 -> 95
442 -> 442
99 -> 99
379 -> 379
208 -> 208
167 -> 167
102 -> 102
240 -> 240
330 -> 330
244 -> 244
30 -> 30
169 -> 169
446 -> 446
401 -> 401
243 -> 243
265 -> 265
356 -> 356
171 -> 171
185 -> 185
190 -> 190
237 -> 237
160 -> 160
91 -> 91
328 -> 328
306 -> 306
366 -> 366
408 -> 408
232 -> 232
234 -> 234
135 -> 135
153 -> 153
100 -> 100
56 -> 56
319 -> 319
402 -> 402
323 -> 323
349 -> 349
266 -> 266
176 -> 176
359 -> 359
316 -> 316
415 -> 415
298 -> 298
41 -> 41
389 -> 389
96 -> 96
