324 -> 324
266 -> 266
442 -> 442
368 -> 368
234 -> 234
251 -> 251
279 -> 279
54 -> 54
373 -> 373
99 -> 99
398 -> 398
343 -> 343
132 -> 132
111 -> 111
203 -> 203
377 -> 377
135 -> 135
263 -> 263
205 -> 205
141 -> 141
408 -> 408
220 -> 220
102 -> 102
107 -> 107
262 -> 262
334 -> 334
269 -> 269
369 -> 369
115 -> 115
109 -> 109
48 -> 48
208 -> 208
196 -> 196
108 -> 108
152 -> 152
63 -> 63
379 -> 379
390 -> 390
159 -> 159
130 -> 130
215 -> 215
316 -> 316
232 -> 232
264 -> 264
358 -> 358
190 -> 190
233 -> 233
243 -> 243
391 -> 391
295 -> 295
381 -> 381
280 -> 280
193 -> 193
134 -> 134
306 -> 306
140 -> 140
371 -> 371
355 -> 355
183 -> 183
72 -> 72
199 -> 199
194 -> 194
171 -> 171
270 -> 270
294 -> 294
284 -> 284
331 -> 331
55 -> 55
26 -> 26
104 -> 104
375 -> 375
356 -> 356
153 -> 153
389 -> 389
139 -> 139
349 -> 349
163 -> 163
275 -> 275
100 -> 100
413 -> 413
68 -> 68
41 -> 41
248 -> 248
340 -> 340
346 -> 346
155 -> 155
288 -> 288
62 -> 62
42 -> 42
308 -> 308
178 -> 178
46 -> 46
30 -> 30
167 -> 167
40 -> 40
307 -> 307
246 -> 246
402 -> 402
292 -> 292
165 -> 165
91 -> 91
94 -> 94
160 -> 160
447 -> 447
31 -> 31
245 -> 245
49 -> 49
56 -> 56
247 -> 247
333 -> 333
323 -> 323
207 -> 207
240 -> 240
186 -> 186
224 -> 224
353 -> 353
176 -> 176
254 -> 254
87 -> 87
52 -> 52
53 -> 53
125 -> 125
237 -> 237
211 -> 211
273 -> 273
278 -> 278
149 -> 149
315 -> 315
376 -> 376
250 -> 250
61 -> 61
236 -> 236
223 -> 223
305 -> 305
255 -> 255
298 -> 298
59 -> 59
128 -> 128
249 -> 249
157 -> 157
182 -> 182
440 -> 440
76 -> 76
129 -> 129
366 -> 366
204 -> 204
357 -> 357
112 -> 112
302 -> 302
410 -> 410
285 -> 285
238 -> 238
79 -> 79
338 -> 338
185 -> 185
144 -> 144
175 -> 175
299 -> 299
359 -> 359
393 -> 393
411 -> 411
446 -> 446
380 -> 380
47 -> 47
261 -> 261
169 -> 169
45 -> 45
293 -> 293
244 -> 244
399 -> 399
209 -> 209
241 -> 241
401 -> 401
304 -> 304
219 -> 219
35 -> 35
67 -> 67
226 -> 226
172 -> 172
145 -> 145
191 -> 191
217 -> 217
118 -> 118
384 -> 384
95 -> 95
444 -> 444
192 -> 192
265 -> 265
282 -> 282
114 -> 114
406 -> 406
344 -> 344
83 -> 83
227 -> 227
202 -> 202
328 -> 328
103 -> 103
370 -> 370
120 -> 120
218 -> 218
161 -> 161
96 -> 96
322 -> 322
415 -> 415
314 -> 314
64 -> 64
347 -> 347
110 -> 110
439 -> 439
156 -> 156
27 -> 27
448 -> 448
319 -> 319
382 -> 382
38 -> 38
181 -> 181
147 -> 147
277 -> 277
200 -> 200
317 -> 317
117 -> 117
195 -> 195
392 -> 392
216 -> 216
330 -> 330
