331 -> 331
275 -> 275
442 -> 442
366 -> 366
241 -> 241
266 -> 266
295 -> 295
67 -> 67
373 -> 373
114 -> 114
401 -> 401
353 -> 353
167 -> 167
159 -> 159
234 -> 234
379 -> 379
172 -> 172
288 -> 288
240 -> 240
182 -> 182
415 -> 415
245 -> 245
95 -> 95
169 -> 169
298 -> 298
357 -> 357
306 -> 306
376 -> 376
183 -> 183
135 -> 135
190 -> 190
265 -> 265
147 -> 147
185 -> 185
233 -> 233
171 -> 171
398 -> 398
402 -> 402
53 -> 53
157 -> 157
282 -> 282
160 -> 160
302 -> 302
330 -> 330
100 -> 100
38 -> 38
316 -> 316
323 -> 323
408 -> 408
356 -> 356
102 -> 102
91 -> 91
96 -> 96
54 -> 54
48 -> 48
237 -> 237
59 -> 59
389 -> 389
64 -> 64
244 -> 244
328 -> 328
175 -> 175
319 -> 319
359 -> 359
63 -> 63
161 -> 161
186 -> 186
369 -> 369
232 -> 232
224 -> 224
139 -> 139
243 -> 243
279 -> 279
439 -> 439
108 -> 108
349 -> 349
56 -> 56
30 -> 30
273 -> 273
446 -> 446
346 -> 346
199 -> 199
176 -> 176
343 -> 343
41 -> 41
99 -> 99
254 -> 254
226 -> 226
153 -> 153
208 -> 208
