109 -> 109
125 -> 125
233 -> 233
267 -> 267
112 -> 112
241 -> 241
280 -> 280
271 -> 271
296 -> 296
155 -> 155
204 -> 204
287 -> 287
149 -> 149
410 -> 410
151 -> 151
111 -> 111
113 -> 113
344 -> 344
448 -> 448
373 -> 373
107 -> 107
357 -> 357
34 -> 34
298 -> 298
220 -> 220
96 -> 96
182 -> 182
209 -> 209
247 -> 247
226 -> 226
192 -> 192
160 -> 160
377 -> 377
178 -> 178
255 -> 255
219 -> 219
100 -> 100
172 -> 172
120 -> 120
411 -> 411
87 -> 87
384 -> 384
119 -> 119
289 -> 289
279 -> 279
55 -> 55
273 -> 273
262 -> 262
284 -> 284
409 -> 409
177 -> 177
215 -> 215
183 -> 183
374 -> 374
135 -> 135
163 -> 163
297 -> 297
245 -> 245
196 -> 196
444 -> 444
237 -> 237
264 -> 264
166 -> 166
161 -> 161
398 -> 398
359 -> 359
286 -> 286
415 -> 415
369 -> 369
79 -> 79
375 -> 375
338 -> 338
141 -> 141
67 -> 67
353 -> 353
137 -> 137
205 -> 205
184 -> 184
127 -> 127
134 -> 134
72 -> 72
167 -> 167
356 -> 356
440 -> 440
71 -> 71
175 -> 175
381 -> 381
380 -> 380
153 -> 153
294 -> 294
350 -> 350
53 -> 53
75 -> 75
188 -> 188
282 -> 282
144 -> 144
42 -> 42
130 -> 130
323 -> 323
132 -> 132
147 -> 147
447 -> 447
240 -> 240
391 -> 391
292 -> 292
140 -> 140
126 -> 126
191 -> 191
208 -> 208
56 -> 56
319 -> 319
108 -> 108
234 -> 234
372 -> 372
159 -> 159
355 -> 355
316 -> 316
268 -> 268
231 -> 231
244 -> 244
283 -> 283
152 -> 152
195 -> 195
232 -> 232
101 -> 101
110 -> 110
254 -> 254
439 -> 439
288 -> 288
269 -> 269
315 -> 315
382 -> 382
118 -> 118
27 -> 27
138 -> 138
368 -> 368
190 -> 190
324 -> 324
203 -> 203
170 -> 170
59 -> 59
314 -> 314
340 -> 340
265 -> 265
181 -> 181
349 -> 349
68 -> 68
38 -> 38
330 -> 330
61 -> 61
116 -> 116
171 -> 171
60 -> 60
250 -> 250
202 -> 202
145 -> 145
48 -> 48
302 -> 302
91 -> 91
354 -> 354
115 -> 115
401 -> 401
318 -> 318
266 -> 266
285 -> 285
346 -> 346
383 -> 383
263 -> 263
224 -> 224
366 -> 366
225 -> 225
442 -> 442
45 -> 45
322 -> 322
117 -> 117
102 -> 102
35 -> 35
40 -> 40
408 -> 408
371 -> 371
99 -> 99
54 -> 54
389 -> 389
150 -> 150
157 -> 157
173 -> 173
275 -> 275
238 -> 238
446 -> 446
176 -> 176
413 -> 413
304 -> 304
31 -> 31
370 -> 370
47 -> 47
168 -> 168
347 -> 347
63 -> 63
295 -> 295
95 -> 95
46 -> 46
164 -> 164
306 -> 306
393 -> 393
272 -> 272
229 -> 229
94 -> 94
39 -> 39
26 -> 26
277 -> 277
293 -> 293
49 -> 49
199 -> 199
343 -> 343
236 -> 236
246 -> 246
385 -> 385
276 -> 276
156 -> 156
104 -> 104
114 -> 114
333 -> 333
52 -> 52
251 -> 251
76 -> 76
270 -> 270
218 -> 218
392 -> 392
186 -> 186
185 -> 185
376 -> 376
394 -> 394
169 -> 169
320 -> 320
307 -> 307
165 -> 165
305 -> 305
62 -> 62
162 -> 162
84 -> 84
230 -> 230
64 -> 64
328 -> 328
308 -> 308
194 -> 194
228 -> 228
299 -> 299
148 -> 148
227 -> 227
41 -> 41
146 -> 146
321 -> 321
274 -> 274
390 -> 390
317 -> 317
386 -> 386
243 -> 243
211 -> 211
407 -> 407
334 -> 334
139 -> 139
129 -> 129
278 -> 278
331 -> 331
402 -> 402
399 -> 399
249 -> 249
154 -> 154
30 -> 30
207 -> 207
193 -> 193
217 -> 217
261 -> 261
189 -> 189
216 -> 216
128 -> 128
200 -> 200
379 -> 379
143 -> 143
406 -> 406
83 -> 83
103 -> 103
248 -> 248
223 -> 223
80 -> 80
358 -> 358
