175 -> 175
265 -> 265
128 -> 128
160 -> 160
31 -> 31
39 -> 39
102 -> 102
154 -> 154
413 -> 413
349 -> 349
230 -> 230
42 -> 42
83 -> 83
271 -> 271
411 -> 411
373 -> 373
104 -> 104
304 -> 304
152 -> 152
249 -> 249
38 -> 38
216 -> 216
237 -> 237
27 -> 27
353 -> 353
45 -> 45
54 -> 54
318 -> 318
150 -> 150
379 -> 379
140 -> 140
169 -> 169
99 -> 99
115 -> 115
161 -> 161
294 -> 294
315 -> 315
350 -> 350
126 -> 126
207 -> 207
275 -> 275
276 -> 276
219 -> 219
170 -> 170
298 -> 298
440 -> 440
407 -> 407
62 -> 62
172 -> 172
95 -> 95
317 -> 317
398 -> 398
228 -> 228
268 -> 268
117 -> 117
232 -> 232
439 -> 439
368 -> 368
120 -> 120
194 -> 194
245 -> 245
338 -> 338
209 -> 209
287 -> 287
103 -> 103
178 -> 178
255 -> 255
247 -> 247
164 -> 164
223 -> 223
358 -> 358
297 -> 297
171 -> 171
305 -> 305
415 -> 415
217 -> 217
109 -> 109
394 -> 394
283 -> 283
307 -> 307
195 -> 195
444 -> 444
176 -> 176
130 -> 130
34 -> 34
134 -> 134
182 -> 182
186 -> 186
383 -> 383
354 -> 354
366 -> 366
157 -> 157
226 -> 226
266 -> 266
141 -> 141
382 -> 382
316 -> 316
250 -> 250
328 -> 328
227 -> 227
261 -> 261
79 -> 79
322 -> 322
112 -> 112
211 -> 211
100 -> 100
188 -> 188
375 -> 375
231 -> 231
285 -> 285
270 -> 270
72 -> 72
277 -> 277
331 -> 331
153 -> 153
402 -> 402
243 -> 243
149 -> 149
240 -> 240
155 -> 155
114 -> 114
129 -> 129
204 -> 204
135 -> 135
356 -> 356
200 -> 200
56 -> 56
244 -> 244
299 -> 299
236 -> 236
107 -> 107
357 -> 357
156 -> 156
108 -> 108
220 -> 220
205 -> 205
264 -> 264
71 -> 71
173 -> 173
254 -> 254
234 -> 234
59 -> 59
113 -> 113
165 -> 165
168 -> 168
321 -> 321
269 -> 269
125 -> 125
76 -> 76
248 -> 248
448 -> 448
251 -> 251
215 -> 215
224 -> 224
347 -> 347
119 -> 119
159 -> 159
40 -> 40
138 -> 138
288 -> 288
144 -> 144
330 -> 330
143 -> 143
63 -> 63
262 -> 262
53 -> 53
386 -> 386
196 -> 196
302 -> 302
52 -> 52
344 -> 344
61 -> 61
272 -> 272
35 -> 35
189 -> 189
229 -> 229
167 -> 167
384 -> 384
296 -> 296
308 -> 308
191 -> 191
333 -> 333
67 -> 67
406 -> 406
334 -> 334
263 -> 263
447 -> 447
146 -> 146
399 -> 399
376 -> 376
199 -> 199
75 -> 75
289 -> 289
446 -> 446
295 -> 295
91 -> 91
30 -> 30
401 -> 401
233 -> 233
60 -> 60
282 -> 282
145 -> 145
278 -> 278
320 -> 320
84 -> 84
218 -> 218
385 -> 385
139 -> 139
26 -> 26
306 -> 306
390 -> 390
409 -> 409
184 -> 184
391 -> 391
183 -> 183
392 -> 392
314 -> 314
279 -> 279
238 -> 238
192 -> 192
208 -> 208
340 -> 340
442 -> 442
49 -> 49
148 -> 148
355 -> 355
118 -> 118
369 -> 369
94 -> 94
372 -> 372
48 -> 48
408 -> 408
284 -> 284
273 -> 273
319 -> 319
151 -> 151
323 -> 323
132 -> 132
110 -> 110
274 -> 274
64 -> 64
177 -> 177
381 -> 381
359 -> 359
80 -> 80
41 -> 41
96 -> 96
162 -> 162
293 -> 293
116 -> 116
137 -> 137
193 -> 193
370 -> 370
346 -> 346
147 -> 147
101 -> 101
371 -> 371
377 -> 377
267 -> 267
389 -> 389
286 -> 286
190 -> 190
292 -> 292
343 -> 343
185 -> 185
380 -> 380
55 -> 55
166 -> 166
68 -> 68
410 -> 410
374 -> 374
163 -> 163
393 -> 393
46 -> 46
202 -> 202
47 -> 47
181 -> 181
246 -> 246
241 -> 241
127 -> 127
87 -> 87
280 -> 280
324 -> 324
225 -> 225
203 -> 203
111 -> 111
