26 -> 26
27 -> 27
30 -> 30
31 -> 31
35 -> 35
38 -> 38
40 -> 40
41 -> 41
42 -> 42
45 -> 45
46 -> 46
47 -> 47
48 -> 48
49 -> 49
52 -> 52
53 -> 53
54 -> 54
55 -> 55
56 -> 56
59 -> 59
61 -> 61
62 -> 62
63 -> 63
64 -> 64
67 -> 67
68 -> 68
72 -> 72
76 -> 76
79 -> 79
83 -> 83
87 -> 87
91 -> 91
94 -> 94
95 -> 95
96 -> 96
99 -> 99
100 -> 100
102 -> 102
103 -> 103
104 -> 104
107 -> 107
108 -> 108
109 -> 109
110 -> 110
111 -> 111
112 -> 112
114 -> 114
115 -> 115
117 -> 117
118 -> 118
120 -> 120
125 -> 125
128 -> 128
129 -> 129
130 -> 130
132 -> 132
134 -> 134
135 -> 135
139 -> 139
140 -> 140
141 -> 141
144 -> 144
145 -> 145
147 -> 147
149 -> 149
152 -> 152
153 -> 153
155 -> 155
156 -> 156
157 -> 157
159 -> 159
160 -> 160
161 -> 161
163 -> 163
165 -> 165
167 -> 167
169 -> 169
171 -> 171
172 -> 172
175 -> 175
176 -> 176
178 -> 178
181 -> 181
182 -> 182
183 -> 183
185 -> 185
186 -> 186
190 -> 190
191 -> 191
192 -> 192
193 -> 193
194 -> 194
195 -> 195
196 -> 196
199 -> 199
200 -> 200
202 -> 202
203 -> 203
204 -> 204
205 -> 205
207 -> 207
208 -> 208
209 -> 209
211 -> 211
215 -> 215
216 -> 216
217 -> 217
218 -> 218
219 -> 219
220 -> 220
223 -> 223
224 -> 224
226 -> 226
227 -> 227
232 -> 232
233 -> 233
234 -> 234
236 -> 236
237 -> 237
238 -> 238
240 -> 240
241 -> 241
243 -> 243
244 -> 244
245 -> 245
246 -> 246
247 -> 247
248 -> 248
249 -> 249
250 -> 250
251 -> 251
254 -> 254
255 -> 255
261 -> 261
262 -> 262
263 -> 263
264 -> 264
265 -> 265
266 -> 266
269 -> 269
270 -> 270
273 -> 273
275 -> 275
277 -> 277
278 -> 278
279 -> 279
280 -> 280
282 -> 282
284 -> 284
285 -> 285
288 -> 288
292 -> 292
293 -> 293
294 -> 294
295 -> 295
298 -> 298
299 -> 299
302 -> 302
304 -> 304
305 -> 305
306 -> 306
307 -> 307
308 -> 308
314 -> 314
315 -> 315
316 -> 316
317 -> 317
319 -> 319
322 -> 322
323 -> 323
324 -> 324
328 -> 328
330 -> 330
331 -> 331
333 -> 333
334 -> 334
338 -> 338
340 -> 340
343 -> 343
344 -> 344
346 -> 346
347 -> 347
349 -> 349
353 -> 353
355 -> 355
356 -> 356
357 -> 357
358 -> 358
359 -> 359
366 -> 366
368 -> 368
369 -> 369
370 -> 370
371 -> 371
373 -> 373
375 -> 375
376 -> 376
377 -> 377
379 -> 379
380 -> 380
381 -> 381
382 -> 382
384 -> 384
389 -> 389
390 -> 390
391 -> 391
392 -> 392
393 -> 393
398 -> 398
399 -> 399
401 -> 401
402 -> 402
406 -> 406
408 -> 408
410 -> 410
411 -> 411
413 -> 413
415 -> 415
439 -> 439
440 -> 440
442 -> 442
444 -> 444
446 -> 446
447 -> 447
448 -> 448
