0 -> 6
1 -> 6
2 -> 6
3 -> 6
4 -> 6
5 -> 6
6 -> 10
7 -> 7
8 -> 10
9 -> 10
10 -> 10
11 -> 11
12 -> 12
13 -> 13
14 -> 14
15 -> 16
16 -> 16
17 -> 19
18 -> 19
19 -> 19
20 -> 20
21 -> 21
22 -> 22
23 -> 23
24 -> 25
25 -> 28
26 -> 28
27 -> 28
28 -> 33
29 -> 29
30 -> 30
31 -> 33
32 -> 33
33 -> 48
34 -> 34
35 -> 35
36 -> 37
37 -> 37
38 -> 38
39 -> 39
40 -> 41
41 -> 41
42 -> 42
43 -> 43
44 -> 45
45 -> 45
46 -> 46
47 -> 48
48 -> 58
49 -> 50
50 -> 50
51 -> 51
52 -> 54
53 -> 54
54 -> 54
55 -> 56
56 -> 58
57 -> 57
58 -> 58
59 -> 59
