14 -> 14
27 -> 28
11 -> 11
32 -> 33
50 -> 50
58 -> 58
37 -> 37
16 -> 16
13 -> 13
59 -> 59
3 -> 6
41 -> 41
26 -> 28
24 -> 25
55 -> 56
12 -> 12
19 -> 19
39 -> 39
47 -> 48
31 -> 33
10 -> 10
6 -> 10
54 -> 54
25 -> 28
21 -> 21
33 -> 48
2 -> 6
40 -> 41
53 -> 54
8 -> 10
51 -> 51
57 -> 57
42 -> 42
5 -> 6
1 -> 6
43 -> 43
45 -> 45
44 -> 45
22 -> 22
56 -> 58
34 -> 34
9 -> 10
15 -> 16
23 -> 23
18 -> 19
46 -> 46
4 -> 6
52 -> 54
36 -> 37
20 -> 20
38 -> 38
35 -> 35
0 -> 6
29 -> 29
30 -> 30
17 -> 19
49 -> 50
28 -> 33
7 -> 7
48 -> 58
