36 -> 37
42 -> 42
58 -> 58
51 -> 51
20 -> 20
5 -> 6
35 -> 35
37 -> 48
13 -> 13
54 -> 54
14 -> 14
59 -> 59
0 -> 6
46 -> 46
3 -> 6
49 -> 50
12 -> 12
10 -> 10
18 -> 19
19 -> 28
28 -> 33
25 -> 25
55 -> 56
1 -> 6
24 -> 25
38 -> 38
23 -> 23
53 -> 54
52 -> 54
4 -> 6
2 -> 6
9 -> 10
7 -> 7
32 -> 33
29 -> 29
21 -> 21
11 -> 11
31 -> 33
6 -> 10
57 -> 57
27 -> 28
17 -> 19
43 -> 43
26 -> 28
8 -> 10
56 -> 58
47 -> 48
22 -> 22
34 -> 34
39 -> 39
40 -> 41
50 -> 58
48 -> 58
16 -> 16
30 -> 30
44 -> 45
33 -> 48
45 -> 48
15 -> 16
41 -> 48
