45 -> 45
48 -> 48
50 -> 50
27 -> 28
6 -> 6
47 -> 48
39 -> 39
17 -> 19
28 -> 33
38 -> 38
53 -> 54
21 -> 21
19 -> 28
11 -> 11
23 -> 23
26 -> 28
4 -> 6
32 -> 33
49 -> 50
12 -> 12
30 -> 30
9 -> 10
25 -> 25
46 -> 46
40 -> 41
31 -> 33
33 -> 48
37 -> 37
52 -> 54
35 -> 35
56 -> 56
1 -> 6
3 -> 6
42 -> 42
29 -> 29
14 -> 14
58 -> 58
15 -> 16
0 -> 6
5 -> 6
43 -> 43
10 -> 19
54 -> 58
59 -> 59
22 -> 22
51 -> 51
8 -> 10
34 -> 34
20 -> 20
44 -> 45
13 -> 13
24 -> 25
57 -> 57
55 -> 56
7 -> 7
16 -> 19
18 -> 19
36 -> 37
2 -> 6
41 -> 48
