266 -> 266
414 -> 415
302 -> 302
169 -> 169
417 -> 439
389 -> 389
398 -> 398
1 -> 26
67 -> 67
379 -> 379
351 -> 353
306 -> 306
161 -> 161
309 -> 314
233 -> 233
63 -> 63
281 -> 282
167 -> 167
298 -> 298
326 -> 328
197 -> 199
190 -> 190
376 -> 376
36 -> 38
147 -> 147
95 -> 95
402 -> 402
245 -> 245
186 -> 186
54 -> 54
356 -> 356
139 -> 139
89 -> 89
185 -> 185
237 -> 237
265 -> 265
53 -> 53
349 -> 349
244 -> 244
182 -> 182
446 -> 446
41 -> 41
96 -> 96
234 -> 234
160 -> 160
241 -> 241
243 -> 243
30 -> 30
194 -> 194
252 -> 254
212 -> 215
284 -> 284
35 -> 35
371 -> 371
239 -> 240
248 -> 248
58 -> 59
285 -> 285
357 -> 357
51 -> 52
299 -> 299
308 -> 308
264 -> 264
384 -> 384
262 -> 262
31 -> 31
236 -> 236
278 -> 278
202 -> 202
305 -> 305
367 -> 368
391 -> 391
442 -> 442
334 -> 334
paused at 186
paused at 243
paused at 282
paused at 442
paused at 314
paused at 26
paused at 26
paused at 26
paused at 26
paused at 26
paused at 26
paused at 26
paused at 26
paused at 328
paused at 89
paused at 139
paused at 35
paused at 95
paused at 96
paused at 147
paused at 89
paused at 139
paused at 35
paused at 95
paused at 96
paused at 147
paused at 89
paused at 139
paused at 35
paused at 95
paused at 96
paused at 147
paused at 334
paused at 89
paused at 139
paused at 35
paused at 95
paused at 96
paused at 147
paused at 89
paused at 139
paused at 35
paused at 95
paused at 96
paused at 147
