178 -> 178
277 -> 278
202 -> 203
113 -> 114
280 -> 282
261 -> 261
267 -> 267
0 -> 1
45 -> 46
254 -> 254
235 -> 236
205 -> 205
108 -> 109
207 -> 211
156 -> 156
42 -> 44
188 -> 192
112 -> 112
200 -> 200
219 -> 219
132 -> 132
128 -> 128
252 -> 252
24 -> 25
99 -> 99
64 -> 64
269 -> 271
164 -> 164
124 -> 125
36 -> 38
239 -> 239
93 -> 93
59 -> 59
60 -> 60
159 -> 160
116 -> 116
250 -> 250
201 -> 201
299 -> 299
27 -> 28
242 -> 247
91 -> 92
221 -> 222
162 -> 162
163 -> 163
142 -> 142
169 -> 169
paused at 44
paused at 112
paused at 116
paused at 156
paused at 169
paused at 252
paused at 25
paused at 28
paused at 38
paused at 271
paused at 278
paused at 1
paused at 1
paused at 1
paused at 1
paused at 1
paused at 1
paused at 1
paused at 1
paused at 1
paused at 1
paused at 1
paused at 1
paused at 1
paused at 1
paused at 1
paused at 1
paused at 1
paused at 1
paused at 1
