225 -> 225
200 -> 200
263 -> 263
240 -> 240
185 -> 185
198 -> 198
212 -> 212
89 -> 89
243 -> 243
112 -> 112
252 -> 252
239 -> 239
140 -> 140
139 -> 139
51 -> 51
248 -> 248
152 -> 152
216 -> 216
53 -> 53
176 -> 176
40 -> 40
209 -> 209
163 -> 163
165 -> 165
37 -> 37
242 -> 242
227 -> 227
251 -> 251
191 -> 191
182 -> 182
39 -> 39
218 -> 218
194 -> 194
67 -> 67
215 -> 215
141 -> 141
260 -> 260
104 -> 104
145 -> 145
132 -> 132
98 -> 98
181 -> 181
120 -> 120
118 -> 118
60 -> 60
71 -> 71
106 -> 106
234 -> 234
267 -> 267
135 -> 135
236 -> 236
207 -> 207
45 -> 45
92 -> 92
