37 -> 37
39 -> 39
40 -> 40
42 -> 42
45 -> 45
46 -> 46
47 -> 47
50 -> 50
51 -> 51
53 -> 53
55 -> 55
60 -> 60
61 -> 61
63 -> 63
67 -> 67
68 -> 68
71 -> 71
72 -> 72
73 -> 73
76 -> 76
80 -> 80
81 -> 81
83 -> 83
89 -> 89
92 -> 92
94 -> 94
95 -> 95
98 -> 98
99 -> 99
104 -> 104
105 -> 105
106 -> 106
107 -> 107
108 -> 108
109 -> 109
112 -> 112
113 -> 113
114 -> 114
118 -> 118
120 -> 120
125 -> 125
132 -> 132
133 -> 133
135 -> 135
136 -> 136
139 -> 139
140 -> 140
141 -> 141
145 -> 145
147 -> 147
152 -> 152
159 -> 159
160 -> 160
163 -> 163
165 -> 165
176 -> 176
181 -> 181
182 -> 182
183 -> 183
184 -> 184
185 -> 185
186 -> 186
191 -> 191
192 -> 192
194 -> 194
198 -> 198
200 -> 200
203 -> 203
204 -> 204
207 -> 207
209 -> 209
210 -> 210
211 -> 211
212 -> 212
213 -> 213
215 -> 215
216 -> 216
218 -> 218
220 -> 220
221 -> 221
222 -> 222
225 -> 225
227 -> 227
228 -> 228
232 -> 232
234 -> 234
236 -> 236
237 -> 237
239 -> 239
240 -> 240
241 -> 241
242 -> 242
243 -> 243
244 -> 244
248 -> 248
249 -> 249
251 -> 251
252 -> 252
253 -> 253
254 -> 254
257 -> 257
258 -> 258
260 -> 260
261 -> 261
263 -> 263
265 -> 265
267 -> 267
268 -> 268
270 -> 270
