76 -> 76
92 -> 92
183 -> 183
203 -> 203
83 -> 83
186 -> 186
211 -> 211
209 -> 209
220 -> 220
114 -> 114
163 -> 163
216 -> 216
113 -> 113
265 -> 265
118 -> 118
99 -> 99
104 -> 104
241 -> 241
270 -> 270
251 -> 251
71 -> 71
244 -> 244
107 -> 107
227 -> 227
46 -> 46
105 -> 105
55 -> 55
185 -> 185
50 -> 50
198 -> 198
182 -> 182
147 -> 147
253 -> 253
176 -> 176
213 -> 213
80 -> 80
67 -> 67
181 -> 181
136 -> 136
267 -> 267
40 -> 40
258 -> 258
141 -> 141
232 -> 232
89 -> 89
45 -> 45
225 -> 225
51 -> 51
135 -> 135
63 -> 63
194 -> 194
210 -> 210
200 -> 200
257 -> 257
94 -> 94
152 -> 152
240 -> 240
222 -> 222
47 -> 47
73 -> 73
165 -> 165
145 -> 145
207 -> 207
191 -> 191
106 -> 106
95 -> 95
72 -> 72
268 -> 268
132 -> 132
60 -> 60
260 -> 260
139 -> 139
125 -> 125
228 -> 228
112 -> 112
254 -> 254
39 -> 39
61 -> 61
120 -> 120
212 -> 212
234 -> 234
221 -> 221
68 -> 68
184 -> 184
242 -> 242
237 -> 237
108 -> 108
236 -> 236
98 -> 98
109 -> 109
261 -> 261
160 -> 160
243 -> 243
248 -> 248
204 -> 204
37 -> 37
159 -> 159
140 -> 140
239 -> 239
133 -> 133
53 -> 53
252 -> 252
263 -> 263
81 -> 81
215 -> 215
42 -> 42
218 -> 218
249 -> 249
192 -> 192
