125 -> 125
200 -> 200
94 -> 94
113 -> 113
114 -> 114
46 -> 46
80 -> 80
42 -> 42
267 -> 267
240 -> 240
184 -> 184
185 -> 185
47 -> 47
210 -> 210
265 -> 265
251 -> 251
95 -> 95
225 -> 225
37 -> 37
204 -> 204
99 -> 99
55 -> 55
198 -> 198
211 -> 211
243 -> 243
194 -> 194
139 -> 139
236 -> 236
71 -> 71
253 -> 253
135 -> 135
160 -> 160
112 -> 112
120 -> 120
159 -> 159
228 -> 228
237 -> 237
244 -> 244
61 -> 61
83 -> 83
222 -> 222
73 -> 73
76 -> 76
81 -> 81
98 -> 98
268 -> 268
67 -> 67
249 -> 249
191 -> 191
107 -> 107
242 -> 242
263 -> 263
215 -> 215
227 -> 227
176 -> 176
218 -> 218
118 -> 118
254 -> 254
183 -> 183
89 -> 89
72 -> 72
68 -> 68
165 -> 165
241 -> 241
51 -> 51
212 -> 212
136 -> 136
234 -> 234
108 -> 108
163 -> 163
257 -> 257
248 -> 248
145 -> 145
141 -> 141
181 -> 181
203 -> 203
252 -> 252
140 -> 140
63 -> 63
216 -> 216
39 -> 39
270 -> 270
106 -> 106
45 -> 45
207 -> 207
152 -> 152
239 -> 239
192 -> 192
105 -> 105
261 -> 261
109 -> 109
132 -> 132
186 -> 186
182 -> 182
221 -> 221
40 -> 40
50 -> 50
258 -> 258
232 -> 232
220 -> 220
53 -> 53
60 -> 60
133 -> 133
104 -> 104
92 -> 92
213 -> 213
260 -> 260
147 -> 147
209 -> 209
