request breakpoint   0 at line   8
                   set at line   8
request breakpoint   1 at line  35
                   set at line  37
request breakpoint   2 at line  58
                   set at line  61
request breakpoint   3 at line  65
                   set at line  65
request breakpoint   4 at line  71
                   set at line  71
request breakpoint   5 at line  74
                   set at line  74
request breakpoint   6 at line  76
                   set at line  77
request breakpoint   7 at line  95
                   set at line  95
request breakpoint   8 at line 102
                   set at line 103
paused at line  28
	because of breakpoints [0]
action: stepIn
paused at line  45
action: stepIn
paused at line  46
action: stepIn
paused at line  32
action: stepIn
paused at line  33
action: stepIn
paused at line  33
action: stepIn
paused at line  46
action: stepIn
paused at line  32
action: stepIn
paused at line  33
action: stepIn
paused at line  33
action: stepIn
paused at line  46
action: stepIn
paused at line  32
action: stepIn
paused at line  33
action: stepIn
paused at line  33
action: stepIn
paused at line  46
action: stepIn
paused at line  32
action: stepIn
paused at line  33
action: stepIn
paused at line  33
action: stepIn
paused at line  46
action: stepIn
paused at line  47
action: stepIn
paused at line  32
action: stepIn
paused at line  33
action: stepIn
paused at line  33
action: stepIn
paused at line  47
action: stepIn
paused at line  32
action: stepIn
paused at line  33
action: stepIn
paused at line  33
action: stepIn
paused at line  47
action: stepIn
paused at line  32
action: stepIn
paused at line  33
action: stepIn
paused at line  33
action: stepIn
paused at line  47
action: stepIn
paused at line  32
action: stepIn
paused at line  33
action: stepIn
paused at line  33
action: stepIn
paused at line  47
action: stepIn
paused at line  48
action: stepIn
paused at line  32
action: stepIn
paused at line  33
action: stepIn
paused at line  33
action: stepIn
paused at line  48
action: stepIn
paused at line  32
action: stepIn
paused at line  33
action: stepIn
paused at line  33
action: stepIn
paused at line  48
action: stepIn
paused at line  32
action: stepIn
paused at line  33
action: stepIn
paused at line  33
action: stepIn
paused at line  48
action: stepIn
paused at line  49
action: stepIn
paused at line  32
action: stepIn
paused at line  33
action: stepIn
paused at line  33
action: stepIn
paused at line  49
action: stepIn
paused at line  52
action: stepIn
paused at line  89
action: stepIn
paused at line 106
action: stepIn
done with actions
