345 -> 346
288 -> 288
431 -> 439
379 -> 379
239 -> 240
279 -> 279
306 -> 306
53 -> 53
389 -> 389
73 -> 75
408 -> 408
359 -> 359
139 -> 139
100 -> 100
232 -> 232
398 -> 398
161 -> 161
302 -> 302
237 -> 237
171 -> 171
428 -> 439
266 -> 266
56 -> 56
147 -> 147
309 -> 314
369 -> 369
319 -> 319
396 -> 398
172 -> 172
85 -> 87
185 -> 185
275 -> 275
90 -> 91
176 -> 176
226 -> 226
153 -> 153
402 -> 402
414 -> 415
20 -> 26
99 -> 99
298 -> 298
108 -> 108
316 -> 316
342 -> 343
64 -> 64
5 -> 26
323 -> 323
330 -> 330
417 -> 439
366 -> 366
66 -> 67
54 -> 54
58 -> 59
24 -> 26
17 -> 26
233 -> 233
38 -> 38
401 -> 401
48 -> 48
265 -> 265
331 -> 331
167 -> 167
326 -> 328
376 -> 376
41 -> 41
114 -> 114
183 -> 183
388 -> 389
224 -> 224
197 -> 199
89 -> 89
245 -> 245
295 -> 295
429 -> 439
67 -> 71
357 -> 357
36 -> 38
1 -> 26
281 -> 282
441 -> 442
356 -> 356
186 -> 186
169 -> 169
351 -> 353
6 -> 26
63 -> 63
273 -> 273
208 -> 208
95 -> 95
190 -> 190
