171 -> 171
281 -> 282
90 -> 91
161 -> 161
167 -> 167
24 -> 26
67 -> 67
17 -> 26
429 -> 439
369 -> 369
266 -> 266
53 -> 53
73 -> 75
306 -> 306
41 -> 41
396 -> 398
100 -> 100
345 -> 346
183 -> 183
298 -> 298
114 -> 114
273 -> 273
295 -> 295
316 -> 316
388 -> 389
288 -> 288
197 -> 199
359 -> 359
208 -> 208
402 -> 402
89 -> 89
239 -> 240
172 -> 172
186 -> 186
20 -> 26
356 -> 356
48 -> 48
389 -> 406
226 -> 226
302 -> 302
351 -> 353
38 -> 38
99 -> 99
5 -> 26
56 -> 56
431 -> 439
63 -> 63
398 -> 406
190 -> 190
139 -> 139
66 -> 67
237 -> 237
342 -> 343
265 -> 265
1 -> 26
147 -> 147
441 -> 442
408 -> 408
245 -> 245
275 -> 275
366 -> 366
153 -> 153
176 -> 176
185 -> 185
233 -> 233
108 -> 108
54 -> 54
331 -> 331
319 -> 319
379 -> 379
417 -> 439
224 -> 224
232 -> 232
85 -> 87
95 -> 95
64 -> 64
36 -> 38
326 -> 328
414 -> 415
330 -> 330
357 -> 357
279 -> 279
169 -> 169
376 -> 376
323 -> 323
428 -> 439
309 -> 314
6 -> 26
401 -> 401
58 -> 59
