81 -> 83
98 -> 99
248 -> 248
281 -> 282
87 -> 87
260 -> 261
299 -> 299
285 -> 285
319 -> 319
149 -> 149
216 -> 216
309 -> 314
135 -> 135
431 -> 439
145 -> 145
90 -> 91
91 -> 94
365 -> 366
448 -> 448
388 -> 389
85 -> 87
376 -> 376
93 -> 94
326 -> 328
237 -> 237
78 -> 79
186 -> 186
232 -> 232
266 -> 266
244 -> 244
204 -> 204
161 -> 161
392 -> 392
185 -> 185
279 -> 279
239 -> 240
6 -> 26
181 -> 181
110 -> 110
35 -> 35
182 -> 182
402 -> 402
79 -> 83
317 -> 317
302 -> 302
48 -> 48
298 -> 298
5 -> 26
30 -> 30
429 -> 439
193 -> 193
56 -> 56
202 -> 202
391 -> 391
133 -> 134
175 -> 175
330 -> 330
273 -> 273
224 -> 224
446 -> 446
265 -> 265
288 -> 288
83 -> 87
76 -> 76
419 -> 439
379 -> 379
20 -> 26
441 -> 442
381 -> 381
203 -> 203
67 -> 67
366 -> 370
156 -> 156
243 -> 243
53 -> 53
152 -> 152
73 -> 75
212 -> 215
422 -> 439
207 -> 207
61 -> 61
99 -> 107
378 -> 379
445 -> 446
262 -> 262
167 -> 167
51 -> 52
401 -> 401
178 -> 178
332 -> 333
153 -> 153
371 -> 371
190 -> 190
169 -> 169
323 -> 323
226 -> 226
3 -> 26
139 -> 139
359 -> 359
389 -> 406
100 -> 100
447 -> 447
95 -> 95
417 -> 439
183 -> 183
172 -> 172
236 -> 236
241 -> 241
256 -> 261
111 -> 111
358 -> 358
0 -> 26
66 -> 67
395 -> 398
373 -> 373
36 -> 38
357 -> 357
96 -> 96
117 -> 117
292 -> 292
331 -> 331
234 -> 234
253 -> 254
284 -> 284
233 -> 233
270 -> 270
305 -> 305
174 -> 175
342 -> 343
31 -> 31
65 -> 67
411 -> 411
118 -> 118
369 -> 369
69 -> 71
24 -> 26
102 -> 102
370 -> 406
345 -> 346
300 -> 302
205 -> 205
361 -> 366
108 -> 108
324 -> 324
275 -> 275
384 -> 384
315 -> 315
344 -> 344
277 -> 277
252 -> 254
295 -> 295
165 -> 165
404 -> 406
194 -> 194
263 -> 263
428 -> 439
160 -> 160
41 -> 41
222 -> 223
278 -> 278
89 -> 89
1 -> 26
16 -> 26
338 -> 338
155 -> 155
171 -> 171
131 -> 132
264 -> 264
120 -> 120
125 -> 125
245 -> 245
114 -> 114
291 -> 292
197 -> 199
63 -> 63
261 -> 282
328 -> 357
59 -> 59
147 -> 147
352 -> 353
54 -> 54
46 -> 46
38 -> 45
351 -> 353
336 -> 338
367 -> 368
208 -> 208
235 -> 236
280 -> 280
408 -> 408
157 -> 157
40 -> 40
334 -> 334
121 -> 125
64 -> 64
377 -> 377
282 -> 283
55 -> 55
105 -> 107
9 -> 26
380 -> 380
396 -> 398
58 -> 59
249 -> 249
316 -> 316
17 -> 26
293 -> 293
346 -> 357
306 -> 306
426 -> 439
223 -> 243
433 -> 439
356 -> 356
26 -> 30
308 -> 308
355 -> 355
349 -> 349
398 -> 406
425 -> 439
128 -> 128
176 -> 176
414 -> 415
72 -> 72
413 -> 413
442 -> 448
