344 -> 344
281 -> 282
443 -> 444
378 -> 379
239 -> 240
265 -> 265
293 -> 293
36 -> 38
384 -> 384
67 -> 67
414 -> 415
357 -> 357
103 -> 103
86 -> 87
196 -> 196
391 -> 391
105 -> 107
273 -> 273
203 -> 203
111 -> 111
428 -> 439
219 -> 219
18 -> 26
76 -> 76
269 -> 269
351 -> 353
279 -> 279
5 -> 26
25 -> 26
77 -> 79
96 -> 96
202 -> 202
181 -> 181
69 -> 71
115 -> 115
63 -> 63
27 -> 27
404 -> 406
128 -> 128
92 -> 94
204 -> 204
328 -> 328
223 -> 223
43 -> 45
370 -> 370
160 -> 160
222 -> 223
241 -> 241
62 -> 62
305 -> 305
395 -> 398
285 -> 285
165 -> 165
89 -> 89
315 -> 315
93 -> 94
379 -> 406
362 -> 366
149 -> 149
56 -> 56
169 -> 169
73 -> 75
129 -> 129
31 -> 31
300 -> 302
288 -> 288
342 -> 343
261 -> 261
334 -> 334
310 -> 314
380 -> 380
85 -> 87
340 -> 340
399 -> 399
135 -> 135
356 -> 356
398 -> 406
53 -> 53
389 -> 389
432 -> 439
100 -> 100
359 -> 359
237 -> 237
346 -> 346
45 -> 52
253 -> 254
82 -> 83
193 -> 193
48 -> 48
30 -> 30
358 -> 358
412 -> 413
442 -> 442
355 -> 355
270 -> 270
307 -> 307
42 -> 42
417 -> 439
282 -> 283
347 -> 347
87 -> 94
130 -> 130
21 -> 26
447 -> 447
366 -> 370
218 -> 218
361 -> 366
345 -> 346
220 -> 220
331 -> 331
317 -> 317
348 -> 349
35 -> 35
275 -> 275
156 -> 156
175 -> 175
332 -> 333
41 -> 41
244 -> 244
413 -> 442
88 -> 88
259 -> 261
51 -> 52
448 -> 448
186 -> 186
252 -> 254
118 -> 118
299 -> 299
375 -> 375
208 -> 208
420 -> 439
212 -> 215
308 -> 308
1 -> 26
306 -> 306
147 -> 147
245 -> 245
64 -> 64
371 -> 371
280 -> 280
323 -> 323
434 -> 439
139 -> 139
108 -> 108
145 -> 145
176 -> 176
0 -> 26
114 -> 114
263 -> 263
419 -> 439
209 -> 209
408 -> 408
266 -> 266
236 -> 236
250 -> 250
396 -> 398
425 -> 439
248 -> 248
124 -> 125
392 -> 392
6 -> 26
3 -> 26
72 -> 72
90 -> 91
390 -> 390
134 -> 134
133 -> 134
153 -> 153
161 -> 161
249 -> 249
174 -> 175
185 -> 185
91 -> 94
326 -> 328
132 -> 132
46 -> 46
61 -> 61
349 -> 357
352 -> 353
330 -> 330
338 -> 338
40 -> 40
17 -> 26
363 -> 366
365 -> 366
224 -> 224
182 -> 182
167 -> 167
264 -> 264
58 -> 59
255 -> 255
304 -> 304
207 -> 207
178 -> 178
95 -> 95
66 -> 67
277 -> 277
163 -> 163
65 -> 67
172 -> 172
232 -> 232
117 -> 117
446 -> 446
401 -> 401
157 -> 157
99 -> 99
316 -> 316
233 -> 233
324 -> 324
426 -> 439
13 -> 26
445 -> 446
49 -> 49
291 -> 292
322 -> 322
449 -> 449
221 -> 223
278 -> 278
20 -> 26
106 -> 107
431 -> 439
234 -> 234
125 -> 159
411 -> 411
260 -> 261
183 -> 183
441 -> 442
9 -> 26
110 -> 110
422 -> 439
81 -> 83
140 -> 140
102 -> 102
55 -> 55
341 -> 343
155 -> 155
141 -> 141
313 -> 314
79 -> 83
262 -> 262
309 -> 314
213 -> 215
152 -> 152
205 -> 205
243 -> 243
210 -> 211
388 -> 389
54 -> 54
367 -> 368
312 -> 314
377 -> 377
406 -> 442
402 -> 402
292 -> 304
298 -> 298
98 -> 99
78 -> 79
131 -> 132
190 -> 190
373 -> 373
433 -> 439
24 -> 26
226 -> 226
194 -> 194
256 -> 261
381 -> 381
429 -> 439
38 -> 45
216 -> 216
295 -> 295
16 -> 26
376 -> 376
284 -> 284
235 -> 236
197 -> 199
59 -> 67
26 -> 30
440 -> 440
369 -> 369
120 -> 120
319 -> 319
290 -> 292
171 -> 171
159 -> 160
83 -> 87
382 -> 382
121 -> 125
336 -> 338
302 -> 304
