request breakpoint   0 at line   7
                   set at line   7
request breakpoint   1 at line  79
                   set at line  79
request breakpoint   2 at line 102
                   set at line 102
request breakpoint   3 at line  40
                   set at line  41
request breakpoint   4 at line 160
                   set at line 161
request breakpoint   5 at line  91
                   set at line  91
request breakpoint   6 at line 118
                   set at line 120
request breakpoint   7 at line 114
                   set at line 114
request breakpoint   8 at line 151
                   set at line 151
request breakpoint   9 at line  68
                   set at line  68
request breakpoint  10 at line 124
                   set at line 124
request breakpoint  11 at line  62
                   set at line  62
request breakpoint  12 at line  18
                   set at line  19
request breakpoint  13 at line 136
                   set at line 136
request breakpoint  14 at line 163
                   set at line 163
request breakpoint  15 at line 171
                   set at line 171
request breakpoint  16 at line 152
                   set at line 152
request breakpoint  17 at line 166
                   set at line 167
request breakpoint  18 at line  25
                   set at line  25
request breakpoint  19 at line  86
                   set at line  86
request breakpoint  20 at line 115
                   set at line 115
request breakpoint  21 at line   1
                   set at line   5
request breakpoint  22 at line 157
                   set at line 157
request breakpoint  23 at line  35
                   set at line  35
request breakpoint  24 at line  63
                   set at line  63
request breakpoint  25 at line  34
                   set at line  34
request breakpoint  26 at line  33
                   set at line  33
request breakpoint  27 at line  46
                   set at line  46
request breakpoint  28 at line 141
                   set at line 141
paused at line   5
	because of breakpoints [21]
action: stepIn
paused at line   6
action: stepIn
paused at line   7
action: stepOver
paused at line  21
action: stepOver
paused at line  95
action: resume
paused at line 157
	because of breakpoints [22]
action: stepIn
paused at line 158
action: stepOver
paused at line 159
action: stepOver
paused at line  79
	because of breakpoints [1]
action: resume
paused at line  62
	because of breakpoints [11]
action: stepIn
paused at line  63
action: stepOver
paused at line  64
action: stepIn
paused at line  65
action: stepOut
paused at line  68
	because of breakpoints [9]
action: resume
paused at line  79
	because of breakpoints [1]
action: resume
paused at line  86
	because of breakpoints [19]
action: resume
paused at line  91
	because of breakpoints [5]
action: resume
paused at line  79
	because of breakpoints [1]
action: resume
paused at line  46
	because of breakpoints [27]
action: stepIn
paused at line  47
action: stepIn
paused at line  48
action: stepOver
paused at line  49
action: stepIn
paused at line  50
action: resume
paused at line  79
	because of breakpoints [1]
action: stepOut
paused at line  80
action: stepIn
paused at line  54
action: stepOut
paused at line  54
action: stepOut
paused at line  79
	because of breakpoints [1]
action: stepIn
paused at line  80
action: resume
paused at line  19
	because of breakpoints [12]
action: resume
paused at line  33
	because of breakpoints [26]
action: stepIn
paused at line  34
action: resume
paused at line  34
	because of breakpoints [25]
action: stepOver
paused at line  35
action: stepOver
paused at line  36
action: stepOver
paused at line  37
action: stepOut
paused at line  34
	because of breakpoints [25]
action: resume
paused at line  35
	because of breakpoints [23]
action: stepOver
paused at line  36
action: stepIn
paused at line  37
action: resume
paused at line  34
	because of breakpoints [25]
action: stepOver
paused at line  35
action: resume
paused at line  35
	because of breakpoints [23]
action: stepIn
paused at line  36
action: stepIn
paused at line  37
action: stepOver
paused at line  38
action: resume
paused at line  34
	because of breakpoints [25]
action: stepIn
paused at line  35
action: stepOver
paused at line  36
action: stepOver
paused at line  37
action: stepOver
paused at line  38
action: stepOut
paused at line  34
	because of breakpoints [25]
action: stepIn
paused at line  35
action: stepOut
paused at line  35
	because of breakpoints [23]
action: stepIn
paused at line  36
action: resume
paused at line  34
	because of breakpoints [25]
action: stepIn
paused at line  41
action: stepOver
paused at line  25
	because of breakpoints [18]
action: stepOut
paused at line  26
action: stepOver
paused at line  41
action: stepOver
paused at line  42
action: stepOut
paused at line  42
action: stepOver
paused at line 158
action: stepOut
paused at line 161
	because of breakpoints [4]
action: resume
paused at line 163
	because of breakpoints [14]
action: stepOver
paused at line 136
	because of breakpoints [13]
action: stepIn
paused at line 137
action: resume
paused at line 141
	because of breakpoints [28]
action: stepOut
paused at line 141
	because of breakpoints [28]
action: stepIn
paused at line 142
action: resume
paused at line 141
	because of breakpoints [28]
action: stepOut
paused at line 141
	because of breakpoints [28]
action: resume
paused at line 141
	because of breakpoints [28]
action: stepIn
paused at line 133
action: stepOut
paused at line 136
	because of breakpoints [13]
action: resume
paused at line 141
	because of breakpoints [28]
action: stepIn
paused at line 142
action: resume
paused at line 141
	because of breakpoints [28]
action: resume
paused at line 141
	because of breakpoints [28]
action: stepOver
paused at line 142
action: stepOver
paused at line 143
action: stepOut
paused at line 141
	because of breakpoints [28]
action: stepOver
paused at line 133
action: stepIn
paused at line 134
action: stepOver
paused at line 136
action: resume
paused at line 136
	because of breakpoints [13]
action: resume
