request breakpoint   0 at line   2
                   set at line   7
request breakpoint   1 at line   6
                   set at line   7
request breakpoint   1 at line  27
                   set at line  27
request breakpoint   2 at line  25
                   set at line  27
request breakpoint   2 at line  42
                   set at line  42
request breakpoint   3 at line  15
                   set at line  18
request breakpoint   4 at line  32
                   set at line  32
paused at line  32
	because of breakpoints [4]
action: stepIn
paused at line  33
action: stepIn
paused at line  34
action: stepOver
paused at line  35
action: stepOver
paused at line  18
	because of breakpoints [3]
action: resume
paused at line  27
	because of breakpoints [2]
action: stepIn
paused at line  28
action: stepOver
paused at line  28
action: stepOver
paused at line  35
action: resume
paused at line  32
	because of breakpoints [4]
action: stepIn
paused at line  33
action: stepOver
paused at line  34
action: stepIn
paused at line  35
action: stepOut
paused at line  18
	because of breakpoints [3]
action: resume
paused at line  27
	because of breakpoints [2]
action: resume
paused at line  32
	because of breakpoints [4]
action: resume
paused at line  18
	because of breakpoints [3]
action: resume
paused at line  27
	because of breakpoints [2]
action: resume
paused at line  32
	because of breakpoints [4]
action: stepIn
paused at line  37
action: stepIn
paused at line  38
action: stepOver
paused at line  38
action: stepIn
