request breakpoint   0 at line  23
                   set at line  28
request breakpoint   1 at line  25
                   set at line  28
request breakpoint   1 at line  15
                   set at line  15
request breakpoint   2 at line  12
                   set at line  12
request breakpoint   3 at line  39
                   set at line  39
request breakpoint   4 at line   4
                   set at line   4
paused at line  15
	because of breakpoints [1]
action: stepIn
paused at line  16
action: stepIn
paused at line  17
action: stepOver
paused at line   4
	because of breakpoints [4]
action: stepOver
paused at line   6
action: resume
paused at line  12
	because of breakpoints [2]
action: stepIn
paused at line  12
action: stepOver
paused at line  17
action: stepOver
paused at line  15
action: resume
paused at line  15
	because of breakpoints [1]
action: stepIn
paused at line  19
action: stepOver
paused at line  20
action: stepIn
paused at line  20
action: stepOut
paused at line  39
	because of breakpoints [3]
action: resume
