request breakpoint   0 at line   1
                   set at line   4
request breakpoint   1 at line  14
                   set at line  17
request breakpoint   2 at line   8
                   set at line   8
request breakpoint   3 at line   7
                   set at line   8
paused at line   4
	because of breakpoints [0]
action: stepIn
paused at line  25
action: stepIn
paused at line   8
action: stepOver
paused at line   9
action: stepOver
paused at line  10
action: resume
paused at line  17
	because of breakpoints [1]
action: stepIn
paused at line  18
action: stepOver
paused at line  19
action: stepOver
paused at line  20
action: resume
paused at line  17
	because of breakpoints [1]
action: stepIn
paused at line  18
action: stepOver
paused at line  19
action: stepIn
paused at line  20
action: stepOut
paused at line  23
action: resume
