request breakpoint   0 at line   3
                   set at line   3
request breakpoint   1 at line  15
                   set at line  17
request breakpoint   2 at line  33
                   set at line  34
request breakpoint   3 at line  31
                   set at line  34
request breakpoint   3 at line  38
                   set at line  38
request breakpoint   4 at line  24
                   set at line  34
paused at line   3
	because of breakpoints [0]
action: stepIn
paused at line  36
action: stepIn
paused at line   7
action: stepOver
paused at line   8
action: stepOver
paused at line   9
action: resume
paused at line  17
	because of breakpoints [1]
action: stepIn
paused at line  18
action: stepOver
paused at line  19
action: stepOver
paused at line  20
action: resume
paused at line  34
	because of breakpoints [4]
action: stepIn
paused at line  34
action: stepOver
paused at line   9
action: stepIn
paused at line  17
action: stepOut
paused at line  17
	because of breakpoints [1]
action: resume
paused at line  34
	because of breakpoints [4]
action: resume
paused at line  17
	because of breakpoints [1]
action: resume
paused at line  34
	because of breakpoints [4]
action: resume
paused at line  17
	because of breakpoints [1]
action: resume
paused at line  34
	because of breakpoints [4]
action: stepIn
paused at line  34
action: stepIn
