request breakpoint   0 at line  11
                   set at line  16
request breakpoint   1 at line  15
                   set at line  16
request breakpoint   1 at line   9
                   set at line   9
request breakpoint   2 at line   8
                   set at line   8
request breakpoint   3 at line  30
                   set at line  30
paused at line  16
	because of breakpoints [1]
action: stepIn
paused at line  17
action: stepIn
paused at line  18
action: stepOver
paused at line  16
	because of breakpoints [1]
action: stepOver
paused at line  17
action: resume
paused at line  16
	because of breakpoints [1]
action: stepIn
paused at line  17
action: stepOver
paused at line  18
action: stepOver
paused at line  16
	because of breakpoints [1]
action: resume
paused at line  16
	because of breakpoints [1]
action: stepIn
paused at line  17
action: stepOver
paused at line  18
action: stepIn
paused at line  16
action: stepOut
paused at line  16
	because of breakpoints [1]
action: resume
paused at line  16
	because of breakpoints [1]
action: resume
