request breakpoint   0 at line  11
                   set at line  14
request breakpoint   1 at line  36
                   set at line  36
request breakpoint   2 at line  87
                   set at line  87
request breakpoint   3 at line  68
                   set at line  69
request breakpoint   4 at line 267
                   set at line 282
request breakpoint   5 at line 130
                   set at line 130
request breakpoint   6 at line  57
                   set at line  61
request breakpoint   7 at line 195
                   set at line 198
request breakpoint   8 at line  31
                   set at line  31
request breakpoint   9 at line 107
                   set at line 107
request breakpoint  10 at line 204
                   set at line 209
request breakpoint  11 at line  93
                   set at line  97
request breakpoint  12 at line 171
                   set at line 171
request breakpoint  13 at line  45
                   set at line  46
request breakpoint  14 at line 270
                   set at line 282
request breakpoint  14 at line 284
                   set at line 286
request breakpoint  15 at line  32
                   set at line  34
request breakpoint  16 at line 276
                   set at line 282
request breakpoint  16 at line 256
                   set at line 256
request breakpoint  17 at line 110
                   set at line 110
request breakpoint  18 at line 193
                   set at line 198
request breakpoint  18 at line 118
                   set at line 118
request breakpoint  19 at line 260
                   set at line 282
request breakpoint  19 at line 187
                   set at line 187
request breakpoint  20 at line 217
                   set at line 217
request breakpoint  21 at line 184
                   set at line 185
request breakpoint  22 at line 181
                   set at line 181
request breakpoint  23 at line 124
                   set at line 124
request breakpoint  24 at line  50
                   set at line  50
request breakpoint  25 at line  29
                   set at line  30
request breakpoint  26 at line 144
                   set at line 144
request breakpoint  27 at line  54
                   set at line  54
request breakpoint  28 at line  62
                   set at line  62
request breakpoint  29 at line 205
                   set at line 209
request breakpoint  29 at line  78
                   set at line  78
request breakpoint  30 at line 182
                   set at line 182
request breakpoint  31 at line 277
                   set at line 282
request breakpoint  31 at line  15
                   set at line  15
request breakpoint  32 at line 143
                   set at line 143
request breakpoint  33 at line 262
                   set at line 282
request breakpoint  33 at line 209
                   set at line 215
request breakpoint  33 at line 258
                   set at line 258
request breakpoint  34 at line 127
                   set at line 127
request breakpoint  35 at line 114
                   set at line 114
request breakpoint  36 at line  89
                   set at line  89
request breakpoint  37 at line  22
                   set at line  22
request breakpoint  38 at line 139
                   set at line 139
request breakpoint  39 at line  60
                   set at line  61
request breakpoint  39 at line  61
                   set at line  69
request breakpoint  39 at line  48
                   set at line  48
request breakpoint  40 at line 200
                   set at line 202
request breakpoint  41 at line 161
                   set at line 161
paused at line  14
	because of breakpoints [0]
action: stepIn
paused at line  15
action: stepIn
paused at line  16
action: stepOver
paused at line 258
action: stepOver
paused at line 282
action: resume
paused at line 282
	because of breakpoints [33]
action: stepIn
paused at line 283
action: stepOver
paused at line 282
action: stepOver
paused at line 283
action: resume
paused at line 282
	because of breakpoints [33]
action: stepIn
paused at line 283
action: stepOver
paused at line 282
action: stepIn
paused at line 283
action: stepOut
paused at line 282
	because of breakpoints [33]
action: resume
paused at line 286
	because of breakpoints [14]
action: resume
paused at line  62
	because of breakpoints [28]
action: resume
paused at line  97
	because of breakpoints [11]
action: resume
paused at line 107
	because of breakpoints [9]
action: resume
paused at line 110
	because of breakpoints [17]
action: stepIn
paused at line 112
action: stepIn
paused at line 202
action: stepOver
paused at line 198
	because of breakpoints [18]
action: stepIn
paused at line 199
action: resume
paused at line 202
	because of breakpoints [40]
action: stepOut
paused at line 198
	because of breakpoints [18]
action: stepIn
paused at line 199
action: stepOut
paused at line 199
action: stepOut
paused at line 254
action: stepIn
paused at line 203
action: resume
paused at line 114
	because of breakpoints [35]
action: resume
paused at line 202
	because of breakpoints [40]
action: stepIn
paused at line 253
action: resume
paused at line 198
	because of breakpoints [18]
action: stepOver
paused at line 199
action: stepOver
paused at line 199
action: stepOver
paused at line 253
action: stepOut
paused at line 254
action: resume
paused at line 202
	because of breakpoints [40]
action: stepOver
paused at line 198
	because of breakpoints [18]
action: stepIn
paused at line 199
action: resume
paused at line 202
	because of breakpoints [40]
action: stepOver
paused at line 198
	because of breakpoints [18]
action: resume
paused at line 202
	because of breakpoints [40]
action: stepIn
paused at line 253
action: stepIn
paused at line 241
action: stepOver
paused at line 242
action: resume
paused at line 198
	because of breakpoints [18]
action: stepIn
paused at line 199
action: stepOver
paused at line 199
action: stepOver
paused at line 253
action: stepOver
paused at line 254
action: stepOut
paused at line 254
action: stepIn
paused at line 203
action: stepOut
paused at line 203
action: stepIn
paused at line 117
action: resume
paused at line 118
	because of breakpoints [18]
action: stepIn
paused at line 202
action: stepOver
paused at line 198
	because of breakpoints [18]
action: stepOut
paused at line 199
action: stepOver
paused at line 253
action: stepOver
paused at line 254
action: stepOut
paused at line 254
action: stepOver
paused at line 203
action: stepOut
paused at line 203
action: resume
paused at line 202
	because of breakpoints [40]
action: stepOver
paused at line 198
	because of breakpoints [18]
action: stepIn
paused at line 199
action: resume
paused at line 202
	because of breakpoints [40]
action: stepOut
paused at line 198
	because of breakpoints [18]
action: stepIn
paused at line 199
action: resume
paused at line 202
	because of breakpoints [40]
action: stepOut
paused at line 198
	because of breakpoints [18]
action: resume
paused at line 202
	because of breakpoints [40]
action: stepIn
paused at line 253
action: stepOut
paused at line 198
	because of breakpoints [18]
action: resume
paused at line 202
	because of breakpoints [40]
action: stepIn
paused at line 253
action: resume
paused at line 198
	because of breakpoints [18]
action: resume
paused at line 124
	because of breakpoints [23]
action: stepOver
paused at line 202
	because of breakpoints [40]
action: stepOver
paused at line 198
	because of breakpoints [18]
action: stepOut
paused at line 199
action: stepOver
paused at line 253
action: stepIn
paused at line 241
action: stepOver
paused at line 242
action: resume
paused at line 202
	because of breakpoints [40]
action: resume
paused at line 198
	because of breakpoints [18]
action: stepOut
paused at line 199
action: stepOver
paused at line 253
action: resume
paused at line 202
	because of breakpoints [40]
action: stepIn
paused at line 253
action: stepOut
paused at line 198
	because of breakpoints [18]
action: stepOut
paused at line 199
action: stepOut
paused at line 254
action: stepIn
paused at line 203
action: stepOut
paused at line 203
action: stepIn
paused at line 126
action: stepOver
paused at line 127
action: stepOver
paused at line 202
	because of breakpoints [40]
action: stepOver
paused at line 198
	because of breakpoints [18]
action: resume
paused at line 198
	because of breakpoints [18]
action: stepIn
paused at line 199
action: stepOut
paused at line 199
action: resume
paused at line 130
	because of breakpoints [5]
action: resume
paused at line 198
	because of breakpoints [18]
action: stepOver
paused at line 199
action: stepOver
paused at line 199
action: stepOut
paused at line 254
action: stepOut
paused at line  40
action: stepIn
paused at line 130
action: resume
paused at line 198
	because of breakpoints [18]
action: resume
paused at line 198
	because of breakpoints [18]
action: stepIn
paused at line 199
action: stepOver
paused at line 199
action: stepIn
paused at line 241
action: resume
paused at line 198
	because of breakpoints [18]
action: stepOver
paused at line 199
action: stepOut
paused at line 199
action: stepOut
paused at line 254
action: stepOver
paused at line  40
action: stepIn
paused at line  40
action: stepIn
paused at line 133
action: stepOver
paused at line 134
action: resume
paused at line 198
	because of breakpoints [18]
action: stepOver
paused at line 199
action: stepOut
paused at line 199
action: stepIn
paused at line 241
action: stepOut
paused at line 244
action: stepOut
paused at line 254
action: resume
paused at line 198
	because of breakpoints [18]
action: stepOver
paused at line 199
action: stepOver
paused at line 199
action: stepOver
paused at line 254
action: stepIn
paused at line 254
action: stepOut
paused at line  40
action: stepOver
paused at line 135
action: stepIn
paused at line 136
action: stepOver
paused at line 198
	because of breakpoints [18]
action: resume
paused at line 198
	because of breakpoints [18]
action: stepIn
paused at line 199
action: stepOver
paused at line 199
action: resume
paused at line 198
	because of breakpoints [18]
action: stepOver
paused at line 199
action: stepOver
paused at line 199
action: stepOver
paused at line 254
action: resume
