request breakpoint   0 at line 237
                   set at line 237
request breakpoint   1 at line 182
                   set at line 183
request breakpoint   2 at line 159
                   set at line 160
request breakpoint   3 at line 132
                   set at line 137
request breakpoint   4 at line 395
                   set at line 419
request breakpoint   5 at line 212
                   set at line 214
request breakpoint   6 at line 221
                   set at line 221
request breakpoint   7 at line  18
                   set at line  18
request breakpoint   8 at line  41
                   set at line  42
request breakpoint   9 at line 302
                   set at line 302
request breakpoint  10 at line 275
                   set at line 275
request breakpoint  11 at line 378
                   set at line 379
request breakpoint  12 at line 315
                   set at line 315
request breakpoint  13 at line  77
                   set at line  77
request breakpoint  14 at line 399
                   set at line 419
request breakpoint  14 at line 416
                   set at line 419
request breakpoint  14 at line  43
                   set at line  43
request breakpoint  15 at line 407
                   set at line 419
request breakpoint  15 at line 249
                   set at line 251
request breakpoint  16 at line 303
                   set at line 303
request breakpoint  17 at line 177
                   set at line 179
request breakpoint  18 at line 192
                   set at line 192
request breakpoint  19 at line 385
                   set at line 385
request breakpoint  20 at line 336
                   set at line 336
request breakpoint  21 at line 253
                   set at line 253
request breakpoint  22 at line 332
                   set at line 332
request breakpoint  23 at line 327
                   set at line 327
request breakpoint  24 at line 199
                   set at line 199
request breakpoint  25 at line  46
                   set at line  47
request breakpoint  26 at line  38
                   set at line  38
request breakpoint  27 at line  93
                   set at line  93
request breakpoint  28 at line  51
                   set at line  51
request breakpoint  29 at line 265
                   set at line 265
request breakpoint  30 at line 234
                   set at line 236
request breakpoint  31 at line 140
                   set at line 140
request breakpoint  32 at line 255
                   set at line 255
request breakpoint  33 at line 408
                   set at line 419
request breakpoint  33 at line  75
                   set at line  75
request breakpoint  34 at line  88
                   set at line  88
request breakpoint  35 at line 387
                   set at line 419
request breakpoint  35 at line 282
                   set at line 282
request breakpoint  36 at line  25
                   set at line  25
request breakpoint  37 at line 256
                   set at line 256
request breakpoint  38 at line 300
                   set at line 300
request breakpoint  39 at line 152
                   set at line 152
request breakpoint  40 at line  59
                   set at line  59
request breakpoint  41 at line 215
                   set at line 215
request breakpoint  42 at line 220
                   set at line 221
request breakpoint  42 at line 230
                   set at line 236
request breakpoint  42 at line  78
                   set at line  78
request breakpoint  43 at line 344
                   set at line 344
request breakpoint  44 at line 111
                   set at line 111
request breakpoint  45 at line 136
                   set at line 137
request breakpoint  45 at line  94
                   set at line 111
request breakpoint  45 at line  60
                   set at line  60
request breakpoint  46 at line 375
                   set at line 375
request breakpoint  47 at line 279
                   set at line 279
request breakpoint  48 at line 288
                   set at line 289
request breakpoint  49 at line 293
                   set at line 293
request breakpoint  50 at line 168
                   set at line 168
request breakpoint  51 at line 133
                   set at line 137
request breakpoint  51 at line 283
                   set at line 283
request breakpoint  52 at line 130
                   set at line 137
request breakpoint  52 at line 397
                   set at line 419
request breakpoint  52 at line 165
                   set at line 165
request breakpoint  53 at line  95
                   set at line 111
request breakpoint  53 at line  42
                   set at line  47
request breakpoint  53 at line 347
                   set at line 347
paused at line  93
	because of breakpoints [27]
action: stepIn
paused at line 111
action: stepIn
paused at line 221
action: stepOver
paused at line 385
action: stepOver
paused at line 419
action: resume
paused at line 419
	because of breakpoints [52]
action: stepIn
paused at line 421
action: stepOver
paused at line 315
	because of breakpoints [12]
action: stepOver
paused at line 319
action: resume
paused at line 192
	because of breakpoints [18]
action: stepIn
paused at line 194
action: stepOver
paused at line 195
action: stepIn
paused at line 197
action: stepOut
paused at line 199
	because of breakpoints [24]
action: resume
paused at line 199
	because of breakpoints [24]
action: resume
paused at line 199
	because of breakpoints [24]
action: resume
paused at line 199
	because of breakpoints [24]
action: resume
paused at line 199
	because of breakpoints [24]
action: resume
paused at line 199
	because of breakpoints [24]
action: stepIn
paused at line 197
action: stepIn
paused at line 198
action: stepOver
paused at line 199
action: stepIn
paused at line 197
action: resume
paused at line 199
	because of breakpoints [24]
action: stepOut
paused at line  88
	because of breakpoints [34]
action: stepIn
paused at line  89
action: stepOut
paused at line  89
action: stepOut
paused at line  88
	because of breakpoints [34]
action: stepIn
paused at line  89
action: resume
paused at line  88
	because of breakpoints [34]
action: resume
paused at line  88
	because of breakpoints [34]
action: stepIn
paused at line  89
action: resume
paused at line  88
	because of breakpoints [34]
action: stepOver
paused at line  89
action: stepOver
paused at line  89
action: stepOver
paused at line 207
action: stepOut
paused at line  88
	because of breakpoints [34]
action: resume
paused at line  88
	because of breakpoints [34]
action: stepOver
paused at line  89
action: stepIn
paused at line  89
action: resume
paused at line 214
	because of breakpoints [5]
action: stepOver
paused at line 215
action: resume
paused at line 215
	because of breakpoints [41]
action: stepIn
paused at line 215
action: stepIn
paused at line 236
action: stepOver
paused at line 237
action: resume
paused at line 237
	because of breakpoints [0]
action: stepIn
paused at line 239
action: stepOver
paused at line 240
action: stepOver
paused at line 242
action: stepOver
paused at line 244
action: stepOut
paused at line 183
	because of breakpoints [1]
action: stepIn
paused at line 184
action: stepOut
paused at line 183
	because of breakpoints [1]
action: stepIn
paused at line 184
action: resume
paused at line 183
	because of breakpoints [1]
action: stepIn
paused at line 184
action: stepOver
paused at line 183
action: stepOut
paused at line 183
	because of breakpoints [1]
action: stepOver
paused at line 184
action: stepOver
paused at line 183
action: stepOut
paused at line 183
	because of breakpoints [1]
action: stepOver
paused at line 186
action: stepOut
paused at line 187
action: resume
paused at line 375
	because of breakpoints [46]
action: stepOver
paused at line 376
action: stepIn
paused at line 377
action: resume
paused at line 375
	because of breakpoints [46]
action: stepOut
paused at line 375
	because of breakpoints [46]
action: stepIn
paused at line 376
action: resume
paused at line 375
	because of breakpoints [46]
action: stepOut
paused at line 379
	because of breakpoints [11]
action: resume
paused at line 289
	because of breakpoints [48]
action: stepIn
paused at line 290
action: stepOut
paused at line 293
	because of breakpoints [49]
action: resume
paused at line 293
	because of breakpoints [49]
action: stepIn
paused at line 294
action: resume
paused at line 293
	because of breakpoints [49]
action: resume
paused at line 293
	because of breakpoints [49]
action: stepOver
paused at line 294
action: stepOver
paused at line 292
action: stepOut
paused at line 300
	because of breakpoints [38]
action: stepOver
paused at line 289
action: stepIn
paused at line 290
action: stepOver
paused at line 291
action: resume
paused at line 293
	because of breakpoints [49]
action: resume
paused at line 293
	because of breakpoints [49]
action: stepOut
paused at line 293
	because of breakpoints [49]
action: stepOver
paused at line 294
action: resume
paused at line 293
	because of breakpoints [49]
action: stepIn
paused at line 294
action: stepOut
paused at line 300
	because of breakpoints [38]
action: stepOut
paused at line 289
	because of breakpoints [48]
action: stepOut
paused at line 293
	because of breakpoints [49]
action: stepIn
paused at line 294
action: stepOut
paused at line 293
	because of breakpoints [49]
action: stepIn
paused at line 294
action: stepOver
paused at line 292
action: stepOver
paused at line 293
action: stepOver
paused at line 294
action: resume
paused at line 293
	because of breakpoints [49]
action: stepIn
paused at line 294
action: stepOut
paused at line 300
	because of breakpoints [38]
action: resume
paused at line 289
	because of breakpoints [48]
action: resume
paused at line 293
	because of breakpoints [49]
action: stepOver
paused at line 294
action: stepOver
paused at line 292
action: stepOut
paused at line 293
	because of breakpoints [49]
action: stepOut
paused at line 293
	because of breakpoints [49]
action: stepIn
paused at line 294
action: resume
paused at line 293
	because of breakpoints [49]
action: resume
paused at line 300
	because of breakpoints [38]
action: stepIn
paused at line 289
action: stepOver
paused at line 302
action: stepIn
paused at line 303
action: resume
paused at line 303
	because of breakpoints [16]
action: stepOver
paused at line 303
action: stepOut
paused at line 183
	because of breakpoints [1]
action: stepOut
paused at line 183
	because of breakpoints [1]
action: stepOver
paused at line 184
action: stepIn
paused at line 183
action: stepIn
paused at line 184
action: stepOver
paused at line 183
action: resume
paused at line 183
	because of breakpoints [1]
action: stepOver
paused at line 184
action: stepOut
paused at line 183
	because of breakpoints [1]
action: stepIn
paused at line 186
action: stepOut
paused at line 187
action: stepOut
paused at line 375
	because of breakpoints [46]
action: resume
paused at line 375
	because of breakpoints [46]
action: stepOver
paused at line 376
action: stepOver
paused at line 377
action: stepOver
paused at line 375
action: stepIn
paused at line 376
action: stepOut
paused at line 375
	because of breakpoints [46]
action: stepOver
paused at line 379
action: stepIn
paused at line 380
action: stepOver
paused at line 380
action: resume
paused at line 289
	because of breakpoints [48]
action: stepIn
paused at line 290
action: stepOver
paused at line 291
action: resume
paused at line 293
	because of breakpoints [49]
action: stepOver
paused at line 294
action: stepOver
paused at line 292
action: stepOver
paused at line 293
action: resume
paused at line 293
	because of breakpoints [49]
action: stepOver
paused at line 294
action: stepOver
paused at line 292
action: stepIn
paused at line 293
action: resume
paused at line 293
	because of breakpoints [49]
action: stepOver
paused at line 294
action: stepOver
paused at line 292
action: resume
paused at line 293
	because of breakpoints [49]
action: resume
paused at line 300
	because of breakpoints [38]
action: stepOver
paused at line 289
action: stepIn
paused at line 290
action: stepIn
paused at line 291
action: stepOver
paused at line 292
action: stepOver
paused at line 293
action: stepOver
paused at line 294
action: stepOver
paused at line 292
action: stepOut
paused at line 293
	because of breakpoints [49]
action: stepOver
paused at line 294
action: stepOver
paused at line 292
action: resume
paused at line 293
	because of breakpoints [49]
action: resume
paused at line 293
	because of breakpoints [49]
action: stepOver
paused at line 294
action: resume
paused at line 300
	because of breakpoints [38]
action: stepIn
paused at line 289
action: stepOver
paused at line 290
action: stepOut
paused at line 293
	because of breakpoints [49]
action: stepIn
paused at line 294
action: stepOut
paused at line 293
	because of breakpoints [49]
action: stepOver
paused at line 294
action: stepOver
paused at line 292
action: stepOver
paused at line 293
action: stepOut
paused at line 293
	because of breakpoints [49]
action: stepOut
paused at line 293
	because of breakpoints [49]
action: stepOver
paused at line 294
action: stepOver
paused at line 292
action: stepOut
paused at line 300
	because of breakpoints [38]
action: resume
paused at line 289
	because of breakpoints [48]
action: stepOver
paused at line 290
action: resume
paused at line 293
	because of breakpoints [49]
action: resume
paused at line 293
	because of breakpoints [49]
action: stepOver
paused at line 294
action: resume
paused at line 293
	because of breakpoints [49]
action: stepOut
paused at line 293
	because of breakpoints [49]
action: stepOver
paused at line 294
action: resume
paused at line 300
	because of breakpoints [38]
action: stepIn
paused at line 289
action: stepIn
paused at line 302
action: stepOver
paused at line 303
action: stepOver
paused at line 303
action: stepOut
paused at line 183
	because of breakpoints [1]
action: stepIn
paused at line 184
action: stepOut
paused at line 183
	because of breakpoints [1]
action: stepIn
paused at line 184
action: stepIn
paused at line 183
action: resume
paused at line 183
	because of breakpoints [1]
action: stepOver
paused at line 184
action: stepOut
paused at line 183
	because of breakpoints [1]
action: resume
paused at line 183
	because of breakpoints [1]
action: stepOut
paused at line 187
action: stepIn
paused at line 246
action: stepOut
paused at line 375
	because of breakpoints [46]
action: stepOver
paused at line 376
action: stepOver
paused at line 377
action: stepOver
paused at line 375
action: resume
paused at line 375
	because of breakpoints [46]
action: stepOut
paused at line 375
	because of breakpoints [46]
action: resume
paused at line 375
	because of breakpoints [46]
action: stepOver
