request breakpoint   0 at line  10
                   set at line  14
request breakpoint   1 at line 186
                   set at line 187
request breakpoint   2 at line 160
                   set at line 160
request breakpoint   3 at line  38
                   set at line  38
request breakpoint   4 at line 223
                   set at line 234
request breakpoint   5 at line 117
                   set at line 117
request breakpoint   6 at line 101
                   set at line 101
request breakpoint   7 at line  95
                   set at line  98
request breakpoint   8 at line  56
                   set at line  56
request breakpoint   9 at line  18
                   set at line  21
request breakpoint  10 at line  83
                   set at line  83
request breakpoint  11 at line 199
                   set at line 199
request breakpoint  12 at line 205
                   set at line 208
request breakpoint  13 at line  70
                   set at line  70
request breakpoint  14 at line 225
                   set at line 234
request breakpoint  14 at line 238
                   set at line 238
request breakpoint  15 at line  58
                   set at line  58
request breakpoint  16 at line 230
                   set at line 234
request breakpoint  16 at line 187
                   set at line 195
request breakpoint  16 at line  22
                   set at line  22
request breakpoint  17 at line  94
                   set at line  98
request breakpoint  17 at line 110
                   set at line 111
request breakpoint  18 at line  62
                   set at line  62
request breakpoint  19 at line 168
                   set at line 168
request breakpoint  20 at line 174
                   set at line 174
request breakpoint  21 at line 166
                   set at line 168
request breakpoint  21 at line 164
                   set at line 168
request breakpoint  21 at line   6
                   set at line  14
request breakpoint  21 at line  75
                   set at line  76
request breakpoint  22 at line  55
                   set at line  55
request breakpoint  23 at line 134
                   set at line 134
request breakpoint  24 at line  44
                   set at line  49
request breakpoint  25 at line  81
                   set at line  83
request breakpoint  25 at line  85
                   set at line  85
request breakpoint  26 at line 157
                   set at line 158
request breakpoint  27 at line 214
                   set at line 215
request breakpoint  28 at line 231
                   set at line 234
request breakpoint  28 at line  72
                   set at line  73
request breakpoint  29 at line 135
                   set at line 135
request breakpoint  30 at line 219
                   set at line 219
request breakpoint  31 at line  64
                   set at line  69
request breakpoint  32 at line  61
                   set at line  62
request breakpoint  32 at line 123
                   set at line 123
paused at line  14
	because of breakpoints [21]
action: stepIn
paused at line  15
action: stepIn
paused at line  16
action: stepOver
paused at line 219
action: stepOver
paused at line 234
action: resume
paused at line 234
	because of breakpoints [28]
action: stepIn
paused at line 235
action: stepOver
paused at line 234
action: stepOver
paused at line 235
action: resume
paused at line 234
	because of breakpoints [28]
action: stepIn
paused at line 235
action: stepOver
paused at line 234
action: stepIn
paused at line 235
action: stepOut
paused at line 234
	because of breakpoints [28]
action: resume
paused at line 238
	because of breakpoints [14]
action: resume
paused at line  98
	because of breakpoints [17]
action: resume
paused at line 101
	because of breakpoints [6]
action: resume
paused at line 101
	because of breakpoints [6]
action: resume
paused at line 101
	because of breakpoints [6]
action: stepIn
paused at line 100
action: stepIn
paused at line 101
action: stepOver
paused at line 100
action: stepIn
paused at line 101
action: resume
paused at line 101
	because of breakpoints [6]
action: stepOut
paused at line 101
	because of breakpoints [6]
action: stepIn
paused at line 100
action: stepOut
paused at line 101
	because of breakpoints [6]
action: stepOut
paused at line 101
	because of breakpoints [6]
action: stepIn
paused at line 100
action: resume
paused at line 101
	because of breakpoints [6]
action: resume
paused at line 101
	because of breakpoints [6]
action: stepIn
paused at line 100
action: resume
paused at line 101
	because of breakpoints [6]
action: stepOver
paused at line 100
action: stepOver
paused at line 101
action: stepOver
paused at line 100
action: stepOut
paused at line 101
	because of breakpoints [6]
action: resume
paused at line 101
	because of breakpoints [6]
action: stepOver
paused at line 100
action: stepIn
paused at line 101
action: resume
paused at line 101
	because of breakpoints [6]
action: stepOver
paused at line 100
action: resume
paused at line 101
	because of breakpoints [6]
action: stepIn
paused at line 100
action: stepIn
paused at line 101
action: stepOver
paused at line 100
action: resume
paused at line 101
	because of breakpoints [6]
action: stepIn
paused at line 100
action: stepOver
paused at line 101
action: stepOver
paused at line 100
action: stepOver
paused at line 101
action: stepOut
paused at line 101
	because of breakpoints [6]
action: stepIn
paused at line 100
action: stepOut
paused at line 101
	because of breakpoints [6]
action: stepIn
paused at line 100
action: resume
paused at line 101
	because of breakpoints [6]
action: stepIn
paused at line 100
action: stepOver
paused at line 101
action: stepOut
paused at line 101
	because of breakpoints [6]
action: stepOver
paused at line 100
action: stepOver
paused at line 101
action: stepOut
paused at line 101
	because of breakpoints [6]
action: stepOver
paused at line 100
action: stepOut
paused at line 101
	because of breakpoints [6]
action: resume
paused at line 101
	because of breakpoints [6]
action: stepOver
paused at line 100
action: stepIn
paused at line 101
action: resume
paused at line 101
	because of breakpoints [6]
action: stepOut
paused at line 101
	because of breakpoints [6]
action: stepIn
paused at line 100
action: resume
paused at line 101
	because of breakpoints [6]
action: stepOut
paused at line 101
	because of breakpoints [6]
action: resume
paused at line 101
	because of breakpoints [6]
action: stepIn
paused at line 100
action: stepOut
paused at line 101
	because of breakpoints [6]
action: resume
paused at line 101
	because of breakpoints [6]
action: stepIn
paused at line 100
action: resume
paused at line 101
	because of breakpoints [6]
action: resume
paused at line 101
	because of breakpoints [6]
action: stepOver
paused at line 100
action: stepOver
paused at line 101
action: stepOut
paused at line 101
	because of breakpoints [6]
action: stepOver
paused at line 100
action: stepIn
paused at line 101
action: stepOver
paused at line 100
action: resume
paused at line 101
	because of breakpoints [6]
action: resume
paused at line 101
	because of breakpoints [6]
action: stepOut
paused at line 101
	because of breakpoints [6]
action: stepOver
paused at line 100
action: resume
paused at line 101
	because of breakpoints [6]
action: stepIn
paused at line 100
action: stepOut
paused at line 101
	because of breakpoints [6]
action: stepOut
paused at line 101
	because of breakpoints [6]
action: stepOut
paused at line 101
	because of breakpoints [6]
action: stepIn
paused at line 100
action: stepOut
paused at line 101
	because of breakpoints [6]
action: stepIn
paused at line 100
action: stepOver
paused at line 101
action: stepOver
paused at line 100
action: stepOver
paused at line 101
action: resume
paused at line 101
	because of breakpoints [6]
action: stepIn
paused at line 100
action: stepOut
paused at line 101
	because of breakpoints [6]
action: resume
paused at line 101
	because of breakpoints [6]
action: resume
paused at line 101
	because of breakpoints [6]
action: stepOver
paused at line 100
action: stepOver
paused at line 101
action: stepOut
paused at line 101
	because of breakpoints [6]
action: stepOut
paused at line 101
	because of breakpoints [6]
action: stepIn
paused at line 100
action: resume
paused at line 101
	because of breakpoints [6]
action: resume
paused at line 101
	because of breakpoints [6]
action: stepIn
paused at line 100
action: stepOver
paused at line 101
action: stepIn
paused at line 100
action: resume
paused at line 101
	because of breakpoints [6]
action: stepOver
paused at line 100
action: stepOut
paused at line 101
	because of breakpoints [6]
action: stepOut
paused at line 101
	because of breakpoints [6]
action: stepOver
paused at line 100
action: stepIn
paused at line 101
action: stepIn
