request breakpoint   0 at line  11
                   set at line  14
request breakpoint   1 at line  26
                   set at line  26
request breakpoint   2 at line 174
                   set at line 174
request breakpoint   3 at line 155
                   set at line 156
request breakpoint   4 at line 267
                   set at line 282
request breakpoint   5 at line  76
                   set at line  76
request breakpoint   6 at line 199
                   set at line 203
request breakpoint   7 at line 191
                   set at line 194
request breakpoint   8 at line 252
                   set at line 252
request breakpoint   9 at line  53
                   set at line  53
request breakpoint  10 at line 210
                   set at line 215
request breakpoint  11 at line  39
                   set at line  43
request breakpoint  12 at line 117
                   set at line 117
request breakpoint  13 at line 226
                   set at line 227
request breakpoint  14 at line 270
                   set at line 282
request breakpoint  14 at line 284
                   set at line 286
request breakpoint  15 at line 253
                   set at line 255
request breakpoint  16 at line 276
                   set at line 282
request breakpoint  16 at line  24
                   set at line  24
request breakpoint  17 at line  56
                   set at line  56
request breakpoint  18 at line 189
                   set at line 194
request breakpoint  18 at line  64
                   set at line  64
request breakpoint  19 at line 260
                   set at line 282
request breakpoint  19 at line 133
                   set at line 133
request breakpoint  20 at line  27
                   set at line  27
request breakpoint  21 at line 130
                   set at line 131
request breakpoint  22 at line 127
                   set at line 127
request breakpoint  23 at line  70
                   set at line  70
request breakpoint  24 at line 231
                   set at line 231
request breakpoint  25 at line 250
                   set at line 251
request breakpoint  26 at line  90
                   set at line  90
request breakpoint  27 at line 235
                   set at line 235
request breakpoint  28 at line 204
                   set at line 204
request breakpoint  29 at line 211
                   set at line 215
request breakpoint  29 at line 165
                   set at line 165
request breakpoint  30 at line 128
                   set at line 128
request breakpoint  31 at line 277
                   set at line 282
request breakpoint  31 at line  15
                   set at line  15
request breakpoint  32 at line  89
                   set at line  89
request breakpoint  33 at line 262
                   set at line 282
request breakpoint  33 at line 215
                   set at line  23
request breakpoint  33 at line 258
                   set at line 258
request breakpoint  34 at line  73
                   set at line  73
request breakpoint  35 at line  60
                   set at line  60
request breakpoint  36 at line 176
                   set at line 176
request breakpoint  37 at line 243
                   set at line 243
request breakpoint  38 at line  85
                   set at line  85
request breakpoint  39 at line 202
                   set at line 203
request breakpoint  39 at line 203
                   set at line 156
request breakpoint  39 at line 229
                   set at line 229
request breakpoint  40 at line 142
                   set at line 144
request breakpoint  41 at line 107
                   set at line 107
paused at line  14
	because of breakpoints [0]
action: stepIn
paused at line  15
action: stepIn
paused at line  16
action: stepOver
paused at line 258
action: stepOver
paused at line 282
action: resume
paused at line 282
	because of breakpoints [33]
action: stepIn
paused at line 283
action: stepOver
paused at line 282
action: stepOver
paused at line 283
action: resume
paused at line 282
	because of breakpoints [33]
action: stepIn
paused at line 283
action: stepOver
paused at line 282
action: stepIn
paused at line 283
action: stepOut
paused at line 282
	because of breakpoints [33]
action: resume
paused at line 286
	because of breakpoints [14]
action: resume
paused at line 204
	because of breakpoints [28]
action: resume
paused at line  43
	because of breakpoints [11]
action: resume
paused at line  53
	because of breakpoints [9]
action: resume
paused at line  56
	because of breakpoints [17]
action: stepIn
paused at line  58
action: stepIn
paused at line 144
action: stepOver
paused at line 194
	because of breakpoints [18]
action: stepIn
paused at line 195
action: resume
paused at line 144
	because of breakpoints [40]
action: stepOut
paused at line 194
	because of breakpoints [18]
action: stepIn
paused at line 195
action: stepOut
paused at line 195
action: stepOut
paused at line 141
action: stepIn
paused at line 149
action: resume
paused at line  60
	because of breakpoints [35]
action: resume
paused at line 144
	because of breakpoints [40]
action: stepIn
paused at line 140
action: resume
paused at line 194
	because of breakpoints [18]
action: stepOver
paused at line 195
action: stepOver
paused at line 195
action: stepOver
paused at line 140
action: stepOut
paused at line 141
action: resume
paused at line 144
	because of breakpoints [40]
action: stepOver
paused at line 194
	because of breakpoints [18]
action: stepIn
paused at line 195
action: resume
paused at line 144
	because of breakpoints [40]
action: stepOver
paused at line 194
	because of breakpoints [18]
action: resume
paused at line 144
	because of breakpoints [40]
action: stepIn
paused at line 140
action: stepIn
paused at line 184
action: stepOver
paused at line 185
action: resume
paused at line 194
	because of breakpoints [18]
action: stepIn
paused at line 195
action: stepOver
paused at line 195
action: stepOver
paused at line 140
action: stepOver
paused at line 141
action: stepOut
paused at line 141
action: stepIn
paused at line 149
action: stepOut
paused at line 149
action: stepIn
paused at line  63
action: resume
paused at line  64
	because of breakpoints [18]
action: stepIn
paused at line 144
action: stepOver
paused at line 194
	because of breakpoints [18]
action: stepOut
paused at line 195
action: stepOver
paused at line 140
action: stepOver
paused at line 141
action: stepOut
paused at line 141
action: stepOver
paused at line 149
action: stepOut
paused at line 149
action: resume
paused at line 144
	because of breakpoints [40]
action: stepOver
paused at line 194
	because of breakpoints [18]
action: stepIn
paused at line 195
action: resume
paused at line 144
	because of breakpoints [40]
action: stepOut
paused at line 194
	because of breakpoints [18]
action: stepIn
paused at line 195
action: resume
paused at line 144
	because of breakpoints [40]
action: stepOut
paused at line 194
	because of breakpoints [18]
action: resume
paused at line 144
	because of breakpoints [40]
action: stepIn
paused at line 140
action: stepOut
paused at line 194
	because of breakpoints [18]
action: resume
paused at line 144
	because of breakpoints [40]
action: stepIn
paused at line 140
action: resume
paused at line 194
	because of breakpoints [18]
action: resume
paused at line  70
	because of breakpoints [23]
action: stepOver
paused at line 144
	because of breakpoints [40]
action: stepOver
paused at line 194
	because of breakpoints [18]
action: stepOut
paused at line 195
action: stepOver
paused at line 140
action: stepIn
paused at line 184
action: stepOver
paused at line 185
action: resume
paused at line 144
	because of breakpoints [40]
action: resume
paused at line 194
	because of breakpoints [18]
action: stepOut
paused at line 195
action: stepOver
paused at line 140
action: resume
paused at line 144
	because of breakpoints [40]
action: stepIn
paused at line 140
action: stepOut
paused at line 194
	because of breakpoints [18]
action: stepOut
paused at line 195
action: stepOut
paused at line 141
action: stepIn
paused at line 149
action: stepOut
paused at line 149
action: stepIn
paused at line  72
action: stepOver
paused at line  73
action: stepOver
paused at line 144
	because of breakpoints [40]
action: stepOver
paused at line 194
	because of breakpoints [18]
action: resume
paused at line 194
	because of breakpoints [18]
action: stepIn
paused at line 195
action: stepOut
paused at line 195
action: resume
paused at line  76
	because of breakpoints [5]
action: resume
paused at line 194
	because of breakpoints [18]
action: stepOver
paused at line 195
action: stepOver
paused at line 195
action: stepOut
paused at line 141
action: stepOut
paused at line 149
action: stepIn
paused at line  76
action: resume
paused at line 194
	because of breakpoints [18]
action: resume
paused at line 194
	because of breakpoints [18]
action: stepIn
paused at line 195
action: stepOver
paused at line 195
action: stepIn
paused at line 184
action: resume
paused at line 194
	because of breakpoints [18]
action: stepOver
paused at line 195
action: stepOut
paused at line 195
action: stepOut
paused at line 141
action: stepOver
paused at line 149
action: stepIn
paused at line 149
action: stepIn
paused at line  79
action: stepOver
paused at line  80
action: resume
paused at line 194
	because of breakpoints [18]
action: stepOver
paused at line 195
action: stepOut
paused at line 195
action: stepIn
paused at line 184
action: stepOut
paused at line 187
action: stepOut
paused at line 141
action: resume
paused at line 194
	because of breakpoints [18]
action: stepOver
paused at line 195
action: stepOver
paused at line 195
action: stepOver
paused at line 141
action: stepIn
paused at line 141
action: stepOut
paused at line 149
action: stepOver
paused at line  81
action: stepIn
paused at line  82
action: stepOver
paused at line 194
	because of breakpoints [18]
action: resume
paused at line 194
	because of breakpoints [18]
action: stepIn
paused at line 195
action: stepOver
paused at line 195
action: resume
paused at line 194
	because of breakpoints [18]
action: stepOver
paused at line 195
action: stepOver
paused at line 195
action: stepOver
paused at line 141
action: resume
