request breakpoint   0 at line  12
                   set at line  26
request breakpoint   1 at line  28
                   set at line  29
request breakpoint   2 at line 177
                   set at line 178
request breakpoint   3 at line 158
                   set at line 161
request breakpoint   4 at line 276
                   set at line 277
request breakpoint   5 at line  78
                   set at line  78
request breakpoint   6 at line 202
                   set at line 202
request breakpoint   7 at line 193
                   set at line 193
request breakpoint   8 at line 258
                   set at line 258
request breakpoint   9 at line  55
                   set at line  58
request breakpoint  10 at line 212
                   set at line 212
request breakpoint  11 at line  39
                   set at line  39
request breakpoint  12 at line 121
                   set at line 121
request breakpoint  13 at line 229
                   set at line 229
request breakpoint  14 at line 279
                   set at line 279
request breakpoint  15 at line 295
                   set at line 295
request breakpoint  16 at line 260
                   set at line 260
request breakpoint  17 at line 286
                   set at line 286
request breakpoint  18 at line  23
                   set at line  26
request breakpoint  18 at line  57
                   set at line  58
request breakpoint  18 at line 191
                   set at line 193
request breakpoint  18 at line  65
                   set at line  65
request breakpoint  19 at line 267
                   set at line 268
request breakpoint  20 at line 135
                   set at line 136
request breakpoint  21 at line  27
                   set at line  29
request breakpoint  21 at line 133
                   set at line 133
request breakpoint  22 at line 130
                   set at line 131
request breakpoint  23 at line  72
                   set at line  72
request breakpoint  24 at line 236
                   set at line 237
request breakpoint  25 at line 256
                   set at line 256
request breakpoint  26 at line  92
                   set at line  93
request breakpoint  27 at line 240
                   set at line 240
request breakpoint  28 at line 206
                   set at line 206
request breakpoint  29 at line 213
                   set at line 213
request breakpoint  30 at line 167
                   set at line 168
request breakpoint  31 at line 131
                   set at line 134
request breakpoint  31 at line 287
                   set at line 287
request breakpoint  32 at line  15
                   set at line  26
request breakpoint  32 at line  91
                   set at line  91
request breakpoint  33 at line 269
                   set at line 269
request breakpoint  34 at line 218
                   set at line 218
request breakpoint  35 at line 265
                   set at line 265
request breakpoint  36 at line  74
                   set at line  74
request breakpoint  37 at line  59
                   set at line  59
request breakpoint  38 at line 175
                   set at line 175
request breakpoint  39 at line 248
                   set at line 248
request breakpoint  40 at line  85
                   set at line  85
request breakpoint  41 at line 203
                   set at line 204
request breakpoint  42 at line 204
                   set at line 226
request breakpoint  42 at line 234
                   set at line 237
request breakpoint  42 at line 143
                   set at line 143
request breakpoint  43 at line 109
                   set at line 110
request breakpoint  44 at line 166
                   set at line 166
request breakpoint  45 at line  96
                   set at line  96
request breakpoint  46 at line 249
                   set at line 249
request breakpoint  47 at line  94
                   set at line  94
request breakpoint  48 at line 217
                   set at line 218
paused at line 295
	because of breakpoints [15]
action: stepIn
paused at line  45
action: stepIn
paused at line  49
action: stepOver
paused at line  54
action: stepOver
paused at line  70
action: resume
paused at line  91
	because of breakpoints [32]
action: stepIn
paused at line 103
action: stepOver
paused at line 108
action: stepOver
paused at line 113
action: resume
paused at line 121
	because of breakpoints [12]
action: stepIn
paused at line 134
action: stepOver
paused at line 140
action: stepIn
paused at line 144
action: stepOut
paused at line 166
	because of breakpoints [44]
action: resume
paused at line 175
	because of breakpoints [38]
action: resume
paused at line 226
	because of breakpoints [42]
action: resume
paused at line 258
	because of breakpoints [8]
action: resume
paused at line  26
	because of breakpoints [32]
action: resume
paused at line  29
	because of breakpoints [21]
action: stepIn
paused at line  31
action: stepIn
paused at line  33
action: stepOver
paused at line  36
action: stepIn
paused at line  39
action: resume
paused at line  39
	because of breakpoints [11]
action: stepOut
paused at line 265
	because of breakpoints [35]
action: stepIn
paused at line 266
action: stepOut
paused at line 279
	because of breakpoints [14]
action: stepOut
paused at line 237
	because of breakpoints [42]
action: stepIn
paused at line 238
action: resume
paused at line 240
	because of breakpoints [27]
action: resume
paused at line 279
	because of breakpoints [14]
action: stepIn
paused at line   2
action: resume
paused at line 279
	because of breakpoints [14]
action: stepOver
paused at line 280
action: stepOver
paused at line 136
	because of breakpoints [20]
action: stepOver
paused at line 137
action: stepOut
paused at line 139
action: resume
paused at line 279
	because of breakpoints [14]
action: stepOver
paused at line 283
action: stepIn
paused at line 274
action: resume
paused at line 279
	because of breakpoints [14]
action: stepOver
paused at line 280
action: resume
paused at line  72
	because of breakpoints [23]
action: stepIn
paused at line  73
action: stepIn
paused at line  74
action: stepOver
paused at line  74
action: resume
paused at line 286
	because of breakpoints [17]
action: stepIn
paused at line 289
action: stepOver
paused at line 290
action: stepOver
paused at line 290
action: stepOver
paused at line 295
action: stepOut
paused at line  91
	because of breakpoints [32]
action: stepIn
paused at line 103
action: stepOut
paused at line 121
	because of breakpoints [12]
action: stepIn
paused at line 134
action: resume
paused at line 134
	because of breakpoints [31]
action: stepIn
paused at line 140
action: stepOver
paused at line 144
action: stepOut
paused at line 166
	because of breakpoints [44]
action: stepOver
paused at line 170
action: stepOver
paused at line 175
action: stepOut
paused at line 175
	because of breakpoints [38]
action: stepOver
paused at line 182
action: stepOut
paused at line 226
	because of breakpoints [42]
action: resume
paused at line 258
	because of breakpoints [8]
action: stepOver
paused at line  26
action: stepIn
paused at line  29
action: resume
paused at line  29
	because of breakpoints [21]
action: stepOut
paused at line  39
	because of breakpoints [11]
action: stepIn
paused at line 265
action: resume
paused at line 265
	because of breakpoints [35]
action: stepOut
paused at line 279
	because of breakpoints [14]
action: resume
paused at line 279
	because of breakpoints [14]
action: stepIn
paused at line   2
action: stepOut
paused at line   6
action: resume
paused at line 279
	because of breakpoints [14]
action: stepIn
paused at line   2
action: resume
paused at line 279
	because of breakpoints [14]
action: resume
paused at line 279
	because of breakpoints [14]
action: stepOver
paused at line 283
action: stepOver
paused at line 274
action: stepOut
paused at line 279
	because of breakpoints [14]
action: stepOver
paused at line 280
action: stepIn
paused at line   1
action: stepOver
paused at line  72
	because of breakpoints [23]
action: resume
paused at line  74
	because of breakpoints [36]
action: resume
paused at line 279
	because of breakpoints [14]
action: stepOut
paused at line 279
	because of breakpoints [14]
action: stepOver
paused at line 283
action: resume
paused at line 279
	because of breakpoints [14]
action: stepIn
paused at line   2
action: stepOut
paused at line   6
action: stepOut
paused at line 280
action: stepOut
paused at line 237
	because of breakpoints [42]
action: stepIn
paused at line 238
action: stepOut
paused at line 240
	because of breakpoints [27]
action: stepIn
paused at line 242
action: stepOver
paused at line 252
action: stepOver
paused at line 252
action: stepOver
paused at line   1
action: resume
paused at line 279
	because of breakpoints [14]
action: stepIn
paused at line   2
action: stepOut
paused at line   6
action: resume
paused at line 279
	because of breakpoints [14]
action: resume
paused at line  85
	because of breakpoints [40]
action: stepOver
paused at line  86
action: stepOver
paused at line  86
action: stepOut
paused at line   1
action: stepOut
paused at line 279
	because of breakpoints [14]
action: stepIn
paused at line   2
action: resume
paused at line 279
	because of breakpoints [14]
action: resume
paused at line 110
	because of breakpoints [43]
action: stepIn
paused at line 111
action: stepOver
paused at line 112
action: stepIn
paused at line 112
action: resume
paused at line 279
	because of breakpoints [14]
action: stepOver
paused at line 283
action: stepOut
paused at line 279
	because of breakpoints [14]
action: stepOut
paused at line 279
	because of breakpoints [14]
action: stepOver
paused at line 283
action: stepIn
paused at line 274
action: stepIn
paused at line 275
action: stepOver
paused at line 279
action: resume
paused at line 279
	because of breakpoints [14]
action: stepOver
paused at line 280
action: stepOut
paused at line 286
	because of breakpoints [17]
action: stepIn
paused at line 289
action: stepOut
paused at line 290
action: stepOut
paused at line 295
	because of breakpoints [15]
action: resume
paused at line  91
	because of breakpoints [32]
action: stepOver
paused at line 103
action: stepOver
paused at line 108
action: stepOver
paused at line 113
action: stepIn
paused at line 117
action: stepOut
paused at line 121
	because of breakpoints [12]
action: stepOver
paused at line 134
action: stepIn
paused at line 140
action: stepOver
paused at line 144
action: resume
paused at line 166
	because of breakpoints [44]
action: stepIn
paused at line 170
action: stepOver
paused at line 175
action: resume
paused at line 175
	because of breakpoints [38]
action: stepOver
paused at line 182
action: stepOver
paused at line 186
action: stepOver
paused at line 226
action: resume
paused at line 226
	because of breakpoints [42]
action: stepOver
paused at line 231
action: stepOver
paused at line 253
action: stepIn
paused at line 258
action: resume
paused at line 258
	because of breakpoints [8]
action: stepOver
