request breakpoint   0 at line   2
                   set at line   7
request breakpoint   1 at line   7
                   set at line  20
request breakpoint   1 at line  35
                   set at line  35
request breakpoint   2 at line  33
                   set at line  34
request breakpoint   3 at line  53
                   set at line  55
request breakpoint   4 at line  19
                   set at line  20
request breakpoint   4 at line  40
                   set at line  40
request breakpoint   5 at line  39
                   set at line  39
request breakpoint   6 at line  51
                   set at line  51
paused at line  51
	because of breakpoints [6]
action: stepIn
paused at line  52
action: stepIn
paused at line  34
action: stepOver
paused at line  35
action: stepOver
paused at line  36
action: resume
paused at line  35
	because of breakpoints [1]
action: stepIn
paused at line  36
action: stepOver
paused at line  35
action: stepOver
paused at line  36
action: resume
paused at line  35
	because of breakpoints [1]
action: stepIn
paused at line  36
action: stepOver
paused at line  35
action: stepIn
paused at line  36
action: stepOut
paused at line  35
	because of breakpoints [1]
action: resume
paused at line  35
	because of breakpoints [1]
action: resume
paused at line  39
	because of breakpoints [5]
action: resume
paused at line  20
	because of breakpoints [4]
action: resume
paused at line  20
	because of breakpoints [4]
action: resume
paused at line  20
	because of breakpoints [4]
action: stepIn
paused at line  21
action: stepIn
paused at line  22
action: stepOver
paused at line  23
action: stepIn
paused at line   7
action: resume
paused at line  20
	because of breakpoints [4]
action: stepOut
paused at line  20
	because of breakpoints [4]
action: stepIn
paused at line  21
action: stepOut
paused at line  20
	because of breakpoints [4]
action: stepOut
paused at line  20
	because of breakpoints [4]
action: stepIn
paused at line  26
action: resume
