request breakpoint   0 at line   5
                   set at line  42
request breakpoint   1 at line  12
                   set at line  42
request breakpoint   1 at line  80
                   set at line  90
request breakpoint   2 at line 113
                   set at line 116
request breakpoint   3 at line 124
                   set at line 124
request breakpoint   4 at line  33
                   set at line  42
request breakpoint   4 at line  48
                   set at line  48
request breakpoint   5 at line  45
                   set at line  46
request breakpoint   6 at line  72
                   set at line  72
request breakpoint   7 at line  26
                   set at line  42
request breakpoint   7 at line  52
                   set at line  52
request breakpoint   8 at line  21
                   set at line  42
request breakpoint   8 at line 100
                   set at line 103
request breakpoint   9 at line  61
                   set at line  61
request breakpoint  10 at line 128
                   set at line 128
request breakpoint  11 at line 134
                   set at line 134
request breakpoint  12 at line 117
                   set at line 117
request breakpoint  13 at line 131
                   set at line 131
request breakpoint  14 at line  20
                   set at line  42
request breakpoint  14 at line  32
                   set at line  42
request breakpoint  14 at line  47
                   set at line  47
request breakpoint  15 at line  36
                   set at line  42
request breakpoint  15 at line 121
                   set at line 121
paused at line  42
	because of breakpoints [15]
action: stepIn
paused at line  43
action: stepIn
paused at line  78
action: stepOver
paused at line 119
action: stepOver
paused at line 121
action: resume
paused at line 121
	because of breakpoints [15]
action: stepIn
paused at line 122
action: stepOver
paused at line 121
action: stepOver
paused at line 122
action: resume
paused at line 121
	because of breakpoints [15]
action: stepIn
paused at line 122
action: stepOver
paused at line 121
action: stepIn
paused at line 122
action: stepOut
paused at line 121
	because of breakpoints [15]
action: resume
paused at line 121
	because of breakpoints [15]
action: resume
paused at line 121
	because of breakpoints [15]
action: resume
paused at line 121
	because of breakpoints [15]
action: resume
paused at line 121
	because of breakpoints [15]
action: resume
paused at line 121
	because of breakpoints [15]
action: stepIn
paused at line 122
action: stepIn
paused at line 121
action: stepOver
paused at line 122
action: stepIn
paused at line 121
action: resume
paused at line 121
	because of breakpoints [15]
action: stepOut
paused at line 121
	because of breakpoints [15]
action: stepIn
paused at line 122
action: stepOut
paused at line 121
	because of breakpoints [15]
action: stepOut
paused at line 121
	because of breakpoints [15]
action: stepIn
paused at line 122
action: resume
paused at line 121
	because of breakpoints [15]
action: resume
paused at line 121
	because of breakpoints [15]
action: stepIn
paused at line 122
action: resume
paused at line 121
	because of breakpoints [15]
action: stepOver
paused at line 122
action: stepOver
paused at line 121
action: stepOver
paused at line 122
action: stepOut
paused at line 121
	because of breakpoints [15]
action: resume
paused at line 121
	because of breakpoints [15]
action: stepOver
paused at line 122
action: stepIn
paused at line 121
action: resume
paused at line 121
	because of breakpoints [15]
action: stepOver
paused at line 122
action: resume
paused at line 121
	because of breakpoints [15]
action: stepIn
paused at line 122
action: stepIn
paused at line 121
action: stepOver
paused at line 122
action: resume
paused at line 121
	because of breakpoints [15]
action: stepIn
paused at line 122
action: stepOver
paused at line 121
action: stepOver
paused at line 122
action: stepOver
paused at line 121
action: stepOut
paused at line 121
	because of breakpoints [15]
action: stepIn
paused at line 122
action: stepOut
paused at line 121
	because of breakpoints [15]
action: stepIn
paused at line 122
action: resume
paused at line 121
	because of breakpoints [15]
action: stepIn
paused at line 122
action: stepOver
paused at line 121
action: stepOut
paused at line 121
	because of breakpoints [15]
action: stepOver
paused at line 122
action: stepOver
paused at line 121
action: stepOut
paused at line 121
	because of breakpoints [15]
action: stepOver
paused at line 122
action: stepOut
paused at line 121
	because of breakpoints [15]
action: resume
paused at line 121
	because of breakpoints [15]
action: stepOver
paused at line 122
action: stepIn
paused at line 121
action: resume
paused at line 121
	because of breakpoints [15]
action: stepOut
