42 -> 45
48 -> 48
45 -> 45
44 -> 45
1 -> 63
51 -> 51
26 -> 26
37 -> 39
59 -> 61
9 -> 9
21 -> 21
63 -> 63
10 -> 10
11 -> 11
53 -> 54
41 -> 41
70 -> 63
12 -> 13
18 -> 18
43 -> 45
55 -> 56
60 -> 61
65 -> 66
2 -> 63
24 -> 24
3 -> 63
0 -> 63
58 -> 58
29 -> 31
35 -> 36
67 -> 67
62 -> 63
57 -> 57
54 -> 54
52 -> 52
40 -> 40
69 -> 69
8 -> 8
27 -> 28
17 -> 18
19 -> 19
66 -> 66
22 -> 24
38 -> 39
33 -> 33
4 -> 5
49 -> 49
61 -> 61
31 -> 31
23 -> 24
13 -> 13
50 -> 50
28 -> 28
20 -> 20
39 -> 39
32 -> 32
6 -> 6
16 -> 16
30 -> 31
46 -> 46
64 -> 64
25 -> 25
56 -> 56
36 -> 36
47 -> 47
7 -> 7
5 -> 5
68 -> 68
34 -> 34
14 -> 14
15 -> 16
