37 -> 257
126 -> 126
135 -> 257
87 -> 87
34 -> 34
4 -> 13
188 -> 257
202 -> 202
78 -> 78
104 -> 104
241 -> 241
225 -> 226
82 -> 82
142 -> 143
122 -> 122
41 -> 42
160 -> 257
111 -> 111
61 -> 61
91 -> 91
43 -> 43
216 -> 216
72 -> 72
141 -> 143
24 -> 24
222 -> 257
204 -> 204
144 -> 144
36 -> 257
152 -> 152
276 -> 281
177 -> 257
146 -> 147
209 -> 257
14 -> 14
6 -> 13
290 -> 290
232 -> 233
150 -> 151
277 -> 281
62 -> 62
189 -> 257
266 -> 281
244 -> 247
60 -> 60
40 -> 42
168 -> 169
106 -> 106
30 -> 257
101 -> 101
128 -> 128
206 -> 206
274 -> 281
176 -> 257
194 -> 194
73 -> 74
148 -> 148
174 -> 174
228 -> 228
76 -> 76
8 -> 13
145 -> 147
102 -> 102
134 -> 257
278 -> 281
172 -> 173
193 -> 193
50 -> 50
86 -> 86
218 -> 218
139 -> 139
200 -> 202
246 -> 247
220 -> 257
269 -> 281
254 -> 254
74 -> 74
245 -> 247
149 -> 151
219 -> 219
153 -> 155
280 -> 281
179 -> 257
84 -> 84
185 -> 185
265 -> 281
29 -> 257
211 -> 257
23 -> 23
129 -> 130
175 -> 175
58 -> 58
2 -> 13
208 -> 257
125 -> 125
230 -> 230
199 -> 257
235 -> 257
213 -> 214
256 -> 257
215 -> 215
57 -> 57
250 -> 250
229 -> 230
22 -> 22
90 -> 91
44 -> 45
217 -> 217
99 -> 99
116 -> 116
66 -> 66
127 -> 127
56 -> 57
39 -> 42
192 -> 193
114 -> 114
55 -> 55
107 -> 108
81 -> 81
3 -> 13
26 -> 26
98 -> 98
17 -> 257
100 -> 100
183 -> 183
97 -> 97
20 -> 257
198 -> 257
69 -> 69
267 -> 281
234 -> 234
155 -> 155
252 -> 254
288 -> 289
112 -> 112
247 -> 247
31 -> 33
16 -> 257
38 -> 257
233 -> 233
42 -> 42
9 -> 13
130 -> 130
83 -> 83
140 -> 140
226 -> 226
7 -> 13
286 -> 287
124 -> 125
93 -> 93
251 -> 251
263 -> 281
260 -> 281
110 -> 110
65 -> 65
170 -> 170
236 -> 257
178 -> 257
156 -> 156
85 -> 85
203 -> 203
71 -> 71
253 -> 254
48 -> 48
273 -> 281
197 -> 257
171 -> 173
0 -> 13
108 -> 108
89 -> 89
94 -> 94
224 -> 226
136 -> 257
162 -> 163
157 -> 257
11 -> 13
49 -> 50
264 -> 281
80 -> 80
270 -> 281
138 -> 139
173 -> 173
119 -> 119
5 -> 13
52 -> 52
291 -> 291
95 -> 95
54 -> 54
271 -> 281
10 -> 13
161 -> 163
67 -> 67
27 -> 257
53 -> 53
207 -> 207
240 -> 241
21 -> 21
75 -> 75
63 -> 63
181 -> 183
242 -> 242
88 -> 88
238 -> 257
223 -> 257
187 -> 257
77 -> 77
261 -> 281
257 -> 257
289 -> 289
292 -> 13
248 -> 248
12 -> 13
272 -> 281
275 -> 281
159 -> 257
123 -> 123
13 -> 13
268 -> 281
239 -> 241
105 -> 105
70 -> 70
47 -> 47
79 -> 79
190 -> 257
154 -> 155
221 -> 257
25 -> 25
166 -> 166
92 -> 92
287 -> 287
167 -> 167
281 -> 281
96 -> 96
249 -> 250
186 -> 186
262 -> 281
258 -> 281
180 -> 257
283 -> 285
205 -> 205
133 -> 257
120 -> 120
214 -> 214
163 -> 163
115 -> 115
18 -> 257
210 -> 257
46 -> 46
147 -> 147
109 -> 109
137 -> 139
103 -> 103
51 -> 52
195 -> 257
196 -> 257
32 -> 33
19 -> 257
191 -> 193
117 -> 117
33 -> 33
15 -> 15
118 -> 118
285 -> 285
113 -> 113
237 -> 257
284 -> 285
165 -> 166
143 -> 143
231 -> 233
164 -> 164
28 -> 257
121 -> 121
68 -> 68
282 -> 282
201 -> 202
59 -> 59
132 -> 132
151 -> 151
158 -> 257
35 -> 257
227 -> 227
184 -> 184
279 -> 281
45 -> 45
255 -> 255
212 -> 214
131 -> 132
259 -> 281
64 -> 64
182 -> 183
243 -> 243
169 -> 169
1 -> 13
