163 -> 163
182 -> 183
170 -> 170
272 -> 281
244 -> 247
238 -> 257
191 -> 193
76 -> 76
22 -> 22
167 -> 167
208 -> 257
106 -> 106
233 -> 233
17 -> 257
150 -> 151
91 -> 91
89 -> 89
211 -> 257
120 -> 120
245 -> 247
228 -> 228
196 -> 257
269 -> 281
288 -> 289
139 -> 139
259 -> 281
151 -> 151
97 -> 97
239 -> 241
166 -> 166
282 -> 282
172 -> 173
12 -> 13
35 -> 257
125 -> 125
25 -> 25
173 -> 173
230 -> 230
159 -> 257
200 -> 202
181 -> 183
285 -> 285
216 -> 216
45 -> 45
27 -> 257
53 -> 53
109 -> 109
60 -> 60
149 -> 151
248 -> 248
99 -> 99
284 -> 285
126 -> 126
160 -> 257
143 -> 143
47 -> 47
253 -> 254
274 -> 281
204 -> 204
64 -> 64
247 -> 247
0 -> 13
66 -> 66
235 -> 257
122 -> 122
81 -> 81
205 -> 205
237 -> 257
185 -> 185
140 -> 140
193 -> 193
221 -> 257
77 -> 77
157 -> 257
93 -> 93
283 -> 285
224 -> 226
257 -> 257
48 -> 48
266 -> 281
88 -> 88
123 -> 123
194 -> 194
41 -> 42
223 -> 257
179 -> 257
72 -> 72
229 -> 230
273 -> 281
146 -> 147
197 -> 257
177 -> 257
57 -> 57
82 -> 82
19 -> 257
254 -> 254
5 -> 13
16 -> 257
155 -> 155
265 -> 281
112 -> 112
184 -> 184
3 -> 13
34 -> 34
54 -> 54
4 -> 13
169 -> 169
1 -> 13
209 -> 257
201 -> 202
96 -> 96
187 -> 257
108 -> 108
9 -> 13
79 -> 79
40 -> 42
270 -> 281
46 -> 46
29 -> 257
74 -> 74
271 -> 281
214 -> 214
215 -> 215
103 -> 103
202 -> 202
129 -> 130
55 -> 55
171 -> 173
188 -> 257
217 -> 217
145 -> 147
264 -> 281
183 -> 183
56 -> 57
36 -> 257
38 -> 257
246 -> 247
232 -> 233
42 -> 42
162 -> 163
52 -> 52
62 -> 62
84 -> 84
69 -> 69
267 -> 281
71 -> 71
2 -> 13
59 -> 59
142 -> 143
213 -> 214
32 -> 33
28 -> 257
287 -> 287
286 -> 287
144 -> 144
26 -> 26
95 -> 95
132 -> 132
199 -> 257
292 -> 13
75 -> 75
124 -> 125
165 -> 166
24 -> 24
115 -> 115
176 -> 257
255 -> 255
131 -> 132
121 -> 121
94 -> 94
85 -> 85
117 -> 117
291 -> 291
186 -> 186
63 -> 63
11 -> 13
114 -> 114
161 -> 163
111 -> 111
86 -> 86
6 -> 13
21 -> 21
70 -> 70
175 -> 175
212 -> 214
13 -> 13
190 -> 257
154 -> 155
141 -> 143
51 -> 52
31 -> 33
58 -> 58
249 -> 250
136 -> 257
290 -> 290
251 -> 251
231 -> 233
277 -> 281
206 -> 206
256 -> 257
102 -> 102
30 -> 257
241 -> 241
268 -> 281
156 -> 156
135 -> 257
226 -> 226
250 -> 250
67 -> 67
243 -> 243
68 -> 68
198 -> 257
49 -> 50
153 -> 155
118 -> 118
195 -> 257
37 -> 257
279 -> 281
98 -> 98
87 -> 87
220 -> 257
275 -> 281
78 -> 78
276 -> 281
168 -> 169
119 -> 119
263 -> 281
260 -> 281
80 -> 80
90 -> 91
234 -> 234
134 -> 257
92 -> 92
105 -> 105
210 -> 257
164 -> 164
178 -> 257
33 -> 33
127 -> 127
252 -> 254
236 -> 257
133 -> 257
258 -> 281
101 -> 101
289 -> 289
100 -> 100
18 -> 257
83 -> 83
65 -> 65
192 -> 193
14 -> 14
189 -> 257
222 -> 257
130 -> 130
147 -> 147
7 -> 13
10 -> 13
218 -> 218
23 -> 23
240 -> 241
107 -> 108
148 -> 148
174 -> 174
110 -> 110
138 -> 139
242 -> 242
152 -> 152
281 -> 281
137 -> 139
113 -> 113
61 -> 61
73 -> 74
104 -> 104
128 -> 128
203 -> 203
158 -> 257
8 -> 13
227 -> 227
50 -> 50
219 -> 219
15 -> 15
262 -> 281
207 -> 207
278 -> 281
20 -> 257
43 -> 43
116 -> 116
180 -> 257
225 -> 226
280 -> 281
261 -> 281
44 -> 45
39 -> 42
