Breakpoint Set at 6
Breakpoint Set at 33
Breakpoint Set at 31
Breakpoint Set at 52
Breakpoint Set at 17
Breakpoint Set at 39
Breakpoint Set at 38
Breakpoint Set at 49
Breakpoint Set at 17
Breakpoint Set at 42
Breakpoint Set at 17
Breakpoint Set at 29
Breakpoint Set at 45
Breakpoint Set at 54
Breakpoint Set at 53
Breakpoint Set at 19
Breakpoint Set at 25
Breakpoint Set at 11
Breakpoint Set at 27
Breakpoint Set at 6
Breakpoint Set at 36
Breakpoint Set at 38
Breakpoint Set at 25
Breakpoint Set at 32
Breakpoint Set at 9
Breakpoint Set at 25
Breakpoint Set at 20
Paused at 11
	Hit Breakpoint(s) 
	Call Stack:  
	Bindings: 
