Breakpoint Set at 14
Breakpoint Set at 205
Breakpoint Set at 205
Breakpoint Set at 205
Breakpoint Set at 220
Breakpoint Set at 61
Breakpoint Set at 205
Breakpoint Set at 150
Breakpoint Set at 201
Breakpoint Set at 43
Breakpoint Set at 165
Breakpoint Set at 34
Breakpoint Set at 94
Breakpoint Set at 178
Breakpoint Set at 220
Breakpoint Set at 226
Breakpoint Set at 220
Breakpoint Set at 14
Breakpoint Set at 46
Breakpoint Set at 149
Breakpoint Set at 53
Breakpoint Set at 220
Breakpoint Set at 205
Breakpoint Set at 25
Breakpoint Set at 205
Breakpoint Set at 103
Breakpoint Set at 58
Breakpoint Set at 205
Breakpoint Set at 198
Breakpoint Set at 75
Breakpoint Set at 188
Breakpoint Set at 162
Breakpoint Set at 205
Breakpoint Set at 133
Breakpoint Set at 205
Breakpoint Set at 221
Breakpoint Set at 180
Breakpoint Set at 205
Breakpoint Set at 220
Breakpoint Set at 173
Breakpoint Set at 205
Breakpoint Set at 63
Breakpoint Set at 22
Breakpoint Set at 140
Breakpoint Set at 194
Breakpoint Set at 74
Breakpoint Set at 161
Breakpoint Set at 34
Breakpoint Set at 205
Breakpoint Set at 117
Breakpoint Set at 91
Breakpoint Set at 205
Breakpoint Set at 82
Breakpoint Set at 82
Breakpoint Set at 43
Breakpoint Set at 205
Breakpoint Set at 205
Breakpoint Set at 14
Breakpoint Set at 174
Breakpoint Set at 35
Breakpoint Set at 15
Breakpoint Set at 14
Breakpoint Set at 205
Breakpoint Set at 205
Breakpoint Set at 14
Breakpoint Set at 56
Breakpoint Set at 220
Breakpoint Set at 68
Breakpoint Set at 224
Breakpoint Set at 26
Breakpoint Set at 113
Breakpoint Set at 220
Breakpoint Set at 77
Breakpoint Set at 205
Breakpoint Set at 202
Breakpoint Set at 48
Breakpoint Set at 205
Breakpoint Set at 205
Breakpoint Set at 173
Breakpoint Set at 101
Breakpoint Set at 14
Breakpoint Set at 201
Breakpoint Set at 131
Breakpoint Set at 190
Breakpoint Set at 220
Breakpoint Set at 51
Breakpoint Set at 205
Breakpoint Set at 65
Breakpoint Set at 205
Breakpoint Set at 121
Breakpoint Set at 149
Breakpoint Set at 27
Breakpoint Set at 194
Breakpoint Set at 177
Breakpoint Set at 116
Breakpoint Set at 151
Breakpoint Set at 205
Breakpoint Set at 43
Breakpoint Set at 55
Breakpoint Set at 205
Breakpoint Set at 14
Breakpoint Set at 80
Breakpoint Set at 110
Breakpoint Set at 228
Breakpoint Set at 23
Breakpoint Set at 122
Breakpoint Set at 140
Breakpoint Set at 220
Breakpoint Set at 175
Breakpoint Set at 103
Breakpoint Set at 205
Breakpoint Set at 205
Breakpoint Set at 205
Breakpoint Set at 205
Paused at 14
	Hit Breakpoint(s) 
	Call Stack:  
	Bindings: 
