Breakpoint Set at 18
Breakpoint Set at 38
Breakpoint Set at 251
Breakpoint Set at 225
Breakpoint Set at 398
Breakpoint Set at 107
Breakpoint Set at 285
Breakpoint Set at 273
Breakpoint Set at 376
Breakpoint Set at 71
Breakpoint Set at 300
Breakpoint Set at 49
Breakpoint Set at 168
Breakpoint Set at 325
Breakpoint Set at 398
Breakpoint Set at 413
Breakpoint Set at 376
Breakpoint Set at 411
Breakpoint Set at 24
Breakpoint Set at 71
Breakpoint Set at 266
Breakpoint Set at 81
Breakpoint Set at 185
Breakpoint Set at 26
Breakpoint Set at 181
Breakpoint Set at 176
Breakpoint Set at 87
Breakpoint Set at 330
Breakpoint Set at 360
Breakpoint Set at 117
Breakpoint Set at 338
Breakpoint Set at 288
Breakpoint Set at 298
Breakpoint Set at 230
Breakpoint Set at 175
Breakpoint Set at 411
Breakpoint Set at 321
Breakpoint Set at 111
Breakpoint Set at 384
Breakpoint Set at 304
Breakpoint Set at 376
Breakpoint Set at 83
Breakpoint Set at 61
Breakpoint Set at 240
Breakpoint Set at 347
Breakpoint Set at 101
Breakpoint Set at 280
Breakpoint Set at 282
Breakpoint Set at 323
Breakpoint Set at 189
Breakpoint Set at 134
Breakpoint Set at 14
Breakpoint Set at 113
Breakpoint Set at 46
Breakpoint Set at 109
Breakpoint Set at 300
Breakpoint Set at 240
Breakpoint Set at 322
Breakpoint Set at 253
Breakpoint Set at 219
Breakpoint Set at 42
Breakpoint Set at 215
Breakpoint Set at 398
Breakpoint Set at 249
Breakpoint Set at 113
Breakpoint Set at 364
Breakpoint Set at 188
Breakpoint Set at 97
Breakpoint Set at 384
Breakpoint Set at 186
Breakpoint Set at 411
Breakpoint Set at 147
Breakpoint Set at 168
Breakpoint Set at 81
Breakpoint Set at 385
Breakpoint Set at 30
Breakpoint Set at 22
Breakpoint Set at 61
Breakpoint Set at 222
Breakpoint Set at 33
Breakpoint Set at 129
Breakpoint Set at 326
Breakpoint Set at 351
Breakpoint Set at 353
Breakpoint Set at 192
Breakpoint Set at 29
Breakpoint Set at 398
Breakpoint Set at 168
Breakpoint Set at 217
Breakpoint Set at 232
Breakpoint Set at 229
Breakpoint Set at 168
Breakpoint Set at 223
Breakpoint Set at 55
Breakpoint Set at 269
Breakpoint Set at 327
Breakpoint Set at 289
Breakpoint Set at 362
Breakpoint Set at 140
Breakpoint Set at 53
Breakpoint Set at 351
Breakpoint Set at 14
Breakpoint Set at 277
Breakpoint Set at 317
Breakpoint Set at 234
Breakpoint Set at 67
Breakpoint Set at 419
Breakpoint Set at 359
Breakpoint Set at 286
Breakpoint Set at 180
Breakpoint Set at 362
Breakpoint Set at 275
Breakpoint Set at 208
Breakpoint Set at 226
Breakpoint Set at 341
Breakpoint Set at 69
Breakpoint Set at 131
Breakpoint Set at 283
Breakpoint Set at 411
Breakpoint Set at 14
Breakpoint Set at 93
Breakpoint Set at 146
Breakpoint Set at 79
Breakpoint Set at 255
Breakpoint Set at 376
Breakpoint Set at 293
Breakpoint Set at 297
Breakpoint Set at 57
Breakpoint Set at 154
Breakpoint Set at 270
Breakpoint Set at 279
Breakpoint Set at 177
Breakpoint Set at 14
Breakpoint Set at 411
Breakpoint Set at 168
Breakpoint Set at 313
Breakpoint Set at 376
Breakpoint Set at 291
Breakpoint Set at 311
Breakpoint Set at 141
Breakpoint Set at 34
Breakpoint Set at 145
Breakpoint Set at 184
Breakpoint Set at 14
Breakpoint Set at 59
Breakpoint Set at 343
Breakpoint Set at 376
Breakpoint Set at 39
Breakpoint Set at 352
Breakpoint Set at 14
Breakpoint Set at 91
Breakpoint Set at 312
Breakpoint Set at 335
Breakpoint Set at 145
Breakpoint Set at 341
Breakpoint Set at 249
Breakpoint Set at 315
Breakpoint Set at 345
Breakpoint Set at 75
Breakpoint Set at 384
Breakpoint Set at 411
Breakpoint Set at 19
Breakpoint Set at 14
Breakpoint Set at 27
Breakpoint Set at 281
Breakpoint Set at 63
Breakpoint Set at 168
Breakpoint Set at 328
Breakpoint Set at 14
Breakpoint Set at 287
Breakpoint Set at 359
Breakpoint Set at 168
Breakpoint Set at 262
Breakpoint Set at 377
Breakpoint Set at 338
Breakpoint Set at 398
Breakpoint Set at 75
Breakpoint Set at 418
Breakpoint Set at 259
Breakpoint Set at 45
Breakpoint Set at 48
Breakpoint Set at 115
Breakpoint Set at 117
Breakpoint Set at 14
Breakpoint Set at 330
Breakpoint Set at 173
Breakpoint Set at 384
Breakpoint Set at 291
Breakpoint Set at 201
Breakpoint Set at 99
Breakpoint Set at 154
Breakpoint Set at 335
Breakpoint Set at 411
Breakpoint Set at 292
Breakpoint Set at 148
Breakpoint Set at 335
Breakpoint Set at 376
Breakpoint Set at 23
Breakpoint Set at 310
Breakpoint Set at 198
Breakpoint Set at 244
Breakpoint Set at 277
Breakpoint Set at 250
Breakpoint Set at 85
Breakpoint Set at 168
Breakpoint Set at 258
Breakpoint Set at 257
Breakpoint Set at 249
Breakpoint Set at 221
Breakpoint Set at 97
Paused at 14
	Hit Breakpoint(s) 
	Call Stack:  
	Bindings: 
