Breakpoint Set at 34
Breakpoint Set at 6
Breakpoint Set at 31
Breakpoint Set at 26
Breakpoint Set at 43
Breakpoint Set at 15
Breakpoint Set at 34
Breakpoint Set at 7
Breakpoint Set at 42
Breakpoint Set at 36
Breakpoint Set at 11
Breakpoint Set at 25
Breakpoint Set at 40
Breakpoint Set at 45
Breakpoint Set at 34
Breakpoint Set at 19
Breakpoint Set at 23
Breakpoint Set at 13
Breakpoint Set at 12
Breakpoint Set at 8
Breakpoint Set at 22
Breakpoint Set at 34
Breakpoint Set at 31
Paused at 34
	Hit Breakpoint(s) 
	Call Stack:  
	Bindings: 
