Breakpoint Set at 49
Breakpoint Set at 7
Breakpoint Set at 38
Breakpoint Set at 34
Breakpoint Set at 57
Breakpoint Set at 20
Breakpoint Set at 43
Breakpoint Set at 42
Breakpoint Set at 55
Breakpoint Set at 17
Breakpoint Set at 46
Breakpoint Set at 17
Breakpoint Set at 31
Breakpoint Set at 49
Breakpoint Set at 58
Breakpoint Set at 7
Breakpoint Set at 26
Breakpoint Set at 46
Breakpoint Set at 49
Breakpoint Set at 49
Breakpoint Set at 39
Breakpoint Set at 24
Breakpoint Set at 49
Breakpoint Set at 49
Breakpoint Set at 23
Breakpoint Set at 49
Breakpoint Set at 55
Breakpoint Set at 51
Breakpoint Set at 52
Breakpoint Set at 49
Paused at 49
	Hit Breakpoint(s) 
	Call Stack:  
	Bindings: 
