Breakpoint Set at 38
Breakpoint Set at 38
Breakpoint Set at 164
Breakpoint Set at 146
Breakpoint Set at 252
Breakpoint Set at 72
Breakpoint Set at 185
Breakpoint Set at 177
Breakpoint Set at 237
Breakpoint Set at 51
Breakpoint Set at 195
Breakpoint Set at 38
Breakpoint Set at 110
Breakpoint Set at 211
Breakpoint Set at 254
Breakpoint Set at 268
Breakpoint Set at 238
Breakpoint Set at 261
Breakpoint Set at 38
Breakpoint Set at 177
Breakpoint Set at 61
Breakpoint Set at 244
Breakpoint Set at 126
Breakpoint Set at 38
Breakpoint Set at 126
Breakpoint Set at 119
Breakpoint Set at 64
Breakpoint Set at 216
Breakpoint Set at 235
Breakpoint Set at 84
Breakpoint Set at 221
Breakpoint Set at 192
Breakpoint Set at 196
Breakpoint Set at 160
Breakpoint Set at 121
Breakpoint Set at 262
Breakpoint Set at 38
Breakpoint Set at 84
Breakpoint Set at 249
Breakpoint Set at 201
Breakpoint Set at 241
Breakpoint Set at 68
Breakpoint Set at 54
Breakpoint Set at 164
Breakpoint Set at 228
Breakpoint Set at 79
Breakpoint Set at 187
Breakpoint Set at 192
Breakpoint Set at 213
Breakpoint Set at 133
Breakpoint Set at 105
Breakpoint Set at 38
Breakpoint Set at 89
Breakpoint Set at 87
Breakpoint Set at 41
Breakpoint Set at 166
Breakpoint Set at 214
Breakpoint Set at 173
Breakpoint Set at 54
Breakpoint Set at 204
Breakpoint Set at 153
Breakpoint Set at 253
Breakpoint Set at 172
Breakpoint Set at 93
Breakpoint Set at 240
Breakpoint Set at 137
Breakpoint Set at 85
Breakpoint Set at 249
Breakpoint Set at 264
Breakpoint Set at 115
Breakpoint Set at 126
Breakpoint Set at 38
Breakpoint Set at 47
Breakpoint Set at 38
Breakpoint Set at 185
Breakpoint Set at 38
Breakpoint Set at 199
Breakpoint Set at 106
Breakpoint Set at 219
Breakpoint Set at 233
Breakpoint Set at 235
Breakpoint Set at 146
Breakpoint Set at 222
Breakpoint Set at 258
Breakpoint Set at 81
Breakpoint Set at 168
Breakpoint Set at 167
Breakpoint Set at 133
Breakpoint Set at 192
Breakpoint Set at 88
Breakpoint Set at 38
Breakpoint Set at 38
Breakpoint Set at 38
Breakpoint Set at 38
Breakpoint Set at 217
Breakpoint Set at 177
Breakpoint Set at 171
Breakpoint Set at 113
Breakpoint Set at 271
Breakpoint Set at 100
Breakpoint Set at 90
Breakpoint Set at 204
Breakpoint Set at 148
Breakpoint Set at 43
Breakpoint Set at 197
Breakpoint Set at 95
Breakpoint Set at 61
Breakpoint Set at 233
Breakpoint Set at 113
Breakpoint Set at 62
Breakpoint Set at 264
Breakpoint Set at 177
Breakpoint Set at 135
Breakpoint Set at 38
Breakpoint Set at 38
Breakpoint Set at 210
Breakpoint Set at 51
Breakpoint Set at 141
Breakpoint Set at 74
Breakpoint Set at 160
Breakpoint Set at 223
Breakpoint Set at 266
Breakpoint Set at 153
Breakpoint Set at 99
Breakpoint Set at 95
Breakpoint Set at 212
Breakpoint Set at 250
Breakpoint Set at 38
Breakpoint Set at 133
Breakpoint Set at 119
Breakpoint Set at 258
Breakpoint Set at 46
Breakpoint Set at 142
Breakpoint Set at 38
Breakpoint Set at 105
Breakpoint Set at 73
Paused at 38
	Hit Breakpoint(s) 
	Call Stack:  
	Bindings: 
