Breakpoint Set at 26
Breakpoint Set at 26
Breakpoint Set at 40
Breakpoint Set at 36
Breakpoint Set at 61
Breakpoint Set at 26
Breakpoint Set at 45
Breakpoint Set at 44
Breakpoint Set at 61
Breakpoint Set at 26
Breakpoint Set at 48
Breakpoint Set at 26
Breakpoint Set at 32
Breakpoint Set at 52
Breakpoint Set at 26
Breakpoint Set at 61
Breakpoint Set at 62
Breakpoint Set at 26
Breakpoint Set at 26
Breakpoint Set at 47
Breakpoint Set at 28
Breakpoint Set at 26
Breakpoint Set at 26
Breakpoint Set at 43
Breakpoint Set at 33
Breakpoint Set at 61
Breakpoint Set at 61
Breakpoint Set at 40
Breakpoint Set at 26
Breakpoint Set at 54
Breakpoint Set at 61
Breakpoint Set at 51
Paused at 26
	Hit Breakpoint(s) 
	Call Stack:  
	Bindings: 
Paused at 28
	Hit Breakpoint(s) 
	Call Stack:  
	Bindings: 
Paused at 43
	Hit Breakpoint(s) 
	Call Stack:  
	Bindings: 
Paused at 44
	Hit Breakpoint(s) 
	Call Stack:  
	Bindings: 
Paused at 44
	Call Stack:  
	Bindings: 
Paused at 45
	Hit Breakpoint(s) 
	Call Stack:  
	Bindings: 
Paused at 45
	Hit Breakpoint(s) 
	Call Stack:  
	Bindings: 
Paused at 44
	Call Stack:  
	Bindings: 
Paused at 44
	Call Stack:  
	Bindings: 
Paused at 45
	Hit Breakpoint(s) 
	Call Stack:  
	Bindings: 
Paused at 45
	Hit Breakpoint(s) 
	Call Stack:  
	Bindings: 
