Breakpoint Set at 6
Breakpoint Set at 8
Breakpoint Set at 46
Breakpoint Set at 40
Breakpoint Set at 67
Breakpoint Set at 21
Breakpoint Set at 50
Breakpoint Set at 49
Breakpoint Set at 64
Breakpoint Set at 19
Breakpoint Set at 53
Breakpoint Set at 17
Breakpoint Set at 35
Breakpoint Set at 58
Breakpoint Set at 70
Breakpoint Set at 69
Breakpoint Set at 10
Breakpoint Set at 26
Breakpoint Set at 52
Breakpoint Set at 29
Breakpoint Set at 6
Breakpoint Set at 6
Breakpoint Set at 25
Breakpoint Set at 46
Breakpoint Set at 25
Breakpoint Set at 34
Breakpoint Set at 62
Breakpoint Set at 65
Breakpoint Set at 9
Breakpoint Set at 14
Breakpoint Set at 59
Breakpoint Set at 11
Breakpoint Set at 48
Breakpoint Set at 17
Breakpoint Set at 32
Paused at 64
	Hit Breakpoint(s) 
	Call Stack:  
	Bindings: 
Paused at 65
	Hit Breakpoint(s) 
	Call Stack:  
	Bindings: 
Paused at 6
	Hit Breakpoint(s) 
	Call Stack: fannkuch 
	Bindings: check: undefined
		count: undefined
		flipsCount: undefined
		i: undefined
		j: undefined
		k: undefined
		k2: undefined
		m: undefined
		maxFlipsCount: undefined
		maxPerm: undefined
		n: number = 8
		perm: undefined
		perm0: undefined
		perm1: undefined
		r: undefined
		s: undefined
		temp: undefined
Paused at 7
	Call Stack: fannkuch 
	Bindings: check: number = 0
		count: undefined
		flipsCount: undefined
		i: undefined
		j: undefined
		k: undefined
		k2: undefined
		m: undefined
		maxFlipsCount: undefined
		maxPerm: undefined
		n: number = 8
		perm: undefined
		perm0: undefined
		perm1: undefined
		r: undefined
		s: undefined
		temp: undefined
Paused at 8
	Call Stack: fannkuch 
	Bindings: check: number = 0
		count: undefined
		flipsCount: undefined
		i: undefined
		j: undefined
		k: undefined
		k2: undefined
		m: undefined
		maxFlipsCount: undefined
		maxPerm: undefined
		n: number = 8
		perm: array
		perm0: undefined
		perm1: undefined
		r: undefined
		s: undefined
		temp: undefined
Paused at 8
	Hit Breakpoint(s) 
	Call Stack: fannkuch 
	Bindings: check: number = 0
		count: undefined
		flipsCount: undefined
		i: undefined
		j: undefined
		k: undefined
		k2: undefined
		m: undefined
		maxFlipsCount: undefined
		maxPerm: undefined
		n: number = 8
		perm: array
		perm0: undefined
		perm1: undefined
		r: undefined
		s: undefined
		temp: undefined
Paused at 9
	Hit Breakpoint(s) 
	Call Stack: fannkuch 
	Bindings: check: number = 0
		count: undefined
		flipsCount: undefined
		i: undefined
		j: undefined
		k: undefined
		k2: undefined
		m: undefined
		maxFlipsCount: undefined
		maxPerm: undefined
		n: number = 8
		perm: array
		perm0: undefined
		perm1: array
		r: undefined
		s: undefined
		temp: undefined
Paused at 10
	Call Stack: fannkuch 
	Bindings: check: number = 0
		count: array
		flipsCount: undefined
		i: undefined
		j: undefined
		k: undefined
		k2: undefined
		m: undefined
		maxFlipsCount: undefined
		maxPerm: undefined
		n: number = 8
		perm: array
		perm0: undefined
		perm1: array
		r: undefined
		s: undefined
		temp: undefined
Paused at 11
	Call Stack: fannkuch 
	Bindings: check: number = 0
		count: array
		flipsCount: undefined
		i: undefined
		j: undefined
		k: undefined
		k2: undefined
		m: undefined
		maxFlipsCount: undefined
		maxPerm: array
		n: number = 8
		perm: array
		perm0: undefined
		perm1: array
		r: undefined
		s: undefined
		temp: undefined
Paused at 11
	Hit Breakpoint(s) 
	Call Stack: fannkuch 
	Bindings: check: number = 0
		count: array
		flipsCount: undefined
		i: undefined
		j: undefined
		k: undefined
		k2: undefined
		m: undefined
		maxFlipsCount: undefined
		maxPerm: array
		n: number = 8
		perm: array
		perm0: undefined
		perm1: array
		r: undefined
		s: undefined
		temp: undefined
Paused at 14
	Hit Breakpoint(s) 
	Call Stack: fannkuch 
	Bindings: check: number = 0
		count: array
		flipsCount: undefined
		i: undefined
		j: undefined
		k: undefined
		k2: undefined
		m: number = 7
		maxFlipsCount: number = 0
		maxPerm: array
		n: number = 8
		perm: array
		perm0: undefined
		perm1: array
		r: undefined
		s: undefined
		temp: undefined
