Breakpoint Set at 26
Breakpoint Set at 29
Breakpoint Set at 180
Breakpoint Set at 161
Breakpoint Set at 279
Breakpoint Set at 77
Breakpoint Set at 205
Breakpoint Set at 197
Breakpoint Set at 262
Breakpoint Set at 54
Breakpoint Set at 218
Breakpoint Set at 39
Breakpoint Set at 124
Breakpoint Set at 237
Breakpoint Set at 283
Breakpoint Set at 297
Breakpoint Set at 265
Breakpoint Set at 289
Breakpoint Set at 26
Breakpoint Set at 58
Breakpoint Set at 193
Breakpoint Set at 63
Breakpoint Set at 272
Breakpoint Set at 137
Breakpoint Set at 26
Breakpoint Set at 134
Breakpoint Set at 131
Breakpoint Set at 70
Breakpoint Set at 239
Breakpoint Set at 260
Breakpoint Set at 91
Breakpoint Set at 248
Breakpoint Set at 212
Breakpoint Set at 218
Breakpoint Set at 170
Breakpoint Set at 133
Breakpoint Set at 290
Breakpoint Set at 26
Breakpoint Set at 89
Breakpoint Set at 223
Breakpoint Set at 268
Breakpoint Set at 72
Breakpoint Set at 26
Breakpoint Set at 178
Breakpoint Set at 251
Breakpoint Set at 83
Breakpoint Set at 206
Breakpoint Set at 212
Breakpoint Set at 237
Breakpoint Set at 144
Breakpoint Set at 107
Breakpoint Set at 168
Breakpoint Set at 94
Breakpoint Set at 252
Breakpoint Set at 31
Breakpoint Set at 220
Breakpoint Set at 3
Breakpoint Set at 237
Breakpoint Set at 193
Breakpoint Set at 168
Breakpoint Set at 164
Breakpoint Set at 283
Breakpoint Set at 193
Breakpoint Set at 96
Breakpoint Set at 26
Breakpoint Set at 148
Breakpoint Set at 87
Breakpoint Set at 275
Breakpoint Set at 147
Breakpoint Set at 294
Breakpoint Set at 121
Breakpoint Set at 36
Breakpoint Set at 279
Breakpoint Set at 78
Breakpoint Set at 75
Breakpoint Set at 26
Breakpoint Set at 201
Breakpoint Set at 193
Breakpoint Set at 172
Breakpoint Set at 26
Breakpoint Set at 110
Breakpoint Set at 242
Breakpoint Set at 257
Breakpoint Set at 258
Breakpoint Set at 154
Breakpoint Set at 33
Breakpoint Set at 286
Breakpoint Set at 74
Breakpoint Set at 172
Breakpoint Set at 181
Breakpoint Set at 179
Breakpoint Set at 136
Breakpoint Set at 178
Breakpoint Set at 52
Breakpoint Set at 8
Breakpoint Set at 89
Breakpoint Set at 220
Breakpoint Set at 126
Breakpoint Set at 93
Breakpoint Set at 86
Breakpoint Set at 269
Breakpoint Set at 186
Breakpoint Set at 184
Breakpoint Set at 111
Breakpoint Set at 301
Breakpoint Set at 67
Breakpoint Set at 129
Breakpoint Set at 99
Breakpoint Set at 29
Breakpoint Set at 266
Breakpoint Set at 213
Breakpoint Set at 173
Breakpoint Set at 108
Breakpoint Set at 255
Breakpoint Set at 5
Breakpoint Set at 127
Breakpoint Set at 113
Breakpoint Set at 292
Breakpoint Set at 58
Breakpoint Set at 65
Breakpoint Set at 26
Breakpoint Set at 204
Breakpoint Set at 226
Breakpoint Set at 228
Breakpoint Set at 231
Breakpoint Set at 143
Breakpoint Set at 116
Breakpoint Set at 26
Breakpoint Set at 161
Breakpoint Set at 151
Breakpoint Set at 240
Breakpoint Set at 274
Breakpoint Set at 260
Breakpoint Set at 2
Breakpoint Set at 112
Breakpoint Set at 237
Breakpoint Set at 26
Breakpoint Set at 286
Breakpoint Set at 248
Breakpoint Set at 103
Breakpoint Set at 45
Breakpoint Set at 45
Breakpoint Set at 47
Breakpoint Set at 81
Breakpoint Set at 155
Breakpoint Set at 119
Breakpoint Set at 157
Breakpoint Set at 139
Breakpoint Set at 49
Breakpoint Set at 248
Breakpoint Set at 261
Paused at 8
	Hit Breakpoint(s) 
	Call Stack:  
	Bindings: 
Paused at 292
	Hit Breakpoint(s) 
	Call Stack:  
	Bindings: 
Paused at 294
	Hit Breakpoint(s) 
	Call Stack:  
	Bindings: 
Paused at 295
	Call Stack:  
	Bindings: 
Paused at 45
	Hit Breakpoint(s) 
	Call Stack:  
	Bindings: a: undefined
		A: undefined
		B: undefined
		d: undefined
		D: undefined
		daysLong: undefined
		daysShort: undefined
		daysSuffix: undefined
		F: undefined
		g: undefined
		G: undefined
		h: undefined
		H: undefined
		i: undefined
		ia: undefined
		ij: undefined
		input: string = Y-m-d
		j: undefined
		l: undefined
		L: undefined
		m: undefined
		M: undefined
		monthsLong: undefined
		monthsShort: undefined
		n: undefined
		O: undefined
		prevTime: undefined
		r: undefined
		s: undefined
		S: undefined
		self: undefined
		switches: undefined
		t: undefined
		time: undefined
		U: undefined
		w: undefined
		W: undefined
		y: undefined
		Y: undefined
		z: undefined
Paused at 49
	Hit Breakpoint(s) 
	Call Stack:  
	Bindings: a: function
		A: undefined
		B: undefined
		d: undefined
		D: undefined
		daysLong: undefined
		daysShort: undefined
		daysSuffix: undefined
		F: undefined
		g: undefined
		G: undefined
		h: undefined
		H: undefined
		i: undefined
		ia: undefined
		ij: undefined
		input: string = Y-m-d
		j: undefined
		l: undefined
		L: undefined
		m: undefined
		M: undefined
		monthsLong: undefined
		monthsShort: undefined
		n: undefined
		O: undefined
		prevTime: undefined
		r: undefined
		s: undefined
		S: undefined
		self: undefined
		switches: undefined
		t: undefined
		time: undefined
		U: undefined
		w: undefined
		W: undefined
		y: undefined
		Y: undefined
		z: undefined
Paused at 54
	Hit Breakpoint(s) 
	Call Stack:  
	Bindings: a: function
		A: function
		B: undefined
		d: undefined
		D: undefined
		daysLong: undefined
		daysShort: undefined
		daysSuffix: undefined
		F: undefined
		g: undefined
		G: undefined
		h: undefined
		H: undefined
		i: undefined
		ia: undefined
		ij: undefined
		input: string = Y-m-d
		j: undefined
		l: undefined
		L: undefined
		m: undefined
		M: undefined
		monthsLong: undefined
		monthsShort: undefined
		n: undefined
		O: undefined
		prevTime: undefined
		r: undefined
		s: undefined
		S: undefined
		self: undefined
		switches: undefined
		t: undefined
		time: undefined
		U: undefined
		w: undefined
		W: undefined
		y: undefined
		Y: undefined
		z: undefined
Paused at 70
	Call Stack:  
	Bindings: a: function
		A: function
		B: function
		d: undefined
		D: undefined
		daysLong: undefined
		daysShort: undefined
		daysSuffix: undefined
		F: undefined
		g: undefined
		G: undefined
		h: undefined
		H: undefined
		i: undefined
		ia: undefined
		ij: undefined
		input: string = Y-m-d
		j: undefined
		l: undefined
		L: undefined
		m: undefined
		M: undefined
		monthsLong: undefined
		monthsShort: undefined
		n: undefined
		O: undefined
		prevTime: undefined
		r: undefined
		s: undefined
		S: undefined
		self: undefined
		switches: undefined
		t: undefined
		time: undefined
		U: undefined
		w: undefined
		W: undefined
		y: undefined
		Y: undefined
		z: undefined
Paused at 75
	Call Stack:  
	Bindings: a: function
		A: function
		B: function
		d: function
		D: undefined
		daysLong: undefined
		daysShort: undefined
		daysSuffix: undefined
		F: undefined
		g: undefined
		G: undefined
		h: undefined
		H: undefined
		i: undefined
		ia: undefined
		ij: undefined
		input: string = Y-m-d
		j: undefined
		l: undefined
		L: undefined
		m: undefined
		M: undefined
		monthsLong: undefined
		monthsShort: undefined
		n: undefined
		O: undefined
		prevTime: undefined
		r: undefined
		s: undefined
		S: undefined
		self: undefined
		switches: undefined
		t: undefined
		time: undefined
		U: undefined
		w: undefined
		W: undefined
		y: undefined
		Y: undefined
		z: undefined
Paused at 75
	Hit Breakpoint(s) 
	Call Stack:  
	Bindings: a: function
		A: function
		B: function
		d: function
		D: undefined
		daysLong: undefined
		daysShort: undefined
		daysSuffix: undefined
		F: undefined
		g: undefined
		G: undefined
		h: undefined
		H: undefined
		i: undefined
		ia: undefined
		ij: undefined
		input: string = Y-m-d
		j: undefined
		l: undefined
		L: undefined
		m: undefined
		M: undefined
		monthsLong: undefined
		monthsShort: undefined
		n: undefined
		O: undefined
		prevTime: undefined
		r: undefined
		s: undefined
		S: undefined
		self: undefined
		switches: undefined
		t: undefined
		time: undefined
		U: undefined
		w: undefined
		W: undefined
		y: undefined
		Y: undefined
		z: undefined
Paused at 83
	Hit Breakpoint(s) 
	Call Stack:  
	Bindings: a: function
		A: function
		B: function
		d: function
		D: function
		daysLong: undefined
		daysShort: undefined
		daysSuffix: undefined
		F: function
		g: undefined
		G: undefined
		h: undefined
		H: undefined
		i: undefined
		ia: undefined
		ij: undefined
		input: string = Y-m-d
		j: undefined
		l: undefined
		L: undefined
		m: undefined
		M: undefined
		monthsLong: undefined
		monthsShort: undefined
		n: undefined
		O: undefined
		prevTime: undefined
		r: undefined
		s: undefined
		S: undefined
		self: undefined
		switches: undefined
		t: undefined
		time: undefined
		U: undefined
		w: undefined
		W: undefined
		y: undefined
		Y: undefined
		z: undefined
