Breakpoint Set at 7
Breakpoint Set at 17
Breakpoint Set at 105
Breakpoint Set at 95
Breakpoint Set at 163
Breakpoint Set at 48
Breakpoint Set at 120
Breakpoint Set at 115
Breakpoint Set at 154
Breakpoint Set at 34
Breakpoint Set at 128
Breakpoint Set at 27
Breakpoint Set at 75
Breakpoint Set at 137
Breakpoint Set at 164
Breakpoint Set at 172
Breakpoint Set at 168
Paused at 7
	Hit Breakpoint(s) 
	Call Stack:  
	Bindings: 
Paused at 95
	Hit Breakpoint(s) 
	Call Stack:  
	Bindings: 
Paused at 128
	Hit Breakpoint(s) 
	Call Stack:  
	Bindings: 
Paused at 154
	Call Stack:  
	Bindings: 
Paused at 156
	Call Stack:  
	Bindings: 
Paused at 75
	Hit Breakpoint(s) 
	Call Stack: Sun 
	Bindings: 
Paused at 17
	Hit Breakpoint(s) 
	Call Stack: Body, Sun 
	Bindings: mass: number = 39.47841760435743
		vx: number = 0
		vy: number = 0
		vz: number = 0
		x: number = 0
		y: number = 0
		z: number = 0
Paused at 17
	Call Stack: Body, Sun 
	Bindings: mass: number = 39.47841760435743
		vx: number = 0
		vy: number = 0
		vz: number = 0
		x: number = 0
		y: number = 0
		z: number = 0
Paused at 76
	Call Stack: Sun 
	Bindings: 
Paused at 76
	Call Stack: Sun 
	Bindings: 
Paused at 27
	Hit Breakpoint(s) 
	Call Stack: Jupiter 
	Bindings: 
Paused at 28
	Call Stack: Jupiter 
	Bindings: 
Paused at 34
	Hit Breakpoint(s) 
	Call Stack: Jupiter 
	Bindings: 
Paused at 27
	Call Stack: Jupiter 
	Bindings: 
Paused at 27
	Hit Breakpoint(s) 
	Call Stack: Jupiter 
	Bindings: 
Paused at 17
	Hit Breakpoint(s) 
	Call Stack: Body, Jupiter 
	Bindings: mass: number = 0.03769367487038949
		vx: number = 0.606326392995832
		vy: number = 2.81198684491626
		vz: number = -0.02521836165988763
		x: number = 4.841431442464721
		y: number = -1.1603200440274284
		z: number = -0.10362204447112311
Paused at 17
	Call Stack: Body, Jupiter 
	Bindings: mass: number = 0.03769367487038949
		vx: number = 0.606326392995832
		vy: number = 2.81198684491626
		vz: number = -0.02521836165988763
		x: number = 4.841431442464721
		y: number = -1.1603200440274284
		z: number = -0.10362204447112311
Paused at 36
	Call Stack: Jupiter 
	Bindings: 
Paused at 17
	Hit Breakpoint(s) 
	Call Stack: Body, Saturn 
	Bindings: mass: number = 0.011286326131968767
		vx: number = -1.0107743461787924
		vy: number = 1.8256623712304119
		vz: number = 0.008415761376584154
		x: number = 8.34336671824458
		y: number = 4.124798564124305
		z: number = -0.4035234171143214
Paused at 48
	Hit Breakpoint(s) 
	Call Stack: Saturn 
	Bindings: 
Paused at 17
	Hit Breakpoint(s) 
	Call Stack: Body, Uranus 
	Bindings: mass: number = 0.0017237240570597112
		vx: number = 1.0827910064415354
		vy: number = 0.8687130181696082
		vz: number = -0.010832637401363636
		x: number = 12.894369562139131
		y: number = -15.111151401698631
		z: number = -0.22330757889265573
Paused at 17
	Call Stack: Body, Uranus 
	Bindings: mass: number = 0.0017237240570597112
		vx: number = 1.0827910064415354
		vy: number = 0.8687130181696082
		vz: number = -0.010832637401363636
		x: number = 12.894369562139131
		y: number = -15.111151401698631
		z: number = -0.22330757889265573
Paused at 17
	Hit Breakpoint(s) 
	Call Stack: Body, Neptune 
	Bindings: mass: number = 0.0020336868699246304
		vx: number = 0.979090732243898
		vy: number = 0.5946989986476762
		vz: number = -0.034755955504078104
		x: number = 15.379697114850917
		y: number = -25.919314609987964
		z: number = 0.17925877295037118
Paused at 17
	Call Stack: Body, Neptune 
	Bindings: mass: number = 0.0020336868699246304
		vx: number = 0.979090732243898
		vy: number = 0.5946989986476762
		vz: number = -0.034755955504078104
		x: number = 15.379697114850917
		y: number = -25.919314609987964
		z: number = 0.17925877295037118
Paused at 72
	Call Stack: Neptune 
	Bindings: 
Paused at 163
	Hit Breakpoint(s) 
	Call Stack:  
	Bindings: bodies: object
		i: undefined
		max: number = 300
Paused at 130
	Call Stack: NBodySystem.energy 
	Bindings: bodyi: undefined
		bodyj: undefined
		distance: undefined
		dx: undefined
		dy: undefined
		dz: undefined
		e: undefined
		i: undefined
		j: undefined
		size: undefined
Paused at 131
	Call Stack: NBodySystem.energy 
	Bindings: bodyi: undefined
		bodyj: undefined
		distance: undefined
		dx: undefined
		dy: undefined
		dz: undefined
		e: number = 0
		i: undefined
		j: undefined
		size: undefined
Paused at 137
	Hit Breakpoint(s) 
	Call Stack: NBodySystem.energy 
	Bindings: bodyi: object
		bodyj: undefined
		distance: undefined
		dx: undefined
		dy: undefined
		dz: undefined
		e: number = 0
		i: number = 0
		j: undefined
		size: number = 5
Paused at 137
	Hit Breakpoint(s) 
	Call Stack: NBodySystem.energy 
	Bindings: bodyi: object
		bodyj: object
		distance: number = 30.13931132099353
		dx: number = -15.379697114850917
		dy: number = 25.919314609987964
		dz: number = -0.17925877295037118
		e: number = -0.3525382630206958
		i: number = 1
		j: number = 5
		size: number = 5
Paused at 137
	Hit Breakpoint(s) 
	Call Stack: NBodySystem.energy 
	Bindings: bodyi: object
		bodyj: object
		distance: number = 26.909902951440046
		dx: number = -10.538265672386196
		dy: number = 24.758994565960535
		dz: number = -0.2828808174214943
		e: number = -0.19664445797685354
		i: number = 2
		j: number = 5
		size: number = 5
Paused at 137
	Hit Breakpoint(s) 
	Call Stack: NBodySystem.energy 
	Bindings: bodyi: object
		bodyj: object
		distance: number = 30.86257145718952
		dx: number = -7.036330396606337
		dy: number = 30.04411317411227
		dz: number = -0.5827821900646926
		e: number = -0.17207145953295996
		i: number = 3
		j: number = 5
		size: number = 5
Paused at 137
	Hit Breakpoint(s) 
	Call Stack: NBodySystem.energy 
	Bindings: bodyi: object
		bodyj: object
		distance: number = 11.097535971958989
		dx: number = -2.4853275527117855
		dy: number = 10.808163208289333
		dz: number = -0.4025663518430269
		e: number = -0.17041078110889657
		i: number = 4
		j: number = 5
		size: number = 5
Paused at 138
	Call Stack: NBodySystem.energy 
	Bindings: bodyi: object
		bodyj: object
		distance: number = 11.097535971958989
		dx: number = -2.4853275527117855
		dy: number = 10.808163208289333
		dz: number = -0.4025663518430269
		e: number = -0.17041078110889657
		i: number = 4
		j: number = 5
		size: number = 5
Paused at 139
	Call Stack: NBodySystem.energy 
	Bindings: bodyi: object
		bodyj: object
		distance: number = 11.097535971958989
		dx: number = -2.4853275527117855
		dy: number = 10.808163208289333
		dz: number = -0.4025663518430269
		e: number = -0.17041078110889657
		i: number = 4
		j: number = 5
		size: number = 5
Paused at 141
	Call Stack: NBodySystem.energy 
	Bindings: bodyi: object
		bodyj: object
		distance: number = 11.097535971958989
		dx: number = -2.4853275527117855
		dy: number = 10.808163208289333
		dz: number = -0.4025663518430269
		e: number = -0.16907516382852447
		i: number = 4
		j: number = 5
		size: number = 5
Paused at 133
	Call Stack: NBodySystem.energy 
	Bindings: bodyi: object
		bodyj: object
		distance: number = 11.097535971958989
		dx: number = -2.4853275527117855
		dy: number = 10.808163208289333
		dz: number = -0.4025663518430269
		e: number = -0.16907516382852447
		i: number = 4
		j: number = 5
		size: number = 5
Paused at 152
	Call Stack: NBodySystem.energy 
	Bindings: bodyi: object
		bodyj: object
		distance: number = 11.097535971958989
		dx: number = -2.4853275527117855
		dy: number = 10.808163208289333
		dz: number = -0.4025663518430269
		e: number = -0.16907516382852447
		i: number = 5
		j: number = 5
		size: number = 5
Paused at 163
	Call Stack:  
	Bindings: bodies: object
		i: undefined
		max: number = 300
Paused at 164
	Hit Breakpoint(s) 
	Call Stack:  
	Bindings: bodies: object
		i: undefined
		max: number = 300
Paused at 105
	Hit Breakpoint(s) 
	Call Stack: NBodySystem.advance 
	Bindings: body: undefined
		bodyi: object
		bodyj: object
		distance: undefined
		dt: number = 0.01
		dx: number = -4.841431442464721
		dy: number = 1.1603200440274284
		dz: undefined
		i: number = 0
		j: number = 1
		mag: undefined
		size: number = 5
Paused at 107
	Call Stack: NBodySystem.advance 
	Bindings: body: undefined
		bodyi: object
		bodyj: object
		distance: undefined
		dt: number = 0.01
		dx: number = -4.841431442464721
		dy: number = 1.1603200440274284
		dz: number = 0.10362204447112311
		i: number = 0
		j: number = 1
		mag: undefined
		size: number = 5
Paused at 115
	Hit Breakpoint(s) 
	Call Stack: NBodySystem.advance 
	Bindings: body: undefined
		bodyi: object
		bodyj: object
		distance: number = 4.979612288598202
		dt: number = 0.01
		dx: number = -4.841431442464721
		dy: number = 1.1603200440274284
		dz: number = 0.10362204447112311
		i: number = 0
		j: number = 1
		mag: number = 0.00008098664536513559
		size: number = 5
Paused at 105
	Hit Breakpoint(s) 
	Call Stack: NBodySystem.advance 
	Bindings: body: undefined
		bodyi: object
		bodyj: object
		distance: number = 4.979612288598202
		dt: number = 0.01
		dx: number = -8.34336671824458
		dy: number = -4.124798564124305
		dz: number = 0.10362204447112311
		i: number = 0
		j: number = 2
		mag: number = 0.00008098664536513559
		size: number = 5
Paused at 115
	Hit Breakpoint(s) 
	Call Stack: NBodySystem.advance 
	Bindings: body: undefined
		bodyi: object
		bodyj: object
		distance: number = 9.316037920590109
		dt: number = 0.01
		dx: number = -8.34336671824458
		dy: number = -4.124798564124305
		dz: number = 0.4035234171143214
		i: number = 0
		j: number = 2
		mag: number = 0.000012368193098764964
		size: number = 5
Paused at 116
	Call Stack: NBodySystem.advance 
	Bindings: body: undefined
		bodyi: object
		bodyj: object
		distance: number = 9.316037920590109
		dt: number = 0.01
		dx: number = -8.34336671824458
		dy: number = -4.124798564124305
		dz: number = 0.4035234171143214
		i: number = 0
		j: number = 2
		mag: number = 0.000012368193098764964
		size: number = 5
Paused at 105
	Hit Breakpoint(s) 
	Call Stack: NBodySystem.advance 
	Bindings: body: undefined
		bodyi: object
		bodyj: object
		distance: number = 9.316037920590109
		dt: number = 0.01
		dx: number = -12.894369562139131
		dy: number = 15.111151401698631
		dz: number = 0.4035234171143214
		i: number = 0
		j: number = 3
		mag: number = 0.000012368193098764964
		size: number = 5
Paused at 115
	Hit Breakpoint(s) 
	Call Stack: NBodySystem.advance 
	Bindings: body: undefined
		bodyi: object
		bodyj: object
		distance: number = 19.86608993649403
		dt: number = 0.01
		dx: number = -12.894369562139131
		dy: number = 15.111151401698631
		dz: number = 0.22330757889265573
		i: number = 0
		j: number = 3
		mag: number = 0.0000012754481501393035
		size: number = 5
Paused at 116
	Call Stack: NBodySystem.advance 
	Bindings: body: undefined
		bodyi: object
		bodyj: object
		distance: number = 19.86608993649403
		dt: number = 0.01
		dx: number = -12.894369562139131
		dy: number = 15.111151401698631
		dz: number = 0.22330757889265573
		i: number = 0
		j: number = 3
		mag: number = 0.0000012754481501393035
		size: number = 5
Paused at 101
	Call Stack: NBodySystem.advance 
	Bindings: body: undefined
		bodyi: object
		bodyj: object
		distance: number = 19.86608993649403
		dt: number = 0.01
		dx: number = -12.894369562139131
		dy: number = 15.111151401698631
		dz: number = 0.22330757889265573
		i: number = 0
		j: number = 3
		mag: number = 0.0000012754481501393035
		size: number = 5
Paused at 102
	Call Stack: NBodySystem.advance 
	Bindings: body: undefined
		bodyi: object
		bodyj: object
		distance: number = 19.86608993649403
		dt: number = 0.01
		dx: number = -12.894369562139131
		dy: number = 15.111151401698631
		dz: number = 0.22330757889265573
		i: number = 0
		j: number = 4
		mag: number = 0.0000012754481501393035
		size: number = 5
Paused at 103
	Call Stack: NBodySystem.advance 
	Bindings: body: undefined
		bodyi: object
		bodyj: object
		distance: number = 19.86608993649403
		dt: number = 0.01
		dx: number = -12.894369562139131
		dy: number = 15.111151401698631
		dz: number = 0.22330757889265573
		i: number = 0
		j: number = 4
		mag: number = 0.0000012754481501393035
		size: number = 5
Paused at 105
	Hit Breakpoint(s) 
	Call Stack: NBodySystem.advance 
	Bindings: body: undefined
		bodyi: object
		bodyj: object
		distance: number = 19.86608993649403
		dt: number = 0.01
		dx: number = -15.379697114850917
		dy: number = 25.919314609987964
		dz: number = 0.22330757889265573
		i: number = 0
		j: number = 4
		mag: number = 0.0000012754481501393035
		size: number = 5
Paused at 107
	Call Stack: NBodySystem.advance 
	Bindings: body: undefined
		bodyi: object
		bodyj: object
		distance: number = 19.86608993649403
		dt: number = 0.01
		dx: number = -15.379697114850917
		dy: number = 25.919314609987964
		dz: number = -0.17925877295037118
		i: number = 0
		j: number = 4
		mag: number = 0.0000012754481501393035
		size: number = 5
Paused at 115
	Hit Breakpoint(s) 
	Call Stack: NBodySystem.advance 
	Bindings: body: undefined
		bodyi: object
		bodyj: object
		distance: number = 30.13931132099353
		dt: number = 0.01
		dx: number = -15.379697114850917
		dy: number = 25.919314609987964
		dz: number = -0.17925877295037118
		i: number = 0
		j: number = 4
		mag: number = 3.652582436122329e-7
		size: number = 5
Paused at 105
	Hit Breakpoint(s) 
	Call Stack: NBodySystem.advance 
	Bindings: body: undefined
		bodyi: object
		bodyj: object
		distance: number = 30.13931132099353
		dt: number = 0.01
		dx: number = -3.501935275779859
		dy: number = -5.285118608151733
		dz: number = -0.17925877295037118
		i: number = 1
		j: number = 2
		mag: number = 3.652582436122329e-7
		size: number = 5
Paused at 115
	Hit Breakpoint(s) 
	Call Stack: NBodySystem.advance 
	Bindings: body: undefined
		bodyi: object
		bodyj: object
		distance: number = 6.347122986936391
		dt: number = 0.01
		dx: number = -3.501935275779859
		dy: number = -5.285118608151733
		dz: number = 0.29990137264319827
		i: number = 1
		j: number = 2
		mag: number = 0.000039108328915103506
		size: number = 5
Paused at 116
	Call Stack: NBodySystem.advance 
	Bindings: body: undefined
		bodyi: object
		bodyj: object
		distance: number = 6.347122986936391
		dt: number = 0.01
		dx: number = -3.501935275779859
		dy: number = -5.285118608151733
		dz: number = 0.29990137264319827
		i: number = 1
		j: number = 2
		mag: number = 0.000039108328915103506
		size: number = 5
Paused at 101
	Call Stack: NBodySystem.advance 
	Bindings: body: undefined
		bodyi: object
		bodyj: object
		distance: number = 6.347122986936391
		dt: number = 0.01
		dx: number = -3.501935275779859
		dy: number = -5.285118608151733
		dz: number = 0.29990137264319827
		i: number = 1
		j: number = 2
		mag: number = 0.000039108328915103506
		size: number = 5
Paused at 102
	Call Stack: NBodySystem.advance 
	Bindings: body: undefined
		bodyi: object
		bodyj: object
		distance: number = 6.347122986936391
		dt: number = 0.01
		dx: number = -3.501935275779859
		dy: number = -5.285118608151733
		dz: number = 0.29990137264319827
		i: number = 1
		j: number = 3
		mag: number = 0.000039108328915103506
		size: number = 5
Paused at 103
	Call Stack: NBodySystem.advance 
	Bindings: body: undefined
		bodyi: object
		bodyj: object
		distance: number = 6.347122986936391
		dt: number = 0.01
		dx: number = -3.501935275779859
		dy: number = -5.285118608151733
		dz: number = 0.29990137264319827
		i: number = 1
		j: number = 3
		mag: number = 0.000039108328915103506
		size: number = 5
Paused at 104
	Call Stack: NBodySystem.advance 
	Bindings: body: undefined
		bodyi: object
		bodyj: object
		distance: number = 6.347122986936391
		dt: number = 0.01
		dx: number = -8.05293811967441
		dy: number = -5.285118608151733
		dz: number = 0.29990137264319827
		i: number = 1
		j: number = 3
		mag: number = 0.000039108328915103506
		size: number = 5
Paused at 105
	Call Stack: NBodySystem.advance 
	Bindings: body: undefined
		bodyi: object
		bodyj: object
		distance: number = 6.347122986936391
		dt: number = 0.01
		dx: number = -8.05293811967441
		dy: number = 13.950831357671202
		dz: number = 0.29990137264319827
		i: number = 1
		j: number = 3
		mag: number = 0.000039108328915103506
		size: number = 5
Paused at 107
	Call Stack: NBodySystem.advance 
	Bindings: body: undefined
		bodyi: object
		bodyj: object
		distance: number = 6.347122986936391
		dt: number = 0.01
		dx: number = -8.05293811967441
		dy: number = 13.950831357671202
		dz: number = 0.11968553442153262
		i: number = 1
		j: number = 3
		mag: number = 0.000039108328915103506
		size: number = 5
Paused at 115
	Hit Breakpoint(s) 
	Call Stack: NBodySystem.advance 
	Bindings: body: undefined
		bodyi: object
		bodyj: object
		distance: number = 16.108688107870147
		dt: number = 0.01
		dx: number = -8.05293811967441
		dy: number = 13.950831357671202
		dz: number = 0.11968553442153262
		i: number = 1
		j: number = 3
		mag: number = 0.000002392321158272204
		size: number = 5
Paused at 116
	Call Stack: NBodySystem.advance 
	Bindings: body: undefined
		bodyi: object
		bodyj: object
		distance: number = 16.108688107870147
		dt: number = 0.01
		dx: number = -8.05293811967441
		dy: number = 13.950831357671202
		dz: number = 0.11968553442153262
		i: number = 1
		j: number = 3
		mag: number = 0.000002392321158272204
		size: number = 5
Paused at 105
	Hit Breakpoint(s) 
	Call Stack: NBodySystem.advance 
	Bindings: body: undefined
		bodyi: object
		bodyj: object
		distance: number = 16.108688107870147
		dt: number = 0.01
		dx: number = -10.538265672386196
		dy: number = 24.758994565960535
		dz: number = 0.11968553442153262
		i: number = 1
		j: number = 4
		mag: number = 0.000002392321158272204
		size: number = 5
Paused at 115
	Hit Breakpoint(s) 
	Call Stack: NBodySystem.advance 
	Bindings: body: undefined
		bodyi: object
		bodyj: object
		distance: number = 26.909902951440046
		dt: number = 0.01
		dx: number = -10.538265672386196
		dy: number = 24.758994565960535
		dz: number = -0.2828808174214943
		i: number = 1
		j: number = 4
		mag: number = 5.131727720019968e-7
		size: number = 5
Paused at 116
	Call Stack: NBodySystem.advance 
	Bindings: body: undefined
		bodyi: object
		bodyj: object
		distance: number = 26.909902951440046
		dt: number = 0.01
		dx: number = -10.538265672386196
		dy: number = 24.758994565960535
		dz: number = -0.2828808174214943
		i: number = 1
		j: number = 4
		mag: number = 5.131727720019968e-7
		size: number = 5
Paused at 105
	Hit Breakpoint(s) 
	Call Stack: NBodySystem.advance 
	Bindings: body: undefined
		bodyi: object
		bodyj: object
		distance: number = 26.909902951440046
		dt: number = 0.01
		dx: number = -4.551002843894551
		dy: number = 19.235949965822936
		dz: number = -0.2828808174214943
		i: number = 2
		j: number = 3
		mag: number = 5.131727720019968e-7
		size: number = 5
Paused at 115
	Hit Breakpoint(s) 
	Call Stack: NBodySystem.advance 
	Bindings: body: undefined
		bodyi: object
		bodyj: object
		distance: number = 19.76779895995317
		dt: number = 0.01
		dx: number = -4.551002843894551
		dy: number = 19.235949965822936
		dz: number = -0.18021583822166565
		i: number = 2
		j: number = 3
		mag: number = 0.0000012945685530788925
		size: number = 5
Paused at 116
	Call Stack: NBodySystem.advance 
	Bindings: body: undefined
		bodyi: object
		bodyj: object
		distance: number = 19.76779895995317
		dt: number = 0.01
		dx: number = -4.551002843894551
		dy: number = 19.235949965822936
		dz: number = -0.18021583822166565
		i: number = 2
		j: number = 3
		mag: number = 0.0000012945685530788925
		size: number = 5
Paused at 105
	Hit Breakpoint(s) 
	Call Stack: NBodySystem.advance 
	Bindings: body: undefined
		bodyi: object
		bodyj: object
		distance: number = 19.76779895995317
		dt: number = 0.01
		dx: number = -7.036330396606337
		dy: number = 30.04411317411227
		dz: number = -0.18021583822166565
		i: number = 2
		j: number = 4
		mag: number = 0.0000012945685530788925
		size: number = 5
Paused at 115
	Hit Breakpoint(s) 
	Call Stack: NBodySystem.advance 
	Bindings: body: undefined
		bodyi: object
		bodyj: object
		distance: number = 30.86257145718952
		dt: number = 0.01
		dx: number = -7.036330396606337
		dy: number = 30.04411317411227
		dz: number = -0.5827821900646926
		i: number = 2
		j: number = 4
		mag: number = 3.401760034683001e-7
		size: number = 5
Paused at 116
	Call Stack: NBodySystem.advance 
	Bindings: body: undefined
		bodyi: object
		bodyj: object
		distance: number = 30.86257145718952
		dt: number = 0.01
		dx: number = -7.036330396606337
		dy: number = 30.04411317411227
		dz: number = -0.5827821900646926
		i: number = 2
		j: number = 4
		mag: number = 3.401760034683001e-7
		size: number = 5
Paused at 105
	Hit Breakpoint(s) 
	Call Stack: NBodySystem.advance 
	Bindings: body: undefined
		bodyi: object
		bodyj: object
		distance: number = 30.86257145718952
		dt: number = 0.01
		dx: number = -2.4853275527117855
		dy: number = 10.808163208289333
		dz: number = -0.5827821900646926
		i: number = 3
		j: number = 4
		mag: number = 3.401760034683001e-7
		size: number = 5
Paused at 115
	Hit Breakpoint(s) 
	Call Stack: NBodySystem.advance 
	Bindings: body: undefined
		bodyi: object
		bodyj: object
		distance: number = 11.097535971958989
		dt: number = 0.01
		dx: number = -2.4853275527117855
		dy: number = 10.808163208289333
		dz: number = -0.4025663518430269
		i: number = 3
		j: number = 4
		mag: number = 0.0000073167853704453395
		size: number = 5
Paused at 120
	Hit Breakpoint(s) 
	Call Stack: NBodySystem.advance 
	Bindings: body: undefined
		bodyi: object
		bodyj: object
		distance: number = 11.097535971958989
		dt: number = 0.01
		dx: number = -2.4853275527117855
		dy: number = 10.808163208289333
		dz: number = -0.4025663518430269
		i: number = 5
		j: number = 5
		mag: number = 0.0000073167853704453395
		size: number = 5
Paused at 120
	Hit Breakpoint(s) 
	Call Stack: NBodySystem.advance 
	Bindings: body: object
		bodyi: object
		bodyj: object
		distance: number = 11.097535971958989
		dt: number = 0.01
		dx: number = -2.4853275527117855
		dy: number = 10.808163208289333
		dz: number = -0.4025663518430269
		i: number = 0
		j: number = 5
		mag: number = 0.0000073167853704453395
		size: number = 5
Paused at 121
	Call Stack: NBodySystem.advance 
	Bindings: body: object
		bodyi: object
		bodyj: object
		distance: number = 11.097535971958989
		dt: number = 0.01
		dx: number = -2.4853275527117855
		dy: number = 10.808163208289333
		dz: number = -0.4025663518430269
		i: number = 1
		j: number = 5
		mag: number = 0.0000073167853704453395
		size: number = 5
Paused at 122
	Call Stack: NBodySystem.advance 
	Bindings: body: object
		bodyi: object
		bodyj: object
		distance: number = 11.097535971958989
		dt: number = 0.01
		dx: number = -2.4853275527117855
		dy: number = 10.808163208289333
		dz: number = -0.4025663518430269
		i: number = 1
		j: number = 5
		mag: number = 0.0000073167853704453395
		size: number = 5
Paused at 123
	Call Stack: NBodySystem.advance 
	Bindings: body: object
		bodyi: object
		bodyj: object
		distance: number = 11.097535971958989
		dt: number = 0.01
		dx: number = -2.4853275527117855
		dy: number = 10.808163208289333
		dz: number = -0.4025663518430269
		i: number = 1
		j: number = 5
		mag: number = 0.0000073167853704453395
		size: number = 5
Paused at 124
	Call Stack: NBodySystem.advance 
	Bindings: body: object
		bodyi: object
		bodyj: object
		distance: number = 11.097535971958989
		dt: number = 0.01
		dx: number = -2.4853275527117855
		dy: number = 10.808163208289333
		dz: number = -0.4025663518430269
		i: number = 1
		j: number = 5
		mag: number = 0.0000073167853704453395
		size: number = 5
Paused at 120
	Hit Breakpoint(s) 
	Call Stack: NBodySystem.advance 
	Bindings: body: object
		bodyi: object
		bodyj: object
		distance: number = 11.097535971958989
		dt: number = 0.01
		dx: number = -2.4853275527117855
		dy: number = 10.808163208289333
		dz: number = -0.4025663518430269
		i: number = 1
		j: number = 5
		mag: number = 0.0000073167853704453395
		size: number = 5
Paused at 121
	Call Stack: NBodySystem.advance 
	Bindings: body: object
		bodyi: object
		bodyj: object
		distance: number = 11.097535971958989
		dt: number = 0.01
		dx: number = -2.4853275527117855
		dy: number = 10.808163208289333
		dz: number = -0.4025663518430269
		i: number = 2
		j: number = 5
		mag: number = 0.0000073167853704453395
		size: number = 5
Paused at 120
	Hit Breakpoint(s) 
	Call Stack: NBodySystem.advance 
	Bindings: body: object
		bodyi: object
		bodyj: object
		distance: number = 11.097535971958989
		dt: number = 0.01
		dx: number = -2.4853275527117855
		dy: number = 10.808163208289333
		dz: number = -0.4025663518430269
		i: number = 2
		j: number = 5
		mag: number = 0.0000073167853704453395
		size: number = 5
Paused at 120
	Hit Breakpoint(s) 
	Call Stack: NBodySystem.advance 
	Bindings: body: object
		bodyi: object
		bodyj: object
		distance: number = 11.097535971958989
		dt: number = 0.01
		dx: number = -2.4853275527117855
		dy: number = 10.808163208289333
		dz: number = -0.4025663518430269
		i: number = 3
		j: number = 5
		mag: number = 0.0000073167853704453395
		size: number = 5
Paused at 121
	Call Stack: NBodySystem.advance 
	Bindings: body: object
		bodyi: object
		bodyj: object
		distance: number = 11.097535971958989
		dt: number = 0.01
		dx: number = -2.4853275527117855
		dy: number = 10.808163208289333
		dz: number = -0.4025663518430269
		i: number = 4
		j: number = 5
		mag: number = 0.0000073167853704453395
		size: number = 5
Paused at 122
	Call Stack: NBodySystem.advance 
	Bindings: body: object
		bodyi: object
		bodyj: object
		distance: number = 11.097535971958989
		dt: number = 0.01
		dx: number = -2.4853275527117855
		dy: number = 10.808163208289333
		dz: number = -0.4025663518430269
		i: number = 4
		j: number = 5
		mag: number = 0.0000073167853704453395
		size: number = 5
Paused at 120
	Hit Breakpoint(s) 
	Call Stack: NBodySystem.advance 
	Bindings: body: object
		bodyi: object
		bodyj: object
		distance: number = 11.097535971958989
		dt: number = 0.01
		dx: number = -2.4853275527117855
		dy: number = 10.808163208289333
		dz: number = -0.4025663518430269
		i: number = 4
		j: number = 5
		mag: number = 0.0000073167853704453395
		size: number = 5
Paused at 164
	Hit Breakpoint(s) 
	Call Stack:  
	Bindings: bodies: object
		i: number = 0
		max: number = 300
Paused at 165
	Call Stack:  
	Bindings: bodies: object
		i: number = 1
		max: number = 300
Paused at 97
	Call Stack: NBodySystem.advance 
	Bindings: body: undefined
		bodyi: undefined
		bodyj: undefined
		distance: undefined
		dt: number = 0.01
		dx: undefined
		dy: undefined
		dz: undefined
		i: undefined
		j: undefined
		mag: undefined
		size: undefined
Paused at 99
	Call Stack: NBodySystem.advance 
	Bindings: body: undefined
		bodyi: undefined
		bodyj: undefined
		distance: undefined
		dt: number = 0.01
		dx: undefined
		dy: undefined
		dz: undefined
		i: undefined
		j: undefined
		mag: undefined
		size: number = 5
Paused at 105
	Hit Breakpoint(s) 
	Call Stack: NBodySystem.advance 
	Bindings: body: undefined
		bodyi: object
		bodyj: object
		distance: undefined
		dt: number = 0.01
		dx: number = -4.847343647652642
		dy: number = 1.1321302712678727
		dz: undefined
		i: number = 0
		j: number = 1
		mag: undefined
		size: number = 5
Paused at 107
	Call Stack: NBodySystem.advance 
	Bindings: body: undefined
		bodyi: object
		bodyj: object
		distance: undefined
		dt: number = 0.01
		dx: number = -4.847343647652642
		dy: number = 1.1321302712678727
		dz: number = 0.1038711520111596
		i: number = 0
		j: number = 1
		mag: undefined
		size: number = 5
Paused at 115
	Hit Breakpoint(s) 
	Call Stack: NBodySystem.advance 
	Bindings: body: undefined
		bodyi: object
		bodyj: object
		distance: number = 4.978880256220229
		dt: number = 0.01
		dx: number = -4.847343647652642
		dy: number = 1.1321302712678727
		dz: number = 0.1038711520111596
		i: number = 0
		j: number = 1
		mag: number = 0.00008102237241246551
		size: number = 5
Paused at 116
	Call Stack: NBodySystem.advance 
	Bindings: body: undefined
		bodyi: object
		bodyj: object
		distance: number = 4.978880256220229
		dt: number = 0.01
		dx: number = -4.847343647652642
		dy: number = 1.1321302712678727
		dz: number = 0.1038711520111596
		i: number = 0
		j: number = 1
		mag: number = 0.00008102237241246551
		size: number = 5
Paused at 101
	Call Stack: NBodySystem.advance 
	Bindings: body: undefined
		bodyi: object
		bodyj: object
		distance: number = 4.978880256220229
		dt: number = 0.01
		dx: number = -4.847343647652642
		dy: number = 1.1321302712678727
		dz: number = 0.1038711520111596
		i: number = 0
		j: number = 1
		mag: number = 0.00008102237241246551
		size: number = 5
Paused at 102
	Call Stack: NBodySystem.advance 
	Bindings: body: undefined
		bodyi: object
		bodyj: object
		distance: number = 4.978880256220229
		dt: number = 0.01
		dx: number = -4.847343647652642
		dy: number = 1.1321302712678727
		dz: number = 0.1038711520111596
		i: number = 0
		j: number = 2
		mag: number = 0.00008102237241246551
		size: number = 5
Paused at 105
	Hit Breakpoint(s) 
	Call Stack: NBodySystem.advance 
	Bindings: body: undefined
		bodyi: object
		bodyj: object
		distance: number = 4.978880256220229
		dt: number = 0.01
		dx: number = -8.333221901390786
		dy: number = -4.143067752637826
		dz: number = 0.1038711520111596
		i: number = 0
		j: number = 2
		mag: number = 0.00008102237241246551
		size: number = 5
