Set Breakpoint at 12
Set Breakpoint at 27
Set Breakpoint at 175
Set Breakpoint at 157
Set Breakpoint at 270
Set Breakpoint at 75
Set Breakpoint at 199
Set Breakpoint at 191
Set Breakpoint at 254
Set Breakpoint at 52
Set Breakpoint at 210
Set Breakpoint at 38
Set Breakpoint at 118
Set Breakpoint at 227
Set Breakpoint at 274
Set Breakpoint at 288
Set Breakpoint at 256
Set Breakpoint at 280
Set Breakpoint at 22
Set Breakpoint at 54
Set Breakpoint at 188
Set Breakpoint at 62
Set Breakpoint at 262
Set Breakpoint at 133
Set Breakpoint at 25
Set Breakpoint at 131
Set Breakpoint at 127
Set Breakpoint at 68
Set Breakpoint at 232
resume
resume
stepOver
stepOver
stepOut
resume
stepOver
stepOver
stepOut
resume
stepOver
resume
stepIn
stepOut
stepOut
stepOut
stepOut
stepOut
resume
resume
stepOver
resume
stepOut
stepIn
resume
stepIn
stepIn
resume
stepOut
stepOut
resume
stepOut
stepOver
stepOver
stepOver
stepIn
stepOut
stepOver
resume
stepOut
stepOver
stepOut
resume
resume
stepOver
stepOut
resume
stepOver
stepOver
stepOver
stepIn
resume
stepIn
resume
stepOut
resume
stepOver
stepIn
stepOver
stepOver
stepIn
stepOver
stepIn
stepOut
stepOver
resume
stepOut
stepIn
resume
stepOut
stepIn
stepOut
resume
stepIn
stepOut
resume
stepOut
stepOut
stepOver
stepOver
stepIn
stepOver
resume
stepOver
stepOut
stepOut
stepIn
stepOver
stepOut
resume
stepIn
stepIn
stepIn
resume
stepIn
resume
stepOver
stepOver
stepOver
stepOut
