Set Breakpoint at 10
Set Breakpoint at 27
Set Breakpoint at 166
Set Breakpoint at 147
Set Breakpoint at 274
Set Breakpoint at 76
Set Breakpoint at 195
Set Breakpoint at 184
Set Breakpoint at 260
Set Breakpoint at 57
Set Breakpoint at 213
Set Breakpoint at 46
Set Breakpoint at 112
Set Breakpoint at 231
Set Breakpoint at 276
Set Breakpoint at 288
Set Breakpoint at 262
Set Breakpoint at 2
Set Breakpoint at 60
Set Breakpoint at 183
Set Breakpoint at 67
Set Breakpoint at 267
Set Breakpoint at 126
Set Breakpoint at 34
Set Breakpoint at 124
Set Breakpoint at 121
Set Breakpoint at 73
Set Breakpoint at 240
Set Breakpoint at 259
resume
resume
stepOver
stepOver
stepOut
resume
stepOver
stepOver
stepOut
resume
stepOver
resume
stepIn
stepOut
stepOut
stepOut
stepOut
stepOut
resume
resume
stepOver
resume
stepOut
stepIn
resume
stepIn
stepIn
resume
stepOut
stepOut
resume
stepOut
stepOver
stepOver
stepOver
stepIn
stepOut
stepOver
resume
stepOut
stepOver
stepOut
resume
resume
stepOver
stepOut
resume
stepOver
stepOver
stepOver
stepIn
resume
stepIn
resume
stepOut
resume
stepOver
stepIn
stepOver
stepOver
stepIn
stepOver
stepIn
stepOut
stepOver
resume
stepOut
stepIn
resume
stepOut
stepIn
stepOut
resume
stepIn
stepOut
resume
stepOut
stepOut
stepOver
stepOver
stepIn
stepOver
resume
stepOver
stepOut
stepOut
stepIn
stepOver
stepOut
resume
stepIn
stepIn
stepIn
resume
stepIn
resume
stepOver
stepOver
stepOver
stepOut
