Set Breakpoint at 14
Set Breakpoint at 32
Set Breakpoint at 265
Set Breakpoint at 220
Set Breakpoint at 389
Set Breakpoint at 91
Set Breakpoint at 300
Set Breakpoint at 290
Set Breakpoint at 369
Set Breakpoint at 61
Set Breakpoint at 313
Set Breakpoint at 43
Set Breakpoint at 151
Set Breakpoint at 333
Set Breakpoint at 393
Set Breakpoint at 411
Set Breakpoint at 371
Set Breakpoint at 401
Set Breakpoint at 23
Set Breakpoint at 62
Set Breakpoint at 285
Set Breakpoint at 72
Set Breakpoint at 379
Set Breakpoint at 168
Set Breakpoint at 26
Set Breakpoint at 165
Set Breakpoint at 160
Set Breakpoint at 77
Set Breakpoint at 339
Set Breakpoint at 365
Set Breakpoint at 103
Set Breakpoint at 344
Set Breakpoint at 304
Set Breakpoint at 312
Set Breakpoint at 233
Set Breakpoint at 27
Set Breakpoint at 403
Set Breakpoint at 331
Set Breakpoint at 99
Set Breakpoint at 381
Set Breakpoint at 317
Set Breakpoint at 374
resume
resume
stepOver
stepOver
stepOut
resume
stepOver
stepOver
stepOut
resume
stepOver
resume
stepIn
stepOut
stepOut
stepOut
stepOut
stepOut
resume
resume
stepOver
resume
stepOut
stepIn
resume
stepIn
stepIn
resume
stepOut
stepOut
resume
stepOut
stepOver
stepOver
stepOver
stepIn
stepOut
stepOver
resume
stepOut
stepOver
stepOut
resume
resume
stepOver
stepOut
resume
stepOver
stepOver
stepOver
stepIn
resume
stepIn
resume
stepOut
resume
stepOver
stepIn
stepOver
stepOver
stepIn
stepOver
stepIn
stepOut
stepOver
resume
stepOut
stepIn
resume
stepOut
stepIn
stepOut
resume
stepIn
stepOut
resume
stepOut
stepOut
stepOver
stepOver
stepIn
stepOver
resume
stepOver
stepOut
stepOut
stepIn
stepOver
stepOut
resume
stepIn
stepIn
stepIn
resume
stepIn
resume
stepOver
stepOver
stepOver
stepOut
