231 -> 236
189 -> 192
291 -> 291
254 -> 254
164 -> 164
181 -> 181
200 -> 200
26 -> 28
258 -> 259
48 -> 48
275 -> 276
240 -> 241
73 -> 73
59 -> 59
142 -> 142
262 -> 262
79 -> 80
188 -> 192
150 -> 150
88 -> 88
285 -> 285
160 -> 160
54 -> 57
58 -> 58
32 -> 32
239 -> 239
195 -> 195
256 -> 256
68 -> 69
62 -> 62
81 -> 81
156 -> 156
13 -> 25
17 -> 25
102 -> 102
24 -> 25
263 -> 264
271 -> 271
111 -> 111
85 -> 85
159 -> 160
229 -> 230
169 -> 169
44 -> 44
253 -> 254
139 -> 139
170 -> 171
178 -> 178
274 -> 274
219 -> 219
266 -> 267
211 -> 211
145 -> 145
97 -> 97
224 -> 224
104 -> 104
260 -> 260
252 -> 252
72 -> 72
201 -> 201
152 -> 152
34 -> 35
130 -> 130
205 -> 205
220 -> 222
216 -> 217
241 -> 252
11 -> 25
43 -> 44
227 -> 227
27 -> 28
70 -> 71
116 -> 116
57 -> 69
149 -> 149
55 -> 57
60 -> 60
212 -> 212
39 -> 44
288 -> 288
245 -> 247
4 -> 4
46 -> 46
248 -> 248
250 -> 250
112 -> 112
221 -> 222
177 -> 177
41 -> 44
234 -> 236
132 -> 132
280 -> 282
296 -> 296
161 -> 162
49 -> 50
37 -> 38
196 -> 196
283 -> 285
93 -> 93
124 -> 125
176 -> 177
255 -> 255
45 -> 46
300 -> 300
122 -> 123
105 -> 105
99 -> 99
6 -> 7
51 -> 51
107 -> 107
246 -> 247
158 -> 160
183 -> 183
66 -> 66
191 -> 192
16 -> 25
174 -> 174
114 -> 114
222 -> 225
286 -> 286
137 -> 137
108 -> 109
223 -> 224
76 -> 76
225 -> 227
35 -> 46
118 -> 118
151 -> 151
207 -> 211
157 -> 160
53 -> 53
91 -> 92
117 -> 118
2 -> 2
171 -> 174
89 -> 89
236 -> 252
265 -> 265
20 -> 25
42 -> 44
261 -> 261
163 -> 163
113 -> 114
31 -> 32
21 -> 25
249 -> 249
269 -> 271
10 -> 25
120 -> 120
289 -> 289
235 -> 236
202 -> 203
198 -> 200
140 -> 141
67 -> 67
193 -> 193
3 -> 4
218 -> 219
277 -> 278
186 -> 192
0 -> 1
213 -> 217
187 -> 192
166 -> 167
136 -> 136
64 -> 64
242 -> 247
232 -> 236
175 -> 177
214 -> 217
267 -> 291
287 -> 288
162 -> 165
167 -> 169
128 -> 128
36 -> 38
299 -> 299
185 -> 185
23 -> 25
278 -> 291
