128 -> 128
193 -> 193
68 -> 69
114 -> 114
116 -> 116
11 -> 25
45 -> 46
113 -> 114
287 -> 288
248 -> 248
175 -> 177
176 -> 177
42 -> 44
205 -> 205
16 -> 25
260 -> 260
60 -> 60
229 -> 230
117 -> 118
2 -> 2
64 -> 64
170 -> 171
185 -> 185
202 -> 203
252 -> 252
181 -> 181
122 -> 123
239 -> 239
10 -> 25
265 -> 265
35 -> 35
151 -> 151
76 -> 76
102 -> 102
140 -> 141
225 -> 225
49 -> 50
253 -> 254
4 -> 4
20 -> 25
219 -> 219
220 -> 222
183 -> 183
159 -> 160
234 -> 236
289 -> 289
286 -> 286
255 -> 255
162 -> 162
221 -> 222
242 -> 247
283 -> 285
195 -> 195
93 -> 93
0 -> 1
200 -> 200
107 -> 107
261 -> 261
136 -> 136
44 -> 46
212 -> 212
37 -> 38
191 -> 192
105 -> 105
108 -> 109
177 -> 181
97 -> 97
218 -> 219
171 -> 174
23 -> 25
130 -> 130
6 -> 7
178 -> 178
246 -> 247
57 -> 57
24 -> 25
250 -> 250
59 -> 59
73 -> 73
249 -> 249
124 -> 125
296 -> 296
142 -> 142
224 -> 224
41 -> 44
157 -> 160
91 -> 92
66 -> 66
278 -> 278
58 -> 58
267 -> 267
152 -> 152
223 -> 224
158 -> 160
85 -> 85
280 -> 282
112 -> 112
236 -> 252
160 -> 165
34 -> 35
241 -> 241
21 -> 25
207 -> 211
163 -> 163
211 -> 225
262 -> 262
118 -> 120
201 -> 201
240 -> 241
254 -> 257
169 -> 169
214 -> 217
13 -> 25
36 -> 38
120 -> 123
288 -> 291
174 -> 177
39 -> 44
3 -> 4
32 -> 32
132 -> 132
186 -> 192
17 -> 25
198 -> 200
99 -> 99
161 -> 162
299 -> 299
258 -> 259
274 -> 274
27 -> 28
256 -> 256
139 -> 139
285 -> 291
269 -> 271
156 -> 156
188 -> 192
231 -> 236
235 -> 236
67 -> 67
187 -> 192
277 -> 278
166 -> 167
232 -> 236
245 -> 247
216 -> 217
164 -> 164
222 -> 225
266 -> 267
26 -> 28
150 -> 150
43 -> 44
