0 -> 1
2 -> 2
3 -> 4
4 -> 7
6 -> 7
10 -> 25
11 -> 25
13 -> 25
16 -> 25
17 -> 25
20 -> 25
21 -> 25
23 -> 25
24 -> 25
26 -> 28
27 -> 28
31 -> 32
32 -> 46
34 -> 35
35 -> 35
36 -> 38
37 -> 38
39 -> 44
41 -> 44
42 -> 44
43 -> 44
44 -> 46
45 -> 46
46 -> 50
48 -> 48
49 -> 50
51 -> 51
53 -> 53
54 -> 57
55 -> 57
57 -> 69
58 -> 58
59 -> 59
60 -> 60
62 -> 62
64 -> 64
66 -> 66
67 -> 67
68 -> 69
70 -> 71
72 -> 72
73 -> 73
76 -> 76
79 -> 80
81 -> 81
85 -> 85
88 -> 88
89 -> 89
91 -> 92
93 -> 93
97 -> 97
99 -> 99
102 -> 102
104 -> 104
105 -> 105
107 -> 107
108 -> 109
111 -> 111
112 -> 112
113 -> 114
114 -> 114
116 -> 116
117 -> 118
118 -> 120
120 -> 120
122 -> 123
124 -> 125
128 -> 128
130 -> 130
132 -> 132
136 -> 136
137 -> 137
139 -> 139
140 -> 141
142 -> 142
145 -> 145
149 -> 149
150 -> 150
151 -> 151
152 -> 152
156 -> 156
157 -> 160
158 -> 160
159 -> 160
160 -> 160
161 -> 162
162 -> 165
163 -> 163
164 -> 164
166 -> 167
167 -> 167
169 -> 169
170 -> 171
171 -> 174
174 -> 174
175 -> 177
176 -> 177
177 -> 177
178 -> 178
181 -> 181
183 -> 183
185 -> 185
186 -> 192
187 -> 192
188 -> 192
189 -> 192
191 -> 192
193 -> 193
195 -> 195
196 -> 196
198 -> 200
200 -> 225
201 -> 201
202 -> 203
205 -> 205
207 -> 211
211 -> 211
212 -> 212
213 -> 217
214 -> 217
216 -> 217
218 -> 219
219 -> 219
220 -> 222
221 -> 222
222 -> 222
223 -> 224
224 -> 224
225 -> 225
227 -> 227
229 -> 230
231 -> 236
232 -> 236
234 -> 236
235 -> 236
236 -> 236
239 -> 239
240 -> 241
241 -> 252
242 -> 247
245 -> 247
246 -> 247
248 -> 248
249 -> 249
250 -> 250
252 -> 252
253 -> 254
254 -> 254
255 -> 255
256 -> 256
258 -> 259
260 -> 260
261 -> 261
262 -> 262
263 -> 264
265 -> 265
266 -> 267
267 -> 267
269 -> 271
271 -> 271
274 -> 274
275 -> 276
277 -> 278
278 -> 291
280 -> 282
283 -> 285
285 -> 291
286 -> 286
287 -> 288
288 -> 291
289 -> 289
291 -> 297
296 -> 296
299 -> 299
300 -> 300
