0 -> 1
4 -> 4
11 -> 25
13 -> 25
26 -> 28
27 -> 28
32 -> 32
37 -> 38
39 -> 44
42 -> 44
43 -> 44
44 -> 44
45 -> 46
49 -> 50
57 -> 57
66 -> 66
67 -> 67
73 -> 73
108 -> 109
112 -> 112
113 -> 114
118 -> 118
122 -> 123
128 -> 128
132 -> 132
139 -> 139
150 -> 150
152 -> 152
156 -> 156
159 -> 160
160 -> 165
178 -> 178
185 -> 185
187 -> 192
188 -> 192
193 -> 193
198 -> 200
200 -> 225
202 -> 203
205 -> 205
207 -> 211
212 -> 212
219 -> 219
221 -> 222
222 -> 222
229 -> 230
231 -> 236
235 -> 236
240 -> 241
241 -> 241
254 -> 254
260 -> 260
261 -> 261
267 -> 267
274 -> 274
277 -> 278
280 -> 282
287 -> 288
288 -> 291
296 -> 296
