122 -> 123
198 -> 200
57 -> 57
113 -> 114
118 -> 118
27 -> 28
49 -> 50
0 -> 1
288 -> 288
254 -> 254
193 -> 193
43 -> 44
67 -> 67
212 -> 212
39 -> 44
267 -> 267
26 -> 28
235 -> 236
156 -> 156
32 -> 32
128 -> 128
200 -> 225
112 -> 112
222 -> 222
66 -> 66
37 -> 38
187 -> 192
260 -> 260
188 -> 192
280 -> 282
44 -> 46
205 -> 205
150 -> 150
160 -> 160
207 -> 211
152 -> 152
261 -> 261
277 -> 278
108 -> 109
231 -> 236
185 -> 185
4 -> 4
241 -> 241
73 -> 73
274 -> 274
296 -> 296
229 -> 230
287 -> 288
42 -> 44
45 -> 46
159 -> 160
178 -> 178
219 -> 219
240 -> 241
13 -> 25
221 -> 222
202 -> 203
132 -> 132
11 -> 25
139 -> 139
