13 -> 13
21 -> 21
24 -> 24
26 -> 26
33 -> 33
42 -> 42
43 -> 43
45 -> 45
47 -> 47
55 -> 55
58 -> 58
62 -> 62
64 -> 64
65 -> 65
70 -> 70
96 -> 96
99 -> 99
105 -> 105
109 -> 109
110 -> 110
111 -> 111
112 -> 112
113 -> 113
115 -> 115
118 -> 118
119 -> 119
120 -> 120
121 -> 121
125 -> 125
128 -> 128
139 -> 139
147 -> 147
151 -> 151
155 -> 155
163 -> 163
183 -> 183
193 -> 193
194 -> 194
202 -> 202
206 -> 206
207 -> 207
214 -> 214
215 -> 215
216 -> 216
226 -> 226
227 -> 227
228 -> 228
231 -> 231
233 -> 233
234 -> 234
241 -> 241
243 -> 243
247 -> 247
254 -> 254
257 -> 257
281 -> 281
290 -> 290
291 -> 291
