58 -> 58
65 -> 65
147 -> 147
193 -> 193
21 -> 21
155 -> 155
206 -> 206
202 -> 202
215 -> 215
115 -> 115
139 -> 139
47 -> 47
55 -> 55
290 -> 290
119 -> 119
111 -> 111
112 -> 112
234 -> 234
291 -> 291
247 -> 247
118 -> 118
243 -> 243
120 -> 120
231 -> 231
43 -> 43
121 -> 121
26 -> 26
96 -> 96
216 -> 216
62 -> 62
70 -> 70
194 -> 194
257 -> 257
207 -> 207
228 -> 228
226 -> 226
113 -> 113
128 -> 128
13 -> 13
109 -> 109
183 -> 183
33 -> 33
125 -> 125
110 -> 110
24 -> 24
281 -> 281
42 -> 42
163 -> 163
151 -> 151
45 -> 45
99 -> 99
254 -> 254
241 -> 241
105 -> 105
233 -> 233
227 -> 227
64 -> 64
214 -> 214
