62 -> 62
69 -> 69
120 -> 120
147 -> 147
65 -> 65
125 -> 125
164 -> 164
152 -> 152
175 -> 175
87 -> 87
111 -> 111
173 -> 173
84 -> 84
285 -> 285
33 -> 33
14 -> 14
70 -> 70
218 -> 218
292 -> 292
241 -> 241
47 -> 47
230 -> 230
74 -> 74
186 -> 186
15 -> 15
68 -> 68
105 -> 105
118 -> 118
143 -> 143
23 -> 23
112 -> 112
98 -> 98
245 -> 245
106 -> 106
25 -> 25
123 -> 123
75 -> 75
60 -> 60
85 -> 85
287 -> 287
108 -> 108
250 -> 250
86 -> 86
58 -> 58
26 -> 26
243 -> 243
42 -> 42
24 -> 24
185 -> 185
45 -> 45
114 -> 114
127 -> 127
116 -> 116
246 -> 246
66 -> 66
110 -> 110
204 -> 204
156 -> 156
64 -> 64
291 -> 291
155 -> 155
82 -> 82
115 -> 115
113 -> 113
281 -> 281
242 -> 242
203 -> 203
289 -> 289
67 -> 67
48 -> 48
247 -> 247
55 -> 55
34 -> 34
21 -> 21
53 -> 53
231 -> 231
92 -> 92
130 -> 130
282 -> 282
99 -> 99
144 -> 144
126 -> 126
81 -> 81
290 -> 290
167 -> 167
139 -> 139
254 -> 254
95 -> 95
119 -> 119
217 -> 217
59 -> 59
102 -> 102
72 -> 72
97 -> 97
215 -> 215
140 -> 140
169 -> 169
121 -> 121
234 -> 234
77 -> 77
78 -> 78
52 -> 52
103 -> 103
88 -> 88
227 -> 227
76 -> 76
91 -> 91
80 -> 80
79 -> 79
228 -> 228
132 -> 132
104 -> 104
207 -> 207
255 -> 255
248 -> 248
251 -> 251
117 -> 117
166 -> 166
216 -> 216
50 -> 50
151 -> 151
89 -> 89
184 -> 184
219 -> 219
22 -> 22
128 -> 128
100 -> 100
96 -> 96
61 -> 61
170 -> 170
54 -> 54
71 -> 71
94 -> 94
43 -> 43
257 -> 257
57 -> 57
226 -> 226
233 -> 233
46 -> 46
122 -> 122
205 -> 205
101 -> 101
206 -> 206
194 -> 194
13 -> 13
174 -> 174
63 -> 63
83 -> 83
183 -> 183
202 -> 202
193 -> 193
109 -> 109
93 -> 93
148 -> 148
163 -> 163
214 -> 214
