203 -> 203
147 -> 147
289 -> 289
228 -> 228
119 -> 119
132 -> 132
156 -> 156
45 -> 45
233 -> 233
61 -> 61
251 -> 251
215 -> 215
77 -> 77
69 -> 69
108 -> 108
242 -> 242
79 -> 79
14 -> 14
110 -> 110
82 -> 82
281 -> 281
117 -> 117
67 -> 67
25 -> 25
50 -> 50
214 -> 214
152 -> 152
26 -> 26
76 -> 76
72 -> 72
53 -> 53
114 -> 114
109 -> 109
74 -> 74
89 -> 89
71 -> 71
245 -> 245
248 -> 248
95 -> 95
84 -> 84
118 -> 118
13 -> 13
126 -> 126
24 -> 24
230 -> 230
57 -> 57
127 -> 127
140 -> 140
250 -> 250
184 -> 184
247 -> 247
173 -> 173
113 -> 113
91 -> 91
202 -> 202
94 -> 94
47 -> 47
21 -> 21
111 -> 111
167 -> 167
55 -> 55
116 -> 116
46 -> 46
170 -> 170
193 -> 193
85 -> 85
218 -> 218
96 -> 96
216 -> 216
204 -> 204
70 -> 70
231 -> 231
103 -> 103
34 -> 34
97 -> 97
80 -> 80
68 -> 68
102 -> 102
86 -> 86
287 -> 287
226 -> 226
62 -> 62
104 -> 104
92 -> 92
81 -> 81
175 -> 175
43 -> 43
151 -> 151
98 -> 98
105 -> 105
241 -> 241
54 -> 54
290 -> 290
234 -> 234
125 -> 125
217 -> 217
174 -> 174
282 -> 282
207 -> 207
83 -> 83
155 -> 155
93 -> 93
243 -> 243
292 -> 292
65 -> 65
185 -> 185
246 -> 246
48 -> 48
101 -> 101
33 -> 33
122 -> 122
99 -> 99
87 -> 87
52 -> 52
183 -> 183
169 -> 169
100 -> 100
78 -> 78
128 -> 128
112 -> 112
255 -> 255
63 -> 63
120 -> 120
164 -> 164
206 -> 206
121 -> 121
22 -> 22
194 -> 194
257 -> 257
42 -> 42
15 -> 15
143 -> 143
166 -> 166
186 -> 186
64 -> 64
123 -> 123
163 -> 163
219 -> 219
285 -> 285
75 -> 75
58 -> 58
60 -> 60
130 -> 130
144 -> 144
59 -> 59
254 -> 254
106 -> 106
66 -> 66
23 -> 23
88 -> 88
148 -> 148
115 -> 115
227 -> 227
139 -> 139
291 -> 291
205 -> 205
