60 -> 60
68 -> 68
120 -> 120
148 -> 148
64 -> 64
127 -> 127
166 -> 166
152 -> 152
184 -> 184
87 -> 87
112 -> 112
175 -> 175
85 -> 85
287 -> 287
33 -> 33
69 -> 69
70 -> 70
219 -> 219
292 -> 292
242 -> 242
47 -> 47
231 -> 231
72 -> 72
194 -> 194
121 -> 121
14 -> 14
108 -> 108
119 -> 119
147 -> 147
23 -> 23
113 -> 113
100 -> 100
245 -> 245
109 -> 109
155 -> 155
65 -> 65
76 -> 76
54 -> 54
46 -> 46
45 -> 45
110 -> 110
250 -> 250
88 -> 88
58 -> 58
185 -> 185
13 -> 13
183 -> 183
24 -> 24
81 -> 81
57 -> 57
116 -> 116
139 -> 139
63 -> 63
246 -> 246
102 -> 102
66 -> 66
207 -> 207
86 -> 86
130 -> 130
291 -> 291
163 -> 163
26 -> 26
118 -> 118
117 -> 117
282 -> 282
243 -> 243
206 -> 206
290 -> 290
94 -> 94
67 -> 67
248 -> 248
233 -> 233
91 -> 91
48 -> 48
53 -> 53
234 -> 234
156 -> 156
22 -> 22
285 -> 285
144 -> 144
115 -> 115
140 -> 140
111 -> 111
101 -> 101
43 -> 43
151 -> 151
255 -> 255
71 -> 71
257 -> 257
227 -> 227
128 -> 128
84 -> 84
25 -> 25
170 -> 170
50 -> 50
173 -> 173
83 -> 83
78 -> 78
62 -> 62
254 -> 254
186 -> 186
52 -> 52
215 -> 215
59 -> 59
114 -> 114
79 -> 79
202 -> 202
203 -> 203
97 -> 97
104 -> 104
21 -> 21
99 -> 99
93 -> 93
281 -> 281
126 -> 126
125 -> 125
96 -> 96
241 -> 241
230 -> 230
164 -> 164
204 -> 204
214 -> 214
228 -> 228
75 -> 75
247 -> 247
218 -> 218
226 -> 226
42 -> 42
15 -> 15
95 -> 95
193 -> 193
205 -> 205
217 -> 217
103 -> 103
80 -> 80
289 -> 289
143 -> 143
105 -> 105
167 -> 167
106 -> 106
34 -> 34
74 -> 74
216 -> 216
92 -> 92
55 -> 55
132 -> 132
