95 -> 95
144 -> 144
70 -> 70
86 -> 86
87 -> 87
24 -> 24
60 -> 60
21 -> 21
289 -> 289
219 -> 219
121 -> 121
34 -> 34
58 -> 58
156 -> 156
287 -> 287
241 -> 241
67 -> 67
194 -> 194
91 -> 91
14 -> 14
48 -> 48
118 -> 118
132 -> 132
155 -> 155
228 -> 228
128 -> 128
94 -> 94
207 -> 207
62 -> 62
246 -> 246
52 -> 52
104 -> 104
72 -> 72
81 -> 81
102 -> 102
50 -> 50
63 -> 63
230 -> 230
88 -> 88
42 -> 42
175 -> 175
183 -> 183
130 -> 130
111 -> 111
205 -> 205
290 -> 290
285 -> 285
233 -> 233
114 -> 114
185 -> 185
217 -> 217
281 -> 281
148 -> 148
79 -> 79
96 -> 96
152 -> 152
84 -> 84
243 -> 243
101 -> 101
80 -> 80
167 -> 167
74 -> 74
53 -> 53
83 -> 83
85 -> 85
127 -> 127
184 -> 184
78 -> 78
76 -> 76
45 -> 45
245 -> 245
216 -> 216
100 -> 100
218 -> 218
97 -> 97
163 -> 163
59 -> 59
282 -> 282
214 -> 214
227 -> 227
43 -> 43
292 -> 292
147 -> 147
71 -> 71
140 -> 140
64 -> 64
126 -> 126
55 -> 55
257 -> 257
65 -> 65
248 -> 248
93 -> 93
193 -> 193
215 -> 215
186 -> 186
92 -> 92
234 -> 234
69 -> 69
99 -> 99
204 -> 204
66 -> 66
291 -> 291
113 -> 113
226 -> 226
105 -> 105
139 -> 139
202 -> 202
143 -> 143
22 -> 22
164 -> 164
103 -> 103
110 -> 110
203 -> 203
250 -> 250
75 -> 75
117 -> 117
170 -> 170
120 -> 120
231 -> 231
46 -> 46
116 -> 116
242 -> 242
13 -> 13
173 -> 173
119 -> 119
25 -> 25
108 -> 108
112 -> 112
255 -> 255
23 -> 23
47 -> 47
33 -> 33
15 -> 15
54 -> 54
68 -> 68
254 -> 254
115 -> 115
166 -> 166
26 -> 26
106 -> 106
109 -> 109
125 -> 125
151 -> 151
57 -> 57
247 -> 247
206 -> 206
