112 -> 112
183 -> 183
70 -> 70
111 -> 111
13 -> 13
42 -> 42
65 -> 65
33 -> 33
290 -> 290
233 -> 233
163 -> 163
58 -> 58
96 -> 96
207 -> 207
47 -> 47
247 -> 247
26 -> 26
227 -> 227
125 -> 125
43 -> 43
115 -> 115
194 -> 194
110 -> 110
215 -> 215
243 -> 243
113 -> 113
155 -> 155
234 -> 234
62 -> 62
257 -> 257
109 -> 109
202 -> 202
120 -> 120
21 -> 21
206 -> 206
241 -> 241
118 -> 118
254 -> 254
119 -> 119
228 -> 228
151 -> 151
147 -> 147
55 -> 55
139 -> 139
45 -> 45
291 -> 291
105 -> 105
281 -> 281
214 -> 214
128 -> 128
231 -> 231
216 -> 216
121 -> 121
99 -> 99
64 -> 64
24 -> 24
193 -> 193
226 -> 226
