Set Breakpoint at 14
Set Breakpoint at 32
Set Breakpoint at 212
Set Breakpoint at 190
Set Breakpoint at 328
Set Breakpoint at 90
Set Breakpoint at 242
Set Breakpoint at 231
Set Breakpoint at 309
Set Breakpoint at 61
Set Breakpoint at 254
Set Breakpoint at 43
Set Breakpoint at 142
Set Breakpoint at 275
Set Breakpoint at 332
Set Breakpoint at 350
Set Breakpoint at 340
Set Breakpoint at 23
Set Breakpoint at 62
Set Breakpoint at 226
Set Breakpoint at 71
Set Breakpoint at 318
Set Breakpoint at 159
Set Breakpoint at 26
Set Breakpoint at 155
Set Breakpoint at 151
Set Breakpoint at 77
Set Breakpoint at 280
Set Breakpoint at 305
Set Breakpoint at 103
Set Breakpoint at 285
Set Breakpoint at 245
Set Breakpoint at 253
Set Breakpoint at 197
Set Breakpoint at 27
Set Breakpoint at 342
Set Breakpoint at 273
Set Breakpoint at 99
Set Breakpoint at 320
Set Breakpoint at 258
Set Breakpoint at 314
Set Breakpoint at 76
Set Breakpoint at 58
Set Breakpoint at 206
Set Breakpoint at 294
Set Breakpoint at 6
Set Breakpoint at 239
Set Breakpoint at 241
Set Breakpoint at 1
Set Breakpoint at 164
Set Breakpoint at 119
Set Breakpoint at 193
Set Breakpoint at 31
Set Breakpoint at 39
Set Breakpoint at 256
Set Breakpoint at 45
Set Breakpoint at 50
Set Breakpoint at 218
Set Breakpoint at 191
Set Breakpoint at 259
Set Breakpoint at 187
Set Breakpoint at 330
Set Breakpoint at 215
Set Breakpoint at 54
Set Breakpoint at 9
Set Breakpoint at 92
Set Breakpoint at 323
Set Breakpoint at 51
Set Breakpoint at 345
Set Breakpoint at 133
Set Breakpoint at 146
resume
resume
stepOver
stepOver
stepOut
resume
stepOver
stepOver
stepOut
resume
stepOver
resume
stepIn
stepOut
stepOut
stepOut
stepOut
stepOut
resume
resume
stepOver
resume
stepOut
stepIn
resume
stepIn
stepIn
resume
stepOut
stepOut
resume
stepOut
stepOver
stepOver
stepOver
stepIn
stepOut
stepOver
resume
stepOut
stepOver
stepOut
resume
resume
stepOver
stepOut
resume
stepOver
stepOver
stepOver
stepIn
resume
stepIn
resume
stepOut
resume
stepOver
stepIn
stepOver
stepOver
stepIn
stepOver
stepIn
stepOut
stepOver
resume
stepOut
stepIn
resume
stepOut
stepIn
stepOut
resume
stepIn
stepOut
resume
stepOut
stepOut
stepOver
stepOver
stepIn
stepOver
resume
stepOver
stepOut
stepOut
stepIn
stepOver
stepOut
resume
stepIn
stepIn
stepIn
resume
stepIn
resume
stepOver
stepOver
stepOver
stepOut
