Set Breakpoint at 18
Set Breakpoint at 40
Set Breakpoint at 267
Set Breakpoint at 239
Set Breakpoint at 413
Set Breakpoint at 113
Set Breakpoint at 303
Set Breakpoint at 290
Set Breakpoint at 388
Set Breakpoint at 75
Set Breakpoint at 319
Set Breakpoint at 52
Set Breakpoint at 177
Set Breakpoint at 345
Set Breakpoint at 418
Set Breakpoint at 440
Set Breakpoint at 428
Set Breakpoint at 24
Set Breakpoint at 73
Set Breakpoint at 283
Set Breakpoint at 85
Set Breakpoint at 399
Set Breakpoint at 196
Set Breakpoint at 26
Set Breakpoint at 192
Set Breakpoint at 186
Set Breakpoint at 91
Set Breakpoint at 351
Set Breakpoint at 383
Set Breakpoint at 123
Set Breakpoint at 357
Set Breakpoint at 306
Set Breakpoint at 316
Set Breakpoint at 243
Set Breakpoint at 184
Set Breakpoint at 429
Set Breakpoint at 341
Set Breakpoint at 116
Set Breakpoint at 402
Set Breakpoint at 321
Set Breakpoint at 394
Set Breakpoint at 86
Set Breakpoint at 62
Set Breakpoint at 254
Set Breakpoint at 367
Set Breakpoint at 103
Set Breakpoint at 297
Set Breakpoint at 298
Set Breakpoint at 343
Set Breakpoint at 199
Set Breakpoint at 140
Set Breakpoint at 236
Set Breakpoint at 118
Set Breakpoint at 368
Set Breakpoint at 112
Set Breakpoint at 317
Set Breakpoint at 252
Set Breakpoint at 38
Set Breakpoint at 3
Set Breakpoint at 231
Set Breakpoint at 41
Set Breakpoint at 226
Set Breakpoint at 5
Set Breakpoint at 263
Set Breakpoint at 115
Set Breakpoint at 386
Set Breakpoint at 197
Set Breakpoint at 99
Set Breakpoint at 404
Set Breakpoint at 195
Set Breakpoint at 433
Set Breakpoint at 152
Set Breakpoint at 169
Set Breakpoint at 408
Set Breakpoint at 80
Set Breakpoint at 409
Set Breakpoint at 382
Set Breakpoint at 280
Set Breakpoint at 265
Set Breakpoint at 233
Set Breakpoint at 305
Set Breakpoint at 127
Set Breakpoint at 346
Set Breakpoint at 373
Set Breakpoint at 374
Set Breakpoint at 51
Set Breakpoint at 349
Set Breakpoint at 420
Set Breakpoint at 161
resume
resume
stepOver
stepOver
stepOut
resume
stepOver
stepOver
stepOut
resume
stepOver
resume
stepIn
stepOut
stepOut
stepOut
stepOut
stepOut
resume
resume
stepOver
resume
stepOut
stepIn
resume
stepIn
stepIn
resume
stepOut
stepOut
resume
stepOut
stepOver
stepOver
stepOver
stepIn
stepOut
stepOver
resume
stepOut
stepOver
stepOut
resume
resume
stepOver
stepOut
resume
stepOver
stepOver
stepOver
stepIn
resume
stepIn
resume
stepOut
resume
stepOver
stepIn
stepOver
stepOver
stepIn
stepOver
stepIn
stepOut
stepOver
resume
stepOut
stepIn
resume
stepOut
stepIn
stepOut
resume
stepIn
stepOut
resume
stepOut
stepOut
stepOver
stepOver
stepIn
stepOver
resume
stepOver
stepOut
stepOut
stepIn
stepOver
stepOut
resume
stepIn
stepIn
stepIn
resume
stepIn
resume
stepOver
stepOver
stepOver
stepOut
