Breakpoint Set at 7
Breakpoint Set at 7
Breakpoint Set at 31
Breakpoint Set at 27
Breakpoint Set at 44
Breakpoint Set at 18
Breakpoint Set at 34
Breakpoint Set at 33
Breakpoint Set at 42
Paused at 31
	Hit Breakpoint(s) 
	Call Stack: sieve 
	Bindings: flags: undefined
		i: undefined
		m: undefined
		sum: undefined
Paused at 33
	Hit Breakpoint(s) 
	Call Stack: sieve 
	Bindings: flags: undefined
		i: number = 1
		m: undefined
		sum: number = 0
Paused at 34
	Hit Breakpoint(s) 
	Call Stack: sieve 
	Bindings: flags: undefined
		i: number = 1
		m: number = 20000
		sum: number = 0
Paused at 35
	Call Stack: sieve 
	Bindings: flags: array
		i: number = 1
		m: number = 20000
		sum: number = 0
Paused at 18
	Hit Breakpoint(s) 
	Call Stack: nsieve, sieve 
	Bindings: count: undefined
		i: undefined
		isPrime: array
		k: undefined
		m: number = 20000
Paused at 27
	Hit Breakpoint(s) 
	Call Stack: nsieve, sieve 
	Bindings: count: number = 2262
		i: number = 20001
		isPrime: array
		k: number = 39994
		m: number = 20000
Paused at 33
	Hit Breakpoint(s) 
	Call Stack: sieve 
	Bindings: flags: array
		i: number = 2
		m: number = 20000
		sum: number = 2262
Paused at 34
	Call Stack: sieve 
	Bindings: flags: array
		i: number = 2
		m: number = 40000
		sum: number = 2262
Paused at 35
	Call Stack: sieve 
	Bindings: flags: array
		i: number = 2
		m: number = 40000
		sum: number = 2262
Paused at 18
	Hit Breakpoint(s) 
	Call Stack: nsieve, sieve 
	Bindings: count: undefined
		i: undefined
		isPrime: array
		k: undefined
		m: number = 40000
Paused at 27
	Hit Breakpoint(s) 
	Call Stack: nsieve, sieve 
	Bindings: count: number = 4203
		i: number = 40001
		isPrime: array
		k: number = 79978
		m: number = 40000
Paused at 28
	Call Stack: nsieve, sieve 
	Bindings: count: number = 4203
		i: number = 40001
		isPrime: array
		k: number = 79978
		m: number = 40000
Paused at 33
	Hit Breakpoint(s) 
	Call Stack: sieve 
	Bindings: flags: array
		i: number = 3
		m: number = 40000
		sum: number = 6465
Paused at 34
	Call Stack: sieve 
	Bindings: flags: array
		i: number = 3
		m: number = 80000
		sum: number = 6465
Paused at 34
	Hit Breakpoint(s) 
	Call Stack: sieve 
	Bindings: flags: array
		i: number = 3
		m: number = 80000
		sum: number = 6465
Paused at 18
	Hit Breakpoint(s) 
	Call Stack: nsieve, sieve 
	Bindings: count: undefined
		i: undefined
		isPrime: array
		k: undefined
		m: number = 80000
Paused at 27
	Hit Breakpoint(s) 
	Call Stack: nsieve, sieve 
	Bindings: count: number = 7837
		i: number = 80001
		isPrime: array
		k: number = 159998
		m: number = 80000
Paused at 28
	Call Stack: nsieve, sieve 
	Bindings: count: number = 7837
		i: number = 80001
		isPrime: array
		k: number = 159998
		m: number = 80000
Paused at 38
	Call Stack: sieve 
	Bindings: flags: array
		i: number = 4
		m: number = 80000
		sum: number = 14302
Paused at 42
	Hit Breakpoint(s) 
	Call Stack:  
	Bindings: 
Paused at 44
	Hit Breakpoint(s) 
	Call Stack:  
	Bindings: 
Paused at 44
	Call Stack:  
	Bindings: 
