Breakpoint Set at 3
Breakpoint Set at 36
Breakpoint Set at 36
Breakpoint Set at 25
Breakpoint Set at 39
Breakpoint Set at 25
Breakpoint Set at 30
Breakpoint Set at 30
Paused at 3
	Hit Breakpoint(s) 
	Call Stack:  
	Bindings: 
Paused at 36
	Hit Breakpoint(s) 
	Call Stack:  
	Bindings: 
Paused at 30
	Hit Breakpoint(s) 
	Call Stack: TimeFunc 
	Bindings: func: function
		sum: undefined
		t: undefined
		x: undefined
		y: undefined
Paused at 31
	Call Stack: TimeFunc 
	Bindings: func: function
		sum: number = 0
		t: undefined
		x: undefined
		y: undefined
Paused at 31
	Call Stack: TimeFunc 
	Bindings: func: function
		sum: number = 0
		t: undefined
		x: number = 0
		y: undefined
Paused at 25
	Hit Breakpoint(s) 
	Call Stack: fast3bitlookup, TimeFunc 
	Bindings: b: number = 0
		bi3b: number = 59796
		c: number = 0
Paused at 25
	Hit Breakpoint(s) 
	Call Stack: fast3bitlookup, TimeFunc 
	Bindings: b: number = 1
		bi3b: number = 59796
		c: number = 1
Paused at 32
	Call Stack: TimeFunc 
	Bindings: func: function
		sum: number = 1
		t: undefined
		x: number = 0
		y: number = 1
Paused at 32
	Call Stack: TimeFunc 
	Bindings: func: function
		sum: number = 1
		t: undefined
		x: number = 0
		y: number = 2
Paused at 25
	Hit Breakpoint(s) 
	Call Stack: fast3bitlookup, TimeFunc 
	Bindings: b: number = 2
		bi3b: number = 59796
		c: number = 1
Paused at 25
	Hit Breakpoint(s) 
	Call Stack: fast3bitlookup, TimeFunc 
	Bindings: b: number = 3
		bi3b: number = 59796
		c: number = 2
Paused at 32
	Call Stack: TimeFunc 
	Bindings: func: function
		sum: number = 4
		t: undefined
		x: number = 0
		y: number = 3
Paused at 25
	Hit Breakpoint(s) 
	Call Stack: fast3bitlookup, TimeFunc 
	Bindings: b: number = 4
		bi3b: number = 59796
		c: number = 1
Paused at 32
	Call Stack: TimeFunc 
	Bindings: func: function
		sum: number = 5
		t: undefined
		x: number = 0
		y: number = 4
Paused at 25
	Hit Breakpoint(s) 
	Call Stack: fast3bitlookup, TimeFunc 
	Bindings: b: number = 5
		bi3b: number = 59796
		c: number = 2
Paused at 32
	Call Stack: TimeFunc 
	Bindings: func: function
		sum: number = 7
		t: undefined
		x: number = 0
		y: number = 5
Paused at 25
	Hit Breakpoint(s) 
	Call Stack: fast3bitlookup, TimeFunc 
	Bindings: b: number = 6
		bi3b: number = 59796
		c: number = 2
Paused at 32
	Call Stack: TimeFunc 
	Bindings: func: function
		sum: number = 9
		t: undefined
		x: number = 0
		y: number = 6
Paused at 25
	Hit Breakpoint(s) 
	Call Stack: fast3bitlookup, TimeFunc 
	Bindings: b: number = 7
		bi3b: number = 59796
		c: number = 3
Paused at 25
	Hit Breakpoint(s) 
	Call Stack: fast3bitlookup, TimeFunc 
	Bindings: b: number = 8
		bi3b: number = 59796
		c: number = 1
Paused at 25
	Hit Breakpoint(s) 
	Call Stack: fast3bitlookup, TimeFunc 
	Bindings: b: number = 9
		bi3b: number = 59796
		c: number = 2
Paused at 32
	Call Stack: TimeFunc 
	Bindings: func: function
		sum: number = 15
		t: undefined
		x: number = 0
		y: number = 9
Paused at 25
	Hit Breakpoint(s) 
	Call Stack: fast3bitlookup, TimeFunc 
	Bindings: b: number = 10
		bi3b: number = 59796
		c: number = 2
Paused at 32
	Call Stack: TimeFunc 
	Bindings: func: function
		sum: number = 17
		t: undefined
		x: number = 0
		y: number = 10
Paused at 32
	Call Stack: TimeFunc 
	Bindings: func: function
		sum: number = 17
		t: undefined
		x: number = 0
		y: number = 11
Paused at 25
	Hit Breakpoint(s) 
	Call Stack: fast3bitlookup, TimeFunc 
	Bindings: b: number = 11
		bi3b: number = 59796
		c: number = 3
Paused at 32
	Call Stack: TimeFunc 
	Bindings: func: function
		sum: number = 20
		t: undefined
		x: number = 0
		y: number = 11
Paused at 32
	Call Stack: TimeFunc 
	Bindings: func: function
		sum: number = 20
		t: undefined
		x: number = 0
		y: number = 12
Paused at 25
	Hit Breakpoint(s) 
	Call Stack: fast3bitlookup, TimeFunc 
	Bindings: b: number = 12
		bi3b: number = 59796
		c: number = 2
Paused at 32
	Call Stack: TimeFunc 
	Bindings: func: function
		sum: number = 22
		t: undefined
		x: number = 0
		y: number = 12
Paused at 25
	Hit Breakpoint(s) 
	Call Stack: fast3bitlookup, TimeFunc 
	Bindings: b: number = 13
		bi3b: number = 59796
		c: number = 3
Paused at 25
	Hit Breakpoint(s) 
	Call Stack: fast3bitlookup, TimeFunc 
	Bindings: b: number = 14
		bi3b: number = 59796
		c: number = 3
Paused at 32
	Call Stack: TimeFunc 
	Bindings: func: function
		sum: number = 28
		t: undefined
		x: number = 0
		y: number = 14
Paused at 32
	Call Stack: TimeFunc 
	Bindings: func: function
		sum: number = 28
		t: undefined
		x: number = 0
		y: number = 15
Paused at 32
	Call Stack: TimeFunc 
	Bindings: func: function
		sum: number = 28
		t: undefined
		x: number = 0
		y: number = 15
Paused at 25
	Hit Breakpoint(s) 
	Call Stack: fast3bitlookup, TimeFunc 
	Bindings: b: number = 15
		bi3b: number = 59796
		c: number = 4
Paused at 32
	Call Stack: TimeFunc 
	Bindings: func: function
		sum: number = 32
		t: undefined
		x: number = 0
		y: number = 15
Paused at 25
	Hit Breakpoint(s) 
	Call Stack: fast3bitlookup, TimeFunc 
	Bindings: b: number = 16
		bi3b: number = 59796
		c: number = 1
Paused at 32
	Call Stack: TimeFunc 
	Bindings: func: function
		sum: number = 33
		t: undefined
		x: number = 0
		y: number = 16
Paused at 25
	Hit Breakpoint(s) 
	Call Stack: fast3bitlookup, TimeFunc 
	Bindings: b: number = 17
		bi3b: number = 59796
		c: number = 2
Paused at 32
	Call Stack: TimeFunc 
	Bindings: func: function
		sum: number = 35
		t: undefined
		x: number = 0
		y: number = 17
Paused at 32
	Call Stack: TimeFunc 
	Bindings: func: function
		sum: number = 35
		t: undefined
		x: number = 0
		y: number = 18
Paused at 25
	Hit Breakpoint(s) 
	Call Stack: fast3bitlookup, TimeFunc 
	Bindings: b: number = 18
		bi3b: number = 59796
		c: number = 2
Paused at 25
	Hit Breakpoint(s) 
	Call Stack: fast3bitlookup, TimeFunc 
	Bindings: b: number = 19
		bi3b: number = 59796
		c: number = 3
Paused at 25
	Hit Breakpoint(s) 
	Call Stack: fast3bitlookup, TimeFunc 
	Bindings: b: number = 20
		bi3b: number = 59796
		c: number = 2
Paused at 32
	Call Stack: TimeFunc 
	Bindings: func: function
		sum: number = 42
		t: undefined
		x: number = 0
		y: number = 20
Paused at 25
	Hit Breakpoint(s) 
	Call Stack: fast3bitlookup, TimeFunc 
	Bindings: b: number = 21
		bi3b: number = 59796
		c: number = 3
Paused at 25
	Hit Breakpoint(s) 
	Call Stack: fast3bitlookup, TimeFunc 
	Bindings: b: number = 22
		bi3b: number = 59796
		c: number = 3
Paused at 32
	Call Stack: TimeFunc 
	Bindings: func: function
		sum: number = 48
		t: undefined
		x: number = 0
		y: number = 22
Paused at 32
	Call Stack: TimeFunc 
	Bindings: func: function
		sum: number = 48
		t: undefined
		x: number = 0
		y: number = 23
Paused at 32
	Call Stack: TimeFunc 
	Bindings: func: function
		sum: number = 48
		t: undefined
		x: number = 0
		y: number = 23
Paused at 8
	Call Stack: fast3bitlookup, TimeFunc 
	Bindings: b: number = 23
		bi3b: undefined
		c: undefined
Paused at 25
	Hit Breakpoint(s) 
	Call Stack: fast3bitlookup, TimeFunc 
	Bindings: b: number = 23
		bi3b: number = 59796
		c: number = 4
Paused at 32
	Call Stack: TimeFunc 
	Bindings: func: function
		sum: number = 52
		t: undefined
		x: number = 0
		y: number = 23
Paused at 25
	Hit Breakpoint(s) 
	Call Stack: fast3bitlookup, TimeFunc 
	Bindings: b: number = 24
		bi3b: number = 59796
		c: number = 2
Paused at 32
	Call Stack: TimeFunc 
	Bindings: func: function
		sum: number = 54
		t: undefined
		x: number = 0
		y: number = 24
Paused at 25
	Hit Breakpoint(s) 
	Call Stack: fast3bitlookup, TimeFunc 
	Bindings: b: number = 25
		bi3b: number = 59796
		c: number = 3
Paused at 32
	Call Stack: TimeFunc 
	Bindings: func: function
		sum: number = 57
		t: undefined
		x: number = 0
		y: number = 25
Paused at 32
	Call Stack: TimeFunc 
	Bindings: func: function
		sum: number = 57
		t: undefined
		x: number = 0
		y: number = 26
Paused at 32
	Call Stack: TimeFunc 
	Bindings: func: function
		sum: number = 57
		t: undefined
		x: number = 0
		y: number = 26
Paused at 25
	Hit Breakpoint(s) 
	Call Stack: fast3bitlookup, TimeFunc 
	Bindings: b: number = 26
		bi3b: number = 59796
		c: number = 3
Paused at 32
	Call Stack: TimeFunc 
	Bindings: func: function
		sum: number = 60
		t: undefined
		x: number = 0
		y: number = 26
Paused at 32
	Call Stack: TimeFunc 
	Bindings: func: function
		sum: number = 60
		t: undefined
		x: number = 0
		y: number = 27
Paused at 32
	Call Stack: TimeFunc 
	Bindings: func: function
		sum: number = 60
		t: undefined
		x: number = 0
		y: number = 27
Paused at 25
	Hit Breakpoint(s) 
	Call Stack: fast3bitlookup, TimeFunc 
	Bindings: b: number = 27
		bi3b: number = 59796
		c: number = 4
Paused at 32
	Call Stack: TimeFunc 
	Bindings: func: function
		sum: number = 64
		t: undefined
		x: number = 0
		y: number = 27
Paused at 25
	Hit Breakpoint(s) 
	Call Stack: fast3bitlookup, TimeFunc 
	Bindings: b: number = 28
		bi3b: number = 59796
		c: number = 3
Paused at 32
	Call Stack: TimeFunc 
	Bindings: func: function
		sum: number = 67
		t: undefined
		x: number = 0
		y: number = 28
Paused at 32
	Call Stack: TimeFunc 
	Bindings: func: function
		sum: number = 67
		t: undefined
		x: number = 0
		y: number = 29
Paused at 25
	Hit Breakpoint(s) 
	Call Stack: fast3bitlookup, TimeFunc 
	Bindings: b: number = 29
		bi3b: number = 59796
		c: number = 4
Paused at 32
	Call Stack: TimeFunc 
	Bindings: func: function
		sum: number = 71
		t: undefined
		x: number = 0
		y: number = 29
Paused at 32
	Call Stack: TimeFunc 
	Bindings: func: function
		sum: number = 71
		t: undefined
		x: number = 0
		y: number = 30
Paused at 25
	Hit Breakpoint(s) 
	Call Stack: fast3bitlookup, TimeFunc 
	Bindings: b: number = 30
		bi3b: number = 59796
		c: number = 4
Paused at 25
	Hit Breakpoint(s) 
	Call Stack: fast3bitlookup, TimeFunc 
	Bindings: b: number = 31
		bi3b: number = 59796
		c: number = 5
Paused at 32
	Call Stack: TimeFunc 
	Bindings: func: function
		sum: number = 80
		t: undefined
		x: number = 0
		y: number = 31
Paused at 25
	Hit Breakpoint(s) 
	Call Stack: fast3bitlookup, TimeFunc 
	Bindings: b: number = 32
		bi3b: number = 59796
		c: number = 1
Paused at 25
	Hit Breakpoint(s) 
	Call Stack: fast3bitlookup, TimeFunc 
	Bindings: b: number = 33
		bi3b: number = 59796
		c: number = 2
Paused at 32
	Call Stack: TimeFunc 
	Bindings: func: function
		sum: number = 83
		t: undefined
		x: number = 0
		y: number = 33
Paused at 25
	Hit Breakpoint(s) 
	Call Stack: fast3bitlookup, TimeFunc 
	Bindings: b: number = 34
		bi3b: number = 59796
		c: number = 2
Paused at 32
	Call Stack: TimeFunc 
	Bindings: func: function
		sum: number = 85
		t: undefined
		x: number = 0
		y: number = 34
Paused at 32
	Call Stack: TimeFunc 
	Bindings: func: function
		sum: number = 85
		t: undefined
		x: number = 0
		y: number = 35
Paused at 32
	Call Stack: TimeFunc 
	Bindings: func: function
		sum: number = 85
		t: undefined
		x: number = 0
		y: number = 35
Paused at 25
	Hit Breakpoint(s) 
	Call Stack: fast3bitlookup, TimeFunc 
	Bindings: b: number = 35
		bi3b: number = 59796
		c: number = 3
Paused at 25
	Hit Breakpoint(s) 
	Call Stack: fast3bitlookup, TimeFunc 
	Bindings: b: number = 36
		bi3b: number = 59796
		c: number = 2
Paused at 32
	Call Stack: TimeFunc 
	Bindings: func: function
		sum: number = 90
		t: undefined
		x: number = 0
		y: number = 36
Paused at 25
	Hit Breakpoint(s) 
	Call Stack: fast3bitlookup, TimeFunc 
	Bindings: b: number = 37
		bi3b: number = 59796
		c: number = 3
Paused at 32
	Call Stack: TimeFunc 
	Bindings: func: function
		sum: number = 93
		t: undefined
		x: number = 0
		y: number = 37
Paused at 32
	Call Stack: TimeFunc 
	Bindings: func: function
		sum: number = 93
		t: undefined
		x: number = 0
		y: number = 38
Paused at 32
	Call Stack: TimeFunc 
	Bindings: func: function
		sum: number = 93
		t: undefined
		x: number = 0
		y: number = 38
Paused at 25
	Hit Breakpoint(s) 
	Call Stack: fast3bitlookup, TimeFunc 
	Bindings: b: number = 38
		bi3b: number = 59796
		c: number = 3
Paused at 25
	Hit Breakpoint(s) 
	Call Stack: fast3bitlookup, TimeFunc 
	Bindings: b: number = 39
		bi3b: number = 59796
		c: number = 4
Paused at 32
	Call Stack: TimeFunc 
	Bindings: func: function
		sum: number = 100
		t: undefined
		x: number = 0
		y: number = 39
Paused at 32
	Call Stack: TimeFunc 
	Bindings: func: function
		sum: number = 100
		t: undefined
		x: number = 0
		y: number = 40
Paused at 32
	Call Stack: TimeFunc 
	Bindings: func: function
		sum: number = 100
		t: undefined
		x: number = 0
		y: number = 40
Paused at 25
	Hit Breakpoint(s) 
	Call Stack: fast3bitlookup, TimeFunc 
	Bindings: b: number = 40
		bi3b: number = 59796
		c: number = 2
Paused at 32
	Call Stack: TimeFunc 
	Bindings: func: function
		sum: number = 102
		t: undefined
		x: number = 0
		y: number = 40
Paused at 25
	Hit Breakpoint(s) 
	Call Stack: fast3bitlookup, TimeFunc 
	Bindings: b: number = 41
		bi3b: number = 59796
		c: number = 3
Paused at 32
	Call Stack: TimeFunc 
	Bindings: func: function
		sum: number = 105
		t: undefined
		x: number = 0
		y: number = 41
Paused at 32
	Call Stack: TimeFunc 
	Bindings: func: function
		sum: number = 105
		t: undefined
		x: number = 0
		y: number = 42
Paused at 32
	Call Stack: TimeFunc 
	Bindings: func: function
		sum: number = 105
		t: undefined
		x: number = 0
		y: number = 42
Paused at 25
	Hit Breakpoint(s) 
	Call Stack: fast3bitlookup, TimeFunc 
	Bindings: b: number = 42
		bi3b: number = 59796
		c: number = 3
