Set Breakpoint at 17
Set Breakpoint at 38
Set Breakpoint at 254
Set Breakpoint at 228
Set Breakpoint at 394
Set Breakpoint at 108
Set Breakpoint at 289
Set Breakpoint at 277
Set Breakpoint at 370
Set Breakpoint at 71
Set Breakpoint at 304
Set Breakpoint at 50
Set Breakpoint at 169
Set Breakpoint at 329
Set Breakpoint at 398
Set Breakpoint at 372
Set Breakpoint at 408
Set Breakpoint at 24
Set Breakpoint at 70
Set Breakpoint at 270
Set Breakpoint at 82
Set Breakpoint at 381
Set Breakpoint at 188
Set Breakpoint at 26
Set Breakpoint at 183
Set Breakpoint at 178
Set Breakpoint at 88
Set Breakpoint at 335
Set Breakpoint at 365
Set Breakpoint at 118
Set Breakpoint at 340
Set Breakpoint at 292
Set Breakpoint at 302
Set Breakpoint at 233
Set Breakpoint at 177
Set Breakpoint at 409
Set Breakpoint at 325
Set Breakpoint at 112
Set Breakpoint at 383
Set Breakpoint at 307
Set Breakpoint at 376
Set Breakpoint at 84
Set Breakpoint at 61
Set Breakpoint at 243
Set Breakpoint at 350
Set Breakpoint at 100
Set Breakpoint at 284
Set Breakpoint at 285
Set Breakpoint at 327
Set Breakpoint at 191
Set Breakpoint at 135
Set Breakpoint at 226
Set Breakpoint at 114
Set Breakpoint at 351
Set Breakpoint at 109
Set Breakpoint at 303
Set Breakpoint at 242
Set Breakpoint at 326
Set Breakpoint at 255
Set Breakpoint at 222
Set Breakpoint at 41
Set Breakpoint at 217
Set Breakpoint at 5
Set Breakpoint at 252
Set Breakpoint at 113
Set Breakpoint at 369
Set Breakpoint at 190
Set Breakpoint at 97
Set Breakpoint at 19
Set Breakpoint at 413
Set Breakpoint at 148
Set Breakpoint at 164
Set Breakpoint at 389
Set Breakpoint at 80
Set Breakpoint at 390
Set Breakpoint at 30
Set Breakpoint at 269
Set Breakpoint at 60
Set Breakpoint at 224
Set Breakpoint at 33
Set Breakpoint at 125
Set Breakpoint at 330
Set Breakpoint at 357
Set Breakpoint at 193
Set Breakpoint at 334
resume
resume
stepOver
stepOver
stepOut
resume
stepOver
stepOver
stepOut
resume
stepOver
resume
stepIn
stepOut
stepOut
stepOut
stepOut
stepOut
resume
resume
stepOver
resume
stepOut
stepIn
resume
stepIn
stepIn
resume
stepOut
stepOut
resume
stepOut
stepOver
stepOver
stepOver
stepIn
stepOut
stepOver
resume
stepOut
stepOver
stepOut
resume
resume
stepOver
stepOut
resume
stepOver
stepOver
stepOver
stepIn
resume
stepIn
resume
stepOut
resume
stepOver
stepIn
stepOver
stepOver
stepIn
stepOver
stepIn
stepOut
stepOver
resume
stepOut
stepIn
resume
stepOut
stepIn
stepOut
resume
stepIn
stepOut
resume
stepOut
stepOut
stepOver
stepOver
stepIn
stepOver
resume
stepOver
stepOut
stepOut
stepIn
stepOver
stepOut
resume
stepIn
stepIn
stepIn
resume
stepIn
resume
stepOver
stepOver
stepOver
stepOut
