Breakpoint Set at 26
Breakpoint Set at 29
Breakpoint Set at 180
Breakpoint Set at 161
Breakpoint Set at 279
Breakpoint Set at 77
Breakpoint Set at 205
Breakpoint Set at 197
Breakpoint Set at 262
Breakpoint Set at 54
Breakpoint Set at 218
Breakpoint Set at 39
Breakpoint Set at 124
Breakpoint Set at 237
Breakpoint Set at 283
Breakpoint Set at 297
Breakpoint Set at 265
Breakpoint Set at 289
Breakpoint Set at 26
Breakpoint Set at 58
Breakpoint Set at 193
Breakpoint Set at 63
Breakpoint Set at 272
Breakpoint Set at 137
Breakpoint Set at 26
Breakpoint Set at 134
Breakpoint Set at 131
Breakpoint Set at 70
Breakpoint Set at 239
Breakpoint Set at 260
Breakpoint Set at 91
Breakpoint Set at 248
Breakpoint Set at 212
Breakpoint Set at 218
Breakpoint Set at 170
Breakpoint Set at 133
Breakpoint Set at 290
Breakpoint Set at 26
Breakpoint Set at 89
Breakpoint Set at 223
Breakpoint Set at 268
Breakpoint Set at 72
Breakpoint Set at 26
Breakpoint Set at 178
Breakpoint Set at 251
Breakpoint Set at 83
Breakpoint Set at 206
Breakpoint Set at 212
Breakpoint Set at 237
Breakpoint Set at 144
Breakpoint Set at 107
Breakpoint Set at 168
Breakpoint Set at 94
Breakpoint Set at 252
Breakpoint Set at 31
Breakpoint Set at 220
Breakpoint Set at 3
Breakpoint Set at 237
Breakpoint Set at 193
Breakpoint Set at 168
Paused at 54
	Hit Breakpoint(s) 
	Call Stack: Date.formatDate 
	Bindings: a: function
		A: function
		B: undefined
		d: undefined
		D: undefined
		daysLong: undefined
		daysShort: undefined
		daysSuffix: undefined
		F: undefined
		g: undefined
		G: undefined
		h: undefined
		H: undefined
		i: undefined
		ia: undefined
		ij: undefined
		input: string = Y-m-d
		j: undefined
		l: undefined
		L: undefined
		m: undefined
		M: undefined
		monthsLong: undefined
		monthsShort: undefined
		n: undefined
		O: undefined
		prevTime: undefined
		r: undefined
		s: undefined
		S: undefined
		self: undefined
		switches: undefined
		t: undefined
		time: undefined
		U: undefined
		w: undefined
		W: undefined
		y: undefined
		Y: undefined
		z: undefined
Paused at 70
	Hit Breakpoint(s) 
	Call Stack: Date.formatDate 
	Bindings: a: function
		A: function
		B: function
		d: undefined
		D: undefined
		daysLong: undefined
		daysShort: undefined
		daysSuffix: undefined
		F: undefined
		g: undefined
		G: undefined
		h: undefined
		H: undefined
		i: undefined
		ia: undefined
		ij: undefined
		input: string = Y-m-d
		j: undefined
		l: undefined
		L: undefined
		m: undefined
		M: undefined
		monthsLong: undefined
		monthsShort: undefined
		n: undefined
		O: undefined
		prevTime: undefined
		r: undefined
		s: undefined
		S: undefined
		self: undefined
		switches: undefined
		t: undefined
		time: undefined
		U: undefined
		w: undefined
		W: undefined
		y: undefined
		Y: undefined
		z: undefined
Paused at 83
	Hit Breakpoint(s) 
	Call Stack: Date.formatDate 
	Bindings: a: function
		A: function
		B: function
		d: function
		D: function
		daysLong: undefined
		daysShort: undefined
		daysSuffix: undefined
		F: function
		g: undefined
		G: undefined
		h: undefined
		H: undefined
		i: undefined
		ia: undefined
		ij: undefined
		input: string = Y-m-d
		j: undefined
		l: undefined
		L: undefined
		m: undefined
		M: undefined
		monthsLong: undefined
		monthsShort: undefined
		n: undefined
		O: undefined
		prevTime: undefined
		r: undefined
		s: undefined
		S: undefined
		self: undefined
		switches: undefined
		t: undefined
		time: undefined
		U: undefined
		w: undefined
		W: undefined
		y: undefined
		Y: undefined
		z: undefined
Paused at 87
	Call Stack: Date.formatDate 
	Bindings: a: function
		A: function
		B: function
		d: function
		D: function
		daysLong: undefined
		daysShort: undefined
		daysSuffix: undefined
		F: function
		g: function
		G: undefined
		h: undefined
		H: undefined
		i: undefined
		ia: undefined
		ij: undefined
		input: string = Y-m-d
		j: undefined
		l: undefined
		L: undefined
		m: undefined
		M: undefined
		monthsLong: undefined
		monthsShort: undefined
		n: undefined
		O: undefined
		prevTime: undefined
		r: undefined
		s: undefined
		S: undefined
		self: undefined
		switches: undefined
		t: undefined
		time: undefined
		U: undefined
		w: undefined
		W: undefined
		y: undefined
		Y: undefined
		z: undefined
Paused at 91
	Call Stack: Date.formatDate 
	Bindings: a: function
		A: function
		B: function
		d: function
		D: function
		daysLong: undefined
		daysShort: undefined
		daysSuffix: undefined
		F: function
		g: function
		G: function
		h: undefined
		H: undefined
		i: undefined
		ia: undefined
		ij: undefined
		input: string = Y-m-d
		j: undefined
		l: undefined
		L: undefined
		m: undefined
		M: undefined
		monthsLong: undefined
		monthsShort: undefined
		n: undefined
		O: undefined
		prevTime: undefined
		r: undefined
		s: undefined
		S: undefined
		self: undefined
		switches: undefined
		t: undefined
		time: undefined
		U: undefined
		w: undefined
		W: undefined
		y: undefined
		Y: undefined
		z: undefined
Paused at 91
	Hit Breakpoint(s) 
	Call Stack: Date.formatDate 
	Bindings: a: function
		A: function
		B: function
		d: function
		D: function
		daysLong: undefined
		daysShort: undefined
		daysSuffix: undefined
		F: function
		g: function
		G: function
		h: undefined
		H: undefined
		i: undefined
		ia: undefined
		ij: undefined
		input: string = Y-m-d
		j: undefined
		l: undefined
		L: undefined
		m: undefined
		M: undefined
		monthsLong: undefined
		monthsShort: undefined
		n: undefined
		O: undefined
		prevTime: undefined
		r: undefined
		s: undefined
		S: undefined
		self: undefined
		switches: undefined
		t: undefined
		time: undefined
		U: undefined
		w: undefined
		W: undefined
		y: undefined
		Y: undefined
		z: undefined
Paused at 134
	Hit Breakpoint(s) 
	Call Stack: Date.formatDate 
	Bindings: a: function
		A: function
		B: function
		d: function
		D: function
		daysLong: undefined
		daysShort: undefined
		daysSuffix: undefined
		F: function
		g: function
		G: function
		h: function
		H: function
		i: function
		ia: undefined
		ij: undefined
		input: string = Y-m-d
		j: function
		l: function
		L: function
		m: undefined
		M: undefined
		monthsLong: undefined
		monthsShort: undefined
		n: undefined
		O: undefined
		prevTime: undefined
		r: undefined
		s: undefined
		S: undefined
		self: undefined
		switches: undefined
		t: undefined
		time: undefined
		U: undefined
		w: undefined
		W: undefined
		y: undefined
		Y: undefined
		z: undefined
Paused at 140
	Call Stack: Date.formatDate 
	Bindings: a: function
		A: function
		B: function
		d: function
		D: function
		daysLong: undefined
		daysShort: undefined
		daysSuffix: undefined
		F: function
		g: function
		G: function
		h: function
		H: function
		i: function
		ia: undefined
		ij: undefined
		input: string = Y-m-d
		j: function
		l: function
		L: function
		m: function
		M: undefined
		monthsLong: undefined
		monthsShort: undefined
		n: undefined
		O: undefined
		prevTime: undefined
		r: undefined
		s: undefined
		S: undefined
		self: undefined
		switches: undefined
		t: undefined
		time: undefined
		U: undefined
		w: undefined
		W: undefined
		y: undefined
		Y: undefined
		z: undefined
Paused at 144
	Call Stack: Date.formatDate 
	Bindings: a: function
		A: function
		B: function
		d: function
		D: function
		daysLong: undefined
		daysShort: undefined
		daysSuffix: undefined
		F: function
		g: function
		G: function
		h: function
		H: function
		i: function
		ia: undefined
		ij: undefined
		input: string = Y-m-d
		j: function
		l: function
		L: function
		m: function
		M: function
		monthsLong: undefined
		monthsShort: undefined
		n: undefined
		O: undefined
		prevTime: undefined
		r: undefined
		s: undefined
		S: undefined
		self: undefined
		switches: undefined
		t: undefined
		time: undefined
		U: undefined
		w: undefined
		W: undefined
		y: undefined
		Y: undefined
		z: undefined
Paused at 144
	Hit Breakpoint(s) 
	Call Stack: Date.formatDate 
	Bindings: a: function
		A: function
		B: function
		d: function
		D: function
		daysLong: undefined
		daysShort: undefined
		daysSuffix: undefined
		F: function
		g: function
		G: function
		h: function
		H: function
		i: function
		ia: undefined
		ij: undefined
		input: string = Y-m-d
		j: function
		l: function
		L: function
		m: function
		M: function
		monthsLong: undefined
		monthsShort: undefined
		n: undefined
		O: undefined
		prevTime: undefined
		r: undefined
		s: undefined
		S: undefined
		self: undefined
		switches: undefined
		t: undefined
		time: undefined
		U: undefined
		w: undefined
		W: undefined
		y: undefined
		Y: undefined
		z: undefined
Paused at 170
	Hit Breakpoint(s) 
	Call Stack: Date.formatDate 
	Bindings: a: function
		A: function
		B: function
		d: function
		D: function
		daysLong: undefined
		daysShort: undefined
		daysSuffix: undefined
		F: function
		g: function
		G: function
		h: function
		H: function
		i: function
		ia: undefined
		ij: undefined
		input: string = Y-m-d
		j: function
		l: function
		L: function
		m: function
		M: function
		monthsLong: undefined
		monthsShort: undefined
		n: function
		O: function
		prevTime: undefined
		r: function
		s: undefined
		S: function
		self: undefined
		switches: undefined
		t: undefined
		time: undefined
		U: undefined
		w: undefined
		W: undefined
		y: undefined
		Y: undefined
		z: undefined
Paused at 175
	Call Stack: Date.formatDate 
	Bindings: a: function
		A: function
		B: function
		d: function
		D: function
		daysLong: undefined
		daysShort: undefined
		daysSuffix: undefined
		F: function
		g: function
		G: function
		h: function
		H: function
		i: function
		ia: undefined
		ij: undefined
		input: string = Y-m-d
		j: function
		l: function
		L: function
		m: function
		M: function
		monthsLong: undefined
		monthsShort: undefined
		n: function
		O: function
		prevTime: undefined
		r: function
		s: function
		S: function
		self: undefined
		switches: undefined
		t: undefined
		time: undefined
		U: undefined
		w: undefined
		W: undefined
		y: undefined
		Y: undefined
		z: undefined
Paused at 26
	Hit Breakpoint(s) 
	Call Stack: Date.formatDate 
	Bindings: a: function
		A: function
		B: function
		d: function
		D: function
		daysLong: undefined
		daysShort: undefined
		daysSuffix: undefined
		F: function
		g: function
		G: function
		h: function
		H: function
		i: function
		ia: undefined
		ij: undefined
		input: string = Y-m-d
		j: function
		l: function
		L: function
		m: function
		M: function
		monthsLong: undefined
		monthsShort: undefined
		n: function
		O: function
		prevTime: undefined
		r: function
		s: function
		S: function
		self: undefined
		switches: undefined
		t: function
		time: undefined
		U: function
		w: function
		W: function
		y: function
		Y: function
		z: function
Paused at 29
	Call Stack: Date.formatDate 
	Bindings: a: function
		A: function
		B: function
		d: function
		D: function
		daysLong: undefined
		daysShort: undefined
		daysSuffix: undefined
		F: function
		g: function
		G: function
		h: function
		H: function
		i: function
		ia: undefined
		ij: undefined
		input: string = Y-m-d
		j: function
		l: function
		L: function
		m: function
		M: function
		monthsLong: undefined
		monthsShort: undefined
		n: function
		O: function
		prevTime: undefined
		r: function
		s: function
		S: function
		self: undefined
		switches: array
		t: function
		time: undefined
		U: function
		w: function
		W: function
		y: function
		Y: function
		z: function
Paused at 29
	Hit Breakpoint(s) 
	Call Stack: Date.formatDate 
	Bindings: a: function
		A: function
		B: function
		d: function
		D: function
		daysLong: undefined
		daysShort: undefined
		daysSuffix: undefined
		F: function
		g: function
		G: function
		h: function
		H: function
		i: function
		ia: undefined
		ij: undefined
		input: string = Y-m-d
		j: function
		l: function
		L: function
		m: function
		M: function
		monthsLong: undefined
		monthsShort: undefined
		n: function
		O: function
		prevTime: undefined
		r: function
		s: function
		S: function
		self: undefined
		switches: array
		t: function
		time: undefined
		U: function
		w: function
		W: function
		y: function
		Y: function
		z: function
Paused at 31
	Hit Breakpoint(s) 
	Call Stack: Date.formatDate 
	Bindings: a: function
		A: function
		B: function
		d: function
		D: function
		daysLong: array
		daysShort: undefined
		daysSuffix: undefined
		F: function
		g: function
		G: function
		h: function
		H: function
		i: function
		ia: undefined
		ij: undefined
		input: string = Y-m-d
		j: function
		l: function
		L: function
		m: function
		M: function
		monthsLong: undefined
		monthsShort: undefined
		n: function
		O: function
		prevTime: undefined
		r: function
		s: function
		S: function
		self: undefined
		switches: array
		t: function
		time: undefined
		U: function
		w: function
		W: function
		y: function
		Y: function
		z: function
Paused at 39
	Hit Breakpoint(s) 
	Call Stack: Date.formatDate 
	Bindings: a: function
		A: function
		B: function
		d: function
		D: function
		daysLong: array
		daysShort: array
		daysSuffix: undefined
		F: function
		g: function
		G: function
		h: function
		H: function
		i: function
		ia: undefined
		ij: undefined
		input: string = Y-m-d
		j: function
		l: function
		L: function
		m: function
		M: function
		monthsLong: array
		monthsShort: array
		n: function
		O: function
		prevTime: undefined
		r: function
		s: function
		S: function
		self: undefined
		switches: array
		t: function
		time: undefined
		U: function
		w: function
		W: function
		y: function
		Y: function
		z: function
Paused at 265
	Hit Breakpoint(s) 
	Call Stack: Date.formatDate 
	Bindings: a: function
		A: function
		B: function
		d: function
		D: function
		daysLong: array
		daysShort: array
		daysSuffix: array
		F: function
		g: function
		G: function
		h: function
		H: function
		i: function
		ia: undefined
		ij: undefined
		input: string = Y-m-d
		j: function
		l: function
		L: function
		m: function
		M: function
		monthsLong: array
		monthsShort: array
		n: function
		O: function
		prevTime: undefined
		r: function
		s: function
		S: function
		self: undefined
		switches: array
		t: function
		time: undefined
		U: function
		w: function
		W: function
		y: function
		Y: function
		z: function
Paused at 272
	Hit Breakpoint(s) 
	Call Stack: Date.formatDate 
	Bindings: a: function
		A: function
		B: function
		d: function
		D: function
		daysLong: array
		daysShort: array
		daysSuffix: array
		F: function
		g: function
		G: function
		h: function
		H: function
		i: function
		ia: undefined
		ij: undefined
		input: string = Y-m-d
		j: function
		l: function
		L: function
		m: function
		M: function
		monthsLong: array
		monthsShort: array
		n: function
		O: function
		prevTime: undefined
		r: function
		s: function
		S: function
		self: object
		switches: array
		t: function
		time: undefined
		U: function
		w: function
		W: function
		y: function
		Y: function
		z: function
Paused at 279
	Hit Breakpoint(s) 
	Call Stack: Date.formatDate 
	Bindings: a: function
		A: function
		B: function
		d: function
		D: function
		daysLong: array
		daysShort: array
		daysSuffix: array
		F: function
		g: function
		G: function
		h: function
		H: function
		i: function
		ia: array
		ij: number = 0
		input: string = Y-m-d
		j: function
		l: function
		L: function
		m: function
		M: function
		monthsLong: array
		monthsShort: array
		n: function
		O: function
		prevTime: undefined
		r: function
		s: function
		S: function
		self: object
		switches: array
		t: function
		time: undefined
		U: function
		w: function
		W: function
		y: function
		Y: function
		z: function
Paused at 3
	Hit Breakpoint(s) 
	Call Stack: arrayExists, Date.formatDate 
	Bindings: array: array
		i: number = 0
		x: string = Y
Paused at 2
	Call Stack: arrayExists, Date.formatDate 
	Bindings: array: array
		i: number = 0
		x: string = Y
Paused at 3
	Hit Breakpoint(s) 
	Call Stack: arrayExists, Date.formatDate 
	Bindings: array: array
		i: number = 1
		x: string = Y
Paused at 3
	Hit Breakpoint(s) 
	Call Stack: arrayExists, Date.formatDate 
	Bindings: array: array
		i: number = 2
		x: string = Y
Paused at 2
	Call Stack: arrayExists, Date.formatDate 
	Bindings: array: array
		i: number = 2
		x: string = Y
Paused at 3
	Hit Breakpoint(s) 
	Call Stack: arrayExists, Date.formatDate 
	Bindings: array: array
		i: number = 3
		x: string = Y
Paused at 2
	Call Stack: arrayExists, Date.formatDate 
	Bindings: array: array
		i: number = 3
		x: string = Y
Paused at 3
	Call Stack: arrayExists, Date.formatDate 
	Bindings: array: array
		i: number = 4
		x: string = Y
Paused at 3
	Hit Breakpoint(s) 
	Call Stack: arrayExists, Date.formatDate 
	Bindings: array: array
		i: number = 4
		x: string = Y
Paused at 3
	Hit Breakpoint(s) 
	Call Stack: arrayExists, Date.formatDate 
	Bindings: array: array
		i: number = 5
		x: string = Y
Paused at 3
	Hit Breakpoint(s) 
	Call Stack: arrayExists, Date.formatDate 
	Bindings: array: array
		i: number = 6
		x: string = Y
Paused at 3
	Hit Breakpoint(s) 
	Call Stack: arrayExists, Date.formatDate 
	Bindings: array: array
		i: number = 7
		x: string = Y
Paused at 3
	Hit Breakpoint(s) 
	Call Stack: arrayExists, Date.formatDate 
	Bindings: array: array
		i: number = 8
		x: string = Y
Paused at 2
	Call Stack: arrayExists, Date.formatDate 
	Bindings: array: array
		i: number = 8
		x: string = Y
Paused at 3
	Call Stack: arrayExists, Date.formatDate 
	Bindings: array: array
		i: number = 9
		x: string = Y
Paused at 2
	Call Stack: arrayExists, Date.formatDate 
	Bindings: array: array
		i: number = 9
		x: string = Y
Paused at 3
	Call Stack: arrayExists, Date.formatDate 
	Bindings: array: array
		i: number = 10
		x: string = Y
Paused at 3
	Hit Breakpoint(s) 
	Call Stack: arrayExists, Date.formatDate 
	Bindings: array: array
		i: number = 10
		x: string = Y
Paused at 2
	Call Stack: arrayExists, Date.formatDate 
	Bindings: array: array
		i: number = 10
		x: string = Y
Paused at 3
	Hit Breakpoint(s) 
	Call Stack: arrayExists, Date.formatDate 
	Bindings: array: array
		i: number = 11
		x: string = Y
Paused at 3
	Hit Breakpoint(s) 
	Call Stack: arrayExists, Date.formatDate 
	Bindings: array: array
		i: number = 12
		x: string = Y
Paused at 2
	Call Stack: arrayExists, Date.formatDate 
	Bindings: array: array
		i: number = 12
		x: string = Y
Paused at 3
	Hit Breakpoint(s) 
	Call Stack: arrayExists, Date.formatDate 
	Bindings: array: array
		i: number = 13
		x: string = Y
Paused at 3
	Hit Breakpoint(s) 
	Call Stack: arrayExists, Date.formatDate 
	Bindings: array: array
		i: number = 14
		x: string = Y
Paused at 3
	Hit Breakpoint(s) 
	Call Stack: arrayExists, Date.formatDate 
	Bindings: array: array
		i: number = 15
		x: string = Y
Paused at 2
	Call Stack: arrayExists, Date.formatDate 
	Bindings: array: array
		i: number = 15
		x: string = Y
Paused at 3
	Hit Breakpoint(s) 
	Call Stack: arrayExists, Date.formatDate 
	Bindings: array: array
		i: number = 16
		x: string = Y
Paused at 3
	Hit Breakpoint(s) 
	Call Stack: arrayExists, Date.formatDate 
	Bindings: array: array
		i: number = 17
		x: string = Y
Paused at 2
	Call Stack: arrayExists, Date.formatDate 
	Bindings: array: array
		i: number = 17
		x: string = Y
Paused at 3
	Call Stack: arrayExists, Date.formatDate 
	Bindings: array: array
		i: number = 18
		x: string = Y
Paused at 2
	Call Stack: arrayExists, Date.formatDate 
	Bindings: array: array
		i: number = 18
		x: string = Y
Paused at 3
	Call Stack: arrayExists, Date.formatDate 
	Bindings: array: array
		i: number = 19
		x: string = Y
Paused at 3
	Hit Breakpoint(s) 
	Call Stack: arrayExists, Date.formatDate 
	Bindings: array: array
		i: number = 19
		x: string = Y
Paused at 2
	Call Stack: arrayExists, Date.formatDate 
	Bindings: array: array
		i: number = 19
		x: string = Y
Paused at 3
	Hit Breakpoint(s) 
	Call Stack: arrayExists, Date.formatDate 
	Bindings: array: array
		i: number = 20
		x: string = Y
Paused at 3
	Hit Breakpoint(s) 
	Call Stack: arrayExists, Date.formatDate 
	Bindings: array: array
		i: number = 21
		x: string = Y
Paused at 3
	Hit Breakpoint(s) 
	Call Stack: arrayExists, Date.formatDate 
	Bindings: array: array
		i: number = 22
		x: string = Y
Paused at 2
	Call Stack: arrayExists, Date.formatDate 
	Bindings: array: array
		i: number = 22
		x: string = Y
Paused at 3
	Call Stack: arrayExists, Date.formatDate 
	Bindings: array: array
		i: number = 23
		x: string = Y
Paused at 2
	Call Stack: arrayExists, Date.formatDate 
	Bindings: array: array
		i: number = 23
		x: string = Y
Paused at 3
	Call Stack: arrayExists, Date.formatDate 
	Bindings: array: array
		i: number = 24
		x: string = Y
Paused at 2
	Call Stack: arrayExists, Date.formatDate 
	Bindings: array: array
		i: number = 24
		x: string = Y
Paused at 3
	Call Stack: arrayExists, Date.formatDate 
	Bindings: array: array
		i: number = 25
		x: string = Y
Paused at 2
	Call Stack: arrayExists, Date.formatDate 
	Bindings: array: array
		i: number = 25
		x: string = Y
Paused at 3
	Hit Breakpoint(s) 
	Call Stack: arrayExists, Date.formatDate 
	Bindings: array: array
		i: number = 26
		x: string = Y
Paused at 6
	Call Stack: arrayExists, Date.formatDate 
	Bindings: array: array
		i: number = 26
		x: string = Y
Paused at 237
	Hit Breakpoint(s) 
	Call Stack: Y, Date.formatDate 
	Bindings: a: function
		A: function
		B: function
		d: function
		D: function
		daysLong: array
		daysShort: array
		daysSuffix: array
		F: function
		g: function
		G: function
		h: function
		H: function
		i: function
		ia: array
		ij: number = 0
		input: string = Y-m-d
		j: function
		l: function
		L: function
		m: function
		M: function
		monthsLong: array
		monthsShort: array
		n: function
		newDate: undefined
		O: function
		prevTime: undefined
		r: function
		s: function
		S: function
		self: object
		switches: array
		t: function
		time: undefined
		U: function
		w: function
		W: function
		x: undefined
		y: undefined
		Y: function
		z: function
Paused at 239
	Hit Breakpoint(s) 
	Call Stack: Y, Date.formatDate 
	Bindings: a: function
		A: function
		B: function
		d: function
		D: function
		daysLong: array
		daysShort: array
		daysSuffix: array
		F: function
		g: function
		G: function
		h: function
		H: function
		i: function
		ia: array
		ij: number = 0
		input: string = Y-m-d
		j: function
		l: function
		L: function
		m: function
		M: function
		monthsLong: array
		monthsShort: array
		n: function
		newDate: object
		O: function
		prevTime: undefined
		r: function
		s: function
		S: function
		self: object
		switches: array
		t: function
		time: undefined
		U: function
		w: function
		W: function
		x: undefined
		y: undefined
		Y: function
		z: function
Paused at 240
	Call Stack: Y, Date.formatDate 
	Bindings: a: function
		A: function
		B: function
		d: function
		D: function
		daysLong: array
		daysShort: array
		daysSuffix: array
		F: function
		g: function
		G: function
		h: function
		H: function
		i: function
		ia: array
		ij: number = 0
		input: string = Y-m-d
		j: function
		l: function
		L: function
		m: function
		M: function
		monthsLong: array
		monthsShort: array
		n: function
		newDate: object
		O: function
		prevTime: undefined
		r: function
		s: function
		S: function
		self: object
		switches: array
		t: function
		time: undefined
		U: function
		w: function
		W: function
		x: number = 2001
		y: undefined
		Y: function
		z: function
Paused at 252
	Hit Breakpoint(s) 
	Call Stack: Y, Date.formatDate 
	Bindings: a: function
		A: function
		B: function
		d: function
		D: function
		daysLong: array
		daysShort: array
		daysSuffix: array
		F: function
		g: function
		G: function
		h: function
		H: function
		i: function
		ia: array
		ij: number = 0
		input: string = Y-m-d
		j: function
		l: function
		L: function
		m: function
		M: function
		monthsLong: array
		monthsShort: array
		n: function
		newDate: object
		O: function
		prevTime: undefined
		r: function
		s: function
		S: function
		self: object
		switches: array
		t: function
		time: undefined
		U: function
		w: function
		W: function
		x: number = 2001
		y: undefined
		Y: function
		z: function
Paused at 252
	Call Stack: Y, Date.formatDate 
	Bindings: a: function
		A: function
		B: function
		d: function
		D: function
		daysLong: array
		daysShort: array
		daysSuffix: array
		F: function
		g: function
		G: function
		h: function
		H: function
		i: function
		ia: array
		ij: number = 0
		input: string = Y-m-d
		j: function
		l: function
		L: function
		m: function
		M: function
		monthsLong: array
		monthsShort: array
		n: function
		newDate: object
		O: function
		prevTime: undefined
		r: function
		s: function
		S: function
		self: object
		switches: array
		t: function
		time: undefined
		U: function
		w: function
		W: function
		x: number = 2001
		y: undefined
		Y: function
		z: function
Paused at 1
	Call Stack: Date.formatDate 
	Bindings: a: function
		A: function
		B: function
		d: function
		D: function
		daysLong: array
		daysShort: array
		daysSuffix: array
		F: function
		g: function
		G: function
		h: function
		H: function
		i: function
		ia: array
		ij: number = 0
		input: string = Y-m-d
		j: function
		l: function
		L: function
		m: function
		M: function
		monthsLong: array
		monthsShort: array
		n: function
		O: function
		prevTime: undefined
		r: function
		s: function
		S: function
		self: object
		switches: array
		t: function
		time: undefined
		U: function
		w: function
		W: function
		y: function
		Y: function
		z: function
Paused at 1
	Call Stack: Date.formatDate 
	Bindings: a: function
		A: function
		B: function
		d: function
		D: function
		daysLong: array
		daysShort: array
		daysSuffix: array
		F: function
		g: function
		G: function
		h: function
		H: function
		i: function
		ia: array
		ij: number = 0
		input: string = Y-m-d
		j: function
		l: function
		L: function
		m: function
		M: function
		monthsLong: array
		monthsShort: array
		n: function
		O: function
		prevTime: undefined
		r: function
		s: function
		S: function
		self: object
		switches: array
		t: function
		time: undefined
		U: function
		w: function
		W: function
		y: function
		Y: function
		z: function
Paused at 283
	Hit Breakpoint(s) 
	Call Stack: Date.formatDate 
	Bindings: a: function
		A: function
		B: function
		d: function
		D: function
		daysLong: array
		daysShort: array
		daysSuffix: array
		F: function
		g: function
		G: function
		h: function
		H: function
		i: function
		ia: array
		ij: number = 0
		input: string = Y-m-d
		j: function
		l: function
		L: function
		m: function
		M: function
		monthsLong: array
		monthsShort: array
		n: function
		O: function
		prevTime: undefined
		r: function
		s: function
		S: function
		self: object
		switches: array
		t: function
		time: undefined
		U: function
		w: function
		W: function
		y: function
		Y: function
		z: function
Paused at 274
	Call Stack: Date.formatDate 
	Bindings: a: function
		A: function
		B: function
		d: function
		D: function
		daysLong: array
		daysShort: array
		daysSuffix: array
		F: function
		g: function
		G: function
		h: function
		H: function
		i: function
		ia: array
		ij: number = 1
		input: string = Y-m-d
		j: function
		l: function
		L: function
		m: function
		M: function
		monthsLong: array
		monthsShort: array
		n: function
		O: function
		prevTime: undefined
		r: function
		s: function
		S: function
		self: object
		switches: array
		t: function
		time: undefined
		U: function
		w: function
		W: function
		y: function
		Y: function
		z: function
Paused at 279
	Hit Breakpoint(s) 
	Call Stack: Date.formatDate 
	Bindings: a: function
		A: function
		B: function
		d: function
		D: function
		daysLong: array
		daysShort: array
		daysSuffix: array
		F: function
		g: function
		G: function
		h: function
		H: function
		i: function
		ia: array
		ij: number = 1
		input: string = Y-m-d
		j: function
		l: function
		L: function
		m: function
		M: function
		monthsLong: array
		monthsShort: array
		n: function
		O: function
		prevTime: undefined
		r: function
		s: function
		S: function
		self: object
		switches: array
		t: function
		time: undefined
		U: function
		w: function
		W: function
		y: function
		Y: function
		z: function
Paused at 3
	Hit Breakpoint(s) 
	Call Stack: arrayExists, Date.formatDate 
	Bindings: array: array
		i: number = 0
		x: string = -
Paused at 3
	Hit Breakpoint(s) 
	Call Stack: arrayExists, Date.formatDate 
	Bindings: array: array
		i: number = 1
		x: string = -
Paused at 3
	Hit Breakpoint(s) 
	Call Stack: arrayExists, Date.formatDate 
	Bindings: array: array
		i: number = 2
		x: string = -
Paused at 2
	Call Stack: arrayExists, Date.formatDate 
	Bindings: array: array
		i: number = 2
		x: string = -
Paused at 3
	Call Stack: arrayExists, Date.formatDate 
	Bindings: array: array
		i: number = 3
		x: string = -
Paused at 2
	Call Stack: arrayExists, Date.formatDate 
	Bindings: array: array
		i: number = 3
		x: string = -
Paused at 3
	Call Stack: arrayExists, Date.formatDate 
	Bindings: array: array
		i: number = 4
		x: string = -
Paused at 3
	Hit Breakpoint(s) 
	Call Stack: arrayExists, Date.formatDate 
	Bindings: array: array
		i: number = 4
		x: string = -
Paused at 2
	Call Stack: arrayExists, Date.formatDate 
	Bindings: array: array
		i: number = 4
		x: string = -
Paused at 3
	Hit Breakpoint(s) 
	Call Stack: arrayExists, Date.formatDate 
	Bindings: array: array
		i: number = 5
		x: string = -
Paused at 3
	Hit Breakpoint(s) 
	Call Stack: arrayExists, Date.formatDate 
	Bindings: array: array
		i: number = 6
		x: string = -
Paused at 2
	Call Stack: arrayExists, Date.formatDate 
	Bindings: array: array
		i: number = 6
		x: string = -
Paused at 3
	Call Stack: arrayExists, Date.formatDate 
	Bindings: array: array
		i: number = 7
		x: string = -
Paused at 3
	Hit Breakpoint(s) 
	Call Stack: arrayExists, Date.formatDate 
	Bindings: array: array
		i: number = 7
		x: string = -
Paused at 3
	Hit Breakpoint(s) 
	Call Stack: arrayExists, Date.formatDate 
	Bindings: array: array
		i: number = 8
		x: string = -
Paused at 2
	Call Stack: arrayExists, Date.formatDate 
	Bindings: array: array
		i: number = 8
		x: string = -
Paused at 3
	Call Stack: arrayExists, Date.formatDate 
	Bindings: array: array
		i: number = 9
		x: string = -
Paused at 2
	Call Stack: arrayExists, Date.formatDate 
	Bindings: array: array
		i: number = 9
		x: string = -
Paused at 3
	Hit Breakpoint(s) 
	Call Stack: arrayExists, Date.formatDate 
	Bindings: array: array
		i: number = 10
		x: string = -
Paused at 2
	Call Stack: arrayExists, Date.formatDate 
	Bindings: array: array
		i: number = 10
		x: string = -
Paused at 3
	Hit Breakpoint(s) 
	Call Stack: arrayExists, Date.formatDate 
	Bindings: array: array
		i: number = 11
		x: string = -
Paused at 2
	Call Stack: arrayExists, Date.formatDate 
	Bindings: array: array
		i: number = 11
		x: string = -
Paused at 3
	Call Stack: arrayExists, Date.formatDate 
	Bindings: array: array
		i: number = 12
		x: string = -
Paused at 2
	Call Stack: arrayExists, Date.formatDate 
	Bindings: array: array
		i: number = 12
		x: string = -
Paused at 3
	Hit Breakpoint(s) 
	Call Stack: arrayExists, Date.formatDate 
	Bindings: array: array
		i: number = 13
		x: string = -
