Breakpoint Set at 18
Breakpoint Set at 38
Breakpoint Set at 251
Breakpoint Set at 225
Breakpoint Set at 398
Breakpoint Set at 107
Breakpoint Set at 285
Breakpoint Set at 273
Breakpoint Set at 376
Breakpoint Set at 71
Breakpoint Set at 300
Breakpoint Set at 49
Breakpoint Set at 168
Breakpoint Set at 325
Breakpoint Set at 398
Breakpoint Set at 413
Breakpoint Set at 376
Breakpoint Set at 411
Breakpoint Set at 24
Breakpoint Set at 71
Breakpoint Set at 266
Breakpoint Set at 81
Breakpoint Set at 185
Breakpoint Set at 26
Breakpoint Set at 181
Breakpoint Set at 176
Breakpoint Set at 87
Breakpoint Set at 330
Breakpoint Set at 360
Breakpoint Set at 117
Breakpoint Set at 338
Breakpoint Set at 288
Breakpoint Set at 298
Breakpoint Set at 230
Breakpoint Set at 175
Breakpoint Set at 411
Breakpoint Set at 321
Breakpoint Set at 111
Breakpoint Set at 384
Breakpoint Set at 304
Breakpoint Set at 376
Breakpoint Set at 83
Breakpoint Set at 61
Breakpoint Set at 240
Breakpoint Set at 347
Breakpoint Set at 101
Breakpoint Set at 280
Breakpoint Set at 282
Breakpoint Set at 323
Breakpoint Set at 189
Breakpoint Set at 134
Breakpoint Set at 14
Breakpoint Set at 113
Breakpoint Set at 46
Breakpoint Set at 109
Breakpoint Set at 300
Breakpoint Set at 240
Breakpoint Set at 322
Breakpoint Set at 253
Breakpoint Set at 219
Breakpoint Set at 42
Breakpoint Set at 215
Breakpoint Set at 398
Breakpoint Set at 249
Breakpoint Set at 113
Breakpoint Set at 364
Breakpoint Set at 188
Breakpoint Set at 97
Breakpoint Set at 384
Breakpoint Set at 186
Breakpoint Set at 411
Breakpoint Set at 147
Breakpoint Set at 168
Breakpoint Set at 81
Breakpoint Set at 385
Breakpoint Set at 30
Breakpoint Set at 22
Breakpoint Set at 61
Breakpoint Set at 222
Breakpoint Set at 33
Breakpoint Set at 129
Breakpoint Set at 326
Breakpoint Set at 351
Breakpoint Set at 353
Paused at 14
	Hit Breakpoint(s) 
	Call Stack:  
	Bindings: 
Paused at 18
	Hit Breakpoint(s) 
	Call Stack:  
	Bindings: 
Paused at 26
	Hit Breakpoint(s) 
	Call Stack:  
	Bindings: 
Paused at 48
	Call Stack:  
	Bindings: 
Paused at 109
	Call Stack:  
	Bindings: 
Paused at 109
	Hit Breakpoint(s) 
	Call Stack:  
	Bindings: 
Paused at 117
	Hit Breakpoint(s) 
	Call Stack:  
	Bindings: 
Paused at 172
	Call Stack:  
	Bindings: 
Paused at 279
	Call Stack:  
	Bindings: 
Paused at 285
	Hit Breakpoint(s) 
	Call Stack:  
	Bindings: 
Paused at 300
	Hit Breakpoint(s) 
	Call Stack:  
	Bindings: 
Paused at 310
	Call Stack:  
	Bindings: 
Paused at 325
	Hit Breakpoint(s) 
	Call Stack:  
	Bindings: 
Paused at 330
	Call Stack:  
	Bindings: 
Paused at 330
	Hit Breakpoint(s) 
	Call Stack:  
	Bindings: 
Paused at 347
	Hit Breakpoint(s) 
	Call Stack:  
	Bindings: 
Paused at 351
	Hit Breakpoint(s) 
	Call Stack:  
	Bindings: 
Paused at 364
	Hit Breakpoint(s) 
	Call Stack:  
	Bindings: 
Paused at 376
	Hit Breakpoint(s) 
	Call Stack:  
	Bindings: 
Paused at 384
	Hit Breakpoint(s) 
	Call Stack:  
	Bindings: 
Paused at 385
	Hit Breakpoint(s) 
	Call Stack:  
	Bindings: 
Paused at 398
	Call Stack:  
	Bindings: 
Paused at 398
	Hit Breakpoint(s) 
	Call Stack:  
	Bindings: 
Paused at 411
	Hit Breakpoint(s) 
	Call Stack:  
	Bindings: 
Paused at 413
	Call Stack:  
	Bindings: 
Paused at 413
	Hit Breakpoint(s) 
	Call Stack:  
	Bindings: 
Paused at 414
	Call Stack:  
	Bindings: 
Paused at 19
	Call Stack: Date.dateFormat 
	Bindings: format: string = Y-m-d
		func: undefined
Paused at 30
	Hit Breakpoint(s) 
	Call Stack: Date.createNewFormat, Date.dateFormat 
	Bindings: ch: undefined
		code: string = Date.prototype.format0 = function(){return 
		format: string = Y-m-d
		funcName: string = format0
		i: undefined
		special: undefined
Paused at 33
	Hit Breakpoint(s) 
	Call Stack: Date.createNewFormat, Date.dateFormat 
	Bindings: ch: string = 
		code: string = Date.prototype.format0 = function(){return 
		format: string = Y-m-d
		funcName: string = format0
		i: number = 0
		special: boolean = false
Paused at 42
	Hit Breakpoint(s) 
	Call Stack: Date.createNewFormat, Date.dateFormat 
	Bindings: ch: string = Y
		code: string = Date.prototype.format0 = function(){return 
		format: string = Y-m-d
		funcName: string = format0
		i: number = 0
		special: boolean = false
Paused at 49
	Hit Breakpoint(s) 
	Call Stack: Date.getFormatCode, Date.createNewFormat, Date.dateFormat 
	Bindings: character: string = Y
Paused at 107
	Hit Breakpoint(s) 
	Call Stack: Date.getFormatCode, Date.createNewFormat, Date.dateFormat 
	Bindings: character: string = Y
Paused at 107
	Call Stack: Date.getFormatCode, Date.createNewFormat, Date.dateFormat 
	Bindings: character: string = Y
Paused at 42
	Call Stack: Date.createNewFormat, Date.dateFormat 
	Bindings: ch: string = Y
		code: string = Date.prototype.format0 = function(){return 
		format: string = Y-m-d
		funcName: string = format0
		i: number = 0
		special: boolean = false
Paused at 32
	Call Stack: Date.createNewFormat, Date.dateFormat 
	Bindings: ch: string = Y
		code: string = Date.prototype.format0 = function(){return this.getFullYear() + 
		format: string = Y-m-d
		funcName: string = format0
		i: number = 0
		special: boolean = false
Paused at 33
	Call Stack: Date.createNewFormat, Date.dateFormat 
	Bindings: ch: string = Y
		code: string = Date.prototype.format0 = function(){return this.getFullYear() + 
		format: string = Y-m-d
		funcName: string = format0
		i: number = 1
		special: boolean = false
Paused at 33
	Hit Breakpoint(s) 
	Call Stack: Date.createNewFormat, Date.dateFormat 
	Bindings: ch: string = Y
		code: string = Date.prototype.format0 = function(){return this.getFullYear() + 
		format: string = Y-m-d
		funcName: string = format0
		i: number = 1
		special: boolean = false
Paused at 34
	Call Stack: Date.createNewFormat, Date.dateFormat 
	Bindings: ch: string = -
		code: string = Date.prototype.format0 = function(){return this.getFullYear() + 
		format: string = Y-m-d
		funcName: string = format0
		i: number = 1
		special: boolean = false
Paused at 42
	Hit Breakpoint(s) 
	Call Stack: Date.createNewFormat, Date.dateFormat 
	Bindings: ch: string = -
		code: string = Date.prototype.format0 = function(){return this.getFullYear() + 
		format: string = Y-m-d
		funcName: string = format0
		i: number = 1
		special: boolean = false
Paused at 49
	Hit Breakpoint(s) 
	Call Stack: Date.getFormatCode, Date.createNewFormat, Date.dateFormat 
	Bindings: character: string = -
Paused at 105
	Call Stack: Date.getFormatCode, Date.createNewFormat, Date.dateFormat 
	Bindings: character: string = -
Paused at 107
	Hit Breakpoint(s) 
	Call Stack: Date.getFormatCode, Date.createNewFormat, Date.dateFormat 
	Bindings: character: string = -
Paused at 33
	Hit Breakpoint(s) 
	Call Stack: Date.createNewFormat, Date.dateFormat 
	Bindings: ch: string = -
		code: string = Date.prototype.format0 = function(){return this.getFullYear() + '-' + 
		format: string = Y-m-d
		funcName: string = format0
		i: number = 2
		special: boolean = false
Paused at 42
	Hit Breakpoint(s) 
	Call Stack: Date.createNewFormat, Date.dateFormat 
	Bindings: ch: string = m
		code: string = Date.prototype.format0 = function(){return this.getFullYear() + '-' + 
		format: string = Y-m-d
		funcName: string = format0
		i: number = 2
		special: boolean = false
Paused at 49
	Hit Breakpoint(s) 
	Call Stack: Date.getFormatCode, Date.createNewFormat, Date.dateFormat 
	Bindings: character: string = m
Paused at 107
	Hit Breakpoint(s) 
	Call Stack: Date.getFormatCode, Date.createNewFormat, Date.dateFormat 
	Bindings: character: string = m
Paused at 33
	Hit Breakpoint(s) 
	Call Stack: Date.createNewFormat, Date.dateFormat 
	Bindings: ch: string = m
		code: string = Date.prototype.format0 = function(){return this.getFullYear() + '-' + String.leftPad(this.getMonth() + 1, 2, '0') + 
		format: string = Y-m-d
		funcName: string = format0
		i: number = 3
		special: boolean = false
Paused at 34
	Call Stack: Date.createNewFormat, Date.dateFormat 
	Bindings: ch: string = -
		code: string = Date.prototype.format0 = function(){return this.getFullYear() + '-' + String.leftPad(this.getMonth() + 1, 2, '0') + 
		format: string = Y-m-d
		funcName: string = format0
		i: number = 3
		special: boolean = false
Paused at 37
	Call Stack: Date.createNewFormat, Date.dateFormat 
	Bindings: ch: string = -
		code: string = Date.prototype.format0 = function(){return this.getFullYear() + '-' + String.leftPad(this.getMonth() + 1, 2, '0') + 
		format: string = Y-m-d
		funcName: string = format0
		i: number = 3
		special: boolean = false
Paused at 42
	Call Stack: Date.createNewFormat, Date.dateFormat 
	Bindings: ch: string = -
		code: string = Date.prototype.format0 = function(){return this.getFullYear() + '-' + String.leftPad(this.getMonth() + 1, 2, '0') + 
		format: string = Y-m-d
		funcName: string = format0
		i: number = 3
		special: boolean = false
Paused at 49
	Call Stack: Date.getFormatCode, Date.createNewFormat, Date.dateFormat 
	Bindings: character: string = -
Paused at 49
	Hit Breakpoint(s) 
	Call Stack: Date.getFormatCode, Date.createNewFormat, Date.dateFormat 
	Bindings: character: string = -
Paused at 105
	Call Stack: Date.getFormatCode, Date.createNewFormat, Date.dateFormat 
	Bindings: character: string = -
Paused at 107
	Hit Breakpoint(s) 
	Call Stack: Date.getFormatCode, Date.createNewFormat, Date.dateFormat 
	Bindings: character: string = -
Paused at 107
	Call Stack: Date.getFormatCode, Date.createNewFormat, Date.dateFormat 
	Bindings: character: string = -
Paused at 33
	Hit Breakpoint(s) 
	Call Stack: Date.createNewFormat, Date.dateFormat 
	Bindings: ch: string = -
		code: string = Date.prototype.format0 = function(){return this.getFullYear() + '-' + String.leftPad(this.getMonth() + 1, 2, '0') + '-' + 
		format: string = Y-m-d
		funcName: string = format0
		i: number = 4
		special: boolean = false
Paused at 34
	Call Stack: Date.createNewFormat, Date.dateFormat 
	Bindings: ch: string = d
		code: string = Date.prototype.format0 = function(){return this.getFullYear() + '-' + String.leftPad(this.getMonth() + 1, 2, '0') + '-' + 
		format: string = Y-m-d
		funcName: string = format0
		i: number = 4
		special: boolean = false
Paused at 37
	Call Stack: Date.createNewFormat, Date.dateFormat 
	Bindings: ch: string = d
		code: string = Date.prototype.format0 = function(){return this.getFullYear() + '-' + String.leftPad(this.getMonth() + 1, 2, '0') + '-' + 
		format: string = Y-m-d
		funcName: string = format0
		i: number = 4
		special: boolean = false
Paused at 42
	Call Stack: Date.createNewFormat, Date.dateFormat 
	Bindings: ch: string = d
		code: string = Date.prototype.format0 = function(){return this.getFullYear() + '-' + String.leftPad(this.getMonth() + 1, 2, '0') + '-' + 
		format: string = Y-m-d
		funcName: string = format0
		i: number = 4
		special: boolean = false
Paused at 49
	Hit Breakpoint(s) 
	Call Stack: Date.getFormatCode, Date.createNewFormat, Date.dateFormat 
	Bindings: character: string = d
Paused at 51
	Call Stack: Date.getFormatCode, Date.createNewFormat, Date.dateFormat 
	Bindings: character: string = d
Paused at 107
	Call Stack: Date.getFormatCode, Date.createNewFormat, Date.dateFormat 
	Bindings: character: string = d
Paused at 107
	Call Stack: Date.getFormatCode, Date.createNewFormat, Date.dateFormat 
	Bindings: character: string = d
Paused at 32
	Call Stack: Date.createNewFormat, Date.dateFormat 
	Bindings: ch: string = d
		code: string = Date.prototype.format0 = function(){return this.getFullYear() + '-' + String.leftPad(this.getMonth() + 1, 2, '0') + '-' + String.leftPad(this.getDate(), 2, '0') + 
		format: string = Y-m-d
		funcName: string = format0
		i: number = 4
		special: boolean = false
Paused at 45
	Call Stack: Date.createNewFormat, Date.dateFormat 
	Bindings: ch: string = d
		code: string = Date.prototype.format0 = function(){return this.getFullYear() + '-' + String.leftPad(this.getMonth() + 1, 2, '0') + '-' + String.leftPad(this.getDate(), 2, '0') + 
		format: string = Y-m-d
		funcName: string = format0
		i: number = 5
		special: boolean = false
Paused at 46
	Hit Breakpoint(s) 
	Call Stack: Date.createNewFormat, Date.dateFormat 
	Bindings: ch: string = d
		code: string = Date.prototype.format0 = function(){return this.getFullYear() + '-' + String.leftPad(this.getMonth() + 1, 2, '0') + '-' + String.leftPad(this.getDate(), 2, '0') + 
		format: string = Y-m-d
		funcName: string = format0
		i: number = 5
		special: boolean = false
Paused at 46
	Call Stack: Date.createNewFormat, Date.dateFormat 
	Bindings: ch: string = d
		code: string = Date.prototype.format0 = function(){return this.getFullYear() + '-' + String.leftPad(this.getMonth() + 1, 2, '0') + '-' + String.leftPad(this.getDate(), 2, '0') + 
		format: string = Y-m-d
		funcName: string = format0
		i: number = 5
		special: boolean = false
Paused at 20
	Call Stack: Date.dateFormat 
	Bindings: format: string = Y-m-d
		func: undefined
Paused at 22
	Hit Breakpoint(s) 
	Call Stack: Date.dateFormat 
	Bindings: format: string = Y-m-d
		func: undefined
Paused at 353
	Hit Breakpoint(s) 
	Call Stack: String.leftPad, Date.format0, Date.dateFormat 
	Bindings: ch: string = 0
		result: object
		size: number = 2
		val: number = 1
Paused at 356
	Call Stack: String.leftPad, Date.format0, Date.dateFormat 
	Bindings: ch: string = 0
		result: object
		size: number = 2
		val: number = 1
Paused at 360
	Hit Breakpoint(s) 
	Call Stack: String.leftPad, Date.format0, Date.dateFormat 
	Bindings: ch: string = 0
		result: string = 01
		size: number = 2
		val: number = 1
Paused at 353
	Hit Breakpoint(s) 
	Call Stack: String.leftPad, Date.format0, Date.dateFormat 
	Bindings: ch: string = 0
		result: object
		size: number = 2
		val: number = 1
Paused at 356
	Call Stack: String.leftPad, Date.format0, Date.dateFormat 
	Bindings: ch: string = 0
		result: object
		size: number = 2
		val: number = 1
Paused at 360
	Hit Breakpoint(s) 
	Call Stack: String.leftPad, Date.format0, Date.dateFormat 
	Bindings: ch: string = 0
		result: string = 01
		size: number = 2
		val: number = 1
Paused at 24
	Hit Breakpoint(s) 
	Call Stack: Date.dateFormat 
	Bindings: format: string = Y-m-d
		func: string = format0
Paused at 24
	Call Stack: Date.dateFormat 
	Bindings: format: string = Y-m-d
		func: string = format0
Paused at 30
	Hit Breakpoint(s) 
	Call Stack: Date.createNewFormat, Date.dateFormat 
	Bindings: ch: undefined
		code: string = Date.prototype.format1 = function(){return 
		format: string = l, F d, Y g:i:s A
		funcName: string = format1
		i: undefined
		special: undefined
Paused at 31
	Call Stack: Date.createNewFormat, Date.dateFormat 
	Bindings: ch: undefined
		code: string = Date.prototype.format1 = function(){return 
		format: string = l, F d, Y g:i:s A
		funcName: string = format1
		i: undefined
		special: boolean = false
Paused at 32
	Call Stack: Date.createNewFormat, Date.dateFormat 
	Bindings: ch: string = 
		code: string = Date.prototype.format1 = function(){return 
		format: string = l, F d, Y g:i:s A
		funcName: string = format1
		i: undefined
		special: boolean = false
Paused at 33
	Call Stack: Date.createNewFormat, Date.dateFormat 
	Bindings: ch: string = 
		code: string = Date.prototype.format1 = function(){return 
		format: string = l, F d, Y g:i:s A
		funcName: string = format1
		i: number = 0
		special: boolean = false
Paused at 34
	Call Stack: Date.createNewFormat, Date.dateFormat 
	Bindings: ch: string = l
		code: string = Date.prototype.format1 = function(){return 
		format: string = l, F d, Y g:i:s A
		funcName: string = format1
		i: number = 0
		special: boolean = false
Paused at 42
	Hit Breakpoint(s) 
	Call Stack: Date.createNewFormat, Date.dateFormat 
	Bindings: ch: string = l
		code: string = Date.prototype.format1 = function(){return 
		format: string = l, F d, Y g:i:s A
		funcName: string = format1
		i: number = 0
		special: boolean = false
Paused at 49
	Hit Breakpoint(s) 
	Call Stack: Date.getFormatCode, Date.createNewFormat, Date.dateFormat 
	Bindings: character: string = l
Paused at 107
	Hit Breakpoint(s) 
	Call Stack: Date.getFormatCode, Date.createNewFormat, Date.dateFormat 
	Bindings: character: string = l
Paused at 107
	Call Stack: Date.getFormatCode, Date.createNewFormat, Date.dateFormat 
	Bindings: character: string = l
Paused at 42
	Call Stack: Date.createNewFormat, Date.dateFormat 
	Bindings: ch: string = l
		code: string = Date.prototype.format1 = function(){return 
		format: string = l, F d, Y g:i:s A
		funcName: string = format1
		i: number = 0
		special: boolean = false
Paused at 32
	Call Stack: Date.createNewFormat, Date.dateFormat 
	Bindings: ch: string = l
		code: string = Date.prototype.format1 = function(){return Date.dayNames[this.getDay()] + 
		format: string = l, F d, Y g:i:s A
		funcName: string = format1
		i: number = 0
		special: boolean = false
Paused at 33
	Hit Breakpoint(s) 
	Call Stack: Date.createNewFormat, Date.dateFormat 
	Bindings: ch: string = l
		code: string = Date.prototype.format1 = function(){return Date.dayNames[this.getDay()] + 
		format: string = l, F d, Y g:i:s A
		funcName: string = format1
		i: number = 1
		special: boolean = false
Paused at 42
	Hit Breakpoint(s) 
	Call Stack: Date.createNewFormat, Date.dateFormat 
	Bindings: ch: string = ,
		code: string = Date.prototype.format1 = function(){return Date.dayNames[this.getDay()] + 
		format: string = l, F d, Y g:i:s A
		funcName: string = format1
		i: number = 1
		special: boolean = false
Paused at 49
	Call Stack: Date.getFormatCode, Date.createNewFormat, Date.dateFormat 
	Bindings: character: string = ,
Paused at 105
	Call Stack: Date.getFormatCode, Date.createNewFormat, Date.dateFormat 
	Bindings: character: string = ,
Paused at 348
	Call Stack: String.escape, Date.getFormatCode, Date.createNewFormat, Date.dateFormat 
	Bindings: string: string = ,
Paused at 107
	Hit Breakpoint(s) 
	Call Stack: Date.getFormatCode, Date.createNewFormat, Date.dateFormat 
	Bindings: character: string = ,
Paused at 107
	Call Stack: Date.getFormatCode, Date.createNewFormat, Date.dateFormat 
	Bindings: character: string = ,
Paused at 33
	Hit Breakpoint(s) 
	Call Stack: Date.createNewFormat, Date.dateFormat 
	Bindings: ch: string = ,
		code: string = Date.prototype.format1 = function(){return Date.dayNames[this.getDay()] + ',' + 
		format: string = l, F d, Y g:i:s A
		funcName: string = format1
		i: number = 2
		special: boolean = false
Paused at 34
	Call Stack: Date.createNewFormat, Date.dateFormat 
	Bindings: ch: string =  
		code: string = Date.prototype.format1 = function(){return Date.dayNames[this.getDay()] + ',' + 
		format: string = l, F d, Y g:i:s A
		funcName: string = format1
		i: number = 2
		special: boolean = false
Paused at 37
	Call Stack: Date.createNewFormat, Date.dateFormat 
	Bindings: ch: string =  
		code: string = Date.prototype.format1 = function(){return Date.dayNames[this.getDay()] + ',' + 
		format: string = l, F d, Y g:i:s A
		funcName: string = format1
		i: number = 2
		special: boolean = false
Paused at 42
	Call Stack: Date.createNewFormat, Date.dateFormat 
	Bindings: ch: string =  
		code: string = Date.prototype.format1 = function(){return Date.dayNames[this.getDay()] + ',' + 
		format: string = l, F d, Y g:i:s A
		funcName: string = format1
		i: number = 2
		special: boolean = false
Paused at 42
	Hit Breakpoint(s) 
	Call Stack: Date.createNewFormat, Date.dateFormat 
	Bindings: ch: string =  
		code: string = Date.prototype.format1 = function(){return Date.dayNames[this.getDay()] + ',' + 
		format: string = l, F d, Y g:i:s A
		funcName: string = format1
		i: number = 2
		special: boolean = false
