Breakpoint Set at 26
Breakpoint Set at 29
Breakpoint Set at 180
Breakpoint Set at 161
Breakpoint Set at 279
Breakpoint Set at 77
Breakpoint Set at 212
Breakpoint Set at 197
Breakpoint Set at 262
Breakpoint Set at 265
Breakpoint Set at 218
Breakpoint Set at 39
Breakpoint Set at 124
Breakpoint Set at 237
Breakpoint Set at 283
Breakpoint Set at 297
Breakpoint Set at 265
Breakpoint Set at 289
Breakpoint Set at 26
Breakpoint Set at 58
Breakpoint Set at 193
Breakpoint Set at 63
Breakpoint Set at 272
Breakpoint Set at 137
Breakpoint Set at 26
Breakpoint Set at 265
Breakpoint Set at 131
Breakpoint Set at 265
Breakpoint Set at 239
Breakpoint Set at 260
Breakpoint Set at 265
Breakpoint Set at 248
Breakpoint Set at 212
Breakpoint Set at 218
Breakpoint Set at 265
Breakpoint Set at 133
Breakpoint Set at 290
Breakpoint Set at 26
Breakpoint Set at 89
Breakpoint Set at 223
Breakpoint Set at 268
Breakpoint Set at 72
Breakpoint Set at 26
Breakpoint Set at 178
Breakpoint Set at 251
Breakpoint Set at 265
Breakpoint Set at 212
Breakpoint Set at 212
Breakpoint Set at 237
Breakpoint Set at 265
Breakpoint Set at 107
Breakpoint Set at 168
Breakpoint Set at 94
Breakpoint Set at 252
Breakpoint Set at 31
Breakpoint Set at 220
Breakpoint Set at 3
Breakpoint Set at 237
Breakpoint Set at 193
Breakpoint Set at 168
Paused at 26
	Hit Breakpoint(s) 
	Call Stack: Date.formatDate 
	Bindings: a: function
		A: function
		B: function
		d: function
		D: function
		daysLong: undefined
		daysShort: undefined
		daysSuffix: undefined
		F: function
		g: function
		G: function
		h: function
		H: function
		i: function
		ia: undefined
		ij: undefined
		input: string = 
		j: function
		l: function
		L: function
		m: function
		M: function
		monthsLong: undefined
		monthsShort: undefined
		n: function
		O: function
		prevTime: undefined
		r: function
		s: function
		S: function
		self: undefined
		switches: undefined
		t: function
		time: undefined
		U: function
		w: function
		W: function
		y: function
		Y: function
		z: function
Paused at 29
	Hit Breakpoint(s) 
	Call Stack: Date.formatDate 
	Bindings: a: function
		A: function
		B: function
		d: function
		D: function
		daysLong: undefined
		daysShort: undefined
		daysSuffix: undefined
		F: function
		g: function
		G: function
		h: function
		H: function
		i: function
		ia: undefined
		ij: undefined
		input: string = 
		j: function
		l: function
		L: function
		m: function
		M: function
		monthsLong: undefined
		monthsShort: undefined
		n: function
		O: function
		prevTime: undefined
		r: function
		s: function
		S: function
		self: undefined
		switches: array
		t: function
		time: undefined
		U: function
		w: function
		W: function
		y: function
		Y: function
		z: function
Paused at 31
	Hit Breakpoint(s) 
	Call Stack: Date.formatDate 
	Bindings: a: function
		A: function
		B: function
		d: function
		D: function
		daysLong: array
		daysShort: undefined
		daysSuffix: undefined
		F: function
		g: function
		G: function
		h: function
		H: function
		i: function
		ia: undefined
		ij: undefined
		input: string = 
		j: function
		l: function
		L: function
		m: function
		M: function
		monthsLong: undefined
		monthsShort: undefined
		n: function
		O: function
		prevTime: undefined
		r: function
		s: function
		S: function
		self: undefined
		switches: array
		t: function
		time: undefined
		U: function
		w: function
		W: function
		y: function
		Y: function
		z: function
Paused at 33
	Call Stack: Date.formatDate 
	Bindings: a: function
		A: function
		B: function
		d: function
		D: function
		daysLong: array
		daysShort: array
		daysSuffix: undefined
		F: function
		g: function
		G: function
		h: function
		H: function
		i: function
		ia: undefined
		ij: undefined
		input: string = 
		j: function
		l: function
		L: function
		m: function
		M: function
		monthsLong: undefined
		monthsShort: undefined
		n: function
		O: function
		prevTime: undefined
		r: function
		s: function
		S: function
		self: undefined
		switches: array
		t: function
		time: undefined
		U: function
		w: function
		W: function
		y: function
		Y: function
		z: function
Paused at 36
	Call Stack: Date.formatDate 
	Bindings: a: function
		A: function
		B: function
		d: function
		D: function
		daysLong: array
		daysShort: array
		daysSuffix: undefined
		F: function
		g: function
		G: function
		h: function
		H: function
		i: function
		ia: undefined
		ij: undefined
		input: string = 
		j: function
		l: function
		L: function
		m: function
		M: function
		monthsLong: undefined
		monthsShort: array
		n: function
		O: function
		prevTime: undefined
		r: function
		s: function
		S: function
		self: undefined
		switches: array
		t: function
		time: undefined
		U: function
		w: function
		W: function
		y: function
		Y: function
		z: function
Paused at 39
	Hit Breakpoint(s) 
	Call Stack: Date.formatDate 
	Bindings: a: function
		A: function
		B: function
		d: function
		D: function
		daysLong: array
		daysShort: array
		daysSuffix: undefined
		F: function
		g: function
		G: function
		h: function
		H: function
		i: function
		ia: undefined
		ij: undefined
		input: string = 
		j: function
		l: function
		L: function
		m: function
		M: function
		monthsLong: array
		monthsShort: array
		n: function
		O: function
		prevTime: undefined
		r: function
		s: function
		S: function
		self: undefined
		switches: array
		t: function
		time: undefined
		U: function
		w: function
		W: function
		y: function
		Y: function
		z: function
Paused at 265
	Hit Breakpoint(s) 
	Call Stack: Date.formatDate 
	Bindings: a: function
		A: function
		B: function
		d: function
		D: function
		daysLong: array
		daysShort: array
		daysSuffix: array
		F: function
		g: function
		G: function
		h: function
		H: function
		i: function
		ia: undefined
		ij: undefined
		input: string = 
		j: function
		l: function
		L: function
		m: function
		M: function
		monthsLong: array
		monthsShort: array
		n: function
		O: function
		prevTime: undefined
		r: function
		s: function
		S: function
		self: undefined
		switches: array
		t: function
		time: undefined
		U: function
		w: function
		W: function
		y: function
		Y: function
		z: function
Paused at 266
	Call Stack: Date.formatDate 
	Bindings: a: function
		A: function
		B: function
		d: function
		D: function
		daysLong: array
		daysShort: array
		daysSuffix: array
		F: function
		g: function
		G: function
		h: function
		H: function
		i: function
		ia: undefined
		ij: undefined
		input: string = 
		j: function
		l: function
		L: function
		m: function
		M: function
		monthsLong: array
		monthsShort: array
		n: function
		O: function
		prevTime: undefined
		r: function
		s: function
		S: function
		self: object
		switches: array
		t: function
		time: undefined
		U: function
		w: function
		W: function
		y: function
		Y: function
		z: function
Paused at 272
	Hit Breakpoint(s) 
	Call Stack: Date.formatDate 
	Bindings: a: function
		A: function
		B: function
		d: function
		D: function
		daysLong: array
		daysShort: array
		daysSuffix: array
		F: function
		g: function
		G: function
		h: function
		H: function
		i: function
		ia: undefined
		ij: undefined
		input: string = 
		j: function
		l: function
		L: function
		m: function
		M: function
		monthsLong: array
		monthsShort: array
		n: function
		O: function
		prevTime: undefined
		r: function
		s: function
		S: function
		self: object
		switches: array
		t: function
		time: undefined
		U: function
		w: function
		W: function
		y: function
		Y: function
		z: function
Paused at 279
	Hit Breakpoint(s) 
	Call Stack: Date.formatDate 
	Bindings: a: function
		A: function
		B: function
		d: function
		D: function
		daysLong: array
		daysShort: array
		daysSuffix: array
		F: function
		g: function
		G: function
		h: function
		H: function
		i: function
		ia: array
		ij: number = 0
		input: string = 
		j: function
		l: function
		L: function
		m: function
		M: function
		monthsLong: array
		monthsShort: array
		n: function
		O: function
		prevTime: undefined
		r: function
		s: function
		S: function
		self: object
		switches: array
		t: function
		time: undefined
		U: function
		w: function
		W: function
		y: function
		Y: function
		z: function
Paused at 3
	Hit Breakpoint(s) 
	Call Stack: arrayExists, Date.formatDate 
	Bindings: array: array
		i: number = 0
		x: string = 
Paused at 2
	Call Stack: arrayExists, Date.formatDate 
	Bindings: array: array
		i: number = 0
		x: string = 
Paused at 3
	Hit Breakpoint(s) 
	Call Stack: arrayExists, Date.formatDate 
	Bindings: array: array
		i: number = 1
		x: string = 
Paused at 2
	Call Stack: arrayExists, Date.formatDate 
	Bindings: array: array
		i: number = 1
		x: string = 
Paused at 3
	Hit Breakpoint(s) 
	Call Stack: arrayExists, Date.formatDate 
	Bindings: array: array
		i: number = 2
		x: string = 
Paused at 3
	Hit Breakpoint(s) 
	Call Stack: arrayExists, Date.formatDate 
	Bindings: array: array
		i: number = 3
		x: string = 
Paused at 3
	Hit Breakpoint(s) 
	Call Stack: arrayExists, Date.formatDate 
	Bindings: array: array
		i: number = 4
		x: string = 
Paused at 3
	Hit Breakpoint(s) 
	Call Stack: arrayExists, Date.formatDate 
	Bindings: array: array
		i: number = 5
		x: string = 
Paused at 3
	Hit Breakpoint(s) 
	Call Stack: arrayExists, Date.formatDate 
	Bindings: array: array
		i: number = 6
		x: string = 
Paused at 3
	Hit Breakpoint(s) 
	Call Stack: arrayExists, Date.formatDate 
	Bindings: array: array
		i: number = 7
		x: string = 
Paused at 3
	Hit Breakpoint(s) 
	Call Stack: arrayExists, Date.formatDate 
	Bindings: array: array
		i: number = 8
		x: string = 
Paused at 2
	Call Stack: arrayExists, Date.formatDate 
	Bindings: array: array
		i: number = 8
		x: string = 
Paused at 3
	Hit Breakpoint(s) 
	Call Stack: arrayExists, Date.formatDate 
	Bindings: array: array
		i: number = 9
		x: string = 
Paused at 3
	Hit Breakpoint(s) 
	Call Stack: arrayExists, Date.formatDate 
	Bindings: array: array
		i: number = 10
		x: string = 
Paused at 2
	Call Stack: arrayExists, Date.formatDate 
	Bindings: array: array
		i: number = 10
		x: string = 
Paused at 3
	Hit Breakpoint(s) 
	Call Stack: arrayExists, Date.formatDate 
	Bindings: array: array
		i: number = 11
		x: string = 
Paused at 2
	Call Stack: arrayExists, Date.formatDate 
	Bindings: array: array
		i: number = 11
		x: string = 
Paused at 2
	Call Stack: arrayExists, Date.formatDate 
	Bindings: array: array
		i: number = 12
		x: string = 
Paused at 3
	Hit Breakpoint(s) 
	Call Stack: arrayExists, Date.formatDate 
	Bindings: array: array
		i: number = 12
		x: string = 
Paused at 3
	Hit Breakpoint(s) 
	Call Stack: arrayExists, Date.formatDate 
	Bindings: array: array
		i: number = 13
		x: string = 
Paused at 3
	Hit Breakpoint(s) 
	Call Stack: arrayExists, Date.formatDate 
	Bindings: array: array
		i: number = 14
		x: string = 
Paused at 3
	Hit Breakpoint(s) 
	Call Stack: arrayExists, Date.formatDate 
	Bindings: array: array
		i: number = 15
		x: string = 
Paused at 3
	Hit Breakpoint(s) 
	Call Stack: arrayExists, Date.formatDate 
	Bindings: array: array
		i: number = 16
		x: string = 
Paused at 2
	Call Stack: arrayExists, Date.formatDate 
	Bindings: array: array
		i: number = 16
		x: string = 
Paused at 2
	Call Stack: arrayExists, Date.formatDate 
	Bindings: array: array
		i: number = 17
		x: string = 
Paused at 3
	Hit Breakpoint(s) 
	Call Stack: arrayExists, Date.formatDate 
	Bindings: array: array
		i: number = 17
		x: string = 
Paused at 2
	Call Stack: arrayExists, Date.formatDate 
	Bindings: array: array
		i: number = 17
		x: string = 
Paused at 3
	Hit Breakpoint(s) 
	Call Stack: arrayExists, Date.formatDate 
	Bindings: array: array
		i: number = 18
		x: string = 
Paused at 2
	Call Stack: arrayExists, Date.formatDate 
	Bindings: array: array
		i: number = 18
		x: string = 
Paused at 3
	Hit Breakpoint(s) 
	Call Stack: arrayExists, Date.formatDate 
	Bindings: array: array
		i: number = 19
		x: string = 
Paused at 3
	Hit Breakpoint(s) 
	Call Stack: arrayExists, Date.formatDate 
	Bindings: array: array
		i: number = 20
		x: string = 
Paused at 2
	Call Stack: arrayExists, Date.formatDate 
	Bindings: array: array
		i: number = 20
		x: string = 
Paused at 3
	Hit Breakpoint(s) 
	Call Stack: arrayExists, Date.formatDate 
	Bindings: array: array
		i: number = 21
		x: string = 
Paused at 3
	Hit Breakpoint(s) 
	Call Stack: arrayExists, Date.formatDate 
	Bindings: array: array
		i: number = 22
		x: string = 
Paused at 3
	Hit Breakpoint(s) 
	Call Stack: arrayExists, Date.formatDate 
	Bindings: array: array
		i: number = 23
		x: string = 
Paused at 2
	Call Stack: arrayExists, Date.formatDate 
	Bindings: array: array
		i: number = 23
		x: string = 
Paused at 3
	Hit Breakpoint(s) 
	Call Stack: arrayExists, Date.formatDate 
	Bindings: array: array
		i: number = 24
		x: string = 
Paused at 3
	Hit Breakpoint(s) 
	Call Stack: arrayExists, Date.formatDate 
	Bindings: array: array
		i: number = 25
		x: string = 
Paused at 2
	Call Stack: arrayExists, Date.formatDate 
	Bindings: array: array
		i: number = 25
		x: string = 
Paused at 2
	Call Stack: arrayExists, Date.formatDate 
	Bindings: array: array
		i: number = 26
		x: string = 
Paused at 3
	Hit Breakpoint(s) 
	Call Stack: arrayExists, Date.formatDate 
	Bindings: array: array
		i: number = 26
		x: string = 
Paused at 3
	Call Stack: arrayExists, Date.formatDate 
	Bindings: array: array
		i: number = 26
		x: string = 
Paused at 237
	Hit Breakpoint(s) 
	Call Stack: Y, Date.formatDate 
	Bindings: a: function
		A: function
		B: function
		d: function
		D: function
		daysLong: array
		daysShort: array
		daysSuffix: array
		F: function
		g: function
		G: function
		h: function
		H: function
		i: function
		ia: array
		ij: number = 0
		input: string = 
		j: function
		l: function
		L: function
		m: function
		M: function
		monthsLong: array
		monthsShort: array
		n: function
		newDate: undefined
		O: function
		prevTime: undefined
		r: function
		s: function
		S: function
		self: object
		switches: array
		t: function
		time: undefined
		U: function
		w: function
		W: function
		x: undefined
		y: undefined
		Y: function
		z: function
Paused at 238
	Call Stack: Y, Date.formatDate 
	Bindings: a: function
		A: function
		B: function
		d: function
		D: function
		daysLong: array
		daysShort: array
		daysSuffix: array
		F: function
		g: function
		G: function
		h: function
		H: function
		i: function
		ia: array
		ij: number = 0
		input: string = 
		j: function
		l: function
		L: function
		m: function
		M: function
		monthsLong: array
		monthsShort: array
		n: function
		newDate: undefined
		O: function
		prevTime: undefined
		r: function
		s: function
		S: function
		self: object
		switches: array
		t: function
		time: undefined
		U: function
		w: function
		W: function
		x: undefined
		y: undefined
		Y: function
		z: function
Paused at 239
	Hit Breakpoint(s) 
	Call Stack: Y, Date.formatDate 
	Bindings: a: function
		A: function
		B: function
		d: function
		D: function
		daysLong: array
		daysShort: array
		daysSuffix: array
		F: function
		g: function
		G: function
		h: function
		H: function
		i: function
		ia: array
		ij: number = 0
		input: string = 
		j: function
		l: function
		L: function
		m: function
		M: function
		monthsLong: array
		monthsShort: array
		n: function
		newDate: object
		O: function
		prevTime: undefined
		r: function
		s: function
		S: function
		self: object
		switches: array
		t: function
		time: undefined
		U: function
		w: function
		W: function
		x: undefined
		y: undefined
		Y: function
		z: function
Paused at 252
	Hit Breakpoint(s) 
	Call Stack: Y, Date.formatDate 
	Bindings: a: function
		A: function
		B: function
		d: function
		D: function
		daysLong: array
		daysShort: array
		daysSuffix: array
		F: function
		g: function
		G: function
		h: function
		H: function
		i: function
		ia: array
		ij: number = 0
		input: string = 
		j: function
		l: function
		L: function
		m: function
		M: function
		monthsLong: array
		monthsShort: array
		n: function
		newDate: object
		O: function
		prevTime: undefined
		r: function
		s: function
		S: function
		self: object
		switches: array
		t: function
		time: undefined
		U: function
		w: function
		W: function
		x: number = 2001
		y: undefined
		Y: function
		z: function
Paused at 283
	Hit Breakpoint(s) 
	Call Stack: Date.formatDate 
	Bindings: a: function
		A: function
		B: function
		d: function
		D: function
		daysLong: array
		daysShort: array
		daysSuffix: array
		F: function
		g: function
		G: function
		h: function
		H: function
		i: function
		ia: array
		ij: number = 0
		input: string = 
		j: function
		l: function
		L: function
		m: function
		M: function
		monthsLong: array
		monthsShort: array
		n: function
		O: function
		prevTime: undefined
		r: function
		s: function
		S: function
		self: object
		switches: array
		t: function
		time: undefined
		U: function
		w: function
		W: function
		y: function
		Y: function
		z: function
Paused at 274
	Call Stack: Date.formatDate 
	Bindings: a: function
		A: function
		B: function
		d: function
		D: function
		daysLong: array
		daysShort: array
		daysSuffix: array
		F: function
		g: function
		G: function
		h: function
		H: function
		i: function
		ia: array
		ij: number = 1
		input: string = 
		j: function
		l: function
		L: function
		m: function
		M: function
		monthsLong: array
		monthsShort: array
		n: function
		O: function
		prevTime: undefined
		r: function
		s: function
		S: function
		self: object
		switches: array
		t: function
		time: undefined
		U: function
		w: function
		W: function
		y: function
		Y: function
		z: function
Paused at 275
	Call Stack: Date.formatDate 
	Bindings: a: function
		A: function
		B: function
		d: function
		D: function
		daysLong: array
		daysShort: array
		daysSuffix: array
		F: function
		g: function
		G: function
		h: function
		H: function
		i: function
		ia: array
		ij: number = 1
		input: string = 
		j: function
		l: function
		L: function
		m: function
		M: function
		monthsLong: array
		monthsShort: array
		n: function
		O: function
		prevTime: undefined
		r: function
		s: function
		S: function
		self: object
		switches: array
		t: function
		time: undefined
		U: function
		w: function
		W: function
		y: function
		Y: function
		z: function
Paused at 279
	Hit Breakpoint(s) 
	Call Stack: Date.formatDate 
	Bindings: a: function
		A: function
		B: function
		d: function
		D: function
		daysLong: array
		daysShort: array
		daysSuffix: array
		F: function
		g: function
		G: function
		h: function
		H: function
		i: function
		ia: array
		ij: number = 1
		input: string = 
		j: function
		l: function
		L: function
		m: function
		M: function
		monthsLong: array
		monthsShort: array
		n: function
		O: function
		prevTime: undefined
		r: function
		s: function
		S: function
		self: object
		switches: array
		t: function
		time: undefined
		U: function
		w: function
		W: function
		y: function
		Y: function
		z: function
Paused at 3
	Hit Breakpoint(s) 
	Call Stack: arrayExists, Date.formatDate 
	Bindings: array: array
		i: number = 0
		x: string = 
Paused at 2
	Call Stack: arrayExists, Date.formatDate 
	Bindings: array: array
		i: number = 0
		x: string = 
Paused at 2
	Call Stack: arrayExists, Date.formatDate 
	Bindings: array: array
		i: number = 1
		x: string = 
Paused at 3
	Hit Breakpoint(s) 
	Call Stack: arrayExists, Date.formatDate 
	Bindings: array: array
		i: number = 1
		x: string = 
Paused at 3
	Hit Breakpoint(s) 
	Call Stack: arrayExists, Date.formatDate 
	Bindings: array: array
		i: number = 2
		x: string = 
Paused at 2
	Call Stack: arrayExists, Date.formatDate 
	Bindings: array: array
		i: number = 2
		x: string = 
Paused at 3
	Hit Breakpoint(s) 
	Call Stack: arrayExists, Date.formatDate 
	Bindings: array: array
		i: number = 3
		x: string = 
Paused at 3
	Hit Breakpoint(s) 
	Call Stack: arrayExists, Date.formatDate 
	Bindings: array: array
		i: number = 4
		x: string = 
Paused at 2
	Call Stack: arrayExists, Date.formatDate 
	Bindings: array: array
		i: number = 4
		x: string = 
Paused at 3
	Hit Breakpoint(s) 
	Call Stack: arrayExists, Date.formatDate 
	Bindings: array: array
		i: number = 5
		x: string = 
Paused at 3
	Hit Breakpoint(s) 
	Call Stack: arrayExists, Date.formatDate 
	Bindings: array: array
		i: number = 6
		x: string = 
Paused at 2
	Call Stack: arrayExists, Date.formatDate 
	Bindings: array: array
		i: number = 6
		x: string = 
Paused at 3
	Hit Breakpoint(s) 
	Call Stack: arrayExists, Date.formatDate 
	Bindings: array: array
		i: number = 7
		x: string = 
Paused at 3
	Hit Breakpoint(s) 
	Call Stack: arrayExists, Date.formatDate 
	Bindings: array: array
		i: number = 8
		x: string = 
Paused at 2
	Call Stack: arrayExists, Date.formatDate 
	Bindings: array: array
		i: number = 8
		x: string = 
Paused at 3
	Hit Breakpoint(s) 
	Call Stack: arrayExists, Date.formatDate 
	Bindings: array: array
		i: number = 9
		x: string = 
Paused at 3
	Hit Breakpoint(s) 
	Call Stack: arrayExists, Date.formatDate 
	Bindings: array: array
		i: number = 10
		x: string = 
Paused at 3
	Hit Breakpoint(s) 
	Call Stack: arrayExists, Date.formatDate 
	Bindings: array: array
		i: number = 11
		x: string = 
Paused at 3
	Hit Breakpoint(s) 
	Call Stack: arrayExists, Date.formatDate 
	Bindings: array: array
		i: number = 12
		x: string = 
Paused at 2
	Call Stack: arrayExists, Date.formatDate 
	Bindings: array: array
		i: number = 12
		x: string = 
Paused at 2
	Call Stack: arrayExists, Date.formatDate 
	Bindings: array: array
		i: number = 13
		x: string = 
Paused at 3
	Hit Breakpoint(s) 
	Call Stack: arrayExists, Date.formatDate 
	Bindings: array: array
		i: number = 13
		x: string = 
Paused at 2
	Call Stack: arrayExists, Date.formatDate 
	Bindings: array: array
		i: number = 13
		x: string = 
Paused at 3
	Hit Breakpoint(s) 
	Call Stack: arrayExists, Date.formatDate 
	Bindings: array: array
		i: number = 14
		x: string = 
Paused at 2
	Call Stack: arrayExists, Date.formatDate 
	Bindings: array: array
		i: number = 14
		x: string = 
Paused at 3
	Hit Breakpoint(s) 
	Call Stack: arrayExists, Date.formatDate 
	Bindings: array: array
		i: number = 15
		x: string = 
Paused at 3
	Hit Breakpoint(s) 
	Call Stack: arrayExists, Date.formatDate 
	Bindings: array: array
		i: number = 16
		x: string = 
Paused at 2
	Call Stack: arrayExists, Date.formatDate 
	Bindings: array: array
		i: number = 16
		x: string = 
Paused at 2
	Call Stack: arrayExists, Date.formatDate 
	Bindings: array: array
		i: number = 17
		x: string = 
Paused at 3
	Hit Breakpoint(s) 
	Call Stack: arrayExists, Date.formatDate 
	Bindings: array: array
		i: number = 17
		x: string = 
Paused at 3
	Hit Breakpoint(s) 
	Call Stack: arrayExists, Date.formatDate 
	Bindings: array: array
		i: number = 18
		x: string = 
Paused at 2
	Call Stack: arrayExists, Date.formatDate 
	Bindings: array: array
		i: number = 18
		x: string = 
Paused at 2
	Call Stack: arrayExists, Date.formatDate 
	Bindings: array: array
		i: number = 19
		x: string = 
Paused at 3
	Hit Breakpoint(s) 
	Call Stack: arrayExists, Date.formatDate 
	Bindings: array: array
		i: number = 19
		x: string = 
Paused at 3
	Hit Breakpoint(s) 
	Call Stack: arrayExists, Date.formatDate 
	Bindings: array: array
		i: number = 20
		x: string = 
Paused at 2
	Call Stack: arrayExists, Date.formatDate 
	Bindings: array: array
		i: number = 20
		x: string = 
Paused at 3
	Hit Breakpoint(s) 
	Call Stack: arrayExists, Date.formatDate 
	Bindings: array: array
		i: number = 21
		x: string = 
Paused at 2
	Call Stack: arrayExists, Date.formatDate 
	Bindings: array: array
		i: number = 21
		x: string = 
Paused at 2
	Call Stack: arrayExists, Date.formatDate 
	Bindings: array: array
		i: number = 22
		x: string = 
Paused at 3
	Hit Breakpoint(s) 
	Call Stack: arrayExists, Date.formatDate 
	Bindings: array: array
		i: number = 22
		x: string = 
Paused at 3
	Hit Breakpoint(s) 
	Call Stack: arrayExists, Date.formatDate 
	Bindings: array: array
		i: number = 23
		x: string = 
