Breakpoint Set at 38
Breakpoint Set at 38
Breakpoint Set at 164
Breakpoint Set at 146
Breakpoint Set at 252
Breakpoint Set at 72
Breakpoint Set at 185
Breakpoint Set at 177
Breakpoint Set at 237
Breakpoint Set at 51
Breakpoint Set at 195
Breakpoint Set at 38
Breakpoint Set at 110
Breakpoint Set at 211
Breakpoint Set at 254
Breakpoint Set at 268
Breakpoint Set at 238
Breakpoint Set at 261
Breakpoint Set at 38
Breakpoint Set at 177
Breakpoint Set at 61
Breakpoint Set at 244
Breakpoint Set at 126
Breakpoint Set at 38
Breakpoint Set at 126
Breakpoint Set at 119
Breakpoint Set at 64
Breakpoint Set at 216
Breakpoint Set at 235
Breakpoint Set at 84
Breakpoint Set at 221
Breakpoint Set at 192
Breakpoint Set at 196
Breakpoint Set at 160
Breakpoint Set at 121
Breakpoint Set at 262
Breakpoint Set at 38
Breakpoint Set at 84
Breakpoint Set at 249
Breakpoint Set at 201
Breakpoint Set at 241
Breakpoint Set at 68
Breakpoint Set at 54
Breakpoint Set at 164
Breakpoint Set at 228
Breakpoint Set at 84
Breakpoint Set at 187
Breakpoint Set at 192
Breakpoint Set at 213
Breakpoint Set at 133
Breakpoint Set at 105
Breakpoint Set at 38
Breakpoint Set at 89
Breakpoint Set at 87
Paused at 38
	Hit Breakpoint(s) 
	Call Stack:  
	Bindings: 
Paused at 72
	Hit Breakpoint(s) 
	Call Stack:  
	Bindings: 
Paused at 164
	Hit Breakpoint(s) 
	Call Stack:  
	Bindings: 
Paused at 177
	Hit Breakpoint(s) 
	Call Stack:  
	Bindings: m: object
		s: object
Paused at 208
	Call Stack:  
	Bindings: m: object
		s: object
Paused at 226
	Call Stack:  
	Bindings: 
Paused at 228
	Hit Breakpoint(s) 
	Call Stack:  
	Bindings: 
Paused at 229
	Call Stack:  
	Bindings: 
Paused at 195
	Hit Breakpoint(s) 
	Call Stack: s.parseJSON 
	Bindings: filter: function
		j: undefined
		m: object
		s: object
		walk: function
Paused at 196
	Hit Breakpoint(s) 
	Call Stack: s.parseJSON 
	Bindings: filter: function
		j: undefined
		m: object
		s: object
		walk: function
Paused at 201
	Hit Breakpoint(s) 
	Call Stack: s.parseJSON 
	Bindings: filter: function
		j: array
		m: object
		s: object
		walk: function
Paused at 185
	Hit Breakpoint(s) 
	Call Stack: walk, s.parseJSON 
	Bindings: filter: function
		i: string = 
		j: array
		k: string = 
		m: object
		n: undefined
		s: object
		v: array
		walk: function
Paused at 185
	Hit Breakpoint(s) 
	Call Stack: walk, walk, s.parseJSON 
	Bindings: filter: function
		i: string = 
		j: array
		k: string = 
		m: object
		n: undefined
		s: object
		v: object
		walk: function
Paused at 182
	Call Stack: walk, walk, walk, s.parseJSON 
	Bindings: filter: function
		i: undefined
		j: array
		k: string = 
		m: object
		n: undefined
		s: object
		v: string = 
		walk: function
Paused at 192
	Hit Breakpoint(s) 
	Call Stack: walk, walk, walk, s.parseJSON 
	Bindings: filter: function
		i: undefined
		j: array
		k: string = 
		m: object
		n: undefined
		s: object
		v: string = 
		walk: function
Paused at 186
	Call Stack: walk, walk, s.parseJSON 
	Bindings: filter: function
		i: string = 
		j: array
		k: string = 
		m: object
		n: string = 
		s: object
		v: object
		walk: function
Paused at 187
	Hit Breakpoint(s) 
	Call Stack: walk, walk, s.parseJSON 
	Bindings: filter: function
		i: string = 
		j: array
		k: string = 
		m: object
		n: string = 
		s: object
		v: object
		walk: function
Paused at 185
	Hit Breakpoint(s) 
	Call Stack: walk, walk, s.parseJSON 
	Bindings: filter: function
		i: string = 
		j: array
		k: string = 
		m: object
		n: string = 
		s: object
		v: object
		walk: function
Paused at 192
	Hit Breakpoint(s) 
	Call Stack: walk, walk, walk, s.parseJSON 
	Bindings: filter: function
		i: undefined
		j: array
		k: string = 
		m: object
		n: undefined
		s: object
		v: number = 4294967296
		walk: function
Paused at 187
	Hit Breakpoint(s) 
	Call Stack: walk, walk, s.parseJSON 
	Bindings: filter: function
		i: string = 
		j: array
		k: string = 
		m: object
		n: number = 32
		s: object
		v: object
		walk: function
Paused at 192
	Hit Breakpoint(s) 
	Call Stack: walk, walk, s.parseJSON 
	Bindings: filter: function
		i: string = 
		j: array
		k: string = 
		m: object
		n: number = 32
		s: object
		v: object
		walk: function
Paused at 193
	Call Stack: walk, walk, s.parseJSON 
	Bindings: filter: function
		i: string = 
		j: array
		k: string = 
		m: object
		n: number = 32
		s: object
		v: object
		walk: function
Paused at 187
	Hit Breakpoint(s) 
	Call Stack: walk, s.parseJSON 
	Bindings: filter: function
		i: string = 
		j: array
		k: string = 
		m: object
		n: object
		s: object
		v: array
		walk: function
Paused at 185
	Hit Breakpoint(s) 
	Call Stack: walk, s.parseJSON 
	Bindings: filter: function
		i: string = 
		j: array
		k: string = 
		m: object
		n: object
		s: object
		v: array
		walk: function
Paused at 182
	Call Stack: walk, walk, s.parseJSON 
	Bindings: filter: function
		i: undefined
		j: array
		k: string = 
		m: object
		n: undefined
		s: object
		v: object
		walk: function
Paused at 185
	Hit Breakpoint(s) 
	Call Stack: walk, walk, s.parseJSON 
	Bindings: filter: function
		i: string = 
		j: array
		k: string = 
		m: object
		n: undefined
		s: object
		v: object
		walk: function
Paused at 182
	Call Stack: walk, walk, walk, s.parseJSON 
	Bindings: filter: function
		i: undefined
		j: array
		k: string = 
		m: object
		n: undefined
		s: object
		v: string = 
		walk: function
Paused at 192
	Hit Breakpoint(s) 
	Call Stack: walk, walk, walk, s.parseJSON 
	Bindings: filter: function
		i: undefined
		j: array
		k: string = 
		m: object
		n: undefined
		s: object
		v: string = 
		walk: function
Paused at 187
	Hit Breakpoint(s) 
	Call Stack: walk, walk, s.parseJSON 
	Bindings: filter: function
		i: string = 
		j: array
		k: string = 
		m: object
		n: string = 
		s: object
		v: object
		walk: function
Paused at 185
	Hit Breakpoint(s) 
	Call Stack: walk, walk, s.parseJSON 
	Bindings: filter: function
		i: string = 
		j: array
		k: string = 
		m: object
		n: string = 
		s: object
		v: object
		walk: function
Paused at 192
	Hit Breakpoint(s) 
	Call Stack: walk, walk, walk, s.parseJSON 
	Bindings: filter: function
		i: undefined
		j: array
		k: string = 
		m: object
		n: undefined
		s: object
		v: number = 1257718401
		walk: function
Paused at 187
	Hit Breakpoint(s) 
	Call Stack: walk, walk, s.parseJSON 
	Bindings: filter: function
		i: string = 
		j: array
		k: string = 
		m: object
		n: number = 30.228161797699705
		s: object
		v: object
		walk: function
Paused at 192
	Hit Breakpoint(s) 
	Call Stack: walk, walk, s.parseJSON 
	Bindings: filter: function
		i: string = 
		j: array
		k: string = 
		m: object
		n: number = 30.228161797699705
		s: object
		v: object
		walk: function
Paused at 193
	Call Stack: walk, walk, s.parseJSON 
	Bindings: filter: function
		i: string = 
		j: array
		k: string = 
		m: object
		n: number = 30.228161797699705
		s: object
		v: object
		walk: function
Paused at 186
	Call Stack: walk, s.parseJSON 
	Bindings: filter: function
		i: string = 
		j: array
		k: string = 
		m: object
		n: object
		s: object
		v: array
		walk: function
Paused at 187
	Hit Breakpoint(s) 
	Call Stack: walk, s.parseJSON 
	Bindings: filter: function
		i: string = 
		j: array
		k: string = 
		m: object
		n: object
		s: object
		v: array
		walk: function
Paused at 183
	Call Stack: walk, s.parseJSON 
	Bindings: filter: function
		i: string = 
		j: array
		k: string = 
		m: object
		n: object
		s: object
		v: array
		walk: function
Paused at 185
	Hit Breakpoint(s) 
	Call Stack: walk, s.parseJSON 
	Bindings: filter: function
		i: string = 
		j: array
		k: string = 
		m: object
		n: object
		s: object
		v: array
		walk: function
Paused at 185
	Hit Breakpoint(s) 
	Call Stack: walk, walk, s.parseJSON 
	Bindings: filter: function
		i: string = 
		j: array
		k: string = 
		m: object
		n: undefined
		s: object
		v: object
		walk: function
Paused at 192
	Hit Breakpoint(s) 
	Call Stack: walk, walk, walk, s.parseJSON 
	Bindings: filter: function
		i: undefined
		j: array
		k: string = 
		m: object
		n: undefined
		s: object
		v: string = 
		walk: function
Paused at 186
	Call Stack: walk, walk, s.parseJSON 
	Bindings: filter: function
		i: string = 
		j: array
		k: string = 
		m: object
		n: string = 
		s: object
		v: object
		walk: function
Paused at 187
	Hit Breakpoint(s) 
	Call Stack: walk, walk, s.parseJSON 
	Bindings: filter: function
		i: string = 
		j: array
		k: string = 
		m: object
		n: string = 
		s: object
		v: object
		walk: function
Paused at 185
	Hit Breakpoint(s) 
	Call Stack: walk, walk, s.parseJSON 
	Bindings: filter: function
		i: string = 
		j: array
		k: string = 
		m: object
		n: string = 
		s: object
		v: object
		walk: function
Paused at 192
	Hit Breakpoint(s) 
	Call Stack: walk, walk, walk, s.parseJSON 
	Bindings: filter: function
		i: undefined
		j: array
		k: string = 
		m: object
		n: undefined
		s: object
		v: number = 613166183
		walk: function
Paused at 187
	Hit Breakpoint(s) 
	Call Stack: walk, walk, s.parseJSON 
	Bindings: filter: function
		i: string = 
		j: array
		k: string = 
		m: object
		n: number = 29.19170289157581
		s: object
		v: object
		walk: function
Paused at 183
	Call Stack: walk, walk, s.parseJSON 
	Bindings: filter: function
		i: string = 
		j: array
		k: string = 
		m: object
		n: number = 29.19170289157581
		s: object
		v: object
		walk: function
Paused at 192
	Hit Breakpoint(s) 
	Call Stack: walk, walk, s.parseJSON 
	Bindings: filter: function
		i: string = 
		j: array
		k: string = 
		m: object
		n: number = 29.19170289157581
		s: object
		v: object
		walk: function
Paused at 187
	Hit Breakpoint(s) 
	Call Stack: walk, s.parseJSON 
	Bindings: filter: function
		i: string = 
		j: array
		k: string = 
		m: object
		n: object
		s: object
		v: array
		walk: function
Paused at 183
	Call Stack: walk, s.parseJSON 
	Bindings: filter: function
		i: string = 
		j: array
		k: string = 
		m: object
		n: object
		s: object
		v: array
		walk: function
Paused at 184
	Call Stack: walk, s.parseJSON 
	Bindings: filter: function
		i: string = 
		j: array
		k: string = 
		m: object
		n: object
		s: object
		v: array
		walk: function
Paused at 185
	Hit Breakpoint(s) 
	Call Stack: walk, s.parseJSON 
	Bindings: filter: function
		i: string = 
		j: array
		k: string = 
		m: object
		n: object
		s: object
		v: array
		walk: function
Paused at 182
	Call Stack: walk, walk, s.parseJSON 
	Bindings: filter: function
		i: undefined
		j: array
		k: string = 
		m: object
		n: undefined
		s: object
		v: object
		walk: function
Paused at 185
	Hit Breakpoint(s) 
	Call Stack: walk, walk, s.parseJSON 
	Bindings: filter: function
		i: string = 
		j: array
		k: string = 
		m: object
		n: undefined
		s: object
		v: object
		walk: function
Paused at 182
	Call Stack: walk, walk, walk, s.parseJSON 
	Bindings: filter: function
		i: undefined
		j: array
		k: string = 
		m: object
		n: undefined
		s: object
		v: string = 
		walk: function
Paused at 192
	Hit Breakpoint(s) 
	Call Stack: walk, walk, walk, s.parseJSON 
	Bindings: filter: function
		i: undefined
		j: array
		k: string = 
		m: object
		n: undefined
		s: object
		v: string = 
		walk: function
Paused at 186
	Call Stack: walk, walk, s.parseJSON 
	Bindings: filter: function
		i: string = 
		j: array
		k: string = 
		m: object
		n: string = 
		s: object
		v: object
		walk: function
Paused at 187
	Hit Breakpoint(s) 
	Call Stack: walk, walk, s.parseJSON 
	Bindings: filter: function
		i: string = 
		j: array
		k: string = 
		m: object
		n: string = 
		s: object
		v: object
		walk: function
Paused at 183
	Call Stack: walk, walk, s.parseJSON 
	Bindings: filter: function
		i: string = 
		j: array
		k: string = 
		m: object
		n: string = 
		s: object
		v: object
		walk: function
Paused at 184
	Call Stack: walk, walk, s.parseJSON 
	Bindings: filter: function
		i: string = 
		j: array
		k: string = 
		m: object
		n: string = 
		s: object
		v: object
		walk: function
Paused at 185
	Hit Breakpoint(s) 
	Call Stack: walk, walk, s.parseJSON 
	Bindings: filter: function
		i: string = 
		j: array
		k: string = 
		m: object
		n: string = 
		s: object
		v: object
		walk: function
Paused at 192
	Hit Breakpoint(s) 
	Call Stack: walk, walk, walk, s.parseJSON 
	Bindings: filter: function
		i: undefined
		j: array
		k: string = 
		m: object
		n: undefined
		s: object
		v: number = 368304452
		walk: function
Paused at 229
	Call Stack: walk, walk, walk, s.parseJSON 
	Bindings: a: string = 
		b: number = 368304452
Paused at 229
	Call Stack: walk, walk, walk, s.parseJSON 
	Bindings: a: string = 
		b: number = 368304452
Paused at 229
	Call Stack: walk, walk, walk, s.parseJSON 
	Bindings: a: string = 
		b: number = 368304452
Paused at 193
	Call Stack: walk, walk, walk, s.parseJSON 
	Bindings: filter: function
		i: undefined
		j: array
		k: string = 
		m: object
		n: undefined
		s: object
		v: number = 368304452
		walk: function
Paused at 186
	Call Stack: walk, walk, s.parseJSON 
	Bindings: filter: function
		i: string = 
		j: array
		k: string = 
		m: object
		n: number = 28.456323595488065
		s: object
		v: object
		walk: function
Paused at 187
	Hit Breakpoint(s) 
	Call Stack: walk, walk, s.parseJSON 
	Bindings: filter: function
		i: string = 
		j: array
		k: string = 
		m: object
		n: number = 28.456323595488065
		s: object
		v: object
		walk: function
Paused at 192
	Hit Breakpoint(s) 
	Call Stack: walk, walk, s.parseJSON 
	Bindings: filter: function
		i: string = 
		j: array
		k: string = 
		m: object
		n: number = 28.456323595488065
		s: object
		v: object
		walk: function
Paused at 229
	Call Stack: walk, walk, s.parseJSON 
	Bindings: a: string = 
		b: object
Paused at 187
	Hit Breakpoint(s) 
	Call Stack: walk, s.parseJSON 
	Bindings: filter: function
		i: string = 
		j: array
		k: string = 
		m: object
		n: object
		s: object
		v: array
		walk: function
Paused at 185
	Hit Breakpoint(s) 
	Call Stack: walk, s.parseJSON 
	Bindings: filter: function
		i: string = 
		j: array
		k: string = 
		m: object
		n: object
		s: object
		v: array
		walk: function
Paused at 182
	Call Stack: walk, walk, s.parseJSON 
	Bindings: filter: function
		i: undefined
		j: array
		k: string = 
		m: object
		n: undefined
		s: object
		v: object
		walk: function
Paused at 185
	Hit Breakpoint(s) 
	Call Stack: walk, walk, s.parseJSON 
	Bindings: filter: function
		i: string = 
		j: array
		k: string = 
		m: object
		n: undefined
		s: object
		v: object
		walk: function
Paused at 192
	Hit Breakpoint(s) 
	Call Stack: walk, walk, walk, s.parseJSON 
	Bindings: filter: function
		i: undefined
		j: array
		k: string = 
		m: object
		n: undefined
		s: object
		v: string = 
		walk: function
Paused at 229
	Call Stack: walk, walk, walk, s.parseJSON 
	Bindings: a: string = 
		b: string = 
Paused at 193
	Call Stack: walk, walk, walk, s.parseJSON 
	Bindings: filter: function
		i: undefined
		j: array
		k: string = 
		m: object
		n: undefined
		s: object
		v: string = 
		walk: function
Paused at 187
	Hit Breakpoint(s) 
	Call Stack: walk, walk, s.parseJSON 
	Bindings: filter: function
		i: string = 
		j: array
		k: string = 
		m: object
		n: string = 
		s: object
		v: object
		walk: function
Paused at 185
	Hit Breakpoint(s) 
	Call Stack: walk, walk, s.parseJSON 
	Bindings: filter: function
		i: string = 
		j: array
		k: string = 
		m: object
		n: string = 
		s: object
		v: object
		walk: function
Paused at 192
	Hit Breakpoint(s) 
	Call Stack: walk, walk, walk, s.parseJSON 
	Bindings: filter: function
		i: undefined
		j: array
		k: string = 
		m: object
		n: undefined
		s: object
		v: number = 248026512
		walk: function
Paused at 193
	Call Stack: walk, walk, walk, s.parseJSON 
	Bindings: filter: function
		i: undefined
		j: array
		k: string = 
		m: object
		n: undefined
		s: object
		v: number = 248026512
		walk: function
Paused at 186
	Call Stack: walk, walk, s.parseJSON 
	Bindings: filter: function
		i: string = 
		j: array
		k: string = 
		m: object
		n: number = 27.885919100221585
		s: object
		v: object
		walk: function
Paused at 187
	Hit Breakpoint(s) 
	Call Stack: walk, walk, s.parseJSON 
	Bindings: filter: function
		i: string = 
		j: array
		k: string = 
		m: object
		n: number = 27.885919100221585
		s: object
		v: object
		walk: function
Paused at 183
	Call Stack: walk, walk, s.parseJSON 
	Bindings: filter: function
		i: string = 
		j: array
		k: string = 
		m: object
		n: number = 27.885919100221585
		s: object
		v: object
		walk: function
Paused at 192
	Hit Breakpoint(s) 
	Call Stack: walk, walk, s.parseJSON 
	Bindings: filter: function
		i: string = 
		j: array
		k: string = 
		m: object
		n: number = 27.885919100221585
		s: object
		v: object
		walk: function
Paused at 193
	Call Stack: walk, walk, s.parseJSON 
	Bindings: filter: function
		i: string = 
		j: array
		k: string = 
		m: object
		n: number = 27.885919100221585
		s: object
		v: object
		walk: function
Paused at 186
	Call Stack: walk, s.parseJSON 
	Bindings: filter: function
		i: string = 
		j: array
		k: string = 
		m: object
		n: object
		s: object
		v: array
		walk: function
Paused at 187
	Hit Breakpoint(s) 
	Call Stack: walk, s.parseJSON 
	Bindings: filter: function
		i: string = 
		j: array
		k: string = 
		m: object
		n: object
		s: object
		v: array
		walk: function
Paused at 183
	Call Stack: walk, s.parseJSON 
	Bindings: filter: function
		i: string = 
		j: array
		k: string = 
		m: object
		n: object
		s: object
		v: array
		walk: function
Paused at 184
	Call Stack: walk, s.parseJSON 
	Bindings: filter: function
		i: string = 
		j: array
		k: string = 
		m: object
		n: object
		s: object
		v: array
		walk: function
Paused at 185
	Hit Breakpoint(s) 
	Call Stack: walk, s.parseJSON 
	Bindings: filter: function
		i: string = 
		j: array
		k: string = 
		m: object
		n: object
		s: object
		v: array
		walk: function
Paused at 185
	Hit Breakpoint(s) 
	Call Stack: walk, walk, s.parseJSON 
	Bindings: filter: function
		i: string = 
		j: array
		k: string = 
		m: object
		n: undefined
		s: object
		v: object
		walk: function
Paused at 182
	Call Stack: walk, walk, walk, s.parseJSON 
	Bindings: filter: function
		i: undefined
		j: array
		k: string = 
		m: object
		n: undefined
		s: object
		v: string = 
		walk: function
Paused at 192
	Hit Breakpoint(s) 
	Call Stack: walk, walk, walk, s.parseJSON 
	Bindings: filter: function
		i: undefined
		j: array
		k: string = 
		m: object
		n: undefined
		s: object
		v: string = 
		walk: function
Paused at 229
	Call Stack: walk, walk, walk, s.parseJSON 
	Bindings: a: string = 
		b: string = 
Paused at 187
	Hit Breakpoint(s) 
	Call Stack: walk, walk, s.parseJSON 
	Bindings: filter: function
		i: string = 
		j: array
		k: string = 
		m: object
		n: string = 
		s: object
		v: object
		walk: function
Paused at 183
	Call Stack: walk, walk, s.parseJSON 
	Bindings: filter: function
		i: string = 
		j: array
		k: string = 
		m: object
		n: string = 
		s: object
		v: object
		walk: function
Paused at 185
	Hit Breakpoint(s) 
	Call Stack: walk, walk, s.parseJSON 
	Bindings: filter: function
		i: string = 
		j: array
		k: string = 
		m: object
		n: string = 
		s: object
		v: object
		walk: function
Paused at 192
	Hit Breakpoint(s) 
	Call Stack: walk, walk, walk, s.parseJSON 
	Bindings: filter: function
		i: undefined
		j: array
		k: string = 
		m: object
		n: undefined
		s: object
		v: number = 179556755
		walk: function
Paused at 193
	Call Stack: walk, walk, walk, s.parseJSON 
	Bindings: filter: function
		i: undefined
		j: array
		k: string = 
		m: object
		n: undefined
		s: object
		v: number = 179556755
		walk: function
Paused at 186
	Call Stack: walk, walk, s.parseJSON 
	Bindings: filter: function
		i: string = 
		j: array
		k: string = 
		m: object
		n: number = 27.419864687911474
		s: object
		v: object
		walk: function
Paused at 187
	Hit Breakpoint(s) 
	Call Stack: walk, walk, s.parseJSON 
	Bindings: filter: function
		i: string = 
		j: array
		k: string = 
		m: object
		n: number = 27.419864687911474
		s: object
		v: object
		walk: function
