Set Breakpoint at 6
Set Breakpoint at 13
Set Breakpoint at 83
Set Breakpoint at 75
Set Breakpoint at 128
Set Breakpoint at 38
Set Breakpoint at 95
Set Breakpoint at 91
Set Breakpoint at 121
Set Breakpoint at 29
Set Breakpoint at 101
Set Breakpoint at 23
Set Breakpoint at 60
Set Breakpoint at 109
Set Breakpoint at 130
Set Breakpoint at 136
Set Breakpoint at 122
Set Breakpoint at 133
Set Breakpoint at 20
Set Breakpoint at 34
Set Breakpoint at 93
Set Breakpoint at 39
Set Breakpoint at 125
Set Breakpoint at 70
Set Breakpoint at 25
Set Breakpoint at 24
Set Breakpoint at 69
resume
resume
stepOver
stepOver
stepOut
resume
stepOver
stepOver
stepOut
resume
stepOver
resume
stepIn
stepOut
stepOut
stepOut
stepOut
stepOut
resume
resume
stepOver
resume
stepOut
stepIn
resume
stepIn
stepIn
resume
stepOut
stepOut
resume
stepOut
stepOver
stepOver
stepOver
stepIn
stepOut
stepOver
resume
stepOut
stepOver
stepOut
resume
resume
stepOver
stepOut
resume
stepOver
stepOver
stepOver
stepIn
resume
stepIn
resume
stepOut
resume
stepOver
stepIn
stepOver
stepOver
stepIn
stepOver
stepIn
stepOut
stepOver
resume
stepOut
stepIn
resume
stepOut
stepIn
stepOut
resume
stepIn
stepOut
resume
stepOut
stepOut
stepOver
stepOver
stepIn
stepOver
resume
stepOver
stepOut
stepOut
stepIn
stepOver
stepOut
resume
stepIn
stepIn
stepIn
resume
stepIn
resume
stepOver
stepOver
stepOver
stepOut
