Breakpoint Set at 93
Breakpoint Set at 45
Breakpoint Set at 151
Breakpoint Set at 33
Breakpoint Set at 28
Breakpoint Set at 75
Breakpoint Set at 137
Breakpoint Set at 23
Breakpoint Set at 41
Breakpoint Set at 46
Breakpoint Set at 29
Breakpoint Set at 54
Breakpoint Set at 152
Breakpoint Set at 66
Paused at 75
	Hit Breakpoint(s) 
	Call Stack: Sun 
Paused at 28
	Hit Breakpoint(s) 
	Call Stack: Jupiter 
Paused at 29
	Hit Breakpoint(s) 
	Call Stack: Jupiter 
Paused at 33
	Hit Breakpoint(s) 
	Call Stack: Jupiter 
Paused at 41
	Hit Breakpoint(s) 
	Call Stack: Saturn 
Paused at 45
	Hit Breakpoint(s) 
	Call Stack: Saturn 
Paused at 46
	Hit Breakpoint(s) 
	Call Stack: Saturn 
Paused at 54
	Hit Breakpoint(s) 
	Call Stack: Uranus 
Paused at 66
	Hit Breakpoint(s) 
	Call Stack: Neptune 
Paused at 23
	Hit Breakpoint(s) 
	Call Stack: Body.offsetMomentum, NBodySystem 
Paused at 93
	Hit Breakpoint(s) 
	Call Stack: NBodySystem 
Paused at 137
	Hit Breakpoint(s) 
	Call Stack: NBodySystem.energy 
Paused at 137
	Hit Breakpoint(s) 
	Call Stack: NBodySystem.energy 
Paused at 137
	Hit Breakpoint(s) 
	Call Stack: NBodySystem.energy 
Paused at 137
	Hit Breakpoint(s) 
	Call Stack: NBodySystem.energy 
Paused at 137
	Hit Breakpoint(s) 
	Call Stack: NBodySystem.energy 
Paused at 151
	Hit Breakpoint(s) 
	Call Stack: NBodySystem.energy 
Paused at 152
	Hit Breakpoint(s) 
	Call Stack: NBodySystem.energy 
Paused at 137
	Hit Breakpoint(s) 
	Call Stack: NBodySystem.energy 
Paused at 137
	Hit Breakpoint(s) 
	Call Stack: NBodySystem.energy 
Paused at 137
	Hit Breakpoint(s) 
	Call Stack: NBodySystem.energy 
Paused at 137
	Hit Breakpoint(s) 
	Call Stack: NBodySystem.energy 
Paused at 137
	Hit Breakpoint(s) 
	Call Stack: NBodySystem.energy 
Paused at 151
	Hit Breakpoint(s) 
	Call Stack: NBodySystem.energy 
Paused at 152
	Hit Breakpoint(s) 
	Call Stack: NBodySystem.energy 
Paused at 75
	Hit Breakpoint(s) 
	Call Stack: Sun 
Paused at 28
	Hit Breakpoint(s) 
	Call Stack: Jupiter 
Paused at 29
	Hit Breakpoint(s) 
	Call Stack: Jupiter 
Paused at 33
	Hit Breakpoint(s) 
	Call Stack: Jupiter 
Paused at 41
	Hit Breakpoint(s) 
	Call Stack: Saturn 
Paused at 45
	Hit Breakpoint(s) 
	Call Stack: Saturn 
Paused at 46
	Hit Breakpoint(s) 
	Call Stack: Saturn 
Paused at 54
	Hit Breakpoint(s) 
	Call Stack: Uranus 
Paused at 66
	Hit Breakpoint(s) 
	Call Stack: Neptune 
Paused at 23
	Hit Breakpoint(s) 
	Call Stack: Body.offsetMomentum, NBodySystem 
Paused at 93
	Hit Breakpoint(s) 
	Call Stack: NBodySystem 
Paused at 137
	Hit Breakpoint(s) 
	Call Stack: NBodySystem.energy 
Paused at 137
	Hit Breakpoint(s) 
	Call Stack: NBodySystem.energy 
Paused at 137
	Hit Breakpoint(s) 
	Call Stack: NBodySystem.energy 
Paused at 137
	Hit Breakpoint(s) 
	Call Stack: NBodySystem.energy 
Paused at 137
	Hit Breakpoint(s) 
	Call Stack: NBodySystem.energy 
Paused at 151
	Hit Breakpoint(s) 
	Call Stack: NBodySystem.energy 
Paused at 152
	Hit Breakpoint(s) 
	Call Stack: NBodySystem.energy 
Paused at 137
	Hit Breakpoint(s) 
	Call Stack: NBodySystem.energy 
Paused at 137
	Hit Breakpoint(s) 
	Call Stack: NBodySystem.energy 
Paused at 137
	Hit Breakpoint(s) 
	Call Stack: NBodySystem.energy 
Paused at 137
	Hit Breakpoint(s) 
	Call Stack: NBodySystem.energy 
Paused at 137
	Hit Breakpoint(s) 
	Call Stack: NBodySystem.energy 
Paused at 151
	Hit Breakpoint(s) 
	Call Stack: NBodySystem.energy 
Paused at 152
	Hit Breakpoint(s) 
	Call Stack: NBodySystem.energy 
Paused at 75
	Hit Breakpoint(s) 
	Call Stack: Sun 
Paused at 28
	Hit Breakpoint(s) 
	Call Stack: Jupiter 
Paused at 29
	Hit Breakpoint(s) 
	Call Stack: Jupiter 
Paused at 33
	Hit Breakpoint(s) 
	Call Stack: Jupiter 
Paused at 41
	Hit Breakpoint(s) 
	Call Stack: Saturn 
Paused at 45
	Hit Breakpoint(s) 
	Call Stack: Saturn 
Paused at 46
	Hit Breakpoint(s) 
	Call Stack: Saturn 
Paused at 54
	Hit Breakpoint(s) 
	Call Stack: Uranus 
Paused at 66
	Hit Breakpoint(s) 
	Call Stack: Neptune 
Paused at 23
	Hit Breakpoint(s) 
	Call Stack: Body.offsetMomentum, NBodySystem 
Paused at 93
	Hit Breakpoint(s) 
	Call Stack: NBodySystem 
Paused at 137
	Hit Breakpoint(s) 
	Call Stack: NBodySystem.energy 
Paused at 137
	Hit Breakpoint(s) 
	Call Stack: NBodySystem.energy 
Paused at 137
	Hit Breakpoint(s) 
	Call Stack: NBodySystem.energy 
Paused at 137
	Hit Breakpoint(s) 
	Call Stack: NBodySystem.energy 
Paused at 137
	Hit Breakpoint(s) 
	Call Stack: NBodySystem.energy 
Paused at 151
	Hit Breakpoint(s) 
	Call Stack: NBodySystem.energy 
Paused at 152
	Hit Breakpoint(s) 
	Call Stack: NBodySystem.energy 
Paused at 137
	Hit Breakpoint(s) 
	Call Stack: NBodySystem.energy 
Paused at 137
	Hit Breakpoint(s) 
	Call Stack: NBodySystem.energy 
Paused at 137
	Hit Breakpoint(s) 
	Call Stack: NBodySystem.energy 
Paused at 137
	Hit Breakpoint(s) 
	Call Stack: NBodySystem.energy 
Paused at 137
	Hit Breakpoint(s) 
	Call Stack: NBodySystem.energy 
Paused at 151
	Hit Breakpoint(s) 
	Call Stack: NBodySystem.energy 
Paused at 152
	Hit Breakpoint(s) 
	Call Stack: NBodySystem.energy 
Paused at 75
	Hit Breakpoint(s) 
	Call Stack: Sun 
Paused at 28
	Hit Breakpoint(s) 
	Call Stack: Jupiter 
Paused at 29
	Hit Breakpoint(s) 
	Call Stack: Jupiter 
Paused at 33
	Hit Breakpoint(s) 
	Call Stack: Jupiter 
Paused at 41
	Hit Breakpoint(s) 
	Call Stack: Saturn 
Paused at 45
	Hit Breakpoint(s) 
	Call Stack: Saturn 
Paused at 46
	Hit Breakpoint(s) 
	Call Stack: Saturn 
Paused at 54
	Hit Breakpoint(s) 
	Call Stack: Uranus 
Paused at 66
	Hit Breakpoint(s) 
	Call Stack: Neptune 
Paused at 23
	Hit Breakpoint(s) 
	Call Stack: Body.offsetMomentum, NBodySystem 
Paused at 93
	Hit Breakpoint(s) 
	Call Stack: NBodySystem 
Paused at 137
	Hit Breakpoint(s) 
	Call Stack: NBodySystem.energy 
Paused at 137
	Hit Breakpoint(s) 
	Call Stack: NBodySystem.energy 
Paused at 137
	Hit Breakpoint(s) 
	Call Stack: NBodySystem.energy 
Paused at 137
	Hit Breakpoint(s) 
	Call Stack: NBodySystem.energy 
Paused at 137
	Hit Breakpoint(s) 
	Call Stack: NBodySystem.energy 
Paused at 151
	Hit Breakpoint(s) 
	Call Stack: NBodySystem.energy 
Paused at 152
	Hit Breakpoint(s) 
	Call Stack: NBodySystem.energy 
Paused at 137
	Hit Breakpoint(s) 
	Call Stack: NBodySystem.energy 
Paused at 137
	Hit Breakpoint(s) 
	Call Stack: NBodySystem.energy 
Paused at 137
	Hit Breakpoint(s) 
	Call Stack: NBodySystem.energy 
Paused at 137
	Hit Breakpoint(s) 
	Call Stack: NBodySystem.energy 
Paused at 137
	Hit Breakpoint(s) 
	Call Stack: NBodySystem.energy 
Paused at 151
	Hit Breakpoint(s) 
	Call Stack: NBodySystem.energy 
Paused at 152
	Hit Breakpoint(s) 
	Call Stack: NBodySystem.energy 
