Breakpoint Set at 52
Breakpoint Set at 65
Breakpoint Set at 151
Breakpoint Set at 33
Breakpoint Set at 28
Breakpoint Set at 55
Breakpoint Set at 137
Breakpoint Set at 23
Breakpoint Set at 61
Breakpoint Set at 66
Breakpoint Set at 29
Breakpoint Set at 74
Breakpoint Set at 152
Breakpoint Set at 87
Paused at 55
	Hit Breakpoint(s) 
	Call Stack: Sun 
Paused at 28
	Hit Breakpoint(s) 
	Call Stack: Jupiter 
Paused at 29
	Hit Breakpoint(s) 
	Call Stack: Jupiter 
Paused at 33
	Hit Breakpoint(s) 
	Call Stack: Jupiter 
Paused at 61
	Hit Breakpoint(s) 
	Call Stack: Saturn 
Paused at 65
	Hit Breakpoint(s) 
	Call Stack: Saturn 
Paused at 66
	Hit Breakpoint(s) 
	Call Stack: Saturn 
Paused at 74
	Hit Breakpoint(s) 
	Call Stack: Uranus 
Paused at 87
	Hit Breakpoint(s) 
	Call Stack: Neptune 
Paused at 23
	Hit Breakpoint(s) 
	Call Stack: Body.offsetMomentum, NBodySystem 
Paused at 52
	Hit Breakpoint(s) 
	Call Stack: NBodySystem 
Paused at 137
	Hit Breakpoint(s) 
	Call Stack: NBodySystem.energy 
Paused at 137
	Hit Breakpoint(s) 
	Call Stack: NBodySystem.energy 
Paused at 137
	Hit Breakpoint(s) 
	Call Stack: NBodySystem.energy 
Paused at 137
	Hit Breakpoint(s) 
	Call Stack: NBodySystem.energy 
Paused at 137
	Hit Breakpoint(s) 
	Call Stack: NBodySystem.energy 
Paused at 151
	Hit Breakpoint(s) 
	Call Stack: NBodySystem.energy 
Paused at 152
	Hit Breakpoint(s) 
	Call Stack: NBodySystem.energy 
Paused at 137
	Hit Breakpoint(s) 
	Call Stack: NBodySystem.energy 
Paused at 137
	Hit Breakpoint(s) 
	Call Stack: NBodySystem.energy 
Paused at 137
	Hit Breakpoint(s) 
	Call Stack: NBodySystem.energy 
Paused at 137
	Hit Breakpoint(s) 
	Call Stack: NBodySystem.energy 
Paused at 137
	Hit Breakpoint(s) 
	Call Stack: NBodySystem.energy 
Paused at 151
	Hit Breakpoint(s) 
	Call Stack: NBodySystem.energy 
Paused at 152
	Hit Breakpoint(s) 
	Call Stack: NBodySystem.energy 
Paused at 55
	Hit Breakpoint(s) 
	Call Stack: Sun 
Paused at 28
	Hit Breakpoint(s) 
	Call Stack: Jupiter 
Paused at 29
	Hit Breakpoint(s) 
	Call Stack: Jupiter 
Paused at 33
	Hit Breakpoint(s) 
	Call Stack: Jupiter 
Paused at 61
	Hit Breakpoint(s) 
	Call Stack: Saturn 
Paused at 65
	Hit Breakpoint(s) 
	Call Stack: Saturn 
Paused at 66
	Hit Breakpoint(s) 
	Call Stack: Saturn 
Paused at 74
	Hit Breakpoint(s) 
	Call Stack: Uranus 
Paused at 87
	Hit Breakpoint(s) 
	Call Stack: Neptune 
Paused at 23
	Hit Breakpoint(s) 
	Call Stack: Body.offsetMomentum, NBodySystem 
Paused at 52
	Hit Breakpoint(s) 
	Call Stack: NBodySystem 
Paused at 137
	Hit Breakpoint(s) 
	Call Stack: NBodySystem.energy 
Paused at 137
	Hit Breakpoint(s) 
	Call Stack: NBodySystem.energy 
Paused at 137
	Hit Breakpoint(s) 
	Call Stack: NBodySystem.energy 
Paused at 137
	Hit Breakpoint(s) 
	Call Stack: NBodySystem.energy 
Paused at 137
	Hit Breakpoint(s) 
	Call Stack: NBodySystem.energy 
Paused at 151
	Hit Breakpoint(s) 
	Call Stack: NBodySystem.energy 
Paused at 152
	Hit Breakpoint(s) 
	Call Stack: NBodySystem.energy 
Paused at 137
	Hit Breakpoint(s) 
	Call Stack: NBodySystem.energy 
Paused at 137
	Hit Breakpoint(s) 
	Call Stack: NBodySystem.energy 
Paused at 137
	Hit Breakpoint(s) 
	Call Stack: NBodySystem.energy 
Paused at 137
	Hit Breakpoint(s) 
	Call Stack: NBodySystem.energy 
Paused at 137
	Hit Breakpoint(s) 
	Call Stack: NBodySystem.energy 
Paused at 151
	Hit Breakpoint(s) 
	Call Stack: NBodySystem.energy 
Paused at 152
	Hit Breakpoint(s) 
	Call Stack: NBodySystem.energy 
Paused at 55
	Hit Breakpoint(s) 
	Call Stack: Sun 
Paused at 28
	Hit Breakpoint(s) 
	Call Stack: Jupiter 
Paused at 29
	Hit Breakpoint(s) 
	Call Stack: Jupiter 
Paused at 33
	Hit Breakpoint(s) 
	Call Stack: Jupiter 
Paused at 61
	Hit Breakpoint(s) 
	Call Stack: Saturn 
Paused at 65
	Hit Breakpoint(s) 
	Call Stack: Saturn 
Paused at 66
	Hit Breakpoint(s) 
	Call Stack: Saturn 
Paused at 74
	Hit Breakpoint(s) 
	Call Stack: Uranus 
Paused at 87
	Hit Breakpoint(s) 
	Call Stack: Neptune 
Paused at 23
	Hit Breakpoint(s) 
	Call Stack: Body.offsetMomentum, NBodySystem 
Paused at 52
	Hit Breakpoint(s) 
	Call Stack: NBodySystem 
Paused at 137
	Hit Breakpoint(s) 
	Call Stack: NBodySystem.energy 
Paused at 137
	Hit Breakpoint(s) 
	Call Stack: NBodySystem.energy 
Paused at 137
	Hit Breakpoint(s) 
	Call Stack: NBodySystem.energy 
Paused at 137
	Hit Breakpoint(s) 
	Call Stack: NBodySystem.energy 
Paused at 137
	Hit Breakpoint(s) 
	Call Stack: NBodySystem.energy 
Paused at 151
	Hit Breakpoint(s) 
	Call Stack: NBodySystem.energy 
Paused at 152
	Hit Breakpoint(s) 
	Call Stack: NBodySystem.energy 
Paused at 137
	Hit Breakpoint(s) 
	Call Stack: NBodySystem.energy 
Paused at 137
	Hit Breakpoint(s) 
	Call Stack: NBodySystem.energy 
Paused at 137
	Hit Breakpoint(s) 
	Call Stack: NBodySystem.energy 
Paused at 137
	Hit Breakpoint(s) 
	Call Stack: NBodySystem.energy 
Paused at 137
	Hit Breakpoint(s) 
	Call Stack: NBodySystem.energy 
Paused at 151
	Hit Breakpoint(s) 
	Call Stack: NBodySystem.energy 
Paused at 152
	Hit Breakpoint(s) 
	Call Stack: NBodySystem.energy 
Paused at 55
	Hit Breakpoint(s) 
	Call Stack: Sun 
Paused at 28
	Hit Breakpoint(s) 
	Call Stack: Jupiter 
Paused at 29
	Hit Breakpoint(s) 
	Call Stack: Jupiter 
Paused at 33
	Hit Breakpoint(s) 
	Call Stack: Jupiter 
Paused at 61
	Hit Breakpoint(s) 
	Call Stack: Saturn 
Paused at 65
	Hit Breakpoint(s) 
	Call Stack: Saturn 
Paused at 66
	Hit Breakpoint(s) 
	Call Stack: Saturn 
Paused at 74
	Hit Breakpoint(s) 
	Call Stack: Uranus 
Paused at 87
	Hit Breakpoint(s) 
	Call Stack: Neptune 
Paused at 23
	Hit Breakpoint(s) 
	Call Stack: Body.offsetMomentum, NBodySystem 
Paused at 52
	Hit Breakpoint(s) 
	Call Stack: NBodySystem 
Paused at 137
	Hit Breakpoint(s) 
	Call Stack: NBodySystem.energy 
Paused at 137
	Hit Breakpoint(s) 
	Call Stack: NBodySystem.energy 
Paused at 137
	Hit Breakpoint(s) 
	Call Stack: NBodySystem.energy 
Paused at 137
	Hit Breakpoint(s) 
	Call Stack: NBodySystem.energy 
Paused at 137
	Hit Breakpoint(s) 
	Call Stack: NBodySystem.energy 
Paused at 151
	Hit Breakpoint(s) 
	Call Stack: NBodySystem.energy 
Paused at 152
	Hit Breakpoint(s) 
	Call Stack: NBodySystem.energy 
Paused at 137
	Hit Breakpoint(s) 
	Call Stack: NBodySystem.energy 
Paused at 137
	Hit Breakpoint(s) 
	Call Stack: NBodySystem.energy 
Paused at 137
	Hit Breakpoint(s) 
	Call Stack: NBodySystem.energy 
Paused at 137
	Hit Breakpoint(s) 
	Call Stack: NBodySystem.energy 
Paused at 137
	Hit Breakpoint(s) 
	Call Stack: NBodySystem.energy 
Paused at 151
	Hit Breakpoint(s) 
	Call Stack: NBodySystem.energy 
Paused at 152
	Hit Breakpoint(s) 
	Call Stack: NBodySystem.energy 
