Breakpoint Set at 14
Breakpoint Set at 205
Breakpoint Set at 131
Breakpoint Set at 120
Breakpoint Set at 220
Breakpoint Set at 58
Breakpoint Set at 153
Breakpoint Set at 205
Breakpoint Set at 198
Breakpoint Set at 43
Breakpoint Set at 162
Breakpoint Set at 34
Breakpoint Set at 91
Breakpoint Set at 175
Breakpoint Set at 220
Breakpoint Set at 224
Breakpoint Set at 201
Breakpoint Set at 220
Paused at 14
	Hit Breakpoint(s) 
	Call Stack:  
	Bindings: 
Paused at 205
	Hit Breakpoint(s) 
	Call Stack:  
	Bindings: 
Paused at 220
	Hit Breakpoint(s) 
	Call Stack:  
	Bindings: 
Paused at 224
	Hit Breakpoint(s) 
	Call Stack:  
	Bindings: 
Paused at 153
	Hit Breakpoint(s) 
	Call Stack: str2binb, hex_sha1 
	Bindings: bin: array
		i: number = 80512
		mask: number = 255
		str: string = dignity,
In fair Verona, where we lay our scene,
From ancient grudge break to new mutiny,
Where civil blood makes civil hands unclean.
From forth the fatal loins of these two foes
A pair of star-cross'd lovers take their life;
Whole misadventured piteous overthrows
Do with their death bury their parents' strife.
The fearful passage of their death-mark'd love,
And the continuance of their parents' rage,
Which, but their children's end, nought could remove,
Is now the two hours' traffic of our stage;
The which if you with patient ears attend,
What here shall miss, our toil shall strive to mend.Two households, both alike in dignity,
In fair Verona, where we lay our scene,
From ancient grudge break to new mutiny,
Where civil blood makes civil hands unclean.
From forth the fatal loins of these two foes
A pair of star-cross'd lovers take their life;
Whole misadventured piteous overthrows
Do with their death bury their parents' strife.
The fearful passage of their death-mark'd love,
And the continuance of their parents' rage,
Which, but their children's end, nought could remove,
Is now the two hours' traffic of our stage;
The which if you with patient ears attend,
What here shall miss, our toil shall strive to mend.Two households, both alike in dignity,
In fair Verona, where we lay our scene,
From ancient grudge break to new mutiny,
Where civil blood makes civil hands unclean.
From forth the fatal loins of these two foes
A pair of star-cross'd lovers take their life;
Whole misadventured piteous overthrows
Do with their death bury their parents' strife.
The fearful passage of their death-mark'd love,
And the continuance of their parents' rage,
Which, but their children's end, nought could remove,
Is now the two hours' traffic of our stage;
The which if you with patient ears attend,
What here shall miss, our toil shall strive to mend.Two households, both alike in dignity,
In fair Verona, where we lay our scene,
From ancient grudge break to new mutiny,
Where civil blood makes civil hands unclean.
From forth the fatal loins of these two foes
A pair of star-cross'd lovers take their life;
Whole misadventured piteous overthrows
Do with their death bury their parents' strife.
The fearful passage of their death-mark'd love,
And the continuance of their parents' rage,
Which, but their children's end, nought could remove,
Is now the two hours' traffic of our stage;
The which if you with patient ears attend,
What here shall miss, our toil shall strive to mend.Two households, both alike in dignity,
In fair Verona, where we lay our scene,
From ancient grudge break to new mutiny,
Where civil blood makes civil hands unclean.
From forth the fatal loins of these two foes
A pair of star-cross'd lovers take their life;
Whole misadventured piteous overthrows
Do with their death bury their parents' strife.
The fearful passage of their death-mark'd love,
And the continuance of their parents' rage,
Which, but their children's end, nought could remove,
Is now the two hours' traffic of our stage;
The which if you with patient ears attend,
What here shall miss, our toil shall strive to mend.Two households, both alike in dignity,
In fair Verona, where we lay our scene,
From ancient grudge break to new mutiny,
Where civil blood makes civil hands unclean.
From forth the fatal loins of these two foes
A pair of star-cross'd lovers take their life;
Whole misadventured piteous overthrows
Do with their death bury their parents' strife.
The fearful passage of their death-mark'd love,
And the continuance of their parents' rage,
Which, but their children's end, nought could remove,
Is now the two hours' traffic of our stage;
The which if you with patient ears attend,
What here shall miss, our toil shall strive to mend.Two households, both alike in dignity,
In fair Verona, where we lay our scene,
From ancient grudge break to new mutiny,
Where civil blood makes civil hands unclean.
From forth the fatal loins of these two foes
A pair of star-cross'd lovers take their life;
Whole misadventured piteous overthrows
Do with their death bury their parents' strife.
The fearful passage of their death-mark'd love,
And the continuance of their parents' rage,
Which, but their children's end, nought could remove,
Is now the two hours' traffic of our stage;
The which if you with patient ears attend,
What here shall miss, our toil shall strive to mend.Two households, both alike in dignity,
In fair Verona, where we lay our scene,
From ancient grudge break to new mutiny,
Where civil blood makes civil hands unclean.
From forth the fatal loins of these two foes
A pair of star-cross'd lovers take their life;
Whole misadventured piteous overthrows
Do with their death bury their parents' strife.
The fearful passage of their death-mark'd love,
And the continuance of their parents' rage,
Which, but their children's end, nought could remove,
Is now the two hours' traffic of our stage;
The which if you with patient ears attend,
What here shall miss, our toil shall strive to mend.Two households, both alike in dignity,
In fair Verona, where we lay our scene,
From ancient grudge break to new mutiny,
Where civil blood makes civil hands unclean.
From forth the fatal loins of these two foes
A pair of star-cross'd lovers take their life;
Whole misadventured piteous overthrows
Do with their death bury their parents' strife.
The fearful passage of their death-mark'd love,
And the continuance of their parents' rage,
Which, but their children's end, nought could remove,
Is now the two hours' traffic of our stage;
The which if you with patient ears attend,
What here shall miss, our toil shall strive to mend.Two households, both alike in dignity,
In fair Verona, where we lay our scene,
From ancient grudge break to new mutiny,
Where civil blood makes civil hands unclean.
From forth the fatal loins of these two foes
A pair of star-cross'd lovers take their life;
Whole misadventured piteous overthrows
Do with their death bury their parents' strife.
The fearful passage of their death-mark'd love,
And the continuance of their parents' rage,
Which, but their children's end, nought could remove,
Is now the two hours' traffic of our stage;
The which if you with patient ears attend,
What here shall miss, our toil shall strive to mend.Two households, both alike in dignity,
In fair Verona, where we lay our scene,
From ancient grudge break to new mutiny,
Where civil blood makes civil hands unclean.
From forth the fatal loins of these two foes
A pair of star-cross'd lovers take their life;
Whole misadventured piteous overthrows
Do with their death bury their parents' strife.
The fearful passage of their death-mark'd love,
And the continuance of their parents' rage,
Which, but their children's end, nought could remove,
Is now the two hours' traffic of our stage;
The which if you with patient ears attend,
What here shall miss, our toil shall strive to mend.Two households, both alike in dignity,
In fair Verona, where we lay our scene,
From ancient grudge break to new mutiny,
Where civil blood makes civil hands unclean.
From forth the fatal loins of these two foes
A pair of star-cross'd lovers take their life;
Whole misadventured piteous overthrows
Do with their death bury their parents' strife.
The fearful passage of their death-mark'd love,
And the continuance of their parents' rage,
Which, but their children's end, nought could remove,
Is now the two hours' traffic of our stage;
The which if you with patient ears attend,
What here shall miss, our toil shall strive to mend.Two households, both alike in dignity,
In fair Verona, where we lay our scene,
From ancient grudge break to new mutiny,
Where civil blood makes civil hands unclean.
From forth the fatal loins of these two foes
A pair of star-cross'd lovers take their life;
Whole misadventured piteous overthrows
Do with their death bury their parents' strife.
The fearful passage of their death-mark'd love,
And the continuance of their parents' rage,
Which, but their children's end, nought could remove,
Is now the two hours' traffic of our stage;
The which if you with patient ears attend,
What here shall miss, our toil shall strive to mend.Two households, both alike in dignity,
In fair Verona, where we lay our scene,
From ancient grudge break to new mutiny,
Where civil blood makes civil hands unclean.
From forth the fatal loins of these two foes
A pair of star-cross'd lovers take their life;
Whole misadventured piteous overthrows
Do with their death bury their parents' strife.
The fearful passage of their death-mark'd love,
And the continuance of their parents' rage,
Which, but their children's end, nought could remove,
Is now the two hours' traffic of our stage;
The which if you with patient ears attend,
What here shall miss, our toil shall strive to mend.Two households, both alike in dignity,
In fair Verona, where we lay our scene,
From ancient grudge break to new mutiny,
Where civil blood makes civil hands unclean.
From forth the fatal loins of these two foes
A pair of star-cross'd lovers take their life;
Whole misadventured piteous overthrows
Do with their death bury their parents' strife.
The fearful passage of their death-mark'd love,
And the continuance of their parents' rage,
Which, but their children's end, nought could remove,
Is now the two hours' traffic of our stage;
The which if you with patient ears attend,
What here shall miss, our toil shall strive to mend.Two households, both alike in dignity,
In fair Verona, where we lay our scene,
From ancient grudge break to new mutiny,
Where civil blood makes civil hands unclean.
From forth the fatal loins of these two foes
A pair of star-cross'd lovers take their life;
Whole misadventured piteous overthrows
Do with their death bury their parents' strife.
The fearful passage of their death-mark'd love,
And the continuance of their parents' rage,
Which, but their children's end, nought could remove,
Is now the two hours' traffic of our stage;
The which if you with patient ears attend,
What here shall miss, our toil shall strive to mend.
Paused at 43
	Hit Breakpoint(s) 
	Call Stack: core_sha1, hex_sha1 
	Bindings: a: undefined
		b: undefined
		c: undefined
		d: undefined
		e: undefined
		i: undefined
		j: undefined
		len: number = 80512
		olda: undefined
		oldb: undefined
		oldc: undefined
		oldd: undefined
		olde: undefined
		t: undefined
		w: undefined
		x: array
Paused at 58
	Hit Breakpoint(s) 
	Call Stack: core_sha1, hex_sha1 
	Bindings: a: number = 1732584193
		b: number = -271733879
		c: number = -1732584194
		d: number = 271733878
		e: number = -1009589776
		i: number = 0
		j: undefined
		len: number = 80512
		olda: number = 1732584193
		oldb: number = -271733879
		oldc: number = -1732584194
		oldd: undefined
		olde: undefined
		t: undefined
		w: array
		x: array
Paused at 131
	Hit Breakpoint(s) 
	Call Stack: safe_add, core_sha1, hex_sha1 
	Bindings: lsw: number = 81194
		msw: undefined
		x: number = -391880660
		y: number = -1732584194
Paused at 131
	Hit Breakpoint(s) 
	Call Stack: safe_add, core_sha1, hex_sha1 
	Bindings: lsw: number = 86288
		msw: undefined
		x: number = -1009589776
		y: number = 1417113376
Paused at 131
	Hit Breakpoint(s) 
	Call Stack: safe_add, core_sha1, hex_sha1 
	Bindings: lsw: number = 51881
		msw: undefined
		x: number = 407523600
		y: number = 1518500249
Paused at 131
	Hit Breakpoint(s) 
	Call Stack: safe_add, core_sha1, hex_sha1 
	Bindings: lsw: number = 67539
		msw: undefined
		x: number = -2124464854
		y: number = 1926023849
Paused at 131
	Hit Breakpoint(s) 
	Call Stack: safe_add, core_sha1, hex_sha1 
	Bindings: lsw: number = 129404
		msw: undefined
		x: number = -2055144834
		y: number = -67371266
Paused at 131
	Hit Breakpoint(s) 
	Call Stack: safe_add, core_sha1, hex_sha1 
	Bindings: lsw: number = 51689
		msw: undefined
		x: number = 271733878
		y: number = 1752135027
Paused at 131
	Hit Breakpoint(s) 
	Call Stack: safe_add, core_sha1, hex_sha1 
	Bindings: lsw: number = 82818
		msw: undefined
		x: number = 2023868905
		y: number = 1518500249
Paused at 131
	Hit Breakpoint(s) 
	Call Stack: safe_add, core_sha1, hex_sha1 
	Bindings: lsw: number = 81150
		msw: undefined
		x: number = -2122516100
		y: number = -752598142
Paused at 131
	Hit Breakpoint(s) 
	Call Stack: safe_add, core_sha1, hex_sha1 
	Bindings: lsw: number = 67754
		msw: undefined
		x: number = -1809342518
		y: number = 1540581600
Paused at 131
	Hit Breakpoint(s) 
	Call Stack: safe_add, core_sha1, hex_sha1 
	Bindings: lsw: number = 85098
		msw: undefined
		x: number = -1732584194
		y: number = 1701343084
Paused at 131
	Hit Breakpoint(s) 
	Call Stack: safe_add, core_sha1, hex_sha1 
	Bindings: lsw: number = 50691
		msw: undefined
		x: number = -31241110
		y: number = 1518500249
Paused at 131
	Hit Breakpoint(s) 
	Call Stack: safe_add, core_sha1, hex_sha1 
	Bindings: lsw: number = 52909
		msw: undefined
		x: number = -268760918
		y: number = 1487259139
Paused at 131
	Hit Breakpoint(s) 
	Call Stack: safe_add, core_sha1, hex_sha1 
	Bindings: lsw: number = 71325
		msw: undefined
		x: number = 337237417
		y: number = 1565606132
Paused at 131
	Hit Breakpoint(s) 
	Call Stack: safe_add, core_sha1, hex_sha1 
	Bindings: lsw: number = 38658
		msw: undefined
		x: number = 2079550178
		y: number = 1685269536
Paused at 131
	Hit Breakpoint(s) 
	Call Stack: safe_add, core_sha1, hex_sha1 
	Bindings: lsw: number = 69787
		msw: undefined
		x: number = -530147582
		y: number = 1518500249
Paused at 131
	Hit Breakpoint(s) 
	Call Stack: safe_add, core_sha1, hex_sha1 
	Bindings: lsw: number = 10040
		msw: undefined
		x: number = 1902843549
		y: number = 988352667
Paused at 131
	Hit Breakpoint(s) 
	Call Stack: safe_add, core_sha1, hex_sha1 
	Bindings: lsw: number = 79506
		msw: undefined
		x: number = -1971001579
		y: number = -1255452803
Paused at 131
	Hit Breakpoint(s) 
	Call Stack: safe_add, core_sha1, hex_sha1 
	Bindings: lsw: number = 48424
		msw: undefined
		x: number = 1506887872
		y: number = 1651471464
Paused at 131
	Hit Breakpoint(s) 
	Call Stack: safe_add, core_sha1, hex_sha1 
	Bindings: lsw: number = 79553
		msw: undefined
		x: number = -1136607960
		y: number = 1518500249
Paused at 131
	Hit Breakpoint(s) 
	Call Stack: safe_add, core_sha1, hex_sha1 
	Bindings: lsw: number = 27987
		msw: undefined
		x: number = 1068512914
		y: number = 381892289
Paused at 131
	Hit Breakpoint(s) 
	Call Stack: safe_add, core_sha1, hex_sha1 
	Bindings: lsw: number = 71065
		msw: undefined
		x: number = -831673750
		y: number = 287861551
Paused at 131
	Hit Breakpoint(s) 
	Call Stack: safe_add, core_sha1, hex_sha1 
	Bindings: lsw: number = 28253
		msw: undefined
		x: number = -49610252
		y: number = 543255657
Paused at 131
	Hit Breakpoint(s) 
	Call Stack: safe_add, core_sha1, hex_sha1 
	Bindings: lsw: number = 59382
		msw: undefined
		x: number = 493645405
		y: number = 1518500249
Paused at 131
	Hit Breakpoint(s) 
	Call Stack: safe_add, core_sha1, hex_sha1 
	Bindings: lsw: number = 64911
		msw: undefined
		x: number = -543812199
		y: number = 2012145654
Paused at 131
	Hit Breakpoint(s) 
	Call Stack: safe_add, core_sha1, hex_sha1 
	Bindings: lsw: number = 52692
		msw: undefined
		x: number = -257969686
		y: number = 35199978
Paused at 131
	Hit Breakpoint(s) 
	Call Stack: safe_add, core_sha1, hex_sha1 
	Bindings: lsw: number = 28584
		msw: undefined
		x: number = -1792520385
		y: number = 1801789545
Paused at 131
	Hit Breakpoint(s) 
	Call Stack: safe_add, core_sha1, hex_sha1 
	Bindings: lsw: number = 59713
		msw: undefined
		x: number = 9269160
		y: number = 1518500249
Paused at 131
	Hit Breakpoint(s) 
	Call Stack: safe_add, core_sha1, hex_sha1 
	Bindings: lsw: number = 112405
		msw: undefined
		x: number = -222769708
		y: number = 1527769409
Paused at 131
	Hit Breakpoint(s) 
	Call Stack: safe_add, core_sha1, hex_sha1 
	Bindings: lsw: number = 113645
		msw: undefined
		x: number = -1189682519
		y: number = 2106972484
Paused at 131
	Hit Breakpoint(s) 
	Call Stack: safe_add, core_sha1, hex_sha1 
	Bindings: lsw: number = 38932
		msw: undefined
		x: number = 1378366379
		y: number = 1847616617
Paused at 131
	Hit Breakpoint(s) 
	Call Stack: safe_add, core_sha1, hex_sha1 
	Bindings: lsw: number = 70061
		msw: undefined
		x: number = -1068984300
		y: number = 1518500249
Paused at 131
	Hit Breakpoint(s) 
	Call Stack: safe_add, core_sha1, hex_sha1 
	Bindings: lsw: number = 52634
		msw: undefined
		x: number = 917289965
		y: number = 449515949
Paused at 131
	Hit Breakpoint(s) 
	Call Stack: safe_add, core_sha1, hex_sha1 
	Bindings: lsw: number = 78475
		msw: undefined
		x: number = 788116298
		y: number = -707494079
Paused at 131
	Hit Breakpoint(s) 
	Call Stack: safe_add, core_sha1, hex_sha1 
	Bindings: lsw: number = 29506
		msw: undefined
		x: number = 722799054
		y: number = 1735289204
Paused at 131
	Hit Breakpoint(s) 
	Call Stack: safe_add, core_sha1, hex_sha1 
	Bindings: lsw: number = 60635
		msw: undefined
		x: number = -1836879038
		y: number = 1518500249
Paused at 131
	Hit Breakpoint(s) 
	Call Stack: safe_add, core_sha1, hex_sha1 
	Bindings: lsw: number = 73574
		msw: undefined
		x: number = 80622219
		y: number = -318378789
Paused at 131
	Hit Breakpoint(s) 
	Call Stack: safe_add, core_sha1, hex_sha1 
	Bindings: lsw: number = 76991
		msw: undefined
		x: number = 981724382
		y: number = -705544223
Paused at 131
	Hit Breakpoint(s) 
	Call Stack: safe_add, core_sha1, hex_sha1 
	Bindings: lsw: number = 58781
		msw: undefined
		x: number = -711140524
		y: number = 2032929353
Paused at 131
	Hit Breakpoint(s) 
	Call Stack: safe_add, core_sha1, hex_sha1 
	Bindings: lsw: number = 89910
		msw: undefined
		x: number = 1321788829
		y: number = 1518500249
Paused at 131
	Hit Breakpoint(s) 
	Call Stack: safe_add, core_sha1, hex_sha1 
	Bindings: lsw: number = 35829
		msw: undefined
		x: number = 276180159
		y: number = -1454678218
Paused at 131
	Hit Breakpoint(s) 
	Call Stack: safe_add, core_sha1, hex_sha1 
	Bindings: lsw: number = 45726
		msw: undefined
		x: number = 942767799
		y: number = -1837747225
Paused at 131
	Hit Breakpoint(s) 
	Call Stack: safe_add, core_sha1, hex_sha1 
	Bindings: lsw: number = 42436
		msw: undefined
		x: number = -706658461
		y: number = 1847617121
Paused at 131
	Hit Breakpoint(s) 
	Call Stack: safe_add, core_sha1, hex_sha1 
	Bindings: lsw: number = 73565
		msw: undefined
		x: number = 1140958660
		y: number = 1518500249
Paused at 131
	Hit Breakpoint(s) 
	Call Stack: safe_add, core_sha1, hex_sha1 
	Bindings: lsw: number = 53755
		msw: undefined
		x: number = -894979426
		y: number = -1635508387
Paused at 131
	Hit Breakpoint(s) 
	Call Stack: safe_add, core_sha1, hex_sha1 
	Bindings: lsw: number = 45888
		msw: undefined
		x: number = 628768621
		y: number = -1134726189
Paused at 131
	Hit Breakpoint(s) 
	Call Stack: safe_add, core_sha1, hex_sha1 
	Bindings: lsw: number = 19995
		msw: undefined
		x: number = 1399991749
		y: number = 1769087062
Paused at 131
	Hit Breakpoint(s) 
	Call Stack: safe_add, core_sha1, hex_sha1 
	Bindings: lsw: number = 51124
		msw: undefined
		x: number = -1125888485
		y: number = 1518500249
Paused at 131
	Hit Breakpoint(s) 
	Call Stack: safe_add, core_sha1, hex_sha1 
	Bindings: lsw: number = 97012
		msw: undefined
		x: number = -505957568
		y: number = 392611764
Paused at 131
	Hit Breakpoint(s) 
	Call Stack: safe_add, core_sha1, hex_sha1 
	Bindings: lsw: number = 42392
		msw: undefined
		x: number = 667901599
		y: number = -59488519
Paused at 131
	Hit Breakpoint(s) 
	Call Stack: safe_add, core_sha1, hex_sha1 
	Bindings: lsw: number = 90836
		msw: undefined
		x: number = -1805782170
		y: number = 1701998446
Paused at 131
	Hit Breakpoint(s) 
	Call Stack: safe_add, core_sha1, hex_sha1 
	Bindings: lsw: number = 56429
		msw: undefined
		x: number = -103783724
		y: number = 1518500249
Paused at 131
	Hit Breakpoint(s) 
	Call Stack: safe_add, core_sha1, hex_sha1 
	Bindings: lsw: number = 98821
		msw: undefined
		x: number = 608413080
		y: number = 1414716525
Paused at 131
	Hit Breakpoint(s) 
	Call Stack: safe_add, core_sha1, hex_sha1 
	Bindings: lsw: number = 45356
		msw: undefined
		x: number = 315637935
		y: number = -565546883
Paused at 131
	Hit Breakpoint(s) 
	Call Stack: safe_add, core_sha1, hex_sha1 
	Bindings: lsw: number = 10320
		msw: undefined
		x: number = -1133180967
		y: number = 1630281847
Paused at 131
	Hit Breakpoint(s) 
	Call Stack: safe_add, core_sha1, hex_sha1 
	Bindings: lsw: number = 41449
		msw: undefined
		x: number = 497100880
		y: number = 1518500249
Paused at 131
	Hit Breakpoint(s) 
	Call Stack: safe_add, core_sha1, hex_sha1 
	Bindings: lsw: number = 86805
		msw: undefined
		x: number = -249908948
		y: number = 2015601129
Paused at 131
	Hit Breakpoint(s) 
	Call Stack: safe_add, core_sha1, hex_sha1 
	Bindings: lsw: number = 88364
		msw: undefined
		x: number = 667574957
		y: number = -1169230209
Paused at 131
	Hit Breakpoint(s) 
	Call Stack: safe_add, core_sha1, hex_sha1 
	Bindings: lsw: number = 54626
		msw: undefined
		x: number = 1852859133
		y: number = 1751478885
Paused at 131
	Hit Breakpoint(s) 
	Call Stack: safe_add, core_sha1, hex_sha1 
	Bindings: lsw: number = 85755
		msw: undefined
		x: number = -690629278
		y: number = 1518500249
Paused at 131
	Hit Breakpoint(s) 
	Call Stack: safe_add, core_sha1, hex_sha1 
	Bindings: lsw: number = 43047
		msw: undefined
		x: number = -501655252
		y: number = 827870971
Paused at 131
	Hit Breakpoint(s) 
	Call Stack: safe_add, core_sha1, hex_sha1 
	Bindings: lsw: number = 37259
		msw: undefined
		x: number = 1848968418
		y: number = 1583713449
Paused at 131
	Hit Breakpoint(s) 
	Call Stack: safe_add, core_sha1, hex_sha1 
	Bindings: lsw: number = 88478
		msw: undefined
		x: number = -632621954
		y: number = 544695584
Paused at 131
	Hit Breakpoint(s) 
	Call Stack: safe_add, core_sha1, hex_sha1 
	Bindings: lsw: number = 54071
		msw: undefined
		x: number = -87926370
		y: number = 1518500249
Paused at 131
	Hit Breakpoint(s) 
	Call Stack: safe_add, core_sha1, hex_sha1 
	Bindings: lsw: number = 91330
		msw: undefined
		x: number = -862285429
		y: number = 1430573879
Paused at 131
	Hit Breakpoint(s) 
	Call Stack: safe_add, core_sha1, hex_sha1 
	Bindings: lsw: number = 71881
		msw: undefined
		x: number = 1005361220
		y: number = 1581613189
Paused at 131
	Hit Breakpoint(s) 
	Call Stack: safe_add, core_sha1, hex_sha1 
	Bindings: lsw: number = 78171
		msw: undefined
		x: number = 1045405373
		y: number = 1857720990
Paused at 131
	Hit Breakpoint(s) 
	Call Stack: safe_add, core_sha1, hex_sha1 
	Bindings: lsw: number = 43764
		msw: undefined
		x: number = -1391840933
		y: number = 1518500249
Paused at 131
	Hit Breakpoint(s) 
	Call Stack: safe_add, core_sha1, hex_sha1 
	Bindings: lsw: number = 50109
		msw: undefined
		x: number = -1707992887
		y: number = 126659316
Paused at 131
	Hit Breakpoint(s) 
	Call Stack: safe_add, core_sha1, hex_sha1 
	Bindings: lsw: number = 92089
		msw: undefined
		x: number = 936933300
		y: number = 1524428805
Paused at 131
	Hit Breakpoint(s) 
	Call Stack: safe_add, core_sha1, hex_sha1 
	Bindings: lsw: number = 58239
		msw: undefined
		x: number = 1579524225
		y: number = 984236798
Paused at 131
	Hit Breakpoint(s) 
	Call Stack: safe_add, core_sha1, hex_sha1 
	Bindings: lsw: number = 89368
		msw: undefined
		x: number = -1731206273
		y: number = 1518500249
Paused at 131
	Hit Breakpoint(s) 
	Call Stack: safe_add, core_sha1, hex_sha1 
	Bindings: lsw: number = 50385
		msw: undefined
		x: number = -1833605191
		y: number = -212706024
Paused at 131
	Hit Breakpoint(s) 
	Call Stack: safe_add, core_sha1, hex_sha1 
	Bindings: lsw: number = 99168
		msw: undefined
		x: number = -1057449424
		y: number = -998840016
Paused at 131
	Hit Breakpoint(s) 
	Call Stack: safe_add, core_sha1, hex_sha1 
	Bindings: lsw: number = 50511
		msw: undefined
		x: number = 1515164869
		y: number = -1834995574
Paused at 131
	Hit Breakpoint(s) 
	Call Stack: safe_add, core_sha1, hex_sha1 
	Bindings: lsw: number = 81640
		msw: undefined
		x: number = -319830705
		y: number = 1518500249
Paused at 131
	Hit Breakpoint(s) 
	Call Stack: safe_add, core_sha1, hex_sha1 
	Bindings: lsw: number = 49736
		msw: undefined
		x: number = -2056289440
		y: number = 1198669544
Paused at 131
	Hit Breakpoint(s) 
	Call Stack: safe_add, core_sha1, hex_sha1 
	Bindings: lsw: number = 58106
		msw: undefined
		x: number = -1674032871
		y: number = 142055905
Paused at 131
	Hit Breakpoint(s) 
	Call Stack: safe_add, core_sha1, hex_sha1 
	Bindings: lsw: number = 85771
		msw: undefined
		x: number = -992187895
		y: number = -2018122494
Paused at 131
	Hit Breakpoint(s) 
	Call Stack: safe_add, core_sha1, hex_sha1 
	Bindings: lsw: number = 51364
		msw: undefined
		x: number = 1284656907
		y: number = 1518500249
Paused at 131
	Hit Breakpoint(s) 
	Call Stack: safe_add, core_sha1, hex_sha1 
	Bindings: lsw: number = 109470
		msw: undefined
		x: number = -1531976966
		y: number = -1491810140
Paused at 91
	Hit Breakpoint(s) 
	Call Stack: sha1_ft, core_sha1, hex_sha1 
	Bindings: b: number = -857619896
		c: number = 1635905844
		d: number = 1752150255
		t: number = 20
Paused at 131
	Hit Breakpoint(s) 
	Call Stack: safe_add, core_sha1, hex_sha1 
	Bindings: lsw: number = 63324
		msw: undefined
		x: number = 2023060425
		y: number = -988839021
Paused at 131
	Hit Breakpoint(s) 
	Call Stack: safe_add, core_sha1, hex_sha1 
	Bindings: lsw: number = 117842
		msw: undefined
		x: number = -2005411536
		y: number = -1381698782
Paused at 131
	Hit Breakpoint(s) 
	Call Stack: safe_add, core_sha1, hex_sha1 
	Bindings: lsw: number = 112627
		msw: undefined
		x: number = 907856978
		y: number = 1859775393
Paused at 131
	Hit Breakpoint(s) 
	Call Stack: safe_add, core_sha1, hex_sha1 
	Bindings: lsw: number = 110415
		msw: undefined
		x: number = 1034221404
		y: number = -1527334925
Paused at 91
	Hit Breakpoint(s) 
	Call Stack: sha1_ft, core_sha1, hex_sha1 
	Bindings: b: number = 1271180190
		c: number = 859336850
		d: number = 1635905844
		t: number = 21
Paused at 131
	Hit Breakpoint(s) 
	Call Stack: safe_add, core_sha1, hex_sha1 
	Bindings: lsw: number = 70708
		msw: undefined
		x: number = 1400236540
		y: number = 427633208
Paused at 131
	Hit Breakpoint(s) 
	Call Stack: safe_add, core_sha1, hex_sha1 
	Bindings: lsw: number = 58090
		msw: undefined
		x: number = 1752150255
		y: number = 2073702907
Paused at 131
	Hit Breakpoint(s) 
	Call Stack: safe_add, core_sha1, hex_sha1 
	Bindings: lsw: number = 118411
		msw: undefined
		x: number = -469114134
		y: number = 1859775393
Paused at 131
	Hit Breakpoint(s) 
	Call Stack: safe_add, core_sha1, hex_sha1 
	Bindings: lsw: number = 58047
		msw: undefined
		x: number = 1827869748
		y: number = 1390661259
Paused at 91
	Hit Breakpoint(s) 
	Call Stack: sha1_ft, core_sha1, hex_sha1 
	Bindings: b: number = -493113521
		c: number = -1829688601
		d: number = 859336850
		t: number = 22
Paused at 131
	Hit Breakpoint(s) 
	Call Stack: safe_add, core_sha1, hex_sha1 
	Bindings: lsw: number = 85297
		msw: undefined
		x: number = -86222857
		y: number = 1129510202
Paused at 131
	Hit Breakpoint(s) 
	Call Stack: safe_add, core_sha1, hex_sha1 
	Bindings: lsw: number = 110121
		msw: undefined
		x: number = 1635905844
		y: number = -944259851
Paused at 131
	Hit Breakpoint(s) 
	Call Stack: safe_add, core_sha1, hex_sha1 
	Bindings: lsw: number = 104906
		msw: undefined
		x: number = 691645993
		y: number = 1859775393
