Breakpoint Set at 14
Breakpoint Set at 33
Breakpoint Set at 254
Breakpoint Set at 231
Breakpoint Set at 419
Breakpoint Set at 142
Breakpoint Set at 298
Breakpoint Set at 283
Breakpoint Set at 385
Breakpoint Set at 89
Breakpoint Set at 311
Breakpoint Set at 62
Breakpoint Set at 177
Breakpoint Set at 340
Breakpoint Set at 419
Breakpoint Set at 419
Breakpoint Set at 419
Breakpoint Set at 419
Breakpoint Set at 26
Breakpoint Set at 92
Breakpoint Set at 273
Breakpoint Set at 103
Breakpoint Set at 419
Breakpoint Set at 197
Breakpoint Set at 31
Breakpoint Set at 194
Breakpoint Set at 189
Breakpoint Set at 118
Paused at 142
	Hit Breakpoint(s) 
	Call Stack:  
Paused at 385
	Hit Breakpoint(s) 
	Call Stack:  
Paused at 419
	Hit Breakpoint(s) 
	Call Stack:  
Paused at 89
	Hit Breakpoint(s) 
	Call Stack: KeyExpansion, AESEncryptCtr 
Paused at 92
	Hit Breakpoint(s) 
	Call Stack: KeyExpansion, AESEncryptCtr 
Paused at 92
	Hit Breakpoint(s) 
	Call Stack: KeyExpansion, AESEncryptCtr 
Paused at 92
	Hit Breakpoint(s) 
	Call Stack: KeyExpansion, AESEncryptCtr 
Paused at 92
	Hit Breakpoint(s) 
	Call Stack: KeyExpansion, AESEncryptCtr 
Paused at 92
	Hit Breakpoint(s) 
	Call Stack: KeyExpansion, AESEncryptCtr 
Paused at 92
	Hit Breakpoint(s) 
	Call Stack: KeyExpansion, AESEncryptCtr 
Paused at 92
	Hit Breakpoint(s) 
	Call Stack: KeyExpansion, AESEncryptCtr 
Paused at 92
	Hit Breakpoint(s) 
	Call Stack: KeyExpansion, AESEncryptCtr 
Paused at 118
	Hit Breakpoint(s) 
	Call Stack: RotWord, KeyExpansion, AESEncryptCtr 
Paused at 103
	Hit Breakpoint(s) 
	Call Stack: KeyExpansion, AESEncryptCtr 
Paused at 118
	Hit Breakpoint(s) 
	Call Stack: RotWord, KeyExpansion, AESEncryptCtr 
Paused at 103
	Hit Breakpoint(s) 
	Call Stack: KeyExpansion, AESEncryptCtr 
Paused at 118
	Hit Breakpoint(s) 
	Call Stack: RotWord, KeyExpansion, AESEncryptCtr 
Paused at 103
	Hit Breakpoint(s) 
	Call Stack: KeyExpansion, AESEncryptCtr 
Paused at 118
	Hit Breakpoint(s) 
	Call Stack: RotWord, KeyExpansion, AESEncryptCtr 
Paused at 103
	Hit Breakpoint(s) 
	Call Stack: KeyExpansion, AESEncryptCtr 
Paused at 118
	Hit Breakpoint(s) 
	Call Stack: RotWord, KeyExpansion, AESEncryptCtr 
Paused at 103
	Hit Breakpoint(s) 
	Call Stack: KeyExpansion, AESEncryptCtr 
Paused at 118
	Hit Breakpoint(s) 
	Call Stack: RotWord, KeyExpansion, AESEncryptCtr 
Paused at 103
	Hit Breakpoint(s) 
	Call Stack: KeyExpansion, AESEncryptCtr 
Paused at 118
	Hit Breakpoint(s) 
	Call Stack: RotWord, KeyExpansion, AESEncryptCtr 
Paused at 14
	Hit Breakpoint(s) 
	Call Stack: Cipher, AESEncryptCtr 
Paused at 62
	Hit Breakpoint(s) 
	Call Stack: MixColumns, Cipher, AESEncryptCtr 
Paused at 62
	Hit Breakpoint(s) 
	Call Stack: MixColumns, Cipher, AESEncryptCtr 
Paused at 62
	Hit Breakpoint(s) 
	Call Stack: MixColumns, Cipher, AESEncryptCtr 
Paused at 62
	Hit Breakpoint(s) 
	Call Stack: MixColumns, Cipher, AESEncryptCtr 
Paused at 62
	Hit Breakpoint(s) 
	Call Stack: MixColumns, Cipher, AESEncryptCtr 
Paused at 62
	Hit Breakpoint(s) 
	Call Stack: MixColumns, Cipher, AESEncryptCtr 
Paused at 62
	Hit Breakpoint(s) 
	Call Stack: MixColumns, Cipher, AESEncryptCtr 
Paused at 62
	Hit Breakpoint(s) 
	Call Stack: MixColumns, Cipher, AESEncryptCtr 
Paused at 62
	Hit Breakpoint(s) 
	Call Stack: MixColumns, Cipher, AESEncryptCtr 
Paused at 62
	Hit Breakpoint(s) 
	Call Stack: MixColumns, Cipher, AESEncryptCtr 
Paused at 62
	Hit Breakpoint(s) 
	Call Stack: MixColumns, Cipher, AESEncryptCtr 
Paused at 62
	Hit Breakpoint(s) 
	Call Stack: MixColumns, Cipher, AESEncryptCtr 
Paused at 62
	Hit Breakpoint(s) 
	Call Stack: MixColumns, Cipher, AESEncryptCtr 
Paused at 62
	Hit Breakpoint(s) 
	Call Stack: MixColumns, Cipher, AESEncryptCtr 
Paused at 62
	Hit Breakpoint(s) 
	Call Stack: MixColumns, Cipher, AESEncryptCtr 
Paused at 62
	Hit Breakpoint(s) 
	Call Stack: MixColumns, Cipher, AESEncryptCtr 
Paused at 26
	Hit Breakpoint(s) 
	Call Stack: Cipher, AESEncryptCtr 
Paused at 62
	Hit Breakpoint(s) 
	Call Stack: MixColumns, Cipher, AESEncryptCtr 
Paused at 62
	Hit Breakpoint(s) 
	Call Stack: MixColumns, Cipher, AESEncryptCtr 
Paused at 62
	Hit Breakpoint(s) 
	Call Stack: MixColumns, Cipher, AESEncryptCtr 
Paused at 62
	Hit Breakpoint(s) 
	Call Stack: MixColumns, Cipher, AESEncryptCtr 
Paused at 62
	Hit Breakpoint(s) 
	Call Stack: MixColumns, Cipher, AESEncryptCtr 
Paused at 62
	Hit Breakpoint(s) 
	Call Stack: MixColumns, Cipher, AESEncryptCtr 
Paused at 62
	Hit Breakpoint(s) 
	Call Stack: MixColumns, Cipher, AESEncryptCtr 
Paused at 62
	Hit Breakpoint(s) 
	Call Stack: MixColumns, Cipher, AESEncryptCtr 
Paused at 62
	Hit Breakpoint(s) 
	Call Stack: MixColumns, Cipher, AESEncryptCtr 
Paused at 62
	Hit Breakpoint(s) 
	Call Stack: MixColumns, Cipher, AESEncryptCtr 
Paused at 62
	Hit Breakpoint(s) 
	Call Stack: MixColumns, Cipher, AESEncryptCtr 
Paused at 62
	Hit Breakpoint(s) 
	Call Stack: MixColumns, Cipher, AESEncryptCtr 
Paused at 62
	Hit Breakpoint(s) 
	Call Stack: MixColumns, Cipher, AESEncryptCtr 
Paused at 62
	Hit Breakpoint(s) 
	Call Stack: MixColumns, Cipher, AESEncryptCtr 
Paused at 62
	Hit Breakpoint(s) 
	Call Stack: MixColumns, Cipher, AESEncryptCtr 
Paused at 62
	Hit Breakpoint(s) 
	Call Stack: MixColumns, Cipher, AESEncryptCtr 
Paused at 26
	Hit Breakpoint(s) 
	Call Stack: Cipher, AESEncryptCtr 
Paused at 62
	Hit Breakpoint(s) 
	Call Stack: MixColumns, Cipher, AESEncryptCtr 
Paused at 62
	Hit Breakpoint(s) 
	Call Stack: MixColumns, Cipher, AESEncryptCtr 
Paused at 62
	Hit Breakpoint(s) 
	Call Stack: MixColumns, Cipher, AESEncryptCtr 
Paused at 62
	Hit Breakpoint(s) 
	Call Stack: MixColumns, Cipher, AESEncryptCtr 
Paused at 62
	Hit Breakpoint(s) 
	Call Stack: MixColumns, Cipher, AESEncryptCtr 
Paused at 62
	Hit Breakpoint(s) 
	Call Stack: MixColumns, Cipher, AESEncryptCtr 
Paused at 62
	Hit Breakpoint(s) 
	Call Stack: MixColumns, Cipher, AESEncryptCtr 
Paused at 62
	Hit Breakpoint(s) 
	Call Stack: MixColumns, Cipher, AESEncryptCtr 
Paused at 62
	Hit Breakpoint(s) 
	Call Stack: MixColumns, Cipher, AESEncryptCtr 
Paused at 62
	Hit Breakpoint(s) 
	Call Stack: MixColumns, Cipher, AESEncryptCtr 
Paused at 62
	Hit Breakpoint(s) 
	Call Stack: MixColumns, Cipher, AESEncryptCtr 
Paused at 62
	Hit Breakpoint(s) 
	Call Stack: MixColumns, Cipher, AESEncryptCtr 
Paused at 62
	Hit Breakpoint(s) 
	Call Stack: MixColumns, Cipher, AESEncryptCtr 
Paused at 62
	Hit Breakpoint(s) 
	Call Stack: MixColumns, Cipher, AESEncryptCtr 
Paused at 62
	Hit Breakpoint(s) 
	Call Stack: MixColumns, Cipher, AESEncryptCtr 
Paused at 62
	Hit Breakpoint(s) 
	Call Stack: MixColumns, Cipher, AESEncryptCtr 
Paused at 26
	Hit Breakpoint(s) 
	Call Stack: Cipher, AESEncryptCtr 
Paused at 62
	Hit Breakpoint(s) 
	Call Stack: MixColumns, Cipher, AESEncryptCtr 
Paused at 62
	Hit Breakpoint(s) 
	Call Stack: MixColumns, Cipher, AESEncryptCtr 
Paused at 62
	Hit Breakpoint(s) 
	Call Stack: MixColumns, Cipher, AESEncryptCtr 
Paused at 62
	Hit Breakpoint(s) 
	Call Stack: MixColumns, Cipher, AESEncryptCtr 
Paused at 62
	Hit Breakpoint(s) 
	Call Stack: MixColumns, Cipher, AESEncryptCtr 
Paused at 62
	Hit Breakpoint(s) 
	Call Stack: MixColumns, Cipher, AESEncryptCtr 
Paused at 62
	Hit Breakpoint(s) 
	Call Stack: MixColumns, Cipher, AESEncryptCtr 
Paused at 62
	Hit Breakpoint(s) 
	Call Stack: MixColumns, Cipher, AESEncryptCtr 
Paused at 62
	Hit Breakpoint(s) 
	Call Stack: MixColumns, Cipher, AESEncryptCtr 
Paused at 62
	Hit Breakpoint(s) 
	Call Stack: MixColumns, Cipher, AESEncryptCtr 
Paused at 62
	Hit Breakpoint(s) 
	Call Stack: MixColumns, Cipher, AESEncryptCtr 
Paused at 62
	Hit Breakpoint(s) 
	Call Stack: MixColumns, Cipher, AESEncryptCtr 
Paused at 62
	Hit Breakpoint(s) 
	Call Stack: MixColumns, Cipher, AESEncryptCtr 
Paused at 62
	Hit Breakpoint(s) 
	Call Stack: MixColumns, Cipher, AESEncryptCtr 
Paused at 62
	Hit Breakpoint(s) 
	Call Stack: MixColumns, Cipher, AESEncryptCtr 
Paused at 62
	Hit Breakpoint(s) 
	Call Stack: MixColumns, Cipher, AESEncryptCtr 
Paused at 26
	Hit Breakpoint(s) 
	Call Stack: Cipher, AESEncryptCtr 
Paused at 62
	Hit Breakpoint(s) 
	Call Stack: MixColumns, Cipher, AESEncryptCtr 
Paused at 62
	Hit Breakpoint(s) 
	Call Stack: MixColumns, Cipher, AESEncryptCtr 
Paused at 62
	Hit Breakpoint(s) 
	Call Stack: MixColumns, Cipher, AESEncryptCtr 
Paused at 62
	Hit Breakpoint(s) 
	Call Stack: MixColumns, Cipher, AESEncryptCtr 
Paused at 62
	Hit Breakpoint(s) 
	Call Stack: MixColumns, Cipher, AESEncryptCtr 
Paused at 62
	Hit Breakpoint(s) 
	Call Stack: MixColumns, Cipher, AESEncryptCtr 
Paused at 62
	Hit Breakpoint(s) 
	Call Stack: MixColumns, Cipher, AESEncryptCtr 
