Breakpoint Set at 14
Breakpoint Set at 33
Breakpoint Set at 96
Breakpoint Set at 73
Breakpoint Set at 419
Breakpoint Set at 269
Breakpoint Set at 193
Breakpoint Set at 315
Breakpoint Set at 385
Breakpoint Set at 227
Breakpoint Set at 206
Breakpoint Set at 44
Breakpoint Set at 141
Breakpoint Set at 379
Breakpoint Set at 419
Breakpoint Set at 419
Breakpoint Set at 419
Breakpoint Set at 419
Breakpoint Set at 26
Breakpoint Set at 230
Breakpoint Set at 115
Breakpoint Set at 241
Breakpoint Set at 419
Breakpoint Set at 161
Breakpoint Set at 31
Breakpoint Set at 158
Breakpoint Set at 153
Breakpoint Set at 217
Paused at 269
	Hit Breakpoint(s) 
	Call Stack:  
Paused at 385
	Hit Breakpoint(s) 
	Call Stack:  
Paused at 419
	Hit Breakpoint(s) 
	Call Stack:  
Paused at 227
	Hit Breakpoint(s) 
	Call Stack: KeyExpansion, AESEncryptCtr 
Paused at 230
	Hit Breakpoint(s) 
	Call Stack: KeyExpansion, AESEncryptCtr 
Paused at 230
	Hit Breakpoint(s) 
	Call Stack: KeyExpansion, AESEncryptCtr 
Paused at 230
	Hit Breakpoint(s) 
	Call Stack: KeyExpansion, AESEncryptCtr 
Paused at 230
	Hit Breakpoint(s) 
	Call Stack: KeyExpansion, AESEncryptCtr 
Paused at 230
	Hit Breakpoint(s) 
	Call Stack: KeyExpansion, AESEncryptCtr 
Paused at 230
	Hit Breakpoint(s) 
	Call Stack: KeyExpansion, AESEncryptCtr 
Paused at 230
	Hit Breakpoint(s) 
	Call Stack: KeyExpansion, AESEncryptCtr 
Paused at 230
	Hit Breakpoint(s) 
	Call Stack: KeyExpansion, AESEncryptCtr 
Paused at 217
	Hit Breakpoint(s) 
	Call Stack: RotWord, KeyExpansion, AESEncryptCtr 
Paused at 241
	Hit Breakpoint(s) 
	Call Stack: KeyExpansion, AESEncryptCtr 
Paused at 217
	Hit Breakpoint(s) 
	Call Stack: RotWord, KeyExpansion, AESEncryptCtr 
Paused at 241
	Hit Breakpoint(s) 
	Call Stack: KeyExpansion, AESEncryptCtr 
Paused at 217
	Hit Breakpoint(s) 
	Call Stack: RotWord, KeyExpansion, AESEncryptCtr 
Paused at 241
	Hit Breakpoint(s) 
	Call Stack: KeyExpansion, AESEncryptCtr 
Paused at 217
	Hit Breakpoint(s) 
	Call Stack: RotWord, KeyExpansion, AESEncryptCtr 
Paused at 241
	Hit Breakpoint(s) 
	Call Stack: KeyExpansion, AESEncryptCtr 
Paused at 217
	Hit Breakpoint(s) 
	Call Stack: RotWord, KeyExpansion, AESEncryptCtr 
Paused at 241
	Hit Breakpoint(s) 
	Call Stack: KeyExpansion, AESEncryptCtr 
Paused at 217
	Hit Breakpoint(s) 
	Call Stack: RotWord, KeyExpansion, AESEncryptCtr 
Paused at 241
	Hit Breakpoint(s) 
	Call Stack: KeyExpansion, AESEncryptCtr 
Paused at 217
	Hit Breakpoint(s) 
	Call Stack: RotWord, KeyExpansion, AESEncryptCtr 
Paused at 14
	Hit Breakpoint(s) 
	Call Stack: Cipher, AESEncryptCtr 
Paused at 44
	Hit Breakpoint(s) 
	Call Stack: MixColumns, Cipher, AESEncryptCtr 
Paused at 44
	Hit Breakpoint(s) 
	Call Stack: MixColumns, Cipher, AESEncryptCtr 
Paused at 44
	Hit Breakpoint(s) 
	Call Stack: MixColumns, Cipher, AESEncryptCtr 
Paused at 44
	Hit Breakpoint(s) 
	Call Stack: MixColumns, Cipher, AESEncryptCtr 
Paused at 44
	Hit Breakpoint(s) 
	Call Stack: MixColumns, Cipher, AESEncryptCtr 
Paused at 44
	Hit Breakpoint(s) 
	Call Stack: MixColumns, Cipher, AESEncryptCtr 
Paused at 44
	Hit Breakpoint(s) 
	Call Stack: MixColumns, Cipher, AESEncryptCtr 
Paused at 44
	Hit Breakpoint(s) 
	Call Stack: MixColumns, Cipher, AESEncryptCtr 
Paused at 44
	Hit Breakpoint(s) 
	Call Stack: MixColumns, Cipher, AESEncryptCtr 
Paused at 44
	Hit Breakpoint(s) 
	Call Stack: MixColumns, Cipher, AESEncryptCtr 
Paused at 44
	Hit Breakpoint(s) 
	Call Stack: MixColumns, Cipher, AESEncryptCtr 
Paused at 44
	Hit Breakpoint(s) 
	Call Stack: MixColumns, Cipher, AESEncryptCtr 
Paused at 44
	Hit Breakpoint(s) 
	Call Stack: MixColumns, Cipher, AESEncryptCtr 
Paused at 44
	Hit Breakpoint(s) 
	Call Stack: MixColumns, Cipher, AESEncryptCtr 
Paused at 44
	Hit Breakpoint(s) 
	Call Stack: MixColumns, Cipher, AESEncryptCtr 
Paused at 44
	Hit Breakpoint(s) 
	Call Stack: MixColumns, Cipher, AESEncryptCtr 
Paused at 26
	Hit Breakpoint(s) 
	Call Stack: Cipher, AESEncryptCtr 
Paused at 44
	Hit Breakpoint(s) 
	Call Stack: MixColumns, Cipher, AESEncryptCtr 
Paused at 44
	Hit Breakpoint(s) 
	Call Stack: MixColumns, Cipher, AESEncryptCtr 
Paused at 44
	Hit Breakpoint(s) 
	Call Stack: MixColumns, Cipher, AESEncryptCtr 
Paused at 44
	Hit Breakpoint(s) 
	Call Stack: MixColumns, Cipher, AESEncryptCtr 
Paused at 44
	Hit Breakpoint(s) 
	Call Stack: MixColumns, Cipher, AESEncryptCtr 
Paused at 44
	Hit Breakpoint(s) 
	Call Stack: MixColumns, Cipher, AESEncryptCtr 
Paused at 44
	Hit Breakpoint(s) 
	Call Stack: MixColumns, Cipher, AESEncryptCtr 
Paused at 44
	Hit Breakpoint(s) 
	Call Stack: MixColumns, Cipher, AESEncryptCtr 
Paused at 44
	Hit Breakpoint(s) 
	Call Stack: MixColumns, Cipher, AESEncryptCtr 
Paused at 44
	Hit Breakpoint(s) 
	Call Stack: MixColumns, Cipher, AESEncryptCtr 
Paused at 44
	Hit Breakpoint(s) 
	Call Stack: MixColumns, Cipher, AESEncryptCtr 
Paused at 44
	Hit Breakpoint(s) 
	Call Stack: MixColumns, Cipher, AESEncryptCtr 
Paused at 44
	Hit Breakpoint(s) 
	Call Stack: MixColumns, Cipher, AESEncryptCtr 
Paused at 44
	Hit Breakpoint(s) 
	Call Stack: MixColumns, Cipher, AESEncryptCtr 
Paused at 44
	Hit Breakpoint(s) 
	Call Stack: MixColumns, Cipher, AESEncryptCtr 
Paused at 44
	Hit Breakpoint(s) 
	Call Stack: MixColumns, Cipher, AESEncryptCtr 
Paused at 26
	Hit Breakpoint(s) 
	Call Stack: Cipher, AESEncryptCtr 
Paused at 44
	Hit Breakpoint(s) 
	Call Stack: MixColumns, Cipher, AESEncryptCtr 
Paused at 44
	Hit Breakpoint(s) 
	Call Stack: MixColumns, Cipher, AESEncryptCtr 
Paused at 44
	Hit Breakpoint(s) 
	Call Stack: MixColumns, Cipher, AESEncryptCtr 
Paused at 44
	Hit Breakpoint(s) 
	Call Stack: MixColumns, Cipher, AESEncryptCtr 
Paused at 44
	Hit Breakpoint(s) 
	Call Stack: MixColumns, Cipher, AESEncryptCtr 
Paused at 44
	Hit Breakpoint(s) 
	Call Stack: MixColumns, Cipher, AESEncryptCtr 
Paused at 44
	Hit Breakpoint(s) 
	Call Stack: MixColumns, Cipher, AESEncryptCtr 
Paused at 44
	Hit Breakpoint(s) 
	Call Stack: MixColumns, Cipher, AESEncryptCtr 
Paused at 44
	Hit Breakpoint(s) 
	Call Stack: MixColumns, Cipher, AESEncryptCtr 
Paused at 44
	Hit Breakpoint(s) 
	Call Stack: MixColumns, Cipher, AESEncryptCtr 
Paused at 44
	Hit Breakpoint(s) 
	Call Stack: MixColumns, Cipher, AESEncryptCtr 
Paused at 44
	Hit Breakpoint(s) 
	Call Stack: MixColumns, Cipher, AESEncryptCtr 
Paused at 44
	Hit Breakpoint(s) 
	Call Stack: MixColumns, Cipher, AESEncryptCtr 
Paused at 44
	Hit Breakpoint(s) 
	Call Stack: MixColumns, Cipher, AESEncryptCtr 
Paused at 44
	Hit Breakpoint(s) 
	Call Stack: MixColumns, Cipher, AESEncryptCtr 
Paused at 44
	Hit Breakpoint(s) 
	Call Stack: MixColumns, Cipher, AESEncryptCtr 
Paused at 26
	Hit Breakpoint(s) 
	Call Stack: Cipher, AESEncryptCtr 
Paused at 44
	Hit Breakpoint(s) 
	Call Stack: MixColumns, Cipher, AESEncryptCtr 
Paused at 44
	Hit Breakpoint(s) 
	Call Stack: MixColumns, Cipher, AESEncryptCtr 
Paused at 44
	Hit Breakpoint(s) 
	Call Stack: MixColumns, Cipher, AESEncryptCtr 
Paused at 44
	Hit Breakpoint(s) 
	Call Stack: MixColumns, Cipher, AESEncryptCtr 
Paused at 44
	Hit Breakpoint(s) 
	Call Stack: MixColumns, Cipher, AESEncryptCtr 
Paused at 44
	Hit Breakpoint(s) 
	Call Stack: MixColumns, Cipher, AESEncryptCtr 
Paused at 44
	Hit Breakpoint(s) 
	Call Stack: MixColumns, Cipher, AESEncryptCtr 
Paused at 44
	Hit Breakpoint(s) 
	Call Stack: MixColumns, Cipher, AESEncryptCtr 
Paused at 44
	Hit Breakpoint(s) 
	Call Stack: MixColumns, Cipher, AESEncryptCtr 
Paused at 44
	Hit Breakpoint(s) 
	Call Stack: MixColumns, Cipher, AESEncryptCtr 
Paused at 44
	Hit Breakpoint(s) 
	Call Stack: MixColumns, Cipher, AESEncryptCtr 
Paused at 44
	Hit Breakpoint(s) 
	Call Stack: MixColumns, Cipher, AESEncryptCtr 
Paused at 44
	Hit Breakpoint(s) 
	Call Stack: MixColumns, Cipher, AESEncryptCtr 
Paused at 44
	Hit Breakpoint(s) 
	Call Stack: MixColumns, Cipher, AESEncryptCtr 
Paused at 44
	Hit Breakpoint(s) 
	Call Stack: MixColumns, Cipher, AESEncryptCtr 
Paused at 44
	Hit Breakpoint(s) 
	Call Stack: MixColumns, Cipher, AESEncryptCtr 
Paused at 26
	Hit Breakpoint(s) 
	Call Stack: Cipher, AESEncryptCtr 
Paused at 44
	Hit Breakpoint(s) 
	Call Stack: MixColumns, Cipher, AESEncryptCtr 
Paused at 44
	Hit Breakpoint(s) 
	Call Stack: MixColumns, Cipher, AESEncryptCtr 
Paused at 44
	Hit Breakpoint(s) 
	Call Stack: MixColumns, Cipher, AESEncryptCtr 
Paused at 44
	Hit Breakpoint(s) 
	Call Stack: MixColumns, Cipher, AESEncryptCtr 
Paused at 44
	Hit Breakpoint(s) 
	Call Stack: MixColumns, Cipher, AESEncryptCtr 
Paused at 44
	Hit Breakpoint(s) 
	Call Stack: MixColumns, Cipher, AESEncryptCtr 
Paused at 44
	Hit Breakpoint(s) 
	Call Stack: MixColumns, Cipher, AESEncryptCtr 
