request breakpoint   0 at line   3
                   set at line  26
request breakpoint   1 at line   6
                   set at line  26
request breakpoint   2 at line  37
                   set at line  37
request breakpoint   3 at line  33
                   set at line  33
request breakpoint   4 at line  59
                   set at line  61
request breakpoint   5 at line  18
                   set at line  26
request breakpoint   6 at line  44
                   set at line  44
request breakpoint   7 at line  43
                   set at line  43
request breakpoint   8 at line  57
                   set at line  61
request breakpoint   9 at line  16
                   set at line  26
request breakpoint  10 at line  48
                   set at line  48
paused at line  26
	because of breakpoints [0,1,5,9]
action: stepIn
paused at line  27
action: stepIn
paused at line  28
action: stepOver
paused at line  43
	because of breakpoints [7]
action: stepOver
paused at line  61
	because of breakpoints [4,8]
action: resume
paused at line  44
	because of breakpoints [6]
action: stepIn
paused at line  44
action: stepOver
paused at line  45
action: stepOver
paused at line  44
action: resume
paused at line  48
	because of breakpoints [10]
action: stepIn
paused at line  31
action: stepOver
paused at line  32
action: stepIn
paused at line  33
	because of breakpoints [3]
action: stepOut
paused at line  37
	because of breakpoints [2]
action: resume
paused at line  37
	because of breakpoints [2]
action: resume
paused at line  37
	because of breakpoints [2]
action: resume
paused at line  37
	because of breakpoints [2]
action: resume
paused at line  37
	because of breakpoints [2]
action: resume
paused at line  37
	because of breakpoints [2]
action: stepIn
paused at line  36
action: stepIn
paused at line  36
action: stepOver
paused at line  37
	because of breakpoints [2]
action: stepIn
paused at line  36
action: resume
paused at line  37
	because of breakpoints [2]
action: stepOut
paused at line  37
	because of breakpoints [2]
action: stepIn
paused at line  36
action: stepOut
paused at line  37
	because of breakpoints [2]
action: stepOut
paused at line  37
	because of breakpoints [2]
action: stepIn
paused at line  36
action: resume
paused at line  37
	because of breakpoints [2]
action: resume
paused at line  37
	because of breakpoints [2]
action: stepIn
