request breakpoint   0 at line   7
                   set at line   7
request breakpoint   1 at line  20
                   set at line  20
request breakpoint   2 at line 105
                   set at line 105
request breakpoint   3 at line  94
                   set at line  94
request breakpoint   4 at line 162
                   set at line 163
request breakpoint   5 at line  49
                   set at line  52
request breakpoint   6 at line 121
                   set at line 124
request breakpoint   7 at line 116
                   set at line 116
request breakpoint   8 at line 154
                   set at line 155
request breakpoint   9 at line  38
                   set at line  40
request breakpoint  10 at line 128
                   set at line 128
request breakpoint  11 at line  32
                   set at line  40
request breakpoint  12 at line  75
                   set at line  76
request breakpoint  13 at line 138
                   set at line 138
request breakpoint  14 at line 165
                   set at line 165
request breakpoint  15 at line  11
                   set at line  11
request breakpoint  16 at line 156
                   set at line 156
request breakpoint  17 at line 168
                   set at line 169
request breakpoint  18 at line  27
                   set at line  27
request breakpoint  19 at line  45
                   set at line  52
request breakpoint  20 at line 118
                   set at line 118
request breakpoint  21 at line   1
                   set at line   5
request breakpoint  22 at line 159
                   set at line 159
request breakpoint  23 at line  88
                   set at line  88
request breakpoint  24 at line  33
                   set at line  40
request breakpoint  25 at line  18
                   set at line  18
request breakpoint  26 at line  87
                   set at line  87
request breakpoint  27 at line  56
                   set at line  64
request breakpoint  28 at line 145
                   set at line 145
paused at line   5
	because of breakpoints [21]
action: stepIn
paused at line   6
action: stepIn
paused at line   7
	because of breakpoints [0]
action: stepOver
paused at line   9
action: stepOver
paused at line  11
	because of breakpoints [15]
action: resume
paused at line 159
	because of breakpoints [22]
action: stepIn
paused at line 160
action: stepOver
paused at line  18
	because of breakpoints [25]
action: stepOver
paused at line  19
action: resume
paused at line  20
	because of breakpoints [1]
action: stepIn
paused at line  21
action: stepOver
paused at line  80
action: stepIn
paused at line 161
action: stepOut
paused at line  18
	because of breakpoints [25]
action: resume
paused at line  20
	because of breakpoints [1]
action: resume
paused at line  40
	because of breakpoints [9,11,24]
action: resume
paused at line  18
	because of breakpoints [25]
action: resume
paused at line  20
	because of breakpoints [1]
action: resume
paused at line  52
	because of breakpoints [5,19]
action: stepIn
paused at line 161
action: stepIn
paused at line  55
action: stepOver
paused at line  18
	because of breakpoints [25]
action: stepIn
paused at line  19
action: resume
paused at line  20
	because of breakpoints [1]
action: stepOut
paused at line  64
	because of breakpoints [27]
action: stepIn
paused at line 161
action: stepOut
paused at line  18
	because of breakpoints [25]
action: stepOut
paused at line  20
	because of breakpoints [1]
action: stepIn
paused at line  21
action: resume
paused at line  76
	because of breakpoints [12]
action: resume
paused at line  87
	because of breakpoints [26]
action: stepIn
paused at line  88
	because of breakpoints [23]
action: resume
paused at line  94
	because of breakpoints [3]
action: stepOver
paused at line  89
action: stepOver
paused at line  89
action: stepOver
paused at line  90
action: stepOut
paused at line  94
	because of breakpoints [3]
action: resume
paused at line  94
	because of breakpoints [3]
action: stepOver
paused at line  89
action: stepIn
paused at line  89
action: resume
paused at line  94
	because of breakpoints [3]
action: stepOver
paused at line  89
action: resume
paused at line  94
	because of breakpoints [3]
action: stepIn
paused at line  89
action: stepIn
paused at line  89
action: stepOver
paused at line  96
action: resume
paused at line  27
	because of breakpoints [18]
action: stepIn
paused at line  28
action: stepOver
paused at line  97
action: stepOver
paused at line 163
	because of breakpoints [4]
action: stepOver
paused at line 165
	because of breakpoints [14]
action: stepOut
paused at line 138
	because of breakpoints [13]
action: stepIn
paused at line 140
action: stepOut
paused at line 145
	because of breakpoints [28]
action: stepIn
paused at line 145
action: resume
paused at line 138
	because of breakpoints [13]
action: stepIn
paused at line 140
action: stepOver
paused at line 145
	because of breakpoints [28]
action: stepOut
paused at line 138
	because of breakpoints [13]
action: stepOver
paused at line 140
action: stepOver
paused at line 145
	because of breakpoints [28]
action: stepOut
paused at line 138
	because of breakpoints [13]
action: stepOver
paused at line 140
action: stepOut
paused at line 145
	because of breakpoints [28]
action: resume
paused at line 138
	because of breakpoints [13]
action: stepOver
paused at line 140
action: stepIn
paused at line 145
	because of breakpoints [28]
action: resume
paused at line 155
	because of breakpoints [8]
action: stepOut
paused at line 156
	because of breakpoints [16]
action: stepIn
paused at line 166
action: resume
paused at line 105
	because of breakpoints [2]
action: stepOut
paused at line 116
	because of breakpoints [7]
action: resume
paused at line 118
	because of breakpoints [20]
action: stepIn
paused at line 119
action: stepOut
paused at line 116
	because of breakpoints [7]
action: resume
paused at line 118
	because of breakpoints [20]
action: stepIn
paused at line 119
action: resume
paused at line 116
	because of breakpoints [7]
action: resume
paused at line 118
	because of breakpoints [20]
action: stepOver
paused at line 119
action: stepOver
paused at line 120
action: stepOut
paused at line 116
	because of breakpoints [7]
action: stepOver
paused at line 118
	because of breakpoints [20]
action: stepIn
paused at line 119
action: stepOver
paused at line 120
action: resume
paused at line 105
	because of breakpoints [2]
action: resume
