request breakpoint   0 at line  12
                   set at line  14
request breakpoint   1 at line  56
                   set at line  56
request breakpoint   2 at line 204
                   set at line 204
request breakpoint   3 at line 184
                   set at line 186
request breakpoint   4 at line  27
                   set at line  42
request breakpoint   5 at line 106
                   set at line 106
request breakpoint   6 at line 229
                   set at line 288
request breakpoint   7 at line 220
                   set at line 288
request breakpoint   8 at line 281
                   set at line 281
request breakpoint   9 at line  83
                   set at line  83
request breakpoint  10 at line 238
                   set at line 238
request breakpoint  11 at line  69
                   set at line 288
request breakpoint  12 at line 147
                   set at line 147
request breakpoint  13 at line 256
                   set at line 257
request breakpoint  14 at line  30
                   set at line  42
request breakpoint  15 at line 290
                   set at line 292
request breakpoint  16 at line 283
                   set at line 285
request breakpoint  17 at line  36
                   set at line  42
request breakpoint  18 at line  54
                   set at line  54
request breakpoint  19 at line  86
                   set at line  86
request breakpoint  20 at line 217
                   set at line 217
request breakpoint  21 at line  95
                   set at line  95
request breakpoint  22 at line  20
                   set at line  42
request breakpoint  23 at line 165
                   set at line 288
request breakpoint  24 at line  57
                   set at line  57
request breakpoint  25 at line 160
                   set at line 161
request breakpoint  26 at line 157
                   set at line 157
request breakpoint  27 at line 100
                   set at line 100
request breakpoint  28 at line 261
                   set at line 261
request breakpoint  29 at line 280
                   set at line 281
request breakpoint  30 at line 120
                   set at line 120
request breakpoint  31 at line 264
                   set at line 264
request breakpoint  32 at line 234
                   set at line 234
request breakpoint  33 at line 241
                   set at line 288
request breakpoint  34 at line 194
                   set at line 194
request breakpoint  35 at line 159
                   set at line 159
request breakpoint  36 at line  37
                   set at line  42
request breakpoint  37 at line  15
                   set at line  15
request breakpoint  38 at line 119
                   set at line 119
request breakpoint  39 at line  22
                   set at line  42
request breakpoint  40 at line 245
                   set at line 245
request breakpoint  41 at line  18
                   set at line  18
request breakpoint  42 at line 103
                   set at line 103
request breakpoint  43 at line  91
                   set at line  91
request breakpoint  44 at line 205
                   set at line 205
request breakpoint  45 at line 272
                   set at line 272
request breakpoint  46 at line 115
                   set at line 115
request breakpoint  47 at line 231
                   set at line 233
request breakpoint  48 at line 232
                   set at line 233
request breakpoint  49 at line 258
                   set at line 258
request breakpoint  50 at line 173
                   set at line 174
request breakpoint  51 at line 139
                   set at line 139
paused at line  14
	because of breakpoints [0]
action: stepIn
paused at line  15
	because of breakpoints [37]
action: stepIn
paused at line  16
action: stepOver
paused at line  18
	because of breakpoints [41]
action: stepOver
paused at line  42
	because of breakpoints [4,14,17,22,36,39]
action: resume
paused at line 233
	because of breakpoints [47,48]
action: stepIn
paused at line 234
	because of breakpoints [32]
action: stepOver
paused at line 235
action: stepOver
paused at line 235
action: resume
paused at line 238
	because of breakpoints [10]
action: stepIn
paused at line  52
action: stepOver
paused at line  83
	because of breakpoints [9]
action: stepIn
paused at line  84
action: stepOut
paused at line  86
	because of breakpoints [19]
action: resume
paused at line 174
	because of breakpoints [50]
action: resume
paused at line 217
	because of breakpoints [20]
action: resume
paused at line 217
	because of breakpoints [20]
action: resume
paused at line 217
	because of breakpoints [20]
action: resume
paused at line 217
	because of breakpoints [20]
action: stepIn
paused at line 171
action: stepIn
paused at line 175
action: stepOver
paused at line  89
action: stepIn
paused at line 174
	because of breakpoints [50]
action: resume
paused at line 217
	because of breakpoints [20]
action: stepOut
paused at line 170
action: stepIn
paused at line 214
action: stepOut
paused at line 217
	because of breakpoints [20]
action: stepOut
paused at line 170
action: stepIn
paused at line 214
action: resume
paused at line 217
	because of breakpoints [20]
action: resume
paused at line 217
	because of breakpoints [20]
action: stepIn
paused at line 171
action: resume
paused at line 174
	because of breakpoints [50]
action: stepOver
paused at line 217
	because of breakpoints [20]
action: stepOver
paused at line 170
action: stepOver
paused at line 217
	because of breakpoints [20]
action: stepOut
paused at line 170
action: resume
paused at line 217
	because of breakpoints [20]
action: stepOver
paused at line 170
action: stepIn
paused at line 224
action: resume
paused at line 217
	because of breakpoints [20]
action: stepOver
paused at line 171
action: resume
paused at line  91
	because of breakpoints [43]
action: stepIn
paused at line 174
	because of breakpoints [50]
action: stepIn
paused at line 170
action: stepOver
paused at line 217
	because of breakpoints [20]
action: resume
paused at line 217
	because of breakpoints [20]
action: stepIn
paused at line 170
action: stepOver
paused at line 217
	because of breakpoints [20]
action: stepOver
paused at line 170
action: stepOver
paused at line 217
	because of breakpoints [20]
action: stepOut
paused at line 171
action: stepIn
paused at line 175
action: stepOut
paused at line  92
action: stepIn
paused at line 174
	because of breakpoints [50]
action: resume
paused at line 217
	because of breakpoints [20]
action: stepIn
paused at line 170
action: stepOver
paused at line 217
	because of breakpoints [20]
action: stepOut
paused at line 170
action: stepOver
paused at line 217
	because of breakpoints [20]
action: stepOver
paused at line 170
action: stepOut
paused at line 217
	because of breakpoints [20]
action: stepOver
paused at line 171
action: stepOut
paused at line 175
action: resume
paused at line 174
	because of breakpoints [50]
action: stepOver
paused at line 217
	because of breakpoints [20]
action: stepIn
paused at line 170
action: resume
paused at line 217
	because of breakpoints [20]
action: stepOut
paused at line 170
action: stepIn
paused at line 214
action: resume
paused at line 217
	because of breakpoints [20]
action: stepOut
paused at line 170
action: resume
paused at line 217
	because of breakpoints [20]
action: stepIn
paused at line 171
action: stepOut
paused at line 175
action: resume
paused at line 174
	because of breakpoints [50]
action: stepIn
paused at line 170
action: resume
paused at line 217
	because of breakpoints [20]
action: resume
paused at line 217
	because of breakpoints [20]
action: stepOver
paused at line 170
action: stepOver
paused at line 217
	because of breakpoints [20]
action: stepOut
paused at line 170
action: stepOver
paused at line 217
	because of breakpoints [20]
action: stepIn
paused at line 171
action: stepOver
paused at line 175
action: resume
paused at line  95
	because of breakpoints [21]
action: resume
paused at line 174
	because of breakpoints [50]
action: stepOut
paused at line 217
	because of breakpoints [20]
action: stepOver
paused at line 170
action: resume
paused at line 217
	because of breakpoints [20]
action: stepIn
paused at line 170
action: stepOut
paused at line 217
	because of breakpoints [20]
action: stepOut
paused at line 170
action: stepOut
paused at line 217
	because of breakpoints [20]
action: stepIn
paused at line 171
action: stepOut
paused at line 175
action: stepIn
paused at line  96
action: stepOver
paused at line 174
	because of breakpoints [50]
action: stepOver
paused at line 217
	because of breakpoints [20]
action: stepOver
paused at line 170
action: resume
paused at line 217
	because of breakpoints [20]
action: stepIn
paused at line 170
action: stepOut
paused at line 217
	because of breakpoints [20]
action: resume
paused at line 217
	because of breakpoints [20]
action: resume
paused at line 174
	because of breakpoints [50]
action: stepOver
paused at line 217
	because of breakpoints [20]
action: stepOver
paused at line 170
action: stepOut
paused at line 217
	because of breakpoints [20]
action: stepOut
paused at line 170
action: stepIn
paused at line 214
action: resume
paused at line 217
	because of breakpoints [20]
action: resume
paused at line 217
	because of breakpoints [20]
action: stepIn
paused at line 171
action: stepOver
paused at line 175
action: stepIn
paused at line  98
action: resume
paused at line 174
	because of breakpoints [50]
action: stepOver
paused at line 217
	because of breakpoints [20]
action: stepOut
paused at line 170
action: stepOut
paused at line 217
	because of breakpoints [20]
action: stepOver
paused at line 170
action: stepIn
paused at line 214
action: stepIn
paused at line 215
action: stepOver
paused at line 216
action: resume
paused at line 217
	because of breakpoints [20]
action: stepOver
paused at line 170
action: stepOut
paused at line 217
	because of breakpoints [20]
action: stepIn
paused at line 171
action: stepOut
paused at line 175
action: stepOut
paused at line  99
action: resume
paused at line 174
	because of breakpoints [50]
action: stepOver
paused at line 217
	because of breakpoints [20]
action: stepOver
paused at line 170
action: stepOver
paused at line 217
	because of breakpoints [20]
action: stepIn
paused at line 170
action: stepOut
paused at line 217
	because of breakpoints [20]
action: stepOver
paused at line 170
action: stepIn
paused at line 224
action: stepOver
paused at line 225
action: resume
paused at line 217
	because of breakpoints [20]
action: stepIn
paused at line 171
action: stepOver
paused at line 175
action: resume
paused at line 100
	because of breakpoints [27]
action: stepOver
paused at line 174
	because of breakpoints [50]
action: stepOver
paused at line 217
	because of breakpoints [20]
action: stepOver
paused at line 170
action: resume
