request breakpoint   0 at line  14
                   set at line  28
request breakpoint   1 at line  30
                   set at line  31
request breakpoint   2 at line 179
                   set at line 180
request breakpoint   3 at line 160
                   set at line 163
request breakpoint   4 at line 278
                   set at line 279
request breakpoint   5 at line  80
                   set at line  80
request breakpoint   6 at line 204
                   set at line 204
request breakpoint   7 at line 195
                   set at line 195
request breakpoint   8 at line 260
                   set at line 267
request breakpoint   9 at line  57
                   set at line  60
request breakpoint  10 at line 214
                   set at line 214
request breakpoint  11 at line  41
                   set at line  41
request breakpoint  12 at line 123
                   set at line 267
request breakpoint  13 at line 231
                   set at line 231
request breakpoint  14 at line 281
                   set at line 281
request breakpoint  15 at line 295
                   set at line 295
request breakpoint  16 at line 262
                   set at line 262
request breakpoint  17 at line 288
                   set at line 288
request breakpoint  18 at line  25
                   set at line  28
request breakpoint  19 at line  59
                   set at line  60
request breakpoint  20 at line 193
                   set at line 195
request breakpoint  21 at line  67
                   set at line  67
request breakpoint  22 at line 269
                   set at line 270
request breakpoint  23 at line 137
                   set at line 138
request breakpoint  24 at line  29
                   set at line  31
request breakpoint  25 at line 135
                   set at line 135
request breakpoint  26 at line 132
                   set at line 133
request breakpoint  27 at line  74
                   set at line  74
request breakpoint  28 at line 238
                   set at line 239
request breakpoint  29 at line 258
                   set at line 258
request breakpoint  30 at line  94
                   set at line  95
request breakpoint  31 at line 242
                   set at line 242
request breakpoint  32 at line 208
                   set at line 214
request breakpoint  33 at line 215
                   set at line 215
request breakpoint  34 at line 169
                   set at line 170
request breakpoint  35 at line 133
                   set at line 133
request breakpoint  36 at line 289
                   set at line 289
request breakpoint  37 at line  17
                   set at line  28
request breakpoint  38 at line  93
                   set at line 267
request breakpoint  39 at line 271
                   set at line 271
request breakpoint  40 at line 220
                   set at line 220
request breakpoint  41 at line 267
                   set at line 267
request breakpoint  42 at line  76
                   set at line  76
request breakpoint  43 at line  61
                   set at line  63
request breakpoint  44 at line 177
                   set at line 267
request breakpoint  45 at line 250
                   set at line 250
request breakpoint  46 at line  87
                   set at line  87
request breakpoint  47 at line 205
                   set at line 205
request breakpoint  48 at line 206
                   set at line 214
request breakpoint  49 at line 236
                   set at line 239
request breakpoint  50 at line 145
                   set at line 145
request breakpoint  51 at line 111
                   set at line 112
request breakpoint  52 at line 168
                   set at line 267
request breakpoint  53 at line  98
                   set at line 100
request breakpoint  54 at line 251
                   set at line 251
request breakpoint  55 at line  96
                   set at line  96
request breakpoint  56 at line 219
                   set at line 220
paused at line 295
	because of breakpoints [15]
action: stepIn
paused at line  28
	because of breakpoints [0,18,37]
action: stepIn
paused at line  31
	because of breakpoints [1,24]
action: stepOver
paused at line  33
action: stepOver
paused at line  35
action: resume
paused at line  41
	because of breakpoints [11]
action: stepIn
paused at line 267
	because of breakpoints [8,12,38,41,44,52]
action: stepOver
paused at line 268
action: stepOver
paused at line 274
action: resume
paused at line 281
	because of breakpoints [14]
action: stepIn
paused at line   4
action: stepOver
paused at line   4
action: stepIn
paused at line   5
action: stepOut
paused at line 282
action: resume
paused at line 239
	because of breakpoints [28,49]
action: resume
paused at line 242
	because of breakpoints [31]
action: resume
paused at line 281
	because of breakpoints [14]
action: resume
paused at line 281
	because of breakpoints [14]
action: resume
paused at line 138
	because of breakpoints [23]
action: stepIn
paused at line 141
action: stepIn
paused at line   1
action: stepOver
paused at line 285
action: stepIn
paused at line 276
action: resume
paused at line 281
	because of breakpoints [14]
action: stepOut
paused at line 281
	because of breakpoints [14]
action: stepIn
paused at line   4
action: stepOut
paused at line 282
action: stepOut
paused at line  74
	because of breakpoints [27]
action: stepIn
paused at line  76
	because of breakpoints [42]
action: resume
paused at line 288
	because of breakpoints [17]
action: resume
paused at line  28
	because of breakpoints [0,18,37]
action: stepIn
paused at line  31
	because of breakpoints [1,24]
action: resume
paused at line  41
	because of breakpoints [11]
action: stepOver
paused at line 267
	because of breakpoints [8,12,38,41,44,52]
action: stepOver
paused at line 268
action: stepOver
paused at line 274
action: stepOut
paused at line 281
	because of breakpoints [14]
action: resume
paused at line 281
	because of breakpoints [14]
action: stepOver
paused at line 285
action: stepIn
paused at line 276
action: resume
paused at line 281
	because of breakpoints [14]
action: stepOver
paused at line 285
action: resume
paused at line 281
	because of breakpoints [14]
action: stepIn
paused at line   4
action: stepIn
paused at line   4
action: stepOver
paused at line   5
action: resume
paused at line 281
	because of breakpoints [14]
action: stepIn
paused at line   4
action: stepOver
paused at line   4
action: stepOver
paused at line   5
action: stepOver
paused at line   4
action: stepOut
paused at line 285
action: stepIn
paused at line 276
action: stepOut
paused at line 281
	because of breakpoints [14]
action: stepIn
paused at line   4
action: resume
paused at line  74
	because of breakpoints [27]
action: stepIn
paused at line  76
	because of breakpoints [42]
action: stepOver
paused at line   1
action: stepOut
paused at line 285
action: stepOver
paused at line 276
action: stepOver
paused at line 277
action: stepOut
paused at line 281
	because of breakpoints [14]
action: stepOver
paused at line 285
action: stepOut
paused at line 281
	because of breakpoints [14]
action: resume
paused at line 281
	because of breakpoints [14]
action: stepOver
paused at line 282
action: stepIn
paused at line   1
action: resume
paused at line 239
	because of breakpoints [28,49]
action: stepOut
paused at line 242
	because of breakpoints [31]
action: stepIn
paused at line 244
action: resume
paused at line 281
	because of breakpoints [14]
action: stepOut
paused at line 281
	because of breakpoints [14]
action: resume
paused at line  87
	because of breakpoints [46]
action: stepIn
paused at line  88
action: stepOut
paused at line   1
action: resume
paused at line 281
	because of breakpoints [14]
action: stepIn
paused at line   4
action: resume
paused at line 281
	because of breakpoints [14]
action: resume
paused at line 112
	because of breakpoints [51]
action: stepOver
paused at line 114
action: stepOver
paused at line   1
action: stepOut
paused at line 285
action: stepOver
paused at line 276
action: stepIn
paused at line 277
action: stepOver
paused at line 281
	because of breakpoints [14]
action: resume
paused at line 281
	because of breakpoints [14]
action: resume
paused at line 281
	because of breakpoints [14]
action: stepOut
paused at line 281
	because of breakpoints [14]
action: stepOver
paused at line 282
action: resume
paused at line 288
	because of breakpoints [17]
action: stepIn
paused at line 291
action: stepOut
paused at line 297
action: stepOut
paused at line 295
	because of breakpoints [15]
action: stepOut
paused at line  28
	because of breakpoints [0,18,37]
action: stepIn
paused at line  31
	because of breakpoints [1,24]
action: stepOut
paused at line  41
	because of breakpoints [11]
action: stepIn
paused at line 267
	because of breakpoints [8,12,38,41,44,52]
action: stepOver
paused at line 268
action: stepOver
paused at line 274
action: stepOver
paused at line 275
action: resume
paused at line 281
	because of breakpoints [14]
action: stepIn
paused at line   4
action: stepOut
paused at line 282
action: resume
paused at line 239
	because of breakpoints [28,49]
action: resume
paused at line 242
	because of breakpoints [31]
action: stepOver
paused at line 244
action: stepOver
paused at line 254
action: stepOut
paused at line   1
action: stepOut
paused at line 285
action: stepIn
paused at line 276
action: resume
paused at line 281
	because of breakpoints [14]
action: resume
paused at line 281
	because of breakpoints [14]
action: stepIn
paused at line   4
action: stepOver
paused at line   4
action: stepIn
paused at line   5
action: resume
paused at line 138
	because of breakpoints [23]
action: stepOver
paused at line 141
action: stepOut
paused at line   1
action: stepOut
paused at line 285
action: stepOver
paused at line 276
action: stepIn
paused at line 277
action: stepIn
paused at line 281
	because of breakpoints [14]
action: stepOver
paused at line 285
action: resume
paused at line 281
	because of breakpoints [14]
action: stepOver
paused at line 282
action: stepOut
paused at line  74
	because of breakpoints [27]
action: stepIn
paused at line  76
	because of breakpoints [42]
action: stepOut
paused at line   1
action: stepOut
paused at line 285
action: resume
paused at line 288
	because of breakpoints [17]
action: stepOver
paused at line 291
action: stepOver
paused at line 292
action: stepOver
paused at line 296
action: stepIn
paused at line  28
	because of breakpoints [0,18,37]
action: stepOut
paused at line  31
	because of breakpoints [1,24]
action: stepOver
paused at line  33
action: stepIn
paused at line  35
action: stepOver
paused at line  38
action: resume
paused at line  41
	because of breakpoints [11]
action: stepIn
paused at line 267
	because of breakpoints [8,12,38,41,44,52]
action: stepOver
paused at line 268
action: resume
paused at line 281
	because of breakpoints [14]
action: stepOver
paused at line 282
action: stepOver
paused at line 285
action: stepOver
paused at line 276
action: resume
paused at line 281
	because of breakpoints [14]
action: stepOver
paused at line 285
action: stepOver
paused at line 276
action: stepIn
paused at line 277
action: resume
paused at line 281
	because of breakpoints [14]
action: stepOver
