request breakpoint   0 at line   6
                   set at line  38
request breakpoint   1 at line  10
                   set at line  10
request breakpoint   2 at line  30
                   set at line  30
request breakpoint   3 at line  28
                   set at line  28
request breakpoint   4 at line  42
                   set at line  42
request breakpoint   5 at line  19
                   set at line  19
request breakpoint   6 at line  35
                   set at line  35
paused at line  38
	because of breakpoints [0]
action: stepIn
paused at line  38
action: stepIn
paused at line  39
action: stepOver
paused at line  10
	because of breakpoints [1]
action: stepOver
paused at line  11
action: resume
paused at line  19
	because of breakpoints [5]
action: stepIn
paused at line  20
action: stepOver
paused at line  22
action: stepOver
paused at line  23
action: resume
paused at line  28
	because of breakpoints [3]
action: stepIn
paused at line  29
action: stepOver
paused at line  30
	because of breakpoints [2]
action: stepIn
paused at line  15
action: stepOut
paused at line  19
	because of breakpoints [5]
action: resume
paused at line  28
	because of breakpoints [3]
action: resume
paused at line  30
	because of breakpoints [2]
action: resume
paused at line  19
	because of breakpoints [5]
action: resume
paused at line  28
	because of breakpoints [3]
action: resume
paused at line  30
	because of breakpoints [2]
action: stepIn
paused at line  15
action: stepIn
paused at line  15
action: stepOver
paused at line  16
action: stepIn
