request breakpoint   0 at line   2
                   set at line  51
request breakpoint   1 at line   7
                   set at line   7
request breakpoint   2 at line  35
                   set at line  35
request breakpoint   3 at line  33
                   set at line  34
request breakpoint   4 at line  53
                   set at line  57
request breakpoint   5 at line  19
                   set at line  20
request breakpoint   6 at line  40
                   set at line  40
request breakpoint   7 at line  39
                   set at line  39
request breakpoint   8 at line  51
                   set at line  51
paused at line  51
	because of breakpoints [0,8]
action: stepIn
paused at line  51
action: stepIn
paused at line  52
action: stepOver
paused at line  34
	because of breakpoints [3]
action: stepOver
paused at line  34
action: resume
paused at line  35
	because of breakpoints [2]
action: stepIn
paused at line  35
action: stepOver
paused at line  36
action: stepOver
paused at line  36
action: resume
paused at line  39
	because of breakpoints [7]
action: stepIn
paused at line  29
action: stepOver
paused at line   7
	because of breakpoints [1]
action: stepIn
paused at line   8
action: stepOut
paused at line  13
action: resume
paused at line   7
	because of breakpoints [1]
action: resume
paused at line   7
	because of breakpoints [1]
action: resume
paused at line   7
	because of breakpoints [1]
action: resume
paused at line   7
	because of breakpoints [1]
action: resume
paused at line   7
	because of breakpoints [1]
action: stepIn
paused at line   8
action: stepIn
paused at line  13
action: stepOver
paused at line  13
action: stepIn
paused at line  15
action: resume
paused at line   7
	because of breakpoints [1]
action: stepOut
paused at line  13
action: stepIn
paused at line  13
action: stepOut
paused at line   7
	because of breakpoints [1]
action: stepOut
paused at line  13
action: stepIn
paused at line  13
action: resume
