request breakpoint   0 at line   4
                   set at line  14
request breakpoint   1 at line   7
                   set at line  14
request breakpoint   2 at line  47
                   set at line  56
request breakpoint   3 at line  42
                   set at line  56
request breakpoint   4 at line  76
                   set at line  79
request breakpoint   5 at line  25
                   set at line  33
request breakpoint   6 at line  56
                   set at line  56
request breakpoint   7 at line  54
                   set at line  56
request breakpoint   8 at line  70
                   set at line  72
request breakpoint   9 at line  24
                   set at line  33
paused at line  14
	because of breakpoints [0,1]
action: stepIn
paused at line  78
action: stepIn
paused at line  16
action: stepOver
paused at line  16
action: stepOver
paused at line  18
action: resume
paused at line  33
	because of breakpoints [5,9]
action: stepIn
paused at line  33
action: stepOver
paused at line  33
action: stepOver
paused at line  33
action: resume
paused at line  56
	because of breakpoints [2,3,6,7]
action: stepIn
paused at line  56
action: stepOver
paused at line  56
action: stepIn
paused at line  56
action: stepOut
paused at line  58
action: resume
paused at line  72
	because of breakpoints [8]
action: resume
paused at line  33
	because of breakpoints [5,9]
action: resume
paused at line  56
	because of breakpoints [2,3,6,7]
action: resume
paused at line  72
	because of breakpoints [8]
action: resume
paused at line  79
	because of breakpoints [4]
action: stepIn
paused at line  80
action: stepIn
