174 -> 175
279 -> 279
100 -> 100
153 -> 153
155 -> 155
16 -> 159
78 -> 79
147 -> 147
433 -> 439
366 -> 366
245 -> 245
26 -> 26
65 -> 159
288 -> 288
431 -> 439
388 -> 389
83 -> 83
330 -> 330
17 -> 159
270 -> 270
81 -> 159
233 -> 233
256 -> 282
281 -> 282
370 -> 370
248 -> 248
152 -> 152
345 -> 346
149 -> 149
395 -> 398
131 -> 132
175 -> 175
40 -> 40
99 -> 99
167 -> 167
323 -> 323
342 -> 343
369 -> 369
114 -> 114
232 -> 232
298 -> 298
300 -> 302
241 -> 241
181 -> 181
41 -> 41
442 -> 442
428 -> 439
371 -> 371
185 -> 185
299 -> 299
346 -> 346
419 -> 439
253 -> 254
291 -> 292
79 -> 79
260 -> 261
91 -> 91
380 -> 380
120 -> 120
223 -> 223
275 -> 275
365 -> 366
239 -> 240
319 -> 319
426 -> 439
202 -> 202
284 -> 284
278 -> 278
182 -> 182
252 -> 254
379 -> 379
332 -> 333
194 -> 194
338 -> 338
441 -> 442
58 -> 59
351 -> 353
417 -> 439
317 -> 317
61 -> 61
234 -> 234
446 -> 446
205 -> 205
55 -> 55
96 -> 96
110 -> 110
216 -> 216
224 -> 224
404 -> 406
377 -> 377
381 -> 381
384 -> 384
264 -> 264
98 -> 99
54 -> 54
402 -> 402
352 -> 353
105 -> 159
121 -> 159
266 -> 266
67 -> 67
111 -> 111
359 -> 359
305 -> 305
176 -> 176
212 -> 215
236 -> 236
396 -> 398
139 -> 139
90 -> 91
309 -> 442
208 -> 208
73 -> 159
367 -> 368
235 -> 236
31 -> 31
203 -> 203
398 -> 398
35 -> 35
408 -> 408
282 -> 282
302 -> 302
262 -> 262
38 -> 38
186 -> 186
261 -> 261
445 -> 446
207 -> 207
133 -> 134
292 -> 292
273 -> 273
389 -> 389
222 -> 223
53 -> 53
280 -> 280
0 -> 159
165 -> 165
145 -> 145
9 -> 159
315 -> 315
263 -> 263
89 -> 91
378 -> 379
249 -> 249
128 -> 128
56 -> 56
117 -> 117
336 -> 338
265 -> 265
316 -> 316
448 -> 448
285 -> 285
306 -> 306
108 -> 108
5 -> 159
1 -> 159
226 -> 226
125 -> 125
135 -> 135
356 -> 356
87 -> 87
63 -> 63
373 -> 373
59 -> 59
193 -> 193
51 -> 52
422 -> 439
85 -> 159
293 -> 293
64 -> 64
391 -> 391
69 -> 159
190 -> 190
36 -> 159
413 -> 413
357 -> 357
66 -> 67
334 -> 334
328 -> 328
326 -> 328
178 -> 178
392 -> 392
172 -> 172
20 -> 159
76 -> 76
156 -> 156
46 -> 46
204 -> 204
24 -> 159
118 -> 118
171 -> 171
183 -> 183
308 -> 308
6 -> 159
169 -> 169
355 -> 355
95 -> 95
295 -> 295
349 -> 349
160 -> 160
324 -> 324
447 -> 447
358 -> 358
157 -> 157
401 -> 401
361 -> 366
72 -> 72
411 -> 411
161 -> 161
3 -> 159
243 -> 243
30 -> 30
237 -> 237
102 -> 102
414 -> 415
376 -> 376
331 -> 331
344 -> 344
93 -> 94
244 -> 244
425 -> 439
277 -> 277
48 -> 48
429 -> 439
197 -> 199
