64 -> 64
89 -> 91
245 -> 245
295 -> 295
85 -> 159
273 -> 273
309 -> 442
302 -> 302
330 -> 330
169 -> 169
232 -> 232
323 -> 323
167 -> 167
429 -> 439
171 -> 171
108 -> 108
114 -> 114
376 -> 376
441 -> 442
398 -> 398
139 -> 139
388 -> 389
161 -> 161
351 -> 353
279 -> 279
153 -> 153
239 -> 240
275 -> 275
36 -> 159
17 -> 159
24 -> 159
233 -> 233
402 -> 402
266 -> 266
54 -> 54
298 -> 298
185 -> 185
95 -> 95
224 -> 224
431 -> 439
100 -> 100
414 -> 415
56 -> 56
359 -> 359
357 -> 357
48 -> 48
356 -> 356
99 -> 99
366 -> 366
58 -> 59
306 -> 306
326 -> 328
316 -> 316
208 -> 208
1 -> 159
5 -> 159
90 -> 91
53 -> 53
342 -> 343
73 -> 159
226 -> 226
67 -> 67
331 -> 331
319 -> 319
265 -> 265
197 -> 199
396 -> 398
63 -> 63
417 -> 439
147 -> 147
428 -> 439
41 -> 41
66 -> 67
281 -> 282
237 -> 237
345 -> 346
172 -> 172
379 -> 379
190 -> 190
20 -> 159
401 -> 401
6 -> 159
389 -> 389
38 -> 38
288 -> 288
176 -> 176
408 -> 408
369 -> 369
183 -> 183
186 -> 186
