344 -> 344
281 -> 282
442 -> 442
377 -> 377
243 -> 243
266 -> 266
293 -> 293
40 -> 40
381 -> 381
73 -> 159
413 -> 413
357 -> 357
110 -> 110
90 -> 91
203 -> 203
389 -> 389
114 -> 114
278 -> 278
205 -> 205
120 -> 120
425 -> 439
233 -> 233
78 -> 79
83 -> 83
277 -> 277
352 -> 353
282 -> 282
378 -> 379
95 -> 95
87 -> 87
31 -> 31
208 -> 208
193 -> 193
85 -> 159
133 -> 134
54 -> 54
391 -> 391
402 -> 402
149 -> 149
108 -> 108
222 -> 223
332 -> 333
239 -> 240
279 -> 279
371 -> 371
181 -> 181
241 -> 241
253 -> 254
404 -> 406
309 -> 442
395 -> 398
295 -> 295
185 -> 185
111 -> 111
324 -> 324
118 -> 118
380 -> 380
367 -> 368
175 -> 175
59 -> 59
194 -> 194
186 -> 186
161 -> 161
284 -> 284
308 -> 308
299 -> 299
349 -> 349
41 -> 41
0 -> 159
81 -> 159
384 -> 384
369 -> 369
135 -> 135
401 -> 401
117 -> 117
365 -> 366
155 -> 155
288 -> 288
76 -> 76
429 -> 439
58 -> 59
17 -> 159
263 -> 263
356 -> 356
359 -> 359
139 -> 139
302 -> 302
53 -> 53
20 -> 159
328 -> 328
171 -> 171
26 -> 26
3 -> 159
157 -> 157
16 -> 159
326 -> 328
261 -> 261
419 -> 439
305 -> 305
156 -> 156
66 -> 67
67 -> 67
152 -> 152
447 -> 447
5 -> 159
260 -> 261
35 -> 35
46 -> 46
262 -> 262
351 -> 353
342 -> 343
207 -> 207
249 -> 249
178 -> 178
235 -> 236
366 -> 366
169 -> 169
270 -> 270
65 -> 159
36 -> 159
38 -> 38
100 -> 100
245 -> 245
216 -> 216
285 -> 285
292 -> 292
131 -> 132
331 -> 331
388 -> 389
265 -> 265
51 -> 52
244 -> 244
234 -> 234
323 -> 323
273 -> 273
315 -> 315
48 -> 48
102 -> 102
264 -> 264
147 -> 147
174 -> 175
441 -> 442
61 -> 61
105 -> 159
376 -> 376
204 -> 204
370 -> 370
91 -> 91
317 -> 317
426 -> 439
300 -> 302
248 -> 248
63 -> 63
355 -> 355
176 -> 176
121 -> 159
167 -> 167
316 -> 316
373 -> 373
411 -> 411
428 -> 439
446 -> 446
392 -> 392
30 -> 30
275 -> 275
160 -> 160
24 -> 159
306 -> 306
256 -> 282
414 -> 415
212 -> 215
252 -> 254
417 -> 439
319 -> 319
232 -> 232
6 -> 159
56 -> 56
236 -> 236
165 -> 165
125 -> 125
182 -> 182
224 -> 224
98 -> 99
398 -> 398
69 -> 159
445 -> 446
183 -> 183
280 -> 280
298 -> 298
93 -> 94
422 -> 439
358 -> 358
64 -> 64
237 -> 237
202 -> 202
345 -> 346
79 -> 79
379 -> 379
99 -> 99
226 -> 226
153 -> 153
72 -> 72
338 -> 338
431 -> 439
330 -> 330
55 -> 55
361 -> 366
89 -> 91
433 -> 439
145 -> 145
1 -> 159
448 -> 448
336 -> 338
396 -> 398
9 -> 159
172 -> 172
128 -> 128
291 -> 292
197 -> 199
334 -> 334
96 -> 96
190 -> 190
408 -> 408
223 -> 223
346 -> 346
