169 -> 169
279 -> 279
100 -> 100
145 -> 145
5 -> 159
16 -> 159
73 -> 159
134 -> 134
434 -> 439
366 -> 366
241 -> 241
20 -> 159
59 -> 59
288 -> 288
433 -> 439
388 -> 389
77 -> 159
328 -> 328
132 -> 132
264 -> 264
13 -> 159
221 -> 223
250 -> 250
1 -> 159
369 -> 369
21 -> 159
35 -> 35
342 -> 343
130 -> 130
395 -> 398
115 -> 115
160 -> 160
67 -> 67
89 -> 91
147 -> 147
316 -> 316
338 -> 338
367 -> 368
98 -> 99
212 -> 215
293 -> 293
295 -> 295
224 -> 224
161 -> 161
323 -> 323
442 -> 442
428 -> 439
43 -> 159
165 -> 165
65 -> 159
341 -> 343
419 -> 439
237 -> 237
282 -> 282
91 -> 91
244 -> 244
441 -> 442
379 -> 379
95 -> 95
197 -> 199
260 -> 261
358 -> 358
216 -> 216
309 -> 442
76 -> 76
174 -> 175
270 -> 270
262 -> 262
153 -> 153
232 -> 232
376 -> 376
322 -> 322
163 -> 163
330 -> 330
440 -> 440
222 -> 223
81 -> 159
417 -> 439
305 -> 305
332 -> 333
202 -> 202
445 -> 446
171 -> 171
103 -> 103
6 -> 159
106 -> 107
176 -> 176
183 -> 183
401 -> 401
370 -> 370
378 -> 379
140 -> 140
235 -> 236
280 -> 280
117 -> 117
399 -> 399
340 -> 340
265 -> 265
351 -> 353
236 -> 236
273 -> 273
56 -> 56
347 -> 347
85 -> 159
218 -> 218
69 -> 159
185 -> 185
390 -> 390
243 -> 243
307 -> 307
285 -> 285
53 -> 53
298 -> 298
355 -> 355
133 -> 134
425 -> 439
256 -> 282
129 -> 129
253 -> 254
135 -> 135
88 -> 91
102 -> 102
209 -> 209
108 -> 108
373 -> 373
205 -> 205
38 -> 38
259 -> 282
324 -> 324
249 -> 249
78 -> 79
375 -> 375
139 -> 139
79 -> 79
226 -> 226
210 -> 211
278 -> 278
51 -> 52
167 -> 167
269 -> 269
248 -> 248
40 -> 40
87 -> 87
155 -> 155
159 -> 159
346 -> 346
284 -> 284
96 -> 96
55 -> 55
263 -> 263
448 -> 448
266 -> 266
219 -> 219
233 -> 233
365 -> 366
93 -> 94
141 -> 141
17 -> 159
111 -> 111
310 -> 442
120 -> 120
352 -> 353
118 -> 118
45 -> 45
275 -> 275
31 -> 31
406 -> 406
203 -> 203
326 -> 328
30 -> 30
362 -> 366
42 -> 42
290 -> 304
9 -> 159
186 -> 186
239 -> 240
157 -> 157
402 -> 402
319 -> 319
334 -> 334
193 -> 193
356 -> 356
48 -> 48
426 -> 439
357 -> 357
277 -> 277
447 -> 447
124 -> 125
420 -> 439
391 -> 391
204 -> 204
54 -> 54
312 -> 314
446 -> 446
317 -> 317
63 -> 63
3 -> 159
422 -> 439
245 -> 245
41 -> 41
304 -> 304
121 -> 159
299 -> 299
345 -> 346
61 -> 61
223 -> 223
404 -> 406
114 -> 114
0 -> 159
331 -> 331
411 -> 411
431 -> 439
181 -> 181
412 -> 413
178 -> 178
413 -> 413
336 -> 338
300 -> 302
252 -> 254
194 -> 194
213 -> 215
359 -> 359
443 -> 444
27 -> 27
128 -> 128
371 -> 371
92 -> 159
380 -> 380
64 -> 64
384 -> 384
26 -> 26
429 -> 439
306 -> 306
291 -> 292
344 -> 344
131 -> 132
348 -> 349
105 -> 159
82 -> 83
292 -> 292
46 -> 46
172 -> 172
398 -> 398
377 -> 377
58 -> 59
18 -> 159
66 -> 67
149 -> 149
315 -> 315
90 -> 91
110 -> 110
196 -> 196
381 -> 381
363 -> 366
125 -> 125
72 -> 72
382 -> 382
392 -> 392
281 -> 282
408 -> 408
308 -> 308
190 -> 190
313 -> 314
361 -> 366
182 -> 182
396 -> 398
36 -> 159
156 -> 156
49 -> 49
432 -> 439
389 -> 389
152 -> 152
414 -> 415
24 -> 159
207 -> 207
25 -> 26
175 -> 175
261 -> 261
255 -> 255
99 -> 99
62 -> 62
302 -> 302
349 -> 349
234 -> 234
208 -> 208
83 -> 83
