39 -> 39
9 -> 25
63 -> 63
4 -> 25
35 -> 35
19 -> 25
60 -> 60
2 -> 25
29 -> 30
0 -> 25
12 -> 25
47 -> 47
57 -> 60
33 -> 34
56 -> 60
34 -> 42
27 -> 27
28 -> 30
58 -> 60
7 -> 25
5 -> 25
6 -> 25
24 -> 25
48 -> 50
13 -> 25
59 -> 60
49 -> 50
17 -> 25
45 -> 46
50 -> 63
55 -> 60
30 -> 42
54 -> 60
37 -> 39
14 -> 25
32 -> 32
26 -> 26
36 -> 36
8 -> 25
10 -> 25
53 -> 53
23 -> 25
61 -> 61
31 -> 31
38 -> 39
52 -> 52
41 -> 42
22 -> 25
21 -> 25
51 -> 51
18 -> 25
43 -> 43
46 -> 63
15 -> 25
25 -> 30
42 -> 63
40 -> 42
44 -> 44
62 -> 62
16 -> 25
11 -> 25
20 -> 25
3 -> 25
1 -> 25
