10 -> 25
9 -> 25
29 -> 30
23 -> 25
49 -> 50
42 -> 42
1 -> 25
17 -> 25
13 -> 25
63 -> 63
50 -> 63
20 -> 25
4 -> 25
46 -> 46
54 -> 60
34 -> 34
40 -> 42
7 -> 25
62 -> 62
55 -> 60
11 -> 25
6 -> 25
57 -> 60
25 -> 30
41 -> 42
35 -> 35
16 -> 25
43 -> 43
8 -> 25
24 -> 25
59 -> 60
44 -> 44
58 -> 60
37 -> 39
19 -> 25
45 -> 46
22 -> 25
51 -> 51
53 -> 53
14 -> 25
2 -> 25
56 -> 60
28 -> 30
0 -> 25
47 -> 47
3 -> 25
15 -> 25
31 -> 31
38 -> 39
32 -> 32
30 -> 42
36 -> 36
39 -> 42
61 -> 61
18 -> 25
26 -> 26
60 -> 63
27 -> 27
21 -> 25
12 -> 25
48 -> 50
33 -> 34
5 -> 25
52 -> 52
