134 -> 134
222 -> 222
79 -> 79
132 -> 132
133 -> 133
39 -> 39
77 -> 77
30 -> 30
342 -> 342
294 -> 294
189 -> 189
194 -> 194
24 -> 24
245 -> 245
44 -> 44
310 -> 310
122 -> 122
278 -> 278
144 -> 144
242 -> 242
28 -> 28
218 -> 218
239 -> 239
255 -> 255
297 -> 297
78 -> 78
179 -> 179
46 -> 46
183 -> 183
317 -> 317
137 -> 137
116 -> 116
151 -> 151
4 -> 4
86 -> 86
289 -> 289
295 -> 295
42 -> 42
53 -> 53
130 -> 130
165 -> 165
52 -> 52
262 -> 262
250 -> 250
115 -> 115
348 -> 348
71 -> 71
138 -> 138
156 -> 156
234 -> 234
314 -> 314
43 -> 43
135 -> 135
300 -> 300
273 -> 273
19 -> 19
236 -> 236
339 -> 339
184 -> 184
67 -> 67
187 -> 187
286 -> 286
147 -> 147
332 -> 332
281 -> 281
318 -> 318
57 -> 57
98 -> 98
141 -> 141
259 -> 259
261 -> 261
