4 -> 4
19 -> 19
24 -> 24
28 -> 28
30 -> 30
39 -> 39
42 -> 42
43 -> 43
44 -> 44
46 -> 46
52 -> 52
53 -> 53
57 -> 57
67 -> 67
71 -> 71
77 -> 77
78 -> 78
79 -> 79
86 -> 86
98 -> 98
115 -> 115
116 -> 116
122 -> 122
130 -> 130
132 -> 132
133 -> 133
134 -> 134
135 -> 135
137 -> 137
138 -> 138
141 -> 141
144 -> 144
147 -> 147
151 -> 151
156 -> 156
165 -> 165
179 -> 179
183 -> 183
184 -> 184
187 -> 187
189 -> 189
194 -> 194
218 -> 218
222 -> 222
234 -> 234
236 -> 236
239 -> 239
242 -> 242
245 -> 245
250 -> 250
255 -> 255
259 -> 259
261 -> 261
262 -> 262
273 -> 273
278 -> 278
281 -> 281
286 -> 286
289 -> 289
294 -> 294
295 -> 295
297 -> 297
300 -> 300
310 -> 310
314 -> 314
317 -> 317
318 -> 318
332 -> 332
339 -> 339
342 -> 342
348 -> 348
