57 -> 57
78 -> 78
184 -> 184
234 -> 234
77 -> 77
189 -> 189
245 -> 245
239 -> 239
259 -> 259
134 -> 134
179 -> 179
44 -> 44
135 -> 135
339 -> 339
137 -> 137
122 -> 122
130 -> 130
294 -> 294
348 -> 348
310 -> 310
133 -> 133
300 -> 300
4 -> 4
281 -> 281
28 -> 28
30 -> 30
39 -> 39
236 -> 236
255 -> 255
242 -> 242
132 -> 132
46 -> 46
317 -> 317
141 -> 141
262 -> 262
250 -> 250
183 -> 183
43 -> 43
194 -> 194
342 -> 342
42 -> 42
332 -> 332
151 -> 151
295 -> 295
79 -> 79
318 -> 318
222 -> 222
218 -> 218
297 -> 297
187 -> 187
278 -> 278
289 -> 289
19 -> 19
67 -> 67
71 -> 71
286 -> 286
147 -> 147
98 -> 98
144 -> 144
86 -> 86
314 -> 314
261 -> 261
273 -> 273
52 -> 52
138 -> 138
165 -> 165
156 -> 156
116 -> 116
24 -> 24
53 -> 53
115 -> 115
