262 -> 262
222 -> 222
342 -> 342
295 -> 295
184 -> 184
218 -> 218
242 -> 242
46 -> 46
300 -> 300
78 -> 78
318 -> 318
286 -> 286
132 -> 132
116 -> 116
179 -> 179
310 -> 310
134 -> 134
42 -> 42
30 -> 30
138 -> 138
339 -> 339
39 -> 39
133 -> 133
135 -> 135
250 -> 250
294 -> 294
259 -> 259
77 -> 77
147 -> 147
144 -> 144
165 -> 165
236 -> 236
234 -> 234
156 -> 156
189 -> 189
141 -> 141
52 -> 52
332 -> 332
19 -> 19
194 -> 194
255 -> 255
297 -> 297
4 -> 4
53 -> 53
317 -> 317
43 -> 43
278 -> 278
86 -> 86
115 -> 115
44 -> 44
245 -> 245
187 -> 187
281 -> 281
67 -> 67
314 -> 314
239 -> 239
151 -> 151
183 -> 183
28 -> 28
273 -> 273
57 -> 57
289 -> 289
98 -> 98
71 -> 71
79 -> 79
261 -> 261
24 -> 24
137 -> 137
130 -> 130
348 -> 348
122 -> 122
