71 -> 71
87 -> 87
195 -> 195
220 -> 220
77 -> 77
201 -> 201
234 -> 234
224 -> 224
247 -> 247
122 -> 122
170 -> 170
242 -> 242
115 -> 115
347 -> 347
117 -> 117
8 -> 8
79 -> 79
286 -> 286
355 -> 355
310 -> 310
4 -> 4
296 -> 296
30 -> 30
250 -> 250
183 -> 183
65 -> 65
153 -> 153
176 -> 176
208 -> 208
187 -> 187
161 -> 161
131 -> 131
317 -> 317
151 -> 151
216 -> 216
45 -> 45
68 -> 68
144 -> 144
91 -> 91
27 -> 27
145 -> 145
325 -> 325
90 -> 90
245 -> 245
235 -> 235
40 -> 40
229 -> 229
218 -> 218
241 -> 241
343 -> 343
152 -> 152
181 -> 181
156 -> 156
314 -> 314
105 -> 105
137 -> 137
252 -> 252
49 -> 49
24 -> 24
353 -> 353
202 -> 202
222 -> 222
142 -> 142
135 -> 135
336 -> 336
299 -> 299
244 -> 244
349 -> 349
304 -> 304
155 -> 155
55 -> 55
281 -> 281
116 -> 116
182 -> 182
294 -> 294
282 -> 282
180 -> 180
53 -> 53
338 -> 338
157 -> 157
169 -> 169
147 -> 147
297 -> 297
351 -> 351
196 -> 196
82 -> 82
324 -> 324
323 -> 323
133 -> 133
88 -> 88
111 -> 111
288 -> 288
95 -> 95
168 -> 168
243 -> 243
166 -> 166
26 -> 26
86 -> 86
274 -> 274
307 -> 307
172 -> 172
354 -> 354
211 -> 211
333 -> 333
44 -> 44
295 -> 295
64 -> 64
173 -> 173
186 -> 186
246 -> 246
272 -> 272
346 -> 346
62 -> 62
85 -> 85
289 -> 289
298 -> 298
270 -> 270
231 -> 231
207 -> 207
217 -> 217
165 -> 165
271 -> 271
125 -> 125
143 -> 143
104 -> 104
6 -> 6
225 -> 225
130 -> 130
5 -> 5
41 -> 41
118 -> 118
327 -> 327
92 -> 92
280 -> 280
141 -> 141
73 -> 73
107 -> 107
110 -> 110
254 -> 254
29 -> 29
301 -> 301
190 -> 190
290 -> 290
189 -> 189
278 -> 278
126 -> 126
185 -> 185
248 -> 248
287 -> 287
264 -> 264
19 -> 19
334 -> 334
321 -> 321
230 -> 230
350 -> 350
339 -> 339
54 -> 54
267 -> 267
239 -> 239
204 -> 204
265 -> 265
340 -> 340
223 -> 223
25 -> 25
259 -> 259
171 -> 171
329 -> 329
78 -> 78
42 -> 42
124 -> 124
63 -> 63
352 -> 352
262 -> 262
213 -> 213
255 -> 255
134 -> 134
66 -> 66
47 -> 47
46 -> 46
93 -> 93
162 -> 162
39 -> 39
99 -> 99
119 -> 119
106 -> 106
80 -> 80
70 -> 70
342 -> 342
154 -> 154
311 -> 311
7 -> 7
219 -> 219
67 -> 67
179 -> 179
148 -> 148
228 -> 228
198 -> 198
335 -> 335
279 -> 279
56 -> 56
318 -> 318
200 -> 200
197 -> 197
236 -> 236
261 -> 261
263 -> 263
20 -> 20
194 -> 194
28 -> 28
320 -> 320
212 -> 212
332 -> 332
206 -> 206
108 -> 108
266 -> 266
249 -> 249
94 -> 94
199 -> 199
232 -> 232
214 -> 214
48 -> 48
158 -> 158
81 -> 81
74 -> 74
21 -> 21
159 -> 159
60 -> 60
226 -> 226
210 -> 210
328 -> 328
273 -> 273
205 -> 205
253 -> 253
240 -> 240
300 -> 300
184 -> 184
31 -> 31
175 -> 175
43 -> 43
132 -> 132
12 -> 12
9 -> 9
348 -> 348
57 -> 57
123 -> 123
167 -> 167
103 -> 103
52 -> 52
98 -> 98
138 -> 138
260 -> 260
