Breakpoint Set at 17
Breakpoint Set at 43
Breakpoint Set at 30
Paused at 30
	Hit Breakpoint(s) 
	Call Stack: bottomUpTree, bottomUpTree, bottomUpTree, bottomUpTree, bottomUpTree, bottomUpTree, bottomUpTree, bottomUpTree 
Paused at 30
	Hit Breakpoint(s) 
	Call Stack: bottomUpTree, bottomUpTree, bottomUpTree, bottomUpTree, bottomUpTree, bottomUpTree, bottomUpTree, bottomUpTree 
Paused at 30
	Hit Breakpoint(s) 
	Call Stack: bottomUpTree, bottomUpTree, bottomUpTree, bottomUpTree, bottomUpTree, bottomUpTree, bottomUpTree 
Paused at 30
	Hit Breakpoint(s) 
	Call Stack: bottomUpTree, bottomUpTree, bottomUpTree, bottomUpTree, bottomUpTree, bottomUpTree, bottomUpTree, bottomUpTree 
Paused at 30
	Hit Breakpoint(s) 
	Call Stack: bottomUpTree, bottomUpTree, bottomUpTree, bottomUpTree, bottomUpTree, bottomUpTree, bottomUpTree, bottomUpTree 
Paused at 30
	Hit Breakpoint(s) 
	Call Stack: bottomUpTree, bottomUpTree, bottomUpTree, bottomUpTree, bottomUpTree, bottomUpTree, bottomUpTree 
Paused at 30
	Hit Breakpoint(s) 
	Call Stack: bottomUpTree, bottomUpTree, bottomUpTree, bottomUpTree, bottomUpTree, bottomUpTree 
Paused at 30
	Hit Breakpoint(s) 
	Call Stack: bottomUpTree, bottomUpTree, bottomUpTree, bottomUpTree, bottomUpTree, bottomUpTree, bottomUpTree, bottomUpTree 
Paused at 30
	Hit Breakpoint(s) 
	Call Stack: bottomUpTree, bottomUpTree, bottomUpTree, bottomUpTree, bottomUpTree, bottomUpTree, bottomUpTree, bottomUpTree 
Paused at 30
	Hit Breakpoint(s) 
	Call Stack: bottomUpTree, bottomUpTree, bottomUpTree, bottomUpTree, bottomUpTree, bottomUpTree, bottomUpTree 
Paused at 30
	Hit Breakpoint(s) 
	Call Stack: bottomUpTree, bottomUpTree, bottomUpTree, bottomUpTree, bottomUpTree, bottomUpTree, bottomUpTree, bottomUpTree 
Paused at 30
	Hit Breakpoint(s) 
	Call Stack: bottomUpTree, bottomUpTree, bottomUpTree, bottomUpTree, bottomUpTree, bottomUpTree, bottomUpTree, bottomUpTree 
Paused at 30
	Hit Breakpoint(s) 
	Call Stack: bottomUpTree, bottomUpTree, bottomUpTree, bottomUpTree, bottomUpTree, bottomUpTree, bottomUpTree 
Paused at 30
	Hit Breakpoint(s) 
	Call Stack: bottomUpTree, bottomUpTree, bottomUpTree, bottomUpTree, bottomUpTree, bottomUpTree 
Paused at 30
	Hit Breakpoint(s) 
	Call Stack: bottomUpTree, bottomUpTree, bottomUpTree, bottomUpTree, bottomUpTree 
Paused at 30
	Hit Breakpoint(s) 
	Call Stack: bottomUpTree, bottomUpTree, bottomUpTree, bottomUpTree, bottomUpTree, bottomUpTree, bottomUpTree, bottomUpTree 
Paused at 30
	Hit Breakpoint(s) 
	Call Stack: bottomUpTree, bottomUpTree, bottomUpTree, bottomUpTree, bottomUpTree, bottomUpTree, bottomUpTree, bottomUpTree 
Paused at 30
	Hit Breakpoint(s) 
	Call Stack: bottomUpTree, bottomUpTree, bottomUpTree, bottomUpTree, bottomUpTree, bottomUpTree, bottomUpTree 
Paused at 30
	Hit Breakpoint(s) 
	Call Stack: bottomUpTree, bottomUpTree, bottomUpTree, bottomUpTree, bottomUpTree, bottomUpTree, bottomUpTree, bottomUpTree 
Paused at 30
	Hit Breakpoint(s) 
	Call Stack: bottomUpTree, bottomUpTree, bottomUpTree, bottomUpTree, bottomUpTree, bottomUpTree, bottomUpTree, bottomUpTree 
Paused at 30
	Hit Breakpoint(s) 
	Call Stack: bottomUpTree, bottomUpTree, bottomUpTree, bottomUpTree, bottomUpTree, bottomUpTree, bottomUpTree 
Paused at 30
	Hit Breakpoint(s) 
	Call Stack: bottomUpTree, bottomUpTree, bottomUpTree, bottomUpTree, bottomUpTree, bottomUpTree 
Paused at 30
	Hit Breakpoint(s) 
	Call Stack: bottomUpTree, bottomUpTree, bottomUpTree, bottomUpTree, bottomUpTree, bottomUpTree, bottomUpTree, bottomUpTree 
Paused at 30
	Hit Breakpoint(s) 
	Call Stack: bottomUpTree, bottomUpTree, bottomUpTree, bottomUpTree, bottomUpTree, bottomUpTree, bottomUpTree, bottomUpTree 
Paused at 30
	Hit Breakpoint(s) 
	Call Stack: bottomUpTree, bottomUpTree, bottomUpTree, bottomUpTree, bottomUpTree, bottomUpTree, bottomUpTree 
Paused at 30
	Hit Breakpoint(s) 
	Call Stack: bottomUpTree, bottomUpTree, bottomUpTree, bottomUpTree, bottomUpTree, bottomUpTree, bottomUpTree, bottomUpTree 
Paused at 30
	Hit Breakpoint(s) 
	Call Stack: bottomUpTree, bottomUpTree, bottomUpTree, bottomUpTree, bottomUpTree, bottomUpTree, bottomUpTree, bottomUpTree 
Paused at 30
	Hit Breakpoint(s) 
	Call Stack: bottomUpTree, bottomUpTree, bottomUpTree, bottomUpTree, bottomUpTree, bottomUpTree, bottomUpTree 
Paused at 30
	Hit Breakpoint(s) 
	Call Stack: bottomUpTree, bottomUpTree, bottomUpTree, bottomUpTree, bottomUpTree, bottomUpTree 
Paused at 30
	Hit Breakpoint(s) 
	Call Stack: bottomUpTree, bottomUpTree, bottomUpTree, bottomUpTree, bottomUpTree 
Paused at 30
	Hit Breakpoint(s) 
	Call Stack: bottomUpTree, bottomUpTree, bottomUpTree, bottomUpTree 
Paused at 30
	Hit Breakpoint(s) 
	Call Stack: bottomUpTree, bottomUpTree, bottomUpTree, bottomUpTree, bottomUpTree, bottomUpTree, bottomUpTree, bottomUpTree 
Paused at 30
	Hit Breakpoint(s) 
	Call Stack: bottomUpTree, bottomUpTree, bottomUpTree, bottomUpTree, bottomUpTree, bottomUpTree, bottomUpTree, bottomUpTree 
Paused at 30
	Hit Breakpoint(s) 
	Call Stack: bottomUpTree, bottomUpTree, bottomUpTree, bottomUpTree, bottomUpTree, bottomUpTree, bottomUpTree 
Paused at 30
	Hit Breakpoint(s) 
	Call Stack: bottomUpTree, bottomUpTree, bottomUpTree, bottomUpTree, bottomUpTree, bottomUpTree, bottomUpTree, bottomUpTree 
Paused at 30
	Hit Breakpoint(s) 
	Call Stack: bottomUpTree, bottomUpTree, bottomUpTree, bottomUpTree, bottomUpTree, bottomUpTree, bottomUpTree, bottomUpTree 
Paused at 30
	Hit Breakpoint(s) 
	Call Stack: bottomUpTree, bottomUpTree, bottomUpTree, bottomUpTree, bottomUpTree, bottomUpTree, bottomUpTree 
Paused at 30
	Hit Breakpoint(s) 
	Call Stack: bottomUpTree, bottomUpTree, bottomUpTree, bottomUpTree, bottomUpTree, bottomUpTree 
Paused at 30
	Hit Breakpoint(s) 
	Call Stack: bottomUpTree, bottomUpTree, bottomUpTree, bottomUpTree, bottomUpTree, bottomUpTree, bottomUpTree, bottomUpTree 
Paused at 30
	Hit Breakpoint(s) 
	Call Stack: bottomUpTree, bottomUpTree, bottomUpTree, bottomUpTree, bottomUpTree, bottomUpTree, bottomUpTree, bottomUpTree 
Paused at 30
	Hit Breakpoint(s) 
	Call Stack: bottomUpTree, bottomUpTree, bottomUpTree, bottomUpTree, bottomUpTree, bottomUpTree, bottomUpTree 
Paused at 30
	Hit Breakpoint(s) 
	Call Stack: bottomUpTree, bottomUpTree, bottomUpTree, bottomUpTree, bottomUpTree, bottomUpTree, bottomUpTree, bottomUpTree 
Paused at 30
	Hit Breakpoint(s) 
	Call Stack: bottomUpTree, bottomUpTree, bottomUpTree, bottomUpTree, bottomUpTree, bottomUpTree, bottomUpTree, bottomUpTree 
Paused at 30
	Hit Breakpoint(s) 
	Call Stack: bottomUpTree, bottomUpTree, bottomUpTree, bottomUpTree, bottomUpTree, bottomUpTree, bottomUpTree 
Paused at 30
	Hit Breakpoint(s) 
	Call Stack: bottomUpTree, bottomUpTree, bottomUpTree, bottomUpTree, bottomUpTree, bottomUpTree 
Paused at 30
	Hit Breakpoint(s) 
	Call Stack: bottomUpTree, bottomUpTree, bottomUpTree, bottomUpTree, bottomUpTree 
Paused at 30
	Hit Breakpoint(s) 
	Call Stack: bottomUpTree, bottomUpTree, bottomUpTree, bottomUpTree, bottomUpTree, bottomUpTree, bottomUpTree, bottomUpTree 
Paused at 30
	Hit Breakpoint(s) 
	Call Stack: bottomUpTree, bottomUpTree, bottomUpTree, bottomUpTree, bottomUpTree, bottomUpTree, bottomUpTree, bottomUpTree 
Paused at 30
	Hit Breakpoint(s) 
	Call Stack: bottomUpTree, bottomUpTree, bottomUpTree, bottomUpTree, bottomUpTree, bottomUpTree, bottomUpTree 
Paused at 30
	Hit Breakpoint(s) 
	Call Stack: bottomUpTree, bottomUpTree, bottomUpTree, bottomUpTree, bottomUpTree, bottomUpTree, bottomUpTree, bottomUpTree 
Paused at 30
	Hit Breakpoint(s) 
	Call Stack: bottomUpTree, bottomUpTree, bottomUpTree, bottomUpTree, bottomUpTree, bottomUpTree, bottomUpTree, bottomUpTree 
Paused at 30
	Hit Breakpoint(s) 
	Call Stack: bottomUpTree, bottomUpTree, bottomUpTree, bottomUpTree, bottomUpTree, bottomUpTree, bottomUpTree 
Paused at 30
	Hit Breakpoint(s) 
	Call Stack: bottomUpTree, bottomUpTree, bottomUpTree, bottomUpTree, bottomUpTree, bottomUpTree 
Paused at 30
	Hit Breakpoint(s) 
	Call Stack: bottomUpTree, bottomUpTree, bottomUpTree, bottomUpTree, bottomUpTree, bottomUpTree, bottomUpTree, bottomUpTree 
Paused at 30
	Hit Breakpoint(s) 
	Call Stack: bottomUpTree, bottomUpTree, bottomUpTree, bottomUpTree, bottomUpTree, bottomUpTree, bottomUpTree, bottomUpTree 
Paused at 30
	Hit Breakpoint(s) 
	Call Stack: bottomUpTree, bottomUpTree, bottomUpTree, bottomUpTree, bottomUpTree, bottomUpTree, bottomUpTree 
Paused at 30
	Hit Breakpoint(s) 
	Call Stack: bottomUpTree, bottomUpTree, bottomUpTree, bottomUpTree, bottomUpTree, bottomUpTree, bottomUpTree, bottomUpTree 
Paused at 30
	Hit Breakpoint(s) 
	Call Stack: bottomUpTree, bottomUpTree, bottomUpTree, bottomUpTree, bottomUpTree, bottomUpTree, bottomUpTree, bottomUpTree 
Paused at 30
	Hit Breakpoint(s) 
	Call Stack: bottomUpTree, bottomUpTree, bottomUpTree, bottomUpTree, bottomUpTree, bottomUpTree, bottomUpTree 
Paused at 30
	Hit Breakpoint(s) 
	Call Stack: bottomUpTree, bottomUpTree, bottomUpTree, bottomUpTree, bottomUpTree, bottomUpTree 
Paused at 30
	Hit Breakpoint(s) 
	Call Stack: bottomUpTree, bottomUpTree, bottomUpTree, bottomUpTree, bottomUpTree 
Paused at 30
	Hit Breakpoint(s) 
	Call Stack: bottomUpTree, bottomUpTree, bottomUpTree, bottomUpTree 
Paused at 30
	Hit Breakpoint(s) 
	Call Stack: bottomUpTree, bottomUpTree, bottomUpTree 
Paused at 30
	Hit Breakpoint(s) 
	Call Stack: bottomUpTree, bottomUpTree, bottomUpTree, bottomUpTree, bottomUpTree, bottomUpTree, bottomUpTree, bottomUpTree 
Paused at 30
	Hit Breakpoint(s) 
	Call Stack: bottomUpTree, bottomUpTree, bottomUpTree, bottomUpTree, bottomUpTree, bottomUpTree, bottomUpTree, bottomUpTree 
Paused at 30
	Hit Breakpoint(s) 
	Call Stack: bottomUpTree, bottomUpTree, bottomUpTree, bottomUpTree, bottomUpTree, bottomUpTree, bottomUpTree 
Paused at 30
	Hit Breakpoint(s) 
	Call Stack: bottomUpTree, bottomUpTree, bottomUpTree, bottomUpTree, bottomUpTree, bottomUpTree, bottomUpTree, bottomUpTree 
Paused at 30
	Hit Breakpoint(s) 
	Call Stack: bottomUpTree, bottomUpTree, bottomUpTree, bottomUpTree, bottomUpTree, bottomUpTree, bottomUpTree, bottomUpTree 
Paused at 30
	Hit Breakpoint(s) 
	Call Stack: bottomUpTree, bottomUpTree, bottomUpTree, bottomUpTree, bottomUpTree, bottomUpTree, bottomUpTree 
Paused at 30
	Hit Breakpoint(s) 
	Call Stack: bottomUpTree, bottomUpTree, bottomUpTree, bottomUpTree, bottomUpTree, bottomUpTree 
Paused at 30
	Hit Breakpoint(s) 
	Call Stack: bottomUpTree, bottomUpTree, bottomUpTree, bottomUpTree, bottomUpTree, bottomUpTree, bottomUpTree, bottomUpTree 
Paused at 30
	Hit Breakpoint(s) 
	Call Stack: bottomUpTree, bottomUpTree, bottomUpTree, bottomUpTree, bottomUpTree, bottomUpTree, bottomUpTree, bottomUpTree 
Paused at 30
	Hit Breakpoint(s) 
	Call Stack: bottomUpTree, bottomUpTree, bottomUpTree, bottomUpTree, bottomUpTree, bottomUpTree, bottomUpTree 
Paused at 30
	Hit Breakpoint(s) 
	Call Stack: bottomUpTree, bottomUpTree, bottomUpTree, bottomUpTree, bottomUpTree, bottomUpTree, bottomUpTree, bottomUpTree 
Paused at 30
	Hit Breakpoint(s) 
	Call Stack: bottomUpTree, bottomUpTree, bottomUpTree, bottomUpTree, bottomUpTree, bottomUpTree, bottomUpTree, bottomUpTree 
Paused at 30
	Hit Breakpoint(s) 
	Call Stack: bottomUpTree, bottomUpTree, bottomUpTree, bottomUpTree, bottomUpTree, bottomUpTree, bottomUpTree 
Paused at 30
	Hit Breakpoint(s) 
	Call Stack: bottomUpTree, bottomUpTree, bottomUpTree, bottomUpTree, bottomUpTree, bottomUpTree 
Paused at 30
	Hit Breakpoint(s) 
	Call Stack: bottomUpTree, bottomUpTree, bottomUpTree, bottomUpTree, bottomUpTree 
Paused at 30
	Hit Breakpoint(s) 
	Call Stack: bottomUpTree, bottomUpTree, bottomUpTree, bottomUpTree, bottomUpTree, bottomUpTree, bottomUpTree, bottomUpTree 
Paused at 30
	Hit Breakpoint(s) 
	Call Stack: bottomUpTree, bottomUpTree, bottomUpTree, bottomUpTree, bottomUpTree, bottomUpTree, bottomUpTree, bottomUpTree 
Paused at 30
	Hit Breakpoint(s) 
	Call Stack: bottomUpTree, bottomUpTree, bottomUpTree, bottomUpTree, bottomUpTree, bottomUpTree, bottomUpTree 
Paused at 30
	Hit Breakpoint(s) 
	Call Stack: bottomUpTree, bottomUpTree, bottomUpTree, bottomUpTree, bottomUpTree, bottomUpTree, bottomUpTree, bottomUpTree 
Paused at 30
	Hit Breakpoint(s) 
	Call Stack: bottomUpTree, bottomUpTree, bottomUpTree, bottomUpTree, bottomUpTree, bottomUpTree, bottomUpTree, bottomUpTree 
Paused at 30
	Hit Breakpoint(s) 
	Call Stack: bottomUpTree, bottomUpTree, bottomUpTree, bottomUpTree, bottomUpTree, bottomUpTree, bottomUpTree 
Paused at 30
	Hit Breakpoint(s) 
	Call Stack: bottomUpTree, bottomUpTree, bottomUpTree, bottomUpTree, bottomUpTree, bottomUpTree 
Paused at 30
	Hit Breakpoint(s) 
	Call Stack: bottomUpTree, bottomUpTree, bottomUpTree, bottomUpTree, bottomUpTree, bottomUpTree, bottomUpTree, bottomUpTree 
Paused at 30
	Hit Breakpoint(s) 
	Call Stack: bottomUpTree, bottomUpTree, bottomUpTree, bottomUpTree, bottomUpTree, bottomUpTree, bottomUpTree, bottomUpTree 
Paused at 30
	Hit Breakpoint(s) 
	Call Stack: bottomUpTree, bottomUpTree, bottomUpTree, bottomUpTree, bottomUpTree, bottomUpTree, bottomUpTree 
Paused at 30
	Hit Breakpoint(s) 
	Call Stack: bottomUpTree, bottomUpTree, bottomUpTree, bottomUpTree, bottomUpTree, bottomUpTree, bottomUpTree, bottomUpTree 
Paused at 30
	Hit Breakpoint(s) 
	Call Stack: bottomUpTree, bottomUpTree, bottomUpTree, bottomUpTree, bottomUpTree, bottomUpTree, bottomUpTree, bottomUpTree 
Paused at 30
	Hit Breakpoint(s) 
	Call Stack: bottomUpTree, bottomUpTree, bottomUpTree, bottomUpTree, bottomUpTree, bottomUpTree, bottomUpTree 
Paused at 30
	Hit Breakpoint(s) 
	Call Stack: bottomUpTree, bottomUpTree, bottomUpTree, bottomUpTree, bottomUpTree, bottomUpTree 
Paused at 30
	Hit Breakpoint(s) 
	Call Stack: bottomUpTree, bottomUpTree, bottomUpTree, bottomUpTree, bottomUpTree 
Paused at 30
	Hit Breakpoint(s) 
	Call Stack: bottomUpTree, bottomUpTree, bottomUpTree, bottomUpTree 
Paused at 30
	Hit Breakpoint(s) 
	Call Stack: bottomUpTree, bottomUpTree, bottomUpTree, bottomUpTree, bottomUpTree, bottomUpTree, bottomUpTree, bottomUpTree 
Paused at 30
	Hit Breakpoint(s) 
	Call Stack: bottomUpTree, bottomUpTree, bottomUpTree, bottomUpTree, bottomUpTree, bottomUpTree, bottomUpTree, bottomUpTree 
Paused at 30
	Hit Breakpoint(s) 
	Call Stack: bottomUpTree, bottomUpTree, bottomUpTree, bottomUpTree, bottomUpTree, bottomUpTree, bottomUpTree 
Paused at 30
	Hit Breakpoint(s) 
	Call Stack: bottomUpTree, bottomUpTree, bottomUpTree, bottomUpTree, bottomUpTree, bottomUpTree, bottomUpTree, bottomUpTree 
Paused at 30
	Hit Breakpoint(s) 
	Call Stack: bottomUpTree, bottomUpTree, bottomUpTree, bottomUpTree, bottomUpTree, bottomUpTree, bottomUpTree, bottomUpTree 
Paused at 30
	Hit Breakpoint(s) 
	Call Stack: bottomUpTree, bottomUpTree, bottomUpTree, bottomUpTree, bottomUpTree, bottomUpTree, bottomUpTree 
Paused at 30
	Hit Breakpoint(s) 
	Call Stack: bottomUpTree, bottomUpTree, bottomUpTree, bottomUpTree, bottomUpTree, bottomUpTree 
