Breakpoint Set at 117
Breakpoint Set at 333
Breakpoint Set at 308
Breakpoint Set at 201
Breakpoint Set at 360
Breakpoint Set at 349
Breakpoint Set at 160
Breakpoint Set at 374
Breakpoint Set at 144
Breakpoint Set at 393
Breakpoint Set at 116
Breakpoint Set at 174
Breakpoint Set at 348
Breakpoint Set at 195
Breakpoint Set at 399
Breakpoint Set at 423
Breakpoint Set at 403
Breakpoint Set at 368
Breakpoint Set at 376
Breakpoint Set at 104
Breakpoint Set at 135
Breakpoint Set at 380
Breakpoint Set at 200
Breakpoint Set at 181
Breakpoint Set at 367
Paused at 174
	Hit Breakpoint(s) 
	Call Stack: KeyExpansion, AESEncryptCtr 
Paused at 174
	Hit Breakpoint(s) 
	Call Stack: KeyExpansion, AESEncryptCtr 
Paused at 174
	Hit Breakpoint(s) 
	Call Stack: KeyExpansion, AESEncryptCtr 
Paused at 174
	Hit Breakpoint(s) 
	Call Stack: KeyExpansion, AESEncryptCtr 
Paused at 174
	Hit Breakpoint(s) 
	Call Stack: KeyExpansion, AESEncryptCtr 
Paused at 174
	Hit Breakpoint(s) 
	Call Stack: KeyExpansion, AESEncryptCtr 
Paused at 174
	Hit Breakpoint(s) 
	Call Stack: KeyExpansion, AESEncryptCtr 
Paused at 174
	Hit Breakpoint(s) 
	Call Stack: KeyExpansion, AESEncryptCtr 
Paused at 181
	Hit Breakpoint(s) 
	Call Stack: KeyExpansion, AESEncryptCtr 
Paused at 200
	Hit Breakpoint(s) 
	Call Stack: RotWord, KeyExpansion, AESEncryptCtr 
Paused at 201
	Hit Breakpoint(s) 
	Call Stack: RotWord, KeyExpansion, AESEncryptCtr 
Paused at 195
	Hit Breakpoint(s) 
	Call Stack: SubWord, KeyExpansion, AESEncryptCtr 
Paused at 195
	Hit Breakpoint(s) 
	Call Stack: SubWord, KeyExpansion, AESEncryptCtr 
Paused at 181
	Hit Breakpoint(s) 
	Call Stack: KeyExpansion, AESEncryptCtr 
Paused at 200
	Hit Breakpoint(s) 
	Call Stack: RotWord, KeyExpansion, AESEncryptCtr 
Paused at 201
	Hit Breakpoint(s) 
	Call Stack: RotWord, KeyExpansion, AESEncryptCtr 
Paused at 195
	Hit Breakpoint(s) 
	Call Stack: SubWord, KeyExpansion, AESEncryptCtr 
Paused at 195
	Hit Breakpoint(s) 
	Call Stack: SubWord, KeyExpansion, AESEncryptCtr 
Paused at 181
	Hit Breakpoint(s) 
	Call Stack: KeyExpansion, AESEncryptCtr 
Paused at 200
	Hit Breakpoint(s) 
	Call Stack: RotWord, KeyExpansion, AESEncryptCtr 
Paused at 201
	Hit Breakpoint(s) 
	Call Stack: RotWord, KeyExpansion, AESEncryptCtr 
Paused at 195
	Hit Breakpoint(s) 
	Call Stack: SubWord, KeyExpansion, AESEncryptCtr 
Paused at 195
	Hit Breakpoint(s) 
	Call Stack: SubWord, KeyExpansion, AESEncryptCtr 
Paused at 181
	Hit Breakpoint(s) 
	Call Stack: KeyExpansion, AESEncryptCtr 
Paused at 200
	Hit Breakpoint(s) 
	Call Stack: RotWord, KeyExpansion, AESEncryptCtr 
Paused at 201
	Hit Breakpoint(s) 
	Call Stack: RotWord, KeyExpansion, AESEncryptCtr 
Paused at 195
	Hit Breakpoint(s) 
	Call Stack: SubWord, KeyExpansion, AESEncryptCtr 
Paused at 195
	Hit Breakpoint(s) 
	Call Stack: SubWord, KeyExpansion, AESEncryptCtr 
Paused at 181
	Hit Breakpoint(s) 
	Call Stack: KeyExpansion, AESEncryptCtr 
Paused at 200
	Hit Breakpoint(s) 
	Call Stack: RotWord, KeyExpansion, AESEncryptCtr 
Paused at 201
	Hit Breakpoint(s) 
	Call Stack: RotWord, KeyExpansion, AESEncryptCtr 
Paused at 195
	Hit Breakpoint(s) 
	Call Stack: SubWord, KeyExpansion, AESEncryptCtr 
Paused at 195
	Hit Breakpoint(s) 
	Call Stack: SubWord, KeyExpansion, AESEncryptCtr 
Paused at 181
	Hit Breakpoint(s) 
	Call Stack: KeyExpansion, AESEncryptCtr 
Paused at 200
	Hit Breakpoint(s) 
	Call Stack: RotWord, KeyExpansion, AESEncryptCtr 
Paused at 201
	Hit Breakpoint(s) 
	Call Stack: RotWord, KeyExpansion, AESEncryptCtr 
Paused at 195
	Hit Breakpoint(s) 
	Call Stack: SubWord, KeyExpansion, AESEncryptCtr 
Paused at 195
	Hit Breakpoint(s) 
	Call Stack: SubWord, KeyExpansion, AESEncryptCtr 
Paused at 181
	Hit Breakpoint(s) 
	Call Stack: KeyExpansion, AESEncryptCtr 
Paused at 200
	Hit Breakpoint(s) 
	Call Stack: RotWord, KeyExpansion, AESEncryptCtr 
Paused at 201
	Hit Breakpoint(s) 
	Call Stack: RotWord, KeyExpansion, AESEncryptCtr 
Paused at 195
	Hit Breakpoint(s) 
	Call Stack: SubWord, KeyExpansion, AESEncryptCtr 
Paused at 160
	Hit Breakpoint(s) 
	Call Stack: AddRoundKey, Cipher, AESEncryptCtr 
Paused at 104
	Hit Breakpoint(s) 
	Call Stack: Cipher, AESEncryptCtr 
Paused at 135
	Hit Breakpoint(s) 
	Call Stack: ShiftRows, Cipher, AESEncryptCtr 
Paused at 144
	Hit Breakpoint(s) 
	Call Stack: MixColumns, Cipher, AESEncryptCtr 
Paused at 144
	Hit Breakpoint(s) 
	Call Stack: MixColumns, Cipher, AESEncryptCtr 
Paused at 144
	Hit Breakpoint(s) 
	Call Stack: MixColumns, Cipher, AESEncryptCtr 
Paused at 144
	Hit Breakpoint(s) 
	Call Stack: MixColumns, Cipher, AESEncryptCtr 
Paused at 144
	Hit Breakpoint(s) 
	Call Stack: MixColumns, Cipher, AESEncryptCtr 
Paused at 144
	Hit Breakpoint(s) 
	Call Stack: MixColumns, Cipher, AESEncryptCtr 
Paused at 144
	Hit Breakpoint(s) 
	Call Stack: MixColumns, Cipher, AESEncryptCtr 
Paused at 144
	Hit Breakpoint(s) 
	Call Stack: MixColumns, Cipher, AESEncryptCtr 
Paused at 144
	Hit Breakpoint(s) 
	Call Stack: MixColumns, Cipher, AESEncryptCtr 
Paused at 144
	Hit Breakpoint(s) 
	Call Stack: MixColumns, Cipher, AESEncryptCtr 
Paused at 144
	Hit Breakpoint(s) 
	Call Stack: MixColumns, Cipher, AESEncryptCtr 
Paused at 144
	Hit Breakpoint(s) 
	Call Stack: MixColumns, Cipher, AESEncryptCtr 
Paused at 144
	Hit Breakpoint(s) 
	Call Stack: MixColumns, Cipher, AESEncryptCtr 
Paused at 144
	Hit Breakpoint(s) 
	Call Stack: MixColumns, Cipher, AESEncryptCtr 
Paused at 144
	Hit Breakpoint(s) 
	Call Stack: MixColumns, Cipher, AESEncryptCtr 
Paused at 144
	Hit Breakpoint(s) 
	Call Stack: MixColumns, Cipher, AESEncryptCtr 
Paused at 160
	Hit Breakpoint(s) 
	Call Stack: AddRoundKey, Cipher, AESEncryptCtr 
Paused at 104
	Hit Breakpoint(s) 
	Call Stack: Cipher, AESEncryptCtr 
Paused at 135
	Hit Breakpoint(s) 
	Call Stack: ShiftRows, Cipher, AESEncryptCtr 
Paused at 144
	Hit Breakpoint(s) 
	Call Stack: MixColumns, Cipher, AESEncryptCtr 
Paused at 144
	Hit Breakpoint(s) 
	Call Stack: MixColumns, Cipher, AESEncryptCtr 
Paused at 144
	Hit Breakpoint(s) 
	Call Stack: MixColumns, Cipher, AESEncryptCtr 
Paused at 144
	Hit Breakpoint(s) 
	Call Stack: MixColumns, Cipher, AESEncryptCtr 
Paused at 144
	Hit Breakpoint(s) 
	Call Stack: MixColumns, Cipher, AESEncryptCtr 
Paused at 144
	Hit Breakpoint(s) 
	Call Stack: MixColumns, Cipher, AESEncryptCtr 
Paused at 144
	Hit Breakpoint(s) 
	Call Stack: MixColumns, Cipher, AESEncryptCtr 
Paused at 144
	Hit Breakpoint(s) 
	Call Stack: MixColumns, Cipher, AESEncryptCtr 
Paused at 144
	Hit Breakpoint(s) 
	Call Stack: MixColumns, Cipher, AESEncryptCtr 
Paused at 144
	Hit Breakpoint(s) 
	Call Stack: MixColumns, Cipher, AESEncryptCtr 
Paused at 144
	Hit Breakpoint(s) 
	Call Stack: MixColumns, Cipher, AESEncryptCtr 
Paused at 144
	Hit Breakpoint(s) 
	Call Stack: MixColumns, Cipher, AESEncryptCtr 
Paused at 144
	Hit Breakpoint(s) 
	Call Stack: MixColumns, Cipher, AESEncryptCtr 
Paused at 144
	Hit Breakpoint(s) 
	Call Stack: MixColumns, Cipher, AESEncryptCtr 
Paused at 144
	Hit Breakpoint(s) 
	Call Stack: MixColumns, Cipher, AESEncryptCtr 
Paused at 144
	Hit Breakpoint(s) 
	Call Stack: MixColumns, Cipher, AESEncryptCtr 
Paused at 160
	Hit Breakpoint(s) 
	Call Stack: AddRoundKey, Cipher, AESEncryptCtr 
Paused at 104
	Hit Breakpoint(s) 
	Call Stack: Cipher, AESEncryptCtr 
Paused at 135
	Hit Breakpoint(s) 
	Call Stack: ShiftRows, Cipher, AESEncryptCtr 
Paused at 144
	Hit Breakpoint(s) 
	Call Stack: MixColumns, Cipher, AESEncryptCtr 
Paused at 144
	Hit Breakpoint(s) 
	Call Stack: MixColumns, Cipher, AESEncryptCtr 
Paused at 144
	Hit Breakpoint(s) 
	Call Stack: MixColumns, Cipher, AESEncryptCtr 
Paused at 144
	Hit Breakpoint(s) 
	Call Stack: MixColumns, Cipher, AESEncryptCtr 
Paused at 144
	Hit Breakpoint(s) 
	Call Stack: MixColumns, Cipher, AESEncryptCtr 
Paused at 144
	Hit Breakpoint(s) 
	Call Stack: MixColumns, Cipher, AESEncryptCtr 
Paused at 144
	Hit Breakpoint(s) 
	Call Stack: MixColumns, Cipher, AESEncryptCtr 
Paused at 144
	Hit Breakpoint(s) 
	Call Stack: MixColumns, Cipher, AESEncryptCtr 
Paused at 144
	Hit Breakpoint(s) 
	Call Stack: MixColumns, Cipher, AESEncryptCtr 
Paused at 144
	Hit Breakpoint(s) 
	Call Stack: MixColumns, Cipher, AESEncryptCtr 
Paused at 144
	Hit Breakpoint(s) 
	Call Stack: MixColumns, Cipher, AESEncryptCtr 
Paused at 144
	Hit Breakpoint(s) 
	Call Stack: MixColumns, Cipher, AESEncryptCtr 
Paused at 144
	Hit Breakpoint(s) 
	Call Stack: MixColumns, Cipher, AESEncryptCtr 
Paused at 144
	Hit Breakpoint(s) 
	Call Stack: MixColumns, Cipher, AESEncryptCtr 
Paused at 144
	Hit Breakpoint(s) 
	Call Stack: MixColumns, Cipher, AESEncryptCtr 
Paused at 144
	Hit Breakpoint(s) 
	Call Stack: MixColumns, Cipher, AESEncryptCtr 
Paused at 160
	Hit Breakpoint(s) 
	Call Stack: AddRoundKey, Cipher, AESEncryptCtr 
Paused at 104
	Hit Breakpoint(s) 
	Call Stack: Cipher, AESEncryptCtr 
