Breakpoint Set at 57
Breakpoint Set at 178
Breakpoint Set at 110
Breakpoint Set at 282
Breakpoint Set at 92
Breakpoint Set at 146
Breakpoint Set at 95
Breakpoint Set at 102
Breakpoint Set at 159
Breakpoint Set at 156
Breakpoint Set at 109
Breakpoint Set at 126
Breakpoint Set at 237
Breakpoint Set at 113
Breakpoint Set at 200
Breakpoint Set at 124
Breakpoint Set at 144
Breakpoint Set at 134
Breakpoint Set at 132
Breakpoint Set at 205
Breakpoint Set at 103
Breakpoint Set at 248
Paused at 237
	Hit Breakpoint(s) 
	Call Stack: str2binl, hex_md5 
Paused at 92
	Hit Breakpoint(s) 
	Call Stack: core_md5, hex_md5 
Paused at 95
	Hit Breakpoint(s) 
	Call Stack: core_md5, hex_md5 
Paused at 102
	Hit Breakpoint(s) 
	Call Stack: core_md5, hex_md5 
Paused at 103
	Hit Breakpoint(s) 
	Call Stack: core_md5, hex_md5 
Paused at 178
	Hit Breakpoint(s) 
	Call Stack: md5_gg, core_md5, hex_md5 
Paused at 178
	Hit Breakpoint(s) 
	Call Stack: md5_gg, core_md5, hex_md5 
Paused at 178
	Hit Breakpoint(s) 
	Call Stack: md5_gg, core_md5, hex_md5 
Paused at 178
	Hit Breakpoint(s) 
	Call Stack: md5_gg, core_md5, hex_md5 
Paused at 109
	Hit Breakpoint(s) 
	Call Stack: core_md5, hex_md5 
Paused at 178
	Hit Breakpoint(s) 
	Call Stack: md5_gg, core_md5, hex_md5 
Paused at 110
	Hit Breakpoint(s) 
	Call Stack: core_md5, hex_md5 
Paused at 178
	Hit Breakpoint(s) 
	Call Stack: md5_gg, core_md5, hex_md5 
Paused at 178
	Hit Breakpoint(s) 
	Call Stack: md5_gg, core_md5, hex_md5 
Paused at 178
	Hit Breakpoint(s) 
	Call Stack: md5_gg, core_md5, hex_md5 
Paused at 113
	Hit Breakpoint(s) 
	Call Stack: core_md5, hex_md5 
Paused at 178
	Hit Breakpoint(s) 
	Call Stack: md5_gg, core_md5, hex_md5 
Paused at 178
	Hit Breakpoint(s) 
	Call Stack: md5_gg, core_md5, hex_md5 
Paused at 178
	Hit Breakpoint(s) 
	Call Stack: md5_gg, core_md5, hex_md5 
Paused at 178
	Hit Breakpoint(s) 
	Call Stack: md5_gg, core_md5, hex_md5 
Paused at 178
	Hit Breakpoint(s) 
	Call Stack: md5_gg, core_md5, hex_md5 
Paused at 178
	Hit Breakpoint(s) 
	Call Stack: md5_gg, core_md5, hex_md5 
Paused at 178
	Hit Breakpoint(s) 
	Call Stack: md5_gg, core_md5, hex_md5 
Paused at 178
	Hit Breakpoint(s) 
	Call Stack: md5_gg, core_md5, hex_md5 
Paused at 124
	Hit Breakpoint(s) 
	Call Stack: core_md5, hex_md5 
Paused at 126
	Hit Breakpoint(s) 
	Call Stack: core_md5, hex_md5 
Paused at 132
	Hit Breakpoint(s) 
	Call Stack: core_md5, hex_md5 
Paused at 134
	Hit Breakpoint(s) 
	Call Stack: core_md5, hex_md5 
Paused at 144
	Hit Breakpoint(s) 
	Call Stack: core_md5, hex_md5 
Paused at 146
	Hit Breakpoint(s) 
	Call Stack: core_md5, hex_md5 
Paused at 156
	Hit Breakpoint(s) 
	Call Stack: core_md5, hex_md5 
Paused at 159
	Hit Breakpoint(s) 
	Call Stack: core_md5, hex_md5 
Paused at 92
	Hit Breakpoint(s) 
	Call Stack: core_md5, hex_md5 
Paused at 95
	Hit Breakpoint(s) 
	Call Stack: core_md5, hex_md5 
Paused at 102
	Hit Breakpoint(s) 
	Call Stack: core_md5, hex_md5 
Paused at 103
	Hit Breakpoint(s) 
	Call Stack: core_md5, hex_md5 
Paused at 178
	Hit Breakpoint(s) 
	Call Stack: md5_gg, core_md5, hex_md5 
Paused at 178
	Hit Breakpoint(s) 
	Call Stack: md5_gg, core_md5, hex_md5 
Paused at 178
	Hit Breakpoint(s) 
	Call Stack: md5_gg, core_md5, hex_md5 
Paused at 178
	Hit Breakpoint(s) 
	Call Stack: md5_gg, core_md5, hex_md5 
Paused at 109
	Hit Breakpoint(s) 
	Call Stack: core_md5, hex_md5 
Paused at 178
	Hit Breakpoint(s) 
	Call Stack: md5_gg, core_md5, hex_md5 
Paused at 110
	Hit Breakpoint(s) 
	Call Stack: core_md5, hex_md5 
Paused at 178
	Hit Breakpoint(s) 
	Call Stack: md5_gg, core_md5, hex_md5 
Paused at 178
	Hit Breakpoint(s) 
	Call Stack: md5_gg, core_md5, hex_md5 
Paused at 178
	Hit Breakpoint(s) 
	Call Stack: md5_gg, core_md5, hex_md5 
Paused at 113
	Hit Breakpoint(s) 
	Call Stack: core_md5, hex_md5 
Paused at 178
	Hit Breakpoint(s) 
	Call Stack: md5_gg, core_md5, hex_md5 
Paused at 178
	Hit Breakpoint(s) 
	Call Stack: md5_gg, core_md5, hex_md5 
Paused at 178
	Hit Breakpoint(s) 
	Call Stack: md5_gg, core_md5, hex_md5 
Paused at 178
	Hit Breakpoint(s) 
	Call Stack: md5_gg, core_md5, hex_md5 
Paused at 178
	Hit Breakpoint(s) 
	Call Stack: md5_gg, core_md5, hex_md5 
Paused at 178
	Hit Breakpoint(s) 
	Call Stack: md5_gg, core_md5, hex_md5 
Paused at 178
	Hit Breakpoint(s) 
	Call Stack: md5_gg, core_md5, hex_md5 
Paused at 178
	Hit Breakpoint(s) 
	Call Stack: md5_gg, core_md5, hex_md5 
Paused at 124
	Hit Breakpoint(s) 
	Call Stack: core_md5, hex_md5 
Paused at 126
	Hit Breakpoint(s) 
	Call Stack: core_md5, hex_md5 
Paused at 132
	Hit Breakpoint(s) 
	Call Stack: core_md5, hex_md5 
Paused at 134
	Hit Breakpoint(s) 
	Call Stack: core_md5, hex_md5 
Paused at 144
	Hit Breakpoint(s) 
	Call Stack: core_md5, hex_md5 
Paused at 146
	Hit Breakpoint(s) 
	Call Stack: core_md5, hex_md5 
Paused at 156
	Hit Breakpoint(s) 
	Call Stack: core_md5, hex_md5 
Paused at 159
	Hit Breakpoint(s) 
	Call Stack: core_md5, hex_md5 
Paused at 92
	Hit Breakpoint(s) 
	Call Stack: core_md5, hex_md5 
Paused at 95
	Hit Breakpoint(s) 
	Call Stack: core_md5, hex_md5 
Paused at 102
	Hit Breakpoint(s) 
	Call Stack: core_md5, hex_md5 
Paused at 103
	Hit Breakpoint(s) 
	Call Stack: core_md5, hex_md5 
Paused at 178
	Hit Breakpoint(s) 
	Call Stack: md5_gg, core_md5, hex_md5 
Paused at 178
	Hit Breakpoint(s) 
	Call Stack: md5_gg, core_md5, hex_md5 
Paused at 178
	Hit Breakpoint(s) 
	Call Stack: md5_gg, core_md5, hex_md5 
Paused at 178
	Hit Breakpoint(s) 
	Call Stack: md5_gg, core_md5, hex_md5 
Paused at 109
	Hit Breakpoint(s) 
	Call Stack: core_md5, hex_md5 
Paused at 178
	Hit Breakpoint(s) 
	Call Stack: md5_gg, core_md5, hex_md5 
Paused at 110
	Hit Breakpoint(s) 
	Call Stack: core_md5, hex_md5 
Paused at 178
	Hit Breakpoint(s) 
	Call Stack: md5_gg, core_md5, hex_md5 
Paused at 178
	Hit Breakpoint(s) 
	Call Stack: md5_gg, core_md5, hex_md5 
Paused at 178
	Hit Breakpoint(s) 
	Call Stack: md5_gg, core_md5, hex_md5 
Paused at 113
	Hit Breakpoint(s) 
	Call Stack: core_md5, hex_md5 
Paused at 178
	Hit Breakpoint(s) 
	Call Stack: md5_gg, core_md5, hex_md5 
Paused at 178
	Hit Breakpoint(s) 
	Call Stack: md5_gg, core_md5, hex_md5 
Paused at 178
	Hit Breakpoint(s) 
	Call Stack: md5_gg, core_md5, hex_md5 
Paused at 178
	Hit Breakpoint(s) 
	Call Stack: md5_gg, core_md5, hex_md5 
Paused at 178
	Hit Breakpoint(s) 
	Call Stack: md5_gg, core_md5, hex_md5 
Paused at 178
	Hit Breakpoint(s) 
	Call Stack: md5_gg, core_md5, hex_md5 
Paused at 178
	Hit Breakpoint(s) 
	Call Stack: md5_gg, core_md5, hex_md5 
Paused at 178
	Hit Breakpoint(s) 
	Call Stack: md5_gg, core_md5, hex_md5 
Paused at 124
	Hit Breakpoint(s) 
	Call Stack: core_md5, hex_md5 
Paused at 126
	Hit Breakpoint(s) 
	Call Stack: core_md5, hex_md5 
Paused at 132
	Hit Breakpoint(s) 
	Call Stack: core_md5, hex_md5 
Paused at 134
	Hit Breakpoint(s) 
	Call Stack: core_md5, hex_md5 
Paused at 144
	Hit Breakpoint(s) 
	Call Stack: core_md5, hex_md5 
Paused at 146
	Hit Breakpoint(s) 
	Call Stack: core_md5, hex_md5 
Paused at 156
	Hit Breakpoint(s) 
	Call Stack: core_md5, hex_md5 
Paused at 159
	Hit Breakpoint(s) 
	Call Stack: core_md5, hex_md5 
Paused at 92
	Hit Breakpoint(s) 
	Call Stack: core_md5, hex_md5 
Paused at 95
	Hit Breakpoint(s) 
	Call Stack: core_md5, hex_md5 
Paused at 102
	Hit Breakpoint(s) 
	Call Stack: core_md5, hex_md5 
Paused at 103
	Hit Breakpoint(s) 
	Call Stack: core_md5, hex_md5 
Paused at 178
	Hit Breakpoint(s) 
	Call Stack: md5_gg, core_md5, hex_md5 
Paused at 178
	Hit Breakpoint(s) 
	Call Stack: md5_gg, core_md5, hex_md5 
Paused at 178
	Hit Breakpoint(s) 
	Call Stack: md5_gg, core_md5, hex_md5 
