Breakpoint Set at 154
Breakpoint Set at 197
Breakpoint Set at 279
Breakpoint Set at 294
Breakpoint Set at 256
Breakpoint Set at 61
Breakpoint Set at 184
Breakpoint Set at 266
Breakpoint Set at 133
Breakpoint Set at 131
Breakpoint Set at 229
Breakpoint Set at 252
Breakpoint Set at 95
Breakpoint Set at 164
Breakpoint Set at 286
Breakpoint Set at 225
Breakpoint Set at 93
Breakpoint Set at 269
Breakpoint Set at 262
Breakpoint Set at 67
Breakpoint Set at 172
Breakpoint Set at 90
Breakpoint Set at 203
Breakpoint Set at 228
Paused at 294
	Hit Breakpoint(s) 
	Call Stack:  
Paused at 266
	Hit Breakpoint(s) 
	Call Stack: Date.formatDate 
Paused at 279
	Hit Breakpoint(s) 
	Call Stack: Date.formatDate 
Paused at 252
	Hit Breakpoint(s) 
	Call Stack: Y, Date.formatDate 
Paused at 279
	Hit Breakpoint(s) 
	Call Stack: Date.formatDate 
Paused at 279
	Hit Breakpoint(s) 
	Call Stack: Date.formatDate 
Paused at 279
	Hit Breakpoint(s) 
	Call Stack: Date.formatDate 
Paused at 279
	Hit Breakpoint(s) 
	Call Stack: Date.formatDate 
Paused at 286
	Hit Breakpoint(s) 
	Call Stack: Date.formatDate 
Paused at 266
	Hit Breakpoint(s) 
	Call Stack: Date.formatDate 
Paused at 279
	Hit Breakpoint(s) 
	Call Stack: Date.formatDate 
Paused at 279
	Hit Breakpoint(s) 
	Call Stack: Date.formatDate 
Paused at 279
	Hit Breakpoint(s) 
	Call Stack: Date.formatDate 
Paused at 279
	Hit Breakpoint(s) 
	Call Stack: Date.formatDate 
Paused at 279
	Hit Breakpoint(s) 
	Call Stack: Date.formatDate 
Paused at 279
	Hit Breakpoint(s) 
	Call Stack: Date.formatDate 
Paused at 279
	Hit Breakpoint(s) 
	Call Stack: Date.formatDate 
Paused at 279
	Hit Breakpoint(s) 
	Call Stack: Date.formatDate 
Paused at 279
	Hit Breakpoint(s) 
	Call Stack: Date.formatDate 
Paused at 252
	Hit Breakpoint(s) 
	Call Stack: Y, Date.formatDate 
Paused at 279
	Hit Breakpoint(s) 
	Call Stack: Date.formatDate 
Paused at 279
	Hit Breakpoint(s) 
	Call Stack: Date.formatDate 
Paused at 279
	Hit Breakpoint(s) 
	Call Stack: Date.formatDate 
Paused at 279
	Hit Breakpoint(s) 
	Call Stack: Date.formatDate 
Paused at 279
	Hit Breakpoint(s) 
	Call Stack: Date.formatDate 
Paused at 279
	Hit Breakpoint(s) 
	Call Stack: Date.formatDate 
Paused at 172
	Hit Breakpoint(s) 
	Call Stack: s, Date.formatDate 
Paused at 279
	Hit Breakpoint(s) 
	Call Stack: Date.formatDate 
Paused at 279
	Hit Breakpoint(s) 
	Call Stack: Date.formatDate 
Paused at 286
	Hit Breakpoint(s) 
	Call Stack: Date.formatDate 
Paused at 266
	Hit Breakpoint(s) 
	Call Stack: Date.formatDate 
Paused at 279
	Hit Breakpoint(s) 
	Call Stack: Date.formatDate 
Paused at 252
	Hit Breakpoint(s) 
	Call Stack: Y, Date.formatDate 
Paused at 279
	Hit Breakpoint(s) 
	Call Stack: Date.formatDate 
Paused at 279
	Hit Breakpoint(s) 
	Call Stack: Date.formatDate 
Paused at 279
	Hit Breakpoint(s) 
	Call Stack: Date.formatDate 
Paused at 279
	Hit Breakpoint(s) 
	Call Stack: Date.formatDate 
Paused at 286
	Hit Breakpoint(s) 
	Call Stack: Date.formatDate 
Paused at 266
	Hit Breakpoint(s) 
	Call Stack: Date.formatDate 
Paused at 279
	Hit Breakpoint(s) 
	Call Stack: Date.formatDate 
Paused at 279
	Hit Breakpoint(s) 
	Call Stack: Date.formatDate 
Paused at 279
	Hit Breakpoint(s) 
	Call Stack: Date.formatDate 
Paused at 279
	Hit Breakpoint(s) 
	Call Stack: Date.formatDate 
Paused at 279
	Hit Breakpoint(s) 
	Call Stack: Date.formatDate 
Paused at 279
	Hit Breakpoint(s) 
	Call Stack: Date.formatDate 
Paused at 279
	Hit Breakpoint(s) 
	Call Stack: Date.formatDate 
Paused at 279
	Hit Breakpoint(s) 
	Call Stack: Date.formatDate 
Paused at 279
	Hit Breakpoint(s) 
	Call Stack: Date.formatDate 
Paused at 252
	Hit Breakpoint(s) 
	Call Stack: Y, Date.formatDate 
Paused at 279
	Hit Breakpoint(s) 
	Call Stack: Date.formatDate 
Paused at 279
	Hit Breakpoint(s) 
	Call Stack: Date.formatDate 
Paused at 279
	Hit Breakpoint(s) 
	Call Stack: Date.formatDate 
Paused at 279
	Hit Breakpoint(s) 
	Call Stack: Date.formatDate 
Paused at 279
	Hit Breakpoint(s) 
	Call Stack: Date.formatDate 
Paused at 279
	Hit Breakpoint(s) 
	Call Stack: Date.formatDate 
Paused at 172
	Hit Breakpoint(s) 
	Call Stack: s, Date.formatDate 
Paused at 279
	Hit Breakpoint(s) 
	Call Stack: Date.formatDate 
Paused at 279
	Hit Breakpoint(s) 
	Call Stack: Date.formatDate 
Paused at 286
	Hit Breakpoint(s) 
	Call Stack: Date.formatDate 
Paused at 266
	Hit Breakpoint(s) 
	Call Stack: Date.formatDate 
Paused at 279
	Hit Breakpoint(s) 
	Call Stack: Date.formatDate 
Paused at 252
	Hit Breakpoint(s) 
	Call Stack: Y, Date.formatDate 
Paused at 279
	Hit Breakpoint(s) 
	Call Stack: Date.formatDate 
Paused at 279
	Hit Breakpoint(s) 
	Call Stack: Date.formatDate 
Paused at 279
	Hit Breakpoint(s) 
	Call Stack: Date.formatDate 
Paused at 279
	Hit Breakpoint(s) 
	Call Stack: Date.formatDate 
Paused at 286
	Hit Breakpoint(s) 
	Call Stack: Date.formatDate 
Paused at 266
	Hit Breakpoint(s) 
	Call Stack: Date.formatDate 
Paused at 279
	Hit Breakpoint(s) 
	Call Stack: Date.formatDate 
Paused at 279
	Hit Breakpoint(s) 
	Call Stack: Date.formatDate 
Paused at 279
	Hit Breakpoint(s) 
	Call Stack: Date.formatDate 
Paused at 279
	Hit Breakpoint(s) 
	Call Stack: Date.formatDate 
Paused at 279
	Hit Breakpoint(s) 
	Call Stack: Date.formatDate 
Paused at 279
	Hit Breakpoint(s) 
	Call Stack: Date.formatDate 
Paused at 279
	Hit Breakpoint(s) 
	Call Stack: Date.formatDate 
Paused at 279
	Hit Breakpoint(s) 
	Call Stack: Date.formatDate 
Paused at 279
	Hit Breakpoint(s) 
	Call Stack: Date.formatDate 
Paused at 252
	Hit Breakpoint(s) 
	Call Stack: Y, Date.formatDate 
Paused at 279
	Hit Breakpoint(s) 
	Call Stack: Date.formatDate 
Paused at 279
	Hit Breakpoint(s) 
	Call Stack: Date.formatDate 
Paused at 279
	Hit Breakpoint(s) 
	Call Stack: Date.formatDate 
Paused at 279
	Hit Breakpoint(s) 
	Call Stack: Date.formatDate 
Paused at 279
	Hit Breakpoint(s) 
	Call Stack: Date.formatDate 
Paused at 279
	Hit Breakpoint(s) 
	Call Stack: Date.formatDate 
Paused at 172
	Hit Breakpoint(s) 
	Call Stack: s, Date.formatDate 
Paused at 279
	Hit Breakpoint(s) 
	Call Stack: Date.formatDate 
Paused at 279
	Hit Breakpoint(s) 
	Call Stack: Date.formatDate 
Paused at 286
	Hit Breakpoint(s) 
	Call Stack: Date.formatDate 
Paused at 266
	Hit Breakpoint(s) 
	Call Stack: Date.formatDate 
Paused at 279
	Hit Breakpoint(s) 
	Call Stack: Date.formatDate 
Paused at 252
	Hit Breakpoint(s) 
	Call Stack: Y, Date.formatDate 
Paused at 279
	Hit Breakpoint(s) 
	Call Stack: Date.formatDate 
Paused at 279
	Hit Breakpoint(s) 
	Call Stack: Date.formatDate 
Paused at 279
	Hit Breakpoint(s) 
	Call Stack: Date.formatDate 
Paused at 279
	Hit Breakpoint(s) 
	Call Stack: Date.formatDate 
Paused at 286
	Hit Breakpoint(s) 
	Call Stack: Date.formatDate 
Paused at 266
	Hit Breakpoint(s) 
	Call Stack: Date.formatDate 
Paused at 279
	Hit Breakpoint(s) 
	Call Stack: Date.formatDate 
Paused at 279
	Hit Breakpoint(s) 
	Call Stack: Date.formatDate 
Paused at 279
	Hit Breakpoint(s) 
	Call Stack: Date.formatDate 
Paused at 279
	Hit Breakpoint(s) 
	Call Stack: Date.formatDate 
