Breakpoint Set at 170
Breakpoint Set at 154
Breakpoint Set at 79
Breakpoint Set at 197
Breakpoint Set at 186
Breakpoint Set at 279
Breakpoint Set at 294
Breakpoint Set at 256
Breakpoint Set at 61
Breakpoint Set at 184
Breakpoint Set at 70
Breakpoint Set at 266
Breakpoint Set at 133
Breakpoint Set at 131
Breakpoint Set at 229
Breakpoint Set at 252
Breakpoint Set at 95
Breakpoint Set at 204
Breakpoint Set at 164
Breakpoint Set at 286
Breakpoint Set at 225
Breakpoint Set at 93
Breakpoint Set at 269
Breakpoint Set at 262
Paused at 294
	Hit Breakpoint(s) 
	Call Stack:  
Paused at 70
	Hit Breakpoint(s) 
	Call Stack: Date.formatDate 
Paused at 79
	Hit Breakpoint(s) 
	Call Stack: Date.formatDate 
Paused at 170
	Hit Breakpoint(s) 
	Call Stack: Date.formatDate 
Paused at 186
	Hit Breakpoint(s) 
	Call Stack: Date.formatDate 
Paused at 266
	Hit Breakpoint(s) 
	Call Stack: Date.formatDate 
Paused at 279
	Hit Breakpoint(s) 
	Call Stack: Date.formatDate 
Paused at 252
	Hit Breakpoint(s) 
	Call Stack: Y, Date.formatDate 
Paused at 279
	Hit Breakpoint(s) 
	Call Stack: Date.formatDate 
Paused at 279
	Hit Breakpoint(s) 
	Call Stack: Date.formatDate 
Paused at 279
	Hit Breakpoint(s) 
	Call Stack: Date.formatDate 
Paused at 279
	Hit Breakpoint(s) 
	Call Stack: Date.formatDate 
Paused at 286
	Hit Breakpoint(s) 
	Call Stack: Date.formatDate 
Paused at 70
	Hit Breakpoint(s) 
	Call Stack: Date.formatDate 
Paused at 79
	Hit Breakpoint(s) 
	Call Stack: Date.formatDate 
Paused at 170
	Hit Breakpoint(s) 
	Call Stack: Date.formatDate 
Paused at 186
	Hit Breakpoint(s) 
	Call Stack: Date.formatDate 
Paused at 266
	Hit Breakpoint(s) 
	Call Stack: Date.formatDate 
Paused at 279
	Hit Breakpoint(s) 
	Call Stack: Date.formatDate 
Paused at 279
	Hit Breakpoint(s) 
	Call Stack: Date.formatDate 
Paused at 279
	Hit Breakpoint(s) 
	Call Stack: Date.formatDate 
Paused at 279
	Hit Breakpoint(s) 
	Call Stack: Date.formatDate 
Paused at 279
	Hit Breakpoint(s) 
	Call Stack: Date.formatDate 
Paused at 279
	Hit Breakpoint(s) 
	Call Stack: Date.formatDate 
Paused at 279
	Hit Breakpoint(s) 
	Call Stack: Date.formatDate 
Paused at 279
	Hit Breakpoint(s) 
	Call Stack: Date.formatDate 
Paused at 279
	Hit Breakpoint(s) 
	Call Stack: Date.formatDate 
Paused at 252
	Hit Breakpoint(s) 
	Call Stack: Y, Date.formatDate 
Paused at 279
	Hit Breakpoint(s) 
	Call Stack: Date.formatDate 
Paused at 279
	Hit Breakpoint(s) 
	Call Stack: Date.formatDate 
Paused at 279
	Hit Breakpoint(s) 
	Call Stack: Date.formatDate 
Paused at 279
	Hit Breakpoint(s) 
	Call Stack: Date.formatDate 
Paused at 279
	Hit Breakpoint(s) 
	Call Stack: Date.formatDate 
Paused at 279
	Hit Breakpoint(s) 
	Call Stack: Date.formatDate 
Paused at 279
	Hit Breakpoint(s) 
	Call Stack: Date.formatDate 
Paused at 279
	Hit Breakpoint(s) 
	Call Stack: Date.formatDate 
Paused at 286
	Hit Breakpoint(s) 
	Call Stack: Date.formatDate 
Paused at 294
	Hit Breakpoint(s) 
	Call Stack:  
Paused at 70
	Hit Breakpoint(s) 
	Call Stack: Date.formatDate 
Paused at 79
	Hit Breakpoint(s) 
	Call Stack: Date.formatDate 
Paused at 170
	Hit Breakpoint(s) 
	Call Stack: Date.formatDate 
Paused at 186
	Hit Breakpoint(s) 
	Call Stack: Date.formatDate 
Paused at 266
	Hit Breakpoint(s) 
	Call Stack: Date.formatDate 
Paused at 279
	Hit Breakpoint(s) 
	Call Stack: Date.formatDate 
Paused at 252
	Hit Breakpoint(s) 
	Call Stack: Y, Date.formatDate 
Paused at 279
	Hit Breakpoint(s) 
	Call Stack: Date.formatDate 
Paused at 279
	Hit Breakpoint(s) 
	Call Stack: Date.formatDate 
Paused at 279
	Hit Breakpoint(s) 
	Call Stack: Date.formatDate 
Paused at 279
	Hit Breakpoint(s) 
	Call Stack: Date.formatDate 
Paused at 286
	Hit Breakpoint(s) 
	Call Stack: Date.formatDate 
Paused at 70
	Hit Breakpoint(s) 
	Call Stack: Date.formatDate 
Paused at 79
	Hit Breakpoint(s) 
	Call Stack: Date.formatDate 
Paused at 170
	Hit Breakpoint(s) 
	Call Stack: Date.formatDate 
Paused at 186
	Hit Breakpoint(s) 
	Call Stack: Date.formatDate 
Paused at 266
	Hit Breakpoint(s) 
	Call Stack: Date.formatDate 
Paused at 279
	Hit Breakpoint(s) 
	Call Stack: Date.formatDate 
Paused at 279
	Hit Breakpoint(s) 
	Call Stack: Date.formatDate 
Paused at 279
	Hit Breakpoint(s) 
	Call Stack: Date.formatDate 
Paused at 279
	Hit Breakpoint(s) 
	Call Stack: Date.formatDate 
Paused at 279
	Hit Breakpoint(s) 
	Call Stack: Date.formatDate 
Paused at 279
	Hit Breakpoint(s) 
	Call Stack: Date.formatDate 
Paused at 279
	Hit Breakpoint(s) 
	Call Stack: Date.formatDate 
Paused at 279
	Hit Breakpoint(s) 
	Call Stack: Date.formatDate 
Paused at 279
	Hit Breakpoint(s) 
	Call Stack: Date.formatDate 
Paused at 252
	Hit Breakpoint(s) 
	Call Stack: Y, Date.formatDate 
Paused at 279
	Hit Breakpoint(s) 
	Call Stack: Date.formatDate 
Paused at 279
	Hit Breakpoint(s) 
	Call Stack: Date.formatDate 
Paused at 279
	Hit Breakpoint(s) 
	Call Stack: Date.formatDate 
Paused at 279
	Hit Breakpoint(s) 
	Call Stack: Date.formatDate 
Paused at 279
	Hit Breakpoint(s) 
	Call Stack: Date.formatDate 
Paused at 279
	Hit Breakpoint(s) 
	Call Stack: Date.formatDate 
Paused at 279
	Hit Breakpoint(s) 
	Call Stack: Date.formatDate 
Paused at 279
	Hit Breakpoint(s) 
	Call Stack: Date.formatDate 
Paused at 286
	Hit Breakpoint(s) 
	Call Stack: Date.formatDate 
Paused at 294
	Hit Breakpoint(s) 
	Call Stack:  
Paused at 70
	Hit Breakpoint(s) 
	Call Stack: Date.formatDate 
Paused at 79
	Hit Breakpoint(s) 
	Call Stack: Date.formatDate 
Paused at 170
	Hit Breakpoint(s) 
	Call Stack: Date.formatDate 
Paused at 186
	Hit Breakpoint(s) 
	Call Stack: Date.formatDate 
Paused at 266
	Hit Breakpoint(s) 
	Call Stack: Date.formatDate 
Paused at 279
	Hit Breakpoint(s) 
	Call Stack: Date.formatDate 
Paused at 252
	Hit Breakpoint(s) 
	Call Stack: Y, Date.formatDate 
Paused at 279
	Hit Breakpoint(s) 
	Call Stack: Date.formatDate 
Paused at 279
	Hit Breakpoint(s) 
	Call Stack: Date.formatDate 
Paused at 279
	Hit Breakpoint(s) 
	Call Stack: Date.formatDate 
Paused at 279
	Hit Breakpoint(s) 
	Call Stack: Date.formatDate 
Paused at 286
	Hit Breakpoint(s) 
	Call Stack: Date.formatDate 
Paused at 70
	Hit Breakpoint(s) 
	Call Stack: Date.formatDate 
Paused at 79
	Hit Breakpoint(s) 
	Call Stack: Date.formatDate 
Paused at 170
	Hit Breakpoint(s) 
	Call Stack: Date.formatDate 
Paused at 186
	Hit Breakpoint(s) 
	Call Stack: Date.formatDate 
Paused at 266
	Hit Breakpoint(s) 
	Call Stack: Date.formatDate 
Paused at 279
	Hit Breakpoint(s) 
	Call Stack: Date.formatDate 
Paused at 279
	Hit Breakpoint(s) 
	Call Stack: Date.formatDate 
Paused at 279
	Hit Breakpoint(s) 
	Call Stack: Date.formatDate 
Paused at 279
	Hit Breakpoint(s) 
	Call Stack: Date.formatDate 
Paused at 279
	Hit Breakpoint(s) 
	Call Stack: Date.formatDate 
Paused at 279
	Hit Breakpoint(s) 
	Call Stack: Date.formatDate 
Paused at 279
	Hit Breakpoint(s) 
	Call Stack: Date.formatDate 
Paused at 279
	Hit Breakpoint(s) 
	Call Stack: Date.formatDate 
Paused at 279
	Hit Breakpoint(s) 
	Call Stack: Date.formatDate 
