Breakpoint Set at 17
Breakpoint Set at 44
Breakpoint Set at 295
Breakpoint Set at 328
Breakpoint Set at 400
Breakpoint Set at 30
Breakpoint Set at 263
Breakpoint Set at 37
Breakpoint Set at 364
Breakpoint Set at 119
Breakpoint Set at 340
Breakpoint Set at 283
Breakpoint Set at 293
Breakpoint Set at 231
Breakpoint Set at 325
Breakpoint Set at 113
Breakpoint Set at 300
Breakpoint Set at 89
Breakpoint Set at 242
Breakpoint Set at 349
Breakpoint Set at 103
Breakpoint Set at 277
Breakpoint Set at 198
Breakpoint Set at 149
Breakpoint Set at 350
Breakpoint Set at 51
Breakpoint Set at 297
Breakpoint Set at 57
Breakpoint Set at 302
Breakpoint Set at 251
Breakpoint Set at 63
Breakpoint Set at 91
Breakpoint Set at 386
Breakpoint Set at 255
Breakpoint Set at 287
Breakpoint Set at 359
Paused at 17
	Hit Breakpoint(s) 
	Call Stack:  
Paused at 119
	Hit Breakpoint(s) 
	Call Stack:  
Paused at 287
	Hit Breakpoint(s) 
	Call Stack:  
Paused at 293
	Hit Breakpoint(s) 
	Call Stack:  
Paused at 302
	Hit Breakpoint(s) 
	Call Stack:  
Paused at 349
	Hit Breakpoint(s) 
	Call Stack:  
Paused at 364
	Hit Breakpoint(s) 
	Call Stack:  
Paused at 386
	Hit Breakpoint(s) 
	Call Stack:  
Paused at 400
	Hit Breakpoint(s) 
	Call Stack:  
Paused at 30
	Hit Breakpoint(s) 
	Call Stack: Date.createNewFormat, Date.dateFormat 
Paused at 44
	Hit Breakpoint(s) 
	Call Stack: Date.createNewFormat, Date.dateFormat 
Paused at 51
	Hit Breakpoint(s) 
	Call Stack: Date.getFormatCode, Date.createNewFormat, Date.dateFormat 
Paused at 44
	Hit Breakpoint(s) 
	Call Stack: Date.createNewFormat, Date.dateFormat 
Paused at 51
	Hit Breakpoint(s) 
	Call Stack: Date.getFormatCode, Date.createNewFormat, Date.dateFormat 
Paused at 350
	Hit Breakpoint(s) 
	Call Stack: String.escape, Date.getFormatCode, Date.createNewFormat, Date.dateFormat 
Paused at 44
	Hit Breakpoint(s) 
	Call Stack: Date.createNewFormat, Date.dateFormat 
Paused at 51
	Hit Breakpoint(s) 
	Call Stack: Date.getFormatCode, Date.createNewFormat, Date.dateFormat 
Paused at 44
	Hit Breakpoint(s) 
	Call Stack: Date.createNewFormat, Date.dateFormat 
Paused at 51
	Hit Breakpoint(s) 
	Call Stack: Date.getFormatCode, Date.createNewFormat, Date.dateFormat 
Paused at 350
	Hit Breakpoint(s) 
	Call Stack: String.escape, Date.getFormatCode, Date.createNewFormat, Date.dateFormat 
Paused at 44
	Hit Breakpoint(s) 
	Call Stack: Date.createNewFormat, Date.dateFormat 
Paused at 51
	Hit Breakpoint(s) 
	Call Stack: Date.getFormatCode, Date.createNewFormat, Date.dateFormat 
Paused at 359
	Hit Breakpoint(s) 
	Call Stack: String.leftPad, Date.format0, Date.dateFormat 
Paused at 359
	Hit Breakpoint(s) 
	Call Stack: String.leftPad, Date.format0, Date.dateFormat 
Paused at 30
	Hit Breakpoint(s) 
	Call Stack: Date.createNewFormat, Date.dateFormat 
Paused at 44
	Hit Breakpoint(s) 
	Call Stack: Date.createNewFormat, Date.dateFormat 
Paused at 51
	Hit Breakpoint(s) 
	Call Stack: Date.getFormatCode, Date.createNewFormat, Date.dateFormat 
Paused at 44
	Hit Breakpoint(s) 
	Call Stack: Date.createNewFormat, Date.dateFormat 
Paused at 51
	Hit Breakpoint(s) 
	Call Stack: Date.getFormatCode, Date.createNewFormat, Date.dateFormat 
Paused at 350
	Hit Breakpoint(s) 
	Call Stack: String.escape, Date.getFormatCode, Date.createNewFormat, Date.dateFormat 
Paused at 44
	Hit Breakpoint(s) 
	Call Stack: Date.createNewFormat, Date.dateFormat 
Paused at 51
	Hit Breakpoint(s) 
	Call Stack: Date.getFormatCode, Date.createNewFormat, Date.dateFormat 
Paused at 350
	Hit Breakpoint(s) 
	Call Stack: String.escape, Date.getFormatCode, Date.createNewFormat, Date.dateFormat 
Paused at 44
	Hit Breakpoint(s) 
	Call Stack: Date.createNewFormat, Date.dateFormat 
Paused at 51
	Hit Breakpoint(s) 
	Call Stack: Date.getFormatCode, Date.createNewFormat, Date.dateFormat 
Paused at 44
	Hit Breakpoint(s) 
	Call Stack: Date.createNewFormat, Date.dateFormat 
Paused at 51
	Hit Breakpoint(s) 
	Call Stack: Date.getFormatCode, Date.createNewFormat, Date.dateFormat 
Paused at 350
	Hit Breakpoint(s) 
	Call Stack: String.escape, Date.getFormatCode, Date.createNewFormat, Date.dateFormat 
Paused at 44
	Hit Breakpoint(s) 
	Call Stack: Date.createNewFormat, Date.dateFormat 
Paused at 51
	Hit Breakpoint(s) 
	Call Stack: Date.getFormatCode, Date.createNewFormat, Date.dateFormat 
Paused at 44
	Hit Breakpoint(s) 
	Call Stack: Date.createNewFormat, Date.dateFormat 
Paused at 51
	Hit Breakpoint(s) 
	Call Stack: Date.getFormatCode, Date.createNewFormat, Date.dateFormat 
Paused at 350
	Hit Breakpoint(s) 
	Call Stack: String.escape, Date.getFormatCode, Date.createNewFormat, Date.dateFormat 
Paused at 44
	Hit Breakpoint(s) 
	Call Stack: Date.createNewFormat, Date.dateFormat 
Paused at 51
	Hit Breakpoint(s) 
	Call Stack: Date.getFormatCode, Date.createNewFormat, Date.dateFormat 
Paused at 350
	Hit Breakpoint(s) 
	Call Stack: String.escape, Date.getFormatCode, Date.createNewFormat, Date.dateFormat 
Paused at 44
	Hit Breakpoint(s) 
	Call Stack: Date.createNewFormat, Date.dateFormat 
Paused at 51
	Hit Breakpoint(s) 
	Call Stack: Date.getFormatCode, Date.createNewFormat, Date.dateFormat 
Paused at 44
	Hit Breakpoint(s) 
	Call Stack: Date.createNewFormat, Date.dateFormat 
Paused at 51
	Hit Breakpoint(s) 
	Call Stack: Date.getFormatCode, Date.createNewFormat, Date.dateFormat 
Paused at 350
	Hit Breakpoint(s) 
	Call Stack: String.escape, Date.getFormatCode, Date.createNewFormat, Date.dateFormat 
Paused at 44
	Hit Breakpoint(s) 
	Call Stack: Date.createNewFormat, Date.dateFormat 
Paused at 51
	Hit Breakpoint(s) 
	Call Stack: Date.getFormatCode, Date.createNewFormat, Date.dateFormat 
Paused at 89
	Hit Breakpoint(s) 
	Call Stack: Date.getFormatCode, Date.createNewFormat, Date.dateFormat 
Paused at 44
	Hit Breakpoint(s) 
	Call Stack: Date.createNewFormat, Date.dateFormat 
Paused at 51
	Hit Breakpoint(s) 
	Call Stack: Date.getFormatCode, Date.createNewFormat, Date.dateFormat 
Paused at 350
	Hit Breakpoint(s) 
	Call Stack: String.escape, Date.getFormatCode, Date.createNewFormat, Date.dateFormat 
Paused at 44
	Hit Breakpoint(s) 
	Call Stack: Date.createNewFormat, Date.dateFormat 
Paused at 51
	Hit Breakpoint(s) 
	Call Stack: Date.getFormatCode, Date.createNewFormat, Date.dateFormat 
Paused at 44
	Hit Breakpoint(s) 
	Call Stack: Date.createNewFormat, Date.dateFormat 
Paused at 51
	Hit Breakpoint(s) 
	Call Stack: Date.getFormatCode, Date.createNewFormat, Date.dateFormat 
Paused at 350
	Hit Breakpoint(s) 
	Call Stack: String.escape, Date.getFormatCode, Date.createNewFormat, Date.dateFormat 
Paused at 44
	Hit Breakpoint(s) 
	Call Stack: Date.createNewFormat, Date.dateFormat 
Paused at 51
	Hit Breakpoint(s) 
	Call Stack: Date.getFormatCode, Date.createNewFormat, Date.dateFormat 
Paused at 44
	Hit Breakpoint(s) 
	Call Stack: Date.createNewFormat, Date.dateFormat 
Paused at 51
	Hit Breakpoint(s) 
	Call Stack: Date.getFormatCode, Date.createNewFormat, Date.dateFormat 
Paused at 350
	Hit Breakpoint(s) 
	Call Stack: String.escape, Date.getFormatCode, Date.createNewFormat, Date.dateFormat 
Paused at 44
	Hit Breakpoint(s) 
	Call Stack: Date.createNewFormat, Date.dateFormat 
Paused at 51
	Hit Breakpoint(s) 
	Call Stack: Date.getFormatCode, Date.createNewFormat, Date.dateFormat 
Paused at 359
	Hit Breakpoint(s) 
	Call Stack: String.leftPad, Date.format1, Date.dateFormat 
Paused at 359
	Hit Breakpoint(s) 
	Call Stack: String.leftPad, Date.format0, Date.dateFormat 
Paused at 359
	Hit Breakpoint(s) 
	Call Stack: String.leftPad, Date.format0, Date.dateFormat 
Paused at 359
	Hit Breakpoint(s) 
	Call Stack: String.leftPad, Date.format1, Date.dateFormat 
Paused at 359
	Hit Breakpoint(s) 
	Call Stack: String.leftPad, Date.format0, Date.dateFormat 
Paused at 359
	Hit Breakpoint(s) 
	Call Stack: String.leftPad, Date.format0, Date.dateFormat 
Paused at 359
	Hit Breakpoint(s) 
	Call Stack: String.leftPad, Date.format1, Date.dateFormat 
Paused at 359
	Hit Breakpoint(s) 
	Call Stack: String.leftPad, Date.format1, Date.dateFormat 
Paused at 359
	Hit Breakpoint(s) 
	Call Stack: String.leftPad, Date.format1, Date.dateFormat 
Paused at 359
	Hit Breakpoint(s) 
	Call Stack: String.leftPad, Date.format0, Date.dateFormat 
Paused at 359
	Hit Breakpoint(s) 
	Call Stack: String.leftPad, Date.format0, Date.dateFormat 
Paused at 359
	Hit Breakpoint(s) 
	Call Stack: String.leftPad, Date.format1, Date.dateFormat 
Paused at 359
	Hit Breakpoint(s) 
	Call Stack: String.leftPad, Date.format0, Date.dateFormat 
Paused at 359
	Hit Breakpoint(s) 
	Call Stack: String.leftPad, Date.format0, Date.dateFormat 
Paused at 359
	Hit Breakpoint(s) 
	Call Stack: String.leftPad, Date.format1, Date.dateFormat 
Paused at 359
	Hit Breakpoint(s) 
	Call Stack: String.leftPad, Date.format0, Date.dateFormat 
Paused at 359
	Hit Breakpoint(s) 
	Call Stack: String.leftPad, Date.format0, Date.dateFormat 
Paused at 359
	Hit Breakpoint(s) 
	Call Stack: String.leftPad, Date.format1, Date.dateFormat 
Paused at 359
	Hit Breakpoint(s) 
	Call Stack: String.leftPad, Date.format0, Date.dateFormat 
Paused at 359
	Hit Breakpoint(s) 
	Call Stack: String.leftPad, Date.format0, Date.dateFormat 
Paused at 359
	Hit Breakpoint(s) 
	Call Stack: String.leftPad, Date.format1, Date.dateFormat 
Paused at 359
	Hit Breakpoint(s) 
	Call Stack: String.leftPad, Date.format0, Date.dateFormat 
Paused at 359
	Hit Breakpoint(s) 
	Call Stack: String.leftPad, Date.format0, Date.dateFormat 
Paused at 359
	Hit Breakpoint(s) 
	Call Stack: String.leftPad, Date.format1, Date.dateFormat 
Paused at 359
	Hit Breakpoint(s) 
	Call Stack: String.leftPad, Date.format1, Date.dateFormat 
Paused at 359
	Hit Breakpoint(s) 
	Call Stack: String.leftPad, Date.format0, Date.dateFormat 
Paused at 359
	Hit Breakpoint(s) 
	Call Stack: String.leftPad, Date.format0, Date.dateFormat 
Paused at 359
	Hit Breakpoint(s) 
	Call Stack: String.leftPad, Date.format1, Date.dateFormat 
Paused at 359
	Hit Breakpoint(s) 
	Call Stack: String.leftPad, Date.format0, Date.dateFormat 
Paused at 359
	Hit Breakpoint(s) 
	Call Stack: String.leftPad, Date.format0, Date.dateFormat 
Paused at 359
	Hit Breakpoint(s) 
	Call Stack: String.leftPad, Date.format1, Date.dateFormat 
Paused at 359
	Hit Breakpoint(s) 
	Call Stack: String.leftPad, Date.format0, Date.dateFormat 
