Breakpoint Set at 156
Breakpoint Set at 199
Breakpoint Set at 281
Breakpoint Set at 294
Breakpoint Set at 258
Breakpoint Set at 63
Breakpoint Set at 186
Breakpoint Set at 268
Breakpoint Set at 135
Breakpoint Set at 133
Breakpoint Set at 231
Breakpoint Set at 254
Breakpoint Set at 97
Breakpoint Set at 166
Breakpoint Set at 288
Breakpoint Set at 227
Breakpoint Set at 95
Breakpoint Set at 271
Breakpoint Set at 264
Breakpoint Set at 69
Breakpoint Set at 174
Breakpoint Set at 92
Breakpoint Set at 205
Breakpoint Set at 230
Paused at 294
	Hit Breakpoint(s) 
	Call Stack:  
Paused at 268
	Hit Breakpoint(s) 
	Call Stack: Date.formatDate 
Paused at 281
	Hit Breakpoint(s) 
	Call Stack: Date.formatDate 
Paused at 254
	Hit Breakpoint(s) 
	Call Stack: Y, Date.formatDate 
Paused at 281
	Hit Breakpoint(s) 
	Call Stack: Date.formatDate 
Paused at 281
	Hit Breakpoint(s) 
	Call Stack: Date.formatDate 
Paused at 281
	Hit Breakpoint(s) 
	Call Stack: Date.formatDate 
Paused at 281
	Hit Breakpoint(s) 
	Call Stack: Date.formatDate 
Paused at 288
	Hit Breakpoint(s) 
	Call Stack: Date.formatDate 
Paused at 268
	Hit Breakpoint(s) 
	Call Stack: Date.formatDate 
Paused at 281
	Hit Breakpoint(s) 
	Call Stack: Date.formatDate 
Paused at 281
	Hit Breakpoint(s) 
	Call Stack: Date.formatDate 
Paused at 281
	Hit Breakpoint(s) 
	Call Stack: Date.formatDate 
Paused at 281
	Hit Breakpoint(s) 
	Call Stack: Date.formatDate 
Paused at 281
	Hit Breakpoint(s) 
	Call Stack: Date.formatDate 
Paused at 281
	Hit Breakpoint(s) 
	Call Stack: Date.formatDate 
Paused at 281
	Hit Breakpoint(s) 
	Call Stack: Date.formatDate 
Paused at 281
	Hit Breakpoint(s) 
	Call Stack: Date.formatDate 
Paused at 281
	Hit Breakpoint(s) 
	Call Stack: Date.formatDate 
Paused at 254
	Hit Breakpoint(s) 
	Call Stack: Y, Date.formatDate 
Paused at 281
	Hit Breakpoint(s) 
	Call Stack: Date.formatDate 
Paused at 281
	Hit Breakpoint(s) 
	Call Stack: Date.formatDate 
Paused at 281
	Hit Breakpoint(s) 
	Call Stack: Date.formatDate 
Paused at 281
	Hit Breakpoint(s) 
	Call Stack: Date.formatDate 
Paused at 281
	Hit Breakpoint(s) 
	Call Stack: Date.formatDate 
Paused at 281
	Hit Breakpoint(s) 
	Call Stack: Date.formatDate 
Paused at 174
	Hit Breakpoint(s) 
	Call Stack: s, Date.formatDate 
Paused at 281
	Hit Breakpoint(s) 
	Call Stack: Date.formatDate 
Paused at 281
	Hit Breakpoint(s) 
	Call Stack: Date.formatDate 
Paused at 288
	Hit Breakpoint(s) 
	Call Stack: Date.formatDate 
Paused at 268
	Hit Breakpoint(s) 
	Call Stack: Date.formatDate 
Paused at 281
	Hit Breakpoint(s) 
	Call Stack: Date.formatDate 
Paused at 254
	Hit Breakpoint(s) 
	Call Stack: Y, Date.formatDate 
Paused at 281
	Hit Breakpoint(s) 
	Call Stack: Date.formatDate 
Paused at 281
	Hit Breakpoint(s) 
	Call Stack: Date.formatDate 
Paused at 281
	Hit Breakpoint(s) 
	Call Stack: Date.formatDate 
Paused at 281
	Hit Breakpoint(s) 
	Call Stack: Date.formatDate 
Paused at 288
	Hit Breakpoint(s) 
	Call Stack: Date.formatDate 
Paused at 268
	Hit Breakpoint(s) 
	Call Stack: Date.formatDate 
Paused at 281
	Hit Breakpoint(s) 
	Call Stack: Date.formatDate 
Paused at 281
	Hit Breakpoint(s) 
	Call Stack: Date.formatDate 
Paused at 281
	Hit Breakpoint(s) 
	Call Stack: Date.formatDate 
Paused at 281
	Hit Breakpoint(s) 
	Call Stack: Date.formatDate 
Paused at 281
	Hit Breakpoint(s) 
	Call Stack: Date.formatDate 
Paused at 281
	Hit Breakpoint(s) 
	Call Stack: Date.formatDate 
Paused at 281
	Hit Breakpoint(s) 
	Call Stack: Date.formatDate 
Paused at 281
	Hit Breakpoint(s) 
	Call Stack: Date.formatDate 
Paused at 281
	Hit Breakpoint(s) 
	Call Stack: Date.formatDate 
Paused at 254
	Hit Breakpoint(s) 
	Call Stack: Y, Date.formatDate 
Paused at 281
	Hit Breakpoint(s) 
	Call Stack: Date.formatDate 
Paused at 281
	Hit Breakpoint(s) 
	Call Stack: Date.formatDate 
Paused at 281
	Hit Breakpoint(s) 
	Call Stack: Date.formatDate 
Paused at 281
	Hit Breakpoint(s) 
	Call Stack: Date.formatDate 
Paused at 281
	Hit Breakpoint(s) 
	Call Stack: Date.formatDate 
Paused at 281
	Hit Breakpoint(s) 
	Call Stack: Date.formatDate 
Paused at 174
	Hit Breakpoint(s) 
	Call Stack: s, Date.formatDate 
Paused at 281
	Hit Breakpoint(s) 
	Call Stack: Date.formatDate 
Paused at 281
	Hit Breakpoint(s) 
	Call Stack: Date.formatDate 
Paused at 288
	Hit Breakpoint(s) 
	Call Stack: Date.formatDate 
Paused at 268
	Hit Breakpoint(s) 
	Call Stack: Date.formatDate 
Paused at 281
	Hit Breakpoint(s) 
	Call Stack: Date.formatDate 
Paused at 254
	Hit Breakpoint(s) 
	Call Stack: Y, Date.formatDate 
Paused at 281
	Hit Breakpoint(s) 
	Call Stack: Date.formatDate 
Paused at 281
	Hit Breakpoint(s) 
	Call Stack: Date.formatDate 
Paused at 281
	Hit Breakpoint(s) 
	Call Stack: Date.formatDate 
Paused at 281
	Hit Breakpoint(s) 
	Call Stack: Date.formatDate 
Paused at 288
	Hit Breakpoint(s) 
	Call Stack: Date.formatDate 
Paused at 268
	Hit Breakpoint(s) 
	Call Stack: Date.formatDate 
Paused at 281
	Hit Breakpoint(s) 
	Call Stack: Date.formatDate 
Paused at 281
	Hit Breakpoint(s) 
	Call Stack: Date.formatDate 
Paused at 281
	Hit Breakpoint(s) 
	Call Stack: Date.formatDate 
Paused at 281
	Hit Breakpoint(s) 
	Call Stack: Date.formatDate 
Paused at 281
	Hit Breakpoint(s) 
	Call Stack: Date.formatDate 
Paused at 281
	Hit Breakpoint(s) 
	Call Stack: Date.formatDate 
Paused at 281
	Hit Breakpoint(s) 
	Call Stack: Date.formatDate 
Paused at 281
	Hit Breakpoint(s) 
	Call Stack: Date.formatDate 
Paused at 281
	Hit Breakpoint(s) 
	Call Stack: Date.formatDate 
Paused at 254
	Hit Breakpoint(s) 
	Call Stack: Y, Date.formatDate 
Paused at 281
	Hit Breakpoint(s) 
	Call Stack: Date.formatDate 
Paused at 281
	Hit Breakpoint(s) 
	Call Stack: Date.formatDate 
Paused at 281
	Hit Breakpoint(s) 
	Call Stack: Date.formatDate 
Paused at 281
	Hit Breakpoint(s) 
	Call Stack: Date.formatDate 
Paused at 281
	Hit Breakpoint(s) 
	Call Stack: Date.formatDate 
Paused at 281
	Hit Breakpoint(s) 
	Call Stack: Date.formatDate 
Paused at 174
	Hit Breakpoint(s) 
	Call Stack: s, Date.formatDate 
Paused at 281
	Hit Breakpoint(s) 
	Call Stack: Date.formatDate 
Paused at 281
	Hit Breakpoint(s) 
	Call Stack: Date.formatDate 
Paused at 288
	Hit Breakpoint(s) 
	Call Stack: Date.formatDate 
Paused at 268
	Hit Breakpoint(s) 
	Call Stack: Date.formatDate 
Paused at 281
	Hit Breakpoint(s) 
	Call Stack: Date.formatDate 
Paused at 254
	Hit Breakpoint(s) 
	Call Stack: Y, Date.formatDate 
Paused at 281
	Hit Breakpoint(s) 
	Call Stack: Date.formatDate 
Paused at 281
	Hit Breakpoint(s) 
	Call Stack: Date.formatDate 
Paused at 281
	Hit Breakpoint(s) 
	Call Stack: Date.formatDate 
Paused at 281
	Hit Breakpoint(s) 
	Call Stack: Date.formatDate 
Paused at 288
	Hit Breakpoint(s) 
	Call Stack: Date.formatDate 
Paused at 268
	Hit Breakpoint(s) 
	Call Stack: Date.formatDate 
Paused at 281
	Hit Breakpoint(s) 
	Call Stack: Date.formatDate 
Paused at 281
	Hit Breakpoint(s) 
	Call Stack: Date.formatDate 
Paused at 281
	Hit Breakpoint(s) 
	Call Stack: Date.formatDate 
Paused at 281
	Hit Breakpoint(s) 
	Call Stack: Date.formatDate 
