Breakpoint Set at 47
Breakpoint Set at 69
Breakpoint Set at 68
Breakpoint Set at 72
Breakpoint Set at 77
Breakpoint Set at 97
Breakpoint Set at 104
Paused at 47
	Hit Breakpoint(s) 
	Call Stack:  
Paused at 68
	Hit Breakpoint(s) 
	Call Stack: cordicsincos, cordic 
Paused at 69
	Hit Breakpoint(s) 
	Call Stack: cordicsincos, cordic 
Paused at 72
	Hit Breakpoint(s) 
	Call Stack: cordicsincos, cordic 
Paused at 68
	Hit Breakpoint(s) 
	Call Stack: cordicsincos, cordic 
Paused at 77
	Hit Breakpoint(s) 
	Call Stack: cordicsincos, cordic 
Paused at 68
	Hit Breakpoint(s) 
	Call Stack: cordicsincos, cordic 
Paused at 69
	Hit Breakpoint(s) 
	Call Stack: cordicsincos, cordic 
Paused at 72
	Hit Breakpoint(s) 
	Call Stack: cordicsincos, cordic 
Paused at 68
	Hit Breakpoint(s) 
	Call Stack: cordicsincos, cordic 
Paused at 77
	Hit Breakpoint(s) 
	Call Stack: cordicsincos, cordic 
Paused at 68
	Hit Breakpoint(s) 
	Call Stack: cordicsincos, cordic 
Paused at 69
	Hit Breakpoint(s) 
	Call Stack: cordicsincos, cordic 
Paused at 72
	Hit Breakpoint(s) 
	Call Stack: cordicsincos, cordic 
Paused at 68
	Hit Breakpoint(s) 
	Call Stack: cordicsincos, cordic 
Paused at 77
	Hit Breakpoint(s) 
	Call Stack: cordicsincos, cordic 
Paused at 68
	Hit Breakpoint(s) 
	Call Stack: cordicsincos, cordic 
Paused at 69
	Hit Breakpoint(s) 
	Call Stack: cordicsincos, cordic 
Paused at 72
	Hit Breakpoint(s) 
	Call Stack: cordicsincos, cordic 
Paused at 68
	Hit Breakpoint(s) 
	Call Stack: cordicsincos, cordic 
Paused at 77
	Hit Breakpoint(s) 
	Call Stack: cordicsincos, cordic 
Paused at 68
	Hit Breakpoint(s) 
	Call Stack: cordicsincos, cordic 
Paused at 69
	Hit Breakpoint(s) 
	Call Stack: cordicsincos, cordic 
Paused at 72
	Hit Breakpoint(s) 
	Call Stack: cordicsincos, cordic 
Paused at 68
	Hit Breakpoint(s) 
	Call Stack: cordicsincos, cordic 
Paused at 69
	Hit Breakpoint(s) 
	Call Stack: cordicsincos, cordic 
Paused at 72
	Hit Breakpoint(s) 
	Call Stack: cordicsincos, cordic 
Paused at 68
	Hit Breakpoint(s) 
	Call Stack: cordicsincos, cordic 
Paused at 69
	Hit Breakpoint(s) 
	Call Stack: cordicsincos, cordic 
Paused at 72
	Hit Breakpoint(s) 
	Call Stack: cordicsincos, cordic 
Paused at 68
	Hit Breakpoint(s) 
	Call Stack: cordicsincos, cordic 
Paused at 69
	Hit Breakpoint(s) 
	Call Stack: cordicsincos, cordic 
Paused at 72
	Hit Breakpoint(s) 
	Call Stack: cordicsincos, cordic 
Paused at 68
	Hit Breakpoint(s) 
	Call Stack: cordicsincos, cordic 
Paused at 69
	Hit Breakpoint(s) 
	Call Stack: cordicsincos, cordic 
Paused at 72
	Hit Breakpoint(s) 
	Call Stack: cordicsincos, cordic 
Paused at 68
	Hit Breakpoint(s) 
	Call Stack: cordicsincos, cordic 
Paused at 77
	Hit Breakpoint(s) 
	Call Stack: cordicsincos, cordic 
Paused at 68
	Hit Breakpoint(s) 
	Call Stack: cordicsincos, cordic 
Paused at 69
	Hit Breakpoint(s) 
	Call Stack: cordicsincos, cordic 
Paused at 72
	Hit Breakpoint(s) 
	Call Stack: cordicsincos, cordic 
Paused at 68
	Hit Breakpoint(s) 
	Call Stack: cordicsincos, cordic 
Paused at 77
	Hit Breakpoint(s) 
	Call Stack: cordicsincos, cordic 
Paused at 68
	Hit Breakpoint(s) 
	Call Stack: cordicsincos, cordic 
Paused at 69
	Hit Breakpoint(s) 
	Call Stack: cordicsincos, cordic 
Paused at 72
	Hit Breakpoint(s) 
	Call Stack: cordicsincos, cordic 
Paused at 68
	Hit Breakpoint(s) 
	Call Stack: cordicsincos, cordic 
Paused at 77
	Hit Breakpoint(s) 
	Call Stack: cordicsincos, cordic 
Paused at 68
	Hit Breakpoint(s) 
	Call Stack: cordicsincos, cordic 
Paused at 69
	Hit Breakpoint(s) 
	Call Stack: cordicsincos, cordic 
Paused at 72
	Hit Breakpoint(s) 
	Call Stack: cordicsincos, cordic 
Paused at 68
	Hit Breakpoint(s) 
	Call Stack: cordicsincos, cordic 
Paused at 77
	Hit Breakpoint(s) 
	Call Stack: cordicsincos, cordic 
Paused at 68
	Hit Breakpoint(s) 
	Call Stack: cordicsincos, cordic 
Paused at 69
	Hit Breakpoint(s) 
	Call Stack: cordicsincos, cordic 
Paused at 72
	Hit Breakpoint(s) 
	Call Stack: cordicsincos, cordic 
Paused at 68
	Hit Breakpoint(s) 
	Call Stack: cordicsincos, cordic 
Paused at 69
	Hit Breakpoint(s) 
	Call Stack: cordicsincos, cordic 
Paused at 72
	Hit Breakpoint(s) 
	Call Stack: cordicsincos, cordic 
Paused at 68
	Hit Breakpoint(s) 
	Call Stack: cordicsincos, cordic 
Paused at 69
	Hit Breakpoint(s) 
	Call Stack: cordicsincos, cordic 
Paused at 72
	Hit Breakpoint(s) 
	Call Stack: cordicsincos, cordic 
Paused at 68
	Hit Breakpoint(s) 
	Call Stack: cordicsincos, cordic 
Paused at 69
	Hit Breakpoint(s) 
	Call Stack: cordicsincos, cordic 
Paused at 72
	Hit Breakpoint(s) 
	Call Stack: cordicsincos, cordic 
Paused at 68
	Hit Breakpoint(s) 
	Call Stack: cordicsincos, cordic 
Paused at 69
	Hit Breakpoint(s) 
	Call Stack: cordicsincos, cordic 
Paused at 72
	Hit Breakpoint(s) 
	Call Stack: cordicsincos, cordic 
Paused at 68
	Hit Breakpoint(s) 
	Call Stack: cordicsincos, cordic 
Paused at 77
	Hit Breakpoint(s) 
	Call Stack: cordicsincos, cordic 
Paused at 68
	Hit Breakpoint(s) 
	Call Stack: cordicsincos, cordic 
Paused at 69
	Hit Breakpoint(s) 
	Call Stack: cordicsincos, cordic 
Paused at 72
	Hit Breakpoint(s) 
	Call Stack: cordicsincos, cordic 
Paused at 68
	Hit Breakpoint(s) 
	Call Stack: cordicsincos, cordic 
Paused at 77
	Hit Breakpoint(s) 
	Call Stack: cordicsincos, cordic 
Paused at 68
	Hit Breakpoint(s) 
	Call Stack: cordicsincos, cordic 
Paused at 69
	Hit Breakpoint(s) 
	Call Stack: cordicsincos, cordic 
Paused at 72
	Hit Breakpoint(s) 
	Call Stack: cordicsincos, cordic 
Paused at 68
	Hit Breakpoint(s) 
	Call Stack: cordicsincos, cordic 
Paused at 77
	Hit Breakpoint(s) 
	Call Stack: cordicsincos, cordic 
Paused at 68
	Hit Breakpoint(s) 
	Call Stack: cordicsincos, cordic 
Paused at 69
	Hit Breakpoint(s) 
	Call Stack: cordicsincos, cordic 
Paused at 72
	Hit Breakpoint(s) 
	Call Stack: cordicsincos, cordic 
Paused at 68
	Hit Breakpoint(s) 
	Call Stack: cordicsincos, cordic 
Paused at 77
	Hit Breakpoint(s) 
	Call Stack: cordicsincos, cordic 
Paused at 68
	Hit Breakpoint(s) 
	Call Stack: cordicsincos, cordic 
Paused at 69
	Hit Breakpoint(s) 
	Call Stack: cordicsincos, cordic 
Paused at 72
	Hit Breakpoint(s) 
	Call Stack: cordicsincos, cordic 
Paused at 68
	Hit Breakpoint(s) 
	Call Stack: cordicsincos, cordic 
Paused at 69
	Hit Breakpoint(s) 
	Call Stack: cordicsincos, cordic 
Paused at 72
	Hit Breakpoint(s) 
	Call Stack: cordicsincos, cordic 
Paused at 68
	Hit Breakpoint(s) 
	Call Stack: cordicsincos, cordic 
Paused at 69
	Hit Breakpoint(s) 
	Call Stack: cordicsincos, cordic 
Paused at 72
	Hit Breakpoint(s) 
	Call Stack: cordicsincos, cordic 
Paused at 68
	Hit Breakpoint(s) 
	Call Stack: cordicsincos, cordic 
Paused at 69
	Hit Breakpoint(s) 
	Call Stack: cordicsincos, cordic 
Paused at 72
	Hit Breakpoint(s) 
	Call Stack: cordicsincos, cordic 
Paused at 68
	Hit Breakpoint(s) 
	Call Stack: cordicsincos, cordic 
Paused at 69
	Hit Breakpoint(s) 
	Call Stack: cordicsincos, cordic 
Paused at 72
	Hit Breakpoint(s) 
	Call Stack: cordicsincos, cordic 
Paused at 68
	Hit Breakpoint(s) 
	Call Stack: cordicsincos, cordic 
