1 -> 4
4 -> 4
13 -> 19
16 -> 19
28 -> 28
30 -> 30
32 -> 39
38 -> 39
44 -> 44
46 -> 46
50 -> 52
51 -> 52
52 -> 52
53 -> 53
57 -> 57
67 -> 67
75 -> 342
78 -> 78
79 -> 79
86 -> 86
90 -> 90
116 -> 116
121 -> 122
128 -> 342
132 -> 132
133 -> 133
134 -> 134
139 -> 342
144 -> 147
151 -> 151
156 -> 161
164 -> 165
177 -> 342
179 -> 179
183 -> 183
184 -> 189
188 -> 189
189 -> 189
210 -> 210
218 -> 218
221 -> 222
222 -> 222
228 -> 228
233 -> 234
236 -> 236
238 -> 239
239 -> 239
242 -> 242
245 -> 245
250 -> 250
258 -> 259
261 -> 261
262 -> 262
270 -> 270
273 -> 278
277 -> 278
283 -> 286
284 -> 286
297 -> 297
300 -> 300
307 -> 307
308 -> 310
313 -> 314
315 -> 317
317 -> 317
323 -> 323
327 -> 327
330 -> 332
339 -> 339
341 -> 342
348 -> 348
