147 -> 147
222 -> 222
90 -> 90
134 -> 134
7 -> 7
16 -> 19
67 -> 67
132 -> 132
339 -> 339
284 -> 286
200 -> 200
27 -> 27
53 -> 53
231 -> 231
337 -> 338
302 -> 304
76 -> 77
262 -> 262
12 -> 12
220 -> 220
75 -> 342
192 -> 194
210 -> 210
228 -> 228
290 -> 294
207 -> 207
136 -> 137
273 -> 278
30 -> 30
309 -> 310
128 -> 342
156 -> 161
80 -> 80
110 -> 110
153 -> 153
259 -> 259
54 -> 54
51 -> 52
124 -> 124
193 -> 194
242 -> 242
244 -> 244
206 -> 206
168 -> 168
264 -> 264
341 -> 342
334 -> 334
293 -> 294
178 -> 179
245 -> 245
277 -> 278
327 -> 327
218 -> 218
241 -> 241
19 -> 19
44 -> 44
107 -> 107
38 -> 39
135 -> 135
196 -> 196
230 -> 230
289 -> 294
209 -> 210
42 -> 42
71 -> 71
189 -> 189
239 -> 239
236 -> 236
184 -> 189
13 -> 19
133 -> 133
78 -> 78
146 -> 147
120 -> 342
127 -> 342
154 -> 154
282 -> 286
121 -> 122
263 -> 263
279 -> 286
48 -> 48
350 -> 350
199 -> 199
86 -> 86
191 -> 342
50 -> 52
52 -> 52
179 -> 179
320 -> 320
155 -> 155
308 -> 310
81 -> 81
151 -> 151
261 -> 261
32 -> 39
318 -> 318
286 -> 286
255 -> 255
295 -> 295
1 -> 4
46 -> 46
348 -> 348
114 -> 115
266 -> 266
237 -> 342
208 -> 208
226 -> 226
317 -> 317
250 -> 250
115 -> 115
68 -> 68
214 -> 214
161 -> 161
300 -> 300
187 -> 189
36 -> 39
177 -> 342
186 -> 189
219 -> 219
325 -> 325
141 -> 141
274 -> 278
223 -> 223
315 -> 317
249 -> 249
252 -> 252
183 -> 183
4 -> 4
297 -> 297
221 -> 222
139 -> 342
202 -> 202
2 -> 4
138 -> 138
272 -> 278
160 -> 161
95 -> 95
330 -> 332
64 -> 64
270 -> 270
101 -> 342
292 -> 294
105 -> 105
79 -> 79
216 -> 216
116 -> 116
299 -> 299
47 -> 47
40 -> 40
278 -> 278
352 -> 352
28 -> 28
225 -> 225
126 -> 126
171 -> 175
70 -> 70
144 -> 147
188 -> 189
312 -> 314
185 -> 189
233 -> 234
258 -> 259
165 -> 165
281 -> 286
276 -> 278
313 -> 314
194 -> 194
20 -> 20
336 -> 336
164 -> 165
238 -> 239
24 -> 24
43 -> 43
283 -> 286
307 -> 307
323 -> 323
304 -> 304
57 -> 57
