134 -> 134
233 -> 234
78 -> 78
132 -> 132
133 -> 133
30 -> 30
67 -> 67
28 -> 28
341 -> 342
300 -> 300
221 -> 222
222 -> 222
13 -> 19
245 -> 245
44 -> 44
315 -> 317
121 -> 122
277 -> 278
164 -> 165
242 -> 242
16 -> 19
228 -> 228
239 -> 239
258 -> 259
308 -> 310
75 -> 342
188 -> 189
46 -> 46
189 -> 189
323 -> 323
144 -> 147
116 -> 116
179 -> 179
1 -> 4
79 -> 79
297 -> 297
307 -> 307
32 -> 39
51 -> 52
128 -> 342
184 -> 189
50 -> 52
270 -> 270
250 -> 250
90 -> 90
348 -> 348
57 -> 57
151 -> 151
183 -> 183
236 -> 236
317 -> 317
38 -> 39
139 -> 342
313 -> 314
273 -> 278
4 -> 4
238 -> 239
339 -> 339
210 -> 210
53 -> 53
218 -> 218
284 -> 286
177 -> 342
330 -> 332
283 -> 286
327 -> 327
52 -> 52
86 -> 86
156 -> 161
261 -> 261
262 -> 262
