68 -> 68
81 -> 81
200 -> 200
225 -> 225
75 -> 342
208 -> 208
238 -> 239
230 -> 230
255 -> 255
133 -> 133
185 -> 189
245 -> 245
127 -> 342
336 -> 336
132 -> 132
79 -> 79
80 -> 80
284 -> 286
352 -> 352
302 -> 304
78 -> 78
293 -> 294
86 -> 86
261 -> 261
196 -> 196
12 -> 12
168 -> 168
192 -> 194
221 -> 222
206 -> 206
184 -> 189
147 -> 147
308 -> 310
53 -> 53
228 -> 228
4 -> 4
48 -> 48
164 -> 165
121 -> 122
337 -> 338
71 -> 71
315 -> 317
124 -> 124
259 -> 259
249 -> 249
307 -> 307
242 -> 242
233 -> 234
20 -> 20
32 -> 39
183 -> 183
64 -> 64
186 -> 189
70 -> 70
139 -> 342
46 -> 46
266 -> 266
52 -> 52
51 -> 52
350 -> 350
7 -> 7
239 -> 239
179 -> 179
177 -> 342
327 -> 327
44 -> 44
262 -> 262
341 -> 342
304 -> 304
54 -> 54
312 -> 314
290 -> 294
161 -> 161
218 -> 218
299 -> 299
292 -> 294
216 -> 216
76 -> 77
330 -> 332
199 -> 199
209 -> 210
154 -> 154
146 -> 147
348 -> 348
19 -> 19
202 -> 202
318 -> 318
317 -> 317
188 -> 189
277 -> 278
300 -> 300
38 -> 39
134 -> 134
160 -> 161
272 -> 278
178 -> 179
226 -> 226
151 -> 151
47 -> 47
155 -> 155
223 -> 223
43 -> 43
250 -> 250
144 -> 147
279 -> 286
107 -> 107
40 -> 40
24 -> 24
16 -> 19
219 -> 219
295 -> 295
339 -> 339
258 -> 259
189 -> 189
220 -> 220
30 -> 30
57 -> 57
276 -> 278
50 -> 52
36 -> 39
283 -> 286
194 -> 194
28 -> 28
264 -> 264
42 -> 42
101 -> 342
120 -> 342
135 -> 135
165 -> 165
110 -> 110
67 -> 67
141 -> 141
95 -> 95
126 -> 126
313 -> 314
323 -> 323
115 -> 115
236 -> 236
244 -> 244
282 -> 286
320 -> 320
241 -> 241
231 -> 231
13 -> 19
270 -> 270
278 -> 278
252 -> 252
153 -> 153
191 -> 342
274 -> 278
297 -> 297
222 -> 222
334 -> 334
1 -> 4
105 -> 105
207 -> 207
171 -> 175
156 -> 161
286 -> 286
273 -> 278
289 -> 294
27 -> 27
187 -> 189
114 -> 115
325 -> 325
2 -> 4
138 -> 138
281 -> 286
237 -> 342
210 -> 210
309 -> 310
214 -> 214
90 -> 90
136 -> 137
263 -> 263
193 -> 194
128 -> 342
116 -> 116
