270 -> 270
233 -> 234
341 -> 342
307 -> 307
210 -> 210
228 -> 228
242 -> 242
46 -> 46
313 -> 314
75 -> 342
327 -> 327
284 -> 286
132 -> 132
116 -> 116
188 -> 189
315 -> 317
134 -> 134
32 -> 39
28 -> 28
151 -> 151
339 -> 339
30 -> 30
133 -> 133
139 -> 342
250 -> 250
300 -> 300
261 -> 261
67 -> 67
177 -> 342
164 -> 165
184 -> 189
238 -> 239
236 -> 236
183 -> 183
221 -> 222
156 -> 161
50 -> 52
330 -> 332
4 -> 4
222 -> 222
258 -> 259
308 -> 310
1 -> 4
51 -> 52
323 -> 323
38 -> 39
277 -> 278
79 -> 79
90 -> 90
44 -> 44
245 -> 245
218 -> 218
283 -> 286
53 -> 53
317 -> 317
239 -> 239
179 -> 179
189 -> 189
16 -> 19
273 -> 278
52 -> 52
297 -> 297
86 -> 86
57 -> 57
78 -> 78
262 -> 262
13 -> 19
144 -> 147
128 -> 342
348 -> 348
121 -> 122
