270 -> 270
225 -> 225
341 -> 342
293 -> 294
196 -> 196
218 -> 218
236 -> 236
36 -> 39
299 -> 299
64 -> 64
318 -> 318
279 -> 279
110 -> 110
79 -> 79
177 -> 179
304 -> 304
114 -> 115
223 -> 223
183 -> 183
121 -> 122
330 -> 332
191 -> 194
71 -> 71
78 -> 78
42 -> 42
278 -> 278
230 -> 230
297 -> 297
101 -> 103
81 -> 81
116 -> 116
186 -> 186
19 -> 19
24 -> 24
133 -> 133
32 -> 39
307 -> 307
315 -> 317
139 -> 141
120 -> 122
47 -> 47
266 -> 266
206 -> 206
53 -> 53
7 -> 7
168 -> 168
207 -> 207
216 -> 216
317 -> 342
255 -> 255
312 -> 314
242 -> 242
179 -> 194
128 -> 130
263 -> 263
134 -> 134
302 -> 304
290 -> 290
171 -> 171
237 -> 239
68 -> 68
184 -> 184
161 -> 161
239 -> 259
258 -> 259
249 -> 249
28 -> 28
16 -> 19
52 -> 52
264 -> 264
50 -> 52
105 -> 105
281 -> 281
76 -> 77
43 -> 43
75 -> 77
115 -> 122
244 -> 244
48 -> 48
337 -> 338
283 -> 286
156 -> 156
57 -> 57
286 -> 342
165 -> 165
141 -> 151
259 -> 342
40 -> 40
308 -> 310
274 -> 274
295 -> 295
325 -> 325
348 -> 348
164 -> 165
67 -> 67
192 -> 194
233 -> 234
46 -> 46
127 -> 130
292 -> 294
214 -> 214
193 -> 194
20 -> 20
352 -> 352
38 -> 39
238 -> 239
132 -> 132
199 -> 199
241 -> 241
289 -> 289
284 -> 286
54 -> 54
135 -> 135
1 -> 4
189 -> 189
300 -> 300
222 -> 222
252 -> 252
262 -> 262
334 -> 334
80 -> 80
231 -> 231
208 -> 208
13 -> 19
90 -> 90
272 -> 272
153 -> 153
185 -> 185
107 -> 107
261 -> 261
178 -> 179
245 -> 245
138 -> 138
226 -> 226
210 -> 210
124 -> 124
200 -> 200
309 -> 310
27 -> 27
136 -> 137
219 -> 219
12 -> 12
188 -> 189
276 -> 278
160 -> 161
2 -> 4
44 -> 44
155 -> 155
126 -> 126
339 -> 339
4 -> 24
209 -> 210
221 -> 222
313 -> 314
151 -> 165
187 -> 187
147 -> 147
273 -> 273
194 -> 239
228 -> 228
250 -> 250
146 -> 147
336 -> 336
323 -> 323
277 -> 278
282 -> 282
320 -> 320
350 -> 350
95 -> 95
70 -> 70
202 -> 202
220 -> 220
86 -> 86
154 -> 154
144 -> 144
30 -> 30
327 -> 327
51 -> 52
