1 -> 4
2 -> 4
4 -> 24
7 -> 7
12 -> 12
13 -> 19
16 -> 19
19 -> 19
20 -> 20
24 -> 24
27 -> 27
28 -> 28
30 -> 30
32 -> 39
36 -> 39
38 -> 39
40 -> 40
42 -> 42
43 -> 43
44 -> 44
46 -> 46
47 -> 47
48 -> 48
50 -> 52
51 -> 52
52 -> 52
53 -> 53
54 -> 54
57 -> 57
64 -> 64
67 -> 67
68 -> 68
70 -> 70
71 -> 71
75 -> 77
76 -> 77
78 -> 78
79 -> 79
80 -> 80
81 -> 81
86 -> 86
90 -> 90
95 -> 95
101 -> 103
105 -> 105
107 -> 107
110 -> 110
114 -> 115
115 -> 122
116 -> 116
120 -> 122
121 -> 122
124 -> 124
126 -> 126
127 -> 130
128 -> 130
132 -> 132
133 -> 133
134 -> 134
135 -> 135
136 -> 137
138 -> 138
139 -> 141
141 -> 151
144 -> 144
146 -> 147
147 -> 147
151 -> 165
153 -> 153
154 -> 154
155 -> 155
156 -> 156
160 -> 161
161 -> 161
164 -> 165
165 -> 165
168 -> 168
171 -> 171
177 -> 179
178 -> 179
179 -> 194
183 -> 183
184 -> 184
185 -> 185
186 -> 186
187 -> 187
188 -> 189
189 -> 189
191 -> 194
192 -> 194
193 -> 194
194 -> 239
196 -> 196
199 -> 199
200 -> 200
202 -> 202
206 -> 206
207 -> 207
208 -> 208
209 -> 210
210 -> 210
214 -> 214
216 -> 216
218 -> 218
219 -> 219
220 -> 220
221 -> 222
222 -> 222
223 -> 223
225 -> 225
226 -> 226
228 -> 228
230 -> 230
231 -> 231
233 -> 234
236 -> 236
237 -> 239
238 -> 239
239 -> 259
241 -> 241
242 -> 242
244 -> 244
245 -> 245
249 -> 249
250 -> 250
252 -> 252
255 -> 255
258 -> 259
259 -> 342
261 -> 261
262 -> 262
263 -> 263
264 -> 264
266 -> 266
270 -> 270
272 -> 272
273 -> 273
274 -> 274
276 -> 278
277 -> 278
278 -> 278
279 -> 279
281 -> 281
282 -> 282
283 -> 286
284 -> 286
286 -> 342
289 -> 289
290 -> 290
292 -> 294
293 -> 294
295 -> 295
297 -> 297
299 -> 299
300 -> 300
302 -> 304
304 -> 304
307 -> 307
308 -> 310
309 -> 310
312 -> 314
313 -> 314
315 -> 317
317 -> 342
318 -> 318
320 -> 320
323 -> 323
325 -> 325
327 -> 327
330 -> 332
334 -> 334
336 -> 336
337 -> 338
339 -> 339
341 -> 342
348 -> 348
350 -> 350
352 -> 352
