52 -> 52
75 -> 77
210 -> 210
236 -> 236
67 -> 67
221 -> 222
245 -> 245
239 -> 239
261 -> 261
134 -> 134
188 -> 189
44 -> 44
139 -> 141
339 -> 339
144 -> 144
121 -> 122
128 -> 130
300 -> 300
348 -> 348
315 -> 317
133 -> 133
313 -> 314
1 -> 4
283 -> 286
16 -> 19
28 -> 28
30 -> 30
238 -> 239
258 -> 259
242 -> 242
132 -> 132
46 -> 46
323 -> 323
156 -> 156
270 -> 270
250 -> 250
189 -> 194
38 -> 39
222 -> 239
341 -> 342
32 -> 39
330 -> 332
179 -> 179
307 -> 307
78 -> 78
327 -> 327
233 -> 234
228 -> 228
308 -> 310
218 -> 218
277 -> 278
297 -> 297
4 -> 24
53 -> 53
57 -> 57
284 -> 286
177 -> 179
86 -> 86
164 -> 165
79 -> 79
317 -> 342
262 -> 262
273 -> 273
50 -> 52
151 -> 151
184 -> 184
183 -> 183
116 -> 116
13 -> 19
51 -> 52
90 -> 90
