67 -> 67
80 -> 80
188 -> 189
218 -> 218
70 -> 70
194 -> 194
231 -> 231
221 -> 222
245 -> 245
110 -> 110
161 -> 161
240 -> 240
103 -> 103
336 -> 336
105 -> 105
5 -> 5
72 -> 73
279 -> 279
354 -> 354
300 -> 300
0 -> 4
289 -> 289
27 -> 27
250 -> 250
177 -> 179
60 -> 60
138 -> 138
168 -> 168
203 -> 204
184 -> 184
147 -> 147
118 -> 118
304 -> 304
136 -> 137
213 -> 213
38 -> 39
64 -> 64
132 -> 132
84 -> 85
20 -> 20
133 -> 133
313 -> 314
83 -> 85
243 -> 243
233 -> 234
31 -> 31
226 -> 226
216 -> 216
239 -> 239
332 -> 332
137 -> 141
175 -> 175
141 -> 151
302 -> 304
95 -> 95
126 -> 126
251 -> 252
43 -> 43
16 -> 19
350 -> 350
196 -> 196
219 -> 219
129 -> 130
124 -> 124
325 -> 325
293 -> 294
242 -> 242
339 -> 339
298 -> 298
140 -> 141
48 -> 48
277 -> 278
104 -> 104
176 -> 176
286 -> 286
278 -> 342
173 -> 173
46 -> 46
326 -> 327
143 -> 143
160 -> 161
134 -> 134
290 -> 290
343 -> 343
189 -> 194
76 -> 77
312 -> 314
310 -> 310
121 -> 122
81 -> 81
102 -> 103
282 -> 282
88 -> 88
156 -> 156
241 -> 241
154 -> 154
19 -> 24
79 -> 79
273 -> 273
299 -> 299
164 -> 165
352 -> 352
207 -> 207
320 -> 320
36 -> 39
287 -> 287
57 -> 57
165 -> 179
183 -> 183
244 -> 244
270 -> 270
334 -> 334
53 -> 53
78 -> 78
283 -> 286
292 -> 294
267 -> 267
229 -> 229
202 -> 202
214 -> 214
153 -> 153
269 -> 270
114 -> 115
130 -> 141
93 -> 93
2 -> 4
222 -> 239
116 -> 116
1 -> 4
32 -> 39
106 -> 106
315 -> 317
85 -> 98
276 -> 278
128 -> 130
68 -> 68
98 -> 103
101 -> 103
253 -> 253
24 -> 77
297 -> 297
186 -> 186
284 -> 286
185 -> 185
274 -> 274
115 -> 122
179 -> 194
248 -> 248
281 -> 281
262 -> 262
12 -> 12
321 -> 321
309 -> 310
228 -> 228
341 -> 342
327 -> 342
47 -> 47
266 -> 266
237 -> 239
197 -> 197
263 -> 263
330 -> 332
220 -> 220
17 -> 19
255 -> 255
162 -> 162
317 -> 342
71 -> 71
33 -> 39
112 -> 115
54 -> 54
348 -> 348
259 -> 259
209 -> 210
254 -> 254
122 -> 130
61 -> 62
40 -> 40
39 -> 77
86 -> 86
151 -> 165
30 -> 30
91 -> 91
107 -> 107
96 -> 98
73 -> 77
65 -> 65
331 -> 332
139 -> 141
301 -> 301
4 -> 24
217 -> 217
62 -> 77
171 -> 171
135 -> 135
225 -> 225
191 -> 194
323 -> 323
275 -> 278
50 -> 52
307 -> 307
193 -> 194
190 -> 190
236 -> 236
258 -> 259
261 -> 261
13 -> 19
187 -> 187
21 -> 21
308 -> 310
208 -> 208
318 -> 318
200 -> 200
99 -> 99
264 -> 264
249 -> 249
87 -> 87
192 -> 194
230 -> 230
210 -> 239
42 -> 42
144 -> 144
75 -> 77
69 -> 70
15 -> 19
146 -> 147
52 -> 77
223 -> 223
206 -> 206
316 -> 317
272 -> 272
199 -> 199
252 -> 259
238 -> 239
295 -> 295
178 -> 179
28 -> 28
166 -> 166
34 -> 39
120 -> 122
10 -> 12
7 -> 7
337 -> 338
51 -> 52
111 -> 111
155 -> 155
92 -> 92
44 -> 44
90 -> 90
127 -> 130
256 -> 259
