329 -> 329
276 -> 276
443 -> 443
367 -> 367
238 -> 238
267 -> 267
296 -> 296
65 -> 65
371 -> 371
97 -> 97
403 -> 403
354 -> 354
162 -> 162
140 -> 140
233 -> 233
377 -> 377
172 -> 172
289 -> 289
235 -> 235
177 -> 177
416 -> 416
255 -> 255
72 -> 72
168 -> 168
299 -> 299
358 -> 358
305 -> 305
374 -> 374
182 -> 182
101 -> 101
186 -> 186
266 -> 266
109 -> 109
183 -> 183
227 -> 227
170 -> 170
399 -> 399
407 -> 407
49 -> 49
136 -> 136
283 -> 283
148 -> 148
303 -> 303
324 -> 324
90 -> 90
39 -> 39
307 -> 307
317 -> 317
409 -> 409
357 -> 357
92 -> 92
68 -> 68
76 -> 76
54 -> 54
46 -> 46
234 -> 234
57 -> 57
390 -> 390
64 -> 64
246 -> 246
320 -> 320
173 -> 173
315 -> 315
360 -> 360
60 -> 60
154 -> 154
184 -> 184
370 -> 370
225 -> 225
200 -> 200
108 -> 108
241 -> 241
280 -> 280
440 -> 440
96 -> 96
347 -> 347
55 -> 55
27 -> 27
274 -> 274
449 -> 449
344 -> 344
187 -> 187
176 -> 176
332 -> 332
42 -> 42
88 -> 88
262 -> 262
209 -> 209
115 -> 115
191 -> 191
