320 -> 320
268 -> 268
443 -> 443
367 -> 367
230 -> 230
251 -> 251
276 -> 276
56 -> 56
373 -> 373
96 -> 96
394 -> 394
335 -> 335
130 -> 130
112 -> 112
193 -> 193
377 -> 377
131 -> 131
262 -> 262
196 -> 196
138 -> 138
408 -> 408
212 -> 212
42 -> 42
102 -> 102
255 -> 255
329 -> 329
266 -> 266
32 -> 32
48 -> 48
103 -> 103
121 -> 121
195 -> 195
184 -> 184
97 -> 97
140 -> 140
89 -> 89
50 -> 50
386 -> 386
148 -> 148
118 -> 118
197 -> 197
305 -> 305
219 -> 219
63 -> 63
355 -> 355
169 -> 169
218 -> 218
231 -> 231
88 -> 88
284 -> 284
380 -> 380
271 -> 271
172 -> 172
115 -> 115
294 -> 294
119 -> 119
369 -> 369
345 -> 345
162 -> 162
80 -> 80
174 -> 174
101 -> 101
149 -> 149
54 -> 54
280 -> 280
272 -> 272
319 -> 319
247 -> 247
309 -> 309
289 -> 289
370 -> 370
111 -> 111
317 -> 317
383 -> 383
155 -> 155
334 -> 334
382 -> 382
73 -> 73
375 -> 375
411 -> 411
128 -> 128
341 -> 341
229 -> 229
322 -> 322
64 -> 64
241 -> 241
109 -> 109
191 -> 191
68 -> 68
53 -> 53
339 -> 339
392 -> 392
441 -> 441
332 -> 332
256 -> 256
286 -> 286
62 -> 62
395 -> 395
269 -> 269
323 -> 323
113 -> 113
150 -> 150
46 -> 46
448 -> 448
350 -> 350
210 -> 210
344 -> 344
321 -> 321
216 -> 216
307 -> 307
296 -> 296
324 -> 324
55 -> 55
263 -> 263
166 -> 166
179 -> 179
308 -> 308
61 -> 61
233 -> 233
393 -> 393
114 -> 114
245 -> 245
72 -> 72
449 -> 449
189 -> 189
239 -> 239
142 -> 142
279 -> 279
358 -> 358
203 -> 203
400 -> 400
206 -> 206
287 -> 287
28 -> 28
285 -> 285
161 -> 161
234 -> 234
90 -> 90
356 -> 356
267 -> 267
299 -> 299
414 -> 414
156 -> 156
135 -> 135
160 -> 160
182 -> 182
27 -> 27
139 -> 139
249 -> 249
399 -> 399
204 -> 204
390 -> 390
252 -> 252
228 -> 228
238 -> 238
381 -> 381
403 -> 403
235 -> 235
146 -> 146
378 -> 378
35 -> 35
31 -> 31
100 -> 100
116 -> 116
376 -> 376
154 -> 154
153 -> 153
164 -> 164
170 -> 170
237 -> 237
178 -> 178
187 -> 187
117 -> 117
303 -> 303
152 -> 152
65 -> 65
85 -> 85
325 -> 325
331 -> 331
306 -> 306
316 -> 316
60 -> 60
41 -> 41
347 -> 347
348 -> 348
220 -> 220
185 -> 185
173 -> 173
250 -> 250
81 -> 81
242 -> 242
283 -> 283
201 -> 201
183 -> 183
120 -> 120
95 -> 95
264 -> 264
171 -> 171
92 -> 92
177 -> 177
224 -> 224
141 -> 141
447 -> 447
384 -> 384
167 -> 167
127 -> 127
295 -> 295
225 -> 225
300 -> 300
407 -> 407
39 -> 39
445 -> 445
69 -> 69
274 -> 274
298 -> 298
450 -> 450
217 -> 217
265 -> 265
43 -> 43
133 -> 133
410 -> 410
226 -> 226
147 -> 147
391 -> 391
246 -> 246
186 -> 186
440 -> 440
36 -> 36
136 -> 136
402 -> 402
108 -> 108
157 -> 157
129 -> 129
77 -> 77
318 -> 318
165 -> 165
158 -> 158
293 -> 293
105 -> 105
248 -> 248
288 -> 288
208 -> 208
163 -> 163
200 -> 200
232 -> 232
205 -> 205
374 -> 374
76 -> 76
351 -> 351
290 -> 290
360 -> 360
387 -> 387
385 -> 385
275 -> 275
278 -> 278
126 -> 126
104 -> 104
151 -> 151
190 -> 190
357 -> 357
412 -> 412
47 -> 47
221 -> 221
192 -> 192
244 -> 244
371 -> 371
409 -> 409
57 -> 57
209 -> 209
277 -> 277
40 -> 40
359 -> 359
270 -> 270
227 -> 227
194 -> 194
84 -> 84
49 -> 49
416 -> 416
354 -> 354
144 -> 144
297 -> 297
273 -> 273
176 -> 176
168 -> 168
110 -> 110
372 -> 372
145 -> 145
315 -> 315
281 -> 281
