27 -> 27
39 -> 39
42 -> 42
46 -> 46
49 -> 49
54 -> 54
55 -> 55
57 -> 57
60 -> 60
64 -> 64
65 -> 65
68 -> 68
72 -> 72
76 -> 76
88 -> 88
90 -> 90
92 -> 92
96 -> 96
97 -> 97
101 -> 101
108 -> 108
109 -> 109
115 -> 115
136 -> 136
140 -> 140
148 -> 148
154 -> 154
162 -> 162
168 -> 168
170 -> 170
172 -> 172
173 -> 173
176 -> 176
177 -> 177
182 -> 182
183 -> 183
184 -> 184
186 -> 186
187 -> 187
191 -> 191
200 -> 200
209 -> 209
225 -> 225
227 -> 227
233 -> 233
234 -> 234
235 -> 235
238 -> 238
241 -> 241
246 -> 246
255 -> 255
262 -> 262
266 -> 266
267 -> 267
274 -> 274
276 -> 276
280 -> 280
283 -> 283
289 -> 289
296 -> 296
299 -> 299
303 -> 303
305 -> 305
307 -> 307
315 -> 315
317 -> 317
320 -> 320
324 -> 324
329 -> 329
332 -> 332
344 -> 344
347 -> 347
354 -> 354
357 -> 357
358 -> 358
360 -> 360
367 -> 367
370 -> 370
371 -> 371
374 -> 374
377 -> 377
390 -> 390
399 -> 399
403 -> 403
407 -> 407
409 -> 409
416 -> 416
440 -> 440
443 -> 443
449 -> 449
