27 -> 27
46 -> 46
267 -> 267
238 -> 238
416 -> 416
109 -> 109
305 -> 305
289 -> 289
390 -> 390
68 -> 68
317 -> 317
42 -> 42
170 -> 170
344 -> 344
440 -> 440
443 -> 443
407 -> 407
57 -> 57
276 -> 276
72 -> 72
184 -> 184
177 -> 177
347 -> 347
108 -> 108
354 -> 354
296 -> 296
307 -> 307
227 -> 227
162 -> 162
332 -> 332
88 -> 88
315 -> 315
49 -> 49
234 -> 234
360 -> 360
64 -> 64
280 -> 280
283 -> 283
358 -> 358
168 -> 168
101 -> 101
209 -> 209
76 -> 76
65 -> 65
299 -> 299
225 -> 225
329 -> 329
241 -> 241
200 -> 200
191 -> 191
409 -> 409
233 -> 233
60 -> 60
377 -> 377
154 -> 154
39 -> 39
399 -> 399
148 -> 148
96 -> 96
115 -> 115
403 -> 403
370 -> 370
246 -> 246
187 -> 187
274 -> 274
55 -> 55
324 -> 324
357 -> 357
140 -> 140
90 -> 90
172 -> 172
186 -> 186
92 -> 92
320 -> 320
266 -> 266
371 -> 371
54 -> 54
173 -> 173
374 -> 374
262 -> 262
303 -> 303
183 -> 183
176 -> 176
449 -> 449
255 -> 255
97 -> 97
367 -> 367
235 -> 235
136 -> 136
182 -> 182
103 -> 103
242 -> 242
245 -> 245
158 -> 158
35 -> 35
216 -> 216
195 -> 195
380 -> 380
31 -> 31
285 -> 285
36 -> 36
278 -> 278
372 -> 372
271 -> 271
249 -> 249
237 -> 237
286 -> 286
345 -> 345
334 -> 334
53 -> 53
264 -> 264
300 -> 300
284 -> 284
309 -> 309
146 -> 146
265 -> 265
316 -> 316
385 -> 385
381 -> 381
263 -> 263
32 -> 32
244 -> 244
279 -> 279
194 -> 194
153 -> 153
369 -> 369
293 -> 293
392 -> 392
95 -> 95
56 -> 56
335 -> 335
179 -> 179
204 -> 204
382 -> 382
339 -> 339
62 -> 62
129 -> 129
294 -> 294
205 -> 205
84 -> 84
73 -> 73
47 -> 47
135 -> 135
412 -> 412
157 -> 157
121 -> 121
217 -> 217
133 -> 133
77 -> 77
281 -> 281
126 -> 126
166 -> 166
393 -> 393
119 -> 119
156 -> 156
448 -> 448
224 -> 224
318 -> 318
378 -> 378
250 -> 250
206 -> 206
190 -> 190
112 -> 112
100 -> 100
356 -> 356
41 -> 41
80 -> 80
118 -> 118
111 -> 111
306 -> 306
160 -> 160
325 -> 325
359 -> 359
447 -> 447
150 -> 150
142 -> 142
414 -> 414
164 -> 164
141 -> 141
131 -> 131
445 -> 445
220 -> 220
219 -> 219
28 -> 28
89 -> 89
383 -> 383
212 -> 212
210 -> 210
130 -> 130
400 -> 400
350 -> 350
323 -> 323
348 -> 348
50 -> 50
270 -> 270
197 -> 197
441 -> 441
256 -> 256
391 -> 391
116 -> 116
104 -> 104
376 -> 376
161 -> 161
308 -> 308
43 -> 43
63 -> 63
251 -> 251
450 -> 450
221 -> 221
247 -> 247
248 -> 248
192 -> 192
331 -> 331
145 -> 145
252 -> 252
295 -> 295
193 -> 193
394 -> 394
110 -> 110
239 -> 239
48 -> 48
203 -> 203
196 -> 196
228 -> 228
201 -> 201
