323 -> 323
266 -> 266
445 -> 445
367 -> 367
234 -> 234
251 -> 251
279 -> 279
54 -> 54
372 -> 372
92 -> 92
394 -> 394
339 -> 339
130 -> 130
109 -> 109
200 -> 200
377 -> 377
133 -> 133
263 -> 263
203 -> 203
140 -> 140
409 -> 409
220 -> 220
96 -> 96
101 -> 101
262 -> 262
332 -> 332
267 -> 267
369 -> 369
112 -> 112
104 -> 104
48 -> 48
205 -> 205
194 -> 194
103 -> 103
148 -> 148
63 -> 63
378 -> 378
390 -> 390
157 -> 157
129 -> 129
210 -> 210
315 -> 315
228 -> 228
264 -> 264
358 -> 358
186 -> 186
233 -> 233
242 -> 242
391 -> 391
294 -> 294
381 -> 381
280 -> 280
191 -> 191
131 -> 131
305 -> 305
136 -> 136
371 -> 371
354 -> 354
182 -> 182
72 -> 72
195 -> 195
192 -> 192
168 -> 168
270 -> 270
293 -> 293
283 -> 283
329 -> 329
55 -> 55
27 -> 27
100 -> 100
374 -> 374
356 -> 356
150 -> 150
385 -> 385
135 -> 135
348 -> 348
161 -> 161
274 -> 274
95 -> 95
416 -> 416
68 -> 68
41 -> 41
248 -> 248
335 -> 335
345 -> 345
153 -> 153
285 -> 285
62 -> 62
42 -> 42
307 -> 307
176 -> 176
46 -> 46
31 -> 31
164 -> 164
39 -> 39
306 -> 306
246 -> 246
403 -> 403
286 -> 286
162 -> 162
84 -> 84
88 -> 88
158 -> 158
449 -> 449
32 -> 32
245 -> 245
49 -> 49
56 -> 56
247 -> 247
331 -> 331
320 -> 320
204 -> 204
239 -> 239
184 -> 184
224 -> 224
350 -> 350
173 -> 173
252 -> 252
80 -> 80
50 -> 50
53 -> 53
119 -> 119
237 -> 237
209 -> 209
271 -> 271
278 -> 278
146 -> 146
309 -> 309
376 -> 376
250 -> 250
60 -> 60
235 -> 235
221 -> 221
303 -> 303
255 -> 255
295 -> 295
57 -> 57
121 -> 121
249 -> 249
156 -> 156
179 -> 179
443 -> 443
73 -> 73
126 -> 126
360 -> 360
201 -> 201
357 -> 357
110 -> 110
299 -> 299
412 -> 412
284 -> 284
238 -> 238
76 -> 76
334 -> 334
183 -> 183
141 -> 141
172 -> 172
296 -> 296
359 -> 359
393 -> 393
414 -> 414
448 -> 448
380 -> 380
47 -> 47
256 -> 256
166 -> 166
43 -> 43
289 -> 289
244 -> 244
399 -> 399
206 -> 206
241 -> 241
400 -> 400
300 -> 300
219 -> 219
35 -> 35
65 -> 65
225 -> 225
170 -> 170
142 -> 142
187 -> 187
216 -> 216
116 -> 116
383 -> 383
89 -> 89
447 -> 447
190 -> 190
265 -> 265
281 -> 281
111 -> 111
407 -> 407
344 -> 344
77 -> 77
227 -> 227
197 -> 197
324 -> 324
97 -> 97
370 -> 370
118 -> 118
217 -> 217
160 -> 160
90 -> 90
318 -> 318
440 -> 440
308 -> 308
64 -> 64
347 -> 347
108 -> 108
441 -> 441
154 -> 154
28 -> 28
450 -> 450
317 -> 317
382 -> 382
36 -> 36
177 -> 177
145 -> 145
276 -> 276
196 -> 196
316 -> 316
115 -> 115
193 -> 193
392 -> 392
212 -> 212
325 -> 325
