Set Breakpoint at 12
Set Breakpoint at 29
Set Breakpoint at 216
Set Breakpoint at 197
Set Breakpoint at 331
Set Breakpoint at 81
Set Breakpoint at 243
Set Breakpoint at 233
Set Breakpoint at 314
Set Breakpoint at 55
Set Breakpoint at 254
Set Breakpoint at 40
Set Breakpoint at 135
Set Breakpoint at 277
Set Breakpoint at 334
Set Breakpoint at 350
Set Breakpoint at 316
Set Breakpoint at 342
Set Breakpoint at 22
Set Breakpoint at 57
Set Breakpoint at 230
Set Breakpoint at 65
Set Breakpoint at 322
Set Breakpoint at 161
Set Breakpoint at 26
Set Breakpoint at 154
Set Breakpoint at 149
Set Breakpoint at 71
Set Breakpoint at 286
Set Breakpoint at 312
Set Breakpoint at 95
Set Breakpoint at 294
Set Breakpoint at 247
Set Breakpoint at 11
Set Breakpoint at 205
resume
resume
stepOver
stepOver
stepOut
resume
stepOver
stepOver
stepOut
resume
stepOver
resume
stepIn
stepOut
stepOut
stepOut
stepOut
stepOut
resume
resume
stepOver
resume
stepOut
stepIn
resume
stepIn
stepIn
resume
stepOut
stepOut
resume
stepOut
stepOver
stepOver
stepOver
stepIn
stepOut
stepOver
resume
stepOut
stepOver
stepOut
resume
resume
stepOver
stepOut
resume
stepOver
stepOver
stepOver
stepIn
resume
stepIn
resume
stepOut
resume
stepOver
stepIn
stepOver
stepOver
stepIn
stepOver
stepIn
stepOut
stepOver
resume
stepOut
stepIn
resume
stepOut
stepIn
stepOut
resume
stepIn
stepOut
resume
stepOut
stepOut
stepOver
stepOver
stepIn
stepOver
resume
stepOver
stepOut
stepOut
stepIn
stepOver
stepOut
resume
stepIn
stepIn
stepIn
resume
stepIn
resume
stepOver
stepOver
stepOver
stepOut
