43 -> 264
49 -> 50
185 -> 264
200 -> 200
4 -> 4
188 -> 192
212 -> 212
205 -> 211
222 -> 222
128 -> 128
178 -> 178
221 -> 222
132 -> 132
288 -> 288
139 -> 264
118 -> 118
122 -> 123
260 -> 260
296 -> 296
274 -> 274
45 -> 46
267 -> 267
150 -> 150
240 -> 241
37 -> 38
152 -> 152
13 -> 25
207 -> 211
39 -> 264
219 -> 219
57 -> 57
202 -> 202
280 -> 282
32 -> 32
235 -> 236
229 -> 264
198 -> 200
44 -> 264
160 -> 160
108 -> 109
193 -> 193
287 -> 288
67 -> 67
66 -> 66
159 -> 160
187 -> 192
156 -> 264
231 -> 236
277 -> 278
113 -> 114
261 -> 261
112 -> 264
73 -> 73
26 -> 28
254 -> 254
42 -> 264
27 -> 28
11 -> 25
0 -> 1
241 -> 241
