0 -> 1
3 -> 4
4 -> 4
10 -> 25
11 -> 25
13 -> 25
16 -> 25
17 -> 25
20 -> 25
21 -> 25
23 -> 25
24 -> 25
26 -> 28
27 -> 28
32 -> 32
34 -> 35
35 -> 35
36 -> 38
37 -> 38
39 -> 264
42 -> 264
43 -> 264
44 -> 264
45 -> 46
49 -> 50
57 -> 57
59 -> 60
60 -> 60
64 -> 64
66 -> 66
67 -> 67
68 -> 264
73 -> 73
76 -> 76
91 -> 92
93 -> 93
97 -> 97
99 -> 101
102 -> 264
105 -> 106
107 -> 264
108 -> 109
112 -> 264
113 -> 114
114 -> 114
116 -> 264
117 -> 118
118 -> 118
122 -> 123
124 -> 124
128 -> 128
130 -> 130
132 -> 132
139 -> 264
142 -> 142
150 -> 150
151 -> 151
152 -> 152
156 -> 264
157 -> 160
158 -> 160
159 -> 160
160 -> 160
161 -> 163
162 -> 163
163 -> 163
164 -> 164
166 -> 167
169 -> 264
171 -> 171
174 -> 264
175 -> 177
176 -> 177
177 -> 177
178 -> 178
181 -> 264
183 -> 183
185 -> 264
186 -> 192
187 -> 192
188 -> 192
191 -> 192
193 -> 193
198 -> 200
200 -> 200
201 -> 201
202 -> 202
205 -> 211
207 -> 211
211 -> 211
212 -> 212
214 -> 217
216 -> 217
218 -> 219
219 -> 219
220 -> 222
221 -> 222
222 -> 222
223 -> 224
229 -> 264
231 -> 236
234 -> 236
235 -> 236
239 -> 239
240 -> 241
241 -> 241
242 -> 247
245 -> 247
248 -> 248
249 -> 249
250 -> 250
252 -> 264
253 -> 254
254 -> 254
255 -> 255
258 -> 259
260 -> 260
261 -> 261
265 -> 265
266 -> 267
267 -> 267
269 -> 271
274 -> 274
277 -> 278
278 -> 278
280 -> 282
283 -> 285
285 -> 285
286 -> 286
287 -> 288
288 -> 288
289 -> 289
296 -> 296
299 -> 300
