234 -> 236
193 -> 193
289 -> 289
254 -> 254
174 -> 264
186 -> 192
205 -> 211
26 -> 28
260 -> 260
49 -> 50
278 -> 278
245 -> 247
99 -> 101
68 -> 264
159 -> 160
265 -> 265
105 -> 106
198 -> 200
161 -> 163
112 -> 264
285 -> 285
171 -> 171
67 -> 67
73 -> 73
200 -> 200
24 -> 25
16 -> 25
20 -> 25
102 -> 264
97 -> 97
113 -> 114
169 -> 264
162 -> 163
17 -> 25
128 -> 128
66 -> 66
267 -> 267
277 -> 278
142 -> 142
118 -> 118
176 -> 177
239 -> 239
13 -> 25
211 -> 211
258 -> 259
164 -> 164
188 -> 192
21 -> 25
23 -> 25
229 -> 264
274 -> 274
221 -> 222
11 -> 25
64 -> 64
108 -> 109
152 -> 152
266 -> 267
114 -> 114
132 -> 132
220 -> 222
181 -> 264
178 -> 178
27 -> 28
222 -> 222
235 -> 236
0 -> 1
253 -> 254
130 -> 130
252 -> 264
57 -> 57
269 -> 271
261 -> 261
10 -> 25
280 -> 282
39 -> 264
175 -> 177
177 -> 177
45 -> 46
76 -> 76
288 -> 288
150 -> 150
151 -> 151
223 -> 224
158 -> 160
34 -> 35
185 -> 264
248 -> 248
219 -> 219
32 -> 32
107 -> 264
93 -> 93
286 -> 286
296 -> 296
212 -> 212
249 -> 249
255 -> 255
240 -> 241
287 -> 288
44 -> 264
156 -> 264
231 -> 236
91 -> 92
207 -> 211
299 -> 300
183 -> 183
59 -> 60
166 -> 167
201 -> 201
116 -> 264
43 -> 264
163 -> 163
242 -> 247
3 -> 4
218 -> 219
283 -> 285
157 -> 160
160 -> 160
191 -> 192
124 -> 124
216 -> 217
187 -> 192
122 -> 123
35 -> 35
139 -> 264
60 -> 60
117 -> 118
214 -> 217
37 -> 38
36 -> 38
42 -> 264
241 -> 241
4 -> 4
250 -> 250
202 -> 202
