45 -> 46
66 -> 66
175 -> 177
198 -> 200
59 -> 60
178 -> 178
211 -> 211
201 -> 201
220 -> 222
114 -> 114
161 -> 163
218 -> 219
113 -> 114
287 -> 288
116 -> 264
68 -> 264
73 -> 73
250 -> 250
299 -> 300
261 -> 261
35 -> 35
255 -> 255
93 -> 93
229 -> 264
176 -> 177
34 -> 35
159 -> 160
4 -> 4
10 -> 25
183 -> 183
164 -> 164
150 -> 150
267 -> 267
23 -> 25
205 -> 211
3 -> 4
105 -> 106
76 -> 76
118 -> 118
288 -> 288
162 -> 163
277 -> 278
122 -> 123
231 -> 236
222 -> 222
42 -> 264
20 -> 25
214 -> 217
0 -> 1
27 -> 28
174 -> 264
188 -> 192
177 -> 177
269 -> 271
157 -> 160
169 -> 264
241 -> 241
102 -> 264
130 -> 130
296 -> 296
212 -> 212
21 -> 25
132 -> 132
49 -> 50
286 -> 286
32 -> 32
151 -> 151
289 -> 289
139 -> 264
191 -> 192
108 -> 109
260 -> 260
99 -> 101
158 -> 160
266 -> 267
39 -> 264
160 -> 160
202 -> 202
124 -> 124
91 -> 92
44 -> 264
17 -> 25
57 -> 57
142 -> 142
223 -> 224
156 -> 264
283 -> 285
185 -> 264
187 -> 192
43 -> 264
274 -> 274
193 -> 193
216 -> 217
11 -> 25
254 -> 254
200 -> 200
235 -> 236
64 -> 64
152 -> 152
207 -> 211
239 -> 239
37 -> 38
252 -> 264
97 -> 97
13 -> 25
280 -> 282
245 -> 247
248 -> 248
221 -> 222
163 -> 163
278 -> 278
24 -> 25
181 -> 264
186 -> 192
285 -> 285
107 -> 264
112 -> 264
171 -> 171
117 -> 118
253 -> 254
67 -> 67
258 -> 259
240 -> 241
36 -> 38
16 -> 25
249 -> 249
265 -> 265
234 -> 236
26 -> 28
60 -> 60
242 -> 247
128 -> 128
166 -> 167
219 -> 219
