229 -> 264
200 -> 200
288 -> 288
260 -> 260
185 -> 264
198 -> 200
207 -> 211
42 -> 264
261 -> 261
66 -> 66
280 -> 282
241 -> 241
118 -> 118
112 -> 264
26 -> 28
274 -> 274
132 -> 132
212 -> 212
188 -> 192
152 -> 152
287 -> 288
4 -> 4
67 -> 67
150 -> 150
221 -> 222
13 -> 25
0 -> 1
37 -> 38
178 -> 178
156 -> 264
187 -> 192
73 -> 73
32 -> 32
108 -> 109
202 -> 202
193 -> 193
43 -> 264
113 -> 114
159 -> 160
57 -> 57
231 -> 236
267 -> 267
44 -> 264
139 -> 264
27 -> 28
240 -> 241
122 -> 123
39 -> 264
11 -> 25
277 -> 278
128 -> 128
219 -> 219
160 -> 160
235 -> 236
45 -> 46
205 -> 211
296 -> 296
222 -> 222
254 -> 254
49 -> 50
