124 -> 124
191 -> 192
68 -> 264
114 -> 114
116 -> 264
16 -> 25
49 -> 50
113 -> 114
288 -> 288
250 -> 250
176 -> 177
23 -> 25
44 -> 264
202 -> 202
287 -> 288
261 -> 261
66 -> 66
229 -> 264
118 -> 118
3 -> 4
67 -> 67
174 -> 264
186 -> 192
27 -> 28
253 -> 254
183 -> 183
128 -> 128
240 -> 241
59 -> 60
267 -> 267
122 -> 123
157 -> 160
97 -> 97
112 -> 264
152 -> 152
36 -> 38
241 -> 241
254 -> 254
37 -> 38
178 -> 178
219 -> 219
220 -> 222
26 -> 28
163 -> 163
239 -> 239
289 -> 289
32 -> 32
258 -> 259
169 -> 264
222 -> 222
248 -> 248
285 -> 285
201 -> 201
108 -> 109
150 -> 150
205 -> 211
11 -> 25
266 -> 267
4 -> 4
187 -> 192
216 -> 217
255 -> 255
132 -> 132
60 -> 60
117 -> 118
76 -> 76
0 -> 1
221 -> 222
57 -> 57
212 -> 212
35 -> 35
249 -> 249
39 -> 264
252 -> 264
151 -> 151
158 -> 160
159 -> 160
286 -> 286
64 -> 64
99 -> 101
214 -> 217
299 -> 300
207 -> 211
235 -> 236
45 -> 46
223 -> 224
181 -> 264
218 -> 219
130 -> 130
274 -> 274
278 -> 278
171 -> 171
10 -> 25
21 -> 25
200 -> 200
193 -> 193
91 -> 92
142 -> 142
269 -> 271
245 -> 247
13 -> 25
296 -> 296
211 -> 211
102 -> 264
175 -> 177
277 -> 278
93 -> 93
185 -> 264
42 -> 264
43 -> 264
166 -> 167
234 -> 236
160 -> 160
283 -> 285
24 -> 25
177 -> 177
161 -> 163
20 -> 25
231 -> 236
105 -> 106
198 -> 200
188 -> 192
260 -> 260
34 -> 35
164 -> 164
280 -> 282
17 -> 25
242 -> 247
73 -> 73
162 -> 163
139 -> 264
156 -> 264
265 -> 265
107 -> 264
