401 -> 401
342 -> 343
360 -> 366
162 -> 162
85 -> 87
298 -> 298
186 -> 186
365 -> 366
143 -> 143
194 -> 194
16 -> 26
371 -> 371
385 -> 385
247 -> 247
98 -> 99
61 -> 61
366 -> 370
353 -> 353
273 -> 273
145 -> 145
393 -> 393
144 -> 144
102 -> 102
11 -> 26
300 -> 302
340 -> 340
34 -> 34
5 -> 26
310 -> 314
216 -> 216
81 -> 83
381 -> 381
35 -> 35
226 -> 226
180 -> 181
26 -> 30
282 -> 282
348 -> 349
111 -> 111
344 -> 344
419 -> 437
258 -> 261
115 -> 115
28 -> 30
361 -> 366
72 -> 72
68 -> 68
238 -> 238
188 -> 188
116 -> 116
164 -> 164
183 -> 183
281 -> 282
218 -> 218
114 -> 114
372 -> 372
362 -> 366
150 -> 150
244 -> 244
324 -> 324
396 -> 398
289 -> 289
320 -> 320
412 -> 413
148 -> 148
77 -> 79
439 -> 440
283 -> 283
227 -> 227
83 -> 87
305 -> 305
413 -> 440
407 -> 407
382 -> 382
84 -> 84
432 -> 437
29 -> 30
370 -> 406
87 -> 94
141 -> 141
90 -> 91
198 -> 199
367 -> 368
368 -> 370
146 -> 146
264 -> 264
428 -> 437
299 -> 299
50 -> 52
330 -> 330
151 -> 151
267 -> 267
3 -> 26
232 -> 232
387 -> 389
239 -> 240
266 -> 266
196 -> 196
270 -> 270
249 -> 249
139 -> 139
64 -> 64
296 -> 296
6 -> 26
160 -> 160
222 -> 223
25 -> 26
288 -> 288
112 -> 112
316 -> 316
122 -> 125
17 -> 26
431 -> 437
13 -> 26
315 -> 315
169 -> 169
377 -> 377
297 -> 297
37 -> 38
140 -> 140
404 -> 406
380 -> 380
36 -> 38
394 -> 394
406 -> 440
314 -> 357
8 -> 26
345 -> 346
284 -> 284
233 -> 233
47 -> 47
359 -> 359
2 -> 26
443 -> 444
107 -> 107
373 -> 373
326 -> 328
185 -> 185
292 -> 292
338 -> 338
117 -> 117
427 -> 437
126 -> 126
44 -> 45
328 -> 357
417 -> 437
154 -> 154
230 -> 230
291 -> 292
132 -> 132
398 -> 406
279 -> 279
200 -> 200
357 -> 406
265 -> 265
322 -> 322
184 -> 184
79 -> 83
290 -> 292
74 -> 75
40 -> 40
39 -> 39
408 -> 408
55 -> 55
168 -> 168
304 -> 304
262 -> 262
302 -> 304
383 -> 383
225 -> 225
356 -> 356
251 -> 251
176 -> 176
65 -> 67
22 -> 26
347 -> 347
445 -> 445
327 -> 328
403 -> 406
171 -> 171
12 -> 26
23 -> 26
253 -> 254
343 -> 357
147 -> 147
378 -> 379
234 -> 234
192 -> 192
235 -> 236
4 -> 26
390 -> 390
237 -> 237
278 -> 278
433 -> 437
52 -> 59
334 -> 334
350 -> 350
195 -> 195
51 -> 52
100 -> 100
31 -> 31
93 -> 94
70 -> 71
329 -> 330
123 -> 125
333 -> 333
389 -> 406
307 -> 307
341 -> 343
317 -> 317
32 -> 34
131 -> 132
110 -> 110
120 -> 120
242 -> 243
411 -> 411
312 -> 314
191 -> 191
397 -> 398
254 -> 261
388 -> 389
318 -> 318
96 -> 96
434 -> 437
