0 -> 26
1 -> 26
2 -> 26
3 -> 26
4 -> 26
5 -> 26
6 -> 26
7 -> 26
8 -> 26
9 -> 26
10 -> 26
11 -> 26
12 -> 26
13 -> 26
14 -> 26
15 -> 26
16 -> 26
17 -> 26
18 -> 26
19 -> 26
20 -> 26
21 -> 26
22 -> 26
23 -> 26
24 -> 26
25 -> 26
26 -> 30
27 -> 27
28 -> 30
29 -> 30
30 -> 34
31 -> 31
32 -> 34
33 -> 34
34 -> 38
35 -> 35
36 -> 38
37 -> 38
38 -> 45
39 -> 39
40 -> 40
41 -> 41
42 -> 42
43 -> 45
44 -> 45
45 -> 52
46 -> 46
47 -> 47
48 -> 48
49 -> 49
50 -> 52
51 -> 52
52 -> 59
53 -> 53
54 -> 54
55 -> 55
56 -> 56
57 -> 59
58 -> 59
59 -> 67
60 -> 60
61 -> 61
62 -> 62
63 -> 63
64 -> 64
65 -> 67
66 -> 67
67 -> 71
68 -> 68
69 -> 71
70 -> 71
71 -> 71
72 -> 72
73 -> 75
74 -> 75
75 -> 79
76 -> 76
77 -> 79
78 -> 79
79 -> 83
80 -> 80
81 -> 83
82 -> 83
83 -> 87
84 -> 84
85 -> 87
86 -> 87
87 -> 87
88 -> 88
89 -> 89
90 -> 91
91 -> 94
92 -> 94
93 -> 94
94 -> 99
95 -> 95
96 -> 96
97 -> 99
98 -> 99
99 -> 107
100 -> 100
101 -> 101
102 -> 102
103 -> 103
104 -> 104
105 -> 107
106 -> 107
107 -> 125
108 -> 108
109 -> 109
110 -> 110
111 -> 111
112 -> 112
113 -> 113
114 -> 114
115 -> 115
116 -> 116
117 -> 117
118 -> 118
119 -> 119
120 -> 120
121 -> 125
122 -> 125
123 -> 125
124 -> 125
125 -> 159
126 -> 126
127 -> 127
128 -> 128
129 -> 129
130 -> 130
131 -> 132
132 -> 159
133 -> 134
134 -> 134
135 -> 135
136 -> 137
137 -> 137
138 -> 138
139 -> 139
140 -> 140
141 -> 141
142 -> 143
143 -> 159
144 -> 144
145 -> 145
146 -> 146
147 -> 147
148 -> 148
149 -> 149
150 -> 150
151 -> 151
152 -> 152
153 -> 153
154 -> 154
155 -> 155
156 -> 156
157 -> 157
158 -> 159
159 -> 159
160 -> 160
161 -> 161
162 -> 162
163 -> 163
164 -> 164
165 -> 165
166 -> 166
167 -> 167
168 -> 168
169 -> 169
170 -> 170
171 -> 171
172 -> 172
173 -> 173
174 -> 175
175 -> 175
176 -> 176
177 -> 177
178 -> 178
179 -> 181
180 -> 181
181 -> 186
182 -> 182
183 -> 183
184 -> 184
185 -> 185
186 -> 186
187 -> 188
188 -> 188
189 -> 189
190 -> 190
191 -> 191
192 -> 192
193 -> 193
194 -> 194
195 -> 195
196 -> 196
197 -> 199
198 -> 199
199 -> 199
200 -> 200
201 -> 202
202 -> 202
203 -> 203
204 -> 204
205 -> 205
206 -> 207
207 -> 243
208 -> 208
209 -> 209
210 -> 211
211 -> 243
212 -> 215
213 -> 215
214 -> 215
215 -> 215
216 -> 216
217 -> 217
218 -> 218
219 -> 219
220 -> 220
221 -> 223
222 -> 223
223 -> 223
224 -> 224
225 -> 225
226 -> 226
227 -> 227
228 -> 228
229 -> 229
230 -> 230
231 -> 231
232 -> 232
233 -> 233
234 -> 234
235 -> 236
236 -> 236
237 -> 237
238 -> 238
239 -> 240
240 -> 240
241 -> 241
242 -> 243
243 -> 244
244 -> 261
245 -> 245
246 -> 246
247 -> 247
248 -> 248
249 -> 249
250 -> 250
251 -> 251
252 -> 254
253 -> 254
254 -> 261
255 -> 255
256 -> 261
257 -> 261
258 -> 261
259 -> 261
260 -> 261
261 -> 282
262 -> 262
263 -> 263
264 -> 264
265 -> 265
266 -> 266
267 -> 267
268 -> 268
269 -> 269
270 -> 270
271 -> 271
272 -> 272
273 -> 273
274 -> 274
275 -> 275
276 -> 276
277 -> 277
278 -> 278
279 -> 279
280 -> 280
281 -> 282
282 -> 282
283 -> 283
284 -> 284
285 -> 285
286 -> 286
287 -> 287
288 -> 288
289 -> 289
290 -> 292
291 -> 292
292 -> 292
293 -> 293
294 -> 294
295 -> 295
296 -> 296
297 -> 297
298 -> 298
299 -> 299
300 -> 302
301 -> 302
302 -> 304
303 -> 304
304 -> 304
305 -> 305
306 -> 306
307 -> 307
308 -> 308
309 -> 314
310 -> 314
311 -> 314
312 -> 314
313 -> 314
314 -> 357
315 -> 315
316 -> 316
317 -> 317
318 -> 318
319 -> 319
320 -> 320
321 -> 321
322 -> 322
323 -> 323
324 -> 324
325 -> 328
326 -> 328
327 -> 328
328 -> 357
329 -> 330
330 -> 357
331 -> 331
332 -> 333
333 -> 357
334 -> 334
335 -> 338
336 -> 338
337 -> 338
338 -> 357
339 -> 340
340 -> 357
341 -> 343
342 -> 343
343 -> 357
344 -> 344
345 -> 346
346 -> 357
347 -> 347
348 -> 349
349 -> 357
350 -> 350
351 -> 353
352 -> 353
353 -> 357
354 -> 354
355 -> 355
356 -> 356
357 -> 406
358 -> 358
359 -> 359
360 -> 366
361 -> 366
362 -> 366
363 -> 366
364 -> 366
365 -> 366
366 -> 370
367 -> 368
368 -> 370
369 -> 369
370 -> 370
371 -> 371
372 -> 372
373 -> 373
374 -> 374
375 -> 375
376 -> 376
377 -> 377
378 -> 379
379 -> 379
380 -> 380
381 -> 381
382 -> 382
383 -> 383
384 -> 384
385 -> 385
386 -> 386
387 -> 389
388 -> 389
389 -> 406
390 -> 390
391 -> 391
392 -> 392
393 -> 393
394 -> 394
395 -> 398
396 -> 398
397 -> 398
398 -> 406
399 -> 399
400 -> 401
401 -> 401
402 -> 402
403 -> 406
404 -> 406
405 -> 406
406 -> 440
407 -> 407
408 -> 408
409 -> 409
410 -> 410
411 -> 411
412 -> 413
413 -> 440
414 -> 415
415 -> 440
416 -> 437
417 -> 437
418 -> 437
419 -> 437
420 -> 437
421 -> 437
422 -> 437
423 -> 437
424 -> 437
425 -> 437
426 -> 437
427 -> 437
428 -> 437
429 -> 437
430 -> 437
431 -> 437
432 -> 437
433 -> 437
434 -> 437
435 -> 437
436 -> 437
437 -> 440
438 -> 438
439 -> 440
440 -> 446
441 -> 442
442 -> 446
443 -> 444
444 -> 446
445 -> 445
446 -> 446
447 -> 447
