20 -> 26
199 -> 199
69 -> 71
94 -> 94
92 -> 94
80 -> 80
319 -> 319
185 -> 185
268 -> 268
225 -> 225
95 -> 95
177 -> 177
234 -> 234
381 -> 381
443 -> 444
295 -> 295
176 -> 176
277 -> 277
144 -> 144
334 -> 334
224 -> 224
341 -> 343
367 -> 368
230 -> 230
256 -> 261
444 -> 446
418 -> 437
205 -> 205
194 -> 194
37 -> 38
345 -> 346
413 -> 413
404 -> 406
198 -> 199
389 -> 389
393 -> 393
33 -> 34
255 -> 255
380 -> 380
168 -> 168
356 -> 356
1 -> 26
258 -> 261
48 -> 48
402 -> 402
394 -> 394
93 -> 94
192 -> 192
340 -> 340
422 -> 437
442 -> 442
67 -> 67
365 -> 366
195 -> 195
446 -> 446
114 -> 114
395 -> 398
51 -> 52
131 -> 132
392 -> 392
366 -> 370
314 -> 314
81 -> 83
14 -> 26
82 -> 83
135 -> 135
243 -> 243
104 -> 104
436 -> 437
236 -> 236
130 -> 130
206 -> 207
219 -> 219
178 -> 178
141 -> 141
128 -> 128
363 -> 366
447 -> 447
53 -> 53
153 -> 153
151 -> 151
191 -> 191
35 -> 35
325 -> 328
103 -> 103
322 -> 322
423 -> 437
68 -> 68
138 -> 138
170 -> 170
197 -> 199
163 -> 163
228 -> 228
210 -> 211
129 -> 129
39 -> 39
171 -> 171
351 -> 353
202 -> 202
313 -> 314
290 -> 292
159 -> 159
60 -> 60
399 -> 399
179 -> 181
11 -> 26
79 -> 79
336 -> 338
362 -> 366
187 -> 188
160 -> 160
232 -> 232
431 -> 437
248 -> 248
239 -> 240
100 -> 100
62 -> 62
5 -> 26
417 -> 437
261 -> 282
189 -> 189
120 -> 120
123 -> 125
16 -> 26
270 -> 270
23 -> 26
247 -> 247
4 -> 26
76 -> 76
310 -> 314
161 -> 161
291 -> 292
241 -> 241
273 -> 273
213 -> 215
359 -> 359
12 -> 26
58 -> 59
88 -> 88
116 -> 116
172 -> 172
264 -> 264
221 -> 223
242 -> 243
183 -> 183
292 -> 304
398 -> 406
119 -> 119
328 -> 357
70 -> 71
409 -> 409
408 -> 408
184 -> 184
214 -> 215
44 -> 45
90 -> 91
49 -> 49
307 -> 307
220 -> 220
231 -> 231
338 -> 357
209 -> 209
164 -> 164
337 -> 338
190 -> 190
335 -> 338
162 -> 162
207 -> 243
109 -> 109
203 -> 203
2 -> 26
61 -> 61
357 -> 406
50 -> 52
146 -> 146
281 -> 282
382 -> 382
410 -> 410
41 -> 41
31 -> 31
155 -> 155
324 -> 324
73 -> 75
229 -> 229
91 -> 94
282 -> 283
56 -> 56
445 -> 445
370 -> 406
143 -> 143
441 -> 442
77 -> 79
208 -> 208
386 -> 386
111 -> 111
9 -> 26
26 -> 30
309 -> 314
254 -> 254
412 -> 413
377 -> 377
24 -> 26
45 -> 52
253 -> 254
352 -> 353
437 -> 440
435 -> 437
227 -> 227
211 -> 243
75 -> 79
245 -> 245
374 -> 374
269 -> 269
117 -> 117
323 -> 323
426 -> 437
403 -> 406
186 -> 186
238 -> 238
332 -> 333
188 -> 189
315 -> 315
312 -> 314
36 -> 38
388 -> 389
136 -> 137
346 -> 357
350 -> 350
329 -> 330
387 -> 389
383 -> 383
152 -> 152
97 -> 99
421 -> 437
237 -> 237
416 -> 437
272 -> 272
327 -> 328
106 -> 107
405 -> 406
318 -> 318
244 -> 244
99 -> 107
40 -> 40
215 -> 243
105 -> 107
289 -> 289
3 -> 26
137 -> 159
275 -> 275
47 -> 47
390 -> 390
216 -> 216
212 -> 215
89 -> 89
420 -> 437
371 -> 371
71 -> 75
411 -> 411
297 -> 297
283 -> 292
85 -> 87
46 -> 46
361 -> 366
280 -> 280
249 -> 249
193 -> 193
74 -> 75
304 -> 305
246 -> 246
288 -> 288
333 -> 357
115 -> 115
156 -> 156
125 -> 159
86 -> 87
65 -> 67
385 -> 385
149 -> 149
276 -> 276
348 -> 349
330 -> 357
266 -> 266
43 -> 45
226 -> 226
181 -> 186
57 -> 59
42 -> 42
406 -> 440
10 -> 26
96 -> 96
391 -> 391
364 -> 366
29 -> 30
414 -> 415
347 -> 347
8 -> 26
28 -> 30
429 -> 437
222 -> 223
354 -> 354
286 -> 286
316 -> 316
287 -> 287
54 -> 54
165 -> 165
204 -> 204
368 -> 370
284 -> 284
55 -> 55
419 -> 437
142 -> 143
6 -> 26
293 -> 293
174 -> 175
369 -> 369
285 -> 285
425 -> 437
140 -> 140
0 -> 26
122 -> 125
440 -> 446
250 -> 250
353 -> 357
127 -> 127
305 -> 314
434 -> 437
397 -> 398
217 -> 217
438 -> 438
260 -> 261
182 -> 182
201 -> 202
147 -> 147
379 -> 379
311 -> 314
25 -> 26
257 -> 261
126 -> 126
265 -> 265
180 -> 181
38 -> 45
407 -> 407
148 -> 148
432 -> 437
320 -> 320
321 -> 321
267 -> 267
400 -> 401
278 -> 278
252 -> 254
274 -> 274
235 -> 236
124 -> 125
21 -> 26
134 -> 134
13 -> 26
98 -> 99
78 -> 79
169 -> 169
19 -> 26
223 -> 243
401 -> 406
118 -> 118
396 -> 398
150 -> 150
424 -> 437
303 -> 304
157 -> 157
34 -> 38
430 -> 437
279 -> 279
415 -> 440
32 -> 34
372 -> 372
218 -> 218
344 -> 344
349 -> 357
384 -> 384
102 -> 102
196 -> 196
101 -> 101
72 -> 72
154 -> 154
306 -> 306
22 -> 26
7 -> 26
110 -> 110
302 -> 302
175 -> 181
343 -> 357
158 -> 159
331 -> 331
298 -> 298
251 -> 251
360 -> 366
83 -> 87
262 -> 262
63 -> 63
15 -> 26
112 -> 112
296 -> 296
263 -> 263
294 -> 294
173 -> 173
139 -> 139
133 -> 134
378 -> 379
27 -> 27
66 -> 67
167 -> 167
326 -> 328
428 -> 437
259 -> 261
427 -> 437
358 -> 358
342 -> 343
339 -> 340
64 -> 64
301 -> 302
59 -> 67
299 -> 299
317 -> 317
300 -> 302
308 -> 308
355 -> 355
376 -> 376
87 -> 94
52 -> 59
30 -> 34
433 -> 437
439 -> 440
108 -> 108
373 -> 373
375 -> 375
240 -> 243
113 -> 113
166 -> 166
18 -> 26
233 -> 233
145 -> 145
200 -> 200
271 -> 271
107 -> 125
121 -> 125
84 -> 84
17 -> 26
132 -> 159
