315 -> 315
367 -> 368
84 -> 84
122 -> 125
238 -> 238
112 -> 112
427 -> 437
412 -> 413
50 -> 52
168 -> 168
342 -> 343
198 -> 199
23 -> 26
2 -> 26
387 -> 389
279 -> 279
25 -> 26
196 -> 196
183 -> 183
251 -> 251
185 -> 185
51 -> 52
111 -> 111
230 -> 230
408 -> 408
398 -> 398
320 -> 320
151 -> 151
393 -> 393
304 -> 304
282 -> 282
296 -> 296
242 -> 243
115 -> 115
356 -> 356
194 -> 194
74 -> 75
439 -> 440
61 -> 61
72 -> 72
98 -> 99
403 -> 406
195 -> 195
39 -> 39
428 -> 437
348 -> 349
417 -> 437
232 -> 232
401 -> 401
432 -> 437
381 -> 381
102 -> 102
302 -> 302
90 -> 91
17 -> 26
289 -> 289
419 -> 437
345 -> 346
37 -> 38
235 -> 236
117 -> 117
382 -> 382
176 -> 176
340 -> 340
366 -> 366
350 -> 350
389 -> 406
385 -> 385
225 -> 225
79 -> 79
373 -> 373
126 -> 126
407 -> 407
297 -> 297
316 -> 316
264 -> 264
372 -> 372
262 -> 262
253 -> 254
191 -> 191
40 -> 40
85 -> 87
318 -> 318
114 -> 114
344 -> 344
139 -> 139
4 -> 26
266 -> 266
305 -> 305
