2 -> 26
3 -> 26
4 -> 26
5 -> 26
6 -> 26
8 -> 26
11 -> 26
12 -> 26
13 -> 26
16 -> 26
17 -> 26
22 -> 26
23 -> 26
25 -> 26
26 -> 30
28 -> 30
29 -> 30
31 -> 31
32 -> 34
34 -> 34
35 -> 35
36 -> 38
37 -> 38
39 -> 39
40 -> 40
44 -> 45
47 -> 47
50 -> 52
51 -> 52
52 -> 59
55 -> 55
61 -> 61
64 -> 64
65 -> 67
68 -> 68
70 -> 71
72 -> 72
74 -> 75
77 -> 79
79 -> 79
81 -> 83
83 -> 87
84 -> 84
85 -> 87
87 -> 94
90 -> 91
93 -> 94
96 -> 96
98 -> 99
100 -> 100
102 -> 102
107 -> 107
110 -> 110
111 -> 111
112 -> 112
114 -> 114
115 -> 115
116 -> 116
117 -> 117
120 -> 120
122 -> 125
123 -> 125
126 -> 126
131 -> 132
132 -> 132
139 -> 139
140 -> 140
141 -> 141
143 -> 143
144 -> 144
145 -> 145
146 -> 146
147 -> 147
148 -> 148
150 -> 150
151 -> 151
154 -> 154
160 -> 160
162 -> 162
164 -> 164
168 -> 168
169 -> 169
171 -> 171
176 -> 176
180 -> 181
183 -> 183
184 -> 184
185 -> 185
186 -> 186
188 -> 188
191 -> 191
192 -> 192
194 -> 194
195 -> 195
196 -> 196
198 -> 199
200 -> 200
216 -> 216
218 -> 218
222 -> 223
225 -> 225
226 -> 226
227 -> 227
230 -> 230
232 -> 232
233 -> 233
234 -> 234
235 -> 236
237 -> 237
238 -> 238
239 -> 240
242 -> 243
244 -> 244
247 -> 247
249 -> 249
251 -> 251
253 -> 254
254 -> 254
258 -> 261
262 -> 262
264 -> 264
265 -> 265
266 -> 266
267 -> 267
270 -> 270
273 -> 273
278 -> 278
279 -> 279
281 -> 282
282 -> 282
283 -> 283
284 -> 284
288 -> 288
289 -> 289
290 -> 292
291 -> 292
292 -> 304
296 -> 296
297 -> 297
298 -> 298
299 -> 299
300 -> 302
302 -> 302
304 -> 305
305 -> 314
307 -> 307
310 -> 314
312 -> 314
314 -> 357
315 -> 315
316 -> 316
317 -> 317
318 -> 318
320 -> 320
322 -> 322
324 -> 324
326 -> 328
327 -> 328
328 -> 357
329 -> 330
330 -> 357
333 -> 333
334 -> 334
338 -> 338
340 -> 340
341 -> 343
342 -> 343
343 -> 343
344 -> 344
345 -> 346
347 -> 347
348 -> 349
350 -> 350
353 -> 353
356 -> 356
357 -> 406
359 -> 359
360 -> 366
361 -> 366
362 -> 366
365 -> 366
366 -> 370
367 -> 368
368 -> 368
370 -> 370
371 -> 371
372 -> 372
373 -> 373
377 -> 377
378 -> 379
380 -> 380
381 -> 381
382 -> 382
383 -> 383
385 -> 385
387 -> 389
388 -> 389
389 -> 406
390 -> 390
393 -> 393
394 -> 394
396 -> 398
397 -> 398
398 -> 406
401 -> 401
403 -> 406
404 -> 406
406 -> 406
407 -> 407
408 -> 408
411 -> 411
412 -> 413
413 -> 413
417 -> 437
419 -> 437
427 -> 437
428 -> 437
431 -> 437
432 -> 437
433 -> 437
434 -> 437
439 -> 440
443 -> 444
445 -> 445
