Breakpoint 0 Set at 21:14
Breakpoint 1 Set at 21:14
Breakpoint 2 Set at 19:1
Paused at 21:14
	Hit Breakpoint(s) 0, 1
	Call Stack:  
	Bindings: 
Paused at 19:1
	Hit Breakpoint(s) 2
	Call Stack: tak, tak, tak, tak, tak 
	Bindings: x: number = 8
		y: number = 8
		z: number = 4
Paused at 19:1
	Hit Breakpoint(s) 2
	Call Stack: tak, tak, tak, tak, tak, tak, tak, tak 
	Bindings: x: number = 4
		y: number = 4
		z: number = 9
Paused at 18:30
	Call Stack: tak, tak, tak, tak, tak, tak, tak 
	Bindings: x: number = 5
		y: number = 4
		z: number = 9
Paused at 19:1
	Hit Breakpoint(s) 2
	Call Stack: tak, tak, tak, tak, tak, tak, tak, tak 
	Bindings: x: number = 3
		y: number = 9
		z: number = 5
Paused at 18:44
	Call Stack: tak, tak, tak, tak, tak, tak, tak 
	Bindings: x: number = 5
		y: number = 4
		z: number = 9
Paused at 19:1
	Hit Breakpoint(s) 2
	Call Stack: tak, tak, tak, tak, tak, tak, tak, tak, tak, tak, tak 
	Bindings: x: number = 5
		y: number = 5
		z: number = 4
Paused at 18:30
	Call Stack: tak, tak, tak, tak, tak, tak, tak, tak, tak, tak 
	Bindings: x: number = 6
		y: number = 5
		z: number = 4
Paused at 19:1
	Hit Breakpoint(s) 2
	Call Stack: tak, tak, tak, tak, tak, tak, tak, tak, tak, tak, tak 
	Bindings: x: number = 4
		y: number = 4
		z: number = 6
Paused at 18:44
	Call Stack: tak, tak, tak, tak, tak, tak, tak, tak, tak, tak 
	Bindings: x: number = 6
		y: number = 5
		z: number = 4
Paused at 19:1
	Hit Breakpoint(s) 2
	Call Stack: tak, tak, tak, tak, tak, tak, tak, tak, tak, tak, tak 
	Bindings: x: number = 3
		y: number = 6
		z: number = 5
Paused at 18:12
	Call Stack: tak, tak, tak, tak, tak, tak, tak, tak, tak, tak 
	Bindings: x: number = 6
		y: number = 5
		z: number = 4
Paused at 19:1
	Hit Breakpoint(s) 2
	Call Stack: tak, tak, tak, tak, tak, tak, tak, tak, tak, tak, tak 
	Bindings: x: number = 4
		y: number = 6
		z: number = 5
Paused at 19:1
	Hit Breakpoint(s) 2
	Call Stack: tak, tak, tak, tak, tak, tak, tak, tak, tak, tak 
	Bindings: x: number = 6
		y: number = 5
		z: number = 4
Paused at 18:30
	Call Stack: tak, tak, tak, tak, tak, tak, tak, tak, tak 
	Bindings: x: number = 7
		y: number = 5
		z: number = 4
Paused at 19:1
	Hit Breakpoint(s) 2
	Call Stack: tak, tak, tak, tak, tak, tak, tak, tak, tak, tak 
	Bindings: x: number = 4
		y: number = 4
		z: number = 7
Paused at 18:44
	Call Stack: tak, tak, tak, tak, tak, tak, tak, tak, tak 
	Bindings: x: number = 7
		y: number = 5
		z: number = 4
Paused at 19:1
	Hit Breakpoint(s) 2
	Call Stack: tak, tak, tak, tak, tak, tak, tak, tak, tak, tak 
	Bindings: x: number = 3
		y: number = 7
		z: number = 5
Paused at 18:12
	Call Stack: tak, tak, tak, tak, tak, tak, tak, tak, tak 
	Bindings: x: number = 7
		y: number = 5
		z: number = 4
Paused at 19:1
	Hit Breakpoint(s) 2
	Call Stack: tak, tak, tak, tak, tak, tak, tak, tak, tak, tak 
	Bindings: x: number = 5
		y: number = 7
		z: number = 5
Paused at 19:1
	Hit Breakpoint(s) 2
	Call Stack: tak, tak, tak, tak, tak, tak, tak, tak, tak 
	Bindings: x: number = 7
		y: number = 5
		z: number = 4
Paused at 18:30
	Call Stack: tak, tak, tak, tak, tak, tak, tak, tak 
	Bindings: x: number = 8
		y: number = 5
		z: number = 4
Paused at 19:1
	Hit Breakpoint(s) 2
	Call Stack: tak, tak, tak, tak, tak, tak, tak, tak, tak 
	Bindings: x: number = 4
		y: number = 4
		z: number = 8
Paused at 18:44
	Call Stack: tak, tak, tak, tak, tak, tak, tak, tak 
	Bindings: x: number = 8
		y: number = 5
		z: number = 4
Paused at 17:5
	Call Stack: tak, tak, tak, tak, tak, tak, tak, tak, tak 
	Bindings: x: number = 3
		y: number = 8
		z: number = 5
Paused at 19:1
	Hit Breakpoint(s) 2
	Call Stack: tak, tak, tak, tak, tak, tak, tak, tak, tak 
	Bindings: x: number = 3
		y: number = 8
		z: number = 5
Paused at 18:12
	Call Stack: tak, tak, tak, tak, tak, tak, tak, tak 
	Bindings: x: number = 8
		y: number = 5
		z: number = 4
Paused at 17:5
	Call Stack: tak, tak, tak, tak, tak, tak, tak, tak, tak 
	Bindings: x: number = 5
		y: number = 8
		z: number = 5
Paused at 19:1
	Hit Breakpoint(s) 2
	Call Stack: tak, tak, tak, tak, tak, tak, tak, tak, tak 
	Bindings: x: number = 5
		y: number = 8
		z: number = 5
Paused at 19:1
	Hit Breakpoint(s) 2
	Call Stack: tak, tak, tak, tak, tak, tak, tak, tak 
	Bindings: x: number = 8
		y: number = 5
		z: number = 4
Paused at 18:12
	Call Stack: tak, tak, tak, tak, tak, tak, tak 
	Bindings: x: number = 5
		y: number = 4
		z: number = 9
Paused at 19:1
	Hit Breakpoint(s) 2
	Call Stack: tak, tak, tak, tak, tak, tak, tak, tak, tak, tak, tak, tak 
	Bindings: x: number = 5
		y: number = 5
		z: number = 5
Paused at 18:30
	Call Stack: tak, tak, tak, tak, tak, tak, tak, tak, tak, tak, tak 
	Bindings: x: number = 6
		y: number = 5
		z: number = 5
Paused at 19:1
	Hit Breakpoint(s) 2
	Call Stack: tak, tak, tak, tak, tak, tak, tak, tak, tak, tak, tak, tak 
	Bindings: x: number = 4
		y: number = 5
		z: number = 6
Paused at 18:44
	Call Stack: tak, tak, tak, tak, tak, tak, tak, tak, tak, tak, tak 
	Bindings: x: number = 6
		y: number = 5
		z: number = 5
Paused at 19:1
	Hit Breakpoint(s) 2
	Call Stack: tak, tak, tak, tak, tak, tak, tak, tak, tak, tak, tak, tak 
	Bindings: x: number = 4
		y: number = 6
		z: number = 5
Paused at 18:12
	Call Stack: tak, tak, tak, tak, tak, tak, tak, tak, tak, tak, tak 
	Bindings: x: number = 6
		y: number = 5
		z: number = 5
Paused at 19:1
	Hit Breakpoint(s) 2
	Call Stack: tak, tak, tak, tak, tak, tak, tak, tak, tak, tak, tak, tak 
	Bindings: x: number = 5
		y: number = 6
		z: number = 5
Paused at 19:1
	Hit Breakpoint(s) 2
	Call Stack: tak, tak, tak, tak, tak, tak, tak, tak, tak, tak, tak 
	Bindings: x: number = 6
		y: number = 5
		z: number = 5
Paused at 19:1
	Hit Breakpoint(s) 2
	Call Stack: tak, tak, tak, tak, tak, tak, tak, tak, tak, tak, tak 
	Bindings: x: number = 4
		y: number = 5
		z: number = 7
Paused at 18:44
	Call Stack: tak, tak, tak, tak, tak, tak, tak, tak, tak, tak 
	Bindings: x: number = 7
		y: number = 5
		z: number = 5
Paused at 19:1
	Hit Breakpoint(s) 2
	Call Stack: tak, tak, tak, tak, tak, tak, tak, tak, tak, tak, tak 
	Bindings: x: number = 4
		y: number = 7
		z: number = 5
Paused at 18:12
	Call Stack: tak, tak, tak, tak, tak, tak, tak, tak, tak, tak 
	Bindings: x: number = 7
		y: number = 5
		z: number = 5
Paused at 19:1
	Hit Breakpoint(s) 2
	Call Stack: tak, tak, tak, tak, tak, tak, tak, tak, tak, tak, tak 
	Bindings: x: number = 5
		y: number = 7
		z: number = 5
Paused at 19:1
	Hit Breakpoint(s) 2
	Call Stack: tak, tak, tak, tak, tak, tak, tak, tak, tak, tak 
	Bindings: x: number = 7
		y: number = 5
		z: number = 5
Paused at 18:30
	Call Stack: tak, tak, tak, tak, tak, tak, tak, tak, tak 
	Bindings: x: number = 8
		y: number = 5
		z: number = 5
Paused at 19:1
	Hit Breakpoint(s) 2
	Call Stack: tak, tak, tak, tak, tak, tak, tak, tak, tak, tak 
	Bindings: x: number = 4
		y: number = 5
		z: number = 8
Paused at 19:1
	Hit Breakpoint(s) 2
	Call Stack: tak, tak, tak, tak, tak, tak, tak, tak, tak, tak 
	Bindings: x: number = 4
		y: number = 8
		z: number = 5
Paused at 18:12
	Call Stack: tak, tak, tak, tak, tak, tak, tak, tak, tak 
	Bindings: x: number = 8
		y: number = 5
		z: number = 5
Paused at 19:1
	Hit Breakpoint(s) 2
	Call Stack: tak, tak, tak, tak, tak, tak, tak, tak, tak, tak 
	Bindings: x: number = 5
		y: number = 8
		z: number = 5
Paused at 19:1
	Hit Breakpoint(s) 2
	Call Stack: tak, tak, tak, tak, tak, tak, tak, tak, tak 
	Bindings: x: number = 8
		y: number = 5
		z: number = 5
Paused at 18:30
	Call Stack: tak, tak, tak, tak, tak, tak, tak, tak 
	Bindings: x: number = 9
		y: number = 5
		z: number = 5
Paused at 19:1
	Hit Breakpoint(s) 2
	Call Stack: tak, tak, tak, tak, tak, tak, tak, tak, tak 
	Bindings: x: number = 4
		y: number = 5
		z: number = 9
Paused at 18:44
	Call Stack: tak, tak, tak, tak, tak, tak, tak, tak 
	Bindings: x: number = 9
		y: number = 5
		z: number = 5
Paused at 19:1
	Hit Breakpoint(s) 2
	Call Stack: tak, tak, tak, tak, tak, tak, tak, tak, tak 
	Bindings: x: number = 4
		y: number = 9
		z: number = 5
Paused at 18:12
	Call Stack: tak, tak, tak, tak, tak, tak, tak, tak 
	Bindings: x: number = 9
		y: number = 5
		z: number = 5
Paused at 19:1
	Hit Breakpoint(s) 2
	Call Stack: tak, tak, tak, tak, tak, tak, tak, tak, tak 
	Bindings: x: number = 5
		y: number = 9
		z: number = 5
Paused at 19:1
	Hit Breakpoint(s) 2
	Call Stack: tak, tak, tak, tak, tak, tak, tak, tak 
	Bindings: x: number = 9
		y: number = 5
		z: number = 5
Paused at 19:1
	Hit Breakpoint(s) 2
	Call Stack: tak, tak, tak, tak, tak, tak, tak 
	Bindings: x: number = 5
		y: number = 4
		z: number = 9
Paused at 18:30
	Call Stack: tak, tak, tak, tak, tak, tak 
	Bindings: x: number = 6
		y: number = 4
		z: number = 9
Paused at 19:1
	Hit Breakpoint(s) 2
	Call Stack: tak, tak, tak, tak, tak, tak, tak 
	Bindings: x: number = 3
		y: number = 9
		z: number = 6
Paused at 18:44
	Call Stack: tak, tak, tak, tak, tak, tak 
	Bindings: x: number = 6
		y: number = 4
		z: number = 9
Paused at 19:1
	Hit Breakpoint(s) 2
	Call Stack: tak, tak, tak, tak, tak, tak, tak, tak, tak 
	Bindings: x: number = 6
		y: number = 6
		z: number = 4
Paused at 18:30
	Call Stack: tak, tak, tak, tak, tak, tak, tak, tak 
	Bindings: x: number = 7
		y: number = 6
		z: number = 4
Paused at 19:1
	Hit Breakpoint(s) 2
	Call Stack: tak, tak, tak, tak, tak, tak, tak, tak, tak, tak 
	Bindings: x: number = 4
		y: number = 4
		z: number = 7
Paused at 18:30
	Call Stack: tak, tak, tak, tak, tak, tak, tak, tak, tak 
	Bindings: x: number = 5
		y: number = 4
		z: number = 7
Paused at 19:1
	Hit Breakpoint(s) 2
	Call Stack: tak, tak, tak, tak, tak, tak, tak, tak, tak, tak 
	Bindings: x: number = 3
		y: number = 7
		z: number = 5
Paused at 18:44
	Call Stack: tak, tak, tak, tak, tak, tak, tak, tak, tak 
	Bindings: x: number = 5
		y: number = 4
		z: number = 7
Paused at 17:5
	Call Stack: tak, tak, tak, tak, tak, tak, tak, tak, tak, tak 
	Bindings: x: number = 6
		y: number = 5
		z: number = 4
Paused at 19:1
	Hit Breakpoint(s) 2
	Call Stack: tak, tak, tak, tak, tak, tak, tak, tak, tak, tak, tak 
	Bindings: x: number = 5
		y: number = 5
		z: number = 4
Paused at 18:30
	Call Stack: tak, tak, tak, tak, tak, tak, tak, tak, tak, tak 
	Bindings: x: number = 6
		y: number = 5
		z: number = 4
Paused at 17:5
	Call Stack: tak, tak, tak, tak, tak, tak, tak, tak, tak, tak, tak 
	Bindings: x: number = 4
		y: number = 4
		z: number = 6
Paused at 19:1
	Hit Breakpoint(s) 2
	Call Stack: tak, tak, tak, tak, tak, tak, tak, tak, tak, tak, tak 
	Bindings: x: number = 4
		y: number = 4
		z: number = 6
Paused at 19:1
	Hit Breakpoint(s) 2
	Call Stack: tak, tak, tak, tak, tak, tak, tak, tak, tak, tak, tak 
	Bindings: x: number = 3
		y: number = 6
		z: number = 5
Paused at 18:12
	Call Stack: tak, tak, tak, tak, tak, tak, tak, tak, tak, tak 
	Bindings: x: number = 6
		y: number = 5
		z: number = 4
Paused at 19:1
	Hit Breakpoint(s) 2
	Call Stack: tak, tak, tak, tak, tak, tak, tak, tak, tak, tak, tak 
	Bindings: x: number = 4
		y: number = 6
		z: number = 5
Paused at 19:1
	Hit Breakpoint(s) 2
	Call Stack: tak, tak, tak, tak, tak, tak, tak, tak, tak, tak 
	Bindings: x: number = 6
		y: number = 5
		z: number = 4
Paused at 18:12
	Call Stack: tak, tak, tak, tak, tak, tak, tak, tak, tak 
	Bindings: x: number = 5
		y: number = 4
		z: number = 7
Paused at 19:1
	Hit Breakpoint(s) 2
	Call Stack: tak, tak, tak, tak, tak, tak, tak, tak, tak, tak, tak, tak 
	Bindings: x: number = 5
		y: number = 5
		z: number = 5
Paused at 18:30
	Call Stack: tak, tak, tak, tak, tak, tak, tak, tak, tak, tak, tak 
	Bindings: x: number = 6
		y: number = 5
		z: number = 5
Paused at 19:1
	Hit Breakpoint(s) 2
	Call Stack: tak, tak, tak, tak, tak, tak, tak, tak, tak, tak, tak, tak 
	Bindings: x: number = 4
		y: number = 5
		z: number = 6
Paused at 18:44
	Call Stack: tak, tak, tak, tak, tak, tak, tak, tak, tak, tak, tak 
	Bindings: x: number = 6
		y: number = 5
		z: number = 5
Paused at 19:1
	Hit Breakpoint(s) 2
	Call Stack: tak, tak, tak, tak, tak, tak, tak, tak, tak, tak, tak, tak 
	Bindings: x: number = 4
		y: number = 6
		z: number = 5
Paused at 19:1
	Hit Breakpoint(s) 2
	Call Stack: tak, tak, tak, tak, tak, tak, tak, tak, tak, tak, tak, tak 
	Bindings: x: number = 5
		y: number = 6
		z: number = 5
Paused at 19:1
	Hit Breakpoint(s) 2
	Call Stack: tak, tak, tak, tak, tak, tak, tak, tak, tak, tak, tak 
	Bindings: x: number = 6
		y: number = 5
		z: number = 5
Paused at 18:30
	Call Stack: tak, tak, tak, tak, tak, tak, tak, tak, tak, tak 
	Bindings: x: number = 7
		y: number = 5
		z: number = 5
Paused at 19:1
	Hit Breakpoint(s) 2
	Call Stack: tak, tak, tak, tak, tak, tak, tak, tak, tak, tak, tak 
	Bindings: x: number = 4
		y: number = 5
		z: number = 7
Paused at 18:44
	Call Stack: tak, tak, tak, tak, tak, tak, tak, tak, tak, tak 
	Bindings: x: number = 7
		y: number = 5
		z: number = 5
Paused at 19:1
	Hit Breakpoint(s) 2
	Call Stack: tak, tak, tak, tak, tak, tak, tak, tak, tak, tak, tak 
	Bindings: x: number = 4
		y: number = 7
		z: number = 5
Paused at 18:12
	Call Stack: tak, tak, tak, tak, tak, tak, tak, tak, tak, tak 
	Bindings: x: number = 7
		y: number = 5
		z: number = 5
Paused at 19:1
	Hit Breakpoint(s) 2
	Call Stack: tak, tak, tak, tak, tak, tak, tak, tak, tak, tak, tak 
	Bindings: x: number = 5
		y: number = 7
		z: number = 5
Paused at 19:1
	Hit Breakpoint(s) 2
	Call Stack: tak, tak, tak, tak, tak, tak, tak, tak, tak, tak 
	Bindings: x: number = 7
		y: number = 5
		z: number = 5
Paused at 19:1
	Hit Breakpoint(s) 2
	Call Stack: tak, tak, tak, tak, tak, tak, tak, tak, tak 
	Bindings: x: number = 5
		y: number = 4
		z: number = 7
Paused at 18:44
	Call Stack: tak, tak, tak, tak, tak, tak, tak, tak 
	Bindings: x: number = 7
		y: number = 6
		z: number = 4
Paused at 19:1
	Hit Breakpoint(s) 2
	Call Stack: tak, tak, tak, tak, tak, tak, tak, tak, tak 
	Bindings: x: number = 3
		y: number = 7
		z: number = 6
Paused at 18:12
	Call Stack: tak, tak, tak, tak, tak, tak, tak, tak 
	Bindings: x: number = 7
		y: number = 6
		z: number = 4
Paused at 19:1
	Hit Breakpoint(s) 2
	Call Stack: tak, tak, tak, tak, tak, tak, tak, tak, tak 
	Bindings: x: number = 4
		y: number = 5
		z: number = 6
Paused at 19:1
	Hit Breakpoint(s) 2
	Call Stack: tak, tak, tak, tak, tak, tak, tak, tak 
	Bindings: x: number = 7
		y: number = 6
		z: number = 4
Paused at 18:30
	Call Stack: tak, tak, tak, tak, tak, tak, tak 
	Bindings: x: number = 8
		y: number = 6
		z: number = 4
Paused at 19:1
	Hit Breakpoint(s) 2
	Call Stack: tak, tak, tak, tak, tak, tak, tak, tak, tak 
	Bindings: x: number = 4
		y: number = 4
		z: number = 8
Paused at 18:30
	Call Stack: tak, tak, tak, tak, tak, tak, tak, tak 
	Bindings: x: number = 5
		y: number = 4
		z: number = 8
