Breakpoint Set at 7
Breakpoint Set at 7
Breakpoint Set at 27
Breakpoint Set at 26
Breakpoint Set at 40
Breakpoint Set at 15
Breakpoint Set at 31
Breakpoint Set at 39
Breakpoint Set at 7
Breakpoint Set at 35
Breakpoint Set at 15
Breakpoint Set at 26
Breakpoint Set at 36
Breakpoint Set at 41
Breakpoint Set at 43
Breakpoint Set at 7
Breakpoint Set at 42
Breakpoint Set at 19
Breakpoint Set at 23
Breakpoint Set at 7
Breakpoint Set at 10
Breakpoint Set at 33
Breakpoint Set at 20
Breakpoint Set at 30
Breakpoint Set at 17
Breakpoint Set at 7
Breakpoint Set at 28
Breakpoint Set at 30
Breakpoint Set at 8
Breakpoint Set at 9
Breakpoint Set at 39
Breakpoint Set at 17
Breakpoint Set at 18
Breakpoint Set at 21
Breakpoint Set at 37
Breakpoint Set at 13
Breakpoint Set at 13
Paused at 33
	Hit Breakpoint(s) 
	Call Stack:  
	Bindings: 
