Breakpoint Set at 4
Breakpoint Set at 20
Breakpoint Set at 19
Breakpoint Set at 29
Breakpoint Set at 12
Breakpoint Set at 23
Breakpoint Set at 9
Breakpoint Set at 28
Breakpoint Set at 14
Breakpoint Set at 25
Breakpoint Set at 10
Breakpoint Set at 4
Breakpoint Set at 27
Breakpoint Set at 30
Breakpoint Set at 31
Breakpoint Set at 9
Breakpoint Set at 19
Breakpoint Set at 21
Breakpoint Set at 9
Breakpoint Set at 15
Breakpoint Set at 9
Breakpoint Set at 11
Breakpoint Set at 27
Breakpoint Set at 25
Breakpoint Set at 4
Breakpoint Set at 19
Breakpoint Set at 22
Paused at 4
	Hit Breakpoint(s) 
	Call Stack:  
	Bindings: 
