Breakpoint Set at 17
Breakpoint Set at 40
Breakpoint Set at 254
Breakpoint Set at 231
Breakpoint Set at 419
Breakpoint Set at 108
Breakpoint Set at 290
Breakpoint Set at 279
Breakpoint Set at 370
Breakpoint Set at 71
Breakpoint Set at 304
Breakpoint Set at 50
Breakpoint Set at 169
Breakpoint Set at 329
Breakpoint Set at 419
Breakpoint Set at 372
Breakpoint Set at 419
Breakpoint Set at 24
Breakpoint Set at 71
Breakpoint Set at 270
Breakpoint Set at 84
Breakpoint Set at 385
Breakpoint Set at 188
Breakpoint Set at 26
Breakpoint Set at 183
Breakpoint Set at 178
Breakpoint Set at 88
Breakpoint Set at 335
Breakpoint Set at 366
Breakpoint Set at 118
Breakpoint Set at 340
Breakpoint Set at 293
Breakpoint Set at 302
Breakpoint Set at 233
Breakpoint Set at 177
Breakpoint Set at 419
Breakpoint Set at 325
Breakpoint Set at 112
Breakpoint Set at 385
Breakpoint Set at 307
Breakpoint Set at 377
Breakpoint Set at 61
Breakpoint Set at 245
Breakpoint Set at 350
Breakpoint Set at 100
Breakpoint Set at 284
Breakpoint Set at 290
Breakpoint Set at 327
Breakpoint Set at 191
Breakpoint Set at 142
Breakpoint Set at 231
Breakpoint Set at 114
Breakpoint Set at 351
Breakpoint Set at 109
Breakpoint Set at 304
Breakpoint Set at 242
Breakpoint Set at 326
Breakpoint Set at 255
Breakpoint Set at 231
Breakpoint Set at 41
Breakpoint Set at 219
Breakpoint Set at 14
Breakpoint Set at 252
Breakpoint Set at 113
Breakpoint Set at 369
Breakpoint Set at 191
Breakpoint Set at 97
Breakpoint Set at 20
Breakpoint Set at 419
Breakpoint Set at 165
Breakpoint Set at 165
Breakpoint Set at 419
Breakpoint Set at 80
Breakpoint Set at 419
Breakpoint Set at 30
Breakpoint Set at 270
Breakpoint Set at 60
Breakpoint Set at 231
Breakpoint Set at 33
Breakpoint Set at 142
Breakpoint Set at 331
Breakpoint Set at 356
Breakpoint Set at 357
Breakpoint Set at 194
Breakpoint Set at 335
Breakpoint Set at 419
Breakpoint Set at 165
Breakpoint Set at 234
Breakpoint Set at 165
Breakpoint Set at 231
Breakpoint Set at 54
Breakpoint Set at 273
Breakpoint Set at 142
Breakpoint Set at 231
Breakpoint Set at 356
Breakpoint Set at 14
Breakpoint Set at 280
Breakpoint Set at 321
Breakpoint Set at 237
Breakpoint Set at 233
Breakpoint Set at 66
Breakpoint Set at 425
Breakpoint Set at 364
Breakpoint Set at 101
Breakpoint Set at 14
Breakpoint Set at 182
Breakpoint Set at 48
Breakpoint Set at 279
Breakpoint Set at 210
Breakpoint Set at 14
Breakpoint Set at 346
Breakpoint Set at 68
Breakpoint Set at 142
Breakpoint Set at 290
Breakpoint Set at 40
Breakpoint Set at 290
Breakpoint Set at 93
Breakpoint Set at 165
Breakpoint Set at 79
Breakpoint Set at 257
Breakpoint Set at 380
Breakpoint Set at 297
Breakpoint Set at 300
Breakpoint Set at 58
Breakpoint Set at 165
Breakpoint Set at 283
Breakpoint Set at 29
Breakpoint Set at 108
Breakpoint Set at 419
Breakpoint Set at 96
Breakpoint Set at 317
Breakpoint Set at 48
Breakpoint Set at 295
Breakpoint Set at 314
Breakpoint Set at 378
Breakpoint Set at 302
Breakpoint Set at 165
Breakpoint Set at 186
Breakpoint Set at 419
Breakpoint Set at 59
Breakpoint Set at 347
Breakpoint Set at 372
Breakpoint Set at 363
Breakpoint Set at 85
Breakpoint Set at 188
Breakpoint Set at 165
Breakpoint Set at 315
Breakpoint Set at 337
Breakpoint Set at 165
Breakpoint Set at 344
Breakpoint Set at 247
Breakpoint Set at 318
Breakpoint Set at 348
Breakpoint Set at 76
Breakpoint Set at 419
Breakpoint Set at 165
Breakpoint Set at 419
Breakpoint Set at 58
Breakpoint Set at 279
Breakpoint Set at 177
Breakpoint Set at 62
Breakpoint Set at 165
Breakpoint Set at 98
Breakpoint Set at 172
Breakpoint Set at 362
Breakpoint Set at 165
Breakpoint Set at 264
Breakpoint Set at 385
Breakpoint Set at 341
Breakpoint Set at 419
Breakpoint Set at 377
Breakpoint Set at 40
Breakpoint Set at 424
Breakpoint Set at 261
Breakpoint Set at 186
Breakpoint Set at 165
Breakpoint Set at 236
Breakpoint Set at 220
Breakpoint Set at 367
Breakpoint Set at 117
Breakpoint Set at 14
Breakpoint Set at 96
Breakpoint Set at 124
Breakpoint Set at 246
Breakpoint Set at 63
Breakpoint Set at 76
Breakpoint Set at 333
Breakpoint Set at 305
Breakpoint Set at 22
Breakpoint Set at 14
Breakpoint Set at 202
Breakpoint Set at 43
Breakpoint Set at 165
Breakpoint Set at 336
Breakpoint Set at 419
Breakpoint Set at 165
Breakpoint Set at 25
Breakpoint Set at 165
Breakpoint Set at 373
Breakpoint Set at 23
Breakpoint Set at 314
Breakpoint Set at 200
Breakpoint Set at 194
Breakpoint Set at 117
Breakpoint Set at 252
Breakpoint Set at 103
Breakpoint Set at 165
Breakpoint Set at 259
Breakpoint Set at 142
Breakpoint Set at 142
Breakpoint Set at 197
Breakpoint Set at 51
Breakpoint Set at 419
Breakpoint Set at 419
Breakpoint Set at 238
Breakpoint Set at 419
Breakpoint Set at 142
Breakpoint Set at 124
Breakpoint Set at 142
Breakpoint Set at 329
Breakpoint Set at 311
Breakpoint Set at 86
Breakpoint Set at 214
Breakpoint Set at 142
Breakpoint Set at 427
Breakpoint Set at 274
Breakpoint Set at 360
Breakpoint Set at 91
Breakpoint Set at 189
Breakpoint Set at 49
Breakpoint Set at 419
Breakpoint Set at 421
Breakpoint Set at 317
Breakpoint Set at 99
Breakpoint Set at 240
Breakpoint Set at 31
Breakpoint Set at 419
Breakpoint Set at 195
Breakpoint Set at 34
Breakpoint Set at 14
Breakpoint Set at 419
Breakpoint Set at 361
Breakpoint Set at 170
Breakpoint Set at 345
Breakpoint Set at 142
Breakpoint Set at 89
Breakpoint Set at 250
Breakpoint Set at 84
Breakpoint Set at 297
Breakpoint Set at 119
Breakpoint Set at 35
Breakpoint Set at 76
Breakpoint Set at 235
Breakpoint Set at 214
Breakpoint Set at 215
Breakpoint Set at 44
Breakpoint Set at 314
Breakpoint Set at 360
Breakpoint Set at 419
Breakpoint Set at 254
Breakpoint Set at 310
Breakpoint Set at 279
Breakpoint Set at 323
Breakpoint Set at 53
Breakpoint Set at 419
Breakpoint Set at 245
Breakpoint Set at 240
Breakpoint Set at 102
Breakpoint Set at 419
Breakpoint Set at 266
Breakpoint Set at 105
Breakpoint Set at 43
Breakpoint Set at 14
Breakpoint Set at 270
Breakpoint Set at 426
Breakpoint Set at 14
Breakpoint Set at 177
Breakpoint Set at 171
Breakpoint Set at 419
Breakpoint Set at 177
Breakpoint Set at 67
Breakpoint Set at 206
Breakpoint Set at 242
Breakpoint Set at 210
Breakpoint Set at 88
Breakpoint Set at 231
Breakpoint Set at 214
Breakpoint Set at 421
Breakpoint Set at 210
Breakpoint Set at 142
Breakpoint Set at 66
Breakpoint Set at 29
Breakpoint Set at 124
Breakpoint Set at 204
Breakpoint Set at 419
Breakpoint Set at 165
Breakpoint Set at 142
Breakpoint Set at 165
Breakpoint Set at 142
Breakpoint Set at 283
Breakpoint Set at 231
Breakpoint Set at 353
Breakpoint Set at 120
Breakpoint Set at 273
Breakpoint Set at 379
Breakpoint Set at 53
Breakpoint Set at 91
Breakpoint Set at 142
Breakpoint Set at 58
Breakpoint Set at 265
Breakpoint Set at 257
Breakpoint Set at 169
Breakpoint Set at 419
Breakpoint Set at 48
Breakpoint Set at 419
Breakpoint Set at 112
Breakpoint Set at 197
Breakpoint Set at 250
Breakpoint Set at 142
Breakpoint Set at 354
Breakpoint Set at 36
Breakpoint Set at 79
Breakpoint Set at 264
Breakpoint Set at 306
Breakpoint Set at 14
Breakpoint Set at 419
Breakpoint Set at 419
Breakpoint Set at 169
Breakpoint Set at 22
Breakpoint Set at 200
Breakpoint Set at 92
Breakpoint Set at 165
Breakpoint Set at 165
Breakpoint Set at 321
Breakpoint Set at 165
Breakpoint Set at 422
Breakpoint Set at 344
Breakpoint Set at 231
Breakpoint Set at 385
Breakpoint Set at 15
Breakpoint Set at 324
Breakpoint Set at 210
Breakpoint Set at 77
Breakpoint Set at 298
Breakpoint Set at 299
Breakpoint Set at 216
Breakpoint Set at 338
Breakpoint Set at 419
Breakpoint Set at 14
Breakpoint Set at 419
Breakpoint Set at 231
Breakpoint Set at 205
Breakpoint Set at 270
Breakpoint Set at 112
Breakpoint Set at 17
Breakpoint Set at 84
Breakpoint Set at 33
Breakpoint Set at 332
Breakpoint Set at 203
Breakpoint Set at 179
Breakpoint Set at 14
Breakpoint Set at 290
Breakpoint Set at 169
Breakpoint Set at 262
Breakpoint Set at 340
Breakpoint Set at 66
Breakpoint Set at 69
Breakpoint Set at 352
Breakpoint Set at 219
Breakpoint Set at 419
Breakpoint Set at 321
Breakpoint Set at 261
Breakpoint Set at 142
Breakpoint Set at 142
Breakpoint Set at 14
Breakpoint Set at 310
Breakpoint Set at 293
Breakpoint Set at 368
Breakpoint Set at 182
Breakpoint Set at 248
Breakpoint Set at 108
Breakpoint Set at 72
Breakpoint Set at 173
Breakpoint Set at 419
Breakpoint Set at 350
Breakpoint Set at 377
Breakpoint Set at 18
Breakpoint Set at 259
Paused at 124
	Hit Breakpoint(s) 
	Call Stack:  
	Bindings: 
