Breakpoint Set at 34
Breakpoint Set at 6
Breakpoint Set at 31
Breakpoint Set at 26
Breakpoint Set at 43
Breakpoint Set at 15
Breakpoint Set at 34
Breakpoint Set at 7
Breakpoint Set at 42
Breakpoint Set at 36
Breakpoint Set at 11
Breakpoint Set at 25
Breakpoint Set at 40
Breakpoint Set at 45
Breakpoint Set at 34
Breakpoint Set at 19
Breakpoint Set at 23
Breakpoint Set at 13
Breakpoint Set at 12
Breakpoint Set at 8
Breakpoint Set at 22
Breakpoint Set at 34
Breakpoint Set at 31
Breakpoint Set at 18
Breakpoint Set at 20
Breakpoint Set at 31
Breakpoint Set at 34
Breakpoint Set at 34
Breakpoint Set at 24
Breakpoint Set at 9
Breakpoint Set at 14
Breakpoint Set at 16
Breakpoint Set at 31
Breakpoint Set at 37
Breakpoint Set at 21
Breakpoint Set at 32
Breakpoint Set at 40
Breakpoint Set at 36
Paused at 34
	Hit Breakpoint(s) 
	Call Stack:  
	Bindings: 
