Breakpoint Set at 14
Breakpoint Set at 14
Breakpoint Set at 56
Breakpoint Set at 56
Breakpoint Set at 78
Breakpoint Set at 33
Breakpoint Set at 58
Breakpoint Set at 72
Breakpoint Set at 20
Breakpoint Set at 72
Breakpoint Set at 18
Breakpoint Set at 56
Breakpoint Set at 72
Breakpoint Set at 81
Breakpoint Set at 74
Breakpoint Set at 79
Breakpoint Set at 20
Breakpoint Set at 33
Breakpoint Set at 14
Breakpoint Set at 33
Breakpoint Set at 14
Breakpoint Set at 56
Breakpoint Set at 33
Breakpoint Set at 14
Breakpoint Set at 33
Breakpoint Set at 56
Breakpoint Set at 72
Breakpoint Set at 18
Breakpoint Set at 56
Breakpoint Set at 72
Breakpoint Set at 72
Breakpoint Set at 72
Breakpoint Set at 72
Breakpoint Set at 56
Breakpoint Set at 80
Breakpoint Set at 33
Breakpoint Set at 56
Breakpoint Set at 16
Breakpoint Set at 72
Breakpoint Set at 78
Breakpoint Set at 14
Breakpoint Set at 14
Breakpoint Set at 72
Breakpoint Set at 78
Breakpoint Set at 33
Breakpoint Set at 56
Breakpoint Set at 33
Breakpoint Set at 33
Breakpoint Set at 72
Breakpoint Set at 33
Breakpoint Set at 56
Breakpoint Set at 33
Breakpoint Set at 35
Breakpoint Set at 14
Breakpoint Set at 56
Breakpoint Set at 33
Breakpoint Set at 14
Breakpoint Set at 56
Breakpoint Set at 14
Breakpoint Set at 56
Breakpoint Set at 58
Breakpoint Set at 72
Breakpoint Set at 56
Breakpoint Set at 74
Breakpoint Set at 14
Breakpoint Set at 56
Breakpoint Set at 14
Breakpoint Set at 56
Breakpoint Set at 56
Breakpoint Set at 72
Breakpoint Set at 72
Breakpoint Set at 56
Breakpoint Set at 56
Breakpoint Set at 14
Breakpoint Set at 14
Breakpoint Set at 35
Breakpoint Set at 56
Paused at 14
	Hit Breakpoint(s) 
	Call Stack:  
	Bindings: 
