4 -> 48
58 -> 58
56 -> 56
44 -> 45
26 -> 48
18 -> 19
48 -> 48
2 -> 48
11 -> 11
7 -> 7
43 -> 43
45 -> 45
54 -> 54
39 -> 39
52 -> 54
9 -> 10
55 -> 56
29 -> 29
8 -> 48
42 -> 42
38 -> 38
27 -> 28
24 -> 25
28 -> 28
59 -> 48
40 -> 41
51 -> 51
32 -> 33
47 -> 48
3 -> 48
15 -> 16
17 -> 48
25 -> 25
0 -> 48
37 -> 37
31 -> 48
13 -> 13
20 -> 20
5 -> 6
34 -> 34
50 -> 50
6 -> 6
41 -> 41
57 -> 57
12 -> 12
49 -> 50
14 -> 14
10 -> 10
16 -> 16
30 -> 30
22 -> 22
53 -> 54
35 -> 35
46 -> 46
33 -> 33
21 -> 21
1 -> 48
19 -> 19
36 -> 37
23 -> 23
