14 -> 14
27 -> 28
11 -> 11
32 -> 33
50 -> 50
58 -> 58
37 -> 37
16 -> 16
13 -> 13
59 -> 48
3 -> 48
41 -> 41
26 -> 48
24 -> 25
55 -> 56
12 -> 12
19 -> 19
39 -> 39
47 -> 48
31 -> 48
10 -> 10
6 -> 6
54 -> 54
25 -> 25
21 -> 21
33 -> 33
2 -> 48
40 -> 41
53 -> 54
8 -> 48
51 -> 51
57 -> 57
42 -> 42
5 -> 6
1 -> 48
43 -> 43
45 -> 45
44 -> 45
22 -> 22
56 -> 56
34 -> 34
9 -> 10
15 -> 16
23 -> 23
18 -> 19
46 -> 46
4 -> 48
52 -> 54
36 -> 37
20 -> 20
38 -> 38
35 -> 35
0 -> 48
29 -> 29
30 -> 30
17 -> 48
49 -> 50
28 -> 28
7 -> 7
48 -> 48
