request breakpoint   0 at line   1
                   set at line  14
request breakpoint   1 at line  16
                   set at line  16
request breakpoint   2 at line  22
                   set at line  23
request breakpoint   3 at line  30
                   set at line  30
request breakpoint   4 at line  36
                   set at line  36
request breakpoint   5 at line  37
                   set at line  38
request breakpoint   6 at line  63
                   set at line  63
request breakpoint   7 at line  66
                   set at line  67
request breakpoint   8 at line  95
                   set at line  95
request breakpoint   9 at line  97
                   set at line  97
request breakpoint  10 at line 101
                   set at line 102
request breakpoint  11 at line 141
                   set at line 143
request breakpoint  12 at line 164
                   set at line 164
request breakpoint  13 at line 173
                   set at line 173
request breakpoint  14 at line 179
                   set at line 179
request breakpoint  15 at line 186
                   set at line 187
request breakpoint  16 at line 189
                   set at line 189
request breakpoint  17 at line 200
                   set at line 202
request breakpoint  18 at line 213
                   set at line 213
request breakpoint  19 at line 218
                   set at line 220
request breakpoint  20 at line 222
                   set at line 222
request breakpoint  21 at line 237
                   set at line 239
request breakpoint  22 at line 242
                   set at line 243
request breakpoint  23 at line 246
                   set at line 258
request breakpoint  24 at line 264
                   set at line 265
paused at line  14
	because of breakpoints [0]
action: stepIn
paused at line  15
action: stepIn
paused at line  16
action: stepOut
paused at line 243
action: stepOut
paused at line 258
action: resume
paused at line 265
	because of breakpoints [24]
action: stepIn
paused at line  23
action: stepOut
paused at line 173
action: stepOut
paused at line 179
action: resume
paused at line  63
	because of breakpoints [6]
action: stepIn
paused at line  64
action: stepOut
paused at line  67
action: stepIn
paused at line  68
action: stepOver
paused at line  72
action: resume
paused at line 164
	because of breakpoints [12]
action: resume
paused at line 164
	because of breakpoints [12]
action: resume
paused at line 164
	because of breakpoints [12]
action: resume
paused at line 164
	because of breakpoints [12]
action: resume
paused at line 164
	because of breakpoints [12]
action: stepIn
paused at line  85
action: stepIn
paused at line 110
action: stepOut
paused at line  85
action: stepIn
paused at line 153
action: resume
paused at line 164
	because of breakpoints [12]
action: stepOver
paused at line  90
action: stepIn
paused at line  91
action: stepOver
paused at line  80
action: stepOver
paused at line  79
action: stepIn
paused at line  83
action: resume
paused at line 164
	because of breakpoints [12]
action: resume
paused at line 164
	because of breakpoints [12]
action: stepIn
paused at line  90
action: resume
paused at line 164
	because of breakpoints [12]
action: stepOut
paused at line  85
action: stepOut
paused at line 164
action: stepOut
paused at line  90
action: stepOver
paused at line  91
action: resume
paused at line 164
	because of breakpoints [12]
action: stepOut
paused at line  85
action: stepIn
paused at line 110
action: resume
paused at line 164
	because of breakpoints [12]
action: stepOut
paused at line  90
action: resume
paused at line 164
	because of breakpoints [12]
action: stepIn
paused at line  85
action: stepIn
paused at line 110
action: stepOut
paused at line  85
action: resume
paused at line 164
	because of breakpoints [12]
action: stepIn
paused at line  90
action: stepOut
paused at line 164
action: stepOut
paused at line  85
action: stepOut
paused at line 164
action: stepOver
paused at line  90
action: stepIn
paused at line  91
action: stepOver
paused at line  80
action: stepIn
paused at line  79
action: resume
paused at line 164
	because of breakpoints [12]
action: stepIn
paused at line  85
action: stepOut
paused at line 164
action: stepOver
paused at line  90
action: stepOut
paused at line 164
action: stepOut
paused at line  85
action: stepOver
paused at line  87
action: stepOut
paused at line 164
action: stepOver
paused at line  90
action: resume
paused at line 164
	because of breakpoints [12]
action: stepOut
paused at line  85
action: stepIn
paused at line 110
action: resume
paused at line 164
	because of breakpoints [12]
action: stepOver
paused at line  90
action: stepIn
paused at line  91
action: resume
paused at line 164
	because of breakpoints [12]
action: stepOver
paused at line  85
action: resume
paused at line 164
	because of breakpoints [12]
action: stepIn
paused at line  90
action: stepOver
paused at line  91
action: resume
paused at line 164
	because of breakpoints [12]
action: stepIn
paused at line  85
action: resume
paused at line 164
	because of breakpoints [12]
action: resume
paused at line 164
	because of breakpoints [12]
action: stepOut
paused at line  85
action: stepOut
paused at line 164
action: stepOver
paused at line  90
action: stepOut
paused at line 164
action: stepIn
paused at line  85
action: stepOut
paused at line 164
action: resume
paused at line 164
	because of breakpoints [12]
action: resume
paused at line 164
	because of breakpoints [12]
action: stepOver
paused at line  90
action: stepOut
paused at line 164
action: resume
paused at line 164
	because of breakpoints [12]
action: stepIn
paused at line  85
action: stepOver
paused at line  87
action: stepOver
paused at line  88
action: stepOver
paused at line  89
action: stepIn
paused at line 163
action: stepOver
paused at line 164
action: stepIn
paused at line  90
action: stepOut
paused at line 164
action: stepOut
paused at line  85
action: stepOut
paused at line 164
action: resume
paused at line 164
	because of breakpoints [12]
action: stepIn
paused at line  90
action: stepOver
paused at line  91
action: resume
paused at line 164
	because of breakpoints [12]
action: resume
paused at line 164
	because of breakpoints [12]
action: stepOut
paused at line  85
action: stepOut
paused at line 164
action: stepOver
paused at line  90
action: stepOver
paused at line  91
action: stepIn
paused at line  80
action: resume
paused at line 164
	because of breakpoints [12]
action: resume
paused at line 164
	because of breakpoints [12]
action: stepIn
paused at line  85
action: stepOut
paused at line 164
action: stepIn
paused at line  90
action: resume
paused at line 164
	because of breakpoints [12]
action: stepOut
paused at line  85
action: stepOver
paused at line 164
action: stepOver
paused at line  85
action: stepOut
paused at line 164
action: stepIn
paused at line  90
action: stepIn
paused at line  91
action: stepOut
paused at line 164
action: resume
paused at line 164
	because of breakpoints [12]
action: stepOut
paused at line  85
action: stepOver
paused at line  87
action: stepIn
paused at line  88
action: stepOver
paused at line  89
action: stepOver
paused at line 164
action: resume
paused at line 164
	because of breakpoints [12]
action: stepOut
paused at line  85
action: stepOut
paused at line 164
action: stepOut
paused at line  85
action: stepIn
paused at line 110
action: stepOver
paused at line 111
action: stepOut
done with actions
