request breakpoint   0 at line   1
                   set at line  14
request breakpoint   1 at line  16
                   set at line  16
request breakpoint   2 at line  22
                   set at line  23
request breakpoint   3 at line  30
                   set at line  30
request breakpoint   4 at line  36
                   set at line  36
request breakpoint   5 at line  37
                   set at line  38
request breakpoint   6 at line  63
                   set at line  63
request breakpoint   7 at line  66
                   set at line  67
request breakpoint   8 at line  95
                   set at line  95
request breakpoint   9 at line  97
                   set at line  97
request breakpoint  10 at line 101
                   set at line 102
request breakpoint  11 at line 141
                   set at line 143
request breakpoint  12 at line 164
                   set at line 164
request breakpoint  13 at line 173
                   set at line 173
request breakpoint  14 at line 179
                   set at line 179
request breakpoint  15 at line 186
                   set at line 187
request breakpoint  16 at line 189
                   set at line 189
request breakpoint  17 at line 200
                   set at line 202
request breakpoint  18 at line 213
                   set at line 213
request breakpoint  19 at line 218
                   set at line 220
request breakpoint  20 at line 222
                   set at line 222
request breakpoint  21 at line 237
                   set at line 239
request breakpoint  22 at line 242
                   set at line 243
request breakpoint  23 at line 246
                   set at line 258
request breakpoint  24 at line 264
                   set at line 265
paused at line  14
	because of breakpoints [0]
action: stepIn
paused at line  15
action: stepIn
paused at line  16
action: stepOver
paused at line 243
action: stepOver
paused at line 258
action: stepOver
paused at line 259
action: stepIn
paused at line 262
action: stepOver
paused at line 260
action: stepOver
paused at line 259
action: stepOver
paused at line 262
action: stepIn
paused at line 260
action: stepOver
paused at line 259
action: stepIn
paused at line 262
action: stepIn
paused at line 260
action: stepOver
paused at line 259
action: stepOver
paused at line 262
action: stepOver
paused at line 260
action: stepOver
paused at line 259
action: stepOver
paused at line 265
action: stepIn
paused at line  23
action: stepIn
paused at line 172
action: stepOver
paused at line 173
action: stepIn
paused at line 174
action: stepOver
paused at line 175
action: stepIn
paused at line 178
action: stepIn
paused at line 176
action: stepIn
paused at line 175
action: stepIn
paused at line 178
action: stepIn
paused at line 176
action: stepOver
paused at line 175
action: stepOver
paused at line 178
action: stepIn
paused at line 176
action: stepOver
paused at line 175
action: stepOver
paused at line 178
action: stepOver
paused at line 176
action: stepOver
paused at line 175
action: stepIn
paused at line 178
action: stepOver
paused at line 176
action: stepOver
paused at line 175
action: stepIn
paused at line 178
action: stepOver
paused at line 176
action: stepOver
paused at line 175
action: stepOver
paused at line 178
action: stepIn
paused at line 176
action: stepIn
paused at line 175
action: stepOver
paused at line 178
action: stepOver
paused at line 176
action: stepIn
paused at line 175
action: stepOver
paused at line 178
action: stepOver
paused at line 176
action: stepOver
paused at line 175
action: stepIn
paused at line 178
action: stepIn
paused at line 176
action: stepIn
paused at line 175
action: stepIn
paused at line 178
action: stepOver
paused at line 176
action: stepIn
paused at line 175
action: stepOver
paused at line 178
action: stepIn
paused at line 176
action: stepOver
paused at line 175
action: stepOver
paused at line 178
action: stepIn
paused at line 176
action: stepOver
paused at line 175
action: stepIn
paused at line 178
action: stepOver
paused at line 176
action: stepOver
paused at line 175
action: stepIn
paused at line 178
action: stepOver
paused at line 176
action: stepIn
paused at line 175
action: stepIn
paused at line 178
action: stepOver
paused at line 176
action: stepIn
paused at line 175
action: stepOver
paused at line 178
action: stepIn
paused at line 176
action: stepIn
paused at line 175
action: stepOver
paused at line 178
action: stepIn
paused at line 176
action: stepOver
paused at line 175
action: stepOver
paused at line 178
action: stepOver
paused at line 176
action: stepOver
paused at line 175
action: stepIn
paused at line 178
action: stepOver
paused at line 176
action: stepIn
paused at line 175
action: stepOver
paused at line 178
action: stepOver
paused at line 176
action: stepOver
paused at line 175
action: stepIn
paused at line 178
action: stepOver
paused at line 176
action: stepOver
paused at line 175
action: stepIn
paused at line 178
action: stepIn
paused at line 176
action: stepIn
paused at line 175
action: stepIn
paused at line 178
action: stepIn
paused at line 176
action: stepIn
paused at line 175
action: stepIn
paused at line 178
action: stepOver
paused at line 176
action: stepOver
paused at line 175
action: stepOver
paused at line 178
action: stepOver
paused at line 176
action: stepIn
paused at line 175
action: stepIn
paused at line 178
action: stepOver
paused at line 176
action: stepOver
paused at line 175
action: stepOver
paused at line 178
action: stepOver
paused at line 176
action: stepIn
paused at line 175
action: stepIn
paused at line 178
action: stepIn
paused at line 176
action: stepOver
paused at line 175
action: stepOver
paused at line 178
action: stepIn
paused at line 176
action: stepOver
paused at line 175
action: stepIn
paused at line 178
action: stepOver
paused at line 176
action: stepOver
paused at line 175
action: stepIn
paused at line 178
action: stepIn
paused at line 176
action: stepOver
paused at line 175
action: stepIn
paused at line 178
action: stepIn
paused at line 176
action: stepOver
paused at line 175
action: stepOver
paused at line 178
action: stepOver
paused at line 176
action: stepIn
paused at line 175
action: stepIn
paused at line 178
action: stepIn
paused at line 176
action: stepIn
paused at line 175
action: stepOver
paused at line 178
action: stepOver
paused at line 176
action: stepOver
paused at line 175
action: stepOver
paused at line 178
action: stepIn
paused at line 176
action: stepIn
paused at line 175
action: stepOver
done with actions
