0 -> 13
1 -> 13
2 -> 13
5 -> 13
9 -> 13
15 -> 16
16 -> 39
19 -> 19
23 -> 23
25 -> 25
28 -> 28
29 -> 29
33 -> 33
34 -> 34
36 -> 39
39 -> 39
44 -> 47
46 -> 47
48 -> 48
50 -> 50
51 -> 52
52 -> 52
53 -> 53
55 -> 57
56 -> 57
58 -> 58
60 -> 60
61 -> 61
62 -> 62
63 -> 65
64 -> 65
65 -> 75
68 -> 68
69 -> 70
72 -> 75
75 -> 75
77 -> 78
78 -> 83
81 -> 83
82 -> 83
84 -> 84
85 -> 85
88 -> 88
90 -> 90
91 -> 91
94 -> 95
95 -> 111
97 -> 97
100 -> 100
102 -> 102
103 -> 104
108 -> 108
112 -> 112
114 -> 116
115 -> 116
121 -> 123
125 -> 141
126 -> 141
128 -> 141
132 -> 141
137 -> 141
138 -> 141
140 -> 141
144 -> 164
145 -> 164
147 -> 164
148 -> 164
149 -> 164
152 -> 164
153 -> 164
157 -> 164
159 -> 164
160 -> 164
161 -> 164
162 -> 164
164 -> 230
165 -> 168
166 -> 168
167 -> 168
169 -> 169
172 -> 172
173 -> 176
176 -> 230
181 -> 181
184 -> 185
186 -> 187
187 -> 187
192 -> 193
193 -> 230
194 -> 194
197 -> 199
201 -> 201
205 -> 205
211 -> 213
212 -> 213
214 -> 214
215 -> 215
220 -> 230
221 -> 230
222 -> 230
223 -> 230
224 -> 230
225 -> 230
227 -> 230
229 -> 230
231 -> 232
232 -> 232
233 -> 233
235 -> 235
236 -> 236
239 -> 239
240 -> 241
242 -> 244
247 -> 247
248 -> 249
249 -> 278
250 -> 251
252 -> 253
257 -> 258
259 -> 260
261 -> 261
263 -> 263
264 -> 264
265 -> 265
266 -> 269
267 -> 269
270 -> 272
271 -> 272
273 -> 273
276 -> 278
278 -> 278
280 -> 282
283 -> 283
285 -> 289
286 -> 289
290 -> 292
292 -> 292
293 -> 294
299 -> 299
300 -> 301
301 -> 301
302 -> 303
303 -> 303
306 -> 306
309 -> 309
311 -> 313
313 -> 313
314 -> 314
315 -> 316
317 -> 317
319 -> 320
321 -> 322
325 -> 325
327 -> 328
328 -> 328
331 -> 331
333 -> 334
334 -> 334
338 -> 339
339 -> 339
340 -> 340
341 -> 343
343 -> 343
347 -> 347
348 -> 349
350 -> 350
351 -> 351
352 -> 352
354 -> 355
357 -> 359
358 -> 359
360 -> 360
361 -> 361
362 -> 362
365 -> 365
368 -> 368
369 -> 369
371 -> 371
372 -> 372
374 -> 376
376 -> 384
377 -> 377
380 -> 384
381 -> 384
383 -> 384
387 -> 418
390 -> 418
392 -> 418
393 -> 418
396 -> 418
400 -> 418
403 -> 418
404 -> 418
406 -> 418
407 -> 418
409 -> 418
411 -> 418
418 -> 425
419 -> 420
423 -> 423
424 -> 424
425 -> 425
