75 -> 75
91 -> 91
233 -> 233
266 -> 269
81 -> 83
240 -> 241
285 -> 289
271 -> 272
303 -> 303
145 -> 164
211 -> 213
299 -> 299
137 -> 141
407 -> 418
140 -> 141
84 -> 84
88 -> 88
348 -> 349
425 -> 425
369 -> 369
82 -> 83
358 -> 359
90 -> 90
313 -> 313
225 -> 230
77 -> 78
181 -> 181
222 -> 230
257 -> 258
232 -> 232
197 -> 199
160 -> 164
374 -> 376
60 -> 60
265 -> 265
229 -> 230
85 -> 85
173 -> 176
114 -> 116
409 -> 418
176 -> 230
381 -> 384
115 -> 116
306 -> 306
293 -> 294
371 -> 371
286 -> 289
270 -> 272
301 -> 301
34 -> 34
192 -> 193
231 -> 232
64 -> 65
372 -> 372
25 -> 25
172 -> 172
315 -> 316
264 -> 264
61 -> 61
423 -> 423
259 -> 260
278 -> 278
184 -> 185
78 -> 83
400 -> 418
365 -> 365
309 -> 309
418 -> 425
50 -> 50
28 -> 28
376 -> 384
351 -> 351
161 -> 164
236 -> 236
360 -> 360
159 -> 164
235 -> 235
221 -> 230
403 -> 418
220 -> 230
0 -> 13
201 -> 201
147 -> 164
419 -> 420
33 -> 33
169 -> 169
383 -> 384
187 -> 187
103 -> 104
325 -> 325
361 -> 361
52 -> 52
205 -> 205
63 -> 65
314 -> 314
108 -> 108
248 -> 249
149 -> 164
350 -> 350
68 -> 68
15 -> 16
424 -> 424
280 -> 282
396 -> 418
328 -> 328
39 -> 39
223 -> 230
247 -> 247
261 -> 261
194 -> 194
166 -> 168
51 -> 52
283 -> 283
380 -> 384
362 -> 362
94 -> 95
239 -> 239
55 -> 57
16 -> 39
300 -> 301
121 -> 123
164 -> 230
126 -> 141
292 -> 292
165 -> 168
276 -> 278
311 -> 313
132 -> 141
339 -> 339
321 -> 322
354 -> 355
393 -> 418
224 -> 230
112 -> 112
368 -> 368
58 -> 58
302 -> 303
215 -> 215
343 -> 343
252 -> 253
2 -> 13
144 -> 164
9 -> 13
331 -> 331
1 -> 13
157 -> 164
65 -> 75
347 -> 347
249 -> 278
72 -> 75
327 -> 328
406 -> 418
56 -> 57
334 -> 334
19 -> 19
153 -> 164
125 -> 141
214 -> 214
29 -> 29
387 -> 418
319 -> 320
411 -> 418
128 -> 141
263 -> 263
62 -> 62
273 -> 273
267 -> 269
138 -> 141
250 -> 251
227 -> 230
317 -> 317
242 -> 244
333 -> 334
193 -> 230
46 -> 47
404 -> 418
100 -> 100
152 -> 164
5 -> 13
212 -> 213
162 -> 164
48 -> 48
186 -> 187
97 -> 97
95 -> 111
338 -> 339
377 -> 377
23 -> 23
390 -> 418
53 -> 53
290 -> 292
148 -> 164
69 -> 70
167 -> 168
36 -> 39
102 -> 102
352 -> 352
44 -> 47
341 -> 343
357 -> 359
340 -> 340
392 -> 418
