161 -> 164
273 -> 273
90 -> 90
153 -> 164
159 -> 164
34 -> 34
81 -> 83
23 -> 23
407 -> 418
360 -> 360
259 -> 260
261 -> 261
84 -> 84
293 -> 294
46 -> 47
380 -> 384
108 -> 108
333 -> 334
173 -> 176
290 -> 292
140 -> 141
55 -> 57
283 -> 283
306 -> 306
376 -> 376
95 -> 95
212 -> 213
357 -> 359
215 -> 215
387 -> 418
16 -> 16
232 -> 232
60 -> 60
187 -> 187
252 -> 253
340 -> 340
52 -> 52
377 -> 377
221 -> 230
61 -> 61
339 -> 339
19 -> 19
309 -> 309
132 -> 141
368 -> 368
418 -> 425
63 -> 65
39 -> 39
160 -> 164
145 -> 164
167 -> 168
162 -> 164
338 -> 339
265 -> 265
286 -> 289
176 -> 230
1 -> 13
393 -> 418
103 -> 104
220 -> 230
227 -> 230
392 -> 418
225 -> 230
64 -> 65
409 -> 418
350 -> 350
266 -> 269
197 -> 199
181 -> 181
85 -> 85
406 -> 418
300 -> 301
69 -> 70
396 -> 418
94 -> 95
53 -> 53
280 -> 282
325 -> 325
381 -> 384
5 -> 13
314 -> 314
327 -> 328
313 -> 313
36 -> 39
369 -> 369
