162 -> 164
264 -> 264
95 -> 95
147 -> 164
148 -> 164
16 -> 16
69 -> 70
144 -> 164
411 -> 418
350 -> 350
232 -> 232
28 -> 28
62 -> 62
273 -> 273
409 -> 418
369 -> 369
78 -> 78
314 -> 314
145 -> 164
259 -> 260
44 -> 47
222 -> 230
242 -> 244
267 -> 269
352 -> 352
235 -> 235
9 -> 13
328 -> 328
5 -> 13
374 -> 376
137 -> 141
167 -> 168
82 -> 83
100 -> 100
161 -> 164
309 -> 309
327 -> 328
56 -> 57
121 -> 123
52 -> 52
286 -> 289
290 -> 292
29 -> 29
176 -> 176
315 -> 316
419 -> 420
406 -> 418
357 -> 359
184 -> 185
85 -> 85
333 -> 334
400 -> 418
53 -> 53
280 -> 282
126 -> 141
249 -> 249
94 -> 95
365 -> 365
64 -> 65
221 -> 230
265 -> 265
25 -> 25
88 -> 88
75 -> 75
2 -> 13
205 -> 205
276 -> 278
55 -> 57
186 -> 187
247 -> 247
115 -> 116
321 -> 322
201 -> 201
61 -> 61
418 -> 425
112 -> 112
339 -> 339
108 -> 108
19 -> 19
103 -> 104
231 -> 232
424 -> 424
215 -> 215
60 -> 60
194 -> 194
252 -> 253
223 -> 230
227 -> 230
387 -> 418
362 -> 362
39 -> 39
371 -> 371
263 -> 263
300 -> 301
257 -> 258
193 -> 193
341 -> 343
84 -> 84
51 -> 52
266 -> 269
299 -> 299
125 -> 141
351 -> 351
303 -> 303
261 -> 261
225 -> 230
240 -> 241
381 -> 384
278 -> 282
77 -> 78
311 -> 313
224 -> 230
317 -> 317
358 -> 359
140 -> 141
48 -> 48
293 -> 294
233 -> 233
250 -> 251
392 -> 418
102 -> 102
65 -> 75
149 -> 164
376 -> 384
63 -> 65
1 -> 13
423 -> 423
192 -> 193
347 -> 347
301 -> 320
114 -> 116
128 -> 141
68 -> 68
331 -> 331
292 -> 320
212 -> 213
159 -> 164
50 -> 50
15 -> 16
220 -> 230
239 -> 239
72 -> 75
160 -> 164
325 -> 325
302 -> 303
157 -> 164
338 -> 339
90 -> 90
285 -> 289
33 -> 33
425 -> 425
169 -> 169
306 -> 306
58 -> 58
380 -> 384
211 -> 213
390 -> 418
270 -> 272
348 -> 349
360 -> 360
36 -> 39
377 -> 377
372 -> 372
313 -> 320
138 -> 141
271 -> 272
407 -> 418
393 -> 418
343 -> 346
229 -> 230
91 -> 91
165 -> 168
181 -> 181
248 -> 249
81 -> 83
34 -> 34
153 -> 164
340 -> 340
152 -> 164
214 -> 214
23 -> 23
396 -> 418
132 -> 141
334 -> 343
403 -> 418
354 -> 355
319 -> 320
166 -> 168
283 -> 283
0 -> 13
197 -> 199
97 -> 97
404 -> 418
383 -> 384
172 -> 172
368 -> 368
236 -> 236
361 -> 361
173 -> 176
187 -> 230
46 -> 47
164 -> 230
