1 -> 13
5 -> 13
16 -> 16
19 -> 19
23 -> 23
34 -> 34
36 -> 39
39 -> 47
46 -> 47
52 -> 52
53 -> 53
55 -> 57
60 -> 60
61 -> 61
63 -> 65
64 -> 65
69 -> 70
81 -> 83
84 -> 84
85 -> 85
90 -> 90
94 -> 95
95 -> 111
103 -> 104
108 -> 108
132 -> 141
140 -> 141
145 -> 164
153 -> 164
159 -> 164
160 -> 164
161 -> 164
162 -> 164
167 -> 168
173 -> 176
176 -> 230
181 -> 181
187 -> 187
197 -> 199
212 -> 213
215 -> 215
220 -> 230
221 -> 230
225 -> 230
227 -> 230
232 -> 232
252 -> 253
259 -> 260
261 -> 261
265 -> 265
266 -> 269
273 -> 273
280 -> 282
283 -> 283
286 -> 289
290 -> 292
293 -> 294
300 -> 301
306 -> 306
309 -> 309
313 -> 313
314 -> 314
325 -> 325
327 -> 328
333 -> 334
338 -> 339
339 -> 339
340 -> 340
350 -> 350
357 -> 359
360 -> 360
368 -> 368
369 -> 369
376 -> 376
377 -> 377
380 -> 384
381 -> 384
387 -> 418
392 -> 418
393 -> 418
396 -> 418
406 -> 418
407 -> 418
409 -> 418
418 -> 425
