64 -> 65
85 -> 85
232 -> 232
283 -> 283
84 -> 84
261 -> 261
300 -> 301
290 -> 292
314 -> 314
160 -> 164
221 -> 230
313 -> 313
52 -> 52
407 -> 418
162 -> 164
108 -> 108
132 -> 141
368 -> 368
418 -> 425
380 -> 384
140 -> 141
376 -> 376
159 -> 164
338 -> 339
273 -> 273
153 -> 164
16 -> 16
266 -> 269
36 -> 39
286 -> 289
265 -> 265
227 -> 230
387 -> 418
34 -> 34
46 -> 47
39 -> 47
187 -> 187
60 -> 60
53 -> 53
409 -> 418
1 -> 13
396 -> 418
90 -> 90
357 -> 359
350 -> 350
392 -> 418
161 -> 164
339 -> 343
360 -> 360
212 -> 213
306 -> 306
327 -> 328
55 -> 57
220 -> 230
293 -> 294
280 -> 282
377 -> 377
225 -> 230
103 -> 104
23 -> 23
167 -> 168
369 -> 369
145 -> 164
325 -> 325
181 -> 181
19 -> 19
63 -> 65
309 -> 309
406 -> 418
81 -> 83
61 -> 61
252 -> 253
173 -> 176
381 -> 384
176 -> 230
95 -> 95
197 -> 199
94 -> 95
340 -> 340
393 -> 418
215 -> 215
69 -> 70
259 -> 260
5 -> 13
333 -> 334
