37 -> 55
61 -> 71
33 -> 34
43 -> 55
0 -> 13
28 -> 32
21 -> 32
60 -> 71
81 -> 13
78 -> 78
52 -> 55
36 -> 55
25 -> 32
47 -> 55
68 -> 71
50 -> 55
16 -> 17
42 -> 55
75 -> 77
70 -> 71
9 -> 13
40 -> 55
38 -> 55
69 -> 71
34 -> 34
10 -> 13
48 -> 55
45 -> 55
66 -> 71
64 -> 71
79 -> 79
29 -> 32
30 -> 32
51 -> 55
76 -> 77
65 -> 71
62 -> 71
54 -> 55
74 -> 77
12 -> 13
57 -> 57
5 -> 13
4 -> 13
15 -> 15
59 -> 71
19 -> 19
8 -> 13
1 -> 13
6 -> 13
58 -> 71
31 -> 32
72 -> 73
22 -> 32
46 -> 55
71 -> 71
24 -> 32
7 -> 13
41 -> 55
73 -> 73
32 -> 32
56 -> 57
53 -> 55
18 -> 19
35 -> 55
63 -> 71
80 -> 80
55 -> 55
67 -> 71
2 -> 13
17 -> 17
11 -> 13
27 -> 32
23 -> 32
49 -> 55
13 -> 13
20 -> 32
39 -> 55
77 -> 77
44 -> 55
3 -> 13
26 -> 32
14 -> 15
