2 -> 2
5 -> 5
26 -> 26
29 -> 29
33 -> 33
39 -> 39
47 -> 47
51 -> 51
58 -> 58
61 -> 61
65 -> 65
67 -> 67
68 -> 68
74 -> 74
77 -> 77
93 -> 93
94 -> 94
102 -> 102
110 -> 110
115 -> 115
119 -> 119
124 -> 124
125 -> 125
129 -> 129
133 -> 133
151 -> 151
153 -> 153
161 -> 161
165 -> 165
179 -> 179
184 -> 184
193 -> 193
194 -> 194
201 -> 201
202 -> 202
203 -> 203
212 -> 212
213 -> 213
218 -> 218
220 -> 220
223 -> 223
237 -> 237
240 -> 240
242 -> 242
248 -> 248
249 -> 249
251 -> 251
255 -> 255
261 -> 261
262 -> 262
265 -> 265
268 -> 268
272 -> 272
275 -> 275
279 -> 279
283 -> 283
289 -> 289
290 -> 290
297 -> 297
301 -> 301
