65 -> 65
74 -> 74
194 -> 194
213 -> 213
5 -> 5
202 -> 202
237 -> 237
220 -> 220
248 -> 248
129 -> 129
193 -> 193
242 -> 242
133 -> 133
297 -> 297
151 -> 151
124 -> 124
125 -> 125
268 -> 268
301 -> 301
279 -> 279
68 -> 68
275 -> 275
153 -> 153
261 -> 261
51 -> 51
161 -> 161
29 -> 29
223 -> 223
58 -> 58
240 -> 240
77 -> 77
218 -> 218
289 -> 289
47 -> 47
255 -> 255
249 -> 249
212 -> 212
67 -> 67
184 -> 184
110 -> 110
203 -> 203
290 -> 290
94 -> 94
93 -> 93
179 -> 179
201 -> 201
165 -> 165
251 -> 251
283 -> 283
119 -> 119
272 -> 272
115 -> 115
102 -> 102
33 -> 33
265 -> 265
61 -> 61
39 -> 39
26 -> 26
2 -> 2
262 -> 262
