125 -> 125
195 -> 195
86 -> 86
115 -> 115
116 -> 116
29 -> 29
72 -> 72
112 -> 112
295 -> 295
262 -> 262
174 -> 174
39 -> 39
67 -> 67
203 -> 203
294 -> 294
273 -> 273
82 -> 82
242 -> 242
120 -> 120
3 -> 3
85 -> 85
169 -> 169
185 -> 185
51 -> 51
265 -> 265
181 -> 181
129 -> 129
252 -> 252
77 -> 77
277 -> 277
124 -> 124
150 -> 150
95 -> 95
110 -> 110
146 -> 146
62 -> 62
255 -> 255
266 -> 266
63 -> 63
179 -> 179
229 -> 229
237 -> 237
48 -> 48
156 -> 156
251 -> 251
296 -> 296
52 -> 52
269 -> 269
165 -> 165
239 -> 239
260 -> 260
290 -> 290
202 -> 202
107 -> 107
142 -> 142
212 -> 212
8 -> 8
275 -> 275
5 -> 5
193 -> 193
225 -> 225
268 -> 268
133 -> 133
78 -> 78
119 -> 119
90 -> 90
2 -> 2
238 -> 238
74 -> 74
220 -> 220
61 -> 61
261 -> 261
64 -> 64
263 -> 263
143 -> 143
151 -> 151
152 -> 152
292 -> 292
81 -> 81
98 -> 98
223 -> 223
301 -> 301
213 -> 213
250 -> 250
68 -> 68
240 -> 240
180 -> 180
228 -> 228
131 -> 131
280 -> 280
286 -> 286
168 -> 168
6 -> 6
36 -> 36
201 -> 201
196 -> 196
93 -> 93
139 -> 139
279 -> 279
257 -> 257
26 -> 26
297 -> 297
218 -> 218
99 -> 99
172 -> 172
283 -> 283
94 -> 94
184 -> 184
65 -> 65
66 -> 66
164 -> 164
249 -> 249
153 -> 153
289 -> 289
47 -> 47
178 -> 178
154 -> 154
33 -> 33
248 -> 248
102 -> 102
197 -> 197
194 -> 194
272 -> 272
58 -> 58
161 -> 161
287 -> 287
31 -> 31
256 -> 256
89 -> 89
155 -> 155
136 -> 136
147 -> 147
274 -> 274
105 -> 105
