68 -> 68
82 -> 82
172 -> 172
197 -> 197
77 -> 77
179 -> 179
218 -> 218
202 -> 202
237 -> 237
115 -> 115
154 -> 154
228 -> 228
112 -> 112
294 -> 294
116 -> 116
86 -> 86
89 -> 89
262 -> 262
301 -> 301
273 -> 273
61 -> 61
268 -> 268
94 -> 94
242 -> 242
174 -> 174
58 -> 58
152 -> 152
5 -> 5
6 -> 6
181 -> 181
161 -> 161
142 -> 142
277 -> 277
39 -> 39
212 -> 212
3 -> 3
102 -> 102
90 -> 90
120 -> 120
295 -> 295
155 -> 155
283 -> 283
124 -> 124
248 -> 248
239 -> 239
65 -> 65
33 -> 33
223 -> 223
2 -> 2
51 -> 51
169 -> 169
194 -> 194
178 -> 178
279 -> 279
150 -> 150
165 -> 165
255 -> 255
99 -> 99
131 -> 131
297 -> 297
220 -> 220
36 -> 36
133 -> 133
72 -> 72
292 -> 292
52 -> 52
143 -> 143
296 -> 296
136 -> 136
195 -> 195
107 -> 107
272 -> 272
98 -> 98
151 -> 151
275 -> 275
64 -> 64
153 -> 153
203 -> 203
125 -> 125
93 -> 93
67 -> 67
31 -> 31
74 -> 74
139 -> 139
240 -> 240
147 -> 147
289 -> 289
184 -> 184
193 -> 193
66 -> 66
280 -> 280
196 -> 196
225 -> 225
8 -> 8
266 -> 266
201 -> 201
250 -> 250
81 -> 81
146 -> 146
213 -> 213
251 -> 251
63 -> 63
263 -> 263
95 -> 95
26 -> 26
287 -> 287
257 -> 257
260 -> 260
238 -> 238
156 -> 156
286 -> 286
47 -> 47
180 -> 180
185 -> 185
290 -> 290
105 -> 105
110 -> 110
168 -> 168
119 -> 119
265 -> 265
85 -> 85
269 -> 269
252 -> 252
62 -> 62
29 -> 29
261 -> 261
274 -> 274
249 -> 249
48 -> 48
78 -> 78
256 -> 256
129 -> 129
164 -> 164
229 -> 229
