249 -> 249
196 -> 196
296 -> 296
266 -> 266
169 -> 169
185 -> 185
212 -> 212
48 -> 48
272 -> 272
72 -> 72
286 -> 286
257 -> 257
98 -> 98
86 -> 86
152 -> 152
274 -> 274
102 -> 102
197 -> 197
154 -> 154
110 -> 110
290 -> 290
168 -> 168
85 -> 85
89 -> 89
201 -> 201
47 -> 47
29 -> 29
33 -> 33
99 -> 99
95 -> 95
112 -> 112
165 -> 165
155 -> 155
31 -> 31
129 -> 129
82 -> 82
277 -> 277
283 -> 283
139 -> 139
120 -> 120
174 -> 174
251 -> 251
26 -> 26
218 -> 218
269 -> 269
161 -> 161
194 -> 194
36 -> 36
39 -> 39
242 -> 242
280 -> 280
238 -> 238
8 -> 8
81 -> 81
107 -> 107
146 -> 146
275 -> 275
115 -> 115
133 -> 133
237 -> 237
180 -> 180
179 -> 179
51 -> 51
239 -> 239
250 -> 250
2 -> 2
265 -> 265
131 -> 131
263 -> 263
74 -> 74
279 -> 279
273 -> 273
6 -> 6
287 -> 287
64 -> 64
172 -> 172
178 -> 178
68 -> 68
90 -> 90
295 -> 295
142 -> 142
143 -> 143
240 -> 240
151 -> 151
58 -> 58
184 -> 184
260 -> 260
229 -> 229
52 -> 52
105 -> 105
94 -> 94
292 -> 292
297 -> 297
220 -> 220
261 -> 261
268 -> 268
252 -> 252
294 -> 294
67 -> 67
147 -> 147
248 -> 248
93 -> 93
213 -> 213
301 -> 301
181 -> 181
77 -> 77
164 -> 164
202 -> 202
116 -> 116
66 -> 66
156 -> 156
256 -> 256
3 -> 3
228 -> 228
289 -> 289
150 -> 150
153 -> 153
195 -> 195
125 -> 125
225 -> 225
193 -> 193
124 -> 124
61 -> 61
136 -> 136
78 -> 78
119 -> 119
223 -> 223
63 -> 63
62 -> 62
65 -> 65
255 -> 255
5 -> 5
262 -> 262
203 -> 203
