request breakpoint   0 at line   2
                   set at line   3
request breakpoint   1 at line   7
                   set at line   8
request breakpoint   2 at line  23
                   set at line  25
request breakpoint   3 at line  29
                   set at line  30
request breakpoint   4 at line  43
                   set at line  44
paused at line   3
	because of breakpoints [0]
action: stepIn
paused at line  42
action: stepIn
paused at line  30
action: stepOver
paused at line  31
action: stepOver
paused at line  32
action: resume
paused at line   8
	because of breakpoints [1]
action: stepIn
paused at line   9
action: resume
paused at line  25
	because of breakpoints [2]
action: stepOver
paused at line  37
action: resume
paused at line   8
	because of breakpoints [1]
action: stepIn
paused at line   9
action: resume
paused at line  25
	because of breakpoints [2]
action: stepIn
paused at line  37
action: stepOver
paused at line  36
action: resume
paused at line   8
	because of breakpoints [1]
action: resume
paused at line  25
	because of breakpoints [2]
action: resume
paused at line   8
	because of breakpoints [1]
action: resume
paused at line  25
	because of breakpoints [2]
action: resume
paused at line   8
	because of breakpoints [1]
action: stepIn
paused at line   9
action: stepIn
paused at line  10
action: stepOver
paused at line  11
action: stepIn
paused at line  12
action: resume
paused at line  25
	because of breakpoints [2]
action: stepOver
done with actions
