317 -> 317
56 -> 57
414 -> 418
263 -> 263
363 -> 363
287 -> 289
411 -> 418
371 -> 371
374 -> 384
301 -> 301
62 -> 62
54 -> 123
113 -> 113
83 -> 83
230 -> 230
184 -> 185
350 -> 355
379 -> 379
53 -> 53
325 -> 325
21 -> 21
0 -> 123
408 -> 418
382 -> 384
256 -> 256
413 -> 418
149 -> 289
340 -> 340
99 -> 99
375 -> 376
168 -> 168
270 -> 272
155 -> 289
306 -> 306
4 -> 123
324 -> 324
418 -> 418
7 -> 123
96 -> 96
117 -> 117
139 -> 141
336 -> 336
393 -> 418
299 -> 299
361 -> 365
355 -> 355
328 -> 328
3 -> 123
94 -> 95
142 -> 289
219 -> 219
316 -> 316
400 -> 418
108 -> 108
84 -> 84
254 -> 254
369 -> 369
171 -> 171
124 -> 141
272 -> 272
233 -> 233
225 -> 289
389 -> 418
26 -> 28
326 -> 326
293 -> 294
161 -> 289
60 -> 60
74 -> 75
276 -> 289
422 -> 423
289 -> 289
368 -> 368
114 -> 123
329 -> 330
159 -> 289
163 -> 164
288 -> 289
144 -> 289
42 -> 42
185 -> 185
241 -> 241
107 -> 107
275 -> 289
61 -> 61
189 -> 190
300 -> 301
231 -> 232
18 -> 19
314 -> 314
412 -> 418
72 -> 123
253 -> 253
97 -> 97
376 -> 376
154 -> 289
36 -> 123
304 -> 304
251 -> 251
349 -> 349
226 -> 289
160 -> 289
218 -> 218
157 -> 289
87 -> 87
339 -> 339
227 -> 289
365 -> 365
92 -> 92
223 -> 289
111 -> 111
70 -> 70
67 -> 67
292 -> 292
100 -> 100
32 -> 32
388 -> 418
356 -> 356
29 -> 29
330 -> 330
268 -> 269
313 -> 313
345 -> 349
372 -> 372
134 -> 141
112 -> 112
346 -> 346
342 -> 343
380 -> 384
296 -> 297
2 -> 123
37 -> 123
386 -> 418
23 -> 23
177 -> 177
362 -> 362
377 -> 377
162 -> 289
131 -> 141
364 -> 365
333 -> 334
397 -> 418
38 -> 39
40 -> 40
302 -> 303
78 -> 78
381 -> 384
175 -> 176
187 -> 187
283 -> 283
200 -> 201
164 -> 164
25 -> 25
224 -> 289
392 -> 418
332 -> 332
59 -> 59
291 -> 292
394 -> 418
221 -> 289
65 -> 65
24 -> 24
216 -> 218
277 -> 278
232 -> 232
120 -> 123
245 -> 245
246 -> 246
69 -> 70
370 -> 371
279 -> 279
105 -> 107
209 -> 209
145 -> 289
354 -> 355
334 -> 334
384 -> 384
347 -> 347
176 -> 176
93 -> 95
190 -> 190
285 -> 289
46 -> 47
303 -> 303
47 -> 47
16 -> 16
147 -> 289
281 -> 282
269 -> 269
407 -> 418
424 -> 424
366 -> 371
236 -> 236
150 -> 289
186 -> 187
79 -> 79
235 -> 235
58 -> 58
284 -> 289
6 -> 123
192 -> 193
45 -> 123
49 -> 49
146 -> 289
320 -> 320
335 -> 335
183 -> 185
156 -> 289
81 -> 123
242 -> 244
260 -> 260
182 -> 182
180 -> 181
