4 -> 123
16 -> 16
18 -> 19
23 -> 23
25 -> 25
29 -> 29
32 -> 32
37 -> 123
40 -> 40
49 -> 49
59 -> 59
60 -> 60
69 -> 70
70 -> 70
79 -> 79
81 -> 123
83 -> 83
87 -> 87
96 -> 96
99 -> 99
107 -> 107
108 -> 108
111 -> 111
112 -> 112
113 -> 113
117 -> 117
124 -> 141
134 -> 141
147 -> 289
163 -> 164
168 -> 168
176 -> 176
177 -> 177
182 -> 182
187 -> 187
189 -> 190
190 -> 190
216 -> 218
221 -> 289
223 -> 289
225 -> 289
227 -> 289
232 -> 232
241 -> 241
242 -> 244
251 -> 251
253 -> 253
254 -> 254
268 -> 269
269 -> 269
276 -> 289
283 -> 283
284 -> 289
288 -> 289
291 -> 292
301 -> 301
302 -> 303
303 -> 303
306 -> 306
324 -> 324
325 -> 325
326 -> 326
328 -> 328
329 -> 330
334 -> 334
339 -> 339
349 -> 349
350 -> 355
355 -> 355
364 -> 365
368 -> 368
369 -> 369
371 -> 371
375 -> 376
380 -> 384
382 -> 384
384 -> 384
388 -> 418
389 -> 418
393 -> 418
397 -> 418
407 -> 418
408 -> 418
412 -> 418
418 -> 418
