79 -> 79
160 -> 289
196 -> 196
169 -> 169
29 -> 29
121 -> 123
311 -> 313
88 -> 88
425 -> 425
379 -> 379
366 -> 371
243 -> 244
345 -> 349
8 -> 123
285 -> 289
147 -> 289
388 -> 418
402 -> 418
257 -> 258
220 -> 289
4 -> 123
391 -> 418
18 -> 19
1 -> 123
21 -> 21
326 -> 326
336 -> 336
114 -> 123
327 -> 328
414 -> 418
275 -> 289
78 -> 78
76 -> 76
370 -> 371
116 -> 116
72 -> 123
284 -> 289
293 -> 294
371 -> 371
328 -> 328
324 -> 324
395 -> 418
412 -> 418
321 -> 323
118 -> 118
421 -> 421
360 -> 365
273 -> 273
214 -> 214
259 -> 260
313 -> 313
422 -> 423
392 -> 418
69 -> 70
59 -> 59
131 -> 141
417 -> 418
126 -> 141
161 -> 289
172 -> 172
22 -> 22
283 -> 283
397 -> 418
6 -> 123
309 -> 309
305 -> 305
211 -> 213
290 -> 384
167 -> 168
26 -> 28
341 -> 384
352 -> 352
393 -> 418
97 -> 97
407 -> 418
83 -> 83
413 -> 418
411 -> 418
251 -> 251
299 -> 299
225 -> 289
269 -> 269
13 -> 13
247 -> 247
260 -> 260
36 -> 123
359 -> 359
291 -> 292
192 -> 193
288 -> 289
264 -> 264
423 -> 423
230 -> 230
272 -> 272
57 -> 57
256 -> 256
154 -> 289
282 -> 282
222 -> 289
11 -> 123
384 -> 384
348 -> 349
176 -> 176
110 -> 111
295 -> 297
136 -> 141
92 -> 92
296 -> 297
301 -> 301
33 -> 33
170 -> 170
217 -> 218
38 -> 39
410 -> 418
152 -> 289
255 -> 256
265 -> 265
253 -> 253
289 -> 289
7 -> 123
315 -> 316
209 -> 209
236 -> 236
163 -> 164
40 -> 40
377 -> 377
200 -> 201
367 -> 371
194 -> 194
102 -> 102
404 -> 418
14 -> 14
71 -> 71
173 -> 176
141 -> 141
195 -> 196
347 -> 347
37 -> 123
108 -> 108
159 -> 289
89 -> 90
155 -> 289
281 -> 282
339 -> 339
322 -> 323
415 -> 418
381 -> 384
237 -> 237
369 -> 369
224 -> 289
47 -> 47
337 -> 337
262 -> 263
263 -> 263
307 -> 309
15 -> 16
252 -> 253
58 -> 58
184 -> 185
143 -> 289
93 -> 95
104 -> 104
408 -> 418
144 -> 289
3 -> 123
240 -> 241
318 -> 384
168 -> 168
187 -> 187
119 -> 119
361 -> 365
179 -> 181
158 -> 289
105 -> 107
190 -> 190
165 -> 168
356 -> 356
130 -> 141
286 -> 289
376 -> 376
382 -> 384
23 -> 23
383 -> 384
330 -> 330
401 -> 418
28 -> 28
189 -> 190
12 -> 13
149 -> 289
134 -> 141
319 -> 320
409 -> 418
378 -> 378
125 -> 141
261 -> 261
100 -> 100
49 -> 49
81 -> 123
287 -> 289
181 -> 181
54 -> 123
2 -> 123
231 -> 232
56 -> 57
138 -> 141
106 -> 107
94 -> 95
207 -> 209
329 -> 330
308 -> 309
101 -> 101
203 -> 203
363 -> 363
99 -> 99
39 -> 39
297 -> 297
248 -> 249
34 -> 34
44 -> 123
250 -> 251
205 -> 205
334 -> 334
212 -> 213
84 -> 84
64 -> 65
229 -> 230
162 -> 289
332 -> 332
221 -> 289
61 -> 61
174 -> 176
96 -> 96
74 -> 75
85 -> 85
426 -> 123
50 -> 50
368 -> 368
90 -> 90
73 -> 123
19 -> 19
258 -> 258
298 -> 298
45 -> 123
424 -> 424
142 -> 289
406 -> 418
268 -> 269
186 -> 187
80 -> 123
314 -> 314
215 -> 215
350 -> 355
223 -> 289
183 -> 185
157 -> 289
274 -> 289
113 -> 113
32 -> 32
244 -> 244
400 -> 418
68 -> 68
133 -> 141
399 -> 418
292 -> 292
306 -> 306
24 -> 24
153 -> 289
148 -> 289
358 -> 359
132 -> 141
266 -> 269
5 -> 123
122 -> 123
63 -> 65
216 -> 218
185 -> 185
198 -> 199
385 -> 418
312 -> 313
151 -> 289
418 -> 418
150 -> 289
342 -> 343
43 -> 43
127 -> 141
213 -> 213
403 -> 418
10 -> 123
239 -> 239
227 -> 289
302 -> 303
276 -> 289
140 -> 141
103 -> 104
51 -> 52
365 -> 365
166 -> 168
66 -> 66
354 -> 355
278 -> 278
124 -> 141
316 -> 316
199 -> 199
98 -> 98
112 -> 112
245 -> 245
128 -> 141
233 -> 233
249 -> 249
277 -> 278
16 -> 16
77 -> 78
139 -> 141
175 -> 176
387 -> 418
30 -> 30
31 -> 32
129 -> 141
234 -> 234
137 -> 141
346 -> 346
374 -> 384
420 -> 420
357 -> 384
333 -> 334
117 -> 117
182 -> 182
210 -> 213
115 -> 116
353 -> 353
246 -> 246
396 -> 418
107 -> 107
48 -> 48
70 -> 70
82 -> 83
9 -> 123
65 -> 65
238 -> 239
279 -> 279
241 -> 241
294 -> 294
146 -> 289
42 -> 42
300 -> 301
208 -> 209
171 -> 171
206 -> 209
398 -> 418
41 -> 42
320 -> 320
191 -> 193
27 -> 28
394 -> 418
372 -> 372
232 -> 232
197 -> 199
109 -> 123
280 -> 289
123 -> 123
375 -> 376
419 -> 420
351 -> 355
62 -> 62
202 -> 202
55 -> 123
386 -> 418
325 -> 325
405 -> 418
389 -> 418
242 -> 244
60 -> 60
344 -> 349
87 -> 87
20 -> 21
343 -> 343
86 -> 87
0 -> 123
145 -> 289
75 -> 75
267 -> 269
111 -> 111
201 -> 201
204 -> 204
416 -> 418
226 -> 289
373 -> 384
304 -> 304
228 -> 289
25 -> 25
355 -> 355
235 -> 235
91 -> 91
323 -> 323
178 -> 178
164 -> 164
120 -> 123
340 -> 340
362 -> 362
338 -> 339
193 -> 193
335 -> 335
17 -> 17
95 -> 95
188 -> 188
317 -> 317
254 -> 254
271 -> 272
349 -> 349
310 -> 310
218 -> 218
156 -> 289
180 -> 181
177 -> 177
35 -> 35
390 -> 418
380 -> 384
331 -> 331
52 -> 52
67 -> 67
364 -> 365
135 -> 141
46 -> 47
270 -> 272
219 -> 219
53 -> 53
303 -> 303
