0 -> 123
2 -> 123
3 -> 123
4 -> 123
6 -> 123
7 -> 123
16 -> 16
18 -> 19
21 -> 21
23 -> 23
24 -> 24
25 -> 25
26 -> 28
29 -> 29
32 -> 32
36 -> 123
37 -> 123
38 -> 39
40 -> 40
42 -> 42
45 -> 123
46 -> 47
47 -> 47
49 -> 49
53 -> 53
54 -> 123
56 -> 57
58 -> 58
59 -> 59
60 -> 60
61 -> 61
62 -> 62
65 -> 65
67 -> 67
69 -> 70
70 -> 70
72 -> 123
74 -> 75
78 -> 78
79 -> 79
81 -> 123
83 -> 83
84 -> 84
87 -> 87
92 -> 92
93 -> 95
94 -> 95
96 -> 96
97 -> 97
99 -> 99
100 -> 100
105 -> 107
107 -> 107
108 -> 108
111 -> 111
112 -> 112
113 -> 113
114 -> 123
117 -> 117
120 -> 123
124 -> 141
131 -> 141
134 -> 141
139 -> 141
142 -> 289
144 -> 289
145 -> 289
146 -> 289
147 -> 289
149 -> 289
150 -> 289
154 -> 289
155 -> 289
156 -> 289
157 -> 289
159 -> 289
160 -> 289
161 -> 289
162 -> 289
163 -> 164
164 -> 164
168 -> 168
171 -> 171
175 -> 176
176 -> 176
177 -> 177
180 -> 181
182 -> 182
183 -> 185
184 -> 185
185 -> 185
186 -> 187
187 -> 187
189 -> 190
190 -> 190
192 -> 193
200 -> 201
209 -> 209
216 -> 218
218 -> 218
219 -> 219
221 -> 289
223 -> 289
224 -> 289
225 -> 289
226 -> 289
227 -> 289
230 -> 230
231 -> 232
232 -> 232
233 -> 233
235 -> 235
236 -> 236
241 -> 241
242 -> 244
245 -> 245
246 -> 246
251 -> 251
253 -> 253
254 -> 254
256 -> 256
260 -> 260
263 -> 263
268 -> 269
269 -> 269
270 -> 272
272 -> 272
275 -> 289
276 -> 289
277 -> 278
279 -> 279
281 -> 282
283 -> 283
284 -> 289
285 -> 289
287 -> 289
288 -> 289
289 -> 289
291 -> 292
292 -> 292
293 -> 294
296 -> 297
299 -> 299
300 -> 301
301 -> 301
302 -> 303
303 -> 303
304 -> 304
306 -> 306
313 -> 313
314 -> 314
316 -> 316
317 -> 317
320 -> 320
324 -> 324
325 -> 325
326 -> 326
328 -> 328
329 -> 330
330 -> 330
332 -> 332
333 -> 334
334 -> 334
335 -> 335
336 -> 336
339 -> 339
340 -> 340
342 -> 343
345 -> 349
346 -> 346
347 -> 347
349 -> 349
350 -> 355
354 -> 355
355 -> 355
356 -> 356
361 -> 365
362 -> 362
363 -> 363
364 -> 365
365 -> 365
366 -> 371
368 -> 368
369 -> 369
370 -> 371
371 -> 371
372 -> 372
374 -> 384
375 -> 376
376 -> 376
377 -> 377
379 -> 379
380 -> 384
381 -> 384
382 -> 384
384 -> 384
386 -> 418
388 -> 418
389 -> 418
392 -> 418
393 -> 418
394 -> 418
397 -> 418
400 -> 418
407 -> 418
408 -> 418
411 -> 418
412 -> 418
413 -> 418
414 -> 418
418 -> 418
422 -> 423
424 -> 424
