143 -> 289
169 -> 169
106 -> 107
213 -> 213
250 -> 251
90 -> 90
343 -> 343
182 -> 182
421 -> 421
254 -> 254
178 -> 178
89 -> 90
330 -> 330
388 -> 418
361 -> 365
208 -> 209
168 -> 168
315 -> 316
263 -> 263
226 -> 289
75 -> 75
245 -> 245
225 -> 289
325 -> 325
107 -> 107
228 -> 289
405 -> 418
20 -> 21
96 -> 96
302 -> 303
32 -> 32
97 -> 97
156 -> 289
326 -> 326
371 -> 371
375 -> 376
14 -> 14
395 -> 418
236 -> 236
412 -> 418
339 -> 339
170 -> 170
120 -> 123
137 -> 141
13 -> 13
26 -> 28
7 -> 123
414 -> 418
229 -> 230
234 -> 234
76 -> 76
194 -> 194
105 -> 107
70 -> 70
52 -> 52
251 -> 251
410 -> 418
55 -> 123
3 -> 123
310 -> 310
380 -> 384
379 -> 379
270 -> 272
210 -> 213
88 -> 88
30 -> 30
86 -> 87
126 -> 141
401 -> 418
43 -> 43
167 -> 168
51 -> 52
205 -> 205
201 -> 201
365 -> 365
132 -> 141
359 -> 359
130 -> 141
151 -> 289
319 -> 320
147 -> 289
352 -> 352
114 -> 123
212 -> 213
27 -> 28
335 -> 335
25 -> 25
313 -> 313
262 -> 263
73 -> 123
152 -> 289
267 -> 269
367 -> 371
193 -> 193
127 -> 141
128 -> 141
175 -> 176
104 -> 104
327 -> 328
368 -> 368
279 -> 279
207 -> 209
203 -> 203
348 -> 349
382 -> 384
291 -> 292
79 -> 79
28 -> 28
342 -> 343
322 -> 323
288 -> 289
240 -> 241
349 -> 349
115 -> 116
231 -> 232
100 -> 100
350 -> 355
65 -> 65
381 -> 384
233 -> 233
242 -> 244
83 -> 83
159 -> 289
0 -> 123
289 -> 289
38 -> 39
24 -> 24
60 -> 60
264 -> 264
299 -> 299
232 -> 232
272 -> 272
98 -> 98
191 -> 193
48 -> 48
164 -> 164
54 -> 123
103 -> 104
378 -> 378
78 -> 78
108 -> 108
259 -> 260
329 -> 330
133 -> 141
174 -> 176
275 -> 289
424 -> 424
188 -> 188
394 -> 418
110 -> 111
80 -> 123
163 -> 164
422 -> 423
357 -> 384
187 -> 187
198 -> 199
202 -> 202
331 -> 331
311 -> 313
181 -> 181
58 -> 58
230 -> 230
354 -> 355
409 -> 418
77 -> 78
271 -> 272
139 -> 141
324 -> 324
172 -> 172
391 -> 418
256 -> 256
192 -> 193
186 -> 187
281 -> 282
184 -> 185
171 -> 171
131 -> 141
396 -> 418
274 -> 289
399 -> 418
9 -> 123
56 -> 57
49 -> 49
266 -> 269
1 -> 123
217 -> 218
155 -> 289
101 -> 101
16 -> 16
397 -> 418
109 -> 123
366 -> 371
222 -> 289
248 -> 249
345 -> 349
123 -> 123
189 -> 190
265 -> 265
340 -> 340
406 -> 418
308 -> 309
195 -> 196
247 -> 247
353 -> 353
249 -> 249
321 -> 323
44 -> 123
57 -> 57
150 -> 289
284 -> 289
63 -> 65
282 -> 282
82 -> 83
34 -> 34
177 -> 177
257 -> 258
162 -> 289
407 -> 418
148 -> 289
425 -> 425
15 -> 16
370 -> 371
23 -> 23
2 -> 123
295 -> 297
307 -> 309
269 -> 269
154 -> 289
197 -> 199
383 -> 384
141 -> 141
135 -> 141
185 -> 185
74 -> 75
239 -> 239
140 -> 141
50 -> 50
314 -> 314
72 -> 123
306 -> 306
309 -> 309
423 -> 423
142 -> 289
312 -> 313
347 -> 347
374 -> 384
39 -> 39
179 -> 181
216 -> 218
403 -> 418
42 -> 42
176 -> 176
62 -> 62
238 -> 239
293 -> 294
160 -> 289
209 -> 209
221 -> 289
46 -> 47
67 -> 67
318 -> 384
400 -> 418
116 -> 116
31 -> 32
393 -> 418
157 -> 289
413 -> 418
415 -> 418
392 -> 418
117 -> 117
69 -> 70
372 -> 372
252 -> 253
304 -> 304
196 -> 196
268 -> 269
211 -> 213
122 -> 123
411 -> 418
417 -> 418
5 -> 123
40 -> 40
19 -> 19
384 -> 384
161 -> 289
8 -> 123
337 -> 337
305 -> 305
138 -> 141
113 -> 113
360 -> 365
18 -> 19
200 -> 201
237 -> 237
273 -> 273
334 -> 334
215 -> 215
303 -> 303
418 -> 418
35 -> 35
336 -> 336
81 -> 123
214 -> 214
102 -> 102
235 -> 235
68 -> 68
323 -> 323
344 -> 349
180 -> 181
33 -> 33
227 -> 289
253 -> 253
246 -> 246
285 -> 289
377 -> 377
258 -> 258
363 -> 363
398 -> 418
333 -> 334
362 -> 362
218 -> 218
45 -> 123
297 -> 297
416 -> 418
320 -> 320
294 -> 294
173 -> 176
369 -> 369
376 -> 376
419 -> 420
53 -> 53
402 -> 418
129 -> 141
41 -> 42
190 -> 190
12 -> 13
364 -> 365
224 -> 289
145 -> 289
338 -> 339
112 -> 112
21 -> 21
390 -> 418
278 -> 278
111 -> 111
92 -> 92
389 -> 418
4 -> 123
84 -> 84
149 -> 289
37 -> 123
11 -> 123
355 -> 355
300 -> 301
91 -> 91
22 -> 22
146 -> 289
408 -> 418
404 -> 418
87 -> 87
280 -> 289
387 -> 418
356 -> 356
287 -> 289
204 -> 204
85 -> 85
223 -> 289
59 -> 59
94 -> 95
10 -> 123
255 -> 256
298 -> 298
158 -> 289
29 -> 29
244 -> 244
64 -> 65
124 -> 141
99 -> 99
166 -> 168
341 -> 384
61 -> 61
328 -> 328
66 -> 66
220 -> 289
199 -> 199
36 -> 123
93 -> 95
283 -> 283
276 -> 289
346 -> 346
386 -> 418
183 -> 185
296 -> 297
17 -> 17
290 -> 384
119 -> 119
243 -> 244
121 -> 123
134 -> 141
332 -> 332
277 -> 278
47 -> 47
420 -> 420
358 -> 359
165 -> 168
136 -> 141
219 -> 219
144 -> 289
260 -> 260
125 -> 141
351 -> 355
241 -> 241
292 -> 292
71 -> 71
153 -> 289
317 -> 317
301 -> 301
6 -> 123
316 -> 316
261 -> 261
426 -> 123
373 -> 384
118 -> 118
286 -> 289
206 -> 209
95 -> 95
385 -> 418
