request breakpoint   0 at line   7
                   set at line  14
request breakpoint   1 at line  20
                   set at line  21
request breakpoint   2 at line  45
                   set at line  59
request breakpoint   3 at line  78
                   set at line  81
paused at line  14
	because of breakpoints [0]
action: stepOut
paused at line  21
action: stepOut
paused at line  59
action: stepOut
paused at line  21
action: stepOut
paused at line  59
action: stepOut
paused at line  81
action: stepOut
