13 -> 13
14 -> 14
15 -> 15
17 -> 17
18 -> 18
19 -> 19
21 -> 21
22 -> 22
23 -> 23
25 -> 25
26 -> 26
27 -> 27
28 -> 28
29 -> 29
30 -> 30
31 -> 31
32 -> 32
33 -> 33
34 -> 34
36 -> 36
37 -> 37
38 -> 38
41 -> 41
44 -> 44
45 -> 45
47 -> 47
48 -> 48
50 -> 50
52 -> 52
54 -> 54
56 -> 56
58 -> 58
60 -> 60
62 -> 62
64 -> 64
66 -> 66
68 -> 68
70 -> 70
72 -> 72
74 -> 74
76 -> 76
78 -> 78
80 -> 80
82 -> 82
84 -> 84
86 -> 86
88 -> 88
90 -> 90
92 -> 92
94 -> 94
96 -> 96
98 -> 98
100 -> 100
102 -> 102
104 -> 104
106 -> 106
108 -> 108
109 -> 109
110 -> 110
112 -> 112
113 -> 113
114 -> 114
116 -> 116
117 -> 117
118 -> 118
119 -> 119
120 -> 120
129 -> 129
130 -> 130
132 -> 132
133 -> 133
134 -> 134
135 -> 135
136 -> 136
137 -> 137
139 -> 139
140 -> 140
141 -> 141
144 -> 144
145 -> 145
146 -> 146
147 -> 147
148 -> 148
153 -> 153
167 -> 167
168 -> 168
169 -> 169
171 -> 171
172 -> 172
174 -> 174
179 -> 179
183 -> 183
187 -> 187
191 -> 191
195 -> 195
199 -> 199
203 -> 203
207 -> 207
212 -> 212
216 -> 216
220 -> 220
224 -> 224
228 -> 228
233 -> 233
239 -> 239
248 -> 248
252 -> 252
256 -> 256
260 -> 260
264 -> 264
268 -> 268
272 -> 272
276 -> 276
278 -> 278
279 -> 279
282 -> 282
284 -> 284
285 -> 285
288 -> 288
290 -> 290
291 -> 291
292 -> 292
293 -> 293
294 -> 294
296 -> 296
297 -> 297
299 -> 299
301 -> 301
303 -> 303
304 -> 304
305 -> 305
306 -> 306
307 -> 307
309 -> 309
310 -> 310
311 -> 311
312 -> 312
314 -> 314
315 -> 315
316 -> 316
317 -> 317
319 -> 319
320 -> 320
321 -> 321
322 -> 322
324 -> 324
325 -> 325
326 -> 326
327 -> 327
329 -> 329
330 -> 330
334 -> 334
337 -> 337
340 -> 340
342 -> 342
344 -> 344
346 -> 346
347 -> 347
348 -> 348
350 -> 350
351 -> 351
352 -> 352
353 -> 353
355 -> 355
356 -> 356
358 -> 358
359 -> 359
361 -> 361
362 -> 362
375 -> 375
383 -> 383
384 -> 384
397 -> 397
410 -> 410
412 -> 412
413 -> 413
414 -> 414
415 -> 415
419 -> 419
