58 -> 58
74 -> 74
195 -> 195
268 -> 268
64 -> 64
216 -> 216
288 -> 288
278 -> 278
299 -> 299
109 -> 109
153 -> 153
294 -> 294
104 -> 104
397 -> 397
108 -> 108
70 -> 70
14 -> 14
324 -> 324
419 -> 419
346 -> 346
68 -> 68
334 -> 334
76 -> 76
305 -> 305
187 -> 187
18 -> 18
140 -> 140
174 -> 174
252 -> 252
203 -> 203
148 -> 148
120 -> 120
350 -> 350
48 -> 48
272 -> 272
15 -> 15
41 -> 41
139 -> 139
98 -> 98
410 -> 410
62 -> 62
355 -> 355
100 -> 100
303 -> 303
27 -> 27
348 -> 348
292 -> 292
279 -> 279
301 -> 301
29 -> 29
56 -> 56
54 -> 54
167 -> 167
60 -> 60
116 -> 116
37 -> 37
310 -> 310
47 -> 47
191 -> 191
415 -> 415
264 -> 264
290 -> 290
146 -> 146
144 -> 144
375 -> 375
344 -> 344
306 -> 306
413 -> 413
347 -> 347
50 -> 50
352 -> 352
329 -> 329
136 -> 136
233 -> 233
342 -> 342
330 -> 330
228 -> 228
66 -> 66
383 -> 383
110 -> 110
19 -> 19
132 -> 132
36 -> 36
414 -> 414
276 -> 276
199 -> 199
356 -> 356
169 -> 169
358 -> 358
316 -> 316
119 -> 119
137 -> 137
45 -> 45
135 -> 135
312 -> 312
145 -> 145
17 -> 17
129 -> 129
31 -> 31
133 -> 133
260 -> 260
34 -> 34
296 -> 296
118 -> 118
320 -> 320
86 -> 86
72 -> 72
80 -> 80
285 -> 285
319 -> 319
38 -> 38
412 -> 412
92 -> 92
171 -> 171
130 -> 130
351 -> 351
337 -> 337
315 -> 315
304 -> 304
309 -> 309
33 -> 33
340 -> 340
293 -> 293
307 -> 307
291 -> 291
82 -> 82
147 -> 147
112 -> 112
134 -> 134
322 -> 322
179 -> 179
117 -> 117
256 -> 256
102 -> 102
28 -> 28
359 -> 359
23 -> 23
282 -> 282
183 -> 183
321 -> 321
311 -> 311
114 -> 114
22 -> 22
212 -> 212
30 -> 30
317 -> 317
141 -> 141
96 -> 96
239 -> 239
314 -> 314
284 -> 284
25 -> 25
384 -> 384
44 -> 44
84 -> 84
207 -> 207
106 -> 106
172 -> 172
297 -> 297
325 -> 325
326 -> 326
26 -> 26
168 -> 168
327 -> 327
361 -> 361
94 -> 94
88 -> 88
78 -> 78
32 -> 32
248 -> 248
13 -> 13
224 -> 224
362 -> 362
353 -> 353
52 -> 52
220 -> 220
21 -> 21
90 -> 90
113 -> 113
