54 -> 54
68 -> 68
239 -> 239
272 -> 272
64 -> 64
252 -> 252
288 -> 288
279 -> 279
303 -> 303
147 -> 147
224 -> 224
299 -> 299
36 -> 36
410 -> 410
167 -> 167
102 -> 102
108 -> 108
340 -> 340
419 -> 419
350 -> 350
129 -> 129
347 -> 347
144 -> 144
320 -> 320
264 -> 264
139 -> 139
17 -> 17
60 -> 60
290 -> 290
276 -> 276
260 -> 260
228 -> 228
355 -> 355
256 -> 256
33 -> 33
282 -> 282
187 -> 187
50 -> 50
38 -> 38
412 -> 412
268 -> 268
383 -> 383
84 -> 84
334 -> 334
329 -> 329
13 -> 13
233 -> 233
326 -> 326
337 -> 337
199 -> 199
296 -> 296
309 -> 309
174 -> 174
220 -> 220
28 -> 28
19 -> 19
90 -> 90
171 -> 171
324 -> 324
15 -> 15
23 -> 23
346 -> 346
130 -> 130
212 -> 212
183 -> 183
397 -> 397
353 -> 353
45 -> 45
310 -> 310
342 -> 342
52 -> 52
153 -> 153
305 -> 305
25 -> 25
179 -> 179
80 -> 80
375 -> 375
32 -> 32
248 -> 248
94 -> 94
62 -> 62
352 -> 352
195 -> 195
96 -> 96
