13 -> 13
15 -> 15
17 -> 17
19 -> 19
23 -> 23
25 -> 25
28 -> 28
32 -> 32
33 -> 33
36 -> 36
38 -> 38
45 -> 45
50 -> 50
52 -> 52
54 -> 54
60 -> 60
62 -> 62
64 -> 64
68 -> 68
80 -> 80
84 -> 84
90 -> 90
94 -> 94
96 -> 96
102 -> 102
108 -> 108
129 -> 129
130 -> 130
139 -> 139
144 -> 144
147 -> 147
153 -> 153
167 -> 167
171 -> 171
174 -> 174
179 -> 179
183 -> 183
187 -> 187
195 -> 195
199 -> 199
212 -> 212
220 -> 220
224 -> 224
228 -> 228
233 -> 233
239 -> 239
248 -> 248
252 -> 252
256 -> 256
260 -> 260
264 -> 264
268 -> 268
272 -> 272
276 -> 276
279 -> 279
282 -> 282
288 -> 288
290 -> 290
296 -> 296
299 -> 299
303 -> 303
305 -> 305
309 -> 309
310 -> 310
320 -> 320
324 -> 324
326 -> 326
329 -> 329
334 -> 334
337 -> 337
340 -> 340
342 -> 342
346 -> 346
347 -> 347
350 -> 350
352 -> 352
353 -> 353
355 -> 355
375 -> 375
383 -> 383
397 -> 397
410 -> 410
412 -> 412
419 -> 419
