153 -> 153
268 -> 268
84 -> 84
139 -> 139
144 -> 144
25 -> 25
64 -> 64
23 -> 23
410 -> 410
337 -> 337
252 -> 252
38 -> 38
68 -> 68
288 -> 288
33 -> 33
350 -> 350
102 -> 102
320 -> 320
174 -> 174
279 -> 279
129 -> 129
256 -> 256
276 -> 276
290 -> 290
346 -> 346
272 -> 272
199 -> 199
334 -> 334
212 -> 212
353 -> 353
17 -> 17
239 -> 239
50 -> 50
187 -> 187
13 -> 13
329 -> 329
36 -> 36
60 -> 60
224 -> 224
282 -> 282
324 -> 324
326 -> 326
296 -> 296
94 -> 94
340 -> 340
419 -> 419
54 -> 54
32 -> 32
52 -> 52
130 -> 130
347 -> 347
248 -> 248
28 -> 28
183 -> 183
80 -> 80
220 -> 220
167 -> 167
375 -> 375
195 -> 195
19 -> 19
233 -> 233
355 -> 355
228 -> 228
352 -> 352
412 -> 412
260 -> 260
171 -> 171
147 -> 147
303 -> 303
179 -> 179
15 -> 15
96 -> 96
264 -> 264
383 -> 383
90 -> 90
305 -> 305
299 -> 299
309 -> 309
45 -> 45
108 -> 108
397 -> 397
310 -> 310
62 -> 62
342 -> 342
