311 -> 311
268 -> 268
413 -> 413
334 -> 334
191 -> 191
239 -> 239
282 -> 282
30 -> 30
342 -> 342
54 -> 54
358 -> 358
320 -> 320
88 -> 88
70 -> 70
145 -> 145
347 -> 347
92 -> 92
264 -> 264
147 -> 147
98 -> 98
383 -> 383
174 -> 174
62 -> 62
68 -> 68
33 -> 33
319 -> 319
278 -> 278
340 -> 340
82 -> 82
74 -> 74
94 -> 94
167 -> 167
144 -> 144
25 -> 25
109 -> 109
29 -> 29
348 -> 348
355 -> 355
116 -> 116
96 -> 96
172 -> 172
310 -> 310
203 -> 203
48 -> 48
330 -> 330
140 -> 140
207 -> 207
233 -> 233
356 -> 356
299 -> 299
352 -> 352
291 -> 291
146 -> 146
106 -> 106
306 -> 306
110 -> 110
344 -> 344
329 -> 329
141 -> 141
284 -> 284
58 -> 58
148 -> 148
136 -> 136
288 -> 288
303 -> 303
296 -> 296
27 -> 27
21 -> 21
317 -> 317
309 -> 309
44 -> 44
84 -> 84
120 -> 120
66 -> 66
34 -> 34
64 -> 64
72 -> 72
293 -> 293
351 -> 351
410 -> 410
324 -> 324
17 -> 17
276 -> 276
326 -> 326
139 -> 139
117 -> 117
304 -> 304
228 -> 228
350 -> 350
314 -> 314
337 -> 337
362 -> 362
414 -> 414
137 -> 137
301 -> 301
315 -> 315
279 -> 279
37 -> 37
104 -> 104
134 -> 134
224 -> 224
179 -> 179
50 -> 50
419 -> 419
31 -> 31
285 -> 285
346 -> 346
18 -> 18
290 -> 290
327 -> 327
100 -> 100
171 -> 171
248 -> 248
13 -> 13
272 -> 272
23 -> 23
216 -> 216
297 -> 297
305 -> 305
384 -> 384
86 -> 86
52 -> 52
212 -> 212
90 -> 90
132 -> 132
292 -> 292
130 -> 130
325 -> 325
36 -> 36
169 -> 169
22 -> 22
102 -> 102
256 -> 256
195 -> 195
307 -> 307
14 -> 14
56 -> 56
76 -> 76
26 -> 26
45 -> 45
19 -> 19
187 -> 187
32 -> 32
135 -> 135
118 -> 118
153 -> 153
353 -> 353
133 -> 133
78 -> 78
412 -> 412
15 -> 15
168 -> 168
108 -> 108
41 -> 41
129 -> 129
316 -> 316
47 -> 47
252 -> 252
361 -> 361
220 -> 220
312 -> 312
294 -> 294
397 -> 397
114 -> 114
113 -> 113
38 -> 38
321 -> 321
60 -> 60
80 -> 80
322 -> 322
119 -> 119
199 -> 199
415 -> 415
359 -> 359
260 -> 260
112 -> 112
183 -> 183
28 -> 28
375 -> 375
