120 -> 120
260 -> 260
78 -> 78
110 -> 110
112 -> 112
21 -> 21
56 -> 56
108 -> 108
412 -> 412
325 -> 325
199 -> 199
26 -> 26
48 -> 48
279 -> 279
410 -> 410
346 -> 346
66 -> 66
306 -> 306
17 -> 17
252 -> 252
32 -> 32
174 -> 174
220 -> 220
272 -> 272
329 -> 329
207 -> 207
114 -> 114
314 -> 314
113 -> 113
350 -> 350
22 -> 22
134 -> 134
72 -> 72
88 -> 88
130 -> 130
304 -> 304
312 -> 312
45 -> 45
100 -> 100
183 -> 183
291 -> 291
293 -> 293
203 -> 203
140 -> 140
309 -> 309
413 -> 413
384 -> 384
334 -> 334
145 -> 145
15 -> 15
317 -> 317
375 -> 375
233 -> 233
290 -> 290
19 -> 19
36 -> 36
86 -> 86
31 -> 31
18 -> 18
187 -> 187
276 -> 276
327 -> 327
216 -> 216
33 -> 33
62 -> 62
171 -> 171
288 -> 288
282 -> 282
148 -> 148
248 -> 248
109 -> 109
50 -> 50
119 -> 119
316 -> 316
104 -> 104
132 -> 132
322 -> 322
98 -> 98
307 -> 307
320 -> 320
41 -> 41
415 -> 415
195 -> 195
76 -> 76
172 -> 172
44 -> 44
47 -> 47
146 -> 146
358 -> 358
133 -> 133
54 -> 54
179 -> 179
129 -> 129
37 -> 37
278 -> 278
167 -> 167
326 -> 326
299 -> 299
90 -> 90
13 -> 13
191 -> 191
414 -> 414
212 -> 212
84 -> 84
284 -> 284
228 -> 228
268 -> 268
356 -> 356
296 -> 296
92 -> 92
68 -> 68
224 -> 224
96 -> 96
344 -> 344
168 -> 168
30 -> 30
117 -> 117
27 -> 27
239 -> 239
362 -> 362
305 -> 305
58 -> 58
14 -> 14
355 -> 355
353 -> 353
297 -> 297
147 -> 147
292 -> 292
337 -> 337
106 -> 106
116 -> 116
256 -> 256
153 -> 153
28 -> 28
311 -> 311
135 -> 135
25 -> 25
141 -> 141
351 -> 351
310 -> 310
321 -> 321
70 -> 70
294 -> 294
60 -> 60
330 -> 330
94 -> 94
340 -> 340
64 -> 64
303 -> 303
52 -> 52
419 -> 419
342 -> 342
319 -> 319
361 -> 361
102 -> 102
80 -> 80
118 -> 118
169 -> 169
352 -> 352
144 -> 144
29 -> 29
301 -> 301
348 -> 348
264 -> 264
74 -> 74
324 -> 324
315 -> 315
23 -> 23
38 -> 38
136 -> 136
285 -> 285
139 -> 139
397 -> 397
82 -> 82
347 -> 347
137 -> 137
383 -> 383
34 -> 34
359 -> 359
