1 -> 13
2 -> 13
4 -> 13
5 -> 13
6 -> 13
10 -> 13
11 -> 13
13 -> 21
21 -> 21
24 -> 24
25 -> 25
26 -> 26
31 -> 33
35 -> 42
37 -> 42
38 -> 42
42 -> 139
47 -> 47
49 -> 50
50 -> 139
51 -> 52
53 -> 53
54 -> 54
56 -> 57
57 -> 57
59 -> 59
61 -> 61
66 -> 66
67 -> 67
68 -> 68
69 -> 69
73 -> 74
74 -> 139
77 -> 77
80 -> 80
82 -> 82
83 -> 83
85 -> 85
86 -> 86
88 -> 88
89 -> 89
91 -> 91
92 -> 92
94 -> 94
97 -> 97
98 -> 98
99 -> 99
104 -> 104
105 -> 105
107 -> 108
110 -> 110
112 -> 112
117 -> 117
118 -> 118
121 -> 121
123 -> 123
126 -> 126
127 -> 127
128 -> 128
129 -> 130
130 -> 130
132 -> 132
133 -> 139
136 -> 139
139 -> 143
140 -> 140
141 -> 143
143 -> 147
144 -> 144
150 -> 151
151 -> 151
156 -> 156
157 -> 163
158 -> 163
159 -> 163
162 -> 163
163 -> 183
164 -> 164
167 -> 167
168 -> 169
169 -> 169
172 -> 173
173 -> 183
174 -> 174
176 -> 183
179 -> 183
181 -> 183
182 -> 183
183 -> 193
186 -> 186
187 -> 193
190 -> 193
195 -> 202
198 -> 202
199 -> 202
201 -> 202
203 -> 203
204 -> 204
206 -> 206
207 -> 207
208 -> 214
209 -> 214
210 -> 214
213 -> 214
214 -> 226
215 -> 215
216 -> 216
220 -> 226
222 -> 226
224 -> 226
225 -> 226
226 -> 241
228 -> 228
230 -> 230
231 -> 231
233 -> 233
235 -> 241
236 -> 241
242 -> 242
244 -> 245
246 -> 246
249 -> 250
250 -> 257
251 -> 251
252 -> 254
253 -> 254
254 -> 257
255 -> 255
256 -> 257
257 -> 257
259 -> 281
260 -> 281
261 -> 281
263 -> 281
266 -> 281
269 -> 281
271 -> 281
273 -> 281
276 -> 281
279 -> 281
281 -> 291
282 -> 282
283 -> 285
284 -> 285
287 -> 287
291 -> 291
