96 -> 96
272 -> 281
41 -> 42
178 -> 183
39 -> 42
55 -> 55
63 -> 63
53 -> 53
9 -> 13
54 -> 54
134 -> 139
36 -> 42
266 -> 281
244 -> 245
59 -> 59
193 -> 193
143 -> 143
135 -> 139
204 -> 204
4 -> 13
113 -> 113
68 -> 68
69 -> 69
80 -> 80
131 -> 132
147 -> 147
262 -> 281
227 -> 227
226 -> 226
199 -> 202
271 -> 281
136 -> 139
207 -> 207
173 -> 173
5 -> 13
263 -> 281
287 -> 287
285 -> 285
107 -> 108
162 -> 163
42 -> 139
258 -> 281
25 -> 25
24 -> 24
292 -> 292
260 -> 281
252 -> 254
269 -> 281
137 -> 139
115 -> 115
189 -> 193
76 -> 76
181 -> 183
2 -> 13
146 -> 147
216 -> 216
67 -> 67
177 -> 183
105 -> 105
51 -> 52
110 -> 110
242 -> 242
233 -> 233
60 -> 60
27 -> 33
243 -> 243
267 -> 281
239 -> 241
100 -> 100
45 -> 45
265 -> 281
91 -> 91
165 -> 166
72 -> 72
73 -> 74
90 -> 91
129 -> 130
125 -> 125
245 -> 257
248 -> 248
95 -> 95
84 -> 84
240 -> 241
7 -> 13
130 -> 139
102 -> 102
278 -> 281
112 -> 112
213 -> 214
106 -> 106
37 -> 42
28 -> 33
171 -> 173
15 -> 15
183 -> 193
18 -> 21
128 -> 128
209 -> 214
217 -> 217
159 -> 163
85 -> 85
249 -> 250
77 -> 77
184 -> 184
71 -> 71
97 -> 97
79 -> 79
234 -> 234
284 -> 285
180 -> 183
20 -> 21
155 -> 155
235 -> 241
88 -> 88
66 -> 66
232 -> 233
148 -> 148
132 -> 139
108 -> 139
268 -> 281
156 -> 156
8 -> 13
29 -> 33
116 -> 116
246 -> 246
3 -> 13
151 -> 151
33 -> 42
194 -> 194
220 -> 226
122 -> 122
141 -> 143
205 -> 205
46 -> 46
149 -> 151
65 -> 65
273 -> 281
11 -> 13
40 -> 42
126 -> 126
114 -> 114
17 -> 21
221 -> 226
163 -> 183
101 -> 101
247 -> 247
256 -> 257
188 -> 193
144 -> 144
138 -> 139
222 -> 226
218 -> 218
74 -> 139
190 -> 193
87 -> 87
140 -> 140
124 -> 125
170 -> 170
168 -> 169
192 -> 193
282 -> 282
174 -> 174
93 -> 93
121 -> 121
160 -> 163
1 -> 13
275 -> 281
31 -> 33
89 -> 89
154 -> 155
231 -> 231
22 -> 22
103 -> 103
288 -> 289
26 -> 26
0 -> 13
281 -> 291
203 -> 203
92 -> 92
280 -> 281
145 -> 147
224 -> 226
152 -> 152
139 -> 143
211 -> 214
200 -> 202
35 -> 42
210 -> 214
286 -> 287
133 -> 139
250 -> 257
182 -> 183
52 -> 139
12 -> 13
127 -> 127
241 -> 257
47 -> 47
212 -> 214
172 -> 173
56 -> 57
104 -> 104
254 -> 257
64 -> 64
164 -> 164
6 -> 13
94 -> 94
30 -> 33
208 -> 214
229 -> 230
23 -> 23
109 -> 109
238 -> 241
43 -> 43
117 -> 117
50 -> 50
120 -> 120
236 -> 241
99 -> 99
158 -> 163
198 -> 202
111 -> 111
13 -> 21
167 -> 167
251 -> 251
197 -> 202
289 -> 291
237 -> 241
175 -> 175
38 -> 42
48 -> 48
202 -> 214
176 -> 183
223 -> 226
228 -> 228
219 -> 219
259 -> 281
57 -> 139
230 -> 241
10 -> 13
195 -> 202
16 -> 21
257 -> 291
169 -> 183
81 -> 81
225 -> 226
166 -> 183
255 -> 255
153 -> 155
142 -> 143
83 -> 83
19 -> 21
277 -> 281
157 -> 163
253 -> 254
70 -> 70
34 -> 34
264 -> 281
215 -> 215
61 -> 61
279 -> 281
186 -> 186
119 -> 119
32 -> 33
75 -> 75
118 -> 118
98 -> 98
187 -> 193
274 -> 281
78 -> 78
179 -> 183
191 -> 193
21 -> 22
58 -> 58
270 -> 281
123 -> 123
276 -> 281
291 -> 291
290 -> 290
261 -> 281
49 -> 50
206 -> 206
214 -> 226
62 -> 62
44 -> 45
283 -> 285
82 -> 82
201 -> 202
161 -> 163
14 -> 14
185 -> 185
86 -> 86
150 -> 151
196 -> 202
