244 -> 245
276 -> 281
164 -> 164
199 -> 202
201 -> 202
198 -> 202
130 -> 130
156 -> 156
25 -> 25
158 -> 163
195 -> 202
209 -> 214
132 -> 132
172 -> 173
252 -> 254
6 -> 13
235 -> 241
179 -> 183
140 -> 140
26 -> 26
255 -> 255
77 -> 77
249 -> 250
133 -> 139
282 -> 282
107 -> 108
91 -> 91
151 -> 151
126 -> 126
224 -> 226
21 -> 21
159 -> 163
281 -> 291
54 -> 54
162 -> 163
279 -> 281
67 -> 67
215 -> 215
228 -> 228
37 -> 42
92 -> 92
85 -> 85
233 -> 233
38 -> 42
35 -> 42
139 -> 143
128 -> 128
136 -> 139
283 -> 285
206 -> 206
82 -> 82
68 -> 68
167 -> 167
259 -> 281
89 -> 89
57 -> 57
242 -> 242
220 -> 226
183 -> 193
69 -> 69
56 -> 57
225 -> 226
53 -> 53
173 -> 183
80 -> 80
210 -> 214
260 -> 281
214 -> 226
263 -> 281
226 -> 241
222 -> 226
169 -> 169
49 -> 50
246 -> 246
213 -> 214
105 -> 105
24 -> 24
83 -> 83
257 -> 257
112 -> 112
117 -> 117
13 -> 21
73 -> 74
127 -> 127
150 -> 151
231 -> 231
168 -> 169
61 -> 61
284 -> 285
251 -> 251
208 -> 214
163 -> 183
181 -> 183
207 -> 207
230 -> 230
104 -> 104
204 -> 204
10 -> 13
2 -> 13
99 -> 99
88 -> 88
50 -> 139
143 -> 147
1 -> 13
271 -> 281
250 -> 257
110 -> 110
236 -> 241
269 -> 281
47 -> 47
216 -> 216
144 -> 144
291 -> 291
121 -> 121
86 -> 86
4 -> 13
66 -> 66
254 -> 257
59 -> 59
273 -> 281
129 -> 130
42 -> 139
11 -> 13
123 -> 123
5 -> 13
190 -> 193
94 -> 94
266 -> 281
97 -> 97
74 -> 139
287 -> 287
51 -> 52
174 -> 174
187 -> 193
203 -> 203
157 -> 163
118 -> 118
31 -> 33
253 -> 254
182 -> 183
256 -> 257
186 -> 186
176 -> 183
261 -> 281
141 -> 143
98 -> 98
