37 -> 42
126 -> 126
135 -> 139
87 -> 87
34 -> 34
4 -> 13
188 -> 193
202 -> 202
78 -> 78
104 -> 104
241 -> 241
225 -> 226
82 -> 82
142 -> 143
122 -> 122
41 -> 42
160 -> 163
111 -> 111
61 -> 61
91 -> 91
43 -> 43
216 -> 216
72 -> 72
141 -> 143
24 -> 24
222 -> 226
204 -> 204
144 -> 144
36 -> 42
152 -> 152
276 -> 281
177 -> 183
146 -> 147
209 -> 214
14 -> 14
6 -> 13
290 -> 290
232 -> 233
150 -> 151
277 -> 281
62 -> 62
189 -> 193
266 -> 281
244 -> 245
60 -> 60
40 -> 42
168 -> 169
106 -> 106
30 -> 33
101 -> 101
128 -> 128
206 -> 206
274 -> 281
176 -> 183
194 -> 194
73 -> 74
148 -> 148
174 -> 174
228 -> 228
76 -> 76
8 -> 13
145 -> 147
102 -> 102
134 -> 139
278 -> 281
172 -> 173
193 -> 202
50 -> 50
86 -> 86
218 -> 218
139 -> 143
200 -> 202
246 -> 246
220 -> 226
269 -> 281
254 -> 254
74 -> 139
245 -> 257
149 -> 151
219 -> 219
153 -> 155
280 -> 281
179 -> 183
84 -> 84
185 -> 185
265 -> 281
29 -> 33
211 -> 214
23 -> 23
129 -> 130
175 -> 175
58 -> 58
2 -> 13
208 -> 214
125 -> 125
230 -> 230
199 -> 202
235 -> 241
213 -> 214
256 -> 257
215 -> 215
57 -> 57
250 -> 250
229 -> 230
22 -> 22
90 -> 91
44 -> 45
217 -> 217
99 -> 99
116 -> 116
66 -> 66
127 -> 127
56 -> 57
39 -> 42
192 -> 193
114 -> 114
55 -> 55
107 -> 108
81 -> 81
3 -> 13
26 -> 26
98 -> 98
17 -> 21
100 -> 100
183 -> 193
97 -> 97
20 -> 21
198 -> 202
69 -> 69
267 -> 281
234 -> 234
155 -> 163
252 -> 254
288 -> 289
112 -> 112
247 -> 247
31 -> 33
16 -> 21
38 -> 42
233 -> 241
42 -> 139
9 -> 13
130 -> 139
83 -> 83
140 -> 140
226 -> 241
7 -> 13
286 -> 287
124 -> 125
93 -> 93
251 -> 251
263 -> 281
260 -> 281
110 -> 110
65 -> 65
170 -> 170
236 -> 241
178 -> 183
156 -> 156
85 -> 85
203 -> 203
71 -> 71
253 -> 254
48 -> 48
273 -> 281
197 -> 202
171 -> 173
0 -> 13
108 -> 139
89 -> 89
94 -> 94
224 -> 226
136 -> 139
162 -> 163
157 -> 163
11 -> 13
49 -> 50
264 -> 281
80 -> 80
270 -> 281
138 -> 139
173 -> 183
119 -> 119
5 -> 13
52 -> 52
291 -> 291
95 -> 95
54 -> 54
271 -> 281
10 -> 13
161 -> 163
67 -> 67
27 -> 33
53 -> 53
207 -> 207
240 -> 241
21 -> 22
75 -> 75
63 -> 63
181 -> 183
242 -> 242
88 -> 88
238 -> 241
223 -> 226
187 -> 193
77 -> 77
261 -> 281
257 -> 291
289 -> 291
292 -> 292
248 -> 248
12 -> 13
272 -> 281
275 -> 281
159 -> 163
123 -> 123
13 -> 21
268 -> 281
239 -> 241
105 -> 105
70 -> 70
47 -> 47
79 -> 79
190 -> 193
154 -> 155
221 -> 226
25 -> 25
166 -> 166
92 -> 92
287 -> 291
167 -> 167
281 -> 291
96 -> 96
249 -> 250
186 -> 186
262 -> 281
258 -> 281
180 -> 183
283 -> 285
205 -> 205
133 -> 139
120 -> 120
214 -> 226
163 -> 183
115 -> 115
18 -> 21
210 -> 214
46 -> 46
147 -> 151
109 -> 109
137 -> 139
103 -> 103
51 -> 52
195 -> 202
196 -> 202
32 -> 33
19 -> 21
191 -> 193
117 -> 117
33 -> 42
15 -> 15
118 -> 118
285 -> 291
113 -> 113
237 -> 241
284 -> 285
165 -> 166
143 -> 147
231 -> 231
164 -> 164
28 -> 33
121 -> 121
68 -> 68
282 -> 282
201 -> 202
59 -> 59
132 -> 132
151 -> 155
158 -> 163
35 -> 42
227 -> 227
184 -> 184
279 -> 281
45 -> 139
255 -> 255
212 -> 214
131 -> 132
259 -> 281
64 -> 64
182 -> 183
243 -> 243
169 -> 183
1 -> 13
