61 -> 61
127 -> 127
273 -> 281
187 -> 193
11 -> 13
74 -> 74
226 -> 226
269 -> 281
213 -> 214
201 -> 202
164 -> 164
209 -> 214
287 -> 287
214 -> 226
253 -> 254
163 -> 163
156 -> 156
242 -> 242
231 -> 231
198 -> 202
132 -> 132
225 -> 226
53 -> 53
69 -> 69
104 -> 104
261 -> 281
10 -> 13
228 -> 228
37 -> 42
244 -> 245
21 -> 21
86 -> 86
126 -> 126
26 -> 26
263 -> 281
140 -> 140
24 -> 24
91 -> 91
130 -> 130
80 -> 80
203 -> 203
235 -> 241
51 -> 52
88 -> 88
190 -> 193
2 -> 13
279 -> 281
89 -> 89
259 -> 281
251 -> 251
199 -> 202
54 -> 54
67 -> 67
255 -> 255
117 -> 117
174 -> 174
281 -> 291
173 -> 173
