54 -> 54
127 -> 127
213 -> 214
228 -> 228
235 -> 241
26 -> 26
263 -> 281
51 -> 52
140 -> 140
273 -> 281
244 -> 245
199 -> 202
61 -> 61
53 -> 53
269 -> 281
163 -> 163
24 -> 24
214 -> 226
10 -> 13
126 -> 126
89 -> 89
281 -> 291
255 -> 255
226 -> 241
69 -> 69
156 -> 156
173 -> 173
287 -> 287
190 -> 193
231 -> 231
21 -> 21
279 -> 281
251 -> 251
164 -> 164
225 -> 226
74 -> 74
209 -> 214
187 -> 193
259 -> 281
203 -> 203
80 -> 80
67 -> 67
201 -> 202
253 -> 254
88 -> 88
261 -> 281
11 -> 13
104 -> 104
174 -> 174
117 -> 117
242 -> 242
130 -> 130
91 -> 91
86 -> 86
198 -> 202
132 -> 132
2 -> 13
37 -> 42
