110 -> 110
262 -> 281
256 -> 257
172 -> 173
105 -> 105
190 -> 193
80 -> 80
73 -> 74
16 -> 21
71 -> 71
103 -> 103
209 -> 214
127 -> 127
76 -> 76
200 -> 202
245 -> 245
201 -> 202
258 -> 281
236 -> 241
153 -> 155
242 -> 242
83 -> 83
247 -> 247
26 -> 26
292 -> 292
39 -> 42
21 -> 22
267 -> 281
250 -> 250
189 -> 193
77 -> 77
260 -> 281
54 -> 54
213 -> 214
269 -> 281
146 -> 147
270 -> 281
197 -> 202
182 -> 183
208 -> 214
43 -> 43
63 -> 63
25 -> 25
206 -> 206
288 -> 289
41 -> 42
111 -> 111
24 -> 24
181 -> 183
214 -> 226
95 -> 95
48 -> 48
240 -> 241
217 -> 217
183 -> 193
37 -> 42
171 -> 173
227 -> 227
216 -> 216
215 -> 215
274 -> 281
221 -> 226
157 -> 163
188 -> 193
119 -> 119
99 -> 99
125 -> 125
239 -> 241
31 -> 33
139 -> 139
81 -> 81
114 -> 114
203 -> 203
279 -> 281
237 -> 241
61 -> 61
140 -> 140
138 -> 139
19 -> 21
62 -> 62
59 -> 59
64 -> 64
11 -> 13
14 -> 14
57 -> 57
266 -> 281
98 -> 98
169 -> 169
277 -> 281
199 -> 202
178 -> 183
2 -> 13
223 -> 226
132 -> 132
88 -> 88
72 -> 72
281 -> 291
175 -> 175
147 -> 151
249 -> 250
174 -> 174
10 -> 13
155 -> 163
91 -> 91
159 -> 163
7 -> 13
126 -> 126
160 -> 163
130 -> 130
18 -> 21
272 -> 281
4 -> 13
259 -> 281
101 -> 101
35 -> 42
23 -> 23
102 -> 102
179 -> 183
261 -> 281
276 -> 281
89 -> 89
65 -> 65
220 -> 226
196 -> 202
52 -> 52
204 -> 204
187 -> 193
238 -> 241
283 -> 285
154 -> 155
121 -> 121
194 -> 194
74 -> 139
109 -> 109
128 -> 128
222 -> 226
60 -> 60
251 -> 251
234 -> 234
55 -> 55
108 -> 108
135 -> 139
36 -> 42
286 -> 287
112 -> 112
68 -> 68
235 -> 241
243 -> 243
53 -> 53
162 -> 163
120 -> 120
38 -> 42
1 -> 13
69 -> 69
211 -> 214
32 -> 33
167 -> 167
253 -> 254
133 -> 139
205 -> 205
254 -> 257
142 -> 143
47 -> 47
107 -> 108
50 -> 50
241 -> 257
218 -> 218
40 -> 42
42 -> 139
225 -> 226
79 -> 79
97 -> 97
94 -> 94
207 -> 207
82 -> 82
166 -> 166
96 -> 96
158 -> 163
117 -> 117
180 -> 183
264 -> 281
151 -> 155
8 -> 13
113 -> 113
15 -> 15
131 -> 132
116 -> 116
129 -> 130
104 -> 104
252 -> 254
92 -> 92
202 -> 214
291 -> 291
184 -> 184
45 -> 45
115 -> 115
191 -> 193
150 -> 151
137 -> 139
177 -> 183
33 -> 42
136 -> 139
219 -> 219
165 -> 166
66 -> 66
67 -> 67
3 -> 13
275 -> 281
5 -> 13
173 -> 183
70 -> 70
248 -> 248
232 -> 233
280 -> 281
263 -> 281
34 -> 34
198 -> 202
46 -> 46
268 -> 281
29 -> 33
51 -> 52
0 -> 13
30 -> 33
152 -> 152
289 -> 291
75 -> 75
56 -> 57
143 -> 147
93 -> 93
185 -> 185
17 -> 21
86 -> 86
257 -> 291
20 -> 21
145 -> 147
106 -> 106
170 -> 170
148 -> 148
134 -> 139
212 -> 214
284 -> 285
282 -> 282
192 -> 193
84 -> 84
230 -> 230
231 -> 231
224 -> 226
287 -> 291
123 -> 123
278 -> 281
161 -> 163
144 -> 144
271 -> 281
118 -> 118
12 -> 13
100 -> 100
195 -> 202
9 -> 13
255 -> 255
164 -> 164
210 -> 214
28 -> 33
141 -> 143
226 -> 241
90 -> 91
186 -> 186
228 -> 228
13 -> 21
168 -> 169
22 -> 23
27 -> 33
193 -> 202
87 -> 87
285 -> 291
6 -> 13
124 -> 125
246 -> 246
85 -> 85
149 -> 151
233 -> 241
44 -> 45
273 -> 281
156 -> 156
244 -> 245
78 -> 78
229 -> 230
290 -> 290
163 -> 183
49 -> 50
58 -> 58
176 -> 183
122 -> 122
265 -> 281
