130 -> 130
203 -> 203
254 -> 254
167 -> 167
231 -> 231
210 -> 214
31 -> 33
57 -> 57
260 -> 281
201 -> 202
266 -> 281
92 -> 92
80 -> 80
252 -> 254
51 -> 52
10 -> 13
164 -> 164
158 -> 163
13 -> 21
42 -> 42
287 -> 287
59 -> 59
281 -> 291
179 -> 183
195 -> 202
26 -> 26
94 -> 94
5 -> 13
73 -> 74
74 -> 139
143 -> 143
49 -> 50
222 -> 226
256 -> 257
133 -> 139
251 -> 251
263 -> 281
187 -> 193
273 -> 281
226 -> 241
144 -> 144
121 -> 121
228 -> 228
132 -> 132
206 -> 206
11 -> 13
85 -> 85
198 -> 202
54 -> 54
261 -> 281
129 -> 130
250 -> 250
67 -> 67
224 -> 226
162 -> 163
88 -> 88
151 -> 151
199 -> 202
233 -> 233
50 -> 139
105 -> 105
253 -> 254
77 -> 77
4 -> 13
83 -> 83
220 -> 226
98 -> 98
139 -> 143
91 -> 91
235 -> 241
208 -> 214
136 -> 139
140 -> 140
255 -> 255
53 -> 53
204 -> 204
172 -> 173
269 -> 281
128 -> 128
276 -> 281
118 -> 118
150 -> 151
38 -> 42
183 -> 193
117 -> 117
176 -> 183
97 -> 97
127 -> 127
284 -> 285
112 -> 112
107 -> 108
242 -> 242
190 -> 193
66 -> 66
279 -> 281
123 -> 123
173 -> 183
214 -> 226
126 -> 126
157 -> 163
230 -> 230
21 -> 22
207 -> 207
24 -> 24
283 -> 285
259 -> 281
110 -> 110
291 -> 291
213 -> 214
159 -> 163
156 -> 156
2 -> 13
163 -> 183
68 -> 68
168 -> 169
186 -> 186
89 -> 89
6 -> 13
215 -> 215
47 -> 47
99 -> 99
257 -> 291
282 -> 282
86 -> 86
141 -> 143
246 -> 246
1 -> 13
37 -> 42
174 -> 174
244 -> 245
181 -> 183
35 -> 42
82 -> 82
216 -> 216
69 -> 69
25 -> 25
236 -> 241
271 -> 281
56 -> 57
182 -> 183
209 -> 214
225 -> 226
169 -> 183
104 -> 104
61 -> 61
249 -> 250
