163 -> 163
182 -> 183
170 -> 170
272 -> 281
244 -> 245
238 -> 241
191 -> 193
76 -> 76
22 -> 22
167 -> 167
208 -> 214
106 -> 106
233 -> 233
17 -> 21
150 -> 151
91 -> 91
89 -> 89
211 -> 214
120 -> 120
245 -> 257
228 -> 228
196 -> 202
269 -> 281
288 -> 289
139 -> 139
259 -> 281
151 -> 155
97 -> 97
239 -> 241
166 -> 166
282 -> 282
172 -> 173
12 -> 13
35 -> 42
125 -> 125
25 -> 25
173 -> 183
230 -> 230
159 -> 163
200 -> 202
181 -> 183
285 -> 285
216 -> 216
45 -> 45
27 -> 33
53 -> 53
109 -> 109
60 -> 60
149 -> 151
248 -> 248
99 -> 99
284 -> 285
126 -> 126
160 -> 163
143 -> 143
47 -> 47
253 -> 254
274 -> 281
204 -> 204
64 -> 64
247 -> 247
0 -> 13
66 -> 66
235 -> 241
122 -> 122
81 -> 81
205 -> 205
237 -> 241
185 -> 185
140 -> 140
193 -> 202
221 -> 226
77 -> 77
157 -> 163
93 -> 93
283 -> 285
224 -> 226
257 -> 291
48 -> 48
266 -> 281
88 -> 88
123 -> 123
194 -> 194
41 -> 42
223 -> 226
179 -> 183
72 -> 72
229 -> 230
273 -> 281
146 -> 147
197 -> 202
177 -> 183
57 -> 57
82 -> 82
19 -> 21
254 -> 257
5 -> 13
16 -> 21
155 -> 163
265 -> 281
112 -> 112
184 -> 184
3 -> 13
34 -> 34
54 -> 54
4 -> 13
169 -> 169
1 -> 13
209 -> 214
201 -> 202
96 -> 96
187 -> 193
108 -> 108
9 -> 13
79 -> 79
40 -> 42
270 -> 281
46 -> 46
29 -> 33
74 -> 74
271 -> 281
214 -> 226
215 -> 215
103 -> 103
202 -> 214
129 -> 130
55 -> 55
171 -> 173
188 -> 193
217 -> 217
145 -> 147
264 -> 281
183 -> 193
56 -> 57
36 -> 42
38 -> 42
246 -> 246
232 -> 233
42 -> 139
162 -> 163
52 -> 52
62 -> 62
84 -> 84
69 -> 69
267 -> 281
71 -> 71
2 -> 13
59 -> 59
142 -> 143
213 -> 214
32 -> 33
28 -> 33
287 -> 287
286 -> 287
144 -> 144
26 -> 26
95 -> 95
132 -> 132
199 -> 202
292 -> 292
75 -> 75
124 -> 125
165 -> 166
24 -> 24
115 -> 115
176 -> 183
255 -> 255
131 -> 132
121 -> 121
94 -> 94
85 -> 85
117 -> 117
291 -> 291
186 -> 186
63 -> 63
11 -> 13
114 -> 114
161 -> 163
111 -> 111
86 -> 86
6 -> 13
21 -> 22
70 -> 70
175 -> 175
212 -> 214
13 -> 21
190 -> 193
154 -> 155
141 -> 143
51 -> 52
31 -> 33
58 -> 58
249 -> 250
136 -> 139
290 -> 290
251 -> 251
231 -> 231
277 -> 281
206 -> 206
256 -> 257
102 -> 102
30 -> 33
241 -> 257
268 -> 281
156 -> 156
135 -> 139
226 -> 241
250 -> 257
67 -> 67
243 -> 243
68 -> 68
198 -> 202
49 -> 50
153 -> 155
118 -> 118
195 -> 202
37 -> 42
279 -> 281
98 -> 98
87 -> 87
220 -> 226
275 -> 281
78 -> 78
276 -> 281
168 -> 169
119 -> 119
263 -> 281
260 -> 281
80 -> 80
90 -> 91
234 -> 234
134 -> 139
92 -> 92
105 -> 105
210 -> 214
164 -> 164
178 -> 183
33 -> 42
127 -> 127
252 -> 254
236 -> 241
133 -> 139
258 -> 281
101 -> 101
289 -> 291
100 -> 100
18 -> 21
83 -> 83
65 -> 65
192 -> 193
14 -> 14
189 -> 193
222 -> 226
130 -> 139
147 -> 151
7 -> 13
10 -> 13
218 -> 218
23 -> 23
240 -> 241
107 -> 108
148 -> 148
174 -> 174
110 -> 110
138 -> 139
242 -> 242
152 -> 152
281 -> 291
137 -> 139
113 -> 113
61 -> 61
73 -> 74
104 -> 104
128 -> 128
203 -> 203
158 -> 163
8 -> 13
227 -> 227
50 -> 139
219 -> 219
15 -> 15
262 -> 281
207 -> 207
278 -> 281
20 -> 21
43 -> 43
116 -> 116
180 -> 183
225 -> 226
280 -> 281
261 -> 281
44 -> 45
39 -> 42
