0 -> 13
1 -> 13
2 -> 13
3 -> 13
4 -> 13
5 -> 13
6 -> 13
7 -> 13
8 -> 13
9 -> 13
10 -> 13
11 -> 13
12 -> 13
13 -> 21
14 -> 14
15 -> 15
16 -> 21
17 -> 21
18 -> 21
19 -> 21
20 -> 21
21 -> 22
22 -> 23
23 -> 23
24 -> 24
25 -> 25
26 -> 26
27 -> 33
28 -> 33
29 -> 33
30 -> 33
31 -> 33
32 -> 33
33 -> 42
34 -> 34
35 -> 42
36 -> 42
37 -> 42
38 -> 42
39 -> 42
40 -> 42
41 -> 42
42 -> 139
43 -> 43
44 -> 45
45 -> 45
46 -> 46
47 -> 47
48 -> 48
49 -> 50
50 -> 50
51 -> 52
52 -> 52
53 -> 53
54 -> 54
55 -> 55
56 -> 57
57 -> 57
58 -> 58
59 -> 59
60 -> 60
61 -> 61
62 -> 62
63 -> 63
64 -> 64
65 -> 65
66 -> 66
67 -> 67
68 -> 68
69 -> 69
70 -> 70
71 -> 71
72 -> 72
73 -> 74
74 -> 139
75 -> 75
76 -> 76
77 -> 77
78 -> 78
79 -> 79
80 -> 80
81 -> 81
82 -> 82
83 -> 83
84 -> 84
85 -> 85
86 -> 86
87 -> 87
88 -> 88
89 -> 89
90 -> 91
91 -> 91
92 -> 92
93 -> 93
94 -> 94
95 -> 95
96 -> 96
97 -> 97
98 -> 98
99 -> 99
100 -> 100
101 -> 101
102 -> 102
103 -> 103
104 -> 104
105 -> 105
106 -> 106
107 -> 108
108 -> 108
109 -> 109
110 -> 110
111 -> 111
112 -> 112
113 -> 113
114 -> 114
115 -> 115
116 -> 116
117 -> 117
118 -> 118
119 -> 119
120 -> 120
121 -> 121
122 -> 122
123 -> 123
124 -> 125
125 -> 125
126 -> 126
127 -> 127
128 -> 128
129 -> 130
130 -> 130
131 -> 132
132 -> 132
133 -> 139
134 -> 139
135 -> 139
136 -> 139
137 -> 139
138 -> 139
139 -> 139
140 -> 140
141 -> 143
142 -> 143
143 -> 147
144 -> 144
145 -> 147
146 -> 147
147 -> 151
148 -> 148
149 -> 151
150 -> 151
151 -> 155
152 -> 152
153 -> 155
154 -> 155
155 -> 163
156 -> 156
157 -> 163
158 -> 163
159 -> 163
160 -> 163
161 -> 163
162 -> 163
163 -> 183
164 -> 164
165 -> 166
166 -> 166
167 -> 167
168 -> 169
169 -> 169
170 -> 170
171 -> 173
172 -> 173
173 -> 183
174 -> 174
175 -> 175
176 -> 183
177 -> 183
178 -> 183
179 -> 183
180 -> 183
181 -> 183
182 -> 183
183 -> 193
184 -> 184
185 -> 185
186 -> 186
187 -> 193
188 -> 193
189 -> 193
190 -> 193
191 -> 193
192 -> 193
193 -> 202
194 -> 194
195 -> 202
196 -> 202
197 -> 202
198 -> 202
199 -> 202
200 -> 202
201 -> 202
202 -> 214
203 -> 203
204 -> 204
205 -> 205
206 -> 206
207 -> 207
208 -> 214
209 -> 214
210 -> 214
211 -> 214
212 -> 214
213 -> 214
214 -> 226
215 -> 215
216 -> 216
217 -> 217
218 -> 218
219 -> 219
220 -> 226
221 -> 226
222 -> 226
223 -> 226
224 -> 226
225 -> 226
226 -> 241
227 -> 227
228 -> 228
229 -> 230
230 -> 230
231 -> 231
232 -> 233
233 -> 241
234 -> 234
235 -> 241
236 -> 241
237 -> 241
238 -> 241
239 -> 241
240 -> 241
241 -> 257
242 -> 242
243 -> 243
244 -> 245
245 -> 245
246 -> 246
247 -> 247
248 -> 248
249 -> 250
250 -> 250
251 -> 251
252 -> 254
253 -> 254
254 -> 257
255 -> 255
256 -> 257
257 -> 291
258 -> 281
259 -> 281
260 -> 281
261 -> 281
262 -> 281
263 -> 281
264 -> 281
265 -> 281
266 -> 281
267 -> 281
268 -> 281
269 -> 281
270 -> 281
271 -> 281
272 -> 281
273 -> 281
274 -> 281
275 -> 281
276 -> 281
277 -> 281
278 -> 281
279 -> 281
280 -> 281
281 -> 291
282 -> 282
283 -> 285
284 -> 285
285 -> 291
286 -> 287
287 -> 291
288 -> 289
289 -> 291
290 -> 290
291 -> 291
292 -> 292
