Breakpoint 0 Set at 11:1
Breakpoint 1 Set at 6:4
Breakpoint 2 Set at 33:25
Breakpoint 3 Set at 31:15
Breakpoint 4 Set at 52:16
Paused at 11:1
	Hit Breakpoint(s) 0
	Call Stack:  
	Bindings: 
Paused at 31:15
	Hit Breakpoint(s) 3
	Call Stack:  
	Bindings: 
Paused at 33:25
	Hit Breakpoint(s) 2
	Call Stack:  
	Bindings: 
Paused at 34:33
	Call Stack:  
	Bindings: 
Paused at 36:46
	Call Stack:  
	Bindings: 
Paused at 6:4
	Hit Breakpoint(s) 1
	Call Stack: TreeNode, bottomUpTree, bottomUpTree, bottomUpTree, bottomUpTree, bottomUpTree, bottomUpTree, bottomUpTree, bottomUpTree 
	Bindings: depth: number = 0
		item: number = -127
		left: null = null
		right: null = null
Paused at 6:4
	Hit Breakpoint(s) 1
	Call Stack: TreeNode, bottomUpTree, bottomUpTree, bottomUpTree, bottomUpTree, bottomUpTree, bottomUpTree, bottomUpTree, bottomUpTree 
	Bindings: depth: number = 0
		item: number = -126
		left: null = null
		right: null = null
Paused at 7:4
	Call Stack: TreeNode, bottomUpTree, bottomUpTree, bottomUpTree, bottomUpTree, bottomUpTree, bottomUpTree, bottomUpTree, bottomUpTree 
	Bindings: depth: number = 0
		item: number = -126
		left: null = null
		right: null = null
Paused at 8:4
	Call Stack: TreeNode, bottomUpTree, bottomUpTree, bottomUpTree, bottomUpTree, bottomUpTree, bottomUpTree, bottomUpTree, bottomUpTree 
	Bindings: depth: number = 0
		item: number = -126
		left: null = null
		right: null = null
Paused at 27:1
	Call Stack: bottomUpTree, bottomUpTree, bottomUpTree, bottomUpTree, bottomUpTree, bottomUpTree, bottomUpTree, bottomUpTree 
	Bindings: depth: number = 0
		item: number = -126
Paused at 6:4
	Hit Breakpoint(s) 1
	Call Stack: TreeNode, bottomUpTree, bottomUpTree, bottomUpTree, bottomUpTree, bottomUpTree, bottomUpTree, bottomUpTree 
	Bindings: depth: number = 1
		item: number = -63
		left: object
		right: object
