Breakpoint 0 Set at 3:1
Breakpoint 1 Set at 8:1
Breakpoint 2 Set at 30:1
Breakpoint 3 Set at 25:1
Paused at 3:4
	Hit Breakpoint(s) 0
	Call Stack:  
	Bindings: 
Paused at 30:4
	Hit Breakpoint(s) 2
	Call Stack: TimeFunc 
	Bindings: func: function
		sum: undefined
		t: undefined
		x: undefined
		y: undefined
Paused at 8:7
	Hit Breakpoint(s) 1
	Call Stack: fast3bitlookup, TimeFunc 
	Bindings: b: number = 0
		bi3b: undefined
		c: undefined
Paused at 9:0
	Call Stack: fast3bitlookup, TimeFunc 
	Bindings: b: number = 0
		bi3b: number = 59796
		c: undefined
Paused at 10:0
	Call Stack: fast3bitlookup, TimeFunc 
	Bindings: b: number = 0
		bi3b: number = 59796
		c: number = 0
Paused at 25:0
	Hit Breakpoint(s) 3
	Call Stack: fast3bitlookup, TimeFunc 
	Bindings: b: number = 0
		bi3b: number = 59796
		c: number = 0
Paused at 8:7
	Hit Breakpoint(s) 1
	Call Stack: fast3bitlookup, TimeFunc 
	Bindings: b: number = 1
		bi3b: undefined
		c: undefined
Paused at 9:0
	Call Stack: fast3bitlookup, TimeFunc 
	Bindings: b: number = 1
		bi3b: number = 59796
		c: undefined
Paused at 10:0
	Call Stack: fast3bitlookup, TimeFunc 
	Bindings: b: number = 1
		bi3b: number = 59796
		c: number = 1
Paused at 25:0
	Hit Breakpoint(s) 3
	Call Stack: fast3bitlookup, TimeFunc 
	Bindings: b: number = 1
		bi3b: number = 59796
		c: number = 1
Paused at 8:7
	Hit Breakpoint(s) 1
	Call Stack: fast3bitlookup, TimeFunc 
	Bindings: b: number = 2
		bi3b: undefined
		c: undefined
