Breakpoint 0 Set at 7:1
Breakpoint 1 Set at 7:1
Breakpoint 1 Set at 27:1
Breakpoint 2 Set at 26:1
Paused at 26:13
	Hit Breakpoint(s) 2
	Call Stack: sieve 
	Bindings: i: undefined
		isPrime: undefined
Paused at 27:8
	Hit Breakpoint(s) 1
	Call Stack: sieve 
	Bindings: i: number = 4
		isPrime: undefined
Paused at 26:28
	Hit Breakpoint(s) 2
	Call Stack: sieve 
	Bindings: i: number = 4
		isPrime: array
Paused at 30:4
	Call Stack: sieve 
	Bindings: i: number = 5
		isPrime: array
Paused at 31:0
	Call Stack: sieve 
	Bindings: i: number = 5
		isPrime: array
Paused at 31:0
	Call Stack: sieve 
	Bindings: i: number = 5
		isPrime: array
