Breakpoint 0 Set at 14:1
Breakpoint 1 Set at 22:1
Breakpoint 2 Set at 140:1
Breakpoint 3 Set at 130:1
Breakpoint 4 Set at 220:1
Breakpoint 5 Set at 61:1
Breakpoint 6 Set at 161:1
Breakpoint 7 Set at 150:1
Breakpoint 8 Set at 201:1
Breakpoint 9 Set at 43:1
Breakpoint 10 Set at 165:1
Breakpoint 11 Set at 34:1
Breakpoint 12 Set at 94:1
Breakpoint 13 Set at 178:1
Breakpoint 14 Set at 220:1
Breakpoint 14 Set at 226:1
Breakpoint 15 Set at 220:1
Breakpoint 15 Set at 14:1
Breakpoint 15 Set at 46:1
Breakpoint 16 Set at 149:1
Breakpoint 17 Set at 53:1
Breakpoint 18 Set at 220:1
Paused at 14:4
	Hit Breakpoint(s) 15
	Call Stack:  
	Bindings: 
Paused at 220:9
	Hit Breakpoint(s) 18
	Call Stack:  
	Bindings: 
Paused at 220:22
	Hit Breakpoint(s) 18
	Call Stack:  
	Bindings: 
Paused at 221:4
	Call Stack:  
	Bindings: 
Paused at 220:22
	Call Stack:  
	Bindings: 
Paused at 220:22
	Hit Breakpoint(s) 18
	Call Stack:  
	Bindings: 
Paused at 220:22
	Hit Breakpoint(s) 18
	Call Stack:  
	Bindings: 
Paused at 221:4
	Call Stack:  
	Bindings: 
Paused at 220:22
	Call Stack:  
	Bindings: 
Paused at 220:22
	Hit Breakpoint(s) 18
	Call Stack:  
	Bindings: 
Paused at 22:21
	Hit Breakpoint(s) 1
	Call Stack: hex_sha1 
	Bindings: s: string = dignity,
In fair Verona, where we lay our scene,
From ancient grudge break to new mutiny,
Where civil blood makes civil hands unclean.
From forth the fatal loins of these two foes
A pair of star-cross'd lovers take their life;
Whole misadventured piteous overthrows
Do with their death bury their parents' strife.
The fearful passage of their death-mark'd love,
And the continuance of their parents' rage,
Which, but their children's end, nought could remove,
Is now the two hours' traffic of our stage;
The which if you with patient ears attend,
What here shall miss, our toil shall strive to mend.Two households, both alike in dignity,
In fair Verona, where we lay our scene,
From ancient grudge break to new mutiny,
Where civil blood makes civil hands unclean.
From forth the fatal loins of these two foes
A pair of star-cross'd lovers take their life;
Whole misadventured piteous overthrows
Do with their death bury their parents' strife.
The fearful passage of thei
