Breakpoint 0 Set at 38:1
Breakpoint 1 Set at 38:1
Breakpoint 1 Set at 164:1
Breakpoint 2 Set at 146:1
Breakpoint 3 Set at 252:1
Breakpoint 4 Set at 72:1
Breakpoint 5 Set at 185:1
Breakpoint 6 Set at 177:1
Breakpoint 7 Set at 237:1
Breakpoint 8 Set at 51:1
Breakpoint 9 Set at 195:1
Breakpoint 10 Set at 38:1
Breakpoint 10 Set at 110:1
Breakpoint 11 Set at 211:1
Breakpoint 12 Set at 254:1
Breakpoint 13 Set at 268:1
Breakpoint 14 Set at 238:1
Breakpoint 15 Set at 261:1
Breakpoint 16 Set at 38:1
Breakpoint 16 Set at 177:1
Breakpoint 16 Set at 61:1
Breakpoint 17 Set at 244:1
Breakpoint 18 Set at 126:1
Breakpoint 19 Set at 38:1
Breakpoint 19 Set at 126:1
Breakpoint 19 Set at 119:1
Breakpoint 20 Set at 64:1
Paused at 38:4
	Hit Breakpoint(s) 19
	Call Stack:  
	Bindings: 
Paused at 72:4
	Hit Breakpoint(s) 4
	Call Stack:  
	Bindings: 
Paused at 164:5
	Hit Breakpoint(s) 1
	Call Stack:  
	Bindings: 
Paused at 223:0
	Call Stack:  
	Bindings: 
Paused at 164:5
	Call Stack:  
	Bindings: 
Paused at 164:5
	Hit Breakpoint(s) 1
	Call Stack:  
	Bindings: 
Paused at 177:8
	Hit Breakpoint(s) 16
	Call Stack:  
	Bindings: m: object
		s: object
Paused at 208:8
	Call Stack:  
	Bindings: m: object
		s: object
Paused at 223:4
	Call Stack:  
	Bindings: m: object
		s: object
Paused at 223:4
	Call Stack:  
	Bindings: m: object
		s: object
Paused at 195:0
	Hit Breakpoint(s) 9
	Call Stack:  
	Bindings: filter: function
		j: undefined
		m: object
		s: object
		walk: function
