Breakpoint 0 Set at 38:1
Breakpoint 1 Set at 38:1
Breakpoint 2 Set at 164:5
Breakpoint 3 Set at 146:29
Breakpoint 4 Set at 252:45
Breakpoint 5 Set at 72:5
Breakpoint 6 Set at 185:29
Breakpoint 7 Set at 177:9
Breakpoint 8 Set at 237:18
Breakpoint 9 Set at 51:17
Breakpoint 10 Set at 195:13
Breakpoint 11 Set at 38:1
Breakpoint 12 Set at 110:21
Breakpoint 13 Set at 211:17
Breakpoint 14 Set at 254:35
Breakpoint 15 Set at 268:1
Breakpoint 16 Set at 238:29
Breakpoint 17 Set at 261:5
Breakpoint 18 Set at 38:1
Breakpoint 19 Set at 177:9
Breakpoint 20 Set at 61:17
Breakpoint 21 Set at 244:17
Breakpoint 22 Set at 126:25
Breakpoint 23 Set at 38:1
Breakpoint 24 Set at 126:25
Breakpoint 25 Set at 119:29
Breakpoint 26 Set at 64:17
Paused at 38:1
	Hit Breakpoint(s) 0, 1, 11, 18, 23
	Call Stack:  
	Bindings: 
Paused at 72:5
	Hit Breakpoint(s) 5
	Call Stack:  
	Bindings: 
Paused at 164:5
	Hit Breakpoint(s) 2
	Call Stack:  
	Bindings: 
Paused at 177:9
	Hit Breakpoint(s) 7, 19
	Call Stack:  
	Bindings: arguments: array
		m: object
		s: object
Paused at 208:9
	Call Stack:  
	Bindings: arguments: array
		m: object
		s: object
Paused at 226:19
	Call Stack:  
	Bindings: 
Paused at 195:13
	Hit Breakpoint(s) 10
	Call Stack: s.parseJSON 
	Bindings: arguments: array
		filter: function
		j: undefined
		m: object
		s: object
		walk: function
Paused at 199:17
	Call Stack: s.parseJSON 
	Bindings: arguments: array
		filter: function
		j: undefined
		m: object
		s: object
		walk: function
Paused at 201:17
	Call Stack: s.parseJSON 
	Bindings: arguments: array
		filter: function
		j: array
		m: object
		s: object
		walk: function
Paused at 185:29
	Hit Breakpoint(s) 6
	Call Stack: walk, s.parseJSON 
	Bindings: arguments: array
		filter: function
		i: string = 
		j: array
		k: string = 
		m: object
		n: undefined
		s: object
		v: array
		walk: function
Paused at 185:29
	Hit Breakpoint(s) 6
	Call Stack: walk, walk, s.parseJSON 
	Bindings: arguments: array
		filter: function
		i: string = 
		j: array
		k: string = 
		m: object
		n: undefined
		s: object
		v: object
		walk: function
