5 -> 27
3 -> 27
32 -> 32
14 -> 27
33 -> 36
80 -> 80
15 -> 27
50 -> 51
74 -> 74
28 -> 31
77 -> 80
75 -> 75
103 -> 103
106 -> 106
51 -> 60
39 -> 41
88 -> 88
68 -> 68
67 -> 67
27 -> 31
16 -> 27
22 -> 27
81 -> 81
53 -> 60
29 -> 31
12 -> 27
78 -> 80
24 -> 27
38 -> 41
40 -> 41
64 -> 64
91 -> 91
104 -> 104
62 -> 63
55 -> 60
6 -> 27
100 -> 101
83 -> 85
76 -> 76
65 -> 65
9 -> 27
37 -> 37
54 -> 60
66 -> 66
46 -> 46
97 -> 97
10 -> 27
101 -> 105
45 -> 45
99 -> 99
60 -> 88
73 -> 73
57 -> 60
44 -> 44
86 -> 88
7 -> 27
102 -> 103
1 -> 27
79 -> 80
11 -> 27
96 -> 96
30 -> 31
94 -> 94
71 -> 71
84 -> 85
61 -> 61
2 -> 27
31 -> 36
0 -> 27
93 -> 94
21 -> 27
18 -> 27
8 -> 27
85 -> 88
17 -> 27
34 -> 36
42 -> 42
70 -> 70
90 -> 90
25 -> 27
59 -> 60
105 -> 105
26 -> 27
48 -> 48
20 -> 27
52 -> 60
23 -> 27
92 -> 94
58 -> 60
36 -> 41
43 -> 44
69 -> 69
41 -> 44
4 -> 27
82 -> 85
87 -> 88
63 -> 85
47 -> 47
49 -> 51
35 -> 36
95 -> 96
72 -> 73
19 -> 27
13 -> 27
56 -> 60
98 -> 99
89 -> 90
