98 -> 99
78 -> 80
40 -> 41
32 -> 32
44 -> 44
16 -> 27
55 -> 60
15 -> 27
95 -> 96
3 -> 27
58 -> 60
5 -> 27
13 -> 27
69 -> 69
21 -> 27
31 -> 31
27 -> 31
43 -> 44
19 -> 27
29 -> 31
73 -> 73
83 -> 85
104 -> 104
57 -> 60
24 -> 27
23 -> 27
89 -> 90
99 -> 105
68 -> 68
94 -> 94
47 -> 47
20 -> 27
46 -> 46
66 -> 66
82 -> 85
80 -> 85
106 -> 106
88 -> 88
63 -> 63
37 -> 37
92 -> 94
4 -> 27
91 -> 91
18 -> 27
74 -> 74
11 -> 27
96 -> 99
84 -> 85
12 -> 27
22 -> 27
71 -> 71
17 -> 27
101 -> 101
42 -> 42
87 -> 88
25 -> 27
2 -> 27
81 -> 81
93 -> 94
30 -> 31
53 -> 60
49 -> 51
9 -> 27
102 -> 103
86 -> 88
70 -> 70
100 -> 101
60 -> 85
7 -> 27
51 -> 60
85 -> 88
105 -> 105
1 -> 27
62 -> 63
103 -> 105
75 -> 75
36 -> 36
26 -> 27
8 -> 27
10 -> 27
61 -> 61
54 -> 60
59 -> 60
14 -> 27
38 -> 41
48 -> 48
41 -> 44
77 -> 80
50 -> 51
64 -> 64
6 -> 27
97 -> 97
0 -> 27
72 -> 73
39 -> 41
79 -> 80
52 -> 60
65 -> 65
76 -> 76
28 -> 31
33 -> 36
56 -> 60
45 -> 45
67 -> 67
34 -> 36
90 -> 99
35 -> 36
