93 -> 93
80 -> 80
194 -> 194
99 -> 99
104 -> 104
308 -> 310
38 -> 39
68 -> 68
148 -> 148
69 -> 70
277 -> 278
144 -> 147
313 -> 314
282 -> 286
262 -> 262
15 -> 19
255 -> 255
63 -> 63
84 -> 85
237 -> 342
118 -> 118
345 -> 346
221 -> 222
101 -> 342
351 -> 351
159 -> 161
198 -> 198
122 -> 122
66 -> 66
21 -> 21
169 -> 169
128 -> 342
293 -> 294
186 -> 189
77 -> 77
264 -> 264
183 -> 183
60 -> 60
344 -> 346
289 -> 294
33 -> 39
62 -> 62
85 -> 85
173 -> 175
352 -> 352
181 -> 181
219 -> 219
302 -> 304
247 -> 247
257 -> 259
138 -> 138
143 -> 147
10 -> 12
74 -> 74
190 -> 190
46 -> 46
244 -> 244
179 -> 179
252 -> 252
298 -> 298
151 -> 151
162 -> 162
273 -> 278
106 -> 106
242 -> 242
249 -> 249
328 -> 328
103 -> 103
37 -> 39
27 -> 27
231 -> 231
26 -> 26
189 -> 189
232 -> 232
314 -> 314
319 -> 320
341 -> 342
204 -> 204
342 -> 342
343 -> 343
24 -> 24
51 -> 52
327 -> 327
317 -> 317
109 -> 110
136 -> 137
284 -> 286
140 -> 141
267 -> 267
272 -> 278
52 -> 52
260 -> 260
4 -> 4
92 -> 92
303 -> 304
157 -> 161
146 -> 147
210 -> 210
79 -> 79
297 -> 297
7 -> 7
32 -> 39
14 -> 19
73 -> 73
142 -> 147
163 -> 342
102 -> 103
224 -> 224
70 -> 70
6 -> 6
199 -> 199
89 -> 90
28 -> 28
316 -> 317
325 -> 325
155 -> 155
192 -> 194
18 -> 19
251 -> 252
299 -> 299
200 -> 200
321 -> 321
13 -> 19
238 -> 239
29 -> 29
226 -> 226
150 -> 151
286 -> 286
335 -> 335
276 -> 278
167 -> 167
12 -> 12
124 -> 124
301 -> 301
271 -> 278
129 -> 130
278 -> 278
349 -> 349
283 -> 286
154 -> 154
156 -> 161
240 -> 240
67 -> 67
188 -> 189
333 -> 333
339 -> 339
171 -> 175
8 -> 8
309 -> 310
147 -> 147
216 -> 216
245 -> 245
34 -> 39
76 -> 77
285 -> 286
207 -> 207
261 -> 261
100 -> 342
83 -> 342
31 -> 31
336 -> 336
291 -> 294
58 -> 60
97 -> 98
295 -> 295
332 -> 332
227 -> 228
320 -> 320
229 -> 229
307 -> 307
123 -> 123
41 -> 41
95 -> 95
65 -> 65
287 -> 294
275 -> 278
98 -> 98
110 -> 110
315 -> 317
126 -> 126
71 -> 71
131 -> 131
311 -> 311
149 -> 342
105 -> 105
42 -> 42
1 -> 4
141 -> 141
223 -> 223
191 -> 342
133 -> 133
280 -> 286
290 -> 294
187 -> 189
196 -> 196
312 -> 314
130 -> 130
217 -> 217
135 -> 135
127 -> 342
197 -> 197
132 -> 132
108 -> 108
166 -> 166
82 -> 82
161 -> 161
202 -> 202
45 -> 45
209 -> 210
75 -> 342
330 -> 332
115 -> 115
3 -> 4
182 -> 182
222 -> 222
185 -> 189
225 -> 225
152 -> 152
57 -> 57
296 -> 296
137 -> 137
125 -> 125
174 -> 175
2 -> 4
234 -> 234
145 -> 147
61 -> 62
22 -> 342
184 -> 189
107 -> 107
348 -> 348
164 -> 165
354 -> 354
279 -> 286
116 -> 116
158 -> 161
274 -> 278
236 -> 236
30 -> 30
212 -> 212
64 -> 64
120 -> 342
0 -> 4
323 -> 323
326 -> 327
50 -> 52
211 -> 211
266 -> 266
346 -> 346
329 -> 329
248 -> 248
338 -> 338
168 -> 168
334 -> 334
114 -> 115
25 -> 25
96 -> 342
180 -> 180
59 -> 60
218 -> 218
86 -> 86
55 -> 55
253 -> 253
230 -> 230
270 -> 270
44 -> 44
88 -> 88
214 -> 214
213 -> 213
56 -> 56
235 -> 235
134 -> 134
228 -> 228
304 -> 304
263 -> 263
258 -> 259
176 -> 176
353 -> 353
119 -> 119
36 -> 39
78 -> 78
139 -> 342
241 -> 241
254 -> 254
305 -> 307
195 -> 195
256 -> 342
47 -> 47
90 -> 90
172 -> 175
288 -> 294
160 -> 161
318 -> 318
40 -> 40
81 -> 81
350 -> 350
208 -> 208
112 -> 342
269 -> 270
19 -> 19
111 -> 111
43 -> 43
355 -> 4
17 -> 19
178 -> 179
306 -> 307
250 -> 250
48 -> 48
205 -> 205
39 -> 39
117 -> 117
203 -> 204
239 -> 239
170 -> 175
322 -> 323
281 -> 286
153 -> 153
243 -> 243
340 -> 340
300 -> 300
310 -> 310
35 -> 39
20 -> 20
347 -> 347
268 -> 270
53 -> 53
201 -> 201
5 -> 5
246 -> 246
331 -> 332
121 -> 122
9 -> 9
193 -> 194
292 -> 294
16 -> 19
177 -> 342
113 -> 342
49 -> 49
294 -> 294
337 -> 338
324 -> 324
54 -> 54
11 -> 12
265 -> 265
206 -> 206
87 -> 87
91 -> 91
94 -> 94
23 -> 24
259 -> 259
233 -> 234
165 -> 165
72 -> 73
220 -> 220
175 -> 175
215 -> 216
