274 -> 278
284 -> 286
119 -> 119
221 -> 222
164 -> 165
12 -> 12
355 -> 4
126 -> 126
15 -> 19
190 -> 190
137 -> 137
75 -> 342
298 -> 298
285 -> 286
65 -> 65
96 -> 342
110 -> 110
208 -> 208
317 -> 317
258 -> 259
62 -> 62
50 -> 52
267 -> 267
156 -> 161
154 -> 154
177 -> 342
296 -> 296
326 -> 327
113 -> 342
59 -> 60
84 -> 85
124 -> 124
58 -> 60
184 -> 189
7 -> 7
150 -> 151
35 -> 39
20 -> 20
250 -> 250
220 -> 220
283 -> 286
185 -> 189
78 -> 78
44 -> 44
199 -> 199
197 -> 197
89 -> 90
335 -> 335
346 -> 346
13 -> 19
4 -> 4
292 -> 294
103 -> 103
102 -> 103
265 -> 265
98 -> 98
63 -> 63
205 -> 205
0 -> 4
315 -> 317
210 -> 210
291 -> 294
108 -> 108
204 -> 204
28 -> 28
30 -> 30
308 -> 310
276 -> 278
203 -> 204
305 -> 307
163 -> 342
262 -> 262
93 -> 93
131 -> 131
336 -> 336
229 -> 229
222 -> 222
224 -> 224
166 -> 166
176 -> 176
215 -> 216
17 -> 19
104 -> 104
162 -> 162
259 -> 259
179 -> 179
246 -> 246
340 -> 340
348 -> 348
141 -> 141
151 -> 151
237 -> 342
139 -> 342
145 -> 147
196 -> 196
353 -> 353
228 -> 228
320 -> 320
288 -> 294
8 -> 8
19 -> 19
120 -> 342
299 -> 299
88 -> 88
240 -> 240
272 -> 278
45 -> 45
91 -> 91
133 -> 133
1 -> 4
306 -> 307
47 -> 47
248 -> 248
165 -> 165
66 -> 66
48 -> 48
321 -> 321
263 -> 263
351 -> 351
295 -> 295
39 -> 39
195 -> 195
341 -> 342
352 -> 352
57 -> 57
318 -> 318
23 -> 24
6 -> 6
319 -> 320
146 -> 147
61 -> 62
183 -> 183
73 -> 73
238 -> 239
264 -> 264
180 -> 180
307 -> 307
344 -> 346
25 -> 25
37 -> 39
117 -> 117
287 -> 294
256 -> 342
170 -> 175
140 -> 141
261 -> 261
129 -> 130
286 -> 286
149 -> 342
280 -> 286
52 -> 52
313 -> 314
99 -> 99
11 -> 12
309 -> 310
46 -> 46
16 -> 19
69 -> 70
273 -> 278
294 -> 294
33 -> 39
275 -> 278
260 -> 260
327 -> 327
76 -> 77
2 -> 4
148 -> 148
323 -> 323
300 -> 300
213 -> 213
174 -> 175
232 -> 232
316 -> 317
231 -> 231
168 -> 168
253 -> 253
257 -> 259
135 -> 135
5 -> 5
94 -> 94
270 -> 270
54 -> 54
155 -> 155
125 -> 125
160 -> 161
109 -> 110
111 -> 111
278 -> 278
206 -> 206
282 -> 286
182 -> 182
41 -> 41
312 -> 314
251 -> 252
80 -> 80
79 -> 79
230 -> 230
60 -> 60
128 -> 342
87 -> 87
105 -> 105
116 -> 116
138 -> 138
311 -> 311
200 -> 200
290 -> 294
212 -> 212
293 -> 294
32 -> 39
122 -> 122
333 -> 333
173 -> 175
198 -> 198
325 -> 325
279 -> 286
194 -> 194
106 -> 106
157 -> 161
40 -> 40
115 -> 115
114 -> 115
55 -> 55
169 -> 169
252 -> 252
245 -> 245
186 -> 189
241 -> 241
193 -> 194
266 -> 266
345 -> 346
234 -> 234
143 -> 147
136 -> 137
209 -> 210
158 -> 161
207 -> 207
189 -> 189
243 -> 243
201 -> 201
34 -> 39
314 -> 314
216 -> 216
132 -> 132
191 -> 342
49 -> 49
14 -> 19
74 -> 74
269 -> 270
339 -> 339
187 -> 189
29 -> 29
161 -> 161
277 -> 278
71 -> 71
100 -> 342
329 -> 329
142 -> 147
64 -> 64
302 -> 304
226 -> 226
81 -> 81
144 -> 147
247 -> 247
24 -> 24
331 -> 332
255 -> 255
36 -> 39
249 -> 249
227 -> 228
218 -> 218
68 -> 68
147 -> 147
225 -> 225
310 -> 310
153 -> 153
172 -> 175
211 -> 211
223 -> 223
297 -> 297
67 -> 67
337 -> 338
354 -> 354
38 -> 39
214 -> 214
43 -> 43
303 -> 304
85 -> 85
10 -> 12
304 -> 304
322 -> 323
281 -> 286
236 -> 236
51 -> 52
9 -> 9
56 -> 56
332 -> 332
192 -> 194
112 -> 342
175 -> 175
127 -> 342
239 -> 239
101 -> 342
3 -> 4
42 -> 42
217 -> 217
22 -> 342
134 -> 134
268 -> 270
349 -> 349
167 -> 167
77 -> 77
90 -> 90
334 -> 334
95 -> 95
70 -> 70
289 -> 294
342 -> 342
123 -> 123
202 -> 202
152 -> 152
242 -> 242
301 -> 301
18 -> 19
107 -> 107
324 -> 324
254 -> 254
86 -> 86
27 -> 27
188 -> 189
92 -> 92
97 -> 98
53 -> 53
271 -> 278
178 -> 179
181 -> 181
328 -> 328
343 -> 343
72 -> 73
82 -> 82
347 -> 347
338 -> 338
26 -> 26
171 -> 175
130 -> 130
121 -> 122
330 -> 332
21 -> 21
244 -> 244
159 -> 161
233 -> 234
350 -> 350
118 -> 118
83 -> 342
31 -> 31
219 -> 219
235 -> 235
