245 -> 245
353 -> 353
286 -> 286
296 -> 296
200 -> 200
312 -> 314
104 -> 104
331 -> 332
303 -> 304
304 -> 304
27 -> 27
298 -> 298
5 -> 5
272 -> 278
229 -> 229
273 -> 278
238 -> 239
111 -> 111
248 -> 248
118 -> 118
246 -> 246
334 -> 334
252 -> 252
341 -> 342
339 -> 339
318 -> 318
81 -> 81
114 -> 115
57 -> 57
319 -> 320
0 -> 4
299 -> 299
230 -> 230
60 -> 60
44 -> 44
274 -> 278
289 -> 294
297 -> 297
186 -> 189
163 -> 342
70 -> 70
47 -> 47
233 -> 234
150 -> 151
189 -> 189
326 -> 327
280 -> 286
84 -> 85
4 -> 4
234 -> 234
223 -> 223
128 -> 342
194 -> 194
38 -> 39
261 -> 261
49 -> 49
178 -> 179
330 -> 332
306 -> 307
188 -> 189
284 -> 286
115 -> 115
145 -> 147
292 -> 294
226 -> 226
249 -> 249
42 -> 42
241 -> 241
154 -> 154
93 -> 93
158 -> 161
205 -> 205
129 -> 130
26 -> 26
22 -> 342
196 -> 196
240 -> 240
247 -> 247
317 -> 317
268 -> 270
125 -> 125
344 -> 346
279 -> 286
142 -> 147
78 -> 78
329 -> 329
39 -> 39
310 -> 310
156 -> 161
71 -> 71
41 -> 41
180 -> 180
10 -> 12
325 -> 325
102 -> 103
12 -> 12
99 -> 99
225 -> 225
294 -> 294
97 -> 98
198 -> 198
191 -> 342
308 -> 310
309 -> 310
349 -> 349
202 -> 202
255 -> 255
73 -> 73
173 -> 175
174 -> 175
131 -> 131
76 -> 77
217 -> 217
13 -> 19
281 -> 286
177 -> 342
68 -> 68
140 -> 141
19 -> 19
147 -> 147
98 -> 98
67 -> 67
250 -> 250
89 -> 90
313 -> 314
167 -> 167
91 -> 91
278 -> 278
293 -> 294
256 -> 342
218 -> 218
36 -> 39
258 -> 259
77 -> 77
130 -> 130
192 -> 194
34 -> 39
54 -> 54
253 -> 253
190 -> 190
48 -> 48
327 -> 327
169 -> 169
24 -> 24
132 -> 132
31 -> 31
61 -> 62
50 -> 52
30 -> 30
295 -> 295
211 -> 211
66 -> 66
207 -> 207
136 -> 137
165 -> 165
300 -> 300
8 -> 8
275 -> 278
203 -> 204
133 -> 133
43 -> 43
53 -> 53
251 -> 252
345 -> 346
105 -> 105
271 -> 278
276 -> 278
40 -> 40
75 -> 342
244 -> 244
109 -> 110
37 -> 39
257 -> 259
322 -> 323
214 -> 214
141 -> 141
85 -> 85
25 -> 25
