8 -> 8
68 -> 68
313 -> 314
49 -> 49
189 -> 189
241 -> 241
102 -> 103
255 -> 255
295 -> 295
131 -> 131
34 -> 39
253 -> 253
150 -> 151
67 -> 67
268 -> 270
178 -> 179
26 -> 26
19 -> 19
327 -> 327
37 -> 39
196 -> 196
12 -> 12
130 -> 130
133 -> 133
330 -> 332
280 -> 286
190 -> 190
275 -> 278
141 -> 141
54 -> 54
38 -> 39
344 -> 346
98 -> 98
5 -> 5
91 -> 91
39 -> 39
76 -> 77
25 -> 25
192 -> 194
191 -> 342
128 -> 342
247 -> 247
233 -> 234
326 -> 327
93 -> 93
286 -> 286
147 -> 147
296 -> 296
218 -> 218
36 -> 39
105 -> 105
85 -> 85
312 -> 314
173 -> 175
230 -> 230
61 -> 62
293 -> 294
349 -> 349
217 -> 217
200 -> 200
81 -> 81
174 -> 175
66 -> 66
339 -> 339
252 -> 252
281 -> 286
292 -> 294
104 -> 104
115 -> 115
89 -> 90
44 -> 44
341 -> 342
53 -> 53
163 -> 342
294 -> 294
322 -> 323
271 -> 278
118 -> 118
261 -> 261
298 -> 298
317 -> 317
40 -> 40
73 -> 73
257 -> 259
334 -> 334
158 -> 161
154 -> 154
194 -> 194
276 -> 278
50 -> 52
156 -> 161
319 -> 320
165 -> 165
256 -> 342
274 -> 278
27 -> 27
142 -> 147
234 -> 234
41 -> 41
13 -> 19
225 -> 225
10 -> 12
238 -> 239
47 -> 47
188 -> 189
250 -> 250
77 -> 77
4 -> 4
43 -> 43
240 -> 240
284 -> 286
198 -> 198
145 -> 147
177 -> 342
300 -> 300
331 -> 332
229 -> 229
299 -> 299
48 -> 48
180 -> 180
329 -> 329
71 -> 71
111 -> 111
297 -> 297
249 -> 249
140 -> 141
248 -> 248
211 -> 211
114 -> 115
207 -> 207
186 -> 189
109 -> 110
31 -> 31
258 -> 259
167 -> 167
132 -> 132
75 -> 342
246 -> 246
304 -> 304
245 -> 245
57 -> 57
97 -> 98
205 -> 205
272 -> 278
84 -> 85
0 -> 4
303 -> 304
70 -> 70
310 -> 310
318 -> 318
309 -> 310
42 -> 42
353 -> 353
30 -> 30
306 -> 307
244 -> 244
214 -> 214
169 -> 169
223 -> 223
278 -> 278
99 -> 99
226 -> 226
78 -> 78
129 -> 130
24 -> 24
136 -> 137
203 -> 204
308 -> 310
251 -> 252
325 -> 325
202 -> 202
60 -> 60
22 -> 342
125 -> 125
289 -> 294
345 -> 346
273 -> 278
279 -> 286
