request breakpoint   0 at line  16
                   set at line  26
request breakpoint   1 at line  38
                   set at line  39
request breakpoint   2 at line  44
                   set at line  46
request breakpoint   3 at line  50
                   set at line  50
request breakpoint   4 at line  51
                   set at line  51
request breakpoint   5 at line  69
                   set at line  69
request breakpoint   6 at line  72
                   set at line  76
paused at line  26
	because of breakpoints [0]
action: stepIn
paused at line  27
action: stepIn
paused at line  28
action: stepIn
paused at line  49
action: stepIn
paused at line  50
action: stepIn
paused at line  51
action: stepIn
paused at line  54
action: stepIn
paused at line  52
action: stepIn
paused at line  51
action: stepIn
paused at line  54
action: stepIn
paused at line  52
action: stepIn
paused at line  51
action: stepIn
paused at line  54
action: stepIn
paused at line  52
action: stepIn
paused at line  51
action: stepIn
paused at line  54
action: stepIn
paused at line  52
action: stepIn
paused at line  51
action: stepIn
paused at line  54
action: stepIn
paused at line  52
action: stepIn
paused at line  51
action: stepIn
paused at line  54
action: stepIn
paused at line  52
action: stepIn
paused at line  51
action: stepIn
paused at line  54
action: stepIn
paused at line  52
action: stepIn
paused at line  51
action: stepIn
paused at line  54
action: stepIn
paused at line  52
action: stepIn
paused at line  51
action: stepIn
paused at line  54
action: stepIn
paused at line  52
action: stepIn
paused at line  51
action: stepIn
paused at line  54
action: stepIn
paused at line  52
action: stepIn
paused at line  51
action: stepIn
paused at line  54
action: stepIn
paused at line  52
action: stepIn
paused at line  51
action: stepIn
paused at line  54
action: stepIn
done with actions
