request breakpoint   0 at line   3
                   set at line   3
request breakpoint   1 at line   6
                   set at line   6
request breakpoint   2 at line  47
                   set at line  47
request breakpoint   3 at line  43
                   set at line  43
request breakpoint   4 at line  36
                   set at line  36
request breakpoint   5 at line  18
                   set at line  18
request breakpoint   6 at line  53
                   set at line  53
request breakpoint   7 at line  31
                   set at line  31
request breakpoint   8 at line  34
                   set at line  34
request breakpoint   9 at line  16
                   set at line  16
request breakpoint  10 at line  57
                   set at line  57
paused at line  26
	because of breakpoints [0]
action: stepIn
paused at line  27
action: stepIn
paused at line  28
action: stepOver
paused at line  31
action: stepOver
paused at line  38
action: resume
paused at line  38
	because of breakpoints [8]
action: stepIn
paused at line  53
action: stepOver
paused at line  54
action: stepOver
paused at line  53
action: resume
paused at line  53
	because of breakpoints [6]
action: stepIn
paused at line  54
action: stepOver
paused at line  53
action: stepIn
paused at line  54
action: stepOut
paused at line  53
	because of breakpoints [6]
action: resume
paused at line  53
	because of breakpoints [6]
action: resume
paused at line  53
	because of breakpoints [6]
action: resume
paused at line  53
	because of breakpoints [6]
action: resume
paused at line  53
	because of breakpoints [6]
action: resume
paused at line  53
	because of breakpoints [6]
action: stepIn
paused at line  54
action: stepIn
paused at line  53
action: stepOver
paused at line  54
action: stepIn
paused at line  53
action: resume
paused at line  53
	because of breakpoints [6]
action: stepOut
paused at line  53
	because of breakpoints [6]
action: stepIn
paused at line  54
action: stepOut
paused at line  53
	because of breakpoints [6]
action: stepOut
paused at line  53
	because of breakpoints [6]
action: stepIn
paused at line  54
action: resume
paused at line  53
	because of breakpoints [6]
action: resume
paused at line  53
	because of breakpoints [6]
action: stepIn
