request breakpoint   0 at line  20
                   set at line  31
request breakpoint   1 at line  44
                   set at line  44
request breakpoint   2 at line 272
                   set at line 272
request breakpoint   3 at line 244
                   set at line 244
request breakpoint   4 at line 416
                   set at line 417
request breakpoint   5 at line 121
                   set at line 121
request breakpoint   6 at line 308
                   set at line 308
request breakpoint   7 at line 296
                   set at line 296
request breakpoint   8 at line 390
                   set at line 390
request breakpoint   9 at line  81
                   set at line  81
request breakpoint  10 at line 325
                   set at line 325
request breakpoint  11 at line  57
                   set at line  57
request breakpoint  12 at line 183
                   set at line 183
request breakpoint  13 at line 350
                   set at line 350
request breakpoint  14 at line 420
                   set at line 443
request breakpoint  15 at line 440
                   set at line 443
request breakpoint  15 at line 393
                   set at line 393
request breakpoint  16 at line 429
                   set at line 443
request breakpoint  16 at line  28
                   set at line  31
request breakpoint  16 at line  14
                   set at line  31
request breakpoint  16 at line 289
                   set at line 289
request breakpoint  17 at line  94
                   set at line  94
request breakpoint  18 at line 402
                   set at line 402
request breakpoint  19 at line 204
                   set at line 204
request breakpoint  20 at line  31
                   set at line  35
request breakpoint  20 at line 199
                   set at line 199
request breakpoint  21 at line 194
                   set at line 194
request breakpoint  22 at line 103
                   set at line 104
request breakpoint  23 at line 357
                   set at line 357
request breakpoint  24 at line 386
                   set at line 386
request breakpoint  25 at line 135
                   set at line 135
request breakpoint  26 at line 362
                   set at line 362
request breakpoint  27 at line 311
                   set at line 311
request breakpoint  28 at line 323
                   set at line 323
request breakpoint  29 at line 251
                   set at line 251
request breakpoint  30 at line 193
                   set at line 193
request breakpoint  31 at line 431
                   set at line 443
request breakpoint  31 at line 347
                   set at line 347
request breakpoint  32 at line 130
                   set at line 130
request breakpoint  33 at line 405
                   set at line 405
request breakpoint  34 at line 328
                   set at line 328
request breakpoint  35 at line 397
                   set at line 397
request breakpoint  36 at line 100
                   set at line 100
request breakpoint  37 at line  72
                   set at line  72
request breakpoint  38 at line 264
                   set at line 265
request breakpoint  39 at line 371
                   set at line 372
request breakpoint  40 at line 117
                   set at line 117
request breakpoint  41 at line 303
                   set at line 303
request breakpoint  42 at line 305
                   set at line 306
request breakpoint  43 at line 349
                   set at line 350
request breakpoint  43 at line 209
                   set at line 209
request breakpoint  44 at line 153
                   set at line 153
request breakpoint  45 at line   8
                   set at line  31
request breakpoint  46 at line 132
                   set at line 132
request breakpoint  47 at line 372
                   set at line 374
request breakpoint  47 at line 128
                   set at line 130
request breakpoint  47 at line  15
                   set at line  31
request breakpoint  47 at line 263
                   set at line 265
request breakpoint  47 at line 348
                   set at line 348
request breakpoint  48 at line 275
                   set at line 275
request breakpoint  49 at line 241
                   set at line 241
request breakpoint  50 at line 330
                   set at line 332
request breakpoint  51 at line 237
                   set at line 237
request breakpoint  52 at line 417
                   set at line 446
request breakpoint  52 at line 273
                   set at line 273
request breakpoint  53 at line  65
                   set at line  65
request breakpoint  54 at line  13
                   set at line  31
request breakpoint  54 at line  61
                   set at line  61
request breakpoint  55 at line 116
                   set at line 116
request breakpoint  56 at line 409
                   set at line 410
request breakpoint  57 at line 207
                   set at line 207
request breakpoint  58 at line 434
                   set at line 443
request breakpoint  58 at line 167
                   set at line 167
request breakpoint  59 at line 182
                   set at line 182
request breakpoint  60 at line 413
                   set at line 413
request breakpoint  61 at line  99
                   set at line  99
request breakpoint  62 at line  92
                   set at line  92
request breakpoint  63 at line  36
                   set at line  36
request breakpoint  64 at line  25
                   set at line  31
paused at line 308
	because of breakpoints [6]
action: stepIn
paused at line 446
action: stepIn
paused at line 318
action: stepOver
paused at line 319
action: stepOver
paused at line 320
action: resume
paused at line  31
	because of breakpoints [64]
action: stepIn
paused at line  32
action: stepOver
paused at line  32
action: stepOver
paused at line 321
action: resume
paused at line  31
	because of breakpoints [64]
action: stepIn
paused at line  32
action: stepOver
paused at line  32
action: stepIn
paused at line 322
action: stepOut
paused at line 323
	because of breakpoints [28]
action: resume
paused at line  31
	because of breakpoints [64]
action: resume
paused at line  31
	because of breakpoints [64]
action: resume
paused at line 325
	because of breakpoints [10]
action: resume
paused at line  31
	because of breakpoints [64]
action: resume
paused at line  31
	because of breakpoints [64]
action: stepIn
paused at line  32
action: stepIn
paused at line  32
action: stepOver
paused at line 326
action: stepIn
paused at line 327
action: resume
paused at line  31
	because of breakpoints [64]
action: stepOut
paused at line  32
action: stepIn
paused at line 327
action: stepOut
paused at line 328
	because of breakpoints [34]
action: stepOut
paused at line  31
	because of breakpoints [64]
action: stepIn
paused at line  32
action: resume
paused at line 332
	because of breakpoints [50]
action: resume
paused at line 130
	because of breakpoints [47]
action: stepIn
paused at line  76
action: resume
paused at line 132
	because of breakpoints [46]
action: stepOver
paused at line  92
	because of breakpoints [62]
action: stepOver
paused at line  93
action: stepOver
paused at line  94
action: stepOut
paused at line  94
	because of breakpoints [17]
action: resume
paused at line  99
	because of breakpoints [61]
action: stepOver
paused at line 100
action: stepIn
paused at line 101
action: resume
paused at line 153
	because of breakpoints [44]
action: stepOver
paused at line 154
action: resume
paused at line 130
	because of breakpoints [47]
action: stepIn
paused at line  76
action: stepIn
paused at line  77
action: stepOver
paused at line  77
action: resume
paused at line 132
	because of breakpoints [46]
action: stepIn
paused at line  92
action: stepOver
paused at line  93
action: stepOver
paused at line  94
action: stepOver
paused at line  96
action: stepOut
paused at line  96
action: stepIn
paused at line 132
action: stepOut
paused at line  99
	because of breakpoints [61]
action: stepIn
paused at line  39
action: resume
paused at line 100
	because of breakpoints [36]
action: stepIn
paused at line 101
action: stepOver
paused at line 101
action: stepOut
paused at line 153
	because of breakpoints [44]
action: stepOver
paused at line 154
action: stepOver
paused at line 155
action: stepOut
paused at line 162
action: stepOver
paused at line 335
action: stepOut
paused at line 130
	because of breakpoints [47]
action: resume
paused at line 132
	because of breakpoints [46]
action: stepOver
paused at line  92
	because of breakpoints [62]
action: stepIn
paused at line  93
action: resume
paused at line  94
	because of breakpoints [17]
action: stepOut
paused at line  96
action: stepIn
paused at line 132
action: resume
paused at line  99
	because of breakpoints [61]
action: stepOut
paused at line 100
	because of breakpoints [36]
action: resume
paused at line 153
	because of breakpoints [44]
action: stepIn
paused at line  84
action: stepOut
paused at line  85
action: resume
paused at line 130
	because of breakpoints [47]
action: stepIn
paused at line  76
action: resume
paused at line 132
	because of breakpoints [46]
action: resume
paused at line  92
	because of breakpoints [62]
action: stepOver
paused at line  93
action: stepOver
paused at line  94
action: stepOut
paused at line  94
	because of breakpoints [17]
action: stepOver
paused at line  96
action: stepIn
paused at line  96
action: stepOver
paused at line 132
action: resume
paused at line  99
	because of breakpoints [61]
action: resume
paused at line 100
	because of breakpoints [36]
action: stepOut
paused at line 101
action: stepOver
paused at line 150
action: resume
paused at line 153
	because of breakpoints [44]
action: stepIn
paused at line  84
action: stepOut
paused at line  85
action: stepOut
paused at line 154
action: stepOut
paused at line 162
action: stepIn
paused at line 338
action: stepOut
paused at line 130
	because of breakpoints [47]
action: stepIn
paused at line  76
action: stepOver
paused at line  77
action: stepOver
paused at line  77
action: stepOver
paused at line 130
action: resume
paused at line 132
	because of breakpoints [46]
action: stepIn
paused at line  92
action: stepOut
paused at line  92
	because of breakpoints [62]
action: resume
paused at line  94
	because of breakpoints [17]
action: resume
paused at line 135
	because of breakpoints [25]
action: stepOver
paused at line 143
action: stepOver
paused at line 144
action: stepOut
paused at line  99
	because of breakpoints [61]
action: stepOut
paused at line 100
	because of breakpoints [36]
action: stepIn
paused at line 101
action: resume
paused at line 153
	because of breakpoints [44]
action: resume
paused at line 130
	because of breakpoints [47]
action: stepIn
paused at line  76
action: stepOver
paused at line  77
action: stepIn
paused at line  77
action: resume
paused at line 132
	because of breakpoints [46]
action: stepOver
paused at line  92
	because of breakpoints [62]
action: stepOut
paused at line  94
	because of breakpoints [17]
action: stepOut
paused at line  96
action: stepOver
paused at line 132
action: stepIn
paused at line 133
action: stepIn
paused at line 134
action: stepOver
paused at line 135
action: resume
paused at line 135
	because of breakpoints [25]
action: stepOver
paused at line 143
action: stepOut
paused at line  99
	because of breakpoints [61]
action: stepIn
paused at line  39
action: stepOut
paused at line  40
action: stepOut
paused at line 100
action: resume
paused at line 100
	because of breakpoints [36]
action: stepOver
paused at line 101
action: stepOver
paused at line 101
action: stepOver
paused at line 150
action: stepIn
paused at line 151
action: stepOut
paused at line 153
	because of breakpoints [44]
action: stepOver
paused at line 154
action: stepIn
paused at line 155
action: stepOver
paused at line 156
action: resume
paused at line 347
	because of breakpoints [31]
action: stepIn
paused at line 130
action: stepOver
paused at line 131
action: resume
paused at line 132
	because of breakpoints [46]
action: stepOver
paused at line  92
	because of breakpoints [62]
action: stepOver
paused at line  93
action: stepOver
paused at line  94
action: resume
paused at line  94
	because of breakpoints [17]
action: stepOver
paused at line  96
action: stepOver
paused at line  96
action: stepIn
paused at line 132
action: resume
paused at line 135
	because of breakpoints [25]
action: stepOver
paused at line 143
action: stepOver
paused at line 144
action: resume
paused at line  99
	because of breakpoints [61]
action: resume
paused at line 100
	because of breakpoints [36]
action: stepOver
paused at line 101
action: stepIn
paused at line 101
action: stepIn
paused at line 150
action: stepOver
paused at line 151
action: stepOver
paused at line 152
action: stepOver
paused at line 153
action: stepOver
paused at line 154
action: stepOut
paused at line 162
action: stepOver
paused at line 347
action: stepOver
paused at line 348
action: resume
paused at line 348
	because of breakpoints [47]
action: resume
paused at line 130
	because of breakpoints [47]
action: stepOver
paused at line 131
action: resume
paused at line 132
	because of breakpoints [46]
action: stepIn
paused at line  92
action: stepOver
paused at line  93
action: stepOut
paused at line  94
	because of breakpoints [17]
action: stepIn
paused at line  96
action: stepOut
paused at line  96
action: stepOver
paused at line 132
action: stepOver
paused at line 133
action: stepOver
paused at line 134
action: stepOut
paused at line 135
	because of breakpoints [25]
action: stepOut
paused at line  99
	because of breakpoints [61]
action: stepOver
paused at line 100
action: stepOver
paused at line 101
action: stepOut
paused at line 101
action: resume
paused at line 153
	because of breakpoints [44]
action: stepOver
paused at line 154
action: resume
paused at line 350
	because of breakpoints [43]
action: resume
paused at line 130
	because of breakpoints [47]
action: stepOver
paused at line 131
action: resume
paused at line 132
	because of breakpoints [46]
action: stepOut
paused at line  92
	because of breakpoints [62]
action: stepOver
paused at line  93
action: resume
paused at line  94
	because of breakpoints [17]
action: stepIn
paused at line  96
action: stepIn
paused at line  96
action: stepOver
paused at line 132
action: stepOver
paused at line 133
action: stepOut
paused at line  99
	because of breakpoints [61]
action: stepIn
paused at line  39
action: stepOut
paused at line  40
action: stepIn
paused at line  99
action: stepIn
paused at line 100
action: resume
paused at line 100
	because of breakpoints [36]
action: stepOver
paused at line 101
action: stepOut
paused at line 101
action: resume
paused at line 153
	because of breakpoints [44]
action: stepOut
paused at line 162
action: stepIn
paused at line 350
action: stepOut
paused at line 130
	because of breakpoints [47]
action: stepOver
paused at line 131
action: stepOver
paused at line 132
action: stepOver
paused at line  92
	because of breakpoints [62]
action: resume
paused at line  94
	because of breakpoints [17]
action: stepOut
paused at line  96
action: resume
paused at line  99
	because of breakpoints [61]
action: stepOver
paused at line 100
action: stepOver
paused at line 101
action: resume
paused at line 153
	because of breakpoints [44]
action: stepOut
paused at line 162
action: stepIn
paused at line 351
action: stepIn
paused at line 353
action: stepOver
paused at line 130
	because of breakpoints [47]
action: stepOut
paused at line 132
	because of breakpoints [46]
action: stepIn
paused at line  92
action: stepOver
paused at line  93
action: stepOut
paused at line  94
	because of breakpoints [17]
action: stepIn
paused at line  96
action: stepIn
