request breakpoint   0 at line   7
                   set at line   7
request breakpoint   1 at line  16
                   set at line  16
request breakpoint   2 at line 101
                   set at line 101
request breakpoint   3 at line  90
                   set at line  90
request breakpoint   4 at line 160
                   set at line 161
request breakpoint   5 at line  45
                   set at line  45
request breakpoint   6 at line 117
                   set at line 120
request breakpoint   7 at line 112
                   set at line 112
request breakpoint   8 at line 150
                   set at line 151
request breakpoint   9 at line  34
                   set at line  34
request breakpoint  10 at line 124
                   set at line 124
request breakpoint  11 at line  28
                   set at line  28
request breakpoint  12 at line  71
                   set at line  72
request breakpoint  13 at line 134
                   set at line 134
request breakpoint  14 at line 163
                   set at line 163
request breakpoint  15 at line 171
                   set at line 171
request breakpoint  16 at line 152
                   set at line 152
request breakpoint  17 at line 166
                   set at line 167
request breakpoint  18 at line  23
                   set at line  23
request breakpoint  19 at line  41
                   set at line  41
request breakpoint  20 at line 114
                   set at line 114
request breakpoint  21 at line   1
                   set at line   5
request breakpoint  22 at line 157
                   set at line 157
request breakpoint  23 at line  84
                   set at line  84
request breakpoint  24 at line  29
                   set at line  29
request breakpoint  25 at line  14
                   set at line  14
request breakpoint  26 at line  83
                   set at line  83
request breakpoint  27 at line  52
                   set at line  52
request breakpoint  28 at line 141
                   set at line 141
paused at line   5
	because of breakpoints [21]
action: stepIn
paused at line   6
action: stepIn
paused at line   7
action: stepOver
paused at line 154
action: stepOver
paused at line 171
action: resume
paused at line 171
	because of breakpoints [15]
action: stepIn
paused at line  19
action: stepOver
paused at line  95
action: stepOver
paused at line 128
action: resume
paused at line 157
	because of breakpoints [22]
action: stepIn
paused at line 158
action: stepOver
paused at line 159
action: stepIn
paused at line  75
action: stepOut
paused at line  14
	because of breakpoints [25]
action: resume
paused at line  16
	because of breakpoints [1]
action: resume
paused at line  28
	because of breakpoints [11]
action: resume
paused at line  29
	because of breakpoints [24]
action: resume
paused at line  34
	because of breakpoints [9]
action: resume
paused at line  14
	because of breakpoints [25]
action: stepIn
paused at line  15
action: stepIn
paused at line  16
action: stepOver
paused at line  17
action: stepIn
paused at line  17
action: resume
paused at line  41
	because of breakpoints [19]
action: stepOut
paused at line  45
	because of breakpoints [5]
action: stepIn
paused at line  46
action: stepOut
paused at line  14
	because of breakpoints [25]
action: stepOut
paused at line  16
	because of breakpoints [1]
action: stepIn
paused at line  17
action: resume
paused at line  52
	because of breakpoints [27]
action: resume
paused at line  14
	because of breakpoints [25]
action: stepIn
paused at line  15
action: resume
paused at line  16
	because of breakpoints [1]
action: stepOver
paused at line  17
action: stepOver
paused at line  17
action: stepOver
paused at line  60
action: stepOut
paused at line  60
action: resume
paused at line  14
	because of breakpoints [25]
action: stepOver
paused at line  15
action: stepIn
paused at line  16
action: resume
paused at line  16
	because of breakpoints [1]
action: stepOver
paused at line  17
action: resume
paused at line  72
	because of breakpoints [12]
action: stepIn
paused at line  72
action: stepIn
paused at line 158
action: stepOver
paused at line  83
	because of breakpoints [26]
action: resume
paused at line  84
	because of breakpoints [23]
action: stepIn
paused at line  85
action: stepOver
paused at line  86
action: stepOver
paused at line  87
action: stepOver
paused at line  88
action: stepOut
paused at line  90
	because of breakpoints [3]
action: stepIn
paused at line  85
action: stepOut
paused at line  90
	because of breakpoints [3]
action: stepIn
paused at line  85
action: resume
paused at line  90
	because of breakpoints [3]
action: stepIn
paused at line  85
action: stepOver
paused at line  86
action: stepOut
paused at line  90
	because of breakpoints [3]
action: stepOver
paused at line  85
action: stepOver
paused at line  86
action: stepOut
paused at line  90
	because of breakpoints [3]
action: stepOver
paused at line  85
action: stepOut
paused at line  23
	because of breakpoints [18]
action: resume
paused at line 161
	because of breakpoints [4]
action: stepOver
paused at line 163
action: stepIn
paused at line 130
action: resume
paused at line 134
	because of breakpoints [13]
action: stepOut
paused at line 141
	because of breakpoints [28]
action: stepIn
paused at line 142
action: resume
paused at line 141
	because of breakpoints [28]
action: stepOut
paused at line 141
	because of breakpoints [28]
action: resume
paused at line 141
	because of breakpoints [28]
action: stepIn
paused at line 142
action: stepOut
paused at line 141
	because of breakpoints [28]
action: resume
paused at line 134
	because of breakpoints [13]
action: stepIn
paused at line 136
action: resume
paused at line 141
	because of breakpoints [28]
action: resume
paused at line 141
	because of breakpoints [28]
action: stepOver
paused at line 142
action: stepOver
paused at line 143
action: stepOut
paused at line 141
	because of breakpoints [28]
action: stepOver
paused at line 142
action: stepIn
paused at line 143
action: stepOver
paused at line 144
action: resume
paused at line 141
	because of breakpoints [28]
action: resume
