request breakpoint   0 at line   5
                   set at line   9
request breakpoint   1 at line   9
                   set at line  14
request breakpoint   1 at line  33
                   set at line  33
request breakpoint   2 at line   1
                   set at line   1
request breakpoint   3 at line  51
                   set at line  53
request breakpoint   4 at line  21
                   set at line  21
request breakpoint   5 at line  40
                   set at line  40
request breakpoint   6 at line  39
                   set at line  39
paused at line   1
	because of breakpoints [2]
action: stepIn
paused at line   3
action: stepIn
paused at line  14
action: stepOver
paused at line  32
action: stepOver
paused at line  33
action: resume
paused at line  33
	because of breakpoints [1]
action: stepIn
paused at line  34
action: stepOver
paused at line  35
action: stepOver
paused at line  37
action: resume
paused at line  21
	because of breakpoints [4]
action: stepIn
paused at line  22
action: stepOver
paused at line  21
	because of breakpoints [4]
action: stepIn
paused at line  22
action: stepOut
paused at line  21
	because of breakpoints [4]
action: resume
paused at line  21
	because of breakpoints [4]
action: resume
paused at line  21
	because of breakpoints [4]
action: resume
paused at line  21
	because of breakpoints [4]
action: resume
paused at line  21
	because of breakpoints [4]
action: resume
paused at line  21
	because of breakpoints [4]
action: stepIn
paused at line   9
action: stepIn
paused at line  10
action: stepOver
paused at line  11
action: stepIn
paused at line  12
action: resume
paused at line  21
	because of breakpoints [4]
action: stepOut
paused at line  21
	because of breakpoints [4]
action: stepIn
paused at line   9
action: stepOut
paused at line  12
action: stepOut
