request breakpoint   0 at line   7
                   set at line   7
request breakpoint   1 at line  20
                   set at line  20
request breakpoint   2 at line 105
                   set at line 105
request breakpoint   3 at line  94
                   set at line  94
request breakpoint   4 at line 162
                   set at line 163
request breakpoint   5 at line  49
                   set at line  49
request breakpoint   6 at line 121
                   set at line 124
request breakpoint   7 at line 116
                   set at line 116
request breakpoint   8 at line 154
                   set at line 155
request breakpoint   9 at line  38
                   set at line  38
request breakpoint  10 at line 128
                   set at line 128
request breakpoint  11 at line  32
                   set at line  32
request breakpoint  12 at line  75
                   set at line  76
request breakpoint  13 at line 138
                   set at line 138
request breakpoint  14 at line 165
                   set at line 165
request breakpoint  15 at line  11
                   set at line  11
request breakpoint  16 at line 156
                   set at line 156
request breakpoint  17 at line 168
                   set at line 169
request breakpoint  18 at line  27
                   set at line  27
request breakpoint  19 at line  45
                   set at line  45
request breakpoint  20 at line 118
                   set at line 118
request breakpoint  21 at line   1
                   set at line   5
request breakpoint  22 at line 159
                   set at line 159
request breakpoint  23 at line  88
                   set at line  88
request breakpoint  24 at line  33
                   set at line  33
request breakpoint  25 at line  18
                   set at line  18
request breakpoint  26 at line  87
                   set at line  87
request breakpoint  27 at line  56
                   set at line  56
request breakpoint  28 at line 145
                   set at line 145
paused at line   5
	because of breakpoints [21]
action: stepIn
paused at line   6
action: stepIn
paused at line   7
action: stepOver
paused at line   9
action: stepOver
paused at line  11
action: resume
paused at line  11
	because of breakpoints [15]
action: stepIn
paused at line  23
action: stepOver
paused at line  99
action: stepOver
paused at line 132
action: resume
paused at line 159
	because of breakpoints [22]
action: stepIn
paused at line 160
action: stepOver
paused at line 161
action: stepIn
paused at line  79
action: stepOut
paused at line  18
	because of breakpoints [25]
action: resume
paused at line  20
	because of breakpoints [1]
action: resume
paused at line  32
	because of breakpoints [11]
action: resume
paused at line  33
	because of breakpoints [24]
action: resume
paused at line  38
	because of breakpoints [9]
action: resume
paused at line  18
	because of breakpoints [25]
action: stepIn
paused at line  19
action: stepIn
paused at line  20
action: stepOver
paused at line  21
action: stepIn
paused at line  21
action: resume
paused at line  45
	because of breakpoints [19]
action: stepOut
paused at line  49
	because of breakpoints [5]
action: stepIn
paused at line  50
action: stepOut
paused at line  18
	because of breakpoints [25]
action: stepOut
paused at line  20
	because of breakpoints [1]
action: stepIn
paused at line  21
action: resume
paused at line  56
	because of breakpoints [27]
action: resume
paused at line  18
	because of breakpoints [25]
action: stepIn
paused at line  19
action: resume
paused at line  20
	because of breakpoints [1]
action: stepOver
paused at line  21
action: stepOver
paused at line  21
action: stepOver
paused at line  64
action: stepOut
paused at line  64
action: resume
paused at line  18
	because of breakpoints [25]
action: stepOver
paused at line  19
action: stepIn
paused at line  20
action: resume
paused at line  20
	because of breakpoints [1]
action: stepOver
paused at line  21
action: resume
paused at line  76
	because of breakpoints [12]
action: stepIn
paused at line  76
action: stepIn
paused at line 160
action: stepOver
paused at line  87
	because of breakpoints [26]
action: resume
paused at line  88
	because of breakpoints [23]
action: stepIn
paused at line  89
action: stepOver
paused at line  90
action: stepOver
paused at line  91
action: stepOver
paused at line  92
action: stepOut
paused at line  94
	because of breakpoints [3]
action: stepIn
paused at line  89
action: stepOut
paused at line  94
	because of breakpoints [3]
action: stepIn
paused at line  89
action: resume
paused at line  94
	because of breakpoints [3]
action: stepIn
paused at line  89
action: stepOver
paused at line  90
action: stepOut
paused at line  94
	because of breakpoints [3]
action: stepOver
paused at line  89
action: stepOver
paused at line  90
action: stepOut
paused at line  94
	because of breakpoints [3]
action: stepOver
paused at line  89
action: stepOut
paused at line  27
	because of breakpoints [18]
action: resume
paused at line 163
	because of breakpoints [4]
action: stepOver
paused at line 165
action: stepIn
paused at line 134
action: resume
paused at line 138
	because of breakpoints [13]
action: stepOut
paused at line 145
	because of breakpoints [28]
action: stepIn
paused at line 146
action: resume
paused at line 145
	because of breakpoints [28]
action: stepOut
paused at line 145
	because of breakpoints [28]
action: resume
paused at line 145
	because of breakpoints [28]
action: stepIn
paused at line 146
action: stepOut
paused at line 145
	because of breakpoints [28]
action: resume
paused at line 138
	because of breakpoints [13]
action: stepIn
paused at line 140
action: resume
paused at line 145
	because of breakpoints [28]
action: resume
paused at line 145
	because of breakpoints [28]
action: stepOver
paused at line 146
action: stepOver
paused at line 147
action: stepOut
paused at line 145
	because of breakpoints [28]
action: stepOver
paused at line 146
action: stepIn
paused at line 147
action: stepOver
paused at line 148
action: resume
paused at line 145
	because of breakpoints [28]
action: resume
