request breakpoint   0 at line   7
                   set at line  10
request breakpoint   1 at line  11
                   set at line  11
request breakpoint   2 at line  47
                   set at line  50
request breakpoint   3 at line  44
                   set at line  44
request breakpoint   4 at line   1
                   set at line   1
request breakpoint   5 at line  25
                   set at line  25
request breakpoint   6 at line  53
                   set at line  53
request breakpoint   7 at line  52
                   set at line  52
request breakpoint   8 at line  65
                   set at line  66
request breakpoint   9 at line  24
                   set at line  24
request breakpoint  10 at line  56
                   set at line  56
paused at line   1
	because of breakpoints [4]
action: stepIn
paused at line   2
action: stepIn
paused at line  10
action: stepOver
paused at line  11
action: stepOver
paused at line  12
action: resume
paused at line  24
	because of breakpoints [9]
action: stepIn
paused at line  25
action: stepOver
paused at line  26
action: stepOver
paused at line  29
action: resume
paused at line  50
	because of breakpoints [2]
action: stepIn
paused at line  51
action: stepOver
paused at line  52
action: stepIn
paused at line  53
action: stepOut
paused at line  53
	because of breakpoints [6]
action: resume
paused at line  56
	because of breakpoints [10]
action: resume
paused at line  24
	because of breakpoints [9]
action: resume
paused at line  25
	because of breakpoints [5]
action: resume
paused at line  50
	because of breakpoints [2]
action: resume
paused at line  52
	because of breakpoints [7]
action: stepIn
paused at line  53
action: stepIn
paused at line  54
action: stepOver
paused at line  55
action: stepIn
paused at line  56
action: resume
paused at line  56
	because of breakpoints [10]
action: stepOut
paused at line  50
	because of breakpoints [2]
action: stepIn
paused at line  51
action: stepOut
paused at line  52
	because of breakpoints [7]
action: stepOut
paused at line  53
	because of breakpoints [6]
action: stepIn
paused at line  54
action: resume
paused at line  56
	because of breakpoints [10]
action: resume
paused at line  56
	because of breakpoints [10]
action: stepIn
paused at line  57
action: resume
paused at line  24
	because of breakpoints [9]
action: stepOver
paused at line  25
action: stepOver
