request breakpoint   0 at line   3
                   set at line   3
request breakpoint   1 at line   8
                   set at line  10
request breakpoint   2 at line  26
                   set at line  27
request breakpoint   3 at line  24
                   set at line  27
request breakpoint   3 at line   5
                   set at line   5
request breakpoint   4 at line  17
                   set at line  27
paused at line   3
	because of breakpoints [0]
action: stepIn
paused at line   5
action: stepIn
paused at line  38
action: stepOver
paused at line  10
	because of breakpoints [1]
action: stepOver
paused at line  11
action: resume
paused at line  27
	because of breakpoints [4]
action: stepIn
paused at line  27
action: stepOver
paused at line  34
action: stepOver
paused at line  10
	because of breakpoints [1]
action: resume
paused at line  27
	because of breakpoints [4]
action: stepIn
paused at line  27
action: stepOver
paused at line  34
action: stepIn
paused at line  10
action: stepOut
paused at line  10
	because of breakpoints [1]
action: resume
paused at line  27
	because of breakpoints [4]
action: resume
paused at line  10
	because of breakpoints [1]
action: resume
paused at line  27
	because of breakpoints [4]
action: resume
paused at line  10
	because of breakpoints [1]
action: resume
paused at line  27
	because of breakpoints [4]
action: stepIn
paused at line  27
action: stepIn
