request breakpoint   0 at line   7
                   set at line  12
request breakpoint   1 at line   9
                   set at line  12
request breakpoint   1 at line  31
                   set at line  31
request breakpoint   2 at line  28
                   set at line  28
request breakpoint   3 at line   5
                   set at line   5
request breakpoint   4 at line  20
                   set at line  20
paused at line  31
	because of breakpoints [1]
action: stepIn
paused at line  32
action: stepIn
paused at line  33
action: stepOver
paused at line  20
	because of breakpoints [4]
action: stepOver
paused at line  22
action: resume
paused at line  28
	because of breakpoints [2]
action: stepIn
paused at line  28
action: stepOver
paused at line  33
action: stepOver
paused at line  31
action: resume
paused at line  31
	because of breakpoints [1]
action: stepIn
paused at line  35
action: stepOver
paused at line  36
action: stepIn
paused at line  36
action: stepOut
paused at line   5
	because of breakpoints [3]
action: resume
