request breakpoint   0 at line   3
                   set at line   3
request breakpoint   1 at line   6
                   set at line   8
request breakpoint   2 at line  24
                   set at line  25
request breakpoint   3 at line  22
                   set at line  25
request breakpoint   3 at line  38
                   set at line  38
request breakpoint   4 at line  15
                   set at line  25
paused at line   3
	because of breakpoints [0]
action: stepIn
paused at line  36
action: stepIn
paused at line  30
action: stepOver
paused at line  31
action: stepOver
paused at line  32
action: resume
paused at line   8
	because of breakpoints [1]
action: stepIn
paused at line   9
action: stepOver
paused at line  10
action: stepOver
paused at line  11
action: resume
paused at line  25
	because of breakpoints [4]
action: stepIn
paused at line  25
action: stepOver
paused at line  32
action: stepIn
paused at line   8
action: stepOut
paused at line   8
	because of breakpoints [1]
action: resume
paused at line  25
	because of breakpoints [4]
action: resume
paused at line   8
	because of breakpoints [1]
action: resume
paused at line  25
	because of breakpoints [4]
action: resume
paused at line   8
	because of breakpoints [1]
action: resume
paused at line  25
	because of breakpoints [4]
action: stepIn
paused at line  25
action: stepIn
