request breakpoint   0 at line   4
                   set at line   9
request breakpoint   1 at line   8
                   set at line   9
request breakpoint   1 at line  22
                   set at line  22
request breakpoint   2 at line  21
                   set at line  21
request breakpoint   3 at line  30
                   set at line  30
paused at line   9
	because of breakpoints [1]
action: stepIn
paused at line  10
action: stepIn
paused at line  11
action: stepOver
paused at line   9
	because of breakpoints [1]
action: stepOver
paused at line  10
action: resume
paused at line   9
	because of breakpoints [1]
action: stepIn
paused at line  10
action: stepOver
paused at line  11
action: stepOver
paused at line   9
	because of breakpoints [1]
action: resume
paused at line   9
	because of breakpoints [1]
action: stepIn
paused at line  10
action: stepOver
paused at line  11
action: stepIn
paused at line   9
action: stepOut
paused at line   9
	because of breakpoints [1]
action: resume
paused at line   9
	because of breakpoints [1]
action: resume
