request breakpoint   0 at line  96
                   set at line  96
request breakpoint   1 at line 120
                   set at line 121
request breakpoint   2 at line 302
                   set at line 303
request breakpoint   3 at line 275
                   set at line 280
request breakpoint   4 at line  53
                   set at line  77
request breakpoint   5 at line 187
                   set at line 189
request breakpoint   6 at line  38
                   set at line  38
request breakpoint   7 at line 328
                   set at line 328
request breakpoint   8 at line 414
                   set at line 415
request breakpoint   9 at line 152
                   set at line 152
request breakpoint  10 at line 350
                   set at line 350
request breakpoint  11 at line 133
                   set at line 134
request breakpoint  12 at line 214
                   set at line 214
request breakpoint  13 at line 378
                   set at line 378
request breakpoint  14 at line  57
                   set at line  77
request breakpoint  14 at line  74
                   set at line  77
request breakpoint  14 at line 416
                   set at line 416
request breakpoint  15 at line  65
                   set at line  77
request breakpoint  15 at line 108
                   set at line 110
request breakpoint  16 at line 153
                   set at line 153
request breakpoint  17 at line 320
                   set at line 322
request breakpoint  18 at line 167
                   set at line 167
request breakpoint  19 at line  43
                   set at line  43
request breakpoint  20 at line 235
                   set at line 235
request breakpoint  21 at line 112
                   set at line 112
request breakpoint  22 at line 231
                   set at line 231
request breakpoint  23 at line 226
                   set at line 226
request breakpoint  24 at line 174
                   set at line 174
request breakpoint  25 at line 386
                   set at line 387
request breakpoint  26 at line 411
                   set at line 411
request breakpoint  27 at line   2
                   set at line   2
request breakpoint  28 at line 391
                   set at line 391
request breakpoint  29 at line 340
                   set at line 340
request breakpoint  30 at line  93
                   set at line  95
request breakpoint  31 at line 283
                   set at line 283
request breakpoint  32 at line 114
                   set at line 114
request breakpoint  33 at line  66
                   set at line  77
request breakpoint  33 at line 376
                   set at line 376
request breakpoint  34 at line 200
                   set at line 200
request breakpoint  35 at line  45
                   set at line  77
request breakpoint  35 at line 357
                   set at line 357
request breakpoint  36 at line 422
                   set at line 422
request breakpoint  37 at line 115
                   set at line 115
request breakpoint  38 at line 150
                   set at line 150
request breakpoint  39 at line 295
                   set at line 295
request breakpoint  40 at line 399
                   set at line 399
request breakpoint  41 at line 190
                   set at line 190
request breakpoint  42 at line  37
                   set at line  38
request breakpoint  42 at line  89
                   set at line  95
request breakpoint  42 at line 379
                   set at line 379
request breakpoint  43 at line 243
                   set at line 243
request breakpoint  44 at line  20
                   set at line  20
request breakpoint  45 at line 279
                   set at line 280
request breakpoint  45 at line   3
                   set at line  20
request breakpoint  45 at line 400
                   set at line 400
request breakpoint  46 at line 130
                   set at line 130
request breakpoint  47 at line 354
                   set at line 354
request breakpoint  48 at line 138
                   set at line 139
request breakpoint  49 at line 143
                   set at line 143
request breakpoint  50 at line 311
                   set at line 311
request breakpoint  51 at line 276
                   set at line 280
request breakpoint  51 at line 358
                   set at line 358
request breakpoint  52 at line 273
                   set at line 280
request breakpoint  52 at line  55
                   set at line  77
request breakpoint  52 at line 308
                   set at line 308
request breakpoint  53 at line   4
                   set at line  20
request breakpoint  53 at line 415
                   set at line 420
request breakpoint  53 at line 246
                   set at line 246
paused at line   2
	because of breakpoints [27]
action: stepIn
paused at line  20
action: stepIn
paused at line  38
action: stepOver
paused at line  43
action: stepOver
paused at line  77
action: resume
paused at line  77
	because of breakpoints [52]
action: stepIn
paused at line  79
action: stepOver
paused at line 214
	because of breakpoints [12]
action: stepOver
paused at line 218
action: resume
paused at line 167
	because of breakpoints [18]
action: stepIn
paused at line 169
action: stepOver
paused at line 170
action: stepIn
paused at line 172
action: stepOut
paused at line 174
	because of breakpoints [24]
action: resume
paused at line 174
	because of breakpoints [24]
action: resume
paused at line 174
	because of breakpoints [24]
action: resume
paused at line 174
	because of breakpoints [24]
action: resume
paused at line 174
	because of breakpoints [24]
action: resume
paused at line 174
	because of breakpoints [24]
action: stepIn
paused at line 172
action: stepIn
paused at line 173
action: stepOver
paused at line 174
action: stepIn
paused at line 172
action: resume
paused at line 174
	because of breakpoints [24]
action: stepOut
paused at line 200
	because of breakpoints [34]
action: stepIn
paused at line 201
action: stepOut
paused at line 201
action: stepOut
paused at line 200
	because of breakpoints [34]
action: stepIn
paused at line 201
action: resume
paused at line 200
	because of breakpoints [34]
action: resume
paused at line 200
	because of breakpoints [34]
action: stepIn
paused at line 201
action: resume
paused at line 200
	because of breakpoints [34]
action: stepOver
paused at line 201
action: stepOver
paused at line 201
action: stepOver
paused at line 182
action: stepOut
paused at line 200
	because of breakpoints [34]
action: resume
paused at line 200
	because of breakpoints [34]
action: stepOver
paused at line 201
action: stepIn
paused at line 201
action: resume
paused at line 189
	because of breakpoints [5]
action: stepOver
paused at line 190
action: resume
paused at line 190
	because of breakpoints [41]
action: stepIn
paused at line 190
action: stepIn
paused at line  95
action: stepOver
paused at line  96
action: resume
paused at line  96
	because of breakpoints [0]
action: stepIn
paused at line  98
action: stepOver
paused at line  99
action: stepOver
paused at line 101
action: stepOver
paused at line 103
action: stepOut
paused at line 121
	because of breakpoints [1]
action: stepIn
paused at line 122
action: stepOut
paused at line 121
	because of breakpoints [1]
action: stepIn
paused at line 122
action: resume
paused at line 121
	because of breakpoints [1]
action: stepIn
paused at line 122
action: stepOver
paused at line 121
action: stepOut
paused at line 121
	because of breakpoints [1]
action: stepOver
paused at line 122
action: stepOver
paused at line 121
action: stepOut
paused at line 121
	because of breakpoints [1]
action: stepOver
paused at line 124
action: stepOut
paused at line 125
action: resume
paused at line 130
	because of breakpoints [46]
action: stepOver
paused at line 131
action: stepIn
paused at line 132
action: resume
paused at line 130
	because of breakpoints [46]
action: stepOut
paused at line 130
	because of breakpoints [46]
action: stepIn
paused at line 131
action: resume
paused at line 130
	because of breakpoints [46]
action: stepOut
paused at line 134
	because of breakpoints [11]
action: resume
paused at line 139
	because of breakpoints [48]
action: stepIn
paused at line 140
action: stepOut
paused at line 143
	because of breakpoints [49]
action: resume
paused at line 143
	because of breakpoints [49]
action: stepIn
paused at line 144
action: resume
paused at line 143
	because of breakpoints [49]
action: resume
paused at line 143
	because of breakpoints [49]
action: stepOver
paused at line 144
action: stepOver
paused at line 142
action: stepOut
paused at line 150
	because of breakpoints [38]
action: stepOver
paused at line 139
action: stepIn
paused at line 140
action: stepOver
paused at line 141
action: resume
paused at line 143
	because of breakpoints [49]
action: resume
paused at line 143
	because of breakpoints [49]
action: stepOut
paused at line 143
	because of breakpoints [49]
action: stepOver
paused at line 144
action: resume
paused at line 143
	because of breakpoints [49]
action: stepIn
paused at line 144
action: stepOut
paused at line 150
	because of breakpoints [38]
action: stepOut
paused at line 139
	because of breakpoints [48]
action: stepOut
paused at line 143
	because of breakpoints [49]
action: stepIn
paused at line 144
action: stepOut
paused at line 143
	because of breakpoints [49]
action: stepIn
paused at line 144
action: stepOver
paused at line 142
action: stepOver
paused at line 143
action: stepOver
paused at line 144
action: resume
paused at line 143
	because of breakpoints [49]
action: stepIn
paused at line 144
action: stepOut
paused at line 150
	because of breakpoints [38]
action: resume
paused at line 139
	because of breakpoints [48]
action: resume
paused at line 143
	because of breakpoints [49]
action: stepOver
paused at line 144
action: stepOver
paused at line 142
action: stepOut
paused at line 143
	because of breakpoints [49]
action: stepOut
paused at line 143
	because of breakpoints [49]
action: stepIn
paused at line 144
action: resume
paused at line 143
	because of breakpoints [49]
action: resume
paused at line 150
	because of breakpoints [38]
action: stepIn
paused at line 139
action: stepOver
paused at line 152
action: stepIn
paused at line 153
action: resume
paused at line 153
	because of breakpoints [16]
action: stepOver
paused at line 153
action: stepOut
paused at line 121
	because of breakpoints [1]
action: stepOut
paused at line 121
	because of breakpoints [1]
action: stepOver
paused at line 122
action: stepIn
paused at line 121
action: stepIn
paused at line 122
action: stepOver
paused at line 121
action: resume
paused at line 121
	because of breakpoints [1]
action: stepOver
paused at line 122
action: stepOut
paused at line 121
	because of breakpoints [1]
action: stepIn
paused at line 124
action: stepOut
paused at line 125
action: stepOut
paused at line 130
	because of breakpoints [46]
action: resume
paused at line 130
	because of breakpoints [46]
action: stepOver
paused at line 131
action: stepOver
paused at line 132
action: stepOver
paused at line 130
action: stepIn
paused at line 131
action: stepOut
paused at line 130
	because of breakpoints [46]
action: stepOver
paused at line 134
action: stepIn
paused at line 135
action: stepOver
paused at line 135
action: resume
paused at line 139
	because of breakpoints [48]
action: stepIn
paused at line 140
action: stepOver
paused at line 141
action: resume
paused at line 143
	because of breakpoints [49]
action: stepOver
paused at line 144
action: stepOver
paused at line 142
action: stepOver
paused at line 143
action: resume
paused at line 143
	because of breakpoints [49]
action: stepOver
paused at line 144
action: stepOver
paused at line 142
action: stepIn
paused at line 143
action: resume
paused at line 143
	because of breakpoints [49]
action: stepOver
paused at line 144
action: stepOver
paused at line 142
action: resume
paused at line 143
	because of breakpoints [49]
action: resume
paused at line 150
	because of breakpoints [38]
action: stepOver
paused at line 139
action: stepIn
paused at line 140
action: stepIn
paused at line 141
action: stepOver
paused at line 142
action: stepOver
paused at line 143
action: stepOver
paused at line 144
action: stepOver
paused at line 142
action: stepOut
paused at line 143
	because of breakpoints [49]
action: stepOver
paused at line 144
action: stepOver
paused at line 142
action: resume
paused at line 143
	because of breakpoints [49]
action: resume
paused at line 143
	because of breakpoints [49]
action: stepOver
paused at line 144
action: resume
paused at line 150
	because of breakpoints [38]
action: stepIn
paused at line 139
action: stepOver
paused at line 140
action: stepOut
paused at line 143
	because of breakpoints [49]
action: stepIn
paused at line 144
action: stepOut
paused at line 143
	because of breakpoints [49]
action: stepOver
paused at line 144
action: stepOver
paused at line 142
action: stepOver
paused at line 143
action: stepOut
paused at line 143
	because of breakpoints [49]
action: stepOut
paused at line 143
	because of breakpoints [49]
action: stepOver
paused at line 144
action: stepOver
paused at line 142
action: stepOut
paused at line 150
	because of breakpoints [38]
action: resume
paused at line 139
	because of breakpoints [48]
action: stepOver
paused at line 140
action: resume
paused at line 143
	because of breakpoints [49]
action: resume
paused at line 143
	because of breakpoints [49]
action: stepOver
paused at line 144
action: resume
paused at line 143
	because of breakpoints [49]
action: stepOut
paused at line 143
	because of breakpoints [49]
action: stepOver
paused at line 144
action: resume
paused at line 150
	because of breakpoints [38]
action: stepIn
paused at line 139
action: stepIn
paused at line 152
action: stepOver
paused at line 153
action: stepOver
paused at line 153
action: stepOut
paused at line 121
	because of breakpoints [1]
action: stepIn
paused at line 122
action: stepOut
paused at line 121
	because of breakpoints [1]
action: stepIn
paused at line 122
action: stepIn
paused at line 121
action: resume
paused at line 121
	because of breakpoints [1]
action: stepOver
paused at line 122
action: stepOut
paused at line 121
	because of breakpoints [1]
action: resume
paused at line 121
	because of breakpoints [1]
action: stepOut
paused at line 125
action: stepIn
paused at line 105
action: stepOut
paused at line 130
	because of breakpoints [46]
action: stepOver
paused at line 131
action: stepOver
paused at line 132
action: stepOver
paused at line 130
action: resume
paused at line 130
	because of breakpoints [46]
action: stepOut
paused at line 130
	because of breakpoints [46]
action: resume
paused at line 130
	because of breakpoints [46]
action: stepOver
