request breakpoint   0 at line  10
                   set at line  14
request breakpoint   1 at line  43
                   set at line  44
request breakpoint   2 at line 167
                   set at line 167
request breakpoint   3 at line 152
                   set at line 152
request breakpoint   4 at line  23
                   set at line  34
request breakpoint   5 at line  84
                   set at line  84
request breakpoint   6 at line 187
                   set at line 187
request breakpoint   7 at line 181
                   set at line 184
request breakpoint   8 at line 230
                   set at line 230
request breakpoint   9 at line  66
                   set at line  69
request breakpoint  10 at line 196
                   set at line 196
request breakpoint  11 at line  53
                   set at line  53
request breakpoint  12 at line 122
                   set at line 125
request breakpoint  13 at line 209
                   set at line 209
request breakpoint  14 at line  25
                   set at line  34
request breakpoint  14 at line  34
                   set at line  44
request breakpoint  14 at line 232
                   set at line 232
request breakpoint  15 at line  30
                   set at line  34
request breakpoint  16 at line  44
                   set at line  47
request breakpoint  16 at line  70
                   set at line  70
request breakpoint  17 at line 180
                   set at line 184
request breakpoint  17 at line  77
                   set at line  78
request breakpoint  18 at line 236
                   set at line 236
request breakpoint  19 at line 136
                   set at line 136
request breakpoint  20 at line  48
                   set at line  48
request breakpoint  21 at line 134
                   set at line 136
request breakpoint  21 at line 132
                   set at line 136
request breakpoint  21 at line   6
                   set at line  14
request breakpoint  21 at line 214
                   set at line 215
request breakpoint  22 at line 229
                   set at line 229
request breakpoint  23 at line 101
                   set at line 101
request breakpoint  24 at line 218
                   set at line 223
request breakpoint  25 at line 194
                   set at line 196
request breakpoint  25 at line 198
                   set at line 198
request breakpoint  26 at line 164
                   set at line 165
request breakpoint  27 at line  49
                   set at line  50
request breakpoint  28 at line  31
                   set at line  34
request breakpoint  28 at line 211
                   set at line 212
request breakpoint  29 at line 102
                   set at line 102
request breakpoint  30 at line  19
                   set at line  19
request breakpoint  31 at line 203
                   set at line 208
request breakpoint  32 at line 235
                   set at line 236
request breakpoint  32 at line  90
                   set at line  90
paused at line  14
	because of breakpoints [21]
action: stepIn
paused at line  15
action: stepIn
paused at line  16
action: stepOver
paused at line  19
action: stepOver
paused at line  34
action: resume
paused at line  34
	because of breakpoints [28]
action: stepIn
paused at line  44
action: stepOver
paused at line 184
	because of breakpoints [17]
action: stepOver
paused at line 185
action: resume
paused at line 187
	because of breakpoints [6]
action: stepIn
paused at line 186
action: stepOver
paused at line 187
action: stepIn
paused at line 186
action: stepOut
paused at line 187
	because of breakpoints [6]
action: resume
paused at line 187
	because of breakpoints [6]
action: resume
paused at line 187
	because of breakpoints [6]
action: resume
paused at line 187
	because of breakpoints [6]
action: resume
paused at line 187
	because of breakpoints [6]
action: resume
paused at line 187
	because of breakpoints [6]
action: stepIn
paused at line 186
action: stepIn
paused at line 187
action: stepOver
paused at line 186
action: stepIn
paused at line 187
action: resume
paused at line 187
	because of breakpoints [6]
action: stepOut
paused at line 187
	because of breakpoints [6]
action: stepIn
paused at line 186
action: stepOut
paused at line 187
	because of breakpoints [6]
action: stepOut
paused at line 187
	because of breakpoints [6]
action: stepIn
paused at line 186
action: resume
paused at line 187
	because of breakpoints [6]
action: resume
paused at line 187
	because of breakpoints [6]
action: stepIn
paused at line 186
action: resume
paused at line 187
	because of breakpoints [6]
action: stepOver
paused at line 186
action: stepOver
paused at line 187
action: stepOver
paused at line 186
action: stepOut
paused at line 187
	because of breakpoints [6]
action: resume
paused at line 187
	because of breakpoints [6]
action: stepOver
paused at line 186
action: stepIn
paused at line 187
action: resume
paused at line 187
	because of breakpoints [6]
action: stepOver
paused at line 186
action: resume
paused at line 187
	because of breakpoints [6]
action: stepIn
paused at line 186
action: stepIn
paused at line 187
action: stepOver
paused at line 186
action: resume
paused at line 187
	because of breakpoints [6]
action: stepIn
paused at line 186
action: stepOver
paused at line 187
action: stepOver
paused at line 186
action: stepOver
paused at line 187
action: stepOut
paused at line 187
	because of breakpoints [6]
action: stepIn
paused at line 186
action: stepOut
paused at line 187
	because of breakpoints [6]
action: stepIn
paused at line 186
action: resume
paused at line 187
	because of breakpoints [6]
action: stepIn
paused at line 186
action: stepOver
paused at line 187
action: stepOut
paused at line 187
	because of breakpoints [6]
action: stepOver
paused at line 186
action: stepOver
paused at line 187
action: stepOut
paused at line 187
	because of breakpoints [6]
action: stepOver
paused at line 186
action: stepOut
paused at line 187
	because of breakpoints [6]
action: resume
paused at line 187
	because of breakpoints [6]
action: stepOver
paused at line 186
action: stepIn
paused at line 187
action: resume
paused at line 187
	because of breakpoints [6]
action: stepOut
paused at line 187
	because of breakpoints [6]
action: stepIn
paused at line 186
action: resume
paused at line 187
	because of breakpoints [6]
action: stepOut
paused at line 187
	because of breakpoints [6]
action: resume
paused at line 187
	because of breakpoints [6]
action: stepIn
paused at line 186
action: stepOut
paused at line 187
	because of breakpoints [6]
action: resume
paused at line 187
	because of breakpoints [6]
action: stepIn
paused at line 186
action: resume
paused at line 187
	because of breakpoints [6]
action: resume
paused at line 187
	because of breakpoints [6]
action: stepOver
paused at line 186
action: stepOver
paused at line 187
action: stepOut
paused at line 187
	because of breakpoints [6]
action: stepOver
paused at line 186
action: stepIn
paused at line 187
action: stepOver
paused at line 186
action: resume
paused at line 187
	because of breakpoints [6]
action: resume
paused at line 187
	because of breakpoints [6]
action: stepOut
paused at line 187
	because of breakpoints [6]
action: stepOver
paused at line 186
action: resume
paused at line 187
	because of breakpoints [6]
action: stepIn
paused at line 186
action: stepOut
paused at line 187
	because of breakpoints [6]
action: stepOut
paused at line 187
	because of breakpoints [6]
action: stepOut
paused at line 187
	because of breakpoints [6]
action: stepIn
paused at line 186
action: stepOut
paused at line 187
	because of breakpoints [6]
action: stepIn
paused at line 186
action: stepOver
paused at line 187
action: stepOver
paused at line 186
action: stepOver
paused at line 187
action: resume
paused at line 187
	because of breakpoints [6]
action: stepIn
paused at line 186
action: stepOut
paused at line 187
	because of breakpoints [6]
action: resume
paused at line 187
	because of breakpoints [6]
action: resume
paused at line 187
	because of breakpoints [6]
action: stepOver
paused at line 186
action: stepOver
paused at line 187
action: stepOut
paused at line 187
	because of breakpoints [6]
action: stepOut
paused at line 187
	because of breakpoints [6]
action: stepIn
paused at line 186
action: resume
paused at line 187
	because of breakpoints [6]
action: resume
paused at line 187
	because of breakpoints [6]
action: stepIn
paused at line 186
action: stepOver
paused at line 187
action: stepIn
paused at line 186
action: resume
paused at line 187
	because of breakpoints [6]
action: stepOver
paused at line 186
action: stepOut
paused at line 187
	because of breakpoints [6]
action: stepOut
paused at line 187
	because of breakpoints [6]
action: stepOver
paused at line 186
action: stepIn
paused at line 187
action: stepIn
