request breakpoint   0 at line  20
                   set at line  20
request breakpoint   1 at line  40
                   set at line  40
request breakpoint   2 at line 248
                   set at line 251
request breakpoint   3 at line 223
                   set at line 223
request breakpoint   4 at line 388
                   set at line 400
request breakpoint   5 at line 106
                   set at line 107
request breakpoint   6 at line 281
                   set at line 281
request breakpoint   7 at line 269
                   set at line 269
request breakpoint   8 at line 367
                   set at line 378
request breakpoint   9 at line  73
                   set at line  73
request breakpoint  10 at line 297
                   set at line 297
request breakpoint  11 at line  53
                   set at line  53
request breakpoint  12 at line 167
                   set at line 170
request breakpoint  13 at line 324
                   set at line 324
request breakpoint  14 at line 392
                   set at line 400
request breakpoint  14 at line   1
                   set at line   1
request breakpoint  15 at line 369
                   set at line 378
request breakpoint  15 at line 402
                   set at line 413
request breakpoint  16 at line  29
                   set at line  29
request breakpoint  17 at line  72
                   set at line  73
request breakpoint  17 at line 263
                   set at line 263
request breakpoint  18 at line  83
                   set at line  83
request breakpoint  19 at line 377
                   set at line 378
request breakpoint  19 at line 187
                   set at line 187
request breakpoint  20 at line  31
                   set at line  31
request breakpoint  21 at line 183
                   set at line 183
request breakpoint  22 at line 178
                   set at line 178
request breakpoint  23 at line  89
                   set at line  89
request breakpoint  24 at line 330
                   set at line 330
request breakpoint  25 at line 362
                   set at line 362
request breakpoint  26 at line 119
                   set at line 119
request breakpoint  27 at line 337
                   set at line 337
request breakpoint  28 at line 284
                   set at line 284
request breakpoint  29 at line 295
                   set at line 295
request breakpoint  30 at line 229
                   set at line 229
request breakpoint  31 at line  32
                   set at line  32
request breakpoint  32 at line 403
                   set at line 413
request breakpoint  32 at line 320
                   set at line 320
request breakpoint  33 at line 113
                   set at line 113
request breakpoint  34 at line 379
                   set at line 379
request breakpoint  35 at line 300
                   set at line 300
request breakpoint  36 at line 372
                   set at line 378
request breakpoint  36 at line  86
                   set at line  87
request breakpoint  37 at line  65
                   set at line  65
request breakpoint  38 at line 239
                   set at line 240
request breakpoint  39 at line 346
                   set at line 347
request breakpoint  40 at line 102
                   set at line 103
request breakpoint  41 at line 276
                   set at line 276
request breakpoint  42 at line 278
                   set at line 279
request breakpoint  43 at line 323
                   set at line 323
request breakpoint  44 at line 192
                   set at line 192
request breakpoint  45 at line 138
                   set at line 138
request breakpoint  46 at line 224
                   set at line 224
request breakpoint  47 at line 116
                   set at line 116
request breakpoint  48 at line 347
                   set at line 349
request breakpoint  48 at line 111
                   set at line 111
request breakpoint  49 at line  13
                   set at line  16
request breakpoint  50 at line 238
                   set at line 240
request breakpoint  50 at line 322
                   set at line 322
request breakpoint  51 at line 251
                   set at line 281
request breakpoint  51 at line 220
                   set at line 220
request breakpoint  52 at line 302
                   set at line 302
request breakpoint  53 at line 216
                   set at line 216
request breakpoint  54 at line 389
                   set at line 400
request breakpoint  54 at line   5
                   set at line  16
request breakpoint  54 at line 115
                   set at line 115
request breakpoint  55 at line 366
                   set at line 366
request breakpoint  56 at line  57
                   set at line  57
request breakpoint  57 at line 101
                   set at line 101
request breakpoint  58 at line 381
                   set at line 386
request breakpoint  59 at line 190
                   set at line 190
request breakpoint  60 at line 406
                   set at line 413
request breakpoint  60 at line 151
                   set at line 151
request breakpoint  61 at line 166
                   set at line 170
request breakpoint  61 at line 385
                   set at line 386
request breakpoint  61 at line  48
                   set at line  48
request breakpoint  62 at line 386
                   set at line 417
request breakpoint  62 at line  35
                   set at line  35
paused at line   1
	because of breakpoints [14]
action: stepIn
paused at line  16
action: stepIn
paused at line  17
action: stepOver
paused at line  18
action: stepOver
paused at line  20
action: resume
paused at line  20
	because of breakpoints [0]
action: stepIn
paused at line  28
action: stepOver
paused at line  50
action: stepOver
paused at line 111
action: resume
paused at line 111
	because of breakpoints [48]
action: stepIn
paused at line 119
action: stepOver
paused at line 174
action: stepIn
paused at line 281
action: stepOut
paused at line 281
	because of breakpoints [51]
action: resume
paused at line 302
	because of breakpoints [52]
action: resume
paused at line 322
	because of breakpoints [50]
action: resume
paused at line 349
	because of breakpoints [48]
action: resume
paused at line 366
	because of breakpoints [55]
action: resume
paused at line 378
	because of breakpoints [36]
action: stepIn
paused at line 379
action: stepIn
paused at line 386
action: stepOver
paused at line 387
action: stepIn
paused at line 400
action: resume
paused at line 400
	because of breakpoints [54]
action: stepOut
paused at line 413
	because of breakpoints [60]
action: stepIn
paused at line 414
action: stepOut
paused at line  29
	because of breakpoints [16]
action: stepOut
paused at line  31
	because of breakpoints [20]
action: stepIn
paused at line  32
action: resume
paused at line  32
	because of breakpoints [31]
action: resume
paused at line  35
	because of breakpoints [62]
action: stepIn
paused at line  36
action: resume
paused at line  35
	because of breakpoints [62]
action: stepOver
paused at line  36
action: stepOver
paused at line  39
action: stepOver
paused at line  44
action: stepOut
paused at line 107
	because of breakpoints [5]
action: resume
paused at line  35
	because of breakpoints [62]
action: stepOver
paused at line  36
action: stepIn
paused at line  39
action: resume
paused at line  35
	because of breakpoints [62]
action: stepOver
paused at line  36
action: resume
paused at line 107
	because of breakpoints [5]
action: stepIn
paused at line 350
action: stepIn
paused at line 351
action: stepOver
paused at line 351
action: resume
paused at line  35
	because of breakpoints [62]
action: stepIn
paused at line  36
action: stepOver
paused at line  39
action: stepOver
paused at line  44
action: stepOver
paused at line  53
	because of breakpoints [11]
action: stepOut
paused at line 109
action: stepIn
paused at line  44
action: stepOut
paused at line  48
	because of breakpoints [61]
action: stepIn
paused at line  48
action: resume
paused at line 362
	because of breakpoints [25]
action: stepIn
paused at line 362
action: stepOver
paused at line   1
action: stepOut
paused at line 362
	because of breakpoints [25]
action: stepOver
paused at line 362
action: stepOver
paused at line   1
action: stepOut
paused at line   1
action: stepOver
paused at line  26
action: stepOut
paused at line  26
action: resume
paused at line  29
	because of breakpoints [16]
action: stepOver
paused at line  30
action: stepIn
paused at line  31
action: resume
paused at line  31
	because of breakpoints [20]
action: stepOut
paused at line  32
	because of breakpoints [31]
action: stepIn
paused at line  33
action: resume
paused at line  35
	because of breakpoints [62]
action: stepOut
paused at line  35
	because of breakpoints [62]
action: resume
paused at line 107
	because of breakpoints [5]
action: stepIn
paused at line 350
action: stepOut
paused at line 351
action: resume
paused at line  35
	because of breakpoints [62]
action: stepIn
paused at line  36
action: resume
paused at line 107
	because of breakpoints [5]
action: resume
paused at line  35
	because of breakpoints [62]
action: stepOver
paused at line  36
action: stepOver
paused at line  39
action: stepOut
paused at line  35
	because of breakpoints [62]
action: stepOver
paused at line  36
action: stepIn
paused at line  39
action: stepOver
paused at line  44
action: resume
paused at line 107
	because of breakpoints [5]
action: resume
paused at line  35
	because of breakpoints [62]
action: stepOut
paused at line  53
	because of breakpoints [11]
action: stepOver
paused at line 109
action: resume
paused at line  35
	because of breakpoints [62]
action: stepIn
paused at line  36
action: stepOut
paused at line 107
	because of breakpoints [5]
action: stepOut
paused at line 109
action: stepOut
paused at line  35
	because of breakpoints [62]
action: stepIn
paused at line  36
action: stepOut
paused at line 107
	because of breakpoints [5]
action: stepIn
paused at line 350
action: stepOver
paused at line 351
action: stepOver
paused at line 351
action: stepOver
paused at line 107
action: resume
paused at line  35
	because of breakpoints [62]
action: stepIn
paused at line  36
action: stepOut
paused at line  35
	because of breakpoints [62]
action: resume
paused at line 107
	because of breakpoints [5]
action: resume
paused at line  35
	because of breakpoints [62]
action: stepOver
paused at line  36
action: stepOver
paused at line  39
action: stepOut
paused at line  89
	because of breakpoints [23]
action: stepOut
paused at line 109
action: stepIn
paused at line  34
action: resume
paused at line  35
	because of breakpoints [62]
action: resume
paused at line 107
	because of breakpoints [5]
action: stepIn
paused at line 350
action: stepOver
paused at line 351
action: stepIn
paused at line 351
action: resume
paused at line  35
	because of breakpoints [62]
action: stepOver
paused at line  36
action: stepOut
paused at line  35
	because of breakpoints [62]
action: stepOut
paused at line 107
	because of breakpoints [5]
action: stepOver
paused at line 109
action: stepIn
paused at line 109
action: stepIn
paused at line  34
action: stepOver
paused at line  35
action: resume
paused at line  35
	because of breakpoints [62]
action: stepOver
paused at line  36
action: stepOut
paused at line  35
	because of breakpoints [62]
action: stepIn
paused at line  36
action: stepOut
paused at line 107
	because of breakpoints [5]
action: stepOut
paused at line 109
action: resume
paused at line  35
	because of breakpoints [62]
action: stepOver
paused at line  36
action: stepOver
paused at line  39
action: stepOver
paused at line  44
action: stepIn
paused at line  51
action: stepOut
paused at line  87
	because of breakpoints [36]
action: stepOver
paused at line 109
action: stepIn
paused at line 109
action: stepOver
paused at line  34
action: resume
paused at line  48
	because of breakpoints [61]
action: stepIn
paused at line  48
action: stepOver
paused at line  22
action: resume
paused at line 362
	because of breakpoints [25]
action: stepOver
paused at line 362
action: stepOver
paused at line   1
action: stepOver
paused at line 362
	because of breakpoints [25]
action: resume
paused at line 362
	because of breakpoints [25]
action: stepOver
paused at line 362
action: stepOver
paused at line   1
action: stepIn
paused at line   1
action: resume
paused at line 413
	because of breakpoints [60]
action: stepOver
paused at line 414
action: stepOver
paused at line 362
	because of breakpoints [25]
action: resume
paused at line 362
	because of breakpoints [25]
action: resume
paused at line 362
	because of breakpoints [25]
action: stepOver
paused at line 362
action: stepIn
paused at line   1
action: stepIn
paused at line 354
action: stepOver
paused at line 355
action: stepOver
paused at line 358
action: stepOver
paused at line 361
action: stepOver
paused at line 362
action: stepOut
paused at line 362
	because of breakpoints [25]
action: stepOver
paused at line 362
action: stepOver
paused at line   1
action: resume
paused at line 362
	because of breakpoints [25]
action: resume
paused at line 413
	because of breakpoints [60]
action: stepOver
paused at line 414
action: resume
paused at line 362
	because of breakpoints [25]
action: stepIn
paused at line 362
action: stepOver
paused at line   1
action: stepOut
paused at line 362
	because of breakpoints [25]
action: stepIn
paused at line 362
action: stepOut
paused at line   1
action: stepOver
paused at line  26
action: stepOver
paused at line  26
action: stepOver
paused at line 414
action: stepOut
paused at line 362
	because of breakpoints [25]
action: stepOut
paused at line 362
action: stepOver
paused at line   1
action: stepOver
paused at line 362
	because of breakpoints [25]
action: stepOut
paused at line 362
action: resume
paused at line 362
	because of breakpoints [25]
action: stepOver
paused at line 362
action: resume
paused at line 413
	because of breakpoints [60]
action: resume
paused at line 362
	because of breakpoints [25]
action: stepOver
paused at line 362
action: resume
paused at line 362
	because of breakpoints [25]
action: stepOut
paused at line 362
action: stepOver
paused at line   1
action: resume
paused at line 362
	because of breakpoints [25]
action: stepIn
paused at line 362
action: stepIn
paused at line   1
action: stepOver
paused at line 362
	because of breakpoints [25]
action: stepOver
paused at line 362
action: stepOut
paused at line 362
	because of breakpoints [25]
action: stepIn
paused at line 362
action: stepOut
paused at line   1
action: stepIn
paused at line  26
action: stepIn
paused at line  26
action: resume
paused at line 413
	because of breakpoints [60]
action: stepOver
paused at line 414
action: stepOut
paused at line 362
	because of breakpoints [25]
action: resume
paused at line 362
	because of breakpoints [25]
action: stepOut
paused at line 362
action: stepIn
paused at line   1
action: stepOut
paused at line   1
action: stepOver
paused at line  26
action: stepOver
paused at line  26
action: stepOver
paused at line 414
action: resume
paused at line 362
	because of breakpoints [25]
action: stepOut
