request breakpoint   0 at line   6
                   set at line  11
request breakpoint   1 at line  11
                   set at line  15
request breakpoint   1 at line  39
                   set at line  39
request breakpoint   2 at line  37
                   set at line  38
request breakpoint   3 at line  55
                   set at line  57
request breakpoint   4 at line  23
                   set at line  24
request breakpoint   5 at line  44
                   set at line  44
request breakpoint   6 at line  43
                   set at line  43
request breakpoint   7 at line  53
                   set at line  53
paused at line  53
	because of breakpoints [7]
action: stepIn
paused at line  54
action: stepIn
paused at line  38
action: stepOver
paused at line  39
action: stepOver
paused at line  40
action: resume
paused at line  39
	because of breakpoints [1]
action: stepIn
paused at line  40
action: stepOver
paused at line  39
action: stepOver
paused at line  40
action: resume
paused at line  39
	because of breakpoints [1]
action: stepIn
paused at line  40
action: stepOver
paused at line  39
action: stepIn
paused at line  40
action: stepOut
paused at line  39
	because of breakpoints [1]
action: resume
paused at line  39
	because of breakpoints [1]
action: resume
paused at line  43
	because of breakpoints [6]
action: resume
paused at line  15
	because of breakpoints [1]
action: resume
paused at line  15
	because of breakpoints [1]
action: resume
paused at line  15
	because of breakpoints [1]
action: stepIn
paused at line  16
action: stepIn
paused at line  17
action: stepOver
paused at line  18
action: stepIn
paused at line  11
action: resume
paused at line  15
	because of breakpoints [1]
action: stepOut
paused at line  15
	because of breakpoints [1]
action: stepIn
paused at line  16
action: stepOut
paused at line  15
	because of breakpoints [1]
action: stepOut
paused at line  15
	because of breakpoints [1]
action: stepIn
paused at line  21
action: resume
