request breakpoint   0 at line   4
                   set at line  14
request breakpoint   1 at line   7
                   set at line  14
request breakpoint   1 at line  49
                   set at line  58
request breakpoint   2 at line  44
                   set at line  58
request breakpoint   2 at line  78
                   set at line  80
request breakpoint   3 at line  27
                   set at line  35
request breakpoint   4 at line  58
                   set at line  74
request breakpoint   4 at line  56
                   set at line  58
request breakpoint   5 at line  72
                   set at line  74
request breakpoint   5 at line  26
                   set at line  35
paused at line  14
	because of breakpoints [1]
action: stepIn
paused at line  16
action: stepIn
paused at line  18
action: stepOver
paused at line  20
action: stepOver
paused at line  22
action: resume
paused at line  35
	because of breakpoints [5]
action: stepIn
paused at line  35
action: stepOver
paused at line  35
	because of breakpoints [5]
action: stepOver
paused at line  35
	because of breakpoints [5]
action: resume
paused at line  35
	because of breakpoints [5]
action: stepIn
paused at line  35
action: stepOver
paused at line  35
action: stepIn
paused at line  35
action: stepOut
paused at line  35
action: resume
paused at line  35
	because of breakpoints [5]
action: resume
paused at line  35
	because of breakpoints [5]
action: resume
paused at line  35
	because of breakpoints [5]
action: resume
paused at line  35
	because of breakpoints [5]
action: resume
paused at line  35
	because of breakpoints [5]
action: stepIn
paused at line  35
action: stepIn
paused at line  35
action: stepOver
paused at line  35
action: stepIn
paused at line  35
action: resume
paused at line  35
	because of breakpoints [5]
action: stepOut
paused at line  35
	because of breakpoints [5]
action: stepIn
paused at line  35
action: stepOut
paused at line  35
action: stepOut
paused at line  35
	because of breakpoints [5]
action: stepIn
paused at line  35
action: resume
paused at line  35
	because of breakpoints [5]
action: resume
paused at line  35
	because of breakpoints [5]
action: stepIn
paused at line  35
action: resume
paused at line  35
	because of breakpoints [5]
action: stepOver
paused at line  35
action: stepOver
paused at line  35
action: stepOver
paused at line  35
action: stepOut
paused at line  35
	because of breakpoints [5]
action: resume
paused at line  35
	because of breakpoints [5]
action: stepOver
paused at line  35
action: stepIn
paused at line  35
action: resume
