request breakpoint   0 at line  11
                   set at line  42
request breakpoint   1 at line  43
                   set at line  43
request breakpoint   2 at line  65
                   set at line  65
request breakpoint   3 at line  73
                   set at line  74
request breakpoint   4 at line  92
                   set at line  92
request breakpoint   5 at line  96
                   set at line  96
request breakpoint   6 at line 101
                   set at line 102
request breakpoint   7 at line 110
                   set at line 110
request breakpoint   8 at line 124
                   set at line 125
request breakpoint   9 at line 135
                   set at line 135
request breakpoint  10 at line 139
                   set at line 140
request breakpoint  11 at line 145
                   set at line 146
paused at line  42
	because of breakpoints [0]
action: stepOver
paused at line  43
action: stepOver
paused at line  78
action: stepOver
paused at line 125
action: stepOver
paused at line 127
action: stepOver
paused at line 128
action: stepOver
paused at line 131
action: stepOver
paused at line 129
action: stepOver
paused at line 128
action: stepOver
paused at line 131
action: stepOver
paused at line 129
action: stepOver
paused at line 128
action: stepOver
paused at line 131
action: stepOver
paused at line 129
action: stepOver
paused at line 128
action: stepOver
paused at line 131
action: stepOver
paused at line 129
action: stepOver
paused at line 128
action: stepOver
paused at line 131
action: stepOver
paused at line 129
action: stepOver
paused at line 128
action: stepOver
paused at line 131
action: stepOver
paused at line 129
action: stepOver
paused at line 128
action: stepOver
paused at line 131
action: stepOver
paused at line 129
action: stepOver
paused at line 128
action: stepOver
paused at line 131
action: stepOver
paused at line 129
action: stepOver
paused at line 128
action: stepOver
paused at line 131
action: stepOver
paused at line 129
action: stepOver
paused at line 128
action: stepOver
paused at line 131
action: stepOver
paused at line 129
action: stepOver
paused at line 128
action: stepOver
paused at line 131
action: stepOver
paused at line 129
action: stepOver
paused at line 128
action: stepOver
paused at line 131
action: stepOver
paused at line 129
action: stepOver
paused at line 128
action: stepOver
paused at line 131
action: stepOver
paused at line 129
action: stepOver
paused at line 128
action: stepOver
paused at line 131
action: stepOver
paused at line 129
action: stepOver
paused at line 128
action: stepOver
paused at line 131
action: stepOver
paused at line 129
action: stepOver
paused at line 128
action: stepOver
paused at line 131
action: stepOver
paused at line 129
action: stepOver
paused at line 128
action: stepOver
paused at line 131
action: stepOver
paused at line 129
action: stepOver
paused at line 128
action: stepOver
paused at line 131
action: stepOver
paused at line 129
action: stepOver
paused at line 128
action: stepOver
paused at line 131
action: stepOver
paused at line 129
action: stepOver
paused at line 128
action: stepOver
paused at line 131
action: stepOver
paused at line 129
action: stepOver
paused at line 128
action: stepOver
paused at line 131
action: stepOver
paused at line 129
action: stepOver
paused at line 128
action: stepOver
paused at line 131
action: stepOver
paused at line 129
action: stepOver
paused at line 128
action: stepOver
paused at line 131
action: stepOver
paused at line 129
action: stepOver
paused at line 128
action: stepOver
done with actions
