44 -> 55
55 -> 71
29 -> 32
63 -> 71
62 -> 71
47 -> 55
48 -> 55
34 -> 34
81 -> 81
26 -> 32
53 -> 55
78 -> 78
46 -> 55
67 -> 71
54 -> 55
33 -> 34
50 -> 55
9 -> 13
18 -> 19
25 -> 32
57 -> 57
41 -> 55
75 -> 77
40 -> 55
24 -> 32
23 -> 32
5 -> 13
51 -> 55
43 -> 55
73 -> 73
76 -> 77
32 -> 55
56 -> 57
36 -> 55
22 -> 32
20 -> 32
11 -> 13
70 -> 71
27 -> 32
77 -> 80
10 -> 13
52 -> 55
38 -> 55
3 -> 13
15 -> 15
59 -> 71
35 -> 55
68 -> 71
69 -> 71
16 -> 17
1 -> 13
6 -> 13
65 -> 71
12 -> 13
30 -> 32
58 -> 71
49 -> 55
28 -> 32
4 -> 13
71 -> 80
42 -> 55
7 -> 13
31 -> 32
80 -> 80
2 -> 13
72 -> 73
79 -> 79
45 -> 55
60 -> 71
0 -> 13
64 -> 71
39 -> 55
74 -> 77
61 -> 71
8 -> 13
37 -> 55
13 -> 17
21 -> 32
19 -> 32
17 -> 32
66 -> 71
14 -> 15
