Breakpoint Set at 7
Breakpoint Set at 17
Breakpoint Set at 105
Breakpoint Set at 95
Breakpoint Set at 163
Breakpoint Set at 48
Breakpoint Set at 120
Breakpoint Set at 115
Breakpoint Set at 154
Breakpoint Set at 36
Breakpoint Set at 128
Breakpoint Set at 27
Breakpoint Set at 75
Breakpoint Set at 141
Breakpoint Set at 164
Breakpoint Set at 172
Breakpoint Set at 168
Breakpoint Set at 21
Breakpoint Set at 39
Breakpoint Set at 19
Breakpoint Set at 48
Breakpoint Set at 158
Breakpoint Set at 85
Breakpoint Set at 95
Breakpoint Set at 84
Breakpoint Set at 83
Breakpoint Set at 51
Breakpoint Set at 10
Breakpoint Set at 63
Breakpoint Set at 144
Breakpoint Set at 126
Breakpoint Set at 130
Breakpoint Set at 107
Breakpoint Set at 86
Breakpoint Set at 171
Paused at 7
	Hit Breakpoint(s) 
	Call Stack:  
	Bindings: 
