Breakpoint Set at 17
Breakpoint Set at 124
Breakpoint Set at 254
Breakpoint Set at 290
Breakpoint Set at 419
Breakpoint Set at 108
Breakpoint Set at 290
Breakpoint Set at 290
Breakpoint Set at 370
Breakpoint Set at 71
Breakpoint Set at 304
Breakpoint Set at 50
Breakpoint Set at 169
Breakpoint Set at 329
Breakpoint Set at 419
Breakpoint Set at 372
Breakpoint Set at 419
Breakpoint Set at 24
Breakpoint Set at 71
Breakpoint Set at 270
Breakpoint Set at 124
Breakpoint Set at 385
Breakpoint Set at 188
Breakpoint Set at 26
Breakpoint Set at 183
Breakpoint Set at 178
Breakpoint Set at 88
Breakpoint Set at 335
Breakpoint Set at 366
Breakpoint Set at 118
Breakpoint Set at 340
Breakpoint Set at 293
Breakpoint Set at 302
Breakpoint Set at 233
Breakpoint Set at 177
Breakpoint Set at 419
Breakpoint Set at 325
Breakpoint Set at 112
Breakpoint Set at 385
Breakpoint Set at 307
Breakpoint Set at 377
Breakpoint Set at 84
Breakpoint Set at 61
Breakpoint Set at 245
Breakpoint Set at 350
Breakpoint Set at 100
Breakpoint Set at 284
Breakpoint Set at 290
Breakpoint Set at 327
Breakpoint Set at 191
Breakpoint Set at 142
Breakpoint Set at 290
Breakpoint Set at 114
Breakpoint Set at 356
Breakpoint Set at 109
Breakpoint Set at 304
Breakpoint Set at 242
Breakpoint Set at 326
Breakpoint Set at 255
Breakpoint Set at 290
Breakpoint Set at 41
Breakpoint Set at 219
Breakpoint Set at 124
Breakpoint Set at 252
Breakpoint Set at 113
Breakpoint Set at 369
Breakpoint Set at 191
Breakpoint Set at 97
Breakpoint Set at 20
Breakpoint Set at 419
Breakpoint Set at 290
Breakpoint Set at 165
Breakpoint Set at 419
Breakpoint Set at 80
Breakpoint Set at 419
Breakpoint Set at 30
Breakpoint Set at 270
Breakpoint Set at 60
Breakpoint Set at 290
Breakpoint Set at 33
Breakpoint Set at 142
Breakpoint Set at 331
Breakpoint Set at 357
Breakpoint Set at 194
Breakpoint Set at 335
Paused at 124
	Hit Breakpoint(s) 
	Call Stack:  
	Bindings: 
