Breakpoint Set at 14
Breakpoint Set at 27
Breakpoint Set at 175
Breakpoint Set at 157
Breakpoint Set at 282
Breakpoint Set at 75
Breakpoint Set at 203
Breakpoint Set at 194
Breakpoint Set at 255
Breakpoint Set at 53
Breakpoint Set at 215
Breakpoint Set at 43
Breakpoint Set at 118
Breakpoint Set at 227
Breakpoint Set at 282
Breakpoint Set at 288
Breakpoint Set at 256
Breakpoint Set at 282
Breakpoint Set at 22
Breakpoint Set at 54
Breakpoint Set at 194
Breakpoint Set at 62
Breakpoint Set at 282
Breakpoint Set at 133
Breakpoint Set at 25
Breakpoint Set at 131
Breakpoint Set at 127
Breakpoint Set at 68
Breakpoint Set at 232
Breakpoint Set at 252
Breakpoint Set at 89
Breakpoint Set at 242
Breakpoint Set at 204
Breakpoint Set at 14
Breakpoint Set at 165
Breakpoint Set at 128
Breakpoint Set at 227
Breakpoint Set at 87
Breakpoint Set at 282
Breakpoint Set at 282
Breakpoint Set at 70
Breakpoint Set at 55
Breakpoint Set at 174
Breakpoint Set at 243
Breakpoint Set at 81
Breakpoint Set at 203
Breakpoint Set at 203
Breakpoint Set at 229
Breakpoint Set at 141
Breakpoint Set at 105
Breakpoint Set at 164
Breakpoint Set at 92
Breakpoint Set at 246
Breakpoint Set at 90
Breakpoint Set at 215
Breakpoint Set at 14
Breakpoint Set at 51
Breakpoint Set at 184
Paused at 14
	Hit Breakpoint(s) 
	Call Stack:  
	Bindings: 
