Breakpoint Set at 26
Breakpoint Set at 29
Breakpoint Set at 180
Breakpoint Set at 161
Breakpoint Set at 279
Breakpoint Set at 77
Breakpoint Set at 205
Breakpoint Set at 197
Breakpoint Set at 262
Breakpoint Set at 54
Breakpoint Set at 218
Breakpoint Set at 39
Breakpoint Set at 124
Breakpoint Set at 237
Breakpoint Set at 283
Breakpoint Set at 297
Breakpoint Set at 265
Breakpoint Set at 289
Breakpoint Set at 26
Breakpoint Set at 58
Breakpoint Set at 193
Breakpoint Set at 63
Breakpoint Set at 272
Breakpoint Set at 137
Breakpoint Set at 26
Breakpoint Set at 134
Breakpoint Set at 131
Breakpoint Set at 70
Breakpoint Set at 239
Breakpoint Set at 260
Breakpoint Set at 91
Breakpoint Set at 248
Breakpoint Set at 212
Breakpoint Set at 218
Breakpoint Set at 170
Breakpoint Set at 133
Breakpoint Set at 290
Breakpoint Set at 26
Breakpoint Set at 89
Breakpoint Set at 223
Breakpoint Set at 268
Breakpoint Set at 72
Breakpoint Set at 26
Breakpoint Set at 178
Breakpoint Set at 251
Breakpoint Set at 83
Breakpoint Set at 206
Breakpoint Set at 212
Breakpoint Set at 237
Breakpoint Set at 144
Breakpoint Set at 107
Breakpoint Set at 168
Breakpoint Set at 94
Breakpoint Set at 252
Breakpoint Set at 31
Breakpoint Set at 220
Breakpoint Set at 3
Breakpoint Set at 237
Breakpoint Set at 193
Breakpoint Set at 168
Paused at 54
	Hit Breakpoint(s) 
	Call Stack:  
	Bindings: a: function
		A: function
		B: undefined
		d: undefined
		D: undefined
		daysLong: undefined
		daysShort: undefined
		daysSuffix: undefined
		F: undefined
		g: undefined
		G: undefined
		h: undefined
		H: undefined
		i: undefined
		ia: undefined
		ij: undefined
		input: string = Y-m-d
		j: undefined
		l: undefined
		L: undefined
		m: undefined
		M: undefined
		monthsLong: undefined
		monthsShort: undefined
		n: undefined
		O: undefined
		prevTime: undefined
		r: undefined
		s: undefined
		S: undefined
		self: undefined
		switches: undefined
		t: undefined
		time: undefined
		U: undefined
		w: undefined
		W: undefined
		y: undefined
		Y: undefined
		z: undefined
