Breakpoint Set at 28
Breakpoint Set at 28
Breakpoint Set at 65
Breakpoint Set at 61
Breakpoint Set at 100
Breakpoint Set at 32
Breakpoint Set at 74
Breakpoint Set at 72
Breakpoint Set at 95
Breakpoint Set at 28
Breakpoint Set at 81
Breakpoint Set at 28
Breakpoint Set at 48
Breakpoint Set at 86
Breakpoint Set at 102
Breakpoint Set at 106
Breakpoint Set at 104
Breakpoint Set at 28
Breakpoint Set at 28
Breakpoint Set at 28
Breakpoint Set at 37
Paused at 28
	Hit Breakpoint(s) 
	Call Stack:  
	Bindings: 
