Set Breakpoint at 23
Set Breakpoint at 53
Set Breakpoint at 352
Set Breakpoint at 315
Set Breakpoint at 546
Set Breakpoint at 148
Set Breakpoint at 401
Set Breakpoint at 383
Set Breakpoint at 513
Set Breakpoint at 96
Set Breakpoint at 420
Set Breakpoint at 65
Set Breakpoint at 231
Set Breakpoint at 455
Set Breakpoint at 552
Set Breakpoint at 582
Set Breakpoint at 516
Set Breakpoint at 566
Set Breakpoint at 26
Set Breakpoint at 91
Set Breakpoint at 372
Set Breakpoint at 107
Set Breakpoint at 528
Set Breakpoint at 255
Set Breakpoint at 19
Set Breakpoint at 249
Set Breakpoint at 240
Set Breakpoint at 113
Set Breakpoint at 462
Set Breakpoint at 506
Set Breakpoint at 155
Set Breakpoint at 470
Set Breakpoint at 7
Set Breakpoint at 415
Set Breakpoint at 316
Set Breakpoint at 236
Set Breakpoint at 568
Set Breakpoint at 448
Set Breakpoint at 144
Set Breakpoint at 530
Set Breakpoint at 421
Set Breakpoint at 102
Set Breakpoint at 68
Set Breakpoint at 329
Set Breakpoint at 483
Set Breakpoint at 124
Set Breakpoint at 387
Set Breakpoint at 389
Set Breakpoint at 449
Set Breakpoint at 253
Set Breakpoint at 172
Set Breakpoint at 303
Set Breakpoint at 141
Set Breakpoint at 46
Set Breakpoint at 133
Set Breakpoint at 413
Set Breakpoint at 324
Set Breakpoint at 447
resume
resume
stepOver
stepOver
stepOut
resume
stepOver
stepOver
stepOut
resume
stepOver
resume
stepIn
stepOut
stepOut
stepOut
stepOut
stepOut
resume
resume
stepOver
resume
stepOut
stepIn
resume
stepIn
stepIn
resume
stepOut
stepOut
resume
stepOut
stepOver
stepOver
stepOver
stepIn
stepOut
stepOver
resume
stepOut
stepOver
stepOut
resume
resume
stepOver
stepOut
resume
stepOver
stepOver
stepOver
stepIn
resume
stepIn
resume
stepOut
resume
stepOver
stepIn
stepOver
stepOver
stepIn
stepOver
stepIn
stepOut
stepOver
resume
stepOut
stepIn
resume
stepOut
stepIn
stepOut
resume
stepIn
stepOut
resume
stepOut
stepOut
stepOver
stepOver
stepIn
stepOver
resume
stepOver
stepOut
stepOut
stepIn
stepOver
stepOut
resume
stepIn
stepIn
stepIn
resume
stepIn
resume
stepOver
stepOver
stepOver
stepOut
