72 -> 72
114 -> 114
43 -> 43
67 -> 67
68 -> 68
13 -> 13
36 -> 36
12 -> 12
172 -> 172
151 -> 151
107 -> 107
108 -> 108
39 -> 39
126 -> 126
16 -> 16
158 -> 158
55 -> 55
141 -> 141
80 -> 80
123 -> 123
58 -> 58
21 -> 21
120 -> 120
128 -> 128
154 -> 154
51 -> 51
92 -> 92
147 -> 147
10 -> 10
163 -> 163
89 -> 89
103 -> 103
76 -> 76
83 -> 83
69 -> 69
145 -> 145
148 -> 148
157 -> 157
97 -> 97
40 -> 40
143 -> 143
144 -> 144
130 -> 130
115 -> 115
17 -> 17
174 -> 174
27 -> 27
159 -> 159
124 -> 124
63 -> 63
156 -> 156
5 -> 5
14 -> 14
45 -> 45
57 -> 57
93 -> 93
102 -> 102
167 -> 167
23 -> 23
7 -> 7
100 -> 100
165 -> 165
22 -> 22
29 -> 29
173 -> 173
136 -> 136
110 -> 110
53 -> 53
88 -> 88
66 -> 66
171 -> 171
134 -> 134
34 -> 34
20 -> 20
15 -> 15
104 -> 104
121 -> 121
95 -> 95
168 -> 168
111 -> 111
152 -> 152
137 -> 137
139 -> 139
11 -> 11
75 -> 75
138 -> 138
82 -> 82
