65 -> 65
104 -> 104
42 -> 42
57 -> 57
58 -> 58
13 -> 13
32 -> 32
56 -> 56
172 -> 172
143 -> 143
93 -> 93
95 -> 95
31 -> 31
112 -> 112
15 -> 15
154 -> 154
41 -> 41
131 -> 131
63 -> 63
105 -> 105
7 -> 7
92 -> 92
102 -> 102
21 -> 21
147 -> 147
101 -> 101
67 -> 67
138 -> 138
39 -> 39
158 -> 158
5 -> 5
81 -> 81
52 -> 52
10 -> 10
80 -> 80
27 -> 27
40 -> 40
148 -> 148
66 -> 66
100 -> 100
124 -> 124
126 -> 126
6 -> 6
88 -> 88
137 -> 137
174 -> 174
171 -> 171
152 -> 152
20 -> 20
130 -> 130
16 -> 16
168 -> 168
33 -> 33
128 -> 128
48 -> 48
115 -> 115
64 -> 64
30 -> 30
84 -> 84
107 -> 107
123 -> 123
54 -> 54
114 -> 114
139 -> 139
22 -> 22
29 -> 29
51 -> 51
68 -> 68
11 -> 11
122 -> 122
159 -> 159
145 -> 145
110 -> 110
34 -> 34
44 -> 44
14 -> 14
86 -> 86
43 -> 43
144 -> 144
90 -> 90
19 -> 19
175 -> 175
97 -> 97
60 -> 60
120 -> 120
136 -> 136
46 -> 46
17 -> 17
70 -> 70
163 -> 163
165 -> 165
121 -> 121
141 -> 141
53 -> 53
142 -> 142
83 -> 83
99 -> 99
151 -> 151
111 -> 111
12 -> 12
23 -> 23
72 -> 72
164 -> 164
157 -> 157
28 -> 28
75 -> 75
55 -> 55
89 -> 89
82 -> 82
69 -> 69
45 -> 45
133 -> 133
76 -> 76
134 -> 134
108 -> 108
161 -> 161
167 -> 167
103 -> 103
85 -> 85
36 -> 36
116 -> 116
173 -> 173
24 -> 24
156 -> 156
87 -> 87
