133 -> 133
107 -> 107
173 -> 173
147 -> 147
90 -> 90
102 -> 102
112 -> 112
20 -> 20
152 -> 152
33 -> 33
164 -> 164
141 -> 141
51 -> 51
42 -> 42
82 -> 82
156 -> 156
53 -> 53
108 -> 108
85 -> 85
56 -> 56
168 -> 168
11 -> 11
21 -> 21
44 -> 44
110 -> 110
19 -> 19
114 -> 114
15 -> 15
24 -> 24
14 -> 14
58 -> 58
31 -> 31
86 -> 86
52 -> 52
67 -> 67
46 -> 46
158 -> 158
163 -> 163
75 -> 75
65 -> 65
97 -> 97
137 -> 137
104 -> 104
120 -> 120
40 -> 40
88 -> 88
105 -> 105
111 -> 111
17 -> 17
5 -> 5
161 -> 161
128 -> 128
95 -> 95
76 -> 76
138 -> 138
81 -> 81
32 -> 32
63 -> 63
72 -> 72
126 -> 126
12 -> 12
101 -> 101
93 -> 93
130 -> 130
57 -> 57
136 -> 136
148 -> 148
64 -> 64
10 -> 10
142 -> 142
69 -> 69
23 -> 23
151 -> 151
165 -> 165
6 -> 6
100 -> 100
28 -> 28
54 -> 54
48 -> 48
7 -> 7
154 -> 154
80 -> 80
134 -> 134
157 -> 157
13 -> 13
139 -> 139
145 -> 145
131 -> 131
27 -> 27
22 -> 22
99 -> 99
171 -> 171
174 -> 174
84 -> 84
92 -> 92
43 -> 43
143 -> 143
172 -> 172
66 -> 66
41 -> 41
36 -> 36
123 -> 123
55 -> 55
175 -> 175
167 -> 167
124 -> 124
30 -> 30
121 -> 121
39 -> 39
45 -> 45
16 -> 16
68 -> 68
116 -> 116
83 -> 83
70 -> 70
89 -> 89
122 -> 122
103 -> 103
115 -> 115
144 -> 144
87 -> 87
60 -> 60
34 -> 34
159 -> 159
29 -> 29
