29 -> 29
40 -> 40
103 -> 103
120 -> 120
39 -> 39
108 -> 108
126 -> 126
123 -> 123
136 -> 136
69 -> 69
97 -> 97
134 -> 134
17 -> 17
172 -> 172
75 -> 75
55 -> 55
58 -> 58
151 -> 151
174 -> 174
158 -> 158
63 -> 63
156 -> 156
67 -> 67
143 -> 143
111 -> 111
66 -> 66
10 -> 10
5 -> 5
14 -> 14
121 -> 121
110 -> 110
100 -> 100
163 -> 163
13 -> 13
16 -> 16
15 -> 15
83 -> 83
68 -> 68
95 -> 95
173 -> 173
114 -> 114
167 -> 167
102 -> 102
147 -> 147
145 -> 145
165 -> 165
22 -> 22
53 -> 53
148 -> 148
89 -> 89
128 -> 128
137 -> 137
130 -> 130
93 -> 93
80 -> 80
92 -> 92
45 -> 45
20 -> 20
141 -> 141
12 -> 12
107 -> 107
152 -> 152
57 -> 57
76 -> 76
27 -> 27
168 -> 168
159 -> 159
82 -> 82
171 -> 171
36 -> 36
23 -> 23
139 -> 139
34 -> 34
7 -> 7
144 -> 144
154 -> 154
43 -> 43
157 -> 157
104 -> 104
88 -> 88
115 -> 115
72 -> 72
138 -> 138
21 -> 21
124 -> 124
51 -> 51
11 -> 11
