7 -> 7
16 -> 16
104 -> 104
93 -> 93
163 -> 163
43 -> 43
120 -> 120
114 -> 114
152 -> 152
27 -> 27
124 -> 124
17 -> 17
66 -> 66
134 -> 134
171 -> 171
172 -> 172
5 -> 5
22 -> 22
108 -> 108
39 -> 39
156 -> 156
75 -> 75
69 -> 69
67 -> 67
136 -> 136
148 -> 148
51 -> 51
137 -> 137
115 -> 115
128 -> 128
89 -> 89
158 -> 158
34 -> 34
121 -> 121
20 -> 20
10 -> 10
92 -> 92
141 -> 141
110 -> 110
130 -> 130
82 -> 82
29 -> 29
88 -> 88
95 -> 95
80 -> 80
159 -> 159
23 -> 23
154 -> 154
63 -> 63
15 -> 15
58 -> 58
168 -> 168
45 -> 45
157 -> 157
144 -> 144
97 -> 97
139 -> 139
55 -> 55
36 -> 36
126 -> 126
143 -> 143
21 -> 21
68 -> 68
147 -> 147
72 -> 72
174 -> 174
53 -> 53
40 -> 40
165 -> 165
12 -> 12
83 -> 83
76 -> 76
100 -> 100
102 -> 102
11 -> 11
111 -> 111
167 -> 167
14 -> 14
145 -> 145
107 -> 107
103 -> 103
57 -> 57
123 -> 123
151 -> 151
13 -> 13
138 -> 138
173 -> 173
24 -> 24
81 -> 81
70 -> 70
112 -> 112
131 -> 131
32 -> 32
161 -> 161
85 -> 85
52 -> 52
175 -> 175
30 -> 30
31 -> 31
65 -> 65
42 -> 42
46 -> 46
87 -> 87
33 -> 33
133 -> 133
44 -> 44
164 -> 164
60 -> 60
56 -> 56
142 -> 142
64 -> 64
86 -> 86
19 -> 19
41 -> 41
105 -> 105
122 -> 122
6 -> 6
99 -> 99
28 -> 28
84 -> 84
54 -> 54
101 -> 101
116 -> 116
90 -> 90
48 -> 48
