42 -> 42
43 -> 43
46 -> 46
47 -> 47
50 -> 50
51 -> 51
52 -> 52
53 -> 53
54 -> 54
58 -> 58
59 -> 59
60 -> 60
61 -> 61
62 -> 62
63 -> 63
64 -> 64
66 -> 66
67 -> 67
71 -> 71
72 -> 72
75 -> 75
87 -> 87
88 -> 88
89 -> 89
92 -> 92
93 -> 93
94 -> 94
96 -> 96
99 -> 99
100 -> 100
103 -> 103
104 -> 104
106 -> 106
107 -> 107
108 -> 108
113 -> 113
114 -> 114
116 -> 116
117 -> 117
119 -> 119
121 -> 121
122 -> 122
124 -> 124
126 -> 126
128 -> 128
129 -> 129
130 -> 130
131 -> 131
134 -> 134
137 -> 137
138 -> 138
