42 -> 42
87 -> 87
75 -> 75
128 -> 128
93 -> 93
89 -> 89
121 -> 121
99 -> 99
52 -> 52
119 -> 119
129 -> 129
137 -> 137
134 -> 134
124 -> 124
58 -> 58
53 -> 53
117 -> 117
108 -> 108
92 -> 92
94 -> 94
71 -> 71
103 -> 103
96 -> 96
72 -> 72
113 -> 113
138 -> 138
64 -> 64
61 -> 61
59 -> 59
50 -> 50
122 -> 122
114 -> 114
100 -> 100
43 -> 43
54 -> 54
116 -> 116
46 -> 46
130 -> 130
60 -> 60
88 -> 88
131 -> 131
63 -> 63
47 -> 47
107 -> 107
104 -> 104
126 -> 126
67 -> 67
51 -> 51
106 -> 106
66 -> 66
62 -> 62
