117 -> 117
104 -> 104
138 -> 138
126 -> 126
96 -> 96
43 -> 43
108 -> 108
54 -> 54
128 -> 128
63 -> 63
131 -> 131
124 -> 124
72 -> 72
71 -> 71
99 -> 99
130 -> 130
88 -> 88
114 -> 114
51 -> 51
93 -> 93
137 -> 137
107 -> 107
92 -> 92
61 -> 61
42 -> 42
53 -> 53
121 -> 121
64 -> 64
103 -> 103
58 -> 58
106 -> 106
66 -> 66
62 -> 62
87 -> 87
67 -> 67
113 -> 113
134 -> 134
75 -> 75
94 -> 94
100 -> 100
47 -> 47
59 -> 59
129 -> 129
122 -> 122
116 -> 116
50 -> 50
119 -> 119
52 -> 52
46 -> 46
60 -> 60
89 -> 89
