Breakpoint Set at 1
Breakpoint Set at 2
Breakpoint Set at 7
Breakpoint Set at 3
Breakpoint Set at 10
Breakpoint Set at 4
Breakpoint Set at 9
Breakpoint Set at 7
Breakpoint Set at 5
Breakpoint Set at 8
Paused at 2
	Hit Breakpoint(s) 
	Call Stack:  
	Bindings: 
Paused at 3
	Hit Breakpoint(s) 
	Call Stack:  
	Bindings: 
Paused at 7
	Hit Breakpoint(s) 
	Call Stack:  
	Bindings: 
Paused at 1
	Hit Breakpoint(s) 
	Call Stack: Person 
	Bindings: name: string = Peter
Paused at 1
	Call Stack: Person 
	Bindings: name: string = Peter
Paused at 8
	Call Stack:  
	Bindings: 
Paused at 8
	Hit Breakpoint(s) 
	Call Stack:  
	Bindings: 
Paused at 9
	Call Stack:  
	Bindings: 
Paused at 10
	Call Stack:  
	Bindings: 
Paused at 10
	Hit Breakpoint(s) 
	Call Stack:  
	Bindings: 
Paused at 4
	Hit Breakpoint(s) 
	Call Stack: isJoe 
	Bindings: 
Paused at 5
	Call Stack: isJoe 
	Bindings: 
Paused at 5
	Hit Breakpoint(s) 
	Call Stack: isJoe 
	Bindings: 
Paused at 5
	Call Stack: isJoe 
	Bindings: 
Paused at 10
	Call Stack:  
	Bindings: 
