324 -> 324
99 -> 99
6 -> 13
56 -> 57
306 -> 306
3 -> 13
376 -> 376
281 -> 282
346 -> 346
189 -> 190
292 -> 292
142 -> 164
4 -> 13
42 -> 42
112 -> 112
83 -> 83
60 -> 60
61 -> 61
372 -> 372
422 -> 423
393 -> 418
263 -> 263
242 -> 244
84 -> 84
231 -> 232
408 -> 418
333 -> 334
0 -> 13
92 -> 92
100 -> 100
224 -> 230
79 -> 79
144 -> 164
177 -> 177
296 -> 296
424 -> 424
375 -> 376
355 -> 355
350 -> 350
150 -> 164
356 -> 356
7 -> 13
111 -> 111
369 -> 369
313 -> 313
260 -> 260
288 -> 289
149 -> 164
183 -> 185
200 -> 201
218 -> 218
176 -> 176
160 -> 164
291 -> 292
397 -> 418
124 -> 141
154 -> 164
256 -> 256
354 -> 355
24 -> 24
334 -> 343
105 -> 107
192 -> 193
329 -> 330
304 -> 304
374 -> 376
370 -> 371
335 -> 335
69 -> 70
53 -> 53
235 -> 235
97 -> 97
388 -> 418
180 -> 181
81 -> 83
412 -> 418
364 -> 365
139 -> 141
164 -> 230
303 -> 303
236 -> 236
230 -> 278
394 -> 418
146 -> 164
36 -> 39
59 -> 59
182 -> 182
216 -> 218
301 -> 301
156 -> 164
381 -> 384
162 -> 164
32 -> 32
25 -> 25
187 -> 187
223 -> 230
209 -> 209
414 -> 418
407 -> 418
184 -> 185
253 -> 253
157 -> 164
26 -> 28
332 -> 332
342 -> 343
108 -> 108
29 -> 29
46 -> 47
16 -> 16
336 -> 336
269 -> 269
382 -> 384
325 -> 325
219 -> 219
190 -> 230
96 -> 96
47 -> 57
371 -> 376
384 -> 425
45 -> 47
279 -> 279
363 -> 363
65 -> 65
93 -> 95
155 -> 164
299 -> 299
392 -> 418
168 -> 168
386 -> 418
186 -> 187
339 -> 339
62 -> 62
226 -> 230
233 -> 233
320 -> 320
366 -> 366
293 -> 294
147 -> 164
185 -> 230
284 -> 289
18 -> 19
171 -> 171
38 -> 39
221 -> 230
411 -> 418
365 -> 368
232 -> 278
413 -> 418
418 -> 425
145 -> 164
49 -> 49
21 -> 21
245 -> 245
380 -> 384
241 -> 241
326 -> 326
276 -> 278
272 -> 272
379 -> 379
114 -> 116
134 -> 141
389 -> 418
40 -> 40
287 -> 289
67 -> 67
345 -> 345
268 -> 269
54 -> 57
163 -> 164
362 -> 362
270 -> 272
283 -> 283
225 -> 230
37 -> 39
246 -> 246
251 -> 251
277 -> 278
289 -> 292
330 -> 343
117 -> 117
254 -> 254
23 -> 23
328 -> 328
175 -> 176
72 -> 75
347 -> 347
78 -> 78
58 -> 58
340 -> 340
377 -> 377
349 -> 349
94 -> 95
302 -> 303
131 -> 141
285 -> 289
74 -> 75
368 -> 376
300 -> 301
361 -> 361
227 -> 230
314 -> 314
316 -> 316
275 -> 278
161 -> 164
113 -> 113
400 -> 418
159 -> 164
107 -> 111
317 -> 317
2 -> 13
120 -> 123
87 -> 87
70 -> 75
