251 -> 251
225 -> 230
329 -> 330
147 -> 164
349 -> 349
190 -> 190
302 -> 303
303 -> 320
388 -> 418
23 -> 23
59 -> 59
96 -> 96
177 -> 177
187 -> 187
83 -> 83
79 -> 79
364 -> 365
108 -> 108
242 -> 244
291 -> 292
32 -> 32
284 -> 289
168 -> 168
334 -> 334
241 -> 241
18 -> 19
254 -> 254
418 -> 425
301 -> 301
69 -> 70
324 -> 324
107 -> 107
81 -> 83
176 -> 176
397 -> 418
328 -> 328
268 -> 269
276 -> 278
99 -> 99
232 -> 232
407 -> 418
182 -> 182
380 -> 384
16 -> 16
389 -> 418
350 -> 350
40 -> 40
4 -> 13
223 -> 230
375 -> 376
371 -> 371
384 -> 425
382 -> 384
113 -> 113
163 -> 164
306 -> 306
117 -> 117
408 -> 418
216 -> 218
412 -> 418
112 -> 112
221 -> 230
60 -> 60
393 -> 418
87 -> 87
325 -> 325
25 -> 25
369 -> 369
288 -> 289
368 -> 368
124 -> 141
269 -> 278
339 -> 339
253 -> 253
189 -> 190
326 -> 326
283 -> 283
227 -> 230
70 -> 75
355 -> 355
134 -> 141
29 -> 29
111 -> 111
49 -> 49
37 -> 39
