59 -> 59
379 -> 379
326 -> 326
384 -> 384
227 -> 230
288 -> 289
176 -> 176
368 -> 368
335 -> 335
97 -> 97
6 -> 13
303 -> 303
364 -> 365
281 -> 282
150 -> 164
422 -> 423
382 -> 384
154 -> 164
276 -> 278
145 -> 164
111 -> 111
279 -> 279
3 -> 13
56 -> 57
289 -> 292
180 -> 181
393 -> 418
347 -> 347
96 -> 96
235 -> 235
40 -> 40
32 -> 32
371 -> 371
253 -> 253
389 -> 418
370 -> 371
246 -> 246
25 -> 25
302 -> 303
0 -> 13
376 -> 376
293 -> 294
363 -> 363
355 -> 355
407 -> 418
146 -> 164
2 -> 13
162 -> 164
333 -> 334
375 -> 376
74 -> 75
304 -> 304
380 -> 384
411 -> 418
241 -> 241
131 -> 141
414 -> 418
374 -> 376
221 -> 230
226 -> 230
37 -> 39
159 -> 164
83 -> 83
107 -> 107
99 -> 99
224 -> 230
328 -> 328
299 -> 299
192 -> 193
225 -> 230
394 -> 418
156 -> 164
160 -> 164
317 -> 317
269 -> 269
277 -> 278
413 -> 418
134 -> 141
346 -> 346
190 -> 190
231 -> 232
24 -> 24
292 -> 320
272 -> 272
155 -> 164
285 -> 289
354 -> 355
320 -> 343
120 -> 123
340 -> 340
418 -> 425
260 -> 260
92 -> 92
313 -> 313
356 -> 356
94 -> 95
54 -> 57
93 -> 95
70 -> 70
256 -> 256
301 -> 301
349 -> 349
117 -> 117
183 -> 185
36 -> 39
334 -> 343
49 -> 49
366 -> 366
149 -> 164
412 -> 418
58 -> 58
388 -> 418
186 -> 187
361 -> 361
100 -> 100
251 -> 251
306 -> 306
114 -> 116
316 -> 316
245 -> 245
113 -> 113
291 -> 292
69 -> 70
184 -> 185
233 -> 233
81 -> 83
254 -> 254
377 -> 377
275 -> 278
139 -> 141
65 -> 65
144 -> 164
287 -> 289
342 -> 343
108 -> 108
23 -> 23
236 -> 236
67 -> 67
263 -> 263
84 -> 84
142 -> 164
314 -> 314
38 -> 39
345 -> 345
45 -> 47
381 -> 384
163 -> 164
386 -> 418
336 -> 336
242 -> 244
372 -> 372
424 -> 424
362 -> 362
230 -> 278
168 -> 168
392 -> 418
7 -> 13
78 -> 78
232 -> 278
124 -> 141
200 -> 201
147 -> 164
350 -> 350
112 -> 112
4 -> 13
60 -> 60
79 -> 79
53 -> 53
18 -> 19
185 -> 230
177 -> 177
47 -> 57
171 -> 171
369 -> 369
29 -> 29
182 -> 182
219 -> 219
16 -> 16
218 -> 218
187 -> 230
408 -> 418
325 -> 325
223 -> 230
46 -> 47
400 -> 418
87 -> 87
268 -> 269
175 -> 176
283 -> 283
300 -> 301
157 -> 164
324 -> 324
189 -> 190
209 -> 209
296 -> 296
26 -> 28
161 -> 164
216 -> 218
330 -> 330
105 -> 107
284 -> 289
365 -> 368
164 -> 230
332 -> 332
61 -> 61
397 -> 418
339 -> 339
329 -> 330
72 -> 75
62 -> 62
21 -> 21
42 -> 42
270 -> 272
