317 -> 317
56 -> 57
414 -> 418
263 -> 263
363 -> 363
287 -> 289
411 -> 418
371 -> 371
374 -> 376
301 -> 301
62 -> 62
54 -> 57
113 -> 113
83 -> 83
230 -> 230
184 -> 185
350 -> 350
379 -> 379
53 -> 53
325 -> 325
21 -> 21
0 -> 13
408 -> 418
382 -> 384
256 -> 256
413 -> 418
149 -> 164
340 -> 340
99 -> 99
375 -> 376
168 -> 168
270 -> 272
155 -> 164
306 -> 306
4 -> 13
324 -> 324
418 -> 425
7 -> 13
96 -> 96
117 -> 117
139 -> 141
336 -> 336
393 -> 418
299 -> 299
361 -> 361
355 -> 355
328 -> 328
3 -> 13
94 -> 95
142 -> 164
219 -> 219
316 -> 316
400 -> 418
108 -> 108
84 -> 84
254 -> 254
369 -> 369
171 -> 171
124 -> 141
272 -> 278
233 -> 233
225 -> 230
389 -> 418
26 -> 28
326 -> 326
293 -> 294
161 -> 164
60 -> 60
74 -> 75
276 -> 278
422 -> 423
289 -> 292
368 -> 368
114 -> 116
329 -> 330
159 -> 164
163 -> 164
288 -> 289
144 -> 164
42 -> 42
185 -> 230
241 -> 241
107 -> 107
275 -> 278
61 -> 61
189 -> 190
300 -> 301
231 -> 232
18 -> 19
314 -> 314
412 -> 418
72 -> 75
253 -> 253
97 -> 97
376 -> 384
154 -> 164
36 -> 39
304 -> 304
251 -> 251
349 -> 349
226 -> 230
160 -> 164
218 -> 218
157 -> 164
87 -> 87
339 -> 339
227 -> 230
365 -> 365
92 -> 92
223 -> 230
111 -> 111
70 -> 70
67 -> 67
292 -> 320
100 -> 100
32 -> 32
388 -> 418
356 -> 356
29 -> 29
330 -> 343
268 -> 269
313 -> 313
345 -> 345
372 -> 372
134 -> 141
112 -> 112
346 -> 346
342 -> 343
380 -> 384
296 -> 296
2 -> 13
37 -> 39
386 -> 418
23 -> 23
177 -> 177
362 -> 362
377 -> 377
162 -> 164
131 -> 141
364 -> 365
333 -> 334
397 -> 418
38 -> 39
40 -> 40
302 -> 303
78 -> 78
381 -> 384
175 -> 176
187 -> 187
283 -> 283
200 -> 201
164 -> 230
25 -> 25
224 -> 230
392 -> 418
332 -> 332
59 -> 59
291 -> 292
394 -> 418
221 -> 230
65 -> 65
24 -> 24
216 -> 218
277 -> 278
232 -> 278
120 -> 123
245 -> 245
246 -> 246
69 -> 70
370 -> 371
279 -> 279
105 -> 107
209 -> 209
145 -> 164
354 -> 355
334 -> 343
384 -> 425
347 -> 347
176 -> 230
93 -> 95
190 -> 230
285 -> 289
46 -> 47
303 -> 320
47 -> 57
16 -> 16
147 -> 164
281 -> 282
269 -> 278
407 -> 418
424 -> 424
366 -> 366
236 -> 236
150 -> 164
186 -> 187
79 -> 79
235 -> 235
58 -> 58
284 -> 289
6 -> 13
192 -> 193
45 -> 47
49 -> 49
146 -> 164
320 -> 343
335 -> 335
183 -> 185
156 -> 164
81 -> 83
242 -> 244
260 -> 260
182 -> 182
180 -> 181
