79 -> 79
160 -> 164
196 -> 196
169 -> 169
29 -> 29
121 -> 123
311 -> 313
88 -> 88
425 -> 425
379 -> 379
366 -> 366
243 -> 244
345 -> 345
8 -> 13
285 -> 289
147 -> 164
388 -> 418
402 -> 418
257 -> 258
220 -> 230
4 -> 13
391 -> 418
18 -> 19
1 -> 13
21 -> 21
326 -> 326
336 -> 336
114 -> 116
327 -> 328
414 -> 418
275 -> 278
78 -> 78
76 -> 76
370 -> 371
116 -> 123
72 -> 75
284 -> 289
293 -> 294
371 -> 376
328 -> 343
324 -> 324
395 -> 418
412 -> 418
321 -> 322
118 -> 118
421 -> 421
360 -> 360
273 -> 273
214 -> 214
259 -> 260
313 -> 320
422 -> 423
392 -> 418
69 -> 70
59 -> 59
131 -> 141
417 -> 418
126 -> 141
161 -> 164
172 -> 172
22 -> 22
283 -> 283
397 -> 418
6 -> 13
309 -> 309
305 -> 305
211 -> 213
290 -> 292
167 -> 168
26 -> 28
341 -> 343
352 -> 352
393 -> 418
97 -> 97
407 -> 418
83 -> 83
413 -> 418
411 -> 418
251 -> 251
299 -> 299
225 -> 230
269 -> 269
13 -> 39
247 -> 247
260 -> 278
36 -> 39
359 -> 359
291 -> 292
192 -> 193
288 -> 289
264 -> 264
423 -> 425
230 -> 278
272 -> 272
57 -> 57
256 -> 256
154 -> 164
282 -> 282
222 -> 230
11 -> 13
384 -> 384
348 -> 349
176 -> 176
110 -> 111
295 -> 296
136 -> 141
92 -> 92
296 -> 320
301 -> 301
33 -> 33
170 -> 170
217 -> 218
38 -> 39
410 -> 418
152 -> 164
255 -> 256
265 -> 265
253 -> 253
289 -> 292
7 -> 13
315 -> 316
209 -> 209
236 -> 236
163 -> 164
40 -> 40
377 -> 377
200 -> 201
367 -> 367
194 -> 194
102 -> 102
404 -> 418
14 -> 14
71 -> 71
173 -> 176
141 -> 164
195 -> 196
347 -> 347
37 -> 39
108 -> 108
159 -> 164
89 -> 90
155 -> 164
281 -> 282
339 -> 339
322 -> 343
415 -> 418
381 -> 384
237 -> 237
369 -> 369
224 -> 230
47 -> 47
337 -> 337
262 -> 263
263 -> 278
307 -> 309
15 -> 16
252 -> 253
58 -> 58
184 -> 185
143 -> 164
93 -> 95
104 -> 104
408 -> 418
144 -> 164
3 -> 13
240 -> 241
318 -> 320
168 -> 230
187 -> 187
119 -> 119
361 -> 361
179 -> 181
158 -> 164
105 -> 107
190 -> 190
165 -> 168
356 -> 356
130 -> 141
286 -> 289
376 -> 384
382 -> 384
23 -> 23
383 -> 384
330 -> 330
401 -> 418
28 -> 39
189 -> 190
12 -> 13
149 -> 164
134 -> 141
319 -> 320
409 -> 418
378 -> 378
125 -> 141
261 -> 261
100 -> 100
49 -> 49
81 -> 83
287 -> 289
181 -> 230
54 -> 57
2 -> 13
231 -> 232
56 -> 57
138 -> 141
106 -> 107
94 -> 95
207 -> 209
329 -> 330
308 -> 309
101 -> 101
203 -> 203
363 -> 363
99 -> 99
39 -> 47
297 -> 297
248 -> 249
34 -> 34
44 -> 47
250 -> 251
205 -> 205
334 -> 334
212 -> 213
84 -> 84
64 -> 65
229 -> 230
162 -> 164
332 -> 332
221 -> 230
61 -> 61
174 -> 176
96 -> 96
74 -> 75
85 -> 85
426 -> 426
50 -> 50
368 -> 368
90 -> 111
73 -> 75
19 -> 39
258 -> 278
298 -> 298
45 -> 47
424 -> 424
142 -> 164
406 -> 418
268 -> 269
186 -> 187
80 -> 83
314 -> 314
215 -> 215
350 -> 350
223 -> 230
183 -> 185
157 -> 164
274 -> 278
113 -> 113
32 -> 32
244 -> 278
400 -> 418
68 -> 68
133 -> 141
399 -> 418
292 -> 320
306 -> 306
24 -> 24
153 -> 164
148 -> 164
358 -> 359
132 -> 141
266 -> 269
5 -> 13
122 -> 123
63 -> 65
216 -> 218
185 -> 230
198 -> 199
385 -> 418
312 -> 313
151 -> 164
418 -> 425
150 -> 164
342 -> 343
43 -> 43
127 -> 141
213 -> 230
403 -> 418
10 -> 13
239 -> 239
227 -> 230
302 -> 303
276 -> 278
140 -> 141
103 -> 104
51 -> 52
365 -> 365
166 -> 168
66 -> 66
354 -> 355
278 -> 282
124 -> 141
316 -> 320
199 -> 230
98 -> 98
112 -> 112
245 -> 245
128 -> 141
233 -> 233
249 -> 278
277 -> 278
16 -> 39
77 -> 78
139 -> 141
175 -> 176
387 -> 418
30 -> 30
31 -> 32
129 -> 141
234 -> 234
137 -> 141
346 -> 346
374 -> 376
420 -> 420
357 -> 359
333 -> 334
117 -> 117
182 -> 182
210 -> 213
115 -> 116
353 -> 353
246 -> 246
396 -> 418
107 -> 111
48 -> 48
70 -> 75
82 -> 83
9 -> 13
65 -> 75
238 -> 239
279 -> 279
241 -> 278
294 -> 320
146 -> 164
42 -> 42
300 -> 301
208 -> 209
171 -> 171
206 -> 209
398 -> 418
41 -> 42
320 -> 343
191 -> 193
27 -> 28
394 -> 418
372 -> 372
232 -> 278
197 -> 199
109 -> 111
280 -> 282
123 -> 164
375 -> 376
419 -> 420
351 -> 351
62 -> 62
202 -> 202
55 -> 57
386 -> 418
325 -> 325
405 -> 418
389 -> 418
242 -> 244
60 -> 60
344 -> 344
87 -> 87
20 -> 21
343 -> 346
86 -> 87
0 -> 13
145 -> 164
75 -> 83
267 -> 269
111 -> 116
201 -> 230
204 -> 204
416 -> 418
226 -> 230
373 -> 376
304 -> 304
228 -> 230
25 -> 25
355 -> 359
235 -> 235
91 -> 91
323 -> 323
178 -> 178
164 -> 230
120 -> 123
340 -> 340
362 -> 362
338 -> 339
193 -> 230
335 -> 335
17 -> 17
95 -> 111
188 -> 188
317 -> 317
254 -> 254
271 -> 272
349 -> 352
310 -> 310
218 -> 230
156 -> 164
180 -> 181
177 -> 177
35 -> 35
390 -> 418
380 -> 384
331 -> 331
52 -> 57
67 -> 67
364 -> 365
135 -> 141
46 -> 47
270 -> 272
219 -> 219
53 -> 53
303 -> 320
