227 -> 230
369 -> 369
134 -> 141
99 -> 99
268 -> 269
25 -> 25
254 -> 254
241 -> 241
388 -> 418
269 -> 278
216 -> 218
407 -> 418
382 -> 384
189 -> 190
59 -> 59
329 -> 330
79 -> 79
32 -> 32
23 -> 23
87 -> 87
288 -> 289
117 -> 117
29 -> 29
284 -> 289
107 -> 107
187 -> 187
182 -> 182
176 -> 176
412 -> 418
389 -> 418
83 -> 83
163 -> 164
368 -> 368
96 -> 96
70 -> 70
225 -> 230
124 -> 141
147 -> 164
16 -> 16
397 -> 418
18 -> 19
168 -> 168
111 -> 111
242 -> 244
112 -> 112
364 -> 365
253 -> 253
306 -> 306
334 -> 334
371 -> 371
4 -> 13
325 -> 325
328 -> 328
81 -> 83
393 -> 418
232 -> 232
326 -> 326
283 -> 283
380 -> 384
324 -> 324
276 -> 278
113 -> 113
177 -> 177
408 -> 418
37 -> 39
69 -> 70
49 -> 49
339 -> 339
384 -> 425
418 -> 425
251 -> 251
355 -> 355
221 -> 230
349 -> 349
301 -> 301
302 -> 303
303 -> 320
108 -> 108
291 -> 292
190 -> 230
375 -> 376
40 -> 40
223 -> 230
60 -> 60
350 -> 350
