request breakpoint   0 at line  47
                   set at line  47
request breakpoint   1 at line  58
                   set at line  58
request breakpoint   2 at line 175
                   set at line 175
request breakpoint   3 at line 168
                   set at line 168
request breakpoint   4 at line 279
                   set at line 279
request breakpoint   5 at line 105
                   set at line 105
request breakpoint   6 at line 226
                   set at line 226
request breakpoint   7 at line 194
                   set at line 194
request breakpoint   8 at line 292
                   set at line 292
request breakpoint   9 at line  75
                   set at line  75
request breakpoint  10 at line 218
                   set at line 218
request breakpoint  11 at line  65
                   set at line  65
request breakpoint  12 at line 131
                   set at line 131
request breakpoint  13 at line 242
                   set at line 242
request breakpoint  14 at line 286
                   set at line 286
request breakpoint  15 at line 299
                   set at line 299
request breakpoint  16 at line 266
                   set at line 266
request breakpoint  17 at line 294
                   set at line 294
request breakpoint  18 at line  59
                   set at line  59
request breakpoint  19 at line  82
                   set at line  82
request breakpoint  20 at line 195
                   set at line 195
request breakpoint  21 at line  93
                   set at line  93
request breakpoint  22 at line 273
                   set at line 273
request breakpoint  23 at line 147
                   set at line 147
request breakpoint  24 at line  63
                   set at line  63
request breakpoint  25 at line 150
                   set at line 150
request breakpoint  26 at line 144
                   set at line 144
request breakpoint  27 at line  96
                   set at line  96
request breakpoint  28 at line 250
                   set at line 250
request breakpoint  29 at line  31
                   set at line  31
request breakpoint  30 at line 113
                   set at line 113
request breakpoint  31 at line 260
                   set at line 260
request breakpoint  32 at line  36
                   set at line  36
request breakpoint  33 at line 237
                   set at line 237
request breakpoint  34 at line   3
                   set at line   3
request breakpoint  35 at line 148
                   set at line 148
paused at line 292
	because of breakpoints [8]
action: stepIn
paused at line 294
action: stepIn
paused at line 295
action: stepOver
paused at line  75
	because of breakpoints [9]
action: stepOver
paused at line  79
action: resume
paused at line 113
	because of breakpoints [30]
action: stepIn
paused at line 117
action: stepOver
paused at line 121
action: stepOver
paused at line 134
action: resume
paused at line 144
	because of breakpoints [26]
action: stepIn
paused at line 148
action: stepOver
paused at line 157
action: stepIn
paused at line 166
action: stepOut
paused at line 175
	because of breakpoints [2]
action: resume
paused at line 226
	because of breakpoints [6]
action: resume
paused at line  31
	because of breakpoints [29]
action: resume
paused at line  36
	because of breakpoints [32]
action: resume
paused at line 266
	because of breakpoints [16]
action: resume
paused at line 273
	because of breakpoints [22]
action: stepIn
paused at line 274
action: stepIn
paused at line 275
action: stepOver
paused at line 279
action: stepIn
paused at line   2
action: resume
paused at line   3
	because of breakpoints [34]
action: stepOut
paused at line   3
	because of breakpoints [34]
action: stepIn
paused at line   2
action: stepOut
paused at line   3
	because of breakpoints [34]
action: stepOut
paused at line   3
	because of breakpoints [34]
action: stepIn
paused at line   2
action: resume
paused at line   3
	because of breakpoints [34]
action: resume
paused at line   3
	because of breakpoints [34]
action: stepIn
paused at line   2
action: resume
paused at line   3
	because of breakpoints [34]
action: stepOver
paused at line   2
action: stepOver
paused at line   3
action: stepOver
paused at line   2
action: stepOut
paused at line   3
	because of breakpoints [34]
action: resume
paused at line   3
	because of breakpoints [34]
action: stepOver
paused at line   2
action: stepIn
paused at line   3
action: resume
paused at line   3
	because of breakpoints [34]
action: stepOver
paused at line   2
action: resume
paused at line   3
	because of breakpoints [34]
action: stepIn
paused at line   2
action: stepIn
paused at line   3
action: stepOver
paused at line   2
action: resume
paused at line   3
	because of breakpoints [34]
action: stepIn
paused at line   2
action: stepOver
paused at line   3
action: stepOver
paused at line   2
action: stepOver
paused at line   3
action: stepOut
paused at line   3
	because of breakpoints [34]
action: stepIn
paused at line   2
action: stepOut
paused at line   3
	because of breakpoints [34]
action: stepIn
paused at line   2
action: resume
paused at line   3
	because of breakpoints [34]
action: stepIn
paused at line   2
action: stepOver
paused at line   3
action: stepOut
paused at line   3
	because of breakpoints [34]
action: stepOver
paused at line   2
action: stepOver
paused at line   3
action: stepOut
paused at line   3
	because of breakpoints [34]
action: stepOver
paused at line   2
action: stepOut
paused at line   3
	because of breakpoints [34]
action: resume
paused at line   3
	because of breakpoints [34]
action: stepOver
paused at line   2
action: stepIn
paused at line   3
action: resume
paused at line   3
	because of breakpoints [34]
action: stepOut
paused at line   3
	because of breakpoints [34]
action: stepIn
paused at line   2
action: resume
paused at line   3
	because of breakpoints [34]
action: stepOut
paused at line   3
	because of breakpoints [34]
action: resume
paused at line   3
	because of breakpoints [34]
action: stepIn
paused at line   6
action: stepOut
paused at line   6
action: resume
paused at line 237
	because of breakpoints [33]
action: stepIn
paused at line 238
action: resume
paused at line 242
	because of breakpoints [13]
action: resume
paused at line 279
	because of breakpoints [4]
action: stepOver
paused at line   3
	because of breakpoints [34]
action: stepOver
paused at line   2
action: stepOut
paused at line   3
	because of breakpoints [34]
action: stepOver
paused at line   2
action: stepIn
paused at line   3
action: stepOver
paused at line   2
action: resume
paused at line   3
	because of breakpoints [34]
action: resume
paused at line   3
	because of breakpoints [34]
action: stepOut
paused at line   3
	because of breakpoints [34]
action: stepOver
paused at line   2
action: resume
paused at line   3
	because of breakpoints [34]
action: stepIn
paused at line   2
action: stepOut
paused at line   3
	because of breakpoints [34]
action: stepOut
paused at line   3
	because of breakpoints [34]
action: stepOut
paused at line   3
	because of breakpoints [34]
action: stepIn
paused at line   2
action: stepOut
paused at line   3
	because of breakpoints [34]
action: stepIn
paused at line   2
action: stepOver
paused at line   3
action: stepOver
paused at line   2
action: stepOver
paused at line   3
action: resume
paused at line   3
	because of breakpoints [34]
action: stepIn
paused at line   2
action: stepOut
paused at line   3
	because of breakpoints [34]
action: resume
paused at line   3
	because of breakpoints [34]
action: resume
paused at line   3
	because of breakpoints [34]
action: stepOver
paused at line   2
action: stepOver
paused at line   3
action: stepOut
paused at line   3
	because of breakpoints [34]
action: stepOut
paused at line   3
	because of breakpoints [34]
action: stepIn
paused at line   2
action: resume
paused at line   3
	because of breakpoints [34]
action: resume
paused at line   3
	because of breakpoints [34]
action: stepIn
paused at line   2
action: stepOver
paused at line   3
action: stepIn
paused at line   2
action: resume
paused at line   3
	because of breakpoints [34]
action: stepOver
paused at line   2
action: stepOut
paused at line   3
	because of breakpoints [34]
action: stepOut
paused at line   3
	because of breakpoints [34]
action: stepOver
paused at line   2
action: stepIn
paused at line   3
action: stepIn
paused at line   2
action: stepOver
paused at line   3
action: resume
paused at line   3
	because of breakpoints [34]
action: stepOver
paused at line   2
action: stepOut
paused at line   3
	because of breakpoints [34]
action: stepIn
paused at line   2
action: stepOut
paused at line   3
	because of breakpoints [34]
action: stepOut
paused at line   6
action: resume
paused at line 279
	because of breakpoints [4]
action: stepOver
paused at line   3
	because of breakpoints [34]
action: stepOver
paused at line   2
action: stepOver
paused at line   3
action: stepIn
paused at line   2
action: stepOut
paused at line   3
	because of breakpoints [34]
action: stepOver
paused at line   2
action: stepIn
paused at line   3
action: stepOver
paused at line   2
action: resume
paused at line   3
	because of breakpoints [34]
action: stepIn
paused at line   2
action: stepOver
paused at line   3
action: resume
paused at line   3
	because of breakpoints [34]
action: stepOver
paused at line   2
action: stepOver
paused at line   3
action: stepOver
paused at line   2
action: resume
paused at line   3
	because of breakpoints [34]
action: stepOver
paused at line   2
action: stepOver
paused at line   3
action: stepIn
paused at line   2
action: resume
paused at line   3
	because of breakpoints [34]
action: stepOver
paused at line   2
action: stepOver
