Breakpoint 0 Set at 4:14
Breakpoint 1 Set at 20:11
Breakpoint 2 Set at 19:11
Paused at 4:14
	Hit Breakpoint(s) 0
	Call Stack:  
	Bindings: 
Paused at 19:11
	Hit Breakpoint(s) 2
	Call Stack: TimeFunc 
	Bindings: func: function
		sum: undefined
		t: undefined
		x: undefined
		y: undefined
Paused at 20:11
	Hit Breakpoint(s) 1
	Call Stack: TimeFunc 
	Bindings: func: function
		sum: number = 0
		t: undefined
		x: undefined
		y: undefined
Paused at 20:15
	Call Stack: TimeFunc 
	Bindings: func: function
		sum: number = 0
		t: undefined
		x: number = 0
		y: undefined
Paused at 21:11
	Call Stack: TimeFunc 
	Bindings: func: function
		sum: number = 0
		t: undefined
		x: number = 0
		y: undefined
Paused at 27:16
	Call Stack:  
	Bindings: 
