Set Breakpoint at 17
Set Breakpoint at 38
Set Breakpoint at 251
Set Breakpoint at 224
Set Breakpoint at 388
Set Breakpoint at 106
Set Breakpoint at 285
Set Breakpoint at 273
Set Breakpoint at 365
Set Breakpoint at 71
Set Breakpoint at 300
Set Breakpoint at 49
Set Breakpoint at 166
Set Breakpoint at 324
Set Breakpoint at 392
Set Breakpoint at 413
Set Breakpoint at 367
Set Breakpoint at 402
Set Breakpoint at 24
Set Breakpoint at 70
Set Breakpoint at 266
Set Breakpoint at 81
Set Breakpoint at 185
Set Breakpoint at 26
Set Breakpoint at 181
Set Breakpoint at 176
Set Breakpoint at 87
Set Breakpoint at 330
Set Breakpoint at 360
Set Breakpoint at 117
Set Breakpoint at 336
Set Breakpoint at 288
Set Breakpoint at 298
Set Breakpoint at 230
Set Breakpoint at 174
Set Breakpoint at 404
Set Breakpoint at 321
Set Breakpoint at 111
Set Breakpoint at 378
Set Breakpoint at 303
Set Breakpoint at 370
Set Breakpoint at 83
resume
resume
stepOver
stepOver
stepOut
resume
stepOver
stepOver
stepOut
resume
stepOver
resume
stepIn
stepOut
stepOut
stepOut
stepOut
stepOut
resume
resume
stepOver
resume
stepOut
stepIn
resume
stepIn
stepIn
resume
stepOut
stepOut
resume
stepOut
stepOver
stepOver
stepOver
stepIn
stepOut
stepOver
resume
stepOut
stepOver
stepOut
resume
resume
stepOver
stepOut
resume
stepOver
stepOver
stepOver
stepIn
resume
stepIn
resume
stepOut
resume
stepOver
stepIn
stepOver
stepOver
stepIn
stepOver
stepIn
stepOut
stepOver
resume
stepOut
stepIn
resume
stepOut
stepIn
stepOut
resume
stepIn
stepOut
resume
stepOut
stepOut
stepOver
stepOver
stepIn
stepOver
resume
stepOver
stepOut
stepOut
stepIn
stepOver
stepOut
resume
stepIn
stepIn
stepIn
resume
stepIn
resume
stepOver
stepOver
stepOver
stepOut
