Breakpoint 0 Set at 49:13
Breakpoint 1 Set at 7:3
Breakpoint 2 Set at 38:8
Breakpoint 3 Set at 34:12
Breakpoint 4 Set at 57:1
Breakpoint 5 Set at 20:14
Paused at 49:13
	Hit Breakpoint(s) 0
	Call Stack:  
	Bindings: 
Paused at 34:12
	Hit Breakpoint(s) 3
	Call Stack: spectralnorm 
	Bindings: i: undefined
		n: number = 6
		u: undefined
		v: undefined
		vBv: undefined
		vv: undefined
		w: undefined
Paused at 38:8
	Hit Breakpoint(s) 2
	Call Stack: spectralnorm 
	Bindings: i: number = 6
		n: number = 6
		u: array
		v: array
		vBv: number = 0
		vv: number = 0
		w: array
Paused at 38:14
	Call Stack: spectralnorm 
	Bindings: i: number = 0
		n: number = 6
		u: array
		v: array
		vBv: number = 0
		vv: number = 0
		w: array
Paused at 39:5
	Call Stack: spectralnorm 
	Bindings: i: number = 0
		n: number = 6
		u: array
		v: array
		vBv: number = 0
		vv: number = 0
		w: array
Paused at 7:3
	Hit Breakpoint(s) 1
	Call Stack: A, Au, AtAu, spectralnorm 
	Bindings: i: number = 0
		j: number = 0
Paused at 7:3
	Hit Breakpoint(s) 1
	Call Stack: A, Au, AtAu, spectralnorm 
	Bindings: i: number = 0
		j: number = 1
Paused at 8:1
	Call Stack: A, Au, AtAu, spectralnorm 
	Bindings: i: number = 0
		j: number = 1
Paused at 13:33
	Call Stack: Au, AtAu, spectralnorm 
	Bindings: i: number = 0
		j: number = 1
		t: number = 1.5
		u: array
		v: array
Paused at 7:3
	Hit Breakpoint(s) 1
	Call Stack: A, Au, AtAu, spectralnorm 
	Bindings: i: number = 0
		j: number = 2
Paused at 7:3
	Hit Breakpoint(s) 1
	Call Stack: A, Au, AtAu, spectralnorm 
	Bindings: i: number = 0
		j: number = 3
Paused at 8:1
	Call Stack: A, Au, AtAu, spectralnorm 
	Bindings: i: number = 0
		j: number = 3
Paused at 7:3
	Hit Breakpoint(s) 1
	Call Stack: A, Au, AtAu, spectralnorm 
	Bindings: i: number = 0
		j: number = 4
Paused at 8:1
	Call Stack: A, Au, AtAu, spectralnorm 
	Bindings: i: number = 0
		j: number = 4
Paused at 13:33
	Call Stack: Au, AtAu, spectralnorm 
	Bindings: i: number = 0
		j: number = 4
		t: number = 1.9837662337662336
		u: array
		v: array
Paused at 7:3
	Hit Breakpoint(s) 1
	Call Stack: A, Au, AtAu, spectralnorm 
	Bindings: i: number = 0
		j: number = 5
Paused at 13:33
	Call Stack: Au, AtAu, spectralnorm 
	Bindings: i: number = 0
		j: number = 5
		t: number = 2.0462662337662336
		u: array
		v: array
Paused at 7:3
	Hit Breakpoint(s) 1
	Call Stack: A, Au, AtAu, spectralnorm 
	Bindings: i: number = 1
		j: number = 0
Paused at 13:33
	Call Stack: Au, AtAu, spectralnorm 
	Bindings: i: number = 1
		j: number = 0
		t: number = 0.3333333333333333
		u: array
		v: array
Paused at 7:3
	Hit Breakpoint(s) 1
	Call Stack: A, Au, AtAu, spectralnorm 
	Bindings: i: number = 1
		j: number = 1
Paused at 7:3
	Hit Breakpoint(s) 1
	Call Stack: A, Au, AtAu, spectralnorm 
	Bindings: i: number = 1
		j: number = 2
Paused at 8:1
	Call Stack: A, Au, AtAu, spectralnorm 
	Bindings: i: number = 1
		j: number = 2
Paused at 7:3
	Hit Breakpoint(s) 1
	Call Stack: A, Au, AtAu, spectralnorm 
	Bindings: i: number = 1
		j: number = 3
Paused at 13:33
	Call Stack: Au, AtAu, spectralnorm 
	Bindings: i: number = 1
		j: number = 3
		t: number = 0.7416666666666667
		u: array
		v: array
Paused at 13:20
	Call Stack: Au, AtAu, spectralnorm 
	Bindings: i: number = 1
		j: number = 4
		t: number = 0.7416666666666667
		u: array
		v: array
Paused at 7:3
	Hit Breakpoint(s) 1
	Call Stack: A, Au, AtAu, spectralnorm 
	Bindings: i: number = 1
		j: number = 4
Paused at 8:1
	Call Stack: A, Au, AtAu, spectralnorm 
	Bindings: i: number = 1
		j: number = 4
Paused at 13:33
	Call Stack: Au, AtAu, spectralnorm 
	Bindings: i: number = 1
		j: number = 4
		t: number = 0.8004901960784314
		u: array
		v: array
Paused at 7:3
	Hit Breakpoint(s) 1
	Call Stack: A, Au, AtAu, spectralnorm 
	Bindings: i: number = 1
		j: number = 5
Paused at 13:33
	Call Stack: Au, AtAu, spectralnorm 
	Bindings: i: number = 1
		j: number = 5
		t: number = 0.8439684569479966
		u: array
		v: array
Paused at 7:3
	Hit Breakpoint(s) 1
	Call Stack: A, Au, AtAu, spectralnorm 
	Bindings: i: number = 2
		j: number = 0
Paused at 7:3
	Hit Breakpoint(s) 1
	Call Stack: A, Au, AtAu, spectralnorm 
	Bindings: i: number = 2
		j: number = 1
Paused at 13:33
	Call Stack: Au, AtAu, spectralnorm 
	Bindings: i: number = 2
		j: number = 1
		t: number = 0.2777777777777778
		u: array
		v: array
Paused at 13:20
	Call Stack: Au, AtAu, spectralnorm 
	Bindings: i: number = 2
		j: number = 2
		t: number = 0.2777777777777778
		u: array
		v: array
Paused at 14:7
	Call Stack: Au, AtAu, spectralnorm 
	Bindings: i: number = 2
		j: number = 2
		t: number = 0.2777777777777778
		u: array
		v: array
Paused at 7:3
	Hit Breakpoint(s) 1
	Call Stack: A, Au, AtAu, spectralnorm 
	Bindings: i: number = 2
		j: number = 2
Paused at 8:1
	Call Stack: A, Au, AtAu, spectralnorm 
	Bindings: i: number = 2
		j: number = 2
Paused at 13:33
	Call Stack: Au, AtAu, spectralnorm 
	Bindings: i: number = 2
		j: number = 2
		t: number = 0.3547008547008547
		u: array
		v: array
Paused at 13:20
	Call Stack: Au, AtAu, spectralnorm 
	Bindings: i: number = 2
		j: number = 3
		t: number = 0.3547008547008547
		u: array
		v: array
Paused at 7:3
	Hit Breakpoint(s) 1
	Call Stack: A, Au, AtAu, spectralnorm 
	Bindings: i: number = 2
		j: number = 3
Paused at 13:33
	Call Stack: Au, AtAu, spectralnorm 
	Bindings: i: number = 2
		j: number = 3
		t: number = 0.41025641025641024
		u: array
		v: array
Paused at 13:20
	Call Stack: Au, AtAu, spectralnorm 
	Bindings: i: number = 2
		j: number = 4
		t: number = 0.41025641025641024
		u: array
		v: array
Paused at 7:3
	Hit Breakpoint(s) 1
	Call Stack: A, Au, AtAu, spectralnorm 
	Bindings: i: number = 2
		j: number = 4
Paused at 7:3
	Hit Breakpoint(s) 1
	Call Stack: A, Au, AtAu, spectralnorm 
	Bindings: i: number = 2
		j: number = 5
Paused at 7:3
	Hit Breakpoint(s) 1
	Call Stack: A, Au, AtAu, spectralnorm 
	Bindings: i: number = 3
		j: number = 0
Paused at 8:1
	Call Stack: A, Au, AtAu, spectralnorm 
	Bindings: i: number = 3
		j: number = 0
Paused at 13:33
	Call Stack: Au, AtAu, spectralnorm 
	Bindings: i: number = 3
		j: number = 0
		t: number = 0.1
		u: array
		v: array
Paused at 7:3
	Hit Breakpoint(s) 1
	Call Stack: A, Au, AtAu, spectralnorm 
	Bindings: i: number = 3
		j: number = 1
Paused at 8:1
	Call Stack: A, Au, AtAu, spectralnorm 
	Bindings: i: number = 3
		j: number = 1
Paused at 13:33
	Call Stack: Au, AtAu, spectralnorm 
	Bindings: i: number = 3
		j: number = 1
		t: number = 0.17142857142857143
		u: array
		v: array
Paused at 13:20
	Call Stack: Au, AtAu, spectralnorm 
	Bindings: i: number = 3
		j: number = 2
		t: number = 0.17142857142857143
		u: array
		v: array
Paused at 14:7
	Call Stack: Au, AtAu, spectralnorm 
	Bindings: i: number = 3
		j: number = 2
		t: number = 0.17142857142857143
		u: array
		v: array
Paused at 7:3
	Hit Breakpoint(s) 1
	Call Stack: A, Au, AtAu, spectralnorm 
	Bindings: i: number = 3
		j: number = 2
Paused at 8:1
	Call Stack: A, Au, AtAu, spectralnorm 
	Bindings: i: number = 3
		j: number = 2
Paused at 7:3
	Hit Breakpoint(s) 1
	Call Stack: A, Au, AtAu, spectralnorm 
	Bindings: i: number = 3
		j: number = 3
Paused at 13:33
	Call Stack: Au, AtAu, spectralnorm 
	Bindings: i: number = 3
		j: number = 3
		t: number = 0.26406015037593983
		u: array
		v: array
Paused at 7:3
	Hit Breakpoint(s) 1
	Call Stack: A, Au, AtAu, spectralnorm 
	Bindings: i: number = 3
		j: number = 4
Paused at 8:1
	Call Stack: A, Au, AtAu, spectralnorm 
	Bindings: i: number = 3
		j: number = 4
Paused at 13:33
	Call Stack: Au, AtAu, spectralnorm 
	Bindings: i: number = 3
		j: number = 4
		t: number = 0.29531015037593983
		u: array
		v: array
Paused at 13:20
	Call Stack: Au, AtAu, spectralnorm 
	Bindings: i: number = 3
		j: number = 5
		t: number = 0.29531015037593983
		u: array
		v: array
Paused at 14:7
	Call Stack: Au, AtAu, spectralnorm 
	Bindings: i: number = 3
		j: number = 5
		t: number = 0.29531015037593983
		u: array
		v: array
Paused at 7:3
	Hit Breakpoint(s) 1
	Call Stack: A, Au, AtAu, spectralnorm 
	Bindings: i: number = 3
		j: number = 5
Paused at 8:1
	Call Stack: A, Au, AtAu, spectralnorm 
	Bindings: i: number = 3
		j: number = 5
Paused at 13:33
	Call Stack: Au, AtAu, spectralnorm 
	Bindings: i: number = 3
		j: number = 5
		t: number = 0.32031015037593985
		u: array
		v: array
Paused at 7:3
	Hit Breakpoint(s) 1
	Call Stack: A, Au, AtAu, spectralnorm 
	Bindings: i: number = 4
		j: number = 0
Paused at 8:1
	Call Stack: A, Au, AtAu, spectralnorm 
	Bindings: i: number = 4
		j: number = 0
Paused at 7:3
	Hit Breakpoint(s) 1
	Call Stack: A, Au, AtAu, spectralnorm 
	Bindings: i: number = 4
		j: number = 1
Paused at 13:33
	Call Stack: Au, AtAu, spectralnorm 
	Bindings: i: number = 4
		j: number = 1
		t: number = 0.11666666666666667
		u: array
		v: array
Paused at 13:20
	Call Stack: Au, AtAu, spectralnorm 
	Bindings: i: number = 4
		j: number = 2
		t: number = 0.11666666666666667
		u: array
		v: array
Paused at 7:3
	Hit Breakpoint(s) 1
	Call Stack: A, Au, AtAu, spectralnorm 
	Bindings: i: number = 4
		j: number = 2
Paused at 13:33
	Call Stack: Au, AtAu, spectralnorm 
	Bindings: i: number = 4
		j: number = 2
		t: number = 0.15512820512820513
		u: array
		v: array
Paused at 13:20
	Call Stack: Au, AtAu, spectralnorm 
	Bindings: i: number = 4
		j: number = 3
		t: number = 0.15512820512820513
		u: array
		v: array
Paused at 7:3
	Hit Breakpoint(s) 1
	Call Stack: A, Au, AtAu, spectralnorm 
	Bindings: i: number = 4
		j: number = 3
Paused at 7:3
	Hit Breakpoint(s) 1
	Call Stack: A, Au, AtAu, spectralnorm 
	Bindings: i: number = 4
		j: number = 4
Paused at 8:1
	Call Stack: A, Au, AtAu, spectralnorm 
	Bindings: i: number = 4
		j: number = 4
Paused at 13:33
	Call Stack: Au, AtAu, spectralnorm 
	Bindings: i: number = 4
		j: number = 4
		t: number = 0.20982147933367445
		u: array
		v: array
Paused at 7:3
	Hit Breakpoint(s) 1
	Call Stack: A, Au, AtAu, spectralnorm 
	Bindings: i: number = 4
		j: number = 5
Paused at 13:33
	Call Stack: Au, AtAu, spectralnorm 
	Bindings: i: number = 4
		j: number = 5
		t: number = 0.22982147933367444
		u: array
		v: array
Paused at 7:3
	Hit Breakpoint(s) 1
	Call Stack: A, Au, AtAu, spectralnorm 
	Bindings: i: number = 5
		j: number = 0
Paused at 8:1
	Call Stack: A, Au, AtAu, spectralnorm 
	Bindings: i: number = 5
		j: number = 0
Paused at 13:33
	Call Stack: Au, AtAu, spectralnorm 
	Bindings: i: number = 5
		j: number = 0
		t: number = 0.047619047619047616
		u: array
		v: array
Paused at 13:20
	Call Stack: Au, AtAu, spectralnorm 
	Bindings: i: number = 5
		j: number = 1
		t: number = 0.047619047619047616
		u: array
		v: array
Paused at 14:7
	Call Stack: Au, AtAu, spectralnorm 
	Bindings: i: number = 5
		j: number = 1
		t: number = 0.047619047619047616
		u: array
		v: array
Paused at 7:3
	Hit Breakpoint(s) 1
	Call Stack: A, Au, AtAu, spectralnorm 
	Bindings: i: number = 5
		j: number = 1
Paused at 8:1
	Call Stack: A, Au, AtAu, spectralnorm 
	Bindings: i: number = 5
		j: number = 1
Paused at 13:33
	Call Stack: Au, AtAu, spectralnorm 
	Bindings: i: number = 5
		j: number = 1
		t: number = 0.08465608465608465
		u: array
		v: array
Paused at 7:3
	Hit Breakpoint(s) 1
	Call Stack: A, Au, AtAu, spectralnorm 
	Bindings: i: number = 5
		j: number = 2
Paused at 8:1
	Call Stack: A, Au, AtAu, spectralnorm 
	Bindings: i: number = 5
		j: number = 2
Paused at 13:33
	Call Stack: Au, AtAu, spectralnorm 
	Bindings: i: number = 5
		j: number = 2
		t: number = 0.11406784936196701
		u: array
		v: array
Paused at 7:3
	Hit Breakpoint(s) 1
	Call Stack: A, Au, AtAu, spectralnorm 
	Bindings: i: number = 5
		j: number = 3
Paused at 7:3
	Hit Breakpoint(s) 1
	Call Stack: A, Au, AtAu, spectralnorm 
	Bindings: i: number = 5
		j: number = 4
Paused at 8:1
	Call Stack: A, Au, AtAu, spectralnorm 
	Bindings: i: number = 5
		j: number = 4
Paused at 13:33
	Call Stack: Au, AtAu, spectralnorm 
	Bindings: i: number = 5
		j: number = 4
		t: number = 0.15748521630874573
		u: array
		v: array
Paused at 13:20
	Call Stack: Au, AtAu, spectralnorm 
	Bindings: i: number = 5
		j: number = 5
		t: number = 0.15748521630874573
		u: array
		v: array
Paused at 7:3
	Hit Breakpoint(s) 1
	Call Stack: A, Au, AtAu, spectralnorm 
	Bindings: i: number = 5
		j: number = 5
Paused at 8:1
	Call Stack: A, Au, AtAu, spectralnorm 
	Bindings: i: number = 5
		j: number = 5
Paused at 20:14
	Hit Breakpoint(s) 5
	Call Stack: Atu, AtAu, spectralnorm 
	Bindings: i: undefined
		j: undefined
		t: undefined
		u: array
		v: array
Paused at 20:18
	Call Stack: Atu, AtAu, spectralnorm 
	Bindings: i: number = 0
		j: undefined
		t: undefined
		u: array
		v: array
Paused at 21:13
	Call Stack: Atu, AtAu, spectralnorm 
	Bindings: i: number = 0
		j: undefined
		t: undefined
		u: array
		v: array
Paused at 22:16
	Call Stack: Atu, AtAu, spectralnorm 
	Bindings: i: number = 0
		j: undefined
		t: number = 0
		u: array
		v: array
Paused at 7:3
	Hit Breakpoint(s) 1
	Call Stack: A, Atu, AtAu, spectralnorm 
	Bindings: i: number = 0
		j: number = 0
