155 -> 162
224 -> 233
84 -> 84
211 -> 211
14 -> 14
236 -> 237
161 -> 162
98 -> 103
81 -> 81
217 -> 218
185 -> 186
10 -> 13
139 -> 143
209 -> 210
180 -> 186
159 -> 162
233 -> 242
225 -> 233
28 -> 28
219 -> 233
181 -> 186
27 -> 28
188 -> 188
196 -> 201
213 -> 214
87 -> 87
44 -> 47
53 -> 56
13 -> 22
109 -> 114
215 -> 215
223 -> 233
0 -> 13
212 -> 214
169 -> 174
175 -> 175
35 -> 35
51 -> 56
140 -> 143
203 -> 203
55 -> 56
103 -> 114
116 -> 116
197 -> 201
210 -> 218
112 -> 114
21 -> 22
167 -> 167
173 -> 174
9 -> 13
192 -> 193
119 -> 123
126 -> 126
204 -> 205
77 -> 77
226 -> 233
43 -> 47
59 -> 59
179 -> 179
230 -> 233
108 -> 114
62 -> 62
76 -> 76
148 -> 153
83 -> 83
152 -> 153
39 -> 47
46 -> 47
129 -> 129
216 -> 218
121 -> 123
82 -> 82
147 -> 153
22 -> 25
24 -> 25
238 -> 239
63 -> 63
32 -> 32
60 -> 60
144 -> 144
79 -> 79
241 -> 241
88 -> 88
183 -> 186
40 -> 47
110 -> 114
1 -> 13
154 -> 154
168 -> 174
107 -> 107
67 -> 68
106 -> 106
124 -> 124
158 -> 162
170 -> 174
52 -> 56
91 -> 91
165 -> 165
30 -> 31
20 -> 22
117 -> 123
232 -> 233
73 -> 74
200 -> 201
92 -> 93
61 -> 61
101 -> 103
156 -> 162
99 -> 103
149 -> 153
29 -> 29
191 -> 191
123 -> 143
54 -> 56
8 -> 13
134 -> 134
222 -> 233
138 -> 143
93 -> 103
214 -> 218
80 -> 80
