223 -> 233
32 -> 32
108 -> 114
88 -> 88
51 -> 56
175 -> 175
197 -> 201
44 -> 47
53 -> 56
110 -> 114
230 -> 233
54 -> 56
83 -> 83
103 -> 103
60 -> 60
84 -> 84
79 -> 79
92 -> 93
46 -> 47
196 -> 201
40 -> 47
109 -> 114
241 -> 241
138 -> 143
24 -> 25
112 -> 114
183 -> 186
215 -> 215
216 -> 218
212 -> 214
121 -> 123
91 -> 91
148 -> 153
154 -> 154
213 -> 214
129 -> 129
106 -> 106
61 -> 61
98 -> 103
9 -> 13
188 -> 188
99 -> 103
77 -> 77
73 -> 74
165 -> 165
210 -> 210
180 -> 186
62 -> 62
123 -> 143
1 -> 13
225 -> 233
214 -> 218
147 -> 153
27 -> 28
159 -> 162
76 -> 76
192 -> 193
173 -> 174
39 -> 47
168 -> 174
134 -> 134
191 -> 191
200 -> 201
181 -> 186
169 -> 174
144 -> 144
185 -> 186
8 -> 13
21 -> 22
22 -> 25
0 -> 13
238 -> 239
101 -> 103
126 -> 126
14 -> 14
30 -> 31
232 -> 233
226 -> 233
107 -> 107
117 -> 123
10 -> 13
203 -> 203
67 -> 68
59 -> 59
139 -> 143
29 -> 29
158 -> 162
219 -> 233
236 -> 237
179 -> 179
167 -> 167
28 -> 31
155 -> 162
13 -> 22
81 -> 81
55 -> 56
217 -> 218
222 -> 233
43 -> 47
63 -> 63
211 -> 211
35 -> 35
52 -> 56
233 -> 242
116 -> 116
224 -> 233
93 -> 103
209 -> 210
170 -> 174
124 -> 124
149 -> 153
82 -> 82
20 -> 22
87 -> 87
80 -> 80
140 -> 143
204 -> 205
156 -> 162
119 -> 123
152 -> 153
161 -> 162
