148 -> 153
26 -> 26
82 -> 82
167 -> 167
161 -> 162
158 -> 162
219 -> 233
224 -> 233
36 -> 37
17 -> 22
177 -> 177
173 -> 174
196 -> 201
95 -> 95
166 -> 166
190 -> 190
63 -> 63
64 -> 64
62 -> 62
41 -> 47
215 -> 215
106 -> 106
5 -> 13
231 -> 233
96 -> 103
32 -> 32
30 -> 31
174 -> 186
1 -> 13
135 -> 135
126 -> 126
119 -> 123
156 -> 162
140 -> 143
197 -> 201
202 -> 202
122 -> 123
151 -> 153
20 -> 22
181 -> 186
207 -> 207
25 -> 25
235 -> 237
154 -> 154
18 -> 22
133 -> 133
142 -> 143
182 -> 186
152 -> 153
170 -> 174
59 -> 59
198 -> 201
58 -> 59
188 -> 188
28 -> 28
217 -> 218
203 -> 203
72 -> 72
0 -> 13
99 -> 103
46 -> 47
111 -> 114
80 -> 80
220 -> 233
240 -> 240
117 -> 123
112 -> 114
34 -> 34
9 -> 13
110 -> 114
3 -> 13
232 -> 233
87 -> 87
163 -> 163
33 -> 34
6 -> 13
143 -> 153
57 -> 57
15 -> 15
233 -> 242
22 -> 25
47 -> 56
91 -> 91
199 -> 201
55 -> 56
175 -> 175
53 -> 56
241 -> 241
234 -> 234
70 -> 70
149 -> 153
178 -> 178
144 -> 144
206 -> 206
222 -> 233
78 -> 78
225 -> 233
208 -> 208
104 -> 104
37 -> 47
83 -> 83
180 -> 186
49 -> 56
191 -> 191
169 -> 174
211 -> 211
60 -> 60
209 -> 210
136 -> 143
100 -> 103
118 -> 123
192 -> 193
172 -> 174
176 -> 176
51 -> 56
27 -> 28
21 -> 22
105 -> 105
31 -> 34
86 -> 87
131 -> 133
123 -> 143
81 -> 81
155 -> 162
29 -> 29
115 -> 115
101 -> 103
141 -> 143
19 -> 22
92 -> 93
52 -> 56
187 -> 187
228 -> 233
145 -> 145
146 -> 146
216 -> 218
76 -> 76
103 -> 114
183 -> 186
39 -> 47
214 -> 214
90 -> 90
168 -> 174
179 -> 179
45 -> 47
79 -> 79
185 -> 186
109 -> 114
113 -> 114
77 -> 77
102 -> 103
38 -> 38
221 -> 233
16 -> 22
194 -> 194
108 -> 114
71 -> 71
44 -> 47
171 -> 174
223 -> 233
189 -> 190
124 -> 124
139 -> 143
129 -> 129
84 -> 84
134 -> 134
7 -> 13
201 -> 218
229 -> 233
238 -> 239
107 -> 107
200 -> 201
2 -> 13
184 -> 186
138 -> 143
116 -> 116
128 -> 129
204 -> 205
85 -> 87
130 -> 130
8 -> 13
164 -> 164
236 -> 237
75 -> 76
120 -> 123
74 -> 74
212 -> 214
13 -> 22
153 -> 162
157 -> 162
193 -> 201
125 -> 126
61 -> 61
239 -> 242
97 -> 103
69 -> 69
218 -> 242
242 -> 242
50 -> 56
159 -> 162
205 -> 218
40 -> 47
10 -> 13
195 -> 201
94 -> 95
23 -> 23
12 -> 13
98 -> 103
65 -> 66
186 -> 201
73 -> 74
132 -> 133
160 -> 162
56 -> 103
210 -> 218
150 -> 153
42 -> 47
121 -> 123
226 -> 233
162 -> 174
24 -> 25
48 -> 48
68 -> 68
165 -> 165
11 -> 13
93 -> 103
147 -> 153
89 -> 89
67 -> 68
88 -> 88
35 -> 35
230 -> 233
4 -> 13
43 -> 47
213 -> 214
127 -> 127
227 -> 233
114 -> 123
137 -> 143
54 -> 56
14 -> 14
237 -> 242
66 -> 103
