19 -> 22
208 -> 208
133 -> 133
42 -> 47
132 -> 133
38 -> 38
206 -> 206
232 -> 233
178 -> 178
13 -> 13
4 -> 13
49 -> 56
20 -> 22
168 -> 174
81 -> 81
71 -> 71
0 -> 13
199 -> 201
159 -> 162
27 -> 28
12 -> 13
92 -> 93
76 -> 76
63 -> 63
113 -> 114
48 -> 48
21 -> 22
3 -> 13
191 -> 191
52 -> 56
149 -> 153
1 -> 13
216 -> 218
215 -> 215
126 -> 126
217 -> 218
238 -> 239
234 -> 234
224 -> 233
180 -> 186
99 -> 103
2 -> 13
235 -> 237
158 -> 162
182 -> 186
155 -> 162
112 -> 114
194 -> 194
86 -> 87
65 -> 66
105 -> 105
120 -> 123
103 -> 114
219 -> 233
202 -> 202
98 -> 103
228 -> 233
130 -> 130
200 -> 201
26 -> 26
87 -> 103
152 -> 153
161 -> 162
107 -> 107
90 -> 90
66 -> 103
143 -> 143
34 -> 34
122 -> 123
171 -> 174
210 -> 210
17 -> 22
242 -> 242
127 -> 127
134 -> 134
111 -> 114
116 -> 116
141 -> 143
233 -> 242
184 -> 186
114 -> 123
77 -> 77
23 -> 23
110 -> 114
32 -> 32
41 -> 47
25 -> 25
185 -> 186
67 -> 68
100 -> 103
176 -> 176
173 -> 174
33 -> 34
30 -> 31
221 -> 233
222 -> 233
58 -> 59
57 -> 57
207 -> 207
229 -> 233
91 -> 91
104 -> 104
40 -> 47
239 -> 242
16 -> 22
177 -> 177
96 -> 103
170 -> 174
10 -> 13
174 -> 186
69 -> 69
68 -> 103
186 -> 201
165 -> 165
51 -> 56
117 -> 123
108 -> 114
37 -> 37
139 -> 143
7 -> 13
137 -> 143
213 -> 214
131 -> 133
39 -> 47
24 -> 25
231 -> 233
61 -> 61
140 -> 143
72 -> 72
35 -> 35
189 -> 190
5 -> 13
64 -> 64
192 -> 193
195 -> 201
109 -> 114
82 -> 82
181 -> 186
74 -> 74
101 -> 103
54 -> 56
36 -> 37
162 -> 174
226 -> 233
79 -> 79
95 -> 95
123 -> 143
163 -> 163
150 -> 153
188 -> 188
156 -> 162
80 -> 80
46 -> 47
55 -> 56
93 -> 103
169 -> 174
142 -> 143
240 -> 240
148 -> 153
43 -> 47
28 -> 31
193 -> 201
124 -> 124
9 -> 13
223 -> 233
227 -> 233
135 -> 135
50 -> 56
187 -> 187
11 -> 13
125 -> 126
196 -> 201
157 -> 162
22 -> 25
175 -> 175
18 -> 22
164 -> 164
70 -> 70
129 -> 129
115 -> 115
6 -> 13
53 -> 56
136 -> 143
190 -> 201
201 -> 218
154 -> 154
59 -> 103
183 -> 186
78 -> 78
230 -> 233
203 -> 203
204 -> 205
225 -> 233
205 -> 218
83 -> 83
147 -> 153
31 -> 34
121 -> 123
97 -> 103
89 -> 89
15 -> 15
212 -> 214
220 -> 233
14 -> 14
45 -> 47
29 -> 29
198 -> 201
151 -> 153
84 -> 84
8 -> 13
118 -> 123
47 -> 56
209 -> 210
106 -> 106
56 -> 103
102 -> 103
94 -> 95
167 -> 167
166 -> 166
214 -> 218
144 -> 144
62 -> 62
211 -> 211
179 -> 179
85 -> 87
73 -> 74
153 -> 162
160 -> 162
237 -> 242
218 -> 242
119 -> 123
241 -> 241
44 -> 47
60 -> 60
75 -> 76
145 -> 145
172 -> 174
128 -> 129
88 -> 88
138 -> 143
197 -> 201
236 -> 237
146 -> 146
