0 -> 13
1 -> 13
8 -> 13
9 -> 13
10 -> 13
13 -> 13
14 -> 14
20 -> 22
21 -> 22
22 -> 25
24 -> 25
27 -> 28
28 -> 31
29 -> 29
30 -> 31
32 -> 32
35 -> 35
39 -> 47
40 -> 47
43 -> 47
44 -> 47
46 -> 47
51 -> 56
52 -> 56
53 -> 56
54 -> 56
55 -> 56
59 -> 59
60 -> 60
61 -> 61
62 -> 62
63 -> 63
67 -> 68
73 -> 74
76 -> 76
77 -> 77
79 -> 79
80 -> 80
81 -> 81
82 -> 82
83 -> 83
84 -> 84
87 -> 87
88 -> 88
91 -> 91
92 -> 93
93 -> 103
98 -> 103
99 -> 103
101 -> 103
103 -> 103
106 -> 106
107 -> 107
108 -> 114
109 -> 114
110 -> 114
112 -> 114
116 -> 116
117 -> 123
119 -> 123
121 -> 123
123 -> 143
124 -> 124
126 -> 126
129 -> 129
134 -> 134
138 -> 143
139 -> 143
140 -> 143
144 -> 144
147 -> 153
148 -> 153
149 -> 153
152 -> 153
154 -> 154
155 -> 162
156 -> 162
158 -> 162
159 -> 162
161 -> 162
165 -> 165
167 -> 167
168 -> 174
169 -> 174
170 -> 174
173 -> 174
175 -> 175
179 -> 179
180 -> 186
181 -> 186
183 -> 186
185 -> 186
188 -> 188
191 -> 191
192 -> 193
196 -> 201
197 -> 201
200 -> 201
203 -> 203
204 -> 205
209 -> 210
210 -> 210
211 -> 211
212 -> 214
213 -> 214
214 -> 214
215 -> 215
216 -> 218
217 -> 218
219 -> 233
222 -> 233
223 -> 233
224 -> 233
225 -> 233
226 -> 233
230 -> 233
232 -> 233
233 -> 242
236 -> 237
238 -> 239
241 -> 241
