request breakpoint   0 at line  25
                   set at line  25
request breakpoint   1 at line  56
                   set at line  56
request breakpoint   2 at line 377
                   set at line 378
request breakpoint   3 at line 337
                   set at line 339
request breakpoint   4 at line 584
                   set at line 586
request breakpoint   5 at line 158
                   set at line 158
request breakpoint   6 at line 428
                   set at line 430
request breakpoint   7 at line 409
                   set at line 410
request breakpoint   8 at line 549
                   set at line 549
request breakpoint   9 at line 102
                   set at line 103
request breakpoint  10 at line 449
                   set at line 449
request breakpoint  11 at line  69
                   set at line  70
request breakpoint  12 at line 247
                   set at line 247
request breakpoint  13 at line 486
                   set at line 486
request breakpoint  14 at line 590
                   set at line 603
request breakpoint  15 at line 622
                   set at line 622
request breakpoint  16 at line 551
                   set at line 551
request breakpoint  17 at line 605
                   set at line 605
request breakpoint  18 at line  27
                   set at line  32
request breakpoint  19 at line  96
                   set at line  97
request breakpoint  20 at line 397
                   set at line 397
request breakpoint  21 at line 113
                   set at line 113
request breakpoint  22 at line 564
                   set at line 565
request breakpoint  23 at line 272
                   set at line 276
request breakpoint  24 at line  26
                   set at line  32
request breakpoint  24 at line 265
                   set at line 269
request breakpoint  25 at line 256
                   set at line 257
request breakpoint  26 at line 119
                   set at line 119
request breakpoint  27 at line 494
                   set at line 494
request breakpoint  28 at line 540
                   set at line 545
request breakpoint  29 at line 164
                   set at line 164
request breakpoint  30 at line 502
                   set at line 506
request breakpoint  31 at line   7
                   set at line   8
request breakpoint  32 at line 443
                   set at line 443
request breakpoint  33 at line   4
                   set at line   4
request breakpoint  34 at line 251
                   set at line 251
request breakpoint  35 at line 607
                   set at line 607
request breakpoint  36 at line 478
                   set at line 480
request breakpoint  37 at line 152
                   set at line 152
request breakpoint  38 at line 566
                   set at line 570
request breakpoint  39 at line  11
                   set at line  14
request breakpoint  40 at line 555
                   set at line 555
request breakpoint  41 at line 106
                   set at line 106
request breakpoint  42 at line  70
                   set at line  76
request breakpoint  42 at line 350
                   set at line 350
request breakpoint  43 at line 516
                   set at line 519
request breakpoint  44 at line 130
                   set at line 130
request breakpoint  45 at line 412
                   set at line 412
request breakpoint  46 at line 415
                   set at line 416
request breakpoint  47 at line 479
                   set at line 480
request breakpoint  47 at line 268
                   set at line 269
request breakpoint  47 at line 181
                   set at line 181
request breakpoint  48 at line 322
                   set at line 322
request breakpoint  49 at line 148
                   set at line 148
request breakpoint  50 at line  46
                   set at line  46
request breakpoint  51 at line 139
                   set at line 139
request breakpoint  52 at line 440
                   set at line 440
request breakpoint  53 at line 345
                   set at line 345
request breakpoint  54 at line 476
                   set at line 480
request breakpoint  54 at line 366
                   set at line 366
request breakpoint  55 at line 313
                   set at line 313
request breakpoint  56 at line 446
                   set at line 446
request breakpoint  57 at line 305
                   set at line 306
request breakpoint  58 at line 582
                   set at line 586
request breakpoint  58 at line 359
                   set at line 361
request breakpoint  59 at line 140
                   set at line 141
request breakpoint  60 at line 542
                   set at line 545
request breakpoint  60 at line 261
                   set at line 261
request breakpoint  61 at line 114
                   set at line 114
request breakpoint  62 at line 568
                   set at line 570
request breakpoint  62 at line  19
                   set at line  19
request breakpoint  63 at line 612
                   set at line 612
request breakpoint  64 at line 192
                   set at line 192
request breakpoint  65 at line 217
                   set at line 217
request breakpoint  66 at line 574
                   set at line 575
request breakpoint  67 at line  83
                   set at line  83
request breakpoint  68 at line 575
                   set at line 624
request breakpoint  68 at line 535
                   set at line 538
request breakpoint  69 at line 382
                   set at line 383
request breakpoint  70 at line  65
                   set at line  65
request breakpoint  71 at line 310
                   set at line 312
request breakpoint  72 at line 418
                   set at line 430
request breakpoint  72 at line 150
                   set at line 151
request breakpoint  73 at line  50
                   set at line  50
request breakpoint  74 at line 520
                   set at line 520
request breakpoint  75 at line 522
                   set at line 526
request breakpoint  76 at line 257
                   set at line 279
request breakpoint  76 at line 484
                   set at line 486
request breakpoint  76 at line 591
                   set at line 603
request breakpoint  76 at line 198
                   set at line 198
request breakpoint  77 at line 298
                   set at line 300
request breakpoint  78 at line  53
                   set at line  54
request breakpoint  79 at line 316
                   set at line 317
request breakpoint  80 at line 202
                   set at line 203
request breakpoint  81 at line 307
                   set at line 307
request breakpoint  82 at line 125
                   set at line 125
request breakpoint  83 at line 380
                   set at line 380
request breakpoint  84 at line  38
                   set at line  39
request breakpoint  85 at line  49
                   set at line  49
request breakpoint  86 at line  78
                   set at line  78
request breakpoint  87 at line  31
                   set at line  32
request breakpoint  87 at line 306
                   set at line 433
request breakpoint  87 at line  55
                   set at line  55
request breakpoint  88 at line 544
                   set at line 545
request breakpoint  88 at line 392
                   set at line 394
request breakpoint  89 at line 459
                   set at line 459
request breakpoint  90 at line 320
                   set at line 322
request breakpoint  90 at line 312
                   set at line 433
request breakpoint  90 at line 115
                   set at line 115
request breakpoint  91 at line 630
                   set at line 630
request breakpoint  92 at line 530
                   set at line 532
request breakpoint  93 at line 159
                   set at line 159
request breakpoint  94 at line 405
                   set at line 405
request breakpoint  95 at line 226
                   set at line 230
request breakpoint  96 at line 532
                   set at line 624
request breakpoint  96 at line 386
                   set at line 388
request breakpoint  97 at line 273
                   set at line 276
request breakpoint  97 at line 302
                   set at line 302
request breakpoint  98 at line 498
                   set at line 500
request breakpoint  99 at line 237
                   set at line 243
request breakpoint 100 at line   2
                   set at line   2
request breakpoint 101 at line  21
                   set at line  21
request breakpoint 102 at line 603
                   set at line 624
request breakpoint 102 at line 400
                   set at line 400
request breakpoint 103 at line 303
                   set at line 306
request breakpoint 104 at line 160
                   set at line 160
paused at line   2
	because of breakpoints [100]
action: stepIn
paused at line   3
action: stepIn
paused at line   4
action: stepOver
paused at line   5
action: stepOver
paused at line   6
action: resume
paused at line   8
	because of breakpoints [31]
action: stepIn
paused at line  14
action: stepOver
paused at line  15
action: stepOver
paused at line  16
action: resume
paused at line 624
	because of breakpoints [102]
action: stepIn
paused at line 625
action: stepOver
paused at line 459
	because of breakpoints [89]
action: stepIn
paused at line 460
action: stepOut
paused at line 480
	because of breakpoints [54]
action: resume
paused at line 486
	because of breakpoints [76]
action: resume
paused at line 494
	because of breakpoints [27]
action: resume
paused at line 500
	because of breakpoints [98]
action: resume
paused at line 506
	because of breakpoints [30]
action: resume
paused at line 519
	because of breakpoints [43]
action: stepIn
paused at line 520
action: stepIn
paused at line 526
action: stepOver
paused at line 532
action: stepIn
paused at line 538
action: resume
paused at line 538
	because of breakpoints [68]
action: stepOut
paused at line 545
	because of breakpoints [88]
action: stepIn
paused at line  97
action: stepOut
paused at line  97
	because of breakpoints [19]
action: stepOut
paused at line 103
	because of breakpoints [9]
action: stepIn
paused at line 103
action: resume
paused at line  97
	because of breakpoints [19]
action: resume
paused at line 103
	because of breakpoints [9]
action: stepIn
paused at line 103
action: resume
paused at line  97
	because of breakpoints [19]
action: stepOver
paused at line  98
action: stepOver
paused at line  99
action: stepOver
paused at line 100
action: stepOut
paused at line 103
	because of breakpoints [9]
action: resume
paused at line  97
	because of breakpoints [19]
action: stepOver
paused at line  98
action: stepIn
paused at line  99
action: resume
paused at line 103
	because of breakpoints [9]
action: stepOver
paused at line 103
action: resume
paused at line 549
	because of breakpoints [8]
action: stepIn
paused at line  97
action: stepIn
paused at line  98
action: stepOver
paused at line  99
action: resume
paused at line 103
	because of breakpoints [9]
action: stepIn
paused at line 103
action: stepOver
paused at line 549
action: stepOver
paused at line 550
action: stepOver
paused at line  97
	because of breakpoints [19]
action: stepOut
paused at line 103
	because of breakpoints [9]
action: stepIn
paused at line 103
action: stepOut
paused at line 551
action: stepIn
paused at line  97
action: resume
paused at line  97
	because of breakpoints [19]
action: stepIn
paused at line  98
action: stepOver
paused at line  99
action: stepOut
paused at line 103
	because of breakpoints [9]
action: stepOver
paused at line 103
action: stepOver
paused at line 551
action: stepOut
paused at line  97
	because of breakpoints [19]
action: stepOver
paused at line  98
action: stepOut
paused at line 103
	because of breakpoints [9]
action: resume
paused at line  97
	because of breakpoints [19]
action: stepOver
paused at line  98
action: stepIn
paused at line  99
action: resume
paused at line 103
	because of breakpoints [9]
action: stepOut
paused at line 103
action: stepIn
paused at line 553
action: resume
paused at line 555
	because of breakpoints [40]
action: stepOut
paused at line 565
	because of breakpoints [22]
action: resume
paused at line 570
	because of breakpoints [62]
action: stepIn
paused at line 575
action: stepOut
paused at line 586
	because of breakpoints [58]
action: resume
paused at line  83
	because of breakpoints [67]
action: stepIn
paused at line  84
action: resume
paused at line  76
	because of breakpoints [42]
action: resume
paused at line  78
	because of breakpoints [86]
action: stepOver
paused at line  79
action: stepOver
paused at line  80
action: stepOut
paused at line  81
action: stepOver
paused at line  89
action: stepIn
paused at line  90
action: stepOver
paused at line  91
action: resume
paused at line  83
	because of breakpoints [67]
action: resume
paused at line  76
	because of breakpoints [42]
action: stepOut
paused at line  78
	because of breakpoints [86]
action: stepOver
paused at line  79
action: resume
paused at line  83
	because of breakpoints [67]
action: stepIn
paused at line  84
action: stepOut
paused at line  76
	because of breakpoints [42]
action: stepOut
paused at line  78
	because of breakpoints [86]
action: stepOut
paused at line  81
action: stepIn
paused at line  90
action: stepOut
paused at line  95
action: stepIn
paused at line 588
action: stepOver
paused at line 587
action: stepOver
paused at line 588
action: stepOver
paused at line  83
	because of breakpoints [67]
action: resume
paused at line  76
	because of breakpoints [42]
action: stepIn
paused at line  77
action: stepOut
paused at line  78
	because of breakpoints [86]
action: resume
paused at line  83
	because of breakpoints [67]
action: resume
paused at line  76
	because of breakpoints [42]
action: stepOver
paused at line  77
action: stepOver
paused at line  78
action: stepOut
paused at line  78
	because of breakpoints [86]
action: stepOut
paused at line  81
action: stepIn
paused at line  90
action: resume
paused at line  83
	because of breakpoints [67]
action: resume
paused at line  76
	because of breakpoints [42]
action: stepIn
paused at line  77
action: stepOver
paused at line  78
action: stepIn
paused at line  79
action: resume
paused at line 605
	because of breakpoints [17]
action: stepOver
paused at line  97
	because of breakpoints [19]
action: stepOut
paused at line 103
	because of breakpoints [9]
action: stepOut
paused at line 103
action: stepOver
paused at line 605
action: stepIn
paused at line 604
action: stepIn
paused at line 605
action: stepOver
paused at line  97
	because of breakpoints [19]
action: resume
paused at line 103
	because of breakpoints [9]
action: stepOver
paused at line 103
action: stepOut
paused at line 605
	because of breakpoints [17]
action: stepIn
paused at line  97
action: stepOut
paused at line  97
	because of breakpoints [19]
action: stepOut
paused at line 103
	because of breakpoints [9]
action: resume
paused at line 605
	because of breakpoints [17]
action: stepOver
paused at line  97
	because of breakpoints [19]
action: stepOver
paused at line  98
action: stepOver
paused at line  99
action: stepIn
paused at line 100
action: stepOut
paused at line 103
	because of breakpoints [9]
action: stepOver
paused at line 103
action: stepIn
paused at line 604
action: stepOver
paused at line 605
action: resume
paused at line 605
	because of breakpoints [17]
action: stepIn
paused at line  97
action: stepOver
paused at line  98
action: resume
paused at line 103
	because of breakpoints [9]
action: stepOver
paused at line 103
action: stepOver
paused at line 604
action: stepOver
paused at line 605
action: resume
paused at line 605
	because of breakpoints [17]
action: stepOver
paused at line  97
	because of breakpoints [19]
action: stepOver
paused at line  98
action: stepIn
paused at line  99
action: resume
paused at line 103
	because of breakpoints [9]
action: stepOver
paused at line 103
action: stepOver
paused at line 604
action: resume
paused at line 605
	because of breakpoints [17]
action: resume
paused at line  97
	because of breakpoints [19]
action: stepOver
paused at line  98
action: stepIn
paused at line  99
action: stepIn
paused at line 100
action: stepOver
paused at line 101
action: stepOver
paused at line 103
action: stepOver
paused at line 103
action: stepOver
paused at line 604
action: stepOut
paused at line 605
	because of breakpoints [17]
action: stepOver
paused at line  97
	because of breakpoints [19]
action: stepOver
paused at line  98
action: resume
paused at line 103
	because of breakpoints [9]
action: resume
paused at line 605
	because of breakpoints [17]
action: stepOver
paused at line  97
	because of breakpoints [19]
action: resume
paused at line 103
	because of breakpoints [9]
action: stepIn
paused at line 103
action: stepOver
paused at line 604
action: stepOut
paused at line 605
	because of breakpoints [17]
action: stepIn
paused at line  97
action: stepOut
paused at line  97
	because of breakpoints [19]
action: stepOver
paused at line  98
action: stepOver
paused at line  99
action: stepOver
paused at line 100
action: stepOut
paused at line 103
	because of breakpoints [9]
action: stepOut
paused at line 103
action: stepOver
paused at line 604
action: stepOver
paused at line 605
action: stepOut
paused at line 605
	because of breakpoints [17]
action: resume
paused at line  97
	because of breakpoints [19]
action: stepOver
paused at line  98
action: resume
paused at line 103
	because of breakpoints [9]
action: resume
paused at line 605
	because of breakpoints [17]
action: stepOver
paused at line  97
	because of breakpoints [19]
action: resume
paused at line 103
	because of breakpoints [9]
action: stepOut
paused at line 103
action: stepOver
paused at line 604
action: resume
paused at line 605
	because of breakpoints [17]
action: stepIn
paused at line  97
action: stepIn
paused at line  98
action: stepOver
paused at line  99
action: stepOver
paused at line 100
action: stepOut
paused at line 103
	because of breakpoints [9]
action: stepIn
paused at line 103
action: stepOut
paused at line 604
action: stepIn
paused at line 605
action: stepIn
paused at line  97
action: resume
paused at line  97
	because of breakpoints [19]
action: stepOver
paused at line  98
action: stepOut
paused at line 103
	because of breakpoints [9]
action: resume
paused at line 605
	because of breakpoints [17]
action: stepOut
paused at line  97
	because of breakpoints [19]
action: stepIn
paused at line  98
action: stepOut
paused at line 103
	because of breakpoints [9]
action: stepOver
paused at line 103
action: stepOver
paused at line 604
action: stepOver
paused at line 605
action: resume
paused at line 605
	because of breakpoints [17]
action: stepOut
paused at line  97
	because of breakpoints [19]
action: resume
paused at line 103
	because of breakpoints [9]
action: stepOver
paused at line 103
action: stepOver
paused at line 604
action: resume
paused at line 605
	because of breakpoints [17]
action: stepOut
paused at line  97
	because of breakpoints [19]
action: stepIn
paused at line  98
action: stepIn
paused at line  99
action: stepOver
paused at line 100
action: stepOut
paused at line 103
	because of breakpoints [9]
action: stepIn
paused at line 103
action: stepOver
paused at line 604
action: stepOut
paused at line 605
	because of breakpoints [17]
action: stepIn
paused at line  97
action: stepIn
paused at line  98
action: stepIn
paused at line  99
action: stepIn
paused at line 100
action: stepIn
paused at line 101
action: resume
paused at line 103
	because of breakpoints [9]
action: stepOut
paused at line 103
action: resume
paused at line 605
	because of breakpoints [17]
action: stepIn
paused at line  97
action: resume
paused at line  97
	because of breakpoints [19]
action: stepOut
paused at line 103
	because of breakpoints [9]
action: stepOut
paused at line 103
action: stepOut
paused at line 605
	because of breakpoints [17]
action: stepOut
paused at line  97
	because of breakpoints [19]
action: stepOut
paused at line 103
	because of breakpoints [9]
action: stepOver
paused at line 103
action: resume
paused at line 605
	because of breakpoints [17]
action: stepOut
paused at line  97
	because of breakpoints [19]
action: resume
paused at line 103
	because of breakpoints [9]
action: resume
paused at line 605
	because of breakpoints [17]
action: stepIn
paused at line  97
action: stepOver
paused at line  98
action: stepOut
paused at line 103
	because of breakpoints [9]
action: stepIn
paused at line 103
action: stepOver
paused at line 604
action: stepIn
paused at line 605
action: resume
paused at line 605
	because of breakpoints [17]
action: resume
paused at line  97
	because of breakpoints [19]
action: stepOut
paused at line 103
	because of breakpoints [9]
action: stepIn
paused at line 103
action: stepIn
paused at line 604
action: resume
paused at line 605
	because of breakpoints [17]
action: resume
paused at line  97
	because of breakpoints [19]
action: stepOver
paused at line  98
action: stepIn
paused at line  99
action: stepOut
paused at line 103
	because of breakpoints [9]
action: stepOut
paused at line 103
action: resume
paused at line 605
	because of breakpoints [17]
action: resume
paused at line  97
	because of breakpoints [19]
action: stepOver
paused at line  98
action: stepIn
paused at line  99
action: stepOut
paused at line 103
	because of breakpoints [9]
action: stepOver
paused at line 103
action: stepOver
paused at line 604
action: resume
paused at line 605
	because of breakpoints [17]
action: resume
paused at line  97
	because of breakpoints [19]
action: stepOver
paused at line  98
action: stepIn
paused at line  99
action: stepOut
paused at line 103
	because of breakpoints [9]
action: stepIn
paused at line 103
action: resume
paused at line 605
	because of breakpoints [17]
action: stepOut
paused at line  97
	because of breakpoints [19]
action: stepIn
paused at line  98
action: stepOut
paused at line 103
	because of breakpoints [9]
action: stepIn
paused at line 103
action: stepIn
paused at line 604
action: stepIn
paused at line 605
action: stepIn
paused at line  97
action: stepOver
paused at line  98
action: resume
paused at line 103
	because of breakpoints [9]
action: stepIn
paused at line 103
action: stepIn
paused at line 604
action: stepIn
paused at line 605
action: stepOut
paused at line 605
	because of breakpoints [17]
action: stepIn
paused at line  97
action: resume
paused at line  97
	because of breakpoints [19]
action: stepIn
paused at line  98
action: stepOut
paused at line 103
	because of breakpoints [9]
action: resume
paused at line 605
	because of breakpoints [17]
action: stepIn
paused at line  97
action: resume
paused at line  97
	because of breakpoints [19]
action: stepOver
paused at line  98
action: stepOver
paused at line  99
action: stepOver
paused at line 100
action: stepOut
paused at line 103
	because of breakpoints [9]
action: stepOver
paused at line 103
action: resume
paused at line 605
	because of breakpoints [17]
action: resume
paused at line  97
	because of breakpoints [19]
action: stepIn
paused at line  98
action: stepOut
paused at line 103
	because of breakpoints [9]
action: stepIn
paused at line 103
action: resume
paused at line 605
	because of breakpoints [17]
action: stepIn
paused at line  97
action: stepIn
paused at line  98
action: stepOver
paused at line  99
action: stepIn
paused at line 100
action: resume
paused at line 103
	because of breakpoints [9]
action: stepOut
paused at line 103
action: stepOut
paused at line 605
	because of breakpoints [17]
action: stepIn
paused at line  97
action: stepOver
paused at line  98
action: resume
paused at line 103
	because of breakpoints [9]
action: stepOut
paused at line 103
action: stepIn
paused at line 604
action: stepOver
