request breakpoint   0 at line  15
                   set at line  15
request breakpoint   1 at line  35
                   set at line  36
request breakpoint   2 at line 233
                   set at line 233
request breakpoint   3 at line 209
                   set at line 209
request breakpoint   4 at line 361
                   set at line 361
request breakpoint   5 at line  99
                   set at line  99
request breakpoint   6 at line 265
                   set at line 266
request breakpoint   7 at line 254
                   set at line 254
request breakpoint   8 at line 339
                   set at line 339
request breakpoint   9 at line  66
                   set at line  66
request breakpoint  10 at line 278
                   set at line 281
request breakpoint  11 at line  47
                   set at line  48
request breakpoint  12 at line 155
                   set at line 158
request breakpoint  13 at line 301
                   set at line 301
request breakpoint  14 at line 365
                   set at line 365
request breakpoint  15 at line 384
                   set at line 385
request breakpoint  16 at line 341
                   set at line 341
request breakpoint  17 at line 374
                   set at line 374
request breakpoint  18 at line  24
                   set at line  24
request breakpoint  19 at line  10
                   set at line  11
request breakpoint  20 at line 248
                   set at line 248
request breakpoint  21 at line  77
                   set at line  77
request breakpoint  22 at line 349
                   set at line 349
request breakpoint  23 at line 173
                   set at line 173
request breakpoint  24 at line  26
                   set at line  26
request breakpoint  25 at line 169
                   set at line 169
request breakpoint  26 at line 164
                   set at line 164
request breakpoint  27 at line  82
                   set at line  82
request breakpoint  28 at line 307
                   set at line 307
request breakpoint  29 at line 335
                   set at line 335
request breakpoint  30 at line 110
                   set at line 110
request breakpoint  31 at line 312
                   set at line 312
request breakpoint  32 at line 268
                   set at line 271
request breakpoint  33 at line 277
                   set at line 281
request breakpoint  33 at line 214
                   set at line 214
request breakpoint  34 at line  27
                   set at line  27
request breakpoint  35 at line 375
                   set at line 376
request breakpoint  36 at line 299
                   set at line 299
request breakpoint  37 at line 106
                   set at line 107
request breakpoint  38 at line 351
                   set at line 351
request breakpoint  39 at line 282
                   set at line 282
request breakpoint  40 at line 344
                   set at line 345
request breakpoint  41 at line  80
                   set at line  81
request breakpoint  42 at line  59
                   set at line  60
request breakpoint  43 at line 224
                   set at line 224
request breakpoint  44 at line 322
                   set at line 322
request breakpoint  45 at line  95
                   set at line  96
request breakpoint  46 at line 261
                   set at line 261
request breakpoint  47 at line 263
                   set at line 266
request breakpoint  47 at line  14
                   set at line  14
request breakpoint  48 at line 178
                   set at line 178
request breakpoint  49 at line 127
                   set at line 130
request breakpoint  50 at line 210
                   set at line 210
request breakpoint  51 at line 108
                   set at line 108
request breakpoint  52 at line  46
                   set at line  46
request breakpoint  53 at line 104
                   set at line 104
request breakpoint  54 at line 279
                   set at line 281
request breakpoint  54 at line  45
                   set at line  45
request breakpoint  55 at line 300
                   set at line 300
request breakpoint  56 at line 236
                   set at line 236
request breakpoint  57 at line 206
                   set at line 207
request breakpoint  58 at line 283
                   set at line 283
request breakpoint  59 at line 202
                   set at line 202
request breakpoint  60 at line   5
                   set at line   5
request breakpoint  61 at line   3
                   set at line   3
request breakpoint  62 at line  54
                   set at line  55
request breakpoint  63 at line   9
                   set at line   9
request breakpoint  64 at line  51
                   set at line  51
request breakpoint  65 at line  94
                   set at line  94
request breakpoint  66 at line 353
                   set at line 353
request breakpoint  67 at line 176
                   set at line 176
request breakpoint  68 at line 378
                   set at line 378
request breakpoint  69 at line 140
                   set at line 140
request breakpoint  70 at line  13
                   set at line  13
request breakpoint  71 at line 357
                   set at line 357
request breakpoint  72 at line  43
                   set at line  43
request breakpoint  73 at line 358
                   set at line 358
request breakpoint  74 at line 336
                   set at line 336
paused at line 164
	because of breakpoints [26]
action: stepIn
paused at line 165
action: stepIn
paused at line 225
action: stepOver
paused at line 286
action: stepOver
paused at line 306
action: resume
paused at line 312
	because of breakpoints [31]
action: stepIn
paused at line 313
action: stepOver
paused at line 314
action: stepOver
paused at line 315
action: resume
paused at line   3
	because of breakpoints [61]
action: stepIn
paused at line   3
action: stepOver
paused at line 315
action: stepIn
paused at line 316
action: stepOut
paused at line   3
	because of breakpoints [61]
action: resume
paused at line   3
	because of breakpoints [61]
action: resume
paused at line   3
	because of breakpoints [61]
action: resume
paused at line   3
	because of breakpoints [61]
action: resume
paused at line   3
	because of breakpoints [61]
action: resume
paused at line   3
	because of breakpoints [61]
action: stepIn
paused at line   3
action: stepIn
paused at line 321
action: stepOver
paused at line 322
action: stepIn
paused at line   2
action: resume
paused at line   3
	because of breakpoints [61]
action: stepOut
paused at line   3
action: stepIn
paused at line 322
action: stepOut
paused at line  96
	because of breakpoints [45]
action: stepOut
paused at line  55
	because of breakpoints [62]
action: stepIn
paused at line  56
action: resume
paused at line  60
	because of breakpoints [42]
action: resume
paused at line  99
	because of breakpoints [5]
action: stepIn
paused at line 104
action: resume
paused at line 104
	because of breakpoints [53]
action: stepOver
paused at line 107
action: stepOver
paused at line 108
action: stepOver
paused at line 109
action: stepOut
paused at line 110
	because of breakpoints [30]
action: resume
paused at line   9
	because of breakpoints [63]
action: stepOver
paused at line   9
action: stepIn
paused at line  62
action: resume
paused at line  66
	because of breakpoints [9]
action: stepOver
paused at line  68
action: resume
paused at line  45
	because of breakpoints [54]
action: stepIn
paused at line  46
action: stepIn
paused at line  46
action: stepOver
paused at line 117
action: resume
paused at line 130
	because of breakpoints [49]
action: stepIn
paused at line 130
action: stepOver
paused at line 324
action: stepOver
paused at line 325
action: stepOver
paused at line  96
	because of breakpoints [45]
action: stepOut
paused at line  55
	because of breakpoints [62]
action: stepIn
paused at line  56
action: stepOut
paused at line  60
	because of breakpoints [42]
action: stepIn
paused at line  60
action: resume
paused at line  99
	because of breakpoints [5]
action: stepIn
paused at line 104
action: stepOver
paused at line 107
action: stepOut
paused at line 107
	because of breakpoints [37]
action: stepOver
paused at line 108
action: stepOver
paused at line 109
action: stepOut
paused at line 110
	because of breakpoints [30]
action: stepOver
paused at line 111
action: stepOut
paused at line   9
	because of breakpoints [63]
action: resume
paused at line  66
	because of breakpoints [9]
action: stepOver
paused at line  68
action: stepIn
paused at line  68
action: resume
paused at line  45
	because of breakpoints [54]
action: stepOut
paused at line  46
	because of breakpoints [52]
action: stepIn
paused at line  46
action: resume
paused at line 130
	because of breakpoints [49]
action: stepOut
paused at line 130
action: resume
paused at line  96
	because of breakpoints [45]
action: stepIn
paused at line  39
action: stepOut
paused at line  40
action: resume
paused at line  55
	because of breakpoints [62]
action: stepIn
paused at line  56
action: resume
paused at line  60
	because of breakpoints [42]
action: resume
paused at line  99
	because of breakpoints [5]
action: stepOver
paused at line 104
action: stepOver
paused at line 107
action: stepOut
paused at line 107
	because of breakpoints [37]
action: stepOver
paused at line 108
action: stepIn
paused at line 109
action: stepOver
paused at line 110
action: resume
paused at line 110
	because of breakpoints [30]
action: resume
paused at line   9
	because of breakpoints [63]
action: stepOut
paused at line   9
action: stepOver
paused at line  62
action: resume
paused at line  66
	because of breakpoints [9]
action: stepIn
paused at line  68
action: stepOut
paused at line  68
action: stepOut
paused at line  45
	because of breakpoints [54]
action: stepOut
paused at line  46
	because of breakpoints [52]
action: stepIn
paused at line  46
action: stepOut
paused at line 130
	because of breakpoints [49]
action: stepIn
paused at line 130
action: stepOver
paused at line 326
action: stepOver
paused at line 327
action: stepOver
paused at line  96
	because of breakpoints [45]
action: resume
paused at line  55
	because of breakpoints [62]
action: stepIn
paused at line  56
action: stepOut
paused at line  60
	because of breakpoints [42]
action: resume
paused at line  99
	because of breakpoints [5]
action: resume
paused at line 104
	because of breakpoints [53]
action: stepOver
paused at line 107
action: stepOver
paused at line 108
action: stepOut
paused at line 108
	because of breakpoints [51]
action: stepOut
paused at line 110
	because of breakpoints [30]
action: stepIn
paused at line 111
action: resume
paused at line   9
	because of breakpoints [63]
action: resume
paused at line  66
	because of breakpoints [9]
action: stepIn
paused at line  68
action: stepOver
paused at line  68
action: stepIn
paused at line 114
action: resume
paused at line  45
	because of breakpoints [54]
action: stepOver
paused at line  46
action: stepOut
paused at line  46
	because of breakpoints [52]
action: stepOut
paused at line  46
action: stepOver
paused at line 117
action: stepIn
paused at line 118
action: stepIn
paused at line 119
action: stepOver
paused at line 120
action: resume
paused at line 130
	because of breakpoints [49]
action: stepOver
paused at line 130
action: stepOut
paused at line  96
	because of breakpoints [45]
action: stepIn
paused at line  39
action: stepOut
paused at line  40
action: stepOut
paused at line  97
action: resume
paused at line  55
	because of breakpoints [62]
action: stepOver
paused at line  56
action: stepOver
paused at line  57
action: stepOver
paused at line  58
action: stepIn
paused at line  60
action: stepOut
paused at line  60
	because of breakpoints [42]
action: stepOver
paused at line  60
action: stepIn
paused at line  98
action: stepOver
paused at line  99
action: resume
paused at line  99
	because of breakpoints [5]
action: stepIn
paused at line 100
action: stepOver
paused at line 101
action: resume
paused at line 108
	because of breakpoints [51]
action: stepOver
paused at line 109
action: stepOver
paused at line 110
action: stepOver
paused at line 111
action: resume
paused at line   9
	because of breakpoints [63]
action: stepOver
paused at line   9
action: stepOver
paused at line  62
action: stepIn
paused at line  63
action: resume
paused at line  66
	because of breakpoints [9]
action: stepOver
paused at line  68
action: stepOver
paused at line  68
action: resume
paused at line  45
	because of breakpoints [54]
action: resume
paused at line  46
	because of breakpoints [52]
action: stepOver
paused at line  46
action: stepIn
paused at line 117
action: stepIn
paused at line 118
action: stepOver
paused at line 119
action: stepOver
paused at line 120
action: stepOver
paused at line 121
action: stepOver
paused at line 122
action: stepOut
paused at line 130
	because of breakpoints [49]
action: stepOver
paused at line 130
action: stepOver
paused at line 328
action: resume
paused at line  96
	because of breakpoints [45]
action: resume
paused at line  55
	because of breakpoints [62]
action: stepOver
paused at line  56
action: resume
paused at line  60
	because of breakpoints [42]
action: stepIn
paused at line  60
action: stepOver
paused at line  98
action: stepOut
paused at line  99
	because of breakpoints [5]
action: stepIn
paused at line 100
action: stepOut
paused at line 108
	because of breakpoints [51]
action: stepOver
paused at line 109
action: stepOver
paused at line 110
action: stepOver
paused at line 111
action: stepOut
paused at line   9
	because of breakpoints [63]
action: stepOut
paused at line   9
action: stepOver
paused at line  62
action: stepOver
paused at line  63
action: stepOut
paused at line  66
	because of breakpoints [9]
action: resume
paused at line  45
	because of breakpoints [54]
action: stepOver
paused at line  46
action: resume
paused at line  46
	because of breakpoints [52]
action: resume
paused at line 130
	because of breakpoints [49]
action: stepOver
paused at line 130
action: resume
paused at line  96
	because of breakpoints [45]
action: stepOut
paused at line  55
	because of breakpoints [62]
action: stepOver
paused at line  56
action: resume
paused at line  60
	because of breakpoints [42]
action: stepIn
paused at line  60
action: stepIn
paused at line  98
action: stepOver
paused at line  99
action: stepOver
paused at line 100
action: stepOut
paused at line 108
	because of breakpoints [51]
action: stepIn
