request breakpoint   0 at line   3
                   set at line   3
request breakpoint   1 at line   7
                   set at line   7
request breakpoint   2 at line  40
                   set at line  40
request breakpoint   3 at line  36
                   set at line  37
request breakpoint   4 at line  61
                   set at line  61
request breakpoint   5 at line  20
                   set at line  20
request breakpoint   6 at line  46
                   set at line  46
request breakpoint   7 at line  45
                   set at line  45
request breakpoint   8 at line  58
                   set at line  60
request breakpoint   9 at line  18
                   set at line  19
request breakpoint  10 at line  49
                   set at line  49
request breakpoint  11 at line  16
                   set at line  16
request breakpoint  12 at line  32
                   set at line  32
paused at line  61
	because of breakpoints [4]
action: stepIn
paused at line  62
action: stepIn
paused at line   2
action: stepOver
paused at line   3
action: stepOver
paused at line   4
action: resume
paused at line   7
	because of breakpoints [1]
action: stepIn
paused at line   8
action: stepOver
paused at line   9
action: stepOver
paused at line  10
action: resume
paused at line  16
	because of breakpoints [11]
action: stepIn
paused at line  15
action: stepOver
paused at line  16
action: stepIn
paused at line  15
action: stepOut
paused at line  16
	because of breakpoints [11]
action: resume
paused at line  16
	because of breakpoints [11]
action: resume
paused at line  16
	because of breakpoints [11]
action: resume
paused at line  16
	because of breakpoints [11]
action: resume
paused at line  16
	because of breakpoints [11]
action: resume
paused at line  16
	because of breakpoints [11]
action: stepIn
paused at line  15
action: stepIn
paused at line  17
action: stepOver
paused at line  19
action: stepIn
paused at line  20
action: resume
paused at line  20
	because of breakpoints [5]
action: stepOut
paused at line  19
	because of breakpoints [9]
action: stepIn
paused at line  20
action: stepOut
paused at line  20
	because of breakpoints [5]
action: stepOut
paused at line  19
	because of breakpoints [9]
action: stepIn
paused at line  20
action: resume
paused at line  20
	because of breakpoints [5]
action: resume
paused at line  19
	because of breakpoints [9]
action: stepIn
paused at line  20
action: resume
