request breakpoint   0 at line   1
                   set at line   1
request breakpoint   1 at line   3
                   set at line   3
request breakpoint   2 at line  13
                   set at line  13
request breakpoint   3 at line  12
                   set at line  12
paused at line   1
	because of breakpoints [0]
action: stepIn
paused at line  17
action: stepIn
paused at line  11
action: stepOver
paused at line  12
action: stepOver
paused at line  13
action: resume
paused at line  13
	because of breakpoints [2]
action: stepIn
paused at line  14
action: stepOver
paused at line   3
	because of breakpoints [1]
action: stepOver
paused at line   4
action: resume
paused at line  13
	because of breakpoints [2]
action: stepIn
