request breakpoint   0 at line   2
                   set at line   2
request breakpoint   1 at line   4
                   set at line   5
request breakpoint   2 at line  18
                   set at line  18
request breakpoint   3 at line  17
                   set at line  17
request breakpoint   4 at line  28
                   set at line  28
paused at line   2
	because of breakpoints [0]
action: stepIn
paused at line   5
action: stepIn
paused at line   8
action: stepOver
paused at line   2
	because of breakpoints [0]
action: stepOver
paused at line   5
action: resume
paused at line   5
	because of breakpoints [1]
action: stepIn
paused at line   8
action: stepOver
paused at line   2
	because of breakpoints [0]
action: stepOver
paused at line   5
action: resume
paused at line   5
	because of breakpoints [1]
action: stepIn
paused at line   8
action: stepOver
paused at line   2
	because of breakpoints [0]
action: stepIn
paused at line   5
action: stepOut
paused at line   5
	because of breakpoints [1]
action: resume
