request breakpoint   0 at line  23
                   set at line  23
request breakpoint   1 at line  53
                   set at line  53
request breakpoint   2 at line 352
                   set at line 366
request breakpoint   3 at line 315
                   set at line 366
request breakpoint   3 at line 546
                   set at line 546
request breakpoint   4 at line 148
                   set at line 366
request breakpoint   4 at line 401
                   set at line 435
request breakpoint   5 at line 383
                   set at line 435
request breakpoint   5 at line 513
                   set at line 513
request breakpoint   6 at line  96
                   set at line  96
request breakpoint   7 at line 420
                   set at line 435
request breakpoint   7 at line  65
                   set at line  65
request breakpoint   8 at line 231
                   set at line 366
request breakpoint   8 at line 455
                   set at line 455
request breakpoint   9 at line 552
                   set at line 552
request breakpoint  10 at line 582
                   set at line 583
request breakpoint  11 at line 516
                   set at line 516
request breakpoint  12 at line 566
                   set at line 566
request breakpoint  13 at line  26
                   set at line  26
request breakpoint  14 at line  91
                   set at line  92
request breakpoint  15 at line 372
                   set at line 435
request breakpoint  15 at line 107
                   set at line 107
request breakpoint  16 at line 528
                   set at line 528
request breakpoint  17 at line 255
                   set at line 366
request breakpoint  17 at line  19
                   set at line  19
request breakpoint  18 at line 249
                   set at line 366
request breakpoint  18 at line 240
                   set at line 366
request breakpoint  18 at line 113
                   set at line 366
request breakpoint  18 at line 462
                   set at line 462
request breakpoint  19 at line 506
                   set at line 507
request breakpoint  20 at line 155
                   set at line 366
request breakpoint  20 at line 470
                   set at line 470
request breakpoint  21 at line   7
                   set at line   7
request breakpoint  22 at line 415
                   set at line 435
request breakpoint  22 at line 316
                   set at line 366
request breakpoint  22 at line 236
                   set at line 366
request breakpoint  22 at line 568
                   set at line 568
request breakpoint  23 at line 448
                   set at line 448
request breakpoint  24 at line 144
                   set at line 366
request breakpoint  24 at line 530
                   set at line 530
request breakpoint  25 at line 421
                   set at line 435
request breakpoint  25 at line 519
                   set at line 519
request breakpoint  26 at line 102
                   set at line 103
request breakpoint  27 at line  68
                   set at line  68
request breakpoint  28 at line 329
                   set at line 366
request breakpoint  28 at line 483
                   set at line 483
request breakpoint  29 at line 124
                   set at line 366
request breakpoint  29 at line 387
                   set at line 435
request breakpoint  29 at line 389
                   set at line 435
request breakpoint  29 at line 449
                   set at line 449
request breakpoint  30 at line 253
                   set at line 366
request breakpoint  30 at line 172
                   set at line 366
request breakpoint  30 at line 303
                   set at line 366
request breakpoint  30 at line 141
                   set at line 366
request breakpoint  30 at line  46
                   set at line  46
request breakpoint  31 at line 133
                   set at line 366
request breakpoint  31 at line 413
                   set at line 435
request breakpoint  31 at line 324
                   set at line 366
request breakpoint  31 at line 447
                   set at line 447
request breakpoint  32 at line 344
                   set at line 366
request breakpoint  32 at line 295
                   set at line 366
request breakpoint  32 at line 419
                   set at line 435
request breakpoint  32 at line 288
                   set at line 366
request breakpoint  32 at line 545
                   set at line 545
request breakpoint  33 at line 338
                   set at line 366
request breakpoint  33 at line 134
                   set at line 366
request breakpoint  33 at line 508
                   set at line 508
request breakpoint  34 at line 247
                   set at line 366
request breakpoint  34 at line 111
                   set at line 366
request breakpoint  34 at line 531
                   set at line 531
request breakpoint  35 at line 242
                   set at line 366
request breakpoint  35 at line 572
                   set at line 572
request breakpoint  36 at line 183
                   set at line 366
request breakpoint  36 at line 206
                   set at line 366
request breakpoint  36 at line 537
                   set at line 537
request breakpoint  37 at line  82
                   set at line  82
request breakpoint  38 at line 539
                   set at line 539
request breakpoint  39 at line 502
                   set at line 502
request breakpoint  40 at line 359
                   set at line 366
request breakpoint  40 at line 339
                   set at line 366
request breakpoint  40 at line 293
                   set at line 366
request breakpoint  40 at line 393
                   set at line 435
request breakpoint  40 at line 145
                   set at line 366
request breakpoint  40 at line 450
                   set at line 450
request breakpoint  41 at line 487
                   set at line 487
request breakpoint  42 at line 489
                   set at line 489
request breakpoint  43 at line 244
                   set at line 366
request breakpoint  43 at line 454
                   set at line 454
request breakpoint  44 at line 553
                   set at line 553
request breakpoint  45 at line 189
                   set at line 366
request breakpoint  45 at line 282
                   set at line 366
request breakpoint  45 at line 304
                   set at line 366
request breakpoint  45 at line 299
                   set at line 366
request breakpoint  45 at line 194
                   set at line 366
request breakpoint  45 at line 291
                   set at line 366
request breakpoint  45 at line 123
                   set at line 366
request breakpoint  45 at line 358
                   set at line 366
request breakpoint  45 at line  50
                   set at line  50
request breakpoint  46 at line 391
                   set at line 435
request breakpoint  46 at line  78
                   set at line  79
request breakpoint  47 at line 159
                   set at line 366
request breakpoint  47 at line  95
                   set at line  95
request breakpoint  48 at line 484
                   set at line 484
request breakpoint  49 at line 510
                   set at line 510
request breakpoint  50 at line 370
                   set at line 435
request breakpoint  50 at line 432
                   set at line 435
request breakpoint  50 at line  92
                   set at line  98
request breakpoint  50 at line 296
                   set at line 366
request breakpoint  50 at line 115
                   set at line 366
request breakpoint  50 at line 589
                   set at line 589
request breakpoint  51 at line 497
                   set at line 497
request breakpoint  52 at line 156
                   set at line 366
request breakpoint  52 at line 382
                   set at line 435
request breakpoint  52 at line 217
                   set at line 366
request breakpoint  52 at line 499
                   set at line 499
request breakpoint  53 at line 364
                   set at line 366
request breakpoint  53 at line 260
                   set at line 366
request breakpoint  53 at line 287
                   set at line 366
paused at line 366
	because of breakpoints [53]
action: stepIn
paused at line 519
action: stepIn
paused at line 588
action: stepOver
paused at line 589
action: stepOver
paused at line 590
action: resume
paused at line 435
	because of breakpoints [52]
action: stepIn
paused at line 437
action: stepOver
paused at line 438
action: stepOver
paused at line 439
action: resume
paused at line  68
	because of breakpoints [27]
action: stepIn
paused at line  69
action: stepOver
paused at line  70
action: stepIn
paused at line  71
action: stepOut
paused at line  79
	because of breakpoints [46]
action: resume
paused at line  79
	because of breakpoints [46]
action: resume
paused at line  79
	because of breakpoints [46]
action: resume
paused at line  79
	because of breakpoints [46]
action: resume
paused at line  79
	because of breakpoints [46]
action: resume
paused at line  79
	because of breakpoints [46]
action: stepIn
paused at line  72
action: stepIn
paused at line  73
action: stepOver
paused at line  74
action: stepIn
paused at line  75
action: resume
paused at line  79
	because of breakpoints [46]
action: stepOut
paused at line  79
	because of breakpoints [46]
action: stepIn
paused at line  72
action: stepOut
paused at line  82
	because of breakpoints [37]
action: stepOut
paused at line 103
	because of breakpoints [26]
action: stepIn
paused at line 104
action: resume
paused at line 107
	because of breakpoints [15]
action: resume
paused at line  98
	because of breakpoints [50]
action: stepIn
paused at line  99
action: resume
paused at line  98
	because of breakpoints [50]
action: stepOver
paused at line  99
action: stepOver
paused at line  98
action: stepOver
paused at line  99
action: stepOut
paused at line  98
	because of breakpoints [50]
action: resume
paused at line  98
	because of breakpoints [50]
action: stepOver
paused at line 100
action: stepIn
paused at line 101
action: resume
paused at line  82
	because of breakpoints [37]
action: stepOver
paused at line  83
action: resume
paused at line  82
	because of breakpoints [37]
action: stepIn
paused at line  83
action: stepIn
paused at line  84
action: stepOver
paused at line  83
action: resume
paused at line  82
	because of breakpoints [37]
action: stepIn
paused at line  83
action: stepOver
paused at line  84
action: stepOver
paused at line  83
action: stepOver
paused at line  84
action: stepOut
paused at line  82
	because of breakpoints [37]
action: stepIn
paused at line  83
action: stepOut
paused at line  98
	because of breakpoints [50]
action: stepIn
paused at line  99
action: resume
paused at line  98
	because of breakpoints [50]
action: stepIn
paused at line  99
action: stepOver
paused at line  98
action: stepOut
paused at line  98
	because of breakpoints [50]
action: stepOver
paused at line  99
action: stepOver
paused at line  98
action: stepOut
paused at line  98
	because of breakpoints [50]
action: stepOver
paused at line  99
action: stepOut
paused at line  98
	because of breakpoints [50]
action: resume
paused at line  82
	because of breakpoints [37]
action: stepOver
paused at line  83
action: stepIn
paused at line  84
action: resume
paused at line  82
	because of breakpoints [37]
action: stepOut
paused at line  82
	because of breakpoints [37]
action: stepIn
paused at line  83
action: resume
paused at line  82
	because of breakpoints [37]
action: stepOut
paused at line 103
	because of breakpoints [26]
action: resume
paused at line 107
	because of breakpoints [15]
action: stepIn
paused at line 107
action: stepOut
paused at line  98
	because of breakpoints [50]
action: resume
paused at line  98
	because of breakpoints [50]
action: stepIn
paused at line  99
action: resume
paused at line  98
	because of breakpoints [50]
action: resume
paused at line  98
	because of breakpoints [50]
action: stepOver
paused at line  99
action: stepOver
paused at line  98
action: stepOut
paused at line  98
	because of breakpoints [50]
action: stepOver
paused at line 100
action: stepIn
paused at line 101
action: stepOver
paused at line 101
action: resume
paused at line  82
	because of breakpoints [37]
action: resume
paused at line  82
	because of breakpoints [37]
action: stepOut
paused at line  82
	because of breakpoints [37]
action: stepOver
paused at line  83
action: resume
paused at line  82
	because of breakpoints [37]
action: stepIn
paused at line  83
action: stepOut
paused at line  98
	because of breakpoints [50]
action: stepOut
paused at line  98
	because of breakpoints [50]
action: stepOut
paused at line  98
	because of breakpoints [50]
action: stepIn
paused at line  99
action: stepOut
paused at line  98
	because of breakpoints [50]
action: stepIn
paused at line  99
action: stepOver
paused at line  98
action: stepOver
paused at line 100
action: stepOver
paused at line 101
action: resume
paused at line  82
	because of breakpoints [37]
action: stepIn
paused at line  83
action: stepOut
paused at line  82
	because of breakpoints [37]
action: resume
paused at line  82
	because of breakpoints [37]
action: resume
paused at line  82
	because of breakpoints [37]
action: stepOver
paused at line  83
action: stepOver
paused at line  84
action: stepOut
paused at line 103
	because of breakpoints [26]
action: stepOut
paused at line 107
	because of breakpoints [15]
action: stepIn
paused at line 107
action: resume
paused at line  98
	because of breakpoints [50]
action: resume
paused at line  98
	because of breakpoints [50]
action: stepIn
paused at line  99
action: stepOver
paused at line  98
action: stepIn
paused at line  99
action: resume
paused at line  98
	because of breakpoints [50]
action: stepOver
paused at line  99
action: stepOut
paused at line  98
	because of breakpoints [50]
action: stepOut
paused at line 101
action: stepOver
paused at line  87
action: stepIn
paused at line  88
action: stepIn
paused at line  87
action: stepOver
paused at line  88
action: resume
paused at line  82
	because of breakpoints [37]
action: stepOver
paused at line  83
action: stepOut
paused at line  82
	because of breakpoints [37]
action: stepIn
paused at line  83
action: stepOut
paused at line  82
	because of breakpoints [37]
action: stepOut
paused at line  82
	because of breakpoints [37]
action: resume
paused at line  98
	because of breakpoints [50]
action: stepOver
paused at line  99
action: stepOver
paused at line  98
action: stepOver
paused at line  99
action: stepIn
paused at line  98
action: stepOut
paused at line  98
	because of breakpoints [50]
action: stepOver
paused at line  99
action: stepIn
paused at line  98
action: stepOver
paused at line  99
action: resume
paused at line  98
	because of breakpoints [50]
action: stepIn
paused at line 100
action: stepOver
paused at line 101
action: resume
paused at line  82
	because of breakpoints [37]
action: stepOver
paused at line  83
action: stepOver
paused at line  84
action: stepOver
paused at line  83
action: resume
paused at line  82
	because of breakpoints [37]
action: stepOver
paused at line  83
action: stepOver
paused at line  84
action: stepIn
paused at line  83
action: resume
paused at line  82
	because of breakpoints [37]
action: stepOver
paused at line  83
action: stepOver
paused at line  84
action: resume
paused at line  82
	because of breakpoints [37]
action: resume
paused at line 103
	because of breakpoints [26]
action: stepOver
paused at line 104
action: stepIn
paused at line 105
action: stepIn
paused at line 104
action: stepOver
paused at line 105
action: stepOver
paused at line 104
action: stepOver
paused at line 105
action: stepOver
paused at line 104
action: stepOut
paused at line 107
	because of breakpoints [15]
action: stepOver
paused at line 107
action: stepOver
paused at line  98
	because of breakpoints [50]
action: resume
paused at line  98
	because of breakpoints [50]
action: resume
paused at line  98
	because of breakpoints [50]
action: stepOver
paused at line  99
action: resume
paused at line  98
	because of breakpoints [50]
action: stepIn
paused at line  99
action: stepOver
paused at line  98
action: stepOut
paused at line  98
	because of breakpoints [50]
action: stepIn
paused at line 100
action: stepOut
paused at line 101
action: stepOver
paused at line  87
action: stepOver
paused at line  88
action: stepOver
paused at line  87
action: stepOut
paused at line  82
	because of breakpoints [37]
action: stepOut
paused at line  82
	because of breakpoints [37]
action: stepOver
paused at line  83
action: stepOver
paused at line  84
action: stepOut
paused at line  82
	because of breakpoints [37]
action: resume
paused at line  82
	because of breakpoints [37]
action: stepOver
paused at line  83
action: resume
paused at line  98
	because of breakpoints [50]
action: resume
paused at line  98
	because of breakpoints [50]
action: stepOver
paused at line  99
action: resume
paused at line  98
	because of breakpoints [50]
action: stepOut
paused at line  98
	because of breakpoints [50]
action: stepOver
paused at line  99
action: resume
paused at line  98
	because of breakpoints [50]
action: stepIn
paused at line 100
action: stepIn
paused at line 101
action: stepOver
paused at line 101
action: stepOver
paused at line  92
action: stepOut
paused at line  82
	because of breakpoints [37]
action: stepIn
paused at line  83
action: stepOut
paused at line  82
	because of breakpoints [37]
action: stepIn
paused at line  83
action: stepIn
paused at line  84
action: resume
paused at line  82
	because of breakpoints [37]
action: stepOver
paused at line  83
action: stepOut
paused at line  82
	because of breakpoints [37]
action: resume
paused at line 103
	because of breakpoints [26]
action: stepOut
paused at line 107
	because of breakpoints [15]
action: stepIn
paused at line 107
action: stepOut
paused at line  98
	because of breakpoints [50]
action: stepOver
paused at line  99
action: stepOver
paused at line  98
action: stepOver
paused at line  99
action: resume
paused at line  98
	because of breakpoints [50]
action: stepOut
paused at line  98
	because of breakpoints [50]
action: resume
paused at line  98
	because of breakpoints [50]
action: stepOver
paused at line 100
action: stepOver
paused at line 101
action: resume
paused at line  82
	because of breakpoints [37]
action: stepOut
paused at line  82
	because of breakpoints [37]
action: stepIn
paused at line  83
action: stepIn
paused at line  84
action: stepOver
paused at line  83
action: stepOut
paused at line  82
	because of breakpoints [37]
action: stepIn
paused at line  83
action: stepOver
paused at line  84
action: stepOut
paused at line  82
	because of breakpoints [37]
action: stepIn
paused at line  83
action: stepIn
paused at line  84
action: stepIn
paused at line  83
action: stepIn
paused at line  84
action: stepIn
paused at line  83
action: resume
paused at line  98
	because of breakpoints [50]
action: stepOut
paused at line  98
	because of breakpoints [50]
action: resume
paused at line  98
	because of breakpoints [50]
action: stepIn
paused at line  99
action: resume
paused at line  98
	because of breakpoints [50]
action: stepOut
paused at line  98
	because of breakpoints [50]
action: stepOut
paused at line 101
action: stepOut
paused at line  82
	because of breakpoints [37]
action: stepOut
paused at line  82
	because of breakpoints [37]
action: stepOut
paused at line  82
	because of breakpoints [37]
action: stepOver
paused at line  83
action: resume
paused at line  82
	because of breakpoints [37]
action: stepOut
paused at line 103
	because of breakpoints [26]
action: resume
paused at line 107
	because of breakpoints [15]
action: resume
paused at line  98
	because of breakpoints [50]
action: stepIn
paused at line  99
action: stepOver
paused at line  98
action: stepOut
paused at line  98
	because of breakpoints [50]
action: stepIn
paused at line  99
action: stepOver
paused at line  98
action: stepIn
paused at line  99
action: resume
paused at line  98
	because of breakpoints [50]
action: resume
paused at line  98
	because of breakpoints [50]
action: stepOut
paused at line 101
action: stepIn
paused at line  87
action: stepIn
paused at line  88
action: resume
paused at line  82
	because of breakpoints [37]
action: resume
paused at line  82
	because of breakpoints [37]
action: stepOver
paused at line  83
action: stepIn
paused at line  84
action: stepOut
paused at line  82
	because of breakpoints [37]
action: stepOut
paused at line  82
	because of breakpoints [37]
action: resume
paused at line  98
	because of breakpoints [50]
action: resume
paused at line  98
	because of breakpoints [50]
action: stepOver
paused at line  99
action: stepIn
paused at line  98
action: stepOut
paused at line  98
	because of breakpoints [50]
action: stepOver
paused at line  99
action: stepOver
paused at line  98
action: resume
paused at line  98
	because of breakpoints [50]
action: resume
paused at line  98
	because of breakpoints [50]
action: stepOver
paused at line 100
action: stepIn
paused at line 101
action: stepOut
paused at line 101
action: stepIn
paused at line  92
action: resume
paused at line  82
	because of breakpoints [37]
action: stepOut
paused at line  82
	because of breakpoints [37]
action: stepIn
paused at line  83
action: stepOut
paused at line  82
	because of breakpoints [37]
action: stepIn
paused at line  83
action: stepIn
paused at line  84
action: stepIn
paused at line  83
action: stepIn
paused at line  84
action: stepOver
paused at line  83
action: resume
paused at line  82
	because of breakpoints [37]
action: stepIn
paused at line  83
action: stepIn
paused at line  84
action: stepIn
paused at line  83
action: stepOut
paused at line 103
	because of breakpoints [26]
action: stepIn
paused at line 104
action: resume
paused at line 107
	because of breakpoints [15]
action: stepIn
paused at line 107
action: stepOut
paused at line  98
	because of breakpoints [50]
action: resume
paused at line  98
	because of breakpoints [50]
action: stepIn
paused at line  99
action: resume
paused at line  98
	because of breakpoints [50]
action: stepOver
paused at line  99
action: stepOver
paused at line  98
action: stepOver
