request breakpoint   0 at line   2
                   set at line   2
request breakpoint   1 at line   5
                   set at line   5
request breakpoint   2 at line  29
                   set at line  30
request breakpoint   3 at line  26
                   set at line  26
request breakpoint   4 at line  43
                   set at line  44
request breakpoint   5 at line  15
                   set at line  15
request breakpoint   6 at line  33
                   set at line  34
request breakpoint   7 at line   7
                   set at line   7
request breakpoint   8 at line  41
                   set at line  41
paused at line  41
	because of breakpoints [8]
action: stepIn
paused at line  42
action: stepIn
paused at line  25
action: stepOver
paused at line  26
action: stepOver
paused at line  27
action: resume
paused at line  26
	because of breakpoints [3]
action: stepIn
paused at line  27
action: stepOver
paused at line  28
action: stepOver
paused at line  26
action: resume
paused at line  26
	because of breakpoints [3]
action: stepIn
paused at line  27
action: stepOver
paused at line  28
action: stepIn
paused at line  26
action: stepOut
paused at line  26
	because of breakpoints [3]
action: resume
paused at line  26
	because of breakpoints [3]
action: resume
paused at line  26
	because of breakpoints [3]
action: resume
paused at line  26
	because of breakpoints [3]
action: resume
paused at line  30
	because of breakpoints [2]
action: resume
paused at line   5
	because of breakpoints [1]
action: stepIn
paused at line   6
action: stepIn
paused at line   7
action: stepOver
paused at line   8
action: stepIn
paused at line   2
action: resume
