request breakpoint   0 at line   3
                   set at line   3
request breakpoint   1 at line   7
                   set at line   7
request breakpoint   2 at line  39
                   set at line  39
request breakpoint   3 at line  36
                   set at line  36
request breakpoint   4 at line  60
                   set at line  60
request breakpoint   5 at line  20
                   set at line  20
request breakpoint   6 at line  45
                   set at line  45
request breakpoint   7 at line  44
                   set at line  44
request breakpoint   8 at line  57
                   set at line  58
request breakpoint   9 at line  18
                   set at line  18
request breakpoint  10 at line  48
                   set at line  50
request breakpoint  11 at line  16
                   set at line  16
paused at line   3
	because of breakpoints [0]
action: stepIn
paused at line   4
action: stepIn
paused at line   4
action: stepOver
paused at line  12
action: stepOver
paused at line  13
action: resume
paused at line   3
	because of breakpoints [0]
action: stepIn
paused at line   4
action: stepOver
paused at line   4
action: stepOver
paused at line  13
action: resume
paused at line   3
	because of breakpoints [0]
action: stepIn
paused at line   4
action: stepOver
paused at line   4
action: stepIn
paused at line  14
action: stepOut
paused at line   3
	because of breakpoints [0]
action: resume
paused at line  16
	because of breakpoints [11]
action: resume
paused at line   3
	because of breakpoints [0]
action: resume
paused at line   3
	because of breakpoints [0]
action: resume
paused at line  18
	because of breakpoints [9]
action: resume
paused at line   3
	because of breakpoints [0]
action: stepIn
paused at line   4
action: stepIn
paused at line   4
action: stepOver
paused at line  18
action: stepIn
paused at line  19
action: resume
paused at line   3
	because of breakpoints [0]
action: stepOut
paused at line   4
action: stepIn
paused at line  19
action: stepOut
paused at line  20
	because of breakpoints [5]
action: stepOut
paused at line   3
	because of breakpoints [0]
action: stepIn
paused at line   4
action: resume
paused at line   3
	because of breakpoints [0]
action: resume
paused at line   3
	because of breakpoints [0]
action: stepIn
paused at line   4
action: resume
