request breakpoint   0 at line   4
                   set at line   4
request breakpoint   1 at line  10
                   set at line  10
request breakpoint   2 at line  59
                   set at line  59
request breakpoint   3 at line  53
                   set at line  53
request breakpoint   4 at line  90
                   set at line  91
request breakpoint   5 at line  28
                   set at line  28
request breakpoint   6 at line  68
                   set at line  68
request breakpoint   7 at line  65
                   set at line  65
request breakpoint   8 at line  85
                   set at line  85
request breakpoint   9 at line  23
                   set at line  23
request breakpoint  10 at line  72
                   set at line  72
request breakpoint  11 at line  19
                   set at line  19
request breakpoint  12 at line  44
                   set at line  44
request breakpoint  13 at line  77
                   set at line  77
request breakpoint  14 at line  92
                   set at line  92
request breakpoint  15 at line  96
                   set at line  96
request breakpoint  16 at line  87
                   set at line  87
request breakpoint  17 at line  94
                   set at line  95
request breakpoint  18 at line  20
                   set at line  20
paused at line  23
	because of breakpoints [9]
action: stepIn
paused at line   3
action: stepIn
paused at line   4
action: stepOver
paused at line   7
action: stepOver
paused at line   8
action: resume
paused at line  10
	because of breakpoints [1]
action: stepIn
paused at line  13
action: stepOver
paused at line  16
action: stepOver
paused at line  18
action: resume
paused at line  19
	because of breakpoints [11]
action: stepIn
paused at line  20
action: stepOver
paused at line  21
action: stepIn
paused at line  14
action: stepOut
paused at line  15
action: resume
paused at line  19
	because of breakpoints [11]
action: resume
paused at line  23
	because of breakpoints [9]
action: resume
paused at line  28
	because of breakpoints [5]
action: resume
paused at line  28
	because of breakpoints [5]
action: resume
paused at line  28
	because of breakpoints [5]
action: stepIn
paused at line  28
action: stepIn
paused at line  27
action: stepOver
paused at line  28
action: stepIn
paused at line  28
action: resume
paused at line  28
	because of breakpoints [5]
action: stepOut
paused at line  28
action: stepIn
paused at line  27
action: stepOut
paused at line  28
	because of breakpoints [5]
action: stepOut
paused at line  28
action: stepIn
paused at line  31
action: resume
paused at line  28
	because of breakpoints [5]
action: resume
paused at line  28
	because of breakpoints [5]
action: stepIn
paused at line  28
action: resume
paused at line  28
	because of breakpoints [5]
action: stepOver
paused at line  28
action: stepOver
paused at line  27
action: stepOver
paused at line  28
action: stepOut
paused at line  28
	because of breakpoints [5]
action: resume
paused at line  28
	because of breakpoints [5]
action: stepOver
paused at line  28
action: stepIn
paused at line  28
action: resume
paused at line  28
	because of breakpoints [5]
action: stepOver
paused at line  28
action: resume
paused at line  28
	because of breakpoints [5]
action: stepIn
paused at line  28
action: stepIn
paused at line  28
action: stepOver
paused at line  28
action: resume
paused at line  28
	because of breakpoints [5]
action: stepIn
paused at line  28
action: stepOver
