request breakpoint   0 at line   8
                   set at line   8
request breakpoint   1 at line  18
                   set at line  18
request breakpoint   2 at line 114
                   set at line 158
request breakpoint   3 at line 102
                   set at line 158
request breakpoint   3 at line 176
                   set at line 176
request breakpoint   4 at line  50
                   set at line 158
request breakpoint   4 at line 130
                   set at line 158
request breakpoint   4 at line 125
                   set at line 158
request breakpoint   4 at line 166
                   set at line 166
request breakpoint   5 at line  36
                   set at line 158
request breakpoint   5 at line 137
                   set at line 158
request breakpoint   5 at line  28
                   set at line 158
request breakpoint   5 at line  79
                   set at line 158
request breakpoint   5 at line 148
                   set at line 158
request breakpoint   5 at line 178
                   set at line 178
request breakpoint   6 at line 187
                   set at line 187
request breakpoint   7 at line 167
                   set at line 167
request breakpoint   8 at line 182
                   set at line 182
request breakpoint   9 at line  21
                   set at line  21
request breakpoint  10 at line  41
                   set at line 158
request breakpoint  10 at line   1
                   set at line   1
request breakpoint  11 at line  47
                   set at line 158
request breakpoint  11 at line 171
                   set at line 171
request breakpoint  12 at line  91
                   set at line 158
request breakpoint  12 at line  25
                   set at line  25
request breakpoint  13 at line  90
                   set at line 158
request breakpoint  13 at line  88
                   set at line 158
request breakpoint  13 at line  52
                   set at line 158
request breakpoint  13 at line 153
                   set at line 158
request breakpoint  13 at line 165
                   set at line 165
request breakpoint  14 at line  66
                   set at line 158
request breakpoint  14 at line 156
                   set at line 158
request breakpoint  14 at line 136
                   set at line 158
request breakpoint  14 at line 140
                   set at line 158
request breakpoint  14 at line 113
                   set at line 158
request breakpoint  14 at line  24
                   set at line  25
request breakpoint  14 at line 183
                   set at line 183
request breakpoint  15 at line 150
                   set at line 158
paused at line   1
	because of breakpoints [10]
action: stepIn
paused at line   2
action: stepIn
paused at line  27
action: stepOver
paused at line 179
action: stepOver
paused at line 180
action: resume
paused at line 182
	because of breakpoints [8]
action: stepIn
paused at line 183
action: stepOver
paused at line 184
action: stepOver
paused at line   8
	because of breakpoints [0]
action: resume
paused at line   8
	because of breakpoints [0]
action: stepIn
paused at line   9
action: stepOver
paused at line  10
action: stepIn
paused at line  11
action: stepOut
paused at line   8
	because of breakpoints [0]
action: resume
paused at line   8
	because of breakpoints [0]
action: resume
paused at line   8
	because of breakpoints [0]
action: resume
paused at line   8
	because of breakpoints [0]
action: resume
paused at line   8
	because of breakpoints [0]
action: resume
paused at line   8
	because of breakpoints [0]
action: stepIn
paused at line   9
action: stepIn
paused at line  10
action: stepOver
paused at line  11
action: stepIn
paused at line   7
action: resume
paused at line   8
	because of breakpoints [0]
action: stepOut
paused at line   8
	because of breakpoints [0]
action: stepIn
paused at line   9
action: stepOut
paused at line   8
	because of breakpoints [0]
action: stepOut
paused at line   8
	because of breakpoints [0]
action: stepIn
paused at line   9
action: resume
paused at line   8
	because of breakpoints [0]
action: resume
paused at line   8
	because of breakpoints [0]
action: stepIn
paused at line   9
action: resume
paused at line   8
	because of breakpoints [0]
action: stepOver
paused at line   9
action: stepOver
paused at line  10
action: stepOver
paused at line  11
action: stepOut
paused at line   8
	because of breakpoints [0]
action: resume
paused at line   8
	because of breakpoints [0]
action: stepOver
paused at line   9
action: stepIn
paused at line  10
action: resume
paused at line   8
	because of breakpoints [0]
action: stepOver
paused at line   9
action: resume
paused at line   8
	because of breakpoints [0]
action: stepIn
paused at line   9
action: stepIn
paused at line  10
action: stepOver
paused at line  11
action: resume
paused at line   8
	because of breakpoints [0]
action: stepIn
paused at line   9
action: stepOver
paused at line  10
action: stepOver
paused at line  11
action: stepOver
paused at line   7
action: stepOut
paused at line   8
	because of breakpoints [0]
action: stepIn
paused at line   9
action: stepOut
paused at line   8
	because of breakpoints [0]
action: stepIn
paused at line   9
action: resume
paused at line   8
	because of breakpoints [0]
action: stepIn
paused at line   9
action: stepOver
paused at line  10
action: stepOut
paused at line   8
	because of breakpoints [0]
action: stepOver
paused at line   9
action: stepOver
paused at line  10
action: stepOut
paused at line   8
	because of breakpoints [0]
action: stepOver
paused at line   9
action: stepOut
paused at line   8
	because of breakpoints [0]
action: resume
paused at line   8
	because of breakpoints [0]
action: stepOver
paused at line   9
action: stepIn
paused at line  10
action: resume
paused at line   8
	because of breakpoints [0]
action: stepOut
paused at line   8
	because of breakpoints [0]
action: stepIn
paused at line   9
action: resume
paused at line   8
	because of breakpoints [0]
action: stepOut
paused at line   8
	because of breakpoints [0]
action: resume
paused at line   8
	because of breakpoints [0]
action: stepIn
paused at line   9
action: stepOut
paused at line   8
	because of breakpoints [0]
action: resume
paused at line   8
	because of breakpoints [0]
action: stepIn
paused at line   9
action: resume
paused at line   8
	because of breakpoints [0]
action: resume
paused at line   8
	because of breakpoints [0]
action: stepOver
paused at line   9
action: stepOver
paused at line  10
action: stepOut
paused at line   8
	because of breakpoints [0]
action: stepOver
paused at line   9
action: stepIn
paused at line  10
action: stepOver
paused at line  11
action: resume
paused at line   8
	because of breakpoints [0]
action: resume
paused at line   8
	because of breakpoints [0]
action: stepOut
paused at line   8
	because of breakpoints [0]
action: stepOver
paused at line   9
action: resume
paused at line   8
	because of breakpoints [0]
action: stepIn
paused at line   9
action: stepOut
paused at line   8
	because of breakpoints [0]
action: stepOut
paused at line   8
	because of breakpoints [0]
action: stepOut
paused at line   8
	because of breakpoints [0]
action: stepIn
paused at line   9
action: stepOut
