request breakpoint   0 at line  22
                   set at line  22
request breakpoint   1 at line  44
                   set at line  44
request breakpoint   2 at line 215
                   set at line 215
request breakpoint   3 at line 198
                   set at line 198
request breakpoint   4 at line 333
                   set at line 333
request breakpoint   5 at line 100
                   set at line 100
request breakpoint   6 at line 242
                   set at line 242
request breakpoint   7 at line 232
                   set at line 232
request breakpoint   8 at line 308
                   set at line 308
request breakpoint   9 at line  72
                   set at line  72
request breakpoint  10 at line 251
                   set at line 251
request breakpoint  11 at line  57
                   set at line  57
request breakpoint  12 at line 155
                   set at line 155
request breakpoint  13 at line 272
                   set at line 272
request breakpoint  14 at line 336
                   set at line 336
request breakpoint  15 at line 352
                   set at line 352
request breakpoint  16 at line 312
                   set at line 312
request breakpoint  17 at line 343
                   set at line 343
request breakpoint  18 at line  43
                   set at line  43
request breakpoint  19 at line  78
                   set at line  78
request breakpoint  20 at line 230
                   set at line 230
request breakpoint  21 at line  88
                   set at line  88
request breakpoint  22 at line 322
                   set at line 322
request breakpoint  23 at line 172
                   set at line 172
request breakpoint  24 at line  46
                   set at line  46
request breakpoint  25 at line 170
                   set at line 170
request breakpoint  26 at line 167
                   set at line 167
request breakpoint  27 at line  94
                   set at line  94
request breakpoint  28 at line 280
                   set at line 280
request breakpoint  29 at line 305
                   set at line 305
request breakpoint  30 at line 123
                   set at line 123
request breakpoint  31 at line 283
                   set at line 283
request breakpoint  32 at line 247
                   set at line 247
request breakpoint  33 at line 254
                   set at line 254
request breakpoint  34 at line 208
                   set at line 208
request breakpoint  35 at line 169
                   set at line 169
request breakpoint  36 at line 347
                   set at line 347
request breakpoint  37 at line  28
                   set at line  28
request breakpoint  38 at line  54
                   set at line  54
request breakpoint  39 at line 325
                   set at line 325
request breakpoint  40 at line 261
                   set at line 261
request breakpoint  41 at line 319
                   set at line 319
request breakpoint  42 at line  10
                   set at line  10
request breakpoint  43 at line  83
                   set at line  83
request breakpoint  44 at line 218
                   set at line 218
request breakpoint  45 at line 296
                   set at line 296
request breakpoint  46 at line 117
                   set at line 117
request breakpoint  47 at line 245
                   set at line 245
request breakpoint  48 at line 246
                   set at line 246
request breakpoint  49 at line 275
                   set at line 275
paused at line  10
	because of breakpoints [42]
action: stepIn
paused at line  13
action: stepIn
paused at line  20
action: stepOver
paused at line  21
action: stepOver
paused at line  22
action: resume
paused at line  22
	because of breakpoints [0]
action: stepIn
paused at line 343
action: stepOver
paused at line 344
action: stepOver
paused at line 261
	because of breakpoints [40]
action: resume
paused at line 272
	because of breakpoints [13]
action: stepIn
paused at line 273
action: stepOver
paused at line 274
action: stepIn
paused at line 275
action: stepOut
paused at line 275
	because of breakpoints [49]
action: resume
paused at line 280
	because of breakpoints [28]
action: resume
paused at line 283
	because of breakpoints [31]
action: resume
paused at line 100
	because of breakpoints [5]
action: resume
paused at line 296
	because of breakpoints [45]
action: resume
paused at line 100
	because of breakpoints [5]
action: stepIn
paused at line 100
action: stepIn
paused at line 296
action: stepOver
paused at line 297
action: stepIn
paused at line  99
action: resume
paused at line 100
	because of breakpoints [5]
action: stepOut
paused at line 100
action: stepIn
paused at line 297
action: stepOut
paused at line 100
	because of breakpoints [5]
action: stepOut
paused at line 100
action: stepIn
paused at line 298
action: resume
paused at line 100
	because of breakpoints [5]
action: resume
paused at line 100
	because of breakpoints [5]
action: stepIn
paused at line 100
action: resume
paused at line 100
	because of breakpoints [5]
action: stepOver
paused at line 100
action: stepOver
paused at line 301
action: stepOver
paused at line 302
action: stepOut
paused at line 100
	because of breakpoints [5]
action: resume
paused at line 305
	because of breakpoints [29]
action: stepOver
paused at line 100
	because of breakpoints [5]
action: stepIn
paused at line 100
action: resume
paused at line 308
	because of breakpoints [8]
action: stepOver
paused at line 311
action: resume
paused at line 312
	because of breakpoints [16]
action: stepIn
paused at line  86
action: stepIn
paused at line  87
action: stepOver
paused at line  88
action: resume
paused at line  88
	because of breakpoints [21]
action: stepIn
paused at line  89
action: stepOver
paused at line  87
action: stepOver
paused at line  88
action: stepOver
paused at line  89
action: stepOut
paused at line  88
	because of breakpoints [21]
action: stepIn
paused at line  89
action: stepOut
paused at line  78
	because of breakpoints [19]
action: stepIn
paused at line  79
action: resume
paused at line  83
	because of breakpoints [43]
action: stepIn
paused at line  83
action: stepOver
paused at line  91
action: stepOut
paused at line  94
	because of breakpoints [27]
action: stepOver
paused at line  95
action: stepOver
paused at line  96
action: stepOut
paused at line  96
action: stepOver
paused at line 312
action: stepOut
paused at line  88
	because of breakpoints [21]
action: resume
paused at line  88
	because of breakpoints [21]
action: stepOver
paused at line  89
action: stepIn
paused at line  87
action: resume
paused at line  88
	because of breakpoints [21]
action: stepOut
paused at line  78
	because of breakpoints [19]
action: stepIn
paused at line  79
action: resume
paused at line  83
	because of breakpoints [43]
action: stepOut
paused at line  83
action: resume
paused at line  94
	because of breakpoints [27]
action: stepIn
paused at line  95
action: stepOut
paused at line  96
action: resume
paused at line  88
	because of breakpoints [21]
action: stepIn
paused at line  89
action: resume
paused at line  88
	because of breakpoints [21]
action: resume
paused at line  88
	because of breakpoints [21]
action: stepOver
paused at line  89
action: stepOver
paused at line  87
action: stepOut
paused at line  78
	because of breakpoints [19]
action: stepOver
paused at line  79
action: stepIn
paused at line  80
action: stepOver
paused at line  81
action: resume
paused at line  83
	because of breakpoints [43]
action: resume
paused at line  94
	because of breakpoints [27]
action: stepOut
paused at line  96
action: stepOver
paused at line 312
action: resume
paused at line  88
	because of breakpoints [21]
action: stepIn
paused at line  89
action: stepOut
paused at line  88
	because of breakpoints [21]
action: stepOut
paused at line  88
	because of breakpoints [21]
action: stepOut
paused at line  78
	because of breakpoints [19]
action: stepIn
paused at line  79
action: stepOut
paused at line  83
	because of breakpoints [43]
action: stepIn
paused at line  83
action: stepOver
paused at line  92
action: stepOver
paused at line  93
action: stepOver
paused at line  94
action: resume
paused at line  94
	because of breakpoints [27]
action: stepIn
paused at line  95
action: stepOut
paused at line  96
action: resume
paused at line  88
	because of breakpoints [21]
action: resume
paused at line  88
	because of breakpoints [21]
action: stepOver
paused at line  89
action: stepOver
paused at line  87
action: stepOut
paused at line  88
	because of breakpoints [21]
action: stepOut
paused at line  78
	because of breakpoints [19]
action: stepIn
paused at line  79
action: resume
paused at line  83
	because of breakpoints [43]
action: resume
paused at line  94
	because of breakpoints [27]
action: stepIn
paused at line  95
action: stepOver
paused at line  96
action: stepIn
paused at line  96
action: resume
paused at line  88
	because of breakpoints [21]
action: stepOver
paused at line  89
action: stepOut
paused at line  88
	because of breakpoints [21]
action: stepOut
paused at line  88
	because of breakpoints [21]
action: stepOver
paused at line  89
action: stepIn
paused at line  87
action: stepIn
paused at line  91
action: stepOver
paused at line  78
	because of breakpoints [19]
action: resume
paused at line  83
	because of breakpoints [43]
action: stepOver
paused at line  83
action: stepOut
paused at line  94
	because of breakpoints [27]
action: stepIn
paused at line  95
action: stepOut
paused at line  96
action: stepOut
paused at line 319
	because of breakpoints [41]
action: resume
paused at line 100
	because of breakpoints [5]
action: stepOver
paused at line 100
action: stepOver
paused at line 319
action: stepOver
paused at line 100
	because of breakpoints [5]
action: stepIn
paused at line 100
action: stepOut
paused at line 100
	because of breakpoints [5]
action: stepOver
paused at line 100
action: stepIn
paused at line 319
action: stepOver
paused at line 100
	because of breakpoints [5]
action: resume
paused at line 100
	because of breakpoints [5]
action: stepIn
paused at line 100
action: stepOver
paused at line 319
action: resume
paused at line 100
	because of breakpoints [5]
action: stepOver
paused at line 100
action: stepOver
paused at line 100
	because of breakpoints [5]
action: stepOver
paused at line 100
action: resume
paused at line 100
	because of breakpoints [5]
action: stepOver
paused at line 100
action: stepOver
paused at line 100
	because of breakpoints [5]
action: stepIn
paused at line 100
action: resume
paused at line 100
	because of breakpoints [5]
action: stepOver
paused at line 100
action: stepOver
paused at line 100
	because of breakpoints [5]
action: resume
paused at line 100
	because of breakpoints [5]
action: resume
paused at line 100
	because of breakpoints [5]
action: stepOver
paused at line 100
action: stepIn
paused at line  99
action: stepIn
paused at line 100
action: stepOver
paused at line 100
action: stepOver
paused at line 100
	because of breakpoints [5]
action: stepOver
paused at line 100
action: stepOver
paused at line 100
	because of breakpoints [5]
action: stepOut
paused at line 100
action: stepOver
paused at line 100
	because of breakpoints [5]
action: stepOver
paused at line 100
action: resume
paused at line 100
	because of breakpoints [5]
action: resume
paused at line 100
	because of breakpoints [5]
action: stepOver
paused at line 100
action: resume
paused at line 100
	because of breakpoints [5]
action: stepIn
paused at line 100
action: stepOver
paused at line 100
	because of breakpoints [5]
action: stepOut
paused at line 100
action: stepIn
paused at line  99
action: stepOut
paused at line 100
	because of breakpoints [5]
action: stepOver
paused at line 100
action: stepOver
paused at line 100
	because of breakpoints [5]
action: stepOver
paused at line 100
action: stepOut
paused at line 100
	because of breakpoints [5]
action: stepOut
paused at line 100
action: stepOver
