request breakpoint   0 at line  46
                   set at line  46
request breakpoint   1 at line  64
                   set at line  64
request breakpoint   2 at line 262
                   set at line 262
request breakpoint   3 at line 235
                   set at line 235
request breakpoint   4 at line 393
                   set at line 393
request breakpoint   5 at line 138
                   set at line 138
request breakpoint   6 at line 288
                   set at line 288
request breakpoint   7 at line 278
                   set at line 278
request breakpoint   8 at line 374
                   set at line 374
request breakpoint   9 at line 108
                   set at line 108
request breakpoint  10 at line 300
                   set at line 300
request breakpoint  11 at line  85
                   set at line  85
request breakpoint  12 at line 186
                   set at line 186
request breakpoint  13 at line 325
                   set at line 325
request breakpoint  14 at line 399
                   set at line 399
request breakpoint  15 at line 443
                   set at line 443
request breakpoint  16 at line 376
                   set at line 376
request breakpoint  17 at line 410
                   set at line 410
request breakpoint  18 at line  60
                   set at line  60
request breakpoint  19 at line 110
                   set at line 110
request breakpoint  20 at line 275
                   set at line 275
request breakpoint  21 at line 118
                   set at line 118
request breakpoint  22 at line 383
                   set at line 383
request breakpoint  23 at line 205
                   set at line 205
request breakpoint  24 at line  63
                   set at line  63
request breakpoint  25 at line 201
                   set at line 201
request breakpoint  26 at line 196
                   set at line 196
request breakpoint  27 at line 128
                   set at line 128
request breakpoint  28 at line 335
                   set at line 335
request breakpoint  29 at line 372
                   set at line 372
request breakpoint  30 at line 153
                   set at line 153
request breakpoint  31 at line 345
                   set at line 345
request breakpoint  32 at line 294
                   set at line 294
request breakpoint  33 at line 303
                   set at line 303
request breakpoint  34 at line 246
                   set at line 246
request breakpoint  35 at line 197
                   set at line 197
request breakpoint  36 at line 411
                   set at line 411
request breakpoint  37 at line 324
                   set at line 324
request breakpoint  38 at line 151
                   set at line 151
request breakpoint  39 at line 385
                   set at line 385
request breakpoint  40 at line 308
                   set at line 308
request breakpoint  41 at line 380
                   set at line 380
request breakpoint  42 at line 130
                   set at line 130
request breakpoint  43 at line 112
                   set at line 112
request breakpoint  44 at line  31
                   set at line  31
request breakpoint  45 at line 356
                   set at line 356
request breakpoint  46 at line 146
                   set at line 146
request breakpoint  47 at line 289
                   set at line 289
request breakpoint  48 at line 290
                   set at line 290
request breakpoint  49 at line 331
                   set at line 331
request breakpoint  50 at line 218
                   set at line 218
request breakpoint  51 at line 170
                   set at line 170
request breakpoint  52 at line 245
                   set at line 245
request breakpoint  53 at line 157
                   set at line 157
request breakpoint  54 at line 357
                   set at line 357
request breakpoint  55 at line 154
                   set at line 154
request breakpoint  56 at line 307
                   set at line 307
paused at line 443
	because of breakpoints [15]
action: stepIn
paused at line 315
action: stepIn
paused at line 316
action: stepOver
paused at line 317
action: stepOver
paused at line 318
action: resume
paused at line 324
	because of breakpoints [37]
action: stepIn
paused at line  27
action: stepOver
paused at line  28
action: stepOver
paused at line  28
action: resume
paused at line 325
	because of breakpoints [13]
action: stepIn
paused at line  27
action: stepOver
paused at line  28
action: stepIn
paused at line  28
action: stepOut
paused at line 329
action: resume
paused at line 331
	because of breakpoints [49]
action: resume
paused at line 128
	because of breakpoints [27]
action: resume
paused at line 138
	because of breakpoints [5]
action: resume
paused at line 146
	because of breakpoints [46]
action: resume
paused at line 151
	because of breakpoints [38]
action: stepIn
paused at line 152
action: stepIn
paused at line 153
action: stepOver
paused at line 154
action: stepIn
paused at line 155
action: resume
paused at line 157
	because of breakpoints [53]
action: stepOut
paused at line 158
action: stepIn
paused at line 331
action: stepOut
paused at line 128
	because of breakpoints [27]
action: stepOut
paused at line 138
	because of breakpoints [5]
action: stepIn
paused at line 139
action: resume
paused at line 146
	because of breakpoints [46]
action: resume
paused at line 151
	because of breakpoints [38]
action: stepIn
paused at line 152
action: resume
paused at line 153
	because of breakpoints [30]
action: stepOver
paused at line 154
action: stepOver
paused at line 155
action: stepOver
paused at line 156
action: stepOut
paused at line 157
	because of breakpoints [53]
action: resume
paused at line 128
	because of breakpoints [27]
action: stepOver
paused at line 129
action: stepIn
paused at line 135
action: resume
paused at line 138
	because of breakpoints [5]
action: stepOver
paused at line 139
action: resume
paused at line 146
	because of breakpoints [46]
action: stepIn
paused at line  95
action: stepIn
paused at line  35
action: stepOver
paused at line  36
action: resume
paused at line 151
	because of breakpoints [38]
action: stepIn
paused at line 152
action: stepOver
paused at line 153
action: stepOver
paused at line 154
action: stepOver
paused at line 155
action: stepOut
paused at line 157
	because of breakpoints [53]
action: stepIn
paused at line 158
action: stepOut
paused at line 158
action: stepIn
paused at line 334
action: resume
paused at line 335
	because of breakpoints [28]
action: stepIn
paused at line 126
action: stepOver
paused at line 127
action: stepOut
paused at line 128
	because of breakpoints [27]
action: stepOver
paused at line 129
action: stepOver
paused at line 135
action: stepOut
paused at line 138
	because of breakpoints [5]
action: stepOver
paused at line 139
action: stepOut
paused at line 146
	because of breakpoints [46]
action: resume
paused at line 151
	because of breakpoints [38]
action: stepOver
paused at line 152
action: stepIn
paused at line 153
action: resume
paused at line 153
	because of breakpoints [30]
action: stepOut
paused at line 154
	because of breakpoints [55]
action: stepIn
paused at line 155
action: resume
paused at line 157
	because of breakpoints [53]
action: stepOut
paused at line 158
action: resume
paused at line 128
	because of breakpoints [27]
action: stepIn
paused at line  88
action: stepOut
paused at line  92
action: resume
paused at line 130
	because of breakpoints [42]
action: stepIn
paused at line 131
action: resume
paused at line 146
	because of breakpoints [46]
action: resume
paused at line 151
	because of breakpoints [38]
action: stepOver
paused at line 152
action: stepOver
paused at line 153
action: stepOut
paused at line 153
	because of breakpoints [30]
action: stepOver
paused at line 154
action: stepIn
paused at line 155
action: stepOver
paused at line 156
action: resume
paused at line 157
	because of breakpoints [53]
action: resume
paused at line 128
	because of breakpoints [27]
action: stepOut
paused at line 130
	because of breakpoints [42]
action: stepOver
paused at line 131
action: resume
paused at line 146
	because of breakpoints [46]
action: stepIn
paused at line  95
action: stepOut
paused at line  97
action: stepOut
paused at line 147
action: stepOut
paused at line 151
	because of breakpoints [38]
action: stepIn
paused at line 152
action: stepOut
paused at line 153
	because of breakpoints [30]
action: stepIn
paused at line 154
action: stepOver
paused at line 155
action: stepOver
paused at line 156
action: stepOver
paused at line 157
action: resume
paused at line 157
	because of breakpoints [53]
action: stepIn
paused at line 158
action: stepOut
paused at line 158
action: resume
paused at line 128
	because of breakpoints [27]
action: resume
paused at line 130
	because of breakpoints [42]
action: stepOver
paused at line 131
action: stepOver
paused at line 139
action: stepOut
paused at line 146
	because of breakpoints [46]
action: stepOut
paused at line 151
	because of breakpoints [38]
action: stepIn
paused at line 152
action: resume
paused at line 153
	because of breakpoints [30]
action: resume
paused at line 154
	because of breakpoints [55]
action: stepIn
paused at line 155
action: stepOver
paused at line 156
action: stepIn
paused at line 157
action: resume
paused at line 157
	because of breakpoints [53]
action: stepOver
paused at line 158
action: stepOut
paused at line 158
action: stepOut
paused at line 345
	because of breakpoints [31]
action: stepOver
paused at line 128
	because of breakpoints [27]
action: stepIn
paused at line  88
action: stepIn
paused at line  89
action: stepOver
paused at line  90
action: resume
paused at line 130
	because of breakpoints [42]
action: stepOver
paused at line 131
action: stepOut
paused at line 146
	because of breakpoints [46]
action: stepIn
paused at line  95
action: stepOut
paused at line  97
action: stepOut
paused at line 147
action: resume
paused at line 151
	because of breakpoints [38]
action: stepOver
paused at line 152
action: stepOver
paused at line 153
action: stepOver
paused at line 154
action: stepIn
paused at line 155
action: stepOut
paused at line 157
	because of breakpoints [53]
action: stepOver
paused at line 158
action: stepIn
paused at line 158
action: stepOver
paused at line 345
action: resume
paused at line 128
	because of breakpoints [27]
action: stepIn
paused at line  88
action: stepOver
paused at line  89
action: resume
paused at line 146
	because of breakpoints [46]
action: stepOver
paused at line 147
action: stepOver
paused at line 148
action: stepOver
paused at line 149
action: resume
paused at line 151
	because of breakpoints [38]
action: stepOver
paused at line 152
action: stepOver
paused at line 153
action: stepIn
paused at line 154
action: resume
paused at line 154
	because of breakpoints [55]
action: stepOver
paused at line 155
action: stepOver
paused at line 156
action: resume
paused at line 157
	because of breakpoints [53]
action: resume
paused at line 128
	because of breakpoints [27]
action: stepOver
paused at line 129
action: stepIn
paused at line 135
action: stepIn
paused at line 136
action: stepOver
paused at line 139
action: stepOver
paused at line 140
action: stepOver
paused at line 141
action: stepOver
paused at line 142
action: stepOut
paused at line 146
	because of breakpoints [46]
action: stepOver
paused at line 147
action: stepOver
paused at line 148
action: resume
paused at line 151
	because of breakpoints [38]
action: resume
paused at line 153
	because of breakpoints [30]
action: stepOver
paused at line 154
action: resume
paused at line 154
	because of breakpoints [55]
action: stepIn
paused at line 155
action: stepOver
paused at line 156
action: stepOut
paused at line 157
	because of breakpoints [53]
action: stepIn
paused at line 158
action: stepOut
paused at line 158
action: stepOver
paused at line 348
action: stepOver
paused at line 350
action: stepOver
paused at line 128
	because of breakpoints [27]
action: stepOut
paused at line 146
	because of breakpoints [46]
action: stepOut
paused at line 151
	because of breakpoints [38]
action: stepOver
paused at line 152
action: stepOver
paused at line 153
action: stepOut
paused at line 153
	because of breakpoints [30]
action: resume
paused at line 154
	because of breakpoints [55]
action: stepOver
paused at line 155
action: resume
paused at line 157
	because of breakpoints [53]
action: resume
paused at line 128
	because of breakpoints [27]
action: stepOver
paused at line 129
action: resume
paused at line 146
	because of breakpoints [46]
action: stepOut
paused at line 151
	because of breakpoints [38]
action: stepOver
paused at line 152
action: resume
paused at line 153
	because of breakpoints [30]
action: stepIn
paused at line 154
action: stepIn
paused at line 155
action: stepOver
paused at line 156
action: stepOver
paused at line 157
action: stepOut
paused at line 157
	because of breakpoints [53]
action: stepIn
paused at line 158
action: stepOut
paused at line 158
action: stepIn
paused at line 351
action: stepIn
paused at line 354
action: resume
paused at line 356
	because of breakpoints [45]
action: stepOver
paused at line 357
action: stepOut
paused at line 357
	because of breakpoints [54]
action: resume
paused at line 372
	because of breakpoints [29]
action: stepOut
paused at line 374
	because of breakpoints [8]
action: stepIn
paused at line  27
action: stepOut
paused at line  28
action: stepOver
paused at line 374
action: stepOver
paused at line 375
action: stepOver
paused at line 128
	because of breakpoints [27]
action: resume
paused at line 146
	because of breakpoints [46]
action: stepOut
paused at line 151
	because of breakpoints [38]
action: resume
paused at line 153
	because of breakpoints [30]
action: stepOver
paused at line 154
action: stepOver
paused at line 155
action: resume
paused at line 157
	because of breakpoints [53]
action: stepOut
paused at line 158
action: stepIn
paused at line 375
action: stepIn
paused at line 376
action: stepOver
paused at line 377
action: stepOut
paused at line 128
	because of breakpoints [27]
action: stepIn
paused at line  88
action: stepOver
paused at line  89
action: stepOut
paused at line  92
action: stepIn
paused at line 129
action: stepIn
paused at line 135
action: stepIn
