request breakpoint   0 at line  24
                   set at line  24
request breakpoint   1 at line  47
                   set at line  47
request breakpoint   2 at line 141
                   set at line 141
request breakpoint   3 at line 122
                   set at line 122
request breakpoint   4 at line 251
                   set at line 251
request breakpoint   5 at line  78
                   set at line  78
request breakpoint   6 at line 170
                   set at line 170
request breakpoint   7 at line 164
                   set at line 164
request breakpoint   8 at line 235
                   set at line 235
request breakpoint   9 at line  66
                   set at line  66
request breakpoint  10 at line 185
                   set at line 185
request breakpoint  11 at line  60
                   set at line  60
request breakpoint  12 at line 104
                   set at line 104
request breakpoint  13 at line 207
                   set at line 207
request breakpoint  14 at line 255
                   set at line 255
request breakpoint  15 at line 291
                   set at line 291
request breakpoint  16 at line 243
                   set at line 243
request breakpoint  17 at line 283
                   set at line 283
request breakpoint  18 at line  54
                   set at line  54
request breakpoint  19 at line  72
                   set at line  72
request breakpoint  20 at line 165
                   set at line 165
request breakpoint  21 at line  14
                   set at line  14
request breakpoint  22 at line 247
                   set at line 247
request breakpoint  23 at line 116
                   set at line 116
request breakpoint  24 at line  43
                   set at line  43
request breakpoint  25 at line 115
                   set at line 115
request breakpoint  26 at line 114
                   set at line 114
request breakpoint  27 at line  83
                   set at line  83
request breakpoint  28 at line 218
                   set at line 218
request breakpoint  29 at line 242
                   set at line 242
request breakpoint  30 at line  95
                   set at line  95
paused at line  14
	because of breakpoints [21]
action: stepIn
paused at line  15
action: stepIn
paused at line  16
action: stepOver
paused at line 258
action: stepOver
paused at line 282
action: resume
paused at line 283
	because of breakpoints [17]
action: stepIn
paused at line 282
action: stepOver
paused at line 283
action: stepOver
paused at line 282
action: resume
paused at line 283
	because of breakpoints [17]
action: stepIn
paused at line 282
action: stepOver
paused at line 283
action: stepIn
paused at line 282
action: stepOut
paused at line 207
	because of breakpoints [13]
action: resume
paused at line  43
	because of breakpoints [24]
action: resume
paused at line  47
	because of breakpoints [1]
action: resume
paused at line  54
	because of breakpoints [18]
action: resume
paused at line 185
	because of breakpoints [10]
action: resume
paused at line 185
	because of breakpoints [10]
action: stepIn
paused at line 186
action: stepIn
paused at line 187
action: stepOver
paused at line 187
action: stepIn
paused at line 140
action: resume
paused at line 185
	because of breakpoints [10]
action: stepOut
paused at line 187
action: stepIn
paused at line 140
action: stepOut
paused at line 185
	because of breakpoints [10]
action: stepOut
paused at line 187
action: stepIn
paused at line 141
action: resume
paused at line 141
	because of breakpoints [2]
action: resume
paused at line 185
	because of breakpoints [10]
action: stepIn
paused at line 186
action: resume
paused at line 185
	because of breakpoints [10]
action: stepOver
paused at line 186
action: stepOver
paused at line 187
action: stepOver
paused at line 187
action: stepOut
paused at line 185
	because of breakpoints [10]
action: resume
paused at line 185
	because of breakpoints [10]
action: stepOver
paused at line 186
action: stepIn
paused at line 187
action: resume
paused at line 141
	because of breakpoints [2]
action: stepOver
paused at line 141
action: resume
paused at line  60
	because of breakpoints [11]
action: stepIn
paused at line 144
action: stepIn
paused at line 140
action: stepOver
paused at line 185
	because of breakpoints [10]
action: resume
paused at line 185
	because of breakpoints [10]
action: stepIn
paused at line 186
action: stepOver
paused at line 187
action: stepOver
paused at line 187
action: stepOver
paused at line 140
action: stepOut
paused at line 185
	because of breakpoints [10]
action: stepIn
paused at line 186
action: stepOut
paused at line 187
action: stepIn
paused at line 140
action: resume
paused at line 185
	because of breakpoints [10]
action: stepIn
paused at line 186
action: stepOver
paused at line 187
action: stepOut
paused at line 187
action: stepOver
paused at line 141
action: stepOver
paused at line 141
action: stepOut
paused at line 145
action: stepOver
paused at line  60
action: stepOut
paused at line 185
	because of breakpoints [10]
action: resume
paused at line 185
	because of breakpoints [10]
action: stepOver
paused at line 186
action: stepIn
paused at line 187
action: resume
paused at line 185
	because of breakpoints [10]
action: stepOut
paused at line 187
action: stepIn
paused at line 140
action: resume
paused at line 185
	because of breakpoints [10]
action: stepOut
paused at line 187
action: resume
paused at line 141
	because of breakpoints [2]
action: stepIn
paused at line 141
action: stepOut
paused at line 145
action: resume
paused at line 185
	because of breakpoints [10]
action: stepIn
paused at line 186
action: resume
paused at line 185
	because of breakpoints [10]
action: resume
paused at line 185
	because of breakpoints [10]
action: stepOver
paused at line 186
action: stepOver
paused at line 187
action: stepOut
paused at line 187
action: stepOver
paused at line 140
action: stepIn
paused at line 194
action: stepOver
paused at line 195
action: resume
paused at line 185
	because of breakpoints [10]
action: resume
paused at line 141
	because of breakpoints [2]
action: stepOut
paused at line 141
action: stepOver
paused at line 145
action: resume
paused at line 185
	because of breakpoints [10]
action: stepIn
paused at line 186
action: stepOut
paused at line 187
action: stepOut
paused at line 185
	because of breakpoints [10]
action: stepOut
paused at line 187
action: stepIn
paused at line 140
action: stepOut
paused at line 185
	because of breakpoints [10]
action: stepIn
paused at line 186
action: stepOver
paused at line 187
action: stepOver
paused at line 187
action: stepOver
paused at line 140
action: resume
paused at line 185
	because of breakpoints [10]
action: stepIn
paused at line 186
action: stepOut
paused at line 187
action: resume
paused at line 141
	because of breakpoints [2]
action: resume
paused at line 185
	because of breakpoints [10]
action: stepOver
paused at line 186
action: stepOver
paused at line 187
action: stepOut
paused at line 187
action: stepOut
paused at line 185
	because of breakpoints [10]
action: stepIn
paused at line 186
action: resume
paused at line 185
	because of breakpoints [10]
action: resume
paused at line 185
	because of breakpoints [10]
action: stepIn
paused at line 186
action: stepOver
paused at line 187
action: stepIn
paused at line 187
action: resume
paused at line 141
	because of breakpoints [2]
action: stepOver
paused at line 141
action: stepOut
paused at line 145
action: stepOut
paused at line 185
	because of breakpoints [10]
action: stepOver
paused at line 186
action: stepIn
paused at line 187
action: stepIn
paused at line 187
action: stepOver
paused at line 140
action: resume
paused at line 185
	because of breakpoints [10]
action: stepOver
paused at line 186
action: stepOut
paused at line 187
action: stepIn
paused at line 140
action: stepOut
paused at line 185
	because of breakpoints [10]
action: stepOut
paused at line 187
action: resume
paused at line 185
	because of breakpoints [10]
action: stepOver
paused at line 186
action: stepOver
paused at line 187
action: stepOver
paused at line 187
action: stepIn
paused at line 141
action: stepOut
paused at line 141
	because of breakpoints [2]
action: stepOver
paused at line 141
action: stepIn
paused at line 145
action: stepOver
paused at line 145
action: resume
paused at line  66
	because of breakpoints [9]
action: stepIn
paused at line 144
action: stepOver
paused at line 185
	because of breakpoints [10]
action: resume
paused at line 185
	because of breakpoints [10]
action: stepOver
paused at line 186
action: stepOver
paused at line 187
action: stepOver
paused at line 187
action: resume
paused at line 185
	because of breakpoints [10]
action: stepOver
