request breakpoint   0 at line  29
                   set at line  29
request breakpoint   1 at line  52
                   set at line  52
request breakpoint   2 at line 178
                   set at line 178
request breakpoint   3 at line 163
                   set at line 163
request breakpoint   4 at line 283
                   set at line 283
request breakpoint   5 at line  94
                   set at line  94
request breakpoint   6 at line 204
                   set at line 204
request breakpoint   7 at line 195
                   set at line 195
request breakpoint   8 at line 268
                   set at line 268
request breakpoint   9 at line  77
                   set at line  77
request breakpoint  10 at line 223
                   set at line 223
request breakpoint  11 at line  66
                   set at line  66
request breakpoint  12 at line 134
                   set at line 134
request breakpoint  13 at line 248
                   set at line 248
request breakpoint  14 at line 289
                   set at line 289
request breakpoint  15 at line 299
                   set at line 299
request breakpoint  16 at line 269
                   set at line 269
request breakpoint  17 at line 295
                   set at line 295
request breakpoint  18 at line  60
                   set at line  60
request breakpoint  19 at line  83
                   set at line  83
request breakpoint  20 at line 196
                   set at line 196
request breakpoint  21 at line  90
                   set at line  90
request breakpoint  22 at line 275
                   set at line 275
request breakpoint  23 at line 148
                   set at line 148
request breakpoint  24 at line  64
                   set at line  64
request breakpoint  25 at line 147
                   set at line 147
request breakpoint  26 at line 146
                   set at line 146
request breakpoint  27 at line  98
                   set at line  98
request breakpoint  28 at line 252
                   set at line 252
request breakpoint  29 at line  33
                   set at line  33
request breakpoint  30 at line 115
                   set at line 115
request breakpoint  31 at line 256
                   set at line 256
request breakpoint  32 at line  39
                   set at line  39
request breakpoint  33 at line 229
                   set at line 229
request breakpoint  34 at line   5
                   set at line   5
request breakpoint  35 at line 150
                   set at line 150
paused at line 295
	because of breakpoints [17]
action: stepIn
paused at line  45
action: stepIn
paused at line  49
action: stepOver
paused at line  54
action: stepOver
paused at line  70
action: resume
paused at line  83
	because of breakpoints [19]
action: stepIn
paused at line  87
action: stepOver
paused at line  91
action: stepOver
paused at line 103
action: resume
paused at line 134
	because of breakpoints [12]
action: stepIn
paused at line 140
action: stepOver
paused at line 144
action: stepIn
paused at line 148
action: stepOut
paused at line 148
	because of breakpoints [23]
action: resume
paused at line  29
	because of breakpoints [0]
action: resume
paused at line  33
	because of breakpoints [29]
action: resume
paused at line  39
	because of breakpoints [32]
action: resume
paused at line 275
	because of breakpoints [22]
action: resume
paused at line 252
	because of breakpoints [28]
action: stepIn
paused at line 252
action: stepIn
paused at line   1
action: stepOver
paused at line   1
action: stepIn
paused at line 280
action: resume
paused at line 283
	because of breakpoints [4]
action: stepOut
paused at line 275
	because of breakpoints [22]
action: stepIn
paused at line 279
action: stepOut
paused at line   5
	because of breakpoints [34]
action: stepOut
paused at line   6
action: stepIn
paused at line 279
action: resume
paused at line 283
	because of breakpoints [4]
action: resume
paused at line 275
	because of breakpoints [22]
action: stepIn
paused at line 279
action: resume
paused at line 283
	because of breakpoints [4]
action: stepOver
paused at line 274
action: stepOver
paused at line 275
action: stepOver
paused at line 279
action: stepOut
paused at line   5
	because of breakpoints [34]
action: resume
paused at line 283
	because of breakpoints [4]
action: stepOver
paused at line 274
action: stepIn
paused at line 275
action: resume
paused at line 275
	because of breakpoints [22]
action: stepOver
paused at line 279
action: resume
paused at line 283
	because of breakpoints [4]
action: stepIn
paused at line 274
action: stepIn
paused at line 286
action: stepOver
paused at line 289
action: resume
paused at line 289
	because of breakpoints [14]
action: stepIn
paused at line 290
action: stepOver
paused at line 290
action: stepOver
paused at line 295
action: stepOver
paused at line 296
action: stepOut
paused at line  83
	because of breakpoints [19]
action: stepIn
paused at line  87
action: stepOut
paused at line 134
	because of breakpoints [12]
action: stepIn
paused at line 140
action: resume
paused at line 148
	because of breakpoints [23]
action: stepIn
paused at line 157
action: stepOver
paused at line 166
action: stepOut
paused at line  29
	because of breakpoints [0]
action: stepOver
paused at line  31
action: stepOver
paused at line  33
action: stepOut
paused at line  33
	because of breakpoints [29]
action: stepOver
paused at line  36
action: stepOut
paused at line  39
	because of breakpoints [32]
action: resume
paused at line 275
	because of breakpoints [22]
action: stepOver
paused at line 279
action: stepIn
paused at line   2
action: resume
paused at line 283
	because of breakpoints [4]
action: stepOut
paused at line 275
	because of breakpoints [22]
action: stepIn
paused at line 279
action: resume
paused at line   5
	because of breakpoints [34]
action: stepOut
paused at line   6
action: resume
paused at line 283
	because of breakpoints [4]
action: stepIn
paused at line 274
action: stepOut
paused at line 275
	because of breakpoints [22]
action: resume
paused at line   5
	because of breakpoints [34]
action: stepIn
paused at line   6
action: resume
paused at line 283
	because of breakpoints [4]
action: resume
paused at line 275
	because of breakpoints [22]
action: stepOver
paused at line 279
action: stepOver
paused at line 280
action: stepOut
paused at line 283
	because of breakpoints [4]
action: stepOver
paused at line 274
action: stepIn
paused at line 275
action: stepOver
paused at line 279
action: resume
paused at line   5
	because of breakpoints [34]
action: resume
paused at line 283
	because of breakpoints [4]
action: stepOut
paused at line 275
	because of breakpoints [22]
action: stepOver
paused at line 279
action: resume
paused at line 283
	because of breakpoints [4]
action: stepIn
paused at line 274
action: stepOut
paused at line 275
	because of breakpoints [22]
action: stepOut
paused at line   5
	because of breakpoints [34]
action: stepOut
paused at line   6
action: stepIn
paused at line 279
action: stepOut
paused at line 283
	because of breakpoints [4]
action: stepIn
paused at line 274
action: stepOver
paused at line 275
action: stepOver
paused at line 279
action: stepOver
paused at line   5
	because of breakpoints [34]
action: resume
paused at line 283
	because of breakpoints [4]
action: stepIn
paused at line 274
action: stepOut
paused at line 275
	because of breakpoints [22]
action: resume
paused at line 252
	because of breakpoints [28]
action: resume
paused at line 283
	because of breakpoints [4]
action: stepOver
paused at line 274
action: stepOver
paused at line 275
action: stepOut
paused at line 275
	because of breakpoints [22]
action: stepOut
paused at line   5
	because of breakpoints [34]
action: stepIn
paused at line   6
action: resume
paused at line 283
	because of breakpoints [4]
action: resume
paused at line 275
	because of breakpoints [22]
action: stepIn
paused at line 279
action: stepOver
paused at line 280
action: stepIn
paused at line   1
action: resume
paused at line 283
	because of breakpoints [4]
action: stepOver
paused at line 274
action: stepOut
paused at line 275
	because of breakpoints [22]
action: stepOut
paused at line   5
	because of breakpoints [34]
action: stepOver
paused at line   6
action: stepIn
paused at line   6
action: stepIn
paused at line 283
action: stepOver
paused at line 274
action: resume
paused at line 275
	because of breakpoints [22]
action: stepOver
paused at line 279
action: stepOut
paused at line 283
	because of breakpoints [4]
action: stepIn
paused at line 274
action: stepOut
paused at line 275
	because of breakpoints [22]
action: stepOut
paused at line   5
	because of breakpoints [34]
action: resume
paused at line 283
	because of breakpoints [4]
action: stepOver
paused at line 274
action: stepOver
paused at line 275
action: stepOver
paused at line 279
action: stepIn
paused at line   2
action: stepOut
paused at line   6
action: stepOver
paused at line 280
action: stepIn
paused at line   1
action: stepOver
paused at line   1
action: resume
paused at line 283
	because of breakpoints [4]
action: stepIn
paused at line 274
action: stepOver
paused at line 275
action: resume
paused at line 275
	because of breakpoints [22]
action: stepOver
paused at line 279
action: stepOver
paused at line   5
	because of breakpoints [34]
action: stepOver
paused at line   6
action: resume
paused at line 283
	because of breakpoints [4]
action: stepOver
paused at line 274
action: stepOver
paused at line 275
action: stepIn
paused at line 279
action: resume
paused at line  52
	because of breakpoints [1]
action: stepOver
paused at line  52
action: stepOver
