request breakpoint   0 at line  47
                   set at line  47
request breakpoint   1 at line  62
                   set at line  62
request breakpoint   2 at line 196
                   set at line 196
request breakpoint   3 at line 182
                   set at line 182
request breakpoint   4 at line 262
                   set at line 262
request breakpoint   5 at line 106
                   set at line 106
request breakpoint   6 at line 216
                   set at line 216
request breakpoint   7 at line 211
                   set at line 211
request breakpoint   8 at line 252
                   set at line 252
request breakpoint   9 at line  89
                   set at line  89
request breakpoint  10 at line 223
                   set at line 223
request breakpoint  11 at line  82
                   set at line  82
request breakpoint  12 at line 153
                   set at line 153
request breakpoint  13 at line 233
                   set at line 233
request breakpoint  14 at line 264
                   set at line 264
request breakpoint  15 at line 270
                   set at line 271
request breakpoint  16 at line 253
                   set at line 253
request breakpoint  17 at line 267
                   set at line 268
request breakpoint  18 at line  77
                   set at line  77
request breakpoint  19 at line  97
                   set at line  99
request breakpoint  20 at line 213
                   set at line 213
request breakpoint  21 at line 107
                   set at line 107
request breakpoint  22 at line 258
                   set at line 258
request breakpoint  23 at line 171
                   set at line 171
request breakpoint  24 at line  85
                   set at line  85
request breakpoint  25 at line  84
                   set at line  84
request breakpoint  26 at line 170
                   set at line 170
paused at line  77
	because of breakpoints [18]
action: stepIn
paused at line  93
action: stepIn
paused at line  99
action: stepOver
paused at line 164
action: stepOver
paused at line 223
action: resume
paused at line 223
	because of breakpoints [10]
action: stepIn
paused at line 164
action: stepOver
paused at line 170
	because of breakpoints [26]
action: stepOver
paused at line 171
action: resume
paused at line 171
	because of breakpoints [23]
action: stepIn
paused at line 172
action: stepOver
paused at line 173
action: stepIn
paused at line 177
action: stepOut
paused at line 223
	because of breakpoints [10]
action: resume
paused at line 196
	because of breakpoints [2]
action: resume
paused at line 182
	because of breakpoints [3]
action: resume
paused at line 182
	because of breakpoints [3]
action: resume
paused at line 182
	because of breakpoints [3]
action: resume
paused at line 182
	because of breakpoints [3]
action: stepIn
paused at line 192
action: stepIn
paused at line 229
action: stepOver
paused at line 229
action: stepIn
paused at line 193
action: resume
paused at line 182
	because of breakpoints [3]
action: stepOut
paused at line 182
	because of breakpoints [3]
action: stepIn
paused at line 192
action: stepOut
paused at line 193
action: stepOut
paused at line 182
	because of breakpoints [3]
action: stepIn
paused at line 192
action: resume
paused at line 182
	because of breakpoints [3]
action: resume
paused at line 182
	because of breakpoints [3]
action: stepIn
paused at line 192
action: resume
paused at line 182
	because of breakpoints [3]
action: stepOver
paused at line 192
action: stepOver
paused at line 193
action: stepOver
paused at line 193
action: stepOut
paused at line 193
action: resume
paused at line 182
	because of breakpoints [3]
action: stepOver
paused at line 183
action: stepIn
paused at line 185
action: resume
paused at line 182
	because of breakpoints [3]
action: stepOver
paused at line 192
action: resume
paused at line 182
	because of breakpoints [3]
action: stepIn
paused at line 192
action: stepIn
paused at line 229
action: stepOver
paused at line 229
action: resume
paused at line 182
	because of breakpoints [3]
action: stepIn
paused at line 183
action: stepOver
paused at line 185
action: stepOver
paused at line 182
	because of breakpoints [3]
action: stepOver
paused at line 192
action: stepOut
paused at line 193
action: stepIn
paused at line 186
action: stepOut
paused at line 182
	because of breakpoints [3]
action: stepIn
paused at line 192
action: resume
paused at line 182
	because of breakpoints [3]
action: stepIn
paused at line 183
action: stepOver
paused at line 185
action: stepOut
paused at line 182
	because of breakpoints [3]
action: stepOver
paused at line 192
action: stepOver
paused at line 193
action: stepOut
paused at line 193
action: stepOver
paused at line 186
action: stepOut
paused at line 182
	because of breakpoints [3]
action: resume
paused at line 182
	because of breakpoints [3]
action: stepOver
paused at line 183
action: stepIn
paused at line 185
action: resume
paused at line 182
	because of breakpoints [3]
action: stepOut
paused at line 193
action: stepIn
paused at line 186
action: resume
paused at line 182
	because of breakpoints [3]
action: stepOut
paused at line 193
action: resume
paused at line 182
	because of breakpoints [3]
action: stepIn
paused at line 183
action: stepOut
paused at line 182
	because of breakpoints [3]
action: resume
paused at line 182
	because of breakpoints [3]
action: stepIn
paused at line 192
action: resume
paused at line 182
	because of breakpoints [3]
action: resume
paused at line 182
	because of breakpoints [3]
action: stepOver
paused at line 192
action: stepOver
paused at line 193
action: stepOut
paused at line 193
action: stepOver
paused at line 186
action: stepIn
paused at line 187
action: stepOver
paused at line 185
action: resume
paused at line 182
	because of breakpoints [3]
action: resume
paused at line 182
	because of breakpoints [3]
action: stepOut
paused at line 182
	because of breakpoints [3]
action: stepOver
paused at line 192
action: resume
paused at line 182
	because of breakpoints [3]
action: stepIn
paused at line 192
action: stepOut
paused at line 193
action: stepOut
paused at line 193
action: stepOut
paused at line 182
	because of breakpoints [3]
action: stepIn
paused at line 183
action: stepOut
paused at line 182
	because of breakpoints [3]
action: stepIn
paused at line 192
action: stepOver
paused at line 193
action: stepOver
paused at line 193
action: stepOver
paused at line 186
action: resume
paused at line 182
	because of breakpoints [3]
action: stepIn
paused at line 192
action: stepOut
paused at line 193
action: resume
paused at line 182
	because of breakpoints [3]
action: resume
paused at line 182
	because of breakpoints [3]
action: stepOver
paused at line 192
action: stepOver
paused at line 193
action: stepOut
paused at line 193
action: stepOut
paused at line 182
	because of breakpoints [3]
action: stepIn
paused at line 192
action: resume
paused at line 182
	because of breakpoints [3]
action: resume
paused at line 182
	because of breakpoints [3]
action: stepIn
paused at line 192
action: stepOver
paused at line 193
action: stepIn
paused at line 193
action: resume
paused at line 182
	because of breakpoints [3]
action: stepOver
paused at line 192
action: stepOut
paused at line 193
action: stepOut
paused at line 193
action: stepOver
paused at line 186
action: stepIn
paused at line 187
action: stepIn
paused at line 185
action: stepOver
paused at line 182
	because of breakpoints [3]
action: resume
paused at line 182
	because of breakpoints [3]
action: stepOver
paused at line 192
action: stepOut
paused at line 193
action: stepIn
paused at line 186
action: stepOut
paused at line 182
	because of breakpoints [3]
action: stepOut
paused at line 193
action: resume
paused at line 182
	because of breakpoints [3]
action: stepOver
paused at line 183
action: stepOver
paused at line 185
action: stepOver
paused at line 182
	because of breakpoints [3]
action: stepIn
paused at line 192
action: stepOut
paused at line 193
action: stepOver
paused at line 186
action: stepIn
