request breakpoint   0 at line   2
                   set at line   5
request breakpoint   1 at line   6
                   set at line   6
request breakpoint   2 at line  13
                   set at line  13
request breakpoint   3 at line  14
                   set at line  14
request breakpoint   4 at line  18
                   set at line  19
request breakpoint   5 at line  22
                   set at line  22
request breakpoint   6 at line  74
                   set at line  75
request breakpoint   7 at line  94
                   set at line  95
request breakpoint   8 at line  99
                   set at line 100
request breakpoint   9 at line 118
                   set at line 119
request breakpoint  10 at line 127
                   set at line 129
request breakpoint  11 at line 131
                   set at line 131
request breakpoint  12 at line 135
                   set at line 135
request breakpoint  13 at line 139
                   set at line 140
request breakpoint  14 at line 146
                   set at line 146
request breakpoint  15 at line 159
                   set at line 160
request breakpoint  16 at line 175
                   set at line 175
request breakpoint  17 at line 181
                   set at line 182
request breakpoint  18 at line 186
                   set at line 186
request breakpoint  19 at line 187
                   set at line 187
request breakpoint  20 at line 192
                   set at line 192
request breakpoint  21 at line 196
                   set at line 196
paused at line   5
	because of breakpoints [0]
action: stepOut
paused at line   6
action: stepOut
paused at line  19
action: stepOut
paused at line 140
action: stepOut
paused at line 175
action: stepOut
paused at line  75
action: stepOut
paused at line  13
action: stepOut
paused at line  14
action: stepOut
paused at line  76
action: stepOut
paused at line 180
action: stepOut
paused at line  13
action: stepOut
paused at line  14
action: stepOut
paused at line  36
action: stepOut
paused at line 180
action: stepOut
paused at line  13
action: stepOut
paused at line  14
action: stepOut
paused at line  48
action: stepOut
paused at line 180
action: stepOut
paused at line  13
action: stepOut
paused at line  14
action: stepOut
paused at line  60
action: stepOut
paused at line 180
action: stepOut
paused at line  13
action: stepOut
paused at line  14
action: stepOut
paused at line  72
action: stepOut
paused at line 179
action: stepOut
paused at line  95
action: stepOut
paused at line  22
action: stepOut
paused at line  96
action: stepOut
paused at line 182
action: stepOut
paused at line 146
action: stepOut
paused at line 160
action: stepOut
paused at line 160
action: stepOut
paused at line 160
action: stepOut
paused at line 160
action: stepOut
paused at line 146
action: stepOut
paused at line 160
action: stepOut
paused at line 160
action: stepOut
paused at line 160
action: stepOut
paused at line 146
action: stepOut
paused at line 160
action: stepOut
paused at line 160
action: stepOut
paused at line 146
action: stepOut
paused at line 160
action: stepOut
paused at line 146
action: stepOut
paused at line 146
action: stepOut
paused at line 185
action: stepOut
paused at line 186
action: stepOut
paused at line 100
action: stepOut
paused at line 119
action: stepOut
paused at line 119
action: stepOut
paused at line 119
action: stepOut
paused at line 119
action: stepOut
paused at line 119
action: stepOut
paused at line 119
action: stepOut
paused at line 119
action: stepOut
paused at line 119
action: stepOut
paused at line 119
action: stepOut
paused at line 119
action: stepOut
paused at line 129
action: stepOut
paused at line 135
action: stepOut
paused at line 131
action: stepOut
paused at line 135
action: stepOut
paused at line 131
action: stepOut
paused at line 135
action: stepOut
paused at line 131
action: stepOut
paused at line 135
action: stepOut
paused at line 131
action: stepOut
paused at line 135
action: stepOut
paused at line 131
action: stepOut
paused at line 187
action: stepOut
paused at line 186
action: stepOut
paused at line 100
action: stepOut
paused at line 119
action: stepOut
paused at line 119
action: stepOut
paused at line 119
action: stepOut
paused at line 119
action: stepOut
paused at line 119
action: stepOut
paused at line 119
action: stepOut
paused at line 119
action: stepOut
paused at line 119
action: stepOut
paused at line 119
action: stepOut
paused at line 119
action: stepOut
paused at line 129
action: stepOut
paused at line 135
action: stepOut
paused at line 131
action: stepOut
paused at line 135
action: stepOut
paused at line 131
action: stepOut
paused at line 135
action: stepOut
paused at line 131
action: stepOut
paused at line 135
action: stepOut
paused at line 131
action: stepOut
paused at line 135
action: stepOut
paused at line 131
action: stepOut
paused at line 187
action: stepOut
paused at line 186
action: stepOut
paused at line 100
action: stepOut
paused at line 119
action: stepOut
paused at line 119
action: stepOut
paused at line 119
action: stepOut
done with actions
