request breakpoint   0 at line   2
                   set at line   5
request breakpoint   1 at line   6
                   set at line   6
request breakpoint   2 at line  13
                   set at line  13
request breakpoint   3 at line  14
                   set at line  14
request breakpoint   4 at line  18
                   set at line  19
request breakpoint   5 at line  22
                   set at line  22
request breakpoint   6 at line  74
                   set at line  75
request breakpoint   7 at line  94
                   set at line  95
request breakpoint   8 at line  99
                   set at line 100
request breakpoint   9 at line 118
                   set at line 119
request breakpoint  10 at line 127
                   set at line 129
request breakpoint  11 at line 131
                   set at line 131
request breakpoint  12 at line 135
                   set at line 135
request breakpoint  13 at line 139
                   set at line 140
request breakpoint  14 at line 146
                   set at line 146
request breakpoint  15 at line 159
                   set at line 160
request breakpoint  16 at line 175
                   set at line 175
request breakpoint  17 at line 181
                   set at line 182
request breakpoint  18 at line 186
                   set at line 186
request breakpoint  19 at line 187
                   set at line 187
request breakpoint  20 at line 192
                   set at line 192
request breakpoint  21 at line 196
                   set at line 196
paused at line   5
	because of breakpoints [0]
action: stepIn
paused at line   6
action: stepIn
paused at line   7
action: stepIn
paused at line  19
action: stepIn
paused at line  98
action: stepIn
paused at line 140
action: stepIn
paused at line 172
action: stepIn
paused at line 174
action: stepIn
paused at line 175
action: stepIn
paused at line 178
action: stepIn
paused at line 179
action: stepIn
paused at line 180
action: stepIn
paused at line  75
action: stepIn
paused at line  10
action: stepIn
paused at line  11
action: stepIn
paused at line  12
action: stepIn
paused at line  13
action: stepIn
paused at line  14
action: stepIn
paused at line  15
action: stepIn
paused at line  16
action: stepIn
paused at line  17
action: stepIn
paused at line  17
action: stepIn
paused at line  76
action: stepIn
paused at line  76
action: stepIn
paused at line 180
action: stepIn
paused at line  27
action: stepIn
paused at line  28
action: stepIn
paused at line  29
action: stepIn
paused at line  30
action: stepIn
paused at line  31
action: stepIn
paused at line  32
action: stepIn
paused at line  33
action: stepIn
paused at line  34
action: stepIn
paused at line  27
action: stepIn
paused at line  10
action: stepIn
paused at line  11
action: stepIn
paused at line  12
action: stepIn
paused at line  13
action: stepIn
paused at line  14
action: stepIn
paused at line  15
action: stepIn
paused at line  16
action: stepIn
paused at line  17
action: stepIn
paused at line  17
action: stepIn
paused at line  36
action: stepIn
paused at line  36
action: stepIn
paused at line 180
action: stepIn
paused at line  39
action: stepIn
paused at line  40
action: stepIn
paused at line  41
action: stepIn
paused at line  42
action: stepIn
paused at line  43
action: stepIn
paused at line  44
action: stepIn
paused at line  45
action: stepIn
paused at line  46
action: stepIn
paused at line  39
action: stepIn
paused at line  10
action: stepIn
paused at line  11
action: stepIn
paused at line  12
action: stepIn
paused at line  13
action: stepIn
paused at line  14
action: stepIn
paused at line  15
action: stepIn
paused at line  16
action: stepIn
paused at line  17
action: stepIn
paused at line  17
action: stepIn
paused at line  48
action: stepIn
paused at line  48
action: stepIn
paused at line 180
action: stepIn
paused at line  51
action: stepIn
paused at line  52
action: stepIn
paused at line  53
action: stepIn
paused at line  54
action: stepIn
paused at line  55
action: stepIn
paused at line  56
action: stepIn
paused at line  57
action: stepIn
paused at line  58
action: stepIn
paused at line  51
action: stepIn
paused at line  10
action: stepIn
paused at line  11
action: stepIn
paused at line  12
action: stepIn
paused at line  13
action: stepIn
paused at line  14
action: stepIn
paused at line  15
action: stepIn
paused at line  16
action: stepIn
paused at line  17
action: stepIn
paused at line  17
action: stepIn
paused at line  60
action: stepIn
paused at line  60
action: stepIn
paused at line 180
action: stepIn
paused at line  63
action: stepIn
paused at line  64
action: stepIn
paused at line  65
action: stepIn
paused at line  66
action: stepIn
paused at line  67
action: stepIn
paused at line  68
action: stepIn
paused at line  69
action: stepIn
paused at line  70
action: stepIn
paused at line  63
action: stepIn
paused at line  10
action: stepIn
paused at line  11
action: stepIn
paused at line  12
action: stepIn
done with actions
