request breakpoint   0 at line   2
                   set at line   5
request breakpoint   1 at line   6
                   set at line   6
request breakpoint   2 at line  13
                   set at line  13
request breakpoint   3 at line  14
                   set at line  14
request breakpoint   4 at line  18
                   set at line  19
request breakpoint   5 at line  22
                   set at line  22
request breakpoint   6 at line  74
                   set at line  75
request breakpoint   7 at line  94
                   set at line  95
request breakpoint   8 at line  99
                   set at line 100
request breakpoint   9 at line 118
                   set at line 119
request breakpoint  10 at line 127
                   set at line 129
request breakpoint  11 at line 131
                   set at line 131
request breakpoint  12 at line 135
                   set at line 135
request breakpoint  13 at line 139
                   set at line 140
request breakpoint  14 at line 146
                   set at line 146
request breakpoint  15 at line 159
                   set at line 160
request breakpoint  16 at line 175
                   set at line 175
request breakpoint  17 at line 181
                   set at line 182
request breakpoint  18 at line 186
                   set at line 186
request breakpoint  19 at line 187
                   set at line 187
request breakpoint  20 at line 192
                   set at line 192
request breakpoint  21 at line 196
                   set at line 196
paused at line   5
	because of breakpoints [0]
action: stepOver
paused at line   6
action: stepOver
paused at line   7
action: stepOut
paused at line  19
action: stepOut
paused at line 140
action: resume
paused at line 175
	because of breakpoints [16]
action: stepOver
paused at line 178
action: resume
paused at line  75
	because of breakpoints [6]
action: stepOut
paused at line  13
action: resume
paused at line  14
	because of breakpoints [3]
action: stepOver
paused at line  15
action: resume
paused at line  13
	because of breakpoints [2]
action: stepOver
paused at line  14
action: stepOut
paused at line  14
action: resume
paused at line  13
	because of breakpoints [2]
action: resume
paused at line  14
	because of breakpoints [3]
action: resume
paused at line  13
	because of breakpoints [2]
action: resume
paused at line  14
	because of breakpoints [3]
action: resume
paused at line  13
	because of breakpoints [2]
action: stepOver
paused at line  14
action: stepOver
paused at line  15
action: stepOut
paused at line  17
action: stepOver
paused at line  72
action: resume
paused at line  95
	because of breakpoints [7]
action: stepOut
paused at line  22
action: stepOver
paused at line  23
action: stepOut
paused at line  24
action: stepOut
paused at line  96
action: stepOver
paused at line 179
action: resume
paused at line 182
	because of breakpoints [17]
action: resume
paused at line 146
	because of breakpoints [14]
action: stepOver
paused at line 149
action: resume
paused at line 160
	because of breakpoints [15]
action: stepOut
paused at line 160
action: resume
paused at line 160
	because of breakpoints [15]
action: stepOut
paused at line 160
action: stepOut
paused at line 146
action: resume
paused at line 160
	because of breakpoints [15]
action: resume
paused at line 160
	because of breakpoints [15]
action: stepOver
paused at line 161
action: resume
paused at line 160
	because of breakpoints [15]
action: resume
paused at line 146
	because of breakpoints [14]
action: resume
paused at line 160
	because of breakpoints [15]
action: stepOver
paused at line 161
action: stepOver
paused at line 162
action: stepOut
paused at line 160
action: resume
paused at line 146
	because of breakpoints [14]
action: stepOver
paused at line 149
action: stepOut
paused at line 160
action: stepOut
paused at line 146
action: resume
paused at line 146
	because of breakpoints [14]
action: stepOut
paused at line 170
action: stepOver
paused at line 184
action: stepOut
paused at line 186
action: stepOver
paused at line 189
action: resume
paused at line 100
	because of breakpoints [8]
action: stepOver
paused at line 102
action: stepOut
paused at line 119
action: stepOut
paused at line 119
action: resume
paused at line 119
	because of breakpoints [9]
action: stepOut
paused at line 119
action: stepOut
paused at line 119
action: resume
paused at line 119
	because of breakpoints [9]
action: stepOut
paused at line 119
action: resume
paused at line 119
	because of breakpoints [9]
action: stepOut
paused at line 119
action: stepOver
paused at line 120
action: resume
paused at line 119
	because of breakpoints [9]
action: stepOut
paused at line 129
action: stepOver
paused at line 130
action: resume
paused at line 135
	because of breakpoints [12]
action: stepOver
paused at line 136
action: resume
paused at line 131
	because of breakpoints [11]
action: stepOver
paused at line 130
action: stepOver
paused at line 133
action: resume
paused at line 135
	because of breakpoints [12]
action: stepOver
paused at line 136
action: resume
paused at line 131
	because of breakpoints [11]
action: resume
paused at line 135
	because of breakpoints [12]
action: stepOut
paused at line 131
action: stepOut
paused at line 135
action: stepOut
paused at line 131
action: stepOut
paused at line 135
action: stepOver
paused at line 136
action: resume
paused at line 131
	because of breakpoints [11]
action: resume
paused at line 187
	because of breakpoints [19]
action: resume
paused at line 186
	because of breakpoints [18]
action: stepOver
paused at line 189
action: resume
paused at line 100
	because of breakpoints [8]
action: resume
paused at line 119
	because of breakpoints [9]
action: stepOver
paused at line 120
action: stepOut
paused at line 119
action: stepOut
paused at line 119
action: stepOut
paused at line 119
action: stepOver
paused at line 120
action: stepOut
paused at line 119
action: stepOver
paused at line 120
action: stepOut
paused at line 119
action: resume
paused at line 119
	because of breakpoints [9]
action: stepOut
paused at line 119
action: resume
done with actions
