Breakpoint 0 Set at 20
Breakpoint 1 Set at 32
Breakpoint 2 Set at 212
Breakpoint 3 Set at 190
Breakpoint 4 Set at 328
Breakpoint 5 Set at 91
Breakpoint 6 Set at 242
Breakpoint 7 Set at 231
Breakpoint 8 Set at 311
Breakpoint 9 Set at 61
Breakpoint 10 Set at 254
Breakpoint 11 Set at 43
Breakpoint 12 Set at 142
Breakpoint 13 Set at 275
Breakpoint 14 Set at 333
Breakpoint 15 Set at 350
Breakpoint 16 Set at 340
Breakpoint 17 Set at 25
Breakpoint 18 Set at 63
Breakpoint 19 Set at 226
Breakpoint 20 Set at 71
Breakpoint 21 Set at 318
Breakpoint 22 Set at 159
Breakpoint 23 Set at 26
Breakpoint 24 Set at 155
Breakpoint 25 Set at 152
Breakpoint 26 Set at 78
Breakpoint 27 Set at 280
Breakpoint 28 Set at 305
Breakpoint 29 Set at 104
Breakpoint 30 Set at 287
Breakpoint 31 Set at 245
Breakpoint 32 Set at 253
Breakpoint 33 Set at 197
Breakpoint 34 Set at 27
Paused at 20
	Hit Breakpoint(s) 0
	Call Stack:  
	Bindings: 
Paused at 275
	Hit Breakpoint(s) 13
	Call Stack: Init 
	Bindings: CubeSize: number = 20
		i: undefined
		j: undefined
		sum: undefined
		vector: undefined
Paused at 280
	Hit Breakpoint(s) 27
	Call Stack: Init 
	Bindings: CubeSize: number = 20
		i: undefined
		j: undefined
		sum: undefined
		vector: undefined
Paused at 281
	Call Stack: Init 
	Bindings: CubeSize: number = 20
		i: undefined
		j: undefined
		sum: undefined
		vector: undefined
Paused at 282
	Call Stack: Init 
	Bindings: CubeSize: number = 20
		i: undefined
		j: undefined
		sum: undefined
		vector: undefined
Paused at 287
	Hit Breakpoint(s) 30
	Call Stack: Init 
	Bindings: CubeSize: number = 20
		i: undefined
		j: undefined
		sum: undefined
		vector: undefined
Paused at 305
	Hit Breakpoint(s) 28
	Call Stack: Init 
	Bindings: CubeSize: number = 20
		i: undefined
		j: undefined
		sum: undefined
		vector: undefined
Paused at 308
	Call Stack: Init 
	Bindings: CubeSize: number = 20
		i: undefined
		j: undefined
		sum: undefined
		vector: undefined
Paused at 311
	Call Stack: Init 
	Bindings: CubeSize: number = 20
		i: undefined
		j: undefined
		sum: undefined
		vector: undefined
Paused at 311
	Hit Breakpoint(s) 8
	Call Stack: Init 
	Bindings: CubeSize: number = 20
		i: undefined
		j: undefined
		sum: undefined
		vector: undefined
Paused at 91
	Hit Breakpoint(s) 5
	Call Stack: CalcNormal, Init 
	Bindings: A: array
		B: array
		i: number = 3
		Length: undefined
		V0: array
		V1: array
		V2: array
