Breakpoint 0 Set at 27
Breakpoint 1 Set at 40
Breakpoint 2 Set at 267
Breakpoint 3 Set at 239
Breakpoint 4 Set at 414
Breakpoint 5 Set at 113
Breakpoint 6 Set at 303
Breakpoint 7 Set at 290
Breakpoint 8 Set at 390
Breakpoint 9 Set at 76
Breakpoint 10 Set at 319
Breakpoint 11 Set at 53
Breakpoint 12 Set at 177
Breakpoint 13 Set at 345
Breakpoint 14 Set at 438
Breakpoint 15 Set at 441
Breakpoint 16 Set at 438
Breakpoint 16 Set at 27
Breakpoint 16 Set at 73
Breakpoint 17 Set at 283
Breakpoint 18 Set at 85
Breakpoint 19 Set at 399
Breakpoint 20 Set at 196
Breakpoint 21 Set at 27
Breakpoint 21 Set at 192
Breakpoint 22 Set at 186
Breakpoint 23 Set at 92
Breakpoint 24 Set at 351
Breakpoint 25 Set at 383
Breakpoint 26 Set at 126
Breakpoint 27 Set at 357
Breakpoint 28 Set at 306
Breakpoint 29 Set at 316
Breakpoint 30 Set at 244
Breakpoint 31 Set at 184
Breakpoint 32 Set at 438
Breakpoint 32 Set at 341
Breakpoint 33 Set at 116
Breakpoint 34 Set at 402
Breakpoint 35 Set at 321
Breakpoint 36 Set at 394
Breakpoint 37 Set at 88
Breakpoint 38 Set at 62
Breakpoint 39 Set at 255
Paused at 244
	Hit Breakpoint(s) 30
	Call Stack:  
	Bindings: 
Paused at 283
	Hit Breakpoint(s) 17
	Call Stack:  
	Bindings: 
Paused at 441
	Hit Breakpoint(s) 15
	Call Stack:  
	Bindings: 
Paused at 316
	Hit Breakpoint(s) 29
	Call Stack: raytraceScene 
	Bindings: _camera: undefined
		_scene: undefined
		bbl: undefined
		bbr: undefined
		bfl: undefined
		bfr: undefined
		fbl: undefined
		fbr: undefined
		ffl: undefined
		ffr: undefined
		floorShader: undefined
		green: undefined
		grey: undefined
		i: undefined
		numTriangles: undefined
		pixels: undefined
		size: undefined
		startDate: number = 1496152337226
		tbl: undefined
		tbr: undefined
		tfl: undefined
		tfr: undefined
		triangles: undefined
		x: undefined
		y: undefined
Paused at 317
	Call Stack: raytraceScene 
	Bindings: _camera: undefined
		_scene: undefined
		bbl: undefined
		bbr: undefined
		bfl: undefined
		bfr: undefined
		fbl: undefined
		fbr: undefined
		ffl: undefined
		ffr: undefined
		floorShader: undefined
		green: undefined
		grey: undefined
		i: undefined
		numTriangles: number = 12
		pixels: undefined
		size: undefined
		startDate: number = 1496152337226
		tbl: undefined
		tbr: undefined
		tfl: undefined
		tfr: undefined
		triangles: undefined
		x: undefined
		y: undefined
Paused at 27
	Hit Breakpoint(s) 21
	Call Stack: createVector, raytraceScene 
	Bindings: x: number = -10
		y: number = 10
		z: number = -10
Paused at 319
	Hit Breakpoint(s) 10
	Call Stack: raytraceScene 
	Bindings: _camera: undefined
		_scene: undefined
		bbl: undefined
		bbr: undefined
		bfl: undefined
		bfr: undefined
		fbl: undefined
		fbr: undefined
		ffl: undefined
		ffr: undefined
		floorShader: undefined
		green: undefined
		grey: undefined
		i: undefined
		numTriangles: number = 12
		pixels: undefined
		size: undefined
		startDate: number = 1496152337226
		tbl: undefined
		tbr: undefined
		tfl: array
		tfr: undefined
		triangles: array
		x: undefined
		y: undefined
Paused at 27
	Hit Breakpoint(s) 21
	Call Stack: createVector, raytraceScene 
	Bindings: x: number = 10
		y: number = 10
		z: number = -10
Paused at 28
	Call Stack: createVector, raytraceScene 
	Bindings: x: number = 10
		y: number = 10
		z: number = -10
Paused at 28
	Call Stack: createVector, raytraceScene 
	Bindings: x: number = 10
		y: number = 10
		z: number = -10
Paused at 27
	Hit Breakpoint(s) 21
	Call Stack: createVector, raytraceScene 
	Bindings: x: number = -10
		y: number = 10
		z: number = 10
