Breakpoint 0 Set at 7
Breakpoint 1 Set at 17
Breakpoint 2 Set at 105
Breakpoint 3 Set at 95
Breakpoint 4 Set at 163
Breakpoint 5 Set at 48
Breakpoint 6 Set at 120
Breakpoint 7 Set at 115
Breakpoint 8 Set at 154
Breakpoint 9 Set at 34
Breakpoint 10 Set at 128
Breakpoint 11 Set at 27
Breakpoint 12 Set at 75
Breakpoint 13 Set at 137
Breakpoint 14 Set at 164
Breakpoint 15 Set at 172
Breakpoint 16 Set at 168
Paused at 7
	Hit Breakpoint(s) 0
	Call Stack:  
	Bindings: 
Paused at 95
	Hit Breakpoint(s) 3
	Call Stack:  
	Bindings: 
Paused at 128
	Hit Breakpoint(s) 10
	Call Stack:  
	Bindings: 
Paused at 154
	Call Stack:  
	Bindings: 
Paused at 156
	Call Stack:  
	Bindings: 
Paused at 75
	Hit Breakpoint(s) 12
	Call Stack: Sun,  
	Bindings: 
Paused at 17
	Hit Breakpoint(s) 1
	Call Stack: Body, Sun,  
	Bindings: mass: number = 39.47841760435743
		vx: number = 0
		vy: number = 0
		vz: number = 0
		x: number = 0
		y: number = 0
		z: number = 0
Paused at 17
	Call Stack: Body, Sun,  
	Bindings: mass: number = 39.47841760435743
		vx: number = 0
		vy: number = 0
		vz: number = 0
		x: number = 0
		y: number = 0
		z: number = 0
Paused at 76
	Call Stack: Sun,  
	Bindings: 
Paused at 76
	Call Stack: Sun,  
	Bindings: 
Paused at 27
	Hit Breakpoint(s) 11
	Call Stack: Jupiter,  
	Bindings: 
