Breakpoint 0 Set at 7
Breakpoint 1 Set at 7
Breakpoint 1 Set at 27
Breakpoint 2 Set at 26
Paused at 26
	Hit Breakpoint(s) 2
	Call Stack: sieve 
	Bindings: i: undefined
		isPrime: undefined
Paused at 27
	Hit Breakpoint(s) 1
	Call Stack: sieve 
	Bindings: i: number = 4
		isPrime: undefined
Paused at 26
	Hit Breakpoint(s) 2
	Call Stack: sieve 
	Bindings: i: number = 4
		isPrime: array
Paused at 30
	Call Stack: sieve 
	Bindings: i: number = 5
		isPrime: array
Paused at 31
	Call Stack: sieve 
	Bindings: i: number = 5
		isPrime: array
Paused at 31
	Call Stack: sieve 
	Bindings: i: number = 5
		isPrime: array
