Breakpoint 0 Set at 6
Breakpoint 1 Set at 6
Breakpoint 1 Set at 21
Paused at 21
	Hit Breakpoint(s) 1
	Call Stack:  
	Bindings: 
Paused at 6
	Hit Breakpoint(s) 1
	Call Stack: ack 
	Bindings: m: number = 3
		n: number = 3
Paused at 6
	Hit Breakpoint(s) 1
	Call Stack: ack, ack 
	Bindings: m: number = 3
		n: number = 2
Paused at 7
	Call Stack: ack, ack 
	Bindings: m: number = 3
		n: number = 2
Paused at 8
	Call Stack: ack, ack 
	Bindings: m: number = 3
		n: number = 2
Paused at 6
	Hit Breakpoint(s) 1
	Call Stack: ack, ack, ack 
	Bindings: m: number = 3
		n: number = 1
Paused at 6
	Hit Breakpoint(s) 1
	Call Stack: ack, ack, ack, ack 
	Bindings: m: number = 3
		n: number = 0
Paused at 7
	Call Stack: ack, ack, ack, ack 
	Bindings: m: number = 3
		n: number = 0
Paused at 6
	Hit Breakpoint(s) 1
	Call Stack: ack, ack, ack, ack, ack 
	Bindings: m: number = 2
		n: number = 1
Paused at 6
	Hit Breakpoint(s) 1
	Call Stack: ack, ack, ack, ack, ack, ack 
	Bindings: m: number = 2
		n: number = 0
Paused at 6
	Hit Breakpoint(s) 1
	Call Stack: ack, ack, ack, ack, ack, ack, ack 
	Bindings: m: number = 1
		n: number = 1
