Breakpoint 0 Set at 26
Breakpoint 1 Set at 29
Breakpoint 2 Set at 180
Breakpoint 3 Set at 161
Breakpoint 4 Set at 279
Breakpoint 5 Set at 77
Breakpoint 6 Set at 205
Breakpoint 7 Set at 197
Breakpoint 8 Set at 262
Breakpoint 9 Set at 54
Breakpoint 10 Set at 218
Breakpoint 11 Set at 39
Breakpoint 12 Set at 124
Breakpoint 13 Set at 237
Breakpoint 14 Set at 283
Breakpoint 15 Set at 297
Breakpoint 16 Set at 265
Breakpoint 17 Set at 289
Breakpoint 18 Set at 26
Breakpoint 18 Set at 58
Breakpoint 19 Set at 193
Breakpoint 20 Set at 63
Breakpoint 21 Set at 272
Breakpoint 22 Set at 137
Breakpoint 23 Set at 26
Breakpoint 23 Set at 134
Breakpoint 24 Set at 131
Breakpoint 25 Set at 70
Breakpoint 26 Set at 239
Breakpoint 27 Set at 260
Paused at 54
	Hit Breakpoint(s) 9
	Call Stack:  
	Bindings: a: function
		A: function
		B: undefined
		d: undefined
		D: undefined
		daysLong: undefined
		daysShort: undefined
		daysSuffix: undefined
		F: undefined
		g: undefined
		G: undefined
		h: undefined
		H: undefined
		i: undefined
		ia: undefined
		ij: undefined
		input: string = Y-m-d
		j: undefined
		l: undefined
		L: undefined
		m: undefined
		M: undefined
		monthsLong: undefined
		monthsShort: undefined
		n: undefined
		O: undefined
		prevTime: undefined
		r: undefined
		s: undefined
		S: undefined
		self: undefined
		switches: undefined
		t: undefined
		time: undefined
		U: undefined
		w: undefined
		W: undefined
		y: undefined
		Y: undefined
		z: undefined
Paused at 70
	Hit Breakpoint(s) 25
	Call Stack:  
	Bindings: a: function
		A: function
		B: function
		d: undefined
		D: undefined
		daysLong: undefined
		daysShort: undefined
		daysSuffix: undefined
		F: undefined
		g: undefined
		G: undefined
		h: undefined
		H: undefined
		i: undefined
		ia: undefined
		ij: undefined
		input: string = Y-m-d
		j: undefined
		l: undefined
		L: undefined
		m: undefined
		M: undefined
		monthsLong: undefined
		monthsShort: undefined
		n: undefined
		O: undefined
		prevTime: undefined
		r: undefined
		s: undefined
		S: undefined
		self: undefined
		switches: undefined
		t: undefined
		time: undefined
		U: undefined
		w: undefined
		W: undefined
		y: undefined
		Y: undefined
		z: undefined
Paused at 134
	Hit Breakpoint(s) 23
	Call Stack:  
	Bindings: a: function
		A: function
		B: function
		d: function
		D: function
		daysLong: undefined
		daysShort: undefined
		daysSuffix: undefined
		F: function
		g: function
		G: function
		h: function
		H: function
		i: function
		ia: undefined
		ij: undefined
		input: string = Y-m-d
		j: function
		l: function
		L: function
		m: undefined
		M: undefined
		monthsLong: undefined
		monthsShort: undefined
		n: undefined
		O: undefined
		prevTime: undefined
		r: undefined
		s: undefined
		S: undefined
		self: undefined
		switches: undefined
		t: undefined
		time: undefined
		U: undefined
		w: undefined
		W: undefined
		y: undefined
		Y: undefined
		z: undefined
Paused at 140
	Call Stack:  
	Bindings: a: function
		A: function
		B: function
		d: function
		D: function
		daysLong: undefined
		daysShort: undefined
		daysSuffix: undefined
		F: function
		g: function
		G: function
		h: function
		H: function
		i: function
		ia: undefined
		ij: undefined
		input: string = Y-m-d
		j: function
		l: function
		L: function
		m: function
		M: undefined
		monthsLong: undefined
		monthsShort: undefined
		n: undefined
		O: undefined
		prevTime: undefined
		r: undefined
		s: undefined
		S: undefined
		self: undefined
		switches: undefined
		t: undefined
		time: undefined
		U: undefined
		w: undefined
		W: undefined
		y: undefined
		Y: undefined
		z: undefined
Paused at 144
	Call Stack:  
	Bindings: a: function
		A: function
		B: function
		d: function
		D: function
		daysLong: undefined
		daysShort: undefined
		daysSuffix: undefined
		F: function
		g: function
		G: function
		h: function
		H: function
		i: function
		ia: undefined
		ij: undefined
		input: string = Y-m-d
		j: function
		l: function
		L: function
		m: function
		M: function
		monthsLong: undefined
		monthsShort: undefined
		n: undefined
		O: undefined
		prevTime: undefined
		r: undefined
		s: undefined
		S: undefined
		self: undefined
		switches: undefined
		t: undefined
		time: undefined
		U: undefined
		w: undefined
		W: undefined
		y: undefined
		Y: undefined
		z: undefined
Paused at 26
	Hit Breakpoint(s) 23
	Call Stack:  
	Bindings: a: function
		A: function
		B: function
		d: function
		D: function
		daysLong: undefined
		daysShort: undefined
		daysSuffix: undefined
		F: function
		g: function
		G: function
		h: function
		H: function
		i: function
		ia: undefined
		ij: undefined
		input: string = Y-m-d
		j: function
		l: function
		L: function
		m: function
		M: function
		monthsLong: undefined
		monthsShort: undefined
		n: function
		O: function
		prevTime: undefined
		r: function
		s: function
		S: function
		self: undefined
		switches: undefined
		t: function
		time: undefined
		U: function
		w: function
		W: function
		y: function
		Y: function
		z: function
Paused at 29
	Hit Breakpoint(s) 1
	Call Stack:  
	Bindings: a: function
		A: function
		B: function
		d: function
		D: function
		daysLong: undefined
		daysShort: undefined
		daysSuffix: undefined
		F: function
		g: function
		G: function
		h: function
		H: function
		i: function
		ia: undefined
		ij: undefined
		input: string = Y-m-d
		j: function
		l: function
		L: function
		m: function
		M: function
		monthsLong: undefined
		monthsShort: undefined
		n: function
		O: function
		prevTime: undefined
		r: function
		s: function
		S: function
		self: undefined
		switches: array
		t: function
		time: undefined
		U: function
		w: function
		W: function
		y: function
		Y: function
		z: function
Paused at 31
	Call Stack:  
	Bindings: a: function
		A: function
		B: function
		d: function
		D: function
		daysLong: array
		daysShort: undefined
		daysSuffix: undefined
		F: function
		g: function
		G: function
		h: function
		H: function
		i: function
		ia: undefined
		ij: undefined
		input: string = Y-m-d
		j: function
		l: function
		L: function
		m: function
		M: function
		monthsLong: undefined
		monthsShort: undefined
		n: function
		O: function
		prevTime: undefined
		r: function
		s: function
		S: function
		self: undefined
		switches: array
		t: function
		time: undefined
		U: function
		w: function
		W: function
		y: function
		Y: function
		z: function
Paused at 33
	Call Stack:  
	Bindings: a: function
		A: function
		B: function
		d: function
		D: function
		daysLong: array
		daysShort: array
		daysSuffix: undefined
		F: function
		g: function
		G: function
		h: function
		H: function
		i: function
		ia: undefined
		ij: undefined
		input: string = Y-m-d
		j: function
		l: function
		L: function
		m: function
		M: function
		monthsLong: undefined
		monthsShort: undefined
		n: function
		O: function
		prevTime: undefined
		r: function
		s: function
		S: function
		self: undefined
		switches: array
		t: function
		time: undefined
		U: function
		w: function
		W: function
		y: function
		Y: function
		z: function
Paused at 39
	Hit Breakpoint(s) 11
	Call Stack:  
	Bindings: a: function
		A: function
		B: function
		d: function
		D: function
		daysLong: array
		daysShort: array
		daysSuffix: undefined
		F: function
		g: function
		G: function
		h: function
		H: function
		i: function
		ia: undefined
		ij: undefined
		input: string = Y-m-d
		j: function
		l: function
		L: function
		m: function
		M: function
		monthsLong: array
		monthsShort: array
		n: function
		O: function
		prevTime: undefined
		r: function
		s: function
		S: function
		self: undefined
		switches: array
		t: function
		time: undefined
		U: function
		w: function
		W: function
		y: function
		Y: function
		z: function
Paused at 265
	Hit Breakpoint(s) 16
	Call Stack:  
	Bindings: a: function
		A: function
		B: function
		d: function
		D: function
		daysLong: array
		daysShort: array
		daysSuffix: array
		F: function
		g: function
		G: function
		h: function
		H: function
		i: function
		ia: undefined
		ij: undefined
		input: string = Y-m-d
		j: function
		l: function
		L: function
		m: function
		M: function
		monthsLong: array
		monthsShort: array
		n: function
		O: function
		prevTime: undefined
		r: function
		s: function
		S: function
		self: undefined
		switches: array
		t: function
		time: undefined
		U: function
		w: function
		W: function
		y: function
		Y: function
		z: function
