Breakpoint 0 Set at 26
Breakpoint 1 Set at 29
Breakpoint 2 Set at 180
Breakpoint 3 Set at 161
Breakpoint 4 Set at 279
Breakpoint 5 Set at 77
Breakpoint 6 Set at 212
Breakpoint 7 Set at 197
Breakpoint 8 Set at 262
Breakpoint 9 Set at 265
Breakpoint 10 Set at 218
Breakpoint 11 Set at 39
Breakpoint 12 Set at 124
Breakpoint 13 Set at 237
Breakpoint 14 Set at 283
Breakpoint 15 Set at 297
Breakpoint 16 Set at 265
Breakpoint 17 Set at 289
Breakpoint 18 Set at 26
Breakpoint 19 Set at 58
Breakpoint 20 Set at 193
Breakpoint 21 Set at 63
Breakpoint 22 Set at 272
Breakpoint 23 Set at 137
Breakpoint 24 Set at 26
Breakpoint 25 Set at 265
Breakpoint 26 Set at 131
Breakpoint 27 Set at 265
Breakpoint 28 Set at 239
Breakpoint 29 Set at 260
Paused at 26
	Hit Breakpoint(s) 0, 18, 24
	Call Stack: Date.formatDate 
	Bindings: a: function
		A: function
		arguments: array
		B: function
		d: function
		D: function
		daysLong: undefined
		daysShort: undefined
		daysSuffix: undefined
		F: function
		g: function
		G: function
		h: function
		H: function
		i: function
		ia: undefined
		ij: undefined
		input: string = 
		j: function
		l: function
		L: function
		m: function
		M: function
		monthsLong: undefined
		monthsShort: undefined
		n: function
		O: function
		prevTime: undefined
		r: function
		s: function
		S: function
		self: undefined
		switches: undefined
		t: function
		time: undefined
		U: function
		w: function
		W: function
		y: function
		Y: function
		z: function
Paused at 29
	Hit Breakpoint(s) 1
	Call Stack: Date.formatDate 
	Bindings: a: function
		A: function
		arguments: array
		B: function
		d: function
		D: function
		daysLong: undefined
		daysShort: undefined
		daysSuffix: undefined
		F: function
		g: function
		G: function
		h: function
		H: function
		i: function
		ia: undefined
		ij: undefined
		input: string = 
		j: function
		l: function
		L: function
		m: function
		M: function
		monthsLong: undefined
		monthsShort: undefined
		n: function
		O: function
		prevTime: undefined
		r: function
		s: function
		S: function
		self: undefined
		switches: array
		t: function
		time: undefined
		U: function
		w: function
		W: function
		y: function
		Y: function
		z: function
Paused at 39
	Hit Breakpoint(s) 11
	Call Stack: Date.formatDate 
	Bindings: a: function
		A: function
		arguments: array
		B: function
		d: function
		D: function
		daysLong: array
		daysShort: array
		daysSuffix: undefined
		F: function
		g: function
		G: function
		h: function
		H: function
		i: function
		ia: undefined
		ij: undefined
		input: string = 
		j: function
		l: function
		L: function
		m: function
		M: function
		monthsLong: array
		monthsShort: array
		n: function
		O: function
		prevTime: undefined
		r: function
		s: function
		S: function
		self: undefined
		switches: array
		t: function
		time: undefined
		U: function
		w: function
		W: function
		y: function
		Y: function
		z: function
Paused at 265
	Hit Breakpoint(s) 9, 16, 25, 27
	Call Stack: Date.formatDate 
	Bindings: a: function
		A: function
		arguments: array
		B: function
		d: function
		D: function
		daysLong: array
		daysShort: array
		daysSuffix: array
		F: function
		g: function
		G: function
		h: function
		H: function
		i: function
		ia: undefined
		ij: undefined
		input: string = 
		j: function
		l: function
		L: function
		m: function
		M: function
		monthsLong: array
		monthsShort: array
		n: function
		O: function
		prevTime: undefined
		r: function
		s: function
		S: function
		self: undefined
		switches: array
		t: function
		time: undefined
		U: function
		w: function
		W: function
		y: function
		Y: function
		z: function
Paused at 266
	Call Stack: Date.formatDate 
	Bindings: a: function
		A: function
		arguments: array
		B: function
		d: function
		D: function
		daysLong: array
		daysShort: array
		daysSuffix: array
		F: function
		g: function
		G: function
		h: function
		H: function
		i: function
		ia: undefined
		ij: undefined
		input: string = 
		j: function
		l: function
		L: function
		m: function
		M: function
		monthsLong: array
		monthsShort: array
		n: function
		O: function
		prevTime: undefined
		r: function
		s: function
		S: function
		self: object
		switches: array
		t: function
		time: undefined
		U: function
		w: function
		W: function
		y: function
		Y: function
		z: function
Paused at 272
	Hit Breakpoint(s) 22
	Call Stack: Date.formatDate 
	Bindings: a: function
		A: function
		arguments: array
		B: function
		d: function
		D: function
		daysLong: array
		daysShort: array
		daysSuffix: array
		F: function
		g: function
		G: function
		h: function
		H: function
		i: function
		ia: undefined
		ij: undefined
		input: string = 
		j: function
		l: function
		L: function
		m: function
		M: function
		monthsLong: array
		monthsShort: array
		n: function
		O: function
		prevTime: undefined
		r: function
		s: function
		S: function
		self: object
		switches: array
		t: function
		time: undefined
		U: function
		w: function
		W: function
		y: function
		Y: function
		z: function
Paused at 279
	Hit Breakpoint(s) 4
	Call Stack: Date.formatDate 
	Bindings: a: function
		A: function
		arguments: array
		B: function
		d: function
		D: function
		daysLong: array
		daysShort: array
		daysSuffix: array
		F: function
		g: function
		G: function
		h: function
		H: function
		i: function
		ia: array
		ij: number = 0
		input: string = 
		j: function
		l: function
		L: function
		m: function
		M: function
		monthsLong: array
		monthsShort: array
		n: function
		O: function
		prevTime: undefined
		r: function
		s: function
		S: function
		self: object
		switches: array
		t: function
		time: undefined
		U: function
		w: function
		W: function
		y: function
		Y: function
		z: function
Paused at 280
	Call Stack: Date.formatDate 
	Bindings: a: function
		A: function
		arguments: array
		B: function
		d: function
		D: function
		daysLong: array
		daysShort: array
		daysSuffix: array
		F: function
		g: function
		G: function
		h: function
		H: function
		i: function
		ia: array
		ij: number = 0
		input: string = 
		j: function
		l: function
		L: function
		m: function
		M: function
		monthsLong: array
		monthsShort: array
		n: function
		O: function
		prevTime: undefined
		r: function
		s: function
		S: function
		self: object
		switches: array
		t: function
		time: undefined
		U: function
		w: function
		W: function
		y: function
		Y: function
		z: function
Paused at 237
	Hit Breakpoint(s) 13
	Call Stack: Y, Date.formatDate 
	Bindings: a: function
		A: function
		arguments: array
		B: function
		d: function
		D: function
		daysLong: array
		daysShort: array
		daysSuffix: array
		F: function
		g: function
		G: function
		h: function
		H: function
		i: function
		ia: array
		ij: number = 0
		input: string = 
		j: function
		l: function
		L: function
		m: function
		M: function
		monthsLong: array
		monthsShort: array
		n: function
		newDate: undefined
		O: function
		prevTime: undefined
		r: function
		s: function
		S: function
		self: object
		switches: array
		t: function
		time: undefined
		U: function
		w: function
		W: function
		x: undefined
		y: undefined
		Y: function
		z: function
Paused at 239
	Hit Breakpoint(s) 28
	Call Stack: Y, Date.formatDate 
	Bindings: a: function
		A: function
		arguments: array
		B: function
		d: function
		D: function
		daysLong: array
		daysShort: array
		daysSuffix: array
		F: function
		g: function
		G: function
		h: function
		H: function
		i: function
		ia: array
		ij: number = 0
		input: string = 
		j: function
		l: function
		L: function
		m: function
		M: function
		monthsLong: array
		monthsShort: array
		n: function
		newDate: object
		O: function
		prevTime: undefined
		r: function
		s: function
		S: function
		self: object
		switches: array
		t: function
		time: undefined
		U: function
		w: function
		W: function
		x: undefined
		y: undefined
		Y: function
		z: function
Paused at 283
	Hit Breakpoint(s) 14
	Call Stack: Date.formatDate 
	Bindings: a: function
		A: function
		arguments: array
		B: function
		d: function
		D: function
		daysLong: array
		daysShort: array
		daysSuffix: array
		F: function
		g: function
		G: function
		h: function
		H: function
		i: function
		ia: array
		ij: number = 0
		input: string = 
		j: function
		l: function
		L: function
		m: function
		M: function
		monthsLong: array
		monthsShort: array
		n: function
		O: function
		prevTime: undefined
		r: function
		s: function
		S: function
		self: object
		switches: array
		t: function
		time: undefined
		U: function
		w: function
		W: function
		y: function
		Y: function
		z: function
