Breakpoint 0 Set at 38
Breakpoint 1 Set at 38
Breakpoint 2 Set at 164
Breakpoint 3 Set at 146
Breakpoint 4 Set at 252
Breakpoint 5 Set at 72
Breakpoint 6 Set at 185
Breakpoint 7 Set at 177
Breakpoint 8 Set at 237
Breakpoint 9 Set at 51
Breakpoint 10 Set at 195
Breakpoint 11 Set at 38
Breakpoint 12 Set at 110
Breakpoint 13 Set at 211
Breakpoint 14 Set at 254
Breakpoint 15 Set at 268
Breakpoint 16 Set at 238
Breakpoint 17 Set at 261
Breakpoint 18 Set at 38
Breakpoint 19 Set at 177
Breakpoint 20 Set at 61
Breakpoint 21 Set at 244
Breakpoint 22 Set at 126
Breakpoint 23 Set at 38
Breakpoint 24 Set at 126
Breakpoint 25 Set at 119
Breakpoint 26 Set at 64
Paused at 38
	Hit Breakpoint(s) 0, 1, 11, 18, 23
	Call Stack:  
	Bindings: 
Paused at 72
	Hit Breakpoint(s) 5
	Call Stack:  
	Bindings: 
Paused at 164
	Hit Breakpoint(s) 2
	Call Stack:  
	Bindings: 
Paused at 177
	Hit Breakpoint(s) 7, 19
	Call Stack:  
	Bindings: arguments: array
		m: object
		s: object
Paused at 208
	Call Stack:  
	Bindings: arguments: array
		m: object
		s: object
Paused at 226
	Call Stack:  
	Bindings: 
Paused at 195
	Hit Breakpoint(s) 10
	Call Stack: s.parseJSON 
	Bindings: arguments: array
		filter: function
		j: undefined
		m: object
		s: object
		walk: function
Paused at 199
	Call Stack: s.parseJSON 
	Bindings: arguments: array
		filter: function
		j: undefined
		m: object
		s: object
		walk: function
Paused at 201
	Call Stack: s.parseJSON 
	Bindings: arguments: array
		filter: function
		j: array
		m: object
		s: object
		walk: function
Paused at 185
	Hit Breakpoint(s) 6
	Call Stack: walk, s.parseJSON 
	Bindings: arguments: array
		filter: function
		i: string = 
		j: array
		k: string = 
		m: object
		n: undefined
		s: object
		v: array
		walk: function
Paused at 185
	Hit Breakpoint(s) 6
	Call Stack: walk, walk, s.parseJSON 
	Bindings: arguments: array
		filter: function
		i: string = 
		j: array
		k: string = 
		m: object
		n: undefined
		s: object
		v: object
		walk: function
