2 -> 2
11 -> 25
13 -> 25
19 -> 25
21 -> 25
24 -> 25
26 -> 28
30 -> 30
37 -> 38
52 -> 53
54 -> 57
62 -> 62
68 -> 69
70 -> 71
76 -> 76
82 -> 82
88 -> 88
90 -> 90
93 -> 93
106 -> 106
121 -> 123
130 -> 130
131 -> 132
133 -> 133
136 -> 136
143 -> 143
160 -> 160
167 -> 167
169 -> 169
177 -> 177
179 -> 179
188 -> 192
192 -> 225
196 -> 196
204 -> 204
205 -> 205
206 -> 211
209 -> 211
215 -> 217
216 -> 217
219 -> 219
220 -> 222
232 -> 236
234 -> 236
235 -> 236
238 -> 238
242 -> 247
250 -> 250
251 -> 251
259 -> 259
261 -> 261
263 -> 264
266 -> 267
269 -> 271
271 -> 291
278 -> 278
281 -> 282
288 -> 288
289 -> 289
296 -> 296
