37 -> 38
130 -> 130
40 -> 44
48 -> 48
148 -> 149
74 -> 74
184 -> 184
134 -> 135
38 -> 46
167 -> 167
81 -> 81
13 -> 25
112 -> 112
84 -> 84
34 -> 35
18 -> 25
213 -> 217
164 -> 164
62 -> 62
251 -> 251
79 -> 80
163 -> 163
144 -> 145
241 -> 241
24 -> 25
115 -> 115
227 -> 227
86 -> 86
122 -> 123
7 -> 7
170 -> 171
252 -> 252
149 -> 156
42 -> 44
223 -> 224
230 -> 230
214 -> 217
232 -> 236
285 -> 285
183 -> 183
20 -> 25
174 -> 174
146 -> 146
54 -> 57
22 -> 25
44 -> 46
108 -> 109
199 -> 200
152 -> 152
255 -> 255
28 -> 28
185 -> 185
176 -> 177
135 -> 139
207 -> 211
90 -> 90
193 -> 193
179 -> 179
267 -> 267
4 -> 4
294 -> 294
105 -> 105
14 -> 25
233 -> 236
61 -> 61
51 -> 51
263 -> 264
9 -> 25
153 -> 153
198 -> 200
132 -> 132
195 -> 195
126 -> 126
131 -> 132
237 -> 237
8 -> 25
277 -> 278
261 -> 261
247 -> 247
140 -> 141
228 -> 228
215 -> 217
110 -> 110
297 -> 297
89 -> 89
103 -> 104
46 -> 50
242 -> 247
72 -> 72
35 -> 46
116 -> 116
279 -> 279
168 -> 168
159 -> 160
229 -> 230
106 -> 106
204 -> 204
31 -> 32
127 -> 128
50 -> 57
64 -> 64
178 -> 178
257 -> 257
246 -> 247
113 -> 114
75 -> 76
109 -> 112
286 -> 286
66 -> 66
197 -> 200
16 -> 25
69 -> 69
218 -> 219
68 -> 69
97 -> 97
91 -> 92
83 -> 84
182 -> 183
194 -> 194
160 -> 165
32 -> 46
98 -> 98
71 -> 71
219 -> 225
186 -> 192
136 -> 136
209 -> 211
158 -> 160
274 -> 274
67 -> 67
60 -> 60
190 -> 192
1 -> 1
212 -> 212
121 -> 123
138 -> 138
301 -> 301
298 -> 298
102 -> 102
221 -> 222
139 -> 141
57 -> 69
26 -> 28
238 -> 238
128 -> 133
189 -> 192
142 -> 142
52 -> 53
78 -> 78
49 -> 50
85 -> 85
271 -> 271
266 -> 267
82 -> 82
171 -> 174
80 -> 82
23 -> 25
253 -> 254
125 -> 125
150 -> 150
206 -> 211
25 -> 46
33 -> 35
281 -> 282
280 -> 282
47 -> 47
96 -> 97
0 -> 1
114 -> 116
55 -> 57
172 -> 172
187 -> 192
240 -> 241
259 -> 259
118 -> 118
295 -> 295
11 -> 25
269 -> 271
262 -> 262
220 -> 222
201 -> 201
29 -> 30
161 -> 162
104 -> 107
137 -> 137
300 -> 300
222 -> 225
65 -> 65
278 -> 291
17 -> 25
129 -> 130
273 -> 273
191 -> 192
231 -> 236
15 -> 25
244 -> 247
12 -> 25
3 -> 4
188 -> 192
173 -> 173
141 -> 143
275 -> 276
156 -> 160
225 -> 227
248 -> 248
181 -> 181
41 -> 44
92 -> 102
296 -> 296
245 -> 247
288 -> 288
27 -> 28
180 -> 180
45 -> 46
94 -> 94
10 -> 25
70 -> 71
76 -> 78
202 -> 203
145 -> 147
192 -> 225
93 -> 93
236 -> 252
30 -> 46
124 -> 125
147 -> 149
235 -> 236
166 -> 167
249 -> 249
290 -> 291
203 -> 225
210 -> 211
256 -> 256
19 -> 25
36 -> 38
155 -> 155
77 -> 77
5 -> 5
291 -> 297
53 -> 57
226 -> 227
151 -> 151
99 -> 99
133 -> 135
205 -> 205
234 -> 236
107 -> 109
258 -> 259
293 -> 293
95 -> 95
177 -> 181
101 -> 101
264 -> 291
208 -> 211
175 -> 177
289 -> 289
73 -> 73
268 -> 268
2 -> 2
196 -> 196
216 -> 217
88 -> 88
265 -> 265
282 -> 291
143 -> 145
87 -> 88
157 -> 160
154 -> 154
117 -> 118
111 -> 111
100 -> 101
276 -> 291
260 -> 260
239 -> 239
59 -> 59
224 -> 225
211 -> 225
217 -> 225
283 -> 285
284 -> 285
43 -> 44
169 -> 169
250 -> 250
200 -> 225
270 -> 271
120 -> 120
243 -> 247
272 -> 272
63 -> 63
254 -> 257
299 -> 299
292 -> 293
165 -> 167
123 -> 133
6 -> 7
287 -> 288
21 -> 25
58 -> 58
56 -> 57
162 -> 165
119 -> 119
39 -> 44
