1 -> 1
2 -> 2
3 -> 4
6 -> 7
8 -> 25
9 -> 25
10 -> 25
11 -> 25
12 -> 25
13 -> 25
16 -> 25
19 -> 25
21 -> 25
23 -> 25
24 -> 25
26 -> 28
27 -> 28
28 -> 46
30 -> 30
31 -> 32
32 -> 46
35 -> 35
37 -> 38
51 -> 51
52 -> 53
54 -> 57
56 -> 57
62 -> 62
64 -> 64
66 -> 66
68 -> 69
69 -> 71
70 -> 71
73 -> 73
74 -> 74
76 -> 76
77 -> 77
82 -> 82
85 -> 85
86 -> 86
87 -> 88
88 -> 90
90 -> 90
92 -> 92
93 -> 93
95 -> 95
98 -> 98
102 -> 102
106 -> 106
107 -> 107
108 -> 109
110 -> 110
111 -> 111
112 -> 112
115 -> 115
120 -> 120
121 -> 123
124 -> 125
126 -> 126
128 -> 128
130 -> 130
131 -> 132
132 -> 133
133 -> 133
135 -> 135
136 -> 136
142 -> 142
143 -> 143
146 -> 146
147 -> 147
150 -> 150
153 -> 153
159 -> 160
160 -> 165
163 -> 163
166 -> 167
167 -> 169
169 -> 169
170 -> 171
171 -> 174
172 -> 172
175 -> 177
177 -> 177
178 -> 178
179 -> 179
180 -> 180
182 -> 183
185 -> 185
186 -> 192
188 -> 192
191 -> 192
192 -> 225
196 -> 196
200 -> 200
202 -> 203
204 -> 204
205 -> 205
206 -> 211
209 -> 211
211 -> 211
212 -> 212
215 -> 217
216 -> 217
218 -> 219
219 -> 219
220 -> 222
222 -> 225
225 -> 225
227 -> 227
230 -> 230
231 -> 236
232 -> 236
234 -> 236
235 -> 236
236 -> 252
238 -> 238
239 -> 239
240 -> 241
241 -> 241
242 -> 247
245 -> 247
250 -> 250
251 -> 251
253 -> 254
256 -> 256
257 -> 257
258 -> 259
259 -> 264
261 -> 261
263 -> 264
264 -> 264
265 -> 265
266 -> 267
268 -> 268
269 -> 271
271 -> 291
273 -> 273
274 -> 274
277 -> 278
278 -> 291
280 -> 282
281 -> 282
283 -> 285
285 -> 291
288 -> 288
289 -> 289
291 -> 291
292 -> 293
293 -> 293
296 -> 296
300 -> 300
