269 -> 271
289 -> 289
281 -> 282
192 -> 192
62 -> 62
76 -> 76
232 -> 236
11 -> 25
235 -> 236
143 -> 143
131 -> 132
215 -> 217
263 -> 264
266 -> 267
261 -> 261
93 -> 93
278 -> 278
205 -> 205
238 -> 238
204 -> 204
136 -> 136
13 -> 25
54 -> 57
177 -> 177
296 -> 296
196 -> 196
216 -> 217
106 -> 106
169 -> 169
219 -> 219
37 -> 38
271 -> 291
130 -> 130
90 -> 90
220 -> 222
68 -> 69
167 -> 167
30 -> 30
21 -> 25
82 -> 82
209 -> 211
26 -> 28
234 -> 236
288 -> 288
251 -> 251
188 -> 192
250 -> 250
2 -> 2
52 -> 53
121 -> 123
259 -> 259
242 -> 247
70 -> 71
206 -> 211
160 -> 160
19 -> 25
88 -> 88
24 -> 25
179 -> 179
133 -> 133
