179 -> 179
204 -> 204
289 -> 289
216 -> 217
30 -> 30
21 -> 25
70 -> 71
220 -> 222
167 -> 167
263 -> 264
250 -> 250
296 -> 296
90 -> 90
206 -> 211
219 -> 219
188 -> 192
251 -> 251
2 -> 2
76 -> 76
24 -> 25
177 -> 177
130 -> 130
278 -> 278
88 -> 88
54 -> 57
136 -> 136
133 -> 133
242 -> 247
261 -> 261
269 -> 271
11 -> 25
93 -> 93
143 -> 143
106 -> 106
205 -> 205
19 -> 25
235 -> 236
68 -> 69
26 -> 28
288 -> 288
13 -> 25
271 -> 291
131 -> 132
62 -> 62
238 -> 238
281 -> 282
169 -> 169
259 -> 259
82 -> 82
266 -> 267
196 -> 196
209 -> 211
232 -> 236
52 -> 53
121 -> 123
192 -> 225
160 -> 160
215 -> 217
37 -> 38
234 -> 236
