187 -> 192
109 -> 109
18 -> 25
36 -> 38
125 -> 125
157 -> 160
208 -> 211
192 -> 225
33 -> 35
177 -> 177
201 -> 201
122 -> 123
292 -> 293
219 -> 219
69 -> 69
50 -> 50
120 -> 120
40 -> 44
227 -> 227
74 -> 74
161 -> 162
1 -> 1
19 -> 25
205 -> 205
0 -> 1
43 -> 44
276 -> 276
160 -> 165
30 -> 30
206 -> 211
95 -> 95
225 -> 227
253 -> 254
52 -> 53
8 -> 25
271 -> 271
296 -> 296
162 -> 165
256 -> 256
222 -> 222
230 -> 230
5 -> 5
231 -> 236
24 -> 25
137 -> 137
236 -> 252
111 -> 111
154 -> 154
139 -> 139
247 -> 247
155 -> 155
4 -> 4
110 -> 110
2 -> 2
15 -> 25
131 -> 132
68 -> 69
252 -> 254
87 -> 88
269 -> 271
66 -> 66
250 -> 250
88 -> 90
168 -> 168
134 -> 135
106 -> 106
58 -> 58
223 -> 224
53 -> 57
199 -> 200
103 -> 104
93 -> 93
100 -> 101
144 -> 145
170 -> 171
217 -> 217
246 -> 247
188 -> 192
38 -> 46
214 -> 217
67 -> 67
221 -> 222
41 -> 44
295 -> 295
133 -> 133
260 -> 260
61 -> 61
291 -> 291
232 -> 236
184 -> 184
37 -> 38
104 -> 107
96 -> 97
267 -> 267
229 -> 230
284 -> 285
62 -> 62
215 -> 217
130 -> 130
240 -> 241
85 -> 85
163 -> 163
75 -> 76
272 -> 272
49 -> 50
293 -> 297
297 -> 297
60 -> 60
239 -> 239
266 -> 267
251 -> 251
190 -> 192
32 -> 32
169 -> 169
264 -> 264
128 -> 128
127 -> 128
6 -> 7
136 -> 136
148 -> 149
94 -> 94
63 -> 63
108 -> 109
197 -> 200
80 -> 80
138 -> 138
175 -> 177
145 -> 147
44 -> 46
242 -> 247
34 -> 35
142 -> 142
234 -> 236
173 -> 173
181 -> 181
83 -> 84
64 -> 64
16 -> 25
216 -> 217
288 -> 288
113 -> 114
71 -> 71
77 -> 77
10 -> 25
92 -> 92
156 -> 156
171 -> 174
51 -> 51
294 -> 294
233 -> 236
21 -> 25
198 -> 200
116 -> 116
158 -> 160
118 -> 118
174 -> 177
78 -> 78
278 -> 278
55 -> 57
289 -> 289
102 -> 102
290 -> 291
117 -> 118
59 -> 59
114 -> 116
99 -> 99
194 -> 194
235 -> 236
268 -> 268
97 -> 102
152 -> 152
149 -> 156
147 -> 149
273 -> 273
279 -> 279
98 -> 98
112 -> 112
265 -> 265
189 -> 192
282 -> 282
172 -> 172
12 -> 25
146 -> 146
28 -> 28
185 -> 185
258 -> 259
182 -> 183
124 -> 125
244 -> 247
84 -> 86
213 -> 217
140 -> 141
150 -> 150
23 -> 25
70 -> 71
17 -> 25
166 -> 167
301 -> 301
31 -> 32
91 -> 92
107 -> 109
159 -> 160
226 -> 227
143 -> 143
280 -> 282
248 -> 248
9 -> 25
22 -> 25
14 -> 25
241 -> 252
26 -> 28
179 -> 179
135 -> 139
220 -> 222
212 -> 212
151 -> 151
25 -> 46
254 -> 257
180 -> 180
207 -> 211
196 -> 196
45 -> 46
210 -> 211
13 -> 25
119 -> 119
29 -> 30
298 -> 298
237 -> 237
81 -> 81
48 -> 48
261 -> 261
259 -> 264
20 -> 25
101 -> 102
274 -> 274
243 -> 247
178 -> 178
287 -> 288
121 -> 123
89 -> 89
165 -> 167
224 -> 225
286 -> 286
257 -> 259
54 -> 57
200 -> 225
193 -> 193
123 -> 133
195 -> 195
132 -> 133
300 -> 300
186 -> 192
203 -> 203
90 -> 92
263 -> 264
73 -> 73
202 -> 203
56 -> 57
126 -> 126
255 -> 255
105 -> 105
228 -> 228
76 -> 78
238 -> 238
204 -> 204
141 -> 143
82 -> 82
176 -> 177
86 -> 88
209 -> 211
129 -> 130
211 -> 225
39 -> 44
270 -> 271
262 -> 262
167 -> 169
7 -> 25
275 -> 276
245 -> 247
35 -> 46
47 -> 47
191 -> 192
277 -> 278
153 -> 153
285 -> 291
3 -> 4
65 -> 65
249 -> 249
72 -> 72
218 -> 219
115 -> 115
281 -> 282
299 -> 299
79 -> 80
11 -> 25
183 -> 185
57 -> 71
164 -> 164
46 -> 50
42 -> 44
283 -> 285
27 -> 28
