93 -> 93
16 -> 25
138 -> 138
109 -> 109
219 -> 219
294 -> 294
59 -> 59
210 -> 211
91 -> 92
135 -> 135
241 -> 241
199 -> 200
153 -> 153
71 -> 71
73 -> 73
251 -> 251
278 -> 278
25 -> 46
151 -> 151
114 -> 114
143 -> 143
99 -> 99
30 -> 30
254 -> 254
9 -> 25
70 -> 71
172 -> 172
273 -> 273
116 -> 116
39 -> 44
23 -> 25
6 -> 7
174 -> 174
27 -> 28
22 -> 25
132 -> 132
177 -> 177
110 -> 110
163 -> 163
232 -> 236
300 -> 300
162 -> 162
222 -> 222
152 -> 152
134 -> 135
38 -> 38
203 -> 203
168 -> 168
284 -> 285
214 -> 217
98 -> 98
258 -> 259
130 -> 130
213 -> 217
292 -> 293
218 -> 219
261 -> 261
176 -> 177
69 -> 69
123 -> 123
243 -> 247
279 -> 279
124 -> 125
51 -> 51
45 -> 46
94 -> 94
158 -> 160
298 -> 298
103 -> 104
192 -> 192
50 -> 50
221 -> 222
77 -> 77
150 -> 150
141 -> 141
296 -> 296
12 -> 25
167 -> 167
186 -> 192
128 -> 128
56 -> 57
88 -> 88
207 -> 211
290 -> 291
245 -> 247
13 -> 25
144 -> 145
246 -> 247
121 -> 123
149 -> 149
117 -> 118
252 -> 252
178 -> 178
253 -> 254
119 -> 119
212 -> 212
142 -> 142
147 -> 147
190 -> 192
86 -> 86
291 -> 297
272 -> 272
166 -> 167
237 -> 237
37 -> 38
170 -> 171
107 -> 107
126 -> 126
74 -> 74
181 -> 181
58 -> 58
164 -> 164
125 -> 133
7 -> 25
297 -> 297
65 -> 65
105 -> 105
173 -> 173
41 -> 44
14 -> 25
175 -> 177
8 -> 25
171 -> 174
46 -> 50
145 -> 147
215 -> 217
228 -> 228
240 -> 241
26 -> 28
286 -> 286
53 -> 53
224 -> 224
188 -> 192
295 -> 295
217 -> 225
36 -> 38
259 -> 264
269 -> 271
235 -> 236
156 -> 156
44 -> 46
127 -> 128
122 -> 123
169 -> 169
100 -> 101
47 -> 47
63 -> 63
64 -> 64
189 -> 192
281 -> 282
85 -> 85
104 -> 107
250 -> 250
2 -> 2
96 -> 97
34 -> 35
111 -> 111
113 -> 114
157 -> 160
236 -> 252
15 -> 25
78 -> 78
112 -> 112
0 -> 1
289 -> 289
265 -> 265
285 -> 291
83 -> 84
75 -> 76
62 -> 62
29 -> 30
18 -> 25
182 -> 183
67 -> 67
196 -> 196
57 -> 69
256 -> 256
184 -> 184
299 -> 299
89 -> 89
80 -> 80
21 -> 25
198 -> 200
202 -> 203
180 -> 180
288 -> 288
32 -> 32
233 -> 236
242 -> 247
231 -> 236
195 -> 195
3 -> 4
229 -> 230
95 -> 95
234 -> 236
82 -> 82
120 -> 120
76 -> 78
206 -> 211
10 -> 25
49 -> 50
204 -> 204
17 -> 25
268 -> 268
133 -> 135
4 -> 7
287 -> 288
24 -> 25
226 -> 227
244 -> 247
239 -> 239
264 -> 291
68 -> 69
43 -> 44
255 -> 255
154 -> 154
220 -> 222
1 -> 7
31 -> 32
193 -> 193
101 -> 102
66 -> 66
118 -> 120
209 -> 211
216 -> 217
72 -> 72
19 -> 25
270 -> 271
140 -> 141
283 -> 285
260 -> 260
129 -> 130
92 -> 102
136 -> 136
262 -> 262
271 -> 291
280 -> 282
131 -> 132
282 -> 291
84 -> 86
146 -> 146
161 -> 162
20 -> 25
277 -> 278
48 -> 48
201 -> 201
165 -> 165
35 -> 46
227 -> 230
79 -> 80
205 -> 205
52 -> 53
97 -> 102
155 -> 155
266 -> 267
11 -> 25
301 -> 301
42 -> 44
81 -> 81
191 -> 192
276 -> 276
225 -> 227
179 -> 179
108 -> 109
60 -> 60
183 -> 185
274 -> 274
55 -> 57
230 -> 236
249 -> 249
187 -> 192
90 -> 90
5 -> 5
160 -> 165
115 -> 115
106 -> 106
137 -> 137
263 -> 264
102 -> 104
54 -> 57
148 -> 149
211 -> 225
159 -> 160
200 -> 225
194 -> 194
28 -> 46
257 -> 257
248 -> 248
208 -> 211
293 -> 297
223 -> 224
139 -> 139
197 -> 200
87 -> 88
61 -> 61
275 -> 276
247 -> 252
267 -> 291
185 -> 192
40 -> 44
238 -> 238
33 -> 35
