76 -> 76
232 -> 236
170 -> 171
10 -> 25
239 -> 239
220 -> 222
268 -> 268
264 -> 264
230 -> 230
90 -> 90
300 -> 300
136 -> 136
186 -> 192
253 -> 254
258 -> 259
283 -> 285
142 -> 142
111 -> 111
54 -> 57
131 -> 132
124 -> 125
11 -> 25
241 -> 241
77 -> 77
24 -> 25
277 -> 278
35 -> 35
250 -> 250
291 -> 291
261 -> 261
219 -> 219
64 -> 64
66 -> 66
27 -> 28
178 -> 178
74 -> 74
231 -> 236
112 -> 112
188 -> 192
150 -> 150
172 -> 172
269 -> 271
93 -> 93
205 -> 205
196 -> 196
225 -> 225
166 -> 167
128 -> 128
98 -> 98
56 -> 57
31 -> 32
130 -> 130
87 -> 88
86 -> 86
259 -> 264
70 -> 71
3 -> 4
204 -> 204
23 -> 25
182 -> 183
192 -> 225
13 -> 25
177 -> 177
1 -> 1
110 -> 110
21 -> 25
293 -> 293
51 -> 51
133 -> 133
281 -> 282
6 -> 7
9 -> 25
285 -> 291
169 -> 169
280 -> 282
37 -> 38
28 -> 46
16 -> 25
107 -> 107
212 -> 212
215 -> 217
234 -> 236
179 -> 179
251 -> 251
8 -> 25
256 -> 256
185 -> 185
115 -> 115
132 -> 133
92 -> 92
216 -> 217
62 -> 62
180 -> 180
211 -> 211
106 -> 106
218 -> 219
242 -> 247
159 -> 160
68 -> 69
274 -> 274
153 -> 153
126 -> 126
273 -> 273
30 -> 30
147 -> 147
167 -> 169
146 -> 146
82 -> 82
121 -> 123
102 -> 102
2 -> 2
265 -> 265
143 -> 143
222 -> 225
95 -> 95
206 -> 211
32 -> 46
135 -> 135
209 -> 211
175 -> 177
108 -> 109
257 -> 257
245 -> 247
271 -> 291
191 -> 192
52 -> 53
73 -> 73
235 -> 236
292 -> 293
163 -> 163
200 -> 200
26 -> 28
88 -> 90
227 -> 227
240 -> 241
202 -> 203
289 -> 289
171 -> 174
278 -> 291
120 -> 120
238 -> 238
296 -> 296
160 -> 165
69 -> 71
85 -> 85
263 -> 264
266 -> 267
19 -> 25
236 -> 252
12 -> 25
288 -> 288
