265 -> 265
135 -> 135
283 -> 285
202 -> 203
191 -> 192
285 -> 291
218 -> 219
232 -> 236
227 -> 227
130 -> 130
273 -> 273
126 -> 126
220 -> 222
216 -> 217
86 -> 86
115 -> 115
70 -> 71
26 -> 28
146 -> 146
250 -> 250
28 -> 46
8 -> 25
242 -> 247
169 -> 169
288 -> 288
37 -> 38
87 -> 88
261 -> 261
121 -> 123
13 -> 25
54 -> 57
277 -> 278
274 -> 274
88 -> 90
93 -> 93
289 -> 289
12 -> 25
150 -> 150
2 -> 2
206 -> 211
200 -> 200
212 -> 212
257 -> 257
204 -> 204
69 -> 69
21 -> 25
153 -> 153
180 -> 180
239 -> 239
300 -> 300
293 -> 293
236 -> 252
269 -> 271
251 -> 251
11 -> 25
196 -> 196
296 -> 296
177 -> 177
120 -> 120
268 -> 268
238 -> 238
62 -> 62
90 -> 92
106 -> 106
98 -> 98
234 -> 236
56 -> 57
188 -> 192
291 -> 297
107 -> 107
159 -> 160
68 -> 69
64 -> 64
271 -> 291
278 -> 291
225 -> 225
215 -> 217
95 -> 95
143 -> 143
132 -> 132
32 -> 32
230 -> 230
211 -> 225
30 -> 30
77 -> 77
110 -> 110
172 -> 172
52 -> 53
166 -> 167
281 -> 282
142 -> 142
192 -> 225
245 -> 247
170 -> 171
82 -> 82
16 -> 25
263 -> 264
231 -> 236
133 -> 133
24 -> 25
124 -> 125
219 -> 225
163 -> 163
102 -> 102
76 -> 76
186 -> 192
241 -> 241
131 -> 132
136 -> 136
264 -> 291
10 -> 25
185 -> 185
6 -> 7
23 -> 25
128 -> 128
108 -> 109
85 -> 85
112 -> 112
235 -> 236
167 -> 169
1 -> 1
240 -> 241
171 -> 174
147 -> 147
209 -> 211
292 -> 293
92 -> 104
280 -> 282
111 -> 111
256 -> 256
179 -> 179
66 -> 66
35 -> 35
259 -> 259
74 -> 74
73 -> 73
266 -> 267
253 -> 254
3 -> 4
258 -> 259
160 -> 165
51 -> 51
9 -> 25
19 -> 25
205 -> 205
31 -> 32
27 -> 28
175 -> 177
182 -> 183
222 -> 225
178 -> 178
