250 -> 250
13 -> 25
235 -> 236
106 -> 106
209 -> 211
289 -> 289
220 -> 222
52 -> 53
167 -> 167
296 -> 296
219 -> 219
234 -> 236
62 -> 62
54 -> 57
278 -> 278
251 -> 251
24 -> 25
266 -> 267
169 -> 169
68 -> 69
2 -> 2
26 -> 28
263 -> 264
130 -> 130
19 -> 25
160 -> 160
11 -> 25
196 -> 196
242 -> 247
238 -> 238
216 -> 217
288 -> 288
204 -> 204
21 -> 25
88 -> 88
131 -> 132
215 -> 217
192 -> 192
259 -> 259
281 -> 282
82 -> 82
93 -> 93
37 -> 38
133 -> 133
76 -> 76
206 -> 211
269 -> 271
261 -> 261
179 -> 179
30 -> 30
136 -> 136
70 -> 71
90 -> 90
205 -> 205
121 -> 123
271 -> 291
188 -> 192
177 -> 177
143 -> 143
232 -> 236
