Breakpoint 0 Set at 14:15
Breakpoint 1 Set at 27:36
Breakpoint 2 Set at 167:14
Breakpoint 3 Set at 148:3
Breakpoint 4 Set at 282:14
Breakpoint 5 Set at 76:5
Breakpoint 6 Set at 195:1
Breakpoint 7 Set at 184:26
Breakpoint 8 Set at 282:14
Breakpoint 9 Set at 58:5
Breakpoint 10 Set at 215:13
Breakpoint 11 Set at 46:12
Breakpoint 12 Set at 112:5
Breakpoint 13 Set at 231:5
Breakpoint 14 Set at 282:14
Breakpoint 15 Set at 288:16
Breakpoint 16 Set at 282:14
Breakpoint 17 Set at 14:15
Breakpoint 18 Set at 60:5
Breakpoint 19 Set at 184:26
Breakpoint 20 Set at 67:5
Breakpoint 21 Set at 282:14
Breakpoint 22 Set at 126:5
Breakpoint 23 Set at 34:3
Breakpoint 24 Set at 124:5
Breakpoint 25 Set at 121:5
Breakpoint 26 Set at 73:5
Breakpoint 27 Set at 242:13
Breakpoint 28 Set at 282:14
Paused at 14:15
	Hit Breakpoint(s) 0, 17
Paused at 282:14
	Hit Breakpoint(s) 4, 8, 14, 16, 21, 28
Paused at 46:12
	Hit Breakpoint(s) 11
Paused at 47:11
Paused at 48:11
Paused at 58:5
	Hit Breakpoint(s) 9
Paused at 184:26
	Hit Breakpoint(s) 7, 19
Paused at 185:35
Paused at 186:3
Paused at 140:52
Paused at 184:26
	Hit Breakpoint(s) 7, 19
Paused at 185:35
Paused at 184:26
	Hit Breakpoint(s) 7, 19
Paused at 185:35
Paused at 140:19
Paused at 195:1
	Hit Breakpoint(s) 6
Paused at 140:10
Paused at 184:26
	Hit Breakpoint(s) 7, 19
Paused at 141:1
Paused at 184:26
	Hit Breakpoint(s) 7, 19
Paused at 184:26
	Hit Breakpoint(s) 7, 19
Paused at 185:35
Paused at 184:26
	Hit Breakpoint(s) 7, 19
Paused at 140:19
Paused at 194:3
Paused at 195:1
	Hit Breakpoint(s) 6
Paused at 140:10
Paused at 184:26
	Hit Breakpoint(s) 7, 19
Paused at 60:5
	Hit Breakpoint(s) 18
Paused at 184:26
	Hit Breakpoint(s) 7, 19
Paused at 140:52
Paused at 184:26
	Hit Breakpoint(s) 7, 19
Paused at 140:27
Paused at 184:26
	Hit Breakpoint(s) 7, 19
Paused at 185:35
Paused at 186:3
Paused at 187:1
Paused at 140:19
Paused at 195:1
	Hit Breakpoint(s) 6
Paused at 184:26
	Hit Breakpoint(s) 7, 19
Paused at 141:1
Paused at 145:1
Paused at 61:5
Paused at 184:26
	Hit Breakpoint(s) 7, 19
Paused at 184:26
	Hit Breakpoint(s) 7, 19
Paused at 185:35
Paused at 140:27
Paused at 184:26
	Hit Breakpoint(s) 7, 19
Paused at 185:35
Paused at 186:3
Paused at 187:1
Paused at 140:19
Paused at 195:1
	Hit Breakpoint(s) 6
Paused at 140:10
Paused at 184:26
	Hit Breakpoint(s) 7, 19
Paused at 141:1
Paused at 184:26
	Hit Breakpoint(s) 7, 19
Paused at 185:35
Paused at 186:3
Paused at 187:1
Paused at 140:52
Paused at 184:26
	Hit Breakpoint(s) 7, 19
Paused at 185:35
Paused at 186:3
Paused at 140:27
Paused at 184:26
	Hit Breakpoint(s) 7, 19
Paused at 195:1
	Hit Breakpoint(s) 6
Paused at 140:10
Paused at 184:26
	Hit Breakpoint(s) 7, 19
Paused at 184:26
	Hit Breakpoint(s) 7, 19
Paused at 140:52
Paused at 184:26
	Hit Breakpoint(s) 7, 19
Paused at 140:27
Paused at 184:26
	Hit Breakpoint(s) 7, 19
Paused at 185:35
Paused at 140:19
Paused at 195:1
	Hit Breakpoint(s) 6
Paused at 140:10
Paused at 184:26
	Hit Breakpoint(s) 7, 19
Paused at 185:35
Paused at 186:3
Paused at 187:1
Paused at 141:1
Paused at 184:26
	Hit Breakpoint(s) 7, 19
Paused at 185:35
Paused at 140:52
Paused at 184:26
	Hit Breakpoint(s) 7, 19
Paused at 185:35
Paused at 186:3
Paused at 140:27
Paused at 184:26
	Hit Breakpoint(s) 7, 19
Paused at 185:35
Paused at 186:3
Paused at 187:1
Paused at 195:1
	Hit Breakpoint(s) 6
Paused at 140:10
Paused at 184:26
	Hit Breakpoint(s) 7, 19
Paused at 185:35
Paused at 186:3
Paused at 187:1
Paused at 141:1
