Breakpoint 0 Set at 14:14
Breakpoint 1 Set at 14:14
Breakpoint 2 Set at 56:343
Breakpoint 3 Set at 56:343
Breakpoint 4 Set at 78:16
Breakpoint 5 Set at 33:345
Breakpoint 6 Set at 58:1
Breakpoint 7 Set at 56:343
Paused at 14:14
	Hit Breakpoint(s) 0, 1
Paused at 33:345
	Hit Breakpoint(s) 5
Paused at 56:343
	Hit Breakpoint(s) 2, 3, 7
Paused at 58:1
	Hit Breakpoint(s) 6
Paused at 72:356
Paused at 33:345
	Hit Breakpoint(s) 5
Paused at 56:343
	Hit Breakpoint(s) 2, 3, 7
Paused at 58:1
	Hit Breakpoint(s) 6
Paused at 72:356
Paused at 78:16
	Hit Breakpoint(s) 4
