Breakpoint 0 Set at 38:1
Breakpoint 1 Set at 38:1
Breakpoint 2 Set at 160:9
Breakpoint 3 Set at 140:25
Breakpoint 4 Set at 252:45
Breakpoint 5 Set at 68:9
Breakpoint 6 Set at 192:17
Breakpoint 7 Set at 177:9
Breakpoint 8 Set at 238:29
Breakpoint 9 Set at 46:14
Breakpoint 10 Set at 197:21
Breakpoint 11 Set at 38:1
Breakpoint 12 Set at 106:18
Breakpoint 13 Set at 212:30
Breakpoint 14 Set at 254:35
Breakpoint 15 Set at 268:1
Breakpoint 16 Set at 240:25
Breakpoint 17 Set at 261:5
Breakpoint 18 Set at 38:1
Breakpoint 19 Set at 51:17
Breakpoint 20 Set at 177:9
Breakpoint 21 Set at 56:17
Breakpoint 22 Set at 245:17
Breakpoint 23 Set at 121:25
Breakpoint 24 Set at 38:1
Breakpoint 25 Set at 119:29
Breakpoint 26 Set at 115:33
Paused at 38:1
	Hit Breakpoint(s) 0, 1, 11, 18, 24
Paused at 177:9
	Hit Breakpoint(s) 7, 20
Paused at 197:21
	Hit Breakpoint(s) 10
Paused at 199:17
Paused at 201:17
Paused at 192:17
	Hit Breakpoint(s) 6
Paused at 192:17
	Hit Breakpoint(s) 6
Paused at 193:13
Paused at 186:29
Paused at 192:17
	Hit Breakpoint(s) 6
Paused at 192:17
	Hit Breakpoint(s) 6
Paused at 193:13
Paused at 192:17
	Hit Breakpoint(s) 6
Paused at 229:54
Paused at 193:13
Paused at 186:29
Paused at 192:17
	Hit Breakpoint(s) 6
Paused at 186:29
Paused at 192:17
	Hit Breakpoint(s) 6
Paused at 192:17
	Hit Breakpoint(s) 6
Paused at 192:17
	Hit Breakpoint(s) 6
Paused at 193:13
Paused at 192:17
	Hit Breakpoint(s) 6
Paused at 186:29
Paused at 187:33
Paused at 192:17
	Hit Breakpoint(s) 6
Paused at 229:54
Paused at 229:79
Paused at 192:17
	Hit Breakpoint(s) 6
Paused at 186:29
Paused at 192:17
	Hit Breakpoint(s) 6
Paused at 192:17
	Hit Breakpoint(s) 6
Paused at 186:29
Paused at 187:33
Paused at 183:26
Paused at 184:25
Paused at 183:26
Paused at 192:17
	Hit Breakpoint(s) 6
Paused at 193:13
Paused at 192:17
	Hit Breakpoint(s) 6
Paused at 186:29
Paused at 187:33
Paused at 192:17
	Hit Breakpoint(s) 6
Paused at 192:17
	Hit Breakpoint(s) 6
Paused at 192:17
	Hit Breakpoint(s) 6
Paused at 193:13
Paused at 186:29
Paused at 192:17
	Hit Breakpoint(s) 6
Paused at 193:13
Paused at 186:29
Paused at 187:33
Paused at 183:26
Paused at 192:17
	Hit Breakpoint(s) 6
Paused at 229:54
Paused at 192:17
	Hit Breakpoint(s) 6
Paused at 186:29
Paused at 192:17
	Hit Breakpoint(s) 6
Paused at 193:13
Paused at 186:29
Paused at 187:33
Paused at 183:26
Paused at 184:25
Paused at 183:26
Paused at 192:17
	Hit Breakpoint(s) 6
Paused at 186:29
Paused at 187:33
Paused at 192:17
	Hit Breakpoint(s) 6
Paused at 186:29
Paused at 187:33
Paused at 192:17
	Hit Breakpoint(s) 6
Paused at 186:29
Paused at 187:33
Paused at 192:17
	Hit Breakpoint(s) 6
Paused at 192:17
	Hit Breakpoint(s) 6
Paused at 229:54
Paused at 193:13
Paused at 192:17
	Hit Breakpoint(s) 6
Paused at 186:29
Paused at 192:17
	Hit Breakpoint(s) 6
Paused at 193:13
Paused at 186:29
Paused at 187:33
Paused at 183:26
Paused at 192:17
	Hit Breakpoint(s) 6
Paused at 193:13
Paused at 186:29
Paused at 192:17
	Hit Breakpoint(s) 6
Paused at 229:54
Paused at 229:79
Paused at 193:13
Paused at 192:17
	Hit Breakpoint(s) 6
Paused at 229:54
Paused at 229:114
Paused at 229:126
Paused at 192:17
	Hit Breakpoint(s) 6
Paused at 229:54
Paused at 192:17
	Hit Breakpoint(s) 6
Paused at 193:13
Paused at 186:29
Paused at 187:33
Paused at 192:17
	Hit Breakpoint(s) 6
