53 -> 60
14 -> 27
65 -> 65
20 -> 27
89 -> 90
17 -> 27
82 -> 85
19 -> 27
41 -> 41
6 -> 27
37 -> 37
59 -> 60
90 -> 90
56 -> 60
7 -> 27
27 -> 27
83 -> 85
50 -> 51
61 -> 61
103 -> 103
43 -> 44
8 -> 27
88 -> 88
12 -> 27
38 -> 44
92 -> 94
79 -> 80
95 -> 96
60 -> 60
70 -> 70
99 -> 99
33 -> 44
62 -> 63
5 -> 27
18 -> 27
94 -> 94
87 -> 88
78 -> 80
100 -> 101
76 -> 76
29 -> 31
71 -> 71
35 -> 36
75 -> 75
39 -> 41
48 -> 51
24 -> 27
84 -> 85
21 -> 27
66 -> 67
28 -> 44
46 -> 51
40 -> 41
11 -> 27
52 -> 85
98 -> 99
104 -> 104
105 -> 105
34 -> 36
85 -> 85
54 -> 60
80 -> 80
10 -> 27
69 -> 69
96 -> 96
9 -> 27
3 -> 27
86 -> 99
25 -> 27
22 -> 27
51 -> 51
81 -> 81
72 -> 73
23 -> 27
74 -> 74
15 -> 27
55 -> 60
57 -> 60
26 -> 27
31 -> 31
45 -> 51
73 -> 73
2 -> 27
63 -> 63
91 -> 91
93 -> 94
13 -> 27
101 -> 101
36 -> 36
44 -> 44
58 -> 60
1 -> 27
67 -> 67
68 -> 68
49 -> 51
77 -> 80
16 -> 27
42 -> 42
47 -> 51
64 -> 64
30 -> 31
32 -> 32
4 -> 27
0 -> 27
106 -> 27
102 -> 103
97 -> 97
