99 -> 99
40 -> 41
9 -> 27
60 -> 60
103 -> 103
29 -> 31
6 -> 27
57 -> 60
65 -> 65
68 -> 68
8 -> 27
48 -> 51
73 -> 73
82 -> 85
106 -> 27
27 -> 27
56 -> 60
53 -> 60
86 -> 99
35 -> 36
88 -> 88
78 -> 80
10 -> 27
84 -> 85
22 -> 27
17 -> 27
76 -> 76
59 -> 60
18 -> 27
104 -> 104
45 -> 51
77 -> 80
71 -> 71
4 -> 27
63 -> 63
85 -> 85
92 -> 94
41 -> 41
47 -> 51
97 -> 97
1 -> 27
11 -> 27
50 -> 51
33 -> 44
39 -> 41
31 -> 31
100 -> 101
105 -> 105
25 -> 27
46 -> 51
2 -> 27
43 -> 44
36 -> 36
91 -> 91
62 -> 63
74 -> 74
51 -> 51
16 -> 27
12 -> 27
79 -> 80
102 -> 103
13 -> 27
96 -> 96
23 -> 27
93 -> 94
55 -> 60
94 -> 94
69 -> 69
34 -> 36
61 -> 61
37 -> 37
95 -> 96
101 -> 101
42 -> 42
89 -> 90
5 -> 27
87 -> 88
83 -> 85
15 -> 27
30 -> 31
14 -> 27
67 -> 67
80 -> 80
28 -> 44
75 -> 75
24 -> 27
64 -> 64
7 -> 27
19 -> 27
70 -> 70
54 -> 60
20 -> 27
0 -> 27
44 -> 44
66 -> 67
90 -> 90
52 -> 85
21 -> 27
81 -> 81
32 -> 32
49 -> 51
38 -> 44
72 -> 73
98 -> 99
58 -> 60
26 -> 27
3 -> 27
