	Hit Breakpoint(s) 
	Call Stack:  
	Bindings: 
	Hit Breakpoint(s) 
	Call Stack: ack 
	Bindings: m: number = 3
		n: number = 3
	Hit Breakpoint(s) 
	Call Stack: ack, ack 
	Bindings: m: number = 3
		n: number = 2
	Hit Breakpoint(s) 
	Call Stack: ack, ack, ack 
	Bindings: m: number = 3
		n: number = 1
	Hit Breakpoint(s) 
	Call Stack: ack, ack, ack, ack 
	Bindings: m: number = 3
		n: number = 0
	Hit Breakpoint(s) 
	Call Stack: ack, ack, ack, ack, ack 
	Bindings: m: number = 2
		n: number = 1
	Hit Breakpoint(s) 
	Call Stack: ack, ack, ack, ack, ack, ack 
	Bindings: m: number = 2
		n: number = 0
	Hit Breakpoint(s) 
	Call Stack: ack, ack, ack, ack, ack, ack, ack 
	Bindings: m: number = 1
		n: number = 1
	Hit Breakpoint(s) 
	Call Stack: ack, ack, ack, ack, ack, ack, ack, ack 
	Bindings: m: number = 1
		n: number = 0
	Hit Breakpoint(s) 
	Call Stack: ack, ack, ack, ack, ack, ack, ack, ack, ack 
	Bindings: m: number = 0
		n: number = 1
	Hit Breakpoint(s) 
	Call Stack: ack, ack, ack, ack, ack, ack, ack, ack 
	Bindings: m: number = 0
		n: number = 2
	Hit Breakpoint(s) 
	Call Stack: ack, ack, ack, ack, ack, ack 
	Bindings: m: number = 1
		n: number = 3
	Hit Breakpoint(s) 
	Call Stack: ack, ack, ack, ack, ack, ack, ack 
	Bindings: m: number = 1
		n: number = 2
	Hit Breakpoint(s) 
	Call Stack: ack, ack, ack, ack, ack, ack, ack, ack 
	Bindings: m: number = 1
		n: number = 1
	Hit Breakpoint(s) 
	Call Stack: ack, ack, ack, ack, ack, ack, ack, ack, ack 
	Bindings: m: number = 1
		n: number = 0
	Hit Breakpoint(s) 
	Call Stack: ack, ack, ack, ack, ack, ack, ack, ack, ack, ack 
	Bindings: m: number = 0
		n: number = 1
	Hit Breakpoint(s) 
	Call Stack: ack, ack, ack, ack, ack, ack, ack, ack, ack 
	Bindings: m: number = 0
		n: number = 2
	Hit Breakpoint(s) 
	Call Stack: ack, ack, ack, ack, ack, ack, ack, ack 
	Bindings: m: number = 0
		n: number = 3
	Hit Breakpoint(s) 
	Call Stack: ack, ack, ack, ack, ack, ack, ack 
	Bindings: m: number = 0
		n: number = 4
	Hit Breakpoint(s) 
	Call Stack: ack, ack, ack, ack 
	Bindings: m: number = 2
		n: number = 5
	Hit Breakpoint(s) 
	Call Stack: ack, ack, ack, ack, ack 
	Bindings: m: number = 2
		n: number = 4
	Hit Breakpoint(s) 
	Call Stack: ack, ack, ack, ack, ack, ack 
	Bindings: m: number = 2
		n: number = 3
	Hit Breakpoint(s) 
	Call Stack: ack, ack, ack, ack, ack, ack, ack 
	Bindings: m: number = 2
		n: number = 2
	Hit Breakpoint(s) 
	Call Stack: ack, ack, ack, ack, ack, ack, ack, ack 
	Bindings: m: number = 2
		n: number = 1
	Hit Breakpoint(s) 
	Call Stack: ack, ack, ack, ack, ack, ack, ack, ack, ack 
	Bindings: m: number = 2
		n: number = 0
	Hit Breakpoint(s) 
	Call Stack: ack, ack, ack, ack, ack, ack, ack, ack, ack, ack 
	Bindings: m: number = 1
		n: number = 1
	Hit Breakpoint(s) 
	Call Stack: ack, ack, ack, ack, ack, ack, ack, ack, ack, ack, ack 
	Bindings: m: number = 1
		n: number = 0
	Hit Breakpoint(s) 
	Call Stack: ack, ack, ack, ack, ack, ack, ack, ack, ack, ack, ack, ack 
	Bindings: m: number = 0
		n: number = 1
	Hit Breakpoint(s) 
	Call Stack: ack, ack, ack, ack, ack, ack, ack, ack, ack, ack, ack 
	Bindings: m: number = 0
		n: number = 2
	Hit Breakpoint(s) 
	Call Stack: ack, ack, ack, ack, ack, ack, ack, ack, ack 
	Bindings: m: number = 1
		n: number = 3
	Hit Breakpoint(s) 
	Call Stack: ack, ack, ack, ack, ack, ack, ack, ack, ack, ack 
	Bindings: m: number = 1
		n: number = 2
	Hit Breakpoint(s) 
	Call Stack: ack, ack, ack, ack, ack, ack, ack, ack, ack, ack, ack 
	Bindings: m: number = 1
		n: number = 1
	Hit Breakpoint(s) 
	Call Stack: ack, ack, ack, ack, ack, ack, ack, ack, ack, ack, ack, ack 
	Bindings: m: number = 1
		n: number = 0
	Hit Breakpoint(s) 
	Call Stack: ack, ack, ack, ack, ack, ack, ack, ack, ack, ack, ack, ack, ack 
	Bindings: m: number = 0
		n: number = 1
	Hit Breakpoint(s) 
	Call Stack: ack, ack, ack, ack, ack, ack, ack, ack, ack, ack, ack, ack 
	Bindings: m: number = 0
		n: number = 2
	Hit Breakpoint(s) 
	Call Stack: ack, ack, ack, ack, ack, ack, ack, ack, ack, ack, ack 
	Bindings: m: number = 0
		n: number = 3
	Hit Breakpoint(s) 
	Call Stack: ack, ack, ack, ack, ack, ack, ack, ack, ack, ack 
	Bindings: m: number = 0
		n: number = 4
	Hit Breakpoint(s) 
	Call Stack: ack, ack, ack, ack, ack, ack, ack, ack 
	Bindings: m: number = 1
		n: number = 5
	Hit Breakpoint(s) 
	Call Stack: ack, ack, ack, ack, ack, ack, ack, ack, ack 
	Bindings: m: number = 1
		n: number = 4
	Hit Breakpoint(s) 
	Call Stack: ack, ack, ack, ack, ack, ack, ack, ack, ack, ack 
	Bindings: m: number = 1
		n: number = 3
	Hit Breakpoint(s) 
	Call Stack: ack, ack, ack, ack, ack, ack, ack, ack, ack, ack, ack 
	Bindings: m: number = 1
		n: number = 2
	Hit Breakpoint(s) 
	Call Stack: ack, ack, ack, ack, ack, ack, ack, ack, ack, ack, ack, ack 
	Bindings: m: number = 1
		n: number = 1
	Hit Breakpoint(s) 
	Call Stack: ack, ack, ack, ack, ack, ack, ack, ack, ack, ack, ack, ack, ack 
	Bindings: m: number = 1
		n: number = 0
	Hit Breakpoint(s) 
	Call Stack: ack, ack, ack, ack, ack, ack, ack, ack, ack, ack, ack, ack, ack, ack 
	Bindings: m: number = 0
		n: number = 1
	Hit Breakpoint(s) 
	Call Stack: ack, ack, ack, ack, ack, ack, ack, ack, ack, ack, ack, ack, ack 
	Bindings: m: number = 0
		n: number = 2
	Hit Breakpoint(s) 
	Call Stack: ack, ack, ack, ack, ack, ack, ack, ack, ack, ack, ack, ack 
	Bindings: m: number = 0
		n: number = 3
	Hit Breakpoint(s) 
	Call Stack: ack, ack, ack, ack, ack, ack, ack, ack, ack, ack, ack 
	Bindings: m: number = 0
		n: number = 4
	Hit Breakpoint(s) 
	Call Stack: ack, ack, ack, ack, ack, ack, ack, ack, ack, ack 
	Bindings: m: number = 0
		n: number = 5
	Hit Breakpoint(s) 
	Call Stack: ack, ack, ack, ack, ack, ack, ack, ack, ack 
	Bindings: m: number = 0
		n: number = 6
	Hit Breakpoint(s) 
	Call Stack: ack, ack, ack, ack, ack, ack, ack 
	Bindings: m: number = 1
		n: number = 7
	Hit Breakpoint(s) 
	Call Stack: ack, ack, ack, ack, ack, ack, ack, ack 
	Bindings: m: number = 1
		n: number = 6
	Hit Breakpoint(s) 
	Call Stack: ack, ack, ack, ack, ack, ack, ack, ack, ack 
	Bindings: m: number = 1
		n: number = 5
	Hit Breakpoint(s) 
	Call Stack: ack, ack, ack, ack, ack, ack, ack, ack, ack, ack 
	Bindings: m: number = 1
		n: number = 4
	Hit Breakpoint(s) 
	Call Stack: ack, ack, ack, ack, ack, ack, ack, ack, ack, ack, ack 
	Bindings: m: number = 1
		n: number = 3
	Hit Breakpoint(s) 
	Call Stack: ack, ack, ack, ack, ack, ack, ack, ack, ack, ack, ack, ack 
	Bindings: m: number = 1
		n: number = 2
	Hit Breakpoint(s) 
	Call Stack: ack, ack, ack, ack, ack, ack, ack, ack, ack, ack, ack, ack, ack 
	Bindings: m: number = 1
		n: number = 1
	Hit Breakpoint(s) 
	Call Stack: ack, ack, ack, ack, ack, ack, ack, ack, ack, ack, ack, ack, ack, ack 
	Bindings: m: number = 1
		n: number = 0
	Hit Breakpoint(s) 
	Call Stack: ack, ack, ack, ack, ack, ack, ack, ack, ack, ack, ack, ack, ack, ack, ack 
	Bindings: m: number = 0
		n: number = 1
	Hit Breakpoint(s) 
	Call Stack: ack, ack, ack, ack, ack, ack, ack, ack, ack, ack, ack, ack, ack, ack 
	Bindings: m: number = 0
		n: number = 2
	Hit Breakpoint(s) 
	Call Stack: ack, ack, ack, ack, ack, ack, ack, ack, ack, ack, ack, ack, ack 
	Bindings: m: number = 0
		n: number = 3
	Hit Breakpoint(s) 
	Call Stack: ack, ack, ack, ack, ack, ack, ack, ack, ack, ack, ack, ack 
	Bindings: m: number = 0
		n: number = 4
	Hit Breakpoint(s) 
	Call Stack: ack, ack, ack, ack, ack, ack, ack, ack, ack, ack, ack 
	Bindings: m: number = 0
		n: number = 5
	Hit Breakpoint(s) 
	Call Stack: ack, ack, ack, ack, ack, ack, ack, ack, ack, ack 
	Bindings: m: number = 0
		n: number = 6
	Hit Breakpoint(s) 
	Call Stack: ack, ack, ack, ack, ack, ack, ack, ack, ack 
	Bindings: m: number = 0
		n: number = 7
	Hit Breakpoint(s) 
	Call Stack: ack, ack, ack, ack, ack, ack, ack, ack 
	Bindings: m: number = 0
		n: number = 8
	Hit Breakpoint(s) 
	Call Stack: ack, ack, ack, ack, ack, ack 
	Bindings: m: number = 1
		n: number = 9
	Hit Breakpoint(s) 
	Call Stack: ack, ack, ack, ack, ack, ack, ack 
	Bindings: m: number = 1
		n: number = 8
	Hit Breakpoint(s) 
	Call Stack: ack, ack, ack, ack, ack, ack, ack, ack 
	Bindings: m: number = 1
		n: number = 7
	Hit Breakpoint(s) 
	Call Stack: ack, ack, ack, ack, ack, ack, ack, ack, ack 
	Bindings: m: number = 1
		n: number = 6
	Hit Breakpoint(s) 
	Call Stack: ack, ack, ack, ack, ack, ack, ack, ack, ack, ack 
	Bindings: m: number = 1
		n: number = 5
	Hit Breakpoint(s) 
	Call Stack: ack, ack, ack, ack, ack, ack, ack, ack, ack, ack, ack 
	Bindings: m: number = 1
		n: number = 4
	Hit Breakpoint(s) 
	Call Stack: ack, ack, ack, ack, ack, ack, ack, ack, ack, ack, ack, ack 
	Bindings: m: number = 1
		n: number = 3
	Hit Breakpoint(s) 
	Call Stack: ack, ack, ack, ack, ack, ack, ack, ack, ack, ack, ack, ack, ack 
	Bindings: m: number = 1
		n: number = 2
	Hit Breakpoint(s) 
	Call Stack: ack, ack, ack, ack, ack, ack, ack, ack, ack, ack, ack, ack, ack, ack 
	Bindings: m: number = 1
		n: number = 1
	Hit Breakpoint(s) 
	Call Stack: ack, ack, ack, ack, ack, ack, ack, ack, ack, ack, ack, ack, ack, ack, ack 
	Bindings: m: number = 1
		n: number = 0
	Hit Breakpoint(s) 
	Call Stack: ack, ack, ack, ack, ack, ack, ack, ack, ack, ack, ack, ack, ack, ack, ack, ack 
	Bindings: m: number = 0
		n: number = 1
	Hit Breakpoint(s) 
	Call Stack: ack, ack, ack, ack, ack, ack, ack, ack, ack, ack, ack, ack, ack, ack, ack 
	Bindings: m: number = 0
		n: number = 2
	Hit Breakpoint(s) 
	Call Stack: ack, ack, ack, ack, ack, ack, ack, ack, ack, ack, ack, ack, ack, ack 
	Bindings: m: number = 0
		n: number = 3
	Hit Breakpoint(s) 
	Call Stack: ack, ack, ack, ack, ack, ack, ack, ack, ack, ack, ack, ack, ack 
	Bindings: m: number = 0
		n: number = 4
	Hit Breakpoint(s) 
	Call Stack: ack, ack, ack, ack, ack, ack, ack, ack, ack, ack, ack, ack 
	Bindings: m: number = 0
		n: number = 5
	Hit Breakpoint(s) 
	Call Stack: ack, ack, ack, ack, ack, ack, ack, ack, ack, ack, ack 
	Bindings: m: number = 0
		n: number = 6
	Hit Breakpoint(s) 
	Call Stack: ack, ack, ack, ack, ack, ack, ack, ack, ack, ack 
	Bindings: m: number = 0
		n: number = 7
	Hit Breakpoint(s) 
	Call Stack: ack, ack, ack, ack, ack, ack, ack, ack, ack 
	Bindings: m: number = 0
		n: number = 8
	Hit Breakpoint(s) 
	Call Stack: ack, ack, ack, ack, ack, ack, ack, ack 
	Bindings: m: number = 0
		n: number = 9
	Hit Breakpoint(s) 
	Call Stack: ack, ack, ack, ack, ack, ack, ack 
	Bindings: m: number = 0
		n: number = 10
	Hit Breakpoint(s) 
	Call Stack: ack, ack, ack, ack, ack 
	Bindings: m: number = 1
		n: number = 11
	Hit Breakpoint(s) 
	Call Stack: ack, ack, ack, ack, ack, ack 
	Bindings: m: number = 1
		n: number = 10
	Hit Breakpoint(s) 
	Call Stack: ack, ack, ack, ack, ack, ack, ack 
	Bindings: m: number = 1
		n: number = 9
	Hit Breakpoint(s) 
	Call Stack: ack, ack, ack, ack, ack, ack, ack, ack 
	Bindings: m: number = 1
		n: number = 8
	Hit Breakpoint(s) 
	Call Stack: ack, ack, ack, ack, ack, ack, ack, ack, ack 
	Bindings: m: number = 1
		n: number = 7
	Hit Breakpoint(s) 
	Call Stack: ack, ack, ack, ack, ack, ack, ack, ack, ack, ack 
	Bindings: m: number = 1
		n: number = 6
	Hit Breakpoint(s) 
	Call Stack: ack, ack, ack, ack, ack, ack, ack, ack, ack, ack, ack 
	Bindings: m: number = 1
		n: number = 5
	Hit Breakpoint(s) 
	Call Stack: ack, ack, ack, ack, ack, ack, ack, ack, ack, ack, ack, ack 
	Bindings: m: number = 1
		n: number = 4
	Hit Breakpoint(s) 
	Call Stack: ack, ack, ack, ack, ack, ack, ack, ack, ack, ack, ack, ack, ack 
	Bindings: m: number = 1
		n: number = 3
	Hit Breakpoint(s) 
	Call Stack: ack, ack, ack, ack, ack, ack, ack, ack, ack, ack, ack, ack, ack, ack 
	Bindings: m: number = 1
		n: number = 2
	Hit Breakpoint(s) 
	Call Stack: ack, ack, ack, ack, ack, ack, ack, ack, ack, ack, ack, ack, ack, ack, ack 
	Bindings: m: number = 1
		n: number = 1
	Hit Breakpoint(s) 
	Call Stack: ack, ack, ack, ack, ack, ack, ack, ack, ack, ack, ack, ack, ack, ack, ack, ack 
	Bindings: m: number = 1
		n: number = 0
	Hit Breakpoint(s) 
	Call Stack: ack, ack, ack, ack, ack, ack, ack, ack, ack, ack, ack, ack, ack, ack, ack, ack, ack 
	Bindings: m: number = 0
		n: number = 1
	Hit Breakpoint(s) 
	Call Stack: ack, ack, ack, ack, ack, ack, ack, ack, ack, ack, ack, ack, ack, ack, ack, ack 
	Bindings: m: number = 0
		n: number = 2
	Hit Breakpoint(s) 
	Call Stack: ack, ack, ack, ack, ack, ack, ack, ack, ack, ack, ack, ack, ack, ack, ack 
	Bindings: m: number = 0
		n: number = 3
	Hit Breakpoint(s) 
	Call Stack: ack, ack, ack, ack, ack, ack, ack, ack, ack, ack, ack, ack, ack, ack 
	Bindings: m: number = 0
		n: number = 4
