	Hit Breakpoint(s) 
	Call Stack:  
	Bindings: 
	Hit Breakpoint(s) 
	Call Stack:  
	Bindings: m: object
		s: object
	Hit Breakpoint(s) 
	Call Stack: walk, s.parseJSON 
	Bindings: filter: function
		i: undefined
		j: array
		k: string = 
		m: object
		n: undefined
		s: object
		v: array
		walk: function
	Hit Breakpoint(s) 
	Call Stack: walk, walk, s.parseJSON 
	Bindings: filter: function
		i: undefined
		j: array
		k: string = 
		m: object
		n: undefined
		s: object
		v: object
		walk: function
	Hit Breakpoint(s) 
	Call Stack: walk, walk, walk, s.parseJSON 
	Bindings: filter: function
		i: undefined
		j: array
		k: string = 
		m: object
		n: undefined
		s: object
		v: string = 
		walk: function
	Hit Breakpoint(s) 
	Call Stack: walk, walk, s.parseJSON 
	Bindings: filter: function
		i: string = 
		j: array
		k: string = 
		m: object
		n: string = 
		s: object
		v: object
		walk: function
	Hit Breakpoint(s) 
	Call Stack: walk, walk, walk, s.parseJSON 
	Bindings: filter: function
		i: undefined
		j: array
		k: string = 
		m: object
		n: undefined
		s: object
		v: number = 4294967296
		walk: function
	Hit Breakpoint(s) 
	Call Stack: walk, walk, s.parseJSON 
	Bindings: filter: function
		i: string = 
		j: array
		k: string = 
		m: object
		n: number = 32
		s: object
		v: object
		walk: function
	Hit Breakpoint(s) 
	Call Stack: walk, walk, s.parseJSON 
	Bindings: filter: function
		i: string = 
		j: array
		k: string = 
		m: object
		n: number = 32
		s: object
		v: object
		walk: function
	Hit Breakpoint(s) 
	Call Stack: walk, walk, s.parseJSON 
	Bindings: filter: function
		i: string = 
		j: array
		k: string = 
		m: object
		n: number = 32
		s: object
		v: object
		walk: function
	Hit Breakpoint(s) 
	Call Stack: walk, s.parseJSON 
	Bindings: filter: function
		i: string = 
		j: array
		k: string = 
		m: object
		n: object
		s: object
		v: array
		walk: function
	Hit Breakpoint(s) 
	Call Stack: walk, walk, s.parseJSON 
	Bindings: filter: function
		i: undefined
		j: array
		k: string = 
		m: object
		n: undefined
		s: object
		v: object
		walk: function
	Hit Breakpoint(s) 
	Call Stack: walk, walk, walk, s.parseJSON 
	Bindings: filter: function
		i: undefined
		j: array
		k: string = 
		m: object
		n: undefined
		s: object
		v: string = 
		walk: function
	Hit Breakpoint(s) 
	Call Stack: walk, walk, s.parseJSON 
	Bindings: filter: function
		i: string = 
		j: array
		k: string = 
		m: object
		n: string = 
		s: object
		v: object
		walk: function
	Hit Breakpoint(s) 
	Call Stack: walk, walk, walk, s.parseJSON 
	Bindings: filter: function
		i: undefined
		j: array
		k: string = 
		m: object
		n: undefined
		s: object
		v: number = 1257718401
		walk: function
	Hit Breakpoint(s) 
	Call Stack: walk, walk, s.parseJSON 
	Bindings: filter: function
		i: string = 
		j: array
		k: string = 
		m: object
		n: number = 30.228161797699705
		s: object
		v: object
		walk: function
	Hit Breakpoint(s) 
	Call Stack: walk, walk, s.parseJSON 
	Bindings: filter: function
		i: string = 
		j: array
		k: string = 
		m: object
		n: number = 30.228161797699705
		s: object
		v: object
		walk: function
	Hit Breakpoint(s) 
	Call Stack: walk, walk, s.parseJSON 
	Bindings: filter: function
		i: string = 
		j: array
		k: string = 
		m: object
		n: number = 30.228161797699705
		s: object
		v: object
		walk: function
	Hit Breakpoint(s) 
	Call Stack: walk, s.parseJSON 
	Bindings: filter: function
		i: string = 
		j: array
		k: string = 
		m: object
		n: object
		s: object
		v: array
		walk: function
	Hit Breakpoint(s) 
	Call Stack: walk, walk, s.parseJSON 
	Bindings: filter: function
		i: undefined
		j: array
		k: string = 
		m: object
		n: undefined
		s: object
		v: object
		walk: function
	Hit Breakpoint(s) 
	Call Stack: walk, walk, walk, s.parseJSON 
	Bindings: filter: function
		i: undefined
		j: array
		k: string = 
		m: object
		n: undefined
		s: object
		v: string = 
		walk: function
	Hit Breakpoint(s) 
	Call Stack: walk, walk, s.parseJSON 
	Bindings: filter: function
		i: string = 
		j: array
		k: string = 
		m: object
		n: string = 
		s: object
		v: object
		walk: function
	Hit Breakpoint(s) 
	Call Stack: walk, walk, walk, s.parseJSON 
	Bindings: filter: function
		i: undefined
		j: array
		k: string = 
		m: object
		n: undefined
		s: object
		v: number = 613166183
		walk: function
	Hit Breakpoint(s) 
	Call Stack: walk, walk, s.parseJSON 
	Bindings: filter: function
		i: string = 
		j: array
		k: string = 
		m: object
		n: number = 29.19170289157581
		s: object
		v: object
		walk: function
	Hit Breakpoint(s) 
	Call Stack: walk, walk, s.parseJSON 
	Bindings: filter: function
		i: string = 
		j: array
		k: string = 
		m: object
		n: number = 29.19170289157581
		s: object
		v: object
		walk: function
	Hit Breakpoint(s) 
	Call Stack: walk, walk, s.parseJSON 
	Bindings: filter: function
		i: string = 
		j: array
		k: string = 
		m: object
		n: number = 29.19170289157581
		s: object
		v: object
		walk: function
	Hit Breakpoint(s) 
	Call Stack: walk, s.parseJSON 
	Bindings: filter: function
		i: string = 
		j: array
		k: string = 
		m: object
		n: object
		s: object
		v: array
		walk: function
	Hit Breakpoint(s) 
	Call Stack: walk, walk, s.parseJSON 
	Bindings: filter: function
		i: undefined
		j: array
		k: string = 
		m: object
		n: undefined
		s: object
		v: object
		walk: function
	Hit Breakpoint(s) 
	Call Stack: walk, walk, walk, s.parseJSON 
	Bindings: filter: function
		i: undefined
		j: array
		k: string = 
		m: object
		n: undefined
		s: object
		v: string = 
		walk: function
	Hit Breakpoint(s) 
	Call Stack: walk, walk, s.parseJSON 
	Bindings: filter: function
		i: string = 
		j: array
		k: string = 
		m: object
		n: string = 
		s: object
		v: object
		walk: function
	Hit Breakpoint(s) 
	Call Stack: walk, walk, walk, s.parseJSON 
	Bindings: filter: function
		i: undefined
		j: array
		k: string = 
		m: object
		n: undefined
		s: object
		v: number = 368304452
		walk: function
	Hit Breakpoint(s) 
	Call Stack: walk, walk, s.parseJSON 
	Bindings: filter: function
		i: string = 
		j: array
		k: string = 
		m: object
		n: number = 28.456323595488065
		s: object
		v: object
		walk: function
	Hit Breakpoint(s) 
	Call Stack: walk, walk, s.parseJSON 
	Bindings: filter: function
		i: string = 
		j: array
		k: string = 
		m: object
		n: number = 28.456323595488065
		s: object
		v: object
		walk: function
	Hit Breakpoint(s) 
	Call Stack: walk, walk, s.parseJSON 
	Bindings: filter: function
		i: string = 
		j: array
		k: string = 
		m: object
		n: number = 28.456323595488065
		s: object
		v: object
		walk: function
	Hit Breakpoint(s) 
	Call Stack: walk, s.parseJSON 
	Bindings: filter: function
		i: string = 
		j: array
		k: string = 
		m: object
		n: object
		s: object
		v: array
		walk: function
	Hit Breakpoint(s) 
	Call Stack: walk, walk, s.parseJSON 
	Bindings: filter: function
		i: undefined
		j: array
		k: string = 
		m: object
		n: undefined
		s: object
		v: object
		walk: function
	Hit Breakpoint(s) 
	Call Stack: walk, walk, walk, s.parseJSON 
	Bindings: filter: function
		i: undefined
		j: array
		k: string = 
		m: object
		n: undefined
		s: object
		v: string = 
		walk: function
	Hit Breakpoint(s) 
	Call Stack: walk, walk, s.parseJSON 
	Bindings: filter: function
		i: string = 
		j: array
		k: string = 
		m: object
		n: string = 
		s: object
		v: object
		walk: function
	Hit Breakpoint(s) 
	Call Stack: walk, walk, walk, s.parseJSON 
	Bindings: filter: function
		i: undefined
		j: array
		k: string = 
		m: object
		n: undefined
		s: object
		v: number = 248026512
		walk: function
	Hit Breakpoint(s) 
	Call Stack: walk, walk, s.parseJSON 
	Bindings: filter: function
		i: string = 
		j: array
		k: string = 
		m: object
		n: number = 27.885919100221585
		s: object
		v: object
		walk: function
	Hit Breakpoint(s) 
	Call Stack: walk, walk, s.parseJSON 
	Bindings: filter: function
		i: string = 
		j: array
		k: string = 
		m: object
		n: number = 27.885919100221585
		s: object
		v: object
		walk: function
	Hit Breakpoint(s) 
	Call Stack: walk, walk, s.parseJSON 
	Bindings: filter: function
		i: string = 
		j: array
		k: string = 
		m: object
		n: number = 27.885919100221585
		s: object
		v: object
		walk: function
	Hit Breakpoint(s) 
	Call Stack: walk, s.parseJSON 
	Bindings: filter: function
		i: string = 
		j: array
		k: string = 
		m: object
		n: object
		s: object
		v: array
		walk: function
	Hit Breakpoint(s) 
	Call Stack: walk, walk, s.parseJSON 
	Bindings: filter: function
		i: undefined
		j: array
		k: string = 
		m: object
		n: undefined
		s: object
		v: object
		walk: function
	Hit Breakpoint(s) 
	Call Stack: walk, walk, walk, s.parseJSON 
	Bindings: filter: function
		i: undefined
		j: array
		k: string = 
		m: object
		n: undefined
		s: object
		v: string = 
		walk: function
	Hit Breakpoint(s) 
	Call Stack: walk, walk, s.parseJSON 
	Bindings: filter: function
		i: string = 
		j: array
		k: string = 
		m: object
		n: string = 
		s: object
		v: object
		walk: function
	Hit Breakpoint(s) 
	Call Stack: walk, walk, walk, s.parseJSON 
	Bindings: filter: function
		i: undefined
		j: array
		k: string = 
		m: object
		n: undefined
		s: object
		v: number = 179556755
		walk: function
	Hit Breakpoint(s) 
	Call Stack: walk, walk, s.parseJSON 
	Bindings: filter: function
		i: string = 
		j: array
		k: string = 
		m: object
		n: number = 27.419864687911474
		s: object
		v: object
		walk: function
	Hit Breakpoint(s) 
	Call Stack: walk, walk, s.parseJSON 
	Bindings: filter: function
		i: string = 
		j: array
		k: string = 
		m: object
		n: number = 27.419864687911474
		s: object
		v: object
		walk: function
	Hit Breakpoint(s) 
	Call Stack: walk, walk, s.parseJSON 
	Bindings: filter: function
		i: string = 
		j: array
		k: string = 
		m: object
		n: number = 27.419864687911474
		s: object
		v: object
		walk: function
	Hit Breakpoint(s) 
	Call Stack: walk, s.parseJSON 
	Bindings: filter: function
		i: string = 
		j: array
		k: string = 
		m: object
		n: object
		s: object
		v: array
		walk: function
	Hit Breakpoint(s) 
	Call Stack: walk, walk, s.parseJSON 
	Bindings: filter: function
		i: undefined
		j: array
		k: string = 
		m: object
		n: undefined
		s: object
		v: object
		walk: function
	Hit Breakpoint(s) 
	Call Stack: walk, walk, walk, s.parseJSON 
	Bindings: filter: function
		i: undefined
		j: array
		k: string = 
		m: object
		n: undefined
		s: object
		v: string = 
		walk: function
	Hit Breakpoint(s) 
	Call Stack: walk, walk, s.parseJSON 
	Bindings: filter: function
		i: string = 
		j: array
		k: string = 
		m: object
		n: string = 
		s: object
		v: object
		walk: function
	Hit Breakpoint(s) 
	Call Stack: walk, walk, walk, s.parseJSON 
	Bindings: filter: function
		i: undefined
		j: array
		k: string = 
		m: object
		n: undefined
		s: object
		v: number = 136641578
		walk: function
	Hit Breakpoint(s) 
	Call Stack: walk, walk, s.parseJSON 
	Bindings: filter: function
		i: string = 
		j: array
		k: string = 
		m: object
		n: number = 27.025821300174254
		s: object
		v: object
		walk: function
	Hit Breakpoint(s) 
	Call Stack: walk, walk, s.parseJSON 
	Bindings: filter: function
		i: string = 
		j: array
		k: string = 
		m: object
		n: number = 27.025821300174254
		s: object
		v: object
		walk: function
	Hit Breakpoint(s) 
	Call Stack: walk, walk, s.parseJSON 
	Bindings: filter: function
		i: string = 
		j: array
		k: string = 
		m: object
		n: number = 27.025821300174254
		s: object
		v: object
		walk: function
	Hit Breakpoint(s) 
	Call Stack: walk, s.parseJSON 
	Bindings: filter: function
		i: string = 
		j: array
		k: string = 
		m: object
		n: object
		s: object
		v: array
		walk: function
	Hit Breakpoint(s) 
	Call Stack: walk, walk, s.parseJSON 
	Bindings: filter: function
		i: undefined
		j: array
		k: string = 
		m: object
		n: undefined
		s: object
		v: object
		walk: function
	Hit Breakpoint(s) 
	Call Stack: walk, walk, walk, s.parseJSON 
	Bindings: filter: function
		i: undefined
		j: array
		k: string = 
		m: object
		n: undefined
		s: object
		v: string = 
		walk: function
	Hit Breakpoint(s) 
	Call Stack: walk, walk, s.parseJSON 
	Bindings: filter: function
		i: string = 
		j: array
		k: string = 
		m: object
		n: string = 
		s: object
		v: object
		walk: function
	Hit Breakpoint(s) 
	Call Stack: walk, walk, walk, s.parseJSON 
	Bindings: filter: function
		i: undefined
		j: array
		k: string = 
		m: object
		n: undefined
		s: object
		v: number = 107852576
		walk: function
	Hit Breakpoint(s) 
	Call Stack: walk, walk, s.parseJSON 
	Bindings: filter: function
		i: string = 
		j: array
		k: string = 
		m: object
		n: number = 26.68448539399359
		s: object
		v: object
		walk: function
	Hit Breakpoint(s) 
	Call Stack: walk, walk, s.parseJSON 
	Bindings: filter: function
		i: string = 
		j: array
		k: string = 
		m: object
		n: number = 26.68448539399359
		s: object
		v: object
		walk: function
	Hit Breakpoint(s) 
	Call Stack: walk, walk, s.parseJSON 
	Bindings: filter: function
		i: string = 
		j: array
		k: string = 
		m: object
		n: number = 26.68448539399359
		s: object
		v: object
		walk: function
	Hit Breakpoint(s) 
	Call Stack: walk, s.parseJSON 
	Bindings: filter: function
		i: string = 
		j: array
		k: string = 
		m: object
		n: object
		s: object
		v: array
		walk: function
	Hit Breakpoint(s) 
	Call Stack: walk, walk, s.parseJSON 
	Bindings: filter: function
		i: undefined
		j: array
		k: string = 
		m: object
		n: undefined
		s: object
		v: object
		walk: function
	Hit Breakpoint(s) 
	Call Stack: walk, walk, walk, s.parseJSON 
	Bindings: filter: function
		i: undefined
		j: array
		k: string = 
		m: object
		n: undefined
		s: object
		v: string = 
		walk: function
	Hit Breakpoint(s) 
	Call Stack: walk, walk, s.parseJSON 
	Bindings: filter: function
		i: string = 
		j: array
		k: string = 
		m: object
		n: string = 
		s: object
		v: object
		walk: function
	Hit Breakpoint(s) 
	Call Stack: walk, walk, walk, s.parseJSON 
	Bindings: filter: function
		i: undefined
		j: array
		k: string = 
		m: object
		n: undefined
		s: object
		v: number = 87537981
		walk: function
	Hit Breakpoint(s) 
	Call Stack: walk, walk, s.parseJSON 
	Bindings: filter: function
		i: string = 
		j: array
		k: string = 
		m: object
		n: number = 26.383405773858158
		s: object
		v: object
		walk: function
	Hit Breakpoint(s) 
	Call Stack: walk, walk, s.parseJSON 
	Bindings: filter: function
		i: string = 
		j: array
		k: string = 
		m: object
		n: number = 26.383405773858158
		s: object
		v: object
		walk: function
	Hit Breakpoint(s) 
	Call Stack: walk, walk, s.parseJSON 
	Bindings: filter: function
		i: string = 
		j: array
		k: string = 
		m: object
		n: number = 26.383405773858158
		s: object
		v: object
		walk: function
	Hit Breakpoint(s) 
	Call Stack: walk, s.parseJSON 
	Bindings: filter: function
		i: string = 
		j: array
		k: string = 
		m: object
		n: object
		s: object
		v: array
		walk: function
	Hit Breakpoint(s) 
	Call Stack: walk, walk, s.parseJSON 
	Bindings: filter: function
		i: undefined
		j: array
		k: string = 
		m: object
		n: undefined
		s: object
		v: object
		walk: function
	Hit Breakpoint(s) 
	Call Stack: walk, walk, walk, s.parseJSON 
	Bindings: filter: function
		i: undefined
		j: array
		k: string = 
		m: object
		n: undefined
		s: object
		v: string = 
		walk: function
	Hit Breakpoint(s) 
	Call Stack: walk, walk, s.parseJSON 
	Bindings: filter: function
		i: string = 
		j: array
		k: string = 
		m: object
		n: string = 
		s: object
		v: object
		walk: function
	Hit Breakpoint(s) 
	Call Stack: walk, walk, walk, s.parseJSON 
	Bindings: filter: function
		i: undefined
		j: array
		k: string = 
		m: object
		n: undefined
		s: object
		v: number = 72630939
		walk: function
	Hit Breakpoint(s) 
	Call Stack: walk, walk, s.parseJSON 
	Bindings: filter: function
		i: string = 
		j: array
		k: string = 
		m: object
		n: number = 26.114080896092293
		s: object
		v: object
		walk: function
	Hit Breakpoint(s) 
	Call Stack: walk, walk, s.parseJSON 
	Bindings: filter: function
		i: string = 
		j: array
		k: string = 
		m: object
		n: number = 26.114080896092293
		s: object
		v: object
		walk: function
	Hit Breakpoint(s) 
	Call Stack: walk, walk, s.parseJSON 
	Bindings: filter: function
		i: string = 
		j: array
		k: string = 
		m: object
		n: number = 26.114080896092293
		s: object
		v: object
		walk: function
	Hit Breakpoint(s) 
	Call Stack: walk, s.parseJSON 
	Bindings: filter: function
		i: string = 
		j: array
		k: string = 
		m: object
		n: object
		s: object
		v: array
		walk: function
	Hit Breakpoint(s) 
	Call Stack: walk, walk, s.parseJSON 
	Bindings: filter: function
		i: undefined
		j: array
		k: string = 
		m: object
		n: undefined
		s: object
		v: object
		walk: function
	Hit Breakpoint(s) 
	Call Stack: walk, walk, walk, s.parseJSON 
	Bindings: filter: function
		i: undefined
		j: array
		k: string = 
		m: object
		n: undefined
		s: object
		v: string = 
		walk: function
	Hit Breakpoint(s) 
	Call Stack: walk, walk, s.parseJSON 
	Bindings: filter: function
		i: string = 
		j: array
		k: string = 
		m: object
		n: string = 
		s: object
		v: object
		walk: function
	Hit Breakpoint(s) 
	Call Stack: walk, walk, walk, s.parseJSON 
	Bindings: filter: function
		i: undefined
		j: array
		k: string = 
		m: object
		n: undefined
		s: object
		v: number = 61345190
		walk: function
	Hit Breakpoint(s) 
	Call Stack: walk, walk, s.parseJSON 
	Bindings: filter: function
		i: string = 
		j: array
		k: string = 
		m: object
		n: number = 25.87044689261165
		s: object
		v: object
		walk: function
	Hit Breakpoint(s) 
	Call Stack: walk, walk, s.parseJSON 
	Bindings: filter: function
		i: string = 
		j: array
		k: string = 
		m: object
		n: number = 25.87044689261165
		s: object
		v: object
		walk: function
	Hit Breakpoint(s) 
	Call Stack: walk, walk, s.parseJSON 
	Bindings: filter: function
		i: string = 
		j: array
		k: string = 
		m: object
		n: number = 25.87044689261165
		s: object
		v: object
		walk: function
	Hit Breakpoint(s) 
	Call Stack: walk, s.parseJSON 
	Bindings: filter: function
		i: string = 
		j: array
		k: string = 
		m: object
		n: object
		s: object
		v: array
		walk: function
	Hit Breakpoint(s) 
	Call Stack: walk, walk, s.parseJSON 
	Bindings: filter: function
		i: undefined
		j: array
		k: string = 
		m: object
		n: undefined
		s: object
		v: object
		walk: function
	Hit Breakpoint(s) 
	Call Stack: walk, walk, walk, s.parseJSON 
	Bindings: filter: function
		i: undefined
		j: array
		k: string = 
		m: object
		n: undefined
		s: object
		v: string = 
		walk: function
	Hit Breakpoint(s) 
	Call Stack: walk, walk, s.parseJSON 
	Bindings: filter: function
		i: string = 
		j: array
		k: string = 
		m: object
		n: string = 
		s: object
		v: object
		walk: function
	Hit Breakpoint(s) 
	Call Stack: walk, walk, walk, s.parseJSON 
	Bindings: filter: function
		i: undefined
		j: array
		k: string = 
		m: object
		n: undefined
		s: object
		v: number = 52580571
		walk: function
	Hit Breakpoint(s) 
	Call Stack: walk, walk, s.parseJSON 
	Bindings: filter: function
		i: string = 
		j: array
		k: string = 
		m: object
		n: number = 25.648026473234733
		s: object
		v: object
		walk: function
	Hit Breakpoint(s) 
	Call Stack: walk, walk, s.parseJSON 
	Bindings: filter: function
		i: string = 
		j: array
		k: string = 
		m: object
		n: number = 25.648026473234733
		s: object
		v: object
		walk: function
	Hit Breakpoint(s) 
	Call Stack: walk, walk, s.parseJSON 
	Bindings: filter: function
		i: string = 
		j: array
		k: string = 
		m: object
		n: number = 25.648026473234733
		s: object
		v: object
		walk: function
	Hit Breakpoint(s) 
	Call Stack: walk, s.parseJSON 
	Bindings: filter: function
		i: string = 
		j: array
		k: string = 
		m: object
		n: object
		s: object
		v: array
		walk: function
	Hit Breakpoint(s) 
	Call Stack: walk, walk, s.parseJSON 
	Bindings: filter: function
		i: undefined
		j: array
		k: string = 
		m: object
		n: undefined
		s: object
		v: object
		walk: function
	Hit Breakpoint(s) 
	Call Stack: walk, walk, walk, s.parseJSON 
	Bindings: filter: function
		i: undefined
		j: array
		k: string = 
		m: object
		n: undefined
		s: object
		v: string = 
		walk: function
