180 -> 180
146 -> 146
241 -> 241
204 -> 204
125 -> 125
136 -> 136
163 -> 163
35 -> 35
207 -> 207
62 -> 62
219 -> 219
192 -> 192
75 -> 75
70 -> 70
107 -> 107
209 -> 209
79 -> 79
154 -> 154
115 -> 115
82 -> 82
238 -> 238
127 -> 127
71 -> 71
73 -> 73
155 -> 155
194 -> 194
165 -> 165
208 -> 208
81 -> 81
49 -> 49
85 -> 85
128 -> 128
124 -> 124
63 -> 63
94 -> 94
78 -> 78
212 -> 212
33 -> 33
106 -> 106
91 -> 91
26 -> 26
29 -> 29
147 -> 147
168 -> 168
38 -> 38
130 -> 130
65 -> 65
69 -> 69
234 -> 234
188 -> 188
216 -> 216
14 -> 14
64 -> 64
116 -> 116
67 -> 67
77 -> 77
215 -> 215
48 -> 48
145 -> 145
187 -> 187
72 -> 72
57 -> 57
32 -> 32
189 -> 189
195 -> 195
88 -> 88
84 -> 84
135 -> 135
30 -> 30
23 -> 23
60 -> 60
117 -> 117
24 -> 24
235 -> 235
90 -> 90
27 -> 27
61 -> 61
203 -> 203
96 -> 96
242 -> 242
167 -> 167
92 -> 92
202 -> 202
83 -> 83
179 -> 179
206 -> 206
164 -> 164
39 -> 39
166 -> 166
178 -> 178
176 -> 176
16 -> 16
243 -> 243
144 -> 144
108 -> 108
104 -> 104
80 -> 80
177 -> 177
134 -> 134
240 -> 240
36 -> 36
175 -> 175
105 -> 105
131 -> 131
211 -> 211
89 -> 89
15 -> 15
191 -> 191
58 -> 58
