14 -> 14
23 -> 23
154 -> 154
130 -> 130
234 -> 234
60 -> 60
164 -> 164
163 -> 163
211 -> 211
38 -> 38
175 -> 175
26 -> 26
92 -> 92
187 -> 187
240 -> 240
219 -> 219
32 -> 32
216 -> 216
104 -> 104
202 -> 202
57 -> 57
191 -> 191
166 -> 166
124 -> 124
180 -> 180
48 -> 48
168 -> 168
27 -> 27
144 -> 144
179 -> 179
91 -> 91
115 -> 115
36 -> 36
177 -> 177
107 -> 107
127 -> 127
35 -> 35
204 -> 204
83 -> 83
80 -> 80
243 -> 243
62 -> 62
134 -> 134
30 -> 30
194 -> 194
77 -> 77
49 -> 49
94 -> 94
189 -> 189
96 -> 96
241 -> 241
195 -> 195
75 -> 75
88 -> 88
131 -> 131
106 -> 106
206 -> 206
15 -> 15
178 -> 178
147 -> 147
135 -> 135
128 -> 128
215 -> 215
155 -> 155
29 -> 29
167 -> 167
79 -> 79
208 -> 208
105 -> 105
212 -> 212
33 -> 33
188 -> 188
207 -> 207
70 -> 70
73 -> 73
85 -> 85
67 -> 67
117 -> 117
72 -> 72
242 -> 242
235 -> 235
90 -> 90
58 -> 58
64 -> 64
84 -> 84
61 -> 61
69 -> 69
176 -> 176
81 -> 81
116 -> 116
89 -> 89
71 -> 71
165 -> 165
24 -> 24
146 -> 146
63 -> 63
203 -> 203
136 -> 136
78 -> 78
238 -> 238
108 -> 108
39 -> 39
145 -> 145
16 -> 16
209 -> 209
192 -> 192
125 -> 125
82 -> 82
65 -> 65
