Set Breakpoint at 7
Set Breakpoint at 16
Set Breakpoint at 139
Set Breakpoint at 120
Set Breakpoint at 215
Set Breakpoint at 59
Set Breakpoint at 163
Set Breakpoint at 154
Set Breakpoint at 206
Set Breakpoint at 47
Set Breakpoint at 173
Set Breakpoint at 35
Set Breakpoint at 91
Set Breakpoint at 188
Set Breakpoint at 217
Set Breakpoint at 225
Set Breakpoint at 208
Set Breakpoint at 221
Set Breakpoint at 26
Set Breakpoint at 52
Set Breakpoint at 159
Set Breakpoint at 57
resume
resume
stepOver
stepOver
stepOut
resume
stepOver
stepOver
stepOut
resume
stepOver
resume
stepIn
stepOut
stepOut
stepOut
stepOut
stepOut
resume
resume
stepOver
resume
stepOut
stepIn
resume
stepIn
stepIn
resume
stepOut
stepOut
resume
stepOut
stepOver
stepOver
stepOver
stepIn
stepOut
stepOver
resume
stepOut
stepOver
stepOut
resume
resume
stepOver
stepOut
resume
stepOver
stepOver
stepOver
