23 -> 24
3 -> 5
68 -> 68
24 -> 63
43 -> 45
20 -> 20
69 -> 69
65 -> 66
41 -> 41
56 -> 56
61 -> 61
14 -> 14
42 -> 45
37 -> 39
62 -> 63
70 -> 70
4 -> 5
50 -> 50
8 -> 8
40 -> 40
38 -> 39
45 -> 63
6 -> 6
32 -> 32
19 -> 19
63 -> 69
15 -> 16
18 -> 18
31 -> 31
1 -> 5
60 -> 61
28 -> 28
58 -> 58
2 -> 5
9 -> 9
54 -> 54
29 -> 29
49 -> 49
16 -> 63
0 -> 5
47 -> 47
52 -> 52
5 -> 63
26 -> 26
51 -> 51
36 -> 36
66 -> 69
64 -> 64
10 -> 10
27 -> 28
35 -> 36
48 -> 48
33 -> 33
59 -> 61
30 -> 31
7 -> 7
22 -> 24
12 -> 13
44 -> 45
57 -> 57
67 -> 67
11 -> 11
13 -> 63
17 -> 18
46 -> 46
53 -> 54
34 -> 34
25 -> 25
39 -> 63
55 -> 56
21 -> 21
