5 -> 5
3 -> 5
41 -> 41
29 -> 29
44 -> 45
45 -> 63
40 -> 40
18 -> 18
59 -> 61
63 -> 69
53 -> 54
11 -> 11
24 -> 24
28 -> 28
15 -> 16
70 -> 70
23 -> 24
49 -> 49
65 -> 66
64 -> 64
12 -> 13
20 -> 20
43 -> 45
33 -> 33
26 -> 26
56 -> 56
55 -> 56
69 -> 69
13 -> 63
8 -> 8
47 -> 47
22 -> 24
27 -> 28
10 -> 10
61 -> 63
39 -> 39
52 -> 52
17 -> 18
7 -> 7
14 -> 14
32 -> 32
19 -> 19
2 -> 5
16 -> 63
1 -> 5
48 -> 48
50 -> 50
9 -> 9
51 -> 51
62 -> 63
37 -> 39
67 -> 67
46 -> 46
57 -> 57
35 -> 36
6 -> 6
58 -> 58
31 -> 31
38 -> 39
30 -> 31
34 -> 34
54 -> 63
25 -> 25
66 -> 69
68 -> 68
21 -> 21
42 -> 45
60 -> 61
0 -> 5
36 -> 63
4 -> 5
