37 -> 37
39 -> 39
40 -> 40
45 -> 45
51 -> 51
60 -> 60
67 -> 67
71 -> 71
72 -> 72
89 -> 89
94 -> 94
98 -> 98
104 -> 104
106 -> 106
112 -> 112
115 -> 115
120 -> 120
132 -> 132
135 -> 135
139 -> 139
140 -> 140
141 -> 141
145 -> 145
163 -> 163
166 -> 166
168 -> 168
169 -> 169
176 -> 176
179 -> 179
181 -> 181
182 -> 182
185 -> 185
191 -> 191
194 -> 194
198 -> 198
200 -> 200
207 -> 207
209 -> 209
212 -> 212
216 -> 216
217 -> 217
228 -> 228
232 -> 232
236 -> 236
240 -> 240
242 -> 242
243 -> 243
248 -> 248
251 -> 251
252 -> 252
260 -> 260
263 -> 263
267 -> 267
271 -> 271
