140 -> 140
191 -> 191
106 -> 106
139 -> 139
45 -> 45
60 -> 60
104 -> 104
37 -> 37
267 -> 267
242 -> 242
39 -> 39
94 -> 94
115 -> 115
209 -> 209
72 -> 72
251 -> 251
71 -> 71
236 -> 236
176 -> 176
212 -> 212
163 -> 163
200 -> 200
51 -> 51
217 -> 217
67 -> 67
145 -> 145
98 -> 98
243 -> 243
194 -> 194
260 -> 260
198 -> 198
40 -> 40
169 -> 169
182 -> 182
168 -> 168
248 -> 248
166 -> 166
181 -> 181
216 -> 216
240 -> 240
207 -> 207
120 -> 120
135 -> 135
89 -> 89
185 -> 185
271 -> 271
132 -> 132
112 -> 112
252 -> 252
263 -> 263
141 -> 141
232 -> 232
179 -> 179
228 -> 228
