Breakpoint Set at 6
Breakpoint Set at 8
Breakpoint Set at 31
Paused at 6
	Hit Breakpoint(s) 
	Call Stack: ack 
Paused at 8
	Hit Breakpoint(s) 
	Call Stack: ack 
Paused at 6
	Hit Breakpoint(s) 
	Call Stack: ack, ack 
Paused at 8
	Hit Breakpoint(s) 
	Call Stack: ack, ack 
Paused at 6
	Hit Breakpoint(s) 
	Call Stack: ack, ack, ack 
Paused at 8
	Hit Breakpoint(s) 
	Call Stack: ack, ack, ack 
Paused at 6
	Hit Breakpoint(s) 
	Call Stack: ack, ack, ack, ack 
Paused at 6
	Hit Breakpoint(s) 
	Call Stack: ack, ack, ack, ack, ack 
Paused at 8
	Hit Breakpoint(s) 
	Call Stack: ack, ack, ack, ack, ack 
Paused at 6
	Hit Breakpoint(s) 
	Call Stack: ack, ack, ack, ack, ack, ack 
Paused at 6
	Hit Breakpoint(s) 
	Call Stack: ack, ack, ack, ack, ack, ack, ack 
Paused at 8
	Hit Breakpoint(s) 
	Call Stack: ack, ack, ack, ack, ack, ack, ack 
Paused at 6
	Hit Breakpoint(s) 
	Call Stack: ack, ack, ack, ack, ack, ack, ack, ack 
Paused at 6
	Hit Breakpoint(s) 
	Call Stack: ack, ack, ack, ack, ack, ack, ack, ack, ack 
Paused at 6
	Hit Breakpoint(s) 
	Call Stack: ack, ack, ack, ack, ack, ack, ack, ack 
Paused at 6
	Hit Breakpoint(s) 
	Call Stack: ack, ack, ack, ack, ack, ack 
Paused at 8
	Hit Breakpoint(s) 
	Call Stack: ack, ack, ack, ack, ack, ack 
Paused at 6
	Hit Breakpoint(s) 
	Call Stack: ack, ack, ack, ack, ack, ack, ack 
Paused at 8
	Hit Breakpoint(s) 
	Call Stack: ack, ack, ack, ack, ack, ack, ack 
Paused at 6
	Hit Breakpoint(s) 
	Call Stack: ack, ack, ack, ack, ack, ack, ack, ack 
Paused at 8
	Hit Breakpoint(s) 
	Call Stack: ack, ack, ack, ack, ack, ack, ack, ack 
Paused at 6
	Hit Breakpoint(s) 
	Call Stack: ack, ack, ack, ack, ack, ack, ack, ack, ack 
Paused at 6
	Hit Breakpoint(s) 
	Call Stack: ack, ack, ack, ack, ack, ack, ack, ack, ack, ack 
Paused at 6
	Hit Breakpoint(s) 
	Call Stack: ack, ack, ack, ack, ack, ack, ack, ack, ack 
Paused at 6
	Hit Breakpoint(s) 
	Call Stack: ack, ack, ack, ack, ack, ack, ack, ack 
Paused at 6
	Hit Breakpoint(s) 
	Call Stack: ack, ack, ack, ack, ack, ack, ack 
Paused at 6
	Hit Breakpoint(s) 
	Call Stack: ack, ack, ack, ack 
Paused at 8
	Hit Breakpoint(s) 
	Call Stack: ack, ack, ack, ack 
Paused at 6
	Hit Breakpoint(s) 
	Call Stack: ack, ack, ack, ack, ack 
Paused at 8
	Hit Breakpoint(s) 
	Call Stack: ack, ack, ack, ack, ack 
Paused at 6
	Hit Breakpoint(s) 
	Call Stack: ack, ack, ack, ack, ack, ack 
Paused at 8
	Hit Breakpoint(s) 
	Call Stack: ack, ack, ack, ack, ack, ack 
Paused at 6
	Hit Breakpoint(s) 
	Call Stack: ack, ack, ack, ack, ack, ack, ack 
Paused at 8
	Hit Breakpoint(s) 
	Call Stack: ack, ack, ack, ack, ack, ack, ack 
Paused at 6
	Hit Breakpoint(s) 
	Call Stack: ack, ack, ack, ack, ack, ack, ack, ack 
Paused at 8
	Hit Breakpoint(s) 
	Call Stack: ack, ack, ack, ack, ack, ack, ack, ack 
Paused at 6
	Hit Breakpoint(s) 
	Call Stack: ack, ack, ack, ack, ack, ack, ack, ack, ack 
Paused at 6
	Hit Breakpoint(s) 
	Call Stack: ack, ack, ack, ack, ack, ack, ack, ack, ack, ack 
Paused at 8
	Hit Breakpoint(s) 
	Call Stack: ack, ack, ack, ack, ack, ack, ack, ack, ack, ack 
Paused at 6
	Hit Breakpoint(s) 
	Call Stack: ack, ack, ack, ack, ack, ack, ack, ack, ack, ack, ack 
Paused at 6
	Hit Breakpoint(s) 
	Call Stack: ack, ack, ack, ack, ack, ack, ack, ack, ack, ack, ack, ack 
Paused at 6
	Hit Breakpoint(s) 
	Call Stack: ack, ack, ack, ack, ack, ack, ack, ack, ack, ack, ack 
Paused at 6
	Hit Breakpoint(s) 
	Call Stack: ack, ack, ack, ack, ack, ack, ack, ack, ack 
Paused at 8
	Hit Breakpoint(s) 
	Call Stack: ack, ack, ack, ack, ack, ack, ack, ack, ack 
Paused at 6
	Hit Breakpoint(s) 
	Call Stack: ack, ack, ack, ack, ack, ack, ack, ack, ack, ack 
Paused at 8
	Hit Breakpoint(s) 
	Call Stack: ack, ack, ack, ack, ack, ack, ack, ack, ack, ack 
Paused at 6
	Hit Breakpoint(s) 
	Call Stack: ack, ack, ack, ack, ack, ack, ack, ack, ack, ack, ack 
Paused at 8
	Hit Breakpoint(s) 
	Call Stack: ack, ack, ack, ack, ack, ack, ack, ack, ack, ack, ack 
Paused at 6
	Hit Breakpoint(s) 
	Call Stack: ack, ack, ack, ack, ack, ack, ack, ack, ack, ack, ack, ack 
Paused at 6
	Hit Breakpoint(s) 
	Call Stack: ack, ack, ack, ack, ack, ack, ack, ack, ack, ack, ack, ack, ack 
Paused at 6
	Hit Breakpoint(s) 
	Call Stack: ack, ack, ack, ack, ack, ack, ack, ack, ack, ack, ack, ack 
