Breakpoint Set at 14
Breakpoint Set at 16
Breakpoint Set at 140
Breakpoint Set at 120
Breakpoint Set at 59
Breakpoint Set at 154
Breakpoint Set at 47
Breakpoint Set at 173
Breakpoint Set at 35
Breakpoint Set at 91
Breakpoint Set at 188
Breakpoint Set at 226
Breakpoint Set at 221
Breakpoint Set at 26
Breakpoint Set at 161
Breakpoint Set at 57
Breakpoint Set at 111
Breakpoint Set at 34
Breakpoint Set at 110
Breakpoint Set at 110
Breakpoint Set at 63
Breakpoint Set at 14
Paused at 14
	Hit Breakpoint(s) 
	Call Stack:  
Paused at 16
	Hit Breakpoint(s) 
	Call Stack:  
Paused at 221
	Hit Breakpoint(s) 
	Call Stack:  
Paused at 221
	Hit Breakpoint(s) 
	Call Stack:  
Paused at 221
	Hit Breakpoint(s) 
	Call Stack:  
Paused at 221
	Hit Breakpoint(s) 
	Call Stack:  
Paused at 154
	Hit Breakpoint(s) 
	Call Stack: str2binb, hex_sha1 
Paused at 47
	Hit Breakpoint(s) 
	Call Stack: core_sha1, hex_sha1 
Paused at 57
	Hit Breakpoint(s) 
	Call Stack: core_sha1, hex_sha1 
Paused at 59
	Hit Breakpoint(s) 
	Call Stack: core_sha1, hex_sha1 
Paused at 63
	Hit Breakpoint(s) 
	Call Stack: core_sha1, hex_sha1 
Paused at 140
	Hit Breakpoint(s) 
	Call Stack: rol, core_sha1, hex_sha1 
Paused at 140
	Hit Breakpoint(s) 
	Call Stack: rol, core_sha1, hex_sha1 
Paused at 63
	Hit Breakpoint(s) 
	Call Stack: core_sha1, hex_sha1 
Paused at 140
	Hit Breakpoint(s) 
	Call Stack: rol, core_sha1, hex_sha1 
Paused at 140
	Hit Breakpoint(s) 
	Call Stack: rol, core_sha1, hex_sha1 
Paused at 63
	Hit Breakpoint(s) 
	Call Stack: core_sha1, hex_sha1 
Paused at 140
	Hit Breakpoint(s) 
	Call Stack: rol, core_sha1, hex_sha1 
Paused at 140
	Hit Breakpoint(s) 
	Call Stack: rol, core_sha1, hex_sha1 
Paused at 63
	Hit Breakpoint(s) 
	Call Stack: core_sha1, hex_sha1 
Paused at 140
	Hit Breakpoint(s) 
	Call Stack: rol, core_sha1, hex_sha1 
Paused at 140
	Hit Breakpoint(s) 
	Call Stack: rol, core_sha1, hex_sha1 
Paused at 63
	Hit Breakpoint(s) 
	Call Stack: core_sha1, hex_sha1 
Paused at 140
	Hit Breakpoint(s) 
	Call Stack: rol, core_sha1, hex_sha1 
Paused at 140
	Hit Breakpoint(s) 
	Call Stack: rol, core_sha1, hex_sha1 
Paused at 63
	Hit Breakpoint(s) 
	Call Stack: core_sha1, hex_sha1 
Paused at 140
	Hit Breakpoint(s) 
	Call Stack: rol, core_sha1, hex_sha1 
Paused at 140
	Hit Breakpoint(s) 
	Call Stack: rol, core_sha1, hex_sha1 
Paused at 63
	Hit Breakpoint(s) 
	Call Stack: core_sha1, hex_sha1 
Paused at 140
	Hit Breakpoint(s) 
	Call Stack: rol, core_sha1, hex_sha1 
Paused at 140
	Hit Breakpoint(s) 
	Call Stack: rol, core_sha1, hex_sha1 
Paused at 63
	Hit Breakpoint(s) 
	Call Stack: core_sha1, hex_sha1 
Paused at 140
	Hit Breakpoint(s) 
	Call Stack: rol, core_sha1, hex_sha1 
Paused at 140
	Hit Breakpoint(s) 
	Call Stack: rol, core_sha1, hex_sha1 
Paused at 63
	Hit Breakpoint(s) 
	Call Stack: core_sha1, hex_sha1 
Paused at 140
	Hit Breakpoint(s) 
	Call Stack: rol, core_sha1, hex_sha1 
Paused at 140
	Hit Breakpoint(s) 
	Call Stack: rol, core_sha1, hex_sha1 
Paused at 63
	Hit Breakpoint(s) 
	Call Stack: core_sha1, hex_sha1 
Paused at 140
	Hit Breakpoint(s) 
	Call Stack: rol, core_sha1, hex_sha1 
Paused at 140
	Hit Breakpoint(s) 
	Call Stack: rol, core_sha1, hex_sha1 
Paused at 63
	Hit Breakpoint(s) 
	Call Stack: core_sha1, hex_sha1 
Paused at 140
	Hit Breakpoint(s) 
	Call Stack: rol, core_sha1, hex_sha1 
Paused at 140
	Hit Breakpoint(s) 
	Call Stack: rol, core_sha1, hex_sha1 
Paused at 63
	Hit Breakpoint(s) 
	Call Stack: core_sha1, hex_sha1 
Paused at 140
	Hit Breakpoint(s) 
	Call Stack: rol, core_sha1, hex_sha1 
Paused at 140
	Hit Breakpoint(s) 
	Call Stack: rol, core_sha1, hex_sha1 
Paused at 63
	Hit Breakpoint(s) 
	Call Stack: core_sha1, hex_sha1 
Paused at 140
	Hit Breakpoint(s) 
	Call Stack: rol, core_sha1, hex_sha1 
Paused at 140
	Hit Breakpoint(s) 
	Call Stack: rol, core_sha1, hex_sha1 
Paused at 63
	Hit Breakpoint(s) 
	Call Stack: core_sha1, hex_sha1 
Paused at 140
	Hit Breakpoint(s) 
	Call Stack: rol, core_sha1, hex_sha1 
