Breakpoint Set at 7
Breakpoint Set at 12
Breakpoint Set at 40
Breakpoint Set at 57
Breakpoint Set at 23
Breakpoint Set at 46
Paused at 12
	Hit Breakpoint(s) 
	Call Stack: Au, AtAu, spectralnorm 
Paused at 7
	Hit Breakpoint(s) 
	Call Stack: A, Au, AtAu, spectralnorm 
Paused at 7
	Hit Breakpoint(s) 
	Call Stack: A, Au, AtAu, spectralnorm 
Paused at 7
	Hit Breakpoint(s) 
	Call Stack: A, Au, AtAu, spectralnorm 
Paused at 7
	Hit Breakpoint(s) 
	Call Stack: A, Au, AtAu, spectralnorm 
Paused at 7
	Hit Breakpoint(s) 
	Call Stack: A, Au, AtAu, spectralnorm 
Paused at 7
	Hit Breakpoint(s) 
	Call Stack: A, Au, AtAu, spectralnorm 
Paused at 12
	Hit Breakpoint(s) 
	Call Stack: Au, AtAu, spectralnorm 
Paused at 7
	Hit Breakpoint(s) 
	Call Stack: A, Au, AtAu, spectralnorm 
Paused at 7
	Hit Breakpoint(s) 
	Call Stack: A, Au, AtAu, spectralnorm 
Paused at 7
	Hit Breakpoint(s) 
	Call Stack: A, Au, AtAu, spectralnorm 
Paused at 7
	Hit Breakpoint(s) 
	Call Stack: A, Au, AtAu, spectralnorm 
Paused at 7
	Hit Breakpoint(s) 
	Call Stack: A, Au, AtAu, spectralnorm 
Paused at 7
	Hit Breakpoint(s) 
	Call Stack: A, Au, AtAu, spectralnorm 
Paused at 12
	Hit Breakpoint(s) 
	Call Stack: Au, AtAu, spectralnorm 
Paused at 7
	Hit Breakpoint(s) 
	Call Stack: A, Au, AtAu, spectralnorm 
Paused at 7
	Hit Breakpoint(s) 
	Call Stack: A, Au, AtAu, spectralnorm 
Paused at 7
	Hit Breakpoint(s) 
	Call Stack: A, Au, AtAu, spectralnorm 
Paused at 7
	Hit Breakpoint(s) 
	Call Stack: A, Au, AtAu, spectralnorm 
Paused at 7
	Hit Breakpoint(s) 
	Call Stack: A, Au, AtAu, spectralnorm 
Paused at 7
	Hit Breakpoint(s) 
	Call Stack: A, Au, AtAu, spectralnorm 
Paused at 12
	Hit Breakpoint(s) 
	Call Stack: Au, AtAu, spectralnorm 
Paused at 7
	Hit Breakpoint(s) 
	Call Stack: A, Au, AtAu, spectralnorm 
Paused at 7
	Hit Breakpoint(s) 
	Call Stack: A, Au, AtAu, spectralnorm 
Paused at 7
	Hit Breakpoint(s) 
	Call Stack: A, Au, AtAu, spectralnorm 
Paused at 7
	Hit Breakpoint(s) 
	Call Stack: A, Au, AtAu, spectralnorm 
Paused at 7
	Hit Breakpoint(s) 
	Call Stack: A, Au, AtAu, spectralnorm 
Paused at 7
	Hit Breakpoint(s) 
	Call Stack: A, Au, AtAu, spectralnorm 
Paused at 12
	Hit Breakpoint(s) 
	Call Stack: Au, AtAu, spectralnorm 
Paused at 7
	Hit Breakpoint(s) 
	Call Stack: A, Au, AtAu, spectralnorm 
Paused at 7
	Hit Breakpoint(s) 
	Call Stack: A, Au, AtAu, spectralnorm 
Paused at 7
	Hit Breakpoint(s) 
	Call Stack: A, Au, AtAu, spectralnorm 
Paused at 7
	Hit Breakpoint(s) 
	Call Stack: A, Au, AtAu, spectralnorm 
Paused at 7
	Hit Breakpoint(s) 
	Call Stack: A, Au, AtAu, spectralnorm 
Paused at 7
	Hit Breakpoint(s) 
	Call Stack: A, Au, AtAu, spectralnorm 
Paused at 12
	Hit Breakpoint(s) 
	Call Stack: Au, AtAu, spectralnorm 
Paused at 7
	Hit Breakpoint(s) 
	Call Stack: A, Au, AtAu, spectralnorm 
Paused at 7
	Hit Breakpoint(s) 
	Call Stack: A, Au, AtAu, spectralnorm 
Paused at 7
	Hit Breakpoint(s) 
	Call Stack: A, Au, AtAu, spectralnorm 
Paused at 7
	Hit Breakpoint(s) 
	Call Stack: A, Au, AtAu, spectralnorm 
Paused at 7
	Hit Breakpoint(s) 
	Call Stack: A, Au, AtAu, spectralnorm 
Paused at 7
	Hit Breakpoint(s) 
	Call Stack: A, Au, AtAu, spectralnorm 
Paused at 23
	Hit Breakpoint(s) 
	Call Stack: Atu, AtAu, spectralnorm 
Paused at 7
	Hit Breakpoint(s) 
	Call Stack: A, Atu, AtAu, spectralnorm 
Paused at 23
	Hit Breakpoint(s) 
	Call Stack: Atu, AtAu, spectralnorm 
Paused at 7
	Hit Breakpoint(s) 
	Call Stack: A, Atu, AtAu, spectralnorm 
Paused at 23
	Hit Breakpoint(s) 
	Call Stack: Atu, AtAu, spectralnorm 
Paused at 7
	Hit Breakpoint(s) 
	Call Stack: A, Atu, AtAu, spectralnorm 
Paused at 23
	Hit Breakpoint(s) 
	Call Stack: Atu, AtAu, spectralnorm 
Paused at 7
	Hit Breakpoint(s) 
	Call Stack: A, Atu, AtAu, spectralnorm 
Paused at 23
	Hit Breakpoint(s) 
	Call Stack: Atu, AtAu, spectralnorm 
