request breakpoint   0 at line   3
                   set at line  26
request breakpoint   1 at line   7
                   set at line  26
request breakpoint   1 at line  39
                   set at line  40
request breakpoint   2 at line  36
                   set at line  36
request breakpoint   3 at line  60
                   set at line  61
request breakpoint   4 at line  20
                   set at line  26
request breakpoint   4 at line  45
                   set at line  45
request breakpoint   5 at line  44
                   set at line  44
request breakpoint   6 at line  57
                   set at line  61
request breakpoint   6 at line  18
                   set at line  26
request breakpoint   6 at line  48
                   set at line  48
request breakpoint   7 at line  16
                   set at line  26
paused at line  26
	because of breakpoints [7]
action: stepIn
paused at line  27
action: stepIn
paused at line  28
action: stepOver
paused at line  43
action: stepOver
paused at line  44
action: resume
paused at line  44
	because of breakpoints [5]
action: stepIn
paused at line  45
action: stepOver
paused at line  44
action: stepOver
paused at line  45
action: resume
paused at line  45
	because of breakpoints [4]
action: stepIn
paused at line  44
action: stepOver
paused at line  45
action: stepIn
paused at line  44
action: stepOut
paused at line  44
	because of breakpoints [5]
action: resume
paused at line  45
	because of breakpoints [4]
action: resume
paused at line  44
	because of breakpoints [5]
action: resume
paused at line  45
	because of breakpoints [4]
action: resume
paused at line  44
	because of breakpoints [5]
action: resume
paused at line  45
	because of breakpoints [4]
action: stepIn
paused at line  44
action: stepIn
paused at line  45
action: stepOver
paused at line  44
action: stepIn
paused at line  45
action: resume
paused at line  45
	because of breakpoints [4]
action: stepOut
paused at line  44
	because of breakpoints [5]
action: stepIn
paused at line  45
action: stepOut
paused at line  45
	because of breakpoints [4]
action: stepOut
paused at line  44
	because of breakpoints [5]
action: stepIn
paused at line  45
action: resume
paused at line  45
	because of breakpoints [4]
action: resume
paused at line  44
	because of breakpoints [5]
action: stepIn
paused at line  45
action: resume
