request breakpoint   0 at line  18
                   set at line  18
request breakpoint   1 at line  40
                   set at line  40
request breakpoint   2 at line 268
                   set at line 268
request breakpoint   3 at line 240
                   set at line 241
request breakpoint   4 at line 415
                   set at line 416
request breakpoint   5 at line 113
                   set at line 113
request breakpoint   6 at line 305
                   set at line 306
request breakpoint   7 at line 291
                   set at line 291
request breakpoint   8 at line 390
                   set at line 390
request breakpoint   9 at line  75
                   set at line  76
request breakpoint  10 at line 320
                   set at line 320
request breakpoint  11 at line  52
                   set at line  53
request breakpoint  12 at line 177
                   set at line 177
request breakpoint  13 at line 346
                   set at line 347
request breakpoint  14 at line 419
                   set at line 440
request breakpoint  15 at line 442
                   set at line 442
request breakpoint  16 at line 392
                   set at line 392
request breakpoint  17 at line 430
                   set at line 440
request breakpoint  17 at line  24
                   set at line  24
request breakpoint  18 at line  73
                   set at line  73
request breakpoint  19 at line 284
                   set at line 284
request breakpoint  20 at line  85
                   set at line  85
request breakpoint  21 at line 401
                   set at line 402
request breakpoint  22 at line 197
                   set at line 197
request breakpoint  23 at line  26
                   set at line  27
request breakpoint  24 at line 192
                   set at line 192
request breakpoint  25 at line 187
                   set at line 187
request breakpoint  26 at line  91
                   set at line  92
request breakpoint  27 at line 352
                   set at line 354
request breakpoint  28 at line 385
                   set at line 385
request breakpoint  29 at line 124
                   set at line 124
request breakpoint  30 at line 358
                   set at line 358
request breakpoint  31 at line 307
                   set at line 307
request breakpoint  32 at line 317
                   set at line 317
request breakpoint  33 at line 244
                   set at line 245
request breakpoint  34 at line 185
                   set at line 185
request breakpoint  35 at line 431
                   set at line 440
request breakpoint  35 at line 342
                   set at line 344
request breakpoint  36 at line 117
                   set at line 117
request breakpoint  37 at line 403
                   set at line 403
request breakpoint  38 at line 323
                   set at line 323
request breakpoint  39 at line 396
                   set at line 399
request breakpoint  40 at line  86
                   set at line  86
request breakpoint  41 at line  62
                   set at line  62
request breakpoint  42 at line 255
                   set at line 255
request breakpoint  43 at line 369
                   set at line 369
request breakpoint  44 at line 104
                   set at line 104
request breakpoint  45 at line 298
                   set at line 298
request breakpoint  46 at line 300
                   set at line 300
request breakpoint  47 at line 344
                   set at line 358
request breakpoint  47 at line 199
                   set at line 200
request breakpoint  48 at line 140
                   set at line 140
request breakpoint  49 at line 237
                   set at line 237
request breakpoint  50 at line 118
                   set at line 118
request breakpoint  51 at line  46
                   set at line  46
request breakpoint  52 at line 112
                   set at line 112
request breakpoint  53 at line 318
                   set at line 318
request breakpoint  54 at line 253
                   set at line 255
request breakpoint  54 at line 343
                   set at line 344
request breakpoint  55 at line   3
                   set at line   3
request breakpoint  56 at line 232
                   set at line 232
request breakpoint  57 at line  41
                   set at line  41
request breakpoint  58 at line 227
                   set at line 227
request breakpoint  59 at line   5
                   set at line   5
request breakpoint  60 at line 264
                   set at line 264
request breakpoint  61 at line 116
                   set at line 116
request breakpoint  62 at line 388
                   set at line 390
request breakpoint  62 at line 198
                   set at line 200
request breakpoint  62 at line  99
                   set at line 100
request breakpoint  63 at line 405
                   set at line 407
request breakpoint  64 at line 195
                   set at line 195
request breakpoint  65 at line 435
                   set at line 440
request breakpoint  65 at line 153
                   set at line 153
request breakpoint  66 at line 170
                   set at line 170
request breakpoint  67 at line 410
                   set at line 410
request breakpoint  68 at line  80
                   set at line  80
request breakpoint  69 at line 411
                   set at line 411
request breakpoint  70 at line 384
                   set at line 384
request breakpoint  71 at line 281
                   set at line 281
request breakpoint  72 at line 267
                   set at line 267
request breakpoint  73 at line 234
                   set at line 234
request breakpoint  74 at line 306
                   set at line 310
request breakpoint  74 at line 127
                   set at line 127
request breakpoint  75 at line 347
                   set at line 358
request breakpoint  75 at line 374
                   set at line 374
request breakpoint  76 at line 376
                   set at line 376
request breakpoint  77 at line 200
                   set at line 243
request breakpoint  77 at line 351
                   set at line 351
request breakpoint  78 at line 422
                   set at line 440
request breakpoint  78 at line 161
                   set at line 161
paused at line 317
	because of breakpoints [32]
action: stepIn
paused at line 318
action: stepIn
paused at line  27
action: stepOver
paused at line  28
action: stepOver
paused at line  28
action: resume
paused at line  27
	because of breakpoints [23]
action: stepIn
paused at line  28
action: stepOver
paused at line  28
action: stepOver
paused at line 319
action: resume
paused at line 320
	because of breakpoints [10]
action: stepIn
paused at line  27
action: stepOver
paused at line  28
action: stepIn
paused at line  28
action: stepOut
paused at line 321
action: resume
paused at line  27
	because of breakpoints [23]
action: resume
paused at line  27
	because of breakpoints [23]
action: resume
paused at line 323
	because of breakpoints [38]
action: resume
paused at line  27
	because of breakpoints [23]
action: resume
paused at line  27
	because of breakpoints [23]
action: stepIn
paused at line  28
action: stepIn
paused at line  28
action: stepOver
paused at line 324
action: stepIn
paused at line 325
action: resume
paused at line  27
	because of breakpoints [23]
action: stepOut
paused at line  28
action: stepIn
paused at line 325
action: stepOut
paused at line 126
	because of breakpoints [29]
action: stepOut
paused at line  73
	because of breakpoints [18]
action: stepIn
paused at line  73
action: resume
paused at line 127
	because of breakpoints [74]
action: resume
paused at line  73
	because of breakpoints [18]
action: stepIn
paused at line  73
action: resume
paused at line  92
	because of breakpoints [26]
action: stepOver
paused at line  92
action: stepOver
paused at line 128
action: stepOver
paused at line 129
action: stepOut
paused at line 140
	because of breakpoints [48]
action: resume
paused at line  80
	because of breakpoints [68]
action: stepOver
paused at line  81
action: stepIn
paused at line  81
action: resume
paused at line 153
	because of breakpoints [65]
action: stepOver
paused at line 154
action: resume
paused at line 126
	because of breakpoints [29]
action: stepIn
paused at line  72
action: stepIn
paused at line  73
action: stepOver
paused at line  73
action: resume
paused at line 127
	because of breakpoints [74]
action: stepIn
paused at line  72
action: stepOver
paused at line  73
action: stepOver
paused at line  73
action: stepOver
paused at line 127
action: stepOut
paused at line  92
	because of breakpoints [26]
action: stepIn
paused at line  92
action: stepOut
paused at line 140
	because of breakpoints [48]
action: stepIn
paused at line 141
action: resume
paused at line  80
	because of breakpoints [68]
action: stepIn
paused at line  81
action: stepOver
paused at line  81
action: stepOut
paused at line 153
	because of breakpoints [65]
action: stepOver
paused at line 154
action: stepOver
paused at line 155
action: stepOut
paused at line 158
action: stepOver
paused at line 332
action: stepOut
paused at line 126
	because of breakpoints [29]
action: resume
paused at line  73
	because of breakpoints [18]
action: stepOver
paused at line  73
action: stepIn
paused at line 126
action: resume
paused at line 127
	because of breakpoints [74]
action: stepOut
paused at line  73
	because of breakpoints [18]
action: stepIn
paused at line  73
action: resume
paused at line  92
	because of breakpoints [26]
action: stepOut
paused at line  92
action: resume
paused at line 140
	because of breakpoints [48]
action: stepIn
paused at line 141
action: stepOut
paused at line  80
	because of breakpoints [68]
action: resume
paused at line 153
	because of breakpoints [65]
action: stepIn
paused at line 154
action: resume
paused at line 126
	because of breakpoints [29]
action: resume
paused at line  73
	because of breakpoints [18]
action: stepOver
paused at line  73
action: stepOver
paused at line 126
action: stepOut
paused at line 127
	because of breakpoints [74]
action: stepOver
paused at line  73
	because of breakpoints [18]
action: stepIn
paused at line  73
action: stepOver
paused at line 127
action: resume
paused at line  92
	because of breakpoints [26]
action: resume
paused at line 140
	because of breakpoints [48]
action: stepOut
paused at line  80
	because of breakpoints [68]
action: stepOver
paused at line  81
action: resume
paused at line 153
	because of breakpoints [65]
action: stepIn
paused at line 154
action: stepOut
paused at line 158
action: stepOut
paused at line 126
	because of breakpoints [29]
action: stepOut
paused at line  73
	because of breakpoints [18]
action: stepIn
paused at line  73
action: stepOut
paused at line 127
	because of breakpoints [74]
action: stepIn
paused at line  72
action: stepOver
paused at line  73
action: stepOver
paused at line  73
action: stepOver
paused at line 127
action: resume
paused at line  92
	because of breakpoints [26]
action: stepIn
paused at line  92
action: stepOut
paused at line 140
	because of breakpoints [48]
action: resume
paused at line  80
	because of breakpoints [68]
action: resume
paused at line 153
	because of breakpoints [65]
action: stepOver
paused at line 154
action: stepOver
paused at line 155
action: stepOut
paused at line 158
action: stepOut
paused at line 126
	because of breakpoints [29]
action: stepIn
paused at line  72
action: resume
paused at line  73
	because of breakpoints [18]
action: resume
paused at line 127
	because of breakpoints [74]
action: stepIn
paused at line  72
action: stepOver
paused at line  73
action: stepIn
paused at line  73
action: resume
paused at line  92
	because of breakpoints [26]
action: stepOver
paused at line  92
action: stepOut
paused at line 140
	because of breakpoints [48]
action: stepOut
paused at line  80
	because of breakpoints [68]
action: stepOver
paused at line  81
action: stepIn
paused at line  81
action: stepIn
paused at line 149
action: stepOver
paused at line 150
action: resume
paused at line 153
	because of breakpoints [65]
action: stepOver
paused at line 154
action: stepOut
paused at line 158
action: stepIn
paused at line 341
action: stepOut
paused at line 344
	because of breakpoints [54]
action: stepOut
paused at line 126
	because of breakpoints [29]
action: resume
paused at line  73
	because of breakpoints [18]
action: stepOver
paused at line  73
action: stepOver
paused at line 126
action: stepOver
paused at line 127
action: stepIn
paused at line  72
action: stepOut
paused at line  73
	because of breakpoints [18]
action: stepOver
paused at line  73
action: stepIn
paused at line 127
action: stepOver
paused at line 128
action: resume
paused at line  92
	because of breakpoints [26]
action: stepIn
paused at line  92
action: stepOver
paused at line 128
action: resume
paused at line 140
	because of breakpoints [48]
action: stepOver
paused at line 141
action: stepOver
paused at line 142
action: stepOver
paused at line 144
action: resume
paused at line  80
	because of breakpoints [68]
action: stepOver
paused at line  81
action: stepOver
paused at line  81
action: stepIn
paused at line 149
action: resume
paused at line 153
	because of breakpoints [65]
action: stepOver
paused at line 154
action: stepOver
paused at line 155
action: resume
paused at line 126
	because of breakpoints [29]
action: resume
paused at line  73
	because of breakpoints [18]
action: stepOver
paused at line  73
action: stepIn
paused at line 126
action: stepIn
paused at line 127
action: stepOver
paused at line  73
	because of breakpoints [18]
action: stepOver
paused at line  73
action: stepOver
paused at line 127
action: stepOver
paused at line 128
action: stepOut
paused at line  92
	because of breakpoints [26]
action: stepOver
paused at line  92
action: stepOver
paused at line 128
action: resume
paused at line 140
	because of breakpoints [48]
action: resume
paused at line  80
	because of breakpoints [68]
action: stepOver
paused at line  81
action: resume
paused at line 153
	because of breakpoints [65]
action: stepIn
paused at line 154
action: stepOver
paused at line 155
action: stepOut
paused at line 158
action: stepIn
paused at line 345
action: stepOut
paused at line 126
	because of breakpoints [29]
action: stepOver
paused at line  73
	because of breakpoints [18]
action: stepOver
paused at line  73
action: stepOver
paused at line 126
action: stepOut
paused at line 127
	because of breakpoints [74]
action: stepOut
paused at line  73
	because of breakpoints [18]
action: stepOver
paused at line  73
action: stepOver
paused at line 127
action: stepOut
paused at line  92
	because of breakpoints [26]
action: resume
paused at line 140
	because of breakpoints [48]
action: stepOver
paused at line 141
action: resume
paused at line  80
	because of breakpoints [68]
action: resume
paused at line 153
	because of breakpoints [65]
action: stepOver
paused at line 154
action: resume
paused at line 126
	because of breakpoints [29]
action: stepOut
paused at line  73
	because of breakpoints [18]
action: stepOver
paused at line  73
action: resume
paused at line 127
	because of breakpoints [74]
action: stepIn
paused at line  72
action: stepIn
paused at line  73
action: stepOver
paused at line  73
action: stepOver
paused at line 127
action: stepOut
paused at line  92
	because of breakpoints [26]
action: stepIn
paused at line  92
action: stepOut
paused at line 140
	because of breakpoints [48]
action: stepIn
paused at line 141
action: stepIn
paused at line 142
action: resume
paused at line  80
	because of breakpoints [68]
action: stepOver
paused at line  81
action: stepOut
paused at line  81
action: resume
paused at line 153
	because of breakpoints [65]
action: stepOut
paused at line 158
action: stepIn
paused at line 348
action: stepOut
paused at line 126
	because of breakpoints [29]
action: stepOver
paused at line  73
	because of breakpoints [18]
action: stepOver
paused at line  73
action: stepOver
paused at line 126
action: resume
paused at line 127
	because of breakpoints [74]
action: stepOut
paused at line  73
	because of breakpoints [18]
action: resume
paused at line  92
	because of breakpoints [26]
action: stepOver
paused at line  92
action: stepOver
paused at line 128
action: resume
paused at line 140
	because of breakpoints [48]
action: stepOut
paused at line  80
	because of breakpoints [68]
action: stepIn
paused at line  81
action: stepIn
paused at line  81
action: stepOver
paused at line 149
action: stepOut
paused at line 153
	because of breakpoints [65]
action: stepIn
paused at line 154
action: stepOver
paused at line 155
action: stepOut
paused at line 158
action: stepIn
paused at line 350
action: stepIn
paused at line 351
action: stepIn
