4 -> 4
5 -> 5
7 -> 7
8 -> 8
12 -> 12
19 -> 19
20 -> 20
21 -> 21
24 -> 24
27 -> 27
28 -> 28
29 -> 29
30 -> 30
31 -> 31
39 -> 39
40 -> 40
42 -> 42
43 -> 43
44 -> 44
46 -> 46
47 -> 47
48 -> 48
49 -> 49
52 -> 52
53 -> 53
54 -> 54
57 -> 57
60 -> 60
62 -> 62
63 -> 63
64 -> 64
65 -> 65
67 -> 67
68 -> 68
70 -> 70
71 -> 71
73 -> 73
77 -> 77
78 -> 78
79 -> 79
80 -> 80
81 -> 81
85 -> 85
86 -> 86
87 -> 87
88 -> 88
90 -> 90
91 -> 91
92 -> 92
93 -> 93
95 -> 95
98 -> 98
99 -> 99
103 -> 103
104 -> 104
105 -> 105
106 -> 106
107 -> 107
110 -> 110
111 -> 111
115 -> 115
116 -> 116
118 -> 118
122 -> 122
124 -> 124
126 -> 126
130 -> 130
132 -> 132
133 -> 133
134 -> 134
135 -> 135
137 -> 137
138 -> 138
141 -> 141
147 -> 147
151 -> 151
153 -> 153
154 -> 154
155 -> 155
161 -> 161
162 -> 162
165 -> 165
166 -> 166
168 -> 168
175 -> 175
176 -> 176
179 -> 179
183 -> 183
189 -> 189
190 -> 190
194 -> 194
195 -> 195
196 -> 196
197 -> 197
198 -> 198
199 -> 199
200 -> 200
202 -> 202
204 -> 204
205 -> 205
206 -> 206
207 -> 207
208 -> 208
210 -> 210
213 -> 213
214 -> 214
216 -> 216
217 -> 217
218 -> 218
219 -> 219
220 -> 220
222 -> 222
223 -> 223
225 -> 225
226 -> 226
228 -> 228
229 -> 229
230 -> 230
231 -> 231
234 -> 234
236 -> 236
239 -> 239
240 -> 240
241 -> 241
242 -> 242
243 -> 243
244 -> 244
245 -> 245
247 -> 247
248 -> 248
249 -> 249
250 -> 250
252 -> 252
253 -> 253
254 -> 254
255 -> 255
259 -> 259
260 -> 260
261 -> 261
262 -> 262
263 -> 263
264 -> 264
266 -> 266
267 -> 267
270 -> 270
278 -> 278
286 -> 286
294 -> 294
295 -> 295
297 -> 297
298 -> 298
299 -> 299
300 -> 300
301 -> 301
304 -> 304
307 -> 307
310 -> 310
314 -> 314
317 -> 317
318 -> 318
320 -> 320
321 -> 321
323 -> 323
325 -> 325
327 -> 327
332 -> 332
334 -> 334
336 -> 336
338 -> 338
339 -> 339
342 -> 342
343 -> 343
348 -> 348
349 -> 349
350 -> 350
351 -> 351
352 -> 352
354 -> 354
