278 -> 278
239 -> 239
348 -> 348
310 -> 310
218 -> 218
236 -> 236
252 -> 252
52 -> 52
317 -> 317
79 -> 79
332 -> 332
297 -> 297
134 -> 134
122 -> 122
210 -> 210
318 -> 318
137 -> 137
43 -> 43
39 -> 39
151 -> 151
342 -> 342
42 -> 42
135 -> 135
138 -> 138
259 -> 259
307 -> 307
262 -> 262
78 -> 78
179 -> 179
165 -> 165
194 -> 194
245 -> 245
242 -> 242
189 -> 189
228 -> 228
161 -> 161
53 -> 53
339 -> 339
19 -> 19
234 -> 234
261 -> 261
314 -> 314
4 -> 4
57 -> 57
327 -> 327
44 -> 44
294 -> 294
90 -> 90
116 -> 116
46 -> 46
255 -> 255
222 -> 222
295 -> 295
70 -> 70
323 -> 323
250 -> 250
183 -> 183
216 -> 216
30 -> 30
286 -> 286
67 -> 67
300 -> 300
110 -> 110
71 -> 71
86 -> 86
270 -> 270
28 -> 28
147 -> 147
133 -> 133
352 -> 352
132 -> 132
