259 -> 259
218 -> 218
350 -> 350
301 -> 301
194 -> 194
208 -> 208
226 -> 226
30 -> 30
311 -> 311
57 -> 57
334 -> 334
266 -> 266
87 -> 87
71 -> 71
153 -> 153
318 -> 318
88 -> 88
214 -> 214
155 -> 155
93 -> 93
340 -> 340
176 -> 176
63 -> 63
66 -> 66
213 -> 213
264 -> 264
219 -> 219
307 -> 307
77 -> 77
68 -> 68
86 -> 86
162 -> 162
147 -> 147
67 -> 67
99 -> 99
43 -> 43
320 -> 320
328 -> 328
108 -> 108
53 -> 53
167 -> 167
250 -> 250
189 -> 189
217 -> 217
298 -> 298
133 -> 133
190 -> 190
200 -> 200
329 -> 329
239 -> 239
324 -> 324
228 -> 228
138 -> 138
19 -> 19
245 -> 245
92 -> 92
310 -> 310
295 -> 295
131 -> 131
47 -> 47
148 -> 148
82 -> 82
119 -> 119
222 -> 222
79 -> 79
230 -> 230
262 -> 262
216 -> 216
4 -> 4
65 -> 65
314 -> 314
296 -> 296
104 -> 104
327 -> 327
91 -> 91
294 -> 294
115 -> 115
224 -> 224
321 -> 321
346 -> 346
46 -> 46
110 -> 110
206 -> 206
25 -> 25
278 -> 278
105 -> 105
234 -> 234
180 -> 180
64 -> 64
248 -> 248
125 -> 125
335 -> 335
6 -> 6
117 -> 117
81 -> 81
247 -> 247
204 -> 204
338 -> 338
73 -> 73
116 -> 116
165 -> 165
40 -> 40
94 -> 94
353 -> 353
304 -> 304
28 -> 28
299 -> 299
161 -> 161
126 -> 126
263 -> 263
255 -> 255
54 -> 54
199 -> 199
39 -> 39
182 -> 182
90 -> 90
265 -> 265
212 -> 212
98 -> 98
154 -> 154
62 -> 62
229 -> 229
220 -> 220
44 -> 44
223 -> 223
151 -> 151
240 -> 240
249 -> 249
29 -> 29
210 -> 210
342 -> 342
196 -> 196
106 -> 106
107 -> 107
45 -> 45
241 -> 241
49 -> 49
297 -> 297
9 -> 9
246 -> 246
267 -> 267
349 -> 349
48 -> 48
20 -> 20
168 -> 168
236 -> 236
27 -> 27
124 -> 124
244 -> 244
211 -> 211
343 -> 343
198 -> 198
152 -> 152
130 -> 130
242 -> 242
24 -> 24
123 -> 123
243 -> 243
300 -> 300
70 -> 70
235 -> 235
352 -> 352
80 -> 80
270 -> 270
197 -> 197
60 -> 60
78 -> 78
21 -> 21
202 -> 202
336 -> 336
103 -> 103
175 -> 175
5 -> 5
7 -> 7
169 -> 169
179 -> 179
260 -> 260
183 -> 183
122 -> 122
12 -> 12
317 -> 317
231 -> 231
195 -> 195
253 -> 253
254 -> 254
351 -> 351
207 -> 207
261 -> 261
166 -> 166
26 -> 26
41 -> 41
286 -> 286
205 -> 205
181 -> 181
225 -> 225
31 -> 31
325 -> 325
135 -> 135
118 -> 118
201 -> 201
134 -> 134
347 -> 347
354 -> 354
348 -> 348
339 -> 339
52 -> 52
332 -> 332
85 -> 85
95 -> 95
137 -> 137
132 -> 132
8 -> 8
42 -> 42
141 -> 141
232 -> 232
252 -> 252
55 -> 55
56 -> 56
323 -> 323
111 -> 111
74 -> 74
333 -> 333
