130 -> 130
217 -> 217
81 -> 81
110 -> 110
8 -> 8
20 -> 20
64 -> 64
106 -> 106
349 -> 349
278 -> 278
198 -> 198
28 -> 28
57 -> 57
225 -> 225
348 -> 348
307 -> 307
71 -> 71
249 -> 249
12 -> 12
214 -> 214
70 -> 70
190 -> 190
206 -> 206
222 -> 222
295 -> 295
202 -> 202
115 -> 115
259 -> 259
30 -> 30
318 -> 318
105 -> 105
137 -> 137
78 -> 78
90 -> 90
133 -> 133
247 -> 247
60 -> 60
53 -> 53
99 -> 99
194 -> 194
236 -> 236
239 -> 239
200 -> 200
153 -> 153
252 -> 252
350 -> 350
342 -> 342
298 -> 298
161 -> 161
240 -> 240
262 -> 262
338 -> 338
210 -> 210
234 -> 234
21 -> 21
46 -> 46
88 -> 88
40 -> 40
111 -> 111
196 -> 196
223 -> 223
294 -> 294
205 -> 205
43 -> 43
68 -> 68
183 -> 183
231 -> 231
228 -> 228
166 -> 166
19 -> 19
107 -> 107
73 -> 73
126 -> 126
95 -> 95
104 -> 104
134 -> 134
267 -> 267
98 -> 98
250 -> 250
264 -> 264
49 -> 49
352 -> 352
197 -> 197
80 -> 80
189 -> 189
52 -> 52
54 -> 54
162 -> 162
332 -> 332
135 -> 135
317 -> 317
79 -> 79
132 -> 132
248 -> 248
31 -> 31
327 -> 327
286 -> 286
244 -> 244
299 -> 299
4 -> 4
47 -> 47
351 -> 351
91 -> 91
253 -> 253
229 -> 229
204 -> 204
220 -> 220
325 -> 325
242 -> 242
92 -> 92
65 -> 65
207 -> 207
141 -> 141
304 -> 304
176 -> 176
39 -> 39
155 -> 155
175 -> 175
213 -> 213
336 -> 336
122 -> 122
260 -> 260
218 -> 218
323 -> 323
241 -> 241
243 -> 243
165 -> 165
7 -> 7
300 -> 300
216 -> 216
118 -> 118
199 -> 199
5 -> 5
116 -> 116
255 -> 255
138 -> 138
85 -> 85
339 -> 339
63 -> 63
254 -> 254
86 -> 86
297 -> 297
87 -> 87
77 -> 77
208 -> 208
93 -> 93
301 -> 301
48 -> 48
42 -> 42
263 -> 263
354 -> 354
29 -> 29
219 -> 219
103 -> 103
154 -> 154
67 -> 67
124 -> 124
179 -> 179
320 -> 320
168 -> 168
226 -> 226
245 -> 245
151 -> 151
266 -> 266
261 -> 261
321 -> 321
195 -> 195
24 -> 24
343 -> 343
147 -> 147
230 -> 230
27 -> 27
44 -> 44
270 -> 270
314 -> 314
334 -> 334
310 -> 310
62 -> 62
