126 -> 126
216 -> 216
81 -> 81
110 -> 110
111 -> 111
12 -> 12
62 -> 62
106 -> 106
348 -> 348
295 -> 295
195 -> 195
24 -> 24
52 -> 52
223 -> 223
347 -> 347
317 -> 317
66 -> 66
248 -> 248
107 -> 107
210 -> 210
65 -> 65
179 -> 179
201 -> 201
218 -> 218
297 -> 297
196 -> 196
7 -> 7
259 -> 259
39 -> 39
323 -> 323
98 -> 98
130 -> 130
30 -> 30
80 -> 80
122 -> 122
244 -> 244
255 -> 255
45 -> 45
90 -> 90
176 -> 176
229 -> 229
231 -> 231
190 -> 190
133 -> 133
31 -> 31
350 -> 350
343 -> 343
299 -> 299
137 -> 137
67 -> 67
261 -> 261
338 -> 338
199 -> 199
225 -> 225
64 -> 64
202 -> 202
73 -> 73
311 -> 311
93 -> 93
168 -> 168
213 -> 213
286 -> 286
189 -> 189
243 -> 243
74 -> 74
153 -> 153
220 -> 220
5 -> 5
134 -> 134
82 -> 82
310 -> 310
250 -> 250
151 -> 151
254 -> 254
349 -> 349
197 -> 197
263 -> 263
6 -> 6
242 -> 242
260 -> 260
180 -> 180
352 -> 352
161 -> 161
219 -> 219
78 -> 78
87 -> 87
167 -> 167
175 -> 175
329 -> 329
304 -> 304
314 -> 314
29 -> 29
207 -> 207
79 -> 79
132 -> 132
135 -> 135
264 -> 264
85 -> 85
294 -> 294
40 -> 40
55 -> 55
88 -> 88
278 -> 278
235 -> 235
8 -> 8
166 -> 166
183 -> 183
325 -> 325
105 -> 105
249 -> 249
240 -> 240
165 -> 165
245 -> 245
296 -> 296
182 -> 182
99 -> 99
154 -> 154
41 -> 41
224 -> 224
333 -> 333
104 -> 104
70 -> 70
206 -> 206
318 -> 318
141 -> 141
205 -> 205
351 -> 351
230 -> 230
103 -> 103
226 -> 226
91 -> 91
92 -> 92
204 -> 204
124 -> 124
54 -> 54
42 -> 42
53 -> 53
332 -> 332
298 -> 298
57 -> 57
148 -> 148
19 -> 19
307 -> 307
222 -> 222
117 -> 117
77 -> 77
47 -> 47
115 -> 115
228 -> 228
44 -> 44
354 -> 354
246 -> 246
239 -> 239
86 -> 86
212 -> 212
60 -> 60
46 -> 46
68 -> 68
9 -> 9
267 -> 267
194 -> 194
181 -> 181
301 -> 301
253 -> 253
27 -> 27
49 -> 49
340 -> 340
327 -> 327
162 -> 162
234 -> 234
26 -> 26
118 -> 118
266 -> 266
20 -> 20
335 -> 335
169 -> 169
211 -> 211
252 -> 252
214 -> 214
71 -> 71
270 -> 270
324 -> 324
241 -> 241
116 -> 116
123 -> 123
63 -> 63
200 -> 200
95 -> 95
208 -> 208
155 -> 155
353 -> 353
125 -> 125
236 -> 236
300 -> 300
320 -> 320
321 -> 321
262 -> 262
4 -> 4
28 -> 28
336 -> 336
346 -> 346
108 -> 108
138 -> 138
265 -> 265
334 -> 334
119 -> 119
48 -> 48
147 -> 147
339 -> 339
25 -> 25
43 -> 43
328 -> 328
232 -> 232
94 -> 94
342 -> 342
247 -> 247
21 -> 21
56 -> 56
217 -> 217
152 -> 152
198 -> 198
131 -> 131
