4 -> 4
19 -> 19
28 -> 28
30 -> 30
39 -> 39
42 -> 42
43 -> 43
44 -> 44
46 -> 46
52 -> 52
53 -> 53
57 -> 57
67 -> 67
70 -> 70
71 -> 71
78 -> 78
79 -> 79
86 -> 86
90 -> 90
110 -> 110
116 -> 116
122 -> 122
132 -> 132
133 -> 133
134 -> 134
135 -> 135
137 -> 137
138 -> 138
147 -> 147
151 -> 151
161 -> 161
165 -> 165
179 -> 179
183 -> 183
189 -> 189
194 -> 194
210 -> 210
216 -> 216
218 -> 218
222 -> 222
228 -> 228
234 -> 234
236 -> 236
239 -> 239
242 -> 242
245 -> 245
250 -> 250
252 -> 252
255 -> 255
259 -> 259
261 -> 261
262 -> 262
270 -> 270
278 -> 278
286 -> 286
294 -> 294
295 -> 295
297 -> 297
300 -> 300
307 -> 307
310 -> 310
314 -> 314
317 -> 317
318 -> 318
323 -> 323
327 -> 327
332 -> 332
339 -> 339
342 -> 342
348 -> 348
352 -> 352
