254 -> 254
219 -> 219
350 -> 350
298 -> 298
196 -> 196
210 -> 210
228 -> 228
39 -> 39
301 -> 301
63 -> 63
327 -> 327
264 -> 264
90 -> 90
77 -> 77
155 -> 155
310 -> 310
91 -> 91
218 -> 218
165 -> 165
98 -> 98
339 -> 339
189 -> 189
68 -> 68
73 -> 73
43 -> 43
263 -> 263
223 -> 223
300 -> 300
86 -> 86
79 -> 79
93 -> 93
175 -> 175
21 -> 21
27 -> 27
107 -> 107
31 -> 31
314 -> 314
323 -> 323
118 -> 118
95 -> 95
48 -> 48
253 -> 253
200 -> 200
57 -> 57
8 -> 8
153 -> 153
202 -> 202
208 -> 208
325 -> 325
244 -> 244
320 -> 320
236 -> 236
162 -> 162
105 -> 105
250 -> 250
110 -> 110
307 -> 307
295 -> 295
154 -> 154
229 -> 229
65 -> 65
166 -> 166
141 -> 141
231 -> 231
245 -> 245
241 -> 241
29 -> 29
20 -> 20
54 -> 54
252 -> 252
52 -> 52
87 -> 87
266 -> 266
71 -> 71
44 -> 44
70 -> 70
92 -> 92
239 -> 239
49 -> 49
348 -> 348
270 -> 270
137 -> 137
62 -> 62
286 -> 286
151 -> 151
122 -> 122
247 -> 247
42 -> 42
317 -> 317
260 -> 260
299 -> 299
336 -> 336
351 -> 351
147 -> 147
64 -> 64
190 -> 190
226 -> 226
47 -> 47
104 -> 104
297 -> 297
207 -> 207
194 -> 194
24 -> 24
354 -> 354
40 -> 40
230 -> 230
106 -> 106
197 -> 197
234 -> 234
294 -> 294
278 -> 278
60 -> 60
111 -> 111
4 -> 4
183 -> 183
304 -> 304
217 -> 217
243 -> 243
249 -> 249
342 -> 342
78 -> 78
225 -> 225
204 -> 204
19 -> 19
81 -> 81
255 -> 255
133 -> 133
168 -> 168
88 -> 88
248 -> 248
161 -> 161
240 -> 240
116 -> 116
220 -> 220
206 -> 206
99 -> 99
198 -> 198
318 -> 318
28 -> 28
115 -> 115
213 -> 213
12 -> 12
179 -> 179
261 -> 261
138 -> 138
5 -> 5
46 -> 46
135 -> 135
103 -> 103
349 -> 349
7 -> 7
205 -> 205
216 -> 216
321 -> 321
132 -> 132
176 -> 176
130 -> 130
259 -> 259
195 -> 195
222 -> 222
242 -> 242
126 -> 126
343 -> 343
334 -> 334
262 -> 262
267 -> 267
332 -> 332
352 -> 352
85 -> 85
67 -> 67
199 -> 199
214 -> 214
80 -> 80
134 -> 134
124 -> 124
30 -> 30
338 -> 338
53 -> 53
