65 -> 65
79 -> 79
198 -> 198
219 -> 219
70 -> 70
204 -> 204
230 -> 230
223 -> 223
244 -> 244
107 -> 107
168 -> 168
240 -> 240
104 -> 104
343 -> 343
106 -> 106
77 -> 77
78 -> 78
278 -> 278
354 -> 354
307 -> 307
73 -> 73
298 -> 298
80 -> 80
248 -> 248
196 -> 196
12 -> 12
153 -> 153
190 -> 190
216 -> 216
200 -> 200
166 -> 166
130 -> 130
317 -> 317
57 -> 57
222 -> 222
7 -> 7
49 -> 49
147 -> 147
98 -> 98
348 -> 348
68 -> 68
323 -> 323
99 -> 99
247 -> 247
241 -> 241
314 -> 314
236 -> 236
226 -> 226
24 -> 24
31 -> 31
165 -> 165
63 -> 63
175 -> 175
67 -> 67
118 -> 118
47 -> 47
253 -> 253
54 -> 54
53 -> 53
352 -> 352
8 -> 8
231 -> 231
162 -> 162
155 -> 155
338 -> 338
46 -> 46
249 -> 249
350 -> 350
310 -> 310
60 -> 60
320 -> 320
295 -> 295
141 -> 141
210 -> 210
301 -> 301
297 -> 297
208 -> 208
71 -> 71
339 -> 339
197 -> 197
205 -> 205
134 -> 134
126 -> 126
351 -> 351
21 -> 21
199 -> 199
327 -> 327
325 -> 325
179 -> 179
262 -> 262
304 -> 304
40 -> 40
110 -> 110
138 -> 138
255 -> 255
161 -> 161
220 -> 220
132 -> 132
48 -> 48
135 -> 135
218 -> 218
44 -> 44
242 -> 242
124 -> 124
264 -> 264
88 -> 88
42 -> 42
27 -> 27
20 -> 20
213 -> 213
299 -> 299
349 -> 349
245 -> 245
183 -> 183
214 -> 214
30 -> 30
62 -> 62
261 -> 261
52 -> 52
39 -> 39
270 -> 270
195 -> 195
29 -> 29
252 -> 252
43 -> 43
86 -> 86
95 -> 95
111 -> 111
151 -> 151
90 -> 90
64 -> 64
122 -> 122
85 -> 85
103 -> 103
321 -> 321
334 -> 334
92 -> 92
228 -> 228
239 -> 239
267 -> 267
332 -> 332
234 -> 234
225 -> 225
19 -> 19
254 -> 254
263 -> 263
243 -> 243
133 -> 133
189 -> 189
260 -> 260
300 -> 300
217 -> 217
342 -> 342
4 -> 4
87 -> 87
202 -> 202
154 -> 154
137 -> 137
286 -> 286
259 -> 259
294 -> 294
28 -> 28
176 -> 176
91 -> 91
336 -> 336
5 -> 5
116 -> 116
266 -> 266
229 -> 229
206 -> 206
318 -> 318
207 -> 207
81 -> 81
115 -> 115
250 -> 250
194 -> 194
105 -> 105
93 -> 93
