48 -> 50
109 -> 109
234 -> 234
153 -> 159
24 -> 37
219 -> 220
13 -> 37
261 -> 261
245 -> 248
58 -> 60
161 -> 163
235 -> 236
243 -> 243
34 -> 37
1 -> 37
174 -> 176
10 -> 37
77 -> 83
88 -> 89
212 -> 212
124 -> 125
187 -> 191
121 -> 125
162 -> 163
184 -> 184
118 -> 118
120 -> 120
82 -> 83
240 -> 240
199 -> 200
63 -> 63
176 -> 176
100 -> 104
35 -> 37
266 -> 267
66 -> 67
69 -> 71
215 -> 215
195 -> 198
21 -> 37
53 -> 53
210 -> 210
250 -> 251
50 -> 50
194 -> 194
253 -> 253
132 -> 132
259 -> 260
189 -> 191
83 -> 83
186 -> 186
226 -> 227
237 -> 237
145 -> 145
