199 -> 200
195 -> 198
34 -> 37
226 -> 227
234 -> 234
189 -> 191
261 -> 261
48 -> 50
186 -> 186
253 -> 253
132 -> 132
162 -> 163
174 -> 176
50 -> 50
250 -> 251
187 -> 191
124 -> 125
82 -> 83
69 -> 71
118 -> 118
161 -> 163
120 -> 120
1 -> 37
121 -> 125
10 -> 37
77 -> 83
240 -> 240
212 -> 212
83 -> 83
215 -> 215
24 -> 37
245 -> 248
219 -> 220
176 -> 176
13 -> 37
58 -> 60
100 -> 104
109 -> 109
243 -> 243
259 -> 260
35 -> 37
63 -> 63
237 -> 237
266 -> 267
184 -> 184
235 -> 236
210 -> 210
66 -> 67
88 -> 89
21 -> 37
53 -> 53
153 -> 159
145 -> 145
194 -> 194
