0 -> 37
1 -> 37
2 -> 37
3 -> 37
4 -> 37
5 -> 37
6 -> 37
7 -> 37
8 -> 37
9 -> 37
10 -> 37
11 -> 37
12 -> 37
13 -> 37
14 -> 37
15 -> 37
16 -> 37
17 -> 37
18 -> 37
19 -> 37
20 -> 37
21 -> 37
22 -> 37
23 -> 37
24 -> 37
25 -> 37
26 -> 37
27 -> 37
28 -> 37
29 -> 37
30 -> 37
31 -> 37
32 -> 37
33 -> 37
34 -> 37
35 -> 37
36 -> 37
37 -> 37
38 -> 39
39 -> 39
40 -> 40
41 -> 42
42 -> 42
43 -> 45
44 -> 45
45 -> 45
46 -> 46
47 -> 47
48 -> 50
49 -> 50
50 -> 50
51 -> 51
52 -> 53
53 -> 53
54 -> 55
55 -> 55
56 -> 60
57 -> 60
58 -> 60
59 -> 60
60 -> 60
61 -> 61
62 -> 63
63 -> 63
64 -> 67
65 -> 67
66 -> 67
67 -> 67
68 -> 68
69 -> 71
70 -> 71
71 -> 71
72 -> 72
73 -> 73
74 -> 76
75 -> 76
76 -> 76
77 -> 83
78 -> 83
79 -> 80
80 -> 80
81 -> 81
82 -> 83
83 -> 83
84 -> 89
85 -> 89
86 -> 89
87 -> 89
88 -> 89
89 -> 89
90 -> 92
91 -> 92
92 -> 92
93 -> 94
94 -> 94
95 -> 95
96 -> 98
97 -> 98
98 -> 98
99 -> 99
100 -> 104
101 -> 104
102 -> 104
103 -> 104
104 -> 104
105 -> 105
106 -> 106
107 -> 107
108 -> 108
109 -> 109
110 -> 112
111 -> 112
112 -> 112
113 -> 113
114 -> 114
115 -> 118
116 -> 118
117 -> 118
118 -> 118
119 -> 120
120 -> 120
121 -> 125
122 -> 125
123 -> 125
124 -> 125
125 -> 125
126 -> 132
127 -> 132
128 -> 132
129 -> 132
130 -> 132
131 -> 132
132 -> 132
133 -> 133
134 -> 135
135 -> 135
136 -> 136
137 -> 139
138 -> 139
139 -> 139
140 -> 140
141 -> 141
142 -> 145
143 -> 145
144 -> 145
145 -> 145
146 -> 147
147 -> 147
148 -> 152
149 -> 152
150 -> 152
151 -> 152
152 -> 152
153 -> 159
154 -> 159
155 -> 159
156 -> 159
157 -> 159
158 -> 159
159 -> 159
160 -> 160
161 -> 163
162 -> 163
163 -> 163
164 -> 165
165 -> 165
166 -> 176
167 -> 176
168 -> 176
169 -> 176
170 -> 176
171 -> 176
172 -> 176
173 -> 176
174 -> 176
175 -> 176
176 -> 176
177 -> 194
178 -> 194
179 -> 194
180 -> 181
181 -> 181
182 -> 182
183 -> 183
184 -> 184
185 -> 185
186 -> 186
187 -> 191
188 -> 191
189 -> 191
190 -> 191
191 -> 191
192 -> 192
193 -> 194
194 -> 194
195 -> 198
196 -> 198
197 -> 198
198 -> 198
199 -> 200
200 -> 200
201 -> 203
202 -> 203
203 -> 203
204 -> 204
205 -> 207
206 -> 207
207 -> 207
208 -> 209
209 -> 209
210 -> 210
211 -> 211
212 -> 212
213 -> 213
214 -> 215
215 -> 215
216 -> 216
217 -> 218
218 -> 218
219 -> 220
220 -> 220
221 -> 221
222 -> 222
223 -> 225
224 -> 225
225 -> 225
226 -> 227
227 -> 227
228 -> 228
229 -> 263
230 -> 232
231 -> 232
232 -> 232
233 -> 234
234 -> 234
235 -> 236
236 -> 236
237 -> 237
238 -> 239
239 -> 239
240 -> 240
241 -> 241
242 -> 242
243 -> 243
244 -> 244
245 -> 248
246 -> 248
247 -> 248
248 -> 248
249 -> 249
250 -> 251
251 -> 251
252 -> 252
253 -> 253
254 -> 254
255 -> 257
256 -> 257
257 -> 257
258 -> 258
259 -> 260
260 -> 260
261 -> 261
262 -> 263
263 -> 263
264 -> 265
265 -> 265
266 -> 267
267 -> 267
268 -> 268
269 -> 270
270 -> 270
271 -> 37
