1 -> 37
83 -> 83
114 -> 114
232 -> 232
63 -> 63
251 -> 251
80 -> 80
143 -> 145
188 -> 191
226 -> 227
171 -> 176
163 -> 163
53 -> 53
49 -> 50
48 -> 50
219 -> 220
189 -> 191
89 -> 89
154 -> 159
60 -> 60
237 -> 237
196 -> 198
120 -> 120
11 -> 37
123 -> 125
266 -> 267
151 -> 152
263 -> 263
145 -> 145
16 -> 37
136 -> 136
40 -> 40
262 -> 263
252 -> 252
257 -> 257
234 -> 234
245 -> 248
195 -> 198
186 -> 186
140 -> 140
91 -> 92
134 -> 135
212 -> 212
92 -> 92
200 -> 200
61 -> 61
235 -> 236
166 -> 176
109 -> 109
210 -> 210
250 -> 251
197 -> 198
10 -> 37
203 -> 203
172 -> 176
247 -> 248
173 -> 176
82 -> 83
159 -> 159
73 -> 73
167 -> 176
162 -> 163
34 -> 37
161 -> 163
209 -> 209
253 -> 253
121 -> 125
198 -> 198
88 -> 89
100 -> 104
240 -> 240
231 -> 232
13 -> 37
52 -> 53
199 -> 200
50 -> 50
118 -> 118
221 -> 221
37 -> 37
243 -> 243
69 -> 71
233 -> 234
84 -> 89
227 -> 227
239 -> 239
184 -> 184
248 -> 248
176 -> 176
7 -> 37
58 -> 60
105 -> 105
86 -> 89
164 -> 165
202 -> 203
41 -> 42
215 -> 215
22 -> 37
218 -> 218
174 -> 176
32 -> 37
77 -> 83
21 -> 37
201 -> 203
66 -> 67
111 -> 112
104 -> 104
170 -> 176
270 -> 270
259 -> 260
4 -> 37
67 -> 67
87 -> 89
59 -> 60
183 -> 183
153 -> 159
147 -> 147
216 -> 216
213 -> 213
238 -> 239
29 -> 37
0 -> 37
194 -> 194
128 -> 132
99 -> 99
35 -> 37
46 -> 46
175 -> 176
187 -> 191
124 -> 125
33 -> 37
24 -> 37
94 -> 94
132 -> 132
110 -> 112
261 -> 261
125 -> 125
