11 -> 37
255 -> 257
151 -> 152
221 -> 221
257 -> 257
176 -> 176
53 -> 53
218 -> 218
43 -> 45
207 -> 207
236 -> 236
194 -> 194
153 -> 159
117 -> 118
23 -> 37
74 -> 76
77 -> 83
47 -> 47
197 -> 198
85 -> 89
184 -> 184
37 -> 37
116 -> 118
54 -> 55
70 -> 71
35 -> 37
105 -> 105
242 -> 242
159 -> 159
271 -> 37
114 -> 114
87 -> 89
66 -> 67
227 -> 227
80 -> 80
98 -> 98
229 -> 263
26 -> 37
161 -> 163
134 -> 135
38 -> 39
31 -> 37
73 -> 73
239 -> 239
204 -> 204
18 -> 37
6 -> 37
1 -> 37
92 -> 92
199 -> 200
63 -> 63
79 -> 80
121 -> 125
241 -> 241
213 -> 213
249 -> 249
226 -> 227
137 -> 139
202 -> 203
231 -> 232
65 -> 67
156 -> 159
209 -> 209
146 -> 147
237 -> 237
173 -> 176
108 -> 108
223 -> 225
163 -> 163
222 -> 222
208 -> 209
162 -> 163
187 -> 191
96 -> 98
235 -> 236
140 -> 140
132 -> 132
214 -> 215
260 -> 260
17 -> 37
111 -> 112
265 -> 265
216 -> 216
136 -> 136
166 -> 176
264 -> 265
270 -> 270
147 -> 147
144 -> 145
107 -> 107
164 -> 165
109 -> 109
93 -> 94
88 -> 89
189 -> 191
192 -> 192
135 -> 135
115 -> 118
112 -> 112
34 -> 37
24 -> 37
40 -> 40
122 -> 125
210 -> 210
46 -> 46
29 -> 37
196 -> 198
19 -> 37
131 -> 132
252 -> 252
158 -> 159
4 -> 37
130 -> 132
64 -> 67
126 -> 132
182 -> 182
52 -> 53
170 -> 176
103 -> 104
250 -> 251
256 -> 257
10 -> 37
248 -> 248
2 -> 37
56 -> 60
0 -> 37
83 -> 83
69 -> 71
51 -> 51
5 -> 37
198 -> 198
203 -> 203
267 -> 267
155 -> 159
97 -> 98
84 -> 89
128 -> 132
206 -> 207
246 -> 248
124 -> 125
82 -> 83
142 -> 145
165 -> 165
238 -> 239
20 -> 37
148 -> 152
102 -> 104
201 -> 203
154 -> 159
149 -> 152
71 -> 71
215 -> 215
172 -> 176
211 -> 211
186 -> 186
150 -> 152
152 -> 152
89 -> 89
110 -> 112
76 -> 76
55 -> 55
195 -> 198
268 -> 268
86 -> 89
174 -> 176
261 -> 261
228 -> 228
49 -> 50
7 -> 37
33 -> 37
81 -> 81
44 -> 45
243 -> 243
179 -> 194
234 -> 234
183 -> 183
113 -> 113
8 -> 37
123 -> 125
177 -> 194
62 -> 63
72 -> 72
118 -> 118
171 -> 176
14 -> 37
27 -> 37
181 -> 181
99 -> 99
127 -> 132
233 -> 234
42 -> 42
245 -> 248
230 -> 232
143 -> 145
178 -> 194
263 -> 263
259 -> 260
91 -> 92
75 -> 76
61 -> 61
36 -> 37
120 -> 120
139 -> 139
145 -> 145
212 -> 212
160 -> 160
15 -> 37
244 -> 244
45 -> 45
220 -> 220
217 -> 218
90 -> 92
13 -> 37
16 -> 37
12 -> 37
100 -> 104
28 -> 37
129 -> 132
254 -> 254
141 -> 141
39 -> 39
191 -> 191
185 -> 185
205 -> 207
240 -> 240
169 -> 176
48 -> 50
269 -> 270
266 -> 267
22 -> 37
50 -> 50
190 -> 191
168 -> 176
175 -> 176
253 -> 253
78 -> 83
32 -> 37
251 -> 251
3 -> 37
258 -> 258
180 -> 181
119 -> 120
58 -> 60
224 -> 225
225 -> 225
262 -> 263
104 -> 104
125 -> 125
30 -> 37
133 -> 133
106 -> 106
67 -> 67
101 -> 104
138 -> 139
59 -> 60
193 -> 194
232 -> 232
157 -> 159
200 -> 200
60 -> 60
219 -> 220
25 -> 37
41 -> 42
247 -> 248
21 -> 37
95 -> 95
188 -> 191
9 -> 37
94 -> 94
167 -> 176
57 -> 60
68 -> 68
