187 -> 191
172 -> 176
220 -> 220
20 -> 37
132 -> 132
45 -> 45
155 -> 159
117 -> 118
76 -> 76
232 -> 232
203 -> 203
12 -> 37
183 -> 183
90 -> 92
197 -> 198
250 -> 251
34 -> 37
165 -> 165
71 -> 71
74 -> 76
77 -> 83
56 -> 60
237 -> 237
204 -> 204
198 -> 198
199 -> 200
173 -> 176
248 -> 248
65 -> 67
148 -> 152
196 -> 198
125 -> 125
269 -> 270
33 -> 37
149 -> 152
1 -> 37
53 -> 53
11 -> 37
52 -> 53
210 -> 210
92 -> 92
95 -> 95
24 -> 37
157 -> 159
184 -> 184
50 -> 50
44 -> 45
108 -> 108
27 -> 37
133 -> 133
216 -> 216
37 -> 37
110 -> 112
101 -> 104
247 -> 248
166 -> 176
139 -> 139
72 -> 72
111 -> 112
185 -> 185
256 -> 257
54 -> 55
188 -> 191
167 -> 176
55 -> 55
2 -> 37
35 -> 37
43 -> 45
152 -> 152
118 -> 118
19 -> 37
160 -> 160
4 -> 37
209 -> 209
70 -> 71
263 -> 263
0 -> 37
99 -> 99
79 -> 80
170 -> 176
231 -> 232
200 -> 200
58 -> 60
18 -> 37
93 -> 94
266 -> 267
36 -> 37
143 -> 145
221 -> 221
191 -> 191
81 -> 81
14 -> 37
86 -> 89
41 -> 42
260 -> 260
201 -> 203
32 -> 37
136 -> 136
246 -> 248
84 -> 89
159 -> 159
181 -> 181
103 -> 104
180 -> 181
205 -> 207
114 -> 114
83 -> 83
13 -> 37
100 -> 104
238 -> 239
268 -> 268
193 -> 194
69 -> 71
226 -> 227
252 -> 252
267 -> 267
242 -> 242
3 -> 37
131 -> 132
223 -> 225
68 -> 68
177 -> 194
194 -> 194
82 -> 83
163 -> 163
73 -> 73
138 -> 139
218 -> 218
195 -> 198
174 -> 176
94 -> 94
144 -> 145
66 -> 67
113 -> 113
129 -> 132
239 -> 239
262 -> 263
112 -> 112
98 -> 98
215 -> 215
208 -> 209
135 -> 135
128 -> 132
176 -> 176
190 -> 191
25 -> 37
153 -> 159
213 -> 213
64 -> 67
51 -> 51
150 -> 152
22 -> 37
67 -> 67
255 -> 257
126 -> 132
109 -> 109
122 -> 125
9 -> 37
161 -> 163
105 -> 105
96 -> 98
182 -> 182
249 -> 249
123 -> 125
63 -> 63
80 -> 80
240 -> 240
224 -> 225
207 -> 207
154 -> 159
158 -> 159
42 -> 42
235 -> 236
264 -> 265
270 -> 270
88 -> 89
17 -> 37
115 -> 118
212 -> 212
258 -> 258
151 -> 152
21 -> 37
5 -> 37
59 -> 60
227 -> 227
141 -> 141
10 -> 37
127 -> 132
265 -> 265
48 -> 50
97 -> 98
236 -> 236
189 -> 191
130 -> 132
245 -> 248
87 -> 89
107 -> 107
228 -> 228
85 -> 89
104 -> 104
137 -> 139
31 -> 37
244 -> 244
171 -> 176
57 -> 60
254 -> 254
23 -> 37
29 -> 37
243 -> 243
91 -> 92
142 -> 145
206 -> 207
40 -> 40
47 -> 47
116 -> 118
179 -> 194
75 -> 76
62 -> 63
156 -> 159
259 -> 260
271 -> 37
233 -> 234
192 -> 192
178 -> 194
15 -> 37
124 -> 125
234 -> 234
168 -> 176
78 -> 83
186 -> 186
49 -> 50
7 -> 37
121 -> 125
60 -> 60
102 -> 104
145 -> 145
257 -> 257
38 -> 39
26 -> 37
39 -> 39
217 -> 218
61 -> 61
225 -> 225
164 -> 165
16 -> 37
89 -> 89
146 -> 147
120 -> 120
241 -> 241
214 -> 215
169 -> 176
119 -> 120
46 -> 46
222 -> 222
147 -> 147
219 -> 220
134 -> 135
30 -> 37
251 -> 251
140 -> 140
229 -> 263
230 -> 232
8 -> 37
202 -> 203
261 -> 261
175 -> 176
28 -> 37
162 -> 163
6 -> 37
253 -> 253
211 -> 211
106 -> 106
