194 -> 194
1 -> 37
149 -> 152
28 -> 37
75 -> 76
247 -> 248
68 -> 68
31 -> 37
78 -> 83
187 -> 191
204 -> 204
120 -> 120
270 -> 270
122 -> 125
214 -> 215
18 -> 37
258 -> 258
6 -> 37
58 -> 60
132 -> 132
102 -> 104
213 -> 213
36 -> 37
175 -> 176
24 -> 37
61 -> 61
231 -> 232
252 -> 252
64 -> 67
169 -> 176
218 -> 218
165 -> 165
205 -> 207
230 -> 232
72 -> 72
111 -> 112
193 -> 194
210 -> 210
105 -> 105
144 -> 145
178 -> 194
269 -> 270
238 -> 239
88 -> 89
108 -> 108
107 -> 107
16 -> 37
146 -> 147
157 -> 159
113 -> 113
140 -> 140
11 -> 37
153 -> 159
257 -> 257
267 -> 267
143 -> 145
199 -> 200
255 -> 257
112 -> 112
158 -> 159
34 -> 37
229 -> 263
5 -> 37
217 -> 218
3 -> 37
167 -> 176
101 -> 104
222 -> 222
232 -> 232
8 -> 37
136 -> 136
23 -> 37
41 -> 42
203 -> 203
250 -> 251
77 -> 83
180 -> 181
237 -> 237
27 -> 37
176 -> 176
150 -> 152
51 -> 51
216 -> 216
129 -> 132
39 -> 39
152 -> 152
220 -> 220
207 -> 207
182 -> 182
134 -> 135
159 -> 159
20 -> 37
15 -> 37
248 -> 248
138 -> 139
33 -> 37
254 -> 254
221 -> 221
9 -> 37
19 -> 37
35 -> 37
166 -> 176
234 -> 234
243 -> 243
195 -> 198
156 -> 159
44 -> 45
117 -> 118
99 -> 99
181 -> 181
239 -> 239
125 -> 125
17 -> 37
116 -> 118
240 -> 240
47 -> 47
163 -> 163
172 -> 176
137 -> 139
52 -> 53
89 -> 89
202 -> 203
90 -> 92
30 -> 37
38 -> 39
73 -> 73
10 -> 37
189 -> 191
225 -> 225
190 -> 191
13 -> 37
212 -> 212
93 -> 94
96 -> 98
123 -> 125
65 -> 67
26 -> 37
43 -> 45
256 -> 257
87 -> 89
128 -> 132
74 -> 76
246 -> 248
14 -> 37
228 -> 228
215 -> 215
49 -> 50
94 -> 94
127 -> 132
226 -> 227
236 -> 236
69 -> 71
22 -> 37
114 -> 114
91 -> 92
241 -> 241
81 -> 81
233 -> 234
70 -> 71
141 -> 141
196 -> 198
45 -> 45
110 -> 112
148 -> 152
79 -> 80
227 -> 227
266 -> 267
174 -> 176
271 -> 37
211 -> 211
59 -> 60
145 -> 145
224 -> 225
162 -> 163
29 -> 37
82 -> 83
219 -> 220
151 -> 152
168 -> 176
37 -> 37
164 -> 165
173 -> 176
133 -> 133
63 -> 63
84 -> 89
109 -> 109
131 -> 132
85 -> 89
55 -> 55
242 -> 242
200 -> 200
251 -> 251
76 -> 76
97 -> 98
135 -> 135
2 -> 37
186 -> 186
100 -> 104
188 -> 191
155 -> 159
48 -> 50
259 -> 260
208 -> 209
83 -> 83
154 -> 159
206 -> 207
62 -> 63
192 -> 192
185 -> 185
98 -> 98
262 -> 263
95 -> 95
147 -> 147
201 -> 203
60 -> 60
171 -> 176
223 -> 225
115 -> 118
209 -> 209
54 -> 55
253 -> 253
244 -> 244
118 -> 118
197 -> 198
67 -> 67
121 -> 125
170 -> 176
42 -> 42
40 -> 40
268 -> 268
161 -> 163
264 -> 265
245 -> 248
103 -> 104
142 -> 145
183 -> 183
4 -> 37
179 -> 194
92 -> 92
50 -> 50
265 -> 265
71 -> 71
177 -> 194
261 -> 261
191 -> 191
249 -> 249
104 -> 104
235 -> 236
25 -> 37
56 -> 60
46 -> 46
57 -> 60
160 -> 160
119 -> 120
86 -> 89
7 -> 37
32 -> 37
260 -> 260
130 -> 132
184 -> 184
198 -> 198
139 -> 139
80 -> 80
124 -> 125
53 -> 53
0 -> 37
21 -> 37
66 -> 67
12 -> 37
126 -> 132
106 -> 106
263 -> 263
