366 -> 375
320 -> 320
108 -> 108
68 -> 68
170 -> 171
316 -> 316
296 -> 296
76 -> 76
181 -> 181
185 -> 185
419 -> 419
281 -> 281
314 -> 314
196 -> 196
217 -> 217
371 -> 375
171 -> 172
2 -> 13
184 -> 184
379 -> 383
213 -> 213
221 -> 221
305 -> 305
73 -> 74
180 -> 180
376 -> 376
11 -> 13
190 -> 191
220 -> 220
128 -> 128
207 -> 207
64 -> 64
127 -> 128
386 -> 397
404 -> 410
159 -> 167
132 -> 132
198 -> 199
358 -> 358
153 -> 153
307 -> 307
202 -> 203
123 -> 128
218 -> 218
129 -> 130
240 -> 240
361 -> 361
104 -> 104
14 -> 14
410 -> 416
144 -> 144
269 -> 269
223 -> 224
285 -> 285
345 -> 346
228 -> 228
266 -> 266
210 -> 212
253 -> 253
72 -> 72
275 -> 276
302 -> 303
309 -> 309
94 -> 94
88 -> 88
139 -> 139
57 -> 58
167 -> 171
267 -> 268
35 -> 36
417 -> 417
380 -> 383
142 -> 144
313 -> 314
102 -> 102
59 -> 60
87 -> 88
359 -> 359
265 -> 265
251 -> 252
156 -> 167
287 -> 287
6 -> 13
192 -> 192
113 -> 113
370 -> 375
43 -> 44
329 -> 329
8 -> 13
9 -> 13
197 -> 197
237 -> 237
17 -> 17
143 -> 144
257 -> 257
112 -> 112
226 -> 226
83 -> 84
55 -> 56
262 -> 262
160 -> 167
3 -> 13
90 -> 90
16 -> 17
93 -> 94
242 -> 243
283 -> 284
95 -> 96
111 -> 112
30 -> 30
416 -> 416
312 -> 312
1 -> 13
261 -> 261
339 -> 340
120 -> 120
331 -> 334
245 -> 248
317 -> 317
187 -> 187
295 -> 296
51 -> 52
373 -> 375
284 -> 285
227 -> 228
33 -> 33
20 -> 21
399 -> 410
148 -> 148
15 -> 15
246 -> 248
298 -> 299
58 -> 108
234 -> 234
119 -> 119
286 -> 286
105 -> 106
77 -> 78
244 -> 248
212 -> 278
101 -> 102
45 -> 45
390 -> 397
362 -> 362
372 -> 375
297 -> 297
290 -> 290
389 -> 397
387 -> 397
321 -> 321
178 -> 179
194 -> 195
110 -> 110
66 -> 66
70 -> 70
154 -> 167
315 -> 315
195 -> 278
310 -> 310
19 -> 19
209 -> 209
413 -> 413
398 -> 410
383 -> 416
103 -> 104
347 -> 347
166 -> 167
23 -> 23
271 -> 272
272 -> 278
175 -> 175
355 -> 355
40 -> 41
338 -> 340
356 -> 356
48 -> 48
277 -> 278
236 -> 237
343 -> 344
177 -> 179
231 -> 231
98 -> 98
75 -> 76
369 -> 375
161 -> 167
168 -> 168
12 -> 13
18 -> 18
140 -> 140
233 -> 233
60 -> 108
99 -> 100
360 -> 361
274 -> 274
255 -> 256
299 -> 301
138 -> 139
243 -> 278
41 -> 47
81 -> 82
61 -> 62
141 -> 141
354 -> 355
44 -> 47
172 -> 279
326 -> 326
342 -> 342
155 -> 167
293 -> 293
135 -> 135
182 -> 183
126 -> 128
163 -> 167
375 -> 416
344 -> 346
216 -> 216
353 -> 353
46 -> 47
334 -> 346
414 -> 414
350 -> 350
311 -> 311
300 -> 301
96 -> 108
39 -> 41
27 -> 27
249 -> 249
401 -> 410
53 -> 54
34 -> 34
85 -> 86
152 -> 153
145 -> 145
306 -> 306
367 -> 375
235 -> 237
137 -> 137
352 -> 352
147 -> 147
292 -> 292
406 -> 410
42 -> 44
7 -> 13
260 -> 260
291 -> 291
86 -> 108
188 -> 188
106 -> 108
394 -> 397
232 -> 233
65 -> 66
146 -> 146
239 -> 239
92 -> 92
247 -> 248
377 -> 383
256 -> 278
13 -> 18
165 -> 167
420 -> 420
348 -> 348
357 -> 358
115 -> 116
201 -> 201
397 -> 416
22 -> 22
186 -> 187
219 -> 220
230 -> 231
294 -> 294
150 -> 153
56 -> 108
384 -> 384
340 -> 346
130 -> 171
392 -> 397
158 -> 167
278 -> 279
67 -> 68
276 -> 278
301 -> 310
391 -> 397
133 -> 133
151 -> 153
330 -> 330
37 -> 37
134 -> 134
254 -> 254
107 -> 108
47 -> 48
268 -> 278
176 -> 176
412 -> 412
25 -> 25
415 -> 415
50 -> 50
204 -> 204
121 -> 122
395 -> 397
263 -> 264
323 -> 324
118 -> 118
174 -> 174
270 -> 270
328 -> 329
333 -> 334
365 -> 375
327 -> 327
405 -> 410
109 -> 109
122 -> 171
117 -> 117
368 -> 375
319 -> 319
400 -> 410
225 -> 225
169 -> 169
252 -> 278
332 -> 334
403 -> 410
183 -> 278
124 -> 128
136 -> 136
100 -> 108
324 -> 325
114 -> 114
325 -> 330
63 -> 64
32 -> 32
84 -> 108
200 -> 200
89 -> 90
10 -> 13
78 -> 108
62 -> 108
248 -> 278
288 -> 288
322 -> 322
69 -> 70
378 -> 383
203 -> 278
382 -> 383
162 -> 167
337 -> 337
418 -> 418
71 -> 72
131 -> 132
408 -> 410
97 -> 98
215 -> 216
179 -> 278
363 -> 363
164 -> 167
393 -> 397
279 -> 285
273 -> 273
388 -> 397
308 -> 309
318 -> 319
374 -> 375
264 -> 278
193 -> 193
402 -> 410
238 -> 239
336 -> 337
224 -> 278
280 -> 280
21 -> 25
74 -> 108
289 -> 290
381 -> 383
335 -> 337
52 -> 108
409 -> 410
4 -> 13
211 -> 212
385 -> 397
351 -> 351
303 -> 309
173 -> 174
304 -> 304
0 -> 13
54 -> 108
349 -> 350
28 -> 28
38 -> 38
282 -> 282
26 -> 26
222 -> 222
79 -> 80
91 -> 92
191 -> 278
214 -> 214
205 -> 205
364 -> 375
258 -> 258
206 -> 207
396 -> 397
49 -> 50
189 -> 189
259 -> 260
250 -> 250
208 -> 208
149 -> 153
229 -> 229
29 -> 29
411 -> 412
407 -> 410
241 -> 243
24 -> 25
5 -> 13
199 -> 278
31 -> 31
36 -> 47
125 -> 128
80 -> 108
157 -> 167
346 -> 347
116 -> 117
341 -> 342
82 -> 108
