383 -> 383
230 -> 231
257 -> 257
12 -> 13
384 -> 384
237 -> 237
334 -> 334
193 -> 193
246 -> 248
254 -> 254
144 -> 144
1 -> 13
207 -> 207
77 -> 78
130 -> 130
406 -> 410
161 -> 167
19 -> 19
42 -> 44
181 -> 181
214 -> 214
66 -> 66
379 -> 383
330 -> 330
328 -> 329
322 -> 322
89 -> 90
106 -> 106
125 -> 128
97 -> 98
18 -> 18
145 -> 145
202 -> 203
58 -> 58
420 -> 420
10 -> 13
281 -> 281
372 -> 375
16 -> 17
380 -> 383
320 -> 320
397 -> 397
185 -> 185
14 -> 14
395 -> 397
122 -> 122
300 -> 301
129 -> 130
118 -> 118
373 -> 375
290 -> 290
41 -> 41
142 -> 144
69 -> 70
59 -> 60
67 -> 68
55 -> 56
84 -> 84
74 -> 74
21 -> 21
333 -> 334
279 -> 279
391 -> 397
139 -> 139
217 -> 217
90 -> 108
131 -> 132
259 -> 260
260 -> 278
278 -> 279
57 -> 58
192 -> 192
29 -> 29
61 -> 62
401 -> 410
412 -> 412
381 -> 383
5 -> 13
248 -> 278
292 -> 292
182 -> 183
388 -> 397
178 -> 179
304 -> 304
73 -> 74
282 -> 282
164 -> 167
163 -> 167
190 -> 191
93 -> 94
126 -> 128
356 -> 356
227 -> 228
149 -> 153
256 -> 256
70 -> 108
351 -> 351
166 -> 167
174 -> 174
111 -> 112
176 -> 176
168 -> 168
100 -> 100
103 -> 104
239 -> 239
195 -> 195
92 -> 92
45 -> 45
342 -> 342
39 -> 41
266 -> 266
247 -> 248
133 -> 133
370 -> 375
253 -> 253
392 -> 397
390 -> 397
68 -> 108
11 -> 13
114 -> 114
88 -> 88
354 -> 355
233 -> 233
159 -> 167
71 -> 72
310 -> 310
289 -> 290
293 -> 293
124 -> 128
249 -> 249
296 -> 296
171 -> 171
232 -> 233
358 -> 358
362 -> 362
201 -> 201
313 -> 314
386 -> 397
265 -> 265
366 -> 375
204 -> 204
154 -> 167
375 -> 416
252 -> 252
48 -> 48
36 -> 36
261 -> 261
95 -> 96
184 -> 184
99 -> 100
26 -> 26
305 -> 305
205 -> 205
162 -> 167
326 -> 326
102 -> 102
104 -> 108
222 -> 222
167 -> 171
33 -> 33
160 -> 167
121 -> 122
403 -> 410
143 -> 144
225 -> 225
211 -> 212
339 -> 340
286 -> 286
405 -> 410
37 -> 37
116 -> 116
136 -> 136
238 -> 239
120 -> 120
200 -> 200
49 -> 50
229 -> 229
385 -> 397
62 -> 108
155 -> 167
377 -> 383
23 -> 23
194 -> 195
187 -> 187
13 -> 18
307 -> 307
285 -> 285
153 -> 171
158 -> 167
417 -> 417
2 -> 13
221 -> 221
220 -> 220
360 -> 361
8 -> 13
408 -> 410
127 -> 128
179 -> 278
327 -> 327
80 -> 80
346 -> 346
335 -> 337
228 -> 278
56 -> 108
34 -> 34
319 -> 319
224 -> 224
413 -> 413
325 -> 325
60 -> 108
298 -> 299
157 -> 167
350 -> 350
393 -> 397
341 -> 342
101 -> 102
123 -> 128
234 -> 234
264 -> 264
78 -> 108
199 -> 199
324 -> 324
344 -> 344
316 -> 316
347 -> 347
411 -> 412
20 -> 21
25 -> 25
22 -> 22
294 -> 294
86 -> 86
47 -> 47
299 -> 301
85 -> 86
402 -> 410
267 -> 268
6 -> 13
209 -> 209
363 -> 363
359 -> 359
188 -> 188
148 -> 148
119 -> 119
297 -> 297
376 -> 376
17 -> 18
219 -> 220
283 -> 284
152 -> 153
355 -> 361
65 -> 66
277 -> 278
269 -> 269
396 -> 397
338 -> 340
306 -> 306
389 -> 397
273 -> 273
398 -> 410
31 -> 31
303 -> 303
255 -> 256
87 -> 88
250 -> 250
212 -> 278
165 -> 167
82 -> 82
407 -> 410
311 -> 311
235 -> 237
172 -> 172
4 -> 13
203 -> 278
270 -> 270
15 -> 15
91 -> 92
416 -> 416
110 -> 110
331 -> 334
226 -> 226
368 -> 375
150 -> 153
115 -> 116
378 -> 383
242 -> 243
236 -> 237
43 -> 44
50 -> 108
44 -> 47
272 -> 272
308 -> 309
276 -> 276
183 -> 278
367 -> 375
387 -> 397
27 -> 27
348 -> 348
151 -> 153
213 -> 213
275 -> 276
240 -> 240
54 -> 54
291 -> 291
268 -> 278
364 -> 375
244 -> 248
135 -> 135
302 -> 303
284 -> 285
134 -> 134
81 -> 82
361 -> 416
223 -> 224
329 -> 330
52 -> 52
312 -> 312
146 -> 146
365 -> 375
274 -> 274
109 -> 109
409 -> 410
9 -> 13
196 -> 196
349 -> 350
241 -> 243
107 -> 108
132 -> 171
399 -> 410
243 -> 278
38 -> 38
231 -> 278
186 -> 187
357 -> 358
51 -> 52
415 -> 415
128 -> 171
414 -> 414
321 -> 321
147 -> 147
83 -> 84
137 -> 137
169 -> 169
318 -> 319
40 -> 41
410 -> 416
191 -> 278
317 -> 317
419 -> 419
337 -> 346
96 -> 108
271 -> 272
332 -> 334
28 -> 28
216 -> 216
3 -> 13
189 -> 189
76 -> 76
156 -> 167
197 -> 197
170 -> 171
0 -> 13
251 -> 252
32 -> 32
288 -> 288
7 -> 13
369 -> 375
141 -> 141
206 -> 207
258 -> 258
117 -> 117
301 -> 309
382 -> 383
175 -> 175
315 -> 315
75 -> 76
79 -> 80
343 -> 344
295 -> 296
138 -> 139
72 -> 108
314 -> 315
418 -> 418
218 -> 218
245 -> 248
113 -> 113
30 -> 30
263 -> 264
323 -> 324
404 -> 410
63 -> 64
280 -> 280
108 -> 109
35 -> 36
287 -> 287
105 -> 106
177 -> 179
400 -> 410
336 -> 337
340 -> 346
173 -> 174
371 -> 375
208 -> 208
112 -> 116
262 -> 262
64 -> 108
352 -> 352
24 -> 25
374 -> 375
140 -> 140
98 -> 108
53 -> 54
180 -> 180
353 -> 353
94 -> 108
394 -> 397
198 -> 199
210 -> 212
345 -> 346
215 -> 216
309 -> 310
46 -> 47
