29 -> 29
254 -> 254
281 -> 281
96 -> 96
223 -> 224
284 -> 284
229 -> 229
111 -> 112
200 -> 200
280 -> 280
358 -> 358
299 -> 299
329 -> 329
269 -> 269
252 -> 252
41 -> 41
110 -> 110
351 -> 351
363 -> 363
6 -> 13
366 -> 375
0 -> 13
207 -> 207
292 -> 292
327 -> 327
285 -> 285
387 -> 397
244 -> 248
187 -> 187
258 -> 258
40 -> 41
221 -> 221
377 -> 383
322 -> 322
79 -> 80
58 -> 58
143 -> 144
159 -> 167
107 -> 108
349 -> 350
160 -> 167
372 -> 375
418 -> 418
325 -> 325
401 -> 410
150 -> 153
172 -> 172
11 -> 13
190 -> 191
369 -> 375
313 -> 314
216 -> 216
375 -> 416
176 -> 176
238 -> 239
340 -> 340
97 -> 98
336 -> 337
218 -> 218
138 -> 139
78 -> 78
70 -> 70
82 -> 82
173 -> 174
99 -> 100
158 -> 167
323 -> 324
184 -> 184
250 -> 250
3 -> 13
376 -> 376
311 -> 311
227 -> 228
338 -> 340
298 -> 299
360 -> 361
381 -> 383
133 -> 133
388 -> 397
188 -> 188
228 -> 278
409 -> 410
326 -> 326
149 -> 153
154 -> 167
130 -> 130
52 -> 52
276 -> 276
114 -> 114
261 -> 261
412 -> 412
215 -> 216
92 -> 92
290 -> 290
352 -> 352
46 -> 47
407 -> 410
405 -> 410
61 -> 62
321 -> 321
54 -> 54
345 -> 346
116 -> 116
33 -> 33
282 -> 282
287 -> 287
139 -> 171
106 -> 106
60 -> 60
406 -> 410
4 -> 13
383 -> 416
239 -> 278
279 -> 279
175 -> 175
382 -> 383
312 -> 312
43 -> 44
302 -> 303
224 -> 278
5 -> 13
142 -> 144
145 -> 145
417 -> 417
73 -> 74
402 -> 410
331 -> 334
140 -> 140
18 -> 18
251 -> 252
65 -> 66
359 -> 359
69 -> 70
403 -> 410
123 -> 128
278 -> 279
180 -> 180
67 -> 68
357 -> 358
38 -> 38
28 -> 28
214 -> 214
389 -> 397
222 -> 222
89 -> 90
162 -> 167
86 -> 86
74 -> 108
165 -> 167
37 -> 37
291 -> 291
332 -> 334
379 -> 383
146 -> 146
167 -> 171
365 -> 375
53 -> 54
105 -> 106
314 -> 315
320 -> 320
289 -> 290
295 -> 296
272 -> 272
384 -> 384
267 -> 268
185 -> 185
248 -> 278
394 -> 397
45 -> 45
374 -> 375
225 -> 225
316 -> 316
25 -> 25
364 -> 375
183 -> 183
265 -> 265
335 -> 337
274 -> 274
59 -> 60
144 -> 171
179 -> 179
115 -> 116
26 -> 26
20 -> 21
112 -> 116
230 -> 231
342 -> 342
7 -> 13
80 -> 108
297 -> 297
32 -> 32
343 -> 344
9 -> 13
56 -> 56
10 -> 13
310 -> 310
100 -> 108
361 -> 416
350 -> 351
391 -> 397
233 -> 233
346 -> 347
23 -> 23
161 -> 167
328 -> 329
182 -> 183
48 -> 48
16 -> 17
288 -> 288
286 -> 286
