223 -> 224
364 -> 375
188 -> 188
345 -> 346
29 -> 29
25 -> 25
321 -> 321
298 -> 299
161 -> 167
265 -> 265
214 -> 214
401 -> 410
377 -> 383
187 -> 187
59 -> 60
123 -> 128
383 -> 416
221 -> 221
23 -> 23
86 -> 86
251 -> 252
116 -> 116
384 -> 384
279 -> 279
105 -> 106
281 -> 281
184 -> 184
173 -> 174
185 -> 185
79 -> 80
369 -> 375
146 -> 146
363 -> 363
323 -> 324
70 -> 70
3 -> 13
32 -> 32
406 -> 410
99 -> 100
20 -> 21
329 -> 329
165 -> 167
110 -> 110
239 -> 239
248 -> 248
375 -> 416
133 -> 133
379 -> 383
302 -> 303
366 -> 375
299 -> 301
284 -> 284
287 -> 287
82 -> 82
387 -> 397
229 -> 229
322 -> 322
180 -> 180
16 -> 17
335 -> 337
238 -> 239
112 -> 112
320 -> 320
412 -> 412
272 -> 272
297 -> 297
403 -> 410
107 -> 108
175 -> 175
388 -> 397
60 -> 108
325 -> 325
218 -> 218
359 -> 359
96 -> 96
37 -> 37
250 -> 250
111 -> 112
69 -> 70
80 -> 108
391 -> 397
45 -> 45
48 -> 48
40 -> 41
