0 -> 13
1 -> 13
2 -> 13
3 -> 13
4 -> 13
5 -> 13
6 -> 13
7 -> 13
8 -> 13
9 -> 13
10 -> 13
11 -> 13
12 -> 13
13 -> 18
14 -> 14
15 -> 15
16 -> 17
17 -> 17
18 -> 18
19 -> 19
20 -> 21
21 -> 25
22 -> 22
23 -> 23
24 -> 25
25 -> 25
26 -> 26
27 -> 27
28 -> 28
29 -> 29
30 -> 30
31 -> 31
32 -> 32
33 -> 33
34 -> 34
35 -> 36
36 -> 47
37 -> 37
38 -> 38
39 -> 41
40 -> 41
41 -> 47
42 -> 44
43 -> 44
44 -> 47
45 -> 45
46 -> 47
47 -> 48
48 -> 48
49 -> 50
50 -> 50
51 -> 52
52 -> 108
53 -> 54
54 -> 108
55 -> 56
56 -> 108
57 -> 58
58 -> 108
59 -> 60
60 -> 108
61 -> 62
62 -> 108
63 -> 64
64 -> 64
65 -> 66
66 -> 66
67 -> 68
68 -> 68
69 -> 70
70 -> 70
71 -> 72
72 -> 72
73 -> 74
74 -> 108
75 -> 76
76 -> 76
77 -> 78
78 -> 108
79 -> 80
80 -> 108
81 -> 82
82 -> 108
83 -> 84
84 -> 108
85 -> 86
86 -> 108
87 -> 88
88 -> 88
89 -> 90
90 -> 90
91 -> 92
92 -> 92
93 -> 94
94 -> 94
95 -> 96
96 -> 108
97 -> 98
98 -> 98
99 -> 100
100 -> 108
101 -> 102
102 -> 102
103 -> 104
104 -> 104
105 -> 106
106 -> 108
107 -> 108
108 -> 108
109 -> 109
110 -> 110
111 -> 112
112 -> 112
113 -> 113
114 -> 114
115 -> 116
116 -> 117
117 -> 117
118 -> 118
119 -> 119
120 -> 120
121 -> 122
122 -> 171
123 -> 128
124 -> 128
125 -> 128
126 -> 128
127 -> 128
128 -> 128
129 -> 130
130 -> 171
131 -> 132
132 -> 132
133 -> 133
134 -> 134
135 -> 135
136 -> 136
137 -> 137
138 -> 139
139 -> 139
140 -> 140
141 -> 141
142 -> 144
143 -> 144
144 -> 144
145 -> 145
146 -> 146
147 -> 147
148 -> 148
149 -> 153
150 -> 153
151 -> 153
152 -> 153
153 -> 153
154 -> 167
155 -> 167
156 -> 167
157 -> 167
158 -> 167
159 -> 167
160 -> 167
161 -> 167
162 -> 167
163 -> 167
164 -> 167
165 -> 167
166 -> 167
167 -> 171
168 -> 168
169 -> 169
170 -> 171
171 -> 172
172 -> 279
173 -> 174
174 -> 174
175 -> 175
176 -> 176
177 -> 179
178 -> 179
179 -> 278
180 -> 180
181 -> 181
182 -> 183
183 -> 278
184 -> 184
185 -> 185
186 -> 187
187 -> 187
188 -> 188
189 -> 189
190 -> 191
191 -> 278
192 -> 192
193 -> 193
194 -> 195
195 -> 278
196 -> 196
197 -> 197
198 -> 199
199 -> 278
200 -> 200
201 -> 201
202 -> 203
203 -> 278
204 -> 204
205 -> 205
206 -> 207
207 -> 207
208 -> 208
209 -> 209
210 -> 212
211 -> 212
212 -> 278
213 -> 213
214 -> 214
215 -> 216
216 -> 216
217 -> 217
218 -> 218
219 -> 220
220 -> 220
221 -> 221
222 -> 222
223 -> 224
224 -> 278
225 -> 225
226 -> 226
227 -> 228
228 -> 228
229 -> 229
230 -> 231
231 -> 231
232 -> 233
233 -> 233
234 -> 234
235 -> 237
236 -> 237
237 -> 237
238 -> 239
239 -> 239
240 -> 240
241 -> 243
242 -> 243
243 -> 278
244 -> 248
245 -> 248
246 -> 248
247 -> 248
248 -> 278
249 -> 249
250 -> 250
251 -> 252
252 -> 278
253 -> 253
254 -> 254
255 -> 256
256 -> 278
257 -> 257
258 -> 258
259 -> 260
260 -> 260
261 -> 261
262 -> 262
263 -> 264
264 -> 278
265 -> 265
266 -> 266
267 -> 268
268 -> 278
269 -> 269
270 -> 270
271 -> 272
272 -> 278
273 -> 273
274 -> 274
275 -> 276
276 -> 278
277 -> 278
278 -> 279
279 -> 285
280 -> 280
281 -> 281
282 -> 282
283 -> 284
284 -> 285
285 -> 285
286 -> 286
287 -> 287
288 -> 288
289 -> 290
290 -> 290
291 -> 291
292 -> 292
293 -> 293
294 -> 294
295 -> 296
296 -> 296
297 -> 297
298 -> 299
299 -> 301
300 -> 301
301 -> 310
302 -> 303
303 -> 309
304 -> 304
305 -> 305
306 -> 306
307 -> 307
308 -> 309
309 -> 309
310 -> 310
311 -> 311
312 -> 312
313 -> 314
314 -> 314
315 -> 315
316 -> 316
317 -> 317
318 -> 319
319 -> 319
320 -> 320
321 -> 321
322 -> 322
323 -> 324
324 -> 325
325 -> 330
326 -> 326
327 -> 327
328 -> 329
329 -> 329
330 -> 330
331 -> 334
332 -> 334
333 -> 334
334 -> 346
335 -> 337
336 -> 337
337 -> 337
338 -> 340
339 -> 340
340 -> 346
341 -> 342
342 -> 342
343 -> 344
344 -> 346
345 -> 346
346 -> 347
347 -> 347
348 -> 348
349 -> 350
350 -> 350
351 -> 351
352 -> 352
353 -> 353
354 -> 355
355 -> 355
356 -> 356
357 -> 358
358 -> 358
359 -> 359
360 -> 361
361 -> 361
362 -> 362
363 -> 363
364 -> 375
365 -> 375
366 -> 375
367 -> 375
368 -> 375
369 -> 375
370 -> 375
371 -> 375
372 -> 375
373 -> 375
374 -> 375
375 -> 416
376 -> 376
377 -> 383
378 -> 383
379 -> 383
380 -> 383
381 -> 383
382 -> 383
383 -> 416
384 -> 384
385 -> 397
386 -> 397
387 -> 397
388 -> 397
389 -> 397
390 -> 397
391 -> 397
392 -> 397
393 -> 397
394 -> 397
395 -> 397
396 -> 397
397 -> 416
398 -> 410
399 -> 410
400 -> 410
401 -> 410
402 -> 410
403 -> 410
404 -> 410
405 -> 410
406 -> 410
407 -> 410
408 -> 410
409 -> 410
410 -> 416
411 -> 412
412 -> 412
413 -> 413
414 -> 414
415 -> 415
416 -> 416
417 -> 417
418 -> 418
419 -> 419
420 -> 420
