Set Breakpoint at 6
Set Breakpoint at 13
Set Breakpoint at 81
Set Breakpoint at 73
Set Breakpoint at 125
Set Breakpoint at 37
Set Breakpoint at 93
Set Breakpoint at 90
Set Breakpoint at 118
Set Breakpoint at 28
Set Breakpoint at 98
Set Breakpoint at 23
Set Breakpoint at 59
resume
resume
stepOver
stepOver
stepOut
resume
stepOver
stepOver
stepOut
resume
stepOver
resume
stepIn
stepOut
stepOut
stepOut
stepOut
stepOut
resume
resume
stepOver
resume
stepOut
stepIn
resume
stepIn
stepIn
resume
stepOut
stepOut
resume
stepOut
stepOver
stepOver
stepOver
stepIn
stepOut
stepOver
resume
stepOut
stepOver
stepOut
resume
resume
stepOver
stepOut
resume
stepOver
stepOver
stepOver
stepIn
resume
stepIn
resume
stepOut
resume
stepOver
stepIn
stepOver
stepOver
stepIn
stepOver
stepIn
stepOut
stepOver
resume
stepOut
stepIn
resume
stepOut
stepIn
stepOut
resume
stepIn
stepOut
resume
stepOut
stepOut
stepOver
stepOver
stepIn
stepOver
resume
stepOver
stepOut
stepOut
stepIn
stepOver
stepOut
resume
stepIn
stepIn
stepIn
resume
stepIn
resume
stepOver
stepOver
stepOver
stepOut
