187 -> 192
109 -> 109
18 -> 25
36 -> 38
125 -> 128
157 -> 160
208 -> 211
192 -> 192
33 -> 35
177 -> 177
201 -> 201
122 -> 123
292 -> 293
219 -> 219
69 -> 264
50 -> 50
120 -> 264
40 -> 264
227 -> 227
74 -> 264
161 -> 163
1 -> 1
19 -> 25
205 -> 211
0 -> 1
43 -> 264
276 -> 276
160 -> 160
30 -> 30
206 -> 211
95 -> 97
225 -> 264
253 -> 254
52 -> 264
8 -> 25
271 -> 271
296 -> 296
162 -> 163
256 -> 256
222 -> 222
230 -> 264
5 -> 5
231 -> 236
24 -> 25
137 -> 138
236 -> 236
111 -> 111
154 -> 154
139 -> 264
247 -> 247
155 -> 155
4 -> 4
110 -> 111
2 -> 2
15 -> 25
131 -> 132
68 -> 264
252 -> 264
87 -> 88
269 -> 271
66 -> 66
250 -> 250
88 -> 88
168 -> 168
134 -> 135
106 -> 106
58 -> 60
223 -> 224
53 -> 264
199 -> 200
103 -> 104
93 -> 93
100 -> 101
144 -> 145
170 -> 171
217 -> 217
246 -> 247
188 -> 192
38 -> 38
214 -> 217
67 -> 67
221 -> 222
41 -> 264
295 -> 295
133 -> 264
260 -> 260
61 -> 61
291 -> 291
232 -> 236
184 -> 184
37 -> 38
104 -> 104
96 -> 97
267 -> 267
229 -> 264
284 -> 285
62 -> 62
215 -> 217
130 -> 130
240 -> 241
85 -> 85
163 -> 163
75 -> 76
272 -> 272
49 -> 50
293 -> 293
297 -> 300
60 -> 60
239 -> 239
266 -> 267
251 -> 251
190 -> 192
32 -> 32
169 -> 264
264 -> 264
128 -> 128
127 -> 128
6 -> 7
136 -> 138
148 -> 149
94 -> 94
63 -> 63
108 -> 109
197 -> 200
80 -> 80
138 -> 138
175 -> 177
145 -> 145
44 -> 264
242 -> 247
34 -> 35
142 -> 142
234 -> 236
173 -> 173
181 -> 264
83 -> 84
64 -> 64
16 -> 25
216 -> 217
288 -> 288
113 -> 114
71 -> 71
77 -> 77
10 -> 25
92 -> 92
156 -> 264
171 -> 171
51 -> 51
294 -> 294
233 -> 236
21 -> 25
198 -> 200
116 -> 264
158 -> 160
118 -> 118
174 -> 264
78 -> 264
278 -> 278
55 -> 57
289 -> 289
102 -> 264
290 -> 291
117 -> 118
59 -> 60
114 -> 114
99 -> 101
194 -> 194
235 -> 236
268 -> 268
97 -> 97
152 -> 152
149 -> 149
147 -> 264
273 -> 273
279 -> 279
98 -> 98
112 -> 264
265 -> 265
189 -> 192
282 -> 282
172 -> 173
12 -> 25
146 -> 146
28 -> 28
185 -> 264
258 -> 259
182 -> 183
124 -> 124
244 -> 247
84 -> 84
213 -> 217
140 -> 141
150 -> 150
23 -> 25
70 -> 71
17 -> 25
166 -> 167
301 -> 7
31 -> 32
91 -> 92
107 -> 264
159 -> 160
226 -> 227
143 -> 264
280 -> 282
248 -> 248
9 -> 25
22 -> 25
14 -> 25
241 -> 241
26 -> 28
179 -> 179
135 -> 135
220 -> 222
212 -> 212
151 -> 151
25 -> 25
254 -> 254
180 -> 180
207 -> 211
196 -> 196
45 -> 46
210 -> 211
13 -> 25
119 -> 119
29 -> 30
298 -> 300
237 -> 237
81 -> 81
48 -> 264
261 -> 261
259 -> 259
20 -> 25
101 -> 101
274 -> 274
243 -> 247
178 -> 178
287 -> 288
121 -> 123
89 -> 89
165 -> 264
224 -> 224
286 -> 286
257 -> 264
54 -> 57
200 -> 200
193 -> 193
123 -> 123
195 -> 195
132 -> 132
300 -> 300
186 -> 192
203 -> 211
90 -> 264
263 -> 264
73 -> 73
202 -> 202
56 -> 57
126 -> 128
255 -> 255
105 -> 106
228 -> 228
76 -> 76
238 -> 238
204 -> 211
141 -> 141
82 -> 264
176 -> 177
86 -> 264
209 -> 211
129 -> 130
211 -> 211
39 -> 264
270 -> 271
262 -> 262
167 -> 167
7 -> 7
275 -> 276
245 -> 247
35 -> 35
47 -> 47
191 -> 192
277 -> 278
153 -> 153
285 -> 285
3 -> 4
65 -> 65
249 -> 249
72 -> 73
218 -> 219
115 -> 115
281 -> 282
299 -> 300
79 -> 80
11 -> 25
183 -> 183
57 -> 57
164 -> 164
46 -> 46
42 -> 264
283 -> 285
27 -> 28
