265 -> 265
135 -> 135
283 -> 285
202 -> 202
191 -> 192
285 -> 285
218 -> 219
232 -> 236
227 -> 227
130 -> 130
273 -> 273
126 -> 128
220 -> 222
216 -> 217
86 -> 264
115 -> 115
70 -> 71
26 -> 28
146 -> 146
250 -> 250
28 -> 28
8 -> 25
242 -> 247
169 -> 264
288 -> 288
37 -> 38
87 -> 88
261 -> 261
121 -> 123
13 -> 25
54 -> 57
277 -> 278
274 -> 274
88 -> 88
93 -> 93
289 -> 289
12 -> 25
150 -> 150
2 -> 2
206 -> 211
200 -> 200
212 -> 212
257 -> 264
204 -> 211
69 -> 264
21 -> 25
153 -> 153
180 -> 180
239 -> 239
300 -> 300
293 -> 293
236 -> 236
269 -> 271
251 -> 251
11 -> 25
196 -> 196
296 -> 296
177 -> 177
120 -> 264
268 -> 268
238 -> 238
62 -> 62
90 -> 264
106 -> 106
98 -> 98
234 -> 236
56 -> 57
188 -> 192
291 -> 291
107 -> 264
159 -> 160
68 -> 264
64 -> 64
271 -> 271
278 -> 278
225 -> 264
215 -> 217
95 -> 97
143 -> 264
132 -> 132
32 -> 32
230 -> 264
211 -> 211
30 -> 30
77 -> 77
110 -> 111
172 -> 173
52 -> 264
166 -> 167
281 -> 282
142 -> 142
192 -> 192
245 -> 247
170 -> 171
82 -> 264
16 -> 25
263 -> 264
231 -> 236
133 -> 264
24 -> 25
124 -> 124
219 -> 219
163 -> 163
102 -> 264
76 -> 76
186 -> 192
241 -> 241
131 -> 132
136 -> 138
264 -> 264
10 -> 25
185 -> 264
6 -> 7
23 -> 25
128 -> 128
108 -> 109
85 -> 85
112 -> 264
235 -> 236
167 -> 167
1 -> 1
240 -> 241
171 -> 171
147 -> 264
209 -> 211
292 -> 293
92 -> 92
280 -> 282
111 -> 111
256 -> 256
179 -> 179
66 -> 66
35 -> 35
259 -> 259
74 -> 264
73 -> 73
266 -> 267
253 -> 254
3 -> 4
258 -> 259
160 -> 160
51 -> 51
9 -> 25
19 -> 25
205 -> 211
31 -> 32
27 -> 28
175 -> 177
182 -> 183
222 -> 222
178 -> 178
