130 -> 130
216 -> 217
171 -> 171
135 -> 135
259 -> 259
256 -> 256
124 -> 124
6 -> 7
182 -> 183
234 -> 236
292 -> 293
211 -> 211
205 -> 211
231 -> 236
52 -> 264
26 -> 28
131 -> 132
56 -> 57
102 -> 264
142 -> 142
296 -> 296
69 -> 264
13 -> 25
128 -> 128
179 -> 179
209 -> 211
147 -> 264
200 -> 200
178 -> 178
240 -> 241
120 -> 264
166 -> 167
159 -> 160
86 -> 264
196 -> 196
278 -> 278
271 -> 271
11 -> 25
206 -> 211
132 -> 132
274 -> 274
150 -> 150
143 -> 264
136 -> 138
261 -> 261
12 -> 25
236 -> 236
204 -> 211
66 -> 66
232 -> 236
77 -> 77
153 -> 153
8 -> 25
133 -> 264
242 -> 247
215 -> 217
172 -> 173
264 -> 264
76 -> 76
245 -> 247
218 -> 219
82 -> 264
74 -> 264
277 -> 278
28 -> 28
115 -> 115
212 -> 212
283 -> 285
93 -> 93
235 -> 236
293 -> 293
225 -> 264
35 -> 35
51 -> 51
54 -> 57
227 -> 227
90 -> 264
73 -> 73
111 -> 111
167 -> 167
175 -> 177
31 -> 32
192 -> 192
188 -> 192
37 -> 38
238 -> 238
258 -> 259
106 -> 106
10 -> 25
288 -> 288
250 -> 250
170 -> 171
257 -> 264
2 -> 2
291 -> 291
121 -> 123
222 -> 222
269 -> 271
280 -> 282
239 -> 239
169 -> 264
21 -> 25
219 -> 219
281 -> 282
62 -> 62
266 -> 267
110 -> 111
88 -> 88
27 -> 28
220 -> 222
180 -> 180
87 -> 88
112 -> 264
1 -> 1
163 -> 163
273 -> 273
241 -> 241
300 -> 300
64 -> 64
32 -> 32
95 -> 97
146 -> 146
24 -> 25
202 -> 202
177 -> 177
3 -> 4
251 -> 251
92 -> 92
98 -> 98
108 -> 109
285 -> 285
9 -> 25
191 -> 192
186 -> 192
68 -> 264
289 -> 289
107 -> 264
253 -> 254
126 -> 128
16 -> 25
230 -> 264
268 -> 268
160 -> 160
85 -> 85
185 -> 264
19 -> 25
30 -> 30
70 -> 71
263 -> 264
265 -> 265
23 -> 25
