0 -> 1
1 -> 1
2 -> 2
3 -> 4
4 -> 4
5 -> 5
6 -> 7
7 -> 7
8 -> 25
9 -> 25
10 -> 25
11 -> 25
12 -> 25
13 -> 25
14 -> 25
15 -> 25
16 -> 25
17 -> 25
18 -> 25
19 -> 25
20 -> 25
21 -> 25
22 -> 25
23 -> 25
24 -> 25
25 -> 25
26 -> 28
27 -> 28
28 -> 28
29 -> 30
30 -> 30
31 -> 32
32 -> 32
33 -> 35
34 -> 35
35 -> 35
36 -> 38
37 -> 38
38 -> 38
39 -> 264
40 -> 264
41 -> 264
42 -> 264
43 -> 264
44 -> 264
45 -> 46
46 -> 46
47 -> 47
48 -> 264
49 -> 50
50 -> 50
51 -> 51
52 -> 264
53 -> 264
54 -> 57
55 -> 57
56 -> 57
57 -> 57
58 -> 60
59 -> 60
60 -> 60
61 -> 61
62 -> 62
63 -> 63
64 -> 64
65 -> 65
66 -> 66
67 -> 67
68 -> 264
69 -> 264
70 -> 71
71 -> 71
72 -> 73
73 -> 73
74 -> 264
75 -> 76
76 -> 76
77 -> 77
78 -> 264
79 -> 80
80 -> 80
81 -> 81
82 -> 264
83 -> 84
84 -> 84
85 -> 85
86 -> 264
87 -> 88
88 -> 88
89 -> 89
90 -> 264
91 -> 92
92 -> 92
93 -> 93
94 -> 94
95 -> 97
96 -> 97
97 -> 97
98 -> 98
99 -> 101
100 -> 101
101 -> 101
102 -> 264
103 -> 104
104 -> 104
105 -> 106
106 -> 106
107 -> 264
108 -> 109
109 -> 109
110 -> 111
111 -> 111
112 -> 264
113 -> 114
114 -> 114
115 -> 115
116 -> 264
117 -> 118
118 -> 118
119 -> 119
120 -> 264
121 -> 123
122 -> 123
123 -> 123
124 -> 124
125 -> 128
126 -> 128
127 -> 128
128 -> 128
129 -> 130
130 -> 130
131 -> 132
132 -> 132
133 -> 264
134 -> 135
135 -> 135
136 -> 138
137 -> 138
138 -> 138
139 -> 264
140 -> 141
141 -> 141
142 -> 142
143 -> 264
144 -> 145
145 -> 145
146 -> 146
147 -> 264
148 -> 149
149 -> 149
150 -> 150
151 -> 151
152 -> 152
153 -> 153
154 -> 154
155 -> 155
156 -> 264
157 -> 160
158 -> 160
159 -> 160
160 -> 160
161 -> 163
162 -> 163
163 -> 163
164 -> 164
165 -> 264
166 -> 167
167 -> 167
168 -> 168
169 -> 264
170 -> 171
171 -> 171
172 -> 173
173 -> 173
174 -> 264
175 -> 177
176 -> 177
177 -> 177
178 -> 178
179 -> 179
180 -> 180
181 -> 264
182 -> 183
183 -> 183
184 -> 184
185 -> 264
186 -> 192
187 -> 192
188 -> 192
189 -> 192
190 -> 192
191 -> 192
192 -> 192
193 -> 193
194 -> 194
195 -> 195
196 -> 196
197 -> 200
198 -> 200
199 -> 200
200 -> 200
201 -> 201
202 -> 202
203 -> 211
204 -> 211
205 -> 211
206 -> 211
207 -> 211
208 -> 211
209 -> 211
210 -> 211
211 -> 211
212 -> 212
213 -> 217
214 -> 217
215 -> 217
216 -> 217
217 -> 217
218 -> 219
219 -> 219
220 -> 222
221 -> 222
222 -> 222
223 -> 224
224 -> 224
225 -> 264
226 -> 227
227 -> 227
228 -> 228
229 -> 264
230 -> 264
231 -> 236
232 -> 236
233 -> 236
234 -> 236
235 -> 236
236 -> 236
237 -> 237
238 -> 238
239 -> 239
240 -> 241
241 -> 241
242 -> 247
243 -> 247
244 -> 247
245 -> 247
246 -> 247
247 -> 247
248 -> 248
249 -> 249
250 -> 250
251 -> 251
252 -> 264
253 -> 254
254 -> 254
255 -> 255
256 -> 256
257 -> 264
258 -> 259
259 -> 259
260 -> 260
261 -> 261
262 -> 262
263 -> 264
264 -> 264
265 -> 265
266 -> 267
267 -> 267
268 -> 268
269 -> 271
270 -> 271
271 -> 271
272 -> 272
273 -> 273
274 -> 274
275 -> 276
276 -> 276
277 -> 278
278 -> 278
279 -> 279
280 -> 282
281 -> 282
282 -> 282
283 -> 285
284 -> 285
285 -> 285
286 -> 286
287 -> 288
288 -> 288
289 -> 289
290 -> 291
291 -> 291
292 -> 293
293 -> 293
294 -> 294
295 -> 295
296 -> 296
297 -> 300
298 -> 300
299 -> 300
300 -> 300
301 -> 7
