98 -> 98
286 -> 286
86 -> 264
87 -> 88
218 -> 219
196 -> 196
206 -> 211
180 -> 180
298 -> 300
117 -> 118
125 -> 128
215 -> 217
289 -> 289
210 -> 211
195 -> 195
114 -> 114
234 -> 236
5 -> 5
73 -> 73
29 -> 30
82 -> 264
28 -> 28
260 -> 260
26 -> 28
137 -> 138
154 -> 154
21 -> 25
60 -> 60
31 -> 32
155 -> 155
8 -> 25
236 -> 236
19 -> 25
2 -> 2
160 -> 160
149 -> 149
55 -> 57
52 -> 264
95 -> 97
293 -> 293
79 -> 80
208 -> 211
132 -> 132
185 -> 264
254 -> 254
290 -> 291
299 -> 300
24 -> 25
110 -> 111
220 -> 222
67 -> 67
45 -> 46
46 -> 46
248 -> 248
188 -> 192
37 -> 38
250 -> 250
89 -> 89
222 -> 222
32 -> 32
176 -> 177
122 -> 123
150 -> 150
129 -> 130
192 -> 192
11 -> 25
0 -> 1
223 -> 224
278 -> 278
70 -> 71
194 -> 194
91 -> 92
209 -> 211
288 -> 288
261 -> 261
258 -> 259
143 -> 264
233 -> 236
59 -> 60
20 -> 25
251 -> 251
123 -> 123
300 -> 300
262 -> 262
135 -> 135
274 -> 274
27 -> 28
253 -> 254
183 -> 183
205 -> 211
94 -> 94
36 -> 38
245 -> 247
173 -> 173
77 -> 77
144 -> 145
121 -> 123
228 -> 228
43 -> 264
178 -> 178
229 -> 264
219 -> 219
190 -> 192
136 -> 138
271 -> 271
295 -> 295
107 -> 264
213 -> 217
167 -> 167
247 -> 247
93 -> 93
277 -> 278
263 -> 264
255 -> 255
96 -> 97
275 -> 276
269 -> 271
296 -> 296
138 -> 138
224 -> 224
204 -> 211
54 -> 57
225 -> 264
99 -> 101
65 -> 65
171 -> 171
92 -> 92
14 -> 25
292 -> 293
30 -> 30
12 -> 25
207 -> 211
141 -> 141
4 -> 4
273 -> 273
227 -> 227
16 -> 25
174 -> 264
68 -> 264
169 -> 264
80 -> 80
241 -> 241
75 -> 76
166 -> 167
83 -> 84
58 -> 60
256 -> 256
249 -> 249
147 -> 264
63 -> 63
151 -> 151
240 -> 241
41 -> 264
1 -> 1
252 -> 264
243 -> 247
146 -> 146
281 -> 282
40 -> 264
181 -> 264
201 -> 201
189 -> 192
53 -> 264
39 -> 264
116 -> 264
69 -> 264
139 -> 264
130 -> 130
17 -> 25
47 -> 47
235 -> 236
157 -> 160
257 -> 264
212 -> 212
38 -> 38
66 -> 66
100 -> 101
3 -> 4
199 -> 200
81 -> 81
51 -> 51
84 -> 84
191 -> 192
112 -> 264
111 -> 111
276 -> 276
197 -> 200
282 -> 282
34 -> 35
239 -> 239
23 -> 25
265 -> 265
119 -> 119
272 -> 272
284 -> 285
266 -> 267
134 -> 135
106 -> 106
285 -> 285
264 -> 264
232 -> 236
203 -> 211
61 -> 61
268 -> 268
9 -> 25
105 -> 106
279 -> 279
101 -> 101
280 -> 282
15 -> 25
294 -> 294
186 -> 192
163 -> 163
202 -> 202
78 -> 264
104 -> 104
113 -> 114
193 -> 193
237 -> 237
102 -> 264
297 -> 300
85 -> 85
18 -> 25
170 -> 171
226 -> 227
131 -> 132
187 -> 192
62 -> 62
159 -> 160
56 -> 57
214 -> 217
72 -> 73
128 -> 128
221 -> 222
161 -> 163
267 -> 267
126 -> 128
162 -> 163
127 -> 128
217 -> 217
182 -> 183
238 -> 238
7 -> 7
301 -> 7
242 -> 247
22 -> 25
230 -> 264
76 -> 76
97 -> 97
270 -> 271
145 -> 145
35 -> 35
246 -> 247
177 -> 177
231 -> 236
179 -> 179
10 -> 25
259 -> 259
148 -> 149
120 -> 264
175 -> 177
49 -> 50
64 -> 64
115 -> 115
164 -> 164
48 -> 264
109 -> 109
140 -> 141
142 -> 142
90 -> 264
124 -> 124
216 -> 217
6 -> 7
42 -> 264
13 -> 25
156 -> 264
50 -> 50
103 -> 104
165 -> 264
152 -> 152
200 -> 200
211 -> 211
71 -> 71
168 -> 168
108 -> 109
25 -> 25
57 -> 57
88 -> 88
118 -> 118
283 -> 285
198 -> 200
33 -> 35
287 -> 288
74 -> 264
244 -> 247
172 -> 173
158 -> 160
153 -> 153
184 -> 184
133 -> 264
291 -> 291
44 -> 264
