76 -> 76
232 -> 236
170 -> 171
10 -> 25
239 -> 239
220 -> 222
268 -> 268
264 -> 264
230 -> 264
90 -> 264
300 -> 300
136 -> 138
186 -> 192
253 -> 254
258 -> 259
283 -> 285
142 -> 142
111 -> 111
54 -> 57
131 -> 132
124 -> 124
11 -> 25
241 -> 241
77 -> 77
24 -> 25
277 -> 278
35 -> 35
250 -> 250
291 -> 291
261 -> 261
219 -> 219
64 -> 64
66 -> 66
27 -> 28
178 -> 178
74 -> 264
231 -> 236
112 -> 264
188 -> 192
150 -> 150
172 -> 173
269 -> 271
93 -> 93
205 -> 211
196 -> 196
225 -> 264
166 -> 167
128 -> 128
98 -> 98
56 -> 57
31 -> 32
130 -> 130
87 -> 88
86 -> 264
259 -> 259
70 -> 71
3 -> 4
204 -> 211
23 -> 25
182 -> 183
192 -> 192
13 -> 25
177 -> 177
1 -> 1
110 -> 111
21 -> 25
293 -> 293
51 -> 51
133 -> 264
281 -> 282
6 -> 7
9 -> 25
285 -> 285
169 -> 264
280 -> 282
37 -> 38
28 -> 28
16 -> 25
107 -> 264
212 -> 212
215 -> 217
234 -> 236
179 -> 179
251 -> 251
8 -> 25
256 -> 256
185 -> 264
115 -> 115
132 -> 132
92 -> 92
216 -> 217
62 -> 62
180 -> 180
211 -> 211
106 -> 106
218 -> 219
242 -> 247
159 -> 160
68 -> 264
274 -> 274
153 -> 153
126 -> 128
273 -> 273
30 -> 30
147 -> 264
167 -> 167
146 -> 146
82 -> 264
121 -> 123
102 -> 264
2 -> 2
265 -> 265
143 -> 264
222 -> 222
95 -> 97
206 -> 211
32 -> 32
135 -> 135
209 -> 211
175 -> 177
108 -> 109
257 -> 264
245 -> 247
271 -> 271
191 -> 192
52 -> 264
73 -> 73
235 -> 236
292 -> 293
163 -> 163
200 -> 200
26 -> 28
88 -> 88
227 -> 227
240 -> 241
202 -> 202
289 -> 289
171 -> 171
278 -> 278
120 -> 264
238 -> 238
296 -> 296
160 -> 160
69 -> 264
85 -> 85
263 -> 264
266 -> 267
19 -> 25
236 -> 236
12 -> 25
288 -> 288
