215 -> 217
232 -> 236
209 -> 211
13 -> 25
26 -> 28
169 -> 264
266 -> 267
271 -> 271
177 -> 177
136 -> 138
242 -> 247
19 -> 25
24 -> 25
235 -> 236
133 -> 264
62 -> 62
269 -> 271
106 -> 106
188 -> 192
251 -> 251
121 -> 123
93 -> 93
130 -> 130
206 -> 211
196 -> 196
68 -> 264
160 -> 160
220 -> 222
261 -> 261
70 -> 71
281 -> 282
88 -> 88
219 -> 219
204 -> 211
205 -> 211
250 -> 250
289 -> 289
37 -> 38
90 -> 264
21 -> 25
131 -> 132
2 -> 2
263 -> 264
296 -> 296
259 -> 259
216 -> 217
238 -> 238
82 -> 264
30 -> 30
192 -> 192
167 -> 167
54 -> 57
288 -> 288
278 -> 278
143 -> 264
52 -> 264
76 -> 76
179 -> 179
11 -> 25
234 -> 236
