93 -> 93
16 -> 25
138 -> 138
109 -> 109
219 -> 219
294 -> 294
59 -> 60
210 -> 211
91 -> 92
135 -> 135
241 -> 241
199 -> 200
153 -> 153
71 -> 71
73 -> 73
251 -> 251
278 -> 278
25 -> 25
151 -> 151
114 -> 114
143 -> 264
99 -> 101
30 -> 30
254 -> 254
9 -> 25
70 -> 71
172 -> 173
273 -> 273
116 -> 264
39 -> 264
23 -> 25
6 -> 7
174 -> 264
27 -> 28
22 -> 25
132 -> 132
177 -> 177
110 -> 111
163 -> 163
232 -> 236
300 -> 300
162 -> 163
222 -> 222
152 -> 152
134 -> 135
38 -> 38
203 -> 211
168 -> 168
284 -> 285
214 -> 217
98 -> 98
258 -> 259
130 -> 130
213 -> 217
292 -> 293
218 -> 219
261 -> 261
176 -> 177
69 -> 264
123 -> 123
243 -> 247
279 -> 279
124 -> 124
51 -> 51
45 -> 46
94 -> 94
158 -> 160
298 -> 300
103 -> 104
192 -> 192
50 -> 50
221 -> 222
77 -> 77
150 -> 150
141 -> 141
296 -> 296
12 -> 25
167 -> 167
186 -> 192
128 -> 128
56 -> 57
88 -> 88
207 -> 211
290 -> 291
245 -> 247
13 -> 25
144 -> 145
246 -> 247
121 -> 123
149 -> 149
117 -> 118
252 -> 264
178 -> 178
253 -> 254
119 -> 119
212 -> 212
142 -> 142
147 -> 264
190 -> 192
86 -> 264
291 -> 291
272 -> 272
166 -> 167
237 -> 237
37 -> 38
170 -> 171
107 -> 264
126 -> 128
74 -> 264
181 -> 264
58 -> 60
164 -> 164
125 -> 128
7 -> 7
297 -> 300
65 -> 65
105 -> 106
173 -> 173
41 -> 264
14 -> 25
175 -> 177
8 -> 25
171 -> 171
46 -> 46
145 -> 145
215 -> 217
228 -> 228
240 -> 241
26 -> 28
286 -> 286
53 -> 264
224 -> 224
188 -> 192
295 -> 295
217 -> 217
36 -> 38
259 -> 259
269 -> 271
235 -> 236
156 -> 264
44 -> 264
127 -> 128
122 -> 123
169 -> 264
100 -> 101
47 -> 47
63 -> 63
64 -> 64
189 -> 192
281 -> 282
85 -> 85
104 -> 104
250 -> 250
2 -> 2
96 -> 97
34 -> 35
111 -> 111
113 -> 114
157 -> 160
236 -> 236
15 -> 25
78 -> 264
112 -> 264
0 -> 1
289 -> 289
265 -> 265
285 -> 285
83 -> 84
75 -> 76
62 -> 62
29 -> 30
18 -> 25
182 -> 183
67 -> 67
196 -> 196
57 -> 57
256 -> 256
184 -> 184
299 -> 300
89 -> 89
80 -> 80
21 -> 25
198 -> 200
202 -> 202
180 -> 180
288 -> 288
32 -> 32
233 -> 236
242 -> 247
231 -> 236
195 -> 195
3 -> 4
229 -> 264
95 -> 97
234 -> 236
82 -> 264
120 -> 264
76 -> 76
206 -> 211
10 -> 25
49 -> 50
204 -> 211
17 -> 25
268 -> 268
133 -> 264
4 -> 4
287 -> 288
24 -> 25
226 -> 227
244 -> 247
239 -> 239
264 -> 264
68 -> 264
43 -> 264
255 -> 255
154 -> 154
220 -> 222
1 -> 1
31 -> 32
193 -> 193
101 -> 101
66 -> 66
118 -> 118
209 -> 211
216 -> 217
72 -> 73
19 -> 25
270 -> 271
140 -> 141
283 -> 285
260 -> 260
129 -> 130
92 -> 92
136 -> 138
262 -> 262
271 -> 271
280 -> 282
131 -> 132
282 -> 282
84 -> 84
146 -> 146
161 -> 163
20 -> 25
277 -> 278
48 -> 264
201 -> 201
165 -> 264
35 -> 35
227 -> 227
79 -> 80
205 -> 211
52 -> 264
97 -> 97
155 -> 155
266 -> 267
11 -> 25
301 -> 7
42 -> 264
81 -> 81
191 -> 192
276 -> 276
225 -> 264
179 -> 179
108 -> 109
60 -> 60
183 -> 183
274 -> 274
55 -> 57
230 -> 264
249 -> 249
187 -> 192
90 -> 264
5 -> 5
160 -> 160
115 -> 115
106 -> 106
137 -> 138
263 -> 264
102 -> 264
54 -> 57
148 -> 149
211 -> 211
159 -> 160
200 -> 200
194 -> 194
28 -> 28
257 -> 264
248 -> 248
208 -> 211
293 -> 293
223 -> 224
139 -> 264
197 -> 200
87 -> 88
61 -> 61
275 -> 276
247 -> 247
267 -> 267
185 -> 264
40 -> 264
238 -> 238
33 -> 35
