1 -> 1
2 -> 2
3 -> 4
6 -> 7
8 -> 25
9 -> 25
10 -> 25
11 -> 25
12 -> 25
13 -> 25
16 -> 25
19 -> 25
21 -> 25
23 -> 25
24 -> 25
26 -> 28
27 -> 28
28 -> 28
30 -> 30
31 -> 32
32 -> 32
35 -> 35
37 -> 38
51 -> 51
52 -> 264
54 -> 57
56 -> 57
62 -> 62
64 -> 64
66 -> 66
68 -> 264
69 -> 264
70 -> 71
73 -> 73
74 -> 264
76 -> 76
77 -> 77
82 -> 264
85 -> 85
86 -> 264
87 -> 88
88 -> 88
90 -> 264
92 -> 92
93 -> 93
95 -> 97
98 -> 98
102 -> 264
106 -> 106
107 -> 264
108 -> 109
110 -> 111
111 -> 111
112 -> 264
115 -> 115
120 -> 264
121 -> 123
124 -> 124
126 -> 128
128 -> 128
130 -> 130
131 -> 132
132 -> 132
133 -> 264
135 -> 135
136 -> 138
142 -> 142
143 -> 264
146 -> 146
147 -> 264
150 -> 150
153 -> 153
159 -> 160
160 -> 160
163 -> 163
166 -> 167
167 -> 167
169 -> 264
170 -> 171
171 -> 171
172 -> 173
175 -> 177
177 -> 177
178 -> 178
179 -> 179
180 -> 180
182 -> 183
185 -> 264
186 -> 192
188 -> 192
191 -> 192
192 -> 192
196 -> 196
200 -> 200
202 -> 202
204 -> 211
205 -> 211
206 -> 211
209 -> 211
211 -> 211
212 -> 212
215 -> 217
216 -> 217
218 -> 219
219 -> 219
220 -> 222
222 -> 222
225 -> 264
227 -> 227
230 -> 264
231 -> 236
232 -> 236
234 -> 236
235 -> 236
236 -> 236
238 -> 238
239 -> 239
240 -> 241
241 -> 241
242 -> 247
245 -> 247
250 -> 250
251 -> 251
253 -> 254
256 -> 256
257 -> 264
258 -> 259
259 -> 259
261 -> 261
263 -> 264
264 -> 264
265 -> 265
266 -> 267
268 -> 268
269 -> 271
271 -> 271
273 -> 273
274 -> 274
277 -> 278
278 -> 278
280 -> 282
281 -> 282
283 -> 285
285 -> 285
288 -> 288
289 -> 289
291 -> 291
292 -> 293
293 -> 293
296 -> 296
300 -> 300
